#
# A fatal error has been detected by the Java Runtime Environment:
#
#  SIGSEGV (0xb) at pc=0x00007ffc9605ef7e, pid=8466, tid=140722827499264
#
# JRE version: Java(TM) SE Runtime Environment (8.0_20-b17) (build 1.8.0_20-ea-b17)
# Java VM: Java HotSpot(TM) 64-Bit Server VM (25.20-b17 mixed mode linux-amd64 compressed oops)
# Problematic frame:
# C  [ld-linux-x86-64.so.2+0x9f7e]
#
# Failed to write core dump. Core dumps have been disabled. To enable core dumping, try "ulimit -c unlimited" before starting Java again
#
# If you would like to submit a bug report, please visit:
#   http://bugreport.sun.com/bugreport/crash.jsp
# The crash happened outside the Java Virtual Machine in native code.
# See problematic frame for where to report the bug.
#

---------------  T H R E A D  ---------------

Current thread (0x00007ffc9000d000):  JavaThread "main" [_thread_in_native, id=8471, stack(0x00007ffc96151000,0x00007ffc96252000)]

siginfo: si_signo: 11 (SIGSEGV), si_code: 1 (SEGV_MAPERR), si_addr: 0x0000000000000068

Registers:
RAX=0x0000000000000040, RBX=0x000000004c8d3d65, RCX=0x0000000000000025, RDX=0x00000000000003f3
RSP=0x00007ffc9624ea30, RBP=0x0000000000000002, RSI=0x00007ffc95659d28, RDI=0x00007ffc962559e8
R8 =0x00000000013234f5, R9 =0x00007ffc9624ea70, R10=0x0000000006020400, R11=0x00007ffc9624eb70
R12=0x0000000000000003, R13=0x00007ffbcc1f2750, R14=0x0000000000000000, R15=0x0000000000000025
RIP=0x00007ffc9605ef7e, EFLAGS=0x0000000000010202, CSGSFS=0x0000000000000033, ERR=0x0000000000000004
  TRAPNO=0x000000000000000e

Top of Stack: (sp=0x00007ffc9624ea30)
0x00007ffc9624ea30:   00007ffc9624eba0 00007ffc94d36f75
0x00007ffc9624ea40:   00007ffc00000002 00007ffc9624eb80
0x00007ffc9624ea50:   00007ffc9624ec10 00007ffc9624ede0
0x00007ffc9624ea60:   00007ffc7faad960 0151dfec0000000c
0x00007ffc9624ea70:   0000000000000000 0000000000000000
0x00007ffc9624ea80:   00007ffc962559e8 00007ffc904df550
0x00007ffc9624ea90:   00007ffc95666d78 0000000000000000
0x00007ffc9624eaa0:   0000000200000000 0000000000000000
0x00007ffc9624eab0:   00007ffc9000d000 00007ffc9624ec60
0x00007ffc9624eac0:   00007ffc9624ec10 0000000000000000
0x00007ffc9624ead0:   0000000000000000 00007ffbcc1f1878
0x00007ffc9624eae0:   00007ffbcc1f14f0 00007ffc9605f991
0x00007ffc9624eaf0:   0000000000000000 0000000000000000
0x00007ffc9624eb00:   0000002300000002 0000000000000000
0x00007ffc9624eb10:   00007ffc00000000 00007ffbcc1f14f0
0x00007ffc9624eb20:   00007ffc9624eb90 00007ffc94e8d447
0x00007ffc9624eb30:   00007ffc9000a518 00007ffc9000a510
0x00007ffc9624eb40:   00007ffc7d2db440 00007ffbcc1f1878
0x00007ffc9624eb50:   00007ffc9624eb80 00007ffc9624eb70
0x00007ffc9624eb60:   000000004c8d3d65 00007ffc904df550
0x00007ffc9624eb70:   00000000ffffffff 00007ffc9000a5d0
0x00007ffc9624eb80:   0000000000000000 0000000000000000
0x00007ffc9624eb90:   00007ffc9000a470 00007ffc9000d000
0x00007ffc9624eba0:   00007ffc9624ed30 00007ffc94d7d467
0x00007ffc9624ebb0:   000000b19624f910 00007ffc9624f380
0x00007ffc9624ebc0:   00007ffc9624ec10 00007ffc9624ec90
0x00007ffc9624ebd0:   00007ffc9624ed60 00007ffc9624ede0
0x00007ffc9624ebe0:   00007ffc9000d1e8 00000000013894b0
0x00007ffc9624ebf0:   00007ffc96277cc0 00007ffc904df550
0x00007ffc9624ec00:   0000000000000000 00007ffbcc1f14f0
0x00007ffc9624ec10:   00007ffc9624ecf0 00007ffc9578cf56
0x00007ffc9624ec20:   0000000600000002 0000000000000000 

Instructions: (pc=0x00007ffc9605ef7e)
0x00007ffc9605ef5e:   06 41 83 e7 3f 0f 1f 44 00 00 49 8b 44 ed 00 c7
0x00007ffc9605ef6e:   44 24 70 00 00 00 00 48 c7 44 24 40 00 00 00 00
0x00007ffc9605ef7e:   48 8b 78 28 4c 39 f7 48 89 7c 24 50 0f 84 f0 00
0x00007ffc9605ef8e:   00 00 f6 44 24 7c 02 74 0d f6 87 14 03 00 00 03 

Register to memory mapping:

RAX=0x0000000000000040 is an unknown value
RBX=0x000000004c8d3d65 is an unknown value
RCX=0x0000000000000025 is an unknown value
RDX=0x00000000000003f3 is an unknown value
RSP=0x00007ffc9624ea30 is pointing into the stack for thread: 0x00007ffc9000d000
RBP=0x0000000000000002 is an unknown value
RSI=0x00007ffc95659d28: <offset 0x3d28> in /lib/x86_64-linux-gnu/libc.so.6 at 0x00007ffc95656000
RDI=0x00007ffc962559e8 is an unknown value
R8 =0x00000000013234f5 is an unknown value
R9 =0x00007ffc9624ea70 is pointing into the stack for thread: 0x00007ffc9000d000
R10=0x0000000006020400 is an unknown value
R11=0x00007ffc9624eb70 is pointing into the stack for thread: 0x00007ffc9000d000
R12=0x0000000000000003 is an unknown value
R13=0x00007ffbcc1f2750 is an unknown value
R14=0x0000000000000000 is an unknown value
R15=0x0000000000000025 is an unknown value


Stack: [0x00007ffc96151000,0x00007ffc96252000],  sp=0x00007ffc9624ea30,  free space=1014k
Native frames: (J=compiled Java code, j=interpreted, Vv=VM code, C=native code)
C  [ld-linux-x86-64.so.2+0x9f7e]

Java frames: (J=compiled Java code, j=interpreted, Vv=VM code)
j  java.lang.ClassLoader$NativeLibrary.unload(Ljava/lang/String;Z)V+0
j  java.lang.ClassLoader$NativeLibrary.finalize()V+87
v  ~StubRoutines::call_stub
J 1094  sun.reflect.NativeMethodAccessorImpl.invoke0(Ljava/lang/reflect/Method;Ljava/lang/Object;[Ljava/lang/Object;)Ljava/lang/Object; (0 bytes) @ 0x00007ffc7fe90b77 [0x00007ffc7fe90b00+0x77]
J 1093 C1 sun.reflect.NativeMethodAccessorImpl.invoke(Ljava/lang/Object;[Ljava/lang/Object;)Ljava/lang/Object; (104 bytes) @ 0x00007ffc7fe921cc [0x00007ffc7fe90fc0+0x120c]
J 6297 C2 java.lang.reflect.Method.invoke(Ljava/lang/Object;[Ljava/lang/Object;)Ljava/lang/Object; (62 bytes) @ 0x00007ffc80f2ed20 [0x00007ffc80f2ec60+0xc0]
j  com.inductiveautomation.ignition.gateway.bootstrap.SRFilter.destroy()V+89
j  org.apache.catalina.core.ApplicationFilterConfig.release()V+61
j  org.apache.catalina.core.StandardContext.filterStop()Z+124
j  org.apache.catalina.core.StandardContext.stop()V+142
j  org.apache.catalina.core.ContainerBase.removeChild(Lorg/apache/catalina/Container;)V+90
j  org.apache.catalina.startup.HostConfig.undeployApps()V+77
j  org.apache.catalina.startup.HostConfig.stop()V+28
j  org.apache.catalina.startup.HostConfig.lifecycleEvent(Lorg/apache/catalina/LifecycleEvent;)V+151
J 6906 C1 org.apache.catalina.util.LifecycleSupport.fireLifecycleEvent(Ljava/lang/String;Ljava/lang/Object;)V (190 bytes) @ 0x00007ffc80031d0c [0x00007ffc80031220+0xaec]
j  org.apache.catalina.core.ContainerBase.stop()V+60
j  org.apache.catalina.core.ContainerBase.stop()V+118
j  org.apache.catalina.core.StandardEngine.stop()V+1
j  org.apache.catalina.core.StandardService.stop()V+177
j  org.apache.catalina.core.StandardServer.stop()V+65
j  org.apache.catalina.startup.Catalina.stop()V+58
j  org.apache.catalina.startup.Catalina.start()V+198
v  ~StubRoutines::call_stub
j  sun.reflect.NativeMethodAccessorImpl.invoke0(Ljava/lang/reflect/Method;Ljava/lang/Object;[Ljava/lang/Object;)Ljava/lang/Object;+0
j  sun.reflect.NativeMethodAccessorImpl.invoke(Ljava/lang/Object;[Ljava/lang/Object;)Ljava/lang/Object;+100
J 499 C1 sun.reflect.DelegatingMethodAccessorImpl.invoke(Ljava/lang/Object;[Ljava/lang/Object;)Ljava/lang/Object; (10 bytes) @ 0x00007ffc7fca596c [0x00007ffc7fca5840+0x12c]
J 498 C1 java.lang.reflect.Method.invoke(Ljava/lang/Object;[Ljava/lang/Object;)Ljava/lang/Object; (62 bytes) @ 0x00007ffc7fca6144 [0x00007ffc7fca5d20+0x424]
j  org.apache.catalina.startup.Bootstrap.start()V+37
j  org.apache.catalina.startup.Bootstrap.main([Ljava/lang/String;)V+131
v  ~StubRoutines::call_stub

---------------  P R O C E S S  ---------------

Java Threads: ( => current thread )
  0x00007ffc904e0800 JavaThread "pool-1-thread-3" [_thread_blocked, id=8635, stack(0x00007ffb971f8000,0x00007ffb972f9000)]
  0x00007ffc904d4000 JavaThread "Thread-23" daemon [_thread_blocked, id=8634, stack(0x00007ffbf8ca6000,0x00007ffbf8da7000)]
  0x00007ffbf0001800 JavaThread "http-8088-2" daemon [_thread_blocked, id=8631, stack(0x00007ffc530fa000,0x00007ffc531fb000)]
  0x00007ffbcce2a000 JavaThread "ClockDriftDetector" daemon [_thread_blocked, id=8560, stack(0x00007ffb964ed000,0x00007ffb965ee000)]
  0x00007ffbcce27800 JavaThread "PyLib_ScriptWatcher" daemon [_thread_blocked, id=8559, stack(0x00007ffb965ee000,0x00007ffb966ef000)]
  0x00007ffb7000a000 JavaThread "pool-2-thread-3" [_thread_blocked, id=8558, stack(0x00007ffb966ef000,0x00007ffb967f0000)]
  0x00007ffb78016800 JavaThread "pool-1-thread-2" [_thread_blocked, id=8557, stack(0x00007ffb967f0000,0x00007ffb968f1000)]
  0x00007ffbcce1a800 JavaThread "PyFile_ChangeNotifier" daemon [_thread_blocked, id=8556, stack(0x00007ffb968f1000,0x00007ffb969f2000)]
  0x00007ffbccd6d800 JavaThread "Thread-18" daemon [_thread_in_native, id=8555, stack(0x00007ffb969f2000,0x00007ffb96af3000)]
  0x00007ffb70004800 JavaThread "pool-2-thread-2" [_thread_blocked, id=8554, stack(0x00007ffb96af3000,0x00007ffb96bf4000)]
  0x00007ffb70005800 JavaThread "pool-2-thread-1" [_thread_blocked, id=8553, stack(0x00007ffb96bf4000,0x00007ffb96cf5000)]
  0x00007ffb78005800 JavaThread "pool-1-thread-1" [_thread_blocked, id=8552, stack(0x00007ffb96ef5000,0x00007ffb96ff6000)]
  0x00007ffbf0004800 JavaThread "http-8088-1" daemon [_thread_blocked, id=8530, stack(0x00007ffbf93b6000,0x00007ffbf94b7000)]
  0x00007ffc9049e800 JavaThread "TP-Monitor" daemon [_thread_blocked, id=8513, stack(0x00007ffbfb39d000,0x00007ffbfb49e000)]
  0x00007ffc9049d000 JavaThread "TP-Processor4" daemon [_thread_blocked, id=8512, stack(0x00007ffbfb49e000,0x00007ffbfb59f000)]
  0x00007ffc90493800 JavaThread "TP-Processor3" daemon [_thread_blocked, id=8511, stack(0x00007ffbfb59f000,0x00007ffbfb6a0000)]
  0x00007ffc90493000 JavaThread "TP-Processor2" daemon [_thread_blocked, id=8510, stack(0x00007ffbfb6a0000,0x00007ffbfb7a1000)]
  0x00007ffc9049c000 JavaThread "TP-Processor1" daemon [_thread_blocked, id=8509, stack(0x00007ffbfb7a1000,0x00007ffbfb8a2000)]
  0x00007ffc90463000 JavaThread "http-8088-Acceptor-0" daemon [_thread_blocked, id=8508, stack(0x00007ffbfb8a2000,0x00007ffbfb9a3000)]
  0x00007ffc90402000 JavaThread "GC Daemon" daemon [_thread_blocked, id=8506, stack(0x00007ffc50049000,0x00007ffc5014a000)]
  0x00007ffc903ce800 JavaThread "Abandoned connection cleanup thread" daemon [_thread_blocked, id=8505, stack(0x00007ffc51824000,0x00007ffc51925000)]
  0x00007ffc10008000 JavaThread "RMI Scheduler(0)" daemon [_thread_blocked, id=8500, stack(0x00007ffc51b27000,0x00007ffc51c28000)]
  0x00007ffc901ae800 JavaThread "RMI TCP Accept-0" daemon [_thread_in_native, id=8496, stack(0x00007ffc5208e000,0x00007ffc5218f000)]
  0x00007ffc901a5000 JavaThread "RMI TCP Accept-1099" daemon [_thread_in_native, id=8495, stack(0x00007ffc5218f000,0x00007ffc52290000)]
  0x00007ffc90194000 JavaThread "RMI TCP Accept-0" daemon [_thread_in_native, id=8494, stack(0x00007ffc52290000,0x00007ffc52391000)]
  0x00007ffc900dc800 JavaThread "Service Thread" daemon [_thread_blocked, id=8493, stack(0x00007ffc529f3000,0x00007ffc52af4000)]
  0x00007ffc900cf800 JavaThread "C1 CompilerThread3" daemon [_thread_blocked, id=8492, stack(0x00007ffc52af4000,0x00007ffc52bf5000)]
  0x00007ffc900cd000 JavaThread "C2 CompilerThread2" daemon [_thread_in_native, id=8491, stack(0x00007ffc52bf5000,0x00007ffc52cf6000)]
  0x00007ffc900cb800 JavaThread "C2 CompilerThread1" daemon [_thread_in_native, id=8490, stack(0x00007ffc52cf6000,0x00007ffc52df7000)]
  0x00007ffc900c8800 JavaThread "C2 CompilerThread0" daemon [_thread_blocked, id=8489, stack(0x00007ffc52df7000,0x00007ffc52ef8000)]
  0x00007ffc900c6800 JavaThread "JDWP Event Helper Thread" daemon [_thread_blocked, id=8486, stack(0x00007ffc52ff9000,0x00007ffc530fa000)]
  0x00007ffc900b6000 JavaThread "Signal Dispatcher" daemon [_thread_blocked, id=8483, stack(0x00007ffc533ff000,0x00007ffc53500000)]
  0x00007ffc90087800 JavaThread "Finalizer" daemon [_thread_blocked, id=8482, stack(0x00007ffc53500000,0x00007ffc53601000)]
  0x00007ffc90085800 JavaThread "Reference Handler" daemon [_thread_blocked, id=8481, stack(0x00007ffc53601000,0x00007ffc53702000)]
=>0x00007ffc9000d000 JavaThread "main" [_thread_in_native, id=8471, stack(0x00007ffc96151000,0x00007ffc96252000)]

Other Threads:
  0x00007ffc9007e800 VMThread [stack: 0x00007ffc53702000,0x00007ffc53803000] [id=8480]
  0x00007ffc901b8800 WatcherThread [stack: 0x00007ffc51f8d000,0x00007ffc5208e000] [id=8497]

VM state:not at safepoint (normal execution)

VM Mutex/Monitor currently owned by a thread: None

Heap:
 PSYoungGen      total 445952K, used 218422K [0x000000076ce00000, 0x000000078a400000, 0x00000007c0000000)
  eden space 429568K, 50% used [0x000000076ce00000,0x000000077a34daa0,0x0000000787180000)
  from space 16384K, 0% used [0x0000000789400000,0x0000000789400000,0x000000078a400000)
  to   space 19968K, 0% used [0x0000000787d00000,0x0000000787d00000,0x0000000789080000)
 ParOldGen       total 228352K, used 40292K [0x00000006c6a00000, 0x00000006d4900000, 0x000000076ce00000)
  object space 228352K, 17% used [0x00000006c6a00000,0x00000006c9159258,0x00000006d4900000)
 Metaspace       used 58155K, capacity 59390K, committed 59648K, reserved 1099776K
  class space    used 8299K, capacity 8590K, committed 8704K, reserved 1048576K

Card table byte_map: [0x00007ffc7eedb000,0x00007ffc7f6a7000] byte_map_base: 0x00007ffc7b8a6000

Marking Bits: (ParMarkBitMap*) 0x00007ffc9562bc20
 Begin Bits: [0x00007ffc54350000, 0x00007ffc581a8000)
 End Bits:   [0x00007ffc581a8000, 0x00007ffc5c000000)

Polling page: 0x00007ffc96274000

CodeCache: size=245760Kb used=22578Kb max_used=22794Kb free=223181Kb
 bounds [0x00007ffc7fa67000, 0x00007ffc810d7000, 0x00007ffc8ea67000]
 total_blobs=6420 nmethods=5816 adapters=524
 compilation: enabled

Compilation events (10 events):
Event: 151.224 Thread 0x00007ffc900cf800 7080       3       java.io.ObjectOutputStream$HandleTable::<init> (45 bytes)
Event: 151.225 Thread 0x00007ffc900cf800 nmethod 7080 0x00007ffc7fbef350 code [0x00007ffc7fbef500, 0x00007ffc7fbef9d8]
Event: 151.226 Thread 0x00007ffc900cf800 7077       3       org.apache.tomcat.util.log.SystemLogHandler::findStream (49 bytes)
Event: 151.227 Thread 0x00007ffc900c8800 nmethod 7075% 0x00007ffc7fce4050 code [0x00007ffc7fce41e0, 0x00007ffc7fce4578]
Event: 151.227 Thread 0x00007ffc900cf800 nmethod 7077 0x00007ffc80c34cd0 code [0x00007ffc80c34ee0, 0x00007ffc80c35d98]
Event: 151.227 Thread 0x00007ffc900cf800 7078       1       org.apache.log4j.spi.LoggingEvent::getLoggerName (5 bytes)
Event: 151.227 Thread 0x00007ffc900cf800 nmethod 7078 0x00007ffc810b57d0 code [0x00007ffc810b5920, 0x00007ffc810b5a30]
Event: 151.227 Thread 0x00007ffc900cf800 7081       3       java.util.jar.Attributes::putValue (17 bytes)
Event: 151.228 Thread 0x00007ffc900cf800 nmethod 7081 0x00007ffc7ff221d0 code [0x00007ffc7ff22360, 0x00007ffc7ff22778]
Event: 151.229 Thread 0x00007ffc900cb800 7082       4       java.io.ObjectOutputStream$BlockDataOutputStream::drain (45 bytes)

GC Heap History (10 events):
Event: 5.010 GC heap before
{Heap before GC invocations=7 (full 1):
 PSYoungGen      total 267264K, used 86574K [0x000000076ce00000, 0x0000000781a00000, 0x00000007c0000000)
  eden space 257024K, 31% used [0x000000076ce00000,0x0000000771cb3e98,0x000000077c900000)
  from space 10240K, 58% used [0x000000077c900000,0x000000077ced7aa0,0x000000077d300000)
  to   space 14848K, 0% used [0x0000000780b80000,0x0000000780b80000,0x0000000781a00000)
 ParOldGen       total 105472K, used 12772K [0x00000006c6a00000, 0x00000006cd100000, 0x000000076ce00000)
  object space 105472K, 12% used [0x00000006c6a00000,0x00000006c7679250,0x00000006cd100000)
 Metaspace       used 34718K, capacity 35096K, committed 35320K, reserved 1079296K
  class space    used 4542K, capacity 4669K, committed 4736K, reserved 1048576K
Event: 5.021 GC heap after
Heap after GC invocations=7 (full 1):
 PSYoungGen      total 324096K, used 13166K [0x000000076ce00000, 0x0000000786f00000, 0x00000007c0000000)
  eden space 309248K, 0% used [0x000000076ce00000,0x000000076ce00000,0x000000077fc00000)
  from space 14848K, 88% used [0x0000000780b80000,0x000000078185bab8,0x0000000781a00000)
  to   space 15872K, 0% used [0x000000077fc00000,0x000000077fc00000,0x0000000780b80000)
 ParOldGen       total 105472K, used 12780K [0x00000006c6a00000, 0x00000006cd100000, 0x000000076ce00000)
  object space 105472K, 12% used [0x00000006c6a00000,0x00000006c767b250,0x00000006cd100000)
 Metaspace       used 34718K, capacity 35096K, committed 35320K, reserved 1079296K
  class space    used 4542K, capacity 4669K, committed 4736K, reserved 1048576K
}
Event: 5.022 GC heap before
{Heap before GC invocations=8 (full 2):
 PSYoungGen      total 324096K, used 13166K [0x000000076ce00000, 0x0000000786f00000, 0x00000007c0000000)
  eden space 309248K, 0% used [0x000000076ce00000,0x000000076ce00000,0x000000077fc00000)
  from space 14848K, 88% used [0x0000000780b80000,0x000000078185bab8,0x0000000781a00000)
  to   space 15872K, 0% used [0x000000077fc00000,0x000000077fc00000,0x0000000780b80000)
 ParOldGen       total 105472K, used 12780K [0x00000006c6a00000, 0x00000006cd100000, 0x000000076ce00000)
  object space 105472K, 12% used [0x00000006c6a00000,0x00000006c767b250,0x00000006cd100000)
 Metaspace       used 34718K, capacity 35096K, committed 35320K, reserved 1079296K
  class space    used 4542K, capacity 4669K, committed 4736K, reserved 1048576K
Event: 5.089 GC heap after
Heap after GC invocations=8 (full 2):
 PSYoungGen      total 324096K, used 0K [0x000000076ce00000, 0x0000000786f00000, 0x00000007c0000000)
  eden space 309248K, 0% used [0x000000076ce00000,0x000000076ce00000,0x000000077fc00000)
  from space 14848K, 0% used [0x0000000780b80000,0x0000000780b80000,0x0000000781a00000)
  to   space 15872K, 0% used [0x000000077fc00000,0x000000077fc00000,0x0000000780b80000)
 ParOldGen       total 162304K, used 23678K [0x00000006c6a00000, 0x00000006d0880000, 0x000000076ce00000)
  object space 162304K, 14% used [0x00000006c6a00000,0x00000006c811f900,0x00000006d0880000)
 Metaspace       used 34718K, capacity 35096K, committed 35320K, reserved 1079296K
  class space    used 4542K, capacity 4669K, committed 4736K, reserved 1048576K
}
Event: 7.207 GC heap before
{Heap before GC invocations=9 (full 2):
 PSYoungGen      total 324096K, used 309248K [0x000000076ce00000, 0x0000000786f00000, 0x00000007c0000000)
  eden space 309248K, 100% used [0x000000076ce00000,0x000000077fc00000,0x000000077fc00000)
  from space 14848K, 0% used [0x0000000780b80000,0x0000000780b80000,0x0000000781a00000)
  to   space 15872K, 0% used [0x000000077fc00000,0x000000077fc00000,0x0000000780b80000)
 ParOldGen       total 162304K, used 23678K [0x00000006c6a00000, 0x00000006d0880000, 0x000000076ce00000)
  object space 162304K, 14% used [0x00000006c6a00000,0x00000006c811f900,0x00000006d0880000)
 Metaspace       used 46371K, capacity 47176K, committed 47360K, reserved 1089536K
  class space    used 6913K, capacity 7105K, committed 7168K, reserved 1048576K
Event: 7.223 GC heap after
Heap after GC invocations=9 (full 2):
 PSYoungGen      total 325120K, used 13219K [0x000000076ce00000, 0x000000078a400000, 0x00000007c0000000)
  eden space 309248K, 0% used [0x000000076ce00000,0x000000076ce00000,0x000000077fc00000)
  from space 15872K, 83% used [0x000000077fc00000,0x00000007808e8f88,0x0000000780b80000)
  to   space 16384K, 0% used [0x0000000789400000,0x0000000789400000,0x000000078a400000)
 ParOldGen       total 162304K, used 23686K [0x00000006c6a00000, 0x00000006d0880000, 0x000000076ce00000)
  object space 162304K, 14% used [0x00000006c6a00000,0x00000006c8121900,0x00000006d0880000)
 Metaspace       used 46371K, capacity 47176K, committed 47360K, reserved 1089536K
  class space    used 6913K, capacity 7105K, committed 7168K, reserved 1048576K
}
Event: 18.679 GC heap before
{Heap before GC invocations=10 (full 2):
 PSYoungGen      total 325120K, used 301096K [0x000000076ce00000, 0x000000078a400000, 0x00000007c0000000)
  eden space 309248K, 93% used [0x000000076ce00000,0x000000077e721380,0x000000077fc00000)
  from space 15872K, 83% used [0x000000077fc00000,0x00000007808e8f88,0x0000000780b80000)
  to   space 16384K, 0% used [0x0000000789400000,0x0000000789400000,0x000000078a400000)
 ParOldGen       total 162304K, used 23686K [0x00000006c6a00000, 0x00000006d0880000, 0x000000076ce00000)
  object space 162304K, 14% used [0x00000006c6a00000,0x00000006c8121900,0x00000006d0880000)
 Metaspace       used 57221K, capacity 58412K, committed 58496K, reserved 1099776K
  class space    used 8217K, capacity 8493K, committed 8576K, reserved 1048576K
Event: 18.699 GC heap after
Heap after GC invocations=10 (full 2):
 PSYoungGen      total 445952K, used 16378K [0x000000076ce00000, 0x000000078a400000, 0x00000007c0000000)
  eden space 429568K, 0% used [0x000000076ce00000,0x000000076ce00000,0x0000000787180000)
  from space 16384K, 99% used [0x0000000789400000,0x000000078a3feab0,0x000000078a400000)
  to   space 19968K, 0% used [0x0000000787d00000,0x0000000787d00000,0x0000000789080000)
 ParOldGen       total 162304K, used 28297K [0x00000006c6a00000, 0x00000006d0880000, 0x000000076ce00000)
  object space 162304K, 17% used [0x00000006c6a00000,0x00000006c85a2620,0x00000006d0880000)
 Metaspace       used 57221K, capacity 58412K, committed 58496K, reserved 1099776K
  class space    used 8217K, capacity 8493K, committed 8576K, reserved 1048576K
}
Event: 18.699 GC heap before
{Heap before GC invocations=11 (full 3):
 PSYoungGen      total 445952K, used 16378K [0x000000076ce00000, 0x000000078a400000, 0x00000007c0000000)
  eden space 429568K, 0% used [0x000000076ce00000,0x000000076ce00000,0x0000000787180000)
  from space 16384K, 99% used [0x0000000789400000,0x000000078a3feab0,0x000000078a400000)
  to   space 19968K, 0% used [0x0000000787d00000,0x0000000787d00000,0x0000000789080000)
 ParOldGen       total 162304K, used 28297K [0x00000006c6a00000, 0x00000006d0880000, 0x000000076ce00000)
  object space 162304K, 17% used [0x00000006c6a00000,0x00000006c85a2620,0x00000006d0880000)
 Metaspace       used 57221K, capacity 58412K, committed 58496K, reserved 1099776K
  class space    used 8217K, capacity 8493K, committed 8576K, reserved 1048576K
Event: 18.887 GC heap after
Heap after GC invocations=11 (full 3):
 PSYoungGen      total 445952K, used 0K [0x000000076ce00000, 0x000000078a400000, 0x00000007c0000000)
  eden space 429568K, 0% used [0x000000076ce00000,0x000000076ce00000,0x0000000787180000)
  from space 16384K, 0% used [0x0000000789400000,0x0000000789400000,0x000000078a400000)
  to   space 19968K, 0% used [0x0000000787d00000,0x0000000787d00000,0x0000000789080000)
 ParOldGen       total 228352K, used 40292K [0x00000006c6a00000, 0x00000006d4900000, 0x000000076ce00000)
  object space 228352K, 17% used [0x00000006c6a00000,0x00000006c9159258,0x00000006d4900000)
 Metaspace       used 57161K, capacity 58328K, committed 58496K, reserved 1099776K
  class space    used 8216K, capacity 8489K, committed 8576K, reserved 1048576K
}

Deoptimization events (10 events):
Event: 151.112 Thread 0x00007ffc9000d000 Uncommon trap: reason=class_check action=maybe_recompile pc=0x00007ffc806f3490 method=org.hsqldb.index.IndexAVL.unlinkNodes(Lorg/hsqldb/index/NodeAVL;)V @ 4
Event: 151.112 Thread 0x00007ffc9000d000 Uncommon trap: reason=unreached action=reinterpret pc=0x00007ffc805a1480 method=org.hsqldb.store.BaseHashMap.clearElementArrays(II)V @ 185
Event: 151.114 Thread 0x00007ffbcc968000 Uncommon trap: reason=unreached action=reinterpret pc=0x00007ffc81094678 method=org.hsqldb.lib.HsqlTimer$TaskQueue.peekTask()Lorg/hsqldb/lib/HsqlTimer$Task; @ 6
Event: 151.224 Thread 0x00007ffc9000d000 Uncommon trap: reason=bimorphic action=maybe_recompile pc=0x00007ffc80c4944c method=java.io.ObjectOutputStream$BlockDataOutputStream.drain()V @ 36
Event: 151.224 Thread 0x00007ffc9000d000 Uncommon trap: reason=bimorphic action=maybe_recompile pc=0x00007ffc80c4944c method=java.io.ObjectOutputStream$BlockDataOutputStream.drain()V @ 36
Event: 151.224 Thread 0x00007ffc9000d000 Uncommon trap: reason=class_check action=maybe_recompile pc=0x00007ffc80d7bcc4 method=java.io.ObjectOutputStream$BlockDataOutputStream.write([BIIZ)V @ 23
Event: 151.225 Thread 0x00007ffc9000d000 Uncommon trap: reason=class_check action=maybe_recompile pc=0x00007ffc80d71fa8 method=java.io.ObjectOutputStream$BlockDataOutputStream.write([BIIZ)V @ 23
Event: 151.226 Thread 0x00007ffc9000d000 Uncommon trap: reason=class_check action=maybe_recompile pc=0x00007ffc80d71fa8 method=java.io.ObjectOutputStream$BlockDataOutputStream.write([BIIZ)V @ 23
Event: 151.227 Thread 0x00007ffc9000d000 Uncommon trap: reason=class_check action=maybe_recompile pc=0x00007ffc80d7bcc4 method=java.io.ObjectOutputStream$BlockDataOutputStream.write([BIIZ)V @ 23
Event: 151.229 Thread 0x00007ffc9000d000 Uncommon trap: reason=class_check action=maybe_recompile pc=0x00007ffc80d71fa8 method=java.io.ObjectOutputStream$BlockDataOutputStream.write([BIIZ)V @ 23

Internal exceptions (10 events):
Event: 151.103 Thread 0x00007ffc9000d000 Exception <a 'java/security/PrivilegedActionException'> (0x000000077847cff8) thrown at [/HUDSON/workspace/8-2-build-linux-amd64/jdk8u20/526.nc/hotspot/src/share/vm/prims/jvm.cpp, line 1258]
Event: 151.104 Thread 0x00007ffc9000d000 Exception <a 'java/security/PrivilegedActionException'> (0x000000077848f390) thrown at [/HUDSON/workspace/8-2-build-linux-amd64/jdk8u20/526.nc/hotspot/src/share/vm/prims/jvm.cpp, line 1258]
Event: 151.104 Thread 0x00007ffc9000d000 Exception <a 'java/security/PrivilegedActionException'> (0x000000077848ff30) thrown at [/HUDSON/workspace/8-2-build-linux-amd64/jdk8u20/526.nc/hotspot/src/share/vm/prims/jvm.cpp, line 1258]
Event: 151.105 Thread 0x00007ffc9000d000 Exception <a 'java/lang/NullPointerException'> (0x0000000778498980) thrown at [/HUDSON/workspace/8-2-build-linux-amd64/jdk8u20/526.nc/hotspot/src/share/vm/interpreter/linkResolver.cpp, line 1268]
Event: 151.227 Thread 0x00007ffc9000d000 Exception <a 'java/security/PrivilegedActionException'> (0x00000007784baf60) thrown at [/HUDSON/workspace/8-2-build-linux-amd64/jdk8u20/526.nc/hotspot/src/share/vm/prims/jvm.cpp, line 1258]
Event: 151.227 Thread 0x00007ffc9000d000 Exception <a 'java/security/PrivilegedActionException'> (0x00000007784bbf40) thrown at [/HUDSON/workspace/8-2-build-linux-amd64/jdk8u20/526.nc/hotspot/src/share/vm/prims/jvm.cpp, line 1258]
Event: 151.228 Thread 0x00007ffc9000d000 Exception <a 'java/security/PrivilegedActionException'> (0x00000007784d7538) thrown at [/HUDSON/workspace/8-2-build-linux-amd64/jdk8u20/526.nc/hotspot/src/share/vm/prims/jvm.cpp, line 1258]
Event: 151.228 Thread 0x00007ffc9000d000 Exception <a 'java/security/PrivilegedActionException'> (0x00000007784d85a8) thrown at [/HUDSON/workspace/8-2-build-linux-amd64/jdk8u20/526.nc/hotspot/src/share/vm/prims/jvm.cpp, line 1258]
Event: 151.228 Thread 0x00007ffc9000d000 Exception <a 'java/security/PrivilegedActionException'> (0x00000007784e88d8) thrown at [/HUDSON/workspace/8-2-build-linux-amd64/jdk8u20/526.nc/hotspot/src/share/vm/prims/jvm.cpp, line 1258]
Event: 151.228 Thread 0x00007ffc9000d000 Exception <a 'java/security/PrivilegedActionException'> (0x00000007784e98f8) thrown at [/HUDSON/workspace/8-2-build-linux-amd64/jdk8u20/526.nc/hotspot/src/share/vm/prims/jvm.cpp, line 1258]

Events (10 events):
Event: 151.229 Thread 0x00007ffc9000d000 DEOPT PACKING pc=0x00007ffc80b605cc sp=0x00007ffc9624df20
Event: 151.229 Thread 0x00007ffc9000d000 DEOPT UNPACKING pc=0x00007ffc7faae41a sp=0x00007ffc9624dce8 mode 1
Event: 151.230 Thread 0x00007ffc9000d000 DEOPT PACKING pc=0x00007ffc80105fa4 sp=0x00007ffc9624de90
Event: 151.230 Thread 0x00007ffc9000d000 DEOPT UNPACKING pc=0x00007ffc7faae41a sp=0x00007ffc9624dc68 mode 1
Event: 151.230 Thread 0x00007ffc9000d000 DEOPT PACKING pc=0x00007ffc80105fa4 sp=0x00007ffc9624de50
Event: 151.230 Thread 0x00007ffc9000d000 DEOPT UNPACKING pc=0x00007ffc7faae41a sp=0x00007ffc9624dc10 mode 1
Event: 151.230 Thread 0x00007ffc9000d000 DEOPT PACKING pc=0x00007ffc80b605cc sp=0x00007ffc9624df20
Event: 151.230 Thread 0x00007ffc9000d000 DEOPT UNPACKING pc=0x00007ffc7faae41a sp=0x00007ffc9624dce8 mode 1
Event: 151.230 Thread 0x00007ffc9000d000 DEOPT PACKING pc=0x00007ffc80105fa4 sp=0x00007ffc9624de90
Event: 151.230 Thread 0x00007ffc9000d000 DEOPT UNPACKING pc=0x00007ffc7faae41a sp=0x00007ffc9624dc68 mode 1


Dynamic libraries:
00400000-00401000 r-xp 00000000 08:06 19938758                           /usr/lib/jvm/jdk1.8.0_20/bin/java
00600000-00601000 rw-p 00000000 08:06 19938758                           /usr/lib/jvm/jdk1.8.0_20/bin/java
01389000-013aa000 rw-p 00000000 00:00 0                                  [heap]
6c6a00000-6d4900000 rw-p 00000000 00:00 0 
6d4900000-76ce00000 ---p 00000000 00:00 0 
76ce00000-78a400000 rw-p 00000000 00:00 0 
78a400000-7c0000000 ---p 00000000 00:00 0 
7c0000000-7c0880000 rw-p 00000000 00:00 0 
7c0880000-800000000 ---p 00000000 00:00 0 
7ffb70000000-7ffb700e3000 rw-p 00000000 00:00 0 
7ffb700e3000-7ffb74000000 ---p 00000000 00:00 0 
7ffb74000000-7ffb74021000 rw-p 00000000 00:00 0 
7ffb74021000-7ffb78000000 ---p 00000000 00:00 0 
7ffb78000000-7ffb7803c000 rw-p 00000000 00:00 0 
7ffb7803c000-7ffb7c000000 ---p 00000000 00:00 0 
7ffb7c000000-7ffb7c021000 rw-p 00000000 00:00 0 
7ffb7c021000-7ffb80000000 ---p 00000000 00:00 0 
7ffb80000000-7ffb80021000 rw-p 00000000 00:00 0 
7ffb80021000-7ffb84000000 ---p 00000000 00:00 0 
7ffb84000000-7ffb84021000 rw-p 00000000 00:00 0 
7ffb84021000-7ffb88000000 ---p 00000000 00:00 0 
7ffb88000000-7ffb88021000 rw-p 00000000 00:00 0 
7ffb88021000-7ffb8c000000 ---p 00000000 00:00 0 
7ffb8c000000-7ffb8c021000 rw-p 00000000 00:00 0 
7ffb8c021000-7ffb90000000 ---p 00000000 00:00 0 
7ffb90000000-7ffb9027d000 rw-p 00000000 00:00 0 
7ffb9027d000-7ffb94000000 ---p 00000000 00:00 0 
7ffb959c8000-7ffb959cb000 ---p 00000000 00:00 0 
7ffb959cb000-7ffb95c89000 rw-p 00000000 00:00 0 
7ffb95c89000-7ffb95cc9000 ---p 00000000 00:00 0 
7ffb95cc9000-7ffb95ce0000 r-xp 00000000 08:06 15602148                   /lib/x86_64-linux-gnu/libresolv-2.19.so
7ffb95ce0000-7ffb95ee0000 ---p 00017000 08:06 15602148                   /lib/x86_64-linux-gnu/libresolv-2.19.so
7ffb95ee0000-7ffb95ee1000 r--p 00017000 08:06 15602148                   /lib/x86_64-linux-gnu/libresolv-2.19.so
7ffb95ee1000-7ffb95ee2000 rw-p 00018000 08:06 15602148                   /lib/x86_64-linux-gnu/libresolv-2.19.so
7ffb95ee2000-7ffb95ee4000 rw-p 00000000 00:00 0 
7ffb95ee4000-7ffb95ee9000 r-xp 00000000 08:06 15602324                   /lib/x86_64-linux-gnu/libnss_dns-2.19.so
7ffb95ee9000-7ffb960e8000 ---p 00005000 08:06 15602324                   /lib/x86_64-linux-gnu/libnss_dns-2.19.so
7ffb960e8000-7ffb960e9000 r--p 00004000 08:06 15602324                   /lib/x86_64-linux-gnu/libnss_dns-2.19.so
7ffb960e9000-7ffb960ea000 rw-p 00005000 08:06 15602324                   /lib/x86_64-linux-gnu/libnss_dns-2.19.so
7ffb960ea000-7ffb960ec000 r-xp 00000000 08:06 15601607                   /lib/x86_64-linux-gnu/libnss_mdns4_minimal.so.2
7ffb960ec000-7ffb962eb000 ---p 00002000 08:06 15601607                   /lib/x86_64-linux-gnu/libnss_mdns4_minimal.so.2
7ffb962eb000-7ffb962ec000 r--p 00001000 08:06 15601607                   /lib/x86_64-linux-gnu/libnss_mdns4_minimal.so.2
7ffb962ec000-7ffb962ed000 rw-p 00002000 08:06 15601607                   /lib/x86_64-linux-gnu/libnss_mdns4_minimal.so.2
7ffb962ed000-7ffb964ed000 rw-p 00000000 00:00 0 
7ffb964ed000-7ffb964f0000 ---p 00000000 00:00 0 
7ffb964f0000-7ffb965ee000 rw-p 00000000 00:00 0                          [stack:8560]
7ffb965ee000-7ffb965f1000 ---p 00000000 00:00 0 
7ffb965f1000-7ffb966ef000 rw-p 00000000 00:00 0                          [stack:8559]
7ffb966ef000-7ffb966f2000 ---p 00000000 00:00 0 
7ffb966f2000-7ffb967f0000 rw-p 00000000 00:00 0                          [stack:8558]
7ffb967f0000-7ffb967f3000 ---p 00000000 00:00 0 
7ffb967f3000-7ffb968f1000 rw-p 00000000 00:00 0                          [stack:8557]
7ffb968f1000-7ffb968f4000 ---p 00000000 00:00 0 
7ffb968f4000-7ffb969f2000 rw-p 00000000 00:00 0                          [stack:8556]
7ffb969f2000-7ffb969f5000 ---p 00000000 00:00 0 
7ffb969f5000-7ffb96af3000 rw-p 00000000 00:00 0                          [stack:8555]
7ffb96af3000-7ffb96af6000 ---p 00000000 00:00 0 
7ffb96af6000-7ffb96bf4000 rw-p 00000000 00:00 0                          [stack:8554]
7ffb96bf4000-7ffb96bf7000 ---p 00000000 00:00 0 
7ffb96bf7000-7ffb96ef5000 rw-p 00000000 00:00 0                          [stack:8553]
7ffb96ef5000-7ffb96ef8000 ---p 00000000 00:00 0 
7ffb96ef8000-7ffb96ff6000 rw-p 00000000 00:00 0                          [stack:8552]
7ffb96ff6000-7ffb96ff9000 ---p 00000000 00:00 0 
7ffb96ff9000-7ffb970f7000 rw-p 00000000 00:00 0 
7ffb970f7000-7ffb970fa000 ---p 00000000 00:00 0 
7ffb970fa000-7ffb971f8000 rw-p 00000000 00:00 0 
7ffb971f8000-7ffb971fb000 ---p 00000000 00:00 0 
7ffb971fb000-7ffb974f9000 rw-p 00000000 00:00 0                          [stack:8635]
7ffb974f9000-7ffb974fc000 ---p 00000000 00:00 0 
7ffb974fc000-7ffb975fa000 rw-p 00000000 00:00 0 
7ffb975fa000-7ffb975fd000 ---p 00000000 00:00 0 
7ffb975fd000-7ffb976fb000 rw-p 00000000 00:00 0 
7ffb976fb000-7ffb976fe000 ---p 00000000 00:00 0 
7ffb976fe000-7ffb979fc000 rw-p 00000000 00:00 0 
7ffb979fc000-7ffb979ff000 ---p 00000000 00:00 0 
7ffb979ff000-7ffb97afd000 rw-p 00000000 00:00 0 
7ffb97afd000-7ffb97b00000 ---p 00000000 00:00 0 
7ffb97b00000-7ffb97dfe000 rw-p 00000000 00:00 0 
7ffb97dfe000-7ffb97e01000 ---p 00000000 00:00 0 
7ffb97e01000-7ffb97eff000 rw-p 00000000 00:00 0 
7ffb97eff000-7ffb97f02000 ---p 00000000 00:00 0 
7ffb97f02000-7ffb98000000 rw-p 00000000 00:00 0 
7ffb98000000-7ffb98021000 rw-p 00000000 00:00 0 
7ffb98021000-7ffb9c000000 ---p 00000000 00:00 0 
7ffb9c000000-7ffb9c021000 rw-p 00000000 00:00 0 
7ffb9c021000-7ffba0000000 ---p 00000000 00:00 0 
7ffba0000000-7ffba0021000 rw-p 00000000 00:00 0 
7ffba0021000-7ffba4000000 ---p 00000000 00:00 0 
7ffba4000000-7ffba4021000 rw-p 00000000 00:00 0 
7ffba4021000-7ffba8000000 ---p 00000000 00:00 0 
7ffba8000000-7ffba8021000 rw-p 00000000 00:00 0 
7ffba8021000-7ffbac000000 ---p 00000000 00:00 0 
7ffbac000000-7ffbac021000 rw-p 00000000 00:00 0 
7ffbac021000-7ffbb0000000 ---p 00000000 00:00 0 
7ffbb0000000-7ffbb0021000 rw-p 00000000 00:00 0 
7ffbb0021000-7ffbb4000000 ---p 00000000 00:00 0 
7ffbb4000000-7ffbb4021000 rw-p 00000000 00:00 0 
7ffbb4021000-7ffbb8000000 ---p 00000000 00:00 0 
7ffbb8000000-7ffbb8021000 rw-p 00000000 00:00 0 
7ffbb8021000-7ffbbc000000 ---p 00000000 00:00 0 
7ffbbc000000-7ffbbc021000 rw-p 00000000 00:00 0 
7ffbbc021000-7ffbc0000000 ---p 00000000 00:00 0 
7ffbc0000000-7ffbc0021000 rw-p 00000000 00:00 0 
7ffbc0021000-7ffbc4000000 ---p 00000000 00:00 0 
7ffbc4000000-7ffbc438f000 rw-p 00000000 00:00 0 
7ffbc438f000-7ffbc8000000 ---p 00000000 00:00 0 
7ffbc8000000-7ffbc8021000 rw-p 00000000 00:00 0 
7ffbc8021000-7ffbcc000000 ---p 00000000 00:00 0 
7ffbcc000000-7ffbcce77000 rw-p 00000000 00:00 0 
7ffbcce77000-7ffbd0000000 ---p 00000000 00:00 0 
7ffbd0000000-7ffbd0021000 rw-p 00000000 00:00 0 
7ffbd0021000-7ffbd4000000 ---p 00000000 00:00 0 
7ffbd4000000-7ffbd4021000 rw-p 00000000 00:00 0 
7ffbd4021000-7ffbd8000000 ---p 00000000 00:00 0 
7ffbd8000000-7ffbd8021000 rw-p 00000000 00:00 0 
7ffbd8021000-7ffbdc000000 ---p 00000000 00:00 0 
7ffbdc000000-7ffbdc0f0000 rw-p 00000000 00:00 0 
7ffbdc0f0000-7ffbe0000000 ---p 00000000 00:00 0 
7ffbe0000000-7ffbe0021000 rw-p 00000000 00:00 0 
7ffbe0021000-7ffbe4000000 ---p 00000000 00:00 0 
7ffbe4000000-7ffbe405d000 rw-p 00000000 00:00 0 
7ffbe405d000-7ffbe8000000 ---p 00000000 00:00 0 
7ffbe8000000-7ffbe8021000 rw-p 00000000 00:00 0 
7ffbe8021000-7ffbec000000 ---p 00000000 00:00 0 
7ffbec000000-7ffbec021000 rw-p 00000000 00:00 0 
7ffbec021000-7ffbf0000000 ---p 00000000 00:00 0 
7ffbf0000000-7ffbf0021000 rw-p 00000000 00:00 0 
7ffbf0021000-7ffbf4000000 ---p 00000000 00:00 0 
7ffbf4000000-7ffbf4021000 rw-p 00000000 00:00 0 
7ffbf4021000-7ffbf8000000 ---p 00000000 00:00 0 
7ffbf809e000-7ffbf829e000 rw-p 00000000 00:00 0 
7ffbf829e000-7ffbf82a1000 ---p 00000000 00:00 0 
7ffbf82a1000-7ffbf839f000 rw-p 00000000 00:00 0 
7ffbf839f000-7ffbf83a2000 ---p 00000000 00:00 0 
7ffbf83a2000-7ffbf84a0000 rw-p 00000000 00:00 0 
7ffbf84a0000-7ffbf84a3000 ---p 00000000 00:00 0 
7ffbf84a3000-7ffbf85a1000 rw-p 00000000 00:00 0 
7ffbf85a1000-7ffbf85a4000 ---p 00000000 00:00 0 
7ffbf85a4000-7ffbf86a2000 rw-p 00000000 00:00 0 
7ffbf86a2000-7ffbf86a5000 ---p 00000000 00:00 0 
7ffbf86a5000-7ffbf87a3000 rw-p 00000000 00:00 0 
7ffbf87a3000-7ffbf87a6000 ---p 00000000 00:00 0 
7ffbf87a6000-7ffbf88a4000 rw-p 00000000 00:00 0 
7ffbf88a4000-7ffbf88a7000 ---p 00000000 00:00 0 
7ffbf88a7000-7ffbf89a5000 rw-p 00000000 00:00 0 
7ffbf89a5000-7ffbf89a8000 ---p 00000000 00:00 0 
7ffbf89a8000-7ffbf8ca6000 rw-p 00000000 00:00 0 
7ffbf8ca6000-7ffbf8ca9000 ---p 00000000 00:00 0 
7ffbf8ca9000-7ffbf8fa7000 rw-p 00000000 00:00 0                          [stack:8634]
7ffbf8fa7000-7ffbf8faa000 ---p 00000000 00:00 0 
7ffbf8faa000-7ffbf92a8000 rw-p 00000000 00:00 0 
7ffbf93b6000-7ffbf93b9000 ---p 00000000 00:00 0 
7ffbf93b9000-7ffbf96b7000 rw-p 00000000 00:00 0                          [stack:8530]
7ffbf96b7000-7ffbf98b7000 rw-p 00000000 00:00 0 
7ffbf98b7000-7ffbf9ab7000 rw-p 00000000 00:00 0 
7ffbf9b27000-7ffbf9b2e000 r--s 00000000 08:06 15863595                   /usr/lib/x86_64-linux-gnu/gconv/gconv-modules.cache
7ffbf9b2e000-7ffbf9d2e000 rw-p 00000000 00:00 0 
7ffbf9d2e000-7ffbf9d31000 ---p 00000000 00:00 0 
7ffbf9d31000-7ffbfa02f000 rw-p 00000000 00:00 0 
7ffbfa02f000-7ffbfa031000 r--s 00003000 08:06 659380                     /usr/local/development/dev-7-7/Ignition/IgnitionWebApp/src/main/home/temp/sfc-gateway-api8163681606368086035.jar
7ffbfa031000-7ffbfa034000 r--s 00019000 08:06 659379                     /usr/local/development/dev-7-7/Ignition/IgnitionWebApp/src/main/home/temp/sfc-gateway1615512054942300619.jar
7ffbfa034000-7ffbfa037000 r--s 00016000 08:06 659378                     /usr/local/development/dev-7-7/Ignition/IgnitionWebApp/src/main/home/temp/sfc-common1075473647543927308.jar
7ffbfa037000-7ffbfa03b000 r--s 000be000 08:06 658862                     /usr/local/development/dev-7-7/Ignition/IgnitionWebApp/src/main/home/temp/vis-gateway5668242112952271734.jar
7ffbfa03b000-7ffbfa043000 r--s 0009e000 08:06 657755                     /usr/local/development/dev-7-7/Ignition/IgnitionWebApp/src/main/home/temp/secsgem-gateway2414339161926600669.jar
7ffbfa043000-7ffbfa243000 rw-p 00000000 00:00 0 
7ffbfa445000-7ffbfa448000 ---p 00000000 00:00 0 
7ffbfa448000-7ffbfa546000 rw-p 00000000 00:00 0 
7ffbfa546000-7ffbfa549000 ---p 00000000 00:00 0 
7ffbfa549000-7ffbfa647000 rw-p 00000000 00:00 0 
7ffbfa647000-7ffbfa64a000 ---p 00000000 00:00 0 
7ffbfa64a000-7ffbfa948000 rw-p 00000000 00:00 0 
7ffbfa948000-7ffbfa95b000 r--s 00345000 08:06 20582253                   /usr/lib/jvm/jdk1.8.0_20/jre/lib/resources.jar
7ffbfa95b000-7ffbfa95e000 ---p 00000000 00:00 0 
7ffbfa95e000-7ffbfac5d000 rw-p 00000000 00:00 0 
7ffbfac5d000-7ffbfac5e000 r--s 00002000 08:06 658869                     /usr/local/development/dev-7-7/Ignition/IgnitionWebApp/src/main/home/temp/vis-common3893999764846719254.jar
7ffbfac5e000-7ffbfac5f000 r--s 00004000 08:06 658858                     /usr/local/development/dev-7-7/Ignition/IgnitionWebApp/src/main/home/temp/secsgem-shared2661833403674071490.jar
7ffbfac5f000-7ffbfac60000 r--s 00000000 08:06 2365020                    /usr/local/development/dev-7-7/Ignition/IgnitionWebApp/target/ignition-webapp-7.7/WEB-INF/lib/xopc-common-2.7.2-20141104.213412-19.jar
7ffbfac60000-7ffbfac78000 r--s 000f7000 08:06 2365016                    /usr/local/development/dev-7-7/Ignition/IgnitionWebApp/target/ignition-webapp-7.7/WEB-INF/lib/xopc-2.7.2-20141104.213433-19.jar
7ffbfac78000-7ffbfac85000 r--s 000a0000 08:06 2365222                    /usr/local/development/dev-7-7/Ignition/IgnitionWebApp/target/ignition-webapp-7.7/WEB-INF/lib/winpack-3.8.3.jar
7ffbfac85000-7ffbfac8f000 r--s 0005c000 08:06 2364945                    /usr/local/development/dev-7-7/Ignition/IgnitionWebApp/target/ignition-webapp-7.7/WEB-INF/lib/wicket-util-6.1.1.jar
7ffbfac8f000-7ffbfac92000 r--s 00012000 08:06 2364946                    /usr/local/development/dev-7-7/Ignition/IgnitionWebApp/target/ignition-webapp-7.7/WEB-INF/lib/wicket-request-6.1.1.jar
7ffbfac92000-7ffbfaca4000 r--s 00138000 08:06 2364948                    /usr/local/development/dev-7-7/Ignition/IgnitionWebApp/target/ignition-webapp-7.7/WEB-INF/lib/wicket-extensions-6.1.1.jar
7ffbfaca4000-7ffbfaca7000 r--s 00038000 08:06 2364947                    /usr/local/development/dev-7-7/Ignition/IgnitionWebApp/target/ignition-webapp-7.7/WEB-INF/lib/wicket-datetime-6.1.1.jar
7ffbfaca7000-7ffbfacca000 r--s 001a3000 08:06 2364944                    /usr/local/development/dev-7-7/Ignition/IgnitionWebApp/target/ignition-webapp-7.7/WEB-INF/lib/wicket-core-6.1.1.jar
7ffbfacca000-7ffbfaccc000 r--s 0012e000 08:06 2365207                    /usr/local/development/dev-7-7/Ignition/IgnitionWebApp/target/ignition-webapp-7.7/WEB-INF/lib/voice-cmu-slt-hsmm-5.0.jar
7ffbfaccc000-7ffbfaccd000 r--s 00006000 08:06 2365022                    /usr/local/development/dev-7-7/Ignition/IgnitionWebApp/target/ignition-webapp-7.7/WEB-INF/lib/user-manual-module-1.7.0-20131026.004611-6.jar
7ffbfaccd000-7ffbfacce000 r--s 00268000 08:06 2365208                    /usr/local/development/dev-7-7/Ignition/IgnitionWebApp/target/ignition-webapp-7.7/WEB-INF/lib/ttsengine-ivona-2.7.2-20141104.214148-19.jar
7ffbfacce000-7ffbfacd1000 r--s 00017000 08:06 2365002                    /usr/local/development/dev-7-7/Ignition/IgnitionWebApp/target/ignition-webapp-7.7/WEB-INF/lib/timingframework-1.0.jar
7ffbfacd1000-7ffbfacd3000 r--s 00001000 08:06 2364734                    /usr/local/development/dev-7-7/Ignition/IgnitionWebApp/target/ignition-webapp-7.7/WEB-INF/lib/slf4j-log4j12-1.7.5.jar
7ffbfacd3000-7ffbfacd5000 r--s 00005000 08:06 2364733                    /usr/local/development/dev-7-7/Ignition/IgnitionWebApp/target/ignition-webapp-7.7/WEB-INF/lib/slf4j-api-1.7.5.jar
7ffbfacd5000-7ffbfacdf000 r--s 00061000 08:06 2365204                    /usr/local/development/dev-7-7/Ignition/IgnitionWebApp/target/ignition-webapp-7.7/WEB-INF/lib/sip-notification-2.7.2-20141104.214142-19.jar
7ffbfacdf000-7ffbface2000 r--s 0001f000 08:06 4198129                    /usr/local/development/dev-7-7/Ignition/IgnitionWebApp/target/ignition-webapp-7.7/WEB-INF/lib/simple-orm-7.7.2-SNAPSHOT.jar
7ffbface2000-7ffbface4000 r--s 00003000 08:06 2365213                    /usr/local/development/dev-7-7/Ignition/IgnitionWebApp/target/ignition-webapp-7.7/WEB-INF/lib/sfc-gateway-api-1.7.1-SNAPSHOT.jar
7ffbface4000-7ffbface7000 r--s 00019000 08:06 2365212                    /usr/local/development/dev-7-7/Ignition/IgnitionWebApp/target/ignition-webapp-7.7/WEB-INF/lib/sfc-gateway-1.7.1-SNAPSHOT.jar
7ffbface7000-7ffbfacea000 r--s 00016000 08:06 2365214                    /usr/local/development/dev-7-7/Ignition/IgnitionWebApp/target/ignition-webapp-7.7/WEB-INF/lib/sfc-common-1.7.1-SNAPSHOT.jar
7ffbfacea000-7ffbfacec000 r--s 0000f000 08:06 2365217                    /usr/local/development/dev-7-7/Ignition/IgnitionWebApp/target/ignition-webapp-7.7/WEB-INF/lib/serialio-8.7.0.jar
7ffbfacec000-7ffbfacee000 r--s 00028000 08:06 2365215                    /usr/local/development/dev-7-7/Ignition/IgnitionWebApp/target/ignition-webapp-7.7/WEB-INF/lib/serial-support-gateway-2.7.2-20141104.214033-19.jar
7ffbfacee000-7ffbfacf0000 r--s 00002000 08:06 2365216                    /usr/local/development/dev-7-7/Ignition/IgnitionWebApp/target/ignition-webapp-7.7/WEB-INF/lib/serial-support-common-2.7.2-20141104.214027-19.jar
7ffbfacf0000-7ffbfacf5000 r--s 0003e000 08:06 2364955                    /usr/local/development/dev-7-7/Ignition/IgnitionWebApp/target/ignition-webapp-7.7/WEB-INF/lib/saaj-impl-1.3.jar
7ffbfacf5000-7ffbfacf7000 r--s 00003000 08:06 2364956                    /usr/local/development/dev-7-7/Ignition/IgnitionWebApp/target/ignition-webapp-7.7/WEB-INF/lib/saaj-api-1.3.jar
7ffbfacf7000-7ffbfad01000 r--s 0005c000 08:06 2365219                    /usr/local/development/dev-7-7/Ignition/IgnitionWebApp/target/ignition-webapp-7.7/WEB-INF/lib/opccom-gateway-2.7.2-20141104.213642-1.jar
7ffbfad01000-7ffbfad02000 r--s 00001000 08:06 2365218                    /usr/local/development/dev-7-7/Ignition/IgnitionWebApp/target/ignition-webapp-7.7/WEB-INF/lib/opccom-common-2.7.2-20141104.213635-1.jar
7ffbfad02000-7ffbfad07000 r--s 00086000 08:06 2365210                    /usr/local/development/dev-7-7/Ignition/IgnitionWebApp/target/ignition-webapp-7.7/WEB-INF/lib/mobile-gateway-2.7.2-20141104.213623-19.jar
7ffbfad07000-7ffbfad09000 r--s 00002000 08:06 2365211                    /usr/local/development/dev-7-7/Ignition/IgnitionWebApp/target/ignition-webapp-7.7/WEB-INF/lib/mobile-common-2.7.2-20141104.213605-19.jar
7ffbfad09000-7ffbfad0a000 r--s 00003000 08:06 2365006                    /usr/local/development/dev-7-7/Ignition/IgnitionWebApp/target/ignition-webapp-7.7/WEB-INF/lib/miglayout-swing-4.2.jar
7ffbfad0a000-7ffbfad0c000 r--s 0000f000 08:06 2365007                    /usr/local/development/dev-7-7/Ignition/IgnitionWebApp/target/ignition-webapp-7.7/WEB-INF/lib/miglayout-core-4.2.jar
7ffbfad0c000-7ffbfad0f000 r--s 00012000 08:06 2364935                    /usr/local/development/dev-7-7/Ignition/IgnitionWebApp/target/ignition-webapp-7.7/WEB-INF/lib/metrics-core-3.0.1.jar
7ffbfad0f000-7ffbfad7e000 r--s 007bb000 08:06 2365205                    /usr/local/development/dev-7-7/Ignition/IgnitionWebApp/target/ignition-webapp-7.7/WEB-INF/lib/marytts-server-5.0.jar
7ffbfad7e000-7ffbfad81000 r--s 0069c000 08:06 2365206                    /usr/local/development/dev-7-7/Ignition/IgnitionWebApp/target/ignition-webapp-7.7/WEB-INF/lib/marytts-lang-en-5.0.jar
7ffbfad81000-7ffbfad89000 r--s 00075000 08:06 2364951                    /usr/local/development/dev-7-7/Ignition/IgnitionWebApp/target/ignition-webapp-7.7/WEB-INF/lib/mail-1.4.5.jar
7ffbfad89000-7ffbfad90000 r--s 00059000 08:06 2364732                    /usr/local/development/dev-7-7/Ignition/IgnitionWebApp/target/ignition-webapp-7.7/WEB-INF/lib/log4j-1.2.15.jar
7ffbfad90000-7ffbfae2d000 r--s 0082e000 08:06 2364728                    /usr/local/development/dev-7-7/Ignition/IgnitionWebApp/target/ignition-webapp-7.7/WEB-INF/lib/jython-2.5.3-guava-upgrade.jar
7ffbfae2d000-7ffbfae2e000 r--s 00001000 08:06 2364765                    /usr/local/development/dev-7-7/Ignition/IgnitionWebApp/target/ignition-webapp-7.7/WEB-INF/lib/jul-to-slf4j-1.7.5.jar
7ffbfae2e000-7ffbfae34000 r--s 00036000 08:06 2364949                    /usr/local/development/dev-7-7/Ignition/IgnitionWebApp/target/ignition-webapp-7.7/WEB-INF/lib/jquery-ui-core-6.1.0.jar
7ffbfae34000-7ffbfae43000 r--s 0007c000 08:06 2364936                    /usr/local/development/dev-7-7/Ignition/IgnitionWebApp/target/ignition-webapp-7.7/WEB-INF/lib/joda-time-2.0.jar
7ffbfae43000-7ffbfae47000 r--s 00037000 08:06 2365221                    /usr/local/development/dev-7-7/Ignition/IgnitionWebApp/target/ignition-webapp-7.7/WEB-INF/lib/jniwrap-3.8.3.jar
7ffbfae47000-7ffbfae49000 r--s 00011000 08:06 2365015                    /usr/local/development/dev-7-7/Ignition/IgnitionWebApp/target/ignition-webapp-7.7/WEB-INF/lib/jide-shortcut-3.5.13.jar
7ffbfae49000-7ffbfae4d000 r--s 00022000 08:06 2365010                    /usr/local/development/dev-7-7/Ignition/IgnitionWebApp/target/ignition-webapp-7.7/WEB-INF/lib/jide-plaf-3.5.13.jar
7ffbfae4d000-7ffbfae73000 r--s 001da000 08:06 2365009                    /usr/local/development/dev-7-7/Ignition/IgnitionWebApp/target/ignition-webapp-7.7/WEB-INF/lib/jide-grids-3.5.13.jar
7ffbfae73000-7ffbfae7d000 r--s 00061000 08:06 2365014                    /usr/local/development/dev-7-7/Ignition/IgnitionWebApp/target/ignition-webapp-7.7/WEB-INF/lib/jide-editor-3.5.13.jar
7ffbfae7d000-7ffbfae83000 r--s 0004f000 08:06 2365013                    /usr/local/development/dev-7-7/Ignition/IgnitionWebApp/target/ignition-webapp-7.7/WEB-INF/lib/jide-dock-3.5.13.jar
7ffbfae83000-7ffbfae85000 r--s 0000c000 08:06 2365012                    /usr/local/development/dev-7-7/Ignition/IgnitionWebApp/target/ignition-webapp-7.7/WEB-INF/lib/jide-dialogs-3.5.13.jar
7ffbfae85000-7ffbfae8d000 r--s 00055000 08:06 2365008                    /usr/local/development/dev-7-7/Ignition/IgnitionWebApp/target/ignition-webapp-7.7/WEB-INF/lib/jide-components-3.5.13.jar
7ffbfae8d000-7ffbfaeaa000 r--s 00155000 08:06 2364766                    /usr/local/development/dev-7-7/Ignition/IgnitionWebApp/target/ignition-webapp-7.7/WEB-INF/lib/jide-common-3.5.13.jar
7ffbfaeaa000-7ffbfaeaf000 r--s 0002f000 08:06 2365011                    /usr/local/development/dev-7-7/Ignition/IgnitionWebApp/target/ignition-webapp-7.7/WEB-INF/lib/jide-action-3.5.13.jar
7ffbfaeaf000-7ffbfaec3000 r--s 0017c000 08:06 2365004                    /usr/local/development/dev-7-7/Ignition/IgnitionWebApp/target/ignition-webapp-7.7/WEB-INF/lib/jfreechart-min-1.0.0.jar
7ffbfaec3000-7ffbfaec5000 r--s 00004000 08:06 2364991                    /usr/local/development/dev-7-7/Ignition/IgnitionWebApp/target/ignition-webapp-7.7/WEB-INF/lib/jaxrpc-spi-1.1.3_01.jar
7ffbfaec5000-7ffbfaee2000 r--s 001ea000 08:06 2364953                    /usr/local/development/dev-7-7/Ignition/IgnitionWebApp/target/ignition-webapp-7.7/WEB-INF/lib/jaxrpc-impl-1.1.3_01.jar
7ffbfaee2000-7ffbfaee4000 r--s 00005000 08:06 2364954                    /usr/local/development/dev-7-7/Ignition/IgnitionWebApp/target/ignition-webapp-7.7/WEB-INF/lib/jaxrpc-api-1.1.jar
7ffbfaee4000-7ffbfaee6000 r--s 00013000 08:06 2364730                    /usr/local/development/dev-7-7/Ignition/IgnitionWebApp/target/ignition-webapp-7.7/WEB-INF/lib/java-cup-10k.jar
7ffbfaee6000-7ffbfaee7000 r--s 00003000 08:06 2365209                    /usr/local/development/dev-7-7/Ignition/IgnitionWebApp/target/ignition-webapp-7.7/WEB-INF/lib/ivonatts-1.0.0.jar
7ffbfaee7000-7ffbfaee9000 r--s 00001000 08:06 2365019                    /usr/local/development/dev-7-7/Ignition/IgnitionWebApp/target/ignition-webapp-7.7/WEB-INF/lib/io-session-3.0.0-20130122.214435-9.jar
7ffbfaee9000-7ffbfaef4000 r--s 00073000 08:06 2365018                    /usr/local/development/dev-7-7/Ignition/IgnitionWebApp/target/ignition-webapp-7.7/WEB-INF/lib/ia-opcua-2.7.2-20141104.213404-19.jar
7ffbfaef4000-7ffbfaf02000 r--s 0014e000 08:06 2364950                    /usr/local/development/dev-7-7/Ignition/IgnitionWebApp/target/ignition-webapp-7.7/WEB-INF/lib/hsqldb-2.2.9.jar
7ffbfaf02000-7ffbfaf03000 r--s 00001000 08:06 2365000                    /usr/local/development/dev-7-7/Ignition/IgnitionWebApp/target/ignition-webapp-7.7/WEB-INF/lib/hasp-srm-api-1.0.0.jar
7ffbfaf03000-7ffbfaf27000 r--s 001aa000 08:06 2364726                    /usr/local/development/dev-7-7/Ignition/IgnitionWebApp/target/ignition-webapp-7.7/WEB-INF/lib/guava-13.0.1.jar
7ffbfaf27000-7ffbfaf4c000 r--s 00155000 08:06 4198528                    /usr/local/development/dev-7-7/Ignition/IgnitionWebApp/target/ignition-webapp-7.7/WEB-INF/lib/gateway-api-7.7.2-SNAPSHOT.jar
7ffbfaf4c000-7ffbfaf81000 r--s 00273000 08:06 4198535                    /usr/local/development/dev-7-7/Ignition/IgnitionWebApp/target/ignition-webapp-7.7/WEB-INF/lib/gateway-7.7.2-SNAPSHOT.jar
7ffbfaf81000-7ffbfaf85000 r--s 00016000 08:06 2365023                    /usr/local/development/dev-7-7/Ignition/IgnitionWebApp/target/ignition-webapp-7.7/WEB-INF/lib/fsql-common-6.7.2-20141104.213458-19.jar
7ffbfaf85000-7ffbfaf8d000 r--s 001ca000 08:06 2365024                    /usr/local/development/dev-7-7/Ignition/IgnitionWebApp/target/ignition-webapp-7.7/WEB-INF/lib/fsql-6.7.2-20141104.213508-19.jar
7ffbfaf8d000-7ffbfaf91000 r--s 000be000 08:06 4198527                    /usr/local/development/dev-7-7/Ignition/IgnitionWebApp/target/ignition-webapp-7.7/WEB-INF/lib/fpmi-gateway-7.7.2-SNAPSHOT.jar
7ffbfaf91000-7ffbfaf92000 r--s 00001000 08:06 4198522                    /usr/local/development/dev-7-7/Ignition/IgnitionWebApp/target/ignition-webapp-7.7/WEB-INF/lib/fpmi-common-7.7.2-SNAPSHOT.jar
7ffbfaf92000-7ffbfaf95000 r--s 00013000 08:06 2365003                    /usr/local/development/dev-7-7/Ignition/IgnitionWebApp/target/ignition-webapp-7.7/WEB-INF/lib/forms-1.0.7.jar
7ffbfaf95000-7ffbfaf97000 r--s 00003000 08:06 2365021                    /usr/local/development/dev-7-7/Ignition/IgnitionWebApp/target/ignition-webapp-7.7/WEB-INF/lib/drivers-common-2.7.2-20141104.213438-19.jar
7ffbfaf97000-7ffbfaf9e000 r--s 0002f000 08:06 2365017                    /usr/local/development/dev-7-7/Ignition/IgnitionWebApp/target/ignition-webapp-7.7/WEB-INF/lib/driver-api-2.7.2-20141104.213410-19.jar
7ffbfaf9e000-7ffbfaff4000 r--s 00512000 08:06 4198523                    /usr/local/development/dev-7-7/Ignition/IgnitionWebApp/target/ignition-webapp-7.7/WEB-INF/lib/designer-7.7.2-SNAPSHOT.jar
7ffbfaff4000-7ffbfaff6000 r--s 00007000 08:06 2364731                    /usr/local/development/dev-7-7/Ignition/IgnitionWebApp/target/ignition-webapp-7.7/WEB-INF/lib/cron4j-2.2.3.jar
7ffbfaff6000-7ffbfaffd000 r--s 00054000 08:06 2364729                    /usr/local/development/dev-7-7/Ignition/IgnitionWebApp/target/ignition-webapp-7.7/WEB-INF/lib/core-1.7.jar
7ffbfaffd000-7ffbfb000000 r--s 00013000 08:06 2364999                    /usr/local/development/dev-7-7/Ignition/IgnitionWebApp/target/ignition-webapp-7.7/WEB-INF/lib/commons-pool-1.4.jar
7ffbfb000000-7ffbfb002000 r--s 0000d000 08:06 2364941                    /usr/local/development/dev-7-7/Ignition/IgnitionWebApp/target/ignition-webapp-7.7/WEB-INF/lib/commons-logging-1.1.1.jar
7ffbfb002000-7ffbfb008000 r--s 00048000 08:06 2364723                    /usr/local/development/dev-7-7/Ignition/IgnitionWebApp/target/ignition-webapp-7.7/WEB-INF/lib/commons-lang3-3.1.jar
7ffbfb008000-7ffbfb00a000 r--s 0000e000 08:06 2364942                    /usr/local/development/dev-7-7/Ignition/IgnitionWebApp/target/ignition-webapp-7.7/WEB-INF/lib/commons-lang-1.0.jar
7ffbfb00a000-7ffbfb00d000 r--s 00025000 08:06 2364722                    /usr/local/development/dev-7-7/Ignition/IgnitionWebApp/target/ignition-webapp-7.7/WEB-INF/lib/commons-io-2.1.jar
7ffbfb00d000-7ffbfb010000 r--s 0000f000 08:06 2364997                    /usr/local/development/dev-7-7/Ignition/IgnitionWebApp/target/ignition-webapp-7.7/WEB-INF/lib/commons-discovery-0.2.jar
7ffbfb010000-7ffbfb041000 r--s 001ea000 08:06 4198525                    /usr/local/development/dev-7-7/Ignition/IgnitionWebApp/target/ignition-webapp-7.7/WEB-INF/lib/common-7.7.2-SNAPSHOT.jar
7ffbfb041000-7ffbfb04e000 r--s 00084000 08:06 2365220                    /usr/local/development/dev-7-7/Ignition/IgnitionWebApp/target/ignition-webapp-7.7/WEB-INF/lib/comfyj-2.9.jar
7ffbfb04e000-7ffbfb074000 r--s 001be000 08:06 4198529                    /usr/local/development/dev-7-7/Ignition/IgnitionWebApp/target/ignition-webapp-7.7/WEB-INF/lib/client-api-7.7.2-SNAPSHOT.jar
7ffbfb074000-7ffbfb09c000 r--s 00196000 08:06 2364727                    /usr/local/development/dev-7-7/Ignition/IgnitionWebApp/target/ignition-webapp-7.7/WEB-INF/lib/bcprov-jdk16-unsigned-1.46-unsigned.jar
7ffbfb09c000-7ffbfb09f000 ---p 00000000 00:00 0 
7ffbfb09f000-7ffbfb39d000 rw-p 00000000 00:00 0 
7ffbfb39d000-7ffbfb3a0000 ---p 00000000 00:00 0 
7ffbfb3a0000-7ffbfb49e000 rw-p 00000000 00:00 0                          [stack:8513]
7ffbfb49e000-7ffbfb4a1000 ---p 00000000 00:00 0 
7ffbfb4a1000-7ffbfb59f000 rw-p 00000000 00:00 0                          [stack:8512]
7ffbfb59f000-7ffbfb5a2000 ---p 00000000 00:00 0 
7ffbfb5a2000-7ffbfb6a0000 rw-p 00000000 00:00 0                          [stack:8511]
7ffbfb6a0000-7ffbfb6a3000 ---p 00000000 00:00 0 
7ffbfb6a3000-7ffbfb7a1000 rw-p 00000000 00:00 0                          [stack:8510]
7ffbfb7a1000-7ffbfb7a4000 ---p 00000000 00:00 0 
7ffbfb7a4000-7ffbfb8a2000 rw-p 00000000 00:00 0                          [stack:8509]
7ffbfb8a2000-7ffbfb8a5000 ---p 00000000 00:00 0 
7ffbfb8a5000-7ffbfb9a3000 rw-p 00000000 00:00 0                          [stack:8508]
7ffbfb9a3000-7ffbfb9b9000 r-xp 00000000 08:06 15602357                   /lib/x86_64-linux-gnu/libgcc_s.so.1
7ffbfb9b9000-7ffbfbbb8000 ---p 00016000 08:06 15602357                   /lib/x86_64-linux-gnu/libgcc_s.so.1
7ffbfbbb8000-7ffbfbbb9000 rw-p 00015000 08:06 15602357                   /lib/x86_64-linux-gnu/libgcc_s.so.1
7ffbfbbb9000-7ffbfbbeb000 r-xp 00000000 08:06 20582265                   /usr/lib/jvm/jdk1.8.0_20/jre/lib/amd64/libsunec.so
7ffbfbbeb000-7ffbfbdea000 ---p 00032000 08:06 20582265                   /usr/lib/jvm/jdk1.8.0_20/jre/lib/amd64/libsunec.so
7ffbfbdea000-7ffbfbdf0000 rw-p 00031000 08:06 20582265                   /usr/lib/jvm/jdk1.8.0_20/jre/lib/amd64/libsunec.so
7ffbfbdf0000-7ffbfc000000 rw-p 00000000 00:00 0 
7ffbfc000000-7ffbfc13d000 rw-p 00000000 00:00 0 
7ffbfc13d000-7ffc00000000 ---p 00000000 00:00 0 
7ffc00000000-7ffc00021000 rw-p 00000000 00:00 0 
7ffc00021000-7ffc04000000 ---p 00000000 00:00 0 
7ffc04000000-7ffc04021000 rw-p 00000000 00:00 0 
7ffc04021000-7ffc08000000 ---p 00000000 00:00 0 
7ffc08000000-7ffc0863e000 rw-p 00000000 00:00 0 
7ffc0863e000-7ffc0c000000 ---p 00000000 00:00 0 
7ffc0c000000-7ffc0c021000 rw-p 00000000 00:00 0 
7ffc0c021000-7ffc10000000 ---p 00000000 00:00 0 
7ffc10000000-7ffc10021000 rw-p 00000000 00:00 0 
7ffc10021000-7ffc14000000 ---p 00000000 00:00 0 
7ffc14000000-7ffc14021000 rw-p 00000000 00:00 0 
7ffc14021000-7ffc18000000 ---p 00000000 00:00 0 
7ffc18000000-7ffc18021000 rw-p 00000000 00:00 0 
7ffc18021000-7ffc1c000000 ---p 00000000 00:00 0 
7ffc1c000000-7ffc1c021000 rw-p 00000000 00:00 0 
7ffc1c021000-7ffc20000000 ---p 00000000 00:00 0 
7ffc20000000-7ffc20021000 rw-p 00000000 00:00 0 
7ffc20021000-7ffc24000000 ---p 00000000 00:00 0 
7ffc24000000-7ffc25bda000 rw-p 00000000 00:00 0 
7ffc25bda000-7ffc28000000 ---p 00000000 00:00 0 
7ffc28000000-7ffc28d50000 rw-p 00000000 00:00 0 
7ffc28d50000-7ffc2c000000 ---p 00000000 00:00 0 
7ffc2c000000-7ffc2d9ad000 rw-p 00000000 00:00 0 
7ffc2d9ad000-7ffc30000000 ---p 00000000 00:00 0 
7ffc30000000-7ffc31acb000 rw-p 00000000 00:00 0 
7ffc31acb000-7ffc34000000 ---p 00000000 00:00 0 
7ffc34000000-7ffc340c5000 rw-p 00000000 00:00 0 
7ffc340c5000-7ffc38000000 ---p 00000000 00:00 0 
7ffc38000000-7ffc38021000 rw-p 00000000 00:00 0 
7ffc38021000-7ffc3c000000 ---p 00000000 00:00 0 
7ffc3c000000-7ffc3c021000 rw-p 00000000 00:00 0 
7ffc3c021000-7ffc40000000 ---p 00000000 00:00 0 
7ffc40000000-7ffc40021000 rw-p 00000000 00:00 0 
7ffc40021000-7ffc44000000 ---p 00000000 00:00 0 
7ffc44000000-7ffc44021000 rw-p 00000000 00:00 0 
7ffc44021000-7ffc48000000 ---p 00000000 00:00 0 
7ffc48000000-7ffc48021000 rw-p 00000000 00:00 0 
7ffc48021000-7ffc4c000000 ---p 00000000 00:00 0 
7ffc4c000000-7ffc4c1f4000 rw-p 00000000 00:00 0 
7ffc4c1f4000-7ffc50000000 ---p 00000000 00:00 0 
7ffc50000000-7ffc50002000 r--s 0001c000 08:06 2364998                    /usr/local/development/dev-7-7/Ignition/IgnitionWebApp/target/ignition-webapp-7.7/WEB-INF/lib/commons-dbcp-1.2.2.jar
7ffc50002000-7ffc50004000 r--s 00006000 08:06 2364940                    /usr/local/development/dev-7-7/Ignition/IgnitionWebApp/target/ignition-webapp-7.7/WEB-INF/lib/commons-cli-1.0.jar
7ffc50004000-7ffc50009000 r--s 00030000 08:06 4198524                    /usr/local/development/dev-7-7/Ignition/IgnitionWebApp/target/ignition-webapp-7.7/WEB-INF/lib/client-bootstrap-7.7.2-SNAPSHOT.jar
7ffc50009000-7ffc5000a000 r--s 00004000 08:06 4198536                    /usr/local/development/dev-7-7/Ignition/IgnitionWebApp/target/ignition-webapp-7.7/WEB-INF/lib/bootstrap-7.7.2-SNAPSHOT-classes.jar
7ffc5000a000-7ffc5000f000 r--s 0003e000 08:06 2364938                    /usr/local/development/dev-7-7/Ignition/IgnitionWebApp/target/ignition-webapp-7.7/WEB-INF/lib/barcode4j-2.1.jar
7ffc5000f000-7ffc50012000 r--s 0001c000 08:06 2364996                    /usr/local/development/dev-7-7/Ignition/IgnitionWebApp/target/ignition-webapp-7.7/WEB-INF/lib/axis-wsdl4j-1.5.1.jar
7ffc50012000-7ffc50013000 r--s 00004000 08:06 2364995                    /usr/local/development/dev-7-7/Ignition/IgnitionWebApp/target/ignition-webapp-7.7/WEB-INF/lib/axis-saaj-1.4.jar
7ffc50013000-7ffc50015000 r--s 00006000 08:06 2364994                    /usr/local/development/dev-7-7/Ignition/IgnitionWebApp/target/ignition-webapp-7.7/WEB-INF/lib/axis-jaxrpc-1.4.jar
7ffc50015000-7ffc50029000 r--s 00173000 08:06 2364993                    /usr/local/development/dev-7-7/Ignition/IgnitionWebApp/target/ignition-webapp-7.7/WEB-INF/lib/axis-1.4.jar
7ffc50029000-7ffc5002b000 r--s 0000d000 08:06 2364939                    /usr/local/development/dev-7-7/Ignition/IgnitionWebApp/target/ignition-webapp-7.7/WEB-INF/lib/avalon-framework-impl-4.2.0.jar
7ffc5002b000-7ffc50033000 r--s 00049000 08:06 2365005                    /usr/local/development/dev-7-7/Ignition/IgnitionWebApp/target/ignition-webapp-7.7/WEB-INF/lib/alloy-1.4.4.ia1.jar
7ffc50033000-7ffc50035000 r--s 00003000 08:06 2365026                    /usr/local/development/dev-7-7/Ignition/IgnitionWebApp/target/ignition-webapp-7.7/WEB-INF/lib/alarm-notification-gateway-api-2.7.2-20141104.214105-19.jar
7ffc50035000-7ffc5003b000 r--s 00032000 08:06 2365025                    /usr/local/development/dev-7-7/Ignition/IgnitionWebApp/target/ignition-webapp-7.7/WEB-INF/lib/alarm-notification-gateway-2.7.2-20141104.214111-19.jar
7ffc5003b000-7ffc5003d000 r--s 00004000 08:06 2365027                    /usr/local/development/dev-7-7/Ignition/IgnitionWebApp/target/ignition-webapp-7.7/WEB-INF/lib/alarm-notification-common-2.7.2-20141104.214053-19.jar
7ffc5003d000-7ffc50047000 r--s 00036000 08:06 2365203                    /usr/local/development/dev-7-7/Ignition/IgnitionWebApp/target/ignition-webapp-7.7/WEB-INF/lib/airlink-sms-notification-2.7.2-20141104.214125-19.jar
7ffc50047000-7ffc50049000 r--s 0000d000 08:06 2365001                    /usr/local/development/dev-7-7/Ignition/IgnitionWebApp/target/ignition-webapp-7.7/WEB-INF/lib/activation-ws-1.0.0.jar
7ffc50049000-7ffc5004c000 ---p 00000000 00:00 0 
7ffc5004c000-7ffc5014a000 rw-p 00000000 00:00 0                          [stack:8506]
7ffc5014a000-7ffc5014f000 r-xp 00000000 08:06 15211194                   /usr/lib/x86_64-linux-gnu/libXdmcp.so.6.0.0
7ffc5014f000-7ffc5034e000 ---p 00005000 08:06 15211194                   /usr/lib/x86_64-linux-gnu/libXdmcp.so.6.0.0
7ffc5034e000-7ffc5034f000 r--p 00004000 08:06 15211194                   /usr/lib/x86_64-linux-gnu/libXdmcp.so.6.0.0
7ffc5034f000-7ffc50350000 rw-p 00005000 08:06 15211194                   /usr/lib/x86_64-linux-gnu/libXdmcp.so.6.0.0
7ffc50350000-7ffc50352000 r-xp 00000000 08:06 15211183                   /usr/lib/x86_64-linux-gnu/libXau.so.6.0.0
7ffc50352000-7ffc50552000 ---p 00002000 08:06 15211183                   /usr/lib/x86_64-linux-gnu/libXau.so.6.0.0
7ffc50552000-7ffc50553000 r--p 00002000 08:06 15211183                   /usr/lib/x86_64-linux-gnu/libXau.so.6.0.0
7ffc50553000-7ffc50554000 rw-p 00003000 08:06 15211183                   /usr/lib/x86_64-linux-gnu/libXau.so.6.0.0
7ffc50554000-7ffc50571000 r-xp 00000000 08:06 15212358                   /usr/lib/x86_64-linux-gnu/libxcb.so.1.1.0
7ffc50571000-7ffc50771000 ---p 0001d000 08:06 15212358                   /usr/lib/x86_64-linux-gnu/libxcb.so.1.1.0
7ffc50771000-7ffc50772000 r--p 0001d000 08:06 15212358                   /usr/lib/x86_64-linux-gnu/libxcb.so.1.1.0
7ffc50772000-7ffc50773000 rw-p 0001e000 08:06 15212358                   /usr/lib/x86_64-linux-gnu/libxcb.so.1.1.0
7ffc50773000-7ffc50782000 r-xp 00000000 08:06 15211204                   /usr/lib/x86_64-linux-gnu/libXi.so.6.1.0
7ffc50782000-7ffc50981000 ---p 0000f000 08:06 15211204                   /usr/lib/x86_64-linux-gnu/libXi.so.6.1.0
7ffc50981000-7ffc50982000 r--p 0000e000 08:06 15211204                   /usr/lib/x86_64-linux-gnu/libXi.so.6.1.0
7ffc50982000-7ffc50983000 rw-p 0000f000 08:06 15211204                   /usr/lib/x86_64-linux-gnu/libXi.so.6.1.0
7ffc50983000-7ffc50988000 r-xp 00000000 08:06 15211222                   /usr/lib/x86_64-linux-gnu/libXtst.so.6.1.0
7ffc50988000-7ffc50b87000 ---p 00005000 08:06 15211222                   /usr/lib/x86_64-linux-gnu/libXtst.so.6.1.0
7ffc50b87000-7ffc50b88000 r--p 00004000 08:06 15211222                   /usr/lib/x86_64-linux-gnu/libXtst.so.6.1.0
7ffc50b88000-7ffc50b89000 rw-p 00005000 08:06 15211222                   /usr/lib/x86_64-linux-gnu/libXtst.so.6.1.0
7ffc50b89000-7ffc50b92000 r-xp 00000000 08:06 15211216                   /usr/lib/x86_64-linux-gnu/libXrender.so.1.3.0
7ffc50b92000-7ffc50d91000 ---p 00009000 08:06 15211216                   /usr/lib/x86_64-linux-gnu/libXrender.so.1.3.0
7ffc50d91000-7ffc50d92000 r--p 00008000 08:06 15211216                   /usr/lib/x86_64-linux-gnu/libXrender.so.1.3.0
7ffc50d92000-7ffc50d93000 rw-p 00009000 08:06 15211216                   /usr/lib/x86_64-linux-gnu/libXrender.so.1.3.0
7ffc50d93000-7ffc50ec3000 r-xp 00000000 08:06 15211179                   /usr/lib/x86_64-linux-gnu/libX11.so.6.3.0
7ffc50ec3000-7ffc510c3000 ---p 00130000 08:06 15211179                   /usr/lib/x86_64-linux-gnu/libX11.so.6.3.0
7ffc510c3000-7ffc510c4000 r--p 00130000 08:06 15211179                   /usr/lib/x86_64-linux-gnu/libX11.so.6.3.0
7ffc510c4000-7ffc510c8000 rw-p 00131000 08:06 15211179                   /usr/lib/x86_64-linux-gnu/libX11.so.6.3.0
7ffc510c8000-7ffc510d9000 r-xp 00000000 08:06 15211196                   /usr/lib/x86_64-linux-gnu/libXext.so.6.4.0
7ffc510d9000-7ffc512d8000 ---p 00011000 08:06 15211196                   /usr/lib/x86_64-linux-gnu/libXext.so.6.4.0
7ffc512d8000-7ffc512d9000 r--p 00010000 08:06 15211196                   /usr/lib/x86_64-linux-gnu/libXext.so.6.4.0
7ffc512d9000-7ffc512da000 rw-p 00011000 08:06 15211196                   /usr/lib/x86_64-linux-gnu/libXext.so.6.4.0
7ffc512da000-7ffc512dc000 r--s 0000e000 08:06 2364952                    /usr/local/development/dev-7-7/Ignition/IgnitionWebApp/target/ignition-webapp-7.7/WEB-INF/lib/activation-1.1.jar
7ffc512dc000-7ffc512e5000 r--s 00069000 08:06 2365223                    /usr/local/development/dev-7-7/Ignition/IgnitionWebApp/target/ignition-webapp-7.7/WEB-INF/lib/ab-drivers-1.7.0-20131026.004154-8.jar
7ffc512e5000-7ffc512ea000 r--s 0003c000 08:06 2364992                    /usr/local/development/dev-7-7/Ignition/IgnitionWebApp/target/ignition-webapp-7.7/WEB-INF/lib/FastInfoset-1.0.2.jar
7ffc512ea000-7ffc512ef000 r--s 002f8000 08:06 20582247                   /usr/lib/jvm/jdk1.8.0_20/jre/lib/charsets.jar
7ffc512ef000-7ffc512f4000 r--s 0003f000 08:06 1185790                    /usr/lib/jvm/jdk1.8.0_20/jre/lib/ext/sunjce_provider.jar
7ffc512f4000-7ffc512f7000 r--s 0003a000 08:06 1185787                    /usr/lib/jvm/jdk1.8.0_20/jre/lib/ext/sunpkcs11.jar
7ffc512f7000-7ffc512f9000 r--s 0001a000 08:06 20582317                   /usr/lib/jvm/jdk1.8.0_20/jre/lib/jce.jar
7ffc512f9000-7ffc5134d000 r-xp 00000000 08:06 20582307                   /usr/lib/jvm/jdk1.8.0_20/jre/lib/amd64/libawt_xawt.so
7ffc5134d000-7ffc5154d000 ---p 00054000 08:06 20582307                   /usr/lib/jvm/jdk1.8.0_20/jre/lib/amd64/libawt_xawt.so
7ffc5154d000-7ffc51551000 rw-p 00054000 08:06 20582307                   /usr/lib/jvm/jdk1.8.0_20/jre/lib/amd64/libawt_xawt.so
7ffc51551000-7ffc51552000 rw-p 00000000 00:00 0 
7ffc51552000-7ffc515f4000 r-xp 00000000 08:06 20582293                   /usr/lib/jvm/jdk1.8.0_20/jre/lib/amd64/libawt.so
7ffc515f4000-7ffc517f4000 ---p 000a2000 08:06 20582293                   /usr/lib/jvm/jdk1.8.0_20/jre/lib/amd64/libawt.so
7ffc517f4000-7ffc51800000 rw-p 000a2000 08:06 20582293                   /usr/lib/jvm/jdk1.8.0_20/jre/lib/amd64/libawt.so
7ffc51800000-7ffc51824000 rw-p 00000000 00:00 0 
7ffc51824000-7ffc51827000 ---p 00000000 00:00 0 
7ffc51827000-7ffc51925000 rw-p 00000000 00:00 0                          [stack:8505]
7ffc51925000-7ffc51928000 ---p 00000000 00:00 0 
7ffc51928000-7ffc51a26000 rw-p 00000000 00:00 0 
7ffc51a26000-7ffc51a29000 ---p 00000000 00:00 0 
7ffc51a29000-7ffc51b27000 rw-p 00000000 00:00 0 
7ffc51b27000-7ffc51b2a000 ---p 00000000 00:00 0 
7ffc51b2a000-7ffc51c28000 rw-p 00000000 00:00 0                          [stack:8500]
7ffc51c28000-7ffc51c2b000 ---p 00000000 00:00 0 
7ffc51c2b000-7ffc51d29000 rw-p 00000000 00:00 0 
7ffc51d29000-7ffc51d33000 r--s 00116000 08:06 1185789                    /usr/lib/jvm/jdk1.8.0_20/jre/lib/ext/localedata.jar
7ffc51d33000-7ffc51d4f000 r--s 00393000 08:06 1185783                    /usr/lib/jvm/jdk1.8.0_20/jre/lib/ext/cldrdata.jar
7ffc51d4f000-7ffc51f4f000 rw-p 00000000 00:00 0 
7ffc51f4f000-7ffc51f52000 r--s 0000f000 08:06 19532219                   /usr/local/development/dev-7-6/Ignition/Servers/apache-tomcat-6.0.36/lib/tomcat-i18n-es.jar
7ffc51f52000-7ffc51f54000 r--s 0000b000 08:06 19532220                   /usr/local/development/dev-7-6/Ignition/Servers/apache-tomcat-6.0.36/lib/tomcat-i18n-fr.jar
7ffc51f54000-7ffc51f58000 r--s 0003a000 08:06 19532218                   /usr/local/development/dev-7-6/Ignition/Servers/apache-tomcat-6.0.36/lib/tomcat-dbcp.jar
7ffc51f58000-7ffc51f68000 r--s 0019c000 08:06 19532210                   /usr/local/development/dev-7-6/Ignition/Servers/apache-tomcat-6.0.36/lib/ecj-3.7.2.jar
7ffc51f68000-7ffc51f6f000 r--s 000c7000 08:06 19532215                   /usr/local/development/dev-7-6/Ignition/Servers/apache-tomcat-6.0.36/lib/mysql-connector-java-5.1.23-bin.jar
7ffc51f6f000-7ffc51f7f000 r--s 00120000 08:06 19532209                   /usr/local/development/dev-7-6/Ignition/Servers/apache-tomcat-6.0.36/lib/catalina.jar
7ffc51f7f000-7ffc51f82000 r--s 0001e000 08:06 19532207                   /usr/local/development/dev-7-6/Ignition/Servers/apache-tomcat-6.0.36/lib/catalina-ha.jar
7ffc51f82000-7ffc51f86000 r--s 00036000 08:06 19532208                   /usr/local/development/dev-7-6/Ignition/Servers/apache-tomcat-6.0.36/lib/catalina-tribes.jar
7ffc51f86000-7ffc51f8d000 r--s 0007a000 08:06 19532213                   /usr/local/development/dev-7-6/Ignition/Servers/apache-tomcat-6.0.36/lib/jasper.jar
7ffc51f8d000-7ffc51f8e000 ---p 00000000 00:00 0 
7ffc51f8e000-7ffc5208e000 rw-p 00000000 00:00 0                          [stack:8497]
7ffc5208e000-7ffc52091000 ---p 00000000 00:00 0 
7ffc52091000-7ffc5218f000 rw-p 00000000 00:00 0                          [stack:8496]
7ffc5218f000-7ffc52192000 ---p 00000000 00:00 0 
7ffc52192000-7ffc52290000 rw-p 00000000 00:00 0                          [stack:8495]
7ffc52290000-7ffc52293000 ---p 00000000 00:00 0 
7ffc52293000-7ffc52391000 rw-p 00000000 00:00 0                          [stack:8494]
7ffc52391000-7ffc523a2000 r-xp 00000000 08:06 20582303                   /usr/lib/jvm/jdk1.8.0_20/jre/lib/amd64/libnio.so
7ffc523a2000-7ffc525a1000 ---p 00011000 08:06 20582303                   /usr/lib/jvm/jdk1.8.0_20/jre/lib/amd64/libnio.so
7ffc525a1000-7ffc525a2000 rw-p 00010000 08:06 20582303                   /usr/lib/jvm/jdk1.8.0_20/jre/lib/amd64/libnio.so
7ffc525a2000-7ffc525d3000 rw-p 00000000 00:00 0 
7ffc525d3000-7ffc525e9000 r-xp 00000000 08:06 20582300                   /usr/lib/jvm/jdk1.8.0_20/jre/lib/amd64/libnet.so
7ffc525e9000-7ffc527e9000 ---p 00016000 08:06 20582300                   /usr/lib/jvm/jdk1.8.0_20/jre/lib/amd64/libnet.so
7ffc527e9000-7ffc527ea000 rw-p 00016000 08:06 20582300                   /usr/lib/jvm/jdk1.8.0_20/jre/lib/amd64/libnet.so
7ffc527ea000-7ffc527f2000 r-xp 00000000 08:06 20582308                   /usr/lib/jvm/jdk1.8.0_20/jre/lib/amd64/libmanagement.so
7ffc527f2000-7ffc529f2000 ---p 00008000 08:06 20582308                   /usr/lib/jvm/jdk1.8.0_20/jre/lib/amd64/libmanagement.so
7ffc529f2000-7ffc529f3000 rw-p 00008000 08:06 20582308                   /usr/lib/jvm/jdk1.8.0_20/jre/lib/amd64/libmanagement.so
7ffc529f3000-7ffc529f6000 ---p 00000000 00:00 0 
7ffc529f6000-7ffc52af4000 rw-p 00000000 00:00 0                          [stack:8493]
7ffc52af4000-7ffc52af7000 ---p 00000000 00:00 0 
7ffc52af7000-7ffc52bf5000 rw-p 00000000 00:00 0                          [stack:8492]
7ffc52bf5000-7ffc52bf8000 ---p 00000000 00:00 0 
7ffc52bf8000-7ffc52cf6000 rw-p 00000000 00:00 0                          [stack:8491]
7ffc52cf6000-7ffc52cf9000 ---p 00000000 00:00 0 
7ffc52cf9000-7ffc52df7000 rw-p 00000000 00:00 0                          [stack:8490]
7ffc52df7000-7ffc52dfa000 ---p 00000000 00:00 0 
7ffc52dfa000-7ffc52ef8000 rw-p 00000000 00:00 0                          [stack:8489]
7ffc52ef8000-7ffc52efb000 ---p 00000000 00:00 0 
7ffc52efb000-7ffc52ff9000 rw-p 00000000 00:00 0 
7ffc52ff9000-7ffc52ffc000 ---p 00000000 00:00 0 
7ffc52ffc000-7ffc530fa000 rw-p 00000000 00:00 0                          [stack:8486]
7ffc530fa000-7ffc530fd000 ---p 00000000 00:00 0 
7ffc530fd000-7ffc531fb000 rw-p 00000000 00:00 0                          [stack:8631]
7ffc531fb000-7ffc531ff000 r-xp 00000000 08:06 20582275                   /usr/lib/jvm/jdk1.8.0_20/jre/lib/amd64/libdt_socket.so
7ffc531ff000-7ffc533fe000 ---p 00004000 08:06 20582275                   /usr/lib/jvm/jdk1.8.0_20/jre/lib/amd64/libdt_socket.so
7ffc533fe000-7ffc533ff000 rw-p 00003000 08:06 20582275                   /usr/lib/jvm/jdk1.8.0_20/jre/lib/amd64/libdt_socket.so
7ffc533ff000-7ffc53402000 ---p 00000000 00:00 0 
7ffc53402000-7ffc53500000 rw-p 00000000 00:00 0                          [stack:8483]
7ffc53500000-7ffc53503000 ---p 00000000 00:00 0 
7ffc53503000-7ffc53601000 rw-p 00000000 00:00 0                          [stack:8482]
7ffc53601000-7ffc53604000 ---p 00000000 00:00 0 
7ffc53604000-7ffc53702000 rw-p 00000000 00:00 0                          [stack:8481]
7ffc53702000-7ffc53703000 ---p 00000000 00:00 0 
7ffc53703000-7ffc5c000000 rw-p 00000000 00:00 0                          [stack:8480]
7ffc5c000000-7ffc5c021000 rw-p 00000000 00:00 0 
7ffc5c021000-7ffc60000000 ---p 00000000 00:00 0 
7ffc60000000-7ffc60021000 rw-p 00000000 00:00 0 
7ffc60021000-7ffc64000000 ---p 00000000 00:00 0 
7ffc64000000-7ffc64021000 rw-p 00000000 00:00 0 
7ffc64021000-7ffc68000000 ---p 00000000 00:00 0 
7ffc68000000-7ffc68021000 rw-p 00000000 00:00 0 
7ffc68021000-7ffc6c000000 ---p 00000000 00:00 0 
7ffc6c000000-7ffc6c021000 rw-p 00000000 00:00 0 
7ffc6c021000-7ffc70000000 ---p 00000000 00:00 0 
7ffc70000000-7ffc70021000 rw-p 00000000 00:00 0 
7ffc70021000-7ffc74000000 ---p 00000000 00:00 0 
7ffc74000000-7ffc74021000 rw-p 00000000 00:00 0 
7ffc74021000-7ffc78000000 ---p 00000000 00:00 0 
7ffc78000000-7ffc78021000 rw-p 00000000 00:00 0 
7ffc78021000-7ffc7c000000 ---p 00000000 00:00 0 
7ffc7c000000-7ffc7c001000 r--s 00009000 08:06 1185781                    /usr/lib/jvm/jdk1.8.0_20/jre/lib/ext/sunec.jar
7ffc7c001000-7ffc7c00b000 r--s 000b3000 08:06 19532217                   /usr/local/development/dev-7-6/Ignition/Servers/apache-tomcat-6.0.36/lib/tomcat-coyote.jar
7ffc7c00b000-7ffc7d102000 rw-p 00000000 00:00 0 
7ffc7d102000-7ffc7d2d7000 r--s 03ca3000 08:06 20582249                   /usr/lib/jvm/jdk1.8.0_20/jre/lib/rt.jar
7ffc7d2d7000-7ffc7e2a2000 rw-p 00000000 00:00 0 
7ffc7e2a2000-7ffc7e2a3000 ---p 00000000 00:00 0 
7ffc7e2a3000-7ffc7e3a3000 rw-p 00000000 00:00 0                          [stack:8479]
7ffc7e3a3000-7ffc7e3a4000 ---p 00000000 00:00 0 
7ffc7e3a4000-7ffc7e4a4000 rw-p 00000000 00:00 0                          [stack:8478]
7ffc7e4a4000-7ffc7e4a5000 ---p 00000000 00:00 0 
7ffc7e4a5000-7ffc7e5a5000 rw-p 00000000 00:00 0                          [stack:8477]
7ffc7e5a5000-7ffc7e5a6000 ---p 00000000 00:00 0 
7ffc7e5a6000-7ffc7e6a6000 rw-p 00000000 00:00 0                          [stack:8476]
7ffc7e6a6000-7ffc7e6a7000 ---p 00000000 00:00 0 
7ffc7e6a7000-7ffc7e7a7000 rw-p 00000000 00:00 0                          [stack:8475]
7ffc7e7a7000-7ffc7e7a8000 ---p 00000000 00:00 0 
7ffc7e7a8000-7ffc7e8a8000 rw-p 00000000 00:00 0                          [stack:8474]
7ffc7e8a8000-7ffc7e8a9000 ---p 00000000 00:00 0 
7ffc7e8a9000-7ffc7ea19000 rw-p 00000000 00:00 0                          [stack:8473]
7ffc7ea19000-7ffc7eedb000 ---p 00000000 00:00 0 
7ffc7eedb000-7ffc7ef4b000 rw-p 00000000 00:00 0 
7ffc7ef4b000-7ffc7f40d000 ---p 00000000 00:00 0 
7ffc7f40d000-7ffc7f4f8000 rw-p 00000000 00:00 0 
7ffc7f4f8000-7ffc7f6a6000 ---p 00000000 00:00 0 
7ffc7f6a6000-7ffc7f701000 rw-p 00000000 00:00 0 
7ffc7f701000-7ffc7fa67000 ---p 00000000 00:00 0 
7ffc7fa67000-7ffc810d7000 rwxp 00000000 00:00 0 
7ffc810d7000-7ffc8ea67000 ---p 00000000 00:00 0 
7ffc8ea67000-7ffc8ea83000 r-xp 00000000 08:06 20582296                   /usr/lib/jvm/jdk1.8.0_20/jre/lib/amd64/libzip.so
7ffc8ea83000-7ffc8ec82000 ---p 0001c000 08:06 20582296                   /usr/lib/jvm/jdk1.8.0_20/jre/lib/amd64/libzip.so
7ffc8ec82000-7ffc8ec83000 rw-p 0001b000 08:06 20582296                   /usr/lib/jvm/jdk1.8.0_20/jre/lib/amd64/libzip.so
7ffc8ec83000-7ffc8ec8e000 r-xp 00000000 08:06 15602342                   /lib/x86_64-linux-gnu/libnss_files-2.19.so
7ffc8ec8e000-7ffc8ee8d000 ---p 0000b000 08:06 15602342                   /lib/x86_64-linux-gnu/libnss_files-2.19.so
7ffc8ee8d000-7ffc8ee8e000 r--p 0000a000 08:06 15602342                   /lib/x86_64-linux-gnu/libnss_files-2.19.so
7ffc8ee8e000-7ffc8ee8f000 rw-p 0000b000 08:06 15602342                   /lib/x86_64-linux-gnu/libnss_files-2.19.so
7ffc8ee8f000-7ffc8ee9a000 r-xp 00000000 08:06 15602345                   /lib/x86_64-linux-gnu/libnss_nis-2.19.so
7ffc8ee9a000-7ffc8f099000 ---p 0000b000 08:06 15602345                   /lib/x86_64-linux-gnu/libnss_nis-2.19.so
7ffc8f099000-7ffc8f09a000 r--p 0000a000 08:06 15602345                   /lib/x86_64-linux-gnu/libnss_nis-2.19.so
7ffc8f09a000-7ffc8f09b000 rw-p 0000b000 08:06 15602345                   /lib/x86_64-linux-gnu/libnss_nis-2.19.so
7ffc8f09b000-7ffc8f0b2000 r-xp 00000000 08:06 15602152                   /lib/x86_64-linux-gnu/libnsl-2.19.so
7ffc8f0b2000-7ffc8f2b1000 ---p 00017000 08:06 15602152                   /lib/x86_64-linux-gnu/libnsl-2.19.so
7ffc8f2b1000-7ffc8f2b2000 r--p 00016000 08:06 15602152                   /lib/x86_64-linux-gnu/libnsl-2.19.so
7ffc8f2b2000-7ffc8f2b3000 rw-p 00017000 08:06 15602152                   /lib/x86_64-linux-gnu/libnsl-2.19.so
7ffc8f2b3000-7ffc8f2b5000 rw-p 00000000 00:00 0 
7ffc8f2b5000-7ffc8f2be000 r-xp 00000000 08:06 15601662                   /lib/x86_64-linux-gnu/libnss_compat-2.19.so
7ffc8f2be000-7ffc8f4bd000 ---p 00009000 08:06 15601662                   /lib/x86_64-linux-gnu/libnss_compat-2.19.so
7ffc8f4bd000-7ffc8f4be000 r--p 00008000 08:06 15601662                   /lib/x86_64-linux-gnu/libnss_compat-2.19.so
7ffc8f4be000-7ffc8f4bf000 rw-p 00009000 08:06 15601662                   /lib/x86_64-linux-gnu/libnss_compat-2.19.so
7ffc8f4bf000-7ffc8f788000 r--p 00000000 08:06 15209877                   /usr/lib/locale/locale-archive
7ffc8f788000-7ffc8f78a000 r-xp 00000000 08:06 20582276                   /usr/lib/jvm/jdk1.8.0_20/jre/lib/amd64/libnpt.so
7ffc8f78a000-7ffc8f98a000 ---p 00002000 08:06 20582276                   /usr/lib/jvm/jdk1.8.0_20/jre/lib/amd64/libnpt.so
7ffc8f98a000-7ffc8f98b000 rw-p 00002000 08:06 20582276                   /usr/lib/jvm/jdk1.8.0_20/jre/lib/amd64/libnpt.so
7ffc8f98b000-7ffc8f9c4000 r-xp 00000000 08:06 20582287                   /usr/lib/jvm/jdk1.8.0_20/jre/lib/amd64/libjdwp.so
7ffc8f9c4000-7ffc8fbc3000 ---p 00039000 08:06 20582287                   /usr/lib/jvm/jdk1.8.0_20/jre/lib/amd64/libjdwp.so
7ffc8fbc3000-7ffc8fbc5000 rw-p 00038000 08:06 20582287                   /usr/lib/jvm/jdk1.8.0_20/jre/lib/amd64/libjdwp.so
7ffc8fbc5000-7ffc8fbef000 r-xp 00000000 08:06 20582291                   /usr/lib/jvm/jdk1.8.0_20/jre/lib/amd64/libjava.so
7ffc8fbef000-7ffc8fdef000 ---p 0002a000 08:06 20582291                   /usr/lib/jvm/jdk1.8.0_20/jre/lib/amd64/libjava.so
7ffc8fdef000-7ffc8fdf1000 rw-p 0002a000 08:06 20582291                   /usr/lib/jvm/jdk1.8.0_20/jre/lib/amd64/libjava.so
7ffc8fdf1000-7ffc8fdfe000 r-xp 00000000 08:06 20582295                   /usr/lib/jvm/jdk1.8.0_20/jre/lib/amd64/libverify.so
7ffc8fdfe000-7ffc8fffe000 ---p 0000d000 08:06 20582295                   /usr/lib/jvm/jdk1.8.0_20/jre/lib/amd64/libverify.so
7ffc8fffe000-7ffc90000000 rw-p 0000d000 08:06 20582295                   /usr/lib/jvm/jdk1.8.0_20/jre/lib/amd64/libverify.so
7ffc90000000-7ffc90714000 rw-p 00000000 00:00 0 
7ffc90714000-7ffc94000000 ---p 00000000 00:00 0 
7ffc94000000-7ffc940c5000 rw-p 00000000 00:00 0 
7ffc940c5000-7ffc940c6000 ---p 00000000 00:00 0 
7ffc940c6000-7ffc941c6000 rw-p 00000000 00:00 0                          [stack:8472]
7ffc941c6000-7ffc941cd000 r-xp 00000000 08:06 15602320                   /lib/x86_64-linux-gnu/librt-2.19.so
7ffc941cd000-7ffc943cc000 ---p 00007000 08:06 15602320                   /lib/x86_64-linux-gnu/librt-2.19.so
7ffc943cc000-7ffc943cd000 r--p 00006000 08:06 15602320                   /lib/x86_64-linux-gnu/librt-2.19.so
7ffc943cd000-7ffc943ce000 rw-p 00007000 08:06 15602320                   /lib/x86_64-linux-gnu/librt-2.19.so
7ffc943ce000-7ffc944d3000 r-xp 00000000 08:06 15602334                   /lib/x86_64-linux-gnu/libm-2.19.so
7ffc944d3000-7ffc946d2000 ---p 00105000 08:06 15602334                   /lib/x86_64-linux-gnu/libm-2.19.so
7ffc946d2000-7ffc946d3000 r--p 00104000 08:06 15602334                   /lib/x86_64-linux-gnu/libm-2.19.so
7ffc946d3000-7ffc946d4000 rw-p 00105000 08:06 15602334                   /lib/x86_64-linux-gnu/libm-2.19.so
7ffc946d4000-7ffc9533e000 r-xp 00000000 08:06 20845908                   /usr/lib/jvm/jdk1.8.0_20/jre/lib/amd64/server/libjvm.so
7ffc9533e000-7ffc9553e000 ---p 00c6a000 08:06 20845908                   /usr/lib/jvm/jdk1.8.0_20/jre/lib/amd64/server/libjvm.so
7ffc9553e000-7ffc95614000 rw-p 00c6a000 08:06 20845908                   /usr/lib/jvm/jdk1.8.0_20/jre/lib/amd64/server/libjvm.so
7ffc95614000-7ffc95656000 rw-p 00000000 00:00 0 
7ffc95656000-7ffc95811000 r-xp 00000000 08:06 15602328                   /lib/x86_64-linux-gnu/libc-2.19.so
7ffc95811000-7ffc95a11000 ---p 001bb000 08:06 15602328                   /lib/x86_64-linux-gnu/libc-2.19.so
7ffc95a11000-7ffc95a15000 r--p 001bb000 08:06 15602328                   /lib/x86_64-linux-gnu/libc-2.19.so
7ffc95a15000-7ffc95a17000 rw-p 001bf000 08:06 15602328                   /lib/x86_64-linux-gnu/libc-2.19.so
7ffc95a17000-7ffc95a1c000 rw-p 00000000 00:00 0 
7ffc95a1c000-7ffc95a1f000 r-xp 00000000 08:06 15602352                   /lib/x86_64-linux-gnu/libdl-2.19.so
7ffc95a1f000-7ffc95c1e000 ---p 00003000 08:06 15602352                   /lib/x86_64-linux-gnu/libdl-2.19.so
7ffc95c1e000-7ffc95c1f000 r--p 00002000 08:06 15602352                   /lib/x86_64-linux-gnu/libdl-2.19.so
7ffc95c1f000-7ffc95c20000 rw-p 00003000 08:06 15602352                   /lib/x86_64-linux-gnu/libdl-2.19.so
7ffc95c20000-7ffc95c37000 r-xp 00000000 08:06 20061287                   /usr/lib/jvm/jdk1.8.0_20/lib/amd64/jli/libjli.so
7ffc95c37000-7ffc95e36000 ---p 00017000 08:06 20061287                   /usr/lib/jvm/jdk1.8.0_20/lib/amd64/jli/libjli.so
7ffc95e36000-7ffc95e37000 rw-p 00016000 08:06 20061287                   /usr/lib/jvm/jdk1.8.0_20/lib/amd64/jli/libjli.so
7ffc95e37000-7ffc95e50000 r-xp 00000000 08:06 15602353                   /lib/x86_64-linux-gnu/libpthread-2.19.so
7ffc95e50000-7ffc9604f000 ---p 00019000 08:06 15602353                   /lib/x86_64-linux-gnu/libpthread-2.19.so
7ffc9604f000-7ffc96050000 r--p 00018000 08:06 15602353                   /lib/x86_64-linux-gnu/libpthread-2.19.so
7ffc96050000-7ffc96051000 rw-p 00019000 08:06 15602353                   /lib/x86_64-linux-gnu/libpthread-2.19.so
7ffc96051000-7ffc96055000 rw-p 00000000 00:00 0 
7ffc96055000-7ffc96078000 r-xp 00000000 08:06 15602330                   /lib/x86_64-linux-gnu/ld-2.19.so
7ffc96078000-7ffc9607a000 r--s 0000c000 08:06 19532221                   /usr/local/development/dev-7-6/Ignition/Servers/apache-tomcat-6.0.36/lib/tomcat-i18n-ja.jar
7ffc9607a000-7ffc9607c000 r--s 00011000 08:06 19532214                   /usr/local/development/dev-7-6/Ignition/Servers/apache-tomcat-6.0.36/lib/jsp-api.jar
7ffc9607c000-7ffc9607e000 r--s 00014000 08:06 19532216                   /usr/local/development/dev-7-6/Ignition/Servers/apache-tomcat-6.0.36/lib/servlet-api.jar
7ffc9607e000-7ffc96080000 r--s 0000c000 08:06 19532206                   /usr/local/development/dev-7-6/Ignition/Servers/apache-tomcat-6.0.36/lib/catalina-ant.jar
7ffc96080000-7ffc96151000 rw-p 00000000 00:00 0 
7ffc96151000-7ffc96154000 ---p 00000000 00:00 0 
7ffc96154000-7ffc96256000 rw-p 00000000 00:00 0                          [stack:8471]
7ffc96256000-7ffc96258000 r--s 00007000 08:06 19532211                   /usr/local/development/dev-7-6/Ignition/Servers/apache-tomcat-6.0.36/lib/el-api.jar
7ffc96258000-7ffc96259000 r--s 00003000 08:06 19532205                   /usr/local/development/dev-7-6/Ignition/Servers/apache-tomcat-6.0.36/lib/annotations-api.jar
7ffc96259000-7ffc9625c000 r--s 00019000 08:06 19532212                   /usr/local/development/dev-7-6/Ignition/Servers/apache-tomcat-6.0.36/lib/jasper-el.jar
7ffc9625c000-7ffc96261000 r--s 00092000 08:06 20582254                   /usr/lib/jvm/jdk1.8.0_20/jre/lib/jsse.jar
7ffc96261000-7ffc96262000 r--s 00007000 08:06 19533431                   /usr/local/development/dev-7-6/Ignition/Servers/apache-tomcat-6.0.36/bin/tomcat-juli.jar
7ffc96262000-7ffc96263000 r--s 00005000 08:06 19533430                   /usr/local/development/dev-7-6/Ignition/Servers/apache-tomcat-6.0.36/bin/commons-daemon.jar
7ffc96263000-7ffc96264000 r--s 00005000 08:06 19533429                   /usr/local/development/dev-7-6/Ignition/Servers/apache-tomcat-6.0.36/bin/bootstrap.jar
7ffc96264000-7ffc9626b000 r--s 000c7000 08:06 1179649                    /usr/lib/jvm/jdk1.8.0_20/jre/lib/ext/mysql-connector-java-5.1.23-bin.jar
7ffc9626b000-7ffc96273000 rw-s 00000000 08:06 6164362                    /tmp/hsperfdata_mattg/8466
7ffc96273000-7ffc96274000 rw-p 00000000 00:00 0 
7ffc96274000-7ffc96275000 r--p 00000000 00:00 0 
7ffc96275000-7ffc96277000 rw-p 00000000 00:00 0 
7ffc96277000-7ffc96278000 r--p 00022000 08:06 15602330                   /lib/x86_64-linux-gnu/ld-2.19.so
7ffc96278000-7ffc96279000 rw-p 00023000 08:06 15602330                   /lib/x86_64-linux-gnu/ld-2.19.so
7ffc96279000-7ffc9627a000 rw-p 00000000 00:00 0 
7fff4f68b000-7fff4f6ac000 rw-p 00000000 00:00 0                          [stack]
7fff4f7b1000-7fff4f7b3000 r-xp 00000000 00:00 0                          [vdso]
ffffffffff600000-ffffffffff601000 r-xp 00000000 00:00 0                  [vsyscall]

VM Arguments:
jvm_args: -Djava.util.logging.config.file=/home/mattg/.IntelliJIdea13/system/tomcat/Unnamed_77-Ignition/conf/logging.properties -Xdebug -Xrunjdwp:transport=dt_socket,address=127.0.0.1:51670,suspend=y,server=n -Dcom.sun.management.jmxremote= -Dcom.sun.management.jmxremote.port=1099 -Dcom.sun.management.jmxremote.ssl=false -Dcom.sun.management.jmxremote.authenticate=false -Djava.rmi.server.hostname=127.0.0.1 -Djava.util.logging.manager=org.apache.juli.ClassLoaderLogManager -Djava.endorsed.dirs=/usr/local/development/dev-7-6/Ignition/Servers/apache-tomcat-6.0.36/endorsed -Dcatalina.base=/home/mattg/.IntelliJIdea13/system/tomcat/Unnamed_77-Ignition -Dcatalina.home=/usr/local/development/dev-7-6/Ignition/Servers/apache-tomcat-6.0.36 -Djava.io.tmpdir=/usr/local/development/dev-7-6/Ignition/Servers/apache-tomcat-6.0.36/temp 
java_command: org.apache.catalina.startup.Bootstrap start
java_class_path (initial): /usr/local/development/dev-7-6/Ignition/Servers/apache-tomcat-6.0.36/bin/bootstrap.jar
Launcher Type: SUN_STANDARD

Environment Variables:
JAVA_HOME=/usr/lib/jvm/jdk1.8.0_20
CLASSPATH=/usr/local/development/dev-7-6/Ignition/Servers/apache-tomcat-6.0.36/bin/bootstrap.jar
PATH=/usr/local/sbin:/usr/local/bin:/usr/sbin:/usr/bin:/sbin:/bin:/usr/games:/usr/local/games:/usr/local/development/gradle-1.12/bin
USERNAME=mattg
LD_LIBRARY_PATH=/usr/local/development/idea-IU-135.909/bin:
SHELL=/bin/bash
DISPLAY=:0

Signal Handlers:
SIGSEGV: [libjvm.so+0xa76cd0], sa_mask[0]=11111111011111111101111111111110, sa_flags=SA_RESTART|SA_SIGINFO
SIGBUS: [libjvm.so+0xa76cd0], sa_mask[0]=11111111011111111101111111111110, sa_flags=SA_RESTART|SA_SIGINFO
SIGFPE: [libjvm.so+0x8e0d80], sa_mask[0]=11111111011111111101111111111110, sa_flags=SA_RESTART|SA_SIGINFO
SIGPIPE: [libjvm.so+0x8e0d80], sa_mask[0]=11111111011111111101111111111110, sa_flags=SA_RESTART|SA_SIGINFO
SIGXFSZ: [libjvm.so+0x8e0d80], sa_mask[0]=11111111011111111101111111111110, sa_flags=SA_RESTART|SA_SIGINFO
SIGILL: [libjvm.so+0x8e0d80], sa_mask[0]=11111111011111111101111111111110, sa_flags=SA_RESTART|SA_SIGINFO
SIGUSR1: SIG_DFL, sa_mask[0]=00000000000000000000000000000000, sa_flags=none
SIGUSR2: [libjvm.so+0x8e25b0], sa_mask[0]=00100000000000000000000000000000, sa_flags=SA_RESTART|SA_SIGINFO
SIGHUP: [libjvm.so+0x8e3970], sa_mask[0]=11111111011111111101111111111110, sa_flags=SA_RESTART|SA_SIGINFO
SIGINT: [libjvm.so+0x8e3970], sa_mask[0]=11111111011111111101111111111110, sa_flags=SA_RESTART|SA_SIGINFO
SIGTERM: [libjvm.so+0x8e3970], sa_mask[0]=11111111011111111101111111111110, sa_flags=SA_RESTART|SA_SIGINFO
SIGQUIT: [libjvm.so+0x8e3970], sa_mask[0]=11111111011111111101111111111110, sa_flags=SA_RESTART|SA_SIGINFO


---------------  S Y S T E M  ---------------

OS:DISTRIB_ID=LinuxMint
DISTRIB_RELEASE=17
DISTRIB_CODENAME=qiana
DISTRIB_DESCRIPTION="Linux Mint 17 Qiana"

uname:Linux 3.13.0-24-generic #46-Ubuntu SMP Thu Apr 10 19:11:08 UTC 2014 x86_64
libc:glibc 2.19 NPTL 2.19 
rlimit: STACK 8192k, CORE 0k, NPROC 127375, NOFILE 4096, AS infinity
load average:1.00 0.79 0.70

/proc/meminfo:
MemTotal:       16335088 kB
MemFree:        10778976 kB
Buffers:          140436 kB
Cached:          1759164 kB
SwapCached:            0 kB
Active:          4025892 kB
Inactive:        1180804 kB
Active(anon):    3314628 kB
Inactive(anon):   361060 kB
Active(file):     711264 kB
Inactive(file):   819744 kB
Unevictable:         584 kB
Mlocked:             584 kB
SwapTotal:      16676860 kB
SwapFree:       16676860 kB
Dirty:             39332 kB
Writeback:            88 kB
AnonPages:       3307772 kB
Mapped:           332084 kB
Shmem:            368596 kB
Slab:             149288 kB
SReclaimable:     102828 kB
SUnreclaim:        46460 kB
KernelStack:        6072 kB
PageTables:        44684 kB
NFS_Unstable:          0 kB
Bounce:                0 kB
WritebackTmp:          0 kB
CommitLimit:    24844404 kB
Committed_AS:    7311240 kB
VmallocTotal:   34359738367 kB
VmallocUsed:      444900 kB
VmallocChunk:   34359232048 kB
HardwareCorrupted:     0 kB
AnonHugePages:   2144256 kB
HugePages_Total:       0
HugePages_Free:        0
HugePages_Rsvd:        0
HugePages_Surp:        0
Hugepagesize:       2048 kB
DirectMap4k:       91592 kB
DirectMap2M:     2955264 kB
DirectMap1G:    13631488 kB


CPU:total 8 (4 cores per cpu, 2 threads per core) family 6 model 60 stepping 3, cmov, cx8, fxsr, mmx, sse, sse2, sse3, ssse3, sse4.1, sse4.2, popcnt, avx, avx2, aes, clmul, erms, lzcnt, ht, tsc, tscinvbit, bmi1, bmi2

/proc/cpuinfo:
processor	: 0
vendor_id	: GenuineIntel
cpu family	: 6
model		: 60
model name	: Intel(R) Core(TM) i7-4702HQ CPU @ 2.20GHz
stepping	: 3
microcode	: 0x17
cpu MHz		: 800.000
cache size	: 6144 KB
physical id	: 0
siblings	: 8
core id		: 0
cpu cores	: 4
apicid		: 0
initial apicid	: 0
fpu		: yes
fpu_exception	: yes
cpuid level	: 13
wp		: yes
flags		: fpu vme de pse tsc msr pae mce cx8 apic sep mtrr pge mca cmov pat pse36 clflush dts acpi mmx fxsr sse sse2 ss ht tm pbe syscall nx pdpe1gb rdtscp lm constant_tsc arch_perfmon pebs bts rep_good nopl xtopology nonstop_tsc aperfmperf eagerfpu pni pclmulqdq dtes64 monitor ds_cpl vmx est tm2 ssse3 fma cx16 xtpr pdcm pcid sse4_1 sse4_2 x2apic movbe popcnt tsc_deadline_timer aes xsave avx f16c rdrand lahf_lm abm ida arat epb xsaveopt pln pts dtherm tpr_shadow vnmi flexpriority ept vpid fsgsbase tsc_adjust bmi1 avx2 smep bmi2 erms invpcid
bogomips	: 4389.64
clflush size	: 64
cache_alignment	: 64
address sizes	: 39 bits physical, 48 bits virtual
power management:

processor	: 1
vendor_id	: GenuineIntel
cpu family	: 6
model		: 60
model name	: Intel(R) Core(TM) i7-4702HQ CPU @ 2.20GHz
stepping	: 3
microcode	: 0x17
cpu MHz		: 900.000
cache size	: 6144 KB
physical id	: 0
siblings	: 8
core id		: 1
cpu cores	: 4
apicid		: 2
initial apicid	: 2
fpu		: yes
fpu_exception	: yes
cpuid level	: 13
wp		: yes
flags		: fpu vme de pse tsc msr pae mce cx8 apic sep mtrr pge mca cmov pat pse36 clflush dts acpi mmx fxsr sse sse2 ss ht tm pbe syscall nx pdpe1gb rdtscp lm constant_tsc arch_perfmon pebs bts rep_good nopl xtopology nonstop_tsc aperfmperf eagerfpu pni pclmulqdq dtes64 monitor ds_cpl vmx est tm2 ssse3 fma cx16 xtpr pdcm pcid sse4_1 sse4_2 x2apic movbe popcnt tsc_deadline_timer aes xsave avx f16c rdrand lahf_lm abm ida arat epb xsaveopt pln pts dtherm tpr_shadow vnmi flexpriority ept vpid fsgsbase tsc_adjust bmi1 avx2 smep bmi2 erms invpcid
bogomips	: 4389.64
clflush size	: 64
cache_alignment	: 64
address sizes	: 39 bits physical, 48 bits virtual
power management:

processor	: 2
vendor_id	: GenuineIntel
cpu family	: 6
model		: 60
model name	: Intel(R) Core(TM) i7-4702HQ CPU @ 2.20GHz
stepping	: 3
microcode	: 0x17
cpu MHz		: 2201.000
cache size	: 6144 KB
physical id	: 0
siblings	: 8
core id		: 2
cpu cores	: 4
apicid		: 4
initial apicid	: 4
fpu		: yes
fpu_exception	: yes
cpuid level	: 13
wp		: yes
flags		: fpu vme de pse tsc msr pae mce cx8 apic sep mtrr pge mca cmov pat pse36 clflush dts acpi mmx fxsr sse sse2 ss ht tm pbe syscall nx pdpe1gb rdtscp lm constant_tsc arch_perfmon pebs bts rep_good nopl xtopology nonstop_tsc aperfmperf eagerfpu pni pclmulqdq dtes64 monitor ds_cpl vmx est tm2 ssse3 fma cx16 xtpr pdcm pcid sse4_1 sse4_2 x2apic movbe popcnt tsc_deadline_timer aes xsave avx f16c rdrand lahf_lm abm ida arat epb xsaveopt pln pts dtherm tpr_shadow vnmi flexpriority ept vpid fsgsbase tsc_adjust bmi1 avx2 smep bmi2 erms invpcid
bogomips	: 4389.64
clflush size	: 64
cache_alignment	: 64
address sizes	: 39 bits physical, 48 bits virtual
power management:

processor	: 3
vendor_id	: GenuineIntel
cpu family	: 6
model		: 60
model name	: Intel(R) Core(TM) i7-4702HQ CPU @ 2.20GHz
stepping	: 3
microcode	: 0x17
cpu MHz		: 800.000
cache size	: 6144 KB
physical id	: 0
siblings	: 8
core id		: 3
cpu cores	: 4
apicid		: 6
initial apicid	: 6
fpu		: yes
fpu_exception	: yes
cpuid level	: 13
wp		: yes
flags		: fpu vme de pse tsc msr pae mce cx8 apic sep mtrr pge mca cmov pat pse36 clflush dts acpi mmx fxsr sse sse2 ss ht tm pbe syscall nx pdpe1gb rdtscp lm constant_tsc arch_perfmon pebs bts rep_good nopl xtopology nonstop_tsc aperfmperf eagerfpu pni pclmulqdq dtes64 monitor ds_cpl vmx est tm2 ssse3 fma cx16 xtpr pdcm pcid sse4_1 sse4_2 x2apic movbe popcnt tsc_deadline_timer aes xsave avx f16c rdrand lahf_lm abm ida arat epb xsaveopt pln pts dtherm tpr_shadow vnmi flexpriority ept vpid fsgsbase tsc_adjust bmi1 avx2 smep bmi2 erms invpcid
bogomips	: 4389.64
clflush size	: 64
cache_alignment	: 64
address sizes	: 39 bits physical, 48 bits virtual
power management:

processor	: 4
vendor_id	: GenuineIntel
cpu family	: 6
model		: 60
model name	: Intel(R) Core(TM) i7-4702HQ CPU @ 2.20GHz
stepping	: 3
microcode	: 0x17
cpu MHz		: 2201.000
cache size	: 6144 KB
physical id	: 0
siblings	: 8
core id		: 0
cpu cores	: 4
apicid		: 1
initial apicid	: 1
fpu		: yes
fpu_exception	: yes
cpuid level	: 13
wp		: yes
flags		: fpu vme de pse tsc msr pae mce cx8 apic sep mtrr pge mca cmov pat pse36 clflush dts acpi mmx fxsr sse sse2 ss ht tm pbe syscall nx pdpe1gb rdtscp lm constant_tsc arch_perfmon pebs bts rep_good nopl xtopology nonstop_tsc aperfmperf eagerfpu pni pclmulqdq dtes64 monitor ds_cpl vmx est tm2 ssse3 fma cx16 xtpr pdcm pcid sse4_1 sse4_2 x2apic movbe popcnt tsc_deadline_timer aes xsave avx f16c rdrand lahf_lm abm ida arat epb xsaveopt pln pts dtherm tpr_shadow vnmi flexpriority ept vpid fsgsbase tsc_adjust bmi1 avx2 smep bmi2 erms invpcid
bogomips	: 4389.64
clflush size	: 64
cache_alignment	: 64
address sizes	: 39 bits physical, 48 bits virtual
power management:

processor	: 5
vendor_id	: GenuineIntel
cpu family	: 6
model		: 60
model name	: Intel(R) Core(TM) i7-4702HQ CPU @ 2.20GHz
stepping	: 3
microcode	: 0x17
cpu MHz		: 2201.000
cache size	: 6144 KB
physical id	: 0
siblings	: 8
core id		: 1
cpu cores	: 4
apicid		: 3
initial apicid	: 3
fpu		: yes
fpu_exception	: yes
cpuid level	: 13
wp		: yes
flags		: fpu vme de pse tsc msr pae mce cx8 apic sep mtrr pge mca cmov pat pse36 clflush dts acpi mmx fxsr sse sse2 ss ht tm pbe syscall nx pdpe1gb rdtscp lm constant_tsc arch_perfmon pebs bts rep_good nopl xtopology nonstop_tsc aperfmperf eagerfpu pni pclmulqdq dtes64 monitor ds_cpl vmx est tm2 ssse3 fma cx16 xtpr pdcm pcid sse4_1 sse4_2 x2apic movbe popcnt tsc_deadline_timer aes xsave avx f16c rdrand lahf_lm abm ida arat epb xsaveopt pln pts dtherm tpr_shadow vnmi flexpriority ept vpid fsgsbase tsc_adjust bmi1 avx2 smep bmi2 erms invpcid
bogomips	: 4389.64
clflush size	: 64
cache_alignment	: 64
address sizes	: 39 bits physical, 48 bits virtual
power management:

processor	: 6
vendor_id	: GenuineIntel
cpu family	: 6
model		: 60
model name	: Intel(R) Core(TM) i7-4702HQ CPU @ 2.20GHz
stepping	: 3
microcode	: 0x17
cpu MHz		: 2000.000
cache size	: 6144 KB
physical id	: 0
siblings	: 8
core id		: 2
cpu cores	: 4
apicid		: 5
initial apicid	: 5
fpu		: yes
fpu_exception	: yes
cpuid level	: 13
wp		: yes
flags		: fpu vme de pse tsc msr pae mce cx8 apic sep mtrr pge mca cmov pat pse36 clflush dts acpi mmx fxsr sse sse2 ss ht tm pbe syscall nx pdpe1gb rdtscp lm constant_tsc arch_perfmon pebs bts rep_good nopl xtopology nonstop_tsc aperfmperf eagerfpu pni pclmulqdq dtes64 monitor ds_cpl vmx est tm2 ssse3 fma cx16 xtpr pdcm pcid sse4_1 sse4_2 x2apic movbe popcnt tsc_deadline_timer aes xsave avx f16c rdrand lahf_lm abm ida arat epb xsaveopt pln pts dtherm tpr_shadow vnmi flexpriority ept vpid fsgsbase tsc_adjust bmi1 avx2 smep bmi2 erms invpcid
bogomips	: 4389.64
clflush size	: 64
cache_alignment	: 64
address sizes	: 39 bits physical, 48 bits virtual
power management:

processor	: 7
vendor_id	: GenuineIntel
cpu family	: 6
model		: 60
model name	: Intel(R) Core(TM) i7-4702HQ CPU @ 2.20GHz
stepping	: 3
microcode	: 0x17
cpu MHz		: 2201.000
cache size	: 6144 KB
physical id	: 0
siblings	: 8
core id		: 3
cpu cores	: 4
apicid		: 7
initial apicid	: 7
fpu		: yes
fpu_exception	: yes
cpuid level	: 13
wp		: yes
flags		: fpu vme de pse tsc msr pae mce cx8 apic sep mtrr pge mca cmov pat pse36 clflush dts acpi mmx fxsr sse sse2 ss ht tm pbe syscall nx pdpe1gb rdtscp lm constant_tsc arch_perfmon pebs bts rep_good nopl xtopology nonstop_tsc aperfmperf eagerfpu pni pclmulqdq dtes64 monitor ds_cpl vmx est tm2 ssse3 fma cx16 xtpr pdcm pcid sse4_1 sse4_2 x2apic movbe popcnt tsc_deadline_timer aes xsave avx f16c rdrand lahf_lm abm ida arat epb xsaveopt pln pts dtherm tpr_shadow vnmi flexpriority ept vpid fsgsbase tsc_adjust bmi1 avx2 smep bmi2 erms invpcid
bogomips	: 4389.64
clflush size	: 64
cache_alignment	: 64
address sizes	: 39 bits physical, 48 bits virtual
power management:



Memory: 4k page, physical 16335088k(10778976k free), swap 16676860k(16676860k free)

vm_info: Java HotSpot(TM) 64-Bit Server VM (25.20-b17) for linux-amd64 JRE (1.8.0_20-ea-b17), built on Jun  4 2014 00:04:06 by "java_re" with gcc 4.3.0 20080428 (Red Hat 4.3.0-8)

time: Tue Nov 25 21:06:23 2014
elapsed time: 151 seconds (0d 0h 2m 31s)

