#
# A fatal error has been detected by the Java Runtime Environment:
#
#  SIGSEGV (0xb) at pc=0x00007f68baf4df7e, pid=10764, tid=140087791978240
#
# JRE version: Java(TM) SE Runtime Environment (8.0_20-b17) (build 1.8.0_20-ea-b17)
# Java VM: Java HotSpot(TM) 64-Bit Server VM (25.20-b17 mixed mode linux-amd64 compressed oops)
# Problematic frame:
# C  [ld-linux-x86-64.so.2+0x9f7e]
#
# Failed to write core dump. Core dumps have been disabled. To enable core dumping, try "ulimit -c unlimited" before starting Java again
#
# If you would like to submit a bug report, please visit:
#   http://bugreport.sun.com/bugreport/crash.jsp
# The crash happened outside the Java Virtual Machine in native code.
# See problematic frame for where to report the bug.
#

---------------  T H R E A D  ---------------

Current thread (0x00007f68b400d000):  JavaThread "main" [_thread_in_native, id=10769, stack(0x00007f68bb040000,0x00007f68bb141000)]

siginfo: si_signo: 11 (SIGSEGV), si_code: 1 (SEGV_MAPERR), si_addr: 0x0000000000000068

Registers:
RAX=0x0000000000000040, RBX=0x000000004c8d3d65, RCX=0x0000000000000025, RDX=0x00000000000003f3
RSP=0x00007f68bb13da30, RBP=0x0000000000000002, RSI=0x00007f68ba548d28, RDI=0x00007f68bb1449e8
R8 =0x00000000013234f5, R9 =0x00007f68bb13da70, R10=0x0000000006020400, R11=0x00007f68bb13db70
R12=0x0000000000000003, R13=0x00007f67f0237a70, R14=0x0000000000000000, R15=0x0000000000000025
RIP=0x00007f68baf4df7e, EFLAGS=0x0000000000010202, CSGSFS=0x0000000000000033, ERR=0x0000000000000004
  TRAPNO=0x000000000000000e

Top of Stack: (sp=0x00007f68bb13da30)
0x00007f68bb13da30:   00007f68bb13dba0 00007f68b9c25f75
0x00007f68bb13da40:   00007f6800000002 00007f68bb13db80
0x00007f68bb13da50:   00007f68bb13dc10 00007f68bb13dde0
0x00007f68bb13da60:   00007f68a4a12960 018c5a110000000c
0x00007f68bb13da70:   0000000000000000 0000000000000000
0x00007f68bb13da80:   00007f68bb1449e8 00007f68b40b8170
0x00007f68bb13da90:   00007f68ba555d78 0000000000000000
0x00007f68bb13daa0:   0000000200000000 0000000000000000
0x00007f68bb13dab0:   00007f68b400d000 00007f68bb13dc60
0x00007f68bb13dac0:   00007f68bb13dc10 0000000000000000
0x00007f68bb13dad0:   0000000000000000 00007f67f0237eb8
0x00007f68bb13dae0:   00007f67f0237b30 00007f68baf4e991
0x00007f68bb13daf0:   0000000000000000 0000000000000000
0x00007f68bb13db00:   0000003f00000002 0000000000000000
0x00007f68bb13db10:   00007f6800000000 00007f67f0237b30
0x00007f68bb13db20:   00007f68bb13db90 00007f68b9d7c447
0x00007f68bb13db30:   00007f68b400a518 00007f68b400a510
0x00007f68bb13db40:   00007f68a2240440 00007f67f0237eb8
0x00007f68bb13db50:   00007f68bb13db80 00007f68bb13db70
0x00007f68bb13db60:   000000004c8d3d65 00007f68b40b8170
0x00007f68bb13db70:   00000000ffffffff 00007f68b400a5d0
0x00007f68bb13db80:   0000000000000000 0000000000000000
0x00007f68bb13db90:   00007f68b400a470 00007f68b400d000
0x00007f68bb13dba0:   00007f68bb13dd30 00007f68b9c6c467
0x00007f68bb13dbb0:   000000b1bb13e910 00007f68bb13e380
0x00007f68bb13dbc0:   00007f68bb13dc10 00007f68bb13dc90
0x00007f68bb13dbd0:   00007f68bb13dd60 00007f68bb13dde0
0x00007f68bb13dbe0:   00007f68b400d1e8 000000000122a4b0
0x00007f68bb13dbf0:   00007f68bb166cc0 00007f68b40b8170
0x00007f68bb13dc00:   0000000000000000 00007f67f0237b30
0x00007f68bb13dc10:   00007f68bb13dcf0 00007f68ba67bf56
0x00007f68bb13dc20:   0000000600000002 0000000000000000 

Instructions: (pc=0x00007f68baf4df7e)
0x00007f68baf4df5e:   06 41 83 e7 3f 0f 1f 44 00 00 49 8b 44 ed 00 c7
0x00007f68baf4df6e:   44 24 70 00 00 00 00 48 c7 44 24 40 00 00 00 00
0x00007f68baf4df7e:   48 8b 78 28 4c 39 f7 48 89 7c 24 50 0f 84 f0 00
0x00007f68baf4df8e:   00 00 f6 44 24 7c 02 74 0d f6 87 14 03 00 00 03 

Register to memory mapping:

RAX=0x0000000000000040 is an unknown value
RBX=0x000000004c8d3d65 is an unknown value
RCX=0x0000000000000025 is an unknown value
RDX=0x00000000000003f3 is an unknown value
RSP=0x00007f68bb13da30 is pointing into the stack for thread: 0x00007f68b400d000
RBP=0x0000000000000002 is an unknown value
RSI=0x00007f68ba548d28: <offset 0x3d28> in /lib/x86_64-linux-gnu/libc.so.6 at 0x00007f68ba545000
RDI=0x00007f68bb1449e8 is an unknown value
R8 =0x00000000013234f5 is an unknown value
R9 =0x00007f68bb13da70 is pointing into the stack for thread: 0x00007f68b400d000
R10=0x0000000006020400 is an unknown value
R11=0x00007f68bb13db70 is pointing into the stack for thread: 0x00007f68b400d000
R12=0x0000000000000003 is an unknown value
R13=0x00007f67f0237a70 is an unknown value
R14=0x0000000000000000 is an unknown value
R15=0x0000000000000025 is an unknown value


Stack: [0x00007f68bb040000,0x00007f68bb141000],  sp=0x00007f68bb13da30,  free space=1014k
Native frames: (J=compiled Java code, j=interpreted, Vv=VM code, C=native code)
C  [ld-linux-x86-64.so.2+0x9f7e]

Java frames: (J=compiled Java code, j=interpreted, Vv=VM code)
j  java.lang.ClassLoader$NativeLibrary.unload(Ljava/lang/String;Z)V+0
j  java.lang.ClassLoader$NativeLibrary.finalize()V+87
v  ~StubRoutines::call_stub
J 1117  sun.reflect.NativeMethodAccessorImpl.invoke0(Ljava/lang/reflect/Method;Ljava/lang/Object;[Ljava/lang/Object;)Ljava/lang/Object; (0 bytes) @ 0x00007f68a4e05437 [0x00007f68a4e053c0+0x77]
J 1116 C1 sun.reflect.NativeMethodAccessorImpl.invoke(Ljava/lang/Object;[Ljava/lang/Object;)Ljava/lang/Object; (104 bytes) @ 0x00007f68a4e0464c [0x00007f68a4e03440+0x120c]
J 5489 C2 java.lang.reflect.Method.invoke(Ljava/lang/Object;[Ljava/lang/Object;)Ljava/lang/Object; (62 bytes) @ 0x00007f68a5a416a0 [0x00007f68a5a415e0+0xc0]
j  com.inductiveautomation.ignition.gateway.bootstrap.SRFilter.destroy()V+89
j  org.apache.catalina.core.ApplicationFilterConfig.release()V+61
j  org.apache.catalina.core.StandardContext.filterStop()Z+124
j  org.apache.catalina.core.StandardContext.stop()V+142
j  org.apache.catalina.core.ContainerBase.removeChild(Lorg/apache/catalina/Container;)V+90
j  org.apache.catalina.startup.HostConfig.undeployApps()V+77
j  org.apache.catalina.startup.HostConfig.stop()V+28
j  org.apache.catalina.startup.HostConfig.lifecycleEvent(Lorg/apache/catalina/LifecycleEvent;)V+151
J 6539 C1 org.apache.catalina.util.LifecycleSupport.fireLifecycleEvent(Ljava/lang/String;Ljava/lang/Object;)V (190 bytes) @ 0x00007f68a51aee8c [0x00007f68a51ae3a0+0xaec]
j  org.apache.catalina.core.ContainerBase.stop()V+60
j  org.apache.catalina.core.ContainerBase.stop()V+118
j  org.apache.catalina.core.StandardEngine.stop()V+1
j  org.apache.catalina.core.StandardService.stop()V+177
j  org.apache.catalina.core.StandardServer.stop()V+65
j  org.apache.catalina.startup.Catalina.stop()V+58
j  org.apache.catalina.startup.Catalina.start()V+198
v  ~StubRoutines::call_stub
j  sun.reflect.NativeMethodAccessorImpl.invoke0(Ljava/lang/reflect/Method;Ljava/lang/Object;[Ljava/lang/Object;)Ljava/lang/Object;+0
j  sun.reflect.NativeMethodAccessorImpl.invoke(Ljava/lang/Object;[Ljava/lang/Object;)Ljava/lang/Object;+100
J 496 C1 sun.reflect.DelegatingMethodAccessorImpl.invoke(Ljava/lang/Object;[Ljava/lang/Object;)Ljava/lang/Object; (10 bytes) @ 0x00007f68a4c0d1ac [0x00007f68a4c0d080+0x12c]
J 489 C1 java.lang.reflect.Method.invoke(Ljava/lang/Object;[Ljava/lang/Object;)Ljava/lang/Object; (62 bytes) @ 0x00007f68a4bece04 [0x00007f68a4bec9e0+0x424]
j  org.apache.catalina.startup.Bootstrap.start()V+37
j  org.apache.catalina.startup.Bootstrap.main([Ljava/lang/String;)V+131
v  ~StubRoutines::call_stub

---------------  P R O C E S S  ---------------

Java Threads: ( => current thread )
  0x00007f68b4577000 JavaThread "Thread-25" daemon [_thread_blocked, id=11397, stack(0x00007f6807536000,0x00007f6807637000)]
  0x00007f681c00b000 JavaThread "http-8088-7" daemon [_thread_blocked, id=11395, stack(0x00007f68839f8000,0x00007f6883af9000)]
  0x00007f681c009000 JavaThread "http-8088-6" daemon [_thread_blocked, id=11365, stack(0x00007f67b3afb000,0x00007f67b3bfc000)]
  0x00007f681c007800 JavaThread "http-8088-5" daemon [_thread_blocked, id=11364, stack(0x00007f67b3bfc000,0x00007f67b3cfd000)]
  0x00007f681c003800 JavaThread "http-8088-4" daemon [_thread_blocked, id=11363, stack(0x00007f67b3cfd000,0x00007f67b3dfe000)]
  0x00007f681c002000 JavaThread "http-8088-3" daemon [_thread_blocked, id=11362, stack(0x00007f67b3dfe000,0x00007f67b3eff000)]
  0x00007f681c005800 JavaThread "http-8088-2" daemon [_thread_blocked, id=11361, stack(0x00007f67b3eff000,0x00007f67b4000000)]
  0x00007f681c004800 JavaThread "http-8088-1" daemon [_thread_blocked, id=11355, stack(0x00007f68825bb000,0x00007f68826bc000)]
  0x00007f67f1156800 JavaThread "ClockDriftDetector" daemon [_thread_blocked, id=11035, stack(0x00007f6804f9f000,0x00007f68050a0000)]
  0x00007f67f04ec800 JavaThread "PyLib_ScriptWatcher" daemon [_thread_blocked, id=11034, stack(0x00007f68050a0000,0x00007f68051a1000)]
  0x00007f67f1154800 JavaThread "PyFile_ChangeNotifier" daemon [_thread_blocked, id=11033, stack(0x00007f68051a1000,0x00007f68052a2000)]
  0x00007f67f0c8e800 JavaThread "Thread-16" daemon [_thread_in_native, id=11032, stack(0x00007f68052a2000,0x00007f68053a3000)]
  0x00007f68b456f000 JavaThread "TP-Monitor" daemon [_thread_blocked, id=10811, stack(0x00007f687424f000,0x00007f6874350000)]
  0x00007f68b456d800 JavaThread "TP-Processor4" daemon [_thread_blocked, id=10810, stack(0x00007f688007c000,0x00007f688017d000)]
  0x00007f68b456c000 JavaThread "TP-Processor3" daemon [_thread_blocked, id=10809, stack(0x00007f688017d000,0x00007f688027e000)]
  0x00007f68b456b800 JavaThread "TP-Processor2" daemon [_thread_blocked, id=10808, stack(0x00007f688027e000,0x00007f688037f000)]
  0x00007f68b456a800 JavaThread "TP-Processor1" daemon [_thread_blocked, id=10807, stack(0x00007f688037f000,0x00007f6880480000)]
  0x00007f68b4584000 JavaThread "http-8088-Acceptor-0" daemon [_thread_blocked, id=10806, stack(0x00007f6880480000,0x00007f6880581000)]
  0x00007f68b44ee000 JavaThread "GC Daemon" daemon [_thread_blocked, id=10804, stack(0x00007f6880cdf000,0x00007f6880de0000)]
  0x00007f68b4472000 JavaThread "Abandoned connection cleanup thread" daemon [_thread_blocked, id=10803, stack(0x00007f68824ba000,0x00007f68825bb000)]
  0x00007f6834008000 JavaThread "RMI Scheduler(0)" daemon [_thread_blocked, id=10799, stack(0x00007f68826bc000,0x00007f68827bd000)]
  0x00007f68b4226800 JavaThread "RMI TCP Accept-0" daemon [_thread_in_native, id=10794, stack(0x00007f6882bbf000,0x00007f6882cc0000)]
  0x00007f68b421d000 JavaThread "RMI TCP Accept-1099" daemon [_thread_in_native, id=10793, stack(0x00007f6882cc0000,0x00007f6882dc1000)]
  0x00007f68b420c000 JavaThread "RMI TCP Accept-0" daemon [_thread_in_native, id=10792, stack(0x00007f6882dc1000,0x00007f6882ec2000)]
  0x00007f68b4104800 JavaThread "Service Thread" daemon [_thread_blocked, id=10791, stack(0x00007f68834f3000,0x00007f68835f4000)]
  0x00007f68b40cf000 JavaThread "C1 CompilerThread3" daemon [_thread_blocked, id=10790, stack(0x00007f68835f4000,0x00007f68836f5000)]
  0x00007f68b40cd000 JavaThread "C2 CompilerThread2" daemon [_thread_in_native, id=10789, stack(0x00007f68836f5000,0x00007f68837f6000)]
  0x00007f68b40cb000 JavaThread "C2 CompilerThread1" daemon [_thread_in_native, id=10788, stack(0x00007f68837f6000,0x00007f68838f7000)]
  0x00007f68b40c8800 JavaThread "C2 CompilerThread0" daemon [_thread_blocked, id=10787, stack(0x00007f68838f7000,0x00007f68839f8000)]
  0x00007f68b40c6000 JavaThread "JDWP Event Helper Thread" daemon [_thread_blocked, id=10785, stack(0x00007f6883af9000,0x00007f6883bfa000)]
  0x00007f68b40b5800 JavaThread "Signal Dispatcher" daemon [_thread_blocked, id=10781, stack(0x00007f6883eff000,0x00007f6884000000)]
  0x00007f68b4087800 JavaThread "Finalizer" daemon [_thread_blocked, id=10780, stack(0x00007f68a00aa000,0x00007f68a01ab000)]
  0x00007f68b4085800 JavaThread "Reference Handler" daemon [_thread_blocked, id=10779, stack(0x00007f68a01ab000,0x00007f68a02ac000)]
=>0x00007f68b400d000 JavaThread "main" [_thread_in_native, id=10769, stack(0x00007f68bb040000,0x00007f68bb141000)]

Other Threads:
  0x00007f68b407e800 VMThread [stack: 0x00007f68a02ac000,0x00007f68a03ad000] [id=10778]
  0x00007f68b4231000 WatcherThread [stack: 0x00007f6882abe000,0x00007f6882bbf000] [id=10795]

VM state:not at safepoint (normal execution)

VM Mutex/Monitor currently owned by a thread: None

Heap:
 PSYoungGen      total 218624K, used 155855K [0x000000076ce00000, 0x000000077b300000, 0x00000007c0000000)
  eden space 205824K, 70% used [0x000000076ce00000,0x0000000775c9e170,0x0000000779700000)
  from space 12800K, 76% used [0x000000077a680000,0x000000077b015e40,0x000000077b300000)
  to   space 14336K, 0% used [0x0000000779700000,0x0000000779700000,0x000000077a500000)
 ParOldGen       total 189440K, used 21831K [0x00000006c6a00000, 0x00000006d2300000, 0x000000076ce00000)
  object space 189440K, 11% used [0x00000006c6a00000,0x00000006c7f51cb8,0x00000006d2300000)
 Metaspace       used 50611K, capacity 52004K, committed 52096K, reserved 1093632K
  class space    used 7214K, capacity 7531K, committed 7552K, reserved 1048576K

Card table byte_map: [0x00007f68a3e40000,0x00007f68a460c000] byte_map_base: 0x00007f68a080b000

Marking Bits: (ParMarkBitMap*) 0x00007f68ba51ac20
 Begin Bits: [0x00007f6874350000, 0x00007f68781a8000)
 End Bits:   [0x00007f68781a8000, 0x00007f687c000000)

Polling page: 0x00007f68bb163000

CodeCache: size=245760Kb used=20754Kb max_used=21033Kb free=225005Kb
 bounds [0x00007f68a49cc000, 0x00007f68a5e7c000, 0x00007f68b39cc000]
 total_blobs=6209 nmethods=5665 adapters=465
 compilation: enabled

Compilation events (10 events):
Event: 273.087 Thread 0x00007f68b40cf000 6719       3       java.io.RandomAccessFile::writeLong (104 bytes)
Event: 273.087 Thread 0x00007f68b40c8800 nmethod 6716% 0x00007f68a4c522d0 code [0x00007f68a4c52460, 0x00007f68a4c527f8]
Event: 273.087 Thread 0x00007f68b40cf000 nmethod 6719 0x00007f68a4fb3e90 code [0x00007f68a4fb40a0, 0x00007f68a4fb4838]
Event: 273.090 Thread 0x00007f68b40cf000 6720       3       java.io.ObjectOutputStream$BlockDataOutputStream::drain (45 bytes)
Event: 273.090 Thread 0x00007f68b40cb000 6723       4       java.io.ObjectOutputStream$BlockDataOutputStream::write (152 bytes)
Event: 273.091 Thread 0x00007f68b40cf000 nmethod 6720 0x00007f68a4b71350 code [0x00007f68a4b714e0, 0x00007f68a4b717d8]
Event: 273.091 Thread 0x00007f68b40cf000 6721       3       java.io.Bits::putFloat (10 bytes)
Event: 273.091 Thread 0x00007f68b40cf000 nmethod 6721 0x00007f68a530c890 code [0x00007f68a530ca00, 0x00007f68a530cc88]
Event: 273.091 Thread 0x00007f68b40cf000 6722       3       java.lang.Float::floatToIntBits (26 bytes)
Event: 273.091 Thread 0x00007f68b40cf000 nmethod 6722 0x00007f68a5350dd0 code [0x00007f68a5350f40, 0x00007f68a5351110]

GC Heap History (10 events):
Event: 11.770 GC heap before
{Heap before GC invocations=10 (full 2):
 PSYoungGen      total 169984K, used 11213K [0x000000076ce00000, 0x0000000778680000, 0x00000007c0000000)
  eden space 155648K, 0% used [0x000000076ce00000,0x000000076ce00000,0x0000000776600000)
  from space 14336K, 78% used [0x0000000777400000,0x0000000777ef35d0,0x0000000778200000)
  to   space 14336K, 0% used [0x0000000776600000,0x0000000776600000,0x0000000777400000)
 ParOldGen       total 117760K, used 12769K [0x00000006c6a00000, 0x00000006cdd00000, 0x000000076ce00000)
  object space 117760K, 10% used [0x00000006c6a00000,0x00000006c7678490,0x00000006cdd00000)
 Metaspace       used 34568K, capacity 34984K, committed 35264K, reserved 1079296K
  class space    used 4526K, capacity 4646K, committed 4736K, reserved 1048576K
Event: 11.970 GC heap after
Heap after GC invocations=10 (full 2):
 PSYoungGen      total 169984K, used 0K [0x000000076ce00000, 0x0000000778680000, 0x00000007c0000000)
  eden space 155648K, 0% used [0x000000076ce00000,0x000000076ce00000,0x0000000776600000)
  from space 14336K, 0% used [0x0000000777400000,0x0000000777400000,0x0000000778200000)
  to   space 14336K, 0% used [0x0000000776600000,0x0000000776600000,0x0000000777400000)
 ParOldGen       total 189440K, used 21799K [0x00000006c6a00000, 0x00000006d2300000, 0x000000076ce00000)
  object space 189440K, 11% used [0x00000006c6a00000,0x00000006c7f49cb8,0x00000006d2300000)
 Metaspace       used 34568K, capacity 34984K, committed 35264K, reserved 1079296K
  class space    used 4526K, capacity 4646K, committed 4736K, reserved 1048576K
}
Event: 14.060 GC heap before
{Heap before GC invocations=11 (full 2):
 PSYoungGen      total 169984K, used 155648K [0x000000076ce00000, 0x0000000778680000, 0x00000007c0000000)
  eden space 155648K, 100% used [0x000000076ce00000,0x0000000776600000,0x0000000776600000)
  from space 14336K, 0% used [0x0000000777400000,0x0000000777400000,0x0000000778200000)
  to   space 14336K, 0% used [0x0000000776600000,0x0000000776600000,0x0000000777400000)
 ParOldGen       total 189440K, used 21799K [0x00000006c6a00000, 0x00000006d2300000, 0x000000076ce00000)
  object space 189440K, 11% used [0x00000006c6a00000,0x00000006c7f49cb8,0x00000006d2300000)
 Metaspace       used 39171K, capacity 39718K, committed 40192K, reserved 1083392K
  class space    used 5656K, capacity 5782K, committed 5888K, reserved 1048576K
Event: 14.073 GC heap after
Heap after GC invocations=11 (full 2):
 PSYoungGen      total 169984K, used 4931K [0x000000076ce00000, 0x000000077a280000, 0x00000007c0000000)
  eden space 155648K, 0% used [0x000000076ce00000,0x000000076ce00000,0x0000000776600000)
  from space 14336K, 34% used [0x0000000776600000,0x0000000776ad0e78,0x0000000777400000)
  to   space 14848K, 0% used [0x0000000779400000,0x0000000779400000,0x000000077a280000)
 ParOldGen       total 189440K, used 21807K [0x00000006c6a00000, 0x00000006d2300000, 0x000000076ce00000)
  object space 189440K, 11% used [0x00000006c6a00000,0x00000006c7f4bcb8,0x00000006d2300000)
 Metaspace       used 39171K, capacity 39718K, committed 40192K, reserved 1083392K
  class space    used 5656K, capacity 5782K, committed 5888K, reserved 1048576K
}
Event: 243.506 GC heap before
{Heap before GC invocations=12 (full 2):
 PSYoungGen      total 169984K, used 160579K [0x000000076ce00000, 0x000000077a280000, 0x00000007c0000000)
  eden space 155648K, 100% used [0x000000076ce00000,0x0000000776600000,0x0000000776600000)
  from space 14336K, 34% used [0x0000000776600000,0x0000000776ad0e78,0x0000000777400000)
  to   space 14848K, 0% used [0x0000000779400000,0x0000000779400000,0x000000077a280000)
 ParOldGen       total 189440K, used 21807K [0x00000006c6a00000, 0x00000006d2300000, 0x000000076ce00000)
  object space 189440K, 11% used [0x00000006c6a00000,0x00000006c7f4bcb8,0x00000006d2300000)
 Metaspace       used 46617K, capacity 47390K, committed 47616K, reserved 1089536K
  class space    used 6700K, capacity 6874K, committed 6912K, reserved 1048576K
Event: 243.518 GC heap after
Heap after GC invocations=12 (full 2):
 PSYoungGen      total 192512K, used 10369K [0x000000076ce00000, 0x0000000779e80000, 0x00000007c0000000)
  eden space 181760K, 0% used [0x000000076ce00000,0x000000076ce00000,0x0000000777f80000)
  from space 10752K, 96% used [0x0000000779400000,0x0000000779e20590,0x0000000779e80000)
  to   space 14848K, 0% used [0x0000000778180000,0x0000000778180000,0x0000000779000000)
 ParOldGen       total 189440K, used 21815K [0x00000006c6a00000, 0x00000006d2300000, 0x000000076ce00000)
  object space 189440K, 11% used [0x00000006c6a00000,0x00000006c7f4dcb8,0x00000006d2300000)
 Metaspace       used 46617K, capacity 47390K, committed 47616K, reserved 1089536K
  class space    used 6700K, capacity 6874K, committed 6912K, reserved 1048576K
}
Event: 265.399 GC heap before
{Heap before GC invocations=13 (full 2):
 PSYoungGen      total 192512K, used 192129K [0x000000076ce00000, 0x0000000779e80000, 0x00000007c0000000)
  eden space 181760K, 100% used [0x000000076ce00000,0x0000000777f80000,0x0000000777f80000)
  from space 10752K, 96% used [0x0000000779400000,0x0000000779e20590,0x0000000779e80000)
  to   space 14848K, 0% used [0x0000000778180000,0x0000000778180000,0x0000000779000000)
 ParOldGen       total 189440K, used 21815K [0x00000006c6a00000, 0x00000006d2300000, 0x000000076ce00000)
  object space 189440K, 11% used [0x00000006c6a00000,0x00000006c7f4dcb8,0x00000006d2300000)
 Metaspace       used 49698K, capacity 50832K, committed 50944K, reserved 1093632K
  class space    used 7143K, capacity 7405K, committed 7424K, reserved 1048576K
Event: 265.413 GC heap after
Heap after GC invocations=13 (full 2):
 PSYoungGen      total 198656K, used 10485K [0x000000076ce00000, 0x000000077b500000, 0x00000007c0000000)
  eden space 183808K, 0% used [0x000000076ce00000,0x000000076ce00000,0x0000000778180000)
  from space 14848K, 70% used [0x0000000778180000,0x0000000778bbd6a8,0x0000000779000000)
  to   space 14848K, 0% used [0x000000077a680000,0x000000077a680000,0x000000077b500000)
 ParOldGen       total 189440K, used 21823K [0x00000006c6a00000, 0x00000006d2300000, 0x000000076ce00000)
  object space 189440K, 11% used [0x00000006c6a00000,0x00000006c7f4fcb8,0x00000006d2300000)
 Metaspace       used 49698K, capacity 50832K, committed 50944K, reserved 1093632K
  class space    used 7143K, capacity 7405K, committed 7424K, reserved 1048576K
}
Event: 270.001 GC heap before
{Heap before GC invocations=14 (full 2):
 PSYoungGen      total 198656K, used 194293K [0x000000076ce00000, 0x000000077b500000, 0x00000007c0000000)
  eden space 183808K, 100% used [0x000000076ce00000,0x0000000778180000,0x0000000778180000)
  from space 14848K, 70% used [0x0000000778180000,0x0000000778bbd6a8,0x0000000779000000)
  to   space 14848K, 0% used [0x000000077a680000,0x000000077a680000,0x000000077b500000)
 ParOldGen       total 189440K, used 21823K [0x00000006c6a00000, 0x00000006d2300000, 0x000000076ce00000)
  object space 189440K, 11% used [0x00000006c6a00000,0x00000006c7f4fcb8,0x00000006d2300000)
 Metaspace       used 50357K, capacity 51750K, committed 51840K, reserved 1093632K
  class space    used 7193K, capacity 7494K, committed 7552K, reserved 1048576K
Event: 270.015 GC heap after
Heap after GC invocations=14 (full 2):
 PSYoungGen      total 218624K, used 9815K [0x000000076ce00000, 0x000000077b300000, 0x00000007c0000000)
  eden space 205824K, 0% used [0x000000076ce00000,0x000000076ce00000,0x0000000779700000)
  from space 12800K, 76% used [0x000000077a680000,0x000000077b015e40,0x000000077b300000)
  to   space 14336K, 0% used [0x0000000779700000,0x0000000779700000,0x000000077a500000)
 ParOldGen       total 189440K, used 21831K [0x00000006c6a00000, 0x00000006d2300000, 0x000000076ce00000)
  object space 189440K, 11% used [0x00000006c6a00000,0x00000006c7f51cb8,0x00000006d2300000)
 Metaspace       used 50357K, capacity 51750K, committed 51840K, reserved 1093632K
  class space    used 7193K, capacity 7494K, committed 7552K, reserved 1048576K
}

Deoptimization events (10 events):
Event: 272.970 Thread 0x00007f67f0838800 Uncommon trap: reason=unreached action=reinterpret pc=0x00007f68a4e767c0 method=org.hsqldb.lib.HsqlTimer$TaskQueue.peekTask()Lorg/hsqldb/lib/HsqlTimer$Task; @ 6
Event: 273.086 Thread 0x00007f68b400d000 Uncommon trap: reason=bimorphic action=maybe_recompile pc=0x00007f68a586ff1c method=java.io.ObjectOutputStream$BlockDataOutputStream.drain()V @ 36
Event: 273.086 Thread 0x00007f68b400d000 Uncommon trap: reason=bimorphic action=maybe_recompile pc=0x00007f68a586ff1c method=java.io.ObjectOutputStream$BlockDataOutputStream.drain()V @ 36
Event: 273.087 Thread 0x00007f68b400d000 Uncommon trap: reason=class_check action=maybe_recompile pc=0x00007f68a59ddb00 method=java.io.ObjectOutputStream$BlockDataOutputStream.write([BIIZ)V @ 23
Event: 273.087 Thread 0x00007f68b400d000 Uncommon trap: reason=bimorphic action=maybe_recompile pc=0x00007f68a5879170 method=java.io.ObjectOutputStream$BlockDataOutputStream.drain()V @ 36
Event: 273.088 Thread 0x00007f68b400d000 Uncommon trap: reason=class_check action=maybe_recompile pc=0x00007f68a59ddb00 method=java.io.ObjectOutputStream$BlockDataOutputStream.write([BIIZ)V @ 23
Event: 273.088 Thread 0x00007f68b400d000 Uncommon trap: reason=class_check action=maybe_recompile pc=0x00007f68a59ddb00 method=java.io.ObjectOutputStream$BlockDataOutputStream.write([BIIZ)V @ 23
Event: 273.089 Thread 0x00007f68b400d000 Uncommon trap: reason=class_check action=maybe_recompile pc=0x00007f68a59ddb00 method=java.io.ObjectOutputStream$BlockDataOutputStream.write([BIIZ)V @ 23
Event: 273.090 Thread 0x00007f68b400d000 Uncommon trap: reason=class_check action=maybe_recompile pc=0x00007f68a59d616c method=java.io.ObjectOutputStream$BlockDataOutputStream.write([BIIZ)V @ 23
Event: 273.091 Thread 0x00007f68b400d000 Uncommon trap: reason=bimorphic action=maybe_recompile pc=0x00007f68a587a0c0 method=java.io.ObjectOutputStream$BlockDataOutputStream.drain()V @ 36

Internal exceptions (10 events):
Event: 273.071 Thread 0x00007f68b400d000 Exception <a 'java/security/PrivilegedActionException'> (0x0000000772f08a98) thrown at [/HUDSON/workspace/8-2-build-linux-amd64/jdk8u20/526.nc/hotspot/src/share/vm/prims/jvm.cpp, line 1258]
Event: 273.071 Thread 0x00007f68b400d000 Exception <a 'java/security/PrivilegedActionException'> (0x0000000772f094d0) thrown at [/HUDSON/workspace/8-2-build-linux-amd64/jdk8u20/526.nc/hotspot/src/share/vm/prims/jvm.cpp, line 1258]
Event: 273.074 Thread 0x00007f68b400d000 Exception <a 'java/security/PrivilegedActionException'> (0x0000000772f4a920) thrown at [/HUDSON/workspace/8-2-build-linux-amd64/jdk8u20/526.nc/hotspot/src/share/vm/prims/jvm.cpp, line 1258]
Event: 273.074 Thread 0x00007f68b400d000 Exception <a 'java/security/PrivilegedActionException'> (0x0000000772f4b4c0) thrown at [/HUDSON/workspace/8-2-build-linux-amd64/jdk8u20/526.nc/hotspot/src/share/vm/prims/jvm.cpp, line 1258]
Event: 273.089 Thread 0x00007f68b400d000 Exception <a 'java/security/PrivilegedActionException'> (0x0000000772f71f98) thrown at [/HUDSON/workspace/8-2-build-linux-amd64/jdk8u20/526.nc/hotspot/src/share/vm/prims/jvm.cpp, line 1258]
Event: 273.089 Thread 0x00007f68b400d000 Exception <a 'java/security/PrivilegedActionException'> (0x0000000772f72f78) thrown at [/HUDSON/workspace/8-2-build-linux-amd64/jdk8u20/526.nc/hotspot/src/share/vm/prims/jvm.cpp, line 1258]
Event: 273.089 Thread 0x00007f68b400d000 Exception <a 'java/security/PrivilegedActionException'> (0x0000000772f82dc8) thrown at [/HUDSON/workspace/8-2-build-linux-amd64/jdk8u20/526.nc/hotspot/src/share/vm/prims/jvm.cpp, line 1258]
Event: 273.089 Thread 0x00007f68b400d000 Exception <a 'java/security/PrivilegedActionException'> (0x0000000772f83e38) thrown at [/HUDSON/workspace/8-2-build-linux-amd64/jdk8u20/526.nc/hotspot/src/share/vm/prims/jvm.cpp, line 1258]
Event: 273.090 Thread 0x00007f68b400d000 Exception <a 'java/security/PrivilegedActionException'> (0x0000000772f94168) thrown at [/HUDSON/workspace/8-2-build-linux-amd64/jdk8u20/526.nc/hotspot/src/share/vm/prims/jvm.cpp, line 1258]
Event: 273.090 Thread 0x00007f68b400d000 Exception <a 'java/security/PrivilegedActionException'> (0x0000000772f95188) thrown at [/HUDSON/workspace/8-2-build-linux-amd64/jdk8u20/526.nc/hotspot/src/share/vm/prims/jvm.cpp, line 1258]

Events (10 events):
Event: 273.091 Thread 0x00007f68b400d000 DEOPT UNPACKING pc=0x00007f68a4a1341a sp=0x00007f68bb13c788 mode 1
Event: 273.091 Thread 0x00007f68b400d000 DEOPT PACKING pc=0x00007f68a51a75a4 sp=0x00007f68bb13c970
Event: 273.091 Thread 0x00007f68b400d000 DEOPT UNPACKING pc=0x00007f68a4a1341a sp=0x00007f68bb13c730 mode 1
Event: 273.091 Thread 0x00007f68b400d000 DEOPT PACKING pc=0x00007f68a52ecd8c sp=0x00007f68bb13ca40
Event: 273.091 Thread 0x00007f68b400d000 DEOPT UNPACKING pc=0x00007f68a4a1341a sp=0x00007f68bb13c808 mode 1
Event: 273.091 Thread 0x00007f68b400d000 DEOPT PACKING pc=0x00007f68a51a75a4 sp=0x00007f68bb13c9b0
Event: 273.091 Thread 0x00007f68b400d000 DEOPT UNPACKING pc=0x00007f68a4a1341a sp=0x00007f68bb13c788 mode 1
Event: 273.091 Thread 0x00007f68b400d000 Uncommon trap: trap_request=0xffffffc6 fr.pc=0x00007f68a587a0c0
Event: 273.091 Thread 0x00007f68b400d000 DEOPT PACKING pc=0x00007f68a587a0c0 sp=0x00007f68bb13e470
Event: 273.091 Thread 0x00007f68b400d000 DEOPT UNPACKING pc=0x00007f68a4a13650 sp=0x00007f68bb13e3b8 mode 2


Dynamic libraries:
00400000-00401000 r-xp 00000000 08:06 19938758                           /usr/lib/jvm/jdk1.8.0_20/bin/java
00600000-00601000 rw-p 00000000 08:06 19938758                           /usr/lib/jvm/jdk1.8.0_20/bin/java
0122a000-0124b000 rw-p 00000000 00:00 0                                  [heap]
6c6a00000-6d2300000 rw-p 00000000 00:00 0 
6d2300000-76ce00000 ---p 00000000 00:00 0 
76ce00000-77b300000 rw-p 00000000 00:00 0 
77b300000-7c0000000 ---p 00000000 00:00 0 
7c0000000-7c0760000 rw-p 00000000 00:00 0 
7c0760000-800000000 ---p 00000000 00:00 0 
7f6798000000-7f6798036000 rw-p 00000000 00:00 0 
7f6798036000-7f679c000000 ---p 00000000 00:00 0 
7f679c000000-7f679c0fe000 rw-p 00000000 00:00 0 
7f679c0fe000-7f67a0000000 ---p 00000000 00:00 0 
7f67a0000000-7f67a0021000 rw-p 00000000 00:00 0 
7f67a0021000-7f67a4000000 ---p 00000000 00:00 0 
7f67a4000000-7f67a402e000 rw-p 00000000 00:00 0 
7f67a402e000-7f67a8000000 ---p 00000000 00:00 0 
7f67a8000000-7f67a8021000 rw-p 00000000 00:00 0 
7f67a8021000-7f67ac000000 ---p 00000000 00:00 0 
7f67ac000000-7f67ac021000 rw-p 00000000 00:00 0 
7f67ac021000-7f67b0000000 ---p 00000000 00:00 0 
7f67b3afb000-7f67b3afe000 ---p 00000000 00:00 0 
7f67b3afe000-7f67b3bfc000 rw-p 00000000 00:00 0                          [stack:11365]
7f67b3bfc000-7f67b3bff000 ---p 00000000 00:00 0 
7f67b3bff000-7f67b3cfd000 rw-p 00000000 00:00 0                          [stack:11364]
7f67b3cfd000-7f67b3d00000 ---p 00000000 00:00 0 
7f67b3d00000-7f67b3dfe000 rw-p 00000000 00:00 0                          [stack:11363]
7f67b3dfe000-7f67b3e01000 ---p 00000000 00:00 0 
7f67b3e01000-7f67b3eff000 rw-p 00000000 00:00 0                          [stack:11362]
7f67b3eff000-7f67b3f02000 ---p 00000000 00:00 0 
7f67b3f02000-7f67b4000000 rw-p 00000000 00:00 0                          [stack:11361]
7f67b4000000-7f67b4021000 rw-p 00000000 00:00 0 
7f67b4021000-7f67b8000000 ---p 00000000 00:00 0 
7f67b8000000-7f67b827a000 rw-p 00000000 00:00 0 
7f67b827a000-7f67bc000000 ---p 00000000 00:00 0 
7f67bc000000-7f67bc021000 rw-p 00000000 00:00 0 
7f67bc021000-7f67c0000000 ---p 00000000 00:00 0 
7f67c0000000-7f67c0021000 rw-p 00000000 00:00 0 
7f67c0021000-7f67c4000000 ---p 00000000 00:00 0 
7f67c4000000-7f67c4021000 rw-p 00000000 00:00 0 
7f67c4021000-7f67c8000000 ---p 00000000 00:00 0 
7f67c8000000-7f67c8021000 rw-p 00000000 00:00 0 
7f67c8021000-7f67cc000000 ---p 00000000 00:00 0 
7f67cc000000-7f67cc021000 rw-p 00000000 00:00 0 
7f67cc021000-7f67d0000000 ---p 00000000 00:00 0 
7f67d0000000-7f67d0021000 rw-p 00000000 00:00 0 
7f67d0021000-7f67d4000000 ---p 00000000 00:00 0 
7f67d4000000-7f67d42ca000 rw-p 00000000 00:00 0 
7f67d42ca000-7f67d8000000 ---p 00000000 00:00 0 
7f67d8000000-7f67d8021000 rw-p 00000000 00:00 0 
7f67d8021000-7f67dc000000 ---p 00000000 00:00 0 
7f67dc000000-7f67dc021000 rw-p 00000000 00:00 0 
7f67dc021000-7f67e0000000 ---p 00000000 00:00 0 
7f67e0000000-7f67e0021000 rw-p 00000000 00:00 0 
7f67e0021000-7f67e4000000 ---p 00000000 00:00 0 
7f67e4000000-7f67e4021000 rw-p 00000000 00:00 0 
7f67e4021000-7f67e8000000 ---p 00000000 00:00 0 
7f67e8000000-7f67e8021000 rw-p 00000000 00:00 0 
7f67e8021000-7f67ec000000 ---p 00000000 00:00 0 
7f67ec000000-7f67ec0ac000 rw-p 00000000 00:00 0 
7f67ec0ac000-7f67f0000000 ---p 00000000 00:00 0 
7f67f0000000-7f67f1372000 rw-p 00000000 00:00 0 
7f67f1372000-7f67f4000000 ---p 00000000 00:00 0 
7f67f4000000-7f67f4021000 rw-p 00000000 00:00 0 
7f67f4021000-7f67f8000000 ---p 00000000 00:00 0 
7f67f8000000-7f67f8021000 rw-p 00000000 00:00 0 
7f67f8021000-7f67fc000000 ---p 00000000 00:00 0 
7f67fc000000-7f67fc021000 rw-p 00000000 00:00 0 
7f67fc021000-7f6800000000 ---p 00000000 00:00 0 
7f6800000000-7f6800021000 rw-p 00000000 00:00 0 
7f6800021000-7f6804000000 ---p 00000000 00:00 0 
7f68040e0000-7f6804260000 rw-p 00000000 00:00 0 
7f6804260000-7f68042e3000 ---p 00000000 00:00 0 
7f68042e3000-7f68045e1000 rw-p 00000000 00:00 0 
7f68045e1000-7f68045e2000 r--s 00000000 08:06 2365020                    /usr/local/development/dev-7-7/Ignition/IgnitionWebApp/target/ignition-webapp-7.7/WEB-INF/lib/xopc-common-2.7.2-20141104.213412-19.jar
7f68045e2000-7f68045fa000 r--s 000f7000 08:06 2365016                    /usr/local/development/dev-7-7/Ignition/IgnitionWebApp/target/ignition-webapp-7.7/WEB-INF/lib/xopc-2.7.2-20141104.213433-19.jar
7f68045fa000-7f6804607000 r--s 000a0000 08:06 2365222                    /usr/local/development/dev-7-7/Ignition/IgnitionWebApp/target/ignition-webapp-7.7/WEB-INF/lib/winpack-3.8.3.jar
7f6804607000-7f6804611000 r--s 0005c000 08:06 2364945                    /usr/local/development/dev-7-7/Ignition/IgnitionWebApp/target/ignition-webapp-7.7/WEB-INF/lib/wicket-util-6.1.1.jar
7f6804611000-7f6804614000 r--s 00012000 08:06 2364946                    /usr/local/development/dev-7-7/Ignition/IgnitionWebApp/target/ignition-webapp-7.7/WEB-INF/lib/wicket-request-6.1.1.jar
7f6804614000-7f6804626000 r--s 00138000 08:06 2364948                    /usr/local/development/dev-7-7/Ignition/IgnitionWebApp/target/ignition-webapp-7.7/WEB-INF/lib/wicket-extensions-6.1.1.jar
7f6804626000-7f6804629000 r--s 00038000 08:06 2364947                    /usr/local/development/dev-7-7/Ignition/IgnitionWebApp/target/ignition-webapp-7.7/WEB-INF/lib/wicket-datetime-6.1.1.jar
7f6804629000-7f680464c000 r--s 001a3000 08:06 2364944                    /usr/local/development/dev-7-7/Ignition/IgnitionWebApp/target/ignition-webapp-7.7/WEB-INF/lib/wicket-core-6.1.1.jar
7f680464c000-7f680464e000 r--s 0012e000 08:06 2365207                    /usr/local/development/dev-7-7/Ignition/IgnitionWebApp/target/ignition-webapp-7.7/WEB-INF/lib/voice-cmu-slt-hsmm-5.0.jar
7f680464e000-7f680464f000 r--s 00006000 08:06 2365022                    /usr/local/development/dev-7-7/Ignition/IgnitionWebApp/target/ignition-webapp-7.7/WEB-INF/lib/user-manual-module-1.7.0-20131026.004611-6.jar
7f680464f000-7f6804652000 r--s 00017000 08:06 2365002                    /usr/local/development/dev-7-7/Ignition/IgnitionWebApp/target/ignition-webapp-7.7/WEB-INF/lib/timingframework-1.0.jar
7f6804652000-7f6804654000 r--s 00001000 08:06 2364734                    /usr/local/development/dev-7-7/Ignition/IgnitionWebApp/target/ignition-webapp-7.7/WEB-INF/lib/slf4j-log4j12-1.7.5.jar
7f6804654000-7f6804656000 r--s 00005000 08:06 2364733                    /usr/local/development/dev-7-7/Ignition/IgnitionWebApp/target/ignition-webapp-7.7/WEB-INF/lib/slf4j-api-1.7.5.jar
7f6804656000-7f6804660000 r--s 00061000 08:06 2365204                    /usr/local/development/dev-7-7/Ignition/IgnitionWebApp/target/ignition-webapp-7.7/WEB-INF/lib/sip-notification-2.7.2-20141104.214142-19.jar
7f6804660000-7f6804663000 r--s 0001f000 08:06 4198523                    /usr/local/development/dev-7-7/Ignition/IgnitionWebApp/target/ignition-webapp-7.7/WEB-INF/lib/simple-orm-7.7.2-SNAPSHOT.jar
7f6804663000-7f6804665000 r--s 00003000 08:06 2365213                    /usr/local/development/dev-7-7/Ignition/IgnitionWebApp/target/ignition-webapp-7.7/WEB-INF/lib/sfc-gateway-api-1.7.1-SNAPSHOT.jar
7f6804665000-7f6804668000 r--s 00019000 08:06 2365212                    /usr/local/development/dev-7-7/Ignition/IgnitionWebApp/target/ignition-webapp-7.7/WEB-INF/lib/sfc-gateway-1.7.1-SNAPSHOT.jar
7f6804668000-7f680466b000 r--s 00016000 08:06 2365214                    /usr/local/development/dev-7-7/Ignition/IgnitionWebApp/target/ignition-webapp-7.7/WEB-INF/lib/sfc-common-1.7.1-SNAPSHOT.jar
7f680466b000-7f680466d000 r--s 0000f000 08:06 2365217                    /usr/local/development/dev-7-7/Ignition/IgnitionWebApp/target/ignition-webapp-7.7/WEB-INF/lib/serialio-8.7.0.jar
7f680466d000-7f680466f000 r--s 00028000 08:06 2365215                    /usr/local/development/dev-7-7/Ignition/IgnitionWebApp/target/ignition-webapp-7.7/WEB-INF/lib/serial-support-gateway-2.7.2-20141104.214033-19.jar
7f680466f000-7f68046de000 r--s 007bb000 08:06 2365205                    /usr/local/development/dev-7-7/Ignition/IgnitionWebApp/target/ignition-webapp-7.7/WEB-INF/lib/marytts-server-5.0.jar
7f68046de000-7f680477b000 r--s 0082e000 08:06 2364728                    /usr/local/development/dev-7-7/Ignition/IgnitionWebApp/target/ignition-webapp-7.7/WEB-INF/lib/jython-2.5.3-guava-upgrade.jar
7f680477b000-7f6804792000 r-xp 00000000 08:06 15602148                   /lib/x86_64-linux-gnu/libresolv-2.19.so
7f6804792000-7f6804992000 ---p 00017000 08:06 15602148                   /lib/x86_64-linux-gnu/libresolv-2.19.so
7f6804992000-7f6804993000 r--p 00017000 08:06 15602148                   /lib/x86_64-linux-gnu/libresolv-2.19.so
7f6804993000-7f6804994000 rw-p 00018000 08:06 15602148                   /lib/x86_64-linux-gnu/libresolv-2.19.so
7f6804994000-7f6804996000 rw-p 00000000 00:00 0 
7f6804996000-7f680499b000 r-xp 00000000 08:06 15602324                   /lib/x86_64-linux-gnu/libnss_dns-2.19.so
7f680499b000-7f6804b9a000 ---p 00005000 08:06 15602324                   /lib/x86_64-linux-gnu/libnss_dns-2.19.so
7f6804b9a000-7f6804b9b000 r--p 00004000 08:06 15602324                   /lib/x86_64-linux-gnu/libnss_dns-2.19.so
7f6804b9b000-7f6804b9c000 rw-p 00005000 08:06 15602324                   /lib/x86_64-linux-gnu/libnss_dns-2.19.so
7f6804b9c000-7f6804b9e000 r-xp 00000000 08:06 15601607                   /lib/x86_64-linux-gnu/libnss_mdns4_minimal.so.2
7f6804b9e000-7f6804d9d000 ---p 00002000 08:06 15601607                   /lib/x86_64-linux-gnu/libnss_mdns4_minimal.so.2
7f6804d9d000-7f6804d9e000 r--p 00001000 08:06 15601607                   /lib/x86_64-linux-gnu/libnss_mdns4_minimal.so.2
7f6804d9e000-7f6804d9f000 rw-p 00002000 08:06 15601607                   /lib/x86_64-linux-gnu/libnss_mdns4_minimal.so.2
7f6804d9f000-7f6804f9f000 rw-p 00000000 00:00 0 
7f6804f9f000-7f6804fa2000 ---p 00000000 00:00 0 
7f6804fa2000-7f68050a0000 rw-p 00000000 00:00 0                          [stack:11035]
7f68050a0000-7f68050a3000 ---p 00000000 00:00 0 
7f68050a3000-7f68051a1000 rw-p 00000000 00:00 0                          [stack:11034]
7f68051a1000-7f68051a4000 ---p 00000000 00:00 0 
7f68051a4000-7f68052a2000 rw-p 00000000 00:00 0                          [stack:11033]
7f68052a2000-7f68052a5000 ---p 00000000 00:00 0 
7f68052a5000-7f68055a3000 rw-p 00000000 00:00 0                          [stack:11032]
7f68055a3000-7f68055a6000 ---p 00000000 00:00 0 
7f68055a6000-7f68056a4000 rw-p 00000000 00:00 0 
7f68056a4000-7f68056a7000 ---p 00000000 00:00 0 
7f68056a7000-7f68057a5000 rw-p 00000000 00:00 0 
7f68057a5000-7f68057a8000 ---p 00000000 00:00 0 
7f68057a8000-7f68058a6000 rw-p 00000000 00:00 0 
7f68058a6000-7f68058a9000 ---p 00000000 00:00 0 
7f68058a9000-7f68059a7000 rw-p 00000000 00:00 0 
7f68059a7000-7f68059aa000 ---p 00000000 00:00 0 
7f68059aa000-7f6805aa8000 rw-p 00000000 00:00 0 
7f6805aa8000-7f6805aab000 ---p 00000000 00:00 0 
7f6805aab000-7f6805ba9000 rw-p 00000000 00:00 0 
7f6805ba9000-7f6805baa000 r--s 00268000 08:06 2365208                    /usr/local/development/dev-7-7/Ignition/IgnitionWebApp/target/ignition-webapp-7.7/WEB-INF/lib/ttsengine-ivona-2.7.2-20141104.214148-19.jar
7f6805baa000-7f6805bac000 r--s 00002000 08:06 2365216                    /usr/local/development/dev-7-7/Ignition/IgnitionWebApp/target/ignition-webapp-7.7/WEB-INF/lib/serial-support-common-2.7.2-20141104.214027-19.jar
7f6805bac000-7f6805bb1000 r--s 0003e000 08:06 2364955                    /usr/local/development/dev-7-7/Ignition/IgnitionWebApp/target/ignition-webapp-7.7/WEB-INF/lib/saaj-impl-1.3.jar
7f6805bb1000-7f6805bb3000 r--s 00003000 08:06 2364956                    /usr/local/development/dev-7-7/Ignition/IgnitionWebApp/target/ignition-webapp-7.7/WEB-INF/lib/saaj-api-1.3.jar
7f6805bb3000-7f6805bbd000 r--s 0005c000 08:06 2365219                    /usr/local/development/dev-7-7/Ignition/IgnitionWebApp/target/ignition-webapp-7.7/WEB-INF/lib/opccom-gateway-2.7.2-20141104.213642-1.jar
7f6805bbd000-7f6805bbe000 r--s 00001000 08:06 2365218                    /usr/local/development/dev-7-7/Ignition/IgnitionWebApp/target/ignition-webapp-7.7/WEB-INF/lib/opccom-common-2.7.2-20141104.213635-1.jar
7f6805bbe000-7f6805bc3000 r--s 00086000 08:06 2365210                    /usr/local/development/dev-7-7/Ignition/IgnitionWebApp/target/ignition-webapp-7.7/WEB-INF/lib/mobile-gateway-2.7.2-20141104.213623-19.jar
7f6805bc3000-7f6805bc5000 r--s 00002000 08:06 2365211                    /usr/local/development/dev-7-7/Ignition/IgnitionWebApp/target/ignition-webapp-7.7/WEB-INF/lib/mobile-common-2.7.2-20141104.213605-19.jar
7f6805bc5000-7f6805bc6000 r--s 00003000 08:06 2365006                    /usr/local/development/dev-7-7/Ignition/IgnitionWebApp/target/ignition-webapp-7.7/WEB-INF/lib/miglayout-swing-4.2.jar
7f6805bc6000-7f6805bc8000 r--s 0000f000 08:06 2365007                    /usr/local/development/dev-7-7/Ignition/IgnitionWebApp/target/ignition-webapp-7.7/WEB-INF/lib/miglayout-core-4.2.jar
7f6805bc8000-7f6805bcb000 r--s 00012000 08:06 2364935                    /usr/local/development/dev-7-7/Ignition/IgnitionWebApp/target/ignition-webapp-7.7/WEB-INF/lib/metrics-core-3.0.1.jar
7f6805bcb000-7f6805bd3000 r--s 00075000 08:06 2364951                    /usr/local/development/dev-7-7/Ignition/IgnitionWebApp/target/ignition-webapp-7.7/WEB-INF/lib/mail-1.4.5.jar
7f6805bd3000-7f6805bda000 r--s 00059000 08:06 2364732                    /usr/local/development/dev-7-7/Ignition/IgnitionWebApp/target/ignition-webapp-7.7/WEB-INF/lib/log4j-1.2.15.jar
7f6805bda000-7f6805be9000 r--s 0007c000 08:06 2364936                    /usr/local/development/dev-7-7/Ignition/IgnitionWebApp/target/ignition-webapp-7.7/WEB-INF/lib/joda-time-2.0.jar
7f6805be9000-7f6805c0f000 r--s 001da000 08:06 2365009                    /usr/local/development/dev-7-7/Ignition/IgnitionWebApp/target/ignition-webapp-7.7/WEB-INF/lib/jide-grids-3.5.13.jar
7f6805c0f000-7f6805c12000 ---p 00000000 00:00 0 
7f6805c12000-7f6805d10000 rw-p 00000000 00:00 0 
7f6805d10000-7f6805d13000 ---p 00000000 00:00 0 
7f6805d13000-7f6805e11000 rw-p 00000000 00:00 0 
7f6805e11000-7f6805e14000 ---p 00000000 00:00 0 
7f6805e14000-7f6806112000 rw-p 00000000 00:00 0 
7f6806112000-7f6806312000 rw-p 00000000 00:00 0 
7f6806312000-7f6806319000 r--s 00000000 08:06 15863595                   /usr/lib/x86_64-linux-gnu/gconv/gconv-modules.cache
7f6806427000-7f6806627000 rw-p 00000000 00:00 0 
7f6806627000-7f6806827000 rw-p 00000000 00:00 0 
7f6806827000-7f6806a27000 rw-p 00000000 00:00 0 
7f6806a27000-7f6806a2a000 ---p 00000000 00:00 0 
7f6806a2a000-7f6806d28000 rw-p 00000000 00:00 0 
7f6806d28000-7f6806f28000 rw-p 00000000 00:00 0 
7f6806f28000-7f6806f2b000 r--s 00019000 08:06 659380                     /usr/local/development/dev-7-7/Ignition/IgnitionWebApp/src/main/home/temp/sfc-gateway8210944414570779999.jar
7f6806f2b000-7f6806f2e000 r--s 00016000 08:06 659379                     /usr/local/development/dev-7-7/Ignition/IgnitionWebApp/src/main/home/temp/sfc-common8757638835663758645.jar
7f6806f2e000-7f6806f32000 r--s 000be000 08:06 658865                     /usr/local/development/dev-7-7/Ignition/IgnitionWebApp/src/main/home/temp/vis-gateway9030852252451255029.jar
7f6806f32000-7f6807132000 rw-p 00000000 00:00 0 
7f6807333000-7f6807334000 rw-p 00000000 00:00 0 
7f6807334000-7f6807337000 ---p 00000000 00:00 0 
7f6807337000-7f6807435000 rw-p 00000000 00:00 0 
7f6807435000-7f6807438000 ---p 00000000 00:00 0 
7f6807438000-7f6807536000 rw-p 00000000 00:00 0 
7f6807536000-7f6807539000 ---p 00000000 00:00 0 
7f6807539000-7f6807837000 rw-p 00000000 00:00 0                          [stack:11397]
7f6807837000-7f680784a000 r--s 00345000 08:06 20582253                   /usr/lib/jvm/jdk1.8.0_20/jre/lib/resources.jar
7f680784a000-7f680784d000 ---p 00000000 00:00 0 
7f680784d000-7f6807b4b000 rw-p 00000000 00:00 0 
7f6807b4b000-7f6807b4d000 r--s 00003000 08:06 659381                     /usr/local/development/dev-7-7/Ignition/IgnitionWebApp/src/main/home/temp/sfc-gateway-api7186233774513064116.jar
7f6807b4d000-7f6807b4e000 r--s 00002000 08:06 658870                     /usr/local/development/dev-7-7/Ignition/IgnitionWebApp/src/main/home/temp/vis-common4638818221960489779.jar
7f6807b4e000-7f6807b51000 r--s 0069c000 08:06 2365206                    /usr/local/development/dev-7-7/Ignition/IgnitionWebApp/target/ignition-webapp-7.7/WEB-INF/lib/marytts-lang-en-5.0.jar
7f6807b51000-7f6807b52000 r--s 00001000 08:06 2364765                    /usr/local/development/dev-7-7/Ignition/IgnitionWebApp/target/ignition-webapp-7.7/WEB-INF/lib/jul-to-slf4j-1.7.5.jar
7f6807b52000-7f6807b58000 r--s 00036000 08:06 2364949                    /usr/local/development/dev-7-7/Ignition/IgnitionWebApp/target/ignition-webapp-7.7/WEB-INF/lib/jquery-ui-core-6.1.0.jar
7f6807b58000-7f6807b5c000 r--s 00037000 08:06 2365221                    /usr/local/development/dev-7-7/Ignition/IgnitionWebApp/target/ignition-webapp-7.7/WEB-INF/lib/jniwrap-3.8.3.jar
7f6807b5c000-7f6807b5e000 r--s 00011000 08:06 2365015                    /usr/local/development/dev-7-7/Ignition/IgnitionWebApp/target/ignition-webapp-7.7/WEB-INF/lib/jide-shortcut-3.5.13.jar
7f6807b5e000-7f6807b62000 r--s 00022000 08:06 2365010                    /usr/local/development/dev-7-7/Ignition/IgnitionWebApp/target/ignition-webapp-7.7/WEB-INF/lib/jide-plaf-3.5.13.jar
7f6807b62000-7f6807b6c000 r--s 00061000 08:06 2365014                    /usr/local/development/dev-7-7/Ignition/IgnitionWebApp/target/ignition-webapp-7.7/WEB-INF/lib/jide-editor-3.5.13.jar
7f6807b6c000-7f6807b72000 r--s 0004f000 08:06 2365013                    /usr/local/development/dev-7-7/Ignition/IgnitionWebApp/target/ignition-webapp-7.7/WEB-INF/lib/jide-dock-3.5.13.jar
7f6807b72000-7f6807b74000 r--s 0000c000 08:06 2365012                    /usr/local/development/dev-7-7/Ignition/IgnitionWebApp/target/ignition-webapp-7.7/WEB-INF/lib/jide-dialogs-3.5.13.jar
7f6807b74000-7f6807b7c000 r--s 00055000 08:06 2365008                    /usr/local/development/dev-7-7/Ignition/IgnitionWebApp/target/ignition-webapp-7.7/WEB-INF/lib/jide-components-3.5.13.jar
7f6807b7c000-7f6807b99000 r--s 00155000 08:06 2364766                    /usr/local/development/dev-7-7/Ignition/IgnitionWebApp/target/ignition-webapp-7.7/WEB-INF/lib/jide-common-3.5.13.jar
7f6807b99000-7f6807b9e000 r--s 0002f000 08:06 2365011                    /usr/local/development/dev-7-7/Ignition/IgnitionWebApp/target/ignition-webapp-7.7/WEB-INF/lib/jide-action-3.5.13.jar
7f6807b9e000-7f6807bb2000 r--s 0017c000 08:06 2365004                    /usr/local/development/dev-7-7/Ignition/IgnitionWebApp/target/ignition-webapp-7.7/WEB-INF/lib/jfreechart-min-1.0.0.jar
7f6807bb2000-7f6807bb4000 r--s 00004000 08:06 2364991                    /usr/local/development/dev-7-7/Ignition/IgnitionWebApp/target/ignition-webapp-7.7/WEB-INF/lib/jaxrpc-spi-1.1.3_01.jar
7f6807bb4000-7f6807bd1000 r--s 001ea000 08:06 2364953                    /usr/local/development/dev-7-7/Ignition/IgnitionWebApp/target/ignition-webapp-7.7/WEB-INF/lib/jaxrpc-impl-1.1.3_01.jar
7f6807bd1000-7f6807bd3000 r--s 00005000 08:06 2364954                    /usr/local/development/dev-7-7/Ignition/IgnitionWebApp/target/ignition-webapp-7.7/WEB-INF/lib/jaxrpc-api-1.1.jar
7f6807bd3000-7f6807bd5000 r--s 00013000 08:06 2364730                    /usr/local/development/dev-7-7/Ignition/IgnitionWebApp/target/ignition-webapp-7.7/WEB-INF/lib/java-cup-10k.jar
7f6807bd5000-7f6807bd6000 r--s 00003000 08:06 2365209                    /usr/local/development/dev-7-7/Ignition/IgnitionWebApp/target/ignition-webapp-7.7/WEB-INF/lib/ivonatts-1.0.0.jar
7f6807bd6000-7f6807bd8000 r--s 00001000 08:06 2365019                    /usr/local/development/dev-7-7/Ignition/IgnitionWebApp/target/ignition-webapp-7.7/WEB-INF/lib/io-session-3.0.0-20130122.214435-9.jar
7f6807bd8000-7f6807be3000 r--s 00073000 08:06 2365018                    /usr/local/development/dev-7-7/Ignition/IgnitionWebApp/target/ignition-webapp-7.7/WEB-INF/lib/ia-opcua-2.7.2-20141104.213404-19.jar
7f6807be3000-7f6807bf1000 r--s 0014e000 08:06 2364950                    /usr/local/development/dev-7-7/Ignition/IgnitionWebApp/target/ignition-webapp-7.7/WEB-INF/lib/hsqldb-2.2.9.jar
7f6807bf1000-7f6807bf2000 r--s 00001000 08:06 2365000                    /usr/local/development/dev-7-7/Ignition/IgnitionWebApp/target/ignition-webapp-7.7/WEB-INF/lib/hasp-srm-api-1.0.0.jar
7f6807bf2000-7f6807c16000 r--s 001aa000 08:06 2364726                    /usr/local/development/dev-7-7/Ignition/IgnitionWebApp/target/ignition-webapp-7.7/WEB-INF/lib/guava-13.0.1.jar
7f6807c16000-7f6807c3b000 r--s 00155000 08:06 4198538                    /usr/local/development/dev-7-7/Ignition/IgnitionWebApp/target/ignition-webapp-7.7/WEB-INF/lib/gateway-api-7.7.2-SNAPSHOT.jar
7f6807c3b000-7f6807c70000 r--s 00273000 08:06 4198524                    /usr/local/development/dev-7-7/Ignition/IgnitionWebApp/target/ignition-webapp-7.7/WEB-INF/lib/gateway-7.7.2-SNAPSHOT.jar
7f6807c70000-7f6807c78000 r--s 001ca000 08:06 2365024                    /usr/local/development/dev-7-7/Ignition/IgnitionWebApp/target/ignition-webapp-7.7/WEB-INF/lib/fsql-6.7.2-20141104.213508-19.jar
7f6807c78000-7f6807cce000 r--s 00512000 08:06 4198539                    /usr/local/development/dev-7-7/Ignition/IgnitionWebApp/target/ignition-webapp-7.7/WEB-INF/lib/designer-7.7.2-SNAPSHOT.jar
7f6807cce000-7f6807cff000 r--s 001ea000 08:06 4198540                    /usr/local/development/dev-7-7/Ignition/IgnitionWebApp/target/ignition-webapp-7.7/WEB-INF/lib/common-7.7.2-SNAPSHOT.jar
7f6807cff000-7f6807eff000 rw-p 00000000 00:00 0 
7f6807eff000-7f6807f02000 ---p 00000000 00:00 0 
7f6807f02000-7f6808000000 rw-p 00000000 00:00 0 
7f6808000000-7f6808021000 rw-p 00000000 00:00 0 
7f6808021000-7f680c000000 ---p 00000000 00:00 0 
7f680c000000-7f680c062000 rw-p 00000000 00:00 0 
7f680c062000-7f6810000000 ---p 00000000 00:00 0 
7f6810000000-7f6810021000 rw-p 00000000 00:00 0 
7f6810021000-7f6814000000 ---p 00000000 00:00 0 
7f6814000000-7f6814021000 rw-p 00000000 00:00 0 
7f6814021000-7f6818000000 ---p 00000000 00:00 0 
7f6818000000-7f6818077000 rw-p 00000000 00:00 0 
7f6818077000-7f681c000000 ---p 00000000 00:00 0 
7f681c000000-7f681c021000 rw-p 00000000 00:00 0 
7f681c021000-7f6820000000 ---p 00000000 00:00 0 
7f6820000000-7f6820021000 rw-p 00000000 00:00 0 
7f6820021000-7f6824000000 ---p 00000000 00:00 0 
7f6824000000-7f6824021000 rw-p 00000000 00:00 0 
7f6824021000-7f6828000000 ---p 00000000 00:00 0 
7f6828000000-7f6828021000 rw-p 00000000 00:00 0 
7f6828021000-7f682c000000 ---p 00000000 00:00 0 
7f682c000000-7f682cef1000 rw-p 00000000 00:00 0 
7f682cef1000-7f6830000000 ---p 00000000 00:00 0 
7f6830000000-7f6830021000 rw-p 00000000 00:00 0 
7f6830021000-7f6834000000 ---p 00000000 00:00 0 
7f6834000000-7f68340b8000 rw-p 00000000 00:00 0 
7f68340b8000-7f6838000000 ---p 00000000 00:00 0 
7f6838000000-7f6838021000 rw-p 00000000 00:00 0 
7f6838021000-7f683c000000 ---p 00000000 00:00 0 
7f683c000000-7f683c021000 rw-p 00000000 00:00 0 
7f683c021000-7f6840000000 ---p 00000000 00:00 0 
7f6840000000-7f6840021000 rw-p 00000000 00:00 0 
7f6840021000-7f6844000000 ---p 00000000 00:00 0 
7f6844000000-7f6844021000 rw-p 00000000 00:00 0 
7f6844021000-7f6848000000 ---p 00000000 00:00 0 
7f6848000000-7f684a23a000 rw-p 00000000 00:00 0 
7f684a23a000-7f684c000000 ---p 00000000 00:00 0 
7f684c000000-7f684c9b6000 rw-p 00000000 00:00 0 
7f684c9b6000-7f6850000000 ---p 00000000 00:00 0 
7f6850000000-7f6852382000 rw-p 00000000 00:00 0 
7f6852382000-7f6854000000 ---p 00000000 00:00 0 
7f6854000000-7f685529a000 rw-p 00000000 00:00 0 
7f685529a000-7f6858000000 ---p 00000000 00:00 0 
7f6858000000-7f68580ad000 rw-p 00000000 00:00 0 
7f68580ad000-7f685c000000 ---p 00000000 00:00 0 
7f685c000000-7f685c03c000 rw-p 00000000 00:00 0 
7f685c03c000-7f6860000000 ---p 00000000 00:00 0 
7f6860000000-7f6860021000 rw-p 00000000 00:00 0 
7f6860021000-7f6864000000 ---p 00000000 00:00 0 
7f6864000000-7f6864021000 rw-p 00000000 00:00 0 
7f6864021000-7f6868000000 ---p 00000000 00:00 0 
7f6868000000-7f6868021000 rw-p 00000000 00:00 0 
7f6868021000-7f686c000000 ---p 00000000 00:00 0 
7f686c000000-7f686c021000 rw-p 00000000 00:00 0 
7f686c021000-7f6870000000 ---p 00000000 00:00 0 
7f6870000000-7f6870259000 rw-p 00000000 00:00 0 
7f6870259000-7f6874000000 ---p 00000000 00:00 0 
7f6874000000-7f6874004000 r--s 00016000 08:06 2365023                    /usr/local/development/dev-7-7/Ignition/IgnitionWebApp/target/ignition-webapp-7.7/WEB-INF/lib/fsql-common-6.7.2-20141104.213458-19.jar
7f6874004000-7f6874008000 r--s 000be000 08:06 4198129                    /usr/local/development/dev-7-7/Ignition/IgnitionWebApp/target/ignition-webapp-7.7/WEB-INF/lib/fpmi-gateway-7.7.2-SNAPSHOT.jar
7f6874008000-7f6874009000 r--s 00001000 08:06 4198528                    /usr/local/development/dev-7-7/Ignition/IgnitionWebApp/target/ignition-webapp-7.7/WEB-INF/lib/fpmi-common-7.7.2-SNAPSHOT.jar
7f6874009000-7f687400c000 r--s 00013000 08:06 2365003                    /usr/local/development/dev-7-7/Ignition/IgnitionWebApp/target/ignition-webapp-7.7/WEB-INF/lib/forms-1.0.7.jar
7f687400c000-7f687400e000 r--s 00003000 08:06 2365021                    /usr/local/development/dev-7-7/Ignition/IgnitionWebApp/target/ignition-webapp-7.7/WEB-INF/lib/drivers-common-2.7.2-20141104.213438-19.jar
7f687400e000-7f6874015000 r--s 0002f000 08:06 2365017                    /usr/local/development/dev-7-7/Ignition/IgnitionWebApp/target/ignition-webapp-7.7/WEB-INF/lib/driver-api-2.7.2-20141104.213410-19.jar
7f6874015000-7f6874017000 r--s 00007000 08:06 2364731                    /usr/local/development/dev-7-7/Ignition/IgnitionWebApp/target/ignition-webapp-7.7/WEB-INF/lib/cron4j-2.2.3.jar
7f6874017000-7f687401e000 r--s 00054000 08:06 2364729                    /usr/local/development/dev-7-7/Ignition/IgnitionWebApp/target/ignition-webapp-7.7/WEB-INF/lib/core-1.7.jar
7f687401e000-7f6874021000 r--s 00013000 08:06 2364999                    /usr/local/development/dev-7-7/Ignition/IgnitionWebApp/target/ignition-webapp-7.7/WEB-INF/lib/commons-pool-1.4.jar
7f6874021000-7f6874023000 r--s 0000d000 08:06 2364941                    /usr/local/development/dev-7-7/Ignition/IgnitionWebApp/target/ignition-webapp-7.7/WEB-INF/lib/commons-logging-1.1.1.jar
7f6874023000-7f6874029000 r--s 00048000 08:06 2364723                    /usr/local/development/dev-7-7/Ignition/IgnitionWebApp/target/ignition-webapp-7.7/WEB-INF/lib/commons-lang3-3.1.jar
7f6874029000-7f687404f000 r--s 001be000 08:06 4198525                    /usr/local/development/dev-7-7/Ignition/IgnitionWebApp/target/ignition-webapp-7.7/WEB-INF/lib/client-api-7.7.2-SNAPSHOT.jar
7f687404f000-7f687424f000 rw-p 00000000 00:00 0 
7f687424f000-7f6874252000 ---p 00000000 00:00 0 
7f6874252000-7f687c000000 rw-p 00000000 00:00 0                          [stack:10811]
7f687c000000-7f687c021000 rw-p 00000000 00:00 0 
7f687c021000-7f6880000000 ---p 00000000 00:00 0 
7f6880000000-7f6880002000 r--s 0000e000 08:06 2364942                    /usr/local/development/dev-7-7/Ignition/IgnitionWebApp/target/ignition-webapp-7.7/WEB-INF/lib/commons-lang-1.0.jar
7f6880002000-7f6880005000 r--s 00025000 08:06 2364722                    /usr/local/development/dev-7-7/Ignition/IgnitionWebApp/target/ignition-webapp-7.7/WEB-INF/lib/commons-io-2.1.jar
7f6880005000-7f6880008000 r--s 0000f000 08:06 2364997                    /usr/local/development/dev-7-7/Ignition/IgnitionWebApp/target/ignition-webapp-7.7/WEB-INF/lib/commons-discovery-0.2.jar
7f6880008000-7f688000a000 r--s 0001c000 08:06 2364998                    /usr/local/development/dev-7-7/Ignition/IgnitionWebApp/target/ignition-webapp-7.7/WEB-INF/lib/commons-dbcp-1.2.2.jar
7f688000a000-7f688000c000 r--s 00006000 08:06 2364940                    /usr/local/development/dev-7-7/Ignition/IgnitionWebApp/target/ignition-webapp-7.7/WEB-INF/lib/commons-cli-1.0.jar
7f688000c000-7f6880019000 r--s 00084000 08:06 2365220                    /usr/local/development/dev-7-7/Ignition/IgnitionWebApp/target/ignition-webapp-7.7/WEB-INF/lib/comfyj-2.9.jar
7f6880019000-7f688001e000 r--s 00030000 08:06 4198529                    /usr/local/development/dev-7-7/Ignition/IgnitionWebApp/target/ignition-webapp-7.7/WEB-INF/lib/client-bootstrap-7.7.2-SNAPSHOT.jar
7f688001e000-7f688001f000 r--s 00004000 08:06 4198527                    /usr/local/development/dev-7-7/Ignition/IgnitionWebApp/target/ignition-webapp-7.7/WEB-INF/lib/bootstrap-7.7.2-SNAPSHOT-classes.jar
7f688001f000-7f6880047000 r--s 00196000 08:06 2364727                    /usr/local/development/dev-7-7/Ignition/IgnitionWebApp/target/ignition-webapp-7.7/WEB-INF/lib/bcprov-jdk16-unsigned-1.46-unsigned.jar
7f6880047000-7f688004c000 r--s 0003e000 08:06 2364938                    /usr/local/development/dev-7-7/Ignition/IgnitionWebApp/target/ignition-webapp-7.7/WEB-INF/lib/barcode4j-2.1.jar
7f688004c000-7f688004f000 r--s 0001c000 08:06 2364996                    /usr/local/development/dev-7-7/Ignition/IgnitionWebApp/target/ignition-webapp-7.7/WEB-INF/lib/axis-wsdl4j-1.5.1.jar
7f688004f000-7f6880050000 r--s 00004000 08:06 2364995                    /usr/local/development/dev-7-7/Ignition/IgnitionWebApp/target/ignition-webapp-7.7/WEB-INF/lib/axis-saaj-1.4.jar
7f6880050000-7f6880052000 r--s 00006000 08:06 2364994                    /usr/local/development/dev-7-7/Ignition/IgnitionWebApp/target/ignition-webapp-7.7/WEB-INF/lib/axis-jaxrpc-1.4.jar
7f6880052000-7f6880066000 r--s 00173000 08:06 2364993                    /usr/local/development/dev-7-7/Ignition/IgnitionWebApp/target/ignition-webapp-7.7/WEB-INF/lib/axis-1.4.jar
7f6880066000-7f6880068000 r--s 0000d000 08:06 2364939                    /usr/local/development/dev-7-7/Ignition/IgnitionWebApp/target/ignition-webapp-7.7/WEB-INF/lib/avalon-framework-impl-4.2.0.jar
7f6880068000-7f6880070000 r--s 00049000 08:06 2365005                    /usr/local/development/dev-7-7/Ignition/IgnitionWebApp/target/ignition-webapp-7.7/WEB-INF/lib/alloy-1.4.4.ia1.jar
7f6880070000-7f6880072000 r--s 00003000 08:06 2365026                    /usr/local/development/dev-7-7/Ignition/IgnitionWebApp/target/ignition-webapp-7.7/WEB-INF/lib/alarm-notification-gateway-api-2.7.2-20141104.214105-19.jar
7f6880072000-7f688007c000 r--s 00036000 08:06 2365203                    /usr/local/development/dev-7-7/Ignition/IgnitionWebApp/target/ignition-webapp-7.7/WEB-INF/lib/airlink-sms-notification-2.7.2-20141104.214125-19.jar
7f688007c000-7f688007f000 ---p 00000000 00:00 0 
7f688007f000-7f688017d000 rw-p 00000000 00:00 0                          [stack:10810]
7f688017d000-7f6880180000 ---p 00000000 00:00 0 
7f6880180000-7f688027e000 rw-p 00000000 00:00 0                          [stack:10809]
7f688027e000-7f6880281000 ---p 00000000 00:00 0 
7f6880281000-7f688037f000 rw-p 00000000 00:00 0                          [stack:10808]
7f688037f000-7f6880382000 ---p 00000000 00:00 0 
7f6880382000-7f6880480000 rw-p 00000000 00:00 0                          [stack:10807]
7f6880480000-7f6880483000 ---p 00000000 00:00 0 
7f6880483000-7f6880581000 rw-p 00000000 00:00 0                          [stack:10806]
7f6880581000-7f6880584000 ---p 00000000 00:00 0 
7f6880584000-7f6880682000 rw-p 00000000 00:00 0 
7f6880682000-7f6880698000 r-xp 00000000 08:06 15602357                   /lib/x86_64-linux-gnu/libgcc_s.so.1
7f6880698000-7f6880897000 ---p 00016000 08:06 15602357                   /lib/x86_64-linux-gnu/libgcc_s.so.1
7f6880897000-7f6880898000 rw-p 00015000 08:06 15602357                   /lib/x86_64-linux-gnu/libgcc_s.so.1
7f6880898000-7f68808ca000 r-xp 00000000 08:06 20582265                   /usr/lib/jvm/jdk1.8.0_20/jre/lib/amd64/libsunec.so
7f68808ca000-7f6880ac9000 ---p 00032000 08:06 20582265                   /usr/lib/jvm/jdk1.8.0_20/jre/lib/amd64/libsunec.so
7f6880ac9000-7f6880acf000 rw-p 00031000 08:06 20582265                   /usr/lib/jvm/jdk1.8.0_20/jre/lib/amd64/libsunec.so
7f6880acf000-7f6880cdf000 rw-p 00000000 00:00 0 
7f6880cdf000-7f6880ce2000 ---p 00000000 00:00 0 
7f6880ce2000-7f6880de0000 rw-p 00000000 00:00 0                          [stack:10804]
7f6880de0000-7f6880de5000 r-xp 00000000 08:06 15211194                   /usr/lib/x86_64-linux-gnu/libXdmcp.so.6.0.0
7f6880de5000-7f6880fe4000 ---p 00005000 08:06 15211194                   /usr/lib/x86_64-linux-gnu/libXdmcp.so.6.0.0
7f6880fe4000-7f6880fe5000 r--p 00004000 08:06 15211194                   /usr/lib/x86_64-linux-gnu/libXdmcp.so.6.0.0
7f6880fe5000-7f6880fe6000 rw-p 00005000 08:06 15211194                   /usr/lib/x86_64-linux-gnu/libXdmcp.so.6.0.0
7f6880fe6000-7f6880fe8000 r-xp 00000000 08:06 15211183                   /usr/lib/x86_64-linux-gnu/libXau.so.6.0.0
7f6880fe8000-7f68811e8000 ---p 00002000 08:06 15211183                   /usr/lib/x86_64-linux-gnu/libXau.so.6.0.0
7f68811e8000-7f68811e9000 r--p 00002000 08:06 15211183                   /usr/lib/x86_64-linux-gnu/libXau.so.6.0.0
7f68811e9000-7f68811ea000 rw-p 00003000 08:06 15211183                   /usr/lib/x86_64-linux-gnu/libXau.so.6.0.0
7f68811ea000-7f6881207000 r-xp 00000000 08:06 15212358                   /usr/lib/x86_64-linux-gnu/libxcb.so.1.1.0
7f6881207000-7f6881407000 ---p 0001d000 08:06 15212358                   /usr/lib/x86_64-linux-gnu/libxcb.so.1.1.0
7f6881407000-7f6881408000 r--p 0001d000 08:06 15212358                   /usr/lib/x86_64-linux-gnu/libxcb.so.1.1.0
7f6881408000-7f6881409000 rw-p 0001e000 08:06 15212358                   /usr/lib/x86_64-linux-gnu/libxcb.so.1.1.0
7f6881409000-7f6881418000 r-xp 00000000 08:06 15211204                   /usr/lib/x86_64-linux-gnu/libXi.so.6.1.0
7f6881418000-7f6881617000 ---p 0000f000 08:06 15211204                   /usr/lib/x86_64-linux-gnu/libXi.so.6.1.0
7f6881617000-7f6881618000 r--p 0000e000 08:06 15211204                   /usr/lib/x86_64-linux-gnu/libXi.so.6.1.0
7f6881618000-7f6881619000 rw-p 0000f000 08:06 15211204                   /usr/lib/x86_64-linux-gnu/libXi.so.6.1.0
7f6881619000-7f688161e000 r-xp 00000000 08:06 15211222                   /usr/lib/x86_64-linux-gnu/libXtst.so.6.1.0
7f688161e000-7f688181d000 ---p 00005000 08:06 15211222                   /usr/lib/x86_64-linux-gnu/libXtst.so.6.1.0
7f688181d000-7f688181e000 r--p 00004000 08:06 15211222                   /usr/lib/x86_64-linux-gnu/libXtst.so.6.1.0
7f688181e000-7f688181f000 rw-p 00005000 08:06 15211222                   /usr/lib/x86_64-linux-gnu/libXtst.so.6.1.0
7f688181f000-7f6881828000 r-xp 00000000 08:06 15211216                   /usr/lib/x86_64-linux-gnu/libXrender.so.1.3.0
7f6881828000-7f6881a27000 ---p 00009000 08:06 15211216                   /usr/lib/x86_64-linux-gnu/libXrender.so.1.3.0
7f6881a27000-7f6881a28000 r--p 00008000 08:06 15211216                   /usr/lib/x86_64-linux-gnu/libXrender.so.1.3.0
7f6881a28000-7f6881a29000 rw-p 00009000 08:06 15211216                   /usr/lib/x86_64-linux-gnu/libXrender.so.1.3.0
7f6881a29000-7f6881b59000 r-xp 00000000 08:06 15211179                   /usr/lib/x86_64-linux-gnu/libX11.so.6.3.0
7f6881b59000-7f6881d59000 ---p 00130000 08:06 15211179                   /usr/lib/x86_64-linux-gnu/libX11.so.6.3.0
7f6881d59000-7f6881d5a000 r--p 00130000 08:06 15211179                   /usr/lib/x86_64-linux-gnu/libX11.so.6.3.0
7f6881d5a000-7f6881d5e000 rw-p 00131000 08:06 15211179                   /usr/lib/x86_64-linux-gnu/libX11.so.6.3.0
7f6881d5e000-7f6881d6f000 r-xp 00000000 08:06 15211196                   /usr/lib/x86_64-linux-gnu/libXext.so.6.4.0
7f6881d6f000-7f6881f6e000 ---p 00011000 08:06 15211196                   /usr/lib/x86_64-linux-gnu/libXext.so.6.4.0
7f6881f6e000-7f6881f6f000 r--p 00010000 08:06 15211196                   /usr/lib/x86_64-linux-gnu/libXext.so.6.4.0
7f6881f6f000-7f6881f70000 rw-p 00011000 08:06 15211196                   /usr/lib/x86_64-linux-gnu/libXext.so.6.4.0
7f6881f70000-7f6881f76000 r--s 00032000 08:06 2365025                    /usr/local/development/dev-7-7/Ignition/IgnitionWebApp/target/ignition-webapp-7.7/WEB-INF/lib/alarm-notification-gateway-2.7.2-20141104.214111-19.jar
7f6881f76000-7f6881f78000 r--s 00004000 08:06 2365027                    /usr/local/development/dev-7-7/Ignition/IgnitionWebApp/target/ignition-webapp-7.7/WEB-INF/lib/alarm-notification-common-2.7.2-20141104.214053-19.jar
7f6881f78000-7f6881f7a000 r--s 0000d000 08:06 2365001                    /usr/local/development/dev-7-7/Ignition/IgnitionWebApp/target/ignition-webapp-7.7/WEB-INF/lib/activation-ws-1.0.0.jar
7f6881f7a000-7f6881f7c000 r--s 0000e000 08:06 2364952                    /usr/local/development/dev-7-7/Ignition/IgnitionWebApp/target/ignition-webapp-7.7/WEB-INF/lib/activation-1.1.jar
7f6881f7c000-7f6881f85000 r--s 00069000 08:06 2365223                    /usr/local/development/dev-7-7/Ignition/IgnitionWebApp/target/ignition-webapp-7.7/WEB-INF/lib/ab-drivers-1.7.0-20131026.004154-8.jar
7f6881f85000-7f6881f8a000 r--s 0003c000 08:06 2364992                    /usr/local/development/dev-7-7/Ignition/IgnitionWebApp/target/ignition-webapp-7.7/WEB-INF/lib/FastInfoset-1.0.2.jar
7f6881f8a000-7f6881f8f000 r--s 002f8000 08:06 20582247                   /usr/lib/jvm/jdk1.8.0_20/jre/lib/charsets.jar
7f6881f8f000-7f6881fe3000 r-xp 00000000 08:06 20582307                   /usr/lib/jvm/jdk1.8.0_20/jre/lib/amd64/libawt_xawt.so
7f6881fe3000-7f68821e3000 ---p 00054000 08:06 20582307                   /usr/lib/jvm/jdk1.8.0_20/jre/lib/amd64/libawt_xawt.so
7f68821e3000-7f68821e7000 rw-p 00054000 08:06 20582307                   /usr/lib/jvm/jdk1.8.0_20/jre/lib/amd64/libawt_xawt.so
7f68821e7000-7f68821e8000 rw-p 00000000 00:00 0 
7f68821e8000-7f688228a000 r-xp 00000000 08:06 20582293                   /usr/lib/jvm/jdk1.8.0_20/jre/lib/amd64/libawt.so
7f688228a000-7f688248a000 ---p 000a2000 08:06 20582293                   /usr/lib/jvm/jdk1.8.0_20/jre/lib/amd64/libawt.so
7f688248a000-7f6882496000 rw-p 000a2000 08:06 20582293                   /usr/lib/jvm/jdk1.8.0_20/jre/lib/amd64/libawt.so
7f6882496000-7f68824ba000 rw-p 00000000 00:00 0 
7f68824ba000-7f68824bd000 ---p 00000000 00:00 0 
7f68824bd000-7f68825bb000 rw-p 00000000 00:00 0                          [stack:10803]
7f68825bb000-7f68825be000 ---p 00000000 00:00 0 
7f68825be000-7f68826bc000 rw-p 00000000 00:00 0                          [stack:11355]
7f68826bc000-7f68826bf000 ---p 00000000 00:00 0 
7f68826bf000-7f68827bd000 rw-p 00000000 00:00 0                          [stack:10799]
7f68827bd000-7f68827c0000 ---p 00000000 00:00 0 
7f68827c0000-7f6882abe000 rw-p 00000000 00:00 0 
7f6882abe000-7f6882abf000 ---p 00000000 00:00 0 
7f6882abf000-7f6882bbf000 rw-p 00000000 00:00 0                          [stack:10795]
7f6882bbf000-7f6882bc2000 ---p 00000000 00:00 0 
7f6882bc2000-7f6882cc0000 rw-p 00000000 00:00 0                          [stack:10794]
7f6882cc0000-7f6882cc3000 ---p 00000000 00:00 0 
7f6882cc3000-7f6882dc1000 rw-p 00000000 00:00 0                          [stack:10793]
7f6882dc1000-7f6882dc4000 ---p 00000000 00:00 0 
7f6882dc4000-7f6882ec2000 rw-p 00000000 00:00 0                          [stack:10792]
7f6882ec2000-7f6882ed3000 r-xp 00000000 08:06 20582303                   /usr/lib/jvm/jdk1.8.0_20/jre/lib/amd64/libnio.so
7f6882ed3000-7f68830d2000 ---p 00011000 08:06 20582303                   /usr/lib/jvm/jdk1.8.0_20/jre/lib/amd64/libnio.so
7f68830d2000-7f68830d3000 rw-p 00010000 08:06 20582303                   /usr/lib/jvm/jdk1.8.0_20/jre/lib/amd64/libnio.so
7f68830d3000-7f68830e9000 r-xp 00000000 08:06 20582300                   /usr/lib/jvm/jdk1.8.0_20/jre/lib/amd64/libnet.so
7f68830e9000-7f68832e9000 ---p 00016000 08:06 20582300                   /usr/lib/jvm/jdk1.8.0_20/jre/lib/amd64/libnet.so
7f68832e9000-7f68832ea000 rw-p 00016000 08:06 20582300                   /usr/lib/jvm/jdk1.8.0_20/jre/lib/amd64/libnet.so
7f68832ea000-7f68832f2000 r-xp 00000000 08:06 20582308                   /usr/lib/jvm/jdk1.8.0_20/jre/lib/amd64/libmanagement.so
7f68832f2000-7f68834f2000 ---p 00008000 08:06 20582308                   /usr/lib/jvm/jdk1.8.0_20/jre/lib/amd64/libmanagement.so
7f68834f2000-7f68834f3000 rw-p 00008000 08:06 20582308                   /usr/lib/jvm/jdk1.8.0_20/jre/lib/amd64/libmanagement.so
7f68834f3000-7f68834f6000 ---p 00000000 00:00 0 
7f68834f6000-7f68835f4000 rw-p 00000000 00:00 0                          [stack:10791]
7f68835f4000-7f68835f7000 ---p 00000000 00:00 0 
7f68835f7000-7f68836f5000 rw-p 00000000 00:00 0                          [stack:10790]
7f68836f5000-7f68836f8000 ---p 00000000 00:00 0 
7f68836f8000-7f68837f6000 rw-p 00000000 00:00 0                          [stack:10789]
7f68837f6000-7f68837f9000 ---p 00000000 00:00 0 
7f68837f9000-7f68838f7000 rw-p 00000000 00:00 0                          [stack:10788]
7f68838f7000-7f68838fa000 ---p 00000000 00:00 0 
7f68838fa000-7f68839f8000 rw-p 00000000 00:00 0                          [stack:10787]
7f68839f8000-7f68839fb000 ---p 00000000 00:00 0 
7f68839fb000-7f6883af9000 rw-p 00000000 00:00 0                          [stack:11395]
7f6883af9000-7f6883afc000 ---p 00000000 00:00 0 
7f6883afc000-7f6883bfa000 rw-p 00000000 00:00 0                          [stack:10785]
7f6883bfa000-7f6883bfd000 ---p 00000000 00:00 0 
7f6883bfd000-7f6883cfb000 rw-p 00000000 00:00 0 
7f6883cfb000-7f6883cff000 r-xp 00000000 08:06 20582275                   /usr/lib/jvm/jdk1.8.0_20/jre/lib/amd64/libdt_socket.so
7f6883cff000-7f6883efe000 ---p 00004000 08:06 20582275                   /usr/lib/jvm/jdk1.8.0_20/jre/lib/amd64/libdt_socket.so
7f6883efe000-7f6883eff000 rw-p 00003000 08:06 20582275                   /usr/lib/jvm/jdk1.8.0_20/jre/lib/amd64/libdt_socket.so
7f6883eff000-7f6883f02000 ---p 00000000 00:00 0 
7f6883f02000-7f6884000000 rw-p 00000000 00:00 0                          [stack:10781]
7f6884000000-7f6884021000 rw-p 00000000 00:00 0 
7f6884021000-7f6888000000 ---p 00000000 00:00 0 
7f6888000000-7f6888021000 rw-p 00000000 00:00 0 
7f6888021000-7f688c000000 ---p 00000000 00:00 0 
7f688c000000-7f688c021000 rw-p 00000000 00:00 0 
7f688c021000-7f6890000000 ---p 00000000 00:00 0 
7f6890000000-7f6890021000 rw-p 00000000 00:00 0 
7f6890021000-7f6894000000 ---p 00000000 00:00 0 
7f6894000000-7f6894021000 rw-p 00000000 00:00 0 
7f6894021000-7f6898000000 ---p 00000000 00:00 0 
7f6898000000-7f6898021000 rw-p 00000000 00:00 0 
7f6898021000-7f689c000000 ---p 00000000 00:00 0 
7f689c000000-7f689c021000 rw-p 00000000 00:00 0 
7f689c021000-7f68a0000000 ---p 00000000 00:00 0 
7f68a0000000-7f68a0005000 r--s 0003f000 08:06 1185790                    /usr/lib/jvm/jdk1.8.0_20/jre/lib/ext/sunjce_provider.jar
7f68a0005000-7f68a0008000 r--s 0003a000 08:06 1185787                    /usr/lib/jvm/jdk1.8.0_20/jre/lib/ext/sunpkcs11.jar
7f68a0008000-7f68a0009000 r--s 00009000 08:06 1185781                    /usr/lib/jvm/jdk1.8.0_20/jre/lib/ext/sunec.jar
7f68a0009000-7f68a000b000 r--s 0001a000 08:06 20582317                   /usr/lib/jvm/jdk1.8.0_20/jre/lib/jce.jar
7f68a000b000-7f68a0015000 r--s 00116000 08:06 1185789                    /usr/lib/jvm/jdk1.8.0_20/jre/lib/ext/localedata.jar
7f68a0015000-7f68a0031000 r--s 00393000 08:06 1185783                    /usr/lib/jvm/jdk1.8.0_20/jre/lib/ext/cldrdata.jar
7f68a0031000-7f68a0034000 r--s 0000f000 08:06 19532219                   /usr/local/development/dev-7-6/Ignition/Servers/apache-tomcat-6.0.36/lib/tomcat-i18n-es.jar
7f68a0034000-7f68a0036000 r--s 0000b000 08:06 19532220                   /usr/local/development/dev-7-6/Ignition/Servers/apache-tomcat-6.0.36/lib/tomcat-i18n-fr.jar
7f68a0036000-7f68a003a000 r--s 0003a000 08:06 19532218                   /usr/local/development/dev-7-6/Ignition/Servers/apache-tomcat-6.0.36/lib/tomcat-dbcp.jar
7f68a003a000-7f68a004a000 r--s 0019c000 08:06 19532210                   /usr/local/development/dev-7-6/Ignition/Servers/apache-tomcat-6.0.36/lib/ecj-3.7.2.jar
7f68a004a000-7f68a0051000 r--s 000c7000 08:06 19532215                   /usr/local/development/dev-7-6/Ignition/Servers/apache-tomcat-6.0.36/lib/mysql-connector-java-5.1.23-bin.jar
7f68a0051000-7f68a0061000 r--s 00120000 08:06 19532209                   /usr/local/development/dev-7-6/Ignition/Servers/apache-tomcat-6.0.36/lib/catalina.jar
7f68a0061000-7f68a0064000 r--s 0001e000 08:06 19532207                   /usr/local/development/dev-7-6/Ignition/Servers/apache-tomcat-6.0.36/lib/catalina-ha.jar
7f68a0064000-7f68a0068000 r--s 00036000 08:06 19532208                   /usr/local/development/dev-7-6/Ignition/Servers/apache-tomcat-6.0.36/lib/catalina-tribes.jar
7f68a0068000-7f68a006f000 r--s 0007a000 08:06 19532213                   /usr/local/development/dev-7-6/Ignition/Servers/apache-tomcat-6.0.36/lib/jasper.jar
7f68a006f000-7f68a0079000 r--s 000b3000 08:06 19532217                   /usr/local/development/dev-7-6/Ignition/Servers/apache-tomcat-6.0.36/lib/tomcat-coyote.jar
7f68a0079000-7f68a00aa000 rw-p 00000000 00:00 0 
7f68a00aa000-7f68a00ad000 ---p 00000000 00:00 0 
7f68a00ad000-7f68a01ab000 rw-p 00000000 00:00 0                          [stack:10780]
7f68a01ab000-7f68a01ae000 ---p 00000000 00:00 0 
7f68a01ae000-7f68a02ac000 rw-p 00000000 00:00 0                          [stack:10779]
7f68a02ac000-7f68a02ad000 ---p 00000000 00:00 0 
7f68a02ad000-7f68a1ff1000 rw-p 00000000 00:00 0                          [stack:10778]
7f68a1ff1000-7f68a21c6000 r--s 03ca3000 08:06 20582249                   /usr/lib/jvm/jdk1.8.0_20/jre/lib/rt.jar
7f68a21c6000-7f68a3207000 rw-p 00000000 00:00 0 
7f68a3207000-7f68a3208000 ---p 00000000 00:00 0 
7f68a3208000-7f68a3308000 rw-p 00000000 00:00 0                          [stack:10777]
7f68a3308000-7f68a3309000 ---p 00000000 00:00 0 
7f68a3309000-7f68a3409000 rw-p 00000000 00:00 0                          [stack:10776]
7f68a3409000-7f68a340a000 ---p 00000000 00:00 0 
7f68a340a000-7f68a350a000 rw-p 00000000 00:00 0                          [stack:10775]
7f68a350a000-7f68a350b000 ---p 00000000 00:00 0 
7f68a350b000-7f68a360b000 rw-p 00000000 00:00 0                          [stack:10774]
7f68a360b000-7f68a360c000 ---p 00000000 00:00 0 
7f68a360c000-7f68a370c000 rw-p 00000000 00:00 0                          [stack:10773]
7f68a370c000-7f68a370d000 ---p 00000000 00:00 0 
7f68a370d000-7f68a380d000 rw-p 00000000 00:00 0                          [stack:10772]
7f68a380d000-7f68a380e000 ---p 00000000 00:00 0 
7f68a380e000-7f68a396b000 rw-p 00000000 00:00 0                          [stack:10771]
7f68a396b000-7f68a3e40000 ---p 00000000 00:00 0 
7f68a3e40000-7f68a3e9d000 rw-p 00000000 00:00 0 
7f68a3e9d000-7f68a4372000 ---p 00000000 00:00 0 
7f68a4372000-7f68a43e5000 rw-p 00000000 00:00 0 
7f68a43e5000-7f68a460b000 ---p 00000000 00:00 0 
7f68a460b000-7f68a465f000 rw-p 00000000 00:00 0 
7f68a465f000-7f68a49cc000 ---p 00000000 00:00 0 
7f68a49cc000-7f68a5e7c000 rwxp 00000000 00:00 0 
7f68a5e7c000-7f68b39cc000 ---p 00000000 00:00 0 
7f68b39cc000-7f68b39e8000 r-xp 00000000 08:06 20582296                   /usr/lib/jvm/jdk1.8.0_20/jre/lib/amd64/libzip.so
7f68b39e8000-7f68b3be7000 ---p 0001c000 08:06 20582296                   /usr/lib/jvm/jdk1.8.0_20/jre/lib/amd64/libzip.so
7f68b3be7000-7f68b3be8000 rw-p 0001b000 08:06 20582296                   /usr/lib/jvm/jdk1.8.0_20/jre/lib/amd64/libzip.so
7f68b3be8000-7f68b3bf3000 r-xp 00000000 08:06 15602342                   /lib/x86_64-linux-gnu/libnss_files-2.19.so
7f68b3bf3000-7f68b3df2000 ---p 0000b000 08:06 15602342                   /lib/x86_64-linux-gnu/libnss_files-2.19.so
7f68b3df2000-7f68b3df3000 r--p 0000a000 08:06 15602342                   /lib/x86_64-linux-gnu/libnss_files-2.19.so
7f68b3df3000-7f68b3df4000 rw-p 0000b000 08:06 15602342                   /lib/x86_64-linux-gnu/libnss_files-2.19.so
7f68b3df4000-7f68b3dff000 r-xp 00000000 08:06 15602345                   /lib/x86_64-linux-gnu/libnss_nis-2.19.so
7f68b3dff000-7f68b3ffe000 ---p 0000b000 08:06 15602345                   /lib/x86_64-linux-gnu/libnss_nis-2.19.so
7f68b3ffe000-7f68b3fff000 r--p 0000a000 08:06 15602345                   /lib/x86_64-linux-gnu/libnss_nis-2.19.so
7f68b3fff000-7f68b4000000 rw-p 0000b000 08:06 15602345                   /lib/x86_64-linux-gnu/libnss_nis-2.19.so
7f68b4000000-7f68b480e000 rw-p 00000000 00:00 0 
7f68b480e000-7f68b8000000 ---p 00000000 00:00 0 
7f68b8000000-7f68b804f000 rw-p 00000000 00:00 0 
7f68b804f000-7f68b8050000 ---p 00000000 00:00 0 
7f68b8050000-7f68b8150000 rw-p 00000000 00:00 0                          [stack:10770]
7f68b8150000-7f68b8167000 r-xp 00000000 08:06 15602152                   /lib/x86_64-linux-gnu/libnsl-2.19.so
7f68b8167000-7f68b8366000 ---p 00017000 08:06 15602152                   /lib/x86_64-linux-gnu/libnsl-2.19.so
7f68b8366000-7f68b8367000 r--p 00016000 08:06 15602152                   /lib/x86_64-linux-gnu/libnsl-2.19.so
7f68b8367000-7f68b8368000 rw-p 00017000 08:06 15602152                   /lib/x86_64-linux-gnu/libnsl-2.19.so
7f68b8368000-7f68b836a000 rw-p 00000000 00:00 0 
7f68b836a000-7f68b8373000 r-xp 00000000 08:06 15601662                   /lib/x86_64-linux-gnu/libnss_compat-2.19.so
7f68b8373000-7f68b8572000 ---p 00009000 08:06 15601662                   /lib/x86_64-linux-gnu/libnss_compat-2.19.so
7f68b8572000-7f68b8573000 r--p 00008000 08:06 15601662                   /lib/x86_64-linux-gnu/libnss_compat-2.19.so
7f68b8573000-7f68b8574000 rw-p 00009000 08:06 15601662                   /lib/x86_64-linux-gnu/libnss_compat-2.19.so
7f68b8574000-7f68b883d000 r--p 00000000 08:06 15209877                   /usr/lib/locale/locale-archive
7f68b883d000-7f68b883f000 r-xp 00000000 08:06 20582276                   /usr/lib/jvm/jdk1.8.0_20/jre/lib/amd64/libnpt.so
7f68b883f000-7f68b8a3f000 ---p 00002000 08:06 20582276                   /usr/lib/jvm/jdk1.8.0_20/jre/lib/amd64/libnpt.so
7f68b8a3f000-7f68b8a40000 rw-p 00002000 08:06 20582276                   /usr/lib/jvm/jdk1.8.0_20/jre/lib/amd64/libnpt.so
7f68b8a40000-7f68b8a79000 r-xp 00000000 08:06 20582287                   /usr/lib/jvm/jdk1.8.0_20/jre/lib/amd64/libjdwp.so
7f68b8a79000-7f68b8c78000 ---p 00039000 08:06 20582287                   /usr/lib/jvm/jdk1.8.0_20/jre/lib/amd64/libjdwp.so
7f68b8c78000-7f68b8c7a000 rw-p 00038000 08:06 20582287                   /usr/lib/jvm/jdk1.8.0_20/jre/lib/amd64/libjdwp.so
7f68b8c7a000-7f68b8ca4000 r-xp 00000000 08:06 20582291                   /usr/lib/jvm/jdk1.8.0_20/jre/lib/amd64/libjava.so
7f68b8ca4000-7f68b8ea4000 ---p 0002a000 08:06 20582291                   /usr/lib/jvm/jdk1.8.0_20/jre/lib/amd64/libjava.so
7f68b8ea4000-7f68b8ea6000 rw-p 0002a000 08:06 20582291                   /usr/lib/jvm/jdk1.8.0_20/jre/lib/amd64/libjava.so
7f68b8ea6000-7f68b8eb3000 r-xp 00000000 08:06 20582295                   /usr/lib/jvm/jdk1.8.0_20/jre/lib/amd64/libverify.so
7f68b8eb3000-7f68b90b3000 ---p 0000d000 08:06 20582295                   /usr/lib/jvm/jdk1.8.0_20/jre/lib/amd64/libverify.so
7f68b90b3000-7f68b90b5000 rw-p 0000d000 08:06 20582295                   /usr/lib/jvm/jdk1.8.0_20/jre/lib/amd64/libverify.so
7f68b90b5000-7f68b90bc000 r-xp 00000000 08:06 15602320                   /lib/x86_64-linux-gnu/librt-2.19.so
7f68b90bc000-7f68b92bb000 ---p 00007000 08:06 15602320                   /lib/x86_64-linux-gnu/librt-2.19.so
7f68b92bb000-7f68b92bc000 r--p 00006000 08:06 15602320                   /lib/x86_64-linux-gnu/librt-2.19.so
7f68b92bc000-7f68b92bd000 rw-p 00007000 08:06 15602320                   /lib/x86_64-linux-gnu/librt-2.19.so
7f68b92bd000-7f68b93c2000 r-xp 00000000 08:06 15602334                   /lib/x86_64-linux-gnu/libm-2.19.so
7f68b93c2000-7f68b95c1000 ---p 00105000 08:06 15602334                   /lib/x86_64-linux-gnu/libm-2.19.so
7f68b95c1000-7f68b95c2000 r--p 00104000 08:06 15602334                   /lib/x86_64-linux-gnu/libm-2.19.so
7f68b95c2000-7f68b95c3000 rw-p 00105000 08:06 15602334                   /lib/x86_64-linux-gnu/libm-2.19.so
7f68b95c3000-7f68ba22d000 r-xp 00000000 08:06 20845908                   /usr/lib/jvm/jdk1.8.0_20/jre/lib/amd64/server/libjvm.so
7f68ba22d000-7f68ba42d000 ---p 00c6a000 08:06 20845908                   /usr/lib/jvm/jdk1.8.0_20/jre/lib/amd64/server/libjvm.so
7f68ba42d000-7f68ba503000 rw-p 00c6a000 08:06 20845908                   /usr/lib/jvm/jdk1.8.0_20/jre/lib/amd64/server/libjvm.so
7f68ba503000-7f68ba545000 rw-p 00000000 00:00 0 
7f68ba545000-7f68ba700000 r-xp 00000000 08:06 15602328                   /lib/x86_64-linux-gnu/libc-2.19.so
7f68ba700000-7f68ba900000 ---p 001bb000 08:06 15602328                   /lib/x86_64-linux-gnu/libc-2.19.so
7f68ba900000-7f68ba904000 r--p 001bb000 08:06 15602328                   /lib/x86_64-linux-gnu/libc-2.19.so
7f68ba904000-7f68ba906000 rw-p 001bf000 08:06 15602328                   /lib/x86_64-linux-gnu/libc-2.19.so
7f68ba906000-7f68ba90b000 rw-p 00000000 00:00 0 
7f68ba90b000-7f68ba90e000 r-xp 00000000 08:06 15602352                   /lib/x86_64-linux-gnu/libdl-2.19.so
7f68ba90e000-7f68bab0d000 ---p 00003000 08:06 15602352                   /lib/x86_64-linux-gnu/libdl-2.19.so
7f68bab0d000-7f68bab0e000 r--p 00002000 08:06 15602352                   /lib/x86_64-linux-gnu/libdl-2.19.so
7f68bab0e000-7f68bab0f000 rw-p 00003000 08:06 15602352                   /lib/x86_64-linux-gnu/libdl-2.19.so
7f68bab0f000-7f68bab26000 r-xp 00000000 08:06 20061287                   /usr/lib/jvm/jdk1.8.0_20/lib/amd64/jli/libjli.so
7f68bab26000-7f68bad25000 ---p 00017000 08:06 20061287                   /usr/lib/jvm/jdk1.8.0_20/lib/amd64/jli/libjli.so
7f68bad25000-7f68bad26000 rw-p 00016000 08:06 20061287                   /usr/lib/jvm/jdk1.8.0_20/lib/amd64/jli/libjli.so
7f68bad26000-7f68bad3f000 r-xp 00000000 08:06 15602353                   /lib/x86_64-linux-gnu/libpthread-2.19.so
7f68bad3f000-7f68baf3e000 ---p 00019000 08:06 15602353                   /lib/x86_64-linux-gnu/libpthread-2.19.so
7f68baf3e000-7f68baf3f000 r--p 00018000 08:06 15602353                   /lib/x86_64-linux-gnu/libpthread-2.19.so
7f68baf3f000-7f68baf40000 rw-p 00019000 08:06 15602353                   /lib/x86_64-linux-gnu/libpthread-2.19.so
7f68baf40000-7f68baf44000 rw-p 00000000 00:00 0 
7f68baf44000-7f68baf67000 r-xp 00000000 08:06 15602330                   /lib/x86_64-linux-gnu/ld-2.19.so
7f68baf67000-7f68baf69000 r--s 0000c000 08:06 19532221                   /usr/local/development/dev-7-6/Ignition/Servers/apache-tomcat-6.0.36/lib/tomcat-i18n-ja.jar
7f68baf69000-7f68baf6b000 r--s 00011000 08:06 19532214                   /usr/local/development/dev-7-6/Ignition/Servers/apache-tomcat-6.0.36/lib/jsp-api.jar
7f68baf6b000-7f68baf6d000 r--s 00014000 08:06 19532216                   /usr/local/development/dev-7-6/Ignition/Servers/apache-tomcat-6.0.36/lib/servlet-api.jar
7f68baf6d000-7f68baf6f000 r--s 0000c000 08:06 19532206                   /usr/local/development/dev-7-6/Ignition/Servers/apache-tomcat-6.0.36/lib/catalina-ant.jar
7f68baf6f000-7f68bb040000 rw-p 00000000 00:00 0 
7f68bb040000-7f68bb043000 ---p 00000000 00:00 0 
7f68bb043000-7f68bb145000 rw-p 00000000 00:00 0                          [stack:10769]
7f68bb145000-7f68bb147000 r--s 00007000 08:06 19532211                   /usr/local/development/dev-7-6/Ignition/Servers/apache-tomcat-6.0.36/lib/el-api.jar
7f68bb147000-7f68bb148000 r--s 00003000 08:06 19532205                   /usr/local/development/dev-7-6/Ignition/Servers/apache-tomcat-6.0.36/lib/annotations-api.jar
7f68bb148000-7f68bb14b000 r--s 00019000 08:06 19532212                   /usr/local/development/dev-7-6/Ignition/Servers/apache-tomcat-6.0.36/lib/jasper-el.jar
7f68bb14b000-7f68bb150000 r--s 00092000 08:06 20582254                   /usr/lib/jvm/jdk1.8.0_20/jre/lib/jsse.jar
7f68bb150000-7f68bb151000 r--s 00007000 08:06 19533431                   /usr/local/development/dev-7-6/Ignition/Servers/apache-tomcat-6.0.36/bin/tomcat-juli.jar
7f68bb151000-7f68bb152000 r--s 00005000 08:06 19533430                   /usr/local/development/dev-7-6/Ignition/Servers/apache-tomcat-6.0.36/bin/commons-daemon.jar
7f68bb152000-7f68bb153000 r--s 00005000 08:06 19533429                   /usr/local/development/dev-7-6/Ignition/Servers/apache-tomcat-6.0.36/bin/bootstrap.jar
7f68bb153000-7f68bb15a000 r--s 000c7000 08:06 1179649                    /usr/lib/jvm/jdk1.8.0_20/jre/lib/ext/mysql-connector-java-5.1.23-bin.jar
7f68bb15a000-7f68bb162000 rw-s 00000000 08:06 6164360                    /tmp/hsperfdata_mattg/10764
7f68bb162000-7f68bb163000 rw-p 00000000 00:00 0 
7f68bb163000-7f68bb164000 r--p 00000000 00:00 0 
7f68bb164000-7f68bb166000 rw-p 00000000 00:00 0 
7f68bb166000-7f68bb167000 r--p 00022000 08:06 15602330                   /lib/x86_64-linux-gnu/ld-2.19.so
7f68bb167000-7f68bb168000 rw-p 00023000 08:06 15602330                   /lib/x86_64-linux-gnu/ld-2.19.so
7f68bb168000-7f68bb169000 rw-p 00000000 00:00 0 
7fffbb05a000-7fffbb07b000 rw-p 00000000 00:00 0                          [stack]
7fffbb07c000-7fffbb07e000 r-xp 00000000 00:00 0                          [vdso]
ffffffffff600000-ffffffffff601000 r-xp 00000000 00:00 0                  [vsyscall]

VM Arguments:
jvm_args: -Djava.util.logging.config.file=/home/mattg/.IntelliJIdea13/system/tomcat/Unnamed_77-Ignition/conf/logging.properties -Xdebug -Xrunjdwp:transport=dt_socket,address=127.0.0.1:51670,suspend=y,server=n -Dcom.sun.management.jmxremote= -Dcom.sun.management.jmxremote.port=1099 -Dcom.sun.management.jmxremote.ssl=false -Dcom.sun.management.jmxremote.authenticate=false -Djava.rmi.server.hostname=127.0.0.1 -Djava.util.logging.manager=org.apache.juli.ClassLoaderLogManager -Djava.endorsed.dirs=/usr/local/development/dev-7-6/Ignition/Servers/apache-tomcat-6.0.36/endorsed -Dcatalina.base=/home/mattg/.IntelliJIdea13/system/tomcat/Unnamed_77-Ignition -Dcatalina.home=/usr/local/development/dev-7-6/Ignition/Servers/apache-tomcat-6.0.36 -Djava.io.tmpdir=/usr/local/development/dev-7-6/Ignition/Servers/apache-tomcat-6.0.36/temp 
java_command: org.apache.catalina.startup.Bootstrap start
java_class_path (initial): /usr/local/development/dev-7-6/Ignition/Servers/apache-tomcat-6.0.36/bin/bootstrap.jar
Launcher Type: SUN_STANDARD

Environment Variables:
JAVA_HOME=/usr/lib/jvm/jdk1.8.0_20
CLASSPATH=/usr/local/development/dev-7-6/Ignition/Servers/apache-tomcat-6.0.36/bin/bootstrap.jar
PATH=/usr/local/sbin:/usr/local/bin:/usr/sbin:/usr/bin:/sbin:/bin:/usr/games:/usr/local/games:/usr/local/development/gradle-1.12/bin
USERNAME=mattg
LD_LIBRARY_PATH=/usr/local/development/idea-IU-135.909/bin:
SHELL=/bin/bash
DISPLAY=:0

Signal Handlers:
SIGSEGV: [libjvm.so+0xa76cd0], sa_mask[0]=11111111011111111101111111111110, sa_flags=SA_RESTART|SA_SIGINFO
SIGBUS: [libjvm.so+0xa76cd0], sa_mask[0]=11111111011111111101111111111110, sa_flags=SA_RESTART|SA_SIGINFO
SIGFPE: [libjvm.so+0x8e0d80], sa_mask[0]=11111111011111111101111111111110, sa_flags=SA_RESTART|SA_SIGINFO
SIGPIPE: [libjvm.so+0x8e0d80], sa_mask[0]=11111111011111111101111111111110, sa_flags=SA_RESTART|SA_SIGINFO
SIGXFSZ: [libjvm.so+0x8e0d80], sa_mask[0]=11111111011111111101111111111110, sa_flags=SA_RESTART|SA_SIGINFO
SIGILL: [libjvm.so+0x8e0d80], sa_mask[0]=11111111011111111101111111111110, sa_flags=SA_RESTART|SA_SIGINFO
SIGUSR1: SIG_DFL, sa_mask[0]=00000000000000000000000000000000, sa_flags=none
SIGUSR2: [libjvm.so+0x8e25b0], sa_mask[0]=00100000000000000000000000000000, sa_flags=SA_RESTART|SA_SIGINFO
SIGHUP: [libjvm.so+0x8e3970], sa_mask[0]=11111111011111111101111111111110, sa_flags=SA_RESTART|SA_SIGINFO
SIGINT: [libjvm.so+0x8e3970], sa_mask[0]=11111111011111111101111111111110, sa_flags=SA_RESTART|SA_SIGINFO
SIGTERM: [libjvm.so+0x8e3970], sa_mask[0]=11111111011111111101111111111110, sa_flags=SA_RESTART|SA_SIGINFO
SIGQUIT: [libjvm.so+0x8e3970], sa_mask[0]=11111111011111111101111111111110, sa_flags=SA_RESTART|SA_SIGINFO


---------------  S Y S T E M  ---------------

OS:DISTRIB_ID=LinuxMint
DISTRIB_RELEASE=17
DISTRIB_CODENAME=qiana
DISTRIB_DESCRIPTION="Linux Mint 17 Qiana"

uname:Linux 3.13.0-24-generic #46-Ubuntu SMP Thu Apr 10 19:11:08 UTC 2014 x86_64
libc:glibc 2.19 NPTL 2.19 
rlimit: STACK 8192k, CORE 0k, NPROC 127375, NOFILE 4096, AS infinity
load average:0.62 0.84 0.76

/proc/meminfo:
MemTotal:       16335088 kB
MemFree:         8549484 kB
Buffers:          364500 kB
Cached:          3240112 kB
SwapCached:            0 kB
Active:          5021792 kB
Inactive:        2279812 kB
Active(anon):    3702636 kB
Inactive(anon):   536812 kB
Active(file):    1319156 kB
Inactive(file):  1743000 kB
Unevictable:        1488 kB
Mlocked:            1488 kB
SwapTotal:      16676860 kB
SwapFree:       16676860 kB
Dirty:              2160 kB
Writeback:             0 kB
AnonPages:       3698380 kB
Mapped:           466996 kB
Shmem:            542460 kB
Slab:             275488 kB
SReclaimable:     226768 kB
SUnreclaim:        48720 kB
KernelStack:        6312 kB
PageTables:        50124 kB
NFS_Unstable:          0 kB
Bounce:                0 kB
WritebackTmp:          0 kB
CommitLimit:    24844404 kB
Committed_AS:    8154680 kB
VmallocTotal:   34359738367 kB
VmallocUsed:      444884 kB
VmallocChunk:   34359289148 kB
HardwareCorrupted:     0 kB
AnonHugePages:   2359296 kB
HugePages_Total:       0
HugePages_Free:        0
HugePages_Rsvd:        0
HugePages_Surp:        0
Hugepagesize:       2048 kB
DirectMap4k:       97736 kB
DirectMap2M:     2949120 kB
DirectMap1G:    13631488 kB


CPU:total 8 (4 cores per cpu, 2 threads per core) family 6 model 60 stepping 3, cmov, cx8, fxsr, mmx, sse, sse2, sse3, ssse3, sse4.1, sse4.2, popcnt, avx, avx2, aes, clmul, erms, lzcnt, ht, tsc, tscinvbit, bmi1, bmi2

/proc/cpuinfo:
processor	: 0
vendor_id	: GenuineIntel
cpu family	: 6
model		: 60
model name	: Intel(R) Core(TM) i7-4702HQ CPU @ 2.20GHz
stepping	: 3
microcode	: 0x17
cpu MHz		: 1600.000
cache size	: 6144 KB
physical id	: 0
siblings	: 8
core id		: 0
cpu cores	: 4
apicid		: 0
initial apicid	: 0
fpu		: yes
fpu_exception	: yes
cpuid level	: 13
wp		: yes
flags		: fpu vme de pse tsc msr pae mce cx8 apic sep mtrr pge mca cmov pat pse36 clflush dts acpi mmx fxsr sse sse2 ss ht tm pbe syscall nx pdpe1gb rdtscp lm constant_tsc arch_perfmon pebs bts rep_good nopl xtopology nonstop_tsc aperfmperf eagerfpu pni pclmulqdq dtes64 monitor ds_cpl vmx est tm2 ssse3 fma cx16 xtpr pdcm pcid sse4_1 sse4_2 x2apic movbe popcnt tsc_deadline_timer aes xsave avx f16c rdrand lahf_lm abm ida arat epb xsaveopt pln pts dtherm tpr_shadow vnmi flexpriority ept vpid fsgsbase tsc_adjust bmi1 avx2 smep bmi2 erms invpcid
bogomips	: 4389.87
clflush size	: 64
cache_alignment	: 64
address sizes	: 39 bits physical, 48 bits virtual
power management:

processor	: 1
vendor_id	: GenuineIntel
cpu family	: 6
model		: 60
model name	: Intel(R) Core(TM) i7-4702HQ CPU @ 2.20GHz
stepping	: 3
microcode	: 0x17
cpu MHz		: 800.000
cache size	: 6144 KB
physical id	: 0
siblings	: 8
core id		: 1
cpu cores	: 4
apicid		: 2
initial apicid	: 2
fpu		: yes
fpu_exception	: yes
cpuid level	: 13
wp		: yes
flags		: fpu vme de pse tsc msr pae mce cx8 apic sep mtrr pge mca cmov pat pse36 clflush dts acpi mmx fxsr sse sse2 ss ht tm pbe syscall nx pdpe1gb rdtscp lm constant_tsc arch_perfmon pebs bts rep_good nopl xtopology nonstop_tsc aperfmperf eagerfpu pni pclmulqdq dtes64 monitor ds_cpl vmx est tm2 ssse3 fma cx16 xtpr pdcm pcid sse4_1 sse4_2 x2apic movbe popcnt tsc_deadline_timer aes xsave avx f16c rdrand lahf_lm abm ida arat epb xsaveopt pln pts dtherm tpr_shadow vnmi flexpriority ept vpid fsgsbase tsc_adjust bmi1 avx2 smep bmi2 erms invpcid
bogomips	: 4389.87
clflush size	: 64
cache_alignment	: 64
address sizes	: 39 bits physical, 48 bits virtual
power management:

processor	: 2
vendor_id	: GenuineIntel
cpu family	: 6
model		: 60
model name	: Intel(R) Core(TM) i7-4702HQ CPU @ 2.20GHz
stepping	: 3
microcode	: 0x17
cpu MHz		: 800.000
cache size	: 6144 KB
physical id	: 0
siblings	: 8
core id		: 2
cpu cores	: 4
apicid		: 4
initial apicid	: 4
fpu		: yes
fpu_exception	: yes
cpuid level	: 13
wp		: yes
flags		: fpu vme de pse tsc msr pae mce cx8 apic sep mtrr pge mca cmov pat pse36 clflush dts acpi mmx fxsr sse sse2 ss ht tm pbe syscall nx pdpe1gb rdtscp lm constant_tsc arch_perfmon pebs bts rep_good nopl xtopology nonstop_tsc aperfmperf eagerfpu pni pclmulqdq dtes64 monitor ds_cpl vmx est tm2 ssse3 fma cx16 xtpr pdcm pcid sse4_1 sse4_2 x2apic movbe popcnt tsc_deadline_timer aes xsave avx f16c rdrand lahf_lm abm ida arat epb xsaveopt pln pts dtherm tpr_shadow vnmi flexpriority ept vpid fsgsbase tsc_adjust bmi1 avx2 smep bmi2 erms invpcid
bogomips	: 4389.87
clflush size	: 64
cache_alignment	: 64
address sizes	: 39 bits physical, 48 bits virtual
power management:

processor	: 3
vendor_id	: GenuineIntel
cpu family	: 6
model		: 60
model name	: Intel(R) Core(TM) i7-4702HQ CPU @ 2.20GHz
stepping	: 3
microcode	: 0x17
cpu MHz		: 2201.000
cache size	: 6144 KB
physical id	: 0
siblings	: 8
core id		: 3
cpu cores	: 4
apicid		: 6
initial apicid	: 6
fpu		: yes
fpu_exception	: yes
cpuid level	: 13
wp		: yes
flags		: fpu vme de pse tsc msr pae mce cx8 apic sep mtrr pge mca cmov pat pse36 clflush dts acpi mmx fxsr sse sse2 ss ht tm pbe syscall nx pdpe1gb rdtscp lm constant_tsc arch_perfmon pebs bts rep_good nopl xtopology nonstop_tsc aperfmperf eagerfpu pni pclmulqdq dtes64 monitor ds_cpl vmx est tm2 ssse3 fma cx16 xtpr pdcm pcid sse4_1 sse4_2 x2apic movbe popcnt tsc_deadline_timer aes xsave avx f16c rdrand lahf_lm abm ida arat epb xsaveopt pln pts dtherm tpr_shadow vnmi flexpriority ept vpid fsgsbase tsc_adjust bmi1 avx2 smep bmi2 erms invpcid
bogomips	: 4389.87
clflush size	: 64
cache_alignment	: 64
address sizes	: 39 bits physical, 48 bits virtual
power management:

processor	: 4
vendor_id	: GenuineIntel
cpu family	: 6
model		: 60
model name	: Intel(R) Core(TM) i7-4702HQ CPU @ 2.20GHz
stepping	: 3
microcode	: 0x17
cpu MHz		: 1300.000
cache size	: 6144 KB
physical id	: 0
siblings	: 8
core id		: 0
cpu cores	: 4
apicid		: 1
initial apicid	: 1
fpu		: yes
fpu_exception	: yes
cpuid level	: 13
wp		: yes
flags		: fpu vme de pse tsc msr pae mce cx8 apic sep mtrr pge mca cmov pat pse36 clflush dts acpi mmx fxsr sse sse2 ss ht tm pbe syscall nx pdpe1gb rdtscp lm constant_tsc arch_perfmon pebs bts rep_good nopl xtopology nonstop_tsc aperfmperf eagerfpu pni pclmulqdq dtes64 monitor ds_cpl vmx est tm2 ssse3 fma cx16 xtpr pdcm pcid sse4_1 sse4_2 x2apic movbe popcnt tsc_deadline_timer aes xsave avx f16c rdrand lahf_lm abm ida arat epb xsaveopt pln pts dtherm tpr_shadow vnmi flexpriority ept vpid fsgsbase tsc_adjust bmi1 avx2 smep bmi2 erms invpcid
bogomips	: 4389.87
clflush size	: 64
cache_alignment	: 64
address sizes	: 39 bits physical, 48 bits virtual
power management:

processor	: 5
vendor_id	: GenuineIntel
cpu family	: 6
model		: 60
model name	: Intel(R) Core(TM) i7-4702HQ CPU @ 2.20GHz
stepping	: 3
microcode	: 0x17
cpu MHz		: 2201.000
cache size	: 6144 KB
physical id	: 0
siblings	: 8
core id		: 1
cpu cores	: 4
apicid		: 3
initial apicid	: 3
fpu		: yes
fpu_exception	: yes
cpuid level	: 13
wp		: yes
flags		: fpu vme de pse tsc msr pae mce cx8 apic sep mtrr pge mca cmov pat pse36 clflush dts acpi mmx fxsr sse sse2 ss ht tm pbe syscall nx pdpe1gb rdtscp lm constant_tsc arch_perfmon pebs bts rep_good nopl xtopology nonstop_tsc aperfmperf eagerfpu pni pclmulqdq dtes64 monitor ds_cpl vmx est tm2 ssse3 fma cx16 xtpr pdcm pcid sse4_1 sse4_2 x2apic movbe popcnt tsc_deadline_timer aes xsave avx f16c rdrand lahf_lm abm ida arat epb xsaveopt pln pts dtherm tpr_shadow vnmi flexpriority ept vpid fsgsbase tsc_adjust bmi1 avx2 smep bmi2 erms invpcid
bogomips	: 4389.87
clflush size	: 64
cache_alignment	: 64
address sizes	: 39 bits physical, 48 bits virtual
power management:

processor	: 6
vendor_id	: GenuineIntel
cpu family	: 6
model		: 60
model name	: Intel(R) Core(TM) i7-4702HQ CPU @ 2.20GHz
stepping	: 3
microcode	: 0x17
cpu MHz		: 2201.000
cache size	: 6144 KB
physical id	: 0
siblings	: 8
core id		: 2
cpu cores	: 4
apicid		: 5
initial apicid	: 5
fpu		: yes
fpu_exception	: yes
cpuid level	: 13
wp		: yes
flags		: fpu vme de pse tsc msr pae mce cx8 apic sep mtrr pge mca cmov pat pse36 clflush dts acpi mmx fxsr sse sse2 ss ht tm pbe syscall nx pdpe1gb rdtscp lm constant_tsc arch_perfmon pebs bts rep_good nopl xtopology nonstop_tsc aperfmperf eagerfpu pni pclmulqdq dtes64 monitor ds_cpl vmx est tm2 ssse3 fma cx16 xtpr pdcm pcid sse4_1 sse4_2 x2apic movbe popcnt tsc_deadline_timer aes xsave avx f16c rdrand lahf_lm abm ida arat epb xsaveopt pln pts dtherm tpr_shadow vnmi flexpriority ept vpid fsgsbase tsc_adjust bmi1 avx2 smep bmi2 erms invpcid
bogomips	: 4389.87
clflush size	: 64
cache_alignment	: 64
address sizes	: 39 bits physical, 48 bits virtual
power management:

processor	: 7
vendor_id	: GenuineIntel
cpu family	: 6
model		: 60
model name	: Intel(R) Core(TM) i7-4702HQ CPU @ 2.20GHz
stepping	: 3
microcode	: 0x17
cpu MHz		: 800.000
cache size	: 6144 KB
physical id	: 0
siblings	: 8
core id		: 3
cpu cores	: 4
apicid		: 7
initial apicid	: 7
fpu		: yes
fpu_exception	: yes
cpuid level	: 13
wp		: yes
flags		: fpu vme de pse tsc msr pae mce cx8 apic sep mtrr pge mca cmov pat pse36 clflush dts acpi mmx fxsr sse sse2 ss ht tm pbe syscall nx pdpe1gb rdtscp lm constant_tsc arch_perfmon pebs bts rep_good nopl xtopology nonstop_tsc aperfmperf eagerfpu pni pclmulqdq dtes64 monitor ds_cpl vmx est tm2 ssse3 fma cx16 xtpr pdcm pcid sse4_1 sse4_2 x2apic movbe popcnt tsc_deadline_timer aes xsave avx f16c rdrand lahf_lm abm ida arat epb xsaveopt pln pts dtherm tpr_shadow vnmi flexpriority ept vpid fsgsbase tsc_adjust bmi1 avx2 smep bmi2 erms invpcid
bogomips	: 4389.87
clflush size	: 64
cache_alignment	: 64
address sizes	: 39 bits physical, 48 bits virtual
power management:



Memory: 4k page, physical 16335088k(8549484k free), swap 16676860k(16676860k free)

vm_info: Java HotSpot(TM) 64-Bit Server VM (25.20-b17) for linux-amd64 JRE (1.8.0_20-ea-b17), built on Jun  4 2014 00:04:06 by "java_re" with gcc 4.3.0 20080428 (Red Hat 4.3.0-8)

time: Tue Nov 18 11:01:14 2014
elapsed time: 273 seconds (0d 0h 4m 33s)

