#
# A fatal error has been detected by the Java Runtime Environment:
#
#  SIGSEGV (0xb) at pc=0x00007fd91ef27f7e, pid=12864, tid=140570505881344
#
# JRE version: Java(TM) SE Runtime Environment (8.0_20-b17) (build 1.8.0_20-ea-b17)
# Java VM: Java HotSpot(TM) 64-Bit Server VM (25.20-b17 mixed mode linux-amd64 compressed oops)
# Problematic frame:
# C  [ld-linux-x86-64.so.2+0x9f7e]
#
# Failed to write core dump. Core dumps have been disabled. To enable core dumping, try "ulimit -c unlimited" before starting Java again
#
# If you would like to submit a bug report, please visit:
#   http://bugreport.sun.com/bugreport/crash.jsp
# The crash happened outside the Java Virtual Machine in native code.
# See problematic frame for where to report the bug.
#

---------------  T H R E A D  ---------------

Current thread (0x00007fd91800d000):  JavaThread "main" [_thread_in_native, id=12869, stack(0x00007fd91f01a000,0x00007fd91f11b000)]

siginfo: si_signo: 11 (SIGSEGV), si_code: 1 (SEGV_MAPERR), si_addr: 0x0000000000000068

Registers:
RAX=0x0000000000000040, RBX=0x000000004c8d3d65, RCX=0x0000000000000025, RDX=0x00000000000003f3
RSP=0x00007fd91f117a50, RBP=0x0000000000000002, RSI=0x00007fd91e522d28, RDI=0x00007fd91f11e9e8
R8 =0x00000000013234f5, R9 =0x00007fd91f117a90, R10=0x0000000006020400, R11=0x00007fd91f117b90
R12=0x0000000000000003, R13=0x00007fd854193dd0, R14=0x0000000000000000, R15=0x0000000000000025
RIP=0x00007fd91ef27f7e, EFLAGS=0x0000000000010202, CSGSFS=0x0000000000000033, ERR=0x0000000000000004
  TRAPNO=0x000000000000000e

Top of Stack: (sp=0x00007fd91f117a50)
0x00007fd91f117a50:   00007fd91f117bc0 00007fd91dbfff75
0x00007fd91f117a60:   00007fd900000002 00007fd91f117ba0
0x00007fd91f117a70:   00007fd91f117c30 00007fd91f117e00
0x00007fd91f117a80:   00007fd908a12960 01007fd90000000c
0x00007fd91f117a90:   0000000000000000 0000000000000000
0x00007fd91f117aa0:   00007fd91f11e9e8 00007fd9183e1060
0x00007fd91f117ab0:   00007fd91e52fd78 0000000000000000
0x00007fd91f117ac0:   0000000200000000 0000000000000000
0x00007fd91f117ad0:   00007fd91800d000 00007fd91f117c80
0x00007fd91f117ae0:   00007fd91f117c30 0000000000000000
0x00007fd91f117af0:   0000000000000000 00007fd854194258
0x00007fd91f117b00:   00007fd854193ed0 00007fd91ef28991
0x00007fd91f117b10:   0000000000000000 0000000000000000
0x00007fd91f117b20:   0000000700000002 0000000000000000
0x00007fd91f117b30:   00007fd900000000 00007fd854193ed0
0x00007fd91f117b40:   00000007c0008600 00007fd91800d000
0x00007fd91f117b50:   00007fd91f117bc0 00007fd91dd56447
0x00007fd91f117b60:   00007fd906240440 00007fd854194258
0x00007fd91f117b70:   00007fd91f117ba0 00007fd91f117b90
0x00007fd91f117b80:   000000004c8d3d65 00007fd9183e1060
0x00007fd91f117b90:   00000000ffffffff 00007fd91800a5d0
0x00007fd91f117ba0:   0000000000000000 0000000000000000
0x00007fd91f117bb0:   00007fd91800a470 00007fd91800d000
0x00007fd91f117bc0:   00007fd91f117d50 00007fd91dc46467
0x00007fd91f117bd0:   000000b11f118938 00007fd91f1183a0
0x00007fd91f117be0:   00007fd91f117c30 00007fd91f117cb0
0x00007fd91f117bf0:   00007fd91f117d80 00007fd91f117e00
0x00007fd91f117c00:   00007fd91800d1e8 00000000013314b0
0x00007fd91f117c10:   00007fd91f140cc0 00007fd9183e1060
0x00007fd91f117c20:   0000000000000000 00007fd854193ed0
0x00007fd91f117c30:   00007fd91f117d10 00007fd91e655f56
0x00007fd91f117c40:   0000000600000002 0000000000000000 

Instructions: (pc=0x00007fd91ef27f7e)
0x00007fd91ef27f5e:   06 41 83 e7 3f 0f 1f 44 00 00 49 8b 44 ed 00 c7
0x00007fd91ef27f6e:   44 24 70 00 00 00 00 48 c7 44 24 40 00 00 00 00
0x00007fd91ef27f7e:   48 8b 78 28 4c 39 f7 48 89 7c 24 50 0f 84 f0 00
0x00007fd91ef27f8e:   00 00 f6 44 24 7c 02 74 0d f6 87 14 03 00 00 03 

Register to memory mapping:

RAX=0x0000000000000040 is an unknown value
RBX=0x000000004c8d3d65 is an unknown value
RCX=0x0000000000000025 is an unknown value
RDX=0x00000000000003f3 is an unknown value
RSP=0x00007fd91f117a50 is pointing into the stack for thread: 0x00007fd91800d000
RBP=0x0000000000000002 is an unknown value
RSI=0x00007fd91e522d28: <offset 0x3d28> in /lib/x86_64-linux-gnu/libc.so.6 at 0x00007fd91e51f000
RDI=0x00007fd91f11e9e8 is an unknown value
R8 =0x00000000013234f5 is an unknown value
R9 =0x00007fd91f117a90 is pointing into the stack for thread: 0x00007fd91800d000
R10=0x0000000006020400 is an unknown value
R11=0x00007fd91f117b90 is pointing into the stack for thread: 0x00007fd91800d000
R12=0x0000000000000003 is an unknown value
R13=0x00007fd854193dd0 is an unknown value
R14=0x0000000000000000 is an unknown value
R15=0x0000000000000025 is an unknown value


Stack: [0x00007fd91f01a000,0x00007fd91f11b000],  sp=0x00007fd91f117a50,  free space=1014k
Native frames: (J=compiled Java code, j=interpreted, Vv=VM code, C=native code)
C  [ld-linux-x86-64.so.2+0x9f7e]

Java frames: (J=compiled Java code, j=interpreted, Vv=VM code)
j  java.lang.ClassLoader$NativeLibrary.unload(Ljava/lang/String;Z)V+0
j  java.lang.ClassLoader$NativeLibrary.finalize()V+87
v  ~StubRoutines::call_stub
J 1115  sun.reflect.NativeMethodAccessorImpl.invoke0(Ljava/lang/reflect/Method;Ljava/lang/Object;[Ljava/lang/Object;)Ljava/lang/Object; (0 bytes) @ 0x00007fd908e041f7 [0x00007fd908e04180+0x77]
J 1114 C1 sun.reflect.NativeMethodAccessorImpl.invoke(Ljava/lang/Object;[Ljava/lang/Object;)Ljava/lang/Object; (104 bytes) @ 0x00007fd908e0340c [0x00007fd908e02200+0x120c]
J 5732 C2 java.lang.reflect.Method.invoke(Ljava/lang/Object;[Ljava/lang/Object;)Ljava/lang/Object; (62 bytes) @ 0x00007fd909afbf60 [0x00007fd909afbea0+0xc0]
j  com.inductiveautomation.ignition.gateway.bootstrap.SRFilter.destroy()V+89
j  org.apache.catalina.core.ApplicationFilterConfig.release()V+61
j  org.apache.catalina.core.StandardContext.filterStop()Z+124
j  org.apache.catalina.core.StandardContext.stop()V+142
j  org.apache.catalina.core.ContainerBase.removeChild(Lorg/apache/catalina/Container;)V+90
j  org.apache.catalina.startup.HostConfig.undeployApps()V+77
j  org.apache.catalina.startup.HostConfig.stop()V+28
j  org.apache.catalina.startup.HostConfig.lifecycleEvent(Lorg/apache/catalina/LifecycleEvent;)V+151
j  org.apache.catalina.util.LifecycleSupport.fireLifecycleEvent(Ljava/lang/String;Ljava/lang/Object;)V+178
j  org.apache.catalina.core.ContainerBase.stop()V+60
j  org.apache.catalina.core.ContainerBase.stop()V+118
j  org.apache.catalina.core.StandardEngine.stop()V+1
j  org.apache.catalina.core.StandardService.stop()V+177
j  org.apache.catalina.core.StandardServer.stop()V+65
j  org.apache.catalina.startup.Catalina.stop()V+58
j  org.apache.catalina.startup.Catalina.start()V+198
v  ~StubRoutines::call_stub
j  sun.reflect.NativeMethodAccessorImpl.invoke0(Ljava/lang/reflect/Method;Ljava/lang/Object;[Ljava/lang/Object;)Ljava/lang/Object;+0
j  sun.reflect.NativeMethodAccessorImpl.invoke(Ljava/lang/Object;[Ljava/lang/Object;)Ljava/lang/Object;+100
J 496 C1 sun.reflect.DelegatingMethodAccessorImpl.invoke(Ljava/lang/Object;[Ljava/lang/Object;)Ljava/lang/Object; (10 bytes) @ 0x00007fd908bef72c [0x00007fd908bef600+0x12c]
J 495 C1 java.lang.reflect.Method.invoke(Ljava/lang/Object;[Ljava/lang/Object;)Ljava/lang/Object; (62 bytes) @ 0x00007fd908beff04 [0x00007fd908befae0+0x424]
j  org.apache.catalina.startup.Bootstrap.start()V+37
j  org.apache.catalina.startup.Bootstrap.main([Ljava/lang/String;)V+131
v  ~StubRoutines::call_stub

---------------  P R O C E S S  ---------------

Java Threads: ( => current thread )
  0x00007fd91825f800 JavaThread "pool-1-thread-1" [_thread_blocked, id=13020, stack(0x00007fd8ca6be000,0x00007fd8ca7bf000)]
  0x00007fd918527000 JavaThread "Thread-22" daemon [_thread_blocked, id=13019, stack(0x00007fd86808d000,0x00007fd86818e000)]
  0x00007fd880003800 JavaThread "http-8088-4" daemon [_thread_blocked, id=12981, stack(0x00007fd8caac2000,0x00007fd8cabc3000)]
  0x00007fd880002800 JavaThread "http-8088-3" daemon [_thread_blocked, id=12980, stack(0x00007fd8ca8c0000,0x00007fd8ca9c1000)]
  0x00007fd880001800 JavaThread "http-8088-2" daemon [_thread_blocked, id=12951, stack(0x00007fd807aff000,0x00007fd807c00000)]
  0x00007fd880004800 JavaThread "http-8088-1" daemon [_thread_in_native, id=12943, stack(0x00007fd86828f000,0x00007fd868390000)]
  0x00007fd85499a000 JavaThread "ClockDriftDetector" daemon [_thread_blocked, id=12941, stack(0x00007fd868bd3000,0x00007fd868cd4000)]
  0x00007fd854997800 JavaThread "PyLib_ScriptWatcher" daemon [_thread_blocked, id=12940, stack(0x00007fd868cd4000,0x00007fd868dd5000)]
  0x00007fd854993800 JavaThread "PyFile_ChangeNotifier" daemon [_thread_blocked, id=12939, stack(0x00007fd868dd5000,0x00007fd868ed6000)]
  0x00007fd85498f800 JavaThread "Thread-16" daemon [_thread_in_native, id=12938, stack(0x00007fd868ed6000,0x00007fd868fd7000)]
  0x00007fd918537000 JavaThread "TP-Monitor" daemon [_thread_blocked, id=12911, stack(0x00007fd8c829f000,0x00007fd8c83a0000)]
  0x00007fd918535000 JavaThread "TP-Processor4" daemon [_thread_blocked, id=12910, stack(0x00007fd8c83a0000,0x00007fd8c84a1000)]
  0x00007fd918533800 JavaThread "TP-Processor3" daemon [_thread_blocked, id=12909, stack(0x00007fd8c84a1000,0x00007fd8c85a2000)]
  0x00007fd918541800 JavaThread "TP-Processor2" daemon [_thread_blocked, id=12908, stack(0x00007fd8c85a2000,0x00007fd8c86a3000)]
  0x00007fd91855a000 JavaThread "TP-Processor1" daemon [_thread_blocked, id=12907, stack(0x00007fd8c86a3000,0x00007fd8c87a4000)]
  0x00007fd918528000 JavaThread "http-8088-Acceptor-0" daemon [_thread_blocked, id=12906, stack(0x00007fd8c87a4000,0x00007fd8c88a5000)]
  0x00007fd9184c2800 JavaThread "GC Daemon" daemon [_thread_blocked, id=12904, stack(0x00007fd8c8f02000,0x00007fd8c9003000)]
  0x00007fd918483000 JavaThread "Abandoned connection cleanup thread" daemon [_thread_blocked, id=12901, stack(0x00007fd8ca7bf000,0x00007fd8ca8c0000)]
  0x00007fd898004000 JavaThread "RMI Scheduler(0)" daemon [_thread_blocked, id=12898, stack(0x00007fd8ca9c1000,0x00007fd8caac2000)]
  0x00007fd91821e800 JavaThread "RMI TCP Accept-0" daemon [_thread_in_native, id=12894, stack(0x00007fd8caec4000,0x00007fd8cafc5000)]
  0x00007fd91820d000 JavaThread "RMI TCP Accept-1099" daemon [_thread_in_native, id=12893, stack(0x00007fd8cafc5000,0x00007fd8cb0c6000)]
  0x00007fd9181fc000 JavaThread "RMI TCP Accept-0" daemon [_thread_in_native, id=12892, stack(0x00007fd8cb0c6000,0x00007fd8cb1c7000)]
  0x00007fd9180dd000 JavaThread "Service Thread" daemon [_thread_blocked, id=12891, stack(0x00007fd8cb7f8000,0x00007fd8cb8f9000)]
  0x00007fd9180cf000 JavaThread "C1 CompilerThread3" daemon [_thread_blocked, id=12890, stack(0x00007fd8cb8f9000,0x00007fd8cb9fa000)]
  0x00007fd9180cd000 JavaThread "C2 CompilerThread2" daemon [_thread_in_native, id=12889, stack(0x00007fd8cb9fa000,0x00007fd8cbafb000)]
  0x00007fd9180cb000 JavaThread "C2 CompilerThread1" daemon [_thread_in_native, id=12888, stack(0x00007fd8cbafb000,0x00007fd8cbbfc000)]
  0x00007fd9180c8800 JavaThread "C2 CompilerThread0" daemon [_thread_in_native, id=12887, stack(0x00007fd8cbbfc000,0x00007fd8cbcfd000)]
  0x00007fd9180c6000 JavaThread "JDWP Event Helper Thread" daemon [_thread_blocked, id=12884, stack(0x00007fd8cbdfe000,0x00007fd8cbeff000)]
  0x00007fd9180b5800 JavaThread "Signal Dispatcher" daemon [_thread_blocked, id=12881, stack(0x00007fd8d824f000,0x00007fd8d8350000)]
  0x00007fd918087800 JavaThread "Finalizer" daemon [_thread_blocked, id=12880, stack(0x00007fd90407c000,0x00007fd90417d000)]
  0x00007fd918085800 JavaThread "Reference Handler" daemon [_thread_blocked, id=12879, stack(0x00007fd90417d000,0x00007fd90427e000)]
=>0x00007fd91800d000 JavaThread "main" [_thread_in_native, id=12869, stack(0x00007fd91f01a000,0x00007fd91f11b000)]

Other Threads:
  0x00007fd91807e800 VMThread [stack: 0x00007fd90427e000,0x00007fd90437f000] [id=12878]
  0x00007fd918221000 WatcherThread [stack: 0x00007fd8cadc3000,0x00007fd8caec4000] [id=12895]

VM state:not at safepoint (normal execution)

VM Mutex/Monitor currently owned by a thread: None

Heap:
 PSYoungGen      total 393728K, used 69663K [0x000000076ce00000, 0x0000000786f80000, 0x00000007c0000000)
  eden space 381440K, 15% used [0x000000076ce00000,0x0000000770617950,0x0000000784280000)
  from space 12288K, 99% used [0x0000000786380000,0x0000000786f705a0,0x0000000786f80000)
  to   space 15360K, 0% used [0x0000000785180000,0x0000000785180000,0x0000000786080000)
 ParOldGen       total 171520K, used 23751K [0x00000006c6a00000, 0x00000006d1180000, 0x000000076ce00000)
  object space 171520K, 13% used [0x00000006c6a00000,0x00000006c8131c68,0x00000006d1180000)
 Metaspace       used 50859K, capacity 51980K, committed 52088K, reserved 1093632K
  class space    used 7214K, capacity 7479K, committed 7544K, reserved 1048576K

Card table byte_map: [0x00007fd907e40000,0x00007fd90860c000] byte_map_base: 0x00007fd90480b000

Marking Bits: (ParMarkBitMap*) 0x00007fd91e4f4c20
 Begin Bits: [0x00007fd8d8350000, 0x00007fd8dc1a8000)
 End Bits:   [0x00007fd8dc1a8000, 0x00007fd8e0000000)

Polling page: 0x00007fd91f13d000

CodeCache: size=245760Kb used=18443Kb max_used=18522Kb free=227316Kb
 bounds [0x00007fd9089cc000, 0x00007fd909c0c000, 0x00007fd9179cc000]
 total_blobs=5581 nmethods=5025 adapters=478
 compilation: enabled

Compilation events (10 events):
Event: 230.985 Thread 0x00007fd9180cf000 nmethod 6086 0x00007fd909333750 code [0x00007fd9093338a0, 0x00007fd9093339f0]
Event: 230.985 Thread 0x00007fd9180cf000 6087       3       java.lang.Class::getDeclaredConstructor (16 bytes)
Event: 230.985 Thread 0x00007fd9180cf000 nmethod 6087 0x00007fd9093332d0 code [0x00007fd909333460, 0x00007fd909333668]
Event: 230.987 Thread 0x00007fd9180cd000 6088       4       java.io.ObjectStreamClass::getObjFieldValues (10 bytes)
Event: 230.987 Thread 0x00007fd9180c8800 6089   !   4       java.io.ObjectOutputStream::defaultWriteFields (270 bytes)
Event: 230.988 Thread 0x00007fd9180cf000 6091       3       java.io.ObjectOutputStream$BlockDataOutputStream::drain (45 bytes)
Event: 230.989 Thread 0x00007fd9180cb000 nmethod 6074% 0x00007fd909069b90 code [0x00007fd909069d40, 0x00007fd90906a5f8]
Event: 230.989 Thread 0x00007fd9180cb000 6090       4       java.io.ObjectStreamClass::getPrimFieldValues (10 bytes)
Event: 230.989 Thread 0x00007fd9180cf000 nmethod 6091 0x00007fd90905a8d0 code [0x00007fd90905aa60, 0x00007fd90905ad58]
Event: 230.989 Thread 0x00007fd9180cf000 6092       3       java.io.ObjectStreamClass::hasWriteReplaceMethod (13 bytes)

GC Heap History (10 events):
Event: 4.150 GC heap before
{Heap before GC invocations=6 (full 1):
 PSYoungGen      total 204288K, used 203825K [0x000000076ce00000, 0x000000077dd00000, 0x00000007c0000000)
  eden space 195072K, 100% used [0x000000076ce00000,0x0000000778c80000,0x0000000778c80000)
  from space 9216K, 94% used [0x000000077d400000,0x000000077dc8c4d8,0x000000077dd00000)
  to   space 10240K, 0% used [0x000000077c900000,0x000000077c900000,0x000000077d300000)
 ParOldGen       total 108544K, used 12782K [0x00000006c6a00000, 0x00000006cd400000, 0x000000076ce00000)
  object space 108544K, 11% used [0x00000006c6a00000,0x00000006c767ba48,0x00000006cd400000)
 Metaspace       used 29017K, capacity 29394K, committed 29568K, reserved 1075200K
  class space    used 3249K, capacity 3388K, committed 3456K, reserved 1048576K
Event: 4.157 GC heap after
Heap after GC invocations=6 (full 1):
 PSYoungGen      total 267264K, used 6062K [0x000000076ce00000, 0x0000000780700000, 0x00000007c0000000)
  eden space 257024K, 0% used [0x000000076ce00000,0x000000076ce00000,0x000000077c900000)
  from space 10240K, 59% used [0x000000077c900000,0x000000077ceeba80,0x000000077d300000)
  to   space 14848K, 0% used [0x000000077f880000,0x000000077f880000,0x0000000780700000)
 ParOldGen       total 108544K, used 12790K [0x00000006c6a00000, 0x00000006cd400000, 0x000000076ce00000)
  object space 108544K, 11% used [0x00000006c6a00000,0x00000006c767da48,0x00000006cd400000)
 Metaspace       used 29017K, capacity 29394K, committed 29568K, reserved 1075200K
  class space    used 3249K, capacity 3388K, committed 3456K, reserved 1048576K
}
Event: 4.936 GC heap before
{Heap before GC invocations=7 (full 1):
 PSYoungGen      total 267264K, used 94024K [0x000000076ce00000, 0x0000000780700000, 0x00000007c0000000)
  eden space 257024K, 34% used [0x000000076ce00000,0x00000007723e6600,0x000000077c900000)
  from space 10240K, 59% used [0x000000077c900000,0x000000077ceeba80,0x000000077d300000)
  to   space 14848K, 0% used [0x000000077f880000,0x000000077f880000,0x0000000780700000)
 ParOldGen       total 108544K, used 12790K [0x00000006c6a00000, 0x00000006cd400000, 0x000000076ce00000)
  object space 108544K, 11% used [0x00000006c6a00000,0x00000006c767da48,0x00000006cd400000)
 Metaspace       used 34696K, capacity 35140K, committed 35320K, reserved 1079296K
  class space    used 4630K, capacity 4768K, committed 4856K, reserved 1048576K
Event: 4.947 GC heap after
Heap after GC invocations=7 (full 1):
 PSYoungGen      total 304640K, used 13170K [0x000000076ce00000, 0x0000000786080000, 0x00000007c0000000)
  eden space 289792K, 0% used [0x000000076ce00000,0x000000076ce00000,0x000000077e900000)
  from space 14848K, 88% used [0x000000077f880000,0x000000078055ca78,0x0000000780700000)
  to   space 15872K, 0% used [0x000000077e900000,0x000000077e900000,0x000000077f880000)
 ParOldGen       total 108544K, used 12798K [0x00000006c6a00000, 0x00000006cd400000, 0x000000076ce00000)
  object space 108544K, 11% used [0x00000006c6a00000,0x00000006c767fa48,0x00000006cd400000)
 Metaspace       used 34696K, capacity 35140K, committed 35320K, reserved 1079296K
  class space    used 4630K, capacity 4768K, committed 4856K, reserved 1048576K
}
Event: 4.947 GC heap before
{Heap before GC invocations=8 (full 2):
 PSYoungGen      total 304640K, used 13170K [0x000000076ce00000, 0x0000000786080000, 0x00000007c0000000)
  eden space 289792K, 0% used [0x000000076ce00000,0x000000076ce00000,0x000000077e900000)
  from space 14848K, 88% used [0x000000077f880000,0x000000078055ca78,0x0000000780700000)
  to   space 15872K, 0% used [0x000000077e900000,0x000000077e900000,0x000000077f880000)
 ParOldGen       total 108544K, used 12798K [0x00000006c6a00000, 0x00000006cd400000, 0x000000076ce00000)
  object space 108544K, 11% used [0x00000006c6a00000,0x00000006c767fa48,0x00000006cd400000)
 Metaspace       used 34696K, capacity 35140K, committed 35320K, reserved 1079296K
  class space    used 4630K, capacity 4768K, committed 4856K, reserved 1048576K
Event: 5.011 GC heap after
Heap after GC invocations=8 (full 2):
 PSYoungGen      total 304640K, used 0K [0x000000076ce00000, 0x0000000786080000, 0x00000007c0000000)
  eden space 289792K, 0% used [0x000000076ce00000,0x000000076ce00000,0x000000077e900000)
  from space 14848K, 0% used [0x000000077f880000,0x000000077f880000,0x0000000780700000)
  to   space 15872K, 0% used [0x000000077e900000,0x000000077e900000,0x000000077f880000)
 ParOldGen       total 171520K, used 23735K [0x00000006c6a00000, 0x00000006d1180000, 0x000000076ce00000)
  object space 171520K, 13% used [0x00000006c6a00000,0x00000006c812dc68,0x00000006d1180000)
 Metaspace       used 34696K, capacity 35140K, committed 35320K, reserved 1079296K
  class space    used 4630K, capacity 4768K, committed 4856K, reserved 1048576K
}
Event: 10.819 GC heap before
{Heap before GC invocations=9 (full 2):
 PSYoungGen      total 304640K, used 289792K [0x000000076ce00000, 0x0000000786080000, 0x00000007c0000000)
  eden space 289792K, 100% used [0x000000076ce00000,0x000000077e900000,0x000000077e900000)
  from space 14848K, 0% used [0x000000077f880000,0x000000077f880000,0x0000000780700000)
  to   space 15872K, 0% used [0x000000077e900000,0x000000077e900000,0x000000077f880000)
 ParOldGen       total 171520K, used 23735K [0x00000006c6a00000, 0x00000006d1180000, 0x000000076ce00000)
  object space 171520K, 13% used [0x00000006c6a00000,0x00000006c812dc68,0x00000006d1180000)
 Metaspace       used 45274K, capacity 45814K, committed 46072K, reserved 1089536K
  class space    used 6454K, capacity 6590K, committed 6648K, reserved 1048576K
Event: 10.828 GC heap after
Heap after GC invocations=9 (full 2):
 PSYoungGen      total 305664K, used 10937K [0x000000076ce00000, 0x0000000787280000, 0x00000007c0000000)
  eden space 289792K, 0% used [0x000000076ce00000,0x000000076ce00000,0x000000077e900000)
  from space 15872K, 68% used [0x000000077e900000,0x000000077f3ae538,0x000000077f880000)
  to   space 15360K, 0% used [0x0000000786380000,0x0000000786380000,0x0000000787280000)
 ParOldGen       total 171520K, used 23743K [0x00000006c6a00000, 0x00000006d1180000, 0x000000076ce00000)
  object space 171520K, 13% used [0x00000006c6a00000,0x00000006c812fc68,0x00000006d1180000)
 Metaspace       used 45274K, capacity 45814K, committed 46072K, reserved 1089536K
  class space    used 6454K, capacity 6590K, committed 6648K, reserved 1048576K
}
Event: 229.527 GC heap before
{Heap before GC invocations=10 (full 2):
 PSYoungGen      total 305664K, used 300729K [0x000000076ce00000, 0x0000000787280000, 0x00000007c0000000)
  eden space 289792K, 100% used [0x000000076ce00000,0x000000077e900000,0x000000077e900000)
  from space 15872K, 68% used [0x000000077e900000,0x000000077f3ae538,0x000000077f880000)
  to   space 15360K, 0% used [0x0000000786380000,0x0000000786380000,0x0000000787280000)
 ParOldGen       total 171520K, used 23743K [0x00000006c6a00000, 0x00000006d1180000, 0x000000076ce00000)
  object space 171520K, 13% used [0x00000006c6a00000,0x00000006c812fc68,0x00000006d1180000)
 Metaspace       used 50656K, capacity 51790K, committed 52088K, reserved 1093632K
  class space    used 7191K, capacity 7442K, committed 7544K, reserved 1048576K
Event: 229.541 GC heap after
Heap after GC invocations=10 (full 2):
 PSYoungGen      total 393728K, used 12225K [0x000000076ce00000, 0x0000000786f80000, 0x00000007c0000000)
  eden space 381440K, 0% used [0x000000076ce00000,0x000000076ce00000,0x0000000784280000)
  from space 12288K, 99% used [0x0000000786380000,0x0000000786f705a0,0x0000000786f80000)
  to   space 15360K, 0% used [0x0000000785180000,0x0000000785180000,0x0000000786080000)
 ParOldGen       total 171520K, used 23751K [0x00000006c6a00000, 0x00000006d1180000, 0x000000076ce00000)
  object space 171520K, 13% used [0x00000006c6a00000,0x00000006c8131c68,0x00000006d1180000)
 Metaspace       used 50656K, capacity 51790K, committed 52088K, reserved 1093632K
  class space    used 7191K, capacity 7442K, committed 7544K, reserved 1048576K
}

Deoptimization events (10 events):
Event: 230.866 Thread 0x00007fd8545c4000 Uncommon trap: reason=unreached action=reinterpret pc=0x00007fd909af8908 method=org.hsqldb.lib.HsqlTimer$TaskQueue.peekTask()Lorg/hsqldb/lib/HsqlTimer$Task; @ 6
Event: 230.973 Thread 0x00007fd91800d000 Uncommon trap: reason=bimorphic action=maybe_recompile pc=0x00007fd909301d9c method=java.io.ObjectOutputStream$BlockDataOutputStream.drain()V @ 36
Event: 230.982 Thread 0x00007fd91800d000 Uncommon trap: reason=bimorphic action=maybe_recompile pc=0x00007fd909301d9c method=java.io.ObjectOutputStream$BlockDataOutputStream.drain()V @ 36
Event: 230.982 Thread 0x00007fd91800d000 Uncommon trap: reason=class_check action=maybe_recompile pc=0x00007fd909967390 method=java.io.ObjectOutputStream$BlockDataOutputStream.write([BIIZ)V @ 23
Event: 230.982 Thread 0x00007fd91800d000 Uncommon trap: reason=bimorphic action=maybe_recompile pc=0x00007fd9093ed7f4 method=java.io.ObjectOutputStream$BlockDataOutputStream.drain()V @ 36
Event: 230.984 Thread 0x00007fd91800d000 Uncommon trap: reason=class_check action=maybe_recompile pc=0x00007fd909967390 method=java.io.ObjectOutputStream$BlockDataOutputStream.write([BIIZ)V @ 23
Event: 230.984 Thread 0x00007fd91800d000 Uncommon trap: reason=class_check action=maybe_recompile pc=0x00007fd909967390 method=java.io.ObjectOutputStream$BlockDataOutputStream.write([BIIZ)V @ 23
Event: 230.985 Thread 0x00007fd91800d000 Uncommon trap: reason=class_check action=maybe_recompile pc=0x00007fd909967390 method=java.io.ObjectOutputStream$BlockDataOutputStream.write([BIIZ)V @ 23
Event: 230.987 Thread 0x00007fd91800d000 Uncommon trap: reason=class_check action=maybe_recompile pc=0x00007fd909961ca8 method=java.io.ObjectOutputStream$BlockDataOutputStream.write([BIIZ)V @ 23
Event: 230.988 Thread 0x00007fd91800d000 Uncommon trap: reason=bimorphic action=maybe_recompile pc=0x00007fd9093ee5d4 method=java.io.ObjectOutputStream$BlockDataOutputStream.drain()V @ 36

Internal exceptions (10 events):
Event: 230.966 Thread 0x00007fd91800d000 Exception <a 'java/security/PrivilegedActionException'> (0x000000076e42e560) thrown at [/HUDSON/workspace/8-2-build-linux-amd64/jdk8u20/526.nc/hotspot/src/share/vm/prims/jvm.cpp, line 1258]
Event: 230.966 Thread 0x00007fd91800d000 Exception <a 'java/security/PrivilegedActionException'> (0x000000076e42ef98) thrown at [/HUDSON/workspace/8-2-build-linux-amd64/jdk8u20/526.nc/hotspot/src/share/vm/prims/jvm.cpp, line 1258]
Event: 230.968 Thread 0x00007fd91800d000 Exception <a 'java/security/PrivilegedActionException'> (0x000000076e4703e8) thrown at [/HUDSON/workspace/8-2-build-linux-amd64/jdk8u20/526.nc/hotspot/src/share/vm/prims/jvm.cpp, line 1258]
Event: 230.968 Thread 0x00007fd91800d000 Exception <a 'java/security/PrivilegedActionException'> (0x000000076e470f88) thrown at [/HUDSON/workspace/8-2-build-linux-amd64/jdk8u20/526.nc/hotspot/src/share/vm/prims/jvm.cpp, line 1258]
Event: 230.985 Thread 0x00007fd91800d000 Exception <a 'java/security/PrivilegedActionException'> (0x000000076e497a80) thrown at [/HUDSON/workspace/8-2-build-linux-amd64/jdk8u20/526.nc/hotspot/src/share/vm/prims/jvm.cpp, line 1258]
Event: 230.985 Thread 0x00007fd91800d000 Exception <a 'java/security/PrivilegedActionException'> (0x000000076e498a60) thrown at [/HUDSON/workspace/8-2-build-linux-amd64/jdk8u20/526.nc/hotspot/src/share/vm/prims/jvm.cpp, line 1258]
Event: 230.986 Thread 0x00007fd91800d000 Exception <a 'java/security/PrivilegedActionException'> (0x000000076e4b4058) thrown at [/HUDSON/workspace/8-2-build-linux-amd64/jdk8u20/526.nc/hotspot/src/share/vm/prims/jvm.cpp, line 1258]
Event: 230.986 Thread 0x00007fd91800d000 Exception <a 'java/security/PrivilegedActionException'> (0x000000076e4b50c8) thrown at [/HUDSON/workspace/8-2-build-linux-amd64/jdk8u20/526.nc/hotspot/src/share/vm/prims/jvm.cpp, line 1258]
Event: 230.987 Thread 0x00007fd91800d000 Exception <a 'java/security/PrivilegedActionException'> (0x000000076e4c53f8) thrown at [/HUDSON/workspace/8-2-build-linux-amd64/jdk8u20/526.nc/hotspot/src/share/vm/prims/jvm.cpp, line 1258]
Event: 230.987 Thread 0x00007fd91800d000 Exception <a 'java/security/PrivilegedActionException'> (0x000000076e4c6418) thrown at [/HUDSON/workspace/8-2-build-linux-amd64/jdk8u20/526.nc/hotspot/src/share/vm/prims/jvm.cpp, line 1258]

Events (10 events):
Event: 230.988 Thread 0x00007fd91800d000 DEOPT UNPACKING pc=0x00007fd908a1341a sp=0x00007fd91f1166b8 mode 1
Event: 230.988 Thread 0x00007fd91800d000 DEOPT PACKING pc=0x00007fd9092522a4 sp=0x00007fd91f1168a0
Event: 230.988 Thread 0x00007fd91800d000 DEOPT UNPACKING pc=0x00007fd908a1341a sp=0x00007fd91f116660 mode 1
Event: 230.988 Thread 0x00007fd91800d000 DEOPT PACKING pc=0x00007fd908e0010c sp=0x00007fd91f116970
Event: 230.988 Thread 0x00007fd91800d000 DEOPT UNPACKING pc=0x00007fd908a1341a sp=0x00007fd91f116738 mode 1
Event: 230.988 Thread 0x00007fd91800d000 DEOPT PACKING pc=0x00007fd9092522a4 sp=0x00007fd91f1168e0
Event: 230.988 Thread 0x00007fd91800d000 DEOPT UNPACKING pc=0x00007fd908a1341a sp=0x00007fd91f1166b8 mode 1
Event: 230.988 Thread 0x00007fd91800d000 Uncommon trap: trap_request=0xffffffc6 fr.pc=0x00007fd9093ee5d4
Event: 230.988 Thread 0x00007fd91800d000 DEOPT PACKING pc=0x00007fd9093ee5d4 sp=0x00007fd91f1184a0
Event: 230.988 Thread 0x00007fd91800d000 DEOPT UNPACKING pc=0x00007fd908a13650 sp=0x00007fd91f1183d8 mode 2


Dynamic libraries:
00400000-00401000 r-xp 00000000 08:06 19938758                           /usr/lib/jvm/jdk1.8.0_20/bin/java
00600000-00601000 rw-p 00000000 08:06 19938758                           /usr/lib/jvm/jdk1.8.0_20/bin/java
01331000-01352000 rw-p 00000000 00:00 0                                  [heap]
6c6a00000-6d1180000 rw-p 00000000 00:00 0 
6d1180000-76ce00000 ---p 00000000 00:00 0 
76ce00000-786f80000 rw-p 00000000 00:00 0 
786f80000-7c0000000 ---p 00000000 00:00 0 
7c0000000-7c075e000 rw-p 00000000 00:00 0 
7c075e000-800000000 ---p 00000000 00:00 0 
7fd7f8000000-7fd7f8021000 rw-p 00000000 00:00 0 
7fd7f8021000-7fd7fc000000 ---p 00000000 00:00 0 
7fd800000000-7fd800021000 rw-p 00000000 00:00 0 
7fd800021000-7fd804000000 ---p 00000000 00:00 0 
7fd807aff000-7fd807b02000 ---p 00000000 00:00 0 
7fd807b02000-7fd807d80000 rw-p 00000000 00:00 0                          [stack:12951]
7fd807d80000-7fd807e00000 ---p 00000000 00:00 0 
7fd807e00000-7fd808000000 rw-p 00000000 00:00 0 
7fd808000000-7fd808593000 rw-p 00000000 00:00 0 
7fd808593000-7fd80c000000 ---p 00000000 00:00 0 
7fd80c000000-7fd80c02e000 rw-p 00000000 00:00 0 
7fd80c02e000-7fd810000000 ---p 00000000 00:00 0 
7fd810000000-7fd810021000 rw-p 00000000 00:00 0 
7fd810021000-7fd814000000 ---p 00000000 00:00 0 
7fd814000000-7fd814021000 rw-p 00000000 00:00 0 
7fd814021000-7fd818000000 ---p 00000000 00:00 0 
7fd818000000-7fd818021000 rw-p 00000000 00:00 0 
7fd818021000-7fd81c000000 ---p 00000000 00:00 0 
7fd81c000000-7fd81c021000 rw-p 00000000 00:00 0 
7fd81c021000-7fd820000000 ---p 00000000 00:00 0 
7fd820000000-7fd820021000 rw-p 00000000 00:00 0 
7fd820021000-7fd824000000 ---p 00000000 00:00 0 
7fd824000000-7fd824021000 rw-p 00000000 00:00 0 
7fd824021000-7fd828000000 ---p 00000000 00:00 0 
7fd828000000-7fd828021000 rw-p 00000000 00:00 0 
7fd828021000-7fd82c000000 ---p 00000000 00:00 0 
7fd82c000000-7fd82c021000 rw-p 00000000 00:00 0 
7fd82c021000-7fd830000000 ---p 00000000 00:00 0 
7fd830000000-7fd8300ee000 rw-p 00000000 00:00 0 
7fd8300ee000-7fd834000000 ---p 00000000 00:00 0 
7fd834000000-7fd834021000 rw-p 00000000 00:00 0 
7fd834021000-7fd838000000 ---p 00000000 00:00 0 
7fd838000000-7fd838021000 rw-p 00000000 00:00 0 
7fd838021000-7fd83c000000 ---p 00000000 00:00 0 
7fd83c000000-7fd83c021000 rw-p 00000000 00:00 0 
7fd83c021000-7fd840000000 ---p 00000000 00:00 0 
7fd840000000-7fd840021000 rw-p 00000000 00:00 0 
7fd840021000-7fd844000000 ---p 00000000 00:00 0 
7fd844000000-7fd844021000 rw-p 00000000 00:00 0 
7fd844021000-7fd848000000 ---p 00000000 00:00 0 
7fd848000000-7fd848021000 rw-p 00000000 00:00 0 
7fd848021000-7fd84c000000 ---p 00000000 00:00 0 
7fd84c000000-7fd84c021000 rw-p 00000000 00:00 0 
7fd84c021000-7fd850000000 ---p 00000000 00:00 0 
7fd850000000-7fd8500d4000 rw-p 00000000 00:00 0 
7fd8500d4000-7fd854000000 ---p 00000000 00:00 0 
7fd854000000-7fd8549f7000 rw-p 00000000 00:00 0 
7fd8549f7000-7fd858000000 ---p 00000000 00:00 0 
7fd858000000-7fd858021000 rw-p 00000000 00:00 0 
7fd858021000-7fd85c000000 ---p 00000000 00:00 0 
7fd85c000000-7fd85c021000 rw-p 00000000 00:00 0 
7fd85c021000-7fd860000000 ---p 00000000 00:00 0 
7fd860000000-7fd860021000 rw-p 00000000 00:00 0 
7fd860021000-7fd864000000 ---p 00000000 00:00 0 
7fd864000000-7fd864021000 rw-p 00000000 00:00 0 
7fd864021000-7fd868000000 ---p 00000000 00:00 0 
7fd86808d000-7fd868090000 ---p 00000000 00:00 0 
7fd868090000-7fd86818e000 rw-p 00000000 00:00 0                          [stack:13019]
7fd86818e000-7fd868191000 ---p 00000000 00:00 0 
7fd868191000-7fd86828f000 rw-p 00000000 00:00 0 
7fd86828f000-7fd868292000 ---p 00000000 00:00 0 
7fd868292000-7fd868390000 rw-p 00000000 00:00 0                          [stack:12943]
7fd868390000-7fd8683a7000 r-xp 00000000 08:06 15602148                   /lib/x86_64-linux-gnu/libresolv-2.19.so
7fd8683a7000-7fd8685a7000 ---p 00017000 08:06 15602148                   /lib/x86_64-linux-gnu/libresolv-2.19.so
7fd8685a7000-7fd8685a8000 r--p 00017000 08:06 15602148                   /lib/x86_64-linux-gnu/libresolv-2.19.so
7fd8685a8000-7fd8685a9000 rw-p 00018000 08:06 15602148                   /lib/x86_64-linux-gnu/libresolv-2.19.so
7fd8685a9000-7fd8685ab000 rw-p 00000000 00:00 0 
7fd8685ab000-7fd8685b0000 r-xp 00000000 08:06 15602324                   /lib/x86_64-linux-gnu/libnss_dns-2.19.so
7fd8685b0000-7fd8687af000 ---p 00005000 08:06 15602324                   /lib/x86_64-linux-gnu/libnss_dns-2.19.so
7fd8687af000-7fd8687b0000 r--p 00004000 08:06 15602324                   /lib/x86_64-linux-gnu/libnss_dns-2.19.so
7fd8687b0000-7fd8687b1000 rw-p 00005000 08:06 15602324                   /lib/x86_64-linux-gnu/libnss_dns-2.19.so
7fd8687b1000-7fd8687b3000 r-xp 00000000 08:06 15601607                   /lib/x86_64-linux-gnu/libnss_mdns4_minimal.so.2
7fd8687b3000-7fd8689b2000 ---p 00002000 08:06 15601607                   /lib/x86_64-linux-gnu/libnss_mdns4_minimal.so.2
7fd8689b2000-7fd8689b3000 r--p 00001000 08:06 15601607                   /lib/x86_64-linux-gnu/libnss_mdns4_minimal.so.2
7fd8689b3000-7fd8689b4000 rw-p 00002000 08:06 15601607                   /lib/x86_64-linux-gnu/libnss_mdns4_minimal.so.2
7fd8689d3000-7fd868bd3000 rw-p 00000000 00:00 0 
7fd868bd3000-7fd868bd6000 ---p 00000000 00:00 0 
7fd868bd6000-7fd868cd4000 rw-p 00000000 00:00 0                          [stack:12941]
7fd868cd4000-7fd868cd7000 ---p 00000000 00:00 0 
7fd868cd7000-7fd868dd5000 rw-p 00000000 00:00 0                          [stack:12940]
7fd868dd5000-7fd868dd8000 ---p 00000000 00:00 0 
7fd868dd8000-7fd868ed6000 rw-p 00000000 00:00 0                          [stack:12939]
7fd868ed6000-7fd868ed9000 ---p 00000000 00:00 0 
7fd868ed9000-7fd8691d7000 rw-p 00000000 00:00 0                          [stack:12938]
7fd8691d7000-7fd8691da000 ---p 00000000 00:00 0 
7fd8691da000-7fd8692d8000 rw-p 00000000 00:00 0 
7fd8692d8000-7fd8692db000 ---p 00000000 00:00 0 
7fd8692db000-7fd8695d9000 rw-p 00000000 00:00 0 
7fd8695d9000-7fd8695dc000 ---p 00000000 00:00 0 
7fd8695dc000-7fd8696da000 rw-p 00000000 00:00 0 
7fd8696da000-7fd8696dd000 ---p 00000000 00:00 0 
7fd8696dd000-7fd8697db000 rw-p 00000000 00:00 0 
7fd8697db000-7fd8697de000 ---p 00000000 00:00 0 
7fd8697de000-7fd8698dc000 rw-p 00000000 00:00 0 
7fd8698dc000-7fd8698df000 ---p 00000000 00:00 0 
7fd8698df000-7fd8699dd000 rw-p 00000000 00:00 0 
7fd8699dd000-7fd8699e0000 ---p 00000000 00:00 0 
7fd8699e0000-7fd869ade000 rw-p 00000000 00:00 0 
7fd869ade000-7fd869ae1000 ---p 00000000 00:00 0 
7fd869ae1000-7fd869bdf000 rw-p 00000000 00:00 0 
7fd869bdf000-7fd869be2000 ---p 00000000 00:00 0 
7fd869be2000-7fd869ce0000 rw-p 00000000 00:00 0 
7fd869ce0000-7fd869ce3000 ---p 00000000 00:00 0 
7fd869ce3000-7fd869de1000 rw-p 00000000 00:00 0 
7fd869de1000-7fd869de4000 ---p 00000000 00:00 0 
7fd869de4000-7fd86a0e2000 rw-p 00000000 00:00 0 
7fd86a0e2000-7fd86a2e2000 rw-p 00000000 00:00 0 
7fd86a2e2000-7fd86a2e9000 r--s 00000000 08:06 15863595                   /usr/lib/x86_64-linux-gnu/gconv/gconv-modules.cache
7fd86a3f7000-7fd86a5f7000 rw-p 00000000 00:00 0 
7fd86a5f7000-7fd86a7f7000 rw-p 00000000 00:00 0 
7fd86a7f7000-7fd86a9f7000 rw-p 00000000 00:00 0 
7fd86a9f7000-7fd86a9fa000 ---p 00000000 00:00 0 
7fd86a9fa000-7fd86acf8000 rw-p 00000000 00:00 0 
7fd86acf8000-7fd86aef8000 rw-p 00000000 00:00 0 
7fd86aef8000-7fd86aefa000 r--s 00003000 08:06 659381                     /usr/local/development/dev-7-7/Ignition/IgnitionWebApp/src/main/home/temp/sfc-gateway-api196843052893732422.jar
7fd86aefa000-7fd86aefd000 r--s 00019000 08:06 659380                     /usr/local/development/dev-7-7/Ignition/IgnitionWebApp/src/main/home/temp/sfc-gateway1419980095549253435.jar
7fd86aefd000-7fd86af00000 r--s 00016000 08:06 659379                     /usr/local/development/dev-7-7/Ignition/IgnitionWebApp/src/main/home/temp/sfc-common4909655444883265098.jar
7fd86af00000-7fd86af04000 r--s 000be000 08:06 658865                     /usr/local/development/dev-7-7/Ignition/IgnitionWebApp/src/main/home/temp/vis-gateway3218699607130845596.jar
7fd86af04000-7fd86af0c000 r--s 0009e000 08:06 657830                     /usr/local/development/dev-7-7/Ignition/IgnitionWebApp/src/main/home/temp/secsgem-gateway8362523535476342308.jar
7fd86af0c000-7fd86b10c000 rw-p 00000000 00:00 0 
7fd86b30e000-7fd86b311000 ---p 00000000 00:00 0 
7fd86b311000-7fd86b40f000 rw-p 00000000 00:00 0 
7fd86b40f000-7fd86b412000 ---p 00000000 00:00 0 
7fd86b412000-7fd86b510000 rw-p 00000000 00:00 0 
7fd86b510000-7fd86b513000 ---p 00000000 00:00 0 
7fd86b513000-7fd86b811000 rw-p 00000000 00:00 0 
7fd86b811000-7fd86b824000 r--s 00345000 08:06 20582253                   /usr/lib/jvm/jdk1.8.0_20/jre/lib/resources.jar
7fd86b824000-7fd86b827000 ---p 00000000 00:00 0 
7fd86b827000-7fd86bb26000 rw-p 00000000 00:00 0 
7fd86bb26000-7fd86bb27000 r--s 00002000 08:06 658870                     /usr/local/development/dev-7-7/Ignition/IgnitionWebApp/src/main/home/temp/vis-common5803320764002174787.jar
7fd86bb27000-7fd86bb28000 r--s 00004000 08:06 658859                     /usr/local/development/dev-7-7/Ignition/IgnitionWebApp/src/main/home/temp/secsgem-shared3472056566425673202.jar
7fd86bb28000-7fd86bb29000 r--s 00000000 08:06 2365020                    /usr/local/development/dev-7-7/Ignition/IgnitionWebApp/target/ignition-webapp-7.7/WEB-INF/lib/xopc-common-2.7.2-20141104.213412-19.jar
7fd86bb29000-7fd86bb41000 r--s 000f7000 08:06 2365016                    /usr/local/development/dev-7-7/Ignition/IgnitionWebApp/target/ignition-webapp-7.7/WEB-INF/lib/xopc-2.7.2-20141104.213433-19.jar
7fd86bb41000-7fd86bb4e000 r--s 000a0000 08:06 2365222                    /usr/local/development/dev-7-7/Ignition/IgnitionWebApp/target/ignition-webapp-7.7/WEB-INF/lib/winpack-3.8.3.jar
7fd86bb4e000-7fd86bb58000 r--s 0005c000 08:06 2364945                    /usr/local/development/dev-7-7/Ignition/IgnitionWebApp/target/ignition-webapp-7.7/WEB-INF/lib/wicket-util-6.1.1.jar
7fd86bb58000-7fd86bb5b000 r--s 00012000 08:06 2364946                    /usr/local/development/dev-7-7/Ignition/IgnitionWebApp/target/ignition-webapp-7.7/WEB-INF/lib/wicket-request-6.1.1.jar
7fd86bb5b000-7fd86bb6d000 r--s 00138000 08:06 2364948                    /usr/local/development/dev-7-7/Ignition/IgnitionWebApp/target/ignition-webapp-7.7/WEB-INF/lib/wicket-extensions-6.1.1.jar
7fd86bb6d000-7fd86bb70000 r--s 00038000 08:06 2364947                    /usr/local/development/dev-7-7/Ignition/IgnitionWebApp/target/ignition-webapp-7.7/WEB-INF/lib/wicket-datetime-6.1.1.jar
7fd86bb70000-7fd86bb93000 r--s 001a3000 08:06 2364944                    /usr/local/development/dev-7-7/Ignition/IgnitionWebApp/target/ignition-webapp-7.7/WEB-INF/lib/wicket-core-6.1.1.jar
7fd86bb93000-7fd86bb95000 r--s 0012e000 08:06 2365207                    /usr/local/development/dev-7-7/Ignition/IgnitionWebApp/target/ignition-webapp-7.7/WEB-INF/lib/voice-cmu-slt-hsmm-5.0.jar
7fd86bb95000-7fd86bb96000 r--s 00006000 08:06 2365022                    /usr/local/development/dev-7-7/Ignition/IgnitionWebApp/target/ignition-webapp-7.7/WEB-INF/lib/user-manual-module-1.7.0-20131026.004611-6.jar
7fd86bb96000-7fd86bb97000 r--s 00268000 08:06 2365208                    /usr/local/development/dev-7-7/Ignition/IgnitionWebApp/target/ignition-webapp-7.7/WEB-INF/lib/ttsengine-ivona-2.7.2-20141104.214148-19.jar
7fd86bb97000-7fd86bb9a000 r--s 00017000 08:06 2365002                    /usr/local/development/dev-7-7/Ignition/IgnitionWebApp/target/ignition-webapp-7.7/WEB-INF/lib/timingframework-1.0.jar
7fd86bb9a000-7fd86bb9c000 r--s 00001000 08:06 2364734                    /usr/local/development/dev-7-7/Ignition/IgnitionWebApp/target/ignition-webapp-7.7/WEB-INF/lib/slf4j-log4j12-1.7.5.jar
7fd86bb9c000-7fd86bb9e000 r--s 00005000 08:06 2364733                    /usr/local/development/dev-7-7/Ignition/IgnitionWebApp/target/ignition-webapp-7.7/WEB-INF/lib/slf4j-api-1.7.5.jar
7fd86bb9e000-7fd86bba8000 r--s 00061000 08:06 2365204                    /usr/local/development/dev-7-7/Ignition/IgnitionWebApp/target/ignition-webapp-7.7/WEB-INF/lib/sip-notification-2.7.2-20141104.214142-19.jar
7fd86bba8000-7fd86bbab000 r--s 0001f000 08:06 4198523                    /usr/local/development/dev-7-7/Ignition/IgnitionWebApp/target/ignition-webapp-7.7/WEB-INF/lib/simple-orm-7.7.2-SNAPSHOT.jar
7fd86bbab000-7fd86bbad000 r--s 00003000 08:06 2365213                    /usr/local/development/dev-7-7/Ignition/IgnitionWebApp/target/ignition-webapp-7.7/WEB-INF/lib/sfc-gateway-api-1.7.1-SNAPSHOT.jar
7fd86bbad000-7fd86bbb0000 r--s 00019000 08:06 2365212                    /usr/local/development/dev-7-7/Ignition/IgnitionWebApp/target/ignition-webapp-7.7/WEB-INF/lib/sfc-gateway-1.7.1-SNAPSHOT.jar
7fd86bbb0000-7fd86bbb3000 r--s 00016000 08:06 2365214                    /usr/local/development/dev-7-7/Ignition/IgnitionWebApp/target/ignition-webapp-7.7/WEB-INF/lib/sfc-common-1.7.1-SNAPSHOT.jar
7fd86bbb3000-7fd86bbb5000 r--s 0000f000 08:06 2365217                    /usr/local/development/dev-7-7/Ignition/IgnitionWebApp/target/ignition-webapp-7.7/WEB-INF/lib/serialio-8.7.0.jar
7fd86bbb5000-7fd86bbb7000 r--s 00028000 08:06 2365215                    /usr/local/development/dev-7-7/Ignition/IgnitionWebApp/target/ignition-webapp-7.7/WEB-INF/lib/serial-support-gateway-2.7.2-20141104.214033-19.jar
7fd86bbb7000-7fd86bbb9000 r--s 00002000 08:06 2365216                    /usr/local/development/dev-7-7/Ignition/IgnitionWebApp/target/ignition-webapp-7.7/WEB-INF/lib/serial-support-common-2.7.2-20141104.214027-19.jar
7fd86bbb9000-7fd86bbbe000 r--s 0003e000 08:06 2364955                    /usr/local/development/dev-7-7/Ignition/IgnitionWebApp/target/ignition-webapp-7.7/WEB-INF/lib/saaj-impl-1.3.jar
7fd86bbbe000-7fd86bbc0000 r--s 00003000 08:06 2364956                    /usr/local/development/dev-7-7/Ignition/IgnitionWebApp/target/ignition-webapp-7.7/WEB-INF/lib/saaj-api-1.3.jar
7fd86bbc0000-7fd86bbca000 r--s 0005c000 08:06 2365219                    /usr/local/development/dev-7-7/Ignition/IgnitionWebApp/target/ignition-webapp-7.7/WEB-INF/lib/opccom-gateway-2.7.2-20141104.213642-1.jar
7fd86bbca000-7fd86bbcb000 r--s 00001000 08:06 2365218                    /usr/local/development/dev-7-7/Ignition/IgnitionWebApp/target/ignition-webapp-7.7/WEB-INF/lib/opccom-common-2.7.2-20141104.213635-1.jar
7fd86bbcb000-7fd86bbd0000 r--s 00086000 08:06 2365210                    /usr/local/development/dev-7-7/Ignition/IgnitionWebApp/target/ignition-webapp-7.7/WEB-INF/lib/mobile-gateway-2.7.2-20141104.213623-19.jar
7fd86bbd0000-7fd86bbd2000 r--s 00002000 08:06 2365211                    /usr/local/development/dev-7-7/Ignition/IgnitionWebApp/target/ignition-webapp-7.7/WEB-INF/lib/mobile-common-2.7.2-20141104.213605-19.jar
7fd86bbd2000-7fd86bbd3000 r--s 00003000 08:06 2365006                    /usr/local/development/dev-7-7/Ignition/IgnitionWebApp/target/ignition-webapp-7.7/WEB-INF/lib/miglayout-swing-4.2.jar
7fd86bbd3000-7fd86bbd5000 r--s 0000f000 08:06 2365007                    /usr/local/development/dev-7-7/Ignition/IgnitionWebApp/target/ignition-webapp-7.7/WEB-INF/lib/miglayout-core-4.2.jar
7fd86bbd5000-7fd86bbd8000 r--s 00012000 08:06 2364935                    /usr/local/development/dev-7-7/Ignition/IgnitionWebApp/target/ignition-webapp-7.7/WEB-INF/lib/metrics-core-3.0.1.jar
7fd86bbd8000-7fd86bc47000 r--s 007bb000 08:06 2365205                    /usr/local/development/dev-7-7/Ignition/IgnitionWebApp/target/ignition-webapp-7.7/WEB-INF/lib/marytts-server-5.0.jar
7fd86bc47000-7fd86bc4a000 r--s 0069c000 08:06 2365206                    /usr/local/development/dev-7-7/Ignition/IgnitionWebApp/target/ignition-webapp-7.7/WEB-INF/lib/marytts-lang-en-5.0.jar
7fd86bc4a000-7fd86bc52000 r--s 00075000 08:06 2364951                    /usr/local/development/dev-7-7/Ignition/IgnitionWebApp/target/ignition-webapp-7.7/WEB-INF/lib/mail-1.4.5.jar
7fd86bc52000-7fd86bc59000 r--s 00059000 08:06 2364732                    /usr/local/development/dev-7-7/Ignition/IgnitionWebApp/target/ignition-webapp-7.7/WEB-INF/lib/log4j-1.2.15.jar
7fd86bc59000-7fd86bcf6000 r--s 0082e000 08:06 2364728                    /usr/local/development/dev-7-7/Ignition/IgnitionWebApp/target/ignition-webapp-7.7/WEB-INF/lib/jython-2.5.3-guava-upgrade.jar
7fd86bcf6000-7fd86bcf7000 r--s 00001000 08:06 2364765                    /usr/local/development/dev-7-7/Ignition/IgnitionWebApp/target/ignition-webapp-7.7/WEB-INF/lib/jul-to-slf4j-1.7.5.jar
7fd86bcf7000-7fd86bcfd000 r--s 00036000 08:06 2364949                    /usr/local/development/dev-7-7/Ignition/IgnitionWebApp/target/ignition-webapp-7.7/WEB-INF/lib/jquery-ui-core-6.1.0.jar
7fd86bcfd000-7fd86bd0c000 r--s 0007c000 08:06 2364936                    /usr/local/development/dev-7-7/Ignition/IgnitionWebApp/target/ignition-webapp-7.7/WEB-INF/lib/joda-time-2.0.jar
7fd86bd0c000-7fd86bd10000 r--s 00037000 08:06 2365221                    /usr/local/development/dev-7-7/Ignition/IgnitionWebApp/target/ignition-webapp-7.7/WEB-INF/lib/jniwrap-3.8.3.jar
7fd86bd10000-7fd86bd12000 r--s 00011000 08:06 2365015                    /usr/local/development/dev-7-7/Ignition/IgnitionWebApp/target/ignition-webapp-7.7/WEB-INF/lib/jide-shortcut-3.5.13.jar
7fd86bd12000-7fd86bd16000 r--s 00022000 08:06 2365010                    /usr/local/development/dev-7-7/Ignition/IgnitionWebApp/target/ignition-webapp-7.7/WEB-INF/lib/jide-plaf-3.5.13.jar
7fd86bd16000-7fd86bd3c000 r--s 001da000 08:06 2365009                    /usr/local/development/dev-7-7/Ignition/IgnitionWebApp/target/ignition-webapp-7.7/WEB-INF/lib/jide-grids-3.5.13.jar
7fd86bd3c000-7fd86bd46000 r--s 00061000 08:06 2365014                    /usr/local/development/dev-7-7/Ignition/IgnitionWebApp/target/ignition-webapp-7.7/WEB-INF/lib/jide-editor-3.5.13.jar
7fd86bd46000-7fd86bd4c000 r--s 0004f000 08:06 2365013                    /usr/local/development/dev-7-7/Ignition/IgnitionWebApp/target/ignition-webapp-7.7/WEB-INF/lib/jide-dock-3.5.13.jar
7fd86bd4c000-7fd86bd4e000 r--s 0000c000 08:06 2365012                    /usr/local/development/dev-7-7/Ignition/IgnitionWebApp/target/ignition-webapp-7.7/WEB-INF/lib/jide-dialogs-3.5.13.jar
7fd86bd4e000-7fd86bd56000 r--s 00055000 08:06 2365008                    /usr/local/development/dev-7-7/Ignition/IgnitionWebApp/target/ignition-webapp-7.7/WEB-INF/lib/jide-components-3.5.13.jar
7fd86bd56000-7fd86bd73000 r--s 00155000 08:06 2364766                    /usr/local/development/dev-7-7/Ignition/IgnitionWebApp/target/ignition-webapp-7.7/WEB-INF/lib/jide-common-3.5.13.jar
7fd86bd73000-7fd86bd78000 r--s 0002f000 08:06 2365011                    /usr/local/development/dev-7-7/Ignition/IgnitionWebApp/target/ignition-webapp-7.7/WEB-INF/lib/jide-action-3.5.13.jar
7fd86bd78000-7fd86bd8c000 r--s 0017c000 08:06 2365004                    /usr/local/development/dev-7-7/Ignition/IgnitionWebApp/target/ignition-webapp-7.7/WEB-INF/lib/jfreechart-min-1.0.0.jar
7fd86bd8c000-7fd86bd8e000 r--s 00004000 08:06 2364991                    /usr/local/development/dev-7-7/Ignition/IgnitionWebApp/target/ignition-webapp-7.7/WEB-INF/lib/jaxrpc-spi-1.1.3_01.jar
7fd86bd8e000-7fd86bdab000 r--s 001ea000 08:06 2364953                    /usr/local/development/dev-7-7/Ignition/IgnitionWebApp/target/ignition-webapp-7.7/WEB-INF/lib/jaxrpc-impl-1.1.3_01.jar
7fd86bdab000-7fd86bdad000 r--s 00005000 08:06 2364954                    /usr/local/development/dev-7-7/Ignition/IgnitionWebApp/target/ignition-webapp-7.7/WEB-INF/lib/jaxrpc-api-1.1.jar
7fd86bdad000-7fd86bdaf000 r--s 00013000 08:06 2364730                    /usr/local/development/dev-7-7/Ignition/IgnitionWebApp/target/ignition-webapp-7.7/WEB-INF/lib/java-cup-10k.jar
7fd86bdaf000-7fd86bdb0000 r--s 00003000 08:06 2365209                    /usr/local/development/dev-7-7/Ignition/IgnitionWebApp/target/ignition-webapp-7.7/WEB-INF/lib/ivonatts-1.0.0.jar
7fd86bdb0000-7fd86bdb2000 r--s 00001000 08:06 2365019                    /usr/local/development/dev-7-7/Ignition/IgnitionWebApp/target/ignition-webapp-7.7/WEB-INF/lib/io-session-3.0.0-20130122.214435-9.jar
7fd86bdb2000-7fd86bdbd000 r--s 00073000 08:06 2365018                    /usr/local/development/dev-7-7/Ignition/IgnitionWebApp/target/ignition-webapp-7.7/WEB-INF/lib/ia-opcua-2.7.2-20141104.213404-19.jar
7fd86bdbd000-7fd86bdcb000 r--s 0014e000 08:06 2364950                    /usr/local/development/dev-7-7/Ignition/IgnitionWebApp/target/ignition-webapp-7.7/WEB-INF/lib/hsqldb-2.2.9.jar
7fd86bdcb000-7fd86bdcc000 r--s 00001000 08:06 2365000                    /usr/local/development/dev-7-7/Ignition/IgnitionWebApp/target/ignition-webapp-7.7/WEB-INF/lib/hasp-srm-api-1.0.0.jar
7fd86bdcc000-7fd86bdf0000 r--s 001aa000 08:06 2364726                    /usr/local/development/dev-7-7/Ignition/IgnitionWebApp/target/ignition-webapp-7.7/WEB-INF/lib/guava-13.0.1.jar
7fd86bdf0000-7fd86be15000 r--s 00155000 08:06 4198538                    /usr/local/development/dev-7-7/Ignition/IgnitionWebApp/target/ignition-webapp-7.7/WEB-INF/lib/gateway-api-7.7.2-SNAPSHOT.jar
7fd86be15000-7fd86be4a000 r--s 00273000 08:06 4198524                    /usr/local/development/dev-7-7/Ignition/IgnitionWebApp/target/ignition-webapp-7.7/WEB-INF/lib/gateway-7.7.2-SNAPSHOT.jar
7fd86be4a000-7fd86be4e000 r--s 00016000 08:06 2365023                    /usr/local/development/dev-7-7/Ignition/IgnitionWebApp/target/ignition-webapp-7.7/WEB-INF/lib/fsql-common-6.7.2-20141104.213458-19.jar
7fd86be4e000-7fd86be56000 r--s 001ca000 08:06 2365024                    /usr/local/development/dev-7-7/Ignition/IgnitionWebApp/target/ignition-webapp-7.7/WEB-INF/lib/fsql-6.7.2-20141104.213508-19.jar
7fd86be56000-7fd86be5a000 r--s 000be000 08:06 4198129                    /usr/local/development/dev-7-7/Ignition/IgnitionWebApp/target/ignition-webapp-7.7/WEB-INF/lib/fpmi-gateway-7.7.2-SNAPSHOT.jar
7fd86be5a000-7fd86be5d000 r--s 00013000 08:06 2365003                    /usr/local/development/dev-7-7/Ignition/IgnitionWebApp/target/ignition-webapp-7.7/WEB-INF/lib/forms-1.0.7.jar
7fd86be5d000-7fd86be5f000 r--s 00003000 08:06 2365021                    /usr/local/development/dev-7-7/Ignition/IgnitionWebApp/target/ignition-webapp-7.7/WEB-INF/lib/drivers-common-2.7.2-20141104.213438-19.jar
7fd86be5f000-7fd86be66000 r--s 0002f000 08:06 2365017                    /usr/local/development/dev-7-7/Ignition/IgnitionWebApp/target/ignition-webapp-7.7/WEB-INF/lib/driver-api-2.7.2-20141104.213410-19.jar
7fd86be66000-7fd86bebc000 r--s 00512000 08:06 4198539                    /usr/local/development/dev-7-7/Ignition/IgnitionWebApp/target/ignition-webapp-7.7/WEB-INF/lib/designer-7.7.2-SNAPSHOT.jar
7fd86bebc000-7fd86bebe000 r--s 00007000 08:06 2364731                    /usr/local/development/dev-7-7/Ignition/IgnitionWebApp/target/ignition-webapp-7.7/WEB-INF/lib/cron4j-2.2.3.jar
7fd86bebe000-7fd86bec5000 r--s 00054000 08:06 2364729                    /usr/local/development/dev-7-7/Ignition/IgnitionWebApp/target/ignition-webapp-7.7/WEB-INF/lib/core-1.7.jar
7fd86bec5000-7fd86bec8000 r--s 00013000 08:06 2364999                    /usr/local/development/dev-7-7/Ignition/IgnitionWebApp/target/ignition-webapp-7.7/WEB-INF/lib/commons-pool-1.4.jar
7fd86bec8000-7fd86bece000 r--s 00048000 08:06 2364723                    /usr/local/development/dev-7-7/Ignition/IgnitionWebApp/target/ignition-webapp-7.7/WEB-INF/lib/commons-lang3-3.1.jar
7fd86bece000-7fd86beff000 r--s 001ea000 08:06 4198540                    /usr/local/development/dev-7-7/Ignition/IgnitionWebApp/target/ignition-webapp-7.7/WEB-INF/lib/common-7.7.2-SNAPSHOT.jar
7fd86beff000-7fd86bf02000 ---p 00000000 00:00 0 
7fd86bf02000-7fd86c000000 rw-p 00000000 00:00 0 
7fd86c000000-7fd86c021000 rw-p 00000000 00:00 0 
7fd86c021000-7fd870000000 ---p 00000000 00:00 0 
7fd870000000-7fd870084000 rw-p 00000000 00:00 0 
7fd870084000-7fd874000000 ---p 00000000 00:00 0 
7fd874000000-7fd874021000 rw-p 00000000 00:00 0 
7fd874021000-7fd878000000 ---p 00000000 00:00 0 
7fd878000000-7fd878021000 rw-p 00000000 00:00 0 
7fd878021000-7fd87c000000 ---p 00000000 00:00 0 
7fd87c000000-7fd87c021000 rw-p 00000000 00:00 0 
7fd87c021000-7fd880000000 ---p 00000000 00:00 0 
7fd880000000-7fd880021000 rw-p 00000000 00:00 0 
7fd880021000-7fd884000000 ---p 00000000 00:00 0 
7fd884000000-7fd884021000 rw-p 00000000 00:00 0 
7fd884021000-7fd888000000 ---p 00000000 00:00 0 
7fd888000000-7fd88819e000 rw-p 00000000 00:00 0 
7fd88819e000-7fd88c000000 ---p 00000000 00:00 0 
7fd88c000000-7fd88c021000 rw-p 00000000 00:00 0 
7fd88c021000-7fd890000000 ---p 00000000 00:00 0 
7fd890000000-7fd89058c000 rw-p 00000000 00:00 0 
7fd89058c000-7fd894000000 ---p 00000000 00:00 0 
7fd894000000-7fd894021000 rw-p 00000000 00:00 0 
7fd894021000-7fd898000000 ---p 00000000 00:00 0 
7fd898000000-7fd898021000 rw-p 00000000 00:00 0 
7fd898021000-7fd89c000000 ---p 00000000 00:00 0 
7fd89c000000-7fd89c021000 rw-p 00000000 00:00 0 
7fd89c021000-7fd8a0000000 ---p 00000000 00:00 0 
7fd8a0000000-7fd8a0021000 rw-p 00000000 00:00 0 
7fd8a0021000-7fd8a4000000 ---p 00000000 00:00 0 
7fd8a4000000-7fd8a4021000 rw-p 00000000 00:00 0 
7fd8a4021000-7fd8a8000000 ---p 00000000 00:00 0 
7fd8a8000000-7fd8a8021000 rw-p 00000000 00:00 0 
7fd8a8021000-7fd8ac000000 ---p 00000000 00:00 0 
7fd8ac000000-7fd8ae186000 rw-p 00000000 00:00 0 
7fd8ae186000-7fd8b0000000 ---p 00000000 00:00 0 
7fd8b0000000-7fd8b0a92000 rw-p 00000000 00:00 0 
7fd8b0a92000-7fd8b4000000 ---p 00000000 00:00 0 
7fd8b4000000-7fd8b54a8000 rw-p 00000000 00:00 0 
7fd8b54a8000-7fd8b8000000 ---p 00000000 00:00 0 
7fd8b8000000-7fd8b9dbd000 rw-p 00000000 00:00 0 
7fd8b9dbd000-7fd8bc000000 ---p 00000000 00:00 0 
7fd8bc000000-7fd8bc0b5000 rw-p 00000000 00:00 0 
7fd8bc0b5000-7fd8c0000000 ---p 00000000 00:00 0 
7fd8c0000000-7fd8c0021000 rw-p 00000000 00:00 0 
7fd8c0021000-7fd8c4000000 ---p 00000000 00:00 0 
7fd8c4000000-7fd8c402c000 rw-p 00000000 00:00 0 
7fd8c402c000-7fd8c8000000 ---p 00000000 00:00 0 
7fd8c8000000-7fd8c8001000 r--s 00001000 08:06 4198528                    /usr/local/development/dev-7-7/Ignition/IgnitionWebApp/target/ignition-webapp-7.7/WEB-INF/lib/fpmi-common-7.7.2-SNAPSHOT.jar
7fd8c8001000-7fd8c8003000 r--s 0000d000 08:06 2364941                    /usr/local/development/dev-7-7/Ignition/IgnitionWebApp/target/ignition-webapp-7.7/WEB-INF/lib/commons-logging-1.1.1.jar
7fd8c8003000-7fd8c8005000 r--s 0000e000 08:06 2364942                    /usr/local/development/dev-7-7/Ignition/IgnitionWebApp/target/ignition-webapp-7.7/WEB-INF/lib/commons-lang-1.0.jar
7fd8c8005000-7fd8c8008000 r--s 00025000 08:06 2364722                    /usr/local/development/dev-7-7/Ignition/IgnitionWebApp/target/ignition-webapp-7.7/WEB-INF/lib/commons-io-2.1.jar
7fd8c8008000-7fd8c800b000 r--s 0000f000 08:06 2364997                    /usr/local/development/dev-7-7/Ignition/IgnitionWebApp/target/ignition-webapp-7.7/WEB-INF/lib/commons-discovery-0.2.jar
7fd8c800b000-7fd8c800d000 r--s 0001c000 08:06 2364998                    /usr/local/development/dev-7-7/Ignition/IgnitionWebApp/target/ignition-webapp-7.7/WEB-INF/lib/commons-dbcp-1.2.2.jar
7fd8c800d000-7fd8c800f000 r--s 00006000 08:06 2364940                    /usr/local/development/dev-7-7/Ignition/IgnitionWebApp/target/ignition-webapp-7.7/WEB-INF/lib/commons-cli-1.0.jar
7fd8c800f000-7fd8c801c000 r--s 00084000 08:06 2365220                    /usr/local/development/dev-7-7/Ignition/IgnitionWebApp/target/ignition-webapp-7.7/WEB-INF/lib/comfyj-2.9.jar
7fd8c801c000-7fd8c8021000 r--s 00030000 08:06 4198529                    /usr/local/development/dev-7-7/Ignition/IgnitionWebApp/target/ignition-webapp-7.7/WEB-INF/lib/client-bootstrap-7.7.2-SNAPSHOT.jar
7fd8c8021000-7fd8c8047000 r--s 001be000 08:06 4198525                    /usr/local/development/dev-7-7/Ignition/IgnitionWebApp/target/ignition-webapp-7.7/WEB-INF/lib/client-api-7.7.2-SNAPSHOT.jar
7fd8c8047000-7fd8c8048000 r--s 00004000 08:06 4198527                    /usr/local/development/dev-7-7/Ignition/IgnitionWebApp/target/ignition-webapp-7.7/WEB-INF/lib/bootstrap-7.7.2-SNAPSHOT-classes.jar
7fd8c8048000-7fd8c8070000 r--s 00196000 08:06 2364727                    /usr/local/development/dev-7-7/Ignition/IgnitionWebApp/target/ignition-webapp-7.7/WEB-INF/lib/bcprov-jdk16-unsigned-1.46-unsigned.jar
7fd8c8070000-7fd8c8075000 r--s 0003e000 08:06 2364938                    /usr/local/development/dev-7-7/Ignition/IgnitionWebApp/target/ignition-webapp-7.7/WEB-INF/lib/barcode4j-2.1.jar
7fd8c8075000-7fd8c8078000 r--s 0001c000 08:06 2364996                    /usr/local/development/dev-7-7/Ignition/IgnitionWebApp/target/ignition-webapp-7.7/WEB-INF/lib/axis-wsdl4j-1.5.1.jar
7fd8c8078000-7fd8c8079000 r--s 00004000 08:06 2364995                    /usr/local/development/dev-7-7/Ignition/IgnitionWebApp/target/ignition-webapp-7.7/WEB-INF/lib/axis-saaj-1.4.jar
7fd8c8079000-7fd8c807b000 r--s 00006000 08:06 2364994                    /usr/local/development/dev-7-7/Ignition/IgnitionWebApp/target/ignition-webapp-7.7/WEB-INF/lib/axis-jaxrpc-1.4.jar
7fd8c807b000-7fd8c808f000 r--s 00173000 08:06 2364993                    /usr/local/development/dev-7-7/Ignition/IgnitionWebApp/target/ignition-webapp-7.7/WEB-INF/lib/axis-1.4.jar
7fd8c808f000-7fd8c8091000 r--s 0000d000 08:06 2364939                    /usr/local/development/dev-7-7/Ignition/IgnitionWebApp/target/ignition-webapp-7.7/WEB-INF/lib/avalon-framework-impl-4.2.0.jar
7fd8c8091000-7fd8c8099000 r--s 00049000 08:06 2365005                    /usr/local/development/dev-7-7/Ignition/IgnitionWebApp/target/ignition-webapp-7.7/WEB-INF/lib/alloy-1.4.4.ia1.jar
7fd8c8099000-7fd8c809f000 r--s 00032000 08:06 2365025                    /usr/local/development/dev-7-7/Ignition/IgnitionWebApp/target/ignition-webapp-7.7/WEB-INF/lib/alarm-notification-gateway-2.7.2-20141104.214111-19.jar
7fd8c809f000-7fd8c829f000 rw-p 00000000 00:00 0 
7fd8c829f000-7fd8c82a2000 ---p 00000000 00:00 0 
7fd8c82a2000-7fd8c83a0000 rw-p 00000000 00:00 0                          [stack:12911]
7fd8c83a0000-7fd8c83a3000 ---p 00000000 00:00 0 
7fd8c83a3000-7fd8c84a1000 rw-p 00000000 00:00 0                          [stack:12910]
7fd8c84a1000-7fd8c84a4000 ---p 00000000 00:00 0 
7fd8c84a4000-7fd8c85a2000 rw-p 00000000 00:00 0                          [stack:12909]
7fd8c85a2000-7fd8c85a5000 ---p 00000000 00:00 0 
7fd8c85a5000-7fd8c86a3000 rw-p 00000000 00:00 0                          [stack:12908]
7fd8c86a3000-7fd8c86a6000 ---p 00000000 00:00 0 
7fd8c86a6000-7fd8c87a4000 rw-p 00000000 00:00 0                          [stack:12907]
7fd8c87a4000-7fd8c87a7000 ---p 00000000 00:00 0 
7fd8c87a7000-7fd8c88a5000 rw-p 00000000 00:00 0                          [stack:12906]
7fd8c88a5000-7fd8c88bb000 r-xp 00000000 08:06 15602357                   /lib/x86_64-linux-gnu/libgcc_s.so.1
7fd8c88bb000-7fd8c8aba000 ---p 00016000 08:06 15602357                   /lib/x86_64-linux-gnu/libgcc_s.so.1
7fd8c8aba000-7fd8c8abb000 rw-p 00015000 08:06 15602357                   /lib/x86_64-linux-gnu/libgcc_s.so.1
7fd8c8abb000-7fd8c8aed000 r-xp 00000000 08:06 20582265                   /usr/lib/jvm/jdk1.8.0_20/jre/lib/amd64/libsunec.so
7fd8c8aed000-7fd8c8cec000 ---p 00032000 08:06 20582265                   /usr/lib/jvm/jdk1.8.0_20/jre/lib/amd64/libsunec.so
7fd8c8cec000-7fd8c8cf2000 rw-p 00031000 08:06 20582265                   /usr/lib/jvm/jdk1.8.0_20/jre/lib/amd64/libsunec.so
7fd8c8cf2000-7fd8c8f02000 rw-p 00000000 00:00 0 
7fd8c8f02000-7fd8c8f05000 ---p 00000000 00:00 0 
7fd8c8f05000-7fd8c9003000 rw-p 00000000 00:00 0                          [stack:12904]
7fd8c9003000-7fd8c9008000 r-xp 00000000 08:06 15211194                   /usr/lib/x86_64-linux-gnu/libXdmcp.so.6.0.0
7fd8c9008000-7fd8c9207000 ---p 00005000 08:06 15211194                   /usr/lib/x86_64-linux-gnu/libXdmcp.so.6.0.0
7fd8c9207000-7fd8c9208000 r--p 00004000 08:06 15211194                   /usr/lib/x86_64-linux-gnu/libXdmcp.so.6.0.0
7fd8c9208000-7fd8c9209000 rw-p 00005000 08:06 15211194                   /usr/lib/x86_64-linux-gnu/libXdmcp.so.6.0.0
7fd8c9209000-7fd8c920b000 r-xp 00000000 08:06 15211183                   /usr/lib/x86_64-linux-gnu/libXau.so.6.0.0
7fd8c920b000-7fd8c940b000 ---p 00002000 08:06 15211183                   /usr/lib/x86_64-linux-gnu/libXau.so.6.0.0
7fd8c940b000-7fd8c940c000 r--p 00002000 08:06 15211183                   /usr/lib/x86_64-linux-gnu/libXau.so.6.0.0
7fd8c940c000-7fd8c940d000 rw-p 00003000 08:06 15211183                   /usr/lib/x86_64-linux-gnu/libXau.so.6.0.0
7fd8c940d000-7fd8c942a000 r-xp 00000000 08:06 15212358                   /usr/lib/x86_64-linux-gnu/libxcb.so.1.1.0
7fd8c942a000-7fd8c962a000 ---p 0001d000 08:06 15212358                   /usr/lib/x86_64-linux-gnu/libxcb.so.1.1.0
7fd8c962a000-7fd8c962b000 r--p 0001d000 08:06 15212358                   /usr/lib/x86_64-linux-gnu/libxcb.so.1.1.0
7fd8c962b000-7fd8c962c000 rw-p 0001e000 08:06 15212358                   /usr/lib/x86_64-linux-gnu/libxcb.so.1.1.0
7fd8c962c000-7fd8c963b000 r-xp 00000000 08:06 15211204                   /usr/lib/x86_64-linux-gnu/libXi.so.6.1.0
7fd8c963b000-7fd8c983a000 ---p 0000f000 08:06 15211204                   /usr/lib/x86_64-linux-gnu/libXi.so.6.1.0
7fd8c983a000-7fd8c983b000 r--p 0000e000 08:06 15211204                   /usr/lib/x86_64-linux-gnu/libXi.so.6.1.0
7fd8c983b000-7fd8c983c000 rw-p 0000f000 08:06 15211204                   /usr/lib/x86_64-linux-gnu/libXi.so.6.1.0
7fd8c983c000-7fd8c9841000 r-xp 00000000 08:06 15211222                   /usr/lib/x86_64-linux-gnu/libXtst.so.6.1.0
7fd8c9841000-7fd8c9a40000 ---p 00005000 08:06 15211222                   /usr/lib/x86_64-linux-gnu/libXtst.so.6.1.0
7fd8c9a40000-7fd8c9a41000 r--p 00004000 08:06 15211222                   /usr/lib/x86_64-linux-gnu/libXtst.so.6.1.0
7fd8c9a41000-7fd8c9a42000 rw-p 00005000 08:06 15211222                   /usr/lib/x86_64-linux-gnu/libXtst.so.6.1.0
7fd8c9a42000-7fd8c9a4b000 r-xp 00000000 08:06 15211216                   /usr/lib/x86_64-linux-gnu/libXrender.so.1.3.0
7fd8c9a4b000-7fd8c9c4a000 ---p 00009000 08:06 15211216                   /usr/lib/x86_64-linux-gnu/libXrender.so.1.3.0
7fd8c9c4a000-7fd8c9c4b000 r--p 00008000 08:06 15211216                   /usr/lib/x86_64-linux-gnu/libXrender.so.1.3.0
7fd8c9c4b000-7fd8c9c4c000 rw-p 00009000 08:06 15211216                   /usr/lib/x86_64-linux-gnu/libXrender.so.1.3.0
7fd8c9c4c000-7fd8c9d7c000 r-xp 00000000 08:06 15211179                   /usr/lib/x86_64-linux-gnu/libX11.so.6.3.0
7fd8c9d7c000-7fd8c9f7c000 ---p 00130000 08:06 15211179                   /usr/lib/x86_64-linux-gnu/libX11.so.6.3.0
7fd8c9f7c000-7fd8c9f7d000 r--p 00130000 08:06 15211179                   /usr/lib/x86_64-linux-gnu/libX11.so.6.3.0
7fd8c9f7d000-7fd8c9f81000 rw-p 00131000 08:06 15211179                   /usr/lib/x86_64-linux-gnu/libX11.so.6.3.0
7fd8c9f81000-7fd8c9f92000 r-xp 00000000 08:06 15211196                   /usr/lib/x86_64-linux-gnu/libXext.so.6.4.0
7fd8c9f92000-7fd8ca191000 ---p 00011000 08:06 15211196                   /usr/lib/x86_64-linux-gnu/libXext.so.6.4.0
7fd8ca191000-7fd8ca192000 r--p 00010000 08:06 15211196                   /usr/lib/x86_64-linux-gnu/libXext.so.6.4.0
7fd8ca192000-7fd8ca193000 rw-p 00011000 08:06 15211196                   /usr/lib/x86_64-linux-gnu/libXext.so.6.4.0
7fd8ca193000-7fd8ca1e7000 r-xp 00000000 08:06 20582307                   /usr/lib/jvm/jdk1.8.0_20/jre/lib/amd64/libawt_xawt.so
7fd8ca1e7000-7fd8ca3e7000 ---p 00054000 08:06 20582307                   /usr/lib/jvm/jdk1.8.0_20/jre/lib/amd64/libawt_xawt.so
7fd8ca3e7000-7fd8ca3eb000 rw-p 00054000 08:06 20582307                   /usr/lib/jvm/jdk1.8.0_20/jre/lib/amd64/libawt_xawt.so
7fd8ca3eb000-7fd8ca3ec000 rw-p 00000000 00:00 0 
7fd8ca3ec000-7fd8ca48e000 r-xp 00000000 08:06 20582293                   /usr/lib/jvm/jdk1.8.0_20/jre/lib/amd64/libawt.so
7fd8ca48e000-7fd8ca68e000 ---p 000a2000 08:06 20582293                   /usr/lib/jvm/jdk1.8.0_20/jre/lib/amd64/libawt.so
7fd8ca68e000-7fd8ca69a000 rw-p 000a2000 08:06 20582293                   /usr/lib/jvm/jdk1.8.0_20/jre/lib/amd64/libawt.so
7fd8ca69a000-7fd8ca6be000 rw-p 00000000 00:00 0 
7fd8ca6be000-7fd8ca6c1000 ---p 00000000 00:00 0 
7fd8ca6c1000-7fd8ca7bf000 rw-p 00000000 00:00 0                          [stack:13020]
7fd8ca7bf000-7fd8ca7c2000 ---p 00000000 00:00 0 
7fd8ca7c2000-7fd8ca8c0000 rw-p 00000000 00:00 0                          [stack:12901]
7fd8ca8c0000-7fd8ca8c3000 ---p 00000000 00:00 0 
7fd8ca8c3000-7fd8ca9c1000 rw-p 00000000 00:00 0                          [stack:12980]
7fd8ca9c1000-7fd8ca9c4000 ---p 00000000 00:00 0 
7fd8ca9c4000-7fd8caac2000 rw-p 00000000 00:00 0                          [stack:12898]
7fd8caac2000-7fd8caac5000 ---p 00000000 00:00 0 
7fd8caac5000-7fd8cadc3000 rw-p 00000000 00:00 0                          [stack:12981]
7fd8cadc3000-7fd8cadc4000 ---p 00000000 00:00 0 
7fd8cadc4000-7fd8caec4000 rw-p 00000000 00:00 0                          [stack:12895]
7fd8caec4000-7fd8caec7000 ---p 00000000 00:00 0 
7fd8caec7000-7fd8cafc5000 rw-p 00000000 00:00 0                          [stack:12894]
7fd8cafc5000-7fd8cafc8000 ---p 00000000 00:00 0 
7fd8cafc8000-7fd8cb0c6000 rw-p 00000000 00:00 0                          [stack:12893]
7fd8cb0c6000-7fd8cb0c9000 ---p 00000000 00:00 0 
7fd8cb0c9000-7fd8cb1c7000 rw-p 00000000 00:00 0                          [stack:12892]
7fd8cb1c7000-7fd8cb1d8000 r-xp 00000000 08:06 20582303                   /usr/lib/jvm/jdk1.8.0_20/jre/lib/amd64/libnio.so
7fd8cb1d8000-7fd8cb3d7000 ---p 00011000 08:06 20582303                   /usr/lib/jvm/jdk1.8.0_20/jre/lib/amd64/libnio.so
7fd8cb3d7000-7fd8cb3d8000 rw-p 00010000 08:06 20582303                   /usr/lib/jvm/jdk1.8.0_20/jre/lib/amd64/libnio.so
7fd8cb3d8000-7fd8cb3ee000 r-xp 00000000 08:06 20582300                   /usr/lib/jvm/jdk1.8.0_20/jre/lib/amd64/libnet.so
7fd8cb3ee000-7fd8cb5ee000 ---p 00016000 08:06 20582300                   /usr/lib/jvm/jdk1.8.0_20/jre/lib/amd64/libnet.so
7fd8cb5ee000-7fd8cb5ef000 rw-p 00016000 08:06 20582300                   /usr/lib/jvm/jdk1.8.0_20/jre/lib/amd64/libnet.so
7fd8cb5ef000-7fd8cb5f7000 r-xp 00000000 08:06 20582308                   /usr/lib/jvm/jdk1.8.0_20/jre/lib/amd64/libmanagement.so
7fd8cb5f7000-7fd8cb7f7000 ---p 00008000 08:06 20582308                   /usr/lib/jvm/jdk1.8.0_20/jre/lib/amd64/libmanagement.so
7fd8cb7f7000-7fd8cb7f8000 rw-p 00008000 08:06 20582308                   /usr/lib/jvm/jdk1.8.0_20/jre/lib/amd64/libmanagement.so
7fd8cb7f8000-7fd8cb7fb000 ---p 00000000 00:00 0 
7fd8cb7fb000-7fd8cb8f9000 rw-p 00000000 00:00 0                          [stack:12891]
7fd8cb8f9000-7fd8cb8fc000 ---p 00000000 00:00 0 
7fd8cb8fc000-7fd8cb9fa000 rw-p 00000000 00:00 0                          [stack:12890]
7fd8cb9fa000-7fd8cb9fd000 ---p 00000000 00:00 0 
7fd8cb9fd000-7fd8cbafb000 rw-p 00000000 00:00 0                          [stack:12889]
7fd8cbafb000-7fd8cbafe000 ---p 00000000 00:00 0 
7fd8cbafe000-7fd8cbbfc000 rw-p 00000000 00:00 0                          [stack:12888]
7fd8cbbfc000-7fd8cbbff000 ---p 00000000 00:00 0 
7fd8cbbff000-7fd8cbcfd000 rw-p 00000000 00:00 0                          [stack:12887]
7fd8cbcfd000-7fd8cbd00000 ---p 00000000 00:00 0 
7fd8cbd00000-7fd8cbdfe000 rw-p 00000000 00:00 0 
7fd8cbdfe000-7fd8cbe01000 ---p 00000000 00:00 0 
7fd8cbe01000-7fd8cbeff000 rw-p 00000000 00:00 0                          [stack:12884]
7fd8cbeff000-7fd8cbf02000 ---p 00000000 00:00 0 
7fd8cbf02000-7fd8cc000000 rw-p 00000000 00:00 0 
7fd8cc000000-7fd8cc021000 rw-p 00000000 00:00 0 
7fd8cc021000-7fd8d0000000 ---p 00000000 00:00 0 
7fd8d0000000-7fd8d0021000 rw-p 00000000 00:00 0 
7fd8d0021000-7fd8d4000000 ---p 00000000 00:00 0 
7fd8d4000000-7fd8d4021000 rw-p 00000000 00:00 0 
7fd8d4021000-7fd8d8000000 ---p 00000000 00:00 0 
7fd8d8000000-7fd8d8002000 r--s 00003000 08:06 2365026                    /usr/local/development/dev-7-7/Ignition/IgnitionWebApp/target/ignition-webapp-7.7/WEB-INF/lib/alarm-notification-gateway-api-2.7.2-20141104.214105-19.jar
7fd8d8002000-7fd8d8004000 r--s 00004000 08:06 2365027                    /usr/local/development/dev-7-7/Ignition/IgnitionWebApp/target/ignition-webapp-7.7/WEB-INF/lib/alarm-notification-common-2.7.2-20141104.214053-19.jar
7fd8d8004000-7fd8d800e000 r--s 00036000 08:06 2365203                    /usr/local/development/dev-7-7/Ignition/IgnitionWebApp/target/ignition-webapp-7.7/WEB-INF/lib/airlink-sms-notification-2.7.2-20141104.214125-19.jar
7fd8d800e000-7fd8d8010000 r--s 0000d000 08:06 2365001                    /usr/local/development/dev-7-7/Ignition/IgnitionWebApp/target/ignition-webapp-7.7/WEB-INF/lib/activation-ws-1.0.0.jar
7fd8d8010000-7fd8d8012000 r--s 0000e000 08:06 2364952                    /usr/local/development/dev-7-7/Ignition/IgnitionWebApp/target/ignition-webapp-7.7/WEB-INF/lib/activation-1.1.jar
7fd8d8012000-7fd8d801b000 r--s 00069000 08:06 2365223                    /usr/local/development/dev-7-7/Ignition/IgnitionWebApp/target/ignition-webapp-7.7/WEB-INF/lib/ab-drivers-1.7.0-20131026.004154-8.jar
7fd8d801b000-7fd8d8020000 r--s 0003c000 08:06 2364992                    /usr/local/development/dev-7-7/Ignition/IgnitionWebApp/target/ignition-webapp-7.7/WEB-INF/lib/FastInfoset-1.0.2.jar
7fd8d8020000-7fd8d8025000 r--s 002f8000 08:06 20582247                   /usr/lib/jvm/jdk1.8.0_20/jre/lib/charsets.jar
7fd8d8025000-7fd8d802a000 r--s 0003f000 08:06 1185790                    /usr/lib/jvm/jdk1.8.0_20/jre/lib/ext/sunjce_provider.jar
7fd8d802a000-7fd8d802d000 r--s 0003a000 08:06 1185787                    /usr/lib/jvm/jdk1.8.0_20/jre/lib/ext/sunpkcs11.jar
7fd8d802d000-7fd8d802f000 r--s 0001a000 08:06 20582317                   /usr/lib/jvm/jdk1.8.0_20/jre/lib/jce.jar
7fd8d802f000-7fd8d804b000 r--s 00393000 08:06 1185783                    /usr/lib/jvm/jdk1.8.0_20/jre/lib/ext/cldrdata.jar
7fd8d804b000-7fd8d804f000 r-xp 00000000 08:06 20582275                   /usr/lib/jvm/jdk1.8.0_20/jre/lib/amd64/libdt_socket.so
7fd8d804f000-7fd8d824e000 ---p 00004000 08:06 20582275                   /usr/lib/jvm/jdk1.8.0_20/jre/lib/amd64/libdt_socket.so
7fd8d824e000-7fd8d824f000 rw-p 00003000 08:06 20582275                   /usr/lib/jvm/jdk1.8.0_20/jre/lib/amd64/libdt_socket.so
7fd8d824f000-7fd8d8252000 ---p 00000000 00:00 0 
7fd8d8252000-7fd8e0000000 rw-p 00000000 00:00 0                          [stack:12881]
7fd8e0000000-7fd8e0021000 rw-p 00000000 00:00 0 
7fd8e0021000-7fd8e4000000 ---p 00000000 00:00 0 
7fd8e4000000-7fd8e4112000 rw-p 00000000 00:00 0 
7fd8e4112000-7fd8e8000000 ---p 00000000 00:00 0 
7fd8e8000000-7fd8e8021000 rw-p 00000000 00:00 0 
7fd8e8021000-7fd8ec000000 ---p 00000000 00:00 0 
7fd8ec000000-7fd8ec021000 rw-p 00000000 00:00 0 
7fd8ec021000-7fd8f0000000 ---p 00000000 00:00 0 
7fd8f0000000-7fd8f0021000 rw-p 00000000 00:00 0 
7fd8f0021000-7fd8f4000000 ---p 00000000 00:00 0 
7fd8f4000000-7fd8f4021000 rw-p 00000000 00:00 0 
7fd8f4021000-7fd8f8000000 ---p 00000000 00:00 0 
7fd8f8000000-7fd8f8021000 rw-p 00000000 00:00 0 
7fd8f8021000-7fd8fc000000 ---p 00000000 00:00 0 
7fd8fc000000-7fd8fc021000 rw-p 00000000 00:00 0 
7fd8fc021000-7fd900000000 ---p 00000000 00:00 0 
7fd900000000-7fd900021000 rw-p 00000000 00:00 0 
7fd900021000-7fd904000000 ---p 00000000 00:00 0 
7fd904000000-7fd90400a000 r--s 00116000 08:06 1185789                    /usr/lib/jvm/jdk1.8.0_20/jre/lib/ext/localedata.jar
7fd90400a000-7fd90400d000 r--s 0000f000 08:06 19532219                   /usr/local/development/dev-7-6/Ignition/Servers/apache-tomcat-6.0.36/lib/tomcat-i18n-es.jar
7fd90400d000-7fd90400f000 r--s 0000b000 08:06 19532220                   /usr/local/development/dev-7-6/Ignition/Servers/apache-tomcat-6.0.36/lib/tomcat-i18n-fr.jar
7fd90400f000-7fd904013000 r--s 0003a000 08:06 19532218                   /usr/local/development/dev-7-6/Ignition/Servers/apache-tomcat-6.0.36/lib/tomcat-dbcp.jar
7fd904013000-7fd904023000 r--s 0019c000 08:06 19532210                   /usr/local/development/dev-7-6/Ignition/Servers/apache-tomcat-6.0.36/lib/ecj-3.7.2.jar
7fd904023000-7fd90402a000 r--s 000c7000 08:06 19532215                   /usr/local/development/dev-7-6/Ignition/Servers/apache-tomcat-6.0.36/lib/mysql-connector-java-5.1.23-bin.jar
7fd90402a000-7fd90403a000 r--s 00120000 08:06 19532209                   /usr/local/development/dev-7-6/Ignition/Servers/apache-tomcat-6.0.36/lib/catalina.jar
7fd90403a000-7fd90403d000 r--s 0001e000 08:06 19532207                   /usr/local/development/dev-7-6/Ignition/Servers/apache-tomcat-6.0.36/lib/catalina-ha.jar
7fd90403d000-7fd904041000 r--s 00036000 08:06 19532208                   /usr/local/development/dev-7-6/Ignition/Servers/apache-tomcat-6.0.36/lib/catalina-tribes.jar
7fd904041000-7fd90404b000 r--s 000b3000 08:06 19532217                   /usr/local/development/dev-7-6/Ignition/Servers/apache-tomcat-6.0.36/lib/tomcat-coyote.jar
7fd90404b000-7fd90407c000 rw-p 00000000 00:00 0 
7fd90407c000-7fd90407f000 ---p 00000000 00:00 0 
7fd90407f000-7fd90417d000 rw-p 00000000 00:00 0                          [stack:12880]
7fd90417d000-7fd904180000 ---p 00000000 00:00 0 
7fd904180000-7fd90427e000 rw-p 00000000 00:00 0                          [stack:12879]
7fd90427e000-7fd90427f000 ---p 00000000 00:00 0 
7fd90427f000-7fd905ff1000 rw-p 00000000 00:00 0                          [stack:12878]
7fd905ff1000-7fd9061c6000 r--s 03ca3000 08:06 20582249                   /usr/lib/jvm/jdk1.8.0_20/jre/lib/rt.jar
7fd9061c6000-7fd907207000 rw-p 00000000 00:00 0 
7fd907207000-7fd907208000 ---p 00000000 00:00 0 
7fd907208000-7fd907308000 rw-p 00000000 00:00 0                          [stack:12877]
7fd907308000-7fd907309000 ---p 00000000 00:00 0 
7fd907309000-7fd907409000 rw-p 00000000 00:00 0                          [stack:12876]
7fd907409000-7fd90740a000 ---p 00000000 00:00 0 
7fd90740a000-7fd90750a000 rw-p 00000000 00:00 0                          [stack:12875]
7fd90750a000-7fd90750b000 ---p 00000000 00:00 0 
7fd90750b000-7fd90760b000 rw-p 00000000 00:00 0                          [stack:12874]
7fd90760b000-7fd90760c000 ---p 00000000 00:00 0 
7fd90760c000-7fd90770c000 rw-p 00000000 00:00 0                          [stack:12873]
7fd90770c000-7fd90770d000 ---p 00000000 00:00 0 
7fd90770d000-7fd90780d000 rw-p 00000000 00:00 0                          [stack:12872]
7fd90780d000-7fd90780e000 ---p 00000000 00:00 0 
7fd90780e000-7fd907962000 rw-p 00000000 00:00 0                          [stack:12871]
7fd907962000-7fd907e40000 ---p 00000000 00:00 0 
7fd907e40000-7fd907e94000 rw-p 00000000 00:00 0 
7fd907e94000-7fd908372000 ---p 00000000 00:00 0 
7fd908372000-7fd908443000 rw-p 00000000 00:00 0 
7fd908443000-7fd90860b000 ---p 00000000 00:00 0 
7fd90860b000-7fd908655000 rw-p 00000000 00:00 0 
7fd908655000-7fd9089cc000 ---p 00000000 00:00 0 
7fd9089cc000-7fd909c0c000 rwxp 00000000 00:00 0 
7fd909c0c000-7fd9179cc000 ---p 00000000 00:00 0 
7fd9179cc000-7fd9179e8000 r-xp 00000000 08:06 20582296                   /usr/lib/jvm/jdk1.8.0_20/jre/lib/amd64/libzip.so
7fd9179e8000-7fd917be7000 ---p 0001c000 08:06 20582296                   /usr/lib/jvm/jdk1.8.0_20/jre/lib/amd64/libzip.so
7fd917be7000-7fd917be8000 rw-p 0001b000 08:06 20582296                   /usr/lib/jvm/jdk1.8.0_20/jre/lib/amd64/libzip.so
7fd917be8000-7fd917bf3000 r-xp 00000000 08:06 15602342                   /lib/x86_64-linux-gnu/libnss_files-2.19.so
7fd917bf3000-7fd917df2000 ---p 0000b000 08:06 15602342                   /lib/x86_64-linux-gnu/libnss_files-2.19.so
7fd917df2000-7fd917df3000 r--p 0000a000 08:06 15602342                   /lib/x86_64-linux-gnu/libnss_files-2.19.so
7fd917df3000-7fd917df4000 rw-p 0000b000 08:06 15602342                   /lib/x86_64-linux-gnu/libnss_files-2.19.so
7fd917df4000-7fd917dff000 r-xp 00000000 08:06 15602345                   /lib/x86_64-linux-gnu/libnss_nis-2.19.so
7fd917dff000-7fd917ffe000 ---p 0000b000 08:06 15602345                   /lib/x86_64-linux-gnu/libnss_nis-2.19.so
7fd917ffe000-7fd917fff000 r--p 0000a000 08:06 15602345                   /lib/x86_64-linux-gnu/libnss_nis-2.19.so
7fd917fff000-7fd918000000 rw-p 0000b000 08:06 15602345                   /lib/x86_64-linux-gnu/libnss_nis-2.19.so
7fd918000000-7fd9187d6000 rw-p 00000000 00:00 0 
7fd9187d6000-7fd91c000000 ---p 00000000 00:00 0 
7fd91c000000-7fd91c001000 r--s 00009000 08:06 1185781                    /usr/lib/jvm/jdk1.8.0_20/jre/lib/ext/sunec.jar
7fd91c001000-7fd91c008000 r--s 0007a000 08:06 19532213                   /usr/local/development/dev-7-6/Ignition/Servers/apache-tomcat-6.0.36/lib/jasper.jar
7fd91c008000-7fd91c029000 rw-p 00000000 00:00 0 
7fd91c029000-7fd91c02a000 ---p 00000000 00:00 0 
7fd91c02a000-7fd91c12a000 rw-p 00000000 00:00 0                          [stack:12870]
7fd91c12a000-7fd91c141000 r-xp 00000000 08:06 15602152                   /lib/x86_64-linux-gnu/libnsl-2.19.so
7fd91c141000-7fd91c340000 ---p 00017000 08:06 15602152                   /lib/x86_64-linux-gnu/libnsl-2.19.so
7fd91c340000-7fd91c341000 r--p 00016000 08:06 15602152                   /lib/x86_64-linux-gnu/libnsl-2.19.so
7fd91c341000-7fd91c342000 rw-p 00017000 08:06 15602152                   /lib/x86_64-linux-gnu/libnsl-2.19.so
7fd91c342000-7fd91c344000 rw-p 00000000 00:00 0 
7fd91c344000-7fd91c34d000 r-xp 00000000 08:06 15601662                   /lib/x86_64-linux-gnu/libnss_compat-2.19.so
7fd91c34d000-7fd91c54c000 ---p 00009000 08:06 15601662                   /lib/x86_64-linux-gnu/libnss_compat-2.19.so
7fd91c54c000-7fd91c54d000 r--p 00008000 08:06 15601662                   /lib/x86_64-linux-gnu/libnss_compat-2.19.so
7fd91c54d000-7fd91c54e000 rw-p 00009000 08:06 15601662                   /lib/x86_64-linux-gnu/libnss_compat-2.19.so
7fd91c54e000-7fd91c817000 r--p 00000000 08:06 15209877                   /usr/lib/locale/locale-archive
7fd91c817000-7fd91c819000 r-xp 00000000 08:06 20582276                   /usr/lib/jvm/jdk1.8.0_20/jre/lib/amd64/libnpt.so
7fd91c819000-7fd91ca19000 ---p 00002000 08:06 20582276                   /usr/lib/jvm/jdk1.8.0_20/jre/lib/amd64/libnpt.so
7fd91ca19000-7fd91ca1a000 rw-p 00002000 08:06 20582276                   /usr/lib/jvm/jdk1.8.0_20/jre/lib/amd64/libnpt.so
7fd91ca1a000-7fd91ca53000 r-xp 00000000 08:06 20582287                   /usr/lib/jvm/jdk1.8.0_20/jre/lib/amd64/libjdwp.so
7fd91ca53000-7fd91cc52000 ---p 00039000 08:06 20582287                   /usr/lib/jvm/jdk1.8.0_20/jre/lib/amd64/libjdwp.so
7fd91cc52000-7fd91cc54000 rw-p 00038000 08:06 20582287                   /usr/lib/jvm/jdk1.8.0_20/jre/lib/amd64/libjdwp.so
7fd91cc54000-7fd91cc7e000 r-xp 00000000 08:06 20582291                   /usr/lib/jvm/jdk1.8.0_20/jre/lib/amd64/libjava.so
7fd91cc7e000-7fd91ce7e000 ---p 0002a000 08:06 20582291                   /usr/lib/jvm/jdk1.8.0_20/jre/lib/amd64/libjava.so
7fd91ce7e000-7fd91ce80000 rw-p 0002a000 08:06 20582291                   /usr/lib/jvm/jdk1.8.0_20/jre/lib/amd64/libjava.so
7fd91ce80000-7fd91ce8d000 r-xp 00000000 08:06 20582295                   /usr/lib/jvm/jdk1.8.0_20/jre/lib/amd64/libverify.so
7fd91ce8d000-7fd91d08d000 ---p 0000d000 08:06 20582295                   /usr/lib/jvm/jdk1.8.0_20/jre/lib/amd64/libverify.so
7fd91d08d000-7fd91d08f000 rw-p 0000d000 08:06 20582295                   /usr/lib/jvm/jdk1.8.0_20/jre/lib/amd64/libverify.so
7fd91d08f000-7fd91d096000 r-xp 00000000 08:06 15602320                   /lib/x86_64-linux-gnu/librt-2.19.so
7fd91d096000-7fd91d295000 ---p 00007000 08:06 15602320                   /lib/x86_64-linux-gnu/librt-2.19.so
7fd91d295000-7fd91d296000 r--p 00006000 08:06 15602320                   /lib/x86_64-linux-gnu/librt-2.19.so
7fd91d296000-7fd91d297000 rw-p 00007000 08:06 15602320                   /lib/x86_64-linux-gnu/librt-2.19.so
7fd91d297000-7fd91d39c000 r-xp 00000000 08:06 15602334                   /lib/x86_64-linux-gnu/libm-2.19.so
7fd91d39c000-7fd91d59b000 ---p 00105000 08:06 15602334                   /lib/x86_64-linux-gnu/libm-2.19.so
7fd91d59b000-7fd91d59c000 r--p 00104000 08:06 15602334                   /lib/x86_64-linux-gnu/libm-2.19.so
7fd91d59c000-7fd91d59d000 rw-p 00105000 08:06 15602334                   /lib/x86_64-linux-gnu/libm-2.19.so
7fd91d59d000-7fd91e207000 r-xp 00000000 08:06 20845908                   /usr/lib/jvm/jdk1.8.0_20/jre/lib/amd64/server/libjvm.so
7fd91e207000-7fd91e407000 ---p 00c6a000 08:06 20845908                   /usr/lib/jvm/jdk1.8.0_20/jre/lib/amd64/server/libjvm.so
7fd91e407000-7fd91e4dd000 rw-p 00c6a000 08:06 20845908                   /usr/lib/jvm/jdk1.8.0_20/jre/lib/amd64/server/libjvm.so
7fd91e4dd000-7fd91e51f000 rw-p 00000000 00:00 0 
7fd91e51f000-7fd91e6da000 r-xp 00000000 08:06 15602328                   /lib/x86_64-linux-gnu/libc-2.19.so
7fd91e6da000-7fd91e8da000 ---p 001bb000 08:06 15602328                   /lib/x86_64-linux-gnu/libc-2.19.so
7fd91e8da000-7fd91e8de000 r--p 001bb000 08:06 15602328                   /lib/x86_64-linux-gnu/libc-2.19.so
7fd91e8de000-7fd91e8e0000 rw-p 001bf000 08:06 15602328                   /lib/x86_64-linux-gnu/libc-2.19.so
7fd91e8e0000-7fd91e8e5000 rw-p 00000000 00:00 0 
7fd91e8e5000-7fd91e8e8000 r-xp 00000000 08:06 15602352                   /lib/x86_64-linux-gnu/libdl-2.19.so
7fd91e8e8000-7fd91eae7000 ---p 00003000 08:06 15602352                   /lib/x86_64-linux-gnu/libdl-2.19.so
7fd91eae7000-7fd91eae8000 r--p 00002000 08:06 15602352                   /lib/x86_64-linux-gnu/libdl-2.19.so
7fd91eae8000-7fd91eae9000 rw-p 00003000 08:06 15602352                   /lib/x86_64-linux-gnu/libdl-2.19.so
7fd91eae9000-7fd91eb00000 r-xp 00000000 08:06 20061287                   /usr/lib/jvm/jdk1.8.0_20/lib/amd64/jli/libjli.so
7fd91eb00000-7fd91ecff000 ---p 00017000 08:06 20061287                   /usr/lib/jvm/jdk1.8.0_20/lib/amd64/jli/libjli.so
7fd91ecff000-7fd91ed00000 rw-p 00016000 08:06 20061287                   /usr/lib/jvm/jdk1.8.0_20/lib/amd64/jli/libjli.so
7fd91ed00000-7fd91ed19000 r-xp 00000000 08:06 15602353                   /lib/x86_64-linux-gnu/libpthread-2.19.so
7fd91ed19000-7fd91ef18000 ---p 00019000 08:06 15602353                   /lib/x86_64-linux-gnu/libpthread-2.19.so
7fd91ef18000-7fd91ef19000 r--p 00018000 08:06 15602353                   /lib/x86_64-linux-gnu/libpthread-2.19.so
7fd91ef19000-7fd91ef1a000 rw-p 00019000 08:06 15602353                   /lib/x86_64-linux-gnu/libpthread-2.19.so
7fd91ef1a000-7fd91ef1e000 rw-p 00000000 00:00 0 
7fd91ef1e000-7fd91ef41000 r-xp 00000000 08:06 15602330                   /lib/x86_64-linux-gnu/ld-2.19.so
7fd91ef41000-7fd91ef43000 r--s 0000c000 08:06 19532221                   /usr/local/development/dev-7-6/Ignition/Servers/apache-tomcat-6.0.36/lib/tomcat-i18n-ja.jar
7fd91ef43000-7fd91ef45000 r--s 00011000 08:06 19532214                   /usr/local/development/dev-7-6/Ignition/Servers/apache-tomcat-6.0.36/lib/jsp-api.jar
7fd91ef45000-7fd91ef47000 r--s 00014000 08:06 19532216                   /usr/local/development/dev-7-6/Ignition/Servers/apache-tomcat-6.0.36/lib/servlet-api.jar
7fd91ef47000-7fd91ef49000 r--s 0000c000 08:06 19532206                   /usr/local/development/dev-7-6/Ignition/Servers/apache-tomcat-6.0.36/lib/catalina-ant.jar
7fd91ef49000-7fd91f01a000 rw-p 00000000 00:00 0 
7fd91f01a000-7fd91f01d000 ---p 00000000 00:00 0 
7fd91f01d000-7fd91f11f000 rw-p 00000000 00:00 0                          [stack:12869]
7fd91f11f000-7fd91f121000 r--s 00007000 08:06 19532211                   /usr/local/development/dev-7-6/Ignition/Servers/apache-tomcat-6.0.36/lib/el-api.jar
7fd91f121000-7fd91f122000 r--s 00003000 08:06 19532205                   /usr/local/development/dev-7-6/Ignition/Servers/apache-tomcat-6.0.36/lib/annotations-api.jar
7fd91f122000-7fd91f125000 r--s 00019000 08:06 19532212                   /usr/local/development/dev-7-6/Ignition/Servers/apache-tomcat-6.0.36/lib/jasper-el.jar
7fd91f125000-7fd91f12a000 r--s 00092000 08:06 20582254                   /usr/lib/jvm/jdk1.8.0_20/jre/lib/jsse.jar
7fd91f12a000-7fd91f12b000 r--s 00007000 08:06 19533431                   /usr/local/development/dev-7-6/Ignition/Servers/apache-tomcat-6.0.36/bin/tomcat-juli.jar
7fd91f12b000-7fd91f12c000 r--s 00005000 08:06 19533430                   /usr/local/development/dev-7-6/Ignition/Servers/apache-tomcat-6.0.36/bin/commons-daemon.jar
7fd91f12c000-7fd91f12d000 r--s 00005000 08:06 19533429                   /usr/local/development/dev-7-6/Ignition/Servers/apache-tomcat-6.0.36/bin/bootstrap.jar
7fd91f12d000-7fd91f134000 r--s 000c7000 08:06 1179649                    /usr/lib/jvm/jdk1.8.0_20/jre/lib/ext/mysql-connector-java-5.1.23-bin.jar
7fd91f134000-7fd91f13c000 rw-s 00000000 08:06 6164360                    /tmp/hsperfdata_mattg/12864
7fd91f13c000-7fd91f13d000 rw-p 00000000 00:00 0 
7fd91f13d000-7fd91f13e000 r--p 00000000 00:00 0 
7fd91f13e000-7fd91f140000 rw-p 00000000 00:00 0 
7fd91f140000-7fd91f141000 r--p 00022000 08:06 15602330                   /lib/x86_64-linux-gnu/ld-2.19.so
7fd91f141000-7fd91f142000 rw-p 00023000 08:06 15602330                   /lib/x86_64-linux-gnu/ld-2.19.so
7fd91f142000-7fd91f143000 rw-p 00000000 00:00 0 
7fff01b1b000-7fff01b3c000 rw-p 00000000 00:00 0                          [stack]
7fff01bc5000-7fff01bc7000 r-xp 00000000 00:00 0                          [vdso]
ffffffffff600000-ffffffffff601000 r-xp 00000000 00:00 0                  [vsyscall]

VM Arguments:
jvm_args: -Djava.util.logging.config.file=/home/mattg/.IntelliJIdea13/system/tomcat/Unnamed_77-Ignition/conf/logging.properties -Xdebug -Xrunjdwp:transport=dt_socket,address=127.0.0.1:51670,suspend=y,server=n -Dcom.sun.management.jmxremote= -Dcom.sun.management.jmxremote.port=1099 -Dcom.sun.management.jmxremote.ssl=false -Dcom.sun.management.jmxremote.authenticate=false -Djava.rmi.server.hostname=127.0.0.1 -Djava.util.logging.manager=org.apache.juli.ClassLoaderLogManager -Djava.endorsed.dirs=/usr/local/development/dev-7-6/Ignition/Servers/apache-tomcat-6.0.36/endorsed -Dcatalina.base=/home/mattg/.IntelliJIdea13/system/tomcat/Unnamed_77-Ignition -Dcatalina.home=/usr/local/development/dev-7-6/Ignition/Servers/apache-tomcat-6.0.36 -Djava.io.tmpdir=/usr/local/development/dev-7-6/Ignition/Servers/apache-tomcat-6.0.36/temp 
java_command: org.apache.catalina.startup.Bootstrap start
java_class_path (initial): /usr/local/development/dev-7-6/Ignition/Servers/apache-tomcat-6.0.36/bin/bootstrap.jar
Launcher Type: SUN_STANDARD

Environment Variables:
JAVA_HOME=/usr/lib/jvm/jdk1.8.0_20
CLASSPATH=/usr/local/development/dev-7-6/Ignition/Servers/apache-tomcat-6.0.36/bin/bootstrap.jar
PATH=/usr/local/sbin:/usr/local/bin:/usr/sbin:/usr/bin:/sbin:/bin:/usr/games:/usr/local/games:/usr/local/development/gradle-1.12/bin
USERNAME=mattg
LD_LIBRARY_PATH=/usr/local/development/idea-IU-135.909/bin:
SHELL=/bin/bash
DISPLAY=:0

Signal Handlers:
SIGSEGV: [libjvm.so+0xa76cd0], sa_mask[0]=11111111011111111101111111111110, sa_flags=SA_RESTART|SA_SIGINFO
SIGBUS: [libjvm.so+0xa76cd0], sa_mask[0]=11111111011111111101111111111110, sa_flags=SA_RESTART|SA_SIGINFO
SIGFPE: [libjvm.so+0x8e0d80], sa_mask[0]=11111111011111111101111111111110, sa_flags=SA_RESTART|SA_SIGINFO
SIGPIPE: [libjvm.so+0x8e0d80], sa_mask[0]=11111111011111111101111111111110, sa_flags=SA_RESTART|SA_SIGINFO
SIGXFSZ: [libjvm.so+0x8e0d80], sa_mask[0]=11111111011111111101111111111110, sa_flags=SA_RESTART|SA_SIGINFO
SIGILL: [libjvm.so+0x8e0d80], sa_mask[0]=11111111011111111101111111111110, sa_flags=SA_RESTART|SA_SIGINFO
SIGUSR1: SIG_DFL, sa_mask[0]=00000000000000000000000000000000, sa_flags=none
SIGUSR2: [libjvm.so+0x8e25b0], sa_mask[0]=00100000000000000000000000000000, sa_flags=SA_RESTART|SA_SIGINFO
SIGHUP: [libjvm.so+0x8e3970], sa_mask[0]=11111111011111111101111111111110, sa_flags=SA_RESTART|SA_SIGINFO
SIGINT: [libjvm.so+0x8e3970], sa_mask[0]=11111111011111111101111111111110, sa_flags=SA_RESTART|SA_SIGINFO
SIGTERM: [libjvm.so+0x8e3970], sa_mask[0]=11111111011111111101111111111110, sa_flags=SA_RESTART|SA_SIGINFO
SIGQUIT: [libjvm.so+0x8e3970], sa_mask[0]=11111111011111111101111111111110, sa_flags=SA_RESTART|SA_SIGINFO


---------------  S Y S T E M  ---------------

OS:DISTRIB_ID=LinuxMint
DISTRIB_RELEASE=17
DISTRIB_CODENAME=qiana
DISTRIB_DESCRIPTION="Linux Mint 17 Qiana"

uname:Linux 3.13.0-24-generic #46-Ubuntu SMP Thu Apr 10 19:11:08 UTC 2014 x86_64
libc:glibc 2.19 NPTL 2.19 
rlimit: STACK 8192k, CORE 0k, NPROC 127375, NOFILE 4096, AS infinity
load average:0.80 0.95 1.00

/proc/meminfo:
MemTotal:       16335088 kB
MemFree:         8427724 kB
Buffers:          369632 kB
Cached:          3284500 kB
SwapCached:            0 kB
Active:          5101728 kB
Inactive:        2319636 kB
Active(anon):    3774004 kB
Inactive(anon):   574784 kB
Active(file):    1327724 kB
Inactive(file):  1744852 kB
Unevictable:        1488 kB
Mlocked:            1488 kB
SwapTotal:      16676860 kB
SwapFree:       16676860 kB
Dirty:              6612 kB
Writeback:            12 kB
AnonPages:       3768820 kB
Mapped:           475860 kB
Shmem:            581556 kB
Slab:             277276 kB
SReclaimable:     228292 kB
SUnreclaim:        48984 kB
KernelStack:        6256 kB
PageTables:        49316 kB
NFS_Unstable:          0 kB
Bounce:                0 kB
WritebackTmp:          0 kB
CommitLimit:    24844404 kB
Committed_AS:    8286496 kB
VmallocTotal:   34359738367 kB
VmallocUsed:      444884 kB
VmallocChunk:   34359289148 kB
HardwareCorrupted:     0 kB
AnonHugePages:   2410496 kB
HugePages_Total:       0
HugePages_Free:        0
HugePages_Rsvd:        0
HugePages_Surp:        0
Hugepagesize:       2048 kB
DirectMap4k:       97736 kB
DirectMap2M:     2949120 kB
DirectMap1G:    13631488 kB


CPU:total 8 (4 cores per cpu, 2 threads per core) family 6 model 60 stepping 3, cmov, cx8, fxsr, mmx, sse, sse2, sse3, ssse3, sse4.1, sse4.2, popcnt, avx, avx2, aes, clmul, erms, lzcnt, ht, tsc, tscinvbit, bmi1, bmi2

/proc/cpuinfo:
processor	: 0
vendor_id	: GenuineIntel
cpu family	: 6
model		: 60
model name	: Intel(R) Core(TM) i7-4702HQ CPU @ 2.20GHz
stepping	: 3
microcode	: 0x17
cpu MHz		: 2201.000
cache size	: 6144 KB
physical id	: 0
siblings	: 8
core id		: 0
cpu cores	: 4
apicid		: 0
initial apicid	: 0
fpu		: yes
fpu_exception	: yes
cpuid level	: 13
wp		: yes
flags		: fpu vme de pse tsc msr pae mce cx8 apic sep mtrr pge mca cmov pat pse36 clflush dts acpi mmx fxsr sse sse2 ss ht tm pbe syscall nx pdpe1gb rdtscp lm constant_tsc arch_perfmon pebs bts rep_good nopl xtopology nonstop_tsc aperfmperf eagerfpu pni pclmulqdq dtes64 monitor ds_cpl vmx est tm2 ssse3 fma cx16 xtpr pdcm pcid sse4_1 sse4_2 x2apic movbe popcnt tsc_deadline_timer aes xsave avx f16c rdrand lahf_lm abm ida arat epb xsaveopt pln pts dtherm tpr_shadow vnmi flexpriority ept vpid fsgsbase tsc_adjust bmi1 avx2 smep bmi2 erms invpcid
bogomips	: 4389.87
clflush size	: 64
cache_alignment	: 64
address sizes	: 39 bits physical, 48 bits virtual
power management:

processor	: 1
vendor_id	: GenuineIntel
cpu family	: 6
model		: 60
model name	: Intel(R) Core(TM) i7-4702HQ CPU @ 2.20GHz
stepping	: 3
microcode	: 0x17
cpu MHz		: 1800.000
cache size	: 6144 KB
physical id	: 0
siblings	: 8
core id		: 1
cpu cores	: 4
apicid		: 2
initial apicid	: 2
fpu		: yes
fpu_exception	: yes
cpuid level	: 13
wp		: yes
flags		: fpu vme de pse tsc msr pae mce cx8 apic sep mtrr pge mca cmov pat pse36 clflush dts acpi mmx fxsr sse sse2 ss ht tm pbe syscall nx pdpe1gb rdtscp lm constant_tsc arch_perfmon pebs bts rep_good nopl xtopology nonstop_tsc aperfmperf eagerfpu pni pclmulqdq dtes64 monitor ds_cpl vmx est tm2 ssse3 fma cx16 xtpr pdcm pcid sse4_1 sse4_2 x2apic movbe popcnt tsc_deadline_timer aes xsave avx f16c rdrand lahf_lm abm ida arat epb xsaveopt pln pts dtherm tpr_shadow vnmi flexpriority ept vpid fsgsbase tsc_adjust bmi1 avx2 smep bmi2 erms invpcid
bogomips	: 4389.87
clflush size	: 64
cache_alignment	: 64
address sizes	: 39 bits physical, 48 bits virtual
power management:

processor	: 2
vendor_id	: GenuineIntel
cpu family	: 6
model		: 60
model name	: Intel(R) Core(TM) i7-4702HQ CPU @ 2.20GHz
stepping	: 3
microcode	: 0x17
cpu MHz		: 800.000
cache size	: 6144 KB
physical id	: 0
siblings	: 8
core id		: 2
cpu cores	: 4
apicid		: 4
initial apicid	: 4
fpu		: yes
fpu_exception	: yes
cpuid level	: 13
wp		: yes
flags		: fpu vme de pse tsc msr pae mce cx8 apic sep mtrr pge mca cmov pat pse36 clflush dts acpi mmx fxsr sse sse2 ss ht tm pbe syscall nx pdpe1gb rdtscp lm constant_tsc arch_perfmon pebs bts rep_good nopl xtopology nonstop_tsc aperfmperf eagerfpu pni pclmulqdq dtes64 monitor ds_cpl vmx est tm2 ssse3 fma cx16 xtpr pdcm pcid sse4_1 sse4_2 x2apic movbe popcnt tsc_deadline_timer aes xsave avx f16c rdrand lahf_lm abm ida arat epb xsaveopt pln pts dtherm tpr_shadow vnmi flexpriority ept vpid fsgsbase tsc_adjust bmi1 avx2 smep bmi2 erms invpcid
bogomips	: 4389.87
clflush size	: 64
cache_alignment	: 64
address sizes	: 39 bits physical, 48 bits virtual
power management:

processor	: 3
vendor_id	: GenuineIntel
cpu family	: 6
model		: 60
model name	: Intel(R) Core(TM) i7-4702HQ CPU @ 2.20GHz
stepping	: 3
microcode	: 0x17
cpu MHz		: 1300.000
cache size	: 6144 KB
physical id	: 0
siblings	: 8
core id		: 3
cpu cores	: 4
apicid		: 6
initial apicid	: 6
fpu		: yes
fpu_exception	: yes
cpuid level	: 13
wp		: yes
flags		: fpu vme de pse tsc msr pae mce cx8 apic sep mtrr pge mca cmov pat pse36 clflush dts acpi mmx fxsr sse sse2 ss ht tm pbe syscall nx pdpe1gb rdtscp lm constant_tsc arch_perfmon pebs bts rep_good nopl xtopology nonstop_tsc aperfmperf eagerfpu pni pclmulqdq dtes64 monitor ds_cpl vmx est tm2 ssse3 fma cx16 xtpr pdcm pcid sse4_1 sse4_2 x2apic movbe popcnt tsc_deadline_timer aes xsave avx f16c rdrand lahf_lm abm ida arat epb xsaveopt pln pts dtherm tpr_shadow vnmi flexpriority ept vpid fsgsbase tsc_adjust bmi1 avx2 smep bmi2 erms invpcid
bogomips	: 4389.87
clflush size	: 64
cache_alignment	: 64
address sizes	: 39 bits physical, 48 bits virtual
power management:

processor	: 4
vendor_id	: GenuineIntel
cpu family	: 6
model		: 60
model name	: Intel(R) Core(TM) i7-4702HQ CPU @ 2.20GHz
stepping	: 3
microcode	: 0x17
cpu MHz		: 2201.000
cache size	: 6144 KB
physical id	: 0
siblings	: 8
core id		: 0
cpu cores	: 4
apicid		: 1
initial apicid	: 1
fpu		: yes
fpu_exception	: yes
cpuid level	: 13
wp		: yes
flags		: fpu vme de pse tsc msr pae mce cx8 apic sep mtrr pge mca cmov pat pse36 clflush dts acpi mmx fxsr sse sse2 ss ht tm pbe syscall nx pdpe1gb rdtscp lm constant_tsc arch_perfmon pebs bts rep_good nopl xtopology nonstop_tsc aperfmperf eagerfpu pni pclmulqdq dtes64 monitor ds_cpl vmx est tm2 ssse3 fma cx16 xtpr pdcm pcid sse4_1 sse4_2 x2apic movbe popcnt tsc_deadline_timer aes xsave avx f16c rdrand lahf_lm abm ida arat epb xsaveopt pln pts dtherm tpr_shadow vnmi flexpriority ept vpid fsgsbase tsc_adjust bmi1 avx2 smep bmi2 erms invpcid
bogomips	: 4389.87
clflush size	: 64
cache_alignment	: 64
address sizes	: 39 bits physical, 48 bits virtual
power management:

processor	: 5
vendor_id	: GenuineIntel
cpu family	: 6
model		: 60
model name	: Intel(R) Core(TM) i7-4702HQ CPU @ 2.20GHz
stepping	: 3
microcode	: 0x17
cpu MHz		: 800.000
cache size	: 6144 KB
physical id	: 0
siblings	: 8
core id		: 1
cpu cores	: 4
apicid		: 3
initial apicid	: 3
fpu		: yes
fpu_exception	: yes
cpuid level	: 13
wp		: yes
flags		: fpu vme de pse tsc msr pae mce cx8 apic sep mtrr pge mca cmov pat pse36 clflush dts acpi mmx fxsr sse sse2 ss ht tm pbe syscall nx pdpe1gb rdtscp lm constant_tsc arch_perfmon pebs bts rep_good nopl xtopology nonstop_tsc aperfmperf eagerfpu pni pclmulqdq dtes64 monitor ds_cpl vmx est tm2 ssse3 fma cx16 xtpr pdcm pcid sse4_1 sse4_2 x2apic movbe popcnt tsc_deadline_timer aes xsave avx f16c rdrand lahf_lm abm ida arat epb xsaveopt pln pts dtherm tpr_shadow vnmi flexpriority ept vpid fsgsbase tsc_adjust bmi1 avx2 smep bmi2 erms invpcid
bogomips	: 4389.87
clflush size	: 64
cache_alignment	: 64
address sizes	: 39 bits physical, 48 bits virtual
power management:

processor	: 6
vendor_id	: GenuineIntel
cpu family	: 6
model		: 60
model name	: Intel(R) Core(TM) i7-4702HQ CPU @ 2.20GHz
stepping	: 3
microcode	: 0x17
cpu MHz		: 800.000
cache size	: 6144 KB
physical id	: 0
siblings	: 8
core id		: 2
cpu cores	: 4
apicid		: 5
initial apicid	: 5
fpu		: yes
fpu_exception	: yes
cpuid level	: 13
wp		: yes
flags		: fpu vme de pse tsc msr pae mce cx8 apic sep mtrr pge mca cmov pat pse36 clflush dts acpi mmx fxsr sse sse2 ss ht tm pbe syscall nx pdpe1gb rdtscp lm constant_tsc arch_perfmon pebs bts rep_good nopl xtopology nonstop_tsc aperfmperf eagerfpu pni pclmulqdq dtes64 monitor ds_cpl vmx est tm2 ssse3 fma cx16 xtpr pdcm pcid sse4_1 sse4_2 x2apic movbe popcnt tsc_deadline_timer aes xsave avx f16c rdrand lahf_lm abm ida arat epb xsaveopt pln pts dtherm tpr_shadow vnmi flexpriority ept vpid fsgsbase tsc_adjust bmi1 avx2 smep bmi2 erms invpcid
bogomips	: 4389.87
clflush size	: 64
cache_alignment	: 64
address sizes	: 39 bits physical, 48 bits virtual
power management:

processor	: 7
vendor_id	: GenuineIntel
cpu family	: 6
model		: 60
model name	: Intel(R) Core(TM) i7-4702HQ CPU @ 2.20GHz
stepping	: 3
microcode	: 0x17
cpu MHz		: 2201.000
cache size	: 6144 KB
physical id	: 0
siblings	: 8
core id		: 3
cpu cores	: 4
apicid		: 7
initial apicid	: 7
fpu		: yes
fpu_exception	: yes
cpuid level	: 13
wp		: yes
flags		: fpu vme de pse tsc msr pae mce cx8 apic sep mtrr pge mca cmov pat pse36 clflush dts acpi mmx fxsr sse sse2 ss ht tm pbe syscall nx pdpe1gb rdtscp lm constant_tsc arch_perfmon pebs bts rep_good nopl xtopology nonstop_tsc aperfmperf eagerfpu pni pclmulqdq dtes64 monitor ds_cpl vmx est tm2 ssse3 fma cx16 xtpr pdcm pcid sse4_1 sse4_2 x2apic movbe popcnt tsc_deadline_timer aes xsave avx f16c rdrand lahf_lm abm ida arat epb xsaveopt pln pts dtherm tpr_shadow vnmi flexpriority ept vpid fsgsbase tsc_adjust bmi1 avx2 smep bmi2 erms invpcid
bogomips	: 4389.87
clflush size	: 64
cache_alignment	: 64
address sizes	: 39 bits physical, 48 bits virtual
power management:



Memory: 4k page, physical 16335088k(8427724k free), swap 16676860k(16676860k free)

vm_info: Java HotSpot(TM) 64-Bit Server VM (25.20-b17) for linux-amd64 JRE (1.8.0_20-ea-b17), built on Jun  4 2014 00:04:06 by "java_re" with gcc 4.3.0 20080428 (Red Hat 4.3.0-8)

time: Tue Nov 18 11:18:30 2014
elapsed time: 230 seconds (0d 0h 3m 50s)

