#
# A fatal error has been detected by the Java Runtime Environment:
#
#  SIGSEGV (0xb) at pc=0x00007f6638972f7e, pid=9895, tid=140077014865664
#
# JRE version: Java(TM) SE Runtime Environment (8.0_20-b17) (build 1.8.0_20-ea-b17)
# Java VM: Java HotSpot(TM) 64-Bit Server VM (25.20-b17 mixed mode linux-amd64 compressed oops)
# Problematic frame:
# C  [ld-linux-x86-64.so.2+0x9f7e]
#
# Failed to write core dump. Core dumps have been disabled. To enable core dumping, try "ulimit -c unlimited" before starting Java again
#
# If you would like to submit a bug report, please visit:
#   http://bugreport.sun.com/bugreport/crash.jsp
# The crash happened outside the Java Virtual Machine in native code.
# See problematic frame for where to report the bug.
#

---------------  T H R E A D  ---------------

Current thread (0x00007f663000d000):  JavaThread "main" [_thread_in_native, id=9900, stack(0x00007f6638a65000,0x00007f6638b66000)]

siginfo: si_signo: 11 (SIGSEGV), si_code: 1 (SEGV_MAPERR), si_addr: 0x0000000000000068

Registers:
RAX=0x0000000000000040, RBX=0x000000004c8d3d65, RCX=0x0000000000000025, RDX=0x00000000000003f3
RSP=0x00007f6638b62a50, RBP=0x0000000000000002, RSI=0x00007f6637f6dd28, RDI=0x00007f6638b699e8
R8 =0x00000000013234f5, R9 =0x00007f6638b62a90, R10=0x0000000006020400, R11=0x00007f6638b62b90
R12=0x0000000000000003, R13=0x00007f65701ee710, R14=0x0000000000000000, R15=0x0000000000000025
RIP=0x00007f6638972f7e, EFLAGS=0x0000000000010202, CSGSFS=0x0000000000000033, ERR=0x0000000000000004
  TRAPNO=0x000000000000000e

Top of Stack: (sp=0x00007f6638b62a50)
0x00007f6638b62a50:   00007f6638b62bc0 00007f663764af75
0x00007f6638b62a60:   00007f6600000002 00007f6638b62ba0
0x00007f6638b62a70:   00007f6638b62c30 00007f6638b62e00
0x00007f6638b62a80:   00007f6621046960 01007f660000000c
0x00007f6638b62a90:   0000000000000000 0000000000000000
0x00007f6638b62aa0:   00007f6638b699e8 00007f663051dee0
0x00007f6638b62ab0:   00007f6637f7ad78 0000000000000000
0x00007f6638b62ac0:   0000000200000000 0000000000000000
0x00007f6638b62ad0:   00007f663000d000 00007f6638b62c80
0x00007f6638b62ae0:   00007f6638b62c30 0000000000000000
0x00007f6638b62af0:   0000000000000000 00007f65701eeb58
0x00007f6638b62b00:   00007f65701ee7d0 00007f6638973991
0x00007f6638b62b10:   0000000000000000 0000000000000000
0x00007f6638b62b20:   0000000000000002 0000000000000000
0x00007f6638b62b30:   00007f6600000000 00007f65701ee7d0
0x00007f6638b62b40:   00000007c0008600 00007f663000d000
0x00007f6638b62b50:   00007f6638b62bc0 00007f66377a1447
0x00007f6638b62b60:   00007f661b804440 00007f65701eeb58
0x00007f6638b62b70:   00007f6638b62ba0 00007f6638b62b90
0x00007f6638b62b80:   000000004c8d3d65 00007f663051dee0
0x00007f6638b62b90:   00000000ffffffff 00007f663000a5d0
0x00007f6638b62ba0:   0000000000000000 0000000000000000
0x00007f6638b62bb0:   00007f663000a470 00007f663000d000
0x00007f6638b62bc0:   00007f6638b62d50 00007f6637691467
0x00007f6638b62bd0:   000000b138b63938 00007f6638b633a0
0x00007f6638b62be0:   00007f6638b62c30 00007f6638b62cb0
0x00007f6638b62bf0:   00007f6638b62d80 00007f6638b62e00
0x00007f6638b62c00:   00007f663000d1e8 00000000008f74b0
0x00007f6638b62c10:   00007f6638b8bcc0 00007f663051dee0
0x00007f6638b62c20:   0000000000000000 00007f65701ee7d0
0x00007f6638b62c30:   00007f6638b62d10 00007f66380a0f56
0x00007f6638b62c40:   0000000600000002 0000000000000000 

Instructions: (pc=0x00007f6638972f7e)
0x00007f6638972f5e:   06 41 83 e7 3f 0f 1f 44 00 00 49 8b 44 ed 00 c7
0x00007f6638972f6e:   44 24 70 00 00 00 00 48 c7 44 24 40 00 00 00 00
0x00007f6638972f7e:   48 8b 78 28 4c 39 f7 48 89 7c 24 50 0f 84 f0 00
0x00007f6638972f8e:   00 00 f6 44 24 7c 02 74 0d f6 87 14 03 00 00 03 

Register to memory mapping:

RAX=0x0000000000000040 is an unknown value
RBX=0x000000004c8d3d65 is an unknown value
RCX=0x0000000000000025 is an unknown value
RDX=0x00000000000003f3 is an unknown value
RSP=0x00007f6638b62a50 is pointing into the stack for thread: 0x00007f663000d000
RBP=0x0000000000000002 is an unknown value
RSI=0x00007f6637f6dd28: <offset 0x3d28> in /lib/x86_64-linux-gnu/libc.so.6 at 0x00007f6637f6a000
RDI=0x00007f6638b699e8 is an unknown value
R8 =0x00000000013234f5 is an unknown value
R9 =0x00007f6638b62a90 is pointing into the stack for thread: 0x00007f663000d000
R10=0x0000000006020400 is an unknown value
R11=0x00007f6638b62b90 is pointing into the stack for thread: 0x00007f663000d000
R12=0x0000000000000003 is an unknown value
R13=0x00007f65701ee710 is an unknown value
R14=0x0000000000000000 is an unknown value
R15=0x0000000000000025 is an unknown value


Stack: [0x00007f6638a65000,0x00007f6638b66000],  sp=0x00007f6638b62a50,  free space=1014k
Native frames: (J=compiled Java code, j=interpreted, Vv=VM code, C=native code)
C  [ld-linux-x86-64.so.2+0x9f7e]

Java frames: (J=compiled Java code, j=interpreted, Vv=VM code)
j  java.lang.ClassLoader$NativeLibrary.unload(Ljava/lang/String;Z)V+0
j  java.lang.ClassLoader$NativeLibrary.finalize()V+87
v  ~StubRoutines::call_stub
J 1118  sun.reflect.NativeMethodAccessorImpl.invoke0(Ljava/lang/reflect/Method;Ljava/lang/Object;[Ljava/lang/Object;)Ljava/lang/Object; (0 bytes) @ 0x00007f6621427337 [0x00007f66214272c0+0x77]
J 1117 C1 sun.reflect.NativeMethodAccessorImpl.invoke(Ljava/lang/Object;[Ljava/lang/Object;)Ljava/lang/Object; (104 bytes) @ 0x00007f662142bfcc [0x00007f662142adc0+0x120c]
J 6437 C2 java.lang.reflect.Method.invoke(Ljava/lang/Object;[Ljava/lang/Object;)Ljava/lang/Object; (62 bytes) @ 0x00007f662192ada0 [0x00007f662192ace0+0xc0]
j  com.inductiveautomation.ignition.gateway.bootstrap.SRFilter.destroy()V+89
j  org.apache.catalina.core.ApplicationFilterConfig.release()V+61
j  org.apache.catalina.core.StandardContext.filterStop()Z+124
j  org.apache.catalina.core.StandardContext.stop()V+142
j  org.apache.catalina.core.ContainerBase.removeChild(Lorg/apache/catalina/Container;)V+90
j  org.apache.catalina.startup.HostConfig.undeployApps()V+77
j  org.apache.catalina.startup.HostConfig.stop()V+28
j  org.apache.catalina.startup.HostConfig.lifecycleEvent(Lorg/apache/catalina/LifecycleEvent;)V+151
j  org.apache.catalina.util.LifecycleSupport.fireLifecycleEvent(Ljava/lang/String;Ljava/lang/Object;)V+178
j  org.apache.catalina.core.ContainerBase.stop()V+60
j  org.apache.catalina.core.ContainerBase.stop()V+118
j  org.apache.catalina.core.StandardEngine.stop()V+1
j  org.apache.catalina.core.StandardService.stop()V+177
j  org.apache.catalina.core.StandardServer.stop()V+65
j  org.apache.catalina.startup.Catalina.stop()V+58
j  org.apache.catalina.startup.Catalina.start()V+198
v  ~StubRoutines::call_stub
j  sun.reflect.NativeMethodAccessorImpl.invoke0(Ljava/lang/reflect/Method;Ljava/lang/Object;[Ljava/lang/Object;)Ljava/lang/Object;+0
j  sun.reflect.NativeMethodAccessorImpl.invoke(Ljava/lang/Object;[Ljava/lang/Object;)Ljava/lang/Object;+100
J 491 C1 sun.reflect.DelegatingMethodAccessorImpl.invoke(Ljava/lang/Object;[Ljava/lang/Object;)Ljava/lang/Object; (10 bytes) @ 0x00007f662121a5ec [0x00007f662121a4c0+0x12c]
J 490 C1 java.lang.reflect.Method.invoke(Ljava/lang/Object;[Ljava/lang/Object;)Ljava/lang/Object; (62 bytes) @ 0x00007f662121c1c4 [0x00007f662121bda0+0x424]
j  org.apache.catalina.startup.Bootstrap.start()V+37
j  org.apache.catalina.startup.Bootstrap.main([Ljava/lang/String;)V+131
v  ~StubRoutines::call_stub

---------------  P R O C E S S  ---------------

Java Threads: ( => current thread )
  0x00007f66300c3000 JavaThread "pool-1-thread-3" [_thread_blocked, id=10052, stack(0x00007f6561ae2000,0x00007f6561be3000)]
  0x00007f66304fd800 JavaThread "Thread-23" daemon [_thread_blocked, id=10051, stack(0x00007f6604b0a000,0x00007f6604c0b000)]
  0x00007f6598001800 JavaThread "http-8088-2" daemon [_thread_blocked, id=10049, stack(0x00007f66196b5000,0x00007f66197b6000)]
  0x00007f6570e03000 JavaThread "ClockDriftDetector" daemon [_thread_blocked, id=9988, stack(0x00007f6560dd7000,0x00007f6560ed8000)]
  0x00007f6570e01000 JavaThread "PyLib_ScriptWatcher" daemon [_thread_blocked, id=9987, stack(0x00007f6560ed8000,0x00007f6560fd9000)]
  0x00007f6570e39800 JavaThread "PyFile_ChangeNotifier" daemon [_thread_blocked, id=9986, stack(0x00007f6560fd9000,0x00007f65610da000)]
  0x00007f6570e35800 JavaThread "Thread-18" daemon [_thread_in_native, id=9985, stack(0x00007f65610da000,0x00007f65611db000)]
  0x00007f6514009000 JavaThread "pool-2-thread-3" [_thread_blocked, id=9984, stack(0x00007f65613db000,0x00007f65614dc000)]
  0x00007f6514007000 JavaThread "pool-2-thread-2" [_thread_blocked, id=9983, stack(0x00007f65614dc000,0x00007f65615dd000)]
  0x00007f651c014800 JavaThread "pool-1-thread-2" [_thread_blocked, id=9982, stack(0x00007f65615dd000,0x00007f65616de000)]
  0x00007f6514005000 JavaThread "pool-2-thread-1" [_thread_blocked, id=9981, stack(0x00007f65616de000,0x00007f65617df000)]
  0x00007f651c006000 JavaThread "pool-1-thread-1" [_thread_blocked, id=9980, stack(0x00007f65617df000,0x00007f65618e0000)]
  0x00007f6598004800 JavaThread "http-8088-1" daemon [_thread_in_native, id=9956, stack(0x00007f6604506000,0x00007f6604607000)]
  0x00007f6630501000 JavaThread "TP-Monitor" daemon [_thread_blocked, id=9942, stack(0x00007f66058de000,0x00007f66059df000)]
  0x00007f66304ff000 JavaThread "TP-Processor4" daemon [_thread_blocked, id=9941, stack(0x00007f66059df000,0x00007f6605ae0000)]
  0x00007f6630507000 JavaThread "TP-Processor3" daemon [_thread_blocked, id=9940, stack(0x00007f6605ae0000,0x00007f6605be1000)]
  0x00007f6630519800 JavaThread "TP-Processor2" daemon [_thread_blocked, id=9939, stack(0x00007f6605be1000,0x00007f6605ce2000)]
  0x00007f6630506000 JavaThread "TP-Processor1" daemon [_thread_blocked, id=9938, stack(0x00007f6605ce2000,0x00007f6605de3000)]
  0x00007f66304f1000 JavaThread "http-8088-Acceptor-0" daemon [_thread_blocked, id=9937, stack(0x00007f6605de3000,0x00007f6605ee4000)]
  0x00007f663048b000 JavaThread "GC Daemon" daemon [_thread_blocked, id=9935, stack(0x00007f6607dfe000,0x00007f6607eff000)]
  0x00007f6630405800 JavaThread "Abandoned connection cleanup thread" daemon [_thread_blocked, id=9934, stack(0x00007f6607cfd000,0x00007f6607dfe000)]
  0x00007f65b0008800 JavaThread "RMI Scheduler(0)" daemon [_thread_blocked, id=9931, stack(0x00007f6607eff000,0x00007f6608000000)]
  0x00007f6630207000 JavaThread "RMI TCP Accept-0" daemon [_thread_in_native, id=9925, stack(0x00007f6618649000,0x00007f661874a000)]
  0x00007f66301fd800 JavaThread "RMI TCP Accept-1099" daemon [_thread_in_native, id=9924, stack(0x00007f661874a000,0x00007f661884b000)]
  0x00007f66301ec000 JavaThread "RMI TCP Accept-0" daemon [_thread_in_native, id=9923, stack(0x00007f661884b000,0x00007f661894c000)]
  0x00007f66300e5000 JavaThread "Service Thread" daemon [_thread_blocked, id=9922, stack(0x00007f6618fae000,0x00007f66190af000)]
  0x00007f66300cf800 JavaThread "C1 CompilerThread3" daemon [_thread_blocked, id=9921, stack(0x00007f66190af000,0x00007f66191b0000)]
  0x00007f66300cd000 JavaThread "C2 CompilerThread2" daemon [_thread_blocked, id=9920, stack(0x00007f66191b0000,0x00007f66192b1000)]
  0x00007f66300cb800 JavaThread "C2 CompilerThread1" daemon [_thread_in_native, id=9919, stack(0x00007f66192b1000,0x00007f66193b2000)]
  0x00007f66300c8800 JavaThread "C2 CompilerThread0" daemon [_thread_blocked, id=9918, stack(0x00007f66193b2000,0x00007f66194b3000)]
  0x00007f66300c6800 JavaThread "JDWP Event Helper Thread" daemon [_thread_blocked, id=9916, stack(0x00007f66195b4000,0x00007f66196b5000)]
  0x00007f66300b6000 JavaThread "Signal Dispatcher" daemon [_thread_blocked, id=9912, stack(0x00007f66199ba000,0x00007f6619abb000)]
  0x00007f6630087800 JavaThread "Finalizer" daemon [_thread_blocked, id=9911, stack(0x00007f6619abb000,0x00007f6619bbc000)]
  0x00007f6630085800 JavaThread "Reference Handler" daemon [_thread_blocked, id=9910, stack(0x00007f6619bbc000,0x00007f6619cbd000)]
=>0x00007f663000d000 JavaThread "main" [_thread_in_native, id=9900, stack(0x00007f6638a65000,0x00007f6638b66000)]

Other Threads:
  0x00007f663007e800 VMThread [stack: 0x00007f6619cbd000,0x00007f6619dbe000] [id=9909]
  0x00007f6630211000 WatcherThread [stack: 0x00007f6618548000,0x00007f6618649000] [id=9926]

VM state:not at safepoint (normal execution)

VM Mutex/Monitor currently owned by a thread: None

Heap:
 PSYoungGen      total 427520K, used 240467K [0x000000076ce00000, 0x000000078ec80000, 0x00000007c0000000)
  eden space 407552K, 59% used [0x000000076ce00000,0x000000077b8d4f08,0x0000000785c00000)
  from space 19968K, 0% used [0x0000000785c00000,0x0000000785c00000,0x0000000786f80000)
  to   space 20480K, 0% used [0x000000078d880000,0x000000078d880000,0x000000078ec80000)
 ParOldGen       total 221184K, used 34765K [0x00000006c6a00000, 0x00000006d4200000, 0x000000076ce00000)
  object space 221184K, 15% used [0x00000006c6a00000,0x00000006c8bf36c0,0x00000006d4200000)
 Metaspace       used 58189K, capacity 59420K, committed 59640K, reserved 1099776K
  class space    used 8311K, capacity 8595K, committed 8696K, reserved 1048576K

Card table byte_map: [0x00007f66349b5000,0x00007f6635181000] byte_map_base: 0x00007f6631380000

Marking Bits: (ParMarkBitMap*) 0x00007f6637f3fc20
 Begin Bits: [0x00007f65f0350000, 0x00007f65f41a8000)
 End Bits:   [0x00007f65f41a8000, 0x00007f65f8000000)

Polling page: 0x00007f6638b88000

CodeCache: size=245760Kb used=22656Kb max_used=22876Kb free=223103Kb
 bounds [0x00007f6621000000, 0x00007f6622690000, 0x00007f6630000000]
 total_blobs=6395 nmethods=5792 adapters=524
 compilation: enabled

Compilation events (10 events):
Event: 133.552 Thread 0x00007f66300cf800 nmethod 7019 0x00007f66222e0010 code [0x00007f66222e0160, 0x00007f66222e0270]
Event: 133.552 Thread 0x00007f66300cf800 7024       1       org.apache.log4j.spi.LoggingEvent::getThrowableInformation (5 bytes)
Event: 133.552 Thread 0x00007f66300cf800 nmethod 7024 0x00007f66223add90 code [0x00007f66223adee0, 0x00007f66223adff0]
Event: 133.552 Thread 0x00007f66300cf800 7025       1       com.inductiveautomation.ignition.common.util.logging.BinaryAppender::access$400 (5 bytes)
Event: 133.553 Thread 0x00007f66300cf800 nmethod 7025 0x00007f662136ff50 code [0x00007f66213700a0, 0x00007f6621370190]
Event: 133.553 Thread 0x00007f66300cf800 7026       1       org.apache.log4j.Priority::toInt (5 bytes)
Event: 133.553 Thread 0x00007f66300cf800 nmethod 7026 0x00007f6621b89f50 code [0x00007f6621b8a0a0, 0x00007f6621b8a1b0]
Event: 133.553 Thread 0x00007f66300cf800 7027       1       com.inductiveautomation.ignition.common.util.RAFCircularBuffer::access$300 (5 bytes)
Event: 133.553 Thread 0x00007f66300cf800 nmethod 7027 0x00007f6621e5f490 code [0x00007f6621e5f5e0, 0x00007f6621e5f6d0]
Event: 133.554 Thread 0x00007f66300cb800 7028       4       java.io.ObjectOutputStream$BlockDataOutputStream::drain (45 bytes)

GC Heap History (10 events):
Event: 4.598 GC heap before
{Heap before GC invocations=8 (full 2):
 PSYoungGen      total 307200K, used 9332K [0x000000076ce00000, 0x0000000786400000, 0x00000007c0000000)
  eden space 293376K, 0% used [0x000000076ce00000,0x000000076ce00000,0x000000077ec80000)
  from space 13824K, 67% used [0x000000077fa00000,0x000000078031d1a8,0x0000000780780000)
  to   space 13824K, 0% used [0x000000077ec80000,0x000000077ec80000,0x000000077fa00000)
 ParOldGen       total 108544K, used 13842K [0x00000006c6a00000, 0x00000006cd400000, 0x000000076ce00000)
  object space 108544K, 12% used [0x00000006c6a00000,0x00000006c77849f8,0x00000006cd400000)
 Metaspace       used 34638K, capacity 35270K, committed 35320K, reserved 1081344K
  class space    used 4175K, capacity 4330K, committed 4344K, reserved 1048576K
Event: 4.661 GC heap after
Heap after GC invocations=8 (full 2):
 PSYoungGen      total 307200K, used 0K [0x000000076ce00000, 0x0000000786400000, 0x00000007c0000000)
  eden space 293376K, 0% used [0x000000076ce00000,0x000000076ce00000,0x000000077ec80000)
  from space 13824K, 0% used [0x000000077fa00000,0x000000077fa00000,0x0000000780780000)
  to   space 13824K, 0% used [0x000000077ec80000,0x000000077ec80000,0x000000077fa00000)
 ParOldGen       total 165376K, used 20016K [0x00000006c6a00000, 0x00000006d0b80000, 0x000000076ce00000)
  object space 165376K, 12% used [0x00000006c6a00000,0x00000006c7d8c130,0x00000006d0b80000)
 Metaspace       used 34638K, capacity 35270K, committed 35320K, reserved 1081344K
  class space    used 4175K, capacity 4330K, committed 4344K, reserved 1048576K
}
Event: 6.804 GC heap before
{Heap before GC invocations=9 (full 2):
 PSYoungGen      total 307200K, used 293376K [0x000000076ce00000, 0x0000000786400000, 0x00000007c0000000)
  eden space 293376K, 100% used [0x000000076ce00000,0x000000077ec80000,0x000000077ec80000)
  from space 13824K, 0% used [0x000000077fa00000,0x000000077fa00000,0x0000000780780000)
  to   space 13824K, 0% used [0x000000077ec80000,0x000000077ec80000,0x000000077fa00000)
 ParOldGen       total 165376K, used 20016K [0x00000006c6a00000, 0x00000006d0b80000, 0x000000076ce00000)
  object space 165376K, 12% used [0x00000006c6a00000,0x00000006c7d8c130,0x00000006d0b80000)
 Metaspace       used 46059K, capacity 46882K, committed 46968K, reserved 1089536K
  class space    used 6819K, capacity 7008K, committed 7032K, reserved 1048576K
Event: 6.817 GC heap after
Heap after GC invocations=9 (full 2):
 PSYoungGen      total 307200K, used 13821K [0x000000076ce00000, 0x0000000788300000, 0x00000007c0000000)
  eden space 293376K, 0% used [0x000000076ce00000,0x000000076ce00000,0x000000077ec80000)
  from space 13824K, 99% used [0x000000077ec80000,0x000000077f9ff4f0,0x000000077fa00000)
  to   space 15872K, 0% used [0x0000000787380000,0x0000000787380000,0x0000000788300000)
 ParOldGen       total 165376K, used 21340K [0x00000006c6a00000, 0x00000006d0b80000, 0x000000076ce00000)
  object space 165376K, 12% used [0x00000006c6a00000,0x00000006c7ed7280,0x00000006d0b80000)
 Metaspace       used 46059K, capacity 46882K, committed 46968K, reserved 1089536K
  class space    used 6819K, capacity 7008K, committed 7032K, reserved 1048576K
}
Event: 25.170 GC heap before
{Heap before GC invocations=10 (full 2):
 PSYoungGen      total 307200K, used 307197K [0x000000076ce00000, 0x0000000788300000, 0x00000007c0000000)
  eden space 293376K, 100% used [0x000000076ce00000,0x000000077ec80000,0x000000077ec80000)
  from space 13824K, 99% used [0x000000077ec80000,0x000000077f9ff4f0,0x000000077fa00000)
  to   space 15872K, 0% used [0x0000000787380000,0x0000000787380000,0x0000000788300000)
 ParOldGen       total 165376K, used 21340K [0x00000006c6a00000, 0x00000006d0b80000, 0x000000076ce00000)
  object space 165376K, 12% used [0x00000006c6a00000,0x00000006c7ed7280,0x00000006d0b80000)
 Metaspace       used 57377K, capacity 58550K, committed 58744K, reserved 1099776K
  class space    used 8231K, capacity 8494K, committed 8568K, reserved 1048576K
Event: 25.190 GC heap after
Heap after GC invocations=10 (full 2):
 PSYoungGen      total 413184K, used 15849K [0x000000076ce00000, 0x0000000788300000, 0x00000007c0000000)
  eden space 397312K, 0% used [0x000000076ce00000,0x000000076ce00000,0x0000000785200000)
  from space 15872K, 99% used [0x0000000787380000,0x00000007882fa748,0x0000000788300000)
  to   space 19968K, 0% used [0x0000000785c00000,0x0000000785c00000,0x0000000786f80000)
 ParOldGen       total 165376K, used 28207K [0x00000006c6a00000, 0x00000006d0b80000, 0x000000076ce00000)
  object space 165376K, 17% used [0x00000006c6a00000,0x00000006c858bd40,0x00000006d0b80000)
 Metaspace       used 57377K, capacity 58550K, committed 58744K, reserved 1099776K
  class space    used 8231K, capacity 8494K, committed 8568K, reserved 1048576K
}
Event: 25.458 GC heap before
{Heap before GC invocations=11 (full 2):
 PSYoungGen      total 413184K, used 38245K [0x000000076ce00000, 0x0000000788300000, 0x00000007c0000000)
  eden space 397312K, 5% used [0x000000076ce00000,0x000000076e3ded00,0x0000000785200000)
  from space 15872K, 99% used [0x0000000787380000,0x00000007882fa748,0x0000000788300000)
  to   space 19968K, 0% used [0x0000000785c00000,0x0000000785c00000,0x0000000786f80000)
 ParOldGen       total 165376K, used 28207K [0x00000006c6a00000, 0x00000006d0b80000, 0x000000076ce00000)
  object space 165376K, 17% used [0x00000006c6a00000,0x00000006c858bd40,0x00000006d0b80000)
 Metaspace       used 57483K, capacity 58680K, committed 58744K, reserved 1099776K
  class space    used 8241K, capacity 8505K, committed 8568K, reserved 1048576K
Event: 25.473 GC heap after
Heap after GC invocations=11 (full 2):
 PSYoungGen      total 427520K, used 16010K [0x000000076ce00000, 0x000000078ec80000, 0x00000007c0000000)
  eden space 407552K, 0% used [0x000000076ce00000,0x000000076ce00000,0x0000000785c00000)
  from space 19968K, 80% used [0x0000000785c00000,0x0000000786ba2b68,0x0000000786f80000)
  to   space 20480K, 0% used [0x000000078d880000,0x000000078d880000,0x000000078ec80000)
 ParOldGen       total 165376K, used 28215K [0x00000006c6a00000, 0x00000006d0b80000, 0x000000076ce00000)
  object space 165376K, 17% used [0x00000006c6a00000,0x00000006c858dd40,0x00000006d0b80000)
 Metaspace       used 57483K, capacity 58680K, committed 58744K, reserved 1099776K
  class space    used 8241K, capacity 8505K, committed 8568K, reserved 1048576K
}
Event: 25.473 GC heap before
{Heap before GC invocations=12 (full 3):
 PSYoungGen      total 427520K, used 16010K [0x000000076ce00000, 0x000000078ec80000, 0x00000007c0000000)
  eden space 407552K, 0% used [0x000000076ce00000,0x000000076ce00000,0x0000000785c00000)
  from space 19968K, 80% used [0x0000000785c00000,0x0000000786ba2b68,0x0000000786f80000)
  to   space 20480K, 0% used [0x000000078d880000,0x000000078d880000,0x000000078ec80000)
 ParOldGen       total 165376K, used 28215K [0x00000006c6a00000, 0x00000006d0b80000, 0x000000076ce00000)
  object space 165376K, 17% used [0x00000006c6a00000,0x00000006c858dd40,0x00000006d0b80000)
 Metaspace       used 57483K, capacity 58680K, committed 58744K, reserved 1099776K
  class space    used 8241K, capacity 8505K, committed 8568K, reserved 1048576K
Event: 25.653 GC heap after
Heap after GC invocations=12 (full 3):
 PSYoungGen      total 427520K, used 0K [0x000000076ce00000, 0x000000078ec80000, 0x00000007c0000000)
  eden space 407552K, 0% used [0x000000076ce00000,0x000000076ce00000,0x0000000785c00000)
  from space 19968K, 0% used [0x0000000785c00000,0x0000000785c00000,0x0000000786f80000)
  to   space 20480K, 0% used [0x000000078d880000,0x000000078d880000,0x000000078ec80000)
 ParOldGen       total 221184K, used 34765K [0x00000006c6a00000, 0x00000006d4200000, 0x000000076ce00000)
  object space 221184K, 15% used [0x00000006c6a00000,0x00000006c8bf36c0,0x00000006d4200000)
 Metaspace       used 57423K, capacity 58596K, committed 58744K, reserved 1099776K
  class space    used 8240K, capacity 8501K, committed 8568K, reserved 1048576K
}

Deoptimization events (10 events):
Event: 133.439 Thread 0x00007f663000d000 Uncommon trap: reason=class_check action=maybe_recompile pc=0x00007f6621cfab10 method=org.hsqldb.index.IndexAVL.unlinkNodes(Lorg/hsqldb/index/NodeAVL;)V @ 4
Event: 133.439 Thread 0x00007f663000d000 Uncommon trap: reason=unreached action=reinterpret pc=0x00007f6621c7edc0 method=org.hsqldb.store.BaseHashMap.clearElementArrays(II)V @ 185
Event: 133.441 Thread 0x00007f657095f800 Uncommon trap: reason=unreached action=reinterpret pc=0x00007f66226551f8 method=org.hsqldb.lib.HsqlTimer$TaskQueue.peekTask()Lorg/hsqldb/lib/HsqlTimer$Task; @ 6
Event: 133.550 Thread 0x00007f663000d000 Uncommon trap: reason=bimorphic action=maybe_recompile pc=0x00007f66222255dc method=java.io.ObjectOutputStream$BlockDataOutputStream.drain()V @ 36
Event: 133.550 Thread 0x00007f663000d000 Uncommon trap: reason=bimorphic action=maybe_recompile pc=0x00007f66222255dc method=java.io.ObjectOutputStream$BlockDataOutputStream.drain()V @ 36
Event: 133.550 Thread 0x00007f663000d000 Uncommon trap: reason=class_check action=maybe_recompile pc=0x00007f6622376214 method=java.io.ObjectOutputStream$BlockDataOutputStream.write([BIIZ)V @ 23
Event: 133.551 Thread 0x00007f663000d000 Uncommon trap: reason=class_check action=maybe_recompile pc=0x00007f6622376214 method=java.io.ObjectOutputStream$BlockDataOutputStream.write([BIIZ)V @ 23
Event: 133.552 Thread 0x00007f663000d000 Uncommon trap: reason=class_check action=maybe_recompile pc=0x00007f6622376214 method=java.io.ObjectOutputStream$BlockDataOutputStream.write([BIIZ)V @ 23
Event: 133.552 Thread 0x00007f663000d000 Uncommon trap: reason=class_check action=maybe_recompile pc=0x00007f6622376214 method=java.io.ObjectOutputStream$BlockDataOutputStream.write([BIIZ)V @ 23
Event: 133.554 Thread 0x00007f663000d000 Uncommon trap: reason=class_check action=maybe_recompile pc=0x00007f6622370b04 method=java.io.ObjectOutputStream$BlockDataOutputStream.write([BIIZ)V @ 23

Internal exceptions (10 events):
Event: 133.427 Thread 0x00007f663000d000 Exception <a 'java/lang/NullPointerException'> (0x0000000779dd0d08) thrown at [/HUDSON/workspace/8-2-build-linux-amd64/jdk8u20/526.nc/hotspot/src/share/vm/interpreter/linkResolver.cpp, line 1268]
Event: 133.435 Thread 0x00007f663000d000 Exception <a 'java/security/PrivilegedActionException'> (0x0000000779dd51f8) thrown at [/HUDSON/workspace/8-2-build-linux-amd64/jdk8u20/526.nc/hotspot/src/share/vm/prims/jvm.cpp, line 1258]
Event: 133.435 Thread 0x00007f663000d000 Exception <a 'java/security/PrivilegedActionException'> (0x0000000779dd5de8) thrown at [/HUDSON/workspace/8-2-build-linux-amd64/jdk8u20/526.nc/hotspot/src/share/vm/prims/jvm.cpp, line 1258]
Event: 133.435 Thread 0x00007f663000d000 Implicit null exception at 0x00007f6621aa4135 to 0x00007f6621aa4267
Event: 133.553 Thread 0x00007f663000d000 Exception <a 'java/security/PrivilegedActionException'> (0x0000000779e00038) thrown at [/HUDSON/workspace/8-2-build-linux-amd64/jdk8u20/526.nc/hotspot/src/share/vm/prims/jvm.cpp, line 1258]
Event: 133.553 Thread 0x00007f663000d000 Exception <a 'java/security/PrivilegedActionException'> (0x0000000779e01018) thrown at [/HUDSON/workspace/8-2-build-linux-amd64/jdk8u20/526.nc/hotspot/src/share/vm/prims/jvm.cpp, line 1258]
Event: 133.553 Thread 0x00007f663000d000 Exception <a 'java/security/PrivilegedActionException'> (0x0000000779e10cb0) thrown at [/HUDSON/workspace/8-2-build-linux-amd64/jdk8u20/526.nc/hotspot/src/share/vm/prims/jvm.cpp, line 1258]
Event: 133.553 Thread 0x00007f663000d000 Exception <a 'java/security/PrivilegedActionException'> (0x0000000779e11d20) thrown at [/HUDSON/workspace/8-2-build-linux-amd64/jdk8u20/526.nc/hotspot/src/share/vm/prims/jvm.cpp, line 1258]
Event: 133.553 Thread 0x00007f663000d000 Exception <a 'java/security/PrivilegedActionException'> (0x0000000779e21e80) thrown at [/HUDSON/workspace/8-2-build-linux-amd64/jdk8u20/526.nc/hotspot/src/share/vm/prims/jvm.cpp, line 1258]
Event: 133.553 Thread 0x00007f663000d000 Exception <a 'java/security/PrivilegedActionException'> (0x0000000779e22ea0) thrown at [/HUDSON/workspace/8-2-build-linux-amd64/jdk8u20/526.nc/hotspot/src/share/vm/prims/jvm.cpp, line 1258]

Events (10 events):
Event: 133.555 Thread 0x00007f663000d000 DEOPT PACKING pc=0x00007f662182d30c sp=0x00007f6638b61cf0
Event: 133.555 Thread 0x00007f663000d000 DEOPT UNPACKING pc=0x00007f662104741a sp=0x00007f6638b61ab8 mode 1
Event: 133.555 Thread 0x00007f663000d000 DEOPT PACKING pc=0x00007f66217e37a4 sp=0x00007f6638b61c60
Event: 133.555 Thread 0x00007f663000d000 DEOPT UNPACKING pc=0x00007f662104741a sp=0x00007f6638b61a38 mode 1
Event: 133.555 Thread 0x00007f663000d000 DEOPT PACKING pc=0x00007f66217e37a4 sp=0x00007f6638b61c20
Event: 133.555 Thread 0x00007f663000d000 DEOPT UNPACKING pc=0x00007f662104741a sp=0x00007f6638b619e0 mode 1
Event: 133.555 Thread 0x00007f663000d000 DEOPT PACKING pc=0x00007f662182d30c sp=0x00007f6638b61cf0
Event: 133.555 Thread 0x00007f663000d000 DEOPT UNPACKING pc=0x00007f662104741a sp=0x00007f6638b61ab8 mode 1
Event: 133.555 Thread 0x00007f663000d000 DEOPT PACKING pc=0x00007f66217e37a4 sp=0x00007f6638b61c60
Event: 133.555 Thread 0x00007f663000d000 DEOPT UNPACKING pc=0x00007f662104741a sp=0x00007f6638b61a38 mode 1


Dynamic libraries:
00400000-00401000 r-xp 00000000 08:06 19938758                           /usr/lib/jvm/jdk1.8.0_20/bin/java
00600000-00601000 rw-p 00000000 08:06 19938758                           /usr/lib/jvm/jdk1.8.0_20/bin/java
008f7000-00918000 rw-p 00000000 00:00 0                                  [heap]
6c6a00000-6d4200000 rw-p 00000000 00:00 0 
6d4200000-76ce00000 ---p 00000000 00:00 0 
76ce00000-78ec80000 rw-p 00000000 00:00 0 
78ec80000-7c0000000 ---p 00000000 00:00 0 
7c0000000-7c087e000 rw-p 00000000 00:00 0 
7c087e000-800000000 ---p 00000000 00:00 0 
7f6514000000-7f65140e3000 rw-p 00000000 00:00 0 
7f65140e3000-7f6518000000 ---p 00000000 00:00 0 
7f6518000000-7f6518021000 rw-p 00000000 00:00 0 
7f6518021000-7f651c000000 ---p 00000000 00:00 0 
7f651c000000-7f651c03a000 rw-p 00000000 00:00 0 
7f651c03a000-7f6520000000 ---p 00000000 00:00 0 
7f6520000000-7f652027b000 rw-p 00000000 00:00 0 
7f652027b000-7f6524000000 ---p 00000000 00:00 0 
7f6524000000-7f6524021000 rw-p 00000000 00:00 0 
7f6524021000-7f6528000000 ---p 00000000 00:00 0 
7f6528000000-7f6528021000 rw-p 00000000 00:00 0 
7f6528021000-7f652c000000 ---p 00000000 00:00 0 
7f652c000000-7f652c021000 rw-p 00000000 00:00 0 
7f652c021000-7f6530000000 ---p 00000000 00:00 0 
7f6530000000-7f6530021000 rw-p 00000000 00:00 0 
7f6530021000-7f6534000000 ---p 00000000 00:00 0 
7f6534000000-7f6534021000 rw-p 00000000 00:00 0 
7f6534021000-7f6538000000 ---p 00000000 00:00 0 
7f6538000000-7f65380ea000 rw-p 00000000 00:00 0 
7f65380ea000-7f653c000000 ---p 00000000 00:00 0 
7f653c000000-7f653c021000 rw-p 00000000 00:00 0 
7f653c021000-7f6540000000 ---p 00000000 00:00 0 
7f6540000000-7f6540021000 rw-p 00000000 00:00 0 
7f6540021000-7f6544000000 ---p 00000000 00:00 0 
7f6544000000-7f6544021000 rw-p 00000000 00:00 0 
7f6544021000-7f6548000000 ---p 00000000 00:00 0 
7f6548000000-7f6548021000 rw-p 00000000 00:00 0 
7f6548021000-7f654c000000 ---p 00000000 00:00 0 
7f654c000000-7f654c021000 rw-p 00000000 00:00 0 
7f654c021000-7f6550000000 ---p 00000000 00:00 0 
7f6550000000-7f6550021000 rw-p 00000000 00:00 0 
7f6550021000-7f6554000000 ---p 00000000 00:00 0 
7f6554000000-7f6554021000 rw-p 00000000 00:00 0 
7f6554021000-7f6558000000 ---p 00000000 00:00 0 
7f6558000000-7f6558021000 rw-p 00000000 00:00 0 
7f6558021000-7f655c000000 ---p 00000000 00:00 0 
7f655c000000-7f655c021000 rw-p 00000000 00:00 0 
7f655c021000-7f6560000000 ---p 00000000 00:00 0 
7f65602b2000-7f6560472000 rw-p 00000000 00:00 0 
7f6560472000-7f65604b5000 ---p 00000000 00:00 0 
7f65604b5000-7f65605b3000 rw-p 00000000 00:00 0 
7f65605b3000-7f65605ca000 r-xp 00000000 08:06 15602148                   /lib/x86_64-linux-gnu/libresolv-2.19.so
7f65605ca000-7f65607ca000 ---p 00017000 08:06 15602148                   /lib/x86_64-linux-gnu/libresolv-2.19.so
7f65607ca000-7f65607cb000 r--p 00017000 08:06 15602148                   /lib/x86_64-linux-gnu/libresolv-2.19.so
7f65607cb000-7f65607cc000 rw-p 00018000 08:06 15602148                   /lib/x86_64-linux-gnu/libresolv-2.19.so
7f65607cc000-7f65607ce000 rw-p 00000000 00:00 0 
7f65607ce000-7f65607d3000 r-xp 00000000 08:06 15602324                   /lib/x86_64-linux-gnu/libnss_dns-2.19.so
7f65607d3000-7f65609d2000 ---p 00005000 08:06 15602324                   /lib/x86_64-linux-gnu/libnss_dns-2.19.so
7f65609d2000-7f65609d3000 r--p 00004000 08:06 15602324                   /lib/x86_64-linux-gnu/libnss_dns-2.19.so
7f65609d3000-7f65609d4000 rw-p 00005000 08:06 15602324                   /lib/x86_64-linux-gnu/libnss_dns-2.19.so
7f65609d4000-7f65609d6000 r-xp 00000000 08:06 15601607                   /lib/x86_64-linux-gnu/libnss_mdns4_minimal.so.2
7f65609d6000-7f6560bd5000 ---p 00002000 08:06 15601607                   /lib/x86_64-linux-gnu/libnss_mdns4_minimal.so.2
7f6560bd5000-7f6560bd6000 r--p 00001000 08:06 15601607                   /lib/x86_64-linux-gnu/libnss_mdns4_minimal.so.2
7f6560bd6000-7f6560bd7000 rw-p 00002000 08:06 15601607                   /lib/x86_64-linux-gnu/libnss_mdns4_minimal.so.2
7f6560bd7000-7f6560dd7000 rw-p 00000000 00:00 0 
7f6560dd7000-7f6560dda000 ---p 00000000 00:00 0 
7f6560dda000-7f6560ed8000 rw-p 00000000 00:00 0                          [stack:9988]
7f6560ed8000-7f6560edb000 ---p 00000000 00:00 0 
7f6560edb000-7f6560fd9000 rw-p 00000000 00:00 0                          [stack:9987]
7f6560fd9000-7f6560fdc000 ---p 00000000 00:00 0 
7f6560fdc000-7f65610da000 rw-p 00000000 00:00 0                          [stack:9986]
7f65610da000-7f65610dd000 ---p 00000000 00:00 0 
7f65610dd000-7f65613db000 rw-p 00000000 00:00 0                          [stack:9985]
7f65613db000-7f65613de000 ---p 00000000 00:00 0 
7f65613de000-7f65614dc000 rw-p 00000000 00:00 0                          [stack:9984]
7f65614dc000-7f65614df000 ---p 00000000 00:00 0 
7f65614df000-7f65615dd000 rw-p 00000000 00:00 0                          [stack:9983]
7f65615dd000-7f65615e0000 ---p 00000000 00:00 0 
7f65615e0000-7f65616de000 rw-p 00000000 00:00 0                          [stack:9982]
7f65616de000-7f65616e1000 ---p 00000000 00:00 0 
7f65616e1000-7f65617df000 rw-p 00000000 00:00 0                          [stack:9981]
7f65617df000-7f65617e2000 ---p 00000000 00:00 0 
7f65617e2000-7f65618e0000 rw-p 00000000 00:00 0                          [stack:9980]
7f65618e0000-7f65618e3000 ---p 00000000 00:00 0 
7f65618e3000-7f65619e1000 rw-p 00000000 00:00 0 
7f65619e1000-7f65619e4000 ---p 00000000 00:00 0 
7f65619e4000-7f6561ae2000 rw-p 00000000 00:00 0 
7f6561ae2000-7f6561ae5000 ---p 00000000 00:00 0 
7f6561ae5000-7f6561de3000 rw-p 00000000 00:00 0                          [stack:10052]
7f6561de3000-7f6561de6000 ---p 00000000 00:00 0 
7f6561de6000-7f6561ee4000 rw-p 00000000 00:00 0 
7f6561ee4000-7f6561ee7000 ---p 00000000 00:00 0 
7f6561ee7000-7f6561fe5000 rw-p 00000000 00:00 0 
7f6561fe5000-7f6561fe8000 ---p 00000000 00:00 0 
7f6561fe8000-7f65622e6000 rw-p 00000000 00:00 0 
7f65622e6000-7f65622e9000 ---p 00000000 00:00 0 
7f65622e9000-7f65623e7000 rw-p 00000000 00:00 0 
7f65623e7000-7f65623ea000 ---p 00000000 00:00 0 
7f65623ea000-7f65626e8000 rw-p 00000000 00:00 0 
7f65626e8000-7f65626eb000 ---p 00000000 00:00 0 
7f65626eb000-7f65627e9000 rw-p 00000000 00:00 0 
7f65627e9000-7f65627ec000 ---p 00000000 00:00 0 
7f65627ec000-7f6562aea000 rw-p 00000000 00:00 0 
7f6562aea000-7f6562aed000 ---p 00000000 00:00 0 
7f6562aed000-7f6562beb000 rw-p 00000000 00:00 0 
7f6562beb000-7f6562bee000 ---p 00000000 00:00 0 
7f6562bee000-7f6562cec000 rw-p 00000000 00:00 0 
7f6562cec000-7f6562cef000 ---p 00000000 00:00 0 
7f6562cef000-7f6562ded000 rw-p 00000000 00:00 0 
7f6562ded000-7f6562df0000 ---p 00000000 00:00 0 
7f6562df0000-7f6562eee000 rw-p 00000000 00:00 0 
7f6562eee000-7f6562ef1000 ---p 00000000 00:00 0 
7f6562ef1000-7f6562fef000 rw-p 00000000 00:00 0 
7f6562fef000-7f6562ff2000 ---p 00000000 00:00 0 
7f6562ff2000-7f65630f0000 rw-p 00000000 00:00 0 
7f65630f0000-7f65630f3000 ---p 00000000 00:00 0 
7f65630f3000-7f65631f1000 rw-p 00000000 00:00 0 
7f65631f1000-7f65631f4000 ---p 00000000 00:00 0 
7f65631f4000-7f65634f2000 rw-p 00000000 00:00 0 
7f6563600000-7f6563800000 rw-p 00000000 00:00 0 
7f6563800000-7f6563a00000 rw-p 00000000 00:00 0 
7f6563a00000-7f6563c00000 rw-p 00000000 00:00 0 
7f6563c00000-7f6563e00000 rw-p 00000000 00:00 0 
7f6563e00000-7f6564000000 rw-p 00000000 00:00 0 
7f6564000000-7f6564583000 rw-p 00000000 00:00 0 
7f6564583000-7f6568000000 ---p 00000000 00:00 0 
7f6568000000-7f6568021000 rw-p 00000000 00:00 0 
7f6568021000-7f656c000000 ---p 00000000 00:00 0 
7f656c000000-7f656c03c000 rw-p 00000000 00:00 0 
7f656c03c000-7f6570000000 ---p 00000000 00:00 0 
7f6570000000-7f6570f4d000 rw-p 00000000 00:00 0 
7f6570f4d000-7f6574000000 ---p 00000000 00:00 0 
7f6574000000-7f6574021000 rw-p 00000000 00:00 0 
7f6574021000-7f6578000000 ---p 00000000 00:00 0 
7f6578000000-7f6578021000 rw-p 00000000 00:00 0 
7f6578021000-7f657c000000 ---p 00000000 00:00 0 
7f657c000000-7f657c021000 rw-p 00000000 00:00 0 
7f657c021000-7f6580000000 ---p 00000000 00:00 0 
7f6580000000-7f6580021000 rw-p 00000000 00:00 0 
7f6580021000-7f6584000000 ---p 00000000 00:00 0 
7f6584000000-7f6584064000 rw-p 00000000 00:00 0 
7f6584064000-7f6588000000 ---p 00000000 00:00 0 
7f6588000000-7f6588021000 rw-p 00000000 00:00 0 
7f6588021000-7f658c000000 ---p 00000000 00:00 0 
7f658c000000-7f658c021000 rw-p 00000000 00:00 0 
7f658c021000-7f6590000000 ---p 00000000 00:00 0 
7f6590000000-7f6590021000 rw-p 00000000 00:00 0 
7f6590021000-7f6594000000 ---p 00000000 00:00 0 
7f6594000000-7f65940c5000 rw-p 00000000 00:00 0 
7f65940c5000-7f6598000000 ---p 00000000 00:00 0 
7f6598000000-7f6598021000 rw-p 00000000 00:00 0 
7f6598021000-7f659c000000 ---p 00000000 00:00 0 
7f659c000000-7f659c021000 rw-p 00000000 00:00 0 
7f659c021000-7f65a0000000 ---p 00000000 00:00 0 
7f65a0000000-7f65a0021000 rw-p 00000000 00:00 0 
7f65a0021000-7f65a4000000 ---p 00000000 00:00 0 
7f65a4000000-7f65a466e000 rw-p 00000000 00:00 0 
7f65a466e000-7f65a8000000 ---p 00000000 00:00 0 
7f65a8000000-7f65a8021000 rw-p 00000000 00:00 0 
7f65a8021000-7f65ac000000 ---p 00000000 00:00 0 
7f65ac000000-7f65ac021000 rw-p 00000000 00:00 0 
7f65ac021000-7f65b0000000 ---p 00000000 00:00 0 
7f65b0000000-7f65b0021000 rw-p 00000000 00:00 0 
7f65b0021000-7f65b4000000 ---p 00000000 00:00 0 
7f65b4000000-7f65b4021000 rw-p 00000000 00:00 0 
7f65b4021000-7f65b8000000 ---p 00000000 00:00 0 
7f65b8000000-7f65b8021000 rw-p 00000000 00:00 0 
7f65b8021000-7f65bc000000 ---p 00000000 00:00 0 
7f65bc000000-7f65bc021000 rw-p 00000000 00:00 0 
7f65bc021000-7f65c0000000 ---p 00000000 00:00 0 
7f65c0000000-7f65c0021000 rw-p 00000000 00:00 0 
7f65c0021000-7f65c4000000 ---p 00000000 00:00 0 
7f65c4000000-7f65c58bc000 rw-p 00000000 00:00 0 
7f65c58bc000-7f65c8000000 ---p 00000000 00:00 0 
7f65c8000000-7f65c8a52000 rw-p 00000000 00:00 0 
7f65c8a52000-7f65cc000000 ---p 00000000 00:00 0 
7f65cc000000-7f65cd331000 rw-p 00000000 00:00 0 
7f65cd331000-7f65d0000000 ---p 00000000 00:00 0 
7f65d0000000-7f65d24f0000 rw-p 00000000 00:00 0 
7f65d24f0000-7f65d4000000 ---p 00000000 00:00 0 
7f65d4000000-7f65d40bd000 rw-p 00000000 00:00 0 
7f65d40bd000-7f65d8000000 ---p 00000000 00:00 0 
7f65d8000000-7f65d8021000 rw-p 00000000 00:00 0 
7f65d8021000-7f65dc000000 ---p 00000000 00:00 0 
7f65dc000000-7f65dc021000 rw-p 00000000 00:00 0 
7f65dc021000-7f65e0000000 ---p 00000000 00:00 0 
7f65e0000000-7f65e0021000 rw-p 00000000 00:00 0 
7f65e0021000-7f65e4000000 ---p 00000000 00:00 0 
7f65e4000000-7f65e4021000 rw-p 00000000 00:00 0 
7f65e4021000-7f65e8000000 ---p 00000000 00:00 0 
7f65e8000000-7f65e8021000 rw-p 00000000 00:00 0 
7f65e8021000-7f65ec000000 ---p 00000000 00:00 0 
7f65ec000000-7f65ec23c000 rw-p 00000000 00:00 0 
7f65ec23c000-7f65f0000000 ---p 00000000 00:00 0 
7f65f004f000-7f65f0052000 ---p 00000000 00:00 0 
7f65f0052000-7f65f0350000 rw-p 00000000 00:00 0 
7f65f0350000-7f65f8000000 rw-p 00000000 00:00 0 
7f65f8000000-7f65f8021000 rw-p 00000000 00:00 0 
7f65f8021000-7f65fc000000 ---p 00000000 00:00 0 
7f65fc000000-7f65fc021000 rw-p 00000000 00:00 0 
7f65fc021000-7f6600000000 ---p 00000000 00:00 0 
7f6600000000-7f6600021000 rw-p 00000000 00:00 0 
7f6600021000-7f6604000000 ---p 00000000 00:00 0 
7f66040e9000-7f66040f0000 r--s 00000000 08:06 15863595                   /usr/lib/x86_64-linux-gnu/gconv/gconv-modules.cache
7f66040f0000-7f66040f3000 ---p 00000000 00:00 0 
7f66040f3000-7f66041f1000 rw-p 00000000 00:00 0 
7f66041f1000-7f66041f3000 r--s 00003000 08:06 659380                     /usr/local/development/dev-7-7/Ignition/IgnitionWebApp/src/main/home/temp/sfc-gateway-api7042653709195042347.jar
7f66041f3000-7f66041f6000 r--s 00019000 08:06 659379                     /usr/local/development/dev-7-7/Ignition/IgnitionWebApp/src/main/home/temp/sfc-gateway8312985046835965109.jar
7f66041f6000-7f66041f9000 r--s 00016000 08:06 659378                     /usr/local/development/dev-7-7/Ignition/IgnitionWebApp/src/main/home/temp/sfc-common690942893765260539.jar
7f66041f9000-7f66041fd000 r--s 000be000 08:06 658862                     /usr/local/development/dev-7-7/Ignition/IgnitionWebApp/src/main/home/temp/vis-gateway3062346615524574151.jar
7f66041fd000-7f6604205000 r--s 0009e000 08:06 657755                     /usr/local/development/dev-7-7/Ignition/IgnitionWebApp/src/main/home/temp/secsgem-gateway6766196349503470989.jar
7f6604205000-7f6604405000 rw-p 00000000 00:00 0 
7f6604405000-7f6604408000 ---p 00000000 00:00 0 
7f6604408000-7f6604506000 rw-p 00000000 00:00 0 
7f6604506000-7f6604509000 ---p 00000000 00:00 0 
7f6604509000-7f6604807000 rw-p 00000000 00:00 0                          [stack:9956]
7f6604a09000-7f6604a0c000 ---p 00000000 00:00 0 
7f6604a0c000-7f6604b0a000 rw-p 00000000 00:00 0 
7f6604b0a000-7f6604b0d000 ---p 00000000 00:00 0 
7f6604b0d000-7f6604c0b000 rw-p 00000000 00:00 0                          [stack:10051]
7f6604c0b000-7f6604c0e000 ---p 00000000 00:00 0 
7f6604c0e000-7f6604f0c000 rw-p 00000000 00:00 0 
7f6604f0c000-7f6604f1f000 r--s 00345000 08:06 20582253                   /usr/lib/jvm/jdk1.8.0_20/jre/lib/resources.jar
7f6604f1f000-7f6604f22000 ---p 00000000 00:00 0 
7f6604f22000-7f6605221000 rw-p 00000000 00:00 0 
7f6605221000-7f6605222000 r--s 00002000 08:06 658869                     /usr/local/development/dev-7-7/Ignition/IgnitionWebApp/src/main/home/temp/vis-common8191826186944210126.jar
7f6605222000-7f6605223000 r--s 00004000 08:06 658858                     /usr/local/development/dev-7-7/Ignition/IgnitionWebApp/src/main/home/temp/secsgem-shared121990185068830815.jar
7f6605223000-7f6605224000 r--s 00000000 08:06 2365020                    /usr/local/development/dev-7-7/Ignition/IgnitionWebApp/target/ignition-webapp-7.7/WEB-INF/lib/xopc-common-2.7.2-20141104.213412-19.jar
7f6605224000-7f660523c000 r--s 000f7000 08:06 2365016                    /usr/local/development/dev-7-7/Ignition/IgnitionWebApp/target/ignition-webapp-7.7/WEB-INF/lib/xopc-2.7.2-20141104.213433-19.jar
7f660523c000-7f6605249000 r--s 000a0000 08:06 2365222                    /usr/local/development/dev-7-7/Ignition/IgnitionWebApp/target/ignition-webapp-7.7/WEB-INF/lib/winpack-3.8.3.jar
7f6605249000-7f6605253000 r--s 0005c000 08:06 2364945                    /usr/local/development/dev-7-7/Ignition/IgnitionWebApp/target/ignition-webapp-7.7/WEB-INF/lib/wicket-util-6.1.1.jar
7f6605253000-7f6605256000 r--s 00012000 08:06 2364946                    /usr/local/development/dev-7-7/Ignition/IgnitionWebApp/target/ignition-webapp-7.7/WEB-INF/lib/wicket-request-6.1.1.jar
7f6605256000-7f6605268000 r--s 00138000 08:06 2364948                    /usr/local/development/dev-7-7/Ignition/IgnitionWebApp/target/ignition-webapp-7.7/WEB-INF/lib/wicket-extensions-6.1.1.jar
7f6605268000-7f660526b000 r--s 00038000 08:06 2364947                    /usr/local/development/dev-7-7/Ignition/IgnitionWebApp/target/ignition-webapp-7.7/WEB-INF/lib/wicket-datetime-6.1.1.jar
7f660526b000-7f660528e000 r--s 001a3000 08:06 2364944                    /usr/local/development/dev-7-7/Ignition/IgnitionWebApp/target/ignition-webapp-7.7/WEB-INF/lib/wicket-core-6.1.1.jar
7f660528e000-7f6605290000 r--s 0012e000 08:06 2365207                    /usr/local/development/dev-7-7/Ignition/IgnitionWebApp/target/ignition-webapp-7.7/WEB-INF/lib/voice-cmu-slt-hsmm-5.0.jar
7f6605290000-7f6605291000 r--s 00006000 08:06 2365022                    /usr/local/development/dev-7-7/Ignition/IgnitionWebApp/target/ignition-webapp-7.7/WEB-INF/lib/user-manual-module-1.7.0-20131026.004611-6.jar
7f6605291000-7f6605292000 r--s 00268000 08:06 2365208                    /usr/local/development/dev-7-7/Ignition/IgnitionWebApp/target/ignition-webapp-7.7/WEB-INF/lib/ttsengine-ivona-2.7.2-20141104.214148-19.jar
7f6605292000-7f6605295000 r--s 00017000 08:06 2365002                    /usr/local/development/dev-7-7/Ignition/IgnitionWebApp/target/ignition-webapp-7.7/WEB-INF/lib/timingframework-1.0.jar
7f6605295000-7f6605297000 r--s 00001000 08:06 2364734                    /usr/local/development/dev-7-7/Ignition/IgnitionWebApp/target/ignition-webapp-7.7/WEB-INF/lib/slf4j-log4j12-1.7.5.jar
7f6605297000-7f6605299000 r--s 00005000 08:06 2364733                    /usr/local/development/dev-7-7/Ignition/IgnitionWebApp/target/ignition-webapp-7.7/WEB-INF/lib/slf4j-api-1.7.5.jar
7f6605299000-7f66052a3000 r--s 00061000 08:06 2365204                    /usr/local/development/dev-7-7/Ignition/IgnitionWebApp/target/ignition-webapp-7.7/WEB-INF/lib/sip-notification-2.7.2-20141104.214142-19.jar
7f66052a3000-7f66052a6000 r--s 0001f000 08:06 4198129                    /usr/local/development/dev-7-7/Ignition/IgnitionWebApp/target/ignition-webapp-7.7/WEB-INF/lib/simple-orm-7.7.2-SNAPSHOT.jar
7f66052a6000-7f66052a8000 r--s 00003000 08:06 2365213                    /usr/local/development/dev-7-7/Ignition/IgnitionWebApp/target/ignition-webapp-7.7/WEB-INF/lib/sfc-gateway-api-1.7.1-SNAPSHOT.jar
7f66052a8000-7f66052ab000 r--s 00019000 08:06 2365212                    /usr/local/development/dev-7-7/Ignition/IgnitionWebApp/target/ignition-webapp-7.7/WEB-INF/lib/sfc-gateway-1.7.1-SNAPSHOT.jar
7f66052ab000-7f66052ae000 r--s 00016000 08:06 2365214                    /usr/local/development/dev-7-7/Ignition/IgnitionWebApp/target/ignition-webapp-7.7/WEB-INF/lib/sfc-common-1.7.1-SNAPSHOT.jar
7f66052ae000-7f66052b0000 r--s 0000f000 08:06 2365217                    /usr/local/development/dev-7-7/Ignition/IgnitionWebApp/target/ignition-webapp-7.7/WEB-INF/lib/serialio-8.7.0.jar
7f66052b0000-7f66052b2000 r--s 00028000 08:06 2365215                    /usr/local/development/dev-7-7/Ignition/IgnitionWebApp/target/ignition-webapp-7.7/WEB-INF/lib/serial-support-gateway-2.7.2-20141104.214033-19.jar
7f66052b2000-7f66052b4000 r--s 00002000 08:06 2365216                    /usr/local/development/dev-7-7/Ignition/IgnitionWebApp/target/ignition-webapp-7.7/WEB-INF/lib/serial-support-common-2.7.2-20141104.214027-19.jar
7f66052b4000-7f66052b9000 r--s 0003e000 08:06 2364955                    /usr/local/development/dev-7-7/Ignition/IgnitionWebApp/target/ignition-webapp-7.7/WEB-INF/lib/saaj-impl-1.3.jar
7f66052b9000-7f66052bb000 r--s 00003000 08:06 2364956                    /usr/local/development/dev-7-7/Ignition/IgnitionWebApp/target/ignition-webapp-7.7/WEB-INF/lib/saaj-api-1.3.jar
7f66052bb000-7f66052c5000 r--s 0005c000 08:06 2365219                    /usr/local/development/dev-7-7/Ignition/IgnitionWebApp/target/ignition-webapp-7.7/WEB-INF/lib/opccom-gateway-2.7.2-20141104.213642-1.jar
7f66052c5000-7f66052c6000 r--s 00001000 08:06 2365218                    /usr/local/development/dev-7-7/Ignition/IgnitionWebApp/target/ignition-webapp-7.7/WEB-INF/lib/opccom-common-2.7.2-20141104.213635-1.jar
7f66052c6000-7f66052cb000 r--s 00086000 08:06 2365210                    /usr/local/development/dev-7-7/Ignition/IgnitionWebApp/target/ignition-webapp-7.7/WEB-INF/lib/mobile-gateway-2.7.2-20141104.213623-19.jar
7f66052cb000-7f66052cd000 r--s 00002000 08:06 2365211                    /usr/local/development/dev-7-7/Ignition/IgnitionWebApp/target/ignition-webapp-7.7/WEB-INF/lib/mobile-common-2.7.2-20141104.213605-19.jar
7f66052cd000-7f66052ce000 r--s 00003000 08:06 2365006                    /usr/local/development/dev-7-7/Ignition/IgnitionWebApp/target/ignition-webapp-7.7/WEB-INF/lib/miglayout-swing-4.2.jar
7f66052ce000-7f66052d0000 r--s 0000f000 08:06 2365007                    /usr/local/development/dev-7-7/Ignition/IgnitionWebApp/target/ignition-webapp-7.7/WEB-INF/lib/miglayout-core-4.2.jar
7f66052d0000-7f66052d3000 r--s 00012000 08:06 2364935                    /usr/local/development/dev-7-7/Ignition/IgnitionWebApp/target/ignition-webapp-7.7/WEB-INF/lib/metrics-core-3.0.1.jar
7f66052d3000-7f6605342000 r--s 007bb000 08:06 2365205                    /usr/local/development/dev-7-7/Ignition/IgnitionWebApp/target/ignition-webapp-7.7/WEB-INF/lib/marytts-server-5.0.jar
7f6605342000-7f6605345000 r--s 0069c000 08:06 2365206                    /usr/local/development/dev-7-7/Ignition/IgnitionWebApp/target/ignition-webapp-7.7/WEB-INF/lib/marytts-lang-en-5.0.jar
7f6605345000-7f660534d000 r--s 00075000 08:06 2364951                    /usr/local/development/dev-7-7/Ignition/IgnitionWebApp/target/ignition-webapp-7.7/WEB-INF/lib/mail-1.4.5.jar
7f660534d000-7f6605354000 r--s 00059000 08:06 2364732                    /usr/local/development/dev-7-7/Ignition/IgnitionWebApp/target/ignition-webapp-7.7/WEB-INF/lib/log4j-1.2.15.jar
7f6605354000-7f66053f1000 r--s 0082e000 08:06 2364728                    /usr/local/development/dev-7-7/Ignition/IgnitionWebApp/target/ignition-webapp-7.7/WEB-INF/lib/jython-2.5.3-guava-upgrade.jar
7f66053f1000-7f66053f2000 r--s 00001000 08:06 2364765                    /usr/local/development/dev-7-7/Ignition/IgnitionWebApp/target/ignition-webapp-7.7/WEB-INF/lib/jul-to-slf4j-1.7.5.jar
7f66053f2000-7f66053f8000 r--s 00036000 08:06 2364949                    /usr/local/development/dev-7-7/Ignition/IgnitionWebApp/target/ignition-webapp-7.7/WEB-INF/lib/jquery-ui-core-6.1.0.jar
7f66053f8000-7f6605407000 r--s 0007c000 08:06 2364936                    /usr/local/development/dev-7-7/Ignition/IgnitionWebApp/target/ignition-webapp-7.7/WEB-INF/lib/joda-time-2.0.jar
7f6605407000-7f660540b000 r--s 00037000 08:06 2365221                    /usr/local/development/dev-7-7/Ignition/IgnitionWebApp/target/ignition-webapp-7.7/WEB-INF/lib/jniwrap-3.8.3.jar
7f660540b000-7f660540d000 r--s 00011000 08:06 2365015                    /usr/local/development/dev-7-7/Ignition/IgnitionWebApp/target/ignition-webapp-7.7/WEB-INF/lib/jide-shortcut-3.5.13.jar
7f660540d000-7f6605411000 r--s 00022000 08:06 2365010                    /usr/local/development/dev-7-7/Ignition/IgnitionWebApp/target/ignition-webapp-7.7/WEB-INF/lib/jide-plaf-3.5.13.jar
7f6605411000-7f6605437000 r--s 001da000 08:06 2365009                    /usr/local/development/dev-7-7/Ignition/IgnitionWebApp/target/ignition-webapp-7.7/WEB-INF/lib/jide-grids-3.5.13.jar
7f6605437000-7f6605441000 r--s 00061000 08:06 2365014                    /usr/local/development/dev-7-7/Ignition/IgnitionWebApp/target/ignition-webapp-7.7/WEB-INF/lib/jide-editor-3.5.13.jar
7f6605441000-7f6605447000 r--s 0004f000 08:06 2365013                    /usr/local/development/dev-7-7/Ignition/IgnitionWebApp/target/ignition-webapp-7.7/WEB-INF/lib/jide-dock-3.5.13.jar
7f6605447000-7f6605449000 r--s 0000c000 08:06 2365012                    /usr/local/development/dev-7-7/Ignition/IgnitionWebApp/target/ignition-webapp-7.7/WEB-INF/lib/jide-dialogs-3.5.13.jar
7f6605449000-7f6605451000 r--s 00055000 08:06 2365008                    /usr/local/development/dev-7-7/Ignition/IgnitionWebApp/target/ignition-webapp-7.7/WEB-INF/lib/jide-components-3.5.13.jar
7f6605451000-7f660546e000 r--s 00155000 08:06 2364766                    /usr/local/development/dev-7-7/Ignition/IgnitionWebApp/target/ignition-webapp-7.7/WEB-INF/lib/jide-common-3.5.13.jar
7f660546e000-7f6605473000 r--s 0002f000 08:06 2365011                    /usr/local/development/dev-7-7/Ignition/IgnitionWebApp/target/ignition-webapp-7.7/WEB-INF/lib/jide-action-3.5.13.jar
7f6605473000-7f6605487000 r--s 0017c000 08:06 2365004                    /usr/local/development/dev-7-7/Ignition/IgnitionWebApp/target/ignition-webapp-7.7/WEB-INF/lib/jfreechart-min-1.0.0.jar
7f6605487000-7f6605489000 r--s 00004000 08:06 2364991                    /usr/local/development/dev-7-7/Ignition/IgnitionWebApp/target/ignition-webapp-7.7/WEB-INF/lib/jaxrpc-spi-1.1.3_01.jar
7f6605489000-7f66054a6000 r--s 001ea000 08:06 2364953                    /usr/local/development/dev-7-7/Ignition/IgnitionWebApp/target/ignition-webapp-7.7/WEB-INF/lib/jaxrpc-impl-1.1.3_01.jar
7f66054a6000-7f66054a8000 r--s 00005000 08:06 2364954                    /usr/local/development/dev-7-7/Ignition/IgnitionWebApp/target/ignition-webapp-7.7/WEB-INF/lib/jaxrpc-api-1.1.jar
7f66054a8000-7f66054aa000 r--s 00013000 08:06 2364730                    /usr/local/development/dev-7-7/Ignition/IgnitionWebApp/target/ignition-webapp-7.7/WEB-INF/lib/java-cup-10k.jar
7f66054aa000-7f66054ab000 r--s 00003000 08:06 2365209                    /usr/local/development/dev-7-7/Ignition/IgnitionWebApp/target/ignition-webapp-7.7/WEB-INF/lib/ivonatts-1.0.0.jar
7f66054ab000-7f66054ad000 r--s 00001000 08:06 2365019                    /usr/local/development/dev-7-7/Ignition/IgnitionWebApp/target/ignition-webapp-7.7/WEB-INF/lib/io-session-3.0.0-20130122.214435-9.jar
7f66054ad000-7f66054b8000 r--s 00073000 08:06 2365018                    /usr/local/development/dev-7-7/Ignition/IgnitionWebApp/target/ignition-webapp-7.7/WEB-INF/lib/ia-opcua-2.7.2-20141104.213404-19.jar
7f66054b8000-7f66054c6000 r--s 0014e000 08:06 2364950                    /usr/local/development/dev-7-7/Ignition/IgnitionWebApp/target/ignition-webapp-7.7/WEB-INF/lib/hsqldb-2.2.9.jar
7f66054c6000-7f66054c7000 r--s 00001000 08:06 2365000                    /usr/local/development/dev-7-7/Ignition/IgnitionWebApp/target/ignition-webapp-7.7/WEB-INF/lib/hasp-srm-api-1.0.0.jar
7f66054c7000-7f66054eb000 r--s 001aa000 08:06 2364726                    /usr/local/development/dev-7-7/Ignition/IgnitionWebApp/target/ignition-webapp-7.7/WEB-INF/lib/guava-13.0.1.jar
7f66054eb000-7f6605510000 r--s 00155000 08:06 4198528                    /usr/local/development/dev-7-7/Ignition/IgnitionWebApp/target/ignition-webapp-7.7/WEB-INF/lib/gateway-api-7.7.2-SNAPSHOT.jar
7f6605510000-7f6605545000 r--s 00273000 08:06 4198535                    /usr/local/development/dev-7-7/Ignition/IgnitionWebApp/target/ignition-webapp-7.7/WEB-INF/lib/gateway-7.7.2-SNAPSHOT.jar
7f6605545000-7f6605549000 r--s 00016000 08:06 2365023                    /usr/local/development/dev-7-7/Ignition/IgnitionWebApp/target/ignition-webapp-7.7/WEB-INF/lib/fsql-common-6.7.2-20141104.213458-19.jar
7f6605549000-7f6605551000 r--s 001ca000 08:06 2365024                    /usr/local/development/dev-7-7/Ignition/IgnitionWebApp/target/ignition-webapp-7.7/WEB-INF/lib/fsql-6.7.2-20141104.213508-19.jar
7f6605551000-7f6605555000 r--s 000be000 08:06 4198527                    /usr/local/development/dev-7-7/Ignition/IgnitionWebApp/target/ignition-webapp-7.7/WEB-INF/lib/fpmi-gateway-7.7.2-SNAPSHOT.jar
7f6605555000-7f6605556000 r--s 00001000 08:06 4198522                    /usr/local/development/dev-7-7/Ignition/IgnitionWebApp/target/ignition-webapp-7.7/WEB-INF/lib/fpmi-common-7.7.2-SNAPSHOT.jar
7f6605556000-7f66055ac000 r--s 00512000 08:06 4198523                    /usr/local/development/dev-7-7/Ignition/IgnitionWebApp/target/ignition-webapp-7.7/WEB-INF/lib/designer-7.7.2-SNAPSHOT.jar
7f66055ac000-7f66055dd000 r--s 001ea000 08:06 4198525                    /usr/local/development/dev-7-7/Ignition/IgnitionWebApp/target/ignition-webapp-7.7/WEB-INF/lib/common-7.7.2-SNAPSHOT.jar
7f66055dd000-7f66055e0000 ---p 00000000 00:00 0 
7f66055e0000-7f66058de000 rw-p 00000000 00:00 0 
7f66058de000-7f66058e1000 ---p 00000000 00:00 0 
7f66058e1000-7f66059df000 rw-p 00000000 00:00 0                          [stack:9942]
7f66059df000-7f66059e2000 ---p 00000000 00:00 0 
7f66059e2000-7f6605ae0000 rw-p 00000000 00:00 0                          [stack:9941]
7f6605ae0000-7f6605ae3000 ---p 00000000 00:00 0 
7f6605ae3000-7f6605be1000 rw-p 00000000 00:00 0                          [stack:9940]
7f6605be1000-7f6605be4000 ---p 00000000 00:00 0 
7f6605be4000-7f6605ce2000 rw-p 00000000 00:00 0                          [stack:9939]
7f6605ce2000-7f6605ce5000 ---p 00000000 00:00 0 
7f6605ce5000-7f6605de3000 rw-p 00000000 00:00 0                          [stack:9938]
7f6605de3000-7f6605de6000 ---p 00000000 00:00 0 
7f6605de6000-7f6605ee4000 rw-p 00000000 00:00 0                          [stack:9937]
7f6605ee4000-7f6605ee7000 ---p 00000000 00:00 0 
7f6605ee7000-7f6605fe5000 rw-p 00000000 00:00 0 
7f6605fe5000-7f6605ffb000 r-xp 00000000 08:06 15602357                   /lib/x86_64-linux-gnu/libgcc_s.so.1
7f6605ffb000-7f66061fa000 ---p 00016000 08:06 15602357                   /lib/x86_64-linux-gnu/libgcc_s.so.1
7f66061fa000-7f66061fb000 rw-p 00015000 08:06 15602357                   /lib/x86_64-linux-gnu/libgcc_s.so.1
7f66061fb000-7f660622d000 r-xp 00000000 08:06 20582265                   /usr/lib/jvm/jdk1.8.0_20/jre/lib/amd64/libsunec.so
7f660622d000-7f660642c000 ---p 00032000 08:06 20582265                   /usr/lib/jvm/jdk1.8.0_20/jre/lib/amd64/libsunec.so
7f660642c000-7f6606432000 rw-p 00031000 08:06 20582265                   /usr/lib/jvm/jdk1.8.0_20/jre/lib/amd64/libsunec.so
7f6606432000-7f6606642000 rw-p 00000000 00:00 0 
7f6606642000-7f6606647000 r-xp 00000000 08:06 15211194                   /usr/lib/x86_64-linux-gnu/libXdmcp.so.6.0.0
7f6606647000-7f6606846000 ---p 00005000 08:06 15211194                   /usr/lib/x86_64-linux-gnu/libXdmcp.so.6.0.0
7f6606846000-7f6606847000 r--p 00004000 08:06 15211194                   /usr/lib/x86_64-linux-gnu/libXdmcp.so.6.0.0
7f6606847000-7f6606848000 rw-p 00005000 08:06 15211194                   /usr/lib/x86_64-linux-gnu/libXdmcp.so.6.0.0
7f6606848000-7f660684a000 r-xp 00000000 08:06 15211183                   /usr/lib/x86_64-linux-gnu/libXau.so.6.0.0
7f660684a000-7f6606a4a000 ---p 00002000 08:06 15211183                   /usr/lib/x86_64-linux-gnu/libXau.so.6.0.0
7f6606a4a000-7f6606a4b000 r--p 00002000 08:06 15211183                   /usr/lib/x86_64-linux-gnu/libXau.so.6.0.0
7f6606a4b000-7f6606a4c000 rw-p 00003000 08:06 15211183                   /usr/lib/x86_64-linux-gnu/libXau.so.6.0.0
7f6606a4c000-7f6606a69000 r-xp 00000000 08:06 15212358                   /usr/lib/x86_64-linux-gnu/libxcb.so.1.1.0
7f6606a69000-7f6606c69000 ---p 0001d000 08:06 15212358                   /usr/lib/x86_64-linux-gnu/libxcb.so.1.1.0
7f6606c69000-7f6606c6a000 r--p 0001d000 08:06 15212358                   /usr/lib/x86_64-linux-gnu/libxcb.so.1.1.0
7f6606c6a000-7f6606c6b000 rw-p 0001e000 08:06 15212358                   /usr/lib/x86_64-linux-gnu/libxcb.so.1.1.0
7f6606c6b000-7f6606c7a000 r-xp 00000000 08:06 15211204                   /usr/lib/x86_64-linux-gnu/libXi.so.6.1.0
7f6606c7a000-7f6606e79000 ---p 0000f000 08:06 15211204                   /usr/lib/x86_64-linux-gnu/libXi.so.6.1.0
7f6606e79000-7f6606e7a000 r--p 0000e000 08:06 15211204                   /usr/lib/x86_64-linux-gnu/libXi.so.6.1.0
7f6606e7a000-7f6606e7b000 rw-p 0000f000 08:06 15211204                   /usr/lib/x86_64-linux-gnu/libXi.so.6.1.0
7f6606e7b000-7f6606e80000 r-xp 00000000 08:06 15211222                   /usr/lib/x86_64-linux-gnu/libXtst.so.6.1.0
7f6606e80000-7f660707f000 ---p 00005000 08:06 15211222                   /usr/lib/x86_64-linux-gnu/libXtst.so.6.1.0
7f660707f000-7f6607080000 r--p 00004000 08:06 15211222                   /usr/lib/x86_64-linux-gnu/libXtst.so.6.1.0
7f6607080000-7f6607081000 rw-p 00005000 08:06 15211222                   /usr/lib/x86_64-linux-gnu/libXtst.so.6.1.0
7f6607081000-7f660708a000 r-xp 00000000 08:06 15211216                   /usr/lib/x86_64-linux-gnu/libXrender.so.1.3.0
7f660708a000-7f6607289000 ---p 00009000 08:06 15211216                   /usr/lib/x86_64-linux-gnu/libXrender.so.1.3.0
7f6607289000-7f660728a000 r--p 00008000 08:06 15211216                   /usr/lib/x86_64-linux-gnu/libXrender.so.1.3.0
7f660728a000-7f660728b000 rw-p 00009000 08:06 15211216                   /usr/lib/x86_64-linux-gnu/libXrender.so.1.3.0
7f660728b000-7f66073bb000 r-xp 00000000 08:06 15211179                   /usr/lib/x86_64-linux-gnu/libX11.so.6.3.0
7f66073bb000-7f66075bb000 ---p 00130000 08:06 15211179                   /usr/lib/x86_64-linux-gnu/libX11.so.6.3.0
7f66075bb000-7f66075bc000 r--p 00130000 08:06 15211179                   /usr/lib/x86_64-linux-gnu/libX11.so.6.3.0
7f66075bc000-7f66075c0000 rw-p 00131000 08:06 15211179                   /usr/lib/x86_64-linux-gnu/libX11.so.6.3.0
7f66075c0000-7f66075d1000 r-xp 00000000 08:06 15211196                   /usr/lib/x86_64-linux-gnu/libXext.so.6.4.0
7f66075d1000-7f66077d0000 ---p 00011000 08:06 15211196                   /usr/lib/x86_64-linux-gnu/libXext.so.6.4.0
7f66077d0000-7f66077d1000 r--p 00010000 08:06 15211196                   /usr/lib/x86_64-linux-gnu/libXext.so.6.4.0
7f66077d1000-7f66077d2000 rw-p 00011000 08:06 15211196                   /usr/lib/x86_64-linux-gnu/libXext.so.6.4.0
7f66077d2000-7f6607826000 r-xp 00000000 08:06 20582307                   /usr/lib/jvm/jdk1.8.0_20/jre/lib/amd64/libawt_xawt.so
7f6607826000-7f6607a26000 ---p 00054000 08:06 20582307                   /usr/lib/jvm/jdk1.8.0_20/jre/lib/amd64/libawt_xawt.so
7f6607a26000-7f6607a2a000 rw-p 00054000 08:06 20582307                   /usr/lib/jvm/jdk1.8.0_20/jre/lib/amd64/libawt_xawt.so
7f6607a2a000-7f6607a2b000 rw-p 00000000 00:00 0 
7f6607a2b000-7f6607acd000 r-xp 00000000 08:06 20582293                   /usr/lib/jvm/jdk1.8.0_20/jre/lib/amd64/libawt.so
7f6607acd000-7f6607ccd000 ---p 000a2000 08:06 20582293                   /usr/lib/jvm/jdk1.8.0_20/jre/lib/amd64/libawt.so
7f6607ccd000-7f6607cd9000 rw-p 000a2000 08:06 20582293                   /usr/lib/jvm/jdk1.8.0_20/jre/lib/amd64/libawt.so
7f6607cd9000-7f6607cfd000 rw-p 00000000 00:00 0 
7f6607cfd000-7f6607d00000 ---p 00000000 00:00 0 
7f6607d00000-7f6607dfe000 rw-p 00000000 00:00 0                          [stack:9934]
7f6607dfe000-7f6607e01000 ---p 00000000 00:00 0 
7f6607e01000-7f6607eff000 rw-p 00000000 00:00 0                          [stack:9935]
7f6607eff000-7f6607f02000 ---p 00000000 00:00 0 
7f6607f02000-7f6608000000 rw-p 00000000 00:00 0                          [stack:9931]
7f6608000000-7f6608021000 rw-p 00000000 00:00 0 
7f6608021000-7f660c000000 ---p 00000000 00:00 0 
7f660c000000-7f660c021000 rw-p 00000000 00:00 0 
7f660c021000-7f6610000000 ---p 00000000 00:00 0 
7f6610000000-7f6610021000 rw-p 00000000 00:00 0 
7f6610021000-7f6614000000 ---p 00000000 00:00 0 
7f6614000000-7f6614021000 rw-p 00000000 00:00 0 
7f6614021000-7f6618000000 ---p 00000000 00:00 0 
7f6618000000-7f6618003000 r--s 00013000 08:06 2365003                    /usr/local/development/dev-7-7/Ignition/IgnitionWebApp/target/ignition-webapp-7.7/WEB-INF/lib/forms-1.0.7.jar
7f6618003000-7f6618005000 r--s 00003000 08:06 2365021                    /usr/local/development/dev-7-7/Ignition/IgnitionWebApp/target/ignition-webapp-7.7/WEB-INF/lib/drivers-common-2.7.2-20141104.213438-19.jar
7f6618005000-7f661800c000 r--s 0002f000 08:06 2365017                    /usr/local/development/dev-7-7/Ignition/IgnitionWebApp/target/ignition-webapp-7.7/WEB-INF/lib/driver-api-2.7.2-20141104.213410-19.jar
7f661800c000-7f661800e000 r--s 00007000 08:06 2364731                    /usr/local/development/dev-7-7/Ignition/IgnitionWebApp/target/ignition-webapp-7.7/WEB-INF/lib/cron4j-2.2.3.jar
7f661800e000-7f6618015000 r--s 00054000 08:06 2364729                    /usr/local/development/dev-7-7/Ignition/IgnitionWebApp/target/ignition-webapp-7.7/WEB-INF/lib/core-1.7.jar
7f6618015000-7f6618018000 r--s 00013000 08:06 2364999                    /usr/local/development/dev-7-7/Ignition/IgnitionWebApp/target/ignition-webapp-7.7/WEB-INF/lib/commons-pool-1.4.jar
7f6618018000-7f661801a000 r--s 0000d000 08:06 2364941                    /usr/local/development/dev-7-7/Ignition/IgnitionWebApp/target/ignition-webapp-7.7/WEB-INF/lib/commons-logging-1.1.1.jar
7f661801a000-7f6618020000 r--s 00048000 08:06 2364723                    /usr/local/development/dev-7-7/Ignition/IgnitionWebApp/target/ignition-webapp-7.7/WEB-INF/lib/commons-lang3-3.1.jar
7f6618020000-7f6618022000 r--s 0000e000 08:06 2364942                    /usr/local/development/dev-7-7/Ignition/IgnitionWebApp/target/ignition-webapp-7.7/WEB-INF/lib/commons-lang-1.0.jar
7f6618022000-7f6618025000 r--s 00025000 08:06 2364722                    /usr/local/development/dev-7-7/Ignition/IgnitionWebApp/target/ignition-webapp-7.7/WEB-INF/lib/commons-io-2.1.jar
7f6618025000-7f6618028000 r--s 0000f000 08:06 2364997                    /usr/local/development/dev-7-7/Ignition/IgnitionWebApp/target/ignition-webapp-7.7/WEB-INF/lib/commons-discovery-0.2.jar
7f6618028000-7f661802a000 r--s 0001c000 08:06 2364998                    /usr/local/development/dev-7-7/Ignition/IgnitionWebApp/target/ignition-webapp-7.7/WEB-INF/lib/commons-dbcp-1.2.2.jar
7f661802a000-7f661802c000 r--s 00006000 08:06 2364940                    /usr/local/development/dev-7-7/Ignition/IgnitionWebApp/target/ignition-webapp-7.7/WEB-INF/lib/commons-cli-1.0.jar
7f661802c000-7f6618039000 r--s 00084000 08:06 2365220                    /usr/local/development/dev-7-7/Ignition/IgnitionWebApp/target/ignition-webapp-7.7/WEB-INF/lib/comfyj-2.9.jar
7f6618039000-7f661803e000 r--s 00030000 08:06 4198524                    /usr/local/development/dev-7-7/Ignition/IgnitionWebApp/target/ignition-webapp-7.7/WEB-INF/lib/client-bootstrap-7.7.2-SNAPSHOT.jar
7f661803e000-7f6618064000 r--s 001be000 08:06 4198529                    /usr/local/development/dev-7-7/Ignition/IgnitionWebApp/target/ignition-webapp-7.7/WEB-INF/lib/client-api-7.7.2-SNAPSHOT.jar
7f6618064000-7f6618065000 r--s 00004000 08:06 4198536                    /usr/local/development/dev-7-7/Ignition/IgnitionWebApp/target/ignition-webapp-7.7/WEB-INF/lib/bootstrap-7.7.2-SNAPSHOT-classes.jar
7f6618065000-7f661808d000 r--s 00196000 08:06 2364727                    /usr/local/development/dev-7-7/Ignition/IgnitionWebApp/target/ignition-webapp-7.7/WEB-INF/lib/bcprov-jdk16-unsigned-1.46-unsigned.jar
7f661808d000-7f6618092000 r--s 0003e000 08:06 2364938                    /usr/local/development/dev-7-7/Ignition/IgnitionWebApp/target/ignition-webapp-7.7/WEB-INF/lib/barcode4j-2.1.jar
7f6618092000-7f6618095000 r--s 0001c000 08:06 2364996                    /usr/local/development/dev-7-7/Ignition/IgnitionWebApp/target/ignition-webapp-7.7/WEB-INF/lib/axis-wsdl4j-1.5.1.jar
7f6618095000-7f6618096000 r--s 00004000 08:06 2364995                    /usr/local/development/dev-7-7/Ignition/IgnitionWebApp/target/ignition-webapp-7.7/WEB-INF/lib/axis-saaj-1.4.jar
7f6618096000-7f6618098000 r--s 00006000 08:06 2364994                    /usr/local/development/dev-7-7/Ignition/IgnitionWebApp/target/ignition-webapp-7.7/WEB-INF/lib/axis-jaxrpc-1.4.jar
7f6618098000-7f66180ac000 r--s 00173000 08:06 2364993                    /usr/local/development/dev-7-7/Ignition/IgnitionWebApp/target/ignition-webapp-7.7/WEB-INF/lib/axis-1.4.jar
7f66180ac000-7f66180ae000 r--s 0000d000 08:06 2364939                    /usr/local/development/dev-7-7/Ignition/IgnitionWebApp/target/ignition-webapp-7.7/WEB-INF/lib/avalon-framework-impl-4.2.0.jar
7f66180ae000-7f66180b6000 r--s 00049000 08:06 2365005                    /usr/local/development/dev-7-7/Ignition/IgnitionWebApp/target/ignition-webapp-7.7/WEB-INF/lib/alloy-1.4.4.ia1.jar
7f66180b6000-7f66180b8000 r--s 00003000 08:06 2365026                    /usr/local/development/dev-7-7/Ignition/IgnitionWebApp/target/ignition-webapp-7.7/WEB-INF/lib/alarm-notification-gateway-api-2.7.2-20141104.214105-19.jar
7f66180b8000-7f66180be000 r--s 00032000 08:06 2365025                    /usr/local/development/dev-7-7/Ignition/IgnitionWebApp/target/ignition-webapp-7.7/WEB-INF/lib/alarm-notification-gateway-2.7.2-20141104.214111-19.jar
7f66180be000-7f66180c0000 r--s 00004000 08:06 2365027                    /usr/local/development/dev-7-7/Ignition/IgnitionWebApp/target/ignition-webapp-7.7/WEB-INF/lib/alarm-notification-common-2.7.2-20141104.214053-19.jar
7f66180c0000-7f66180ca000 r--s 00036000 08:06 2365203                    /usr/local/development/dev-7-7/Ignition/IgnitionWebApp/target/ignition-webapp-7.7/WEB-INF/lib/airlink-sms-notification-2.7.2-20141104.214125-19.jar
7f66180ca000-7f66180cc000 r--s 0000d000 08:06 2365001                    /usr/local/development/dev-7-7/Ignition/IgnitionWebApp/target/ignition-webapp-7.7/WEB-INF/lib/activation-ws-1.0.0.jar
7f66180cc000-7f66180ce000 r--s 0000e000 08:06 2364952                    /usr/local/development/dev-7-7/Ignition/IgnitionWebApp/target/ignition-webapp-7.7/WEB-INF/lib/activation-1.1.jar
7f66180ce000-7f66180d7000 r--s 00069000 08:06 2365223                    /usr/local/development/dev-7-7/Ignition/IgnitionWebApp/target/ignition-webapp-7.7/WEB-INF/lib/ab-drivers-1.7.0-20131026.004154-8.jar
7f66180d7000-7f66180dc000 r--s 0003c000 08:06 2364992                    /usr/local/development/dev-7-7/Ignition/IgnitionWebApp/target/ignition-webapp-7.7/WEB-INF/lib/FastInfoset-1.0.2.jar
7f66180dc000-7f66180e1000 r--s 002f8000 08:06 20582247                   /usr/lib/jvm/jdk1.8.0_20/jre/lib/charsets.jar
7f66180e1000-7f66180e6000 r--s 0003f000 08:06 1185790                    /usr/lib/jvm/jdk1.8.0_20/jre/lib/ext/sunjce_provider.jar
7f66180e6000-7f66180e9000 r--s 0003a000 08:06 1185787                    /usr/lib/jvm/jdk1.8.0_20/jre/lib/ext/sunpkcs11.jar
7f66180e9000-7f66180eb000 r--s 0001a000 08:06 20582317                   /usr/lib/jvm/jdk1.8.0_20/jre/lib/jce.jar
7f66180eb000-7f66180ee000 ---p 00000000 00:00 0 
7f66180ee000-7f66181ec000 rw-p 00000000 00:00 0 
7f66181ec000-7f66181ef000 ---p 00000000 00:00 0 
7f66181ef000-7f66182ed000 rw-p 00000000 00:00 0 
7f66182ed000-7f66182f7000 r--s 00116000 08:06 1185789                    /usr/lib/jvm/jdk1.8.0_20/jre/lib/ext/localedata.jar
7f66182f7000-7f6618313000 r--s 00393000 08:06 1185783                    /usr/lib/jvm/jdk1.8.0_20/jre/lib/ext/cldrdata.jar
7f6618313000-7f6618513000 rw-p 00000000 00:00 0 
7f6618513000-7f6618516000 r--s 0000f000 08:06 19532219                   /usr/local/development/dev-7-6/Ignition/Servers/apache-tomcat-6.0.36/lib/tomcat-i18n-es.jar
7f6618516000-7f661851a000 r--s 0003a000 08:06 19532218                   /usr/local/development/dev-7-6/Ignition/Servers/apache-tomcat-6.0.36/lib/tomcat-dbcp.jar
7f661851a000-7f661852a000 r--s 0019c000 08:06 19532210                   /usr/local/development/dev-7-6/Ignition/Servers/apache-tomcat-6.0.36/lib/ecj-3.7.2.jar
7f661852a000-7f6618531000 r--s 000c7000 08:06 19532215                   /usr/local/development/dev-7-6/Ignition/Servers/apache-tomcat-6.0.36/lib/mysql-connector-java-5.1.23-bin.jar
7f6618531000-7f6618541000 r--s 00120000 08:06 19532209                   /usr/local/development/dev-7-6/Ignition/Servers/apache-tomcat-6.0.36/lib/catalina.jar
7f6618541000-7f6618544000 r--s 0001e000 08:06 19532207                   /usr/local/development/dev-7-6/Ignition/Servers/apache-tomcat-6.0.36/lib/catalina-ha.jar
7f6618544000-7f6618548000 r--s 00036000 08:06 19532208                   /usr/local/development/dev-7-6/Ignition/Servers/apache-tomcat-6.0.36/lib/catalina-tribes.jar
7f6618548000-7f6618549000 ---p 00000000 00:00 0 
7f6618549000-7f6618649000 rw-p 00000000 00:00 0                          [stack:9926]
7f6618649000-7f661864c000 ---p 00000000 00:00 0 
7f661864c000-7f661874a000 rw-p 00000000 00:00 0                          [stack:9925]
7f661874a000-7f661874d000 ---p 00000000 00:00 0 
7f661874d000-7f661884b000 rw-p 00000000 00:00 0                          [stack:9924]
7f661884b000-7f661884e000 ---p 00000000 00:00 0 
7f661884e000-7f661894c000 rw-p 00000000 00:00 0                          [stack:9923]
7f661894c000-7f661895d000 r-xp 00000000 08:06 20582303                   /usr/lib/jvm/jdk1.8.0_20/jre/lib/amd64/libnio.so
7f661895d000-7f6618b5c000 ---p 00011000 08:06 20582303                   /usr/lib/jvm/jdk1.8.0_20/jre/lib/amd64/libnio.so
7f6618b5c000-7f6618b5d000 rw-p 00010000 08:06 20582303                   /usr/lib/jvm/jdk1.8.0_20/jre/lib/amd64/libnio.so
7f6618b5d000-7f6618b8e000 rw-p 00000000 00:00 0 
7f6618b8e000-7f6618ba4000 r-xp 00000000 08:06 20582300                   /usr/lib/jvm/jdk1.8.0_20/jre/lib/amd64/libnet.so
7f6618ba4000-7f6618da4000 ---p 00016000 08:06 20582300                   /usr/lib/jvm/jdk1.8.0_20/jre/lib/amd64/libnet.so
7f6618da4000-7f6618da5000 rw-p 00016000 08:06 20582300                   /usr/lib/jvm/jdk1.8.0_20/jre/lib/amd64/libnet.so
7f6618da5000-7f6618dad000 r-xp 00000000 08:06 20582308                   /usr/lib/jvm/jdk1.8.0_20/jre/lib/amd64/libmanagement.so
7f6618dad000-7f6618fad000 ---p 00008000 08:06 20582308                   /usr/lib/jvm/jdk1.8.0_20/jre/lib/amd64/libmanagement.so
7f6618fad000-7f6618fae000 rw-p 00008000 08:06 20582308                   /usr/lib/jvm/jdk1.8.0_20/jre/lib/amd64/libmanagement.so
7f6618fae000-7f6618fb1000 ---p 00000000 00:00 0 
7f6618fb1000-7f66190af000 rw-p 00000000 00:00 0                          [stack:9922]
7f66190af000-7f66190b2000 ---p 00000000 00:00 0 
7f66190b2000-7f66191b0000 rw-p 00000000 00:00 0                          [stack:9921]
7f66191b0000-7f66191b3000 ---p 00000000 00:00 0 
7f66191b3000-7f66192b1000 rw-p 00000000 00:00 0                          [stack:9920]
7f66192b1000-7f66192b4000 ---p 00000000 00:00 0 
7f66192b4000-7f66193b2000 rw-p 00000000 00:00 0                          [stack:9919]
7f66193b2000-7f66193b5000 ---p 00000000 00:00 0 
7f66193b5000-7f66194b3000 rw-p 00000000 00:00 0                          [stack:9918]
7f66194b3000-7f66194b6000 ---p 00000000 00:00 0 
7f66194b6000-7f66195b4000 rw-p 00000000 00:00 0 
7f66195b4000-7f66195b7000 ---p 00000000 00:00 0 
7f66195b7000-7f66196b5000 rw-p 00000000 00:00 0                          [stack:9916]
7f66196b5000-7f66196b8000 ---p 00000000 00:00 0 
7f66196b8000-7f66197b6000 rw-p 00000000 00:00 0                          [stack:10049]
7f66197b6000-7f66197ba000 r-xp 00000000 08:06 20582275                   /usr/lib/jvm/jdk1.8.0_20/jre/lib/amd64/libdt_socket.so
7f66197ba000-7f66199b9000 ---p 00004000 08:06 20582275                   /usr/lib/jvm/jdk1.8.0_20/jre/lib/amd64/libdt_socket.so
7f66199b9000-7f66199ba000 rw-p 00003000 08:06 20582275                   /usr/lib/jvm/jdk1.8.0_20/jre/lib/amd64/libdt_socket.so
7f66199ba000-7f66199bd000 ---p 00000000 00:00 0 
7f66199bd000-7f6619abb000 rw-p 00000000 00:00 0                          [stack:9912]
7f6619abb000-7f6619abe000 ---p 00000000 00:00 0 
7f6619abe000-7f6619bbc000 rw-p 00000000 00:00 0                          [stack:9911]
7f6619bbc000-7f6619bbf000 ---p 00000000 00:00 0 
7f6619bbf000-7f6619cbd000 rw-p 00000000 00:00 0                          [stack:9910]
7f6619cbd000-7f6619cbe000 ---p 00000000 00:00 0 
7f6619cbe000-7f661c000000 rw-p 00000000 00:00 0                          [stack:9909]
7f661c000000-7f661c021000 rw-p 00000000 00:00 0 
7f661c021000-7f6620000000 ---p 00000000 00:00 0 
7f6620000000-7f6620001000 r--s 00009000 08:06 1185781                    /usr/lib/jvm/jdk1.8.0_20/jre/lib/ext/sunec.jar
7f6620001000-7f662000b000 r--s 000b3000 08:06 19532217                   /usr/local/development/dev-7-6/Ignition/Servers/apache-tomcat-6.0.36/lib/tomcat-coyote.jar
7f662000b000-7f662025c000 rw-p 00000000 00:00 0 
7f662025c000-7f6620431000 r--s 03ca3000 08:06 20582249                   /usr/lib/jvm/jdk1.8.0_20/jre/lib/rt.jar
7f6620431000-7f6620bfc000 rw-p 00000000 00:00 0 
7f6620bfc000-7f6620bfd000 ---p 00000000 00:00 0 
7f6620bfd000-7f6620cfd000 rw-p 00000000 00:00 0                          [stack:9908]
7f6620cfd000-7f6620cfe000 ---p 00000000 00:00 0 
7f6620cfe000-7f6620dfe000 rw-p 00000000 00:00 0                          [stack:9907]
7f6620dfe000-7f6620dff000 ---p 00000000 00:00 0 
7f6620dff000-7f6620eff000 rw-p 00000000 00:00 0                          [stack:9906]
7f6620eff000-7f6620f00000 ---p 00000000 00:00 0 
7f6620f00000-7f6621000000 rw-p 00000000 00:00 0                          [stack:9905]
7f6621000000-7f6622690000 rwxp 00000000 00:00 0 
7f6622690000-7f6630000000 ---p 00000000 00:00 0 
7f6630000000-7f663079c000 rw-p 00000000 00:00 0 
7f663079c000-7f6634000000 ---p 00000000 00:00 0 
7f6634000000-7f6634002000 r--s 0000b000 08:06 19532220                   /usr/local/development/dev-7-6/Ignition/Servers/apache-tomcat-6.0.36/lib/tomcat-i18n-fr.jar
7f6634002000-7f6634009000 r--s 0007a000 08:06 19532213                   /usr/local/development/dev-7-6/Ignition/Servers/apache-tomcat-6.0.36/lib/jasper.jar
7f6634009000-7f663407f000 rw-p 00000000 00:00 0 
7f663407f000-7f6634080000 ---p 00000000 00:00 0 
7f6634080000-7f6634180000 rw-p 00000000 00:00 0                          [stack:9904]
7f6634180000-7f6634181000 ---p 00000000 00:00 0 
7f6634181000-7f6634281000 rw-p 00000000 00:00 0                          [stack:9903]
7f6634281000-7f6634282000 ---p 00000000 00:00 0 
7f6634282000-7f6634382000 rw-p 00000000 00:00 0                          [stack:9902]
7f6634382000-7f6634383000 ---p 00000000 00:00 0 
7f6634383000-7f66344ef000 rw-p 00000000 00:00 0                          [stack:9901]
7f66344ef000-7f66349b5000 ---p 00000000 00:00 0 
7f66349b5000-7f6634a21000 rw-p 00000000 00:00 0 
7f6634a21000-7f6634ee7000 ---p 00000000 00:00 0 
7f6634ee7000-7f6634ff7000 rw-p 00000000 00:00 0 
7f6634ff7000-7f6635180000 ---p 00000000 00:00 0 
7f6635180000-7f66351dc000 rw-p 00000000 00:00 0 
7f66351dc000-7f6635541000 ---p 00000000 00:00 0 
7f6635541000-7f663555d000 r-xp 00000000 08:06 20582296                   /usr/lib/jvm/jdk1.8.0_20/jre/lib/amd64/libzip.so
7f663555d000-7f663575c000 ---p 0001c000 08:06 20582296                   /usr/lib/jvm/jdk1.8.0_20/jre/lib/amd64/libzip.so
7f663575c000-7f663575d000 rw-p 0001b000 08:06 20582296                   /usr/lib/jvm/jdk1.8.0_20/jre/lib/amd64/libzip.so
7f663575d000-7f6635768000 r-xp 00000000 08:06 15602342                   /lib/x86_64-linux-gnu/libnss_files-2.19.so
7f6635768000-7f6635967000 ---p 0000b000 08:06 15602342                   /lib/x86_64-linux-gnu/libnss_files-2.19.so
7f6635967000-7f6635968000 r--p 0000a000 08:06 15602342                   /lib/x86_64-linux-gnu/libnss_files-2.19.so
7f6635968000-7f6635969000 rw-p 0000b000 08:06 15602342                   /lib/x86_64-linux-gnu/libnss_files-2.19.so
7f6635969000-7f6635974000 r-xp 00000000 08:06 15602345                   /lib/x86_64-linux-gnu/libnss_nis-2.19.so
7f6635974000-7f6635b73000 ---p 0000b000 08:06 15602345                   /lib/x86_64-linux-gnu/libnss_nis-2.19.so
7f6635b73000-7f6635b74000 r--p 0000a000 08:06 15602345                   /lib/x86_64-linux-gnu/libnss_nis-2.19.so
7f6635b74000-7f6635b75000 rw-p 0000b000 08:06 15602345                   /lib/x86_64-linux-gnu/libnss_nis-2.19.so
7f6635b75000-7f6635b8c000 r-xp 00000000 08:06 15602152                   /lib/x86_64-linux-gnu/libnsl-2.19.so
7f6635b8c000-7f6635d8b000 ---p 00017000 08:06 15602152                   /lib/x86_64-linux-gnu/libnsl-2.19.so
7f6635d8b000-7f6635d8c000 r--p 00016000 08:06 15602152                   /lib/x86_64-linux-gnu/libnsl-2.19.so
7f6635d8c000-7f6635d8d000 rw-p 00017000 08:06 15602152                   /lib/x86_64-linux-gnu/libnsl-2.19.so
7f6635d8d000-7f6635d8f000 rw-p 00000000 00:00 0 
7f6635d8f000-7f6635d98000 r-xp 00000000 08:06 15601662                   /lib/x86_64-linux-gnu/libnss_compat-2.19.so
7f6635d98000-7f6635f97000 ---p 00009000 08:06 15601662                   /lib/x86_64-linux-gnu/libnss_compat-2.19.so
7f6635f97000-7f6635f98000 r--p 00008000 08:06 15601662                   /lib/x86_64-linux-gnu/libnss_compat-2.19.so
7f6635f98000-7f6635f99000 rw-p 00009000 08:06 15601662                   /lib/x86_64-linux-gnu/libnss_compat-2.19.so
7f6635f99000-7f6636262000 r--p 00000000 08:06 15209877                   /usr/lib/locale/locale-archive
7f6636262000-7f6636264000 r-xp 00000000 08:06 20582276                   /usr/lib/jvm/jdk1.8.0_20/jre/lib/amd64/libnpt.so
7f6636264000-7f6636464000 ---p 00002000 08:06 20582276                   /usr/lib/jvm/jdk1.8.0_20/jre/lib/amd64/libnpt.so
7f6636464000-7f6636465000 rw-p 00002000 08:06 20582276                   /usr/lib/jvm/jdk1.8.0_20/jre/lib/amd64/libnpt.so
7f6636465000-7f663649e000 r-xp 00000000 08:06 20582287                   /usr/lib/jvm/jdk1.8.0_20/jre/lib/amd64/libjdwp.so
7f663649e000-7f663669d000 ---p 00039000 08:06 20582287                   /usr/lib/jvm/jdk1.8.0_20/jre/lib/amd64/libjdwp.so
7f663669d000-7f663669f000 rw-p 00038000 08:06 20582287                   /usr/lib/jvm/jdk1.8.0_20/jre/lib/amd64/libjdwp.so
7f663669f000-7f66366c9000 r-xp 00000000 08:06 20582291                   /usr/lib/jvm/jdk1.8.0_20/jre/lib/amd64/libjava.so
7f66366c9000-7f66368c9000 ---p 0002a000 08:06 20582291                   /usr/lib/jvm/jdk1.8.0_20/jre/lib/amd64/libjava.so
7f66368c9000-7f66368cb000 rw-p 0002a000 08:06 20582291                   /usr/lib/jvm/jdk1.8.0_20/jre/lib/amd64/libjava.so
7f66368cb000-7f66368d8000 r-xp 00000000 08:06 20582295                   /usr/lib/jvm/jdk1.8.0_20/jre/lib/amd64/libverify.so
7f66368d8000-7f6636ad8000 ---p 0000d000 08:06 20582295                   /usr/lib/jvm/jdk1.8.0_20/jre/lib/amd64/libverify.so
7f6636ad8000-7f6636ada000 rw-p 0000d000 08:06 20582295                   /usr/lib/jvm/jdk1.8.0_20/jre/lib/amd64/libverify.so
7f6636ada000-7f6636ae1000 r-xp 00000000 08:06 15602320                   /lib/x86_64-linux-gnu/librt-2.19.so
7f6636ae1000-7f6636ce0000 ---p 00007000 08:06 15602320                   /lib/x86_64-linux-gnu/librt-2.19.so
7f6636ce0000-7f6636ce1000 r--p 00006000 08:06 15602320                   /lib/x86_64-linux-gnu/librt-2.19.so
7f6636ce1000-7f6636ce2000 rw-p 00007000 08:06 15602320                   /lib/x86_64-linux-gnu/librt-2.19.so
7f6636ce2000-7f6636de7000 r-xp 00000000 08:06 15602334                   /lib/x86_64-linux-gnu/libm-2.19.so
7f6636de7000-7f6636fe6000 ---p 00105000 08:06 15602334                   /lib/x86_64-linux-gnu/libm-2.19.so
7f6636fe6000-7f6636fe7000 r--p 00104000 08:06 15602334                   /lib/x86_64-linux-gnu/libm-2.19.so
7f6636fe7000-7f6636fe8000 rw-p 00105000 08:06 15602334                   /lib/x86_64-linux-gnu/libm-2.19.so
7f6636fe8000-7f6637c52000 r-xp 00000000 08:06 20845908                   /usr/lib/jvm/jdk1.8.0_20/jre/lib/amd64/server/libjvm.so
7f6637c52000-7f6637e52000 ---p 00c6a000 08:06 20845908                   /usr/lib/jvm/jdk1.8.0_20/jre/lib/amd64/server/libjvm.so
7f6637e52000-7f6637f28000 rw-p 00c6a000 08:06 20845908                   /usr/lib/jvm/jdk1.8.0_20/jre/lib/amd64/server/libjvm.so
7f6637f28000-7f6637f6a000 rw-p 00000000 00:00 0 
7f6637f6a000-7f6638125000 r-xp 00000000 08:06 15602328                   /lib/x86_64-linux-gnu/libc-2.19.so
7f6638125000-7f6638325000 ---p 001bb000 08:06 15602328                   /lib/x86_64-linux-gnu/libc-2.19.so
7f6638325000-7f6638329000 r--p 001bb000 08:06 15602328                   /lib/x86_64-linux-gnu/libc-2.19.so
7f6638329000-7f663832b000 rw-p 001bf000 08:06 15602328                   /lib/x86_64-linux-gnu/libc-2.19.so
7f663832b000-7f6638330000 rw-p 00000000 00:00 0 
7f6638330000-7f6638333000 r-xp 00000000 08:06 15602352                   /lib/x86_64-linux-gnu/libdl-2.19.so
7f6638333000-7f6638532000 ---p 00003000 08:06 15602352                   /lib/x86_64-linux-gnu/libdl-2.19.so
7f6638532000-7f6638533000 r--p 00002000 08:06 15602352                   /lib/x86_64-linux-gnu/libdl-2.19.so
7f6638533000-7f6638534000 rw-p 00003000 08:06 15602352                   /lib/x86_64-linux-gnu/libdl-2.19.so
7f6638534000-7f663854b000 r-xp 00000000 08:06 20061287                   /usr/lib/jvm/jdk1.8.0_20/lib/amd64/jli/libjli.so
7f663854b000-7f663874a000 ---p 00017000 08:06 20061287                   /usr/lib/jvm/jdk1.8.0_20/lib/amd64/jli/libjli.so
7f663874a000-7f663874b000 rw-p 00016000 08:06 20061287                   /usr/lib/jvm/jdk1.8.0_20/lib/amd64/jli/libjli.so
7f663874b000-7f6638764000 r-xp 00000000 08:06 15602353                   /lib/x86_64-linux-gnu/libpthread-2.19.so
7f6638764000-7f6638963000 ---p 00019000 08:06 15602353                   /lib/x86_64-linux-gnu/libpthread-2.19.so
7f6638963000-7f6638964000 r--p 00018000 08:06 15602353                   /lib/x86_64-linux-gnu/libpthread-2.19.so
7f6638964000-7f6638965000 rw-p 00019000 08:06 15602353                   /lib/x86_64-linux-gnu/libpthread-2.19.so
7f6638965000-7f6638969000 rw-p 00000000 00:00 0 
7f6638969000-7f663898c000 r-xp 00000000 08:06 15602330                   /lib/x86_64-linux-gnu/ld-2.19.so
7f663898c000-7f663898e000 r--s 0000c000 08:06 19532221                   /usr/local/development/dev-7-6/Ignition/Servers/apache-tomcat-6.0.36/lib/tomcat-i18n-ja.jar
7f663898e000-7f6638990000 r--s 00011000 08:06 19532214                   /usr/local/development/dev-7-6/Ignition/Servers/apache-tomcat-6.0.36/lib/jsp-api.jar
7f6638990000-7f6638992000 r--s 00014000 08:06 19532216                   /usr/local/development/dev-7-6/Ignition/Servers/apache-tomcat-6.0.36/lib/servlet-api.jar
7f6638992000-7f6638994000 r--s 0000c000 08:06 19532206                   /usr/local/development/dev-7-6/Ignition/Servers/apache-tomcat-6.0.36/lib/catalina-ant.jar
7f6638994000-7f6638a65000 rw-p 00000000 00:00 0 
7f6638a65000-7f6638a68000 ---p 00000000 00:00 0 
7f6638a68000-7f6638b6a000 rw-p 00000000 00:00 0                          [stack:9900]
7f6638b6a000-7f6638b6c000 r--s 00007000 08:06 19532211                   /usr/local/development/dev-7-6/Ignition/Servers/apache-tomcat-6.0.36/lib/el-api.jar
7f6638b6c000-7f6638b6d000 r--s 00003000 08:06 19532205                   /usr/local/development/dev-7-6/Ignition/Servers/apache-tomcat-6.0.36/lib/annotations-api.jar
7f6638b6d000-7f6638b70000 r--s 00019000 08:06 19532212                   /usr/local/development/dev-7-6/Ignition/Servers/apache-tomcat-6.0.36/lib/jasper-el.jar
7f6638b70000-7f6638b75000 r--s 00092000 08:06 20582254                   /usr/lib/jvm/jdk1.8.0_20/jre/lib/jsse.jar
7f6638b75000-7f6638b76000 r--s 00007000 08:06 19533431                   /usr/local/development/dev-7-6/Ignition/Servers/apache-tomcat-6.0.36/bin/tomcat-juli.jar
7f6638b76000-7f6638b77000 r--s 00005000 08:06 19533430                   /usr/local/development/dev-7-6/Ignition/Servers/apache-tomcat-6.0.36/bin/commons-daemon.jar
7f6638b77000-7f6638b78000 r--s 00005000 08:06 19533429                   /usr/local/development/dev-7-6/Ignition/Servers/apache-tomcat-6.0.36/bin/bootstrap.jar
7f6638b78000-7f6638b7f000 r--s 000c7000 08:06 1179649                    /usr/lib/jvm/jdk1.8.0_20/jre/lib/ext/mysql-connector-java-5.1.23-bin.jar
7f6638b7f000-7f6638b87000 rw-s 00000000 08:06 6164362                    /tmp/hsperfdata_mattg/9895
7f6638b87000-7f6638b88000 rw-p 00000000 00:00 0 
7f6638b88000-7f6638b89000 r--p 00000000 00:00 0 
7f6638b89000-7f6638b8b000 rw-p 00000000 00:00 0 
7f6638b8b000-7f6638b8c000 r--p 00022000 08:06 15602330                   /lib/x86_64-linux-gnu/ld-2.19.so
7f6638b8c000-7f6638b8d000 rw-p 00023000 08:06 15602330                   /lib/x86_64-linux-gnu/ld-2.19.so
7f6638b8d000-7f6638b8e000 rw-p 00000000 00:00 0 
7ffff73a3000-7ffff73c4000 rw-p 00000000 00:00 0                          [stack]
7ffff73fe000-7ffff7400000 r-xp 00000000 00:00 0                          [vdso]
ffffffffff600000-ffffffffff601000 r-xp 00000000 00:00 0                  [vsyscall]

VM Arguments:
jvm_args: -Djava.util.logging.config.file=/home/mattg/.IntelliJIdea13/system/tomcat/Unnamed_77-Ignition/conf/logging.properties -Xdebug -Xrunjdwp:transport=dt_socket,address=127.0.0.1:51670,suspend=y,server=n -Dcom.sun.management.jmxremote= -Dcom.sun.management.jmxremote.port=1099 -Dcom.sun.management.jmxremote.ssl=false -Dcom.sun.management.jmxremote.authenticate=false -Djava.rmi.server.hostname=127.0.0.1 -Djava.util.logging.manager=org.apache.juli.ClassLoaderLogManager -Djava.endorsed.dirs=/usr/local/development/dev-7-6/Ignition/Servers/apache-tomcat-6.0.36/endorsed -Dcatalina.base=/home/mattg/.IntelliJIdea13/system/tomcat/Unnamed_77-Ignition -Dcatalina.home=/usr/local/development/dev-7-6/Ignition/Servers/apache-tomcat-6.0.36 -Djava.io.tmpdir=/usr/local/development/dev-7-6/Ignition/Servers/apache-tomcat-6.0.36/temp 
java_command: org.apache.catalina.startup.Bootstrap start
java_class_path (initial): /usr/local/development/dev-7-6/Ignition/Servers/apache-tomcat-6.0.36/bin/bootstrap.jar
Launcher Type: SUN_STANDARD

Environment Variables:
JAVA_HOME=/usr/lib/jvm/jdk1.8.0_20
CLASSPATH=/usr/local/development/dev-7-6/Ignition/Servers/apache-tomcat-6.0.36/bin/bootstrap.jar
PATH=/usr/local/sbin:/usr/local/bin:/usr/sbin:/usr/bin:/sbin:/bin:/usr/games:/usr/local/games:/usr/local/development/gradle-1.12/bin
USERNAME=mattg
LD_LIBRARY_PATH=/usr/local/development/idea-IU-135.909/bin:
SHELL=/bin/bash
DISPLAY=:0

Signal Handlers:
SIGSEGV: [libjvm.so+0xa76cd0], sa_mask[0]=11111111011111111101111111111110, sa_flags=SA_RESTART|SA_SIGINFO
SIGBUS: [libjvm.so+0xa76cd0], sa_mask[0]=11111111011111111101111111111110, sa_flags=SA_RESTART|SA_SIGINFO
SIGFPE: [libjvm.so+0x8e0d80], sa_mask[0]=11111111011111111101111111111110, sa_flags=SA_RESTART|SA_SIGINFO
SIGPIPE: [libjvm.so+0x8e0d80], sa_mask[0]=11111111011111111101111111111110, sa_flags=SA_RESTART|SA_SIGINFO
SIGXFSZ: [libjvm.so+0x8e0d80], sa_mask[0]=11111111011111111101111111111110, sa_flags=SA_RESTART|SA_SIGINFO
SIGILL: [libjvm.so+0x8e0d80], sa_mask[0]=11111111011111111101111111111110, sa_flags=SA_RESTART|SA_SIGINFO
SIGUSR1: SIG_DFL, sa_mask[0]=00000000000000000000000000000000, sa_flags=none
SIGUSR2: [libjvm.so+0x8e25b0], sa_mask[0]=00100000000000000000000000000000, sa_flags=SA_RESTART|SA_SIGINFO
SIGHUP: [libjvm.so+0x8e3970], sa_mask[0]=11111111011111111101111111111110, sa_flags=SA_RESTART|SA_SIGINFO
SIGINT: [libjvm.so+0x8e3970], sa_mask[0]=11111111011111111101111111111110, sa_flags=SA_RESTART|SA_SIGINFO
SIGTERM: [libjvm.so+0x8e3970], sa_mask[0]=11111111011111111101111111111110, sa_flags=SA_RESTART|SA_SIGINFO
SIGQUIT: [libjvm.so+0x8e3970], sa_mask[0]=11111111011111111101111111111110, sa_flags=SA_RESTART|SA_SIGINFO


---------------  S Y S T E M  ---------------

OS:DISTRIB_ID=LinuxMint
DISTRIB_RELEASE=17
DISTRIB_CODENAME=qiana
DISTRIB_DESCRIPTION="Linux Mint 17 Qiana"

uname:Linux 3.13.0-24-generic #46-Ubuntu SMP Thu Apr 10 19:11:08 UTC 2014 x86_64
libc:glibc 2.19 NPTL 2.19 
rlimit: STACK 8192k, CORE 0k, NPROC 127375, NOFILE 4096, AS infinity
load average:1.17 0.85 0.76

/proc/meminfo:
MemTotal:       16335088 kB
MemFree:        10732128 kB
Buffers:          145072 kB
Cached:          1761032 kB
SwapCached:            0 kB
Active:          4072016 kB
Inactive:        1179688 kB
Active(anon):    3355632 kB
Inactive(anon):   356148 kB
Active(file):     716384 kB
Inactive(file):   823540 kB
Unevictable:         584 kB
Mlocked:             584 kB
SwapTotal:      16676860 kB
SwapFree:       16676860 kB
Dirty:               696 kB
Writeback:             0 kB
AnonPages:       3346316 kB
Mapped:           329164 kB
Shmem:            366184 kB
Slab:             149660 kB
SReclaimable:     103256 kB
SUnreclaim:        46404 kB
KernelStack:        6056 kB
PageTables:        45152 kB
NFS_Unstable:          0 kB
Bounce:                0 kB
WritebackTmp:          0 kB
CommitLimit:    24844404 kB
Committed_AS:    7409976 kB
VmallocTotal:   34359738367 kB
VmallocUsed:      444900 kB
VmallocChunk:   34359232048 kB
HardwareCorrupted:     0 kB
AnonHugePages:   2211840 kB
HugePages_Total:       0
HugePages_Free:        0
HugePages_Rsvd:        0
HugePages_Surp:        0
Hugepagesize:       2048 kB
DirectMap4k:       91592 kB
DirectMap2M:     2955264 kB
DirectMap1G:    13631488 kB


CPU:total 8 (4 cores per cpu, 2 threads per core) family 6 model 60 stepping 3, cmov, cx8, fxsr, mmx, sse, sse2, sse3, ssse3, sse4.1, sse4.2, popcnt, avx, avx2, aes, clmul, erms, lzcnt, ht, tsc, tscinvbit, bmi1, bmi2

/proc/cpuinfo:
processor	: 0
vendor_id	: GenuineIntel
cpu family	: 6
model		: 60
model name	: Intel(R) Core(TM) i7-4702HQ CPU @ 2.20GHz
stepping	: 3
microcode	: 0x17
cpu MHz		: 2000.000
cache size	: 6144 KB
physical id	: 0
siblings	: 8
core id		: 0
cpu cores	: 4
apicid		: 0
initial apicid	: 0
fpu		: yes
fpu_exception	: yes
cpuid level	: 13
wp		: yes
flags		: fpu vme de pse tsc msr pae mce cx8 apic sep mtrr pge mca cmov pat pse36 clflush dts acpi mmx fxsr sse sse2 ss ht tm pbe syscall nx pdpe1gb rdtscp lm constant_tsc arch_perfmon pebs bts rep_good nopl xtopology nonstop_tsc aperfmperf eagerfpu pni pclmulqdq dtes64 monitor ds_cpl vmx est tm2 ssse3 fma cx16 xtpr pdcm pcid sse4_1 sse4_2 x2apic movbe popcnt tsc_deadline_timer aes xsave avx f16c rdrand lahf_lm abm ida arat epb xsaveopt pln pts dtherm tpr_shadow vnmi flexpriority ept vpid fsgsbase tsc_adjust bmi1 avx2 smep bmi2 erms invpcid
bogomips	: 4389.64
clflush size	: 64
cache_alignment	: 64
address sizes	: 39 bits physical, 48 bits virtual
power management:

processor	: 1
vendor_id	: GenuineIntel
cpu family	: 6
model		: 60
model name	: Intel(R) Core(TM) i7-4702HQ CPU @ 2.20GHz
stepping	: 3
microcode	: 0x17
cpu MHz		: 1900.000
cache size	: 6144 KB
physical id	: 0
siblings	: 8
core id		: 1
cpu cores	: 4
apicid		: 2
initial apicid	: 2
fpu		: yes
fpu_exception	: yes
cpuid level	: 13
wp		: yes
flags		: fpu vme de pse tsc msr pae mce cx8 apic sep mtrr pge mca cmov pat pse36 clflush dts acpi mmx fxsr sse sse2 ss ht tm pbe syscall nx pdpe1gb rdtscp lm constant_tsc arch_perfmon pebs bts rep_good nopl xtopology nonstop_tsc aperfmperf eagerfpu pni pclmulqdq dtes64 monitor ds_cpl vmx est tm2 ssse3 fma cx16 xtpr pdcm pcid sse4_1 sse4_2 x2apic movbe popcnt tsc_deadline_timer aes xsave avx f16c rdrand lahf_lm abm ida arat epb xsaveopt pln pts dtherm tpr_shadow vnmi flexpriority ept vpid fsgsbase tsc_adjust bmi1 avx2 smep bmi2 erms invpcid
bogomips	: 4389.64
clflush size	: 64
cache_alignment	: 64
address sizes	: 39 bits physical, 48 bits virtual
power management:

processor	: 2
vendor_id	: GenuineIntel
cpu family	: 6
model		: 60
model name	: Intel(R) Core(TM) i7-4702HQ CPU @ 2.20GHz
stepping	: 3
microcode	: 0x17
cpu MHz		: 2201.000
cache size	: 6144 KB
physical id	: 0
siblings	: 8
core id		: 2
cpu cores	: 4
apicid		: 4
initial apicid	: 4
fpu		: yes
fpu_exception	: yes
cpuid level	: 13
wp		: yes
flags		: fpu vme de pse tsc msr pae mce cx8 apic sep mtrr pge mca cmov pat pse36 clflush dts acpi mmx fxsr sse sse2 ss ht tm pbe syscall nx pdpe1gb rdtscp lm constant_tsc arch_perfmon pebs bts rep_good nopl xtopology nonstop_tsc aperfmperf eagerfpu pni pclmulqdq dtes64 monitor ds_cpl vmx est tm2 ssse3 fma cx16 xtpr pdcm pcid sse4_1 sse4_2 x2apic movbe popcnt tsc_deadline_timer aes xsave avx f16c rdrand lahf_lm abm ida arat epb xsaveopt pln pts dtherm tpr_shadow vnmi flexpriority ept vpid fsgsbase tsc_adjust bmi1 avx2 smep bmi2 erms invpcid
bogomips	: 4389.64
clflush size	: 64
cache_alignment	: 64
address sizes	: 39 bits physical, 48 bits virtual
power management:

processor	: 3
vendor_id	: GenuineIntel
cpu family	: 6
model		: 60
model name	: Intel(R) Core(TM) i7-4702HQ CPU @ 2.20GHz
stepping	: 3
microcode	: 0x17
cpu MHz		: 2000.000
cache size	: 6144 KB
physical id	: 0
siblings	: 8
core id		: 3
cpu cores	: 4
apicid		: 6
initial apicid	: 6
fpu		: yes
fpu_exception	: yes
cpuid level	: 13
wp		: yes
flags		: fpu vme de pse tsc msr pae mce cx8 apic sep mtrr pge mca cmov pat pse36 clflush dts acpi mmx fxsr sse sse2 ss ht tm pbe syscall nx pdpe1gb rdtscp lm constant_tsc arch_perfmon pebs bts rep_good nopl xtopology nonstop_tsc aperfmperf eagerfpu pni pclmulqdq dtes64 monitor ds_cpl vmx est tm2 ssse3 fma cx16 xtpr pdcm pcid sse4_1 sse4_2 x2apic movbe popcnt tsc_deadline_timer aes xsave avx f16c rdrand lahf_lm abm ida arat epb xsaveopt pln pts dtherm tpr_shadow vnmi flexpriority ept vpid fsgsbase tsc_adjust bmi1 avx2 smep bmi2 erms invpcid
bogomips	: 4389.64
clflush size	: 64
cache_alignment	: 64
address sizes	: 39 bits physical, 48 bits virtual
power management:

processor	: 4
vendor_id	: GenuineIntel
cpu family	: 6
model		: 60
model name	: Intel(R) Core(TM) i7-4702HQ CPU @ 2.20GHz
stepping	: 3
microcode	: 0x17
cpu MHz		: 800.000
cache size	: 6144 KB
physical id	: 0
siblings	: 8
core id		: 0
cpu cores	: 4
apicid		: 1
initial apicid	: 1
fpu		: yes
fpu_exception	: yes
cpuid level	: 13
wp		: yes
flags		: fpu vme de pse tsc msr pae mce cx8 apic sep mtrr pge mca cmov pat pse36 clflush dts acpi mmx fxsr sse sse2 ss ht tm pbe syscall nx pdpe1gb rdtscp lm constant_tsc arch_perfmon pebs bts rep_good nopl xtopology nonstop_tsc aperfmperf eagerfpu pni pclmulqdq dtes64 monitor ds_cpl vmx est tm2 ssse3 fma cx16 xtpr pdcm pcid sse4_1 sse4_2 x2apic movbe popcnt tsc_deadline_timer aes xsave avx f16c rdrand lahf_lm abm ida arat epb xsaveopt pln pts dtherm tpr_shadow vnmi flexpriority ept vpid fsgsbase tsc_adjust bmi1 avx2 smep bmi2 erms invpcid
bogomips	: 4389.64
clflush size	: 64
cache_alignment	: 64
address sizes	: 39 bits physical, 48 bits virtual
power management:

processor	: 5
vendor_id	: GenuineIntel
cpu family	: 6
model		: 60
model name	: Intel(R) Core(TM) i7-4702HQ CPU @ 2.20GHz
stepping	: 3
microcode	: 0x17
cpu MHz		: 800.000
cache size	: 6144 KB
physical id	: 0
siblings	: 8
core id		: 1
cpu cores	: 4
apicid		: 3
initial apicid	: 3
fpu		: yes
fpu_exception	: yes
cpuid level	: 13
wp		: yes
flags		: fpu vme de pse tsc msr pae mce cx8 apic sep mtrr pge mca cmov pat pse36 clflush dts acpi mmx fxsr sse sse2 ss ht tm pbe syscall nx pdpe1gb rdtscp lm constant_tsc arch_perfmon pebs bts rep_good nopl xtopology nonstop_tsc aperfmperf eagerfpu pni pclmulqdq dtes64 monitor ds_cpl vmx est tm2 ssse3 fma cx16 xtpr pdcm pcid sse4_1 sse4_2 x2apic movbe popcnt tsc_deadline_timer aes xsave avx f16c rdrand lahf_lm abm ida arat epb xsaveopt pln pts dtherm tpr_shadow vnmi flexpriority ept vpid fsgsbase tsc_adjust bmi1 avx2 smep bmi2 erms invpcid
bogomips	: 4389.64
clflush size	: 64
cache_alignment	: 64
address sizes	: 39 bits physical, 48 bits virtual
power management:

processor	: 6
vendor_id	: GenuineIntel
cpu family	: 6
model		: 60
model name	: Intel(R) Core(TM) i7-4702HQ CPU @ 2.20GHz
stepping	: 3
microcode	: 0x17
cpu MHz		: 800.000
cache size	: 6144 KB
physical id	: 0
siblings	: 8
core id		: 2
cpu cores	: 4
apicid		: 5
initial apicid	: 5
fpu		: yes
fpu_exception	: yes
cpuid level	: 13
wp		: yes
flags		: fpu vme de pse tsc msr pae mce cx8 apic sep mtrr pge mca cmov pat pse36 clflush dts acpi mmx fxsr sse sse2 ss ht tm pbe syscall nx pdpe1gb rdtscp lm constant_tsc arch_perfmon pebs bts rep_good nopl xtopology nonstop_tsc aperfmperf eagerfpu pni pclmulqdq dtes64 monitor ds_cpl vmx est tm2 ssse3 fma cx16 xtpr pdcm pcid sse4_1 sse4_2 x2apic movbe popcnt tsc_deadline_timer aes xsave avx f16c rdrand lahf_lm abm ida arat epb xsaveopt pln pts dtherm tpr_shadow vnmi flexpriority ept vpid fsgsbase tsc_adjust bmi1 avx2 smep bmi2 erms invpcid
bogomips	: 4389.64
clflush size	: 64
cache_alignment	: 64
address sizes	: 39 bits physical, 48 bits virtual
power management:

processor	: 7
vendor_id	: GenuineIntel
cpu family	: 6
model		: 60
model name	: Intel(R) Core(TM) i7-4702HQ CPU @ 2.20GHz
stepping	: 3
microcode	: 0x17
cpu MHz		: 2201.000
cache size	: 6144 KB
physical id	: 0
siblings	: 8
core id		: 3
cpu cores	: 4
apicid		: 7
initial apicid	: 7
fpu		: yes
fpu_exception	: yes
cpuid level	: 13
wp		: yes
flags		: fpu vme de pse tsc msr pae mce cx8 apic sep mtrr pge mca cmov pat pse36 clflush dts acpi mmx fxsr sse sse2 ss ht tm pbe syscall nx pdpe1gb rdtscp lm constant_tsc arch_perfmon pebs bts rep_good nopl xtopology nonstop_tsc aperfmperf eagerfpu pni pclmulqdq dtes64 monitor ds_cpl vmx est tm2 ssse3 fma cx16 xtpr pdcm pcid sse4_1 sse4_2 x2apic movbe popcnt tsc_deadline_timer aes xsave avx f16c rdrand lahf_lm abm ida arat epb xsaveopt pln pts dtherm tpr_shadow vnmi flexpriority ept vpid fsgsbase tsc_adjust bmi1 avx2 smep bmi2 erms invpcid
bogomips	: 4389.64
clflush size	: 64
cache_alignment	: 64
address sizes	: 39 bits physical, 48 bits virtual
power management:



Memory: 4k page, physical 16335088k(10732128k free), swap 16676860k(16676860k free)

vm_info: Java HotSpot(TM) 64-Bit Server VM (25.20-b17) for linux-amd64 JRE (1.8.0_20-ea-b17), built on Jun  4 2014 00:04:06 by "java_re" with gcc 4.3.0 20080428 (Red Hat 4.3.0-8)

time: Tue Nov 25 21:23:29 2014
elapsed time: 133 seconds (0d 0h 2m 13s)

