#
# A fatal error has been detected by the Java Runtime Environment:
#
#  SIGSEGV (0xb) at pc=0x00007f545ca72f7e, pid=7939, tid=140000310482688
#
# JRE version: Java(TM) SE Runtime Environment (8.0_20-b17) (build 1.8.0_20-ea-b17)
# Java VM: Java HotSpot(TM) 64-Bit Server VM (25.20-b17 mixed mode linux-amd64 compressed oops)
# Problematic frame:
# C  [ld-linux-x86-64.so.2+0x9f7e]
#
# Failed to write core dump. Core dumps have been disabled. To enable core dumping, try "ulimit -c unlimited" before starting Java again
#
# If you would like to submit a bug report, please visit:
#   http://bugreport.sun.com/bugreport/crash.jsp
# The crash happened outside the Java Virtual Machine in native code.
# See problematic frame for where to report the bug.
#

---------------  T H R E A D  ---------------

Current thread (0x00007f545400d000):  JavaThread "main" [_thread_in_native, id=7944, stack(0x00007f545cb65000,0x00007f545cc66000)]

siginfo: si_signo: 11 (SIGSEGV), si_code: 1 (SEGV_MAPERR), si_addr: 0x0000000000000068

Registers:
RAX=0x0000000000000040, RBX=0x000000004c8d3d65, RCX=0x0000000000000025, RDX=0x00000000000003f3
RSP=0x00007f545cc62a30, RBP=0x0000000000000002, RSI=0x00007f545c06dd28, RDI=0x00007f545cc699e8
R8 =0x00000000013234f5, R9 =0x00007f545cc62a70, R10=0x0000000006020400, R11=0x00007f545cc62b70
R12=0x0000000000000003, R13=0x00007f53882b39f0, R14=0x0000000000000000, R15=0x0000000000000025
RIP=0x00007f545ca72f7e, EFLAGS=0x0000000000010202, CSGSFS=0x0000000000000033, ERR=0x0000000000000004
  TRAPNO=0x000000000000000e

Top of Stack: (sp=0x00007f545cc62a30)
0x00007f545cc62a30:   00007f545cc62ba0 00007f545b74af75
0x00007f545cc62a40:   00007f5400000002 00007f545cc62b80
0x00007f545cc62a50:   00007f545cc62c10 00007f545cc62de0
0x00007f545cc62a60:   00007f5445046960 01ed13000000000c
0x00007f545cc62a70:   0000000000000000 0000000000000000
0x00007f545cc62a80:   00007f545cc699e8 00007f5454581620
0x00007f545cc62a90:   00007f545c07ad78 0000000000000000
0x00007f545cc62aa0:   0000000200000000 0000000000000000
0x00007f545cc62ab0:   00007f545400d000 00007f545cc62c60
0x00007f545cc62ac0:   00007f545cc62c10 0000000000000000
0x00007f545cc62ad0:   0000000000000000 00007f53882b3e38
0x00007f545cc62ae0:   00007f53882b3ab0 00007f545ca73991
0x00007f545cc62af0:   0000000000000000 0000000000000000
0x00007f545cc62b00:   0000010d00000002 0000000000000000
0x00007f545cc62b10:   00007f5400000000 00007f53882b3ab0
0x00007f545cc62b20:   00007f545cc62b90 00007f545b8a1447
0x00007f545cc62b30:   00007f545400a518 00007f545400a510
0x00007f545cc62b40:   00007f5427804440 00007f53882b3e38
0x00007f545cc62b50:   00007f545cc62b80 00007f545cc62b70
0x00007f545cc62b60:   000000004c8d3d65 00007f5454581620
0x00007f545cc62b70:   00000000ffffffff 00007f545400a5d0
0x00007f545cc62b80:   0000000000000000 0000000000000000
0x00007f545cc62b90:   00007f545400a470 00007f545400d000
0x00007f545cc62ba0:   00007f545cc62d30 00007f545b791467
0x00007f545cc62bb0:   000000b15cc63910 00007f545cc63380
0x00007f545cc62bc0:   00007f545cc62c10 00007f545cc62c90
0x00007f545cc62bd0:   00007f545cc62d60 00007f545cc62de0
0x00007f545cc62be0:   00007f545400d1e8 000000000229b4b0
0x00007f545cc62bf0:   00007f545cc8bcc0 00007f5454581620
0x00007f545cc62c00:   0000000000000000 00007f53882b3ab0
0x00007f545cc62c10:   00007f545cc62cf0 00007f545c1a0f56
0x00007f545cc62c20:   0000000600000002 0000000000000000 

Instructions: (pc=0x00007f545ca72f7e)
0x00007f545ca72f5e:   06 41 83 e7 3f 0f 1f 44 00 00 49 8b 44 ed 00 c7
0x00007f545ca72f6e:   44 24 70 00 00 00 00 48 c7 44 24 40 00 00 00 00
0x00007f545ca72f7e:   48 8b 78 28 4c 39 f7 48 89 7c 24 50 0f 84 f0 00
0x00007f545ca72f8e:   00 00 f6 44 24 7c 02 74 0d f6 87 14 03 00 00 03 

Register to memory mapping:

RAX=0x0000000000000040 is an unknown value
RBX=0x000000004c8d3d65 is an unknown value
RCX=0x0000000000000025 is an unknown value
RDX=0x00000000000003f3 is an unknown value
RSP=0x00007f545cc62a30 is pointing into the stack for thread: 0x00007f545400d000
RBP=0x0000000000000002 is an unknown value
RSI=0x00007f545c06dd28: <offset 0x3d28> in /lib/x86_64-linux-gnu/libc.so.6 at 0x00007f545c06a000
RDI=0x00007f545cc699e8 is an unknown value
R8 =0x00000000013234f5 is an unknown value
R9 =0x00007f545cc62a70 is pointing into the stack for thread: 0x00007f545400d000
R10=0x0000000006020400 is an unknown value
R11=0x00007f545cc62b70 is pointing into the stack for thread: 0x00007f545400d000
R12=0x0000000000000003 is an unknown value
R13=0x00007f53882b39f0 is an unknown value
R14=0x0000000000000000 is an unknown value
R15=0x0000000000000025 is an unknown value


Stack: [0x00007f545cb65000,0x00007f545cc66000],  sp=0x00007f545cc62a30,  free space=1014k
Native frames: (J=compiled Java code, j=interpreted, Vv=VM code, C=native code)
C  [ld-linux-x86-64.so.2+0x9f7e]

Java frames: (J=compiled Java code, j=interpreted, Vv=VM code)
j  java.lang.ClassLoader$NativeLibrary.unload(Ljava/lang/String;Z)V+0
j  java.lang.ClassLoader$NativeLibrary.finalize()V+87
v  ~StubRoutines::call_stub
J 1129  sun.reflect.NativeMethodAccessorImpl.invoke0(Ljava/lang/reflect/Method;Ljava/lang/Object;[Ljava/lang/Object;)Ljava/lang/Object; (0 bytes) @ 0x00007f544542b1f7 [0x00007f544542b180+0x77]
J 1128 C1 sun.reflect.NativeMethodAccessorImpl.invoke(Ljava/lang/Object;[Ljava/lang/Object;)Ljava/lang/Object; (104 bytes) @ 0x00007f544542c84c [0x00007f544542b640+0x120c]
J 5757 C2 java.lang.reflect.Method.invoke(Ljava/lang/Object;[Ljava/lang/Object;)Ljava/lang/Object; (62 bytes) @ 0x00007f54453caa60 [0x00007f54453ca9a0+0xc0]
j  com.inductiveautomation.ignition.gateway.bootstrap.SRFilter.destroy()V+89
j  org.apache.catalina.core.ApplicationFilterConfig.release()V+61
j  org.apache.catalina.core.StandardContext.filterStop()Z+124
j  org.apache.catalina.core.StandardContext.stop()V+142
j  org.apache.catalina.core.ContainerBase.removeChild(Lorg/apache/catalina/Container;)V+90
j  org.apache.catalina.startup.HostConfig.undeployApps()V+77
j  org.apache.catalina.startup.HostConfig.stop()V+28
j  org.apache.catalina.startup.HostConfig.lifecycleEvent(Lorg/apache/catalina/LifecycleEvent;)V+151
J 4565 C1 org.apache.catalina.util.LifecycleSupport.fireLifecycleEvent(Ljava/lang/String;Ljava/lang/Object;)V (190 bytes) @ 0x00007f5445e5630c [0x00007f5445e55820+0xaec]
j  org.apache.catalina.core.ContainerBase.stop()V+60
j  org.apache.catalina.core.ContainerBase.stop()V+118
j  org.apache.catalina.core.StandardEngine.stop()V+1
j  org.apache.catalina.core.StandardService.stop()V+177
j  org.apache.catalina.core.StandardServer.stop()V+65
j  org.apache.catalina.startup.Catalina.stop()V+58
j  org.apache.catalina.startup.Catalina.start()V+198
v  ~StubRoutines::call_stub
j  sun.reflect.NativeMethodAccessorImpl.invoke0(Ljava/lang/reflect/Method;Ljava/lang/Object;[Ljava/lang/Object;)Ljava/lang/Object;+0
j  sun.reflect.NativeMethodAccessorImpl.invoke(Ljava/lang/Object;[Ljava/lang/Object;)Ljava/lang/Object;+100
J 492 C1 sun.reflect.DelegatingMethodAccessorImpl.invoke(Ljava/lang/Object;[Ljava/lang/Object;)Ljava/lang/Object; (10 bytes) @ 0x00007f544521f4ac [0x00007f544521f380+0x12c]
J 489 C1 java.lang.reflect.Method.invoke(Ljava/lang/Object;[Ljava/lang/Object;)Ljava/lang/Object; (62 bytes) @ 0x00007f544522e284 [0x00007f544522de60+0x424]
j  org.apache.catalina.startup.Bootstrap.start()V+37
j  org.apache.catalina.startup.Bootstrap.main([Ljava/lang/String;)V+131
v  ~StubRoutines::call_stub

---------------  P R O C E S S  ---------------

Java Threads: ( => current thread )
  0x00007f5454568800 JavaThread "pool-1-thread-1" [_thread_blocked, id=8335, stack(0x00007f53ca2f8000,0x00007f53ca3f9000)]
  0x00007f545454b800 JavaThread "Thread-20" daemon [_thread_blocked, id=8334, stack(0x00007f54242eb000,0x00007f54243ec000)]
  0x00007f53bc005800 JavaThread "http-8088-2" daemon [_thread_blocked, id=8332, stack(0x00007f54257b6000,0x00007f54258b7000)]
  0x00007f53bc004800 JavaThread "http-8088-1" daemon [_thread_in_native, id=8167, stack(0x00007f53c9566000,0x00007f53c9667000)]
  0x00007f5388f36800 JavaThread "ClockDriftDetector" daemon [_thread_blocked, id=8019, stack(0x00007f53865cf000,0x00007f53866d0000)]
  0x00007f5388f33800 JavaThread "PyLib_ScriptWatcher" daemon [_thread_blocked, id=8018, stack(0x00007f53866d0000,0x00007f53867d1000)]
  0x00007f5388f1e800 JavaThread "PyFile_ChangeNotifier" daemon [_thread_blocked, id=8017, stack(0x00007f53867d1000,0x00007f53868d2000)]
  0x00007f5388f1d000 JavaThread "Thread-16" daemon [_thread_in_native, id=8016, stack(0x00007f53868d2000,0x00007f53869d3000)]
  0x00007f54544ee800 JavaThread "TP-Monitor" daemon [_thread_blocked, id=7986, stack(0x00007f53c9cf2000,0x00007f53c9df3000)]
  0x00007f54544ec800 JavaThread "TP-Processor4" daemon [_thread_blocked, id=7985, stack(0x00007f53c9df3000,0x00007f53c9ef4000)]
  0x00007f54544eb000 JavaThread "TP-Processor3" daemon [_thread_blocked, id=7984, stack(0x00007f53c9ef4000,0x00007f53c9ff5000)]
  0x00007f54544e8800 JavaThread "TP-Processor2" daemon [_thread_blocked, id=7983, stack(0x00007f53c9ff5000,0x00007f53ca0f6000)]
  0x00007f5454509800 JavaThread "TP-Processor1" daemon [_thread_blocked, id=7982, stack(0x00007f53ca0f6000,0x00007f53ca1f7000)]
  0x00007f54544f4800 JavaThread "http-8088-Acceptor-0" daemon [_thread_blocked, id=7981, stack(0x00007f53ca1f7000,0x00007f53ca2f8000)]
  0x00007f5454462800 JavaThread "GC Daemon" daemon [_thread_blocked, id=7979, stack(0x00007f53caa56000,0x00007f53cab57000)]
  0x00007f5454429000 JavaThread "Abandoned connection cleanup thread" daemon [_thread_blocked, id=7978, stack(0x00007f541824f000,0x00007f5418350000)]
  0x00007f53d8008000 JavaThread "RMI Scheduler(0)" daemon [_thread_blocked, id=7974, stack(0x00007f54241ea000,0x00007f54242eb000)]
  0x00007f5454266800 JavaThread "RMI TCP Accept-0" daemon [_thread_in_native, id=7969, stack(0x00007f542474a000,0x00007f542484b000)]
  0x00007f545425d800 JavaThread "RMI TCP Accept-1099" daemon [_thread_in_native, id=7968, stack(0x00007f542484b000,0x00007f542494c000)]
  0x00007f545424c000 JavaThread "RMI TCP Accept-0" daemon [_thread_in_native, id=7967, stack(0x00007f542494c000,0x00007f5424a4d000)]
  0x00007f54540f5000 JavaThread "Service Thread" daemon [_thread_blocked, id=7966, stack(0x00007f54250af000,0x00007f54251b0000)]
  0x00007f54540cf800 JavaThread "C1 CompilerThread3" daemon [_thread_blocked, id=7965, stack(0x00007f54251b0000,0x00007f54252b1000)]
  0x00007f54540cd000 JavaThread "C2 CompilerThread2" daemon [_thread_blocked, id=7964, stack(0x00007f54252b1000,0x00007f54253b2000)]
  0x00007f54540cb800 JavaThread "C2 CompilerThread1" daemon [_thread_blocked, id=7963, stack(0x00007f54253b2000,0x00007f54254b3000)]
  0x00007f54540c8800 JavaThread "C2 CompilerThread0" daemon [_thread_in_native, id=7962, stack(0x00007f54254b3000,0x00007f54255b4000)]
  0x00007f54540c6800 JavaThread "JDWP Event Helper Thread" daemon [_thread_blocked, id=7960, stack(0x00007f54256b5000,0x00007f54257b6000)]
  0x00007f54540b6000 JavaThread "Signal Dispatcher" daemon [_thread_blocked, id=7956, stack(0x00007f5425abb000,0x00007f5425bbc000)]
  0x00007f5454087800 JavaThread "Finalizer" daemon [_thread_blocked, id=7955, stack(0x00007f5425bbc000,0x00007f5425cbd000)]
  0x00007f5454085800 JavaThread "Reference Handler" daemon [_thread_blocked, id=7954, stack(0x00007f5425cbd000,0x00007f5425dbe000)]
=>0x00007f545400d000 JavaThread "main" [_thread_in_native, id=7944, stack(0x00007f545cb65000,0x00007f545cc66000)]

Other Threads:
  0x00007f545407e800 VMThread [stack: 0x00007f5425dbe000,0x00007f5425ebf000] [id=7953]
  0x00007f5454271000 WatcherThread [stack: 0x00007f5424649000,0x00007f542474a000] [id=7970]

VM state:not at safepoint (normal execution)

VM Mutex/Monitor currently owned by a thread: None

Heap:
 PSYoungGen      total 196096K, used 182811K [0x000000076ce00000, 0x000000077c600000, 0x00000007c0000000)
  eden space 184320K, 93% used [0x000000076ce00000,0x000000077757e458,0x0000000778200000)
  from space 11776K, 95% used [0x000000077ba80000,0x000000077c588b30,0x000000077c600000)
  to   space 16384K, 0% used [0x000000077a600000,0x000000077a600000,0x000000077b600000)
 ParOldGen       total 182272K, used 23665K [0x00000006c6a00000, 0x00000006d1c00000, 0x000000076ce00000)
  object space 182272K, 12% used [0x00000006c6a00000,0x00000006c811c6a8,0x00000006d1c00000)
 Metaspace       used 51188K, capacity 52404K, committed 52608K, reserved 1093632K
  class space    used 7241K, capacity 7523K, committed 7552K, reserved 1048576K

Card table byte_map: [0x00007f5458ab5000,0x00007f5459281000] byte_map_base: 0x00007f5455480000

Marking Bits: (ParMarkBitMap*) 0x00007f545c03fc20
 Begin Bits: [0x00007f5418350000, 0x00007f541c1a8000)
 End Bits:   [0x00007f541c1a8000, 0x00007f5420000000)

Polling page: 0x00007f545cc88000

CodeCache: size=245760Kb used=19183Kb max_used=19218Kb free=226576Kb
 bounds [0x00007f5445000000, 0x00007f54462f0000, 0x00007f5454000000]
 total_blobs=5849 nmethods=5292 adapters=478
 compilation: enabled

Compilation events (10 events):
Event: 1156.515 Thread 0x00007f54540cf800 6419       1       java.text.NumberFormat::getMaximumIntegerDigits (5 bytes)
Event: 1156.515 Thread 0x00007f54540cf800 nmethod 6419 0x00007f5445c75710 code [0x00007f5445c75860, 0x00007f5445c75970]
Event: 1156.515 Thread 0x00007f54540cb800 nmethod 6416% 0x00007f5445f4fe10 code [0x00007f5445f4ffa0, 0x00007f5445f50338]
Event: 1156.516 Thread 0x00007f54540cf800 6420       1       java.text.NumberFormat::getMinimumIntegerDigits (5 bytes)
Event: 1156.516 Thread 0x00007f54540cf800 nmethod 6420 0x00007f5445c75450 code [0x00007f5445c755a0, 0x00007f5445c756b0]
Event: 1156.516 Thread 0x00007f54540cf800 6421       1       java.text.NumberFormat::getMaximumFractionDigits (5 bytes)
Event: 1156.516 Thread 0x00007f54540cf800 nmethod 6421 0x00007f5445f50d10 code [0x00007f5445f50e60, 0x00007f5445f50f70]
Event: 1156.518 Thread 0x00007f54540cd000 nmethod 6424 0x00007f5445f50710 code [0x00007f5445f50880, 0x00007f5445f50b28]
Event: 1156.518 Thread 0x00007f54540cf800 6422       1       java.text.NumberFormat::getMinimumFractionDigits (5 bytes)
Event: 1156.518 Thread 0x00007f54540cf800 nmethod 6422 0x00007f5445da9450 code [0x00007f5445da95a0, 0x00007f5445da96b0]

GC Heap History (10 events):
Event: 5.316 GC heap before
{Heap before GC invocations=8 (full 1):
 PSYoungGen      total 151552K, used 125739K [0x000000076ce00000, 0x0000000779c00000, 0x00000007c0000000)
  eden space 136704K, 87% used [0x000000076ce00000,0x00000007742f7500,0x0000000775380000)
  from space 14848K, 40% used [0x0000000776200000,0x00000007767d3a80,0x0000000777080000)
  to   space 14848K, 0% used [0x0000000775380000,0x0000000775380000,0x0000000776200000)
 ParOldGen       total 114176K, used 12863K [0x00000006c6a00000, 0x00000006cd980000, 0x000000076ce00000)
  object space 114176K, 11% used [0x00000006c6a00000,0x00000006c768fea8,0x00000006cd980000)
 Metaspace       used 34683K, capacity 35114K, committed 35320K, reserved 1079296K
  class space    used 4557K, capacity 4673K, committed 4736K, reserved 1048576K
Event: 5.327 GC heap after
Heap after GC invocations=8 (full 1):
 PSYoungGen      total 151552K, used 13034K [0x000000076ce00000, 0x000000077ac00000, 0x00000007c0000000)
  eden space 136704K, 0% used [0x000000076ce00000,0x000000076ce00000,0x0000000775380000)
  from space 14848K, 87% used [0x0000000775380000,0x000000077603aa80,0x0000000776200000)
  to   space 16384K, 0% used [0x0000000779c00000,0x0000000779c00000,0x000000077ac00000)
 ParOldGen       total 114176K, used 12871K [0x00000006c6a00000, 0x00000006cd980000, 0x000000076ce00000)
  object space 114176K, 11% used [0x00000006c6a00000,0x00000006c7691ea8,0x00000006cd980000)
 Metaspace       used 34683K, capacity 35114K, committed 35320K, reserved 1079296K
  class space    used 4557K, capacity 4673K, committed 4736K, reserved 1048576K
}
Event: 5.327 GC heap before
{Heap before GC invocations=9 (full 2):
 PSYoungGen      total 151552K, used 13034K [0x000000076ce00000, 0x000000077ac00000, 0x00000007c0000000)
  eden space 136704K, 0% used [0x000000076ce00000,0x000000076ce00000,0x0000000775380000)
  from space 14848K, 87% used [0x0000000775380000,0x000000077603aa80,0x0000000776200000)
  to   space 16384K, 0% used [0x0000000779c00000,0x0000000779c00000,0x000000077ac00000)
 ParOldGen       total 114176K, used 12871K [0x00000006c6a00000, 0x00000006cd980000, 0x000000076ce00000)
  object space 114176K, 11% used [0x00000006c6a00000,0x00000006c7691ea8,0x00000006cd980000)
 Metaspace       used 34683K, capacity 35114K, committed 35320K, reserved 1079296K
  class space    used 4557K, capacity 4673K, committed 4736K, reserved 1048576K
Event: 5.390 GC heap after
Heap after GC invocations=9 (full 2):
 PSYoungGen      total 151552K, used 0K [0x000000076ce00000, 0x000000077ac00000, 0x00000007c0000000)
  eden space 136704K, 0% used [0x000000076ce00000,0x000000076ce00000,0x0000000775380000)
  from space 14848K, 0% used [0x0000000775380000,0x0000000775380000,0x0000000776200000)
  to   space 16384K, 0% used [0x0000000779c00000,0x0000000779c00000,0x000000077ac00000)
 ParOldGen       total 182272K, used 23641K [0x00000006c6a00000, 0x00000006d1c00000, 0x000000076ce00000)
  object space 182272K, 12% used [0x00000006c6a00000,0x00000006c81166a8,0x00000006d1c00000)
 Metaspace       used 34683K, capacity 35114K, committed 35320K, reserved 1079296K
  class space    used 4557K, capacity 4673K, committed 4736K, reserved 1048576K
}
Event: 6.215 GC heap before
{Heap before GC invocations=10 (full 2):
 PSYoungGen      total 151552K, used 136704K [0x000000076ce00000, 0x000000077ac00000, 0x00000007c0000000)
  eden space 136704K, 100% used [0x000000076ce00000,0x0000000775380000,0x0000000775380000)
  from space 14848K, 0% used [0x0000000775380000,0x0000000775380000,0x0000000776200000)
  to   space 16384K, 0% used [0x0000000779c00000,0x0000000779c00000,0x000000077ac00000)
 ParOldGen       total 182272K, used 23641K [0x00000006c6a00000, 0x00000006d1c00000, 0x000000076ce00000)
  object space 182272K, 12% used [0x00000006c6a00000,0x00000006c81166a8,0x00000006d1c00000)
 Metaspace       used 38580K, capacity 39144K, committed 39296K, reserved 1083392K
  class space    used 5600K, capacity 5745K, committed 5760K, reserved 1048576K
Event: 6.222 GC heap after
Heap after GC invocations=10 (full 2):
 PSYoungGen      total 200704K, used 4783K [0x000000076ce00000, 0x000000077a700000, 0x00000007c0000000)
  eden space 189440K, 0% used [0x000000076ce00000,0x000000076ce00000,0x0000000778700000)
  from space 11264K, 42% used [0x0000000779c00000,0x000000077a0abf50,0x000000077a700000)
  to   space 16384K, 0% used [0x0000000778700000,0x0000000778700000,0x0000000779700000)
 ParOldGen       total 182272K, used 23649K [0x00000006c6a00000, 0x00000006d1c00000, 0x000000076ce00000)
  object space 182272K, 12% used [0x00000006c6a00000,0x00000006c81186a8,0x00000006d1c00000)
 Metaspace       used 38580K, capacity 39144K, committed 39296K, reserved 1083392K
  class space    used 5600K, capacity 5745K, committed 5760K, reserved 1048576K
}
Event: 541.816 GC heap before
{Heap before GC invocations=11 (full 2):
 PSYoungGen      total 200704K, used 194223K [0x000000076ce00000, 0x000000077a700000, 0x00000007c0000000)
  eden space 189440K, 100% used [0x000000076ce00000,0x0000000778700000,0x0000000778700000)
  from space 11264K, 42% used [0x0000000779c00000,0x000000077a0abf50,0x000000077a700000)
  to   space 16384K, 0% used [0x0000000778700000,0x0000000778700000,0x0000000779700000)
 ParOldGen       total 182272K, used 23649K [0x00000006c6a00000, 0x00000006d1c00000, 0x000000076ce00000)
  object space 182272K, 12% used [0x00000006c6a00000,0x00000006c81186a8,0x00000006d1c00000)
 Metaspace       used 46966K, capacity 47572K, committed 47872K, reserved 1089536K
  class space    used 6680K, capacity 6851K, committed 6912K, reserved 1048576K
Event: 541.829 GC heap after
Heap after GC invocations=11 (full 2):
 PSYoungGen      total 205824K, used 10970K [0x000000076ce00000, 0x000000077ca80000, 0x00000007c0000000)
  eden space 189440K, 0% used [0x000000076ce00000,0x000000076ce00000,0x0000000778700000)
  from space 16384K, 66% used [0x0000000778700000,0x00000007791b6a70,0x0000000779700000)
  to   space 16384K, 0% used [0x000000077ba80000,0x000000077ba80000,0x000000077ca80000)
 ParOldGen       total 182272K, used 23657K [0x00000006c6a00000, 0x00000006d1c00000, 0x000000076ce00000)
  object space 182272K, 12% used [0x00000006c6a00000,0x00000006c811a6a8,0x00000006d1c00000)
 Metaspace       used 46966K, capacity 47572K, committed 47872K, reserved 1089536K
  class space    used 6680K, capacity 6851K, committed 6912K, reserved 1048576K
}
Event: 619.345 GC heap before
{Heap before GC invocations=12 (full 2):
 PSYoungGen      total 205824K, used 200410K [0x000000076ce00000, 0x000000077ca80000, 0x00000007c0000000)
  eden space 189440K, 100% used [0x000000076ce00000,0x0000000778700000,0x0000000778700000)
  from space 16384K, 66% used [0x0000000778700000,0x00000007791b6a70,0x0000000779700000)
  to   space 16384K, 0% used [0x000000077ba80000,0x000000077ba80000,0x000000077ca80000)
 ParOldGen       total 182272K, used 23657K [0x00000006c6a00000, 0x00000006d1c00000, 0x000000076ce00000)
  object space 182272K, 12% used [0x00000006c6a00000,0x00000006c811a6a8,0x00000006d1c00000)
 Metaspace       used 50712K, capacity 51876K, committed 52096K, reserved 1093632K
  class space    used 7214K, capacity 7483K, committed 7552K, reserved 1048576K
Event: 619.356 GC heap after
Heap after GC invocations=12 (full 2):
 PSYoungGen      total 196096K, used 11298K [0x000000076ce00000, 0x000000077c600000, 0x00000007c0000000)
  eden space 184320K, 0% used [0x000000076ce00000,0x000000076ce00000,0x0000000778200000)
  from space 11776K, 95% used [0x000000077ba80000,0x000000077c588b30,0x000000077c600000)
  to   space 16384K, 0% used [0x000000077a600000,0x000000077a600000,0x000000077b600000)
 ParOldGen       total 182272K, used 23665K [0x00000006c6a00000, 0x00000006d1c00000, 0x000000076ce00000)
  object space 182272K, 12% used [0x00000006c6a00000,0x00000006c811c6a8,0x00000006d1c00000)
 Metaspace       used 50712K, capacity 51876K, committed 52096K, reserved 1093632K
  class space    used 7214K, capacity 7483K, committed 7552K, reserved 1048576K
}

Deoptimization events (10 events):
Event: 1156.513 Thread 0x00007f545400d000 Uncommon trap: reason=bimorphic action=maybe_recompile pc=0x00007f5445f74148 method=java.io.ObjectOutputStream$BlockDataOutputStream.drain()V @ 36
Event: 1156.513 Thread 0x00007f545400d000 Uncommon trap: reason=class_check action=maybe_recompile pc=0x00007f5446035d68 method=java.io.ObjectOutputStream$BlockDataOutputStream.write([BIIZ)V @ 23
Event: 1156.513 Thread 0x00007f545400d000 Uncommon trap: reason=bimorphic action=maybe_recompile pc=0x00007f54455e28a4 method=java.io.ObjectOutputStream$BlockDataOutputStream.writeBlockHeader(I)V @ 33
Event: 1156.513 Thread 0x00007f545400d000 Uncommon trap: reason=bimorphic action=maybe_recompile pc=0x00007f5445f85538 method=java.io.ObjectOutputStream$BlockDataOutputStream.drain()V @ 36
Event: 1156.514 Thread 0x00007f545400d000 Uncommon trap: reason=class_check action=maybe_recompile pc=0x00007f5446035d68 method=java.io.ObjectOutputStream$BlockDataOutputStream.write([BIIZ)V @ 23
Event: 1156.515 Thread 0x00007f545400d000 Uncommon trap: reason=class_check action=maybe_recompile pc=0x00007f5446035d68 method=java.io.ObjectOutputStream$BlockDataOutputStream.write([BIIZ)V @ 23
Event: 1156.516 Thread 0x00007f545400d000 Uncommon trap: reason=class_check action=maybe_recompile pc=0x00007f5446035d68 method=java.io.ObjectOutputStream$BlockDataOutputStream.write([BIIZ)V @ 23
Event: 1156.518 Thread 0x00007f545400d000 Uncommon trap: reason=bimorphic action=maybe_recompile pc=0x00007f54455e28a4 method=java.io.ObjectOutputStream$BlockDataOutputStream.writeBlockHeader(I)V @ 33
Event: 1156.518 Thread 0x00007f545400d000 Uncommon trap: reason=bimorphic action=maybe_recompile pc=0x00007f54455e28a4 method=java.io.ObjectOutputStream$BlockDataOutputStream.writeBlockHeader(I)V @ 33
Event: 1156.519 Thread 0x00007f545400d000 Uncommon trap: reason=bimorphic action=maybe_recompile pc=0x00007f5445f86318 method=java.io.ObjectOutputStream$BlockDataOutputStream.drain()V @ 36

Internal exceptions (10 events):
Event: 1156.504 Thread 0x00007f545400d000 Exception <a 'java/security/PrivilegedActionException'> (0x0000000776ab5050) thrown at [/HUDSON/workspace/8-2-build-linux-amd64/jdk8u20/526.nc/hotspot/src/share/vm/prims/jvm.cpp, line 1258]
Event: 1156.505 Thread 0x00007f545400d000 Exception <a 'java/security/PrivilegedActionException'> (0x0000000776ab5a88) thrown at [/HUDSON/workspace/8-2-build-linux-amd64/jdk8u20/526.nc/hotspot/src/share/vm/prims/jvm.cpp, line 1258]
Event: 1156.507 Thread 0x00007f545400d000 Exception <a 'java/security/PrivilegedActionException'> (0x0000000776ac7f10) thrown at [/HUDSON/workspace/8-2-build-linux-amd64/jdk8u20/526.nc/hotspot/src/share/vm/prims/jvm.cpp, line 1258]
Event: 1156.507 Thread 0x00007f545400d000 Exception <a 'java/security/PrivilegedActionException'> (0x0000000776ac8ab0) thrown at [/HUDSON/workspace/8-2-build-linux-amd64/jdk8u20/526.nc/hotspot/src/share/vm/prims/jvm.cpp, line 1258]
Event: 1156.516 Thread 0x00007f545400d000 Exception <a 'java/security/PrivilegedActionException'> (0x0000000776aef6f8) thrown at [/HUDSON/workspace/8-2-build-linux-amd64/jdk8u20/526.nc/hotspot/src/share/vm/prims/jvm.cpp, line 1258]
Event: 1156.516 Thread 0x00007f545400d000 Exception <a 'java/security/PrivilegedActionException'> (0x0000000776af06d8) thrown at [/HUDSON/workspace/8-2-build-linux-amd64/jdk8u20/526.nc/hotspot/src/share/vm/prims/jvm.cpp, line 1258]
Event: 1156.517 Thread 0x00007f545400d000 Exception <a 'java/security/PrivilegedActionException'> (0x0000000776b0c010) thrown at [/HUDSON/workspace/8-2-build-linux-amd64/jdk8u20/526.nc/hotspot/src/share/vm/prims/jvm.cpp, line 1258]
Event: 1156.517 Thread 0x00007f545400d000 Exception <a 'java/security/PrivilegedActionException'> (0x0000000776b0d080) thrown at [/HUDSON/workspace/8-2-build-linux-amd64/jdk8u20/526.nc/hotspot/src/share/vm/prims/jvm.cpp, line 1258]
Event: 1156.517 Thread 0x00007f545400d000 Exception <a 'java/security/PrivilegedActionException'> (0x0000000776b1d740) thrown at [/HUDSON/workspace/8-2-build-linux-amd64/jdk8u20/526.nc/hotspot/src/share/vm/prims/jvm.cpp, line 1258]
Event: 1156.517 Thread 0x00007f545400d000 Exception <a 'java/security/PrivilegedActionException'> (0x0000000776b1e760) thrown at [/HUDSON/workspace/8-2-build-linux-amd64/jdk8u20/526.nc/hotspot/src/share/vm/prims/jvm.cpp, line 1258]

Events (10 events):
Event: 1156.518 Thread 0x00007f545400d000 DEOPT UNPACKING pc=0x00007f544504741a sp=0x00007f545cc61818 mode 1
Event: 1156.518 Thread 0x00007f545400d000 DEOPT PACKING pc=0x00007f5445e66aa4 sp=0x00007f545cc61a00
Event: 1156.518 Thread 0x00007f545400d000 DEOPT UNPACKING pc=0x00007f544504741a sp=0x00007f545cc617c0 mode 1
Event: 1156.518 Thread 0x00007f545400d000 DEOPT PACKING pc=0x00007f5445e8e44c sp=0x00007f545cc61ad0
Event: 1156.518 Thread 0x00007f545400d000 DEOPT UNPACKING pc=0x00007f544504741a sp=0x00007f545cc61898 mode 1
Event: 1156.518 Thread 0x00007f545400d000 DEOPT PACKING pc=0x00007f5445e66aa4 sp=0x00007f545cc61a40
Event: 1156.518 Thread 0x00007f545400d000 DEOPT UNPACKING pc=0x00007f544504741a sp=0x00007f545cc61818 mode 1
Event: 1156.519 Thread 0x00007f545400d000 Uncommon trap: trap_request=0xffffffc6 fr.pc=0x00007f5445f86318
Event: 1156.519 Thread 0x00007f545400d000 DEOPT PACKING pc=0x00007f5445f86318 sp=0x00007f545cc63480
Event: 1156.519 Thread 0x00007f545400d000 DEOPT UNPACKING pc=0x00007f5445047650 sp=0x00007f545cc633b8 mode 2


Dynamic libraries:
00400000-00401000 r-xp 00000000 08:06 19938758                           /usr/lib/jvm/jdk1.8.0_20/bin/java
00600000-00601000 rw-p 00000000 08:06 19938758                           /usr/lib/jvm/jdk1.8.0_20/bin/java
0229b000-022bc000 rw-p 00000000 00:00 0                                  [heap]
6c6a00000-6d1c00000 rw-p 00000000 00:00 0 
6d1c00000-76ce00000 ---p 00000000 00:00 0 
76ce00000-77c600000 rw-p 00000000 00:00 0 
77c600000-7c0000000 ---p 00000000 00:00 0 
7c0000000-7c0760000 rw-p 00000000 00:00 0 
7c0760000-800000000 ---p 00000000 00:00 0 
7f5348000000-7f5348021000 rw-p 00000000 00:00 0 
7f5348021000-7f534c000000 ---p 00000000 00:00 0 
7f534c000000-7f534c27a000 rw-p 00000000 00:00 0 
7f534c27a000-7f5350000000 ---p 00000000 00:00 0 
7f5350000000-7f5350021000 rw-p 00000000 00:00 0 
7f5350021000-7f5354000000 ---p 00000000 00:00 0 
7f5354000000-7f5354021000 rw-p 00000000 00:00 0 
7f5354021000-7f5358000000 ---p 00000000 00:00 0 
7f5358000000-7f5358021000 rw-p 00000000 00:00 0 
7f5358021000-7f535c000000 ---p 00000000 00:00 0 
7f535c000000-7f535c021000 rw-p 00000000 00:00 0 
7f535c021000-7f5360000000 ---p 00000000 00:00 0 
7f5360000000-7f5360021000 rw-p 00000000 00:00 0 
7f5360021000-7f5364000000 ---p 00000000 00:00 0 
7f5364000000-7f5364021000 rw-p 00000000 00:00 0 
7f5364021000-7f5368000000 ---p 00000000 00:00 0 
7f5368000000-7f53680df000 rw-p 00000000 00:00 0 
7f53680df000-7f536c000000 ---p 00000000 00:00 0 
7f536c000000-7f536c021000 rw-p 00000000 00:00 0 
7f536c021000-7f5370000000 ---p 00000000 00:00 0 
7f5370000000-7f5370021000 rw-p 00000000 00:00 0 
7f5370021000-7f5374000000 ---p 00000000 00:00 0 
7f5374000000-7f5374021000 rw-p 00000000 00:00 0 
7f5374021000-7f5378000000 ---p 00000000 00:00 0 
7f5378000000-7f5378021000 rw-p 00000000 00:00 0 
7f5378021000-7f537c000000 ---p 00000000 00:00 0 
7f537c000000-7f537c021000 rw-p 00000000 00:00 0 
7f537c021000-7f5380000000 ---p 00000000 00:00 0 
7f5380000000-7f5380021000 rw-p 00000000 00:00 0 
7f5380021000-7f5384000000 ---p 00000000 00:00 0 
7f53859ab000-7f5385bab000 rw-p 00000000 00:00 0 
7f5385bab000-7f5385dab000 rw-p 00000000 00:00 0 
7f5385dab000-7f5385dc2000 r-xp 00000000 08:06 15602148                   /lib/x86_64-linux-gnu/libresolv-2.19.so
7f5385dc2000-7f5385fc2000 ---p 00017000 08:06 15602148                   /lib/x86_64-linux-gnu/libresolv-2.19.so
7f5385fc2000-7f5385fc3000 r--p 00017000 08:06 15602148                   /lib/x86_64-linux-gnu/libresolv-2.19.so
7f5385fc3000-7f5385fc4000 rw-p 00018000 08:06 15602148                   /lib/x86_64-linux-gnu/libresolv-2.19.so
7f5385fc4000-7f5385fc6000 rw-p 00000000 00:00 0 
7f5385fc6000-7f5385fcb000 r-xp 00000000 08:06 15602324                   /lib/x86_64-linux-gnu/libnss_dns-2.19.so
7f5385fcb000-7f53861ca000 ---p 00005000 08:06 15602324                   /lib/x86_64-linux-gnu/libnss_dns-2.19.so
7f53861ca000-7f53861cb000 r--p 00004000 08:06 15602324                   /lib/x86_64-linux-gnu/libnss_dns-2.19.so
7f53861cb000-7f53861cc000 rw-p 00005000 08:06 15602324                   /lib/x86_64-linux-gnu/libnss_dns-2.19.so
7f53861cc000-7f53861ce000 r-xp 00000000 08:06 15601607                   /lib/x86_64-linux-gnu/libnss_mdns4_minimal.so.2
7f53861ce000-7f53863cd000 ---p 00002000 08:06 15601607                   /lib/x86_64-linux-gnu/libnss_mdns4_minimal.so.2
7f53863cd000-7f53863ce000 r--p 00001000 08:06 15601607                   /lib/x86_64-linux-gnu/libnss_mdns4_minimal.so.2
7f53863ce000-7f53863cf000 rw-p 00002000 08:06 15601607                   /lib/x86_64-linux-gnu/libnss_mdns4_minimal.so.2
7f53863cf000-7f53865cf000 rw-p 00000000 00:00 0 
7f53865cf000-7f53865d2000 ---p 00000000 00:00 0 
7f53865d2000-7f53866d0000 rw-p 00000000 00:00 0                          [stack:8019]
7f53866d0000-7f53866d3000 ---p 00000000 00:00 0 
7f53866d3000-7f53867d1000 rw-p 00000000 00:00 0                          [stack:8018]
7f53867d1000-7f53867d4000 ---p 00000000 00:00 0 
7f53867d4000-7f53868d2000 rw-p 00000000 00:00 0                          [stack:8017]
7f53868d2000-7f53868d5000 ---p 00000000 00:00 0 
7f53868d5000-7f5386bd3000 rw-p 00000000 00:00 0                          [stack:8016]
7f5386bd3000-7f5386bd6000 ---p 00000000 00:00 0 
7f5386bd6000-7f5386cd4000 rw-p 00000000 00:00 0 
7f5386cd4000-7f5386cd7000 ---p 00000000 00:00 0 
7f5386cd7000-7f5386dd5000 rw-p 00000000 00:00 0 
7f5386dd5000-7f5386dd8000 ---p 00000000 00:00 0 
7f5386dd8000-7f5386ed6000 rw-p 00000000 00:00 0 
7f5386ed6000-7f5386ed9000 ---p 00000000 00:00 0 
7f5386ed9000-7f5386fd7000 rw-p 00000000 00:00 0 
7f5386fd7000-7f5386fda000 ---p 00000000 00:00 0 
7f5386fda000-7f53870d8000 rw-p 00000000 00:00 0 
7f53870d8000-7f53870db000 ---p 00000000 00:00 0 
7f53870db000-7f53871d9000 rw-p 00000000 00:00 0 
7f53871d9000-7f53871dc000 ---p 00000000 00:00 0 
7f53871dc000-7f53872da000 rw-p 00000000 00:00 0 
7f53872ee000-7f53874ee000 rw-p 00000000 00:00 0 
7f53874ee000-7f53874f1000 ---p 00000000 00:00 0 
7f53874f1000-7f53875ef000 rw-p 00000000 00:00 0 
7f53875ef000-7f53875f2000 ---p 00000000 00:00 0 
7f53875f2000-7f53876f0000 rw-p 00000000 00:00 0 
7f53876f0000-7f53876f3000 ---p 00000000 00:00 0 
7f53876f3000-7f53877f1000 rw-p 00000000 00:00 0 
7f53877f1000-7f53877f4000 ---p 00000000 00:00 0 
7f53877f4000-7f5387af2000 rw-p 00000000 00:00 0 
7f5387af2000-7f5387cf2000 rw-p 00000000 00:00 0 
7f5387e00000-7f5388000000 rw-p 00000000 00:00 0 
7f5388000000-7f5388f62000 rw-p 00000000 00:00 0 
7f5388f62000-7f538c000000 ---p 00000000 00:00 0 
7f538c000000-7f538c021000 rw-p 00000000 00:00 0 
7f538c021000-7f5390000000 ---p 00000000 00:00 0 
7f5390000000-7f5390021000 rw-p 00000000 00:00 0 
7f5390021000-7f5394000000 ---p 00000000 00:00 0 
7f5394000000-7f5394021000 rw-p 00000000 00:00 0 
7f5394021000-7f5398000000 ---p 00000000 00:00 0 
7f5398000000-7f53986b5000 rw-p 00000000 00:00 0 
7f53986b5000-7f539c000000 ---p 00000000 00:00 0 
7f539c000000-7f539c021000 rw-p 00000000 00:00 0 
7f539c021000-7f53a0000000 ---p 00000000 00:00 0 
7f53a0000000-7f53a0021000 rw-p 00000000 00:00 0 
7f53a0021000-7f53a4000000 ---p 00000000 00:00 0 
7f53a4000000-7f53a4021000 rw-p 00000000 00:00 0 
7f53a4021000-7f53a8000000 ---p 00000000 00:00 0 
7f53a8000000-7f53a8021000 rw-p 00000000 00:00 0 
7f53a8021000-7f53ac000000 ---p 00000000 00:00 0 
7f53ac000000-7f53ac05d000 rw-p 00000000 00:00 0 
7f53ac05d000-7f53b0000000 ---p 00000000 00:00 0 
7f53b0000000-7f53b0021000 rw-p 00000000 00:00 0 
7f53b0021000-7f53b4000000 ---p 00000000 00:00 0 
7f53b4000000-7f53b4021000 rw-p 00000000 00:00 0 
7f53b4021000-7f53b8000000 ---p 00000000 00:00 0 
7f53b8000000-7f53b80fc000 rw-p 00000000 00:00 0 
7f53b80fc000-7f53bc000000 ---p 00000000 00:00 0 
7f53bc000000-7f53bc021000 rw-p 00000000 00:00 0 
7f53bc021000-7f53c0000000 ---p 00000000 00:00 0 
7f53c0000000-7f53c0021000 rw-p 00000000 00:00 0 
7f53c0021000-7f53c4000000 ---p 00000000 00:00 0 
7f53c4000000-7f53c4021000 rw-p 00000000 00:00 0 
7f53c4021000-7f53c8000000 ---p 00000000 00:00 0 
7f53c8031000-7f53c8038000 r--s 00000000 08:06 15863595                   /usr/lib/x86_64-linux-gnu/gconv/gconv-modules.cache
7f53c8038000-7f53c8238000 rw-p 00000000 00:00 0 
7f53c8238000-7f53c8438000 rw-p 00000000 00:00 0 
7f53c8438000-7f53c843b000 ---p 00000000 00:00 0 
7f53c843b000-7f53c8739000 rw-p 00000000 00:00 0 
7f53c8739000-7f53c8939000 rw-p 00000000 00:00 0 
7f53c8939000-7f53c893b000 r--s 00003000 08:06 659381                     /usr/local/development/dev-7-7/Ignition/IgnitionWebApp/src/main/home/temp/sfc-gateway-api7931316924732356406.jar
7f53c893b000-7f53c893e000 r--s 00019000 08:06 659380                     /usr/local/development/dev-7-7/Ignition/IgnitionWebApp/src/main/home/temp/sfc-gateway3170828426526190291.jar
7f53c893e000-7f53c8941000 r--s 00016000 08:06 659379                     /usr/local/development/dev-7-7/Ignition/IgnitionWebApp/src/main/home/temp/sfc-common852980276049660446.jar
7f53c8941000-7f53c8945000 r--s 000be000 08:06 658865                     /usr/local/development/dev-7-7/Ignition/IgnitionWebApp/src/main/home/temp/vis-gateway535229526106232959.jar
7f53c8945000-7f53c894d000 r--s 0009e000 08:06 657830                     /usr/local/development/dev-7-7/Ignition/IgnitionWebApp/src/main/home/temp/secsgem-gateway4706004663854980808.jar
7f53c894d000-7f53c8b4d000 rw-p 00000000 00:00 0 
7f53c8d4f000-7f53c8d52000 ---p 00000000 00:00 0 
7f53c8d52000-7f53c8e50000 rw-p 00000000 00:00 0 
7f53c8e50000-7f53c8e53000 ---p 00000000 00:00 0 
7f53c8e53000-7f53c8f51000 rw-p 00000000 00:00 0 
7f53c8f51000-7f53c8f54000 ---p 00000000 00:00 0 
7f53c8f54000-7f53c9252000 rw-p 00000000 00:00 0 
7f53c9252000-7f53c9265000 r--s 00345000 08:06 20582253                   /usr/lib/jvm/jdk1.8.0_20/jre/lib/resources.jar
7f53c9265000-7f53c9268000 ---p 00000000 00:00 0 
7f53c9268000-7f53c9566000 rw-p 00000000 00:00 0 
7f53c9566000-7f53c9569000 ---p 00000000 00:00 0 
7f53c9569000-7f53c9668000 rw-p 00000000 00:00 0                          [stack:8167]
7f53c9668000-7f53c9669000 r--s 00002000 08:06 658870                     /usr/local/development/dev-7-7/Ignition/IgnitionWebApp/src/main/home/temp/vis-common6322895079800510668.jar
7f53c9669000-7f53c966a000 r--s 00004000 08:06 658859                     /usr/local/development/dev-7-7/Ignition/IgnitionWebApp/src/main/home/temp/secsgem-shared6469434372146195289.jar
7f53c966a000-7f53c966b000 r--s 00000000 08:06 2374863                    /usr/local/development/dev-7-7/Ignition/IgnitionWebApp/target/ignition-webapp-7.7/WEB-INF/lib/xopc-common-2.7.2-SNAPSHOT.jar
7f53c966b000-7f53c9683000 r--s 000f6000 08:06 2374859                    /usr/local/development/dev-7-7/Ignition/IgnitionWebApp/target/ignition-webapp-7.7/WEB-INF/lib/xopc-2.7.2-SNAPSHOT.jar
7f53c9683000-7f53c9690000 r--s 000a0000 08:06 2374890                    /usr/local/development/dev-7-7/Ignition/IgnitionWebApp/target/ignition-webapp-7.7/WEB-INF/lib/winpack-3.8.3.jar
7f53c9690000-7f53c969a000 r--s 0005c000 08:06 2365026                    /usr/local/development/dev-7-7/Ignition/IgnitionWebApp/target/ignition-webapp-7.7/WEB-INF/lib/wicket-util-6.1.1.jar
7f53c969a000-7f53c969d000 r--s 00012000 08:06 2365027                    /usr/local/development/dev-7-7/Ignition/IgnitionWebApp/target/ignition-webapp-7.7/WEB-INF/lib/wicket-request-6.1.1.jar
7f53c969d000-7f53c96af000 r--s 00138000 08:06 2374825                    /usr/local/development/dev-7-7/Ignition/IgnitionWebApp/target/ignition-webapp-7.7/WEB-INF/lib/wicket-extensions-6.1.1.jar
7f53c96af000-7f53c96b2000 r--s 00038000 08:06 2374824                    /usr/local/development/dev-7-7/Ignition/IgnitionWebApp/target/ignition-webapp-7.7/WEB-INF/lib/wicket-datetime-6.1.1.jar
7f53c96b2000-7f53c96d5000 r--s 001a3000 08:06 2365025                    /usr/local/development/dev-7-7/Ignition/IgnitionWebApp/target/ignition-webapp-7.7/WEB-INF/lib/wicket-core-6.1.1.jar
7f53c96d5000-7f53c96d7000 r--s 0012e000 08:06 2374875                    /usr/local/development/dev-7-7/Ignition/IgnitionWebApp/target/ignition-webapp-7.7/WEB-INF/lib/voice-cmu-slt-hsmm-5.0.jar
7f53c96d7000-7f53c96d8000 r--s 00006000 08:06 2374865                    /usr/local/development/dev-7-7/Ignition/IgnitionWebApp/target/ignition-webapp-7.7/WEB-INF/lib/user-manual-module-1.7.0-20131026.004611-6.jar
7f53c96d8000-7f53c96d9000 r--s 00268000 08:06 2374876                    /usr/local/development/dev-7-7/Ignition/IgnitionWebApp/target/ignition-webapp-7.7/WEB-INF/lib/ttsengine-ivona-2.7.2-SNAPSHOT.jar
7f53c96d9000-7f53c96dc000 r--s 00017000 08:06 2374845                    /usr/local/development/dev-7-7/Ignition/IgnitionWebApp/target/ignition-webapp-7.7/WEB-INF/lib/timingframework-1.0.jar
7f53c96dc000-7f53c96de000 r--s 00001000 08:06 2365014                    /usr/local/development/dev-7-7/Ignition/IgnitionWebApp/target/ignition-webapp-7.7/WEB-INF/lib/slf4j-log4j12-1.7.5.jar
7f53c96de000-7f53c96e0000 r--s 00005000 08:06 2365013                    /usr/local/development/dev-7-7/Ignition/IgnitionWebApp/target/ignition-webapp-7.7/WEB-INF/lib/slf4j-api-1.7.5.jar
7f53c96e0000-7f53c96ea000 r--s 00061000 08:06 2374872                    /usr/local/development/dev-7-7/Ignition/IgnitionWebApp/target/ignition-webapp-7.7/WEB-INF/lib/sip-notification-2.7.2-SNAPSHOT.jar
7f53c96ea000-7f53c96ed000 r--s 0001f000 08:06 4198523                    /usr/local/development/dev-7-7/Ignition/IgnitionWebApp/target/ignition-webapp-7.7/WEB-INF/lib/simple-orm-7.7.2-SNAPSHOT.jar
7f53c96ed000-7f53c96ef000 r--s 00003000 08:06 2374881                    /usr/local/development/dev-7-7/Ignition/IgnitionWebApp/target/ignition-webapp-7.7/WEB-INF/lib/sfc-gateway-api-1.7.1-SNAPSHOT.jar
7f53c96ef000-7f53c96f2000 r--s 00019000 08:06 2374880                    /usr/local/development/dev-7-7/Ignition/IgnitionWebApp/target/ignition-webapp-7.7/WEB-INF/lib/sfc-gateway-1.7.1-SNAPSHOT.jar
7f53c96f2000-7f53c96f5000 r--s 00016000 08:06 2374882                    /usr/local/development/dev-7-7/Ignition/IgnitionWebApp/target/ignition-webapp-7.7/WEB-INF/lib/sfc-common-1.7.1-SNAPSHOT.jar
7f53c96f5000-7f53c96f7000 r--s 0000f000 08:06 2374885                    /usr/local/development/dev-7-7/Ignition/IgnitionWebApp/target/ignition-webapp-7.7/WEB-INF/lib/serialio-8.7.0.jar
7f53c96f7000-7f53c96f9000 r--s 00028000 08:06 2374883                    /usr/local/development/dev-7-7/Ignition/IgnitionWebApp/target/ignition-webapp-7.7/WEB-INF/lib/serial-support-gateway-2.7.2-SNAPSHOT.jar
7f53c96f9000-7f53c96fb000 r--s 00002000 08:06 2374884                    /usr/local/development/dev-7-7/Ignition/IgnitionWebApp/target/ignition-webapp-7.7/WEB-INF/lib/serial-support-common-2.7.2-SNAPSHOT.jar
7f53c96fb000-7f53c9700000 r--s 0003e000 08:06 2374832                    /usr/local/development/dev-7-7/Ignition/IgnitionWebApp/target/ignition-webapp-7.7/WEB-INF/lib/saaj-impl-1.3.jar
7f53c9700000-7f53c9702000 r--s 00003000 08:06 2374833                    /usr/local/development/dev-7-7/Ignition/IgnitionWebApp/target/ignition-webapp-7.7/WEB-INF/lib/saaj-api-1.3.jar
7f53c9702000-7f53c970c000 r--s 0005c000 08:06 2374887                    /usr/local/development/dev-7-7/Ignition/IgnitionWebApp/target/ignition-webapp-7.7/WEB-INF/lib/opccom-gateway-2.7.2-SNAPSHOT.jar
7f53c970c000-7f53c970d000 r--s 00001000 08:06 2374886                    /usr/local/development/dev-7-7/Ignition/IgnitionWebApp/target/ignition-webapp-7.7/WEB-INF/lib/opccom-common-2.7.2-SNAPSHOT.jar
7f53c970d000-7f53c9712000 r--s 00086000 08:06 2374878                    /usr/local/development/dev-7-7/Ignition/IgnitionWebApp/target/ignition-webapp-7.7/WEB-INF/lib/mobile-gateway-2.7.2-SNAPSHOT.jar
7f53c9712000-7f53c9714000 r--s 00002000 08:06 2374879                    /usr/local/development/dev-7-7/Ignition/IgnitionWebApp/target/ignition-webapp-7.7/WEB-INF/lib/mobile-common-2.7.2-SNAPSHOT.jar
7f53c9714000-7f53c9715000 r--s 00003000 08:06 2374849                    /usr/local/development/dev-7-7/Ignition/IgnitionWebApp/target/ignition-webapp-7.7/WEB-INF/lib/miglayout-swing-4.2.jar
7f53c9715000-7f53c9717000 r--s 0000f000 08:06 2374850                    /usr/local/development/dev-7-7/Ignition/IgnitionWebApp/target/ignition-webapp-7.7/WEB-INF/lib/miglayout-core-4.2.jar
7f53c9717000-7f53c971a000 r--s 00012000 08:06 2365017                    /usr/local/development/dev-7-7/Ignition/IgnitionWebApp/target/ignition-webapp-7.7/WEB-INF/lib/metrics-core-3.0.1.jar
7f53c971a000-7f53c9789000 r--s 007bb000 08:06 2374873                    /usr/local/development/dev-7-7/Ignition/IgnitionWebApp/target/ignition-webapp-7.7/WEB-INF/lib/marytts-server-5.0.jar
7f53c9789000-7f53c978c000 r--s 0069c000 08:06 2374874                    /usr/local/development/dev-7-7/Ignition/IgnitionWebApp/target/ignition-webapp-7.7/WEB-INF/lib/marytts-lang-en-5.0.jar
7f53c978c000-7f53c9794000 r--s 00075000 08:06 2374828                    /usr/local/development/dev-7-7/Ignition/IgnitionWebApp/target/ignition-webapp-7.7/WEB-INF/lib/mail-1.4.5.jar
7f53c9794000-7f53c979d000 r--s 0006f000 08:06 2374892                    /usr/local/development/dev-7-7/Ignition/IgnitionWebApp/target/ignition-webapp-7.7/WEB-INF/lib/log4j-1.2.17.jar
7f53c979d000-7f53c97a4000 r--s 00059000 08:06 2365012                    /usr/local/development/dev-7-7/Ignition/IgnitionWebApp/target/ignition-webapp-7.7/WEB-INF/lib/log4j-1.2.15.jar
7f53c97a4000-7f53c9841000 r--s 0082e000 08:06 2365008                    /usr/local/development/dev-7-7/Ignition/IgnitionWebApp/target/ignition-webapp-7.7/WEB-INF/lib/jython-2.5.3-guava-upgrade.jar
7f53c9841000-7f53c9842000 r--s 00001000 08:06 2365015                    /usr/local/development/dev-7-7/Ignition/IgnitionWebApp/target/ignition-webapp-7.7/WEB-INF/lib/jul-to-slf4j-1.7.5.jar
7f53c9842000-7f53c9848000 r--s 00036000 08:06 2374826                    /usr/local/development/dev-7-7/Ignition/IgnitionWebApp/target/ignition-webapp-7.7/WEB-INF/lib/jquery-ui-core-6.1.0.jar
7f53c9848000-7f53c9857000 r--s 0007c000 08:06 2365018                    /usr/local/development/dev-7-7/Ignition/IgnitionWebApp/target/ignition-webapp-7.7/WEB-INF/lib/joda-time-2.0.jar
7f53c9857000-7f53c985b000 r--s 00037000 08:06 2374889                    /usr/local/development/dev-7-7/Ignition/IgnitionWebApp/target/ignition-webapp-7.7/WEB-INF/lib/jniwrap-3.8.3.jar
7f53c985b000-7f53c985d000 r--s 00011000 08:06 2374858                    /usr/local/development/dev-7-7/Ignition/IgnitionWebApp/target/ignition-webapp-7.7/WEB-INF/lib/jide-shortcut-3.5.13.jar
7f53c985d000-7f53c9861000 r--s 00022000 08:06 2374853                    /usr/local/development/dev-7-7/Ignition/IgnitionWebApp/target/ignition-webapp-7.7/WEB-INF/lib/jide-plaf-3.5.13.jar
7f53c9861000-7f53c9887000 r--s 001da000 08:06 2374852                    /usr/local/development/dev-7-7/Ignition/IgnitionWebApp/target/ignition-webapp-7.7/WEB-INF/lib/jide-grids-3.5.13.jar
7f53c9887000-7f53c9891000 r--s 00061000 08:06 2374857                    /usr/local/development/dev-7-7/Ignition/IgnitionWebApp/target/ignition-webapp-7.7/WEB-INF/lib/jide-editor-3.5.13.jar
7f53c9891000-7f53c9897000 r--s 0004f000 08:06 2374856                    /usr/local/development/dev-7-7/Ignition/IgnitionWebApp/target/ignition-webapp-7.7/WEB-INF/lib/jide-dock-3.5.13.jar
7f53c9897000-7f53c9899000 r--s 0000c000 08:06 2374855                    /usr/local/development/dev-7-7/Ignition/IgnitionWebApp/target/ignition-webapp-7.7/WEB-INF/lib/jide-dialogs-3.5.13.jar
7f53c9899000-7f53c98a1000 r--s 00055000 08:06 2374851                    /usr/local/development/dev-7-7/Ignition/IgnitionWebApp/target/ignition-webapp-7.7/WEB-INF/lib/jide-components-3.5.13.jar
7f53c98a1000-7f53c98be000 r--s 00155000 08:06 2365016                    /usr/local/development/dev-7-7/Ignition/IgnitionWebApp/target/ignition-webapp-7.7/WEB-INF/lib/jide-common-3.5.13.jar
7f53c98be000-7f53c98c3000 r--s 0002f000 08:06 2374854                    /usr/local/development/dev-7-7/Ignition/IgnitionWebApp/target/ignition-webapp-7.7/WEB-INF/lib/jide-action-3.5.13.jar
7f53c98c3000-7f53c98d7000 r--s 0017c000 08:06 2374847                    /usr/local/development/dev-7-7/Ignition/IgnitionWebApp/target/ignition-webapp-7.7/WEB-INF/lib/jfreechart-min-1.0.0.jar
7f53c98d7000-7f53c98d9000 r--s 00004000 08:06 2374834                    /usr/local/development/dev-7-7/Ignition/IgnitionWebApp/target/ignition-webapp-7.7/WEB-INF/lib/jaxrpc-spi-1.1.3_01.jar
7f53c98d9000-7f53c98f6000 r--s 001ea000 08:06 2374830                    /usr/local/development/dev-7-7/Ignition/IgnitionWebApp/target/ignition-webapp-7.7/WEB-INF/lib/jaxrpc-impl-1.1.3_01.jar
7f53c98f6000-7f53c98f8000 r--s 00005000 08:06 2374831                    /usr/local/development/dev-7-7/Ignition/IgnitionWebApp/target/ignition-webapp-7.7/WEB-INF/lib/jaxrpc-api-1.1.jar
7f53c98f8000-7f53c98fa000 r--s 00013000 08:06 2365010                    /usr/local/development/dev-7-7/Ignition/IgnitionWebApp/target/ignition-webapp-7.7/WEB-INF/lib/java-cup-10k.jar
7f53c98fa000-7f53c98fc000 r--s 00001000 08:06 2374862                    /usr/local/development/dev-7-7/Ignition/IgnitionWebApp/target/ignition-webapp-7.7/WEB-INF/lib/io-session-3.0.0-20130122.214435-9.jar
7f53c98fc000-7f53c9907000 r--s 00073000 08:06 2374861                    /usr/local/development/dev-7-7/Ignition/IgnitionWebApp/target/ignition-webapp-7.7/WEB-INF/lib/ia-opcua-2.7.2-SNAPSHOT.jar
7f53c9907000-7f53c9915000 r--s 0014e000 08:06 2374827                    /usr/local/development/dev-7-7/Ignition/IgnitionWebApp/target/ignition-webapp-7.7/WEB-INF/lib/hsqldb-2.2.9.jar
7f53c9915000-7f53c9939000 r--s 001aa000 08:06 2365006                    /usr/local/development/dev-7-7/Ignition/IgnitionWebApp/target/ignition-webapp-7.7/WEB-INF/lib/guava-13.0.1.jar
7f53c9939000-7f53c995e000 r--s 00155000 08:06 4198524                    /usr/local/development/dev-7-7/Ignition/IgnitionWebApp/target/ignition-webapp-7.7/WEB-INF/lib/gateway-api-7.7.2-SNAPSHOT.jar
7f53c995e000-7f53c9993000 r--s 00273000 08:06 4198548                    /usr/local/development/dev-7-7/Ignition/IgnitionWebApp/target/ignition-webapp-7.7/WEB-INF/lib/gateway-7.7.2-SNAPSHOT.jar
7f53c9993000-7f53c999b000 r--s 001ca000 08:06 2374867                    /usr/local/development/dev-7-7/Ignition/IgnitionWebApp/target/ignition-webapp-7.7/WEB-INF/lib/fsql-6.7.2-SNAPSHOT.jar
7f53c999b000-7f53c99f1000 r--s 00512000 08:06 4198527                    /usr/local/development/dev-7-7/Ignition/IgnitionWebApp/target/ignition-webapp-7.7/WEB-INF/lib/designer-7.7.2-SNAPSHOT.jar
7f53c99f1000-7f53c99f4000 ---p 00000000 00:00 0 
7f53c99f4000-7f53c9cf2000 rw-p 00000000 00:00 0 
7f53c9cf2000-7f53c9cf5000 ---p 00000000 00:00 0 
7f53c9cf5000-7f53c9df3000 rw-p 00000000 00:00 0                          [stack:7986]
7f53c9df3000-7f53c9df6000 ---p 00000000 00:00 0 
7f53c9df6000-7f53c9ef4000 rw-p 00000000 00:00 0                          [stack:7985]
7f53c9ef4000-7f53c9ef7000 ---p 00000000 00:00 0 
7f53c9ef7000-7f53c9ff5000 rw-p 00000000 00:00 0                          [stack:7984]
7f53c9ff5000-7f53c9ff8000 ---p 00000000 00:00 0 
7f53c9ff8000-7f53ca0f6000 rw-p 00000000 00:00 0                          [stack:7983]
7f53ca0f6000-7f53ca0f9000 ---p 00000000 00:00 0 
7f53ca0f9000-7f53ca1f7000 rw-p 00000000 00:00 0                          [stack:7982]
7f53ca1f7000-7f53ca1fa000 ---p 00000000 00:00 0 
7f53ca1fa000-7f53ca2f8000 rw-p 00000000 00:00 0                          [stack:7981]
7f53ca2f8000-7f53ca2fb000 ---p 00000000 00:00 0 
7f53ca2fb000-7f53ca3f9000 rw-p 00000000 00:00 0                          [stack:8335]
7f53ca3f9000-7f53ca40f000 r-xp 00000000 08:06 15602357                   /lib/x86_64-linux-gnu/libgcc_s.so.1
7f53ca40f000-7f53ca60e000 ---p 00016000 08:06 15602357                   /lib/x86_64-linux-gnu/libgcc_s.so.1
7f53ca60e000-7f53ca60f000 rw-p 00015000 08:06 15602357                   /lib/x86_64-linux-gnu/libgcc_s.so.1
7f53ca60f000-7f53ca641000 r-xp 00000000 08:06 20582265                   /usr/lib/jvm/jdk1.8.0_20/jre/lib/amd64/libsunec.so
7f53ca641000-7f53ca840000 ---p 00032000 08:06 20582265                   /usr/lib/jvm/jdk1.8.0_20/jre/lib/amd64/libsunec.so
7f53ca840000-7f53ca846000 rw-p 00031000 08:06 20582265                   /usr/lib/jvm/jdk1.8.0_20/jre/lib/amd64/libsunec.so
7f53ca846000-7f53caa56000 rw-p 00000000 00:00 0 
7f53caa56000-7f53caa59000 ---p 00000000 00:00 0 
7f53caa59000-7f53cab57000 rw-p 00000000 00:00 0                          [stack:7979]
7f53cab57000-7f53cab5c000 r-xp 00000000 08:06 15211194                   /usr/lib/x86_64-linux-gnu/libXdmcp.so.6.0.0
7f53cab5c000-7f53cad5b000 ---p 00005000 08:06 15211194                   /usr/lib/x86_64-linux-gnu/libXdmcp.so.6.0.0
7f53cad5b000-7f53cad5c000 r--p 00004000 08:06 15211194                   /usr/lib/x86_64-linux-gnu/libXdmcp.so.6.0.0
7f53cad5c000-7f53cad5d000 rw-p 00005000 08:06 15211194                   /usr/lib/x86_64-linux-gnu/libXdmcp.so.6.0.0
7f53cad5d000-7f53cad5f000 r-xp 00000000 08:06 15211183                   /usr/lib/x86_64-linux-gnu/libXau.so.6.0.0
7f53cad5f000-7f53caf5f000 ---p 00002000 08:06 15211183                   /usr/lib/x86_64-linux-gnu/libXau.so.6.0.0
7f53caf5f000-7f53caf60000 r--p 00002000 08:06 15211183                   /usr/lib/x86_64-linux-gnu/libXau.so.6.0.0
7f53caf60000-7f53caf61000 rw-p 00003000 08:06 15211183                   /usr/lib/x86_64-linux-gnu/libXau.so.6.0.0
7f53caf61000-7f53caf7e000 r-xp 00000000 08:06 15212358                   /usr/lib/x86_64-linux-gnu/libxcb.so.1.1.0
7f53caf7e000-7f53cb17e000 ---p 0001d000 08:06 15212358                   /usr/lib/x86_64-linux-gnu/libxcb.so.1.1.0
7f53cb17e000-7f53cb17f000 r--p 0001d000 08:06 15212358                   /usr/lib/x86_64-linux-gnu/libxcb.so.1.1.0
7f53cb17f000-7f53cb180000 rw-p 0001e000 08:06 15212358                   /usr/lib/x86_64-linux-gnu/libxcb.so.1.1.0
7f53cb180000-7f53cb18f000 r-xp 00000000 08:06 15211204                   /usr/lib/x86_64-linux-gnu/libXi.so.6.1.0
7f53cb18f000-7f53cb38e000 ---p 0000f000 08:06 15211204                   /usr/lib/x86_64-linux-gnu/libXi.so.6.1.0
7f53cb38e000-7f53cb38f000 r--p 0000e000 08:06 15211204                   /usr/lib/x86_64-linux-gnu/libXi.so.6.1.0
7f53cb38f000-7f53cb390000 rw-p 0000f000 08:06 15211204                   /usr/lib/x86_64-linux-gnu/libXi.so.6.1.0
7f53cb390000-7f53cb395000 r-xp 00000000 08:06 15211222                   /usr/lib/x86_64-linux-gnu/libXtst.so.6.1.0
7f53cb395000-7f53cb594000 ---p 00005000 08:06 15211222                   /usr/lib/x86_64-linux-gnu/libXtst.so.6.1.0
7f53cb594000-7f53cb595000 r--p 00004000 08:06 15211222                   /usr/lib/x86_64-linux-gnu/libXtst.so.6.1.0
7f53cb595000-7f53cb596000 rw-p 00005000 08:06 15211222                   /usr/lib/x86_64-linux-gnu/libXtst.so.6.1.0
7f53cb596000-7f53cb59f000 r-xp 00000000 08:06 15211216                   /usr/lib/x86_64-linux-gnu/libXrender.so.1.3.0
7f53cb59f000-7f53cb79e000 ---p 00009000 08:06 15211216                   /usr/lib/x86_64-linux-gnu/libXrender.so.1.3.0
7f53cb79e000-7f53cb79f000 r--p 00008000 08:06 15211216                   /usr/lib/x86_64-linux-gnu/libXrender.so.1.3.0
7f53cb79f000-7f53cb7a0000 rw-p 00009000 08:06 15211216                   /usr/lib/x86_64-linux-gnu/libXrender.so.1.3.0
7f53cb7a0000-7f53cb8d0000 r-xp 00000000 08:06 15211179                   /usr/lib/x86_64-linux-gnu/libX11.so.6.3.0
7f53cb8d0000-7f53cbad0000 ---p 00130000 08:06 15211179                   /usr/lib/x86_64-linux-gnu/libX11.so.6.3.0
7f53cbad0000-7f53cbad1000 r--p 00130000 08:06 15211179                   /usr/lib/x86_64-linux-gnu/libX11.so.6.3.0
7f53cbad1000-7f53cbad5000 rw-p 00131000 08:06 15211179                   /usr/lib/x86_64-linux-gnu/libX11.so.6.3.0
7f53cbad5000-7f53cbb29000 r-xp 00000000 08:06 20582307                   /usr/lib/jvm/jdk1.8.0_20/jre/lib/amd64/libawt_xawt.so
7f53cbb29000-7f53cbd29000 ---p 00054000 08:06 20582307                   /usr/lib/jvm/jdk1.8.0_20/jre/lib/amd64/libawt_xawt.so
7f53cbd29000-7f53cbd2d000 rw-p 00054000 08:06 20582307                   /usr/lib/jvm/jdk1.8.0_20/jre/lib/amd64/libawt_xawt.so
7f53cbd2d000-7f53cbd2e000 rw-p 00000000 00:00 0 
7f53cbd2e000-7f53cbdd0000 r-xp 00000000 08:06 20582293                   /usr/lib/jvm/jdk1.8.0_20/jre/lib/amd64/libawt.so
7f53cbdd0000-7f53cbfd0000 ---p 000a2000 08:06 20582293                   /usr/lib/jvm/jdk1.8.0_20/jre/lib/amd64/libawt.so
7f53cbfd0000-7f53cbfdc000 rw-p 000a2000 08:06 20582293                   /usr/lib/jvm/jdk1.8.0_20/jre/lib/amd64/libawt.so
7f53cbfdc000-7f53cc000000 rw-p 00000000 00:00 0 
7f53cc000000-7f53cc021000 rw-p 00000000 00:00 0 
7f53cc021000-7f53d0000000 ---p 00000000 00:00 0 
7f53d0000000-7f53d05f7000 rw-p 00000000 00:00 0 
7f53d05f7000-7f53d4000000 ---p 00000000 00:00 0 
7f53d4000000-7f53d4021000 rw-p 00000000 00:00 0 
7f53d4021000-7f53d8000000 ---p 00000000 00:00 0 
7f53d8000000-7f53d8021000 rw-p 00000000 00:00 0 
7f53d8021000-7f53dc000000 ---p 00000000 00:00 0 
7f53dc000000-7f53dc021000 rw-p 00000000 00:00 0 
7f53dc021000-7f53e0000000 ---p 00000000 00:00 0 
7f53e0000000-7f53e0021000 rw-p 00000000 00:00 0 
7f53e0021000-7f53e4000000 ---p 00000000 00:00 0 
7f53e4000000-7f53e4021000 rw-p 00000000 00:00 0 
7f53e4021000-7f53e8000000 ---p 00000000 00:00 0 
7f53e8000000-7f53e8021000 rw-p 00000000 00:00 0 
7f53e8021000-7f53ec000000 ---p 00000000 00:00 0 
7f53ec000000-7f53edf82000 rw-p 00000000 00:00 0 
7f53edf82000-7f53f0000000 ---p 00000000 00:00 0 
7f53f0000000-7f53f0c2e000 rw-p 00000000 00:00 0 
7f53f0c2e000-7f53f4000000 ---p 00000000 00:00 0 
7f53f4000000-7f53f5be6000 rw-p 00000000 00:00 0 
7f53f5be6000-7f53f8000000 ---p 00000000 00:00 0 
7f53f8000000-7f53f97fd000 rw-p 00000000 00:00 0 
7f53f97fd000-7f53fc000000 ---p 00000000 00:00 0 
7f53fc000000-7f53fc0b2000 rw-p 00000000 00:00 0 
7f53fc0b2000-7f5400000000 ---p 00000000 00:00 0 
7f5400000000-7f5400021000 rw-p 00000000 00:00 0 
7f5400021000-7f5404000000 ---p 00000000 00:00 0 
7f5404000000-7f5404021000 rw-p 00000000 00:00 0 
7f5404021000-7f5408000000 ---p 00000000 00:00 0 
7f5408000000-7f5408021000 rw-p 00000000 00:00 0 
7f5408021000-7f540c000000 ---p 00000000 00:00 0 
7f540c000000-7f540c021000 rw-p 00000000 00:00 0 
7f540c021000-7f5410000000 ---p 00000000 00:00 0 
7f5410000000-7f5410021000 rw-p 00000000 00:00 0 
7f5410021000-7f5414000000 ---p 00000000 00:00 0 
7f5414000000-7f54140fa000 rw-p 00000000 00:00 0 
7f54140fa000-7f5418000000 ---p 00000000 00:00 0 
7f5418000000-7f5418001000 r--s 00003000 08:06 2374877                    /usr/local/development/dev-7-7/Ignition/IgnitionWebApp/target/ignition-webapp-7.7/WEB-INF/lib/ivonatts-1.0.0.jar
7f5418001000-7f5418005000 r--s 00016000 08:06 2374866                    /usr/local/development/dev-7-7/Ignition/IgnitionWebApp/target/ignition-webapp-7.7/WEB-INF/lib/fsql-common-6.7.2-SNAPSHOT.jar
7f5418005000-7f5418009000 r--s 000be000 08:06 4198549                    /usr/local/development/dev-7-7/Ignition/IgnitionWebApp/target/ignition-webapp-7.7/WEB-INF/lib/fpmi-gateway-7.7.2-SNAPSHOT.jar
7f5418009000-7f541800c000 r--s 00013000 08:06 2374846                    /usr/local/development/dev-7-7/Ignition/IgnitionWebApp/target/ignition-webapp-7.7/WEB-INF/lib/forms-1.0.7.jar
7f541800c000-7f541803d000 r--s 001ea000 08:06 4198529                    /usr/local/development/dev-7-7/Ignition/IgnitionWebApp/target/ignition-webapp-7.7/WEB-INF/lib/common-7.7.2-SNAPSHOT.jar
7f541803d000-7f541804e000 r-xp 00000000 08:06 15211196                   /usr/lib/x86_64-linux-gnu/libXext.so.6.4.0
7f541804e000-7f541824d000 ---p 00011000 08:06 15211196                   /usr/lib/x86_64-linux-gnu/libXext.so.6.4.0
7f541824d000-7f541824e000 r--p 00010000 08:06 15211196                   /usr/lib/x86_64-linux-gnu/libXext.so.6.4.0
7f541824e000-7f541824f000 rw-p 00011000 08:06 15211196                   /usr/lib/x86_64-linux-gnu/libXext.so.6.4.0
7f541824f000-7f5418252000 ---p 00000000 00:00 0 
7f5418252000-7f5420000000 rw-p 00000000 00:00 0                          [stack:7978]
7f5420000000-7f5420021000 rw-p 00000000 00:00 0 
7f5420021000-7f5424000000 ---p 00000000 00:00 0 
7f5424000000-7f5424001000 r--s 00001000 08:06 2374843                    /usr/local/development/dev-7-7/Ignition/IgnitionWebApp/target/ignition-webapp-7.7/WEB-INF/lib/hasp-srm-api-1.0.0.jar
7f5424001000-7f5424002000 r--s 00001000 08:06 4198528                    /usr/local/development/dev-7-7/Ignition/IgnitionWebApp/target/ignition-webapp-7.7/WEB-INF/lib/fpmi-common-7.7.2-SNAPSHOT.jar
7f5424002000-7f5424004000 r--s 00003000 08:06 2374864                    /usr/local/development/dev-7-7/Ignition/IgnitionWebApp/target/ignition-webapp-7.7/WEB-INF/lib/drivers-common-2.7.2-SNAPSHOT.jar
7f5424004000-7f542400b000 r--s 0002f000 08:06 2374860                    /usr/local/development/dev-7-7/Ignition/IgnitionWebApp/target/ignition-webapp-7.7/WEB-INF/lib/driver-api-2.7.2-SNAPSHOT.jar
7f542400b000-7f542400d000 r--s 00007000 08:06 2365011                    /usr/local/development/dev-7-7/Ignition/IgnitionWebApp/target/ignition-webapp-7.7/WEB-INF/lib/cron4j-2.2.3.jar
7f542400d000-7f5424014000 r--s 00054000 08:06 2365009                    /usr/local/development/dev-7-7/Ignition/IgnitionWebApp/target/ignition-webapp-7.7/WEB-INF/lib/core-1.7.jar
7f5424014000-7f5424017000 r--s 00013000 08:06 2374842                    /usr/local/development/dev-7-7/Ignition/IgnitionWebApp/target/ignition-webapp-7.7/WEB-INF/lib/commons-pool-1.4.jar
7f5424017000-7f5424019000 r--s 0000d000 08:06 2365022                    /usr/local/development/dev-7-7/Ignition/IgnitionWebApp/target/ignition-webapp-7.7/WEB-INF/lib/commons-logging-1.1.1.jar
7f5424019000-7f542401a000 r--s 00005000 08:06 2374893                    /usr/local/development/dev-7-7/Ignition/IgnitionWebApp/target/ignition-webapp-7.7/WEB-INF/lib/commons-logging-1.0.jar
7f542401a000-7f5424020000 r--s 00048000 08:06 2365005                    /usr/local/development/dev-7-7/Ignition/IgnitionWebApp/target/ignition-webapp-7.7/WEB-INF/lib/commons-lang3-3.1.jar
7f5424020000-7f5424022000 r--s 0000e000 08:06 2365023                    /usr/local/development/dev-7-7/Ignition/IgnitionWebApp/target/ignition-webapp-7.7/WEB-INF/lib/commons-lang-1.0.jar
7f5424022000-7f5424025000 r--s 00025000 08:06 2365004                    /usr/local/development/dev-7-7/Ignition/IgnitionWebApp/target/ignition-webapp-7.7/WEB-INF/lib/commons-io-2.1.jar
7f5424025000-7f5424028000 r--s 0000f000 08:06 2374840                    /usr/local/development/dev-7-7/Ignition/IgnitionWebApp/target/ignition-webapp-7.7/WEB-INF/lib/commons-discovery-0.2.jar
7f5424028000-7f542402a000 r--s 0001c000 08:06 2374841                    /usr/local/development/dev-7-7/Ignition/IgnitionWebApp/target/ignition-webapp-7.7/WEB-INF/lib/commons-dbcp-1.2.2.jar
7f542402a000-7f542402c000 r--s 00006000 08:06 2365021                    /usr/local/development/dev-7-7/Ignition/IgnitionWebApp/target/ignition-webapp-7.7/WEB-INF/lib/commons-cli-1.0.jar
7f542402c000-7f5424039000 r--s 00084000 08:06 2374888                    /usr/local/development/dev-7-7/Ignition/IgnitionWebApp/target/ignition-webapp-7.7/WEB-INF/lib/comfyj-2.9.jar
7f5424039000-7f542403e000 r--s 00030000 08:06 4198538                    /usr/local/development/dev-7-7/Ignition/IgnitionWebApp/target/ignition-webapp-7.7/WEB-INF/lib/client-bootstrap-7.7.2-SNAPSHOT.jar
7f542403e000-7f5424064000 r--s 001be000 08:06 4198550                    /usr/local/development/dev-7-7/Ignition/IgnitionWebApp/target/ignition-webapp-7.7/WEB-INF/lib/client-api-7.7.2-SNAPSHOT.jar
7f5424064000-7f5424065000 r--s 00004000 08:06 4198525                    /usr/local/development/dev-7-7/Ignition/IgnitionWebApp/target/ignition-webapp-7.7/WEB-INF/lib/bootstrap-7.7.2-SNAPSHOT-classes.jar
7f5424065000-7f542408d000 r--s 00196000 08:06 2365007                    /usr/local/development/dev-7-7/Ignition/IgnitionWebApp/target/ignition-webapp-7.7/WEB-INF/lib/bcprov-jdk16-unsigned-1.46-unsigned.jar
7f542408d000-7f5424092000 r--s 0003e000 08:06 2365019                    /usr/local/development/dev-7-7/Ignition/IgnitionWebApp/target/ignition-webapp-7.7/WEB-INF/lib/barcode4j-2.1.jar
7f5424092000-7f5424095000 r--s 0001c000 08:06 2374839                    /usr/local/development/dev-7-7/Ignition/IgnitionWebApp/target/ignition-webapp-7.7/WEB-INF/lib/axis-wsdl4j-1.5.1.jar
7f5424095000-7f5424096000 r--s 00004000 08:06 2374838                    /usr/local/development/dev-7-7/Ignition/IgnitionWebApp/target/ignition-webapp-7.7/WEB-INF/lib/axis-saaj-1.4.jar
7f5424096000-7f5424098000 r--s 00006000 08:06 2374837                    /usr/local/development/dev-7-7/Ignition/IgnitionWebApp/target/ignition-webapp-7.7/WEB-INF/lib/axis-jaxrpc-1.4.jar
7f5424098000-7f54240ac000 r--s 00173000 08:06 2374836                    /usr/local/development/dev-7-7/Ignition/IgnitionWebApp/target/ignition-webapp-7.7/WEB-INF/lib/axis-1.4.jar
7f54240ac000-7f54240ae000 r--s 0000d000 08:06 2365020                    /usr/local/development/dev-7-7/Ignition/IgnitionWebApp/target/ignition-webapp-7.7/WEB-INF/lib/avalon-framework-impl-4.2.0.jar
7f54240ae000-7f54240b6000 r--s 00049000 08:06 2374848                    /usr/local/development/dev-7-7/Ignition/IgnitionWebApp/target/ignition-webapp-7.7/WEB-INF/lib/alloy-1.4.4.ia1.jar
7f54240b6000-7f54240b8000 r--s 00003000 08:06 2374869                    /usr/local/development/dev-7-7/Ignition/IgnitionWebApp/target/ignition-webapp-7.7/WEB-INF/lib/alarm-notification-gateway-api-2.7.2-SNAPSHOT.jar
7f54240b8000-7f54240be000 r--s 00032000 08:06 2374868                    /usr/local/development/dev-7-7/Ignition/IgnitionWebApp/target/ignition-webapp-7.7/WEB-INF/lib/alarm-notification-gateway-2.7.2-SNAPSHOT.jar
7f54240be000-7f54240c8000 r--s 00036000 08:06 2374871                    /usr/local/development/dev-7-7/Ignition/IgnitionWebApp/target/ignition-webapp-7.7/WEB-INF/lib/airlink-sms-notification-2.7.2-SNAPSHOT.jar
7f54240c8000-7f54240ca000 r--s 0000d000 08:06 2374844                    /usr/local/development/dev-7-7/Ignition/IgnitionWebApp/target/ignition-webapp-7.7/WEB-INF/lib/activation-ws-1.0.0.jar
7f54240ca000-7f54240cc000 r--s 0000e000 08:06 2374829                    /usr/local/development/dev-7-7/Ignition/IgnitionWebApp/target/ignition-webapp-7.7/WEB-INF/lib/activation-1.1.jar
7f54240cc000-7f54240d5000 r--s 00069000 08:06 2374891                    /usr/local/development/dev-7-7/Ignition/IgnitionWebApp/target/ignition-webapp-7.7/WEB-INF/lib/ab-drivers-1.7.0-20131026.004154-8.jar
7f54240d5000-7f54240da000 r--s 0003c000 08:06 2374835                    /usr/local/development/dev-7-7/Ignition/IgnitionWebApp/target/ignition-webapp-7.7/WEB-INF/lib/FastInfoset-1.0.2.jar
7f54240da000-7f54240df000 r--s 002f8000 08:06 20582247                   /usr/lib/jvm/jdk1.8.0_20/jre/lib/charsets.jar
7f54240df000-7f54240e4000 r--s 0003f000 08:06 1185790                    /usr/lib/jvm/jdk1.8.0_20/jre/lib/ext/sunjce_provider.jar
7f54240e4000-7f54240e7000 r--s 0003a000 08:06 1185787                    /usr/lib/jvm/jdk1.8.0_20/jre/lib/ext/sunpkcs11.jar
7f54240e7000-7f54240e9000 r--s 0001a000 08:06 20582317                   /usr/lib/jvm/jdk1.8.0_20/jre/lib/jce.jar
7f54240e9000-7f54240ec000 ---p 00000000 00:00 0 
7f54240ec000-7f54241ea000 rw-p 00000000 00:00 0 
7f54241ea000-7f54241ed000 ---p 00000000 00:00 0 
7f54241ed000-7f54242eb000 rw-p 00000000 00:00 0                          [stack:7974]
7f54242eb000-7f54242ee000 ---p 00000000 00:00 0 
7f54242ee000-7f54243ec000 rw-p 00000000 00:00 0                          [stack:8334]
7f54243ec000-7f54243f6000 r--s 00116000 08:06 1185789                    /usr/lib/jvm/jdk1.8.0_20/jre/lib/ext/localedata.jar
7f54243f6000-7f5424412000 r--s 00393000 08:06 1185783                    /usr/lib/jvm/jdk1.8.0_20/jre/lib/ext/cldrdata.jar
7f5424412000-7f5424612000 rw-p 00000000 00:00 0 
7f5424612000-7f5424615000 r--s 0000f000 08:06 19532219                   /usr/local/development/dev-7-6/Ignition/Servers/apache-tomcat-6.0.36/lib/tomcat-i18n-es.jar
7f5424615000-7f5424617000 r--s 0000b000 08:06 19532220                   /usr/local/development/dev-7-6/Ignition/Servers/apache-tomcat-6.0.36/lib/tomcat-i18n-fr.jar
7f5424617000-7f542461b000 r--s 0003a000 08:06 19532218                   /usr/local/development/dev-7-6/Ignition/Servers/apache-tomcat-6.0.36/lib/tomcat-dbcp.jar
7f542461b000-7f542462b000 r--s 0019c000 08:06 19532210                   /usr/local/development/dev-7-6/Ignition/Servers/apache-tomcat-6.0.36/lib/ecj-3.7.2.jar
7f542462b000-7f5424632000 r--s 000c7000 08:06 19532215                   /usr/local/development/dev-7-6/Ignition/Servers/apache-tomcat-6.0.36/lib/mysql-connector-java-5.1.23-bin.jar
7f5424632000-7f5424642000 r--s 00120000 08:06 19532209                   /usr/local/development/dev-7-6/Ignition/Servers/apache-tomcat-6.0.36/lib/catalina.jar
7f5424642000-7f5424645000 r--s 0001e000 08:06 19532207                   /usr/local/development/dev-7-6/Ignition/Servers/apache-tomcat-6.0.36/lib/catalina-ha.jar
7f5424645000-7f5424649000 r--s 00036000 08:06 19532208                   /usr/local/development/dev-7-6/Ignition/Servers/apache-tomcat-6.0.36/lib/catalina-tribes.jar
7f5424649000-7f542464a000 ---p 00000000 00:00 0 
7f542464a000-7f542474a000 rw-p 00000000 00:00 0                          [stack:7970]
7f542474a000-7f542474d000 ---p 00000000 00:00 0 
7f542474d000-7f542484b000 rw-p 00000000 00:00 0                          [stack:7969]
7f542484b000-7f542484e000 ---p 00000000 00:00 0 
7f542484e000-7f542494c000 rw-p 00000000 00:00 0                          [stack:7968]
7f542494c000-7f542494f000 ---p 00000000 00:00 0 
7f542494f000-7f5424a4d000 rw-p 00000000 00:00 0                          [stack:7967]
7f5424a4d000-7f5424a5e000 r-xp 00000000 08:06 20582303                   /usr/lib/jvm/jdk1.8.0_20/jre/lib/amd64/libnio.so
7f5424a5e000-7f5424c5d000 ---p 00011000 08:06 20582303                   /usr/lib/jvm/jdk1.8.0_20/jre/lib/amd64/libnio.so
7f5424c5d000-7f5424c5e000 rw-p 00010000 08:06 20582303                   /usr/lib/jvm/jdk1.8.0_20/jre/lib/amd64/libnio.so
7f5424c5e000-7f5424c8f000 rw-p 00000000 00:00 0 
7f5424c8f000-7f5424ca5000 r-xp 00000000 08:06 20582300                   /usr/lib/jvm/jdk1.8.0_20/jre/lib/amd64/libnet.so
7f5424ca5000-7f5424ea5000 ---p 00016000 08:06 20582300                   /usr/lib/jvm/jdk1.8.0_20/jre/lib/amd64/libnet.so
7f5424ea5000-7f5424ea6000 rw-p 00016000 08:06 20582300                   /usr/lib/jvm/jdk1.8.0_20/jre/lib/amd64/libnet.so
7f5424ea6000-7f5424eae000 r-xp 00000000 08:06 20582308                   /usr/lib/jvm/jdk1.8.0_20/jre/lib/amd64/libmanagement.so
7f5424eae000-7f54250ae000 ---p 00008000 08:06 20582308                   /usr/lib/jvm/jdk1.8.0_20/jre/lib/amd64/libmanagement.so
7f54250ae000-7f54250af000 rw-p 00008000 08:06 20582308                   /usr/lib/jvm/jdk1.8.0_20/jre/lib/amd64/libmanagement.so
7f54250af000-7f54250b2000 ---p 00000000 00:00 0 
7f54250b2000-7f54251b0000 rw-p 00000000 00:00 0                          [stack:7966]
7f54251b0000-7f54251b3000 ---p 00000000 00:00 0 
7f54251b3000-7f54252b1000 rw-p 00000000 00:00 0                          [stack:7965]
7f54252b1000-7f54252b4000 ---p 00000000 00:00 0 
7f54252b4000-7f54253b2000 rw-p 00000000 00:00 0                          [stack:7964]
7f54253b2000-7f54253b5000 ---p 00000000 00:00 0 
7f54253b5000-7f54254b3000 rw-p 00000000 00:00 0                          [stack:7963]
7f54254b3000-7f54254b6000 ---p 00000000 00:00 0 
7f54254b6000-7f54255b4000 rw-p 00000000 00:00 0                          [stack:7962]
7f54255b4000-7f54255b7000 ---p 00000000 00:00 0 
7f54255b7000-7f54256b5000 rw-p 00000000 00:00 0 
7f54256b5000-7f54256b8000 ---p 00000000 00:00 0 
7f54256b8000-7f54257b6000 rw-p 00000000 00:00 0                          [stack:7960]
7f54257b6000-7f54257b9000 ---p 00000000 00:00 0 
7f54257b9000-7f54258b7000 rw-p 00000000 00:00 0                          [stack:8332]
7f54258b7000-7f54258bb000 r-xp 00000000 08:06 20582275                   /usr/lib/jvm/jdk1.8.0_20/jre/lib/amd64/libdt_socket.so
7f54258bb000-7f5425aba000 ---p 00004000 08:06 20582275                   /usr/lib/jvm/jdk1.8.0_20/jre/lib/amd64/libdt_socket.so
7f5425aba000-7f5425abb000 rw-p 00003000 08:06 20582275                   /usr/lib/jvm/jdk1.8.0_20/jre/lib/amd64/libdt_socket.so
7f5425abb000-7f5425abe000 ---p 00000000 00:00 0 
7f5425abe000-7f5425bbc000 rw-p 00000000 00:00 0                          [stack:7956]
7f5425bbc000-7f5425bbf000 ---p 00000000 00:00 0 
7f5425bbf000-7f5425cbd000 rw-p 00000000 00:00 0                          [stack:7955]
7f5425cbd000-7f5425cc0000 ---p 00000000 00:00 0 
7f5425cc0000-7f5425dbe000 rw-p 00000000 00:00 0                          [stack:7954]
7f5425dbe000-7f5425dbf000 ---p 00000000 00:00 0 
7f5425dbf000-7f5428000000 rw-p 00000000 00:00 0                          [stack:7953]
7f5428000000-7f5428021000 rw-p 00000000 00:00 0 
7f5428021000-7f542c000000 ---p 00000000 00:00 0 
7f542c000000-7f542c021000 rw-p 00000000 00:00 0 
7f542c021000-7f5430000000 ---p 00000000 00:00 0 
7f5430000000-7f5430021000 rw-p 00000000 00:00 0 
7f5430021000-7f5434000000 ---p 00000000 00:00 0 
7f5434000000-7f5434021000 rw-p 00000000 00:00 0 
7f5434021000-7f5438000000 ---p 00000000 00:00 0 
7f5438000000-7f5438021000 rw-p 00000000 00:00 0 
7f5438021000-7f543c000000 ---p 00000000 00:00 0 
7f543c000000-7f543c021000 rw-p 00000000 00:00 0 
7f543c021000-7f5440000000 ---p 00000000 00:00 0 
7f5440000000-7f5440021000 rw-p 00000000 00:00 0 
7f5440021000-7f5444000000 ---p 00000000 00:00 0 
7f5444000000-7f5444001000 r--s 00004000 08:06 2374870                    /usr/local/development/dev-7-7/Ignition/IgnitionWebApp/target/ignition-webapp-7.7/WEB-INF/lib/alarm-notification-common-2.7.2-SNAPSHOT.jar
7f5444001000-7f544400b000 r--s 000b3000 08:06 19532217                   /usr/local/development/dev-7-6/Ignition/Servers/apache-tomcat-6.0.36/lib/tomcat-coyote.jar
7f544400b000-7f544435d000 rw-p 00000000 00:00 0 
7f544435d000-7f5444532000 r--s 03ca3000 08:06 20582249                   /usr/lib/jvm/jdk1.8.0_20/jre/lib/rt.jar
7f5444532000-7f5444cfd000 rw-p 00000000 00:00 0 
7f5444cfd000-7f5444cfe000 ---p 00000000 00:00 0 
7f5444cfe000-7f5444dfe000 rw-p 00000000 00:00 0                          [stack:7952]
7f5444dfe000-7f5444dff000 ---p 00000000 00:00 0 
7f5444dff000-7f5444eff000 rw-p 00000000 00:00 0                          [stack:7951]
7f5444eff000-7f5444f00000 ---p 00000000 00:00 0 
7f5444f00000-7f5445000000 rw-p 00000000 00:00 0                          [stack:7950]
7f5445000000-7f54462f0000 rwxp 00000000 00:00 0 
7f54462f0000-7f5454000000 ---p 00000000 00:00 0 
7f5454000000-7f545478e000 rw-p 00000000 00:00 0 
7f545478e000-7f5458000000 ---p 00000000 00:00 0 
7f5458000000-7f5458001000 r--s 00009000 08:06 1185781                    /usr/lib/jvm/jdk1.8.0_20/jre/lib/ext/sunec.jar
7f5458001000-7f5458008000 r--s 0007a000 08:06 19532213                   /usr/local/development/dev-7-6/Ignition/Servers/apache-tomcat-6.0.36/lib/jasper.jar
7f5458008000-7f545807e000 rw-p 00000000 00:00 0 
7f545807e000-7f545807f000 ---p 00000000 00:00 0 
7f545807f000-7f545817f000 rw-p 00000000 00:00 0                          [stack:7949]
7f545817f000-7f5458180000 ---p 00000000 00:00 0 
7f5458180000-7f5458280000 rw-p 00000000 00:00 0                          [stack:7948]
7f5458280000-7f5458281000 ---p 00000000 00:00 0 
7f5458281000-7f5458381000 rw-p 00000000 00:00 0                          [stack:7947]
7f5458381000-7f5458382000 ---p 00000000 00:00 0 
7f5458382000-7f5458482000 rw-p 00000000 00:00 0                          [stack:7946]
7f5458482000-7f5458483000 ---p 00000000 00:00 0 
7f5458483000-7f54585dc000 rw-p 00000000 00:00 0                          [stack:7945]
7f54585dc000-7f5458ab5000 ---p 00000000 00:00 0 
7f5458ab5000-7f5458b0e000 rw-p 00000000 00:00 0 
7f5458b0e000-7f5458fe7000 ---p 00000000 00:00 0 
7f5458fe7000-7f5459063000 rw-p 00000000 00:00 0 
7f5459063000-7f5459280000 ---p 00000000 00:00 0 
7f5459280000-7f54592cd000 rw-p 00000000 00:00 0 
7f54592cd000-7f5459641000 ---p 00000000 00:00 0 
7f5459641000-7f545965d000 r-xp 00000000 08:06 20582296                   /usr/lib/jvm/jdk1.8.0_20/jre/lib/amd64/libzip.so
7f545965d000-7f545985c000 ---p 0001c000 08:06 20582296                   /usr/lib/jvm/jdk1.8.0_20/jre/lib/amd64/libzip.so
7f545985c000-7f545985d000 rw-p 0001b000 08:06 20582296                   /usr/lib/jvm/jdk1.8.0_20/jre/lib/amd64/libzip.so
7f545985d000-7f5459868000 r-xp 00000000 08:06 15602342                   /lib/x86_64-linux-gnu/libnss_files-2.19.so
7f5459868000-7f5459a67000 ---p 0000b000 08:06 15602342                   /lib/x86_64-linux-gnu/libnss_files-2.19.so
7f5459a67000-7f5459a68000 r--p 0000a000 08:06 15602342                   /lib/x86_64-linux-gnu/libnss_files-2.19.so
7f5459a68000-7f5459a69000 rw-p 0000b000 08:06 15602342                   /lib/x86_64-linux-gnu/libnss_files-2.19.so
7f5459a69000-7f5459a74000 r-xp 00000000 08:06 15602345                   /lib/x86_64-linux-gnu/libnss_nis-2.19.so
7f5459a74000-7f5459c73000 ---p 0000b000 08:06 15602345                   /lib/x86_64-linux-gnu/libnss_nis-2.19.so
7f5459c73000-7f5459c74000 r--p 0000a000 08:06 15602345                   /lib/x86_64-linux-gnu/libnss_nis-2.19.so
7f5459c74000-7f5459c75000 rw-p 0000b000 08:06 15602345                   /lib/x86_64-linux-gnu/libnss_nis-2.19.so
7f5459c75000-7f5459c8c000 r-xp 00000000 08:06 15602152                   /lib/x86_64-linux-gnu/libnsl-2.19.so
7f5459c8c000-7f5459e8b000 ---p 00017000 08:06 15602152                   /lib/x86_64-linux-gnu/libnsl-2.19.so
7f5459e8b000-7f5459e8c000 r--p 00016000 08:06 15602152                   /lib/x86_64-linux-gnu/libnsl-2.19.so
7f5459e8c000-7f5459e8d000 rw-p 00017000 08:06 15602152                   /lib/x86_64-linux-gnu/libnsl-2.19.so
7f5459e8d000-7f5459e8f000 rw-p 00000000 00:00 0 
7f5459e8f000-7f5459e98000 r-xp 00000000 08:06 15601662                   /lib/x86_64-linux-gnu/libnss_compat-2.19.so
7f5459e98000-7f545a097000 ---p 00009000 08:06 15601662                   /lib/x86_64-linux-gnu/libnss_compat-2.19.so
7f545a097000-7f545a098000 r--p 00008000 08:06 15601662                   /lib/x86_64-linux-gnu/libnss_compat-2.19.so
7f545a098000-7f545a099000 rw-p 00009000 08:06 15601662                   /lib/x86_64-linux-gnu/libnss_compat-2.19.so
7f545a099000-7f545a362000 r--p 00000000 08:06 15209877                   /usr/lib/locale/locale-archive
7f545a362000-7f545a364000 r-xp 00000000 08:06 20582276                   /usr/lib/jvm/jdk1.8.0_20/jre/lib/amd64/libnpt.so
7f545a364000-7f545a564000 ---p 00002000 08:06 20582276                   /usr/lib/jvm/jdk1.8.0_20/jre/lib/amd64/libnpt.so
7f545a564000-7f545a565000 rw-p 00002000 08:06 20582276                   /usr/lib/jvm/jdk1.8.0_20/jre/lib/amd64/libnpt.so
7f545a565000-7f545a59e000 r-xp 00000000 08:06 20582287                   /usr/lib/jvm/jdk1.8.0_20/jre/lib/amd64/libjdwp.so
7f545a59e000-7f545a79d000 ---p 00039000 08:06 20582287                   /usr/lib/jvm/jdk1.8.0_20/jre/lib/amd64/libjdwp.so
7f545a79d000-7f545a79f000 rw-p 00038000 08:06 20582287                   /usr/lib/jvm/jdk1.8.0_20/jre/lib/amd64/libjdwp.so
7f545a79f000-7f545a7c9000 r-xp 00000000 08:06 20582291                   /usr/lib/jvm/jdk1.8.0_20/jre/lib/amd64/libjava.so
7f545a7c9000-7f545a9c9000 ---p 0002a000 08:06 20582291                   /usr/lib/jvm/jdk1.8.0_20/jre/lib/amd64/libjava.so
7f545a9c9000-7f545a9cb000 rw-p 0002a000 08:06 20582291                   /usr/lib/jvm/jdk1.8.0_20/jre/lib/amd64/libjava.so
7f545a9cb000-7f545a9d8000 r-xp 00000000 08:06 20582295                   /usr/lib/jvm/jdk1.8.0_20/jre/lib/amd64/libverify.so
7f545a9d8000-7f545abd8000 ---p 0000d000 08:06 20582295                   /usr/lib/jvm/jdk1.8.0_20/jre/lib/amd64/libverify.so
7f545abd8000-7f545abda000 rw-p 0000d000 08:06 20582295                   /usr/lib/jvm/jdk1.8.0_20/jre/lib/amd64/libverify.so
7f545abda000-7f545abe1000 r-xp 00000000 08:06 15602320                   /lib/x86_64-linux-gnu/librt-2.19.so
7f545abe1000-7f545ade0000 ---p 00007000 08:06 15602320                   /lib/x86_64-linux-gnu/librt-2.19.so
7f545ade0000-7f545ade1000 r--p 00006000 08:06 15602320                   /lib/x86_64-linux-gnu/librt-2.19.so
7f545ade1000-7f545ade2000 rw-p 00007000 08:06 15602320                   /lib/x86_64-linux-gnu/librt-2.19.so
7f545ade2000-7f545aee7000 r-xp 00000000 08:06 15602334                   /lib/x86_64-linux-gnu/libm-2.19.so
7f545aee7000-7f545b0e6000 ---p 00105000 08:06 15602334                   /lib/x86_64-linux-gnu/libm-2.19.so
7f545b0e6000-7f545b0e7000 r--p 00104000 08:06 15602334                   /lib/x86_64-linux-gnu/libm-2.19.so
7f545b0e7000-7f545b0e8000 rw-p 00105000 08:06 15602334                   /lib/x86_64-linux-gnu/libm-2.19.so
7f545b0e8000-7f545bd52000 r-xp 00000000 08:06 20845908                   /usr/lib/jvm/jdk1.8.0_20/jre/lib/amd64/server/libjvm.so
7f545bd52000-7f545bf52000 ---p 00c6a000 08:06 20845908                   /usr/lib/jvm/jdk1.8.0_20/jre/lib/amd64/server/libjvm.so
7f545bf52000-7f545c028000 rw-p 00c6a000 08:06 20845908                   /usr/lib/jvm/jdk1.8.0_20/jre/lib/amd64/server/libjvm.so
7f545c028000-7f545c06a000 rw-p 00000000 00:00 0 
7f545c06a000-7f545c225000 r-xp 00000000 08:06 15602328                   /lib/x86_64-linux-gnu/libc-2.19.so
7f545c225000-7f545c425000 ---p 001bb000 08:06 15602328                   /lib/x86_64-linux-gnu/libc-2.19.so
7f545c425000-7f545c429000 r--p 001bb000 08:06 15602328                   /lib/x86_64-linux-gnu/libc-2.19.so
7f545c429000-7f545c42b000 rw-p 001bf000 08:06 15602328                   /lib/x86_64-linux-gnu/libc-2.19.so
7f545c42b000-7f545c430000 rw-p 00000000 00:00 0 
7f545c430000-7f545c433000 r-xp 00000000 08:06 15602352                   /lib/x86_64-linux-gnu/libdl-2.19.so
7f545c433000-7f545c632000 ---p 00003000 08:06 15602352                   /lib/x86_64-linux-gnu/libdl-2.19.so
7f545c632000-7f545c633000 r--p 00002000 08:06 15602352                   /lib/x86_64-linux-gnu/libdl-2.19.so
7f545c633000-7f545c634000 rw-p 00003000 08:06 15602352                   /lib/x86_64-linux-gnu/libdl-2.19.so
7f545c634000-7f545c64b000 r-xp 00000000 08:06 20061287                   /usr/lib/jvm/jdk1.8.0_20/lib/amd64/jli/libjli.so
7f545c64b000-7f545c84a000 ---p 00017000 08:06 20061287                   /usr/lib/jvm/jdk1.8.0_20/lib/amd64/jli/libjli.so
7f545c84a000-7f545c84b000 rw-p 00016000 08:06 20061287                   /usr/lib/jvm/jdk1.8.0_20/lib/amd64/jli/libjli.so
7f545c84b000-7f545c864000 r-xp 00000000 08:06 15602353                   /lib/x86_64-linux-gnu/libpthread-2.19.so
7f545c864000-7f545ca63000 ---p 00019000 08:06 15602353                   /lib/x86_64-linux-gnu/libpthread-2.19.so
7f545ca63000-7f545ca64000 r--p 00018000 08:06 15602353                   /lib/x86_64-linux-gnu/libpthread-2.19.so
7f545ca64000-7f545ca65000 rw-p 00019000 08:06 15602353                   /lib/x86_64-linux-gnu/libpthread-2.19.so
7f545ca65000-7f545ca69000 rw-p 00000000 00:00 0 
7f545ca69000-7f545ca8c000 r-xp 00000000 08:06 15602330                   /lib/x86_64-linux-gnu/ld-2.19.so
7f545ca8c000-7f545ca8e000 r--s 0000c000 08:06 19532221                   /usr/local/development/dev-7-6/Ignition/Servers/apache-tomcat-6.0.36/lib/tomcat-i18n-ja.jar
7f545ca8e000-7f545ca90000 r--s 00011000 08:06 19532214                   /usr/local/development/dev-7-6/Ignition/Servers/apache-tomcat-6.0.36/lib/jsp-api.jar
7f545ca90000-7f545ca92000 r--s 00014000 08:06 19532216                   /usr/local/development/dev-7-6/Ignition/Servers/apache-tomcat-6.0.36/lib/servlet-api.jar
7f545ca92000-7f545ca94000 r--s 0000c000 08:06 19532206                   /usr/local/development/dev-7-6/Ignition/Servers/apache-tomcat-6.0.36/lib/catalina-ant.jar
7f545ca94000-7f545cb65000 rw-p 00000000 00:00 0 
7f545cb65000-7f545cb68000 ---p 00000000 00:00 0 
7f545cb68000-7f545cc6a000 rw-p 00000000 00:00 0                          [stack:7944]
7f545cc6a000-7f545cc6c000 r--s 00007000 08:06 19532211                   /usr/local/development/dev-7-6/Ignition/Servers/apache-tomcat-6.0.36/lib/el-api.jar
7f545cc6c000-7f545cc6d000 r--s 00003000 08:06 19532205                   /usr/local/development/dev-7-6/Ignition/Servers/apache-tomcat-6.0.36/lib/annotations-api.jar
7f545cc6d000-7f545cc70000 r--s 00019000 08:06 19532212                   /usr/local/development/dev-7-6/Ignition/Servers/apache-tomcat-6.0.36/lib/jasper-el.jar
7f545cc70000-7f545cc75000 r--s 00092000 08:06 20582254                   /usr/lib/jvm/jdk1.8.0_20/jre/lib/jsse.jar
7f545cc75000-7f545cc76000 r--s 00007000 08:06 19533431                   /usr/local/development/dev-7-6/Ignition/Servers/apache-tomcat-6.0.36/bin/tomcat-juli.jar
7f545cc76000-7f545cc77000 r--s 00005000 08:06 19533430                   /usr/local/development/dev-7-6/Ignition/Servers/apache-tomcat-6.0.36/bin/commons-daemon.jar
7f545cc77000-7f545cc78000 r--s 00005000 08:06 19533429                   /usr/local/development/dev-7-6/Ignition/Servers/apache-tomcat-6.0.36/bin/bootstrap.jar
7f545cc78000-7f545cc7f000 r--s 000c7000 08:06 1179649                    /usr/lib/jvm/jdk1.8.0_20/jre/lib/ext/mysql-connector-java-5.1.23-bin.jar
7f545cc7f000-7f545cc87000 rw-s 00000000 08:06 6164363                    /tmp/hsperfdata_mattg/7939
7f545cc87000-7f545cc88000 rw-p 00000000 00:00 0 
7f545cc88000-7f545cc89000 r--p 00000000 00:00 0 
7f545cc89000-7f545cc8b000 rw-p 00000000 00:00 0 
7f545cc8b000-7f545cc8c000 r--p 00022000 08:06 15602330                   /lib/x86_64-linux-gnu/ld-2.19.so
7f545cc8c000-7f545cc8d000 rw-p 00023000 08:06 15602330                   /lib/x86_64-linux-gnu/ld-2.19.so
7f545cc8d000-7f545cc8e000 rw-p 00000000 00:00 0 
7fff21b91000-7fff21bb2000 rw-p 00000000 00:00 0                          [stack]
7fff21bfe000-7fff21c00000 r-xp 00000000 00:00 0                          [vdso]
ffffffffff600000-ffffffffff601000 r-xp 00000000 00:00 0                  [vsyscall]

VM Arguments:
jvm_args: -Djava.util.logging.config.file=/home/mattg/.IntelliJIdea13/system/tomcat/Unnamed_77-Ignition/conf/logging.properties -Xdebug -Xrunjdwp:transport=dt_socket,address=127.0.0.1:51670,suspend=y,server=n -Dcom.sun.management.jmxremote= -Dcom.sun.management.jmxremote.port=1099 -Dcom.sun.management.jmxremote.ssl=false -Dcom.sun.management.jmxremote.authenticate=false -Djava.rmi.server.hostname=127.0.0.1 -Djava.util.logging.manager=org.apache.juli.ClassLoaderLogManager -Djava.endorsed.dirs=/usr/local/development/dev-7-6/Ignition/Servers/apache-tomcat-6.0.36/endorsed -Dcatalina.base=/home/mattg/.IntelliJIdea13/system/tomcat/Unnamed_77-Ignition -Dcatalina.home=/usr/local/development/dev-7-6/Ignition/Servers/apache-tomcat-6.0.36 -Djava.io.tmpdir=/usr/local/development/dev-7-6/Ignition/Servers/apache-tomcat-6.0.36/temp 
java_command: org.apache.catalina.startup.Bootstrap start
java_class_path (initial): /usr/local/development/dev-7-6/Ignition/Servers/apache-tomcat-6.0.36/bin/bootstrap.jar
Launcher Type: SUN_STANDARD

Environment Variables:
JAVA_HOME=/usr/lib/jvm/jdk1.8.0_20
CLASSPATH=/usr/local/development/dev-7-6/Ignition/Servers/apache-tomcat-6.0.36/bin/bootstrap.jar
PATH=/usr/local/sbin:/usr/local/bin:/usr/sbin:/usr/bin:/sbin:/bin:/usr/games:/usr/local/games:/usr/local/development/gradle-1.12/bin
USERNAME=mattg
LD_LIBRARY_PATH=/usr/local/development/idea-IU-135.909/bin:
SHELL=/bin/bash
DISPLAY=:0

Signal Handlers:
SIGSEGV: [libjvm.so+0xa76cd0], sa_mask[0]=11111111011111111101111111111110, sa_flags=SA_RESTART|SA_SIGINFO
SIGBUS: [libjvm.so+0xa76cd0], sa_mask[0]=11111111011111111101111111111110, sa_flags=SA_RESTART|SA_SIGINFO
SIGFPE: [libjvm.so+0x8e0d80], sa_mask[0]=11111111011111111101111111111110, sa_flags=SA_RESTART|SA_SIGINFO
SIGPIPE: [libjvm.so+0x8e0d80], sa_mask[0]=11111111011111111101111111111110, sa_flags=SA_RESTART|SA_SIGINFO
SIGXFSZ: [libjvm.so+0x8e0d80], sa_mask[0]=11111111011111111101111111111110, sa_flags=SA_RESTART|SA_SIGINFO
SIGILL: [libjvm.so+0x8e0d80], sa_mask[0]=11111111011111111101111111111110, sa_flags=SA_RESTART|SA_SIGINFO
SIGUSR1: SIG_DFL, sa_mask[0]=00000000000000000000000000000000, sa_flags=none
SIGUSR2: [libjvm.so+0x8e25b0], sa_mask[0]=00100000000000000000000000000000, sa_flags=SA_RESTART|SA_SIGINFO
SIGHUP: [libjvm.so+0x8e3970], sa_mask[0]=11111111011111111101111111111110, sa_flags=SA_RESTART|SA_SIGINFO
SIGINT: [libjvm.so+0x8e3970], sa_mask[0]=11111111011111111101111111111110, sa_flags=SA_RESTART|SA_SIGINFO
SIGTERM: [libjvm.so+0x8e3970], sa_mask[0]=11111111011111111101111111111110, sa_flags=SA_RESTART|SA_SIGINFO
SIGQUIT: [libjvm.so+0x8e3970], sa_mask[0]=11111111011111111101111111111110, sa_flags=SA_RESTART|SA_SIGINFO


---------------  S Y S T E M  ---------------

OS:DISTRIB_ID=LinuxMint
DISTRIB_RELEASE=17
DISTRIB_CODENAME=qiana
DISTRIB_DESCRIPTION="Linux Mint 17 Qiana"

uname:Linux 3.13.0-24-generic #46-Ubuntu SMP Thu Apr 10 19:11:08 UTC 2014 x86_64
libc:glibc 2.19 NPTL 2.19 
rlimit: STACK 8192k, CORE 0k, NPROC 127375, NOFILE 4096, AS infinity
load average:0.47 0.56 0.51

/proc/meminfo:
MemTotal:       16335088 kB
MemFree:         9122952 kB
Buffers:          341248 kB
Cached:          2911320 kB
SwapCached:            0 kB
Active:          4690328 kB
Inactive:        2049220 kB
Active(anon):    3495880 kB
Inactive(anon):   516476 kB
Active(file):    1194448 kB
Inactive(file):  1532744 kB
Unevictable:        1488 kB
Mlocked:            1488 kB
SwapTotal:      16676860 kB
SwapFree:       16676860 kB
Dirty:               276 kB
Writeback:             0 kB
AnonPages:       3488540 kB
Mapped:           433280 kB
Shmem:            525380 kB
Slab:             264024 kB
SReclaimable:     216416 kB
SUnreclaim:        47608 kB
KernelStack:        6184 kB
PageTables:        48136 kB
NFS_Unstable:          0 kB
Bounce:                0 kB
WritebackTmp:          0 kB
CommitLimit:    24844404 kB
Committed_AS:    7848456 kB
VmallocTotal:   34359738367 kB
VmallocUsed:      444884 kB
VmallocChunk:   34359289148 kB
HardwareCorrupted:     0 kB
AnonHugePages:   2236416 kB
HugePages_Total:       0
HugePages_Free:        0
HugePages_Rsvd:        0
HugePages_Surp:        0
Hugepagesize:       2048 kB
DirectMap4k:       97736 kB
DirectMap2M:     2949120 kB
DirectMap1G:    13631488 kB


CPU:total 8 (4 cores per cpu, 2 threads per core) family 6 model 60 stepping 3, cmov, cx8, fxsr, mmx, sse, sse2, sse3, ssse3, sse4.1, sse4.2, popcnt, avx, avx2, aes, clmul, erms, lzcnt, ht, tsc, tscinvbit, bmi1, bmi2

/proc/cpuinfo:
processor	: 0
vendor_id	: GenuineIntel
cpu family	: 6
model		: 60
model name	: Intel(R) Core(TM) i7-4702HQ CPU @ 2.20GHz
stepping	: 3
microcode	: 0x17
cpu MHz		: 800.000
cache size	: 6144 KB
physical id	: 0
siblings	: 8
core id		: 0
cpu cores	: 4
apicid		: 0
initial apicid	: 0
fpu		: yes
fpu_exception	: yes
cpuid level	: 13
wp		: yes
flags		: fpu vme de pse tsc msr pae mce cx8 apic sep mtrr pge mca cmov pat pse36 clflush dts acpi mmx fxsr sse sse2 ss ht tm pbe syscall nx pdpe1gb rdtscp lm constant_tsc arch_perfmon pebs bts rep_good nopl xtopology nonstop_tsc aperfmperf eagerfpu pni pclmulqdq dtes64 monitor ds_cpl vmx est tm2 ssse3 fma cx16 xtpr pdcm pcid sse4_1 sse4_2 x2apic movbe popcnt tsc_deadline_timer aes xsave avx f16c rdrand lahf_lm abm ida arat epb xsaveopt pln pts dtherm tpr_shadow vnmi flexpriority ept vpid fsgsbase tsc_adjust bmi1 avx2 smep bmi2 erms invpcid
bogomips	: 4389.87
clflush size	: 64
cache_alignment	: 64
address sizes	: 39 bits physical, 48 bits virtual
power management:

processor	: 1
vendor_id	: GenuineIntel
cpu family	: 6
model		: 60
model name	: Intel(R) Core(TM) i7-4702HQ CPU @ 2.20GHz
stepping	: 3
microcode	: 0x17
cpu MHz		: 800.000
cache size	: 6144 KB
physical id	: 0
siblings	: 8
core id		: 1
cpu cores	: 4
apicid		: 2
initial apicid	: 2
fpu		: yes
fpu_exception	: yes
cpuid level	: 13
wp		: yes
flags		: fpu vme de pse tsc msr pae mce cx8 apic sep mtrr pge mca cmov pat pse36 clflush dts acpi mmx fxsr sse sse2 ss ht tm pbe syscall nx pdpe1gb rdtscp lm constant_tsc arch_perfmon pebs bts rep_good nopl xtopology nonstop_tsc aperfmperf eagerfpu pni pclmulqdq dtes64 monitor ds_cpl vmx est tm2 ssse3 fma cx16 xtpr pdcm pcid sse4_1 sse4_2 x2apic movbe popcnt tsc_deadline_timer aes xsave avx f16c rdrand lahf_lm abm ida arat epb xsaveopt pln pts dtherm tpr_shadow vnmi flexpriority ept vpid fsgsbase tsc_adjust bmi1 avx2 smep bmi2 erms invpcid
bogomips	: 4389.87
clflush size	: 64
cache_alignment	: 64
address sizes	: 39 bits physical, 48 bits virtual
power management:

processor	: 2
vendor_id	: GenuineIntel
cpu family	: 6
model		: 60
model name	: Intel(R) Core(TM) i7-4702HQ CPU @ 2.20GHz
stepping	: 3
microcode	: 0x17
cpu MHz		: 800.000
cache size	: 6144 KB
physical id	: 0
siblings	: 8
core id		: 2
cpu cores	: 4
apicid		: 4
initial apicid	: 4
fpu		: yes
fpu_exception	: yes
cpuid level	: 13
wp		: yes
flags		: fpu vme de pse tsc msr pae mce cx8 apic sep mtrr pge mca cmov pat pse36 clflush dts acpi mmx fxsr sse sse2 ss ht tm pbe syscall nx pdpe1gb rdtscp lm constant_tsc arch_perfmon pebs bts rep_good nopl xtopology nonstop_tsc aperfmperf eagerfpu pni pclmulqdq dtes64 monitor ds_cpl vmx est tm2 ssse3 fma cx16 xtpr pdcm pcid sse4_1 sse4_2 x2apic movbe popcnt tsc_deadline_timer aes xsave avx f16c rdrand lahf_lm abm ida arat epb xsaveopt pln pts dtherm tpr_shadow vnmi flexpriority ept vpid fsgsbase tsc_adjust bmi1 avx2 smep bmi2 erms invpcid
bogomips	: 4389.87
clflush size	: 64
cache_alignment	: 64
address sizes	: 39 bits physical, 48 bits virtual
power management:

processor	: 3
vendor_id	: GenuineIntel
cpu family	: 6
model		: 60
model name	: Intel(R) Core(TM) i7-4702HQ CPU @ 2.20GHz
stepping	: 3
microcode	: 0x17
cpu MHz		: 800.000
cache size	: 6144 KB
physical id	: 0
siblings	: 8
core id		: 3
cpu cores	: 4
apicid		: 6
initial apicid	: 6
fpu		: yes
fpu_exception	: yes
cpuid level	: 13
wp		: yes
flags		: fpu vme de pse tsc msr pae mce cx8 apic sep mtrr pge mca cmov pat pse36 clflush dts acpi mmx fxsr sse sse2 ss ht tm pbe syscall nx pdpe1gb rdtscp lm constant_tsc arch_perfmon pebs bts rep_good nopl xtopology nonstop_tsc aperfmperf eagerfpu pni pclmulqdq dtes64 monitor ds_cpl vmx est tm2 ssse3 fma cx16 xtpr pdcm pcid sse4_1 sse4_2 x2apic movbe popcnt tsc_deadline_timer aes xsave avx f16c rdrand lahf_lm abm ida arat epb xsaveopt pln pts dtherm tpr_shadow vnmi flexpriority ept vpid fsgsbase tsc_adjust bmi1 avx2 smep bmi2 erms invpcid
bogomips	: 4389.87
clflush size	: 64
cache_alignment	: 64
address sizes	: 39 bits physical, 48 bits virtual
power management:

processor	: 4
vendor_id	: GenuineIntel
cpu family	: 6
model		: 60
model name	: Intel(R) Core(TM) i7-4702HQ CPU @ 2.20GHz
stepping	: 3
microcode	: 0x17
cpu MHz		: 1700.000
cache size	: 6144 KB
physical id	: 0
siblings	: 8
core id		: 0
cpu cores	: 4
apicid		: 1
initial apicid	: 1
fpu		: yes
fpu_exception	: yes
cpuid level	: 13
wp		: yes
flags		: fpu vme de pse tsc msr pae mce cx8 apic sep mtrr pge mca cmov pat pse36 clflush dts acpi mmx fxsr sse sse2 ss ht tm pbe syscall nx pdpe1gb rdtscp lm constant_tsc arch_perfmon pebs bts rep_good nopl xtopology nonstop_tsc aperfmperf eagerfpu pni pclmulqdq dtes64 monitor ds_cpl vmx est tm2 ssse3 fma cx16 xtpr pdcm pcid sse4_1 sse4_2 x2apic movbe popcnt tsc_deadline_timer aes xsave avx f16c rdrand lahf_lm abm ida arat epb xsaveopt pln pts dtherm tpr_shadow vnmi flexpriority ept vpid fsgsbase tsc_adjust bmi1 avx2 smep bmi2 erms invpcid
bogomips	: 4389.87
clflush size	: 64
cache_alignment	: 64
address sizes	: 39 bits physical, 48 bits virtual
power management:

processor	: 5
vendor_id	: GenuineIntel
cpu family	: 6
model		: 60
model name	: Intel(R) Core(TM) i7-4702HQ CPU @ 2.20GHz
stepping	: 3
microcode	: 0x17
cpu MHz		: 2201.000
cache size	: 6144 KB
physical id	: 0
siblings	: 8
core id		: 1
cpu cores	: 4
apicid		: 3
initial apicid	: 3
fpu		: yes
fpu_exception	: yes
cpuid level	: 13
wp		: yes
flags		: fpu vme de pse tsc msr pae mce cx8 apic sep mtrr pge mca cmov pat pse36 clflush dts acpi mmx fxsr sse sse2 ss ht tm pbe syscall nx pdpe1gb rdtscp lm constant_tsc arch_perfmon pebs bts rep_good nopl xtopology nonstop_tsc aperfmperf eagerfpu pni pclmulqdq dtes64 monitor ds_cpl vmx est tm2 ssse3 fma cx16 xtpr pdcm pcid sse4_1 sse4_2 x2apic movbe popcnt tsc_deadline_timer aes xsave avx f16c rdrand lahf_lm abm ida arat epb xsaveopt pln pts dtherm tpr_shadow vnmi flexpriority ept vpid fsgsbase tsc_adjust bmi1 avx2 smep bmi2 erms invpcid
bogomips	: 4389.87
clflush size	: 64
cache_alignment	: 64
address sizes	: 39 bits physical, 48 bits virtual
power management:

processor	: 6
vendor_id	: GenuineIntel
cpu family	: 6
model		: 60
model name	: Intel(R) Core(TM) i7-4702HQ CPU @ 2.20GHz
stepping	: 3
microcode	: 0x17
cpu MHz		: 800.000
cache size	: 6144 KB
physical id	: 0
siblings	: 8
core id		: 2
cpu cores	: 4
apicid		: 5
initial apicid	: 5
fpu		: yes
fpu_exception	: yes
cpuid level	: 13
wp		: yes
flags		: fpu vme de pse tsc msr pae mce cx8 apic sep mtrr pge mca cmov pat pse36 clflush dts acpi mmx fxsr sse sse2 ss ht tm pbe syscall nx pdpe1gb rdtscp lm constant_tsc arch_perfmon pebs bts rep_good nopl xtopology nonstop_tsc aperfmperf eagerfpu pni pclmulqdq dtes64 monitor ds_cpl vmx est tm2 ssse3 fma cx16 xtpr pdcm pcid sse4_1 sse4_2 x2apic movbe popcnt tsc_deadline_timer aes xsave avx f16c rdrand lahf_lm abm ida arat epb xsaveopt pln pts dtherm tpr_shadow vnmi flexpriority ept vpid fsgsbase tsc_adjust bmi1 avx2 smep bmi2 erms invpcid
bogomips	: 4389.87
clflush size	: 64
cache_alignment	: 64
address sizes	: 39 bits physical, 48 bits virtual
power management:

processor	: 7
vendor_id	: GenuineIntel
cpu family	: 6
model		: 60
model name	: Intel(R) Core(TM) i7-4702HQ CPU @ 2.20GHz
stepping	: 3
microcode	: 0x17
cpu MHz		: 800.000
cache size	: 6144 KB
physical id	: 0
siblings	: 8
core id		: 3
cpu cores	: 4
apicid		: 7
initial apicid	: 7
fpu		: yes
fpu_exception	: yes
cpuid level	: 13
wp		: yes
flags		: fpu vme de pse tsc msr pae mce cx8 apic sep mtrr pge mca cmov pat pse36 clflush dts acpi mmx fxsr sse sse2 ss ht tm pbe syscall nx pdpe1gb rdtscp lm constant_tsc arch_perfmon pebs bts rep_good nopl xtopology nonstop_tsc aperfmperf eagerfpu pni pclmulqdq dtes64 monitor ds_cpl vmx est tm2 ssse3 fma cx16 xtpr pdcm pcid sse4_1 sse4_2 x2apic movbe popcnt tsc_deadline_timer aes xsave avx f16c rdrand lahf_lm abm ida arat epb xsaveopt pln pts dtherm tpr_shadow vnmi flexpriority ept vpid fsgsbase tsc_adjust bmi1 avx2 smep bmi2 erms invpcid
bogomips	: 4389.87
clflush size	: 64
cache_alignment	: 64
address sizes	: 39 bits physical, 48 bits virtual
power management:



Memory: 4k page, physical 16335088k(9122952k free), swap 16676860k(16676860k free)

vm_info: Java HotSpot(TM) 64-Bit Server VM (25.20-b17) for linux-amd64 JRE (1.8.0_20-ea-b17), built on Jun  4 2014 00:04:06 by "java_re" with gcc 4.3.0 20080428 (Red Hat 4.3.0-8)

time: Tue Nov 18 09:19:55 2014
elapsed time: 1156 seconds (0d 0h 19m 16s)

