#
# A fatal error has been detected by the Java Runtime Environment:
#
#  SIGSEGV (0xb) at pc=0x00007f97b8962f7e, pid=11815, tid=140289615681280
#
# JRE version: Java(TM) SE Runtime Environment (8.0_20-b17) (build 1.8.0_20-ea-b17)
# Java VM: Java HotSpot(TM) 64-Bit Server VM (25.20-b17 mixed mode linux-amd64 compressed oops)
# Problematic frame:
# C  [ld-linux-x86-64.so.2+0x9f7e]
#
# Failed to write core dump. Core dumps have been disabled. To enable core dumping, try "ulimit -c unlimited" before starting Java again
#
# If you would like to submit a bug report, please visit:
#   http://bugreport.sun.com/bugreport/crash.jsp
# The crash happened outside the Java Virtual Machine in native code.
# See problematic frame for where to report the bug.
#

---------------  T H R E A D  ---------------

Current thread (0x00007f97b000a800):  JavaThread "main" [_thread_in_native, id=11820, stack(0x00007f97b8a55000,0x00007f97b8b56000)]

siginfo: si_signo: 11 (SIGSEGV), si_code: 1 (SEGV_MAPERR), si_addr: 0x0000000000000068

Registers:
RAX=0x0000000000000040, RBX=0x000000004c8d3d65, RCX=0x0000000000000025, RDX=0x00000000000003f3
RSP=0x00007f97b8b52a80, RBP=0x0000000000000002, RSI=0x00007f97b7f5dd28, RDI=0x00007f97b8b599e8
R8 =0x00000000013234f5, R9 =0x00007f97b8b52ac0, R10=0x0000000006020400, R11=0x00007f97b8b52bc0
R12=0x0000000000000003, R13=0x00007f96f421fe50, R14=0x0000000000000000, R15=0x0000000000000025
RIP=0x00007f97b8962f7e, EFLAGS=0x0000000000010202, CSGSFS=0x0000000000000033, ERR=0x0000000000000004
  TRAPNO=0x000000000000000e

Top of Stack: (sp=0x00007f97b8b52a80)
0x00007f97b8b52a80:   00007f97b8b52bf0 00007f97b763af75
0x00007f97b8b52a90:   0000000700000002 00007f97b8b52bd0
0x00007f97b8b52aa0:   00007f97b8b52c60 00007f97b8b52e30
0x00007f97b8b52ab0:   00007f97a1046960 010000000000000c
0x00007f97b8b52ac0:   0000000000000000 0000000000000000
0x00007f97b8b52ad0:   00007f97b8b599e8 00007f97b04ed740
0x00007f97b8b52ae0:   00007f97b7f6ad78 0000000000000000
0x00007f97b8b52af0:   0000000200000000 0000000000000000
0x00007f97b8b52b00:   00007f97b000a800 00007f97b8b52cb0
0x00007f97b8b52b10:   00007f97b8b52c60 0000000000000000
0x00007f97b8b52b20:   0000000000000000 00007f96f4220298
0x00007f97b8b52b30:   00007f96f421ff10 00007f97b8963991
0x00007f97b8b52b40:   0000000000000000 0000000000000000
0x00007f97b8b52b50:   00007f9700000002 0000000000000000
0x00007f97b8b52b60:   00007f9700000000 00007f96f421ff10
0x00007f97b8b52b70:   00007f97b8b532b0 00000007c0008600
0x00007f97b8b52b80:   00007f97b8b532b0 00000006c6b93388
0x00007f97b8b52b90:   00007f97a00393a8 00007f96f4220298
0x00007f97b8b52ba0:   00007f97b8b52bd0 00007f97b8b52bc0
0x00007f97b8b52bb0:   000000004c8d3d65 00007f97b04ed740
0x00007f97b8b52bc0:   00000000ffffffff 00007f97b0007fd0
0x00007f97b8b52bd0:   0000000000000000 0000000000000000
0x00007f97b8b52be0:   00007f97b0007e70 00007f97b000a800
0x00007f97b8b52bf0:   00007f97b8b52d80 00007f97b7681467
0x00007f97b8b52c00:   00007f97b8b54170 00007f97b000a800
0x00007f97b8b52c10:   00007f97b8b52c60 00007f97b8b52ce0
0x00007f97b8b52c20:   00007f97b8b52db0 00007f97b8b52e30
0x00007f97b8b52c30:   00007f97b000a9e8 0000000001a674a0
0x00007f97b8b52c40:   00007f97b8b7bcc0 00007f97b04ed740
0x00007f97b8b52c50:   0000000000000000 00007f96f421ff10
0x00007f97b8b52c60:   00007f97b8b52d40 00007f97b8090f56
0x00007f97b8b52c70:   0000000600000002 0000000000000000 

Instructions: (pc=0x00007f97b8962f7e)
0x00007f97b8962f5e:   06 41 83 e7 3f 0f 1f 44 00 00 49 8b 44 ed 00 c7
0x00007f97b8962f6e:   44 24 70 00 00 00 00 48 c7 44 24 40 00 00 00 00
0x00007f97b8962f7e:   48 8b 78 28 4c 39 f7 48 89 7c 24 50 0f 84 f0 00
0x00007f97b8962f8e:   00 00 f6 44 24 7c 02 74 0d f6 87 14 03 00 00 03 

Register to memory mapping:

RAX=0x0000000000000040 is an unknown value
RBX=0x000000004c8d3d65 is an unknown value
RCX=0x0000000000000025 is an unknown value
RDX=0x00000000000003f3 is an unknown value
RSP=0x00007f97b8b52a80 is pointing into the stack for thread: 0x00007f97b000a800
RBP=0x0000000000000002 is an unknown value
RSI=0x00007f97b7f5dd28: <offset 0x3d28> in /lib/x86_64-linux-gnu/libc.so.6 at 0x00007f97b7f5a000
RDI=0x00007f97b8b599e8 is an unknown value
R8 =0x00000000013234f5 is an unknown value
R9 =0x00007f97b8b52ac0 is pointing into the stack for thread: 0x00007f97b000a800
R10=0x0000000006020400 is an unknown value
R11=0x00007f97b8b52bc0 is pointing into the stack for thread: 0x00007f97b000a800
R12=0x0000000000000003 is an unknown value
R13=0x00007f96f421fe50 is an unknown value
R14=0x0000000000000000 is an unknown value
R15=0x0000000000000025 is an unknown value


Stack: [0x00007f97b8a55000,0x00007f97b8b56000],  sp=0x00007f97b8b52a80,  free space=1014k
Native frames: (J=compiled Java code, j=interpreted, Vv=VM code, C=native code)
C  [ld-linux-x86-64.so.2+0x9f7e]

Java frames: (J=compiled Java code, j=interpreted, Vv=VM code)
j  java.lang.ClassLoader$NativeLibrary.unload(Ljava/lang/String;Z)V+0
j  java.lang.ClassLoader$NativeLibrary.finalize()V+87
v  ~StubRoutines::call_stub
J 1100  sun.reflect.NativeMethodAccessorImpl.invoke0(Ljava/lang/reflect/Method;Ljava/lang/Object;[Ljava/lang/Object;)Ljava/lang/Object; (0 bytes) @ 0x00007f97a13fbb77 [0x00007f97a13fbb00+0x77]
J 1099 C1 sun.reflect.NativeMethodAccessorImpl.invoke(Ljava/lang/Object;[Ljava/lang/Object;)Ljava/lang/Object; (104 bytes) @ 0x00007f97a13fd194 [0x00007f97a13fbfc0+0x11d4]
J 6483 C2 java.lang.reflect.Method.invoke(Ljava/lang/Object;[Ljava/lang/Object;)Ljava/lang/Object; (62 bytes) @ 0x00007f97a2338ef0 [0x00007f97a2338e40+0xb0]
j  com.inductiveautomation.ignition.gateway.bootstrap.SRFilter.destroy()V+89
j  org.apache.catalina.core.ApplicationFilterConfig.release()V+61
j  org.apache.catalina.core.StandardContext.filterStop()Z+124
j  org.apache.catalina.core.StandardContext.stop()V+142
j  org.apache.catalina.core.ContainerBase.removeChild(Lorg/apache/catalina/Container;)V+90
j  org.apache.catalina.startup.HostConfig.undeployApps()V+77
j  org.apache.catalina.startup.HostConfig.stop()V+28
J 11396 C1 org.apache.catalina.startup.HostConfig.lifecycleEvent(Lorg/apache/catalina/LifecycleEvent;)V (155 bytes) @ 0x00007f97a2369b44 [0x00007f97a23688a0+0x12a4]
J 11579 C2 org.apache.catalina.util.LifecycleSupport.fireLifecycleEvent(Ljava/lang/String;Ljava/lang/Object;)V (190 bytes) @ 0x00007f97a2194044 [0x00007f97a2193840+0x804]
j  org.apache.catalina.core.ContainerBase.stop()V+60
j  org.apache.catalina.core.ContainerBase.stop()V+118
j  org.apache.catalina.core.StandardEngine.stop()V+1
j  org.apache.catalina.core.StandardService.stop()V+177
j  org.apache.catalina.core.StandardServer.stop()V+65
j  org.apache.catalina.startup.Catalina.stop()V+58
j  org.apache.catalina.startup.Catalina.start()V+198
v  ~StubRoutines::call_stub
j  sun.reflect.NativeMethodAccessorImpl.invoke0(Ljava/lang/reflect/Method;Ljava/lang/Object;[Ljava/lang/Object;)Ljava/lang/Object;+0
j  sun.reflect.NativeMethodAccessorImpl.invoke(Ljava/lang/Object;[Ljava/lang/Object;)Ljava/lang/Object;+100
J 495 C1 sun.reflect.DelegatingMethodAccessorImpl.invoke(Ljava/lang/Object;[Ljava/lang/Object;)Ljava/lang/Object; (10 bytes) @ 0x00007f97a121830c [0x00007f97a1218200+0x10c]
J 494 C1 java.lang.reflect.Method.invoke(Ljava/lang/Object;[Ljava/lang/Object;)Ljava/lang/Object; (62 bytes) @ 0x00007f97a1222154 [0x00007f97a1221d60+0x3f4]
j  org.apache.catalina.startup.Bootstrap.start()V+37
j  org.apache.catalina.startup.Bootstrap.main([Ljava/lang/String;)V+131
v  ~StubRoutines::call_stub

---------------  P R O C E S S  ---------------

Java Threads: ( => current thread )
  0x00007f97b04da000 JavaThread "pool-1-thread-3" [_thread_blocked, id=26921, stack(0x00007f977d552000,0x00007f977d653000)]
  0x00007f97b04c9800 JavaThread "Thread-374" daemon [_thread_blocked, id=26920, stack(0x00007f96eacf3000,0x00007f96eadf4000)]
  0x00007f96b4004800 JavaThread "sfc-shared-scheduler-thread-1" [_thread_blocked, id=13486, stack(0x00007f96e80b7000,0x00007f96e81b8000)]
  0x00007f9728008000 JavaThread "http-8088-6" daemon [_thread_blocked, id=12159, stack(0x00007f96e81b8000,0x00007f96e82b9000)]
  0x00007f9728007000 JavaThread "http-8088-5" daemon [_thread_blocked, id=12156, stack(0x00007f977e24f000,0x00007f977e350000)]
  0x00007f9728006000 JavaThread "http-8088-4" daemon [_thread_blocked, id=12110, stack(0x00007f977ec59000,0x00007f977ed5a000)]
  0x00007f96fc00f000 JavaThread "pool-2-thread-5" [_thread_blocked, id=12029, stack(0x00007f96e87ba000,0x00007f96e88bb000)]
  0x00007f96a0001800 JavaThread "pool-2-thread-4" [_thread_blocked, id=12028, stack(0x00007f96e88bb000,0x00007f96e89bc000)]
  0x00007f9728004800 JavaThread "http-8088-3" daemon [_thread_blocked, id=11974, stack(0x00007f96e8abd000,0x00007f96e8bbe000)]
  0x00007f96f4c56000 JavaThread "ClockDriftDetector" daemon [_thread_blocked, id=11906, stack(0x00007f96e96e3000,0x00007f96e97e4000)]
  0x00007f96f4c53800 JavaThread "PyLib_ScriptWatcher" daemon [_thread_blocked, id=11905, stack(0x00007f96e97e4000,0x00007f96e98e5000)]
  0x00007f96f4c4e800 JavaThread "PyFile_ChangeNotifier" daemon [_thread_blocked, id=11904, stack(0x00007f96e98e5000,0x00007f96e99e6000)]
  0x00007f96f4c4c800 JavaThread "Thread-19" daemon [_thread_in_native, id=11903, stack(0x00007f96e99e6000,0x00007f96e9ae7000)]
  0x00007f96fc00b800 JavaThread "pool-2-thread-3" [_thread_blocked, id=11902, stack(0x00007f96e9ce7000,0x00007f96e9de8000)]
  0x00007f96fc009800 JavaThread "pool-2-thread-2" [_thread_blocked, id=11901, stack(0x00007f96e9de8000,0x00007f96e9ee9000)]
  0x00007f96a4008000 JavaThread "pool-1-thread-2" [_thread_blocked, id=11900, stack(0x00007f96e9ee9000,0x00007f96e9fea000)]
  0x00007f96fc005800 JavaThread "pool-2-thread-1" [_thread_blocked, id=11899, stack(0x00007f96e9fea000,0x00007f96ea0eb000)]
  0x00007f96a4004000 JavaThread "pool-1-thread-1" [_thread_blocked, id=11898, stack(0x00007f96ea0eb000,0x00007f96ea1ec000)]
  0x00007f96f4be8800 JavaThread "Abandoned connection cleanup thread" daemon [_thread_blocked, id=11894, stack(0x00007f96ea5ee000,0x00007f96ea6ef000)]
  0x00007f96f47ca800 JavaThread "StoreAndForward.local_mysql.MultiStageStore.ForwardThread" [_thread_blocked, id=11890, stack(0x00007f96eaaf1000,0x00007f96eabf2000)]
  0x00007f9728003000 JavaThread "http-8088-2" daemon [_thread_blocked, id=11889, stack(0x00007f96eabf2000,0x00007f96eacf3000)]
  0x00007f9728001000 JavaThread "http-8088-1" daemon [_thread_blocked, id=11884, stack(0x00007f96eb4f7000,0x00007f96eb5f8000)]
  0x00007f97b04aa800 JavaThread "TP-Monitor" daemon [_thread_blocked, id=11856, stack(0x00007f977e350000,0x00007f977e451000)]
  0x00007f97b04a9000 JavaThread "TP-Processor4" daemon [_thread_blocked, id=11855, stack(0x00007f977e451000,0x00007f977e552000)]
  0x00007f97b04a7800 JavaThread "TP-Processor3" daemon [_thread_blocked, id=11854, stack(0x00007f977e552000,0x00007f977e653000)]
  0x00007f97b0489800 JavaThread "TP-Processor2" daemon [_thread_blocked, id=11853, stack(0x00007f977e653000,0x00007f977e754000)]
  0x00007f97b0499800 JavaThread "TP-Processor1" daemon [_thread_blocked, id=11852, stack(0x00007f977e754000,0x00007f977e855000)]
  0x00007f97b047c000 JavaThread "http-8088-Acceptor-0" daemon [_thread_blocked, id=11851, stack(0x00007f977e855000,0x00007f977e956000)]
  0x00007f9738005000 JavaThread "RMI Scheduler(0)" daemon [_thread_blocked, id=11845, stack(0x00007f977eb58000,0x00007f977ec59000)]
  0x00007f97b0418000 JavaThread "GC Daemon" daemon [_thread_blocked, id=11842, stack(0x00007f978c093000,0x00007f978c194000)]
  0x00007f97b0238800 JavaThread "RMI TCP Accept-0" daemon [_thread_in_native, id=11840, stack(0x00007f978cf6c000,0x00007f978d06d000)]
  0x00007f97b0227800 JavaThread "RMI TCP Accept-1099" daemon [_thread_in_native, id=11839, stack(0x00007f978d06d000,0x00007f978d16e000)]
  0x00007f97b0218000 JavaThread "RMI TCP Accept-0" daemon [_thread_in_native, id=11838, stack(0x00007f978d16e000,0x00007f978d26f000)]
  0x00007f97b00db000 JavaThread "Service Thread" daemon [_thread_blocked, id=11837, stack(0x00007f978d8d1000,0x00007f978d9d2000)]
  0x00007f97b00bd800 JavaThread "C1 CompilerThread3" daemon [_thread_blocked, id=11836, stack(0x00007f978d9d2000,0x00007f978dad3000)]
  0x00007f97b00bb800 JavaThread "C2 CompilerThread2" daemon [_thread_blocked, id=11835, stack(0x00007f978dad3000,0x00007f978dbd4000)]
  0x00007f97b00b9800 JavaThread "C2 CompilerThread1" daemon [_thread_blocked, id=11834, stack(0x00007f978dbd4000,0x00007f978dcd5000)]
  0x00007f97b00b6800 JavaThread "C2 CompilerThread0" daemon [_thread_blocked, id=11833, stack(0x00007f978dcd5000,0x00007f978ddd6000)]
  0x00007f97b00b4800 JavaThread "Signal Dispatcher" daemon [_thread_blocked, id=11832, stack(0x00007f978ddd6000,0x00007f978ded7000)]
  0x00007f97b0085000 JavaThread "Finalizer" daemon [_thread_blocked, id=11831, stack(0x00007f978e1a0000,0x00007f978e2a1000)]
  0x00007f97b0083000 JavaThread "Reference Handler" daemon [_thread_blocked, id=11830, stack(0x00007f978e2a1000,0x00007f978e3a2000)]
=>0x00007f97b000a800 JavaThread "main" [_thread_in_native, id=11820, stack(0x00007f97b8a55000,0x00007f97b8b56000)]

Other Threads:
  0x00007f97b007c000 VMThread [stack: 0x00007f978e3a2000,0x00007f978e4a3000] [id=11829]
  0x00007f97b023a000 WatcherThread [stack: 0x00007f978ce6b000,0x00007f978cf6c000] [id=11841]

VM state:not at safepoint (normal execution)

VM Mutex/Monitor currently owned by a thread: None

Heap:
 PSYoungGen      total 44032K, used 11402K [0x000000076ce00000, 0x000000076fa00000, 0x00000007c0000000)
  eden space 43008K, 25% used [0x000000076ce00000,0x000000076d89cd18,0x000000076f800000)
  from space 1024K, 52% used [0x000000076f800000,0x000000076f885ca0,0x000000076f900000)
  to   space 1024K, 0% used [0x000000076f900000,0x000000076f900000,0x000000076fa00000)
 ParOldGen       total 261120K, used 103805K [0x00000006c6a00000, 0x00000006d6900000, 0x000000076ce00000)
  object space 261120K, 39% used [0x00000006c6a00000,0x00000006ccf5f758,0x00000006d6900000)
 Metaspace       used 65029K, capacity 67094K, committed 67428K, reserved 1107968K
  class space    used 9071K, capacity 9520K, committed 9572K, reserved 1048576K

Card table byte_map: [0x00007f97b50ab000,0x00007f97b5877000] byte_map_base: 0x00007f97b1a76000

Marking Bits: (ParMarkBitMap*) 0x00007f97b7f2fc20
 Begin Bits: [0x00007f9770350000, 0x00007f97741a8000)
 End Bits:   [0x00007f97741a8000, 0x00007f9778000000)

Polling page: 0x00007f97b8b78000

CodeCache: size=245760Kb used=37263Kb max_used=37385Kb free=208496Kb
 bounds [0x00007f97a1000000, 0x00007f97a34d0000, 0x00007f97b0000000]
 total_blobs=10222 nmethods=9602 adapters=532
 compilation: enabled

Compilation events (10 events):
Event: 20997.665 Thread 0x00007f97b00b9800 12966       4       org.apache.log4j.spi.LoggingEvent::getRenderedMessage (94 bytes)
Event: 20997.665 Thread 0x00007f97b00bd800 12967       3       org.apache.log4j.helpers.PatternParser$BasicPatternConverter::convert (77 bytes)
Event: 20997.668 Thread 0x00007f97b00b9800 nmethod 12966 0x00007f97a2491490 code [0x00007f97a24915e0, 0x00007f97a24916b8]
Event: 20997.671 Thread 0x00007f97b00bd800 nmethod 12967 0x00007f97a30d3550 code [0x00007f97a30d37e0, 0x00007f97a30d4e48]
Event: 20997.671 Thread 0x00007f97b00bd800 12969       3       org.apache.log4j.spi.LoggingEvent::getThrowableStrRep (17 bytes)
Event: 20997.671 Thread 0x00007f97b00bd800 nmethod 12969 0x00007f97a272ea10 code [0x00007f97a272eb80, 0x00007f97a272ed88]
Event: 20997.671 Thread 0x00007f97b00bd800 12968       3       java.lang.InheritableThreadLocal::getMap (5 bytes)
Event: 20997.672 Thread 0x00007f97b00bd800 nmethod 12968 0x00007f97a1a050d0 code [0x00007f97a1a05240, 0x00007f97a1a05390]
Event: 20997.675 Thread 0x00007f97b00b6800 nmethod 12964% 0x00007f97a34ae550 code [0x00007f97a34ae6a0, 0x00007f97a34ae838]
Event: 20997.681 Thread 0x00007f97b00bb800 nmethod 12965% 0x00007f97a30d2590 code [0x00007f97a30d2720, 0x00007f97a30d29d8]

GC Heap History (10 events):
Event: 20957.999 GC heap before
{Heap before GC invocations=2064 (full 3):
 PSYoungGen      total 44032K, used 43510K [0x000000076ce00000, 0x000000076fa00000, 0x00000007c0000000)
  eden space 43008K, 100% used [0x000000076ce00000,0x000000076f800000,0x000000076f800000)
  from space 1024K, 49% used [0x000000076f900000,0x000000076f97db90,0x000000076fa00000)
  to   space 1024K, 0% used [0x000000076f800000,0x000000076f800000,0x000000076f900000)
 ParOldGen       total 261120K, used 103685K [0x00000006c6a00000, 0x00000006d6900000, 0x000000076ce00000)
  object space 261120K, 39% used [0x00000006c6a00000,0x00000006ccf41758,0x00000006d6900000)
 Metaspace       used 64905K, capacity 67006K, committed 67172K, reserved 1107968K
  class space    used 9055K, capacity 9516K, committed 9572K, reserved 1048576K
Event: 20958.003 GC heap after
Heap after GC invocations=2064 (full 3):
 PSYoungGen      total 44032K, used 719K [0x000000076ce00000, 0x000000076fa00000, 0x00000007c0000000)
  eden space 43008K, 0% used [0x000000076ce00000,0x000000076ce00000,0x000000076f800000)
  from space 1024K, 70% used [0x000000076f800000,0x000000076f8b3c30,0x000000076f900000)
  to   space 1024K, 0% used [0x000000076f900000,0x000000076f900000,0x000000076fa00000)
 ParOldGen       total 261120K, used 103709K [0x00000006c6a00000, 0x00000006d6900000, 0x000000076ce00000)
  object space 261120K, 39% used [0x00000006c6a00000,0x00000006ccf47758,0x00000006d6900000)
 Metaspace       used 64905K, capacity 67006K, committed 67172K, reserved 1107968K
  class space    used 9055K, capacity 9516K, committed 9572K, reserved 1048576K
}
Event: 20967.006 GC heap before
{Heap before GC invocations=2065 (full 3):
 PSYoungGen      total 44032K, used 43727K [0x000000076ce00000, 0x000000076fa00000, 0x00000007c0000000)
  eden space 43008K, 100% used [0x000000076ce00000,0x000000076f800000,0x000000076f800000)
  from space 1024K, 70% used [0x000000076f800000,0x000000076f8b3c30,0x000000076f900000)
  to   space 1024K, 0% used [0x000000076f900000,0x000000076f900000,0x000000076fa00000)
 ParOldGen       total 261120K, used 103709K [0x00000006c6a00000, 0x00000006d6900000, 0x000000076ce00000)
  object space 261120K, 39% used [0x00000006c6a00000,0x00000006ccf47758,0x00000006d6900000)
 Metaspace       used 64905K, capacity 67006K, committed 67172K, reserved 1107968K
  class space    used 9055K, capacity 9516K, committed 9572K, reserved 1048576K
Event: 20967.008 GC heap after
Heap after GC invocations=2065 (full 3):
 PSYoungGen      total 44032K, used 438K [0x000000076ce00000, 0x000000076fa00000, 0x00000007c0000000)
  eden space 43008K, 0% used [0x000000076ce00000,0x000000076ce00000,0x000000076f800000)
  from space 1024K, 42% used [0x000000076f900000,0x000000076f96db90,0x000000076fa00000)
  to   space 1024K, 0% used [0x000000076f800000,0x000000076f800000,0x000000076f900000)
 ParOldGen       total 261120K, used 103733K [0x00000006c6a00000, 0x00000006d6900000, 0x000000076ce00000)
  object space 261120K, 39% used [0x00000006c6a00000,0x00000006ccf4d758,0x00000006d6900000)
 Metaspace       used 64905K, capacity 67006K, committed 67172K, reserved 1107968K
  class space    used 9055K, capacity 9516K, committed 9572K, reserved 1048576K
}
Event: 20977.988 GC heap before
{Heap before GC invocations=2066 (full 3):
 PSYoungGen      total 44032K, used 43446K [0x000000076ce00000, 0x000000076fa00000, 0x00000007c0000000)
  eden space 43008K, 100% used [0x000000076ce00000,0x000000076f800000,0x000000076f800000)
  from space 1024K, 42% used [0x000000076f900000,0x000000076f96db90,0x000000076fa00000)
  to   space 1024K, 0% used [0x000000076f800000,0x000000076f800000,0x000000076f900000)
 ParOldGen       total 261120K, used 103733K [0x00000006c6a00000, 0x00000006d6900000, 0x000000076ce00000)
  object space 261120K, 39% used [0x00000006c6a00000,0x00000006ccf4d758,0x00000006d6900000)
 Metaspace       used 64905K, capacity 67006K, committed 67172K, reserved 1107968K
  class space    used 9055K, capacity 9516K, committed 9572K, reserved 1048576K
Event: 20977.991 GC heap after
Heap after GC invocations=2066 (full 3):
 PSYoungGen      total 44032K, used 599K [0x000000076ce00000, 0x000000076fa00000, 0x00000007c0000000)
  eden space 43008K, 0% used [0x000000076ce00000,0x000000076ce00000,0x000000076f800000)
  from space 1024K, 58% used [0x000000076f800000,0x000000076f895ca0,0x000000076f900000)
  to   space 1024K, 0% used [0x000000076f900000,0x000000076f900000,0x000000076fa00000)
 ParOldGen       total 261120K, used 103757K [0x00000006c6a00000, 0x00000006d6900000, 0x000000076ce00000)
  object space 261120K, 39% used [0x00000006c6a00000,0x00000006ccf53758,0x00000006d6900000)
 Metaspace       used 64905K, capacity 67006K, committed 67172K, reserved 1107968K
  class space    used 9055K, capacity 9516K, committed 9572K, reserved 1048576K
}
Event: 20987.977 GC heap before
{Heap before GC invocations=2067 (full 3):
 PSYoungGen      total 44032K, used 43607K [0x000000076ce00000, 0x000000076fa00000, 0x00000007c0000000)
  eden space 43008K, 100% used [0x000000076ce00000,0x000000076f800000,0x000000076f800000)
  from space 1024K, 58% used [0x000000076f800000,0x000000076f895ca0,0x000000076f900000)
  to   space 1024K, 0% used [0x000000076f900000,0x000000076f900000,0x000000076fa00000)
 ParOldGen       total 261120K, used 103757K [0x00000006c6a00000, 0x00000006d6900000, 0x000000076ce00000)
  object space 261120K, 39% used [0x00000006c6a00000,0x00000006ccf53758,0x00000006d6900000)
 Metaspace       used 64905K, capacity 67006K, committed 67172K, reserved 1107968K
  class space    used 9055K, capacity 9516K, committed 9572K, reserved 1048576K
Event: 20987.983 GC heap after
Heap after GC invocations=2067 (full 3):
 PSYoungGen      total 44032K, used 534K [0x000000076ce00000, 0x000000076fa00000, 0x00000007c0000000)
  eden space 43008K, 0% used [0x000000076ce00000,0x000000076ce00000,0x000000076f800000)
  from space 1024K, 52% used [0x000000076f900000,0x000000076f985b90,0x000000076fa00000)
  to   space 1024K, 0% used [0x000000076f800000,0x000000076f800000,0x000000076f900000)
 ParOldGen       total 261120K, used 103797K [0x00000006c6a00000, 0x00000006d6900000, 0x000000076ce00000)
  object space 261120K, 39% used [0x00000006c6a00000,0x00000006ccf5d758,0x00000006d6900000)
 Metaspace       used 64905K, capacity 67006K, committed 67172K, reserved 1107968K
  class space    used 9055K, capacity 9516K, committed 9572K, reserved 1048576K
}
Event: 20996.990 GC heap before
{Heap before GC invocations=2068 (full 3):
 PSYoungGen      total 44032K, used 43542K [0x000000076ce00000, 0x000000076fa00000, 0x00000007c0000000)
  eden space 43008K, 100% used [0x000000076ce00000,0x000000076f800000,0x000000076f800000)
  from space 1024K, 52% used [0x000000076f900000,0x000000076f985b90,0x000000076fa00000)
  to   space 1024K, 0% used [0x000000076f800000,0x000000076f800000,0x000000076f900000)
 ParOldGen       total 261120K, used 103797K [0x00000006c6a00000, 0x00000006d6900000, 0x000000076ce00000)
  object space 261120K, 39% used [0x00000006c6a00000,0x00000006ccf5d758,0x00000006d6900000)
 Metaspace       used 64908K, capacity 67006K, committed 67172K, reserved 1107968K
  class space    used 9056K, capacity 9516K, committed 9572K, reserved 1048576K
Event: 20996.994 GC heap after
Heap after GC invocations=2068 (full 3):
 PSYoungGen      total 44032K, used 535K [0x000000076ce00000, 0x000000076fa00000, 0x00000007c0000000)
  eden space 43008K, 0% used [0x000000076ce00000,0x000000076ce00000,0x000000076f800000)
  from space 1024K, 52% used [0x000000076f800000,0x000000076f885ca0,0x000000076f900000)
  to   space 1024K, 0% used [0x000000076f900000,0x000000076f900000,0x000000076fa00000)
 ParOldGen       total 261120K, used 103805K [0x00000006c6a00000, 0x00000006d6900000, 0x000000076ce00000)
  object space 261120K, 39% used [0x00000006c6a00000,0x00000006ccf5f758,0x00000006d6900000)
 Metaspace       used 64908K, capacity 67006K, committed 67172K, reserved 1107968K
  class space    used 9056K, capacity 9516K, committed 9572K, reserved 1048576K
}

Deoptimization events (10 events):
Event: 20997.669 Thread 0x00007f96f4733000 Uncommon trap: reason=unloaded action=reinterpret pc=0x00007f97a251dc4c method=java.util.concurrent.locks.AbstractQueuedSynchronizer$ConditionObject.awaitNanos(J)J @ 6
Event: 20997.676 Thread 0x00007f97b000a800 Uncommon trap: reason=bimorphic action=maybe_recompile pc=0x00007f97a1f36e44 method=java.io.ObjectOutputStream$BlockDataOutputStream.write([BIIZ)V @ 23
Event: 20997.678 Thread 0x00007f97b000a800 Uncommon trap: reason=bimorphic action=maybe_recompile pc=0x00007f97a1f36e44 method=java.io.ObjectOutputStream$BlockDataOutputStream.write([BIIZ)V @ 23
Event: 20997.679 Thread 0x00007f97b000a800 Uncommon trap: reason=array_check action=maybe_recompile pc=0x00007f97a3396b00 method=java.util.ComparableTimSort.reverseRange([Ljava/lang/Object;II)V @ 20
Event: 20997.680 Thread 0x00007f97b000a800 Uncommon trap: reason=bimorphic action=maybe_recompile pc=0x00007f97a1f36e44 method=java.io.ObjectOutputStream$BlockDataOutputStream.write([BIIZ)V @ 23
Event: 20997.680 Thread 0x00007f97b000a800 Uncommon trap: reason=array_check action=maybe_recompile pc=0x00007f97a3396b00 method=java.util.ComparableTimSort.reverseRange([Ljava/lang/Object;II)V @ 20
Event: 20997.681 Thread 0x00007f97b000a800 Uncommon trap: reason=bimorphic action=maybe_recompile pc=0x00007f97a1f36e44 method=java.io.ObjectOutputStream$BlockDataOutputStream.write([BIIZ)V @ 23
Event: 20997.683 Thread 0x00007f97b000a800 Uncommon trap: reason=bimorphic action=maybe_recompile pc=0x00007f97a149fbb4 method=java.io.ObjectOutputStream$BlockDataOutputStream.write([BIIZ)V @ 23
Event: 20997.683 Thread 0x00007f97b000a800 Uncommon trap: reason=array_check action=maybe_recompile pc=0x00007f97a3396b00 method=java.util.ComparableTimSort.reverseRange([Ljava/lang/Object;II)V @ 20
Event: 20997.683 Thread 0x00007f97b000a800 Uncommon trap: reason=bimorphic action=maybe_recompile pc=0x00007f97a2354d74 method=java.io.ObjectOutputStream$BlockDataOutputStream.flush()V @ 8

Internal exceptions (10 events):
Event: 20997.667 Thread 0x00007f96f4774800 Implicit null exception at 0x00007f97a2c9b4d3 to 0x00007f97a2c9bea9
Event: 20997.667 Thread 0x00007f96f4224000 Implicit null exception at 0x00007f97a2c9b4d3 to 0x00007f97a2c9bea9
Event: 20997.667 Thread 0x00007f96f8001000 Implicit null exception at 0x00007f97a2c9b4d3 to 0x00007f97a2c9bea9
Event: 20997.668 Thread 0x00007f96f42a3000 Implicit null exception at 0x00007f97a2c9b4d3 to 0x00007f97a2c9bea9
Event: 20997.681 Thread 0x00007f97b000a800 Exception <a 'java/security/PrivilegedActionException'> (0x000000076d7f6f08) thrown at [/HUDSON/workspace/8-2-build-linux-amd64/jdk8u20/526.nc/hotspot/src/share/vm/prims/jvm.cpp, line 1258]
Event: 20997.681 Thread 0x00007f97b000a800 Exception <a 'java/security/PrivilegedActionException'> (0x000000076d7f7ee8) thrown at [/HUDSON/workspace/8-2-build-linux-amd64/jdk8u20/526.nc/hotspot/src/share/vm/prims/jvm.cpp, line 1258]
Event: 20997.682 Thread 0x00007f97b000a800 Exception <a 'java/security/PrivilegedActionException'> (0x000000076d812ce0) thrown at [/HUDSON/workspace/8-2-build-linux-amd64/jdk8u20/526.nc/hotspot/src/share/vm/prims/jvm.cpp, line 1258]
Event: 20997.682 Thread 0x00007f97b000a800 Exception <a 'java/security/PrivilegedActionException'> (0x000000076d813d50) thrown at [/HUDSON/workspace/8-2-build-linux-amd64/jdk8u20/526.nc/hotspot/src/share/vm/prims/jvm.cpp, line 1258]
Event: 20997.682 Thread 0x00007f97b000a800 Exception <a 'java/security/PrivilegedActionException'> (0x000000076d823860) thrown at [/HUDSON/workspace/8-2-build-linux-amd64/jdk8u20/526.nc/hotspot/src/share/vm/prims/jvm.cpp, line 1258]
Event: 20997.682 Thread 0x00007f97b000a800 Exception <a 'java/security/PrivilegedActionException'> (0x000000076d824880) thrown at [/HUDSON/workspace/8-2-build-linux-amd64/jdk8u20/526.nc/hotspot/src/share/vm/prims/jvm.cpp, line 1258]

Events (10 events):
Event: 20997.682 loading class org/apache/wicket/util/collections/IntHashMap$HashIterator done
Event: 20997.683 Thread 0x00007f97b000a800 Uncommon trap: trap_request=0xffffffc6 fr.pc=0x00007f97a149fbb4
Event: 20997.683 Thread 0x00007f97b000a800 DEOPT PACKING pc=0x00007f97a149fbb4 sp=0x00007f97b8b52660
Event: 20997.683 Thread 0x00007f97b000a800 DEOPT UNPACKING pc=0x00007f97a1047650 sp=0x00007f97b8b52668 mode 2
Event: 20997.683 Thread 0x00007f97b000a800 Uncommon trap: trap_request=0xffffffd6 fr.pc=0x00007f97a3396b00
Event: 20997.683 Thread 0x00007f97b000a800 DEOPT PACKING pc=0x00007f97a3396b00 sp=0x00007f97b8b521f0
Event: 20997.683 Thread 0x00007f97b000a800 DEOPT UNPACKING pc=0x00007f97a1047650 sp=0x00007f97b8b520a0 mode 2
Event: 20997.683 Thread 0x00007f97b000a800 Uncommon trap: trap_request=0xffffffc6 fr.pc=0x00007f97a2354d74
Event: 20997.683 Thread 0x00007f97b000a800 DEOPT PACKING pc=0x00007f97a2354d74 sp=0x00007f97b8b53560
Event: 20997.683 Thread 0x00007f97b000a800 DEOPT UNPACKING pc=0x00007f97a1047650 sp=0x00007f97b8b53488 mode 2


Dynamic libraries:
00400000-00401000 r-xp 00000000 08:06 19938758                           /usr/lib/jvm/jdk1.8.0_20/bin/java
00600000-00601000 rw-p 00000000 08:06 19938758                           /usr/lib/jvm/jdk1.8.0_20/bin/java
01a67000-01a88000 rw-p 00000000 00:00 0                                  [heap]
6c6a00000-6d6900000 rw-p 00000000 00:00 0 
6d6900000-76ce00000 ---p 00000000 00:00 0 
76ce00000-76fa00000 rw-p 00000000 00:00 0 
76fa00000-7c0000000 ---p 00000000 00:00 0 
7c0000000-7c0959000 rw-p 00000000 00:00 0 
7c0959000-800000000 ---p 00000000 00:00 0 
7f9693a27000-7f9693a3f000 r--s 000f6000 08:06 2364997                    /usr/local/development/dev-7-7/Ignition/IgnitionWebApp/target/ignition-webapp-7.7/WEB-INF/lib/xopc-2.7.1-20140818.191115-24.jar
7f9693a3f000-7f9693a4c000 r--s 000a0000 08:06 2365026                    /usr/local/development/dev-7-7/Ignition/IgnitionWebApp/target/ignition-webapp-7.7/WEB-INF/lib/winpack-3.8.3.jar
7f9693a4c000-7f9693a56000 r--s 0005c000 08:06 2364960                    /usr/local/development/dev-7-7/Ignition/IgnitionWebApp/target/ignition-webapp-7.7/WEB-INF/lib/wicket-util-6.1.1.jar
7f9693a56000-7f9693a59000 r--s 00012000 08:06 2364961                    /usr/local/development/dev-7-7/Ignition/IgnitionWebApp/target/ignition-webapp-7.7/WEB-INF/lib/wicket-request-6.1.1.jar
7f9693a59000-7f9693a6b000 r--s 00138000 08:06 2364963                    /usr/local/development/dev-7-7/Ignition/IgnitionWebApp/target/ignition-webapp-7.7/WEB-INF/lib/wicket-extensions-6.1.1.jar
7f9693a6b000-7f9693a8e000 r--s 001a3000 08:06 2364959                    /usr/local/development/dev-7-7/Ignition/IgnitionWebApp/target/ignition-webapp-7.7/WEB-INF/lib/wicket-core-6.1.1.jar
7f9693a8e000-7f9693afd000 r--s 007bb000 08:06 2365011                    /usr/local/development/dev-7-7/Ignition/IgnitionWebApp/target/ignition-webapp-7.7/WEB-INF/lib/marytts-server-5.0.jar
7f9693afd000-7f9693b00000 ---p 00000000 00:00 0 
7f9693b00000-7f9693bfe000 rw-p 00000000 00:00 0 
7f9693bfe000-7f9693c01000 ---p 00000000 00:00 0 
7f9693c01000-7f9693cff000 rw-p 00000000 00:00 0 
7f9693cff000-7f9693d02000 ---p 00000000 00:00 0 
7f9693d02000-7f9694000000 rw-p 00000000 00:00 0 
7f9694000000-7f9694021000 rw-p 00000000 00:00 0 
7f9694021000-7f9698000000 ---p 00000000 00:00 0 
7f9698000000-7f9698021000 rw-p 00000000 00:00 0 
7f9698021000-7f969c000000 ---p 00000000 00:00 0 
7f969c000000-7f969c021000 rw-p 00000000 00:00 0 
7f969c021000-7f96a0000000 ---p 00000000 00:00 0 
7f96a0000000-7f96a0021000 rw-p 00000000 00:00 0 
7f96a0021000-7f96a4000000 ---p 00000000 00:00 0 
7f96a4000000-7f96a4031000 rw-p 00000000 00:00 0 
7f96a4031000-7f96a8000000 ---p 00000000 00:00 0 
7f96a8000000-7f96a827c000 rw-p 00000000 00:00 0 
7f96a827c000-7f96ac000000 ---p 00000000 00:00 0 
7f96ac000000-7f96ac054000 rw-p 00000000 00:00 0 
7f96ac054000-7f96b0000000 ---p 00000000 00:00 0 
7f96b0000000-7f96b0021000 rw-p 00000000 00:00 0 
7f96b0021000-7f96b4000000 ---p 00000000 00:00 0 
7f96b4000000-7f96b404a000 rw-p 00000000 00:00 0 
7f96b404a000-7f96b8000000 ---p 00000000 00:00 0 
7f96b8000000-7f96b8126000 rw-p 00000000 00:00 0 
7f96b8126000-7f96bc000000 ---p 00000000 00:00 0 
7f96bc000000-7f96bc109000 rw-p 00000000 00:00 0 
7f96bc109000-7f96c0000000 ---p 00000000 00:00 0 
7f96c0000000-7f96c0021000 rw-p 00000000 00:00 0 
7f96c0021000-7f96c4000000 ---p 00000000 00:00 0 
7f96c4000000-7f96c410e000 rw-p 00000000 00:00 0 
7f96c410e000-7f96c8000000 ---p 00000000 00:00 0 
7f96c8000000-7f96c824e000 rw-p 00000000 00:00 0 
7f96c824e000-7f96cc000000 ---p 00000000 00:00 0 
7f96cc000000-7f96cc021000 rw-p 00000000 00:00 0 
7f96cc021000-7f96d0000000 ---p 00000000 00:00 0 
7f96d0000000-7f96d0021000 rw-p 00000000 00:00 0 
7f96d0021000-7f96d4000000 ---p 00000000 00:00 0 
7f96d4000000-7f96d4025000 rw-p 00000000 00:00 0 
7f96d4025000-7f96d8000000 ---p 00000000 00:00 0 
7f96d8000000-7f96d80e4000 rw-p 00000000 00:00 0 
7f96d80e4000-7f96dc000000 ---p 00000000 00:00 0 
7f96dc000000-7f96dc021000 rw-p 00000000 00:00 0 
7f96dc021000-7f96e0000000 ---p 00000000 00:00 0 
7f96e0000000-7f96e0068000 rw-p 00000000 00:00 0 
7f96e0068000-7f96e4000000 ---p 00000000 00:00 0 
7f96e4000000-7f96e4034000 rw-p 00000000 00:00 0 
7f96e4034000-7f96e8000000 ---p 00000000 00:00 0 
7f96e8000000-7f96e8001000 r--s 00000000 08:06 2365001                    /usr/local/development/dev-7-7/Ignition/IgnitionWebApp/target/ignition-webapp-7.7/WEB-INF/lib/xopc-common-2.7.1-20140818.191053-24.jar
7f96e8001000-7f96e8004000 r--s 00038000 08:06 2364962                    /usr/local/development/dev-7-7/Ignition/IgnitionWebApp/target/ignition-webapp-7.7/WEB-INF/lib/wicket-datetime-6.1.1.jar
7f96e8004000-7f96e8006000 r--s 0012e000 08:06 2365013                    /usr/local/development/dev-7-7/Ignition/IgnitionWebApp/target/ignition-webapp-7.7/WEB-INF/lib/voice-cmu-slt-hsmm-5.0.jar
7f96e8006000-7f96e8007000 r--s 00006000 08:06 2365003                    /usr/local/development/dev-7-7/Ignition/IgnitionWebApp/target/ignition-webapp-7.7/WEB-INF/lib/user-manual-module-1.7.0-20131026.004611-6.jar
7f96e8007000-7f96e8008000 r--s 00268000 08:06 2365014                    /usr/local/development/dev-7-7/Ignition/IgnitionWebApp/target/ignition-webapp-7.7/WEB-INF/lib/ttsengine-ivona-2.7.1-20140818.191824-23.jar
7f96e8008000-7f96e800b000 r--s 00017000 08:06 2364983                    /usr/local/development/dev-7-7/Ignition/IgnitionWebApp/target/ignition-webapp-7.7/WEB-INF/lib/timingframework-1.0.jar
7f96e800b000-7f96e800d000 r--s 00001000 08:06 2364948                    /usr/local/development/dev-7-7/Ignition/IgnitionWebApp/target/ignition-webapp-7.7/WEB-INF/lib/slf4j-log4j12-1.7.5.jar
7f96e800d000-7f96e8017000 r--s 00061000 08:06 2365010                    /usr/local/development/dev-7-7/Ignition/IgnitionWebApp/target/ignition-webapp-7.7/WEB-INF/lib/sip-notification-2.7.1-20140818.191819-23.jar
7f96e8017000-7f96e801a000 r--s 0001f000 08:06 4204185                    /usr/local/development/dev-7-7/Ignition/IgnitionWebApp/target/ignition-webapp-7.7/WEB-INF/lib/simple-orm-7.7.1-SNAPSHOT.jar
7f96e801a000-7f96e80b7000 r--s 0082e000 08:06 2364942                    /usr/local/development/dev-7-7/Ignition/IgnitionWebApp/target/ignition-webapp-7.7/WEB-INF/lib/jython-2.5.3-guava-upgrade.jar
7f96e80b7000-7f96e80ba000 ---p 00000000 00:00 0 
7f96e80ba000-7f96e81b8000 rw-p 00000000 00:00 0                          [stack:13486]
7f96e81b8000-7f96e81bb000 ---p 00000000 00:00 0 
7f96e81bb000-7f96e82b9000 rw-p 00000000 00:00 0                          [stack:12159]
7f96e82b9000-7f96e82bc000 ---p 00000000 00:00 0 
7f96e82bc000-7f96e85ba000 rw-p 00000000 00:00 0 
7f96e85ba000-7f96e87ba000 rw-p 00000000 00:00 0 
7f96e87ba000-7f96e87bd000 ---p 00000000 00:00 0 
7f96e87bd000-7f96e88bb000 rw-p 00000000 00:00 0                          [stack:12029]
7f96e88bb000-7f96e88be000 ---p 00000000 00:00 0 
7f96e88be000-7f96e89bc000 rw-p 00000000 00:00 0                          [stack:12028]
7f96e89bc000-7f96e89bf000 ---p 00000000 00:00 0 
7f96e89bf000-7f96e8abd000 rw-p 00000000 00:00 0 
7f96e8abd000-7f96e8ac0000 ---p 00000000 00:00 0 
7f96e8ac0000-7f96e8bbe000 rw-p 00000000 00:00 0                          [stack:11974]
7f96e8bbe000-7f96e8bc1000 ---p 00000000 00:00 0 
7f96e8bc1000-7f96e8ebf000 rw-p 00000000 00:00 0 
7f96e8ebf000-7f96e8ed6000 r-xp 00000000 08:06 15602148                   /lib/x86_64-linux-gnu/libresolv-2.19.so
7f96e8ed6000-7f96e90d6000 ---p 00017000 08:06 15602148                   /lib/x86_64-linux-gnu/libresolv-2.19.so
7f96e90d6000-7f96e90d7000 r--p 00017000 08:06 15602148                   /lib/x86_64-linux-gnu/libresolv-2.19.so
7f96e90d7000-7f96e90d8000 rw-p 00018000 08:06 15602148                   /lib/x86_64-linux-gnu/libresolv-2.19.so
7f96e90d8000-7f96e90da000 rw-p 00000000 00:00 0 
7f96e90da000-7f96e90df000 r-xp 00000000 08:06 15602324                   /lib/x86_64-linux-gnu/libnss_dns-2.19.so
7f96e90df000-7f96e92de000 ---p 00005000 08:06 15602324                   /lib/x86_64-linux-gnu/libnss_dns-2.19.so
7f96e92de000-7f96e92df000 r--p 00004000 08:06 15602324                   /lib/x86_64-linux-gnu/libnss_dns-2.19.so
7f96e92df000-7f96e92e0000 rw-p 00005000 08:06 15602324                   /lib/x86_64-linux-gnu/libnss_dns-2.19.so
7f96e92e0000-7f96e92e2000 r-xp 00000000 08:06 15601607                   /lib/x86_64-linux-gnu/libnss_mdns4_minimal.so.2
7f96e92e2000-7f96e94e1000 ---p 00002000 08:06 15601607                   /lib/x86_64-linux-gnu/libnss_mdns4_minimal.so.2
7f96e94e1000-7f96e94e2000 r--p 00001000 08:06 15601607                   /lib/x86_64-linux-gnu/libnss_mdns4_minimal.so.2
7f96e94e2000-7f96e94e3000 rw-p 00002000 08:06 15601607                   /lib/x86_64-linux-gnu/libnss_mdns4_minimal.so.2
7f96e94e3000-7f96e96e3000 rw-p 00000000 00:00 0 
7f96e96e3000-7f96e96e6000 ---p 00000000 00:00 0 
7f96e96e6000-7f96e97e4000 rw-p 00000000 00:00 0                          [stack:11906]
7f96e97e4000-7f96e97e7000 ---p 00000000 00:00 0 
7f96e97e7000-7f96e98e5000 rw-p 00000000 00:00 0                          [stack:11905]
7f96e98e5000-7f96e98e8000 ---p 00000000 00:00 0 
7f96e98e8000-7f96e99e6000 rw-p 00000000 00:00 0                          [stack:11904]
7f96e99e6000-7f96e99e9000 ---p 00000000 00:00 0 
7f96e99e9000-7f96e9ce7000 rw-p 00000000 00:00 0                          [stack:11903]
7f96e9ce7000-7f96e9cea000 ---p 00000000 00:00 0 
7f96e9cea000-7f96e9de8000 rw-p 00000000 00:00 0                          [stack:11902]
7f96e9de8000-7f96e9deb000 ---p 00000000 00:00 0 
7f96e9deb000-7f96e9ee9000 rw-p 00000000 00:00 0                          [stack:11901]
7f96e9ee9000-7f96e9eec000 ---p 00000000 00:00 0 
7f96e9eec000-7f96e9fea000 rw-p 00000000 00:00 0                          [stack:11900]
7f96e9fea000-7f96e9fed000 ---p 00000000 00:00 0 
7f96e9fed000-7f96ea0eb000 rw-p 00000000 00:00 0                          [stack:11899]
7f96ea0eb000-7f96ea0ee000 ---p 00000000 00:00 0 
7f96ea0ee000-7f96ea1ec000 rw-p 00000000 00:00 0                          [stack:11898]
7f96ea1ec000-7f96ea1ef000 ---p 00000000 00:00 0 
7f96ea1ef000-7f96ea2ed000 rw-p 00000000 00:00 0 
7f96ea2ed000-7f96ea2f0000 ---p 00000000 00:00 0 
7f96ea2f0000-7f96ea5ee000 rw-p 00000000 00:00 0 
7f96ea5ee000-7f96ea5f1000 ---p 00000000 00:00 0 
7f96ea5f1000-7f96ea8ef000 rw-p 00000000 00:00 0                          [stack:11894]
7f96ea8ef000-7f96ea8f2000 ---p 00000000 00:00 0 
7f96ea8f2000-7f96ea9f0000 rw-p 00000000 00:00 0 
7f96ea9f0000-7f96ea9f3000 ---p 00000000 00:00 0 
7f96ea9f3000-7f96eaaf1000 rw-p 00000000 00:00 0 
7f96eaaf1000-7f96eaaf4000 ---p 00000000 00:00 0 
7f96eaaf4000-7f96eabf2000 rw-p 00000000 00:00 0                          [stack:11890]
7f96eabf2000-7f96eabf5000 ---p 00000000 00:00 0 
7f96eabf5000-7f96eacf3000 rw-p 00000000 00:00 0                          [stack:11889]
7f96eacf3000-7f96eacf6000 ---p 00000000 00:00 0 
7f96eacf6000-7f96eaff4000 rw-p 00000000 00:00 0                          [stack:26920]
7f96eaff4000-7f96eaff7000 ---p 00000000 00:00 0 
7f96eaff7000-7f96eb0f5000 rw-p 00000000 00:00 0 
7f96eb0f5000-7f96eb0f8000 ---p 00000000 00:00 0 
7f96eb0f8000-7f96eb1f6000 rw-p 00000000 00:00 0 
7f96eb1f6000-7f96eb1f9000 ---p 00000000 00:00 0 
7f96eb1f9000-7f96eb4f7000 rw-p 00000000 00:00 0 
7f96eb4f7000-7f96eb4fa000 ---p 00000000 00:00 0 
7f96eb4fa000-7f96eb7f8000 rw-p 00000000 00:00 0                          [stack:11884]
7f96eb7f8000-7f96eb7fb000 ---p 00000000 00:00 0 
7f96eb7fb000-7f96eb8f9000 rw-p 00000000 00:00 0 
7f96eb8f9000-7f96eb8fc000 ---p 00000000 00:00 0 
7f96eb8fc000-7f96eb9fa000 rw-p 00000000 00:00 0 
7f96eb9fa000-7f96eb9fd000 ---p 00000000 00:00 0 
7f96eb9fd000-7f96ebafb000 rw-p 00000000 00:00 0 
7f96ebafb000-7f96ebafe000 ---p 00000000 00:00 0 
7f96ebafe000-7f96ebbfc000 rw-p 00000000 00:00 0 
7f96ebbfc000-7f96ebbff000 ---p 00000000 00:00 0 
7f96ebbff000-7f96ebcfd000 rw-p 00000000 00:00 0 
7f96ebcfd000-7f96ebd00000 ---p 00000000 00:00 0 
7f96ebd00000-7f96ebdfe000 rw-p 00000000 00:00 0 
7f96ebdfe000-7f96ebe01000 ---p 00000000 00:00 0 
7f96ebe01000-7f96ebeff000 rw-p 00000000 00:00 0 
7f96ebeff000-7f96ebf02000 ---p 00000000 00:00 0 
7f96ebf02000-7f96ec000000 rw-p 00000000 00:00 0 
7f96ec000000-7f96ec021000 rw-p 00000000 00:00 0 
7f96ec021000-7f96f0000000 ---p 00000000 00:00 0 
7f96f0000000-7f96f011e000 rw-p 00000000 00:00 0 
7f96f011e000-7f96f4000000 ---p 00000000 00:00 0 
7f96f4000000-7f96f4d68000 rw-p 00000000 00:00 0 
7f96f4d68000-7f96f8000000 ---p 00000000 00:00 0 
7f96f8000000-7f96f804f000 rw-p 00000000 00:00 0 
7f96f804f000-7f96fc000000 ---p 00000000 00:00 0 
7f96fc000000-7f96fc0e5000 rw-p 00000000 00:00 0 
7f96fc0e5000-7f9700000000 ---p 00000000 00:00 0 
7f9700000000-7f9700021000 rw-p 00000000 00:00 0 
7f9700021000-7f9704000000 ---p 00000000 00:00 0 
7f9704000000-7f970417e000 rw-p 00000000 00:00 0 
7f970417e000-7f9708000000 ---p 00000000 00:00 0 
7f9708000000-7f9708021000 rw-p 00000000 00:00 0 
7f9708021000-7f970c000000 ---p 00000000 00:00 0 
7f970c000000-7f970c021000 rw-p 00000000 00:00 0 
7f970c021000-7f9710000000 ---p 00000000 00:00 0 
7f9710000000-7f971018d000 rw-p 00000000 00:00 0 
7f971018d000-7f9714000000 ---p 00000000 00:00 0 
7f9714000000-7f9714021000 rw-p 00000000 00:00 0 
7f9714021000-7f9718000000 ---p 00000000 00:00 0 
7f9718000000-7f971805c000 rw-p 00000000 00:00 0 
7f971805c000-7f971c000000 ---p 00000000 00:00 0 
7f971c000000-7f971c021000 rw-p 00000000 00:00 0 
7f971c021000-7f9720000000 ---p 00000000 00:00 0 
7f9720000000-7f9720021000 rw-p 00000000 00:00 0 
7f9720021000-7f9724000000 ---p 00000000 00:00 0 
7f9724000000-7f9724281000 rw-p 00000000 00:00 0 
7f9724281000-7f9728000000 ---p 00000000 00:00 0 
7f9728000000-7f9728021000 rw-p 00000000 00:00 0 
7f9728021000-7f972c000000 ---p 00000000 00:00 0 
7f972c000000-7f972c021000 rw-p 00000000 00:00 0 
7f972c021000-7f9730000000 ---p 00000000 00:00 0 
7f9730000000-7f97303ef000 rw-p 00000000 00:00 0 
7f97303ef000-7f9734000000 ---p 00000000 00:00 0 
7f9734000000-7f9734021000 rw-p 00000000 00:00 0 
7f9734021000-7f9738000000 ---p 00000000 00:00 0 
7f9738000000-7f9738107000 rw-p 00000000 00:00 0 
7f9738107000-7f973c000000 ---p 00000000 00:00 0 
7f973c000000-7f973c021000 rw-p 00000000 00:00 0 
7f973c021000-7f9740000000 ---p 00000000 00:00 0 
7f9740000000-7f9740021000 rw-p 00000000 00:00 0 
7f9740021000-7f9744000000 ---p 00000000 00:00 0 
7f9744000000-7f9744021000 rw-p 00000000 00:00 0 
7f9744021000-7f9748000000 ---p 00000000 00:00 0 
7f9748000000-7f9748021000 rw-p 00000000 00:00 0 
7f9748021000-7f974c000000 ---p 00000000 00:00 0 
7f974c000000-7f974cfea000 rw-p 00000000 00:00 0 
7f974cfea000-7f9750000000 ---p 00000000 00:00 0 
7f9750000000-7f9750021000 rw-p 00000000 00:00 0 
7f9750021000-7f9754000000 ---p 00000000 00:00 0 
7f9754000000-7f9755c63000 rw-p 00000000 00:00 0 
7f9755c63000-7f9758000000 ---p 00000000 00:00 0 
7f9758000000-7f97599ed000 rw-p 00000000 00:00 0 
7f97599ed000-7f975c000000 ---p 00000000 00:00 0 
7f975c000000-7f975c021000 rw-p 00000000 00:00 0 
7f975c021000-7f9760000000 ---p 00000000 00:00 0 
7f9760000000-7f9761e09000 rw-p 00000000 00:00 0 
7f9761e09000-7f9764000000 ---p 00000000 00:00 0 
7f9764000000-7f9764021000 rw-p 00000000 00:00 0 
7f9764021000-7f9768000000 ---p 00000000 00:00 0 
7f9768000000-7f9768021000 rw-p 00000000 00:00 0 
7f9768021000-7f976c000000 ---p 00000000 00:00 0 
7f976c000000-7f976c25c000 rw-p 00000000 00:00 0 
7f976c25c000-7f9770000000 ---p 00000000 00:00 0 
7f9770000000-7f9770002000 r--s 00005000 08:06 2364947                    /usr/local/development/dev-7-7/Ignition/IgnitionWebApp/target/ignition-webapp-7.7/WEB-INF/lib/slf4j-api-1.7.5.jar
7f9770002000-7f9770003000 r--s 00003000 08:06 2365017                    /usr/local/development/dev-7-7/Ignition/IgnitionWebApp/target/ignition-webapp-7.7/WEB-INF/lib/sfc-gateway-api-1.7.1-20140818.192017-23.jar
7f9770003000-7f9770005000 r--s 00013000 08:06 2365016                    /usr/local/development/dev-7-7/Ignition/IgnitionWebApp/target/ignition-webapp-7.7/WEB-INF/lib/sfc-gateway-1.7.1-20140818.192025-23.jar
7f9770005000-7f9770008000 r--s 00016000 08:06 2365018                    /usr/local/development/dev-7-7/Ignition/IgnitionWebApp/target/ignition-webapp-7.7/WEB-INF/lib/sfc-common-1.7.1-20140818.192013-23.jar
7f9770008000-7f977000a000 r--s 0000f000 08:06 2365021                    /usr/local/development/dev-7-7/Ignition/IgnitionWebApp/target/ignition-webapp-7.7/WEB-INF/lib/serialio-8.7.0.jar
7f977000a000-7f977000c000 r--s 00028000 08:06 2365019                    /usr/local/development/dev-7-7/Ignition/IgnitionWebApp/target/ignition-webapp-7.7/WEB-INF/lib/serial-support-gateway-2.7.1-20140818.191716-23.jar
7f977000c000-7f977000e000 r--s 00002000 08:06 2365020                    /usr/local/development/dev-7-7/Ignition/IgnitionWebApp/target/ignition-webapp-7.7/WEB-INF/lib/serial-support-common-2.7.1-20140818.191712-23.jar
7f977000e000-7f9770013000 r--s 0003e000 08:06 2364970                    /usr/local/development/dev-7-7/Ignition/IgnitionWebApp/target/ignition-webapp-7.7/WEB-INF/lib/saaj-impl-1.3.jar
7f9770013000-7f9770015000 r--s 00003000 08:06 2364971                    /usr/local/development/dev-7-7/Ignition/IgnitionWebApp/target/ignition-webapp-7.7/WEB-INF/lib/saaj-api-1.3.jar
7f9770015000-7f977001f000 r--s 0005c000 08:06 2365023                    /usr/local/development/dev-7-7/Ignition/IgnitionWebApp/target/ignition-webapp-7.7/WEB-INF/lib/opccom-gateway-2.7.1-20140818.191310-24.jar
7f977001f000-7f9770021000 r--s 0000f000 08:06 2364988                    /usr/local/development/dev-7-7/Ignition/IgnitionWebApp/target/ignition-webapp-7.7/WEB-INF/lib/miglayout-core-4.2.jar
7f9770021000-7f9770029000 r--s 00075000 08:06 2364966                    /usr/local/development/dev-7-7/Ignition/IgnitionWebApp/target/ignition-webapp-7.7/WEB-INF/lib/mail-1.4.5.jar
7f9770029000-7f977004f000 r--s 001da000 08:06 2364990                    /usr/local/development/dev-7-7/Ignition/IgnitionWebApp/target/ignition-webapp-7.7/WEB-INF/lib/jide-grids-3.5.13.jar
7f977004f000-7f9770052000 ---p 00000000 00:00 0 
7f9770052000-7f9770350000 rw-p 00000000 00:00 0 
7f9770350000-7f9778000000 rw-p 00000000 00:00 0 
7f9778000000-7f9778021000 rw-p 00000000 00:00 0 
7f9778021000-7f977c000000 ---p 00000000 00:00 0 
7f977c000000-7f977c001000 r--s 00001000 08:06 2365022                    /usr/local/development/dev-7-7/Ignition/IgnitionWebApp/target/ignition-webapp-7.7/WEB-INF/lib/opccom-common-2.7.1-20140818.191302-24.jar
7f977c001000-7f977c004000 r--s 00012000 08:06 2364951                    /usr/local/development/dev-7-7/Ignition/IgnitionWebApp/target/ignition-webapp-7.7/WEB-INF/lib/metrics-core-3.0.1.jar
7f977c004000-7f977c007000 r--s 0069c000 08:06 2365012                    /usr/local/development/dev-7-7/Ignition/IgnitionWebApp/target/ignition-webapp-7.7/WEB-INF/lib/marytts-lang-en-5.0.jar
7f977c007000-7f977c00e000 r--s 00059000 08:06 2364946                    /usr/local/development/dev-7-7/Ignition/IgnitionWebApp/target/ignition-webapp-7.7/WEB-INF/lib/log4j-1.2.15.jar
7f977c00e000-7f977c014000 r--s 00036000 08:06 2364964                    /usr/local/development/dev-7-7/Ignition/IgnitionWebApp/target/ignition-webapp-7.7/WEB-INF/lib/jquery-ui-core-6.1.0.jar
7f977c014000-7f977c023000 r--s 0007c000 08:06 2364952                    /usr/local/development/dev-7-7/Ignition/IgnitionWebApp/target/ignition-webapp-7.7/WEB-INF/lib/joda-time-2.0.jar
7f977c023000-7f977c026000 ---p 00000000 00:00 0 
7f977c026000-7f977c324000 rw-p 00000000 00:00 0 
7f977c324000-7f977c32b000 r--s 00000000 08:06 15863595                   /usr/lib/x86_64-linux-gnu/gconv/gconv-modules.cache
7f977c439000-7f977c639000 rw-p 00000000 00:00 0 
7f977c639000-7f977c839000 rw-p 00000000 00:00 0 
7f977c839000-7f977ca39000 rw-p 00000000 00:00 0 
7f977ca39000-7f977ca3c000 ---p 00000000 00:00 0 
7f977ca3c000-7f977cd3a000 rw-p 00000000 00:00 0 
7f977cd3a000-7f977cf3a000 rw-p 00000000 00:00 0 
7f977cf3a000-7f977cf3c000 r--s 00003000 08:06 660575                     /usr/local/development/dev-7-7/Ignition/IgnitionWebApp/src/main/home/temp/sfc-gateway-api5381875430533355089.jar
7f977cf3c000-7f977cf3f000 r--s 00019000 08:06 660574                     /usr/local/development/dev-7-7/Ignition/IgnitionWebApp/src/main/home/temp/sfc-gateway4058078853079762663.jar
7f977cf3f000-7f977cf42000 r--s 00016000 08:06 660573                     /usr/local/development/dev-7-7/Ignition/IgnitionWebApp/src/main/home/temp/sfc-common1518554094316342264.jar
7f977cf42000-7f977cf46000 r--s 000be000 08:06 659381                     /usr/local/development/dev-7-7/Ignition/IgnitionWebApp/src/main/home/temp/vis-gateway6264511386261211335.jar
7f977cf46000-7f977cf4e000 r--s 0009e000 08:06 659376                     /usr/local/development/dev-7-7/Ignition/IgnitionWebApp/src/main/home/temp/secsgem-gateway6025491717530746318.jar
7f977cf4e000-7f977d14e000 rw-p 00000000 00:00 0 
7f977d34f000-7f977d350000 rw-p 00000000 00:00 0 
7f977d350000-7f977d353000 ---p 00000000 00:00 0 
7f977d353000-7f977d451000 rw-p 00000000 00:00 0 
7f977d451000-7f977d454000 ---p 00000000 00:00 0 
7f977d454000-7f977d552000 rw-p 00000000 00:00 0 
7f977d552000-7f977d555000 ---p 00000000 00:00 0 
7f977d555000-7f977d853000 rw-p 00000000 00:00 0                          [stack:26921]
7f977d853000-7f977d866000 r--s 00345000 08:06 20582253                   /usr/lib/jvm/jdk1.8.0_20/jre/lib/resources.jar
7f977d866000-7f977d869000 ---p 00000000 00:00 0 
7f977d869000-7f977db67000 rw-p 00000000 00:00 0 
7f977db67000-7f977db68000 r--s 00003000 08:06 2364987                    /usr/local/development/dev-7-7/Ignition/IgnitionWebApp/target/ignition-webapp-7.7/WEB-INF/lib/miglayout-swing-4.2.jar
7f977db68000-7f977db69000 r--s 00002000 08:06 660566                     /usr/local/development/dev-7-7/Ignition/IgnitionWebApp/src/main/home/temp/vis-common8422764869341958972.jar
7f977db69000-7f977db6a000 r--s 00004000 08:06 659378                     /usr/local/development/dev-7-7/Ignition/IgnitionWebApp/src/main/home/temp/secsgem-shared5439132962758823442.jar
7f977db6a000-7f977db6b000 r--s 00001000 08:06 2364949                    /usr/local/development/dev-7-7/Ignition/IgnitionWebApp/target/ignition-webapp-7.7/WEB-INF/lib/jul-to-slf4j-1.7.5.jar
7f977db6b000-7f977db6f000 r--s 00037000 08:06 2365025                    /usr/local/development/dev-7-7/Ignition/IgnitionWebApp/target/ignition-webapp-7.7/WEB-INF/lib/jniwrap-3.8.3.jar
7f977db6f000-7f977db71000 r--s 00011000 08:06 2364996                    /usr/local/development/dev-7-7/Ignition/IgnitionWebApp/target/ignition-webapp-7.7/WEB-INF/lib/jide-shortcut-3.5.13.jar
7f977db71000-7f977db75000 r--s 00022000 08:06 2364991                    /usr/local/development/dev-7-7/Ignition/IgnitionWebApp/target/ignition-webapp-7.7/WEB-INF/lib/jide-plaf-3.5.13.jar
7f977db75000-7f977db7f000 r--s 00061000 08:06 2364995                    /usr/local/development/dev-7-7/Ignition/IgnitionWebApp/target/ignition-webapp-7.7/WEB-INF/lib/jide-editor-3.5.13.jar
7f977db7f000-7f977db85000 r--s 0004f000 08:06 2364994                    /usr/local/development/dev-7-7/Ignition/IgnitionWebApp/target/ignition-webapp-7.7/WEB-INF/lib/jide-dock-3.5.13.jar
7f977db85000-7f977db87000 r--s 0000c000 08:06 2364993                    /usr/local/development/dev-7-7/Ignition/IgnitionWebApp/target/ignition-webapp-7.7/WEB-INF/lib/jide-dialogs-3.5.13.jar
7f977db87000-7f977db8f000 r--s 00055000 08:06 2364989                    /usr/local/development/dev-7-7/Ignition/IgnitionWebApp/target/ignition-webapp-7.7/WEB-INF/lib/jide-components-3.5.13.jar
7f977db8f000-7f977dbac000 r--s 00155000 08:06 2364950                    /usr/local/development/dev-7-7/Ignition/IgnitionWebApp/target/ignition-webapp-7.7/WEB-INF/lib/jide-common-3.5.13.jar
7f977dbac000-7f977dbb1000 r--s 0002f000 08:06 2364992                    /usr/local/development/dev-7-7/Ignition/IgnitionWebApp/target/ignition-webapp-7.7/WEB-INF/lib/jide-action-3.5.13.jar
7f977dbb1000-7f977dbc5000 r--s 0017c000 08:06 2364985                    /usr/local/development/dev-7-7/Ignition/IgnitionWebApp/target/ignition-webapp-7.7/WEB-INF/lib/jfreechart-min-1.0.0.jar
7f977dbc5000-7f977dbc7000 r--s 00004000 08:06 2364972                    /usr/local/development/dev-7-7/Ignition/IgnitionWebApp/target/ignition-webapp-7.7/WEB-INF/lib/jaxrpc-spi-1.1.3_01.jar
7f977dbc7000-7f977dbe4000 r--s 001ea000 08:06 2364968                    /usr/local/development/dev-7-7/Ignition/IgnitionWebApp/target/ignition-webapp-7.7/WEB-INF/lib/jaxrpc-impl-1.1.3_01.jar
7f977dbe4000-7f977dbe6000 r--s 00005000 08:06 2364969                    /usr/local/development/dev-7-7/Ignition/IgnitionWebApp/target/ignition-webapp-7.7/WEB-INF/lib/jaxrpc-api-1.1.jar
7f977dbe6000-7f977dbe8000 r--s 00013000 08:06 2364944                    /usr/local/development/dev-7-7/Ignition/IgnitionWebApp/target/ignition-webapp-7.7/WEB-INF/lib/java-cup-10k.jar
7f977dbe8000-7f977dbe9000 r--s 00003000 08:06 2365015                    /usr/local/development/dev-7-7/Ignition/IgnitionWebApp/target/ignition-webapp-7.7/WEB-INF/lib/ivonatts-1.0.0.jar
7f977dbe9000-7f977dbeb000 r--s 00001000 08:06 2365000                    /usr/local/development/dev-7-7/Ignition/IgnitionWebApp/target/ignition-webapp-7.7/WEB-INF/lib/io-session-3.0.0-20130122.214435-9.jar
7f977dbeb000-7f977dbf6000 r--s 00073000 08:06 2364999                    /usr/local/development/dev-7-7/Ignition/IgnitionWebApp/target/ignition-webapp-7.7/WEB-INF/lib/ia-opcua-2.7.1-20140818.191043-24.jar
7f977dbf6000-7f977dc04000 r--s 0014e000 08:06 2364965                    /usr/local/development/dev-7-7/Ignition/IgnitionWebApp/target/ignition-webapp-7.7/WEB-INF/lib/hsqldb-2.2.9.jar
7f977dc04000-7f977dc05000 r--s 00001000 08:06 2364981                    /usr/local/development/dev-7-7/Ignition/IgnitionWebApp/target/ignition-webapp-7.7/WEB-INF/lib/hasp-srm-api-1.0.0.jar
7f977dc05000-7f977dc29000 r--s 001aa000 08:06 2364940                    /usr/local/development/dev-7-7/Ignition/IgnitionWebApp/target/ignition-webapp-7.7/WEB-INF/lib/guava-13.0.1.jar
7f977dc29000-7f977dc4e000 r--s 00155000 08:06 4199878                    /usr/local/development/dev-7-7/Ignition/IgnitionWebApp/target/ignition-webapp-7.7/WEB-INF/lib/gateway-api-7.7.1-SNAPSHOT.jar
7f977dc4e000-7f977dc83000 r--s 00273000 08:06 4199863                    /usr/local/development/dev-7-7/Ignition/IgnitionWebApp/target/ignition-webapp-7.7/WEB-INF/lib/gateway-7.7.1-SNAPSHOT.jar
7f977dc83000-7f977dc87000 r--s 00016000 08:06 2365004                    /usr/local/development/dev-7-7/Ignition/IgnitionWebApp/target/ignition-webapp-7.7/WEB-INF/lib/fsql-common-6.7.1-20140818.191137-24.jar
7f977dc87000-7f977dc8e000 r--s 001ca000 08:06 2365005                    /usr/local/development/dev-7-7/Ignition/IgnitionWebApp/target/ignition-webapp-7.7/WEB-INF/lib/fsql-6.7.1-20140818.191144-24.jar
7f977dc8e000-7f977dc92000 r--s 000be000 08:06 4204197                    /usr/local/development/dev-7-7/Ignition/IgnitionWebApp/target/ignition-webapp-7.7/WEB-INF/lib/fpmi-gateway-7.7.1-SNAPSHOT.jar
7f977dc92000-7f977dc93000 r--s 00002000 08:06 4204184                    /usr/local/development/dev-7-7/Ignition/IgnitionWebApp/target/ignition-webapp-7.7/WEB-INF/lib/fpmi-common-7.7.1-SNAPSHOT.jar
7f977dc93000-7f977dc96000 r--s 00013000 08:06 2364984                    /usr/local/development/dev-7-7/Ignition/IgnitionWebApp/target/ignition-webapp-7.7/WEB-INF/lib/forms-1.0.7.jar
7f977dc96000-7f977dc98000 r--s 00003000 08:06 2365002                    /usr/local/development/dev-7-7/Ignition/IgnitionWebApp/target/ignition-webapp-7.7/WEB-INF/lib/drivers-common-2.7.1-20140818.191120-24.jar
7f977dc98000-7f977dc9f000 r--s 0002f000 08:06 2364998                    /usr/local/development/dev-7-7/Ignition/IgnitionWebApp/target/ignition-webapp-7.7/WEB-INF/lib/driver-api-2.7.1-20140818.191050-24.jar
7f977dc9f000-7f977dcf4000 r--s 00512000 08:06 4204183                    /usr/local/development/dev-7-7/Ignition/IgnitionWebApp/target/ignition-webapp-7.7/WEB-INF/lib/designer-7.7.1-SNAPSHOT.jar
7f977dcf4000-7f977dcf6000 r--s 00007000 08:06 2364945                    /usr/local/development/dev-7-7/Ignition/IgnitionWebApp/target/ignition-webapp-7.7/WEB-INF/lib/cron4j-2.2.3.jar
7f977dcf6000-7f977dcfd000 r--s 00054000 08:06 2364943                    /usr/local/development/dev-7-7/Ignition/IgnitionWebApp/target/ignition-webapp-7.7/WEB-INF/lib/core-1.7.jar
7f977dcfd000-7f977dd00000 r--s 00013000 08:06 2364980                    /usr/local/development/dev-7-7/Ignition/IgnitionWebApp/target/ignition-webapp-7.7/WEB-INF/lib/commons-pool-1.4.jar
7f977dd00000-7f977dd02000 r--s 0000d000 08:06 2364956                    /usr/local/development/dev-7-7/Ignition/IgnitionWebApp/target/ignition-webapp-7.7/WEB-INF/lib/commons-logging-1.1.1.jar
7f977dd02000-7f977dd08000 r--s 00048000 08:06 2364939                    /usr/local/development/dev-7-7/Ignition/IgnitionWebApp/target/ignition-webapp-7.7/WEB-INF/lib/commons-lang3-3.1.jar
7f977dd08000-7f977dd0a000 r--s 0000e000 08:06 2364957                    /usr/local/development/dev-7-7/Ignition/IgnitionWebApp/target/ignition-webapp-7.7/WEB-INF/lib/commons-lang-1.0.jar
7f977dd0a000-7f977dd0d000 r--s 00025000 08:06 2364938                    /usr/local/development/dev-7-7/Ignition/IgnitionWebApp/target/ignition-webapp-7.7/WEB-INF/lib/commons-io-2.1.jar
7f977dd0d000-7f977dd10000 r--s 0000f000 08:06 2364978                    /usr/local/development/dev-7-7/Ignition/IgnitionWebApp/target/ignition-webapp-7.7/WEB-INF/lib/commons-discovery-0.2.jar
7f977dd10000-7f977dd41000 r--s 001ea000 08:06 4204182                    /usr/local/development/dev-7-7/Ignition/IgnitionWebApp/target/ignition-webapp-7.7/WEB-INF/lib/common-7.7.1-SNAPSHOT.jar
7f977dd41000-7f977dd4e000 r--s 00084000 08:06 2365024                    /usr/local/development/dev-7-7/Ignition/IgnitionWebApp/target/ignition-webapp-7.7/WEB-INF/lib/comfyj-2.9.jar
7f977dd4e000-7f977ddce000 rw-p 00000000 00:00 0 
7f977ddce000-7f977df4e000 ---p 00000000 00:00 0 
7f977df4e000-7f977e14e000 rw-p 00000000 00:00 0 
7f977e14e000-7f977e151000 ---p 00000000 00:00 0 
7f977e151000-7f977e24f000 rw-p 00000000 00:00 0 
7f977e24f000-7f977e252000 ---p 00000000 00:00 0 
7f977e252000-7f977e350000 rw-p 00000000 00:00 0                          [stack:12156]
7f977e350000-7f977e353000 ---p 00000000 00:00 0 
7f977e353000-7f977e451000 rw-p 00000000 00:00 0                          [stack:11856]
7f977e451000-7f977e454000 ---p 00000000 00:00 0 
7f977e454000-7f977e552000 rw-p 00000000 00:00 0                          [stack:11855]
7f977e552000-7f977e555000 ---p 00000000 00:00 0 
7f977e555000-7f977e653000 rw-p 00000000 00:00 0                          [stack:11854]
7f977e653000-7f977e656000 ---p 00000000 00:00 0 
7f977e656000-7f977e754000 rw-p 00000000 00:00 0                          [stack:11853]
7f977e754000-7f977e757000 ---p 00000000 00:00 0 
7f977e757000-7f977e855000 rw-p 00000000 00:00 0                          [stack:11852]
7f977e855000-7f977e858000 ---p 00000000 00:00 0 
7f977e858000-7f977e956000 rw-p 00000000 00:00 0                          [stack:11851]
7f977e956000-7f977e959000 ---p 00000000 00:00 0 
7f977e959000-7f977ea57000 rw-p 00000000 00:00 0 
7f977ea57000-7f977ea5a000 ---p 00000000 00:00 0 
7f977ea5a000-7f977eb58000 rw-p 00000000 00:00 0 
7f977eb58000-7f977eb5b000 ---p 00000000 00:00 0 
7f977eb5b000-7f977ec59000 rw-p 00000000 00:00 0                          [stack:11845]
7f977ec59000-7f977ec5c000 ---p 00000000 00:00 0 
7f977ec5c000-7f977ef5a000 rw-p 00000000 00:00 0                          [stack:12110]
7f977ef5a000-7f977ef70000 r-xp 00000000 08:06 15602357                   /lib/x86_64-linux-gnu/libgcc_s.so.1
7f977ef70000-7f977f16f000 ---p 00016000 08:06 15602357                   /lib/x86_64-linux-gnu/libgcc_s.so.1
7f977f16f000-7f977f170000 rw-p 00015000 08:06 15602357                   /lib/x86_64-linux-gnu/libgcc_s.so.1
7f977f170000-7f977f1a2000 r-xp 00000000 08:06 20582265                   /usr/lib/jvm/jdk1.8.0_20/jre/lib/amd64/libsunec.so
7f977f1a2000-7f977f3a1000 ---p 00032000 08:06 20582265                   /usr/lib/jvm/jdk1.8.0_20/jre/lib/amd64/libsunec.so
7f977f3a1000-7f977f3a7000 rw-p 00031000 08:06 20582265                   /usr/lib/jvm/jdk1.8.0_20/jre/lib/amd64/libsunec.so
7f977f3a7000-7f977f3b7000 rw-p 00000000 00:00 0 
7f977f3b7000-7f977f3bc000 r-xp 00000000 08:06 15211194                   /usr/lib/x86_64-linux-gnu/libXdmcp.so.6.0.0
7f977f3bc000-7f977f5bb000 ---p 00005000 08:06 15211194                   /usr/lib/x86_64-linux-gnu/libXdmcp.so.6.0.0
7f977f5bb000-7f977f5bc000 r--p 00004000 08:06 15211194                   /usr/lib/x86_64-linux-gnu/libXdmcp.so.6.0.0
7f977f5bc000-7f977f5bd000 rw-p 00005000 08:06 15211194                   /usr/lib/x86_64-linux-gnu/libXdmcp.so.6.0.0
7f977f5bd000-7f977f5bf000 r-xp 00000000 08:06 15211183                   /usr/lib/x86_64-linux-gnu/libXau.so.6.0.0
7f977f5bf000-7f977f7bf000 ---p 00002000 08:06 15211183                   /usr/lib/x86_64-linux-gnu/libXau.so.6.0.0
7f977f7bf000-7f977f7c0000 r--p 00002000 08:06 15211183                   /usr/lib/x86_64-linux-gnu/libXau.so.6.0.0
7f977f7c0000-7f977f7c1000 rw-p 00003000 08:06 15211183                   /usr/lib/x86_64-linux-gnu/libXau.so.6.0.0
7f977f7c1000-7f977f7de000 r-xp 00000000 08:06 15212358                   /usr/lib/x86_64-linux-gnu/libxcb.so.1.1.0
7f977f7de000-7f977f9de000 ---p 0001d000 08:06 15212358                   /usr/lib/x86_64-linux-gnu/libxcb.so.1.1.0
7f977f9de000-7f977f9df000 r--p 0001d000 08:06 15212358                   /usr/lib/x86_64-linux-gnu/libxcb.so.1.1.0
7f977f9df000-7f977f9e0000 rw-p 0001e000 08:06 15212358                   /usr/lib/x86_64-linux-gnu/libxcb.so.1.1.0
7f977f9e0000-7f977f9ef000 r-xp 00000000 08:06 15211204                   /usr/lib/x86_64-linux-gnu/libXi.so.6.1.0
7f977f9ef000-7f977fbee000 ---p 0000f000 08:06 15211204                   /usr/lib/x86_64-linux-gnu/libXi.so.6.1.0
7f977fbee000-7f977fbef000 r--p 0000e000 08:06 15211204                   /usr/lib/x86_64-linux-gnu/libXi.so.6.1.0
7f977fbef000-7f977fbf0000 rw-p 0000f000 08:06 15211204                   /usr/lib/x86_64-linux-gnu/libXi.so.6.1.0
7f977fbf0000-7f977fbf5000 r-xp 00000000 08:06 15211222                   /usr/lib/x86_64-linux-gnu/libXtst.so.6.1.0
7f977fbf5000-7f977fdf4000 ---p 00005000 08:06 15211222                   /usr/lib/x86_64-linux-gnu/libXtst.so.6.1.0
7f977fdf4000-7f977fdf5000 r--p 00004000 08:06 15211222                   /usr/lib/x86_64-linux-gnu/libXtst.so.6.1.0
7f977fdf5000-7f977fdf6000 rw-p 00005000 08:06 15211222                   /usr/lib/x86_64-linux-gnu/libXtst.so.6.1.0
7f977fdf6000-7f977fdff000 r-xp 00000000 08:06 15211216                   /usr/lib/x86_64-linux-gnu/libXrender.so.1.3.0
7f977fdff000-7f977fffe000 ---p 00009000 08:06 15211216                   /usr/lib/x86_64-linux-gnu/libXrender.so.1.3.0
7f977fffe000-7f977ffff000 r--p 00008000 08:06 15211216                   /usr/lib/x86_64-linux-gnu/libXrender.so.1.3.0
7f977ffff000-7f9780000000 rw-p 00009000 08:06 15211216                   /usr/lib/x86_64-linux-gnu/libXrender.so.1.3.0
7f9780000000-7f9780021000 rw-p 00000000 00:00 0 
7f9780021000-7f9784000000 ---p 00000000 00:00 0 
7f9784000000-7f9784021000 rw-p 00000000 00:00 0 
7f9784021000-7f9788000000 ---p 00000000 00:00 0 
7f9788000000-7f9788021000 rw-p 00000000 00:00 0 
7f9788021000-7f978c000000 ---p 00000000 00:00 0 
7f978c000000-7f978c002000 r--s 0001c000 08:06 2364979                    /usr/local/development/dev-7-7/Ignition/IgnitionWebApp/target/ignition-webapp-7.7/WEB-INF/lib/commons-dbcp-1.2.2.jar
7f978c002000-7f978c004000 r--s 00006000 08:06 2364955                    /usr/local/development/dev-7-7/Ignition/IgnitionWebApp/target/ignition-webapp-7.7/WEB-INF/lib/commons-cli-1.0.jar
7f978c004000-7f978c009000 r--s 00030000 08:06 4199882                    /usr/local/development/dev-7-7/Ignition/IgnitionWebApp/target/ignition-webapp-7.7/WEB-INF/lib/client-bootstrap-7.7.1-SNAPSHOT.jar
7f978c009000-7f978c02f000 r--s 001be000 08:06 4204173                    /usr/local/development/dev-7-7/Ignition/IgnitionWebApp/target/ignition-webapp-7.7/WEB-INF/lib/client-api-7.7.1-SNAPSHOT.jar
7f978c02f000-7f978c057000 r--s 00196000 08:06 2364941                    /usr/local/development/dev-7-7/Ignition/IgnitionWebApp/target/ignition-webapp-7.7/WEB-INF/lib/bcprov-jdk16-unsigned-1.46-unsigned.jar
7f978c057000-7f978c05c000 r--s 0003e000 08:06 2364953                    /usr/local/development/dev-7-7/Ignition/IgnitionWebApp/target/ignition-webapp-7.7/WEB-INF/lib/barcode4j-2.1.jar
7f978c05c000-7f978c05f000 r--s 0001c000 08:06 2364977                    /usr/local/development/dev-7-7/Ignition/IgnitionWebApp/target/ignition-webapp-7.7/WEB-INF/lib/axis-wsdl4j-1.5.1.jar
7f978c05f000-7f978c061000 r--s 00006000 08:06 2364975                    /usr/local/development/dev-7-7/Ignition/IgnitionWebApp/target/ignition-webapp-7.7/WEB-INF/lib/axis-jaxrpc-1.4.jar
7f978c061000-7f978c075000 r--s 00173000 08:06 2364974                    /usr/local/development/dev-7-7/Ignition/IgnitionWebApp/target/ignition-webapp-7.7/WEB-INF/lib/axis-1.4.jar
7f978c075000-7f978c077000 r--s 0000d000 08:06 2364954                    /usr/local/development/dev-7-7/Ignition/IgnitionWebApp/target/ignition-webapp-7.7/WEB-INF/lib/avalon-framework-impl-4.2.0.jar
7f978c077000-7f978c07f000 r--s 00049000 08:06 2364986                    /usr/local/development/dev-7-7/Ignition/IgnitionWebApp/target/ignition-webapp-7.7/WEB-INF/lib/alloy-1.4.4.ia1.jar
7f978c07f000-7f978c081000 r--s 00003000 08:06 2365007                    /usr/local/development/dev-7-7/Ignition/IgnitionWebApp/target/ignition-webapp-7.7/WEB-INF/lib/alarm-notification-gateway-api-2.7.1-20140818.191746-23.jar
7f978c081000-7f978c087000 r--s 00032000 08:06 2365006                    /usr/local/development/dev-7-7/Ignition/IgnitionWebApp/target/ignition-webapp-7.7/WEB-INF/lib/alarm-notification-gateway-2.7.1-20140818.191750-23.jar
7f978c087000-7f978c091000 r--s 00036000 08:06 2365009                    /usr/local/development/dev-7-7/Ignition/IgnitionWebApp/target/ignition-webapp-7.7/WEB-INF/lib/airlink-sms-notification-2.7.1-20140818.191803-23.jar
7f978c091000-7f978c093000 r--s 0000d000 08:06 2364982                    /usr/local/development/dev-7-7/Ignition/IgnitionWebApp/target/ignition-webapp-7.7/WEB-INF/lib/activation-ws-1.0.0.jar
7f978c093000-7f978c096000 ---p 00000000 00:00 0 
7f978c096000-7f978c194000 rw-p 00000000 00:00 0                          [stack:11842]
7f978c194000-7f978c2c4000 r-xp 00000000 08:06 15211179                   /usr/lib/x86_64-linux-gnu/libX11.so.6.3.0
7f978c2c4000-7f978c4c4000 ---p 00130000 08:06 15211179                   /usr/lib/x86_64-linux-gnu/libX11.so.6.3.0
7f978c4c4000-7f978c4c5000 r--p 00130000 08:06 15211179                   /usr/lib/x86_64-linux-gnu/libX11.so.6.3.0
7f978c4c5000-7f978c4c9000 rw-p 00131000 08:06 15211179                   /usr/lib/x86_64-linux-gnu/libX11.so.6.3.0
7f978c4c9000-7f978c4da000 r-xp 00000000 08:06 15211196                   /usr/lib/x86_64-linux-gnu/libXext.so.6.4.0
7f978c4da000-7f978c6d9000 ---p 00011000 08:06 15211196                   /usr/lib/x86_64-linux-gnu/libXext.so.6.4.0
7f978c6d9000-7f978c6da000 r--p 00010000 08:06 15211196                   /usr/lib/x86_64-linux-gnu/libXext.so.6.4.0
7f978c6da000-7f978c6db000 rw-p 00011000 08:06 15211196                   /usr/lib/x86_64-linux-gnu/libXext.so.6.4.0
7f978c6db000-7f978c6dd000 r--s 0000e000 08:06 2364967                    /usr/local/development/dev-7-7/Ignition/IgnitionWebApp/target/ignition-webapp-7.7/WEB-INF/lib/activation-1.1.jar
7f978c6dd000-7f978c6e6000 r--s 00069000 08:06 2365027                    /usr/local/development/dev-7-7/Ignition/IgnitionWebApp/target/ignition-webapp-7.7/WEB-INF/lib/ab-drivers-1.7.0-20131026.004154-8.jar
7f978c6e6000-7f978c6eb000 r--s 0003c000 08:06 2364973                    /usr/local/development/dev-7-7/Ignition/IgnitionWebApp/target/ignition-webapp-7.7/WEB-INF/lib/FastInfoset-1.0.2.jar
7f978c6eb000-7f978c6f0000 r--s 002f8000 08:06 20582247                   /usr/lib/jvm/jdk1.8.0_20/jre/lib/charsets.jar
7f978c6f0000-7f978c6f5000 r--s 0003f000 08:06 1185790                    /usr/lib/jvm/jdk1.8.0_20/jre/lib/ext/sunjce_provider.jar
7f978c6f5000-7f978c6f8000 r--s 0003a000 08:06 1185787                    /usr/lib/jvm/jdk1.8.0_20/jre/lib/ext/sunpkcs11.jar
7f978c6f8000-7f978c6fa000 r--s 0001a000 08:06 20582317                   /usr/lib/jvm/jdk1.8.0_20/jre/lib/jce.jar
7f978c6fa000-7f978c74e000 r-xp 00000000 08:06 20582307                   /usr/lib/jvm/jdk1.8.0_20/jre/lib/amd64/libawt_xawt.so
7f978c74e000-7f978c94e000 ---p 00054000 08:06 20582307                   /usr/lib/jvm/jdk1.8.0_20/jre/lib/amd64/libawt_xawt.so
7f978c94e000-7f978c952000 rw-p 00054000 08:06 20582307                   /usr/lib/jvm/jdk1.8.0_20/jre/lib/amd64/libawt_xawt.so
7f978c952000-7f978c953000 rw-p 00000000 00:00 0 
7f978c953000-7f978c9f5000 r-xp 00000000 08:06 20582293                   /usr/lib/jvm/jdk1.8.0_20/jre/lib/amd64/libawt.so
7f978c9f5000-7f978cbf5000 ---p 000a2000 08:06 20582293                   /usr/lib/jvm/jdk1.8.0_20/jre/lib/amd64/libawt.so
7f978cbf5000-7f978cc01000 rw-p 000a2000 08:06 20582293                   /usr/lib/jvm/jdk1.8.0_20/jre/lib/amd64/libawt.so
7f978cc01000-7f978ce25000 rw-p 00000000 00:00 0 
7f978ce25000-7f978ce2f000 r--s 00116000 08:06 1185789                    /usr/lib/jvm/jdk1.8.0_20/jre/lib/ext/localedata.jar
7f978ce2f000-7f978ce4b000 r--s 00393000 08:06 1185783                    /usr/lib/jvm/jdk1.8.0_20/jre/lib/ext/cldrdata.jar
7f978ce4b000-7f978ce4e000 r--s 0000f000 08:06 19532219                   /usr/local/development/dev-7-6/Ignition/Servers/apache-tomcat-6.0.36/lib/tomcat-i18n-es.jar
7f978ce4e000-7f978ce50000 r--s 0000b000 08:06 19532220                   /usr/local/development/dev-7-6/Ignition/Servers/apache-tomcat-6.0.36/lib/tomcat-i18n-fr.jar
7f978ce50000-7f978ce54000 r--s 0003a000 08:06 19532218                   /usr/local/development/dev-7-6/Ignition/Servers/apache-tomcat-6.0.36/lib/tomcat-dbcp.jar
7f978ce54000-7f978ce64000 r--s 0019c000 08:06 19532210                   /usr/local/development/dev-7-6/Ignition/Servers/apache-tomcat-6.0.36/lib/ecj-3.7.2.jar
7f978ce64000-7f978ce6b000 r--s 000c7000 08:06 19532215                   /usr/local/development/dev-7-6/Ignition/Servers/apache-tomcat-6.0.36/lib/mysql-connector-java-5.1.23-bin.jar
7f978ce6b000-7f978ce6c000 ---p 00000000 00:00 0 
7f978ce6c000-7f978cf6c000 rw-p 00000000 00:00 0                          [stack:11841]
7f978cf6c000-7f978cf6f000 ---p 00000000 00:00 0 
7f978cf6f000-7f978d06d000 rw-p 00000000 00:00 0                          [stack:11840]
7f978d06d000-7f978d070000 ---p 00000000 00:00 0 
7f978d070000-7f978d16e000 rw-p 00000000 00:00 0                          [stack:11839]
7f978d16e000-7f978d171000 ---p 00000000 00:00 0 
7f978d171000-7f978d26f000 rw-p 00000000 00:00 0                          [stack:11838]
7f978d26f000-7f978d280000 r-xp 00000000 08:06 20582303                   /usr/lib/jvm/jdk1.8.0_20/jre/lib/amd64/libnio.so
7f978d280000-7f978d47f000 ---p 00011000 08:06 20582303                   /usr/lib/jvm/jdk1.8.0_20/jre/lib/amd64/libnio.so
7f978d47f000-7f978d480000 rw-p 00010000 08:06 20582303                   /usr/lib/jvm/jdk1.8.0_20/jre/lib/amd64/libnio.so
7f978d480000-7f978d4b1000 rw-p 00000000 00:00 0 
7f978d4b1000-7f978d4c7000 r-xp 00000000 08:06 20582300                   /usr/lib/jvm/jdk1.8.0_20/jre/lib/amd64/libnet.so
7f978d4c7000-7f978d6c7000 ---p 00016000 08:06 20582300                   /usr/lib/jvm/jdk1.8.0_20/jre/lib/amd64/libnet.so
7f978d6c7000-7f978d6c8000 rw-p 00016000 08:06 20582300                   /usr/lib/jvm/jdk1.8.0_20/jre/lib/amd64/libnet.so
7f978d6c8000-7f978d6d0000 r-xp 00000000 08:06 20582308                   /usr/lib/jvm/jdk1.8.0_20/jre/lib/amd64/libmanagement.so
7f978d6d0000-7f978d8d0000 ---p 00008000 08:06 20582308                   /usr/lib/jvm/jdk1.8.0_20/jre/lib/amd64/libmanagement.so
7f978d8d0000-7f978d8d1000 rw-p 00008000 08:06 20582308                   /usr/lib/jvm/jdk1.8.0_20/jre/lib/amd64/libmanagement.so
7f978d8d1000-7f978d8d4000 ---p 00000000 00:00 0 
7f978d8d4000-7f978d9d2000 rw-p 00000000 00:00 0                          [stack:11837]
7f978d9d2000-7f978d9d5000 ---p 00000000 00:00 0 
7f978d9d5000-7f978dad3000 rw-p 00000000 00:00 0                          [stack:11836]
7f978dad3000-7f978dad6000 ---p 00000000 00:00 0 
7f978dad6000-7f978dbd4000 rw-p 00000000 00:00 0                          [stack:11835]
7f978dbd4000-7f978dbd7000 ---p 00000000 00:00 0 
7f978dbd7000-7f978dcd5000 rw-p 00000000 00:00 0                          [stack:11834]
7f978dcd5000-7f978dcd8000 ---p 00000000 00:00 0 
7f978dcd8000-7f978ddd6000 rw-p 00000000 00:00 0                          [stack:11833]
7f978ddd6000-7f978ddd9000 ---p 00000000 00:00 0 
7f978ddd9000-7f978ded7000 rw-p 00000000 00:00 0                          [stack:11832]
7f978ded7000-7f978e1a0000 r--p 00000000 08:06 15209877                   /usr/lib/locale/locale-archive
7f978e1a0000-7f978e1a3000 ---p 00000000 00:00 0 
7f978e1a3000-7f978e2a1000 rw-p 00000000 00:00 0                          [stack:11831]
7f978e2a1000-7f978e2a4000 ---p 00000000 00:00 0 
7f978e2a4000-7f978e3a2000 rw-p 00000000 00:00 0                          [stack:11830]
7f978e3a2000-7f978e3a3000 ---p 00000000 00:00 0 
7f978e3a3000-7f9790000000 rw-p 00000000 00:00 0                          [stack:11829]
7f9790000000-7f9790021000 rw-p 00000000 00:00 0 
7f9790021000-7f9794000000 ---p 00000000 00:00 0 
7f9794000000-7f9794021000 rw-p 00000000 00:00 0 
7f9794021000-7f9798000000 ---p 00000000 00:00 0 
7f9798000000-7f9798021000 rw-p 00000000 00:00 0 
7f9798021000-7f979c000000 ---p 00000000 00:00 0 
7f979c000000-7f979c021000 rw-p 00000000 00:00 0 
7f979c021000-7f97a0000000 ---p 00000000 00:00 0 
7f97a0000000-7f97a0001000 r--s 00004000 08:06 4199881                    /usr/local/development/dev-7-7/Ignition/IgnitionWebApp/target/ignition-webapp-7.7/WEB-INF/lib/bootstrap-7.7.1-SNAPSHOT-classes.jar
7f97a0001000-7f97a0011000 r--s 00120000 08:06 19532209                   /usr/local/development/dev-7-6/Ignition/Servers/apache-tomcat-6.0.36/lib/catalina.jar
7f97a0011000-7f97a0014000 r--s 0001e000 08:06 19532207                   /usr/local/development/dev-7-6/Ignition/Servers/apache-tomcat-6.0.36/lib/catalina-ha.jar
7f97a0014000-7f97a1000000 rw-p 00000000 00:00 0 
7f97a1000000-7f97a34d0000 rwxp 00000000 00:00 0 
7f97a34d0000-7f97b0000000 ---p 00000000 00:00 0 
7f97b0000000-7f97b0508000 rw-p 00000000 00:00 0 
7f97b0508000-7f97b4000000 ---p 00000000 00:00 0 
7f97b4000000-7f97b4001000 r--s 00004000 08:06 2364976                    /usr/local/development/dev-7-7/Ignition/IgnitionWebApp/target/ignition-webapp-7.7/WEB-INF/lib/axis-saaj-1.4.jar
7f97b4001000-7f97b4003000 r--s 0000c000 08:06 19532221                   /usr/local/development/dev-7-6/Ignition/Servers/apache-tomcat-6.0.36/lib/tomcat-i18n-ja.jar
7f97b4003000-7f97b4007000 r--s 00036000 08:06 19532208                   /usr/local/development/dev-7-6/Ignition/Servers/apache-tomcat-6.0.36/lib/catalina-tribes.jar
7f97b4007000-7f97b4011000 r--s 000b3000 08:06 19532217                   /usr/local/development/dev-7-6/Ignition/Servers/apache-tomcat-6.0.36/lib/tomcat-coyote.jar
7f97b4011000-7f97b4126000 rw-p 00000000 00:00 0 
7f97b4126000-7f97b42fb000 r--s 03ca3000 08:06 20582249                   /usr/lib/jvm/jdk1.8.0_20/jre/lib/rt.jar
7f97b42fb000-7f97b4371000 rw-p 00000000 00:00 0 
7f97b4371000-7f97b4372000 ---p 00000000 00:00 0 
7f97b4372000-7f97b4472000 rw-p 00000000 00:00 0                          [stack:11828]
7f97b4472000-7f97b4473000 ---p 00000000 00:00 0 
7f97b4473000-7f97b4573000 rw-p 00000000 00:00 0                          [stack:11827]
7f97b4573000-7f97b4574000 ---p 00000000 00:00 0 
7f97b4574000-7f97b4674000 rw-p 00000000 00:00 0                          [stack:11826]
7f97b4674000-7f97b4675000 ---p 00000000 00:00 0 
7f97b4675000-7f97b4775000 rw-p 00000000 00:00 0                          [stack:11825]
7f97b4775000-7f97b4776000 ---p 00000000 00:00 0 
7f97b4776000-7f97b4876000 rw-p 00000000 00:00 0                          [stack:11824]
7f97b4876000-7f97b4877000 ---p 00000000 00:00 0 
7f97b4877000-7f97b4977000 rw-p 00000000 00:00 0                          [stack:11823]
7f97b4977000-7f97b4978000 ---p 00000000 00:00 0 
7f97b4978000-7f97b4a78000 rw-p 00000000 00:00 0                          [stack:11822]
7f97b4a78000-7f97b4a79000 ---p 00000000 00:00 0 
7f97b4a79000-7f97b4bf9000 rw-p 00000000 00:00 0                          [stack:11821]
7f97b4bf9000-7f97b50ab000 ---p 00000000 00:00 0 
7f97b50ab000-7f97b512b000 rw-p 00000000 00:00 0 
7f97b512b000-7f97b55dd000 ---p 00000000 00:00 0 
7f97b55dd000-7f97b55f3000 rw-p 00000000 00:00 0 
7f97b55f3000-7f97b5876000 ---p 00000000 00:00 0 
7f97b5876000-7f97b590b000 rw-p 00000000 00:00 0 
7f97b590b000-7f97b5c37000 ---p 00000000 00:00 0 
7f97b5c37000-7f97b5c53000 r-xp 00000000 08:06 20582296                   /usr/lib/jvm/jdk1.8.0_20/jre/lib/amd64/libzip.so
7f97b5c53000-7f97b5e52000 ---p 0001c000 08:06 20582296                   /usr/lib/jvm/jdk1.8.0_20/jre/lib/amd64/libzip.so
7f97b5e52000-7f97b5e53000 rw-p 0001b000 08:06 20582296                   /usr/lib/jvm/jdk1.8.0_20/jre/lib/amd64/libzip.so
7f97b5e53000-7f97b5e5e000 r-xp 00000000 08:06 15602342                   /lib/x86_64-linux-gnu/libnss_files-2.19.so
7f97b5e5e000-7f97b605d000 ---p 0000b000 08:06 15602342                   /lib/x86_64-linux-gnu/libnss_files-2.19.so
7f97b605d000-7f97b605e000 r--p 0000a000 08:06 15602342                   /lib/x86_64-linux-gnu/libnss_files-2.19.so
7f97b605e000-7f97b605f000 rw-p 0000b000 08:06 15602342                   /lib/x86_64-linux-gnu/libnss_files-2.19.so
7f97b605f000-7f97b606a000 r-xp 00000000 08:06 15602345                   /lib/x86_64-linux-gnu/libnss_nis-2.19.so
7f97b606a000-7f97b6269000 ---p 0000b000 08:06 15602345                   /lib/x86_64-linux-gnu/libnss_nis-2.19.so
7f97b6269000-7f97b626a000 r--p 0000a000 08:06 15602345                   /lib/x86_64-linux-gnu/libnss_nis-2.19.so
7f97b626a000-7f97b626b000 rw-p 0000b000 08:06 15602345                   /lib/x86_64-linux-gnu/libnss_nis-2.19.so
7f97b626b000-7f97b6282000 r-xp 00000000 08:06 15602152                   /lib/x86_64-linux-gnu/libnsl-2.19.so
7f97b6282000-7f97b6481000 ---p 00017000 08:06 15602152                   /lib/x86_64-linux-gnu/libnsl-2.19.so
7f97b6481000-7f97b6482000 r--p 00016000 08:06 15602152                   /lib/x86_64-linux-gnu/libnsl-2.19.so
7f97b6482000-7f97b6483000 rw-p 00017000 08:06 15602152                   /lib/x86_64-linux-gnu/libnsl-2.19.so
7f97b6483000-7f97b6485000 rw-p 00000000 00:00 0 
7f97b6485000-7f97b648e000 r-xp 00000000 08:06 15601662                   /lib/x86_64-linux-gnu/libnss_compat-2.19.so
7f97b648e000-7f97b668d000 ---p 00009000 08:06 15601662                   /lib/x86_64-linux-gnu/libnss_compat-2.19.so
7f97b668d000-7f97b668e000 r--p 00008000 08:06 15601662                   /lib/x86_64-linux-gnu/libnss_compat-2.19.so
7f97b668e000-7f97b668f000 rw-p 00009000 08:06 15601662                   /lib/x86_64-linux-gnu/libnss_compat-2.19.so
7f97b668f000-7f97b66b9000 r-xp 00000000 08:06 20582291                   /usr/lib/jvm/jdk1.8.0_20/jre/lib/amd64/libjava.so
7f97b66b9000-7f97b68b9000 ---p 0002a000 08:06 20582291                   /usr/lib/jvm/jdk1.8.0_20/jre/lib/amd64/libjava.so
7f97b68b9000-7f97b68bb000 rw-p 0002a000 08:06 20582291                   /usr/lib/jvm/jdk1.8.0_20/jre/lib/amd64/libjava.so
7f97b68bb000-7f97b68c8000 r-xp 00000000 08:06 20582295                   /usr/lib/jvm/jdk1.8.0_20/jre/lib/amd64/libverify.so
7f97b68c8000-7f97b6ac8000 ---p 0000d000 08:06 20582295                   /usr/lib/jvm/jdk1.8.0_20/jre/lib/amd64/libverify.so
7f97b6ac8000-7f97b6aca000 rw-p 0000d000 08:06 20582295                   /usr/lib/jvm/jdk1.8.0_20/jre/lib/amd64/libverify.so
7f97b6aca000-7f97b6ad1000 r-xp 00000000 08:06 15602320                   /lib/x86_64-linux-gnu/librt-2.19.so
7f97b6ad1000-7f97b6cd0000 ---p 00007000 08:06 15602320                   /lib/x86_64-linux-gnu/librt-2.19.so
7f97b6cd0000-7f97b6cd1000 r--p 00006000 08:06 15602320                   /lib/x86_64-linux-gnu/librt-2.19.so
7f97b6cd1000-7f97b6cd2000 rw-p 00007000 08:06 15602320                   /lib/x86_64-linux-gnu/librt-2.19.so
7f97b6cd2000-7f97b6dd7000 r-xp 00000000 08:06 15602334                   /lib/x86_64-linux-gnu/libm-2.19.so
7f97b6dd7000-7f97b6fd6000 ---p 00105000 08:06 15602334                   /lib/x86_64-linux-gnu/libm-2.19.so
7f97b6fd6000-7f97b6fd7000 r--p 00104000 08:06 15602334                   /lib/x86_64-linux-gnu/libm-2.19.so
7f97b6fd7000-7f97b6fd8000 rw-p 00105000 08:06 15602334                   /lib/x86_64-linux-gnu/libm-2.19.so
7f97b6fd8000-7f97b7c42000 r-xp 00000000 08:06 20845908                   /usr/lib/jvm/jdk1.8.0_20/jre/lib/amd64/server/libjvm.so
7f97b7c42000-7f97b7e42000 ---p 00c6a000 08:06 20845908                   /usr/lib/jvm/jdk1.8.0_20/jre/lib/amd64/server/libjvm.so
7f97b7e42000-7f97b7f18000 rw-p 00c6a000 08:06 20845908                   /usr/lib/jvm/jdk1.8.0_20/jre/lib/amd64/server/libjvm.so
7f97b7f18000-7f97b7f5a000 rw-p 00000000 00:00 0 
7f97b7f5a000-7f97b8115000 r-xp 00000000 08:06 15602328                   /lib/x86_64-linux-gnu/libc-2.19.so
7f97b8115000-7f97b8315000 ---p 001bb000 08:06 15602328                   /lib/x86_64-linux-gnu/libc-2.19.so
7f97b8315000-7f97b8319000 r--p 001bb000 08:06 15602328                   /lib/x86_64-linux-gnu/libc-2.19.so
7f97b8319000-7f97b831b000 rw-p 001bf000 08:06 15602328                   /lib/x86_64-linux-gnu/libc-2.19.so
7f97b831b000-7f97b8320000 rw-p 00000000 00:00 0 
7f97b8320000-7f97b8323000 r-xp 00000000 08:06 15602352                   /lib/x86_64-linux-gnu/libdl-2.19.so
7f97b8323000-7f97b8522000 ---p 00003000 08:06 15602352                   /lib/x86_64-linux-gnu/libdl-2.19.so
7f97b8522000-7f97b8523000 r--p 00002000 08:06 15602352                   /lib/x86_64-linux-gnu/libdl-2.19.so
7f97b8523000-7f97b8524000 rw-p 00003000 08:06 15602352                   /lib/x86_64-linux-gnu/libdl-2.19.so
7f97b8524000-7f97b853b000 r-xp 00000000 08:06 20061287                   /usr/lib/jvm/jdk1.8.0_20/lib/amd64/jli/libjli.so
7f97b853b000-7f97b873a000 ---p 00017000 08:06 20061287                   /usr/lib/jvm/jdk1.8.0_20/lib/amd64/jli/libjli.so
7f97b873a000-7f97b873b000 rw-p 00016000 08:06 20061287                   /usr/lib/jvm/jdk1.8.0_20/lib/amd64/jli/libjli.so
7f97b873b000-7f97b8754000 r-xp 00000000 08:06 15602353                   /lib/x86_64-linux-gnu/libpthread-2.19.so
7f97b8754000-7f97b8953000 ---p 00019000 08:06 15602353                   /lib/x86_64-linux-gnu/libpthread-2.19.so
7f97b8953000-7f97b8954000 r--p 00018000 08:06 15602353                   /lib/x86_64-linux-gnu/libpthread-2.19.so
7f97b8954000-7f97b8955000 rw-p 00019000 08:06 15602353                   /lib/x86_64-linux-gnu/libpthread-2.19.so
7f97b8955000-7f97b8959000 rw-p 00000000 00:00 0 
7f97b8959000-7f97b897c000 r-xp 00000000 08:06 15602330                   /lib/x86_64-linux-gnu/ld-2.19.so
7f97b897c000-7f97b897d000 r--s 00004000 08:06 2365008                    /usr/local/development/dev-7-7/Ignition/IgnitionWebApp/target/ignition-webapp-7.7/WEB-INF/lib/alarm-notification-common-2.7.1-20140818.191733-23.jar
7f97b897d000-7f97b8984000 r--s 0007a000 08:06 19532213                   /usr/local/development/dev-7-6/Ignition/Servers/apache-tomcat-6.0.36/lib/jasper.jar
7f97b8984000-7f97b8a55000 rw-p 00000000 00:00 0 
7f97b8a55000-7f97b8a58000 ---p 00000000 00:00 0 
7f97b8a58000-7f97b8b5a000 rw-p 00000000 00:00 0                          [stack:11820]
7f97b8b5a000-7f97b8b5b000 r--s 00009000 08:06 1185781                    /usr/lib/jvm/jdk1.8.0_20/jre/lib/ext/sunec.jar
7f97b8b5b000-7f97b8b5d000 r--s 00011000 08:06 19532214                   /usr/local/development/dev-7-6/Ignition/Servers/apache-tomcat-6.0.36/lib/jsp-api.jar
7f97b8b5d000-7f97b8b5f000 r--s 00014000 08:06 19532216                   /usr/local/development/dev-7-6/Ignition/Servers/apache-tomcat-6.0.36/lib/servlet-api.jar
7f97b8b5f000-7f97b8b61000 r--s 0000c000 08:06 19532206                   /usr/local/development/dev-7-6/Ignition/Servers/apache-tomcat-6.0.36/lib/catalina-ant.jar
7f97b8b61000-7f97b8b63000 r--s 00007000 08:06 19532211                   /usr/local/development/dev-7-6/Ignition/Servers/apache-tomcat-6.0.36/lib/el-api.jar
7f97b8b63000-7f97b8b64000 r--s 00003000 08:06 19532205                   /usr/local/development/dev-7-6/Ignition/Servers/apache-tomcat-6.0.36/lib/annotations-api.jar
7f97b8b64000-7f97b8b67000 r--s 00019000 08:06 19532212                   /usr/local/development/dev-7-6/Ignition/Servers/apache-tomcat-6.0.36/lib/jasper-el.jar
7f97b8b67000-7f97b8b6c000 r--s 00092000 08:06 20582254                   /usr/lib/jvm/jdk1.8.0_20/jre/lib/jsse.jar
7f97b8b6c000-7f97b8b6d000 r--s 00007000 08:06 19533431                   /usr/local/development/dev-7-6/Ignition/Servers/apache-tomcat-6.0.36/bin/tomcat-juli.jar
7f97b8b6d000-7f97b8b6e000 r--s 00005000 08:06 19533430                   /usr/local/development/dev-7-6/Ignition/Servers/apache-tomcat-6.0.36/bin/commons-daemon.jar
7f97b8b6e000-7f97b8b6f000 r--s 00005000 08:06 19533429                   /usr/local/development/dev-7-6/Ignition/Servers/apache-tomcat-6.0.36/bin/bootstrap.jar
7f97b8b6f000-7f97b8b77000 rw-s 00000000 08:06 6164366                    /tmp/hsperfdata_mattg/11815
7f97b8b77000-7f97b8b78000 rw-p 00000000 00:00 0 
7f97b8b78000-7f97b8b79000 r--p 00000000 00:00 0 
7f97b8b79000-7f97b8b7b000 rw-p 00000000 00:00 0 
7f97b8b7b000-7f97b8b7c000 r--p 00022000 08:06 15602330                   /lib/x86_64-linux-gnu/ld-2.19.so
7f97b8b7c000-7f97b8b7d000 rw-p 00023000 08:06 15602330                   /lib/x86_64-linux-gnu/ld-2.19.so
7f97b8b7d000-7f97b8b7e000 rw-p 00000000 00:00 0 
7fff9f9be000-7fff9f9df000 rw-p 00000000 00:00 0                          [stack]
7fff9f9fe000-7fff9fa00000 r-xp 00000000 00:00 0                          [vdso]
ffffffffff600000-ffffffffff601000 r-xp 00000000 00:00 0                  [vsyscall]

VM Arguments:
jvm_args: -Djava.util.logging.config.file=/home/mattg/.IntelliJIdea13/system/tomcat/Unnamed_77-Ignition/conf/logging.properties -Dcom.sun.management.jmxremote= -Dcom.sun.management.jmxremote.port=1099 -Dcom.sun.management.jmxremote.ssl=false -Dcom.sun.management.jmxremote.authenticate=false -Djava.rmi.server.hostname=127.0.0.1 -Djava.util.logging.manager=org.apache.juli.ClassLoaderLogManager -Djava.endorsed.dirs=/usr/local/development/dev-7-6/Ignition/Servers/apache-tomcat-6.0.36/endorsed -Dcatalina.base=/home/mattg/.IntelliJIdea13/system/tomcat/Unnamed_77-Ignition -Dcatalina.home=/usr/local/development/dev-7-6/Ignition/Servers/apache-tomcat-6.0.36 -Djava.io.tmpdir=/usr/local/development/dev-7-6/Ignition/Servers/apache-tomcat-6.0.36/temp 
java_command: org.apache.catalina.startup.Bootstrap start
java_class_path (initial): /usr/local/development/dev-7-6/Ignition/Servers/apache-tomcat-6.0.36/bin/bootstrap.jar
Launcher Type: SUN_STANDARD

Environment Variables:
JAVA_HOME=/usr/lib/jvm/jdk1.8.0_20
CLASSPATH=/usr/local/development/dev-7-6/Ignition/Servers/apache-tomcat-6.0.36/bin/bootstrap.jar
PATH=/usr/local/sbin:/usr/local/bin:/usr/sbin:/usr/bin:/sbin:/bin:/usr/games:/usr/local/games:/usr/local/development/gradle-1.12/bin
USERNAME=mattg
LD_LIBRARY_PATH=/usr/local/development/idea-IU-135.909/bin:
SHELL=/bin/bash
DISPLAY=:0

Signal Handlers:
SIGSEGV: [libjvm.so+0xa76cd0], sa_mask[0]=11111111011111111101111111111110, sa_flags=SA_RESTART|SA_SIGINFO
SIGBUS: [libjvm.so+0xa76cd0], sa_mask[0]=11111111011111111101111111111110, sa_flags=SA_RESTART|SA_SIGINFO
SIGFPE: [libjvm.so+0x8e0d80], sa_mask[0]=11111111011111111101111111111110, sa_flags=SA_RESTART|SA_SIGINFO
SIGPIPE: [libjvm.so+0x8e0d80], sa_mask[0]=11111111011111111101111111111110, sa_flags=SA_RESTART|SA_SIGINFO
SIGXFSZ: [libjvm.so+0x8e0d80], sa_mask[0]=11111111011111111101111111111110, sa_flags=SA_RESTART|SA_SIGINFO
SIGILL: [libjvm.so+0x8e0d80], sa_mask[0]=11111111011111111101111111111110, sa_flags=SA_RESTART|SA_SIGINFO
SIGUSR1: SIG_DFL, sa_mask[0]=00000000000000000000000000000000, sa_flags=none
SIGUSR2: [libjvm.so+0x8e25b0], sa_mask[0]=00100000000000000000000000000000, sa_flags=SA_RESTART|SA_SIGINFO
SIGHUP: [libjvm.so+0x8e3970], sa_mask[0]=11111111011111111101111111111110, sa_flags=SA_RESTART|SA_SIGINFO
SIGINT: [libjvm.so+0x8e3970], sa_mask[0]=11111111011111111101111111111110, sa_flags=SA_RESTART|SA_SIGINFO
SIGTERM: [libjvm.so+0x8e3970], sa_mask[0]=11111111011111111101111111111110, sa_flags=SA_RESTART|SA_SIGINFO
SIGQUIT: [libjvm.so+0x8e3970], sa_mask[0]=11111111011111111101111111111110, sa_flags=SA_RESTART|SA_SIGINFO


---------------  S Y S T E M  ---------------

OS:DISTRIB_ID=LinuxMint
DISTRIB_RELEASE=17
DISTRIB_CODENAME=qiana
DISTRIB_DESCRIPTION="Linux Mint 17 Qiana"

uname:Linux 3.13.0-24-generic #46-Ubuntu SMP Thu Apr 10 19:11:08 UTC 2014 x86_64
libc:glibc 2.19 NPTL 2.19 
rlimit: STACK 8192k, CORE 0k, NPROC 127375, NOFILE 4096, AS infinity
load average:0.38 0.35 0.38

/proc/meminfo:
MemTotal:       16335088 kB
MemFree:         6071960 kB
Buffers:          405808 kB
Cached:          5377580 kB
SwapCached:            0 kB
Active:          6651472 kB
Inactive:        3023544 kB
Active(anon):    3898704 kB
Inactive(anon):   588548 kB
Active(file):    2752768 kB
Inactive(file):  2434996 kB
Unevictable:        1136 kB
Mlocked:            1136 kB
SwapTotal:      16676860 kB
SwapFree:       16676860 kB
Dirty:              6096 kB
Writeback:             0 kB
AnonPages:       3892812 kB
Mapped:           455672 kB
Shmem:            595628 kB
Slab:             386076 kB
SReclaimable:     333832 kB
SUnreclaim:        52244 kB
KernelStack:        6112 kB
PageTables:        48020 kB
NFS_Unstable:          0 kB
Bounce:                0 kB
WritebackTmp:          0 kB
CommitLimit:    24844404 kB
Committed_AS:    8009928 kB
VmallocTotal:   34359738367 kB
VmallocUsed:      444916 kB
VmallocChunk:   34359289612 kB
HardwareCorrupted:     0 kB
AnonHugePages:   2652160 kB
HugePages_Total:       0
HugePages_Free:        0
HugePages_Rsvd:        0
HugePages_Surp:        0
Hugepagesize:       2048 kB
DirectMap4k:       87496 kB
DirectMap2M:     2959360 kB
DirectMap1G:    13631488 kB


CPU:total 8 (4 cores per cpu, 2 threads per core) family 6 model 60 stepping 3, cmov, cx8, fxsr, mmx, sse, sse2, sse3, ssse3, sse4.1, sse4.2, popcnt, avx, avx2, aes, clmul, erms, lzcnt, ht, tsc, tscinvbit, bmi1, bmi2

/proc/cpuinfo:
processor	: 0
vendor_id	: GenuineIntel
cpu family	: 6
model		: 60
model name	: Intel(R) Core(TM) i7-4702HQ CPU @ 2.20GHz
stepping	: 3
microcode	: 0x17
cpu MHz		: 1800.000
cache size	: 6144 KB
physical id	: 0
siblings	: 8
core id		: 0
cpu cores	: 4
apicid		: 0
initial apicid	: 0
fpu		: yes
fpu_exception	: yes
cpuid level	: 13
wp		: yes
flags		: fpu vme de pse tsc msr pae mce cx8 apic sep mtrr pge mca cmov pat pse36 clflush dts acpi mmx fxsr sse sse2 ss ht tm pbe syscall nx pdpe1gb rdtscp lm constant_tsc arch_perfmon pebs bts rep_good nopl xtopology nonstop_tsc aperfmperf eagerfpu pni pclmulqdq dtes64 monitor ds_cpl vmx est tm2 ssse3 fma cx16 xtpr pdcm pcid sse4_1 sse4_2 x2apic movbe popcnt tsc_deadline_timer aes xsave avx f16c rdrand lahf_lm abm ida arat epb xsaveopt pln pts dtherm tpr_shadow vnmi flexpriority ept vpid fsgsbase tsc_adjust bmi1 avx2 smep bmi2 erms invpcid
bogomips	: 4390.17
clflush size	: 64
cache_alignment	: 64
address sizes	: 39 bits physical, 48 bits virtual
power management:

processor	: 1
vendor_id	: GenuineIntel
cpu family	: 6
model		: 60
model name	: Intel(R) Core(TM) i7-4702HQ CPU @ 2.20GHz
stepping	: 3
microcode	: 0x17
cpu MHz		: 2201.000
cache size	: 6144 KB
physical id	: 0
siblings	: 8
core id		: 1
cpu cores	: 4
apicid		: 2
initial apicid	: 2
fpu		: yes
fpu_exception	: yes
cpuid level	: 13
wp		: yes
flags		: fpu vme de pse tsc msr pae mce cx8 apic sep mtrr pge mca cmov pat pse36 clflush dts acpi mmx fxsr sse sse2 ss ht tm pbe syscall nx pdpe1gb rdtscp lm constant_tsc arch_perfmon pebs bts rep_good nopl xtopology nonstop_tsc aperfmperf eagerfpu pni pclmulqdq dtes64 monitor ds_cpl vmx est tm2 ssse3 fma cx16 xtpr pdcm pcid sse4_1 sse4_2 x2apic movbe popcnt tsc_deadline_timer aes xsave avx f16c rdrand lahf_lm abm ida arat epb xsaveopt pln pts dtherm tpr_shadow vnmi flexpriority ept vpid fsgsbase tsc_adjust bmi1 avx2 smep bmi2 erms invpcid
bogomips	: 4390.17
clflush size	: 64
cache_alignment	: 64
address sizes	: 39 bits physical, 48 bits virtual
power management:

processor	: 2
vendor_id	: GenuineIntel
cpu family	: 6
model		: 60
model name	: Intel(R) Core(TM) i7-4702HQ CPU @ 2.20GHz
stepping	: 3
microcode	: 0x17
cpu MHz		: 800.000
cache size	: 6144 KB
physical id	: 0
siblings	: 8
core id		: 2
cpu cores	: 4
apicid		: 4
initial apicid	: 4
fpu		: yes
fpu_exception	: yes
cpuid level	: 13
wp		: yes
flags		: fpu vme de pse tsc msr pae mce cx8 apic sep mtrr pge mca cmov pat pse36 clflush dts acpi mmx fxsr sse sse2 ss ht tm pbe syscall nx pdpe1gb rdtscp lm constant_tsc arch_perfmon pebs bts rep_good nopl xtopology nonstop_tsc aperfmperf eagerfpu pni pclmulqdq dtes64 monitor ds_cpl vmx est tm2 ssse3 fma cx16 xtpr pdcm pcid sse4_1 sse4_2 x2apic movbe popcnt tsc_deadline_timer aes xsave avx f16c rdrand lahf_lm abm ida arat epb xsaveopt pln pts dtherm tpr_shadow vnmi flexpriority ept vpid fsgsbase tsc_adjust bmi1 avx2 smep bmi2 erms invpcid
bogomips	: 4390.17
clflush size	: 64
cache_alignment	: 64
address sizes	: 39 bits physical, 48 bits virtual
power management:

processor	: 3
vendor_id	: GenuineIntel
cpu family	: 6
model		: 60
model name	: Intel(R) Core(TM) i7-4702HQ CPU @ 2.20GHz
stepping	: 3
microcode	: 0x17
cpu MHz		: 800.000
cache size	: 6144 KB
physical id	: 0
siblings	: 8
core id		: 3
cpu cores	: 4
apicid		: 6
initial apicid	: 6
fpu		: yes
fpu_exception	: yes
cpuid level	: 13
wp		: yes
flags		: fpu vme de pse tsc msr pae mce cx8 apic sep mtrr pge mca cmov pat pse36 clflush dts acpi mmx fxsr sse sse2 ss ht tm pbe syscall nx pdpe1gb rdtscp lm constant_tsc arch_perfmon pebs bts rep_good nopl xtopology nonstop_tsc aperfmperf eagerfpu pni pclmulqdq dtes64 monitor ds_cpl vmx est tm2 ssse3 fma cx16 xtpr pdcm pcid sse4_1 sse4_2 x2apic movbe popcnt tsc_deadline_timer aes xsave avx f16c rdrand lahf_lm abm ida arat epb xsaveopt pln pts dtherm tpr_shadow vnmi flexpriority ept vpid fsgsbase tsc_adjust bmi1 avx2 smep bmi2 erms invpcid
bogomips	: 4390.17
clflush size	: 64
cache_alignment	: 64
address sizes	: 39 bits physical, 48 bits virtual
power management:

processor	: 4
vendor_id	: GenuineIntel
cpu family	: 6
model		: 60
model name	: Intel(R) Core(TM) i7-4702HQ CPU @ 2.20GHz
stepping	: 3
microcode	: 0x17
cpu MHz		: 800.000
cache size	: 6144 KB
physical id	: 0
siblings	: 8
core id		: 0
cpu cores	: 4
apicid		: 1
initial apicid	: 1
fpu		: yes
fpu_exception	: yes
cpuid level	: 13
wp		: yes
flags		: fpu vme de pse tsc msr pae mce cx8 apic sep mtrr pge mca cmov pat pse36 clflush dts acpi mmx fxsr sse sse2 ss ht tm pbe syscall nx pdpe1gb rdtscp lm constant_tsc arch_perfmon pebs bts rep_good nopl xtopology nonstop_tsc aperfmperf eagerfpu pni pclmulqdq dtes64 monitor ds_cpl vmx est tm2 ssse3 fma cx16 xtpr pdcm pcid sse4_1 sse4_2 x2apic movbe popcnt tsc_deadline_timer aes xsave avx f16c rdrand lahf_lm abm ida arat epb xsaveopt pln pts dtherm tpr_shadow vnmi flexpriority ept vpid fsgsbase tsc_adjust bmi1 avx2 smep bmi2 erms invpcid
bogomips	: 4390.17
clflush size	: 64
cache_alignment	: 64
address sizes	: 39 bits physical, 48 bits virtual
power management:

processor	: 5
vendor_id	: GenuineIntel
cpu family	: 6
model		: 60
model name	: Intel(R) Core(TM) i7-4702HQ CPU @ 2.20GHz
stepping	: 3
microcode	: 0x17
cpu MHz		: 800.000
cache size	: 6144 KB
physical id	: 0
siblings	: 8
core id		: 1
cpu cores	: 4
apicid		: 3
initial apicid	: 3
fpu		: yes
fpu_exception	: yes
cpuid level	: 13
wp		: yes
flags		: fpu vme de pse tsc msr pae mce cx8 apic sep mtrr pge mca cmov pat pse36 clflush dts acpi mmx fxsr sse sse2 ss ht tm pbe syscall nx pdpe1gb rdtscp lm constant_tsc arch_perfmon pebs bts rep_good nopl xtopology nonstop_tsc aperfmperf eagerfpu pni pclmulqdq dtes64 monitor ds_cpl vmx est tm2 ssse3 fma cx16 xtpr pdcm pcid sse4_1 sse4_2 x2apic movbe popcnt tsc_deadline_timer aes xsave avx f16c rdrand lahf_lm abm ida arat epb xsaveopt pln pts dtherm tpr_shadow vnmi flexpriority ept vpid fsgsbase tsc_adjust bmi1 avx2 smep bmi2 erms invpcid
bogomips	: 4390.17
clflush size	: 64
cache_alignment	: 64
address sizes	: 39 bits physical, 48 bits virtual
power management:

processor	: 6
vendor_id	: GenuineIntel
cpu family	: 6
model		: 60
model name	: Intel(R) Core(TM) i7-4702HQ CPU @ 2.20GHz
stepping	: 3
microcode	: 0x17
cpu MHz		: 1100.000
cache size	: 6144 KB
physical id	: 0
siblings	: 8
core id		: 2
cpu cores	: 4
apicid		: 5
initial apicid	: 5
fpu		: yes
fpu_exception	: yes
cpuid level	: 13
wp		: yes
flags		: fpu vme de pse tsc msr pae mce cx8 apic sep mtrr pge mca cmov pat pse36 clflush dts acpi mmx fxsr sse sse2 ss ht tm pbe syscall nx pdpe1gb rdtscp lm constant_tsc arch_perfmon pebs bts rep_good nopl xtopology nonstop_tsc aperfmperf eagerfpu pni pclmulqdq dtes64 monitor ds_cpl vmx est tm2 ssse3 fma cx16 xtpr pdcm pcid sse4_1 sse4_2 x2apic movbe popcnt tsc_deadline_timer aes xsave avx f16c rdrand lahf_lm abm ida arat epb xsaveopt pln pts dtherm tpr_shadow vnmi flexpriority ept vpid fsgsbase tsc_adjust bmi1 avx2 smep bmi2 erms invpcid
bogomips	: 4390.17
clflush size	: 64
cache_alignment	: 64
address sizes	: 39 bits physical, 48 bits virtual
power management:

processor	: 7
vendor_id	: GenuineIntel
cpu family	: 6
model		: 60
model name	: Intel(R) Core(TM) i7-4702HQ CPU @ 2.20GHz
stepping	: 3
microcode	: 0x17
cpu MHz		: 800.000
cache size	: 6144 KB
physical id	: 0
siblings	: 8
core id		: 3
cpu cores	: 4
apicid		: 7
initial apicid	: 7
fpu		: yes
fpu_exception	: yes
cpuid level	: 13
wp		: yes
flags		: fpu vme de pse tsc msr pae mce cx8 apic sep mtrr pge mca cmov pat pse36 clflush dts acpi mmx fxsr sse sse2 ss ht tm pbe syscall nx pdpe1gb rdtscp lm constant_tsc arch_perfmon pebs bts rep_good nopl xtopology nonstop_tsc aperfmperf eagerfpu pni pclmulqdq dtes64 monitor ds_cpl vmx est tm2 ssse3 fma cx16 xtpr pdcm pcid sse4_1 sse4_2 x2apic movbe popcnt tsc_deadline_timer aes xsave avx f16c rdrand lahf_lm abm ida arat epb xsaveopt pln pts dtherm tpr_shadow vnmi flexpriority ept vpid fsgsbase tsc_adjust bmi1 avx2 smep bmi2 erms invpcid
bogomips	: 4390.17
clflush size	: 64
cache_alignment	: 64
address sizes	: 39 bits physical, 48 bits virtual
power management:



Memory: 4k page, physical 16335088k(6071960k free), swap 16676860k(16676860k free)

vm_info: Java HotSpot(TM) 64-Bit Server VM (25.20-b17) for linux-amd64 JRE (1.8.0_20-ea-b17), built on Jun  4 2014 00:04:06 by "java_re" with gcc 4.3.0 20080428 (Red Hat 4.3.0-8)

time: Thu Sep 25 17:05:42 2014
elapsed time: 20997 seconds (0d 5h 49m 57s)

