#
# A fatal error has been detected by the Java Runtime Environment:
#
#  SIGSEGV (0xb) at pc=0x00007f87705c8f7e, pid=7830, tid=140219684468480
#
# JRE version: Java(TM) SE Runtime Environment (8.0_20-b17) (build 1.8.0_20-ea-b17)
# Java VM: Java HotSpot(TM) 64-Bit Server VM (25.20-b17 mixed mode linux-amd64 compressed oops)
# Problematic frame:
# C  [ld-linux-x86-64.so.2+0x9f7e]
#
# Failed to write core dump. Core dumps have been disabled. To enable core dumping, try "ulimit -c unlimited" before starting Java again
#
# If you would like to submit a bug report, please visit:
#   http://bugreport.sun.com/bugreport/crash.jsp
# The crash happened outside the Java Virtual Machine in native code.
# See problematic frame for where to report the bug.
#

---------------  T H R E A D  ---------------

Current thread (0x00007f876800d000):  JavaThread "main" [_thread_in_native, id=7835, stack(0x00007f87706bb000,0x00007f87707bc000)]

siginfo: si_signo: 11 (SIGSEGV), si_code: 1 (SEGV_MAPERR), si_addr: 0x0000000000000068

Registers:
RAX=0x0000000000000040, RBX=0x000000004c8d3d65, RCX=0x0000000000000025, RDX=0x00000000000003f3
RSP=0x00007f87707b8a50, RBP=0x0000000000000002, RSI=0x00007f876fbc3d28, RDI=0x00007f87707bf9e8
R8 =0x00000000013234f5, R9 =0x00007f87707b8a90, R10=0x0000000006020400, R11=0x00007f87707b8b90
R12=0x0000000000000003, R13=0x00007f86a0225c30, R14=0x0000000000000000, R15=0x0000000000000025
RIP=0x00007f87705c8f7e, EFLAGS=0x0000000000010202, CSGSFS=0x0000000000000033, ERR=0x0000000000000004
  TRAPNO=0x000000000000000e

Top of Stack: (sp=0x00007f87707b8a50)
0x00007f87707b8a50:   00007f87707b8bc0 00007f876f2a0f75
0x00007f87707b8a60:   00007f8700000002 00007f87707b8ba0
0x00007f87707b8a70:   00007f87707b8c30 00007f87707b8e00
0x00007f87707b8a80:   00007f8759046960 01007f870000000c
0x00007f87707b8a90:   0000000000000000 0000000000000000
0x00007f87707b8aa0:   00007f87707bf9e8 00007f876845b390
0x00007f87707b8ab0:   00007f876fbd0d78 0000000000000000
0x00007f87707b8ac0:   0000000200000000 0000000000000000
0x00007f87707b8ad0:   00007f876800d000 00007f87707b8c80
0x00007f87707b8ae0:   00007f87707b8c30 0000000000000000
0x00007f87707b8af0:   0000000000000000 00007f86a0226098
0x00007f87707b8b00:   00007f86a0225d10 00007f87705c9991
0x00007f87707b8b10:   0000000000000000 0000000000000000
0x00007f87707b8b20:   0000003600000002 0000000000000000
0x00007f87707b8b30:   00007f8700000000 00007f86a0225d10
0x00007f87707b8b40:   00000007c0008600 00007f876800d000
0x00007f87707b8b50:   00007f87707b8bc0 00007f876f3f7447
0x00007f87707b8b60:   00007f873f804440 00007f86a0226098
0x00007f87707b8b70:   00007f87707b8ba0 00007f87707b8b90
0x00007f87707b8b80:   000000004c8d3d65 00007f876845b390
0x00007f87707b8b90:   00000000ffffffff 00007f876800a5d0
0x00007f87707b8ba0:   0000000000000000 0000000000000000
0x00007f87707b8bb0:   00007f876800a470 00007f876800d000
0x00007f87707b8bc0:   00007f87707b8d50 00007f876f2e7467
0x00007f87707b8bd0:   000000b1707b9938 00007f87707b93a0
0x00007f87707b8be0:   00007f87707b8c30 00007f87707b8cb0
0x00007f87707b8bf0:   00007f87707b8d80 00007f87707b8e00
0x00007f87707b8c00:   00007f876800d1e8 00000000008a64b0
0x00007f87707b8c10:   00007f87707e1cc0 00007f876845b390
0x00007f87707b8c20:   0000000000000000 00007f86a0225d10
0x00007f87707b8c30:   00007f87707b8d10 00007f876fcf6f56
0x00007f87707b8c40:   0000000600000002 0000000000000000 

Instructions: (pc=0x00007f87705c8f7e)
0x00007f87705c8f5e:   06 41 83 e7 3f 0f 1f 44 00 00 49 8b 44 ed 00 c7
0x00007f87705c8f6e:   44 24 70 00 00 00 00 48 c7 44 24 40 00 00 00 00
0x00007f87705c8f7e:   48 8b 78 28 4c 39 f7 48 89 7c 24 50 0f 84 f0 00
0x00007f87705c8f8e:   00 00 f6 44 24 7c 02 74 0d f6 87 14 03 00 00 03 

Register to memory mapping:

RAX=0x0000000000000040 is an unknown value
RBX=0x000000004c8d3d65 is an unknown value
RCX=0x0000000000000025 is an unknown value
RDX=0x00000000000003f3 is an unknown value
RSP=0x00007f87707b8a50 is pointing into the stack for thread: 0x00007f876800d000
RBP=0x0000000000000002 is an unknown value
RSI=0x00007f876fbc3d28: <offset 0x3d28> in /lib/x86_64-linux-gnu/libc.so.6 at 0x00007f876fbc0000
RDI=0x00007f87707bf9e8 is an unknown value
R8 =0x00000000013234f5 is an unknown value
R9 =0x00007f87707b8a90 is pointing into the stack for thread: 0x00007f876800d000
R10=0x0000000006020400 is an unknown value
R11=0x00007f87707b8b90 is pointing into the stack for thread: 0x00007f876800d000
R12=0x0000000000000003 is an unknown value
R13=0x00007f86a0225c30 is an unknown value
R14=0x0000000000000000 is an unknown value
R15=0x0000000000000025 is an unknown value


Stack: [0x00007f87706bb000,0x00007f87707bc000],  sp=0x00007f87707b8a50,  free space=1014k
Native frames: (J=compiled Java code, j=interpreted, Vv=VM code, C=native code)
C  [ld-linux-x86-64.so.2+0x9f7e]

Java frames: (J=compiled Java code, j=interpreted, Vv=VM code)
j  java.lang.ClassLoader$NativeLibrary.unload(Ljava/lang/String;Z)V+0
j  java.lang.ClassLoader$NativeLibrary.finalize()V+87
v  ~StubRoutines::call_stub
J 1118  sun.reflect.NativeMethodAccessorImpl.invoke0(Ljava/lang/reflect/Method;Ljava/lang/Object;[Ljava/lang/Object;)Ljava/lang/Object; (0 bytes) @ 0x00007f8759434df7 [0x00007f8759434d80+0x77]
J 1117 C1 sun.reflect.NativeMethodAccessorImpl.invoke(Ljava/lang/Object;[Ljava/lang/Object;)Ljava/lang/Object; (104 bytes) @ 0x00007f875943710c [0x00007f8759435f00+0x120c]
J 5954 C2 java.lang.reflect.Method.invoke(Ljava/lang/Object;[Ljava/lang/Object;)Ljava/lang/Object; (62 bytes) @ 0x00007f875a319020 [0x00007f875a318f60+0xc0]
j  com.inductiveautomation.ignition.gateway.bootstrap.SRFilter.destroy()V+89
j  org.apache.catalina.core.ApplicationFilterConfig.release()V+61
j  org.apache.catalina.core.StandardContext.filterStop()Z+124
j  org.apache.catalina.core.StandardContext.stop()V+142
j  org.apache.catalina.core.ContainerBase.removeChild(Lorg/apache/catalina/Container;)V+90
j  org.apache.catalina.startup.HostConfig.undeployApps()V+77
j  org.apache.catalina.startup.HostConfig.stop()V+28
j  org.apache.catalina.startup.HostConfig.lifecycleEvent(Lorg/apache/catalina/LifecycleEvent;)V+151
j  org.apache.catalina.util.LifecycleSupport.fireLifecycleEvent(Ljava/lang/String;Ljava/lang/Object;)V+178
j  org.apache.catalina.core.ContainerBase.stop()V+60
j  org.apache.catalina.core.ContainerBase.stop()V+118
j  org.apache.catalina.core.StandardEngine.stop()V+1
j  org.apache.catalina.core.StandardService.stop()V+177
j  org.apache.catalina.core.StandardServer.stop()V+65
j  org.apache.catalina.startup.Catalina.stop()V+58
j  org.apache.catalina.startup.Catalina.start()V+198
v  ~StubRoutines::call_stub
j  sun.reflect.NativeMethodAccessorImpl.invoke0(Ljava/lang/reflect/Method;Ljava/lang/Object;[Ljava/lang/Object;)Ljava/lang/Object;+0
j  sun.reflect.NativeMethodAccessorImpl.invoke(Ljava/lang/Object;[Ljava/lang/Object;)Ljava/lang/Object;+100
J 504 C1 sun.reflect.DelegatingMethodAccessorImpl.invoke(Ljava/lang/Object;[Ljava/lang/Object;)Ljava/lang/Object; (10 bytes) @ 0x00007f87592252ec [0x00007f87592251c0+0x12c]
J 503 C1 java.lang.reflect.Method.invoke(Ljava/lang/Object;[Ljava/lang/Object;)Ljava/lang/Object; (62 bytes) @ 0x00007f8759228444 [0x00007f8759228020+0x424]
j  org.apache.catalina.startup.Bootstrap.start()V+37
j  org.apache.catalina.startup.Bootstrap.main([Ljava/lang/String;)V+131
v  ~StubRoutines::call_stub

---------------  P R O C E S S  ---------------

Java Threads: ( => current thread )
  0x00007f87680b7800 JavaThread "pool-1-thread-3" [_thread_blocked, id=7973, stack(0x00007f86a5a77000,0x00007f86a5b78000)]
  0x00007f87680c2800 JavaThread "Thread-22" daemon [_thread_blocked, id=7972, stack(0x00007f86a4045000,0x00007f86a4146000)]
  0x00007f86d4001800 JavaThread "http-8088-2" daemon [_thread_blocked, id=7970, stack(0x00007f873d2ff000,0x00007f873d400000)]
  0x00007f86d4004800 JavaThread "http-8088-1" daemon [_thread_blocked, id=7923, stack(0x00007f86a4447000,0x00007f86a4548000)]
  0x00007f86a0ac7800 JavaThread "ClockDriftDetector" daemon [_thread_blocked, id=7922, stack(0x00007f86a4f6c000,0x00007f86a506d000)]
  0x00007f86a0ac5000 JavaThread "PyLib_ScriptWatcher" daemon [_thread_blocked, id=7921, stack(0x00007f86a506d000,0x00007f86a516e000)]
  0x00007f86a0aa0800 JavaThread "PyFile_ChangeNotifier" daemon [_thread_blocked, id=7920, stack(0x00007f86a516e000,0x00007f86a526f000)]
  0x00007f86a0a9e800 JavaThread "Thread-17" daemon [_thread_in_native, id=7919, stack(0x00007f86a526f000,0x00007f86a5370000)]
  0x00007f8654008800 JavaThread "pool-2-thread-3" [_thread_blocked, id=7918, stack(0x00007f86a5370000,0x00007f86a5471000)]
  0x00007f865c011000 JavaThread "pool-1-thread-2" [_thread_blocked, id=7917, stack(0x00007f86a5471000,0x00007f86a5572000)]
  0x00007f8654007000 JavaThread "pool-2-thread-2" [_thread_blocked, id=7916, stack(0x00007f86a5572000,0x00007f86a5673000)]
  0x00007f8654005000 JavaThread "pool-2-thread-1" [_thread_blocked, id=7915, stack(0x00007f86a5673000,0x00007f86a5774000)]
  0x00007f865c005800 JavaThread "pool-1-thread-1" [_thread_blocked, id=7914, stack(0x00007f86a5774000,0x00007f86a5875000)]
  0x00007f8768562000 JavaThread "TP-Monitor" daemon [_thread_blocked, id=7877, stack(0x00007f86e98de000,0x00007f86e99df000)]
  0x00007f8768560800 JavaThread "TP-Processor4" daemon [_thread_blocked, id=7876, stack(0x00007f86e99df000,0x00007f86e9ae0000)]
  0x00007f8768568000 JavaThread "TP-Processor3" daemon [_thread_blocked, id=7875, stack(0x00007f86e9ae0000,0x00007f86e9be1000)]
  0x00007f8768567000 JavaThread "TP-Processor2" daemon [_thread_blocked, id=7874, stack(0x00007f86e9be1000,0x00007f86e9ce2000)]
  0x00007f8768546000 JavaThread "TP-Processor1" daemon [_thread_blocked, id=7873, stack(0x00007f86e9ce2000,0x00007f86e9de3000)]
  0x00007f876852e000 JavaThread "http-8088-Acceptor-0" daemon [_thread_blocked, id=7872, stack(0x00007f86e9ee4000,0x00007f86e9fe5000)]
  0x00007f86d8006000 JavaThread "RMI Scheduler(0)" daemon [_thread_blocked, id=7868, stack(0x00007f86e9fe5000,0x00007f86ea0e6000)]
  0x00007f87684cf000 JavaThread "GC Daemon" daemon [_thread_blocked, id=7863, stack(0x00007f872804f000,0x00007f8728150000)]
  0x00007f876845f000 JavaThread "Abandoned connection cleanup thread" daemon [_thread_blocked, id=7862, stack(0x00007f873c042000,0x00007f873c143000)]
  0x00007f8768236000 JavaThread "RMI TCP Accept-0" daemon [_thread_in_native, id=7860, stack(0x00007f873c293000,0x00007f873c394000)]
  0x00007f8768225000 JavaThread "RMI TCP Accept-1099" daemon [_thread_in_native, id=7859, stack(0x00007f873c394000,0x00007f873c495000)]
  0x00007f8768213800 JavaThread "RMI TCP Accept-0" daemon [_thread_in_native, id=7858, stack(0x00007f873c495000,0x00007f873c596000)]
  0x00007f87680d4000 JavaThread "Service Thread" daemon [_thread_blocked, id=7857, stack(0x00007f873cbf8000,0x00007f873ccf9000)]
  0x00007f87680cf000 JavaThread "C1 CompilerThread3" daemon [_thread_blocked, id=7856, stack(0x00007f873ccf9000,0x00007f873cdfa000)]
  0x00007f87680cd000 JavaThread "C2 CompilerThread2" daemon [_thread_blocked, id=7855, stack(0x00007f873cdfa000,0x00007f873cefb000)]
  0x00007f87680cb000 JavaThread "C2 CompilerThread1" daemon [_thread_in_native, id=7854, stack(0x00007f873cefb000,0x00007f873cffc000)]
  0x00007f87680c8000 JavaThread "C2 CompilerThread0" daemon [_thread_blocked, id=7853, stack(0x00007f873cffc000,0x00007f873d0fd000)]
  0x00007f87680c6000 JavaThread "JDWP Event Helper Thread" daemon [_thread_blocked, id=7851, stack(0x00007f873d1fe000,0x00007f873d2ff000)]
  0x00007f87680b5800 JavaThread "Signal Dispatcher" daemon [_thread_blocked, id=7847, stack(0x00007f873d604000,0x00007f873d705000)]
  0x00007f8768087800 JavaThread "Finalizer" daemon [_thread_blocked, id=7846, stack(0x00007f873d705000,0x00007f873d806000)]
  0x00007f8768085800 JavaThread "Reference Handler" daemon [_thread_blocked, id=7845, stack(0x00007f873d806000,0x00007f873d907000)]
=>0x00007f876800d000 JavaThread "main" [_thread_in_native, id=7835, stack(0x00007f87706bb000,0x00007f87707bc000)]

Other Threads:
  0x00007f876807e800 VMThread [stack: 0x00007f873d907000,0x00007f873da08000] [id=7844]
  0x00007f8768238800 WatcherThread [stack: 0x00007f873c192000,0x00007f873c293000] [id=7861]

VM state:not at safepoint (normal execution)

VM Mutex/Monitor currently owned by a thread: None

Heap:
 PSYoungGen      total 265728K, used 55840K [0x000000076ce00000, 0x0000000780b80000, 0x00000007c0000000)
  eden space 245248K, 22% used [0x000000076ce00000,0x0000000770488248,0x000000077bd80000)
  from space 20480K, 0% used [0x000000077bd80000,0x000000077bd80000,0x000000077d180000)
  to   space 20992K, 0% used [0x000000077f700000,0x000000077f700000,0x0000000780b80000)
 ParOldGen       total 244224K, used 34452K [0x00000006c6a00000, 0x00000006d5880000, 0x000000076ce00000)
  object space 244224K, 14% used [0x00000006c6a00000,0x00000006c8ba51c0,0x00000006d5880000)
 Metaspace       used 57557K, capacity 58714K, committed 58728K, reserved 1099776K
  class space    used 8172K, capacity 8440K, committed 8448K, reserved 1048576K

Card table byte_map: [0x00007f876c60b000,0x00007f876cdd7000] byte_map_base: 0x00007f8768fd6000

Marking Bits: (ParMarkBitMap*) 0x00007f876fb95c20
 Begin Bits: [0x00007f8728350000, 0x00007f872c1a8000)
 End Bits:   [0x00007f872c1a8000, 0x00007f8730000000)

Polling page: 0x00007f87707de000

CodeCache: size=245760Kb used=21233Kb max_used=21307Kb free=224527Kb
 bounds [0x00007f8759000000, 0x00007f875a4f0000, 0x00007f8768000000]
 total_blobs=6181 nmethods=5578 adapters=524
 compilation: enabled

Compilation events (10 events):
Event: 96.774 Thread 0x00007f87680cf000 nmethod 6783 0x00007f875a097e10 code [0x00007f875a097f80, 0x00007f875a0981c8]
Event: 96.774 Thread 0x00007f87680cf000 6786       1       com.inductiveautomation.ignition.common.util.logging.BinaryAppender::access$400 (5 bytes)
Event: 96.774 Thread 0x00007f87680cf000 nmethod 6786 0x00007f8759ce4ad0 code [0x00007f8759ce4c20, 0x00007f8759ce4d10]
Event: 96.776 Thread 0x00007f87680cf000 6787       3       java.io.ObjectStreamClass::getDefaultSerialFields (93 bytes)
Event: 96.777 Thread 0x00007f87680cf000 nmethod 6787 0x00007f8759d73a50 code [0x00007f8759d73ca0, 0x00007f8759d74bc8]
Event: 96.777 Thread 0x00007f87680cf000 6788       3       java.io.ObjectStreamClass$2::<init> (15 bytes)
Event: 96.777 Thread 0x00007f87680cf000 nmethod 6788 0x00007f875a012190 code [0x00007f875a012300, 0x00007f875a0124f0]
Event: 96.777 Thread 0x00007f87680cf000 6789       3       java.io.ObjectStreamClass$2::run (5 bytes)
Event: 96.777 Thread 0x00007f87680cf000 nmethod 6789 0x00007f8759cfa2d0 code [0x00007f8759cfa440, 0x00007f8759cfa5e8]
Event: 96.780 Thread 0x00007f87680cd000 nmethod 6781 0x00007f8759aaa150 code [0x00007f8759aaa2e0, 0x00007f8759aaa8c8]

GC Heap History (10 events):
Event: 5.527 GC heap before
{Heap before GC invocations=10 (full 2):
 PSYoungGen      total 159744K, used 144896K [0x000000076ce00000, 0x000000077c180000, 0x00000007c0000000)
  eden space 144896K, 100% used [0x000000076ce00000,0x0000000775b80000,0x0000000775b80000)
  from space 14848K, 0% used [0x0000000775b80000,0x0000000775b80000,0x0000000776a00000)
  to   space 16384K, 0% used [0x000000077b180000,0x000000077b180000,0x000000077c180000)
 ParOldGen       total 174080K, used 23647K [0x00000006c6a00000, 0x00000006d1400000, 0x000000076ce00000)
  object space 174080K, 13% used [0x00000006c6a00000,0x00000006c8117d70,0x00000006d1400000)
 Metaspace       used 39214K, capacity 39726K, committed 39936K, reserved 1083392K
  class space    used 5676K, capacity 5810K, committed 5888K, reserved 1048576K
Event: 5.535 GC heap after
Heap after GC invocations=10 (full 2):
 PSYoungGen      total 209920K, used 5940K [0x000000076ce00000, 0x000000077b780000, 0x00000007c0000000)
  eden space 203776K, 0% used [0x000000076ce00000,0x000000076ce00000,0x0000000779500000)
  from space 6144K, 96% used [0x000000077b180000,0x000000077b74d0b0,0x000000077b780000)
  to   space 16384K, 0% used [0x0000000779780000,0x0000000779780000,0x000000077a780000)
 ParOldGen       total 174080K, used 23655K [0x00000006c6a00000, 0x00000006d1400000, 0x000000076ce00000)
  object space 174080K, 13% used [0x00000006c6a00000,0x00000006c8119d70,0x00000006d1400000)
 Metaspace       used 39214K, capacity 39726K, committed 39936K, reserved 1083392K
  class space    used 5676K, capacity 5810K, committed 5888K, reserved 1048576K
}
Event: 7.495 GC heap before
{Heap before GC invocations=11 (full 2):
 PSYoungGen      total 209920K, used 209716K [0x000000076ce00000, 0x000000077b780000, 0x00000007c0000000)
  eden space 203776K, 100% used [0x000000076ce00000,0x0000000779500000,0x0000000779500000)
  from space 6144K, 96% used [0x000000077b180000,0x000000077b74d0b0,0x000000077b780000)
  to   space 16384K, 0% used [0x0000000779780000,0x0000000779780000,0x000000077a780000)
 ParOldGen       total 174080K, used 23655K [0x00000006c6a00000, 0x00000006d1400000, 0x000000076ce00000)
  object space 174080K, 13% used [0x00000006c6a00000,0x00000006c8119d70,0x00000006d1400000)
 Metaspace       used 49891K, capacity 50560K, committed 50944K, reserved 1093632K
  class space    used 7185K, capacity 7333K, committed 7424K, reserved 1048576K
Event: 7.508 GC heap after
Heap after GC invocations=11 (full 2):
 PSYoungGen      total 222720K, used 15431K [0x000000076ce00000, 0x000000077e480000, 0x00000007c0000000)
  eden space 206336K, 0% used [0x000000076ce00000,0x000000076ce00000,0x0000000779780000)
  from space 16384K, 94% used [0x0000000779780000,0x000000077a691fb0,0x000000077a780000)
  to   space 17920K, 0% used [0x000000077d300000,0x000000077d300000,0x000000077e480000)
 ParOldGen       total 174080K, used 23663K [0x00000006c6a00000, 0x00000006d1400000, 0x000000076ce00000)
  object space 174080K, 13% used [0x00000006c6a00000,0x00000006c811bd70,0x00000006d1400000)
 Metaspace       used 49891K, capacity 50560K, committed 50944K, reserved 1093632K
  class space    used 7185K, capacity 7333K, committed 7424K, reserved 1048576K
}
Event: 29.346 GC heap before
{Heap before GC invocations=12 (full 2):
 PSYoungGen      total 222720K, used 221767K [0x000000076ce00000, 0x000000077e480000, 0x00000007c0000000)
  eden space 206336K, 100% used [0x000000076ce00000,0x0000000779780000,0x0000000779780000)
  from space 16384K, 94% used [0x0000000779780000,0x000000077a691fb0,0x000000077a780000)
  to   space 17920K, 0% used [0x000000077d300000,0x000000077d300000,0x000000077e480000)
 ParOldGen       total 174080K, used 23663K [0x00000006c6a00000, 0x00000006d1400000, 0x000000076ce00000)
  object space 174080K, 13% used [0x00000006c6a00000,0x00000006c811bd70,0x00000006d1400000)
 Metaspace       used 56955K, capacity 58152K, committed 58368K, reserved 1099776K
  class space    used 8145K, capacity 8433K, committed 8448K, reserved 1048576K
Event: 29.365 GC heap after
Heap after GC invocations=12 (full 2):
 PSYoungGen      total 263168K, used 17917K [0x000000076ce00000, 0x000000077e580000, 0x00000007c0000000)
  eden space 245248K, 0% used [0x000000076ce00000,0x000000076ce00000,0x000000077bd80000)
  from space 17920K, 99% used [0x000000077d300000,0x000000077e47f630,0x000000077e480000)
  to   space 20480K, 0% used [0x000000077bd80000,0x000000077bd80000,0x000000077d180000)
 ParOldGen       total 174080K, used 24852K [0x00000006c6a00000, 0x00000006d1400000, 0x000000076ce00000)
  object space 174080K, 14% used [0x00000006c6a00000,0x00000006c82452a0,0x00000006d1400000)
 Metaspace       used 56955K, capacity 58152K, committed 58368K, reserved 1099776K
  class space    used 8145K, capacity 8433K, committed 8448K, reserved 1048576K
}
Event: 66.102 GC heap before
{Heap before GC invocations=13 (full 2):
 PSYoungGen      total 263168K, used 72114K [0x000000076ce00000, 0x000000077e580000, 0x00000007c0000000)
  eden space 245248K, 22% used [0x000000076ce00000,0x00000007702ed2a8,0x000000077bd80000)
  from space 17920K, 99% used [0x000000077d300000,0x000000077e47f630,0x000000077e480000)
  to   space 20480K, 0% used [0x000000077bd80000,0x000000077bd80000,0x000000077d180000)
 ParOldGen       total 174080K, used 24852K [0x00000006c6a00000, 0x00000006d1400000, 0x000000076ce00000)
  object space 174080K, 14% used [0x00000006c6a00000,0x00000006c82452a0,0x00000006d1400000)
 Metaspace       used 57315K, capacity 58454K, committed 58472K, reserved 1099776K
  class space    used 8150K, capacity 8440K, committed 8448K, reserved 1048576K
Event: 66.120 GC heap after
Heap after GC invocations=13 (full 2):
 PSYoungGen      total 265728K, used 14914K [0x000000076ce00000, 0x0000000780b80000, 0x00000007c0000000)
  eden space 245248K, 0% used [0x000000076ce00000,0x000000076ce00000,0x000000077bd80000)
  from space 20480K, 72% used [0x000000077bd80000,0x000000077cc10850,0x000000077d180000)
  to   space 20992K, 0% used [0x000000077f700000,0x000000077f700000,0x0000000780b80000)
 ParOldGen       total 174080K, used 24860K [0x00000006c6a00000, 0x00000006d1400000, 0x000000076ce00000)
  object space 174080K, 14% used [0x00000006c6a00000,0x00000006c82472a0,0x00000006d1400000)
 Metaspace       used 57315K, capacity 58454K, committed 58472K, reserved 1099776K
  class space    used 8150K, capacity 8440K, committed 8448K, reserved 1048576K
}
Event: 66.120 GC heap before
{Heap before GC invocations=14 (full 3):
 PSYoungGen      total 265728K, used 14914K [0x000000076ce00000, 0x0000000780b80000, 0x00000007c0000000)
  eden space 245248K, 0% used [0x000000076ce00000,0x000000076ce00000,0x000000077bd80000)
  from space 20480K, 72% used [0x000000077bd80000,0x000000077cc10850,0x000000077d180000)
  to   space 20992K, 0% used [0x000000077f700000,0x000000077f700000,0x0000000780b80000)
 ParOldGen       total 174080K, used 24860K [0x00000006c6a00000, 0x00000006d1400000, 0x000000076ce00000)
  object space 174080K, 14% used [0x00000006c6a00000,0x00000006c82472a0,0x00000006d1400000)
 Metaspace       used 57315K, capacity 58454K, committed 58472K, reserved 1099776K
  class space    used 8150K, capacity 8440K, committed 8448K, reserved 1048576K
Event: 66.304 GC heap after
Heap after GC invocations=14 (full 3):
 PSYoungGen      total 265728K, used 0K [0x000000076ce00000, 0x0000000780b80000, 0x00000007c0000000)
  eden space 245248K, 0% used [0x000000076ce00000,0x000000076ce00000,0x000000077bd80000)
  from space 20480K, 0% used [0x000000077bd80000,0x000000077bd80000,0x000000077d180000)
  to   space 20992K, 0% used [0x000000077f700000,0x000000077f700000,0x0000000780b80000)
 ParOldGen       total 244224K, used 34452K [0x00000006c6a00000, 0x00000006d5880000, 0x000000076ce00000)
  object space 244224K, 14% used [0x00000006c6a00000,0x00000006c8ba51c0,0x00000006d5880000)
 Metaspace       used 57255K, capacity 58370K, committed 58472K, reserved 1099776K
  class space    used 8149K, capacity 8436K, committed 8448K, reserved 1048576K
}

Deoptimization events (10 events):
Event: 96.548 Thread 0x00007f876800d000 Uncommon trap: reason=class_check action=maybe_recompile pc=0x00007f8759c05750 method=org.hsqldb.index.IndexAVL.unlinkNodes(Lorg/hsqldb/index/NodeAVL;)V @ 4
Event: 96.548 Thread 0x00007f876800d000 Uncommon trap: reason=class_check action=maybe_recompile pc=0x00007f8759c05750 method=org.hsqldb.index.IndexAVL.unlinkNodes(Lorg/hsqldb/index/NodeAVL;)V @ 4
Event: 96.666 Thread 0x00007f876800d000 Uncommon trap: reason=class_check action=maybe_recompile pc=0x00007f8759c05750 method=org.hsqldb.index.IndexAVL.unlinkNodes(Lorg/hsqldb/index/NodeAVL;)V @ 4
Event: 96.666 Thread 0x00007f876800d000 Uncommon trap: reason=unreached action=reinterpret pc=0x00007f8759ab5580 method=org.hsqldb.store.BaseHashMap.clearElementArrays(II)V @ 185
Event: 96.668 Thread 0x00007f86a069e000 Uncommon trap: reason=unreached action=reinterpret pc=0x00007f875957d4ac method=org.hsqldb.lib.HsqlTimer$TaskQueue.peekTask()Lorg/hsqldb/lib/HsqlTimer$Task; @ 6
Event: 96.776 Thread 0x00007f876800d000 Uncommon trap: reason=bimorphic action=maybe_recompile pc=0x00007f875a4c8d0c method=java.io.ObjectOutputStream$BlockDataOutputStream.write([BIIZ)V @ 23
Event: 96.777 Thread 0x00007f876800d000 Uncommon trap: reason=bimorphic action=maybe_recompile pc=0x00007f875a3e39d0 method=java.io.ObjectOutputStream$BlockDataOutputStream.write([BIIZ)V @ 23
Event: 96.778 Thread 0x00007f876800d000 Uncommon trap: reason=bimorphic action=maybe_recompile pc=0x00007f875a3e39d0 method=java.io.ObjectOutputStream$BlockDataOutputStream.write([BIIZ)V @ 23
Event: 96.778 Thread 0x00007f876800d000 Uncommon trap: reason=bimorphic action=maybe_recompile pc=0x00007f875a4c8d0c method=java.io.ObjectOutputStream$BlockDataOutputStream.write([BIIZ)V @ 23
Event: 96.780 Thread 0x00007f876800d000 Uncommon trap: reason=bimorphic action=maybe_recompile pc=0x00007f875a3e39d0 method=java.io.ObjectOutputStream$BlockDataOutputStream.write([BIIZ)V @ 23

Internal exceptions (10 events):
Event: 96.650 Thread 0x00007f876800d000 Exception <a 'java/security/PrivilegedActionException'> (0x000000076f505380) thrown at [/HUDSON/workspace/8-2-build-linux-amd64/jdk8u20/526.nc/hotspot/src/share/vm/prims/jvm.cpp, line 1258]
Event: 96.652 Thread 0x00007f876800d000 Exception <a 'java/security/PrivilegedActionException'> (0x000000076f517678) thrown at [/HUDSON/workspace/8-2-build-linux-amd64/jdk8u20/526.nc/hotspot/src/share/vm/prims/jvm.cpp, line 1258]
Event: 96.652 Thread 0x00007f876800d000 Exception <a 'java/security/PrivilegedActionException'> (0x000000076f518218) thrown at [/HUDSON/workspace/8-2-build-linux-amd64/jdk8u20/526.nc/hotspot/src/share/vm/prims/jvm.cpp, line 1258]
Event: 96.654 Thread 0x00007f876800d000 Exception <a 'java/lang/NullPointerException'> (0x000000076f520af8) thrown at [/HUDSON/workspace/8-2-build-linux-amd64/jdk8u20/526.nc/hotspot/src/share/vm/interpreter/linkResolver.cpp, line 1268]
Event: 96.778 Thread 0x00007f876800d000 Exception <a 'java/security/PrivilegedActionException'> (0x000000076f5430e0) thrown at [/HUDSON/workspace/8-2-build-linux-amd64/jdk8u20/526.nc/hotspot/src/share/vm/prims/jvm.cpp, line 1258]
Event: 96.779 Thread 0x00007f876800d000 Exception <a 'java/security/PrivilegedActionException'> (0x000000076f5440c0) thrown at [/HUDSON/workspace/8-2-build-linux-amd64/jdk8u20/526.nc/hotspot/src/share/vm/prims/jvm.cpp, line 1258]
Event: 96.779 Thread 0x00007f876800d000 Exception <a 'java/security/PrivilegedActionException'> (0x000000076f553d58) thrown at [/HUDSON/workspace/8-2-build-linux-amd64/jdk8u20/526.nc/hotspot/src/share/vm/prims/jvm.cpp, line 1258]
Event: 96.779 Thread 0x00007f876800d000 Exception <a 'java/security/PrivilegedActionException'> (0x000000076f554dc8) thrown at [/HUDSON/workspace/8-2-build-linux-amd64/jdk8u20/526.nc/hotspot/src/share/vm/prims/jvm.cpp, line 1258]
Event: 96.780 Thread 0x00007f876800d000 Exception <a 'java/security/PrivilegedActionException'> (0x000000076f564f28) thrown at [/HUDSON/workspace/8-2-build-linux-amd64/jdk8u20/526.nc/hotspot/src/share/vm/prims/jvm.cpp, line 1258]
Event: 96.780 Thread 0x00007f876800d000 Exception <a 'java/security/PrivilegedActionException'> (0x000000076f565f48) thrown at [/HUDSON/workspace/8-2-build-linux-amd64/jdk8u20/526.nc/hotspot/src/share/vm/prims/jvm.cpp, line 1258]

Events (10 events):
Event: 96.781 Thread 0x00007f876800d000 DEOPT PACKING pc=0x00007f8759fcf64c sp=0x00007f87707b7ae0
Event: 96.781 Thread 0x00007f876800d000 DEOPT UNPACKING pc=0x00007f875904741a sp=0x00007f87707b78a8 mode 1
Event: 96.781 Thread 0x00007f876800d000 DEOPT PACKING pc=0x00007f8759d709e4 sp=0x00007f87707b7a50
Event: 96.781 Thread 0x00007f876800d000 DEOPT UNPACKING pc=0x00007f875904741a sp=0x00007f87707b7828 mode 1
Event: 96.781 Thread 0x00007f876800d000 DEOPT PACKING pc=0x00007f8759d709e4 sp=0x00007f87707b7a10
Event: 96.781 Thread 0x00007f876800d000 DEOPT UNPACKING pc=0x00007f875904741a sp=0x00007f87707b77d0 mode 1
Event: 96.781 Thread 0x00007f876800d000 DEOPT PACKING pc=0x00007f8759fcf64c sp=0x00007f87707b7ae0
Event: 96.781 Thread 0x00007f876800d000 DEOPT UNPACKING pc=0x00007f875904741a sp=0x00007f87707b78a8 mode 1
Event: 96.781 Thread 0x00007f876800d000 DEOPT PACKING pc=0x00007f8759d709e4 sp=0x00007f87707b7a50
Event: 96.781 Thread 0x00007f876800d000 DEOPT UNPACKING pc=0x00007f875904741a sp=0x00007f87707b7828 mode 1


Dynamic libraries:
00400000-00401000 r-xp 00000000 08:06 19938758                           /usr/lib/jvm/jdk1.8.0_20/bin/java
00600000-00601000 rw-p 00000000 08:06 19938758                           /usr/lib/jvm/jdk1.8.0_20/bin/java
008a6000-008c7000 rw-p 00000000 00:00 0                                  [heap]
6c6a00000-6d5880000 rw-p 00000000 00:00 0 
6d5880000-76ce00000 ---p 00000000 00:00 0 
76ce00000-780b80000 rw-p 00000000 00:00 0 
780b80000-7c0000000 ---p 00000000 00:00 0 
7c0000000-7c0840000 rw-p 00000000 00:00 0 
7c0840000-800000000 ---p 00000000 00:00 0 
7f864bcff000-7f864be19000 rw-p 00000000 00:00 0 
7f864be19000-7f864bf02000 ---p 00000000 00:00 0 
7f864bf02000-7f864c000000 rw-p 00000000 00:00 0 
7f864c000000-7f864c021000 rw-p 00000000 00:00 0 
7f864c021000-7f8650000000 ---p 00000000 00:00 0 
7f8650000000-7f8650021000 rw-p 00000000 00:00 0 
7f8650021000-7f8654000000 ---p 00000000 00:00 0 
7f8654000000-7f86540e4000 rw-p 00000000 00:00 0 
7f86540e4000-7f8658000000 ---p 00000000 00:00 0 
7f8658000000-7f8658021000 rw-p 00000000 00:00 0 
7f8658021000-7f865c000000 ---p 00000000 00:00 0 
7f865c000000-7f865c038000 rw-p 00000000 00:00 0 
7f865c038000-7f8660000000 ---p 00000000 00:00 0 
7f8660000000-7f866027b000 rw-p 00000000 00:00 0 
7f866027b000-7f8664000000 ---p 00000000 00:00 0 
7f8664000000-7f866434c000 rw-p 00000000 00:00 0 
7f866434c000-7f8668000000 ---p 00000000 00:00 0 
7f8668000000-7f8668021000 rw-p 00000000 00:00 0 
7f8668021000-7f866c000000 ---p 00000000 00:00 0 
7f866c000000-7f866c021000 rw-p 00000000 00:00 0 
7f866c021000-7f8670000000 ---p 00000000 00:00 0 
7f8670000000-7f8670022000 rw-p 00000000 00:00 0 
7f8670022000-7f8674000000 ---p 00000000 00:00 0 
7f8674000000-7f8674021000 rw-p 00000000 00:00 0 
7f8674021000-7f8678000000 ---p 00000000 00:00 0 
7f8678000000-7f8678021000 rw-p 00000000 00:00 0 
7f8678021000-7f867c000000 ---p 00000000 00:00 0 
7f867c000000-7f867c021000 rw-p 00000000 00:00 0 
7f867c021000-7f8680000000 ---p 00000000 00:00 0 
7f8680000000-7f86800fe000 rw-p 00000000 00:00 0 
7f86800fe000-7f8684000000 ---p 00000000 00:00 0 
7f8684000000-7f8684021000 rw-p 00000000 00:00 0 
7f8684021000-7f8688000000 ---p 00000000 00:00 0 
7f8688000000-7f8688021000 rw-p 00000000 00:00 0 
7f8688021000-7f868c000000 ---p 00000000 00:00 0 
7f868c000000-7f868c021000 rw-p 00000000 00:00 0 
7f868c021000-7f8690000000 ---p 00000000 00:00 0 
7f8690000000-7f8690021000 rw-p 00000000 00:00 0 
7f8690021000-7f8694000000 ---p 00000000 00:00 0 
7f8694000000-7f8694021000 rw-p 00000000 00:00 0 
7f8694021000-7f8698000000 ---p 00000000 00:00 0 
7f8698000000-7f8698021000 rw-p 00000000 00:00 0 
7f8698021000-7f869c000000 ---p 00000000 00:00 0 
7f869c000000-7f869c021000 rw-p 00000000 00:00 0 
7f869c021000-7f86a0000000 ---p 00000000 00:00 0 
7f86a0000000-7f86a0be3000 rw-p 00000000 00:00 0 
7f86a0be3000-7f86a4000000 ---p 00000000 00:00 0 
7f86a4045000-7f86a4048000 ---p 00000000 00:00 0 
7f86a4048000-7f86a4346000 rw-p 00000000 00:00 0                          [stack:7972]
7f86a4346000-7f86a4349000 ---p 00000000 00:00 0 
7f86a4349000-7f86a4447000 rw-p 00000000 00:00 0 
7f86a4447000-7f86a444a000 ---p 00000000 00:00 0 
7f86a444a000-7f86a4748000 rw-p 00000000 00:00 0                          [stack:7923]
7f86a4748000-7f86a475f000 r-xp 00000000 08:06 15602148                   /lib/x86_64-linux-gnu/libresolv-2.19.so
7f86a475f000-7f86a495f000 ---p 00017000 08:06 15602148                   /lib/x86_64-linux-gnu/libresolv-2.19.so
7f86a495f000-7f86a4960000 r--p 00017000 08:06 15602148                   /lib/x86_64-linux-gnu/libresolv-2.19.so
7f86a4960000-7f86a4961000 rw-p 00018000 08:06 15602148                   /lib/x86_64-linux-gnu/libresolv-2.19.so
7f86a4961000-7f86a4963000 rw-p 00000000 00:00 0 
7f86a4963000-7f86a4968000 r-xp 00000000 08:06 15602324                   /lib/x86_64-linux-gnu/libnss_dns-2.19.so
7f86a4968000-7f86a4b67000 ---p 00005000 08:06 15602324                   /lib/x86_64-linux-gnu/libnss_dns-2.19.so
7f86a4b67000-7f86a4b68000 r--p 00004000 08:06 15602324                   /lib/x86_64-linux-gnu/libnss_dns-2.19.so
7f86a4b68000-7f86a4b69000 rw-p 00005000 08:06 15602324                   /lib/x86_64-linux-gnu/libnss_dns-2.19.so
7f86a4b69000-7f86a4b6b000 r-xp 00000000 08:06 15601607                   /lib/x86_64-linux-gnu/libnss_mdns4_minimal.so.2
7f86a4b6b000-7f86a4d6a000 ---p 00002000 08:06 15601607                   /lib/x86_64-linux-gnu/libnss_mdns4_minimal.so.2
7f86a4d6a000-7f86a4d6b000 r--p 00001000 08:06 15601607                   /lib/x86_64-linux-gnu/libnss_mdns4_minimal.so.2
7f86a4d6b000-7f86a4d6c000 rw-p 00002000 08:06 15601607                   /lib/x86_64-linux-gnu/libnss_mdns4_minimal.so.2
7f86a4d6c000-7f86a4f6c000 rw-p 00000000 00:00 0 
7f86a4f6c000-7f86a4f6f000 ---p 00000000 00:00 0 
7f86a4f6f000-7f86a506d000 rw-p 00000000 00:00 0                          [stack:7922]
7f86a506d000-7f86a5070000 ---p 00000000 00:00 0 
7f86a5070000-7f86a516e000 rw-p 00000000 00:00 0                          [stack:7921]
7f86a516e000-7f86a5171000 ---p 00000000 00:00 0 
7f86a5171000-7f86a526f000 rw-p 00000000 00:00 0                          [stack:7920]
7f86a526f000-7f86a5272000 ---p 00000000 00:00 0 
7f86a5272000-7f86a5370000 rw-p 00000000 00:00 0                          [stack:7919]
7f86a5370000-7f86a5373000 ---p 00000000 00:00 0 
7f86a5373000-7f86a5471000 rw-p 00000000 00:00 0                          [stack:7918]
7f86a5471000-7f86a5474000 ---p 00000000 00:00 0 
7f86a5474000-7f86a5572000 rw-p 00000000 00:00 0                          [stack:7917]
7f86a5572000-7f86a5575000 ---p 00000000 00:00 0 
7f86a5575000-7f86a5673000 rw-p 00000000 00:00 0                          [stack:7916]
7f86a5673000-7f86a5676000 ---p 00000000 00:00 0 
7f86a5676000-7f86a5774000 rw-p 00000000 00:00 0                          [stack:7915]
7f86a5774000-7f86a5777000 ---p 00000000 00:00 0 
7f86a5777000-7f86a5875000 rw-p 00000000 00:00 0                          [stack:7914]
7f86a5875000-7f86a5878000 ---p 00000000 00:00 0 
7f86a5878000-7f86a5976000 rw-p 00000000 00:00 0 
7f86a5976000-7f86a5979000 ---p 00000000 00:00 0 
7f86a5979000-7f86a5a77000 rw-p 00000000 00:00 0 
7f86a5a77000-7f86a5a7a000 ---p 00000000 00:00 0 
7f86a5a7a000-7f86a5d78000 rw-p 00000000 00:00 0                          [stack:7973]
7f86a5d78000-7f86a5f78000 rw-p 00000000 00:00 0 
7f86a5f78000-7f86a5f7b000 ---p 00000000 00:00 0 
7f86a5f7b000-7f86a6079000 rw-p 00000000 00:00 0 
7f86a6079000-7f86a607c000 ---p 00000000 00:00 0 
7f86a607c000-7f86a617a000 rw-p 00000000 00:00 0 
7f86a617a000-7f86a617d000 ---p 00000000 00:00 0 
7f86a617d000-7f86a627b000 rw-p 00000000 00:00 0 
7f86a627b000-7f86a627e000 ---p 00000000 00:00 0 
7f86a627e000-7f86a637c000 rw-p 00000000 00:00 0 
7f86a637c000-7f86a637f000 ---p 00000000 00:00 0 
7f86a637f000-7f86a667d000 rw-p 00000000 00:00 0 
7f86a667d000-7f86a687d000 rw-p 00000000 00:00 0 
7f86a687d000-7f86a6880000 ---p 00000000 00:00 0 
7f86a6880000-7f86a697e000 rw-p 00000000 00:00 0 
7f86a697e000-7f86a6981000 ---p 00000000 00:00 0 
7f86a6981000-7f86a6a7f000 rw-p 00000000 00:00 0 
7f86a6a7f000-7f86a6a82000 ---p 00000000 00:00 0 
7f86a6a82000-7f86a6b80000 rw-p 00000000 00:00 0 
7f86a6b80000-7f86a6b83000 ---p 00000000 00:00 0 
7f86a6b83000-7f86a6c81000 rw-p 00000000 00:00 0 
7f86a6c81000-7f86a6c84000 ---p 00000000 00:00 0 
7f86a6c84000-7f86a6d82000 rw-p 00000000 00:00 0 
7f86a6d82000-7f86a6d85000 ---p 00000000 00:00 0 
7f86a6d85000-7f86a6e83000 rw-p 00000000 00:00 0 
7f86a6e83000-7f86a6e86000 ---p 00000000 00:00 0 
7f86a6e86000-7f86a6f84000 rw-p 00000000 00:00 0 
7f86a6fed000-7f86a6ff0000 ---p 00000000 00:00 0 
7f86a6ff0000-7f86a70ee000 rw-p 00000000 00:00 0 
7f86a70ee000-7f86a70f1000 ---p 00000000 00:00 0 
7f86a70f1000-7f86a71ef000 rw-p 00000000 00:00 0 
7f86a71ef000-7f86a71f2000 ---p 00000000 00:00 0 
7f86a71f2000-7f86a74f0000 rw-p 00000000 00:00 0 
7f86a74f0000-7f86a76f0000 rw-p 00000000 00:00 0 
7f86a77fe000-7f86a79fe000 rw-p 00000000 00:00 0 
7f86a79fe000-7f86a7bfe000 rw-p 00000000 00:00 0 
7f86a7bfe000-7f86a7dfe000 rw-p 00000000 00:00 0 
7f86a7dfe000-7f86a7e01000 ---p 00000000 00:00 0 
7f86a7e01000-7f86a7eff000 rw-p 00000000 00:00 0 
7f86a7eff000-7f86a7f02000 ---p 00000000 00:00 0 
7f86a7f02000-7f86a8000000 rw-p 00000000 00:00 0 
7f86a8000000-7f86a8044000 rw-p 00000000 00:00 0 
7f86a8044000-7f86ac000000 ---p 00000000 00:00 0 
7f86ac000000-7f86ac021000 rw-p 00000000 00:00 0 
7f86ac021000-7f86b0000000 ---p 00000000 00:00 0 
7f86b0000000-7f86b0021000 rw-p 00000000 00:00 0 
7f86b0021000-7f86b4000000 ---p 00000000 00:00 0 
7f86b4000000-7f86b4021000 rw-p 00000000 00:00 0 
7f86b4021000-7f86b8000000 ---p 00000000 00:00 0 
7f86b8000000-7f86b8064000 rw-p 00000000 00:00 0 
7f86b8064000-7f86bc000000 ---p 00000000 00:00 0 
7f86bc000000-7f86bc021000 rw-p 00000000 00:00 0 
7f86bc021000-7f86c0000000 ---p 00000000 00:00 0 
7f86c0000000-7f86c0021000 rw-p 00000000 00:00 0 
7f86c0021000-7f86c4000000 ---p 00000000 00:00 0 
7f86c4000000-7f86c4021000 rw-p 00000000 00:00 0 
7f86c4021000-7f86c8000000 ---p 00000000 00:00 0 
7f86c8000000-7f86c8115000 rw-p 00000000 00:00 0 
7f86c8115000-7f86cc000000 ---p 00000000 00:00 0 
7f86cc000000-7f86cc021000 rw-p 00000000 00:00 0 
7f86cc021000-7f86d0000000 ---p 00000000 00:00 0 
7f86d0000000-7f86d0021000 rw-p 00000000 00:00 0 
7f86d0021000-7f86d4000000 ---p 00000000 00:00 0 
7f86d4000000-7f86d4021000 rw-p 00000000 00:00 0 
7f86d4021000-7f86d8000000 ---p 00000000 00:00 0 
7f86d8000000-7f86d8021000 rw-p 00000000 00:00 0 
7f86d8021000-7f86dc000000 ---p 00000000 00:00 0 
7f86dc000000-7f86dc568000 rw-p 00000000 00:00 0 
7f86dc568000-7f86e0000000 ---p 00000000 00:00 0 
7f86e0000000-7f86e0021000 rw-p 00000000 00:00 0 
7f86e0021000-7f86e4000000 ---p 00000000 00:00 0 
7f86e4000000-7f86e4021000 rw-p 00000000 00:00 0 
7f86e4021000-7f86e8000000 ---p 00000000 00:00 0 
7f86e80f5000-7f86e82f5000 rw-p 00000000 00:00 0 
7f86e8392000-7f86e8399000 r--s 00000000 08:06 15863595                   /usr/lib/x86_64-linux-gnu/gconv/gconv-modules.cache
7f86e8399000-7f86e8599000 rw-p 00000000 00:00 0 
7f86e8599000-7f86e859b000 r--s 00003000 08:06 659380                     /usr/local/development/dev-7-7/Ignition/IgnitionWebApp/src/main/home/temp/sfc-gateway-api8365416109844614121.jar
7f86e859b000-7f86e859e000 r--s 00019000 08:06 659379                     /usr/local/development/dev-7-7/Ignition/IgnitionWebApp/src/main/home/temp/sfc-gateway2578592549256355512.jar
7f86e859e000-7f86e85a1000 r--s 00016000 08:06 659378                     /usr/local/development/dev-7-7/Ignition/IgnitionWebApp/src/main/home/temp/sfc-common3584859772139993923.jar
7f86e85a1000-7f86e85a5000 r--s 000be000 08:06 658862                     /usr/local/development/dev-7-7/Ignition/IgnitionWebApp/src/main/home/temp/vis-gateway627593562115105623.jar
7f86e85a5000-7f86e85ad000 r--s 0009e000 08:06 657755                     /usr/local/development/dev-7-7/Ignition/IgnitionWebApp/src/main/home/temp/secsgem-gateway3837129100154977527.jar
7f86e85ad000-7f86e87ad000 rw-p 00000000 00:00 0 
7f86e89af000-7f86e89b2000 ---p 00000000 00:00 0 
7f86e89b2000-7f86e8ab0000 rw-p 00000000 00:00 0 
7f86e8ab0000-7f86e8ab3000 ---p 00000000 00:00 0 
7f86e8ab3000-7f86e8bb1000 rw-p 00000000 00:00 0 
7f86e8bb1000-7f86e8bb4000 ---p 00000000 00:00 0 
7f86e8bb4000-7f86e8eb2000 rw-p 00000000 00:00 0 
7f86e8eb2000-7f86e8ec5000 r--s 00345000 08:06 20582253                   /usr/lib/jvm/jdk1.8.0_20/jre/lib/resources.jar
7f86e8ec5000-7f86e8ec8000 ---p 00000000 00:00 0 
7f86e8ec8000-7f86e91c7000 rw-p 00000000 00:00 0 
7f86e91c7000-7f86e91c8000 r--s 00002000 08:06 658869                     /usr/local/development/dev-7-7/Ignition/IgnitionWebApp/src/main/home/temp/vis-common4993609867053371929.jar
7f86e91c8000-7f86e91c9000 r--s 00004000 08:06 658858                     /usr/local/development/dev-7-7/Ignition/IgnitionWebApp/src/main/home/temp/secsgem-shared6960824421887653574.jar
7f86e91c9000-7f86e91ca000 r--s 00000000 08:06 2365020                    /usr/local/development/dev-7-7/Ignition/IgnitionWebApp/target/ignition-webapp-7.7/WEB-INF/lib/xopc-common-2.7.2-20141104.213412-19.jar
7f86e91ca000-7f86e91e2000 r--s 000f7000 08:06 2365016                    /usr/local/development/dev-7-7/Ignition/IgnitionWebApp/target/ignition-webapp-7.7/WEB-INF/lib/xopc-2.7.2-20141104.213433-19.jar
7f86e91e2000-7f86e91ef000 r--s 000a0000 08:06 2365222                    /usr/local/development/dev-7-7/Ignition/IgnitionWebApp/target/ignition-webapp-7.7/WEB-INF/lib/winpack-3.8.3.jar
7f86e91ef000-7f86e91f9000 r--s 0005c000 08:06 2364945                    /usr/local/development/dev-7-7/Ignition/IgnitionWebApp/target/ignition-webapp-7.7/WEB-INF/lib/wicket-util-6.1.1.jar
7f86e91f9000-7f86e91fc000 r--s 00012000 08:06 2364946                    /usr/local/development/dev-7-7/Ignition/IgnitionWebApp/target/ignition-webapp-7.7/WEB-INF/lib/wicket-request-6.1.1.jar
7f86e91fc000-7f86e920e000 r--s 00138000 08:06 2364948                    /usr/local/development/dev-7-7/Ignition/IgnitionWebApp/target/ignition-webapp-7.7/WEB-INF/lib/wicket-extensions-6.1.1.jar
7f86e920e000-7f86e9211000 r--s 00038000 08:06 2364947                    /usr/local/development/dev-7-7/Ignition/IgnitionWebApp/target/ignition-webapp-7.7/WEB-INF/lib/wicket-datetime-6.1.1.jar
7f86e9211000-7f86e9234000 r--s 001a3000 08:06 2364944                    /usr/local/development/dev-7-7/Ignition/IgnitionWebApp/target/ignition-webapp-7.7/WEB-INF/lib/wicket-core-6.1.1.jar
7f86e9234000-7f86e9236000 r--s 0012e000 08:06 2365207                    /usr/local/development/dev-7-7/Ignition/IgnitionWebApp/target/ignition-webapp-7.7/WEB-INF/lib/voice-cmu-slt-hsmm-5.0.jar
7f86e9236000-7f86e9237000 r--s 00006000 08:06 2365022                    /usr/local/development/dev-7-7/Ignition/IgnitionWebApp/target/ignition-webapp-7.7/WEB-INF/lib/user-manual-module-1.7.0-20131026.004611-6.jar
7f86e9237000-7f86e9238000 r--s 00268000 08:06 2365208                    /usr/local/development/dev-7-7/Ignition/IgnitionWebApp/target/ignition-webapp-7.7/WEB-INF/lib/ttsengine-ivona-2.7.2-20141104.214148-19.jar
7f86e9238000-7f86e923b000 r--s 00017000 08:06 2365002                    /usr/local/development/dev-7-7/Ignition/IgnitionWebApp/target/ignition-webapp-7.7/WEB-INF/lib/timingframework-1.0.jar
7f86e923b000-7f86e923d000 r--s 00001000 08:06 2364734                    /usr/local/development/dev-7-7/Ignition/IgnitionWebApp/target/ignition-webapp-7.7/WEB-INF/lib/slf4j-log4j12-1.7.5.jar
7f86e923d000-7f86e923f000 r--s 00005000 08:06 2364733                    /usr/local/development/dev-7-7/Ignition/IgnitionWebApp/target/ignition-webapp-7.7/WEB-INF/lib/slf4j-api-1.7.5.jar
7f86e923f000-7f86e9249000 r--s 00061000 08:06 2365204                    /usr/local/development/dev-7-7/Ignition/IgnitionWebApp/target/ignition-webapp-7.7/WEB-INF/lib/sip-notification-2.7.2-20141104.214142-19.jar
7f86e9249000-7f86e924c000 r--s 0001f000 08:06 4198129                    /usr/local/development/dev-7-7/Ignition/IgnitionWebApp/target/ignition-webapp-7.7/WEB-INF/lib/simple-orm-7.7.2-SNAPSHOT.jar
7f86e924c000-7f86e924e000 r--s 00003000 08:06 2365213                    /usr/local/development/dev-7-7/Ignition/IgnitionWebApp/target/ignition-webapp-7.7/WEB-INF/lib/sfc-gateway-api-1.7.1-SNAPSHOT.jar
7f86e924e000-7f86e9251000 r--s 00019000 08:06 2365212                    /usr/local/development/dev-7-7/Ignition/IgnitionWebApp/target/ignition-webapp-7.7/WEB-INF/lib/sfc-gateway-1.7.1-SNAPSHOT.jar
7f86e9251000-7f86e9254000 r--s 00016000 08:06 2365214                    /usr/local/development/dev-7-7/Ignition/IgnitionWebApp/target/ignition-webapp-7.7/WEB-INF/lib/sfc-common-1.7.1-SNAPSHOT.jar
7f86e9254000-7f86e9256000 r--s 0000f000 08:06 2365217                    /usr/local/development/dev-7-7/Ignition/IgnitionWebApp/target/ignition-webapp-7.7/WEB-INF/lib/serialio-8.7.0.jar
7f86e9256000-7f86e9258000 r--s 00028000 08:06 2365215                    /usr/local/development/dev-7-7/Ignition/IgnitionWebApp/target/ignition-webapp-7.7/WEB-INF/lib/serial-support-gateway-2.7.2-20141104.214033-19.jar
7f86e9258000-7f86e925a000 r--s 00002000 08:06 2365216                    /usr/local/development/dev-7-7/Ignition/IgnitionWebApp/target/ignition-webapp-7.7/WEB-INF/lib/serial-support-common-2.7.2-20141104.214027-19.jar
7f86e925a000-7f86e925f000 r--s 0003e000 08:06 2364955                    /usr/local/development/dev-7-7/Ignition/IgnitionWebApp/target/ignition-webapp-7.7/WEB-INF/lib/saaj-impl-1.3.jar
7f86e925f000-7f86e9261000 r--s 00003000 08:06 2364956                    /usr/local/development/dev-7-7/Ignition/IgnitionWebApp/target/ignition-webapp-7.7/WEB-INF/lib/saaj-api-1.3.jar
7f86e9261000-7f86e926b000 r--s 0005c000 08:06 2365219                    /usr/local/development/dev-7-7/Ignition/IgnitionWebApp/target/ignition-webapp-7.7/WEB-INF/lib/opccom-gateway-2.7.2-20141104.213642-1.jar
7f86e926b000-7f86e926c000 r--s 00001000 08:06 2365218                    /usr/local/development/dev-7-7/Ignition/IgnitionWebApp/target/ignition-webapp-7.7/WEB-INF/lib/opccom-common-2.7.2-20141104.213635-1.jar
7f86e926c000-7f86e9271000 r--s 00086000 08:06 2365210                    /usr/local/development/dev-7-7/Ignition/IgnitionWebApp/target/ignition-webapp-7.7/WEB-INF/lib/mobile-gateway-2.7.2-20141104.213623-19.jar
7f86e9271000-7f86e9273000 r--s 00002000 08:06 2365211                    /usr/local/development/dev-7-7/Ignition/IgnitionWebApp/target/ignition-webapp-7.7/WEB-INF/lib/mobile-common-2.7.2-20141104.213605-19.jar
7f86e9273000-7f86e9274000 r--s 00003000 08:06 2365006                    /usr/local/development/dev-7-7/Ignition/IgnitionWebApp/target/ignition-webapp-7.7/WEB-INF/lib/miglayout-swing-4.2.jar
7f86e9274000-7f86e9276000 r--s 0000f000 08:06 2365007                    /usr/local/development/dev-7-7/Ignition/IgnitionWebApp/target/ignition-webapp-7.7/WEB-INF/lib/miglayout-core-4.2.jar
7f86e9276000-7f86e9279000 r--s 00012000 08:06 2364935                    /usr/local/development/dev-7-7/Ignition/IgnitionWebApp/target/ignition-webapp-7.7/WEB-INF/lib/metrics-core-3.0.1.jar
7f86e9279000-7f86e92e8000 r--s 007bb000 08:06 2365205                    /usr/local/development/dev-7-7/Ignition/IgnitionWebApp/target/ignition-webapp-7.7/WEB-INF/lib/marytts-server-5.0.jar
7f86e92e8000-7f86e92eb000 r--s 0069c000 08:06 2365206                    /usr/local/development/dev-7-7/Ignition/IgnitionWebApp/target/ignition-webapp-7.7/WEB-INF/lib/marytts-lang-en-5.0.jar
7f86e92eb000-7f86e92f3000 r--s 00075000 08:06 2364951                    /usr/local/development/dev-7-7/Ignition/IgnitionWebApp/target/ignition-webapp-7.7/WEB-INF/lib/mail-1.4.5.jar
7f86e92f3000-7f86e92fa000 r--s 00059000 08:06 2364732                    /usr/local/development/dev-7-7/Ignition/IgnitionWebApp/target/ignition-webapp-7.7/WEB-INF/lib/log4j-1.2.15.jar
7f86e92fa000-7f86e9397000 r--s 0082e000 08:06 2364728                    /usr/local/development/dev-7-7/Ignition/IgnitionWebApp/target/ignition-webapp-7.7/WEB-INF/lib/jython-2.5.3-guava-upgrade.jar
7f86e9397000-7f86e9398000 r--s 00001000 08:06 2364765                    /usr/local/development/dev-7-7/Ignition/IgnitionWebApp/target/ignition-webapp-7.7/WEB-INF/lib/jul-to-slf4j-1.7.5.jar
7f86e9398000-7f86e939e000 r--s 00036000 08:06 2364949                    /usr/local/development/dev-7-7/Ignition/IgnitionWebApp/target/ignition-webapp-7.7/WEB-INF/lib/jquery-ui-core-6.1.0.jar
7f86e939e000-7f86e93ad000 r--s 0007c000 08:06 2364936                    /usr/local/development/dev-7-7/Ignition/IgnitionWebApp/target/ignition-webapp-7.7/WEB-INF/lib/joda-time-2.0.jar
7f86e93ad000-7f86e93b1000 r--s 00037000 08:06 2365221                    /usr/local/development/dev-7-7/Ignition/IgnitionWebApp/target/ignition-webapp-7.7/WEB-INF/lib/jniwrap-3.8.3.jar
7f86e93b1000-7f86e93b3000 r--s 00011000 08:06 2365015                    /usr/local/development/dev-7-7/Ignition/IgnitionWebApp/target/ignition-webapp-7.7/WEB-INF/lib/jide-shortcut-3.5.13.jar
7f86e93b3000-7f86e93b7000 r--s 00022000 08:06 2365010                    /usr/local/development/dev-7-7/Ignition/IgnitionWebApp/target/ignition-webapp-7.7/WEB-INF/lib/jide-plaf-3.5.13.jar
7f86e93b7000-7f86e93dd000 r--s 001da000 08:06 2365009                    /usr/local/development/dev-7-7/Ignition/IgnitionWebApp/target/ignition-webapp-7.7/WEB-INF/lib/jide-grids-3.5.13.jar
7f86e93dd000-7f86e93e7000 r--s 00061000 08:06 2365014                    /usr/local/development/dev-7-7/Ignition/IgnitionWebApp/target/ignition-webapp-7.7/WEB-INF/lib/jide-editor-3.5.13.jar
7f86e93e7000-7f86e93ed000 r--s 0004f000 08:06 2365013                    /usr/local/development/dev-7-7/Ignition/IgnitionWebApp/target/ignition-webapp-7.7/WEB-INF/lib/jide-dock-3.5.13.jar
7f86e93ed000-7f86e93ef000 r--s 0000c000 08:06 2365012                    /usr/local/development/dev-7-7/Ignition/IgnitionWebApp/target/ignition-webapp-7.7/WEB-INF/lib/jide-dialogs-3.5.13.jar
7f86e93ef000-7f86e93f7000 r--s 00055000 08:06 2365008                    /usr/local/development/dev-7-7/Ignition/IgnitionWebApp/target/ignition-webapp-7.7/WEB-INF/lib/jide-components-3.5.13.jar
7f86e93f7000-7f86e9414000 r--s 00155000 08:06 2364766                    /usr/local/development/dev-7-7/Ignition/IgnitionWebApp/target/ignition-webapp-7.7/WEB-INF/lib/jide-common-3.5.13.jar
7f86e9414000-7f86e9419000 r--s 0002f000 08:06 2365011                    /usr/local/development/dev-7-7/Ignition/IgnitionWebApp/target/ignition-webapp-7.7/WEB-INF/lib/jide-action-3.5.13.jar
7f86e9419000-7f86e942d000 r--s 0017c000 08:06 2365004                    /usr/local/development/dev-7-7/Ignition/IgnitionWebApp/target/ignition-webapp-7.7/WEB-INF/lib/jfreechart-min-1.0.0.jar
7f86e942d000-7f86e942f000 r--s 00004000 08:06 2364991                    /usr/local/development/dev-7-7/Ignition/IgnitionWebApp/target/ignition-webapp-7.7/WEB-INF/lib/jaxrpc-spi-1.1.3_01.jar
7f86e942f000-7f86e944c000 r--s 001ea000 08:06 2364953                    /usr/local/development/dev-7-7/Ignition/IgnitionWebApp/target/ignition-webapp-7.7/WEB-INF/lib/jaxrpc-impl-1.1.3_01.jar
7f86e944c000-7f86e944e000 r--s 00005000 08:06 2364954                    /usr/local/development/dev-7-7/Ignition/IgnitionWebApp/target/ignition-webapp-7.7/WEB-INF/lib/jaxrpc-api-1.1.jar
7f86e944e000-7f86e9450000 r--s 00013000 08:06 2364730                    /usr/local/development/dev-7-7/Ignition/IgnitionWebApp/target/ignition-webapp-7.7/WEB-INF/lib/java-cup-10k.jar
7f86e9450000-7f86e9451000 r--s 00003000 08:06 2365209                    /usr/local/development/dev-7-7/Ignition/IgnitionWebApp/target/ignition-webapp-7.7/WEB-INF/lib/ivonatts-1.0.0.jar
7f86e9451000-7f86e9453000 r--s 00001000 08:06 2365019                    /usr/local/development/dev-7-7/Ignition/IgnitionWebApp/target/ignition-webapp-7.7/WEB-INF/lib/io-session-3.0.0-20130122.214435-9.jar
7f86e9453000-7f86e945e000 r--s 00073000 08:06 2365018                    /usr/local/development/dev-7-7/Ignition/IgnitionWebApp/target/ignition-webapp-7.7/WEB-INF/lib/ia-opcua-2.7.2-20141104.213404-19.jar
7f86e945e000-7f86e946c000 r--s 0014e000 08:06 2364950                    /usr/local/development/dev-7-7/Ignition/IgnitionWebApp/target/ignition-webapp-7.7/WEB-INF/lib/hsqldb-2.2.9.jar
7f86e946c000-7f86e946d000 r--s 00001000 08:06 2365000                    /usr/local/development/dev-7-7/Ignition/IgnitionWebApp/target/ignition-webapp-7.7/WEB-INF/lib/hasp-srm-api-1.0.0.jar
7f86e946d000-7f86e9491000 r--s 001aa000 08:06 2364726                    /usr/local/development/dev-7-7/Ignition/IgnitionWebApp/target/ignition-webapp-7.7/WEB-INF/lib/guava-13.0.1.jar
7f86e9491000-7f86e94b6000 r--s 00155000 08:06 4198528                    /usr/local/development/dev-7-7/Ignition/IgnitionWebApp/target/ignition-webapp-7.7/WEB-INF/lib/gateway-api-7.7.2-SNAPSHOT.jar
7f86e94b6000-7f86e94eb000 r--s 00273000 08:06 4198535                    /usr/local/development/dev-7-7/Ignition/IgnitionWebApp/target/ignition-webapp-7.7/WEB-INF/lib/gateway-7.7.2-SNAPSHOT.jar
7f86e94eb000-7f86e94ef000 r--s 00016000 08:06 2365023                    /usr/local/development/dev-7-7/Ignition/IgnitionWebApp/target/ignition-webapp-7.7/WEB-INF/lib/fsql-common-6.7.2-20141104.213458-19.jar
7f86e94ef000-7f86e94f7000 r--s 001ca000 08:06 2365024                    /usr/local/development/dev-7-7/Ignition/IgnitionWebApp/target/ignition-webapp-7.7/WEB-INF/lib/fsql-6.7.2-20141104.213508-19.jar
7f86e94f7000-7f86e94fb000 r--s 000be000 08:06 4198527                    /usr/local/development/dev-7-7/Ignition/IgnitionWebApp/target/ignition-webapp-7.7/WEB-INF/lib/fpmi-gateway-7.7.2-SNAPSHOT.jar
7f86e94fb000-7f86e94fe000 r--s 00013000 08:06 2365003                    /usr/local/development/dev-7-7/Ignition/IgnitionWebApp/target/ignition-webapp-7.7/WEB-INF/lib/forms-1.0.7.jar
7f86e94fe000-7f86e9500000 r--s 00003000 08:06 2365021                    /usr/local/development/dev-7-7/Ignition/IgnitionWebApp/target/ignition-webapp-7.7/WEB-INF/lib/drivers-common-2.7.2-20141104.213438-19.jar
7f86e9500000-7f86e9507000 r--s 0002f000 08:06 2365017                    /usr/local/development/dev-7-7/Ignition/IgnitionWebApp/target/ignition-webapp-7.7/WEB-INF/lib/driver-api-2.7.2-20141104.213410-19.jar
7f86e9507000-7f86e955d000 r--s 00512000 08:06 4198523                    /usr/local/development/dev-7-7/Ignition/IgnitionWebApp/target/ignition-webapp-7.7/WEB-INF/lib/designer-7.7.2-SNAPSHOT.jar
7f86e955d000-7f86e955f000 r--s 00007000 08:06 2364731                    /usr/local/development/dev-7-7/Ignition/IgnitionWebApp/target/ignition-webapp-7.7/WEB-INF/lib/cron4j-2.2.3.jar
7f86e955f000-7f86e9566000 r--s 00054000 08:06 2364729                    /usr/local/development/dev-7-7/Ignition/IgnitionWebApp/target/ignition-webapp-7.7/WEB-INF/lib/core-1.7.jar
7f86e9566000-7f86e9569000 r--s 00013000 08:06 2364999                    /usr/local/development/dev-7-7/Ignition/IgnitionWebApp/target/ignition-webapp-7.7/WEB-INF/lib/commons-pool-1.4.jar
7f86e9569000-7f86e956b000 r--s 0000d000 08:06 2364941                    /usr/local/development/dev-7-7/Ignition/IgnitionWebApp/target/ignition-webapp-7.7/WEB-INF/lib/commons-logging-1.1.1.jar
7f86e956b000-7f86e9571000 r--s 00048000 08:06 2364723                    /usr/local/development/dev-7-7/Ignition/IgnitionWebApp/target/ignition-webapp-7.7/WEB-INF/lib/commons-lang3-3.1.jar
7f86e9571000-7f86e9573000 r--s 0000e000 08:06 2364942                    /usr/local/development/dev-7-7/Ignition/IgnitionWebApp/target/ignition-webapp-7.7/WEB-INF/lib/commons-lang-1.0.jar
7f86e9573000-7f86e9576000 r--s 00025000 08:06 2364722                    /usr/local/development/dev-7-7/Ignition/IgnitionWebApp/target/ignition-webapp-7.7/WEB-INF/lib/commons-io-2.1.jar
7f86e9576000-7f86e9579000 r--s 0000f000 08:06 2364997                    /usr/local/development/dev-7-7/Ignition/IgnitionWebApp/target/ignition-webapp-7.7/WEB-INF/lib/commons-discovery-0.2.jar
7f86e9579000-7f86e95aa000 r--s 001ea000 08:06 4198525                    /usr/local/development/dev-7-7/Ignition/IgnitionWebApp/target/ignition-webapp-7.7/WEB-INF/lib/common-7.7.2-SNAPSHOT.jar
7f86e95aa000-7f86e95b7000 r--s 00084000 08:06 2365220                    /usr/local/development/dev-7-7/Ignition/IgnitionWebApp/target/ignition-webapp-7.7/WEB-INF/lib/comfyj-2.9.jar
7f86e95b7000-7f86e95dd000 r--s 001be000 08:06 4198529                    /usr/local/development/dev-7-7/Ignition/IgnitionWebApp/target/ignition-webapp-7.7/WEB-INF/lib/client-api-7.7.2-SNAPSHOT.jar
7f86e95dd000-7f86e95e0000 ---p 00000000 00:00 0 
7f86e95e0000-7f86e98de000 rw-p 00000000 00:00 0 
7f86e98de000-7f86e98e1000 ---p 00000000 00:00 0 
7f86e98e1000-7f86e99df000 rw-p 00000000 00:00 0                          [stack:7877]
7f86e99df000-7f86e99e2000 ---p 00000000 00:00 0 
7f86e99e2000-7f86e9ae0000 rw-p 00000000 00:00 0                          [stack:7876]
7f86e9ae0000-7f86e9ae3000 ---p 00000000 00:00 0 
7f86e9ae3000-7f86e9be1000 rw-p 00000000 00:00 0                          [stack:7875]
7f86e9be1000-7f86e9be4000 ---p 00000000 00:00 0 
7f86e9be4000-7f86e9ce2000 rw-p 00000000 00:00 0                          [stack:7874]
7f86e9ce2000-7f86e9ce5000 ---p 00000000 00:00 0 
7f86e9ce5000-7f86e9de3000 rw-p 00000000 00:00 0                          [stack:7873]
7f86e9de3000-7f86e9de6000 ---p 00000000 00:00 0 
7f86e9de6000-7f86e9ee4000 rw-p 00000000 00:00 0 
7f86e9ee4000-7f86e9ee7000 ---p 00000000 00:00 0 
7f86e9ee7000-7f86e9fe5000 rw-p 00000000 00:00 0                          [stack:7872]
7f86e9fe5000-7f86e9fe8000 ---p 00000000 00:00 0 
7f86e9fe8000-7f86ea0e6000 rw-p 00000000 00:00 0                          [stack:7868]
7f86ea0e6000-7f86ea0e9000 ---p 00000000 00:00 0 
7f86ea0e9000-7f86ea1e7000 rw-p 00000000 00:00 0 
7f86ea1e7000-7f86ea1ea000 ---p 00000000 00:00 0 
7f86ea1ea000-7f86ea2e8000 rw-p 00000000 00:00 0 
7f86ea2e8000-7f86ea2fe000 r-xp 00000000 08:06 15602357                   /lib/x86_64-linux-gnu/libgcc_s.so.1
7f86ea2fe000-7f86ea4fd000 ---p 00016000 08:06 15602357                   /lib/x86_64-linux-gnu/libgcc_s.so.1
7f86ea4fd000-7f86ea4fe000 rw-p 00015000 08:06 15602357                   /lib/x86_64-linux-gnu/libgcc_s.so.1
7f86ea4fe000-7f86ea530000 r-xp 00000000 08:06 20582265                   /usr/lib/jvm/jdk1.8.0_20/jre/lib/amd64/libsunec.so
7f86ea530000-7f86ea72f000 ---p 00032000 08:06 20582265                   /usr/lib/jvm/jdk1.8.0_20/jre/lib/amd64/libsunec.so
7f86ea72f000-7f86ea735000 rw-p 00031000 08:06 20582265                   /usr/lib/jvm/jdk1.8.0_20/jre/lib/amd64/libsunec.so
7f86ea735000-7f86ea945000 rw-p 00000000 00:00 0 
7f86ea945000-7f86ea94a000 r-xp 00000000 08:06 15211194                   /usr/lib/x86_64-linux-gnu/libXdmcp.so.6.0.0
7f86ea94a000-7f86eab49000 ---p 00005000 08:06 15211194                   /usr/lib/x86_64-linux-gnu/libXdmcp.so.6.0.0
7f86eab49000-7f86eab4a000 r--p 00004000 08:06 15211194                   /usr/lib/x86_64-linux-gnu/libXdmcp.so.6.0.0
7f86eab4a000-7f86eab4b000 rw-p 00005000 08:06 15211194                   /usr/lib/x86_64-linux-gnu/libXdmcp.so.6.0.0
7f86eab4b000-7f86eab4d000 r-xp 00000000 08:06 15211183                   /usr/lib/x86_64-linux-gnu/libXau.so.6.0.0
7f86eab4d000-7f86ead4d000 ---p 00002000 08:06 15211183                   /usr/lib/x86_64-linux-gnu/libXau.so.6.0.0
7f86ead4d000-7f86ead4e000 r--p 00002000 08:06 15211183                   /usr/lib/x86_64-linux-gnu/libXau.so.6.0.0
7f86ead4e000-7f86ead4f000 rw-p 00003000 08:06 15211183                   /usr/lib/x86_64-linux-gnu/libXau.so.6.0.0
7f86ead4f000-7f86ead6c000 r-xp 00000000 08:06 15212358                   /usr/lib/x86_64-linux-gnu/libxcb.so.1.1.0
7f86ead6c000-7f86eaf6c000 ---p 0001d000 08:06 15212358                   /usr/lib/x86_64-linux-gnu/libxcb.so.1.1.0
7f86eaf6c000-7f86eaf6d000 r--p 0001d000 08:06 15212358                   /usr/lib/x86_64-linux-gnu/libxcb.so.1.1.0
7f86eaf6d000-7f86eaf6e000 rw-p 0001e000 08:06 15212358                   /usr/lib/x86_64-linux-gnu/libxcb.so.1.1.0
7f86eaf6e000-7f86eaf7d000 r-xp 00000000 08:06 15211204                   /usr/lib/x86_64-linux-gnu/libXi.so.6.1.0
7f86eaf7d000-7f86eb17c000 ---p 0000f000 08:06 15211204                   /usr/lib/x86_64-linux-gnu/libXi.so.6.1.0
7f86eb17c000-7f86eb17d000 r--p 0000e000 08:06 15211204                   /usr/lib/x86_64-linux-gnu/libXi.so.6.1.0
7f86eb17d000-7f86eb17e000 rw-p 0000f000 08:06 15211204                   /usr/lib/x86_64-linux-gnu/libXi.so.6.1.0
7f86eb17e000-7f86eb183000 r-xp 00000000 08:06 15211222                   /usr/lib/x86_64-linux-gnu/libXtst.so.6.1.0
7f86eb183000-7f86eb382000 ---p 00005000 08:06 15211222                   /usr/lib/x86_64-linux-gnu/libXtst.so.6.1.0
7f86eb382000-7f86eb383000 r--p 00004000 08:06 15211222                   /usr/lib/x86_64-linux-gnu/libXtst.so.6.1.0
7f86eb383000-7f86eb384000 rw-p 00005000 08:06 15211222                   /usr/lib/x86_64-linux-gnu/libXtst.so.6.1.0
7f86eb384000-7f86eb38d000 r-xp 00000000 08:06 15211216                   /usr/lib/x86_64-linux-gnu/libXrender.so.1.3.0
7f86eb38d000-7f86eb58c000 ---p 00009000 08:06 15211216                   /usr/lib/x86_64-linux-gnu/libXrender.so.1.3.0
7f86eb58c000-7f86eb58d000 r--p 00008000 08:06 15211216                   /usr/lib/x86_64-linux-gnu/libXrender.so.1.3.0
7f86eb58d000-7f86eb58e000 rw-p 00009000 08:06 15211216                   /usr/lib/x86_64-linux-gnu/libXrender.so.1.3.0
7f86eb58e000-7f86eb6be000 r-xp 00000000 08:06 15211179                   /usr/lib/x86_64-linux-gnu/libX11.so.6.3.0
7f86eb6be000-7f86eb8be000 ---p 00130000 08:06 15211179                   /usr/lib/x86_64-linux-gnu/libX11.so.6.3.0
7f86eb8be000-7f86eb8bf000 r--p 00130000 08:06 15211179                   /usr/lib/x86_64-linux-gnu/libX11.so.6.3.0
7f86eb8bf000-7f86eb8c3000 rw-p 00131000 08:06 15211179                   /usr/lib/x86_64-linux-gnu/libX11.so.6.3.0
7f86eb8c3000-7f86eb8d4000 r-xp 00000000 08:06 15211196                   /usr/lib/x86_64-linux-gnu/libXext.so.6.4.0
7f86eb8d4000-7f86ebad3000 ---p 00011000 08:06 15211196                   /usr/lib/x86_64-linux-gnu/libXext.so.6.4.0
7f86ebad3000-7f86ebad4000 r--p 00010000 08:06 15211196                   /usr/lib/x86_64-linux-gnu/libXext.so.6.4.0
7f86ebad4000-7f86ebad5000 rw-p 00011000 08:06 15211196                   /usr/lib/x86_64-linux-gnu/libXext.so.6.4.0
7f86ebad5000-7f86ebb29000 r-xp 00000000 08:06 20582307                   /usr/lib/jvm/jdk1.8.0_20/jre/lib/amd64/libawt_xawt.so
7f86ebb29000-7f86ebd29000 ---p 00054000 08:06 20582307                   /usr/lib/jvm/jdk1.8.0_20/jre/lib/amd64/libawt_xawt.so
7f86ebd29000-7f86ebd2d000 rw-p 00054000 08:06 20582307                   /usr/lib/jvm/jdk1.8.0_20/jre/lib/amd64/libawt_xawt.so
7f86ebd2d000-7f86ebd2e000 rw-p 00000000 00:00 0 
7f86ebd2e000-7f86ebdd0000 r-xp 00000000 08:06 20582293                   /usr/lib/jvm/jdk1.8.0_20/jre/lib/amd64/libawt.so
7f86ebdd0000-7f86ebfd0000 ---p 000a2000 08:06 20582293                   /usr/lib/jvm/jdk1.8.0_20/jre/lib/amd64/libawt.so
7f86ebfd0000-7f86ebfdc000 rw-p 000a2000 08:06 20582293                   /usr/lib/jvm/jdk1.8.0_20/jre/lib/amd64/libawt.so
7f86ebfdc000-7f86ec000000 rw-p 00000000 00:00 0 
7f86ec000000-7f86ec021000 rw-p 00000000 00:00 0 
7f86ec021000-7f86f0000000 ---p 00000000 00:00 0 
7f86f0000000-7f86f0021000 rw-p 00000000 00:00 0 
7f86f0021000-7f86f4000000 ---p 00000000 00:00 0 
7f86f4000000-7f86f4021000 rw-p 00000000 00:00 0 
7f86f4021000-7f86f8000000 ---p 00000000 00:00 0 
7f86f8000000-7f86f8021000 rw-p 00000000 00:00 0 
7f86f8021000-7f86fc000000 ---p 00000000 00:00 0 
7f86fc000000-7f86fd683000 rw-p 00000000 00:00 0 
7f86fd683000-7f8700000000 ---p 00000000 00:00 0 
7f8700000000-7f8700021000 rw-p 00000000 00:00 0 
7f8700021000-7f8704000000 ---p 00000000 00:00 0 
7f8704000000-7f8705ee9000 rw-p 00000000 00:00 0 
7f8705ee9000-7f8708000000 ---p 00000000 00:00 0 
7f8708000000-7f8708d0c000 rw-p 00000000 00:00 0 
7f8708d0c000-7f870c000000 ---p 00000000 00:00 0 
7f870c000000-7f870c021000 rw-p 00000000 00:00 0 
7f870c021000-7f8710000000 ---p 00000000 00:00 0 
7f8710000000-7f8711827000 rw-p 00000000 00:00 0 
7f8711827000-7f8714000000 ---p 00000000 00:00 0 
7f8714000000-7f8714021000 rw-p 00000000 00:00 0 
7f8714021000-7f8718000000 ---p 00000000 00:00 0 
7f8718000000-7f87180c7000 rw-p 00000000 00:00 0 
7f87180c7000-7f871c000000 ---p 00000000 00:00 0 
7f871c000000-7f871c021000 rw-p 00000000 00:00 0 
7f871c021000-7f8720000000 ---p 00000000 00:00 0 
7f8720000000-7f8720021000 rw-p 00000000 00:00 0 
7f8720021000-7f8724000000 ---p 00000000 00:00 0 
7f8724000000-7f8724021000 rw-p 00000000 00:00 0 
7f8724021000-7f8728000000 ---p 00000000 00:00 0 
7f8728000000-7f8728001000 r--s 00001000 08:06 4198522                    /usr/local/development/dev-7-7/Ignition/IgnitionWebApp/target/ignition-webapp-7.7/WEB-INF/lib/fpmi-common-7.7.2-SNAPSHOT.jar
7f8728001000-7f8728003000 r--s 0001c000 08:06 2364998                    /usr/local/development/dev-7-7/Ignition/IgnitionWebApp/target/ignition-webapp-7.7/WEB-INF/lib/commons-dbcp-1.2.2.jar
7f8728003000-7f8728005000 r--s 00006000 08:06 2364940                    /usr/local/development/dev-7-7/Ignition/IgnitionWebApp/target/ignition-webapp-7.7/WEB-INF/lib/commons-cli-1.0.jar
7f8728005000-7f872800a000 r--s 00030000 08:06 4198524                    /usr/local/development/dev-7-7/Ignition/IgnitionWebApp/target/ignition-webapp-7.7/WEB-INF/lib/client-bootstrap-7.7.2-SNAPSHOT.jar
7f872800a000-7f872800b000 r--s 00004000 08:06 4198536                    /usr/local/development/dev-7-7/Ignition/IgnitionWebApp/target/ignition-webapp-7.7/WEB-INF/lib/bootstrap-7.7.2-SNAPSHOT-classes.jar
7f872800b000-7f8728033000 r--s 00196000 08:06 2364727                    /usr/local/development/dev-7-7/Ignition/IgnitionWebApp/target/ignition-webapp-7.7/WEB-INF/lib/bcprov-jdk16-unsigned-1.46-unsigned.jar
7f8728033000-7f8728038000 r--s 0003e000 08:06 2364938                    /usr/local/development/dev-7-7/Ignition/IgnitionWebApp/target/ignition-webapp-7.7/WEB-INF/lib/barcode4j-2.1.jar
7f8728038000-7f872803b000 r--s 0001c000 08:06 2364996                    /usr/local/development/dev-7-7/Ignition/IgnitionWebApp/target/ignition-webapp-7.7/WEB-INF/lib/axis-wsdl4j-1.5.1.jar
7f872803b000-7f872804f000 r--s 00173000 08:06 2364993                    /usr/local/development/dev-7-7/Ignition/IgnitionWebApp/target/ignition-webapp-7.7/WEB-INF/lib/axis-1.4.jar
7f872804f000-7f8728052000 ---p 00000000 00:00 0 
7f8728052000-7f8728350000 rw-p 00000000 00:00 0                          [stack:7863]
7f8728350000-7f8730000000 rw-p 00000000 00:00 0 
7f8730000000-7f8730021000 rw-p 00000000 00:00 0 
7f8730021000-7f8734000000 ---p 00000000 00:00 0 
7f8734000000-7f87341f4000 rw-p 00000000 00:00 0 
7f87341f4000-7f8738000000 ---p 00000000 00:00 0 
7f8738000000-7f8738021000 rw-p 00000000 00:00 0 
7f8738021000-7f873c000000 ---p 00000000 00:00 0 
7f873c000000-7f873c001000 r--s 00004000 08:06 2364995                    /usr/local/development/dev-7-7/Ignition/IgnitionWebApp/target/ignition-webapp-7.7/WEB-INF/lib/axis-saaj-1.4.jar
7f873c001000-7f873c003000 r--s 00006000 08:06 2364994                    /usr/local/development/dev-7-7/Ignition/IgnitionWebApp/target/ignition-webapp-7.7/WEB-INF/lib/axis-jaxrpc-1.4.jar
7f873c003000-7f873c005000 r--s 0000d000 08:06 2364939                    /usr/local/development/dev-7-7/Ignition/IgnitionWebApp/target/ignition-webapp-7.7/WEB-INF/lib/avalon-framework-impl-4.2.0.jar
7f873c005000-7f873c00d000 r--s 00049000 08:06 2365005                    /usr/local/development/dev-7-7/Ignition/IgnitionWebApp/target/ignition-webapp-7.7/WEB-INF/lib/alloy-1.4.4.ia1.jar
7f873c00d000-7f873c00f000 r--s 00003000 08:06 2365026                    /usr/local/development/dev-7-7/Ignition/IgnitionWebApp/target/ignition-webapp-7.7/WEB-INF/lib/alarm-notification-gateway-api-2.7.2-20141104.214105-19.jar
7f873c00f000-7f873c015000 r--s 00032000 08:06 2365025                    /usr/local/development/dev-7-7/Ignition/IgnitionWebApp/target/ignition-webapp-7.7/WEB-INF/lib/alarm-notification-gateway-2.7.2-20141104.214111-19.jar
7f873c015000-7f873c017000 r--s 00004000 08:06 2365027                    /usr/local/development/dev-7-7/Ignition/IgnitionWebApp/target/ignition-webapp-7.7/WEB-INF/lib/alarm-notification-common-2.7.2-20141104.214053-19.jar
7f873c017000-7f873c021000 r--s 00036000 08:06 2365203                    /usr/local/development/dev-7-7/Ignition/IgnitionWebApp/target/ignition-webapp-7.7/WEB-INF/lib/airlink-sms-notification-2.7.2-20141104.214125-19.jar
7f873c021000-7f873c023000 r--s 0000d000 08:06 2365001                    /usr/local/development/dev-7-7/Ignition/IgnitionWebApp/target/ignition-webapp-7.7/WEB-INF/lib/activation-ws-1.0.0.jar
7f873c023000-7f873c025000 r--s 0000e000 08:06 2364952                    /usr/local/development/dev-7-7/Ignition/IgnitionWebApp/target/ignition-webapp-7.7/WEB-INF/lib/activation-1.1.jar
7f873c025000-7f873c02e000 r--s 00069000 08:06 2365223                    /usr/local/development/dev-7-7/Ignition/IgnitionWebApp/target/ignition-webapp-7.7/WEB-INF/lib/ab-drivers-1.7.0-20131026.004154-8.jar
7f873c02e000-7f873c033000 r--s 0003c000 08:06 2364992                    /usr/local/development/dev-7-7/Ignition/IgnitionWebApp/target/ignition-webapp-7.7/WEB-INF/lib/FastInfoset-1.0.2.jar
7f873c033000-7f873c038000 r--s 002f8000 08:06 20582247                   /usr/lib/jvm/jdk1.8.0_20/jre/lib/charsets.jar
7f873c038000-7f873c03d000 r--s 0003f000 08:06 1185790                    /usr/lib/jvm/jdk1.8.0_20/jre/lib/ext/sunjce_provider.jar
7f873c03d000-7f873c040000 r--s 0003a000 08:06 1185787                    /usr/lib/jvm/jdk1.8.0_20/jre/lib/ext/sunpkcs11.jar
7f873c040000-7f873c042000 r--s 0001a000 08:06 20582317                   /usr/lib/jvm/jdk1.8.0_20/jre/lib/jce.jar
7f873c042000-7f873c045000 ---p 00000000 00:00 0 
7f873c045000-7f873c143000 rw-p 00000000 00:00 0                          [stack:7862]
7f873c143000-7f873c14d000 r--s 00116000 08:06 1185789                    /usr/lib/jvm/jdk1.8.0_20/jre/lib/ext/localedata.jar
7f873c14d000-7f873c169000 r--s 00393000 08:06 1185783                    /usr/lib/jvm/jdk1.8.0_20/jre/lib/ext/cldrdata.jar
7f873c169000-7f873c16c000 r--s 0000f000 08:06 19532219                   /usr/local/development/dev-7-6/Ignition/Servers/apache-tomcat-6.0.36/lib/tomcat-i18n-es.jar
7f873c16c000-7f873c16e000 r--s 0000b000 08:06 19532220                   /usr/local/development/dev-7-6/Ignition/Servers/apache-tomcat-6.0.36/lib/tomcat-i18n-fr.jar
7f873c16e000-7f873c172000 r--s 0003a000 08:06 19532218                   /usr/local/development/dev-7-6/Ignition/Servers/apache-tomcat-6.0.36/lib/tomcat-dbcp.jar
7f873c172000-7f873c182000 r--s 0019c000 08:06 19532210                   /usr/local/development/dev-7-6/Ignition/Servers/apache-tomcat-6.0.36/lib/ecj-3.7.2.jar
7f873c182000-7f873c192000 r--s 00120000 08:06 19532209                   /usr/local/development/dev-7-6/Ignition/Servers/apache-tomcat-6.0.36/lib/catalina.jar
7f873c192000-7f873c193000 ---p 00000000 00:00 0 
7f873c193000-7f873c293000 rw-p 00000000 00:00 0                          [stack:7861]
7f873c293000-7f873c296000 ---p 00000000 00:00 0 
7f873c296000-7f873c394000 rw-p 00000000 00:00 0                          [stack:7860]
7f873c394000-7f873c397000 ---p 00000000 00:00 0 
7f873c397000-7f873c495000 rw-p 00000000 00:00 0                          [stack:7859]
7f873c495000-7f873c498000 ---p 00000000 00:00 0 
7f873c498000-7f873c596000 rw-p 00000000 00:00 0                          [stack:7858]
7f873c596000-7f873c5a7000 r-xp 00000000 08:06 20582303                   /usr/lib/jvm/jdk1.8.0_20/jre/lib/amd64/libnio.so
7f873c5a7000-7f873c7a6000 ---p 00011000 08:06 20582303                   /usr/lib/jvm/jdk1.8.0_20/jre/lib/amd64/libnio.so
7f873c7a6000-7f873c7a7000 rw-p 00010000 08:06 20582303                   /usr/lib/jvm/jdk1.8.0_20/jre/lib/amd64/libnio.so
7f873c7a7000-7f873c7d8000 rw-p 00000000 00:00 0 
7f873c7d8000-7f873c7ee000 r-xp 00000000 08:06 20582300                   /usr/lib/jvm/jdk1.8.0_20/jre/lib/amd64/libnet.so
7f873c7ee000-7f873c9ee000 ---p 00016000 08:06 20582300                   /usr/lib/jvm/jdk1.8.0_20/jre/lib/amd64/libnet.so
7f873c9ee000-7f873c9ef000 rw-p 00016000 08:06 20582300                   /usr/lib/jvm/jdk1.8.0_20/jre/lib/amd64/libnet.so
7f873c9ef000-7f873c9f7000 r-xp 00000000 08:06 20582308                   /usr/lib/jvm/jdk1.8.0_20/jre/lib/amd64/libmanagement.so
7f873c9f7000-7f873cbf7000 ---p 00008000 08:06 20582308                   /usr/lib/jvm/jdk1.8.0_20/jre/lib/amd64/libmanagement.so
7f873cbf7000-7f873cbf8000 rw-p 00008000 08:06 20582308                   /usr/lib/jvm/jdk1.8.0_20/jre/lib/amd64/libmanagement.so
7f873cbf8000-7f873cbfb000 ---p 00000000 00:00 0 
7f873cbfb000-7f873ccf9000 rw-p 00000000 00:00 0                          [stack:7857]
7f873ccf9000-7f873ccfc000 ---p 00000000 00:00 0 
7f873ccfc000-7f873cdfa000 rw-p 00000000 00:00 0                          [stack:7856]
7f873cdfa000-7f873cdfd000 ---p 00000000 00:00 0 
7f873cdfd000-7f873cefb000 rw-p 00000000 00:00 0                          [stack:7855]
7f873cefb000-7f873cefe000 ---p 00000000 00:00 0 
7f873cefe000-7f873cffc000 rw-p 00000000 00:00 0                          [stack:7854]
7f873cffc000-7f873cfff000 ---p 00000000 00:00 0 
7f873cfff000-7f873d0fd000 rw-p 00000000 00:00 0                          [stack:7853]
7f873d0fd000-7f873d100000 ---p 00000000 00:00 0 
7f873d100000-7f873d1fe000 rw-p 00000000 00:00 0 
7f873d1fe000-7f873d201000 ---p 00000000 00:00 0 
7f873d201000-7f873d2ff000 rw-p 00000000 00:00 0                          [stack:7851]
7f873d2ff000-7f873d302000 ---p 00000000 00:00 0 
7f873d302000-7f873d400000 rw-p 00000000 00:00 0                          [stack:7970]
7f873d400000-7f873d404000 r-xp 00000000 08:06 20582275                   /usr/lib/jvm/jdk1.8.0_20/jre/lib/amd64/libdt_socket.so
7f873d404000-7f873d603000 ---p 00004000 08:06 20582275                   /usr/lib/jvm/jdk1.8.0_20/jre/lib/amd64/libdt_socket.so
7f873d603000-7f873d604000 rw-p 00003000 08:06 20582275                   /usr/lib/jvm/jdk1.8.0_20/jre/lib/amd64/libdt_socket.so
7f873d604000-7f873d607000 ---p 00000000 00:00 0 
7f873d607000-7f873d705000 rw-p 00000000 00:00 0                          [stack:7847]
7f873d705000-7f873d708000 ---p 00000000 00:00 0 
7f873d708000-7f873d806000 rw-p 00000000 00:00 0                          [stack:7846]
7f873d806000-7f873d809000 ---p 00000000 00:00 0 
7f873d809000-7f873d907000 rw-p 00000000 00:00 0                          [stack:7845]
7f873d907000-7f873d908000 ---p 00000000 00:00 0 
7f873d908000-7f873f62b000 rw-p 00000000 00:00 0                          [stack:7844]
7f873f62b000-7f873f800000 r--s 03ca3000 08:06 20582249                   /usr/lib/jvm/jdk1.8.0_20/jre/lib/rt.jar
7f873f800000-7f8740000000 rw-p 00000000 00:00 0 
7f8740000000-7f8740021000 rw-p 00000000 00:00 0 
7f8740021000-7f8744000000 ---p 00000000 00:00 0 
7f8744000000-7f8744021000 rw-p 00000000 00:00 0 
7f8744021000-7f8748000000 ---p 00000000 00:00 0 
7f8748000000-7f8748021000 rw-p 00000000 00:00 0 
7f8748021000-7f874c000000 ---p 00000000 00:00 0 
7f874c000000-7f874c021000 rw-p 00000000 00:00 0 
7f874c021000-7f8750000000 ---p 00000000 00:00 0 
7f8750000000-7f8750021000 rw-p 00000000 00:00 0 
7f8750021000-7f8754000000 ---p 00000000 00:00 0 
7f8754000000-7f8754021000 rw-p 00000000 00:00 0 
7f8754021000-7f8758000000 ---p 00000000 00:00 0 
7f8758000000-7f8758001000 r--s 00009000 08:06 1185781                    /usr/lib/jvm/jdk1.8.0_20/jre/lib/ext/sunec.jar
7f8758001000-7f8758008000 r--s 000c7000 08:06 19532215                   /usr/local/development/dev-7-6/Ignition/Servers/apache-tomcat-6.0.36/lib/mysql-connector-java-5.1.23-bin.jar
7f8758008000-7f875800c000 r--s 00036000 08:06 19532208                   /usr/local/development/dev-7-6/Ignition/Servers/apache-tomcat-6.0.36/lib/catalina-tribes.jar
7f875800c000-7f87587f8000 rw-p 00000000 00:00 0 
7f87587f8000-7f87587f9000 ---p 00000000 00:00 0 
7f87587f9000-7f87588f9000 rw-p 00000000 00:00 0                          [stack:7843]
7f87588f9000-7f87588fa000 ---p 00000000 00:00 0 
7f87588fa000-7f87589fa000 rw-p 00000000 00:00 0                          [stack:7842]
7f87589fa000-7f87589fb000 ---p 00000000 00:00 0 
7f87589fb000-7f8758afb000 rw-p 00000000 00:00 0                          [stack:7841]
7f8758afb000-7f8758afc000 ---p 00000000 00:00 0 
7f8758afc000-7f8758bfc000 rw-p 00000000 00:00 0                          [stack:7840]
7f8758bfc000-7f8758bfd000 ---p 00000000 00:00 0 
7f8758bfd000-7f8758cfd000 rw-p 00000000 00:00 0                          [stack:7839]
7f8758cfd000-7f8758cfe000 ---p 00000000 00:00 0 
7f8758cfe000-7f8758dfe000 rw-p 00000000 00:00 0                          [stack:7838]
7f8758dfe000-7f8758dff000 ---p 00000000 00:00 0 
7f8758dff000-7f8758eff000 rw-p 00000000 00:00 0                          [stack:7837]
7f8758eff000-7f8758f00000 ---p 00000000 00:00 0 
7f8758f00000-7f8759000000 rw-p 00000000 00:00 0                          [stack:7836]
7f8759000000-7f875a4f0000 rwxp 00000000 00:00 0 
7f875a4f0000-7f8768000000 ---p 00000000 00:00 0 
7f8768000000-7f87687e6000 rw-p 00000000 00:00 0 
7f87687e6000-7f876c000000 ---p 00000000 00:00 0 
7f876c000000-7f876c003000 r--s 0001e000 08:06 19532207                   /usr/local/development/dev-7-6/Ignition/Servers/apache-tomcat-6.0.36/lib/catalina-ha.jar
7f876c003000-7f876c00a000 r--s 0007a000 08:06 19532213                   /usr/local/development/dev-7-6/Ignition/Servers/apache-tomcat-6.0.36/lib/jasper.jar
7f876c00a000-7f876c014000 r--s 000b3000 08:06 19532217                   /usr/local/development/dev-7-6/Ignition/Servers/apache-tomcat-6.0.36/lib/tomcat-coyote.jar
7f876c014000-7f876c151000 rw-p 00000000 00:00 0 
7f876c151000-7f876c60b000 ---p 00000000 00:00 0 
7f876c60b000-7f876c683000 rw-p 00000000 00:00 0 
7f876c683000-7f876cb3d000 ---p 00000000 00:00 0 
7f876cb3d000-7f876cbdc000 rw-p 00000000 00:00 0 
7f876cbdc000-7f876cdd6000 ---p 00000000 00:00 0 
7f876cdd6000-7f876ce2b000 rw-p 00000000 00:00 0 
7f876ce2b000-7f876d197000 ---p 00000000 00:00 0 
7f876d197000-7f876d1b3000 r-xp 00000000 08:06 20582296                   /usr/lib/jvm/jdk1.8.0_20/jre/lib/amd64/libzip.so
7f876d1b3000-7f876d3b2000 ---p 0001c000 08:06 20582296                   /usr/lib/jvm/jdk1.8.0_20/jre/lib/amd64/libzip.so
7f876d3b2000-7f876d3b3000 rw-p 0001b000 08:06 20582296                   /usr/lib/jvm/jdk1.8.0_20/jre/lib/amd64/libzip.so
7f876d3b3000-7f876d3be000 r-xp 00000000 08:06 15602342                   /lib/x86_64-linux-gnu/libnss_files-2.19.so
7f876d3be000-7f876d5bd000 ---p 0000b000 08:06 15602342                   /lib/x86_64-linux-gnu/libnss_files-2.19.so
7f876d5bd000-7f876d5be000 r--p 0000a000 08:06 15602342                   /lib/x86_64-linux-gnu/libnss_files-2.19.so
7f876d5be000-7f876d5bf000 rw-p 0000b000 08:06 15602342                   /lib/x86_64-linux-gnu/libnss_files-2.19.so
7f876d5bf000-7f876d5ca000 r-xp 00000000 08:06 15602345                   /lib/x86_64-linux-gnu/libnss_nis-2.19.so
7f876d5ca000-7f876d7c9000 ---p 0000b000 08:06 15602345                   /lib/x86_64-linux-gnu/libnss_nis-2.19.so
7f876d7c9000-7f876d7ca000 r--p 0000a000 08:06 15602345                   /lib/x86_64-linux-gnu/libnss_nis-2.19.so
7f876d7ca000-7f876d7cb000 rw-p 0000b000 08:06 15602345                   /lib/x86_64-linux-gnu/libnss_nis-2.19.so
7f876d7cb000-7f876d7e2000 r-xp 00000000 08:06 15602152                   /lib/x86_64-linux-gnu/libnsl-2.19.so
7f876d7e2000-7f876d9e1000 ---p 00017000 08:06 15602152                   /lib/x86_64-linux-gnu/libnsl-2.19.so
7f876d9e1000-7f876d9e2000 r--p 00016000 08:06 15602152                   /lib/x86_64-linux-gnu/libnsl-2.19.so
7f876d9e2000-7f876d9e3000 rw-p 00017000 08:06 15602152                   /lib/x86_64-linux-gnu/libnsl-2.19.so
7f876d9e3000-7f876d9e5000 rw-p 00000000 00:00 0 
7f876d9e5000-7f876d9ee000 r-xp 00000000 08:06 15601662                   /lib/x86_64-linux-gnu/libnss_compat-2.19.so
7f876d9ee000-7f876dbed000 ---p 00009000 08:06 15601662                   /lib/x86_64-linux-gnu/libnss_compat-2.19.so
7f876dbed000-7f876dbee000 r--p 00008000 08:06 15601662                   /lib/x86_64-linux-gnu/libnss_compat-2.19.so
7f876dbee000-7f876dbef000 rw-p 00009000 08:06 15601662                   /lib/x86_64-linux-gnu/libnss_compat-2.19.so
7f876dbef000-7f876deb8000 r--p 00000000 08:06 15209877                   /usr/lib/locale/locale-archive
7f876deb8000-7f876deba000 r-xp 00000000 08:06 20582276                   /usr/lib/jvm/jdk1.8.0_20/jre/lib/amd64/libnpt.so
7f876deba000-7f876e0ba000 ---p 00002000 08:06 20582276                   /usr/lib/jvm/jdk1.8.0_20/jre/lib/amd64/libnpt.so
7f876e0ba000-7f876e0bb000 rw-p 00002000 08:06 20582276                   /usr/lib/jvm/jdk1.8.0_20/jre/lib/amd64/libnpt.so
7f876e0bb000-7f876e0f4000 r-xp 00000000 08:06 20582287                   /usr/lib/jvm/jdk1.8.0_20/jre/lib/amd64/libjdwp.so
7f876e0f4000-7f876e2f3000 ---p 00039000 08:06 20582287                   /usr/lib/jvm/jdk1.8.0_20/jre/lib/amd64/libjdwp.so
7f876e2f3000-7f876e2f5000 rw-p 00038000 08:06 20582287                   /usr/lib/jvm/jdk1.8.0_20/jre/lib/amd64/libjdwp.so
7f876e2f5000-7f876e31f000 r-xp 00000000 08:06 20582291                   /usr/lib/jvm/jdk1.8.0_20/jre/lib/amd64/libjava.so
7f876e31f000-7f876e51f000 ---p 0002a000 08:06 20582291                   /usr/lib/jvm/jdk1.8.0_20/jre/lib/amd64/libjava.so
7f876e51f000-7f876e521000 rw-p 0002a000 08:06 20582291                   /usr/lib/jvm/jdk1.8.0_20/jre/lib/amd64/libjava.so
7f876e521000-7f876e52e000 r-xp 00000000 08:06 20582295                   /usr/lib/jvm/jdk1.8.0_20/jre/lib/amd64/libverify.so
7f876e52e000-7f876e72e000 ---p 0000d000 08:06 20582295                   /usr/lib/jvm/jdk1.8.0_20/jre/lib/amd64/libverify.so
7f876e72e000-7f876e730000 rw-p 0000d000 08:06 20582295                   /usr/lib/jvm/jdk1.8.0_20/jre/lib/amd64/libverify.so
7f876e730000-7f876e737000 r-xp 00000000 08:06 15602320                   /lib/x86_64-linux-gnu/librt-2.19.so
7f876e737000-7f876e936000 ---p 00007000 08:06 15602320                   /lib/x86_64-linux-gnu/librt-2.19.so
7f876e936000-7f876e937000 r--p 00006000 08:06 15602320                   /lib/x86_64-linux-gnu/librt-2.19.so
7f876e937000-7f876e938000 rw-p 00007000 08:06 15602320                   /lib/x86_64-linux-gnu/librt-2.19.so
7f876e938000-7f876ea3d000 r-xp 00000000 08:06 15602334                   /lib/x86_64-linux-gnu/libm-2.19.so
7f876ea3d000-7f876ec3c000 ---p 00105000 08:06 15602334                   /lib/x86_64-linux-gnu/libm-2.19.so
7f876ec3c000-7f876ec3d000 r--p 00104000 08:06 15602334                   /lib/x86_64-linux-gnu/libm-2.19.so
7f876ec3d000-7f876ec3e000 rw-p 00105000 08:06 15602334                   /lib/x86_64-linux-gnu/libm-2.19.so
7f876ec3e000-7f876f8a8000 r-xp 00000000 08:06 20845908                   /usr/lib/jvm/jdk1.8.0_20/jre/lib/amd64/server/libjvm.so
7f876f8a8000-7f876faa8000 ---p 00c6a000 08:06 20845908                   /usr/lib/jvm/jdk1.8.0_20/jre/lib/amd64/server/libjvm.so
7f876faa8000-7f876fb7e000 rw-p 00c6a000 08:06 20845908                   /usr/lib/jvm/jdk1.8.0_20/jre/lib/amd64/server/libjvm.so
7f876fb7e000-7f876fbc0000 rw-p 00000000 00:00 0 
7f876fbc0000-7f876fd7b000 r-xp 00000000 08:06 15602328                   /lib/x86_64-linux-gnu/libc-2.19.so
7f876fd7b000-7f876ff7b000 ---p 001bb000 08:06 15602328                   /lib/x86_64-linux-gnu/libc-2.19.so
7f876ff7b000-7f876ff7f000 r--p 001bb000 08:06 15602328                   /lib/x86_64-linux-gnu/libc-2.19.so
7f876ff7f000-7f876ff81000 rw-p 001bf000 08:06 15602328                   /lib/x86_64-linux-gnu/libc-2.19.so
7f876ff81000-7f876ff86000 rw-p 00000000 00:00 0 
7f876ff86000-7f876ff89000 r-xp 00000000 08:06 15602352                   /lib/x86_64-linux-gnu/libdl-2.19.so
7f876ff89000-7f8770188000 ---p 00003000 08:06 15602352                   /lib/x86_64-linux-gnu/libdl-2.19.so
7f8770188000-7f8770189000 r--p 00002000 08:06 15602352                   /lib/x86_64-linux-gnu/libdl-2.19.so
7f8770189000-7f877018a000 rw-p 00003000 08:06 15602352                   /lib/x86_64-linux-gnu/libdl-2.19.so
7f877018a000-7f87701a1000 r-xp 00000000 08:06 20061287                   /usr/lib/jvm/jdk1.8.0_20/lib/amd64/jli/libjli.so
7f87701a1000-7f87703a0000 ---p 00017000 08:06 20061287                   /usr/lib/jvm/jdk1.8.0_20/lib/amd64/jli/libjli.so
7f87703a0000-7f87703a1000 rw-p 00016000 08:06 20061287                   /usr/lib/jvm/jdk1.8.0_20/lib/amd64/jli/libjli.so
7f87703a1000-7f87703ba000 r-xp 00000000 08:06 15602353                   /lib/x86_64-linux-gnu/libpthread-2.19.so
7f87703ba000-7f87705b9000 ---p 00019000 08:06 15602353                   /lib/x86_64-linux-gnu/libpthread-2.19.so
7f87705b9000-7f87705ba000 r--p 00018000 08:06 15602353                   /lib/x86_64-linux-gnu/libpthread-2.19.so
7f87705ba000-7f87705bb000 rw-p 00019000 08:06 15602353                   /lib/x86_64-linux-gnu/libpthread-2.19.so
7f87705bb000-7f87705bf000 rw-p 00000000 00:00 0 
7f87705bf000-7f87705e2000 r-xp 00000000 08:06 15602330                   /lib/x86_64-linux-gnu/ld-2.19.so
7f87705e2000-7f87705e4000 r--s 0000c000 08:06 19532221                   /usr/local/development/dev-7-6/Ignition/Servers/apache-tomcat-6.0.36/lib/tomcat-i18n-ja.jar
7f87705e4000-7f87705e6000 r--s 00011000 08:06 19532214                   /usr/local/development/dev-7-6/Ignition/Servers/apache-tomcat-6.0.36/lib/jsp-api.jar
7f87705e6000-7f87705e8000 r--s 00014000 08:06 19532216                   /usr/local/development/dev-7-6/Ignition/Servers/apache-tomcat-6.0.36/lib/servlet-api.jar
7f87705e8000-7f87705ea000 r--s 0000c000 08:06 19532206                   /usr/local/development/dev-7-6/Ignition/Servers/apache-tomcat-6.0.36/lib/catalina-ant.jar
7f87705ea000-7f87706bb000 rw-p 00000000 00:00 0 
7f87706bb000-7f87706be000 ---p 00000000 00:00 0 
7f87706be000-7f87707c0000 rw-p 00000000 00:00 0                          [stack:7835]
7f87707c0000-7f87707c2000 r--s 00007000 08:06 19532211                   /usr/local/development/dev-7-6/Ignition/Servers/apache-tomcat-6.0.36/lib/el-api.jar
7f87707c2000-7f87707c3000 r--s 00003000 08:06 19532205                   /usr/local/development/dev-7-6/Ignition/Servers/apache-tomcat-6.0.36/lib/annotations-api.jar
7f87707c3000-7f87707c6000 r--s 00019000 08:06 19532212                   /usr/local/development/dev-7-6/Ignition/Servers/apache-tomcat-6.0.36/lib/jasper-el.jar
7f87707c6000-7f87707cb000 r--s 00092000 08:06 20582254                   /usr/lib/jvm/jdk1.8.0_20/jre/lib/jsse.jar
7f87707cb000-7f87707cc000 r--s 00007000 08:06 19533431                   /usr/local/development/dev-7-6/Ignition/Servers/apache-tomcat-6.0.36/bin/tomcat-juli.jar
7f87707cc000-7f87707cd000 r--s 00005000 08:06 19533430                   /usr/local/development/dev-7-6/Ignition/Servers/apache-tomcat-6.0.36/bin/commons-daemon.jar
7f87707cd000-7f87707ce000 r--s 00005000 08:06 19533429                   /usr/local/development/dev-7-6/Ignition/Servers/apache-tomcat-6.0.36/bin/bootstrap.jar
7f87707ce000-7f87707d5000 r--s 000c7000 08:06 1179649                    /usr/lib/jvm/jdk1.8.0_20/jre/lib/ext/mysql-connector-java-5.1.23-bin.jar
7f87707d5000-7f87707dd000 rw-s 00000000 08:06 6164361                    /tmp/hsperfdata_mattg/7830
7f87707dd000-7f87707de000 rw-p 00000000 00:00 0 
7f87707de000-7f87707df000 r--p 00000000 00:00 0 
7f87707df000-7f87707e1000 rw-p 00000000 00:00 0 
7f87707e1000-7f87707e2000 r--p 00022000 08:06 15602330                   /lib/x86_64-linux-gnu/ld-2.19.so
7f87707e2000-7f87707e3000 rw-p 00023000 08:06 15602330                   /lib/x86_64-linux-gnu/ld-2.19.so
7f87707e3000-7f87707e4000 rw-p 00000000 00:00 0 
7fffc0948000-7fffc0969000 rw-p 00000000 00:00 0                          [stack]
7fffc09fe000-7fffc0a00000 r-xp 00000000 00:00 0                          [vdso]
ffffffffff600000-ffffffffff601000 r-xp 00000000 00:00 0                  [vsyscall]

VM Arguments:
jvm_args: -Djava.util.logging.config.file=/home/mattg/.IntelliJIdea13/system/tomcat/Unnamed_77-Ignition/conf/logging.properties -Xdebug -Xrunjdwp:transport=dt_socket,address=127.0.0.1:51670,suspend=y,server=n -Dcom.sun.management.jmxremote= -Dcom.sun.management.jmxremote.port=1099 -Dcom.sun.management.jmxremote.ssl=false -Dcom.sun.management.jmxremote.authenticate=false -Djava.rmi.server.hostname=127.0.0.1 -Djava.util.logging.manager=org.apache.juli.ClassLoaderLogManager -Djava.endorsed.dirs=/usr/local/development/dev-7-6/Ignition/Servers/apache-tomcat-6.0.36/endorsed -Dcatalina.base=/home/mattg/.IntelliJIdea13/system/tomcat/Unnamed_77-Ignition -Dcatalina.home=/usr/local/development/dev-7-6/Ignition/Servers/apache-tomcat-6.0.36 -Djava.io.tmpdir=/usr/local/development/dev-7-6/Ignition/Servers/apache-tomcat-6.0.36/temp 
java_command: org.apache.catalina.startup.Bootstrap start
java_class_path (initial): /usr/local/development/dev-7-6/Ignition/Servers/apache-tomcat-6.0.36/bin/bootstrap.jar
Launcher Type: SUN_STANDARD

Environment Variables:
JAVA_HOME=/usr/lib/jvm/jdk1.8.0_20
CLASSPATH=/usr/local/development/dev-7-6/Ignition/Servers/apache-tomcat-6.0.36/bin/bootstrap.jar
PATH=/usr/local/sbin:/usr/local/bin:/usr/sbin:/usr/bin:/sbin:/bin:/usr/games:/usr/local/games:/usr/local/development/gradle-1.12/bin
USERNAME=mattg
LD_LIBRARY_PATH=/usr/local/development/idea-IU-135.909/bin:
SHELL=/bin/bash
DISPLAY=:0

Signal Handlers:
SIGSEGV: [libjvm.so+0xa76cd0], sa_mask[0]=11111111011111111101111111111110, sa_flags=SA_RESTART|SA_SIGINFO
SIGBUS: [libjvm.so+0xa76cd0], sa_mask[0]=11111111011111111101111111111110, sa_flags=SA_RESTART|SA_SIGINFO
SIGFPE: [libjvm.so+0x8e0d80], sa_mask[0]=11111111011111111101111111111110, sa_flags=SA_RESTART|SA_SIGINFO
SIGPIPE: [libjvm.so+0x8e0d80], sa_mask[0]=11111111011111111101111111111110, sa_flags=SA_RESTART|SA_SIGINFO
SIGXFSZ: [libjvm.so+0x8e0d80], sa_mask[0]=11111111011111111101111111111110, sa_flags=SA_RESTART|SA_SIGINFO
SIGILL: [libjvm.so+0x8e0d80], sa_mask[0]=11111111011111111101111111111110, sa_flags=SA_RESTART|SA_SIGINFO
SIGUSR1: SIG_DFL, sa_mask[0]=00000000000000000000000000000000, sa_flags=none
SIGUSR2: [libjvm.so+0x8e25b0], sa_mask[0]=00100000000000000000000000000000, sa_flags=SA_RESTART|SA_SIGINFO
SIGHUP: [libjvm.so+0x8e3970], sa_mask[0]=11111111011111111101111111111110, sa_flags=SA_RESTART|SA_SIGINFO
SIGINT: [libjvm.so+0x8e3970], sa_mask[0]=11111111011111111101111111111110, sa_flags=SA_RESTART|SA_SIGINFO
SIGTERM: [libjvm.so+0x8e3970], sa_mask[0]=11111111011111111101111111111110, sa_flags=SA_RESTART|SA_SIGINFO
SIGQUIT: [libjvm.so+0x8e3970], sa_mask[0]=11111111011111111101111111111110, sa_flags=SA_RESTART|SA_SIGINFO


---------------  S Y S T E M  ---------------

OS:DISTRIB_ID=LinuxMint
DISTRIB_RELEASE=17
DISTRIB_CODENAME=qiana
DISTRIB_DESCRIPTION="Linux Mint 17 Qiana"

uname:Linux 3.13.0-24-generic #46-Ubuntu SMP Thu Apr 10 19:11:08 UTC 2014 x86_64
libc:glibc 2.19 NPTL 2.19 
rlimit: STACK 8192k, CORE 0k, NPROC 127375, NOFILE 4096, AS infinity
load average:1.59 0.80 0.53

/proc/meminfo:
MemTotal:       16335088 kB
MemFree:        10076192 kB
Buffers:          357392 kB
Cached:          2140492 kB
SwapCached:            0 kB
Active:          4250068 kB
Inactive:        1568948 kB
Active(anon):    3333484 kB
Inactive(anon):   440320 kB
Active(file):     916584 kB
Inactive(file):  1128628 kB
Unevictable:         752 kB
Mlocked:             752 kB
SwapTotal:      16676860 kB
SwapFree:       16676860 kB
Dirty:               516 kB
Writeback:            96 kB
AnonPages:       3321960 kB
Mapped:           373560 kB
Shmem:            452676 kB
Slab:             242660 kB
SReclaimable:     198600 kB
SUnreclaim:        44060 kB
KernelStack:        6128 kB
PageTables:        46596 kB
NFS_Unstable:          0 kB
Bounce:                0 kB
WritebackTmp:          0 kB
CommitLimit:    24844404 kB
Committed_AS:    7677920 kB
VmallocTotal:   34359738367 kB
VmallocUsed:      444884 kB
VmallocChunk:   34359289084 kB
HardwareCorrupted:     0 kB
AnonHugePages:   1976320 kB
HugePages_Total:       0
HugePages_Free:        0
HugePages_Rsvd:        0
HugePages_Surp:        0
Hugepagesize:       2048 kB
DirectMap4k:       91592 kB
DirectMap2M:     2955264 kB
DirectMap1G:    13631488 kB


CPU:total 8 (4 cores per cpu, 2 threads per core) family 6 model 60 stepping 3, cmov, cx8, fxsr, mmx, sse, sse2, sse3, ssse3, sse4.1, sse4.2, popcnt, avx, avx2, aes, clmul, erms, lzcnt, ht, tsc, tscinvbit, bmi1, bmi2

/proc/cpuinfo:
processor	: 0
vendor_id	: GenuineIntel
cpu family	: 6
model		: 60
model name	: Intel(R) Core(TM) i7-4702HQ CPU @ 2.20GHz
stepping	: 3
microcode	: 0x17
cpu MHz		: 800.000
cache size	: 6144 KB
physical id	: 0
siblings	: 8
core id		: 0
cpu cores	: 4
apicid		: 0
initial apicid	: 0
fpu		: yes
fpu_exception	: yes
cpuid level	: 13
wp		: yes
flags		: fpu vme de pse tsc msr pae mce cx8 apic sep mtrr pge mca cmov pat pse36 clflush dts acpi mmx fxsr sse sse2 ss ht tm pbe syscall nx pdpe1gb rdtscp lm constant_tsc arch_perfmon pebs bts rep_good nopl xtopology nonstop_tsc aperfmperf eagerfpu pni pclmulqdq dtes64 monitor ds_cpl vmx est tm2 ssse3 fma cx16 xtpr pdcm pcid sse4_1 sse4_2 x2apic movbe popcnt tsc_deadline_timer aes xsave avx f16c rdrand lahf_lm abm ida arat epb xsaveopt pln pts dtherm tpr_shadow vnmi flexpriority ept vpid fsgsbase tsc_adjust bmi1 avx2 smep bmi2 erms invpcid
bogomips	: 4389.80
clflush size	: 64
cache_alignment	: 64
address sizes	: 39 bits physical, 48 bits virtual
power management:

processor	: 1
vendor_id	: GenuineIntel
cpu family	: 6
model		: 60
model name	: Intel(R) Core(TM) i7-4702HQ CPU @ 2.20GHz
stepping	: 3
microcode	: 0x17
cpu MHz		: 2100.000
cache size	: 6144 KB
physical id	: 0
siblings	: 8
core id		: 1
cpu cores	: 4
apicid		: 2
initial apicid	: 2
fpu		: yes
fpu_exception	: yes
cpuid level	: 13
wp		: yes
flags		: fpu vme de pse tsc msr pae mce cx8 apic sep mtrr pge mca cmov pat pse36 clflush dts acpi mmx fxsr sse sse2 ss ht tm pbe syscall nx pdpe1gb rdtscp lm constant_tsc arch_perfmon pebs bts rep_good nopl xtopology nonstop_tsc aperfmperf eagerfpu pni pclmulqdq dtes64 monitor ds_cpl vmx est tm2 ssse3 fma cx16 xtpr pdcm pcid sse4_1 sse4_2 x2apic movbe popcnt tsc_deadline_timer aes xsave avx f16c rdrand lahf_lm abm ida arat epb xsaveopt pln pts dtherm tpr_shadow vnmi flexpriority ept vpid fsgsbase tsc_adjust bmi1 avx2 smep bmi2 erms invpcid
bogomips	: 4389.80
clflush size	: 64
cache_alignment	: 64
address sizes	: 39 bits physical, 48 bits virtual
power management:

processor	: 2
vendor_id	: GenuineIntel
cpu family	: 6
model		: 60
model name	: Intel(R) Core(TM) i7-4702HQ CPU @ 2.20GHz
stepping	: 3
microcode	: 0x17
cpu MHz		: 2201.000
cache size	: 6144 KB
physical id	: 0
siblings	: 8
core id		: 2
cpu cores	: 4
apicid		: 4
initial apicid	: 4
fpu		: yes
fpu_exception	: yes
cpuid level	: 13
wp		: yes
flags		: fpu vme de pse tsc msr pae mce cx8 apic sep mtrr pge mca cmov pat pse36 clflush dts acpi mmx fxsr sse sse2 ss ht tm pbe syscall nx pdpe1gb rdtscp lm constant_tsc arch_perfmon pebs bts rep_good nopl xtopology nonstop_tsc aperfmperf eagerfpu pni pclmulqdq dtes64 monitor ds_cpl vmx est tm2 ssse3 fma cx16 xtpr pdcm pcid sse4_1 sse4_2 x2apic movbe popcnt tsc_deadline_timer aes xsave avx f16c rdrand lahf_lm abm ida arat epb xsaveopt pln pts dtherm tpr_shadow vnmi flexpriority ept vpid fsgsbase tsc_adjust bmi1 avx2 smep bmi2 erms invpcid
bogomips	: 4389.80
clflush size	: 64
cache_alignment	: 64
address sizes	: 39 bits physical, 48 bits virtual
power management:

processor	: 3
vendor_id	: GenuineIntel
cpu family	: 6
model		: 60
model name	: Intel(R) Core(TM) i7-4702HQ CPU @ 2.20GHz
stepping	: 3
microcode	: 0x17
cpu MHz		: 800.000
cache size	: 6144 KB
physical id	: 0
siblings	: 8
core id		: 3
cpu cores	: 4
apicid		: 6
initial apicid	: 6
fpu		: yes
fpu_exception	: yes
cpuid level	: 13
wp		: yes
flags		: fpu vme de pse tsc msr pae mce cx8 apic sep mtrr pge mca cmov pat pse36 clflush dts acpi mmx fxsr sse sse2 ss ht tm pbe syscall nx pdpe1gb rdtscp lm constant_tsc arch_perfmon pebs bts rep_good nopl xtopology nonstop_tsc aperfmperf eagerfpu pni pclmulqdq dtes64 monitor ds_cpl vmx est tm2 ssse3 fma cx16 xtpr pdcm pcid sse4_1 sse4_2 x2apic movbe popcnt tsc_deadline_timer aes xsave avx f16c rdrand lahf_lm abm ida arat epb xsaveopt pln pts dtherm tpr_shadow vnmi flexpriority ept vpid fsgsbase tsc_adjust bmi1 avx2 smep bmi2 erms invpcid
bogomips	: 4389.80
clflush size	: 64
cache_alignment	: 64
address sizes	: 39 bits physical, 48 bits virtual
power management:

processor	: 4
vendor_id	: GenuineIntel
cpu family	: 6
model		: 60
model name	: Intel(R) Core(TM) i7-4702HQ CPU @ 2.20GHz
stepping	: 3
microcode	: 0x17
cpu MHz		: 800.000
cache size	: 6144 KB
physical id	: 0
siblings	: 8
core id		: 0
cpu cores	: 4
apicid		: 1
initial apicid	: 1
fpu		: yes
fpu_exception	: yes
cpuid level	: 13
wp		: yes
flags		: fpu vme de pse tsc msr pae mce cx8 apic sep mtrr pge mca cmov pat pse36 clflush dts acpi mmx fxsr sse sse2 ss ht tm pbe syscall nx pdpe1gb rdtscp lm constant_tsc arch_perfmon pebs bts rep_good nopl xtopology nonstop_tsc aperfmperf eagerfpu pni pclmulqdq dtes64 monitor ds_cpl vmx est tm2 ssse3 fma cx16 xtpr pdcm pcid sse4_1 sse4_2 x2apic movbe popcnt tsc_deadline_timer aes xsave avx f16c rdrand lahf_lm abm ida arat epb xsaveopt pln pts dtherm tpr_shadow vnmi flexpriority ept vpid fsgsbase tsc_adjust bmi1 avx2 smep bmi2 erms invpcid
bogomips	: 4389.80
clflush size	: 64
cache_alignment	: 64
address sizes	: 39 bits physical, 48 bits virtual
power management:

processor	: 5
vendor_id	: GenuineIntel
cpu family	: 6
model		: 60
model name	: Intel(R) Core(TM) i7-4702HQ CPU @ 2.20GHz
stepping	: 3
microcode	: 0x17
cpu MHz		: 800.000
cache size	: 6144 KB
physical id	: 0
siblings	: 8
core id		: 1
cpu cores	: 4
apicid		: 3
initial apicid	: 3
fpu		: yes
fpu_exception	: yes
cpuid level	: 13
wp		: yes
flags		: fpu vme de pse tsc msr pae mce cx8 apic sep mtrr pge mca cmov pat pse36 clflush dts acpi mmx fxsr sse sse2 ss ht tm pbe syscall nx pdpe1gb rdtscp lm constant_tsc arch_perfmon pebs bts rep_good nopl xtopology nonstop_tsc aperfmperf eagerfpu pni pclmulqdq dtes64 monitor ds_cpl vmx est tm2 ssse3 fma cx16 xtpr pdcm pcid sse4_1 sse4_2 x2apic movbe popcnt tsc_deadline_timer aes xsave avx f16c rdrand lahf_lm abm ida arat epb xsaveopt pln pts dtherm tpr_shadow vnmi flexpriority ept vpid fsgsbase tsc_adjust bmi1 avx2 smep bmi2 erms invpcid
bogomips	: 4389.80
clflush size	: 64
cache_alignment	: 64
address sizes	: 39 bits physical, 48 bits virtual
power management:

processor	: 6
vendor_id	: GenuineIntel
cpu family	: 6
model		: 60
model name	: Intel(R) Core(TM) i7-4702HQ CPU @ 2.20GHz
stepping	: 3
microcode	: 0x17
cpu MHz		: 2201.000
cache size	: 6144 KB
physical id	: 0
siblings	: 8
core id		: 2
cpu cores	: 4
apicid		: 5
initial apicid	: 5
fpu		: yes
fpu_exception	: yes
cpuid level	: 13
wp		: yes
flags		: fpu vme de pse tsc msr pae mce cx8 apic sep mtrr pge mca cmov pat pse36 clflush dts acpi mmx fxsr sse sse2 ss ht tm pbe syscall nx pdpe1gb rdtscp lm constant_tsc arch_perfmon pebs bts rep_good nopl xtopology nonstop_tsc aperfmperf eagerfpu pni pclmulqdq dtes64 monitor ds_cpl vmx est tm2 ssse3 fma cx16 xtpr pdcm pcid sse4_1 sse4_2 x2apic movbe popcnt tsc_deadline_timer aes xsave avx f16c rdrand lahf_lm abm ida arat epb xsaveopt pln pts dtherm tpr_shadow vnmi flexpriority ept vpid fsgsbase tsc_adjust bmi1 avx2 smep bmi2 erms invpcid
bogomips	: 4389.80
clflush size	: 64
cache_alignment	: 64
address sizes	: 39 bits physical, 48 bits virtual
power management:

processor	: 7
vendor_id	: GenuineIntel
cpu family	: 6
model		: 60
model name	: Intel(R) Core(TM) i7-4702HQ CPU @ 2.20GHz
stepping	: 3
microcode	: 0x17
cpu MHz		: 2201.000
cache size	: 6144 KB
physical id	: 0
siblings	: 8
core id		: 3
cpu cores	: 4
apicid		: 7
initial apicid	: 7
fpu		: yes
fpu_exception	: yes
cpuid level	: 13
wp		: yes
flags		: fpu vme de pse tsc msr pae mce cx8 apic sep mtrr pge mca cmov pat pse36 clflush dts acpi mmx fxsr sse sse2 ss ht tm pbe syscall nx pdpe1gb rdtscp lm constant_tsc arch_perfmon pebs bts rep_good nopl xtopology nonstop_tsc aperfmperf eagerfpu pni pclmulqdq dtes64 monitor ds_cpl vmx est tm2 ssse3 fma cx16 xtpr pdcm pcid sse4_1 sse4_2 x2apic movbe popcnt tsc_deadline_timer aes xsave avx f16c rdrand lahf_lm abm ida arat epb xsaveopt pln pts dtherm tpr_shadow vnmi flexpriority ept vpid fsgsbase tsc_adjust bmi1 avx2 smep bmi2 erms invpcid
bogomips	: 4389.80
clflush size	: 64
cache_alignment	: 64
address sizes	: 39 bits physical, 48 bits virtual
power management:



Memory: 4k page, physical 16335088k(10076192k free), swap 16676860k(16676860k free)

vm_info: Java HotSpot(TM) 64-Bit Server VM (25.20-b17) for linux-amd64 JRE (1.8.0_20-ea-b17), built on Jun  4 2014 00:04:06 by "java_re" with gcc 4.3.0 20080428 (Red Hat 4.3.0-8)

time: Tue Nov 25 10:12:13 2014
elapsed time: 96 seconds (0d 0h 1m 36s)

