#
# A fatal error has been detected by the Java Runtime Environment:
#
#  SIGSEGV (0xb) at pc=0x00007f4a24330f7e, pid=11914, tid=139956413675264
#
# JRE version: Java(TM) SE Runtime Environment (8.0_20-b17) (build 1.8.0_20-ea-b17)
# Java VM: Java HotSpot(TM) 64-Bit Server VM (25.20-b17 mixed mode linux-amd64 compressed oops)
# Problematic frame:
# C  [ld-linux-x86-64.so.2+0x9f7e]
#
# Failed to write core dump. Core dumps have been disabled. To enable core dumping, try "ulimit -c unlimited" before starting Java again
#
# If you would like to submit a bug report, please visit:
#   http://bugreport.sun.com/bugreport/crash.jsp
# The crash happened outside the Java Virtual Machine in native code.
# See problematic frame for where to report the bug.
#

---------------  T H R E A D  ---------------

Current thread (0x00007f4a1c00d000):  JavaThread "main" [_thread_in_native, id=11919, stack(0x00007f4a24423000,0x00007f4a24524000)]

siginfo: si_signo: 11 (SIGSEGV), si_code: 1 (SEGV_MAPERR), si_addr: 0x0000000000000068

Registers:
RAX=0x0000000000000040, RBX=0x000000004c8d3d65, RCX=0x0000000000000025, RDX=0x00000000000003f3
RSP=0x00007f4a24520a50, RBP=0x0000000000000002, RSI=0x00007f4a2392bd28, RDI=0x00007f4a245279e8
R8 =0x00000000013234f5, R9 =0x00007f4a24520a90, R10=0x0000000006020400, R11=0x00007f4a24520b90
R12=0x0000000000000003, R13=0x00007f49482ab4e0, R14=0x0000000000000000, R15=0x0000000000000025
RIP=0x00007f4a24330f7e, EFLAGS=0x0000000000010202, CSGSFS=0x0000000000000033, ERR=0x0000000000000004
  TRAPNO=0x000000000000000e

Top of Stack: (sp=0x00007f4a24520a50)
0x00007f4a24520a50:   00007f4a24520bc0 00007f4a23008f75
0x00007f4a24520a60:   00007f4a00000002 00007f4a24520ba0
0x00007f4a24520a70:   00007f4a24520c30 00007f4a24520e00
0x00007f4a24520a80:   00007f4a0d046960 01007f4a0000000c
0x00007f4a24520a90:   0000000000000000 0000000000000000
0x00007f4a24520aa0:   00007f4a245279e8 00007f4a1c2380f0
0x00007f4a24520ab0:   00007f4a23938d78 0000000000000000
0x00007f4a24520ac0:   0000000200000000 0000000000000000
0x00007f4a24520ad0:   00007f4a1c00d000 00007f4a24520c80
0x00007f4a24520ae0:   00007f4a24520c30 0000000000000000
0x00007f4a24520af0:   0000000000000000 00007f49482ab928
0x00007f4a24520b00:   00007f49482ab5a0 00007f4a24331991
0x00007f4a24520b10:   0000000000000000 0000000000000000
0x00007f4a24520b20:   0000006300000002 0000000000000000
0x00007f4a24520b30:   00007f4a00000000 00007f49482ab5a0
0x00007f4a24520b40:   00000007c0008600 00007f4a1c00d000
0x00007f4a24520b50:   00007f4a24520bc0 00007f4a2315f447
0x00007f4a24520b60:   00007f4a07039440 00007f49482ab928
0x00007f4a24520b70:   00007f4a24520ba0 00007f4a24520b90
0x00007f4a24520b80:   000000004c8d3d65 00007f4a1c2380f0
0x00007f4a24520b90:   00000000ffffffff 00007f4a1c00a5d0
0x00007f4a24520ba0:   0000000000000000 0000000000000000
0x00007f4a24520bb0:   00007f4a1c00a470 00007f4a1c00d000
0x00007f4a24520bc0:   00007f4a24520d50 00007f4a2304f467
0x00007f4a24520bd0:   000000b124521938 00007f4a245213a0
0x00007f4a24520be0:   00007f4a24520c30 00007f4a24520cb0
0x00007f4a24520bf0:   00007f4a24520d80 00007f4a24520e00
0x00007f4a24520c00:   00007f4a1c00d1e8 00000000020b54b0
0x00007f4a24520c10:   00007f4a24549cc0 00007f4a1c2380f0
0x00007f4a24520c20:   0000000000000000 00007f49482ab5a0
0x00007f4a24520c30:   00007f4a24520d10 00007f4a23a5ef56
0x00007f4a24520c40:   0000000600000002 0000000000000000 

Instructions: (pc=0x00007f4a24330f7e)
0x00007f4a24330f5e:   06 41 83 e7 3f 0f 1f 44 00 00 49 8b 44 ed 00 c7
0x00007f4a24330f6e:   44 24 70 00 00 00 00 48 c7 44 24 40 00 00 00 00
0x00007f4a24330f7e:   48 8b 78 28 4c 39 f7 48 89 7c 24 50 0f 84 f0 00
0x00007f4a24330f8e:   00 00 f6 44 24 7c 02 74 0d f6 87 14 03 00 00 03 

Register to memory mapping:

RAX=0x0000000000000040 is an unknown value
RBX=0x000000004c8d3d65 is an unknown value
RCX=0x0000000000000025 is an unknown value
RDX=0x00000000000003f3 is an unknown value
RSP=0x00007f4a24520a50 is pointing into the stack for thread: 0x00007f4a1c00d000
RBP=0x0000000000000002 is an unknown value
RSI=0x00007f4a2392bd28: <offset 0x3d28> in /lib/x86_64-linux-gnu/libc.so.6 at 0x00007f4a23928000
RDI=0x00007f4a245279e8 is an unknown value
R8 =0x00000000013234f5 is an unknown value
R9 =0x00007f4a24520a90 is pointing into the stack for thread: 0x00007f4a1c00d000
R10=0x0000000006020400 is an unknown value
R11=0x00007f4a24520b90 is pointing into the stack for thread: 0x00007f4a1c00d000
R12=0x0000000000000003 is an unknown value
R13=0x00007f49482ab4e0 is an unknown value
R14=0x0000000000000000 is an unknown value
R15=0x0000000000000025 is an unknown value


Stack: [0x00007f4a24423000,0x00007f4a24524000],  sp=0x00007f4a24520a50,  free space=1014k
Native frames: (J=compiled Java code, j=interpreted, Vv=VM code, C=native code)
C  [ld-linux-x86-64.so.2+0x9f7e]

Java frames: (J=compiled Java code, j=interpreted, Vv=VM code)
j  java.lang.ClassLoader$NativeLibrary.unload(Ljava/lang/String;Z)V+0
j  java.lang.ClassLoader$NativeLibrary.finalize()V+87
v  ~StubRoutines::call_stub
J 1114  sun.reflect.NativeMethodAccessorImpl.invoke0(Ljava/lang/reflect/Method;Ljava/lang/Object;[Ljava/lang/Object;)Ljava/lang/Object; (0 bytes) @ 0x00007f4a0d428cb7 [0x00007f4a0d428c40+0x77]
J 1113 C1 sun.reflect.NativeMethodAccessorImpl.invoke(Ljava/lang/Object;[Ljava/lang/Object;)Ljava/lang/Object; (104 bytes) @ 0x00007f4a0d42a30c [0x00007f4a0d429100+0x120c]
J 5825 C2 java.lang.reflect.Method.invoke(Ljava/lang/Object;[Ljava/lang/Object;)Ljava/lang/Object; (62 bytes) @ 0x00007f4a0d399e60 [0x00007f4a0d399da0+0xc0]
j  com.inductiveautomation.ignition.gateway.bootstrap.SRFilter.destroy()V+89
j  org.apache.catalina.core.ApplicationFilterConfig.release()V+61
j  org.apache.catalina.core.StandardContext.filterStop()Z+124
j  org.apache.catalina.core.StandardContext.stop()V+142
j  org.apache.catalina.core.ContainerBase.removeChild(Lorg/apache/catalina/Container;)V+90
j  org.apache.catalina.startup.HostConfig.undeployApps()V+77
j  org.apache.catalina.startup.HostConfig.stop()V+28
j  org.apache.catalina.startup.HostConfig.lifecycleEvent(Lorg/apache/catalina/LifecycleEvent;)V+151
j  org.apache.catalina.util.LifecycleSupport.fireLifecycleEvent(Ljava/lang/String;Ljava/lang/Object;)V+178
j  org.apache.catalina.core.ContainerBase.stop()V+60
j  org.apache.catalina.core.ContainerBase.stop()V+118
j  org.apache.catalina.core.StandardEngine.stop()V+1
j  org.apache.catalina.core.StandardService.stop()V+177
j  org.apache.catalina.core.StandardServer.stop()V+65
j  org.apache.catalina.startup.Catalina.stop()V+58
j  org.apache.catalina.startup.Catalina.start()V+198
v  ~StubRoutines::call_stub
j  sun.reflect.NativeMethodAccessorImpl.invoke0(Ljava/lang/reflect/Method;Ljava/lang/Object;[Ljava/lang/Object;)Ljava/lang/Object;+0
j  sun.reflect.NativeMethodAccessorImpl.invoke(Ljava/lang/Object;[Ljava/lang/Object;)Ljava/lang/Object;+100
J 502 C1 sun.reflect.DelegatingMethodAccessorImpl.invoke(Ljava/lang/Object;[Ljava/lang/Object;)Ljava/lang/Object; (10 bytes) @ 0x00007f4a0d249cac [0x00007f4a0d249b80+0x12c]
J 501 C1 java.lang.reflect.Method.invoke(Ljava/lang/Object;[Ljava/lang/Object;)Ljava/lang/Object; (62 bytes) @ 0x00007f4a0d24a484 [0x00007f4a0d24a060+0x424]
j  org.apache.catalina.startup.Bootstrap.start()V+37
j  org.apache.catalina.startup.Bootstrap.main([Ljava/lang/String;)V+131
v  ~StubRoutines::call_stub

---------------  P R O C E S S  ---------------

Java Threads: ( => current thread )
  0x00007f4a1c0b8000 JavaThread "pool-2-thread-1" [_thread_blocked, id=12091, stack(0x00007f49ff4d4000,0x00007f49ff5d5000)]
  0x00007f4a1c4e1800 JavaThread "Thread-24" daemon [_thread_blocked, id=12090, stack(0x00007f49f5255000,0x00007f49f5356000)]
  0x00007f4970009000 JavaThread "http-8088-6" daemon [_thread_blocked, id=12001, stack(0x00007f49f4950000,0x00007f49f4a51000)]
  0x00007f4970007800 JavaThread "http-8088-5" daemon [_thread_blocked, id=12000, stack(0x00007f49f4a51000,0x00007f49f4b52000)]
  0x00007f4970003800 JavaThread "http-8088-4" daemon [_thread_blocked, id=11999, stack(0x00007f49f4b52000,0x00007f49f4c53000)]
  0x00007f4970002000 JavaThread "http-8088-3" daemon [_thread_blocked, id=11998, stack(0x00007f49f4c53000,0x00007f49f4d54000)]
  0x00007f4970005800 JavaThread "http-8088-2" daemon [_thread_blocked, id=11997, stack(0x00007f49f4d54000,0x00007f49f4e55000)]
  0x00007f4970004800 JavaThread "http-8088-1" daemon [_thread_blocked, id=11992, stack(0x00007f49fc5ab000,0x00007f49fc6ac000)]
  0x00007f4948eea000 JavaThread "ClockDriftDetector" daemon [_thread_blocked, id=11991, stack(0x00007f49f5e7b000,0x00007f49f5f7c000)]
  0x00007f4948ee7000 JavaThread "PyLib_ScriptWatcher" daemon [_thread_blocked, id=11990, stack(0x00007f49f5f7c000,0x00007f49f607d000)]
  0x00007f4948ee3800 JavaThread "PyFile_ChangeNotifier" daemon [_thread_blocked, id=11989, stack(0x00007f49f607d000,0x00007f49f617e000)]
  0x00007f4948ee1800 JavaThread "Thread-16" daemon [_thread_in_native, id=11988, stack(0x00007f49f617e000,0x00007f49f627f000)]
  0x00007f4a1c4e6000 JavaThread "TP-Monitor" daemon [_thread_blocked, id=11961, stack(0x00007f49fd349000,0x00007f49fd44a000)]
  0x00007f4a1c4e4800 JavaThread "TP-Processor4" daemon [_thread_blocked, id=11960, stack(0x00007f49fd44a000,0x00007f49fd54b000)]
  0x00007f4a1c4ec800 JavaThread "TP-Processor3" daemon [_thread_blocked, id=11959, stack(0x00007f49fd54b000,0x00007f49fd64c000)]
  0x00007f4a1c4cf800 JavaThread "TP-Processor2" daemon [_thread_blocked, id=11958, stack(0x00007f49fd64c000,0x00007f49fd74d000)]
  0x00007f4a1c4eb000 JavaThread "TP-Processor1" daemon [_thread_blocked, id=11957, stack(0x00007f49fd74d000,0x00007f49fd84e000)]
  0x00007f4a1c4bd000 JavaThread "http-8088-Acceptor-0" daemon [_thread_blocked, id=11956, stack(0x00007f49fd84e000,0x00007f49fd94f000)]
  0x00007f4a1c457800 JavaThread "GC Daemon" daemon [_thread_blocked, id=11954, stack(0x00007f49fdfcb000,0x00007f49fe0cc000)]
  0x00007f4998001800 JavaThread "RMI TCP Connection(idle)" daemon [_thread_blocked, id=11951, stack(0x00007f49ff8a7000,0x00007f49ff9a8000)]
  0x00007f4988016000 JavaThread "RMI Scheduler(0)" daemon [_thread_blocked, id=11950, stack(0x00007f49ff9a8000,0x00007f49ffaa9000)]
  0x00007f4a1c443000 JavaThread "Abandoned connection cleanup thread" daemon [_thread_blocked, id=11948, stack(0x00007f49ffaa9000,0x00007f49ffbaa000)]
  0x00007f498c001800 JavaThread "RMI TCP Connection(idle)" daemon [_thread_blocked, id=11947, stack(0x00007f49ffbaa000,0x00007f49ffcab000)]
  0x00007f4a1c1ef000 JavaThread "RMI TCP Accept-0" daemon [_thread_in_native, id=11944, stack(0x00007f4a04003000,0x00007f4a04104000)]
  0x00007f4a1c1dd800 JavaThread "RMI TCP Accept-1099" daemon [_thread_in_native, id=11943, stack(0x00007f4a04104000,0x00007f4a04205000)]
  0x00007f4a1c1cc800 JavaThread "RMI TCP Accept-0" daemon [_thread_in_native, id=11942, stack(0x00007f4a04205000,0x00007f4a04306000)]
  0x00007f4a1c0dd000 JavaThread "Service Thread" daemon [_thread_blocked, id=11941, stack(0x00007f4a04968000,0x00007f4a04a69000)]
  0x00007f4a1c0cf800 JavaThread "C1 CompilerThread3" daemon [_thread_blocked, id=11940, stack(0x00007f4a04a69000,0x00007f4a04b6a000)]
  0x00007f4a1c0cd000 JavaThread "C2 CompilerThread2" daemon [_thread_blocked, id=11939, stack(0x00007f4a04b6a000,0x00007f4a04c6b000)]
  0x00007f4a1c0cb800 JavaThread "C2 CompilerThread1" daemon [_thread_in_native, id=11938, stack(0x00007f4a04c6b000,0x00007f4a04d6c000)]
  0x00007f4a1c0c8800 JavaThread "C2 CompilerThread0" daemon [_thread_blocked, id=11937, stack(0x00007f4a04d6c000,0x00007f4a04e6d000)]
  0x00007f4a1c0c6800 JavaThread "JDWP Event Helper Thread" daemon [_thread_blocked, id=11934, stack(0x00007f4a04f6e000,0x00007f4a0506f000)]
  0x00007f4a1c0b6000 JavaThread "Signal Dispatcher" daemon [_thread_blocked, id=11931, stack(0x00007f4a05374000,0x00007f4a05475000)]
  0x00007f4a1c087800 JavaThread "Finalizer" daemon [_thread_blocked, id=11930, stack(0x00007f4a05475000,0x00007f4a05576000)]
  0x00007f4a1c085800 JavaThread "Reference Handler" daemon [_thread_blocked, id=11929, stack(0x00007f4a05576000,0x00007f4a05677000)]
=>0x00007f4a1c00d000 JavaThread "main" [_thread_in_native, id=11919, stack(0x00007f4a24423000,0x00007f4a24524000)]

Other Threads:
  0x00007f4a1c07e800 VMThread [stack: 0x00007f4a05677000,0x00007f4a05778000] [id=11928]
  0x00007f4a1c1f1000 WatcherThread [stack: 0x00007f49ffeff000,0x00007f4a00000000] [id=11945]

VM state:not at safepoint (normal execution)

VM Mutex/Monitor currently owned by a thread: None

Heap:
 PSYoungGen      total 347648K, used 214720K [0x000000076ce00000, 0x0000000784000000, 0x00000007c0000000)
  eden space 333824K, 60% used [0x000000076ce00000,0x0000000779269d68,0x0000000781400000)
  from space 13824K, 98% used [0x0000000783280000,0x0000000783fc64b0,0x0000000784000000)
  to   space 16896K, 0% used [0x0000000781f00000,0x0000000781f00000,0x0000000782f80000)
 ParOldGen       total 183808K, used 23754K [0x00000006c6a00000, 0x00000006d1d80000, 0x000000076ce00000)
  object space 183808K, 12% used [0x00000006c6a00000,0x00000006c8132b48,0x00000006d1d80000)
 Metaspace       used 51228K, capacity 52460K, committed 52672K, reserved 1093632K
  class space    used 7309K, capacity 7591K, committed 7616K, reserved 1048576K

Card table byte_map: [0x00007f4a20373000,0x00007f4a20b3f000] byte_map_base: 0x00007f4a1cd3e000

Marking Bits: (ParMarkBitMap*) 0x00007f4a238fdc20
 Begin Bits: [0x00007f49c8350000, 0x00007f49cc1a8000)
 End Bits:   [0x00007f49cc1a8000, 0x00007f49d0000000)

Polling page: 0x00007f4a24546000

CodeCache: size=245760Kb used=18132Kb max_used=18297Kb free=227627Kb
 bounds [0x00007f4a0d000000, 0x00007f4a0e210000, 0x00007f4a1c000000]
 total_blobs=5396 nmethods=4839 adapters=478
 compilation: enabled

Compilation events (10 events):
Event: 90.433 Thread 0x00007f4a1c0cb800 5940 %     4       org.hsqldb.store.BaseHashMap::clearElementArrays @ 76 (236 bytes)
Event: 90.434 Thread 0x00007f4a1c0cd000 5941 %     4       org.hsqldb.store.HashIndex::clear @ 11 (30 bytes)
Event: 90.434 Thread 0x00007f4a1c0cf800 5942       3       java.io.PrintStream::ensureOpen (18 bytes)
Event: 90.435 Thread 0x00007f4a1c0cf800 nmethod 5942 0x00007f4a0dea9950 code [0x00007f4a0dea9ac0, 0x00007f4a0dea9d08]
Event: 90.435 Thread 0x00007f4a1c0cf800 5943       3       java.text.DecimalFormat::append (94 bytes)
Event: 90.435 Thread 0x00007f4a1c0cf800 nmethod 5943 0x00007f4a0d7745d0 code [0x00007f4a0d7747a0, 0x00007f4a0d775378]
Event: 90.441 Thread 0x00007f4a1c0cf800 5944       3       java.io.ObjectOutputStream$BlockDataOutputStream::write (152 bytes)
Event: 90.442 Thread 0x00007f4a1c0cf800 nmethod 5944 0x00007f4a0d776550 code [0x00007f4a0d776740, 0x00007f4a0d776f98]
Event: 90.448 Thread 0x00007f4a1c0cd000 nmethod 5941% 0x00007f4a0dd83990 code [0x00007f4a0dd83b20, 0x00007f4a0dd83eb8]
Event: 90.450 Thread 0x00007f4a1c0cf800 5946   !   3       java.io.ObjectOutputStream::defaultWriteFields (270 bytes)

GC Heap History (10 events):
Event: 4.302 GC heap before
{Heap before GC invocations=6 (full 1):
 PSYoungGen      total 194560K, used 194330K [0x000000076ce00000, 0x000000077dd00000, 0x00000007c0000000)
  eden space 185344K, 100% used [0x000000076ce00000,0x0000000778300000,0x0000000778300000)
  from space 9216K, 97% used [0x000000077d400000,0x000000077dcc6960,0x000000077dd00000)
  to   space 10240K, 0% used [0x000000077c900000,0x000000077c900000,0x000000077d300000)
 ParOldGen       total 113664K, used 12757K [0x00000006c6a00000, 0x00000006cd900000, 0x000000076ce00000)
  object space 113664K, 11% used [0x00000006c6a00000,0x00000006c7675730,0x00000006cd900000)
 Metaspace       used 28962K, capacity 29394K, committed 29568K, reserved 1075200K
  class space    used 3246K, capacity 3388K, committed 3456K, reserved 1048576K
Event: 4.308 GC heap after
Heap after GC invocations=6 (full 1):
 PSYoungGen      total 267264K, used 6030K [0x000000076ce00000, 0x000000077e980000, 0x00000007c0000000)
  eden space 257024K, 0% used [0x000000076ce00000,0x000000076ce00000,0x000000077c900000)
  from space 10240K, 58% used [0x000000077c900000,0x000000077cee3a80,0x000000077d300000)
  to   space 14848K, 0% used [0x000000077db00000,0x000000077db00000,0x000000077e980000)
 ParOldGen       total 113664K, used 12765K [0x00000006c6a00000, 0x00000006cd900000, 0x000000076ce00000)
  object space 113664K, 11% used [0x00000006c6a00000,0x00000006c7677730,0x00000006cd900000)
 Metaspace       used 28962K, capacity 29394K, committed 29568K, reserved 1075200K
  class space    used 3246K, capacity 3388K, committed 3456K, reserved 1048576K
}
Event: 5.024 GC heap before
{Heap before GC invocations=7 (full 1):
 PSYoungGen      total 267264K, used 103226K [0x000000076ce00000, 0x000000077e980000, 0x00000007c0000000)
  eden space 257024K, 37% used [0x000000076ce00000,0x0000000772ceada0,0x000000077c900000)
  from space 10240K, 58% used [0x000000077c900000,0x000000077cee3a80,0x000000077d300000)
  to   space 14848K, 0% used [0x000000077db00000,0x000000077db00000,0x000000077e980000)
 ParOldGen       total 113664K, used 12765K [0x00000006c6a00000, 0x00000006cd900000, 0x000000076ce00000)
  object space 113664K, 11% used [0x00000006c6a00000,0x00000006c7677730,0x00000006cd900000)
 Metaspace       used 34705K, capacity 35140K, committed 35264K, reserved 1079296K
  class space    used 4631K, capacity 4768K, committed 4800K, reserved 1048576K
Event: 5.036 GC heap after
Heap after GC invocations=7 (full 1):
 PSYoungGen      total 274432K, used 13179K [0x000000076ce00000, 0x0000000784b80000, 0x00000007c0000000)
  eden space 259584K, 0% used [0x000000076ce00000,0x000000076ce00000,0x000000077cb80000)
  from space 14848K, 88% used [0x000000077db00000,0x000000077e7deda8,0x000000077e980000)
  to   space 15872K, 0% used [0x000000077cb80000,0x000000077cb80000,0x000000077db00000)
 ParOldGen       total 113664K, used 12773K [0x00000006c6a00000, 0x00000006cd900000, 0x000000076ce00000)
  object space 113664K, 11% used [0x00000006c6a00000,0x00000006c7679730,0x00000006cd900000)
 Metaspace       used 34705K, capacity 35140K, committed 35264K, reserved 1079296K
  class space    used 4631K, capacity 4768K, committed 4800K, reserved 1048576K
}
Event: 5.036 GC heap before
{Heap before GC invocations=8 (full 2):
 PSYoungGen      total 274432K, used 13179K [0x000000076ce00000, 0x0000000784b80000, 0x00000007c0000000)
  eden space 259584K, 0% used [0x000000076ce00000,0x000000076ce00000,0x000000077cb80000)
  from space 14848K, 88% used [0x000000077db00000,0x000000077e7deda8,0x000000077e980000)
  to   space 15872K, 0% used [0x000000077cb80000,0x000000077cb80000,0x000000077db00000)
 ParOldGen       total 113664K, used 12773K [0x00000006c6a00000, 0x00000006cd900000, 0x000000076ce00000)
  object space 113664K, 11% used [0x00000006c6a00000,0x00000006c7679730,0x00000006cd900000)
 Metaspace       used 34705K, capacity 35140K, committed 35264K, reserved 1079296K
  class space    used 4631K, capacity 4768K, committed 4800K, reserved 1048576K
Event: 5.110 GC heap after
Heap after GC invocations=8 (full 2):
 PSYoungGen      total 274432K, used 0K [0x000000076ce00000, 0x0000000784b80000, 0x00000007c0000000)
  eden space 259584K, 0% used [0x000000076ce00000,0x000000076ce00000,0x000000077cb80000)
  from space 14848K, 0% used [0x000000077db00000,0x000000077db00000,0x000000077e980000)
  to   space 15872K, 0% used [0x000000077cb80000,0x000000077cb80000,0x000000077db00000)
 ParOldGen       total 183808K, used 23738K [0x00000006c6a00000, 0x00000006d1d80000, 0x000000076ce00000)
  object space 183808K, 12% used [0x00000006c6a00000,0x00000006c812eb48,0x00000006d1d80000)
 Metaspace       used 34705K, capacity 35140K, committed 35264K, reserved 1079296K
  class space    used 4631K, capacity 4768K, committed 4800K, reserved 1048576K
}
Event: 6.999 GC heap before
{Heap before GC invocations=9 (full 2):
 PSYoungGen      total 274432K, used 259584K [0x000000076ce00000, 0x0000000784b80000, 0x00000007c0000000)
  eden space 259584K, 100% used [0x000000076ce00000,0x000000077cb80000,0x000000077cb80000)
  from space 14848K, 0% used [0x000000077db00000,0x000000077db00000,0x000000077e980000)
  to   space 15872K, 0% used [0x000000077cb80000,0x000000077cb80000,0x000000077db00000)
 ParOldGen       total 183808K, used 23738K [0x00000006c6a00000, 0x00000006d1d80000, 0x000000076ce00000)
  object space 183808K, 12% used [0x00000006c6a00000,0x00000006c812eb48,0x00000006d1d80000)
 Metaspace       used 42001K, capacity 42584K, committed 42816K, reserved 1085440K
  class space    used 6059K, capacity 6201K, committed 6208K, reserved 1048576K
Event: 7.006 GC heap after
Heap after GC invocations=9 (full 2):
 PSYoungGen      total 275456K, used 7290K [0x000000076ce00000, 0x0000000784200000, 0x00000007c0000000)
  eden space 259584K, 0% used [0x000000076ce00000,0x000000076ce00000,0x000000077cb80000)
  from space 15872K, 45% used [0x000000077cb80000,0x000000077d29e838,0x000000077db00000)
  to   space 15872K, 0% used [0x0000000783280000,0x0000000783280000,0x0000000784200000)
 ParOldGen       total 183808K, used 23746K [0x00000006c6a00000, 0x00000006d1d80000, 0x000000076ce00000)
  object space 183808K, 12% used [0x00000006c6a00000,0x00000006c8130b48,0x00000006d1d80000)
 Metaspace       used 42001K, capacity 42584K, committed 42816K, reserved 1085440K
  class space    used 6059K, capacity 6201K, committed 6208K, reserved 1048576K
}
Event: 48.697 GC heap before
{Heap before GC invocations=10 (full 2):
 PSYoungGen      total 275456K, used 266874K [0x000000076ce00000, 0x0000000784200000, 0x00000007c0000000)
  eden space 259584K, 100% used [0x000000076ce00000,0x000000077cb80000,0x000000077cb80000)
  from space 15872K, 45% used [0x000000077cb80000,0x000000077d29e838,0x000000077db00000)
  to   space 15872K, 0% used [0x0000000783280000,0x0000000783280000,0x0000000784200000)
 ParOldGen       total 183808K, used 23746K [0x00000006c6a00000, 0x00000006d1d80000, 0x000000076ce00000)
  object space 183808K, 12% used [0x00000006c6a00000,0x00000006c8130b48,0x00000006d1d80000)
 Metaspace       used 49558K, capacity 50738K, committed 51008K, reserved 1093632K
  class space    used 7120K, capacity 7400K, committed 7488K, reserved 1048576K
Event: 48.712 GC heap after
Heap after GC invocations=10 (full 2):
 PSYoungGen      total 347648K, used 13593K [0x000000076ce00000, 0x0000000784000000, 0x00000007c0000000)
  eden space 333824K, 0% used [0x000000076ce00000,0x000000076ce00000,0x0000000781400000)
  from space 13824K, 98% used [0x0000000783280000,0x0000000783fc64b0,0x0000000784000000)
  to   space 16896K, 0% used [0x0000000781f00000,0x0000000781f00000,0x0000000782f80000)
 ParOldGen       total 183808K, used 23754K [0x00000006c6a00000, 0x00000006d1d80000, 0x000000076ce00000)
  object space 183808K, 12% used [0x00000006c6a00000,0x00000006c8132b48,0x00000006d1d80000)
 Metaspace       used 49558K, capacity 50738K, committed 51008K, reserved 1093632K
  class space    used 7120K, capacity 7400K, committed 7488K, reserved 1048576K
}

Deoptimization events (10 events):
Event: 62.206 Thread 0x00007f49488d9000 Uncommon trap: reason=class_check action=maybe_recompile pc=0x00007f4a0ddd470c method=java.io.InputStream.read([B)I @ 5
Event: 63.863 Thread 0x00007f4998001800 Uncommon trap: reason=class_check action=maybe_recompile pc=0x00007f4a0de135c0 method=java.lang.reflect.Array.newInstance(Ljava/lang/Class;I)Ljava/lang/Object; @ 2
Event: 90.284 Thread 0x00007f4a1c00d000 Uncommon trap: reason=null_check action=make_not_entrant pc=0x00007f4a0de806ac method=com.sun.org.apache.xerces.internal.utils.XMLLimitAnalyzer.isTracking(Ljava/lang/String;)Z @ 14
Event: 90.328 Thread 0x00007f4a1c00d000 Uncommon trap: reason=class_check action=maybe_recompile pc=0x00007f4a0dbed850 method=org.hsqldb.index.IndexAVL.unlinkNodes(Lorg/hsqldb/index/NodeAVL;)V @ 4
Event: 90.328 Thread 0x00007f4a1c00d000 Uncommon trap: reason=class_check action=maybe_recompile pc=0x00007f4a0dbed850 method=org.hsqldb.index.IndexAVL.unlinkNodes(Lorg/hsqldb/index/NodeAVL;)V @ 4
Event: 90.328 Thread 0x00007f4a1c00d000 Uncommon trap: reason=class_check action=maybe_recompile pc=0x00007f4a0dbed850 method=org.hsqldb.index.IndexAVL.unlinkNodes(Lorg/hsqldb/index/NodeAVL;)V @ 4
Event: 90.328 Thread 0x00007f4a1c00d000 Uncommon trap: reason=class_check action=maybe_recompile pc=0x00007f4a0dbed850 method=org.hsqldb.index.IndexAVL.unlinkNodes(Lorg/hsqldb/index/NodeAVL;)V @ 4
Event: 90.328 Thread 0x00007f4a1c00d000 Uncommon trap: reason=unreached action=reinterpret pc=0x00007f4a0dad52c0 method=org.hsqldb.store.BaseHashMap.clearElementArrays(II)V @ 185
Event: 90.331 Thread 0x00007f49487d1800 Uncommon trap: reason=unreached action=reinterpret pc=0x00007f4a0d2d4ed4 method=org.hsqldb.lib.HsqlTimer$TaskQueue.peekTask()Lorg/hsqldb/lib/HsqlTimer$Task; @ 6
Event: 90.438 Thread 0x00007f4a1c00d000 Uncommon trap: reason=class_check action=maybe_recompile pc=0x00007f4a0df81000 method=java.io.ObjectOutputStream$BlockDataOutputStream.write([BIIZ)V @ 23

Internal exceptions (10 events):
Event: 90.431 Thread 0x00007f4a1c00d000 Exception <a 'java/security/PrivilegedActionException'> (0x000000077815dcf0) thrown at [/HUDSON/workspace/8-2-build-linux-amd64/jdk8u20/526.nc/hotspot/src/share/vm/prims/jvm.cpp, line 1258]
Event: 90.431 Thread 0x00007f4a1c00d000 Exception <a 'java/security/PrivilegedActionException'> (0x000000077815e728) thrown at [/HUDSON/workspace/8-2-build-linux-amd64/jdk8u20/526.nc/hotspot/src/share/vm/prims/jvm.cpp, line 1258]
Event: 90.433 Thread 0x00007f4a1c00d000 Exception <a 'java/security/PrivilegedActionException'> (0x0000000778170ac0) thrown at [/HUDSON/workspace/8-2-build-linux-amd64/jdk8u20/526.nc/hotspot/src/share/vm/prims/jvm.cpp, line 1258]
Event: 90.433 Thread 0x00007f4a1c00d000 Exception <a 'java/security/PrivilegedActionException'> (0x0000000778171660) thrown at [/HUDSON/workspace/8-2-build-linux-amd64/jdk8u20/526.nc/hotspot/src/share/vm/prims/jvm.cpp, line 1258]
Event: 90.443 Thread 0x00007f4a1c00d000 Exception <a 'java/security/PrivilegedActionException'> (0x0000000778198138) thrown at [/HUDSON/workspace/8-2-build-linux-amd64/jdk8u20/526.nc/hotspot/src/share/vm/prims/jvm.cpp, line 1258]
Event: 90.443 Thread 0x00007f4a1c00d000 Exception <a 'java/security/PrivilegedActionException'> (0x0000000778199118) thrown at [/HUDSON/workspace/8-2-build-linux-amd64/jdk8u20/526.nc/hotspot/src/share/vm/prims/jvm.cpp, line 1258]
Event: 90.445 Thread 0x00007f4a1c00d000 Exception <a 'java/security/PrivilegedActionException'> (0x00000007781a8f68) thrown at [/HUDSON/workspace/8-2-build-linux-amd64/jdk8u20/526.nc/hotspot/src/share/vm/prims/jvm.cpp, line 1258]
Event: 90.445 Thread 0x00007f4a1c00d000 Exception <a 'java/security/PrivilegedActionException'> (0x00000007781a9fd8) thrown at [/HUDSON/workspace/8-2-build-linux-amd64/jdk8u20/526.nc/hotspot/src/share/vm/prims/jvm.cpp, line 1258]
Event: 90.446 Thread 0x00007f4a1c00d000 Exception <a 'java/security/PrivilegedActionException'> (0x00000007781ba308) thrown at [/HUDSON/workspace/8-2-build-linux-amd64/jdk8u20/526.nc/hotspot/src/share/vm/prims/jvm.cpp, line 1258]
Event: 90.446 Thread 0x00007f4a1c00d000 Exception <a 'java/security/PrivilegedActionException'> (0x00000007781bb328) thrown at [/HUDSON/workspace/8-2-build-linux-amd64/jdk8u20/526.nc/hotspot/src/share/vm/prims/jvm.cpp, line 1258]

Events (10 events):
Event: 90.449 Thread 0x00007f4a1c00d000 DEOPT PACKING pc=0x00007f4a0d14aa8c sp=0x00007f4a2451f6d0
Event: 90.449 Thread 0x00007f4a1c00d000 DEOPT UNPACKING pc=0x00007f4a0d04741a sp=0x00007f4a2451f498 mode 1
Event: 90.449 Thread 0x00007f4a1c00d000 DEOPT PACKING pc=0x00007f4a0d3755e4 sp=0x00007f4a2451f640
Event: 90.449 Thread 0x00007f4a1c00d000 DEOPT UNPACKING pc=0x00007f4a0d04741a sp=0x00007f4a2451f418 mode 1
Event: 90.449 Thread 0x00007f4a1c00d000 DEOPT PACKING pc=0x00007f4a0d3755e4 sp=0x00007f4a2451f600
Event: 90.449 Thread 0x00007f4a1c00d000 DEOPT UNPACKING pc=0x00007f4a0d04741a sp=0x00007f4a2451f3c0 mode 1
Event: 90.449 Thread 0x00007f4a1c00d000 DEOPT PACKING pc=0x00007f4a0d14aa8c sp=0x00007f4a2451f6d0
Event: 90.449 Thread 0x00007f4a1c00d000 DEOPT UNPACKING pc=0x00007f4a0d04741a sp=0x00007f4a2451f498 mode 1
Event: 90.449 Thread 0x00007f4a1c00d000 DEOPT PACKING pc=0x00007f4a0d3755e4 sp=0x00007f4a2451f640
Event: 90.449 Thread 0x00007f4a1c00d000 DEOPT UNPACKING pc=0x00007f4a0d04741a sp=0x00007f4a2451f418 mode 1


Dynamic libraries:
00400000-00401000 r-xp 00000000 08:06 19938758                           /usr/lib/jvm/jdk1.8.0_20/bin/java
00600000-00601000 rw-p 00000000 08:06 19938758                           /usr/lib/jvm/jdk1.8.0_20/bin/java
020b5000-020d6000 rw-p 00000000 00:00 0                                  [heap]
6c6a00000-6d1d80000 rw-p 00000000 00:00 0 
6d1d80000-76ce00000 ---p 00000000 00:00 0 
76ce00000-784000000 rw-p 00000000 00:00 0 
784000000-7c0000000 ---p 00000000 00:00 0 
7c0000000-7c0770000 rw-p 00000000 00:00 0 
7c0770000-800000000 ---p 00000000 00:00 0 
7f48ec000000-7f48ec021000 rw-p 00000000 00:00 0 
7f48ec021000-7f48f0000000 ---p 00000000 00:00 0 
7f48f4000000-7f48f4021000 rw-p 00000000 00:00 0 
7f48f4021000-7f48f8000000 ---p 00000000 00:00 0 
7f48f8000000-7f48f8021000 rw-p 00000000 00:00 0 
7f48f8021000-7f48fc000000 ---p 00000000 00:00 0 
7f48fc000000-7f48fc021000 rw-p 00000000 00:00 0 
7f48fc021000-7f4900000000 ---p 00000000 00:00 0 
7f4900000000-7f4900283000 rw-p 00000000 00:00 0 
7f4900283000-7f4904000000 ---p 00000000 00:00 0 
7f4904000000-7f4904021000 rw-p 00000000 00:00 0 
7f4904021000-7f4908000000 ---p 00000000 00:00 0 
7f4908000000-7f4908022000 rw-p 00000000 00:00 0 
7f4908022000-7f490c000000 ---p 00000000 00:00 0 
7f490c000000-7f490c021000 rw-p 00000000 00:00 0 
7f490c021000-7f4910000000 ---p 00000000 00:00 0 
7f4910000000-7f4910021000 rw-p 00000000 00:00 0 
7f4910021000-7f4914000000 ---p 00000000 00:00 0 
7f4914000000-7f4914021000 rw-p 00000000 00:00 0 
7f4914021000-7f4918000000 ---p 00000000 00:00 0 
7f4918000000-7f4918021000 rw-p 00000000 00:00 0 
7f4918021000-7f491c000000 ---p 00000000 00:00 0 
7f491c000000-7f491c021000 rw-p 00000000 00:00 0 
7f491c021000-7f4920000000 ---p 00000000 00:00 0 
7f4920000000-7f4920021000 rw-p 00000000 00:00 0 
7f4920021000-7f4924000000 ---p 00000000 00:00 0 
7f4924000000-7f4924021000 rw-p 00000000 00:00 0 
7f4924021000-7f4928000000 ---p 00000000 00:00 0 
7f4928000000-7f4928021000 rw-p 00000000 00:00 0 
7f4928021000-7f492c000000 ---p 00000000 00:00 0 
7f492c000000-7f492c021000 rw-p 00000000 00:00 0 
7f492c021000-7f4930000000 ---p 00000000 00:00 0 
7f4930000000-7f4930021000 rw-p 00000000 00:00 0 
7f4930021000-7f4934000000 ---p 00000000 00:00 0 
7f4934000000-7f4934021000 rw-p 00000000 00:00 0 
7f4934021000-7f4938000000 ---p 00000000 00:00 0 
7f4938000000-7f49380fe000 rw-p 00000000 00:00 0 
7f49380fe000-7f493c000000 ---p 00000000 00:00 0 
7f493c000000-7f493c021000 rw-p 00000000 00:00 0 
7f493c021000-7f4940000000 ---p 00000000 00:00 0 
7f4940000000-7f4940021000 rw-p 00000000 00:00 0 
7f4940021000-7f4944000000 ---p 00000000 00:00 0 
7f4944000000-7f4944021000 rw-p 00000000 00:00 0 
7f4944021000-7f4948000000 ---p 00000000 00:00 0 
7f4948000000-7f4948f85000 rw-p 00000000 00:00 0 
7f4948f85000-7f494c000000 ---p 00000000 00:00 0 
7f494c000000-7f494c021000 rw-p 00000000 00:00 0 
7f494c021000-7f4950000000 ---p 00000000 00:00 0 
7f4950000000-7f495054e000 rw-p 00000000 00:00 0 
7f495054e000-7f4954000000 ---p 00000000 00:00 0 
7f4954000000-7f4954021000 rw-p 00000000 00:00 0 
7f4954021000-7f4958000000 ---p 00000000 00:00 0 
7f4958000000-7f4958021000 rw-p 00000000 00:00 0 
7f4958021000-7f495c000000 ---p 00000000 00:00 0 
7f495c000000-7f495c021000 rw-p 00000000 00:00 0 
7f495c021000-7f4960000000 ---p 00000000 00:00 0 
7f4960000000-7f496006d000 rw-p 00000000 00:00 0 
7f496006d000-7f4964000000 ---p 00000000 00:00 0 
7f4964000000-7f4964021000 rw-p 00000000 00:00 0 
7f4964021000-7f4968000000 ---p 00000000 00:00 0 
7f4968000000-7f4968021000 rw-p 00000000 00:00 0 
7f4968021000-7f496c000000 ---p 00000000 00:00 0 
7f496c000000-7f496c021000 rw-p 00000000 00:00 0 
7f496c021000-7f4970000000 ---p 00000000 00:00 0 
7f4970000000-7f4970021000 rw-p 00000000 00:00 0 
7f4970021000-7f4974000000 ---p 00000000 00:00 0 
7f4974000000-7f4974603000 rw-p 00000000 00:00 0 
7f4974603000-7f4978000000 ---p 00000000 00:00 0 
7f4978000000-7f4978174000 rw-p 00000000 00:00 0 
7f4978174000-7f497c000000 ---p 00000000 00:00 0 
7f497c000000-7f497c021000 rw-p 00000000 00:00 0 
7f497c021000-7f4980000000 ---p 00000000 00:00 0 
7f4980000000-7f4980021000 rw-p 00000000 00:00 0 
7f4980021000-7f4984000000 ---p 00000000 00:00 0 
7f4984000000-7f4984021000 rw-p 00000000 00:00 0 
7f4984021000-7f4988000000 ---p 00000000 00:00 0 
7f4988000000-7f4988021000 rw-p 00000000 00:00 0 
7f4988021000-7f498c000000 ---p 00000000 00:00 0 
7f498c000000-7f498c021000 rw-p 00000000 00:00 0 
7f498c021000-7f4990000000 ---p 00000000 00:00 0 
7f4990000000-7f4990021000 rw-p 00000000 00:00 0 
7f4990021000-7f4994000000 ---p 00000000 00:00 0 
7f4994000000-7f4994021000 rw-p 00000000 00:00 0 
7f4994021000-7f4998000000 ---p 00000000 00:00 0 
7f4998000000-7f4998021000 rw-p 00000000 00:00 0 
7f4998021000-7f499c000000 ---p 00000000 00:00 0 
7f499c000000-7f499dbd5000 rw-p 00000000 00:00 0 
7f499dbd5000-7f49a0000000 ---p 00000000 00:00 0 
7f49a0000000-7f49a0b7d000 rw-p 00000000 00:00 0 
7f49a0b7d000-7f49a4000000 ---p 00000000 00:00 0 
7f49a4000000-7f49a585d000 rw-p 00000000 00:00 0 
7f49a585d000-7f49a8000000 ---p 00000000 00:00 0 
7f49a8000000-7f49a9d36000 rw-p 00000000 00:00 0 
7f49a9d36000-7f49ac000000 ---p 00000000 00:00 0 
7f49ac000000-7f49ac0b5000 rw-p 00000000 00:00 0 
7f49ac0b5000-7f49b0000000 ---p 00000000 00:00 0 
7f49b0000000-7f49b0021000 rw-p 00000000 00:00 0 
7f49b0021000-7f49b4000000 ---p 00000000 00:00 0 
7f49b4000000-7f49b4021000 rw-p 00000000 00:00 0 
7f49b4021000-7f49b8000000 ---p 00000000 00:00 0 
7f49b8000000-7f49b8021000 rw-p 00000000 00:00 0 
7f49b8021000-7f49bc000000 ---p 00000000 00:00 0 
7f49bc000000-7f49bc021000 rw-p 00000000 00:00 0 
7f49bc021000-7f49c0000000 ---p 00000000 00:00 0 
7f49c0000000-7f49c003b000 rw-p 00000000 00:00 0 
7f49c003b000-7f49c4000000 ---p 00000000 00:00 0 
7f49c4000000-7f49c410a000 rw-p 00000000 00:00 0 
7f49c410a000-7f49c8000000 ---p 00000000 00:00 0 
7f49c8350000-7f49d0000000 rw-p 00000000 00:00 0 
7f49d0000000-7f49d0021000 rw-p 00000000 00:00 0 
7f49d0021000-7f49d4000000 ---p 00000000 00:00 0 
7f49d8000000-7f49d8021000 rw-p 00000000 00:00 0 
7f49d8021000-7f49dc000000 ---p 00000000 00:00 0 
7f49e0000000-7f49e0021000 rw-p 00000000 00:00 0 
7f49e0021000-7f49e4000000 ---p 00000000 00:00 0 
7f49e8000000-7f49e8021000 rw-p 00000000 00:00 0 
7f49e8021000-7f49ec000000 ---p 00000000 00:00 0 
7f49f0000000-7f49f0021000 rw-p 00000000 00:00 0 
7f49f0021000-7f49f4000000 ---p 00000000 00:00 0 
7f49f474e000-7f49f4751000 ---p 00000000 00:00 0 
7f49f4751000-7f49f484f000 rw-p 00000000 00:00 0 
7f49f484f000-7f49f4852000 ---p 00000000 00:00 0 
7f49f4852000-7f49f4950000 rw-p 00000000 00:00 0 
7f49f4950000-7f49f4953000 ---p 00000000 00:00 0 
7f49f4953000-7f49f4a51000 rw-p 00000000 00:00 0                          [stack:12001]
7f49f4a51000-7f49f4a54000 ---p 00000000 00:00 0 
7f49f4a54000-7f49f4b52000 rw-p 00000000 00:00 0                          [stack:12000]
7f49f4b52000-7f49f4b55000 ---p 00000000 00:00 0 
7f49f4b55000-7f49f4c53000 rw-p 00000000 00:00 0                          [stack:11999]
7f49f4c53000-7f49f4c56000 ---p 00000000 00:00 0 
7f49f4c56000-7f49f4d54000 rw-p 00000000 00:00 0                          [stack:11998]
7f49f4d54000-7f49f4d57000 ---p 00000000 00:00 0 
7f49f4d57000-7f49f5055000 rw-p 00000000 00:00 0                          [stack:11997]
7f49f5055000-7f49f5255000 rw-p 00000000 00:00 0 
7f49f5255000-7f49f5258000 ---p 00000000 00:00 0 
7f49f5258000-7f49f5356000 rw-p 00000000 00:00 0                          [stack:12090]
7f49f5356000-7f49f5359000 ---p 00000000 00:00 0 
7f49f5359000-7f49f5657000 rw-p 00000000 00:00 0 
7f49f5657000-7f49f566e000 r-xp 00000000 08:06 15602148                   /lib/x86_64-linux-gnu/libresolv-2.19.so
7f49f566e000-7f49f586e000 ---p 00017000 08:06 15602148                   /lib/x86_64-linux-gnu/libresolv-2.19.so
7f49f586e000-7f49f586f000 r--p 00017000 08:06 15602148                   /lib/x86_64-linux-gnu/libresolv-2.19.so
7f49f586f000-7f49f5870000 rw-p 00018000 08:06 15602148                   /lib/x86_64-linux-gnu/libresolv-2.19.so
7f49f5870000-7f49f5872000 rw-p 00000000 00:00 0 
7f49f5872000-7f49f5877000 r-xp 00000000 08:06 15602324                   /lib/x86_64-linux-gnu/libnss_dns-2.19.so
7f49f5877000-7f49f5a76000 ---p 00005000 08:06 15602324                   /lib/x86_64-linux-gnu/libnss_dns-2.19.so
7f49f5a76000-7f49f5a77000 r--p 00004000 08:06 15602324                   /lib/x86_64-linux-gnu/libnss_dns-2.19.so
7f49f5a77000-7f49f5a78000 rw-p 00005000 08:06 15602324                   /lib/x86_64-linux-gnu/libnss_dns-2.19.so
7f49f5a78000-7f49f5a7a000 r-xp 00000000 08:06 15601607                   /lib/x86_64-linux-gnu/libnss_mdns4_minimal.so.2
7f49f5a7a000-7f49f5c79000 ---p 00002000 08:06 15601607                   /lib/x86_64-linux-gnu/libnss_mdns4_minimal.so.2
7f49f5c79000-7f49f5c7a000 r--p 00001000 08:06 15601607                   /lib/x86_64-linux-gnu/libnss_mdns4_minimal.so.2
7f49f5c7a000-7f49f5c7b000 rw-p 00002000 08:06 15601607                   /lib/x86_64-linux-gnu/libnss_mdns4_minimal.so.2
7f49f5c7b000-7f49f5e7b000 rw-p 00000000 00:00 0 
7f49f5e7b000-7f49f5e7e000 ---p 00000000 00:00 0 
7f49f5e7e000-7f49f5f7c000 rw-p 00000000 00:00 0                          [stack:11991]
7f49f5f7c000-7f49f5f7f000 ---p 00000000 00:00 0 
7f49f5f7f000-7f49f607d000 rw-p 00000000 00:00 0                          [stack:11990]
7f49f607d000-7f49f6080000 ---p 00000000 00:00 0 
7f49f6080000-7f49f617e000 rw-p 00000000 00:00 0                          [stack:11989]
7f49f617e000-7f49f6181000 ---p 00000000 00:00 0 
7f49f6181000-7f49f627f000 rw-p 00000000 00:00 0                          [stack:11988]
7f49f627f000-7f49f6282000 ---p 00000000 00:00 0 
7f49f6282000-7f49f6580000 rw-p 00000000 00:00 0 
7f49f6580000-7f49f6583000 ---p 00000000 00:00 0 
7f49f6583000-7f49f6681000 rw-p 00000000 00:00 0 
7f49f6681000-7f49f6684000 ---p 00000000 00:00 0 
7f49f6684000-7f49f6782000 rw-p 00000000 00:00 0 
7f49f6782000-7f49f6785000 ---p 00000000 00:00 0 
7f49f6785000-7f49f6883000 rw-p 00000000 00:00 0 
7f49f6883000-7f49f6886000 ---p 00000000 00:00 0 
7f49f6886000-7f49f6984000 rw-p 00000000 00:00 0 
7f49f6984000-7f49f6987000 ---p 00000000 00:00 0 
7f49f6987000-7f49f6a85000 rw-p 00000000 00:00 0 
7f49f6a85000-7f49f6a88000 ---p 00000000 00:00 0 
7f49f6a88000-7f49f6d86000 rw-p 00000000 00:00 0 
7f49f6def000-7f49f6df2000 ---p 00000000 00:00 0 
7f49f6df2000-7f49f6ef0000 rw-p 00000000 00:00 0 
7f49f6ef0000-7f49f6ef3000 ---p 00000000 00:00 0 
7f49f6ef3000-7f49f6ff1000 rw-p 00000000 00:00 0 
7f49f6ff1000-7f49f6ff4000 ---p 00000000 00:00 0 
7f49f6ff4000-7f49f72f2000 rw-p 00000000 00:00 0 
7f49f7400000-7f49f7600000 rw-p 00000000 00:00 0 
7f49f7600000-7f49f7800000 rw-p 00000000 00:00 0 
7f49f7800000-7f49f7a00000 rw-p 00000000 00:00 0 
7f49f7a00000-7f49f7c00000 rw-p 00000000 00:00 0 
7f49f7c00000-7f49f7e00000 rw-p 00000000 00:00 0 
7f49f7e00000-7f49f8000000 rw-p 00000000 00:00 0 
7f49f8000000-7f49f8021000 rw-p 00000000 00:00 0 
7f49f8021000-7f49fc000000 ---p 00000000 00:00 0 
7f49fc0a6000-7f49fc0a9000 ---p 00000000 00:00 0 
7f49fc0a9000-7f49fc1a7000 rw-p 00000000 00:00 0 
7f49fc3a9000-7f49fc3ac000 ---p 00000000 00:00 0 
7f49fc3ac000-7f49fc4aa000 rw-p 00000000 00:00 0 
7f49fc4aa000-7f49fc4ad000 ---p 00000000 00:00 0 
7f49fc4ad000-7f49fc5ab000 rw-p 00000000 00:00 0 
7f49fc5ab000-7f49fc5ae000 ---p 00000000 00:00 0 
7f49fc5ae000-7f49fc6ac000 rw-p 00000000 00:00 0                          [stack:11992]
7f49fc6ac000-7f49fc6af000 ---p 00000000 00:00 0 
7f49fc6af000-7f49fc7ad000 rw-p 00000000 00:00 0 
7f49fc7b0000-7f49fc7b7000 r--s 00000000 08:06 15863595                   /usr/lib/x86_64-linux-gnu/gconv/gconv-modules.cache
7f49fc7b7000-7f49fc7b9000 r--s 00003000 08:06 659381                     /usr/local/development/dev-7-7/Ignition/IgnitionWebApp/src/main/home/temp/sfc-gateway-api2484189210800970260.jar
7f49fc7b9000-7f49fc7bc000 r--s 00019000 08:06 659380                     /usr/local/development/dev-7-7/Ignition/IgnitionWebApp/src/main/home/temp/sfc-gateway6230748332835192447.jar
7f49fc7bc000-7f49fc7bf000 r--s 00016000 08:06 659379                     /usr/local/development/dev-7-7/Ignition/IgnitionWebApp/src/main/home/temp/sfc-common8058355745239394591.jar
7f49fc7bf000-7f49fc7c3000 r--s 000be000 08:06 658865                     /usr/local/development/dev-7-7/Ignition/IgnitionWebApp/src/main/home/temp/vis-gateway4720842066946366549.jar
7f49fc7c3000-7f49fc7cb000 r--s 0009e000 08:06 657830                     /usr/local/development/dev-7-7/Ignition/IgnitionWebApp/src/main/home/temp/secsgem-gateway8886945704297962739.jar
7f49fc7cb000-7f49fc9cb000 rw-p 00000000 00:00 0 
7f49fc9cb000-7f49fc9de000 r--s 00345000 08:06 20582253                   /usr/lib/jvm/jdk1.8.0_20/jre/lib/resources.jar
7f49fc9de000-7f49fcbdf000 rw-p 00000000 00:00 0 
7f49fcbdf000-7f49fcbe0000 r--s 00002000 08:06 658870                     /usr/local/development/dev-7-7/Ignition/IgnitionWebApp/src/main/home/temp/vis-common5589904664107715181.jar
7f49fcbe0000-7f49fcbe1000 r--s 00004000 08:06 658859                     /usr/local/development/dev-7-7/Ignition/IgnitionWebApp/src/main/home/temp/secsgem-shared6828069515520945512.jar
7f49fcbe1000-7f49fcbe2000 r--s 00000000 08:06 2365020                    /usr/local/development/dev-7-7/Ignition/IgnitionWebApp/target/ignition-webapp-7.7/WEB-INF/lib/xopc-common-2.7.2-20141104.213412-19.jar
7f49fcbe2000-7f49fcbfa000 r--s 000f7000 08:06 2365016                    /usr/local/development/dev-7-7/Ignition/IgnitionWebApp/target/ignition-webapp-7.7/WEB-INF/lib/xopc-2.7.2-20141104.213433-19.jar
7f49fcbfa000-7f49fcc07000 r--s 000a0000 08:06 2365222                    /usr/local/development/dev-7-7/Ignition/IgnitionWebApp/target/ignition-webapp-7.7/WEB-INF/lib/winpack-3.8.3.jar
7f49fcc07000-7f49fcc11000 r--s 0005c000 08:06 2364945                    /usr/local/development/dev-7-7/Ignition/IgnitionWebApp/target/ignition-webapp-7.7/WEB-INF/lib/wicket-util-6.1.1.jar
7f49fcc11000-7f49fcc14000 r--s 00012000 08:06 2364946                    /usr/local/development/dev-7-7/Ignition/IgnitionWebApp/target/ignition-webapp-7.7/WEB-INF/lib/wicket-request-6.1.1.jar
7f49fcc14000-7f49fcc26000 r--s 00138000 08:06 2364948                    /usr/local/development/dev-7-7/Ignition/IgnitionWebApp/target/ignition-webapp-7.7/WEB-INF/lib/wicket-extensions-6.1.1.jar
7f49fcc26000-7f49fcc29000 r--s 00038000 08:06 2364947                    /usr/local/development/dev-7-7/Ignition/IgnitionWebApp/target/ignition-webapp-7.7/WEB-INF/lib/wicket-datetime-6.1.1.jar
7f49fcc29000-7f49fcc4c000 r--s 001a3000 08:06 2364944                    /usr/local/development/dev-7-7/Ignition/IgnitionWebApp/target/ignition-webapp-7.7/WEB-INF/lib/wicket-core-6.1.1.jar
7f49fcc4c000-7f49fcc4e000 r--s 0012e000 08:06 2365207                    /usr/local/development/dev-7-7/Ignition/IgnitionWebApp/target/ignition-webapp-7.7/WEB-INF/lib/voice-cmu-slt-hsmm-5.0.jar
7f49fcc4e000-7f49fcc4f000 r--s 00006000 08:06 2365022                    /usr/local/development/dev-7-7/Ignition/IgnitionWebApp/target/ignition-webapp-7.7/WEB-INF/lib/user-manual-module-1.7.0-20131026.004611-6.jar
7f49fcc4f000-7f49fcc50000 r--s 00268000 08:06 2365208                    /usr/local/development/dev-7-7/Ignition/IgnitionWebApp/target/ignition-webapp-7.7/WEB-INF/lib/ttsengine-ivona-2.7.2-20141104.214148-19.jar
7f49fcc50000-7f49fcc53000 r--s 00017000 08:06 2365002                    /usr/local/development/dev-7-7/Ignition/IgnitionWebApp/target/ignition-webapp-7.7/WEB-INF/lib/timingframework-1.0.jar
7f49fcc53000-7f49fcc55000 r--s 00001000 08:06 2364734                    /usr/local/development/dev-7-7/Ignition/IgnitionWebApp/target/ignition-webapp-7.7/WEB-INF/lib/slf4j-log4j12-1.7.5.jar
7f49fcc55000-7f49fcc57000 r--s 00005000 08:06 2364733                    /usr/local/development/dev-7-7/Ignition/IgnitionWebApp/target/ignition-webapp-7.7/WEB-INF/lib/slf4j-api-1.7.5.jar
7f49fcc57000-7f49fcc61000 r--s 00061000 08:06 2365204                    /usr/local/development/dev-7-7/Ignition/IgnitionWebApp/target/ignition-webapp-7.7/WEB-INF/lib/sip-notification-2.7.2-20141104.214142-19.jar
7f49fcc61000-7f49fcc64000 r--s 0001f000 08:06 4198523                    /usr/local/development/dev-7-7/Ignition/IgnitionWebApp/target/ignition-webapp-7.7/WEB-INF/lib/simple-orm-7.7.2-SNAPSHOT.jar
7f49fcc64000-7f49fcc66000 r--s 00003000 08:06 2365213                    /usr/local/development/dev-7-7/Ignition/IgnitionWebApp/target/ignition-webapp-7.7/WEB-INF/lib/sfc-gateway-api-1.7.1-SNAPSHOT.jar
7f49fcc66000-7f49fcc69000 r--s 00019000 08:06 2365212                    /usr/local/development/dev-7-7/Ignition/IgnitionWebApp/target/ignition-webapp-7.7/WEB-INF/lib/sfc-gateway-1.7.1-SNAPSHOT.jar
7f49fcc69000-7f49fcc6c000 r--s 00016000 08:06 2365214                    /usr/local/development/dev-7-7/Ignition/IgnitionWebApp/target/ignition-webapp-7.7/WEB-INF/lib/sfc-common-1.7.1-SNAPSHOT.jar
7f49fcc6c000-7f49fcc6e000 r--s 0000f000 08:06 2365217                    /usr/local/development/dev-7-7/Ignition/IgnitionWebApp/target/ignition-webapp-7.7/WEB-INF/lib/serialio-8.7.0.jar
7f49fcc6e000-7f49fcc70000 r--s 00028000 08:06 2365215                    /usr/local/development/dev-7-7/Ignition/IgnitionWebApp/target/ignition-webapp-7.7/WEB-INF/lib/serial-support-gateway-2.7.2-20141104.214033-19.jar
7f49fcc70000-7f49fcc72000 r--s 00002000 08:06 2365216                    /usr/local/development/dev-7-7/Ignition/IgnitionWebApp/target/ignition-webapp-7.7/WEB-INF/lib/serial-support-common-2.7.2-20141104.214027-19.jar
7f49fcc72000-7f49fcc77000 r--s 0003e000 08:06 2364955                    /usr/local/development/dev-7-7/Ignition/IgnitionWebApp/target/ignition-webapp-7.7/WEB-INF/lib/saaj-impl-1.3.jar
7f49fcc77000-7f49fcc79000 r--s 00003000 08:06 2364956                    /usr/local/development/dev-7-7/Ignition/IgnitionWebApp/target/ignition-webapp-7.7/WEB-INF/lib/saaj-api-1.3.jar
7f49fcc79000-7f49fcc83000 r--s 0005c000 08:06 2365219                    /usr/local/development/dev-7-7/Ignition/IgnitionWebApp/target/ignition-webapp-7.7/WEB-INF/lib/opccom-gateway-2.7.2-20141104.213642-1.jar
7f49fcc83000-7f49fcc84000 r--s 00001000 08:06 2365218                    /usr/local/development/dev-7-7/Ignition/IgnitionWebApp/target/ignition-webapp-7.7/WEB-INF/lib/opccom-common-2.7.2-20141104.213635-1.jar
7f49fcc84000-7f49fcc89000 r--s 00086000 08:06 2365210                    /usr/local/development/dev-7-7/Ignition/IgnitionWebApp/target/ignition-webapp-7.7/WEB-INF/lib/mobile-gateway-2.7.2-20141104.213623-19.jar
7f49fcc89000-7f49fcc8b000 r--s 00002000 08:06 2365211                    /usr/local/development/dev-7-7/Ignition/IgnitionWebApp/target/ignition-webapp-7.7/WEB-INF/lib/mobile-common-2.7.2-20141104.213605-19.jar
7f49fcc8b000-7f49fcc8c000 r--s 00003000 08:06 2365006                    /usr/local/development/dev-7-7/Ignition/IgnitionWebApp/target/ignition-webapp-7.7/WEB-INF/lib/miglayout-swing-4.2.jar
7f49fcc8c000-7f49fcc8e000 r--s 0000f000 08:06 2365007                    /usr/local/development/dev-7-7/Ignition/IgnitionWebApp/target/ignition-webapp-7.7/WEB-INF/lib/miglayout-core-4.2.jar
7f49fcc8e000-7f49fcc91000 r--s 00012000 08:06 2364935                    /usr/local/development/dev-7-7/Ignition/IgnitionWebApp/target/ignition-webapp-7.7/WEB-INF/lib/metrics-core-3.0.1.jar
7f49fcc91000-7f49fcd00000 r--s 007bb000 08:06 2365205                    /usr/local/development/dev-7-7/Ignition/IgnitionWebApp/target/ignition-webapp-7.7/WEB-INF/lib/marytts-server-5.0.jar
7f49fcd00000-7f49fcd03000 r--s 0069c000 08:06 2365206                    /usr/local/development/dev-7-7/Ignition/IgnitionWebApp/target/ignition-webapp-7.7/WEB-INF/lib/marytts-lang-en-5.0.jar
7f49fcd03000-7f49fcd0b000 r--s 00075000 08:06 2364951                    /usr/local/development/dev-7-7/Ignition/IgnitionWebApp/target/ignition-webapp-7.7/WEB-INF/lib/mail-1.4.5.jar
7f49fcd0b000-7f49fcd12000 r--s 00059000 08:06 2364732                    /usr/local/development/dev-7-7/Ignition/IgnitionWebApp/target/ignition-webapp-7.7/WEB-INF/lib/log4j-1.2.15.jar
7f49fcd12000-7f49fcdaf000 r--s 0082e000 08:06 2364728                    /usr/local/development/dev-7-7/Ignition/IgnitionWebApp/target/ignition-webapp-7.7/WEB-INF/lib/jython-2.5.3-guava-upgrade.jar
7f49fcdaf000-7f49fcdb0000 r--s 00001000 08:06 2364765                    /usr/local/development/dev-7-7/Ignition/IgnitionWebApp/target/ignition-webapp-7.7/WEB-INF/lib/jul-to-slf4j-1.7.5.jar
7f49fcdb0000-7f49fcdb6000 r--s 00036000 08:06 2364949                    /usr/local/development/dev-7-7/Ignition/IgnitionWebApp/target/ignition-webapp-7.7/WEB-INF/lib/jquery-ui-core-6.1.0.jar
7f49fcdb6000-7f49fcdc5000 r--s 0007c000 08:06 2364936                    /usr/local/development/dev-7-7/Ignition/IgnitionWebApp/target/ignition-webapp-7.7/WEB-INF/lib/joda-time-2.0.jar
7f49fcdc5000-7f49fcdc9000 r--s 00037000 08:06 2365221                    /usr/local/development/dev-7-7/Ignition/IgnitionWebApp/target/ignition-webapp-7.7/WEB-INF/lib/jniwrap-3.8.3.jar
7f49fcdc9000-7f49fcdcb000 r--s 00011000 08:06 2365015                    /usr/local/development/dev-7-7/Ignition/IgnitionWebApp/target/ignition-webapp-7.7/WEB-INF/lib/jide-shortcut-3.5.13.jar
7f49fcdcb000-7f49fcdcf000 r--s 00022000 08:06 2365010                    /usr/local/development/dev-7-7/Ignition/IgnitionWebApp/target/ignition-webapp-7.7/WEB-INF/lib/jide-plaf-3.5.13.jar
7f49fcdcf000-7f49fcdf5000 r--s 001da000 08:06 2365009                    /usr/local/development/dev-7-7/Ignition/IgnitionWebApp/target/ignition-webapp-7.7/WEB-INF/lib/jide-grids-3.5.13.jar
7f49fcdf5000-7f49fcdff000 r--s 00061000 08:06 2365014                    /usr/local/development/dev-7-7/Ignition/IgnitionWebApp/target/ignition-webapp-7.7/WEB-INF/lib/jide-editor-3.5.13.jar
7f49fcdff000-7f49fce05000 r--s 0004f000 08:06 2365013                    /usr/local/development/dev-7-7/Ignition/IgnitionWebApp/target/ignition-webapp-7.7/WEB-INF/lib/jide-dock-3.5.13.jar
7f49fce05000-7f49fce07000 r--s 0000c000 08:06 2365012                    /usr/local/development/dev-7-7/Ignition/IgnitionWebApp/target/ignition-webapp-7.7/WEB-INF/lib/jide-dialogs-3.5.13.jar
7f49fce07000-7f49fce0f000 r--s 00055000 08:06 2365008                    /usr/local/development/dev-7-7/Ignition/IgnitionWebApp/target/ignition-webapp-7.7/WEB-INF/lib/jide-components-3.5.13.jar
7f49fce0f000-7f49fce2c000 r--s 00155000 08:06 2364766                    /usr/local/development/dev-7-7/Ignition/IgnitionWebApp/target/ignition-webapp-7.7/WEB-INF/lib/jide-common-3.5.13.jar
7f49fce2c000-7f49fce31000 r--s 0002f000 08:06 2365011                    /usr/local/development/dev-7-7/Ignition/IgnitionWebApp/target/ignition-webapp-7.7/WEB-INF/lib/jide-action-3.5.13.jar
7f49fce31000-7f49fce45000 r--s 0017c000 08:06 2365004                    /usr/local/development/dev-7-7/Ignition/IgnitionWebApp/target/ignition-webapp-7.7/WEB-INF/lib/jfreechart-min-1.0.0.jar
7f49fce45000-7f49fce47000 r--s 00004000 08:06 2364991                    /usr/local/development/dev-7-7/Ignition/IgnitionWebApp/target/ignition-webapp-7.7/WEB-INF/lib/jaxrpc-spi-1.1.3_01.jar
7f49fce47000-7f49fce64000 r--s 001ea000 08:06 2364953                    /usr/local/development/dev-7-7/Ignition/IgnitionWebApp/target/ignition-webapp-7.7/WEB-INF/lib/jaxrpc-impl-1.1.3_01.jar
7f49fce64000-7f49fce66000 r--s 00005000 08:06 2364954                    /usr/local/development/dev-7-7/Ignition/IgnitionWebApp/target/ignition-webapp-7.7/WEB-INF/lib/jaxrpc-api-1.1.jar
7f49fce66000-7f49fce68000 r--s 00013000 08:06 2364730                    /usr/local/development/dev-7-7/Ignition/IgnitionWebApp/target/ignition-webapp-7.7/WEB-INF/lib/java-cup-10k.jar
7f49fce68000-7f49fce69000 r--s 00003000 08:06 2365209                    /usr/local/development/dev-7-7/Ignition/IgnitionWebApp/target/ignition-webapp-7.7/WEB-INF/lib/ivonatts-1.0.0.jar
7f49fce69000-7f49fce6b000 r--s 00001000 08:06 2365019                    /usr/local/development/dev-7-7/Ignition/IgnitionWebApp/target/ignition-webapp-7.7/WEB-INF/lib/io-session-3.0.0-20130122.214435-9.jar
7f49fce6b000-7f49fce76000 r--s 00073000 08:06 2365018                    /usr/local/development/dev-7-7/Ignition/IgnitionWebApp/target/ignition-webapp-7.7/WEB-INF/lib/ia-opcua-2.7.2-20141104.213404-19.jar
7f49fce76000-7f49fce84000 r--s 0014e000 08:06 2364950                    /usr/local/development/dev-7-7/Ignition/IgnitionWebApp/target/ignition-webapp-7.7/WEB-INF/lib/hsqldb-2.2.9.jar
7f49fce84000-7f49fce85000 r--s 00001000 08:06 2365000                    /usr/local/development/dev-7-7/Ignition/IgnitionWebApp/target/ignition-webapp-7.7/WEB-INF/lib/hasp-srm-api-1.0.0.jar
7f49fce85000-7f49fcea9000 r--s 001aa000 08:06 2364726                    /usr/local/development/dev-7-7/Ignition/IgnitionWebApp/target/ignition-webapp-7.7/WEB-INF/lib/guava-13.0.1.jar
7f49fcea9000-7f49fcece000 r--s 00155000 08:06 4198538                    /usr/local/development/dev-7-7/Ignition/IgnitionWebApp/target/ignition-webapp-7.7/WEB-INF/lib/gateway-api-7.7.2-SNAPSHOT.jar
7f49fcece000-7f49fcf03000 r--s 00273000 08:06 4198524                    /usr/local/development/dev-7-7/Ignition/IgnitionWebApp/target/ignition-webapp-7.7/WEB-INF/lib/gateway-7.7.2-SNAPSHOT.jar
7f49fcf03000-7f49fcf07000 r--s 00016000 08:06 2365023                    /usr/local/development/dev-7-7/Ignition/IgnitionWebApp/target/ignition-webapp-7.7/WEB-INF/lib/fsql-common-6.7.2-20141104.213458-19.jar
7f49fcf07000-7f49fcf0f000 r--s 001ca000 08:06 2365024                    /usr/local/development/dev-7-7/Ignition/IgnitionWebApp/target/ignition-webapp-7.7/WEB-INF/lib/fsql-6.7.2-20141104.213508-19.jar
7f49fcf0f000-7f49fcf13000 r--s 000be000 08:06 4198129                    /usr/local/development/dev-7-7/Ignition/IgnitionWebApp/target/ignition-webapp-7.7/WEB-INF/lib/fpmi-gateway-7.7.2-SNAPSHOT.jar
7f49fcf13000-7f49fcf14000 r--s 00001000 08:06 4198528                    /usr/local/development/dev-7-7/Ignition/IgnitionWebApp/target/ignition-webapp-7.7/WEB-INF/lib/fpmi-common-7.7.2-SNAPSHOT.jar
7f49fcf14000-7f49fcf17000 r--s 00013000 08:06 2365003                    /usr/local/development/dev-7-7/Ignition/IgnitionWebApp/target/ignition-webapp-7.7/WEB-INF/lib/forms-1.0.7.jar
7f49fcf17000-7f49fcf19000 r--s 00003000 08:06 2365021                    /usr/local/development/dev-7-7/Ignition/IgnitionWebApp/target/ignition-webapp-7.7/WEB-INF/lib/drivers-common-2.7.2-20141104.213438-19.jar
7f49fcf19000-7f49fcf20000 r--s 0002f000 08:06 2365017                    /usr/local/development/dev-7-7/Ignition/IgnitionWebApp/target/ignition-webapp-7.7/WEB-INF/lib/driver-api-2.7.2-20141104.213410-19.jar
7f49fcf20000-7f49fcf76000 r--s 00512000 08:06 4198539                    /usr/local/development/dev-7-7/Ignition/IgnitionWebApp/target/ignition-webapp-7.7/WEB-INF/lib/designer-7.7.2-SNAPSHOT.jar
7f49fcf76000-7f49fcf78000 r--s 00007000 08:06 2364731                    /usr/local/development/dev-7-7/Ignition/IgnitionWebApp/target/ignition-webapp-7.7/WEB-INF/lib/cron4j-2.2.3.jar
7f49fcf78000-7f49fcf7f000 r--s 00054000 08:06 2364729                    /usr/local/development/dev-7-7/Ignition/IgnitionWebApp/target/ignition-webapp-7.7/WEB-INF/lib/core-1.7.jar
7f49fcf7f000-7f49fcf82000 r--s 00013000 08:06 2364999                    /usr/local/development/dev-7-7/Ignition/IgnitionWebApp/target/ignition-webapp-7.7/WEB-INF/lib/commons-pool-1.4.jar
7f49fcf82000-7f49fcf84000 r--s 0000d000 08:06 2364941                    /usr/local/development/dev-7-7/Ignition/IgnitionWebApp/target/ignition-webapp-7.7/WEB-INF/lib/commons-logging-1.1.1.jar
7f49fcf84000-7f49fcf8a000 r--s 00048000 08:06 2364723                    /usr/local/development/dev-7-7/Ignition/IgnitionWebApp/target/ignition-webapp-7.7/WEB-INF/lib/commons-lang3-3.1.jar
7f49fcf8a000-7f49fcf8c000 r--s 0000e000 08:06 2364942                    /usr/local/development/dev-7-7/Ignition/IgnitionWebApp/target/ignition-webapp-7.7/WEB-INF/lib/commons-lang-1.0.jar
7f49fcf8c000-7f49fcf8f000 r--s 00025000 08:06 2364722                    /usr/local/development/dev-7-7/Ignition/IgnitionWebApp/target/ignition-webapp-7.7/WEB-INF/lib/commons-io-2.1.jar
7f49fcf8f000-7f49fcf92000 r--s 0000f000 08:06 2364997                    /usr/local/development/dev-7-7/Ignition/IgnitionWebApp/target/ignition-webapp-7.7/WEB-INF/lib/commons-discovery-0.2.jar
7f49fcf92000-7f49fcf94000 r--s 0001c000 08:06 2364998                    /usr/local/development/dev-7-7/Ignition/IgnitionWebApp/target/ignition-webapp-7.7/WEB-INF/lib/commons-dbcp-1.2.2.jar
7f49fcf94000-7f49fcf96000 r--s 00006000 08:06 2364940                    /usr/local/development/dev-7-7/Ignition/IgnitionWebApp/target/ignition-webapp-7.7/WEB-INF/lib/commons-cli-1.0.jar
7f49fcf96000-7f49fcfc7000 r--s 001ea000 08:06 4198540                    /usr/local/development/dev-7-7/Ignition/IgnitionWebApp/target/ignition-webapp-7.7/WEB-INF/lib/common-7.7.2-SNAPSHOT.jar
7f49fcfc7000-7f49fcfd4000 r--s 00084000 08:06 2365220                    /usr/local/development/dev-7-7/Ignition/IgnitionWebApp/target/ignition-webapp-7.7/WEB-INF/lib/comfyj-2.9.jar
7f49fcfd4000-7f49fcfd9000 r--s 00030000 08:06 4198529                    /usr/local/development/dev-7-7/Ignition/IgnitionWebApp/target/ignition-webapp-7.7/WEB-INF/lib/client-bootstrap-7.7.2-SNAPSHOT.jar
7f49fcfd9000-7f49fcfff000 r--s 001be000 08:06 4198525                    /usr/local/development/dev-7-7/Ignition/IgnitionWebApp/target/ignition-webapp-7.7/WEB-INF/lib/client-api-7.7.2-SNAPSHOT.jar
7f49fcfff000-7f49fd000000 r--s 00004000 08:06 4198527                    /usr/local/development/dev-7-7/Ignition/IgnitionWebApp/target/ignition-webapp-7.7/WEB-INF/lib/bootstrap-7.7.2-SNAPSHOT-classes.jar
7f49fd000000-7f49fd028000 r--s 00196000 08:06 2364727                    /usr/local/development/dev-7-7/Ignition/IgnitionWebApp/target/ignition-webapp-7.7/WEB-INF/lib/bcprov-jdk16-unsigned-1.46-unsigned.jar
7f49fd028000-7f49fd02d000 r--s 0003e000 08:06 2364938                    /usr/local/development/dev-7-7/Ignition/IgnitionWebApp/target/ignition-webapp-7.7/WEB-INF/lib/barcode4j-2.1.jar
7f49fd02d000-7f49fd030000 r--s 0001c000 08:06 2364996                    /usr/local/development/dev-7-7/Ignition/IgnitionWebApp/target/ignition-webapp-7.7/WEB-INF/lib/axis-wsdl4j-1.5.1.jar
7f49fd030000-7f49fd032000 r--s 00006000 08:06 2364994                    /usr/local/development/dev-7-7/Ignition/IgnitionWebApp/target/ignition-webapp-7.7/WEB-INF/lib/axis-jaxrpc-1.4.jar
7f49fd032000-7f49fd046000 r--s 00173000 08:06 2364993                    /usr/local/development/dev-7-7/Ignition/IgnitionWebApp/target/ignition-webapp-7.7/WEB-INF/lib/axis-1.4.jar
7f49fd046000-7f49fd048000 r--s 0000d000 08:06 2364939                    /usr/local/development/dev-7-7/Ignition/IgnitionWebApp/target/ignition-webapp-7.7/WEB-INF/lib/avalon-framework-impl-4.2.0.jar
7f49fd048000-7f49fd04b000 ---p 00000000 00:00 0 
7f49fd04b000-7f49fd349000 rw-p 00000000 00:00 0 
7f49fd349000-7f49fd34c000 ---p 00000000 00:00 0 
7f49fd34c000-7f49fd44a000 rw-p 00000000 00:00 0                          [stack:11961]
7f49fd44a000-7f49fd44d000 ---p 00000000 00:00 0 
7f49fd44d000-7f49fd54b000 rw-p 00000000 00:00 0                          [stack:11960]
7f49fd54b000-7f49fd54e000 ---p 00000000 00:00 0 
7f49fd54e000-7f49fd64c000 rw-p 00000000 00:00 0                          [stack:11959]
7f49fd64c000-7f49fd64f000 ---p 00000000 00:00 0 
7f49fd64f000-7f49fd74d000 rw-p 00000000 00:00 0                          [stack:11958]
7f49fd74d000-7f49fd750000 ---p 00000000 00:00 0 
7f49fd750000-7f49fd84e000 rw-p 00000000 00:00 0                          [stack:11957]
7f49fd84e000-7f49fd851000 ---p 00000000 00:00 0 
7f49fd851000-7f49fd94f000 rw-p 00000000 00:00 0                          [stack:11956]
7f49fd94f000-7f49fd965000 r-xp 00000000 08:06 15602357                   /lib/x86_64-linux-gnu/libgcc_s.so.1
7f49fd965000-7f49fdb64000 ---p 00016000 08:06 15602357                   /lib/x86_64-linux-gnu/libgcc_s.so.1
7f49fdb64000-7f49fdb65000 rw-p 00015000 08:06 15602357                   /lib/x86_64-linux-gnu/libgcc_s.so.1
7f49fdb65000-7f49fdb66000 r--s 00004000 08:06 2364995                    /usr/local/development/dev-7-7/Ignition/IgnitionWebApp/target/ignition-webapp-7.7/WEB-INF/lib/axis-saaj-1.4.jar
7f49fdb66000-7f49fdb6e000 r--s 00049000 08:06 2365005                    /usr/local/development/dev-7-7/Ignition/IgnitionWebApp/target/ignition-webapp-7.7/WEB-INF/lib/alloy-1.4.4.ia1.jar
7f49fdb6e000-7f49fdb70000 r--s 00003000 08:06 2365026                    /usr/local/development/dev-7-7/Ignition/IgnitionWebApp/target/ignition-webapp-7.7/WEB-INF/lib/alarm-notification-gateway-api-2.7.2-20141104.214105-19.jar
7f49fdb70000-7f49fdb76000 r--s 00032000 08:06 2365025                    /usr/local/development/dev-7-7/Ignition/IgnitionWebApp/target/ignition-webapp-7.7/WEB-INF/lib/alarm-notification-gateway-2.7.2-20141104.214111-19.jar
7f49fdb76000-7f49fdb78000 r--s 00004000 08:06 2365027                    /usr/local/development/dev-7-7/Ignition/IgnitionWebApp/target/ignition-webapp-7.7/WEB-INF/lib/alarm-notification-common-2.7.2-20141104.214053-19.jar
7f49fdb78000-7f49fdb82000 r--s 00036000 08:06 2365203                    /usr/local/development/dev-7-7/Ignition/IgnitionWebApp/target/ignition-webapp-7.7/WEB-INF/lib/airlink-sms-notification-2.7.2-20141104.214125-19.jar
7f49fdb82000-7f49fdb84000 r--s 0000d000 08:06 2365001                    /usr/local/development/dev-7-7/Ignition/IgnitionWebApp/target/ignition-webapp-7.7/WEB-INF/lib/activation-ws-1.0.0.jar
7f49fdb84000-7f49fdbb6000 r-xp 00000000 08:06 20582265                   /usr/lib/jvm/jdk1.8.0_20/jre/lib/amd64/libsunec.so
7f49fdbb6000-7f49fddb5000 ---p 00032000 08:06 20582265                   /usr/lib/jvm/jdk1.8.0_20/jre/lib/amd64/libsunec.so
7f49fddb5000-7f49fddbb000 rw-p 00031000 08:06 20582265                   /usr/lib/jvm/jdk1.8.0_20/jre/lib/amd64/libsunec.so
7f49fddbb000-7f49fdfcb000 rw-p 00000000 00:00 0 
7f49fdfcb000-7f49fdfce000 ---p 00000000 00:00 0 
7f49fdfce000-7f49fe0cc000 rw-p 00000000 00:00 0                          [stack:11954]
7f49fe0cc000-7f49fe0d1000 r-xp 00000000 08:06 15211194                   /usr/lib/x86_64-linux-gnu/libXdmcp.so.6.0.0
7f49fe0d1000-7f49fe2d0000 ---p 00005000 08:06 15211194                   /usr/lib/x86_64-linux-gnu/libXdmcp.so.6.0.0
7f49fe2d0000-7f49fe2d1000 r--p 00004000 08:06 15211194                   /usr/lib/x86_64-linux-gnu/libXdmcp.so.6.0.0
7f49fe2d1000-7f49fe2d2000 rw-p 00005000 08:06 15211194                   /usr/lib/x86_64-linux-gnu/libXdmcp.so.6.0.0
7f49fe2d2000-7f49fe2d4000 r-xp 00000000 08:06 15211183                   /usr/lib/x86_64-linux-gnu/libXau.so.6.0.0
7f49fe2d4000-7f49fe4d4000 ---p 00002000 08:06 15211183                   /usr/lib/x86_64-linux-gnu/libXau.so.6.0.0
7f49fe4d4000-7f49fe4d5000 r--p 00002000 08:06 15211183                   /usr/lib/x86_64-linux-gnu/libXau.so.6.0.0
7f49fe4d5000-7f49fe4d6000 rw-p 00003000 08:06 15211183                   /usr/lib/x86_64-linux-gnu/libXau.so.6.0.0
7f49fe4d6000-7f49fe4f3000 r-xp 00000000 08:06 15212358                   /usr/lib/x86_64-linux-gnu/libxcb.so.1.1.0
7f49fe4f3000-7f49fe6f3000 ---p 0001d000 08:06 15212358                   /usr/lib/x86_64-linux-gnu/libxcb.so.1.1.0
7f49fe6f3000-7f49fe6f4000 r--p 0001d000 08:06 15212358                   /usr/lib/x86_64-linux-gnu/libxcb.so.1.1.0
7f49fe6f4000-7f49fe6f5000 rw-p 0001e000 08:06 15212358                   /usr/lib/x86_64-linux-gnu/libxcb.so.1.1.0
7f49fe6f5000-7f49fe704000 r-xp 00000000 08:06 15211204                   /usr/lib/x86_64-linux-gnu/libXi.so.6.1.0
7f49fe704000-7f49fe903000 ---p 0000f000 08:06 15211204                   /usr/lib/x86_64-linux-gnu/libXi.so.6.1.0
7f49fe903000-7f49fe904000 r--p 0000e000 08:06 15211204                   /usr/lib/x86_64-linux-gnu/libXi.so.6.1.0
7f49fe904000-7f49fe905000 rw-p 0000f000 08:06 15211204                   /usr/lib/x86_64-linux-gnu/libXi.so.6.1.0
7f49fe905000-7f49fe90a000 r-xp 00000000 08:06 15211222                   /usr/lib/x86_64-linux-gnu/libXtst.so.6.1.0
7f49fe90a000-7f49feb09000 ---p 00005000 08:06 15211222                   /usr/lib/x86_64-linux-gnu/libXtst.so.6.1.0
7f49feb09000-7f49feb0a000 r--p 00004000 08:06 15211222                   /usr/lib/x86_64-linux-gnu/libXtst.so.6.1.0
7f49feb0a000-7f49feb0b000 rw-p 00005000 08:06 15211222                   /usr/lib/x86_64-linux-gnu/libXtst.so.6.1.0
7f49feb0b000-7f49feb14000 r-xp 00000000 08:06 15211216                   /usr/lib/x86_64-linux-gnu/libXrender.so.1.3.0
7f49feb14000-7f49fed13000 ---p 00009000 08:06 15211216                   /usr/lib/x86_64-linux-gnu/libXrender.so.1.3.0
7f49fed13000-7f49fed14000 r--p 00008000 08:06 15211216                   /usr/lib/x86_64-linux-gnu/libXrender.so.1.3.0
7f49fed14000-7f49fed15000 rw-p 00009000 08:06 15211216                   /usr/lib/x86_64-linux-gnu/libXrender.so.1.3.0
7f49fed15000-7f49fee45000 r-xp 00000000 08:06 15211179                   /usr/lib/x86_64-linux-gnu/libX11.so.6.3.0
7f49fee45000-7f49ff045000 ---p 00130000 08:06 15211179                   /usr/lib/x86_64-linux-gnu/libX11.so.6.3.0
7f49ff045000-7f49ff046000 r--p 00130000 08:06 15211179                   /usr/lib/x86_64-linux-gnu/libX11.so.6.3.0
7f49ff046000-7f49ff04a000 rw-p 00131000 08:06 15211179                   /usr/lib/x86_64-linux-gnu/libX11.so.6.3.0
7f49ff04a000-7f49ff05b000 r-xp 00000000 08:06 15211196                   /usr/lib/x86_64-linux-gnu/libXext.so.6.4.0
7f49ff05b000-7f49ff25a000 ---p 00011000 08:06 15211196                   /usr/lib/x86_64-linux-gnu/libXext.so.6.4.0
7f49ff25a000-7f49ff25b000 r--p 00010000 08:06 15211196                   /usr/lib/x86_64-linux-gnu/libXext.so.6.4.0
7f49ff25b000-7f49ff25c000 rw-p 00011000 08:06 15211196                   /usr/lib/x86_64-linux-gnu/libXext.so.6.4.0
7f49ff25c000-7f49ff25e000 r--s 0000e000 08:06 2364952                    /usr/local/development/dev-7-7/Ignition/IgnitionWebApp/target/ignition-webapp-7.7/WEB-INF/lib/activation-1.1.jar
7f49ff25e000-7f49ff267000 r--s 00069000 08:06 2365223                    /usr/local/development/dev-7-7/Ignition/IgnitionWebApp/target/ignition-webapp-7.7/WEB-INF/lib/ab-drivers-1.7.0-20131026.004154-8.jar
7f49ff267000-7f49ff26c000 r--s 0003c000 08:06 2364992                    /usr/local/development/dev-7-7/Ignition/IgnitionWebApp/target/ignition-webapp-7.7/WEB-INF/lib/FastInfoset-1.0.2.jar
7f49ff26c000-7f49ff271000 r--s 002f8000 08:06 20582247                   /usr/lib/jvm/jdk1.8.0_20/jre/lib/charsets.jar
7f49ff271000-7f49ff276000 r--s 0003f000 08:06 1185790                    /usr/lib/jvm/jdk1.8.0_20/jre/lib/ext/sunjce_provider.jar
7f49ff276000-7f49ff279000 r--s 0003a000 08:06 1185787                    /usr/lib/jvm/jdk1.8.0_20/jre/lib/ext/sunpkcs11.jar
7f49ff279000-7f49ff27b000 r--s 0001a000 08:06 20582317                   /usr/lib/jvm/jdk1.8.0_20/jre/lib/jce.jar
7f49ff27b000-7f49ff2cf000 r-xp 00000000 08:06 20582307                   /usr/lib/jvm/jdk1.8.0_20/jre/lib/amd64/libawt_xawt.so
7f49ff2cf000-7f49ff4cf000 ---p 00054000 08:06 20582307                   /usr/lib/jvm/jdk1.8.0_20/jre/lib/amd64/libawt_xawt.so
7f49ff4cf000-7f49ff4d3000 rw-p 00054000 08:06 20582307                   /usr/lib/jvm/jdk1.8.0_20/jre/lib/amd64/libawt_xawt.so
7f49ff4d3000-7f49ff4d4000 rw-p 00000000 00:00 0 
7f49ff4d4000-7f49ff4d7000 ---p 00000000 00:00 0 
7f49ff4d7000-7f49ff5d5000 rw-p 00000000 00:00 0                          [stack:12091]
7f49ff5d5000-7f49ff677000 r-xp 00000000 08:06 20582293                   /usr/lib/jvm/jdk1.8.0_20/jre/lib/amd64/libawt.so
7f49ff677000-7f49ff877000 ---p 000a2000 08:06 20582293                   /usr/lib/jvm/jdk1.8.0_20/jre/lib/amd64/libawt.so
7f49ff877000-7f49ff883000 rw-p 000a2000 08:06 20582293                   /usr/lib/jvm/jdk1.8.0_20/jre/lib/amd64/libawt.so
7f49ff883000-7f49ff8a7000 rw-p 00000000 00:00 0 
7f49ff8a7000-7f49ff8aa000 ---p 00000000 00:00 0 
7f49ff8aa000-7f49ff9a8000 rw-p 00000000 00:00 0                          [stack:11951]
7f49ff9a8000-7f49ff9ab000 ---p 00000000 00:00 0 
7f49ff9ab000-7f49ffaa9000 rw-p 00000000 00:00 0                          [stack:11950]
7f49ffaa9000-7f49ffaac000 ---p 00000000 00:00 0 
7f49ffaac000-7f49ffbaa000 rw-p 00000000 00:00 0                          [stack:11948]
7f49ffbaa000-7f49ffbad000 ---p 00000000 00:00 0 
7f49ffbad000-7f49ffcab000 rw-p 00000000 00:00 0                          [stack:11947]
7f49ffcab000-7f49ffcb5000 r--s 00116000 08:06 1185789                    /usr/lib/jvm/jdk1.8.0_20/jre/lib/ext/localedata.jar
7f49ffcb5000-7f49ffcd1000 r--s 00393000 08:06 1185783                    /usr/lib/jvm/jdk1.8.0_20/jre/lib/ext/cldrdata.jar
7f49ffcd1000-7f49ffed1000 rw-p 00000000 00:00 0 
7f49ffed1000-7f49ffed4000 r--s 0000f000 08:06 19532219                   /usr/local/development/dev-7-6/Ignition/Servers/apache-tomcat-6.0.36/lib/tomcat-i18n-es.jar
7f49ffed4000-7f49ffed8000 r--s 0003a000 08:06 19532218                   /usr/local/development/dev-7-6/Ignition/Servers/apache-tomcat-6.0.36/lib/tomcat-dbcp.jar
7f49ffed8000-7f49ffee8000 r--s 0019c000 08:06 19532210                   /usr/local/development/dev-7-6/Ignition/Servers/apache-tomcat-6.0.36/lib/ecj-3.7.2.jar
7f49ffee8000-7f49ffeef000 r--s 000c7000 08:06 19532215                   /usr/local/development/dev-7-6/Ignition/Servers/apache-tomcat-6.0.36/lib/mysql-connector-java-5.1.23-bin.jar
7f49ffeef000-7f49ffeff000 r--s 00120000 08:06 19532209                   /usr/local/development/dev-7-6/Ignition/Servers/apache-tomcat-6.0.36/lib/catalina.jar
7f49ffeff000-7f49fff00000 ---p 00000000 00:00 0 
7f49fff00000-7f4a00000000 rw-p 00000000 00:00 0                          [stack:11945]
7f4a00000000-7f4a00021000 rw-p 00000000 00:00 0 
7f4a00021000-7f4a04000000 ---p 00000000 00:00 0 
7f4a04000000-7f4a04001000 r--s 00009000 08:06 1185781                    /usr/lib/jvm/jdk1.8.0_20/jre/lib/ext/sunec.jar
7f4a04001000-7f4a04003000 r--s 0000b000 08:06 19532220                   /usr/local/development/dev-7-6/Ignition/Servers/apache-tomcat-6.0.36/lib/tomcat-i18n-fr.jar
7f4a04003000-7f4a04006000 ---p 00000000 00:00 0 
7f4a04006000-7f4a04104000 rw-p 00000000 00:00 0                          [stack:11944]
7f4a04104000-7f4a04107000 ---p 00000000 00:00 0 
7f4a04107000-7f4a04205000 rw-p 00000000 00:00 0                          [stack:11943]
7f4a04205000-7f4a04208000 ---p 00000000 00:00 0 
7f4a04208000-7f4a04306000 rw-p 00000000 00:00 0                          [stack:11942]
7f4a04306000-7f4a04317000 r-xp 00000000 08:06 20582303                   /usr/lib/jvm/jdk1.8.0_20/jre/lib/amd64/libnio.so
7f4a04317000-7f4a04516000 ---p 00011000 08:06 20582303                   /usr/lib/jvm/jdk1.8.0_20/jre/lib/amd64/libnio.so
7f4a04516000-7f4a04517000 rw-p 00010000 08:06 20582303                   /usr/lib/jvm/jdk1.8.0_20/jre/lib/amd64/libnio.so
7f4a04517000-7f4a04548000 rw-p 00000000 00:00 0 
7f4a04548000-7f4a0455e000 r-xp 00000000 08:06 20582300                   /usr/lib/jvm/jdk1.8.0_20/jre/lib/amd64/libnet.so
7f4a0455e000-7f4a0475e000 ---p 00016000 08:06 20582300                   /usr/lib/jvm/jdk1.8.0_20/jre/lib/amd64/libnet.so
7f4a0475e000-7f4a0475f000 rw-p 00016000 08:06 20582300                   /usr/lib/jvm/jdk1.8.0_20/jre/lib/amd64/libnet.so
7f4a0475f000-7f4a04767000 r-xp 00000000 08:06 20582308                   /usr/lib/jvm/jdk1.8.0_20/jre/lib/amd64/libmanagement.so
7f4a04767000-7f4a04967000 ---p 00008000 08:06 20582308                   /usr/lib/jvm/jdk1.8.0_20/jre/lib/amd64/libmanagement.so
7f4a04967000-7f4a04968000 rw-p 00008000 08:06 20582308                   /usr/lib/jvm/jdk1.8.0_20/jre/lib/amd64/libmanagement.so
7f4a04968000-7f4a0496b000 ---p 00000000 00:00 0 
7f4a0496b000-7f4a04a69000 rw-p 00000000 00:00 0                          [stack:11941]
7f4a04a69000-7f4a04a6c000 ---p 00000000 00:00 0 
7f4a04a6c000-7f4a04b6a000 rw-p 00000000 00:00 0                          [stack:11940]
7f4a04b6a000-7f4a04b6d000 ---p 00000000 00:00 0 
7f4a04b6d000-7f4a04c6b000 rw-p 00000000 00:00 0                          [stack:11939]
7f4a04c6b000-7f4a04c6e000 ---p 00000000 00:00 0 
7f4a04c6e000-7f4a04d6c000 rw-p 00000000 00:00 0                          [stack:11938]
7f4a04d6c000-7f4a04d6f000 ---p 00000000 00:00 0 
7f4a04d6f000-7f4a04e6d000 rw-p 00000000 00:00 0                          [stack:11937]
7f4a04e6d000-7f4a04e70000 ---p 00000000 00:00 0 
7f4a04e70000-7f4a04f6e000 rw-p 00000000 00:00 0 
7f4a04f6e000-7f4a04f71000 ---p 00000000 00:00 0 
7f4a04f71000-7f4a0506f000 rw-p 00000000 00:00 0                          [stack:11934]
7f4a0506f000-7f4a05072000 ---p 00000000 00:00 0 
7f4a05072000-7f4a05170000 rw-p 00000000 00:00 0 
7f4a05170000-7f4a05174000 r-xp 00000000 08:06 20582275                   /usr/lib/jvm/jdk1.8.0_20/jre/lib/amd64/libdt_socket.so
7f4a05174000-7f4a05373000 ---p 00004000 08:06 20582275                   /usr/lib/jvm/jdk1.8.0_20/jre/lib/amd64/libdt_socket.so
7f4a05373000-7f4a05374000 rw-p 00003000 08:06 20582275                   /usr/lib/jvm/jdk1.8.0_20/jre/lib/amd64/libdt_socket.so
7f4a05374000-7f4a05377000 ---p 00000000 00:00 0 
7f4a05377000-7f4a05475000 rw-p 00000000 00:00 0                          [stack:11931]
7f4a05475000-7f4a05478000 ---p 00000000 00:00 0 
7f4a05478000-7f4a05576000 rw-p 00000000 00:00 0                          [stack:11930]
7f4a05576000-7f4a05579000 ---p 00000000 00:00 0 
7f4a05579000-7f4a05677000 rw-p 00000000 00:00 0                          [stack:11929]
7f4a05677000-7f4a05678000 ---p 00000000 00:00 0 
7f4a05678000-7f4a08000000 rw-p 00000000 00:00 0                          [stack:11928]
7f4a08000000-7f4a08021000 rw-p 00000000 00:00 0 
7f4a08021000-7f4a0c000000 ---p 00000000 00:00 0 
7f4a0c000000-7f4a0c003000 r--s 0001e000 08:06 19532207                   /usr/local/development/dev-7-6/Ignition/Servers/apache-tomcat-6.0.36/lib/catalina-ha.jar
7f4a0c003000-7f4a0c007000 r--s 00036000 08:06 19532208                   /usr/local/development/dev-7-6/Ignition/Servers/apache-tomcat-6.0.36/lib/catalina-tribes.jar
7f4a0c007000-7f4a0c00e000 r--s 0007a000 08:06 19532213                   /usr/local/development/dev-7-6/Ignition/Servers/apache-tomcat-6.0.36/lib/jasper.jar
7f4a0c00e000-7f4a0c018000 r--s 000b3000 08:06 19532217                   /usr/local/development/dev-7-6/Ignition/Servers/apache-tomcat-6.0.36/lib/tomcat-coyote.jar
7f4a0c018000-7f4a0c37e000 rw-p 00000000 00:00 0 
7f4a0c37e000-7f4a0c553000 r--s 03ca3000 08:06 20582249                   /usr/lib/jvm/jdk1.8.0_20/jre/lib/rt.jar
7f4a0c553000-7f4a0c5c9000 rw-p 00000000 00:00 0 
7f4a0c5c9000-7f4a0c5ca000 ---p 00000000 00:00 0 
7f4a0c5ca000-7f4a0c6ca000 rw-p 00000000 00:00 0                          [stack:11927]
7f4a0c6ca000-7f4a0c6cb000 ---p 00000000 00:00 0 
7f4a0c6cb000-7f4a0c7cb000 rw-p 00000000 00:00 0                          [stack:11926]
7f4a0c7cb000-7f4a0c7cc000 ---p 00000000 00:00 0 
7f4a0c7cc000-7f4a0c8cc000 rw-p 00000000 00:00 0                          [stack:11925]
7f4a0c8cc000-7f4a0c8cd000 ---p 00000000 00:00 0 
7f4a0c8cd000-7f4a0c9cd000 rw-p 00000000 00:00 0                          [stack:11924]
7f4a0c9cd000-7f4a0c9ce000 ---p 00000000 00:00 0 
7f4a0c9ce000-7f4a0cb28000 rw-p 00000000 00:00 0                          [stack:11923]
7f4a0cb28000-7f4a0d000000 ---p 00000000 00:00 0 
7f4a0d000000-7f4a0e210000 rwxp 00000000 00:00 0 
7f4a0e210000-7f4a1c000000 ---p 00000000 00:00 0 
7f4a1c000000-7f4a1c769000 rw-p 00000000 00:00 0 
7f4a1c769000-7f4a20000000 ---p 00000000 00:00 0 
7f4a20000000-7f4a20070000 rw-p 00000000 00:00 0 
7f4a20070000-7f4a20071000 ---p 00000000 00:00 0 
7f4a20071000-7f4a20171000 rw-p 00000000 00:00 0                          [stack:11922]
7f4a20171000-7f4a20172000 ---p 00000000 00:00 0 
7f4a20172000-7f4a20272000 rw-p 00000000 00:00 0                          [stack:11921]
7f4a20272000-7f4a20273000 ---p 00000000 00:00 0 
7f4a20273000-7f4a203cd000 rw-p 00000000 00:00 0                          [stack:11920]
7f4a203cd000-7f4a208a5000 ---p 00000000 00:00 0 
7f4a208a5000-7f4a2095e000 rw-p 00000000 00:00 0 
7f4a2095e000-7f4a20b3e000 ---p 00000000 00:00 0 
7f4a20b3e000-7f4a20b88000 rw-p 00000000 00:00 0 
7f4a20b88000-7f4a20eff000 ---p 00000000 00:00 0 
7f4a20eff000-7f4a20f1b000 r-xp 00000000 08:06 20582296                   /usr/lib/jvm/jdk1.8.0_20/jre/lib/amd64/libzip.so
7f4a20f1b000-7f4a2111a000 ---p 0001c000 08:06 20582296                   /usr/lib/jvm/jdk1.8.0_20/jre/lib/amd64/libzip.so
7f4a2111a000-7f4a2111b000 rw-p 0001b000 08:06 20582296                   /usr/lib/jvm/jdk1.8.0_20/jre/lib/amd64/libzip.so
7f4a2111b000-7f4a21126000 r-xp 00000000 08:06 15602342                   /lib/x86_64-linux-gnu/libnss_files-2.19.so
7f4a21126000-7f4a21325000 ---p 0000b000 08:06 15602342                   /lib/x86_64-linux-gnu/libnss_files-2.19.so
7f4a21325000-7f4a21326000 r--p 0000a000 08:06 15602342                   /lib/x86_64-linux-gnu/libnss_files-2.19.so
7f4a21326000-7f4a21327000 rw-p 0000b000 08:06 15602342                   /lib/x86_64-linux-gnu/libnss_files-2.19.so
7f4a21327000-7f4a21332000 r-xp 00000000 08:06 15602345                   /lib/x86_64-linux-gnu/libnss_nis-2.19.so
7f4a21332000-7f4a21531000 ---p 0000b000 08:06 15602345                   /lib/x86_64-linux-gnu/libnss_nis-2.19.so
7f4a21531000-7f4a21532000 r--p 0000a000 08:06 15602345                   /lib/x86_64-linux-gnu/libnss_nis-2.19.so
7f4a21532000-7f4a21533000 rw-p 0000b000 08:06 15602345                   /lib/x86_64-linux-gnu/libnss_nis-2.19.so
7f4a21533000-7f4a2154a000 r-xp 00000000 08:06 15602152                   /lib/x86_64-linux-gnu/libnsl-2.19.so
7f4a2154a000-7f4a21749000 ---p 00017000 08:06 15602152                   /lib/x86_64-linux-gnu/libnsl-2.19.so
7f4a21749000-7f4a2174a000 r--p 00016000 08:06 15602152                   /lib/x86_64-linux-gnu/libnsl-2.19.so
7f4a2174a000-7f4a2174b000 rw-p 00017000 08:06 15602152                   /lib/x86_64-linux-gnu/libnsl-2.19.so
7f4a2174b000-7f4a2174d000 rw-p 00000000 00:00 0 
7f4a2174d000-7f4a21756000 r-xp 00000000 08:06 15601662                   /lib/x86_64-linux-gnu/libnss_compat-2.19.so
7f4a21756000-7f4a21955000 ---p 00009000 08:06 15601662                   /lib/x86_64-linux-gnu/libnss_compat-2.19.so
7f4a21955000-7f4a21956000 r--p 00008000 08:06 15601662                   /lib/x86_64-linux-gnu/libnss_compat-2.19.so
7f4a21956000-7f4a21957000 rw-p 00009000 08:06 15601662                   /lib/x86_64-linux-gnu/libnss_compat-2.19.so
7f4a21957000-7f4a21c20000 r--p 00000000 08:06 15209877                   /usr/lib/locale/locale-archive
7f4a21c20000-7f4a21c22000 r-xp 00000000 08:06 20582276                   /usr/lib/jvm/jdk1.8.0_20/jre/lib/amd64/libnpt.so
7f4a21c22000-7f4a21e22000 ---p 00002000 08:06 20582276                   /usr/lib/jvm/jdk1.8.0_20/jre/lib/amd64/libnpt.so
7f4a21e22000-7f4a21e23000 rw-p 00002000 08:06 20582276                   /usr/lib/jvm/jdk1.8.0_20/jre/lib/amd64/libnpt.so
7f4a21e23000-7f4a21e5c000 r-xp 00000000 08:06 20582287                   /usr/lib/jvm/jdk1.8.0_20/jre/lib/amd64/libjdwp.so
7f4a21e5c000-7f4a2205b000 ---p 00039000 08:06 20582287                   /usr/lib/jvm/jdk1.8.0_20/jre/lib/amd64/libjdwp.so
7f4a2205b000-7f4a2205d000 rw-p 00038000 08:06 20582287                   /usr/lib/jvm/jdk1.8.0_20/jre/lib/amd64/libjdwp.so
7f4a2205d000-7f4a22087000 r-xp 00000000 08:06 20582291                   /usr/lib/jvm/jdk1.8.0_20/jre/lib/amd64/libjava.so
7f4a22087000-7f4a22287000 ---p 0002a000 08:06 20582291                   /usr/lib/jvm/jdk1.8.0_20/jre/lib/amd64/libjava.so
7f4a22287000-7f4a22289000 rw-p 0002a000 08:06 20582291                   /usr/lib/jvm/jdk1.8.0_20/jre/lib/amd64/libjava.so
7f4a22289000-7f4a22296000 r-xp 00000000 08:06 20582295                   /usr/lib/jvm/jdk1.8.0_20/jre/lib/amd64/libverify.so
7f4a22296000-7f4a22496000 ---p 0000d000 08:06 20582295                   /usr/lib/jvm/jdk1.8.0_20/jre/lib/amd64/libverify.so
7f4a22496000-7f4a22498000 rw-p 0000d000 08:06 20582295                   /usr/lib/jvm/jdk1.8.0_20/jre/lib/amd64/libverify.so
7f4a22498000-7f4a2249f000 r-xp 00000000 08:06 15602320                   /lib/x86_64-linux-gnu/librt-2.19.so
7f4a2249f000-7f4a2269e000 ---p 00007000 08:06 15602320                   /lib/x86_64-linux-gnu/librt-2.19.so
7f4a2269e000-7f4a2269f000 r--p 00006000 08:06 15602320                   /lib/x86_64-linux-gnu/librt-2.19.so
7f4a2269f000-7f4a226a0000 rw-p 00007000 08:06 15602320                   /lib/x86_64-linux-gnu/librt-2.19.so
7f4a226a0000-7f4a227a5000 r-xp 00000000 08:06 15602334                   /lib/x86_64-linux-gnu/libm-2.19.so
7f4a227a5000-7f4a229a4000 ---p 00105000 08:06 15602334                   /lib/x86_64-linux-gnu/libm-2.19.so
7f4a229a4000-7f4a229a5000 r--p 00104000 08:06 15602334                   /lib/x86_64-linux-gnu/libm-2.19.so
7f4a229a5000-7f4a229a6000 rw-p 00105000 08:06 15602334                   /lib/x86_64-linux-gnu/libm-2.19.so
7f4a229a6000-7f4a23610000 r-xp 00000000 08:06 20845908                   /usr/lib/jvm/jdk1.8.0_20/jre/lib/amd64/server/libjvm.so
7f4a23610000-7f4a23810000 ---p 00c6a000 08:06 20845908                   /usr/lib/jvm/jdk1.8.0_20/jre/lib/amd64/server/libjvm.so
7f4a23810000-7f4a238e6000 rw-p 00c6a000 08:06 20845908                   /usr/lib/jvm/jdk1.8.0_20/jre/lib/amd64/server/libjvm.so
7f4a238e6000-7f4a23928000 rw-p 00000000 00:00 0 
7f4a23928000-7f4a23ae3000 r-xp 00000000 08:06 15602328                   /lib/x86_64-linux-gnu/libc-2.19.so
7f4a23ae3000-7f4a23ce3000 ---p 001bb000 08:06 15602328                   /lib/x86_64-linux-gnu/libc-2.19.so
7f4a23ce3000-7f4a23ce7000 r--p 001bb000 08:06 15602328                   /lib/x86_64-linux-gnu/libc-2.19.so
7f4a23ce7000-7f4a23ce9000 rw-p 001bf000 08:06 15602328                   /lib/x86_64-linux-gnu/libc-2.19.so
7f4a23ce9000-7f4a23cee000 rw-p 00000000 00:00 0 
7f4a23cee000-7f4a23cf1000 r-xp 00000000 08:06 15602352                   /lib/x86_64-linux-gnu/libdl-2.19.so
7f4a23cf1000-7f4a23ef0000 ---p 00003000 08:06 15602352                   /lib/x86_64-linux-gnu/libdl-2.19.so
7f4a23ef0000-7f4a23ef1000 r--p 00002000 08:06 15602352                   /lib/x86_64-linux-gnu/libdl-2.19.so
7f4a23ef1000-7f4a23ef2000 rw-p 00003000 08:06 15602352                   /lib/x86_64-linux-gnu/libdl-2.19.so
7f4a23ef2000-7f4a23f09000 r-xp 00000000 08:06 20061287                   /usr/lib/jvm/jdk1.8.0_20/lib/amd64/jli/libjli.so
7f4a23f09000-7f4a24108000 ---p 00017000 08:06 20061287                   /usr/lib/jvm/jdk1.8.0_20/lib/amd64/jli/libjli.so
7f4a24108000-7f4a24109000 rw-p 00016000 08:06 20061287                   /usr/lib/jvm/jdk1.8.0_20/lib/amd64/jli/libjli.so
7f4a24109000-7f4a24122000 r-xp 00000000 08:06 15602353                   /lib/x86_64-linux-gnu/libpthread-2.19.so
7f4a24122000-7f4a24321000 ---p 00019000 08:06 15602353                   /lib/x86_64-linux-gnu/libpthread-2.19.so
7f4a24321000-7f4a24322000 r--p 00018000 08:06 15602353                   /lib/x86_64-linux-gnu/libpthread-2.19.so
7f4a24322000-7f4a24323000 rw-p 00019000 08:06 15602353                   /lib/x86_64-linux-gnu/libpthread-2.19.so
7f4a24323000-7f4a24327000 rw-p 00000000 00:00 0 
7f4a24327000-7f4a2434a000 r-xp 00000000 08:06 15602330                   /lib/x86_64-linux-gnu/ld-2.19.so
7f4a2434a000-7f4a2434c000 r--s 0000c000 08:06 19532221                   /usr/local/development/dev-7-6/Ignition/Servers/apache-tomcat-6.0.36/lib/tomcat-i18n-ja.jar
7f4a2434c000-7f4a2434e000 r--s 00011000 08:06 19532214                   /usr/local/development/dev-7-6/Ignition/Servers/apache-tomcat-6.0.36/lib/jsp-api.jar
7f4a2434e000-7f4a24350000 r--s 00014000 08:06 19532216                   /usr/local/development/dev-7-6/Ignition/Servers/apache-tomcat-6.0.36/lib/servlet-api.jar
7f4a24350000-7f4a24352000 r--s 0000c000 08:06 19532206                   /usr/local/development/dev-7-6/Ignition/Servers/apache-tomcat-6.0.36/lib/catalina-ant.jar
7f4a24352000-7f4a24423000 rw-p 00000000 00:00 0 
7f4a24423000-7f4a24426000 ---p 00000000 00:00 0 
7f4a24426000-7f4a24528000 rw-p 00000000 00:00 0                          [stack:11919]
7f4a24528000-7f4a2452a000 r--s 00007000 08:06 19532211                   /usr/local/development/dev-7-6/Ignition/Servers/apache-tomcat-6.0.36/lib/el-api.jar
7f4a2452a000-7f4a2452b000 r--s 00003000 08:06 19532205                   /usr/local/development/dev-7-6/Ignition/Servers/apache-tomcat-6.0.36/lib/annotations-api.jar
7f4a2452b000-7f4a2452e000 r--s 00019000 08:06 19532212                   /usr/local/development/dev-7-6/Ignition/Servers/apache-tomcat-6.0.36/lib/jasper-el.jar
7f4a2452e000-7f4a24533000 r--s 00092000 08:06 20582254                   /usr/lib/jvm/jdk1.8.0_20/jre/lib/jsse.jar
7f4a24533000-7f4a24534000 r--s 00007000 08:06 19533431                   /usr/local/development/dev-7-6/Ignition/Servers/apache-tomcat-6.0.36/bin/tomcat-juli.jar
7f4a24534000-7f4a24535000 r--s 00005000 08:06 19533430                   /usr/local/development/dev-7-6/Ignition/Servers/apache-tomcat-6.0.36/bin/commons-daemon.jar
7f4a24535000-7f4a24536000 r--s 00005000 08:06 19533429                   /usr/local/development/dev-7-6/Ignition/Servers/apache-tomcat-6.0.36/bin/bootstrap.jar
7f4a24536000-7f4a2453d000 r--s 000c7000 08:06 1179649                    /usr/lib/jvm/jdk1.8.0_20/jre/lib/ext/mysql-connector-java-5.1.23-bin.jar
7f4a2453d000-7f4a24545000 rw-s 00000000 08:06 6164360                    /tmp/hsperfdata_mattg/11914
7f4a24545000-7f4a24546000 rw-p 00000000 00:00 0 
7f4a24546000-7f4a24547000 r--p 00000000 00:00 0 
7f4a24547000-7f4a24549000 rw-p 00000000 00:00 0 
7f4a24549000-7f4a2454a000 r--p 00022000 08:06 15602330                   /lib/x86_64-linux-gnu/ld-2.19.so
7f4a2454a000-7f4a2454b000 rw-p 00023000 08:06 15602330                   /lib/x86_64-linux-gnu/ld-2.19.so
7f4a2454b000-7f4a2454c000 rw-p 00000000 00:00 0 
7ffff04da000-7ffff04fb000 rw-p 00000000 00:00 0                          [stack]
7ffff05d2000-7ffff05d4000 r-xp 00000000 00:00 0                          [vdso]
ffffffffff600000-ffffffffff601000 r-xp 00000000 00:00 0                  [vsyscall]

VM Arguments:
jvm_args: -Djava.util.logging.config.file=/home/mattg/.IntelliJIdea13/system/tomcat/Unnamed_77-Ignition/conf/logging.properties -Xdebug -Xrunjdwp:transport=dt_socket,address=127.0.0.1:51670,suspend=y,server=n -Dcom.sun.management.jmxremote= -Dcom.sun.management.jmxremote.port=1099 -Dcom.sun.management.jmxremote.ssl=false -Dcom.sun.management.jmxremote.authenticate=false -Djava.rmi.server.hostname=127.0.0.1 -Djava.util.logging.manager=org.apache.juli.ClassLoaderLogManager -Djava.endorsed.dirs=/usr/local/development/dev-7-6/Ignition/Servers/apache-tomcat-6.0.36/endorsed -Dcatalina.base=/home/mattg/.IntelliJIdea13/system/tomcat/Unnamed_77-Ignition -Dcatalina.home=/usr/local/development/dev-7-6/Ignition/Servers/apache-tomcat-6.0.36 -Djava.io.tmpdir=/usr/local/development/dev-7-6/Ignition/Servers/apache-tomcat-6.0.36/temp 
java_command: org.apache.catalina.startup.Bootstrap start
java_class_path (initial): /usr/local/development/dev-7-6/Ignition/Servers/apache-tomcat-6.0.36/bin/bootstrap.jar
Launcher Type: SUN_STANDARD

Environment Variables:
JAVA_HOME=/usr/lib/jvm/jdk1.8.0_20
CLASSPATH=/usr/local/development/dev-7-6/Ignition/Servers/apache-tomcat-6.0.36/bin/bootstrap.jar
PATH=/usr/local/sbin:/usr/local/bin:/usr/sbin:/usr/bin:/sbin:/bin:/usr/games:/usr/local/games:/usr/local/development/gradle-1.12/bin
USERNAME=mattg
LD_LIBRARY_PATH=/usr/local/development/idea-IU-135.909/bin:
SHELL=/bin/bash
DISPLAY=:0

Signal Handlers:
SIGSEGV: [libjvm.so+0xa76cd0], sa_mask[0]=11111111011111111101111111111110, sa_flags=SA_RESTART|SA_SIGINFO
SIGBUS: [libjvm.so+0xa76cd0], sa_mask[0]=11111111011111111101111111111110, sa_flags=SA_RESTART|SA_SIGINFO
SIGFPE: [libjvm.so+0x8e0d80], sa_mask[0]=11111111011111111101111111111110, sa_flags=SA_RESTART|SA_SIGINFO
SIGPIPE: [libjvm.so+0x8e0d80], sa_mask[0]=11111111011111111101111111111110, sa_flags=SA_RESTART|SA_SIGINFO
SIGXFSZ: [libjvm.so+0x8e0d80], sa_mask[0]=11111111011111111101111111111110, sa_flags=SA_RESTART|SA_SIGINFO
SIGILL: [libjvm.so+0x8e0d80], sa_mask[0]=11111111011111111101111111111110, sa_flags=SA_RESTART|SA_SIGINFO
SIGUSR1: SIG_DFL, sa_mask[0]=00000000000000000000000000000000, sa_flags=none
SIGUSR2: [libjvm.so+0x8e25b0], sa_mask[0]=00100000000000000000000000000000, sa_flags=SA_RESTART|SA_SIGINFO
SIGHUP: [libjvm.so+0x8e3970], sa_mask[0]=11111111011111111101111111111110, sa_flags=SA_RESTART|SA_SIGINFO
SIGINT: [libjvm.so+0x8e3970], sa_mask[0]=11111111011111111101111111111110, sa_flags=SA_RESTART|SA_SIGINFO
SIGTERM: [libjvm.so+0x8e3970], sa_mask[0]=11111111011111111101111111111110, sa_flags=SA_RESTART|SA_SIGINFO
SIGQUIT: [libjvm.so+0x8e3970], sa_mask[0]=11111111011111111101111111111110, sa_flags=SA_RESTART|SA_SIGINFO


---------------  S Y S T E M  ---------------

OS:DISTRIB_ID=LinuxMint
DISTRIB_RELEASE=17
DISTRIB_CODENAME=qiana
DISTRIB_DESCRIPTION="Linux Mint 17 Qiana"

uname:Linux 3.13.0-24-generic #46-Ubuntu SMP Thu Apr 10 19:11:08 UTC 2014 x86_64
libc:glibc 2.19 NPTL 2.19 
rlimit: STACK 8192k, CORE 0k, NPROC 127375, NOFILE 4096, AS infinity
load average:1.47 1.18 0.93

/proc/meminfo:
MemTotal:       16335088 kB
MemFree:         8444932 kB
Buffers:          366364 kB
Cached:          3309000 kB
SwapCached:            0 kB
Active:          5074688 kB
Inactive:        2331528 kB
Active(anon):    3752004 kB
Inactive(anon):   587568 kB
Active(file):    1322684 kB
Inactive(file):  1743960 kB
Unevictable:        1488 kB
Mlocked:            1488 kB
SwapTotal:      16676860 kB
SwapFree:       16676860 kB
Dirty:             11584 kB
Writeback:             0 kB
AnonPages:       3732424 kB
Mapped:           482228 kB
Shmem:            608712 kB
Slab:             277148 kB
SReclaimable:     228128 kB
SUnreclaim:        49020 kB
KernelStack:        6312 kB
PageTables:        49100 kB
NFS_Unstable:          0 kB
Bounce:                0 kB
WritebackTmp:          0 kB
CommitLimit:    24844404 kB
Committed_AS:    8265088 kB
VmallocTotal:   34359738367 kB
VmallocUsed:      444884 kB
VmallocChunk:   34359289148 kB
HardwareCorrupted:     0 kB
AnonHugePages:   2381824 kB
HugePages_Total:       0
HugePages_Free:        0
HugePages_Rsvd:        0
HugePages_Surp:        0
Hugepagesize:       2048 kB
DirectMap4k:       97736 kB
DirectMap2M:     2949120 kB
DirectMap1G:    13631488 kB


CPU:total 8 (4 cores per cpu, 2 threads per core) family 6 model 60 stepping 3, cmov, cx8, fxsr, mmx, sse, sse2, sse3, ssse3, sse4.1, sse4.2, popcnt, avx, avx2, aes, clmul, erms, lzcnt, ht, tsc, tscinvbit, bmi1, bmi2

/proc/cpuinfo:
processor	: 0
vendor_id	: GenuineIntel
cpu family	: 6
model		: 60
model name	: Intel(R) Core(TM) i7-4702HQ CPU @ 2.20GHz
stepping	: 3
microcode	: 0x17
cpu MHz		: 800.000
cache size	: 6144 KB
physical id	: 0
siblings	: 8
core id		: 0
cpu cores	: 4
apicid		: 0
initial apicid	: 0
fpu		: yes
fpu_exception	: yes
cpuid level	: 13
wp		: yes
flags		: fpu vme de pse tsc msr pae mce cx8 apic sep mtrr pge mca cmov pat pse36 clflush dts acpi mmx fxsr sse sse2 ss ht tm pbe syscall nx pdpe1gb rdtscp lm constant_tsc arch_perfmon pebs bts rep_good nopl xtopology nonstop_tsc aperfmperf eagerfpu pni pclmulqdq dtes64 monitor ds_cpl vmx est tm2 ssse3 fma cx16 xtpr pdcm pcid sse4_1 sse4_2 x2apic movbe popcnt tsc_deadline_timer aes xsave avx f16c rdrand lahf_lm abm ida arat epb xsaveopt pln pts dtherm tpr_shadow vnmi flexpriority ept vpid fsgsbase tsc_adjust bmi1 avx2 smep bmi2 erms invpcid
bogomips	: 4389.87
clflush size	: 64
cache_alignment	: 64
address sizes	: 39 bits physical, 48 bits virtual
power management:

processor	: 1
vendor_id	: GenuineIntel
cpu family	: 6
model		: 60
model name	: Intel(R) Core(TM) i7-4702HQ CPU @ 2.20GHz
stepping	: 3
microcode	: 0x17
cpu MHz		: 800.000
cache size	: 6144 KB
physical id	: 0
siblings	: 8
core id		: 1
cpu cores	: 4
apicid		: 2
initial apicid	: 2
fpu		: yes
fpu_exception	: yes
cpuid level	: 13
wp		: yes
flags		: fpu vme de pse tsc msr pae mce cx8 apic sep mtrr pge mca cmov pat pse36 clflush dts acpi mmx fxsr sse sse2 ss ht tm pbe syscall nx pdpe1gb rdtscp lm constant_tsc arch_perfmon pebs bts rep_good nopl xtopology nonstop_tsc aperfmperf eagerfpu pni pclmulqdq dtes64 monitor ds_cpl vmx est tm2 ssse3 fma cx16 xtpr pdcm pcid sse4_1 sse4_2 x2apic movbe popcnt tsc_deadline_timer aes xsave avx f16c rdrand lahf_lm abm ida arat epb xsaveopt pln pts dtherm tpr_shadow vnmi flexpriority ept vpid fsgsbase tsc_adjust bmi1 avx2 smep bmi2 erms invpcid
bogomips	: 4389.87
clflush size	: 64
cache_alignment	: 64
address sizes	: 39 bits physical, 48 bits virtual
power management:

processor	: 2
vendor_id	: GenuineIntel
cpu family	: 6
model		: 60
model name	: Intel(R) Core(TM) i7-4702HQ CPU @ 2.20GHz
stepping	: 3
microcode	: 0x17
cpu MHz		: 800.000
cache size	: 6144 KB
physical id	: 0
siblings	: 8
core id		: 2
cpu cores	: 4
apicid		: 4
initial apicid	: 4
fpu		: yes
fpu_exception	: yes
cpuid level	: 13
wp		: yes
flags		: fpu vme de pse tsc msr pae mce cx8 apic sep mtrr pge mca cmov pat pse36 clflush dts acpi mmx fxsr sse sse2 ss ht tm pbe syscall nx pdpe1gb rdtscp lm constant_tsc arch_perfmon pebs bts rep_good nopl xtopology nonstop_tsc aperfmperf eagerfpu pni pclmulqdq dtes64 monitor ds_cpl vmx est tm2 ssse3 fma cx16 xtpr pdcm pcid sse4_1 sse4_2 x2apic movbe popcnt tsc_deadline_timer aes xsave avx f16c rdrand lahf_lm abm ida arat epb xsaveopt pln pts dtherm tpr_shadow vnmi flexpriority ept vpid fsgsbase tsc_adjust bmi1 avx2 smep bmi2 erms invpcid
bogomips	: 4389.87
clflush size	: 64
cache_alignment	: 64
address sizes	: 39 bits physical, 48 bits virtual
power management:

processor	: 3
vendor_id	: GenuineIntel
cpu family	: 6
model		: 60
model name	: Intel(R) Core(TM) i7-4702HQ CPU @ 2.20GHz
stepping	: 3
microcode	: 0x17
cpu MHz		: 800.000
cache size	: 6144 KB
physical id	: 0
siblings	: 8
core id		: 3
cpu cores	: 4
apicid		: 6
initial apicid	: 6
fpu		: yes
fpu_exception	: yes
cpuid level	: 13
wp		: yes
flags		: fpu vme de pse tsc msr pae mce cx8 apic sep mtrr pge mca cmov pat pse36 clflush dts acpi mmx fxsr sse sse2 ss ht tm pbe syscall nx pdpe1gb rdtscp lm constant_tsc arch_perfmon pebs bts rep_good nopl xtopology nonstop_tsc aperfmperf eagerfpu pni pclmulqdq dtes64 monitor ds_cpl vmx est tm2 ssse3 fma cx16 xtpr pdcm pcid sse4_1 sse4_2 x2apic movbe popcnt tsc_deadline_timer aes xsave avx f16c rdrand lahf_lm abm ida arat epb xsaveopt pln pts dtherm tpr_shadow vnmi flexpriority ept vpid fsgsbase tsc_adjust bmi1 avx2 smep bmi2 erms invpcid
bogomips	: 4389.87
clflush size	: 64
cache_alignment	: 64
address sizes	: 39 bits physical, 48 bits virtual
power management:

processor	: 4
vendor_id	: GenuineIntel
cpu family	: 6
model		: 60
model name	: Intel(R) Core(TM) i7-4702HQ CPU @ 2.20GHz
stepping	: 3
microcode	: 0x17
cpu MHz		: 2201.000
cache size	: 6144 KB
physical id	: 0
siblings	: 8
core id		: 0
cpu cores	: 4
apicid		: 1
initial apicid	: 1
fpu		: yes
fpu_exception	: yes
cpuid level	: 13
wp		: yes
flags		: fpu vme de pse tsc msr pae mce cx8 apic sep mtrr pge mca cmov pat pse36 clflush dts acpi mmx fxsr sse sse2 ss ht tm pbe syscall nx pdpe1gb rdtscp lm constant_tsc arch_perfmon pebs bts rep_good nopl xtopology nonstop_tsc aperfmperf eagerfpu pni pclmulqdq dtes64 monitor ds_cpl vmx est tm2 ssse3 fma cx16 xtpr pdcm pcid sse4_1 sse4_2 x2apic movbe popcnt tsc_deadline_timer aes xsave avx f16c rdrand lahf_lm abm ida arat epb xsaveopt pln pts dtherm tpr_shadow vnmi flexpriority ept vpid fsgsbase tsc_adjust bmi1 avx2 smep bmi2 erms invpcid
bogomips	: 4389.87
clflush size	: 64
cache_alignment	: 64
address sizes	: 39 bits physical, 48 bits virtual
power management:

processor	: 5
vendor_id	: GenuineIntel
cpu family	: 6
model		: 60
model name	: Intel(R) Core(TM) i7-4702HQ CPU @ 2.20GHz
stepping	: 3
microcode	: 0x17
cpu MHz		: 800.000
cache size	: 6144 KB
physical id	: 0
siblings	: 8
core id		: 1
cpu cores	: 4
apicid		: 3
initial apicid	: 3
fpu		: yes
fpu_exception	: yes
cpuid level	: 13
wp		: yes
flags		: fpu vme de pse tsc msr pae mce cx8 apic sep mtrr pge mca cmov pat pse36 clflush dts acpi mmx fxsr sse sse2 ss ht tm pbe syscall nx pdpe1gb rdtscp lm constant_tsc arch_perfmon pebs bts rep_good nopl xtopology nonstop_tsc aperfmperf eagerfpu pni pclmulqdq dtes64 monitor ds_cpl vmx est tm2 ssse3 fma cx16 xtpr pdcm pcid sse4_1 sse4_2 x2apic movbe popcnt tsc_deadline_timer aes xsave avx f16c rdrand lahf_lm abm ida arat epb xsaveopt pln pts dtherm tpr_shadow vnmi flexpriority ept vpid fsgsbase tsc_adjust bmi1 avx2 smep bmi2 erms invpcid
bogomips	: 4389.87
clflush size	: 64
cache_alignment	: 64
address sizes	: 39 bits physical, 48 bits virtual
power management:

processor	: 6
vendor_id	: GenuineIntel
cpu family	: 6
model		: 60
model name	: Intel(R) Core(TM) i7-4702HQ CPU @ 2.20GHz
stepping	: 3
microcode	: 0x17
cpu MHz		: 2201.000
cache size	: 6144 KB
physical id	: 0
siblings	: 8
core id		: 2
cpu cores	: 4
apicid		: 5
initial apicid	: 5
fpu		: yes
fpu_exception	: yes
cpuid level	: 13
wp		: yes
flags		: fpu vme de pse tsc msr pae mce cx8 apic sep mtrr pge mca cmov pat pse36 clflush dts acpi mmx fxsr sse sse2 ss ht tm pbe syscall nx pdpe1gb rdtscp lm constant_tsc arch_perfmon pebs bts rep_good nopl xtopology nonstop_tsc aperfmperf eagerfpu pni pclmulqdq dtes64 monitor ds_cpl vmx est tm2 ssse3 fma cx16 xtpr pdcm pcid sse4_1 sse4_2 x2apic movbe popcnt tsc_deadline_timer aes xsave avx f16c rdrand lahf_lm abm ida arat epb xsaveopt pln pts dtherm tpr_shadow vnmi flexpriority ept vpid fsgsbase tsc_adjust bmi1 avx2 smep bmi2 erms invpcid
bogomips	: 4389.87
clflush size	: 64
cache_alignment	: 64
address sizes	: 39 bits physical, 48 bits virtual
power management:

processor	: 7
vendor_id	: GenuineIntel
cpu family	: 6
model		: 60
model name	: Intel(R) Core(TM) i7-4702HQ CPU @ 2.20GHz
stepping	: 3
microcode	: 0x17
cpu MHz		: 800.000
cache size	: 6144 KB
physical id	: 0
siblings	: 8
core id		: 3
cpu cores	: 4
apicid		: 7
initial apicid	: 7
fpu		: yes
fpu_exception	: yes
cpuid level	: 13
wp		: yes
flags		: fpu vme de pse tsc msr pae mce cx8 apic sep mtrr pge mca cmov pat pse36 clflush dts acpi mmx fxsr sse sse2 ss ht tm pbe syscall nx pdpe1gb rdtscp lm constant_tsc arch_perfmon pebs bts rep_good nopl xtopology nonstop_tsc aperfmperf eagerfpu pni pclmulqdq dtes64 monitor ds_cpl vmx est tm2 ssse3 fma cx16 xtpr pdcm pcid sse4_1 sse4_2 x2apic movbe popcnt tsc_deadline_timer aes xsave avx f16c rdrand lahf_lm abm ida arat epb xsaveopt pln pts dtherm tpr_shadow vnmi flexpriority ept vpid fsgsbase tsc_adjust bmi1 avx2 smep bmi2 erms invpcid
bogomips	: 4389.87
clflush size	: 64
cache_alignment	: 64
address sizes	: 39 bits physical, 48 bits virtual
power management:



Memory: 4k page, physical 16335088k(8444932k free), swap 16676860k(16676860k free)

vm_info: Java HotSpot(TM) 64-Bit Server VM (25.20-b17) for linux-amd64 JRE (1.8.0_20-ea-b17), built on Jun  4 2014 00:04:06 by "java_re" with gcc 4.3.0 20080428 (Red Hat 4.3.0-8)

time: Tue Nov 18 11:06:43 2014
elapsed time: 90 seconds (0d 0h 1m 30s)

