#
# A fatal error has been detected by the Java Runtime Environment:
#
#  SIGSEGV (0xb) at pc=0x00007ffa27b1ef7e, pid=14373, tid=140712386565888
#
# JRE version: Java(TM) SE Runtime Environment (8.0_20-b17) (build 1.8.0_20-ea-b17)
# Java VM: Java HotSpot(TM) 64-Bit Server VM (25.20-b17 mixed mode linux-amd64 compressed oops)
# Problematic frame:
# C  [ld-linux-x86-64.so.2+0x9f7e]
#
# Failed to write core dump. Core dumps have been disabled. To enable core dumping, try "ulimit -c unlimited" before starting Java again
#
# If you would like to submit a bug report, please visit:
#   http://bugreport.sun.com/bugreport/crash.jsp
# The crash happened outside the Java Virtual Machine in native code.
# See problematic frame for where to report the bug.
#

---------------  T H R E A D  ---------------

Current thread (0x00007ffa2000a800):  JavaThread "main" [_thread_in_native, id=14378, stack(0x00007ffa27c11000,0x00007ffa27d12000)]

siginfo: si_signo: 11 (SIGSEGV), si_code: 1 (SEGV_MAPERR), si_addr: 0x0000000000000068

Registers:
RAX=0x0000000000000040, RBX=0x000000004c8d3d65, RCX=0x0000000000000025, RDX=0x00000000000003f3
RSP=0x00007ffa27d0eac0, RBP=0x0000000000000002, RSI=0x00007ffa27119d28, RDI=0x00007ffa27d159e8
R8 =0x00000000013234f5, R9 =0x00007ffa27d0eb00, R10=0x0000000006020400, R11=0x00007ffa27d0ec00
R12=0x0000000000000003, R13=0x00007ff960290f00, R14=0x0000000000000000, R15=0x0000000000000025
RIP=0x00007ffa27b1ef7e, EFLAGS=0x0000000000010202, CSGSFS=0x0000000000000033, ERR=0x0000000000000004
  TRAPNO=0x000000000000000e

Top of Stack: (sp=0x00007ffa27d0eac0)
0x00007ffa27d0eac0:   00007ffa27d0ec30 00007ffa267f6f75
0x00007ffa27d0ead0:   0f56ee8e00000002 00007ffa27d0ec10
0x00007ffa27d0eae0:   00007ffa27d0eca0 00007ffa27d0ee70
0x00007ffa27d0eaf0:   00007ffa11046960 010000000000000c
0x00007ffa27d0eb00:   0000000000000000 0000000000000000
0x00007ffa27d0eb10:   00007ffa27d159e8 00007ffa200fefd0
0x00007ffa27d0eb20:   00007ffa27126d78 0000000000000000
0x00007ffa27d0eb30:   0000000200000000 0000000000000000
0x00007ffa27d0eb40:   00007ffa2000a800 00007ffa27d0ecf0
0x00007ffa27d0eb50:   00007ffa27d0eca0 0000000000000000
0x00007ffa27d0eb60:   0000000000000000 00007ff960291348
0x00007ffa27d0eb70:   00007ff960290fc0 00007ffa27b1f991
0x00007ffa27d0eb80:   0000000000000000 0000000000000000
0x00007ffa27d0eb90:   00007ffa00000002 0000000000000000
0x00007ffa27d0eba0:   00007ffa00000000 00007ff960290fc0
0x00007ffa27d0ebb0:   00007ffa27d0ebf0 00007ff99c166a10
0x00007ffa27d0ebc0:   00007ffa27d0f300 00000007c0008600
0x00007ffa27d0ebd0:   00007ffa0b0393a8 00007ff960291348
0x00007ffa27d0ebe0:   00007ffa27d0ec10 00007ffa27d0ec00
0x00007ffa27d0ebf0:   000000004c8d3d65 00007ffa200fefd0
0x00007ffa27d0ec00:   00000000ffffffff 00007ffa20007fd0
0x00007ffa27d0ec10:   0000000000000000 0000000000000000
0x00007ffa27d0ec20:   00007ffa20007e70 00007ffa2000a800
0x00007ffa27d0ec30:   00007ffa27d0edc0 00007ffa2683d467
0x00007ffa27d0ec40:   00007ffa27d10170 00007ffa2000a800
0x00007ffa27d0ec50:   00007ffa27d0eca0 00007ffa27d0ed20
0x00007ffa27d0ec60:   00007ffa27d0edf0 00007ffa27d0ee70
0x00007ffa27d0ec70:   00007ffa2000a9e8 00000000025dd4a0
0x00007ffa27d0ec80:   00007ffa27d37cc0 00007ffa200fefd0
0x00007ffa27d0ec90:   0000000000000000 00007ff960290fc0
0x00007ffa27d0eca0:   00007ffa27d0ed80 00007ffa2724d2a6
0x00007ffa27d0ecb0:   0000000600000002 0000000000000000 

Instructions: (pc=0x00007ffa27b1ef7e)
0x00007ffa27b1ef5e:   06 41 83 e7 3f 0f 1f 44 00 00 49 8b 44 ed 00 c7
0x00007ffa27b1ef6e:   44 24 70 00 00 00 00 48 c7 44 24 40 00 00 00 00
0x00007ffa27b1ef7e:   48 8b 78 28 4c 39 f7 48 89 7c 24 50 0f 84 f0 00
0x00007ffa27b1ef8e:   00 00 f6 44 24 7c 02 74 0d f6 87 14 03 00 00 03 

Register to memory mapping:

RAX=0x0000000000000040 is an unknown value
RBX=0x000000004c8d3d65 is an unknown value
RCX=0x0000000000000025 is an unknown value
RDX=0x00000000000003f3 is an unknown value
RSP=0x00007ffa27d0eac0 is pointing into the stack for thread: 0x00007ffa2000a800
RBP=0x0000000000000002 is an unknown value
RSI=0x00007ffa27119d28: <offset 0x3d28> in /lib/x86_64-linux-gnu/libc.so.6 at 0x00007ffa27116000
RDI=0x00007ffa27d159e8 is an unknown value
R8 =0x00000000013234f5 is an unknown value
R9 =0x00007ffa27d0eb00 is pointing into the stack for thread: 0x00007ffa2000a800
R10=0x0000000006020400 is an unknown value
R11=0x00007ffa27d0ec00 is pointing into the stack for thread: 0x00007ffa2000a800
R12=0x0000000000000003 is an unknown value
R13=0x00007ff960290f00 is an unknown value
R14=0x0000000000000000 is an unknown value
R15=0x0000000000000025 is an unknown value


Stack: [0x00007ffa27c11000,0x00007ffa27d12000],  sp=0x00007ffa27d0eac0,  free space=1014k
Native frames: (J=compiled Java code, j=interpreted, Vv=VM code, C=native code)
C  [ld-linux-x86-64.so.2+0x9f7e]

Java frames: (J=compiled Java code, j=interpreted, Vv=VM code)
j  java.lang.ClassLoader$NativeLibrary.unload(Ljava/lang/String;Z)V+0
j  java.lang.ClassLoader$NativeLibrary.finalize()V+87
v  ~StubRoutines::call_stub
J 1117  sun.reflect.NativeMethodAccessorImpl.invoke0(Ljava/lang/reflect/Method;Ljava/lang/Object;[Ljava/lang/Object;)Ljava/lang/Object; (0 bytes) @ 0x00007ffa1141ae37 [0x00007ffa1141adc0+0x77]
J 1116 C1 sun.reflect.NativeMethodAccessorImpl.invoke(Ljava/lang/Object;[Ljava/lang/Object;)Ljava/lang/Object; (104 bytes) @ 0x00007ffa1141a0d4 [0x00007ffa11418f00+0x11d4]
J 5086 C2 java.lang.reflect.Method.invoke(Ljava/lang/Object;[Ljava/lang/Object;)Ljava/lang/Object; (62 bytes) @ 0x00007ffa11e00930 [0x00007ffa11e00880+0xb0]
j  com.inductiveautomation.ignition.gateway.bootstrap.SRFilter.destroy()V+89
j  org.apache.catalina.core.ApplicationFilterConfig.release()V+61
j  org.apache.catalina.core.StandardContext.filterStop()Z+124
j  org.apache.catalina.core.StandardContext.stop()V+142
j  org.apache.catalina.core.ContainerBase.removeChild(Lorg/apache/catalina/Container;)V+90
j  org.apache.catalina.startup.HostConfig.undeployApps()V+77
j  org.apache.catalina.startup.HostConfig.stop()V+28
j  org.apache.catalina.startup.HostConfig.lifecycleEvent(Lorg/apache/catalina/LifecycleEvent;)V+151
j  org.apache.catalina.util.LifecycleSupport.fireLifecycleEvent(Ljava/lang/String;Ljava/lang/Object;)V+178
j  org.apache.catalina.core.ContainerBase.stop()V+60
j  org.apache.catalina.core.ContainerBase.stop()V+118
j  org.apache.catalina.core.StandardEngine.stop()V+1
j  org.apache.catalina.core.StandardService.stop()V+177
j  org.apache.catalina.core.StandardServer.stop()V+65
j  org.apache.catalina.startup.Catalina.stop()V+58
j  org.apache.catalina.startup.Catalina.start()V+198
v  ~StubRoutines::call_stub
j  sun.reflect.NativeMethodAccessorImpl.invoke0(Ljava/lang/reflect/Method;Ljava/lang/Object;[Ljava/lang/Object;)Ljava/lang/Object;+0
j  sun.reflect.NativeMethodAccessorImpl.invoke(Ljava/lang/Object;[Ljava/lang/Object;)Ljava/lang/Object;+100
J 477 C1 sun.reflect.DelegatingMethodAccessorImpl.invoke(Ljava/lang/Object;[Ljava/lang/Object;)Ljava/lang/Object; (10 bytes) @ 0x00007ffa1121540c [0x00007ffa11215300+0x10c]
J 476 C1 java.lang.reflect.Method.invoke(Ljava/lang/Object;[Ljava/lang/Object;)Ljava/lang/Object; (62 bytes) @ 0x00007ffa11214e14 [0x00007ffa11214a20+0x3f4]
j  org.apache.catalina.startup.Bootstrap.start()V+37
j  org.apache.catalina.startup.Bootstrap.main([Ljava/lang/String;)V+131
v  ~StubRoutines::call_stub

---------------  P R O C E S S  ---------------

Java Threads: ( => current thread )
  0x00007ffa200fc800 JavaThread "Thread-20" daemon [_thread_blocked, id=14594, stack(0x00007ff9f853b000,0x00007ff9f863c000)]
  0x00007ff970011800 JavaThread "PyFile_ChangeNotifier" daemon [_thread_blocked, id=14450, stack(0x00007ff9f1be1000,0x00007ff9f1ce2000)]
  0x00007ff97000f800 JavaThread "Thread-18" daemon [_thread_in_native, id=14449, stack(0x00007ff9f1ce2000,0x00007ff9f1de3000)]
  0x00007ff96080c000 JavaThread "ClockDriftDetector" daemon [_thread_blocked, id=14448, stack(0x00007ff9f1de3000,0x00007ff9f1ee4000)]
  0x00007ff988003000 JavaThread "http-8088-2" daemon [_thread_blocked, id=14432, stack(0x00007ff9f3dfe000,0x00007ff9f3eff000)]
  0x00007ff988001000 JavaThread "http-8088-1" daemon [_thread_blocked, id=14431, stack(0x00007ff9f3eff000,0x00007ff9f4000000)]
  0x00007ffa20400800 JavaThread "TP-Monitor" daemon [_thread_blocked, id=14417, stack(0x00007ff9f9598000,0x00007ff9f9699000)]
  0x00007ffa203fe800 JavaThread "TP-Processor4" daemon [_thread_blocked, id=14416, stack(0x00007ff9f9699000,0x00007ff9f979a000)]
  0x00007ffa203e2800 JavaThread "TP-Processor3" daemon [_thread_blocked, id=14415, stack(0x00007ff9f979a000,0x00007ff9f989b000)]
  0x00007ffa20401800 JavaThread "TP-Processor2" daemon [_thread_blocked, id=14414, stack(0x00007ff9f989b000,0x00007ff9f999c000)]
  0x00007ffa203d9000 JavaThread "TP-Processor1" daemon [_thread_blocked, id=14413, stack(0x00007ff9f999c000,0x00007ff9f9a9d000)]
  0x00007ffa203ec800 JavaThread "http-8088-Acceptor-0" daemon [_thread_blocked, id=14412, stack(0x00007ff9f9a9d000,0x00007ff9f9b9e000)]
  0x00007ffa20358000 JavaThread "GC Daemon" daemon [_thread_blocked, id=14408, stack(0x00007ff9fa2fc000,0x00007ff9fa3fd000)]
  0x00007ff9a4007000 JavaThread "RMI Scheduler(0)" daemon [_thread_blocked, id=14405, stack(0x00007ff9fbbd8000,0x00007ff9fbcd9000)]
  0x00007ffa201d0800 JavaThread "RMI TCP Accept-0" daemon [_thread_in_native, id=14400, stack(0x00007ffa0811f000,0x00007ffa08220000)]
  0x00007ffa201bf800 JavaThread "RMI TCP Accept-1099" daemon [_thread_in_native, id=14399, stack(0x00007ffa08220000,0x00007ffa08321000)]
  0x00007ffa201b0000 JavaThread "RMI TCP Accept-0" daemon [_thread_in_native, id=14398, stack(0x00007ffa08321000,0x00007ffa08422000)]
  0x00007ffa200d3000 JavaThread "Service Thread" daemon [_thread_blocked, id=14396, stack(0x00007ffa08a84000,0x00007ffa08b85000)]
  0x00007ffa200bd800 JavaThread "C1 CompilerThread3" daemon [_thread_blocked, id=14395, stack(0x00007ffa08b85000,0x00007ffa08c86000)]
  0x00007ffa200bb000 JavaThread "C2 CompilerThread2" daemon [_thread_blocked, id=14394, stack(0x00007ffa08c86000,0x00007ffa08d87000)]
  0x00007ffa200b9800 JavaThread "C2 CompilerThread1" daemon [_thread_blocked, id=14393, stack(0x00007ffa08d87000,0x00007ffa08e88000)]
  0x00007ffa200b6800 JavaThread "C2 CompilerThread0" daemon [_thread_in_native, id=14392, stack(0x00007ffa08e88000,0x00007ffa08f89000)]
  0x00007ffa200b4800 JavaThread "Signal Dispatcher" daemon [_thread_blocked, id=14391, stack(0x00007ffa08f89000,0x00007ffa0908a000)]
  0x00007ffa20085000 JavaThread "Finalizer" daemon [_thread_blocked, id=14389, stack(0x00007ffa09353000,0x00007ffa09454000)]
  0x00007ffa20083000 JavaThread "Reference Handler" daemon [_thread_blocked, id=14388, stack(0x00007ffa09454000,0x00007ffa09555000)]
=>0x00007ffa2000a800 JavaThread "main" [_thread_in_native, id=14378, stack(0x00007ffa27c11000,0x00007ffa27d12000)]

Other Threads:
  0x00007ffa2007c000 VMThread [stack: 0x00007ffa09555000,0x00007ffa09656000] [id=14387]
  0x00007ffa201d2000 WatcherThread [stack: 0x00007ffa0801e000,0x00007ffa0811f000] [id=14401]

VM state:not at safepoint (normal execution)

VM Mutex/Monitor currently owned by a thread: None

Heap:
 PSYoungGen      total 281600K, used 159998K [0x000000076ce00000, 0x0000000785880000, 0x00000007c0000000)
  eden space 266752K, 54% used [0x000000076ce00000,0x0000000775bc2af0,0x000000077d280000)
  from space 14848K, 99% used [0x000000077d280000,0x000000077e0fd090,0x000000077e100000)
  to   space 17408K, 0% used [0x0000000784780000,0x0000000784780000,0x0000000785880000)
 ParOldGen       total 178176K, used 22020K [0x00000006c6a00000, 0x00000006d1800000, 0x000000076ce00000)
  object space 178176K, 12% used [0x00000006c6a00000,0x00000006c7f81180,0x00000006d1800000)
 Metaspace       used 47784K, capacity 48676K, committed 48868K, reserved 1091584K
  class space    used 6834K, capacity 7047K, committed 7168K, reserved 1048576K

Card table byte_map: [0x00007ffa24267000,0x00007ffa24a33000] byte_map_base: 0x00007ffa20c32000

Marking Bits: (ParMarkBitMap*) 0x00007ffa270ebc20
 Begin Bits: [0x00007ff9d4350000, 0x00007ff9d81a8000)
 End Bits:   [0x00007ff9d81a8000, 0x00007ff9dc000000)

Polling page: 0x00007ffa27d34000

CodeCache: size=245760Kb used=14805Kb max_used=14843Kb free=230954Kb
 bounds [0x00007ffa11000000, 0x00007ffa11ea0000, 0x00007ffa20000000]
 total_blobs=4902 nmethods=4350 adapters=465
 compilation: enabled

Compilation events (10 events):
Event: 107.872 Thread 0x00007ffa200bd800 5279  s    3       org.hsqldb.jdbc.JDBCStatement::close (38 bytes)
Event: 107.872 Thread 0x00007ffa200bd800 nmethod 5279 0x00007ffa113777d0 code [0x00007ffa11377940, 0x00007ffa11377da8]
Event: 107.874 Thread 0x00007ffa200bd800 5280       3       org.apache.log4j.spi.LoggingEvent::getLevel (8 bytes)
Event: 107.875 Thread 0x00007ffa200bd800 nmethod 5280 0x00007ffa1175a290 code [0x00007ffa1175a400, 0x00007ffa1175a650]
Event: 107.880 Thread 0x00007ffa200bd800 5281       3       org.apache.log4j.helpers.PatternConverter::format (127 bytes)
Event: 107.885 Thread 0x00007ffa200bb000 nmethod 5278% 0x00007ffa11468590 code [0x00007ffa11468720, 0x00007ffa114689d8]
Event: 107.886 Thread 0x00007ffa200bd800 nmethod 5281 0x00007ffa114931d0 code [0x00007ffa11493420, 0x00007ffa114946c8]
Event: 107.886 Thread 0x00007ffa200bd800 5283       1       java.io.OutputStream::flush (1 bytes)
Event: 107.886 Thread 0x00007ffa200bd800 nmethod 5283 0x00007ffa114049d0 code [0x00007ffa11404b20, 0x00007ffa11404c30]
Event: 107.886 Thread 0x00007ffa200bd800 5282       3       org.apache.log4j.helpers.PatternParser$LiteralPatternConverter::format (10 bytes)

GC Heap History (10 events):
Event: 3.079 GC heap before
{Heap before GC invocations=5 (full 1):
 PSYoungGen      total 139264K, used 129024K [0x000000076ce00000, 0x000000077de00000, 0x00000007c0000000)
  eden space 129024K, 100% used [0x000000076ce00000,0x0000000774c00000,0x0000000774c00000)
  from space 10240K, 0% used [0x0000000774c00000,0x0000000774c00000,0x0000000775600000)
  to   space 10240K, 0% used [0x000000077d400000,0x000000077d400000,0x000000077de00000)
 ParOldGen       total 116224K, used 14033K [0x00000006c6a00000, 0x00000006cdb80000, 0x000000076ce00000)
  object space 116224K, 12% used [0x00000006c6a00000,0x00000006c77b4740,0x00000006cdb80000)
 Metaspace       used 29978K, capacity 30568K, committed 30848K, reserved 1077248K
  class space    used 3525K, capacity 3658K, committed 3712K, reserved 1048576K
Event: 3.086 GC heap after
Heap after GC invocations=5 (full 1):
 PSYoungGen      total 197632K, used 10224K [0x000000076ce00000, 0x000000077de00000, 0x00000007c0000000)
  eden space 187392K, 0% used [0x000000076ce00000,0x000000076ce00000,0x0000000778500000)
  from space 10240K, 99% used [0x000000077d400000,0x000000077ddfc068,0x000000077de00000)
  to   space 10240K, 0% used [0x000000077ca00000,0x000000077ca00000,0x000000077d400000)
 ParOldGen       total 116224K, used 15412K [0x00000006c6a00000, 0x00000006cdb80000, 0x000000076ce00000)
  object space 116224K, 13% used [0x00000006c6a00000,0x00000006c790d0b8,0x00000006cdb80000)
 Metaspace       used 29978K, capacity 30568K, committed 30848K, reserved 1077248K
  class space    used 3525K, capacity 3658K, committed 3712K, reserved 1048576K
}
Event: 3.578 GC heap before
{Heap before GC invocations=6 (full 1):
 PSYoungGen      total 197632K, used 197616K [0x000000076ce00000, 0x000000077de00000, 0x00000007c0000000)
  eden space 187392K, 100% used [0x000000076ce00000,0x0000000778500000,0x0000000778500000)
  from space 10240K, 99% used [0x000000077d400000,0x000000077ddfc068,0x000000077de00000)
  to   space 10240K, 0% used [0x000000077ca00000,0x000000077ca00000,0x000000077d400000)
 ParOldGen       total 116224K, used 15412K [0x00000006c6a00000, 0x00000006cdb80000, 0x000000076ce00000)
  object space 116224K, 13% used [0x00000006c6a00000,0x00000006c790d0b8,0x00000006cdb80000)
 Metaspace       used 30932K, capacity 31470K, committed 31744K, reserved 1077248K
  class space    used 3600K, capacity 3723K, committed 3840K, reserved 1048576K
Event: 3.584 GC heap after
Heap after GC invocations=6 (full 1):
 PSYoungGen      total 268288K, used 6765K [0x000000076ce00000, 0x000000077f000000, 0x00000007c0000000)
  eden space 258048K, 0% used [0x000000076ce00000,0x000000076ce00000,0x000000077ca00000)
  from space 10240K, 66% used [0x000000077ca00000,0x000000077d09b748,0x000000077d400000)
  to   space 15360K, 0% used [0x000000077e100000,0x000000077e100000,0x000000077f000000)
 ParOldGen       total 116224K, used 15420K [0x00000006c6a00000, 0x00000006cdb80000, 0x000000076ce00000)
  object space 116224K, 13% used [0x00000006c6a00000,0x00000006c790f0b8,0x00000006cdb80000)
 Metaspace       used 30932K, capacity 31470K, committed 31744K, reserved 1077248K
  class space    used 3600K, capacity 3723K, committed 3840K, reserved 1048576K
}
Event: 3.906 GC heap before
{Heap before GC invocations=7 (full 1):
 PSYoungGen      total 268288K, used 97667K [0x000000076ce00000, 0x000000077f000000, 0x00000007c0000000)
  eden space 258048K, 35% used [0x000000076ce00000,0x00000007726c57d0,0x000000077ca00000)
  from space 10240K, 66% used [0x000000077ca00000,0x000000077d09b748,0x000000077d400000)
  to   space 15360K, 0% used [0x000000077e100000,0x000000077e100000,0x000000077f000000)
 ParOldGen       total 116224K, used 15420K [0x00000006c6a00000, 0x00000006cdb80000, 0x000000076ce00000)
  object space 116224K, 13% used [0x00000006c6a00000,0x00000006c790f0b8,0x00000006cdb80000)
 Metaspace       used 34606K, capacity 35150K, committed 35300K, reserved 1079296K
  class space    used 4490K, capacity 4587K, committed 4608K, reserved 1048576K
Event: 3.914 GC heap after
Heap after GC invocations=7 (full 1):
 PSYoungGen      total 282112K, used 9762K [0x000000076ce00000, 0x0000000785400000, 0x00000007c0000000)
  eden space 266752K, 0% used [0x000000076ce00000,0x000000076ce00000,0x000000077d280000)
  from space 15360K, 63% used [0x000000077e100000,0x000000077ea88860,0x000000077f000000)
  to   space 14848K, 0% used [0x000000077d280000,0x000000077d280000,0x000000077e100000)
 ParOldGen       total 116224K, used 15428K [0x00000006c6a00000, 0x00000006cdb80000, 0x000000076ce00000)
  object space 116224K, 13% used [0x00000006c6a00000,0x00000006c79110b8,0x00000006cdb80000)
 Metaspace       used 34606K, capacity 35150K, committed 35300K, reserved 1079296K
  class space    used 4490K, capacity 4587K, committed 4608K, reserved 1048576K
}
Event: 3.914 GC heap before
{Heap before GC invocations=8 (full 2):
 PSYoungGen      total 282112K, used 9762K [0x000000076ce00000, 0x0000000785400000, 0x00000007c0000000)
  eden space 266752K, 0% used [0x000000076ce00000,0x000000076ce00000,0x000000077d280000)
  from space 15360K, 63% used [0x000000077e100000,0x000000077ea88860,0x000000077f000000)
  to   space 14848K, 0% used [0x000000077d280000,0x000000077d280000,0x000000077e100000)
 ParOldGen       total 116224K, used 15428K [0x00000006c6a00000, 0x00000006cdb80000, 0x000000076ce00000)
  object space 116224K, 13% used [0x00000006c6a00000,0x00000006c79110b8,0x00000006cdb80000)
 Metaspace       used 34606K, capacity 35150K, committed 35300K, reserved 1079296K
  class space    used 4490K, capacity 4587K, committed 4608K, reserved 1048576K
Event: 3.964 GC heap after
Heap after GC invocations=8 (full 2):
 PSYoungGen      total 282112K, used 0K [0x000000076ce00000, 0x0000000785400000, 0x00000007c0000000)
  eden space 266752K, 0% used [0x000000076ce00000,0x000000076ce00000,0x000000077d280000)
  from space 15360K, 0% used [0x000000077e100000,0x000000077e100000,0x000000077f000000)
  to   space 14848K, 0% used [0x000000077d280000,0x000000077d280000,0x000000077e100000)
 ParOldGen       total 178176K, used 19877K [0x00000006c6a00000, 0x00000006d1800000, 0x000000076ce00000)
  object space 178176K, 11% used [0x00000006c6a00000,0x00000006c7d69568,0x00000006d1800000)
 Metaspace       used 34606K, capacity 35150K, committed 35300K, reserved 1079296K
  class space    used 4490K, capacity 4587K, committed 4608K, reserved 1048576K
}
Event: 5.085 GC heap before
{Heap before GC invocations=9 (full 2):
 PSYoungGen      total 282112K, used 266752K [0x000000076ce00000, 0x0000000785400000, 0x00000007c0000000)
  eden space 266752K, 100% used [0x000000076ce00000,0x000000077d280000,0x000000077d280000)
  from space 15360K, 0% used [0x000000077e100000,0x000000077e100000,0x000000077f000000)
  to   space 14848K, 0% used [0x000000077d280000,0x000000077d280000,0x000000077e100000)
 ParOldGen       total 178176K, used 19877K [0x00000006c6a00000, 0x00000006d1800000, 0x000000076ce00000)
  object space 178176K, 11% used [0x00000006c6a00000,0x00000006c7d69568,0x00000006d1800000)
 Metaspace       used 42052K, capacity 42820K, committed 42980K, reserved 1085440K
  class space    used 6179K, capacity 6336K, committed 6400K, reserved 1048576K
Event: 5.095 GC heap after
Heap after GC invocations=9 (full 2):
 PSYoungGen      total 281600K, used 14836K [0x000000076ce00000, 0x0000000785880000, 0x00000007c0000000)
  eden space 266752K, 0% used [0x000000076ce00000,0x000000076ce00000,0x000000077d280000)
  from space 14848K, 99% used [0x000000077d280000,0x000000077e0fd090,0x000000077e100000)
  to   space 17408K, 0% used [0x0000000784780000,0x0000000784780000,0x0000000785880000)
 ParOldGen       total 178176K, used 22020K [0x00000006c6a00000, 0x00000006d1800000, 0x000000076ce00000)
  object space 178176K, 12% used [0x00000006c6a00000,0x00000006c7f81180,0x00000006d1800000)
 Metaspace       used 42052K, capacity 42820K, committed 42980K, reserved 1085440K
  class space    used 6179K, capacity 6336K, committed 6400K, reserved 1048576K
}

Deoptimization events (10 events):
Event: 47.560 Thread 0x00007ff988003000 Uncommon trap: reason=bimorphic action=maybe_recompile pc=0x00007ffa1145d1f4 method=java.lang.StringCoding$StringDecoder.charsetName()Ljava/lang/String; @ 17
Event: 48.563 Thread 0x00007ff988003000 Uncommon trap: reason=class_check action=maybe_recompile pc=0x00007ffa1163df7c method=java.util.zip.InflaterInputStream.fill()V @ 19
Event: 48.808 Thread 0x00007ff988003000 Uncommon trap: reason=class_check action=maybe_recompile pc=0x00007ffa1163df7c method=java.util.zip.InflaterInputStream.fill()V @ 19
Event: 107.748 Thread 0x00007ffa2000a800 Uncommon trap: reason=null_check action=make_not_entrant pc=0x00007ffa114e8b4c method=com.sun.org.apache.xerces.internal.utils.XMLLimitAnalyzer.isTracking(Ljava/lang/String;)Z @ 14
Event: 107.768 Thread 0x00007ffa2000a800 Uncommon trap: reason=class_check action=maybe_recompile pc=0x00007ffa11af3e84 method=org.hsqldb.index.IndexAVL.unlinkNodes(Lorg/hsqldb/index/NodeAVL;)V @ 4
Event: 107.768 Thread 0x00007ffa2000a800 Uncommon trap: reason=class_check action=maybe_recompile pc=0x00007ffa11af3e84 method=org.hsqldb.index.IndexAVL.unlinkNodes(Lorg/hsqldb/index/NodeAVL;)V @ 4
Event: 107.768 Thread 0x00007ffa2000a800 Uncommon trap: reason=class_check action=maybe_recompile pc=0x00007ffa11af3e84 method=org.hsqldb.index.IndexAVL.unlinkNodes(Lorg/hsqldb/index/NodeAVL;)V @ 4
Event: 107.768 Thread 0x00007ffa2000a800 Uncommon trap: reason=class_check action=maybe_recompile pc=0x00007ffa11af3e84 method=org.hsqldb.index.IndexAVL.unlinkNodes(Lorg/hsqldb/index/NodeAVL;)V @ 4
Event: 107.768 Thread 0x00007ffa2000a800 Uncommon trap: reason=unreached action=reinterpret pc=0x00007ffa11a10da4 method=org.hsqldb.store.BaseHashMap.clearElementArrays(II)V @ 185
Event: 107.770 Thread 0x00007ff9604d3800 Uncommon trap: reason=unreached action=reinterpret pc=0x00007ffa1158c904 method=org.hsqldb.lib.HsqlTimer$TaskQueue.peekTask()Lorg/hsqldb/lib/HsqlTimer$Task; @ 6

Internal exceptions (10 events):
Event: 107.757 Thread 0x00007ffa2000a800 Exception <a 'java/security/PrivilegedActionException'> (0x0000000774eeb060) thrown at [/HUDSON/workspace/8-2-build-linux-amd64/jdk8u20/526.nc/hotspot/src/share/vm/prims/jvm.cpp, line 1258]
Event: 107.757 Thread 0x00007ffa2000a800 Exception <a 'java/security/PrivilegedActionException'> (0x0000000774eebdd0) thrown at [/HUDSON/workspace/8-2-build-linux-amd64/jdk8u20/526.nc/hotspot/src/share/vm/prims/jvm.cpp, line 1258]
Event: 107.757 Thread 0x00007ffa2000a800 Exception <a 'java/security/PrivilegedActionException'> (0x0000000774ef7fe0) thrown at [/HUDSON/workspace/8-2-build-linux-amd64/jdk8u20/526.nc/hotspot/src/share/vm/prims/jvm.cpp, line 1258]
Event: 107.757 Thread 0x00007ffa2000a800 Exception <a 'java/security/PrivilegedActionException'> (0x0000000774ef8ca0) thrown at [/HUDSON/workspace/8-2-build-linux-amd64/jdk8u20/526.nc/hotspot/src/share/vm/prims/jvm.cpp, line 1258]
Event: 107.758 Thread 0x00007ffa2000a800 Exception <a 'java/security/PrivilegedActionException'> (0x0000000774f03e30) thrown at [/HUDSON/workspace/8-2-build-linux-amd64/jdk8u20/526.nc/hotspot/src/share/vm/prims/jvm.cpp, line 1258]
Event: 107.758 Thread 0x00007ffa2000a800 Exception <a 'java/security/PrivilegedActionException'> (0x0000000774f04ce0) thrown at [/HUDSON/workspace/8-2-build-linux-amd64/jdk8u20/526.nc/hotspot/src/share/vm/prims/jvm.cpp, line 1258]
Event: 107.870 Thread 0x00007ffa2000a800 Exception <a 'java/security/PrivilegedActionException'> (0x0000000774f2a0b8) thrown at [/HUDSON/workspace/8-2-build-linux-amd64/jdk8u20/526.nc/hotspot/src/share/vm/prims/jvm.cpp, line 1258]
Event: 107.870 Thread 0x00007ffa2000a800 Exception <a 'java/security/PrivilegedActionException'> (0x0000000774f2aaf0) thrown at [/HUDSON/workspace/8-2-build-linux-amd64/jdk8u20/526.nc/hotspot/src/share/vm/prims/jvm.cpp, line 1258]
Event: 107.871 Thread 0x00007ffa2000a800 Exception <a 'java/security/PrivilegedActionException'> (0x0000000774f3dd40) thrown at [/HUDSON/workspace/8-2-build-linux-amd64/jdk8u20/526.nc/hotspot/src/share/vm/prims/jvm.cpp, line 1258]
Event: 107.871 Thread 0x00007ffa2000a800 Exception <a 'java/security/PrivilegedActionException'> (0x0000000774f3e8e0) thrown at [/HUDSON/workspace/8-2-build-linux-amd64/jdk8u20/526.nc/hotspot/src/share/vm/prims/jvm.cpp, line 1258]

Events (10 events):
Event: 107.885 Thread 0x00007ff970002800 Thread exited: 0x00007ff970002800
Event: 107.885 Thread 0x00007ff960506000 Thread exited: 0x00007ff960506000
Event: 107.885 Executing VM operation: RevokeBias
Event: 107.885 Executing VM operation: RevokeBias done
Event: 107.885 Thread 0x00007ff96076d000 Thread exited: 0x00007ff96076d000
Event: 107.885 Thread 0x00007ff96076c000 Thread exited: 0x00007ff96076c000
Event: 107.885 Thread 0x00007ff948001000 Thread exited: 0x00007ff948001000
Event: 107.885 Thread 0x00007ff960768800 Thread exited: 0x00007ff960768800
Event: 107.885 Thread 0x00007ff99c385800 Thread exited: 0x00007ff99c385800
Event: 107.885 Thread 0x00007ff958033800 Thread exited: 0x00007ff958033800


Dynamic libraries:
00400000-00401000 r-xp 00000000 08:06 19938758                           /usr/lib/jvm/jdk1.8.0_20/bin/java
00600000-00601000 rw-p 00000000 08:06 19938758                           /usr/lib/jvm/jdk1.8.0_20/bin/java
025dd000-025fe000 rw-p 00000000 00:00 0                                  [heap]
6c6a00000-6d1800000 rw-p 00000000 00:00 0 
6d1800000-76ce00000 ---p 00000000 00:00 0 
76ce00000-785880000 rw-p 00000000 00:00 0 
785880000-7c0000000 ---p 00000000 00:00 0 
7c0000000-7c0700000 rw-p 00000000 00:00 0 
7c0700000-800000000 ---p 00000000 00:00 0 
7ff918000000-7ff918021000 rw-p 00000000 00:00 0 
7ff918021000-7ff91c000000 ---p 00000000 00:00 0 
7ff920000000-7ff920021000 rw-p 00000000 00:00 0 
7ff920021000-7ff924000000 ---p 00000000 00:00 0 
7ff924000000-7ff924021000 rw-p 00000000 00:00 0 
7ff924021000-7ff928000000 ---p 00000000 00:00 0 
7ff928000000-7ff9280e9000 rw-p 00000000 00:00 0 
7ff9280e9000-7ff92c000000 ---p 00000000 00:00 0 
7ff92c000000-7ff92c021000 rw-p 00000000 00:00 0 
7ff92c021000-7ff930000000 ---p 00000000 00:00 0 
7ff930000000-7ff930021000 rw-p 00000000 00:00 0 
7ff930021000-7ff934000000 ---p 00000000 00:00 0 
7ff934000000-7ff934021000 rw-p 00000000 00:00 0 
7ff934021000-7ff938000000 ---p 00000000 00:00 0 
7ff938000000-7ff938021000 rw-p 00000000 00:00 0 
7ff938021000-7ff93c000000 ---p 00000000 00:00 0 
7ff93c000000-7ff93c021000 rw-p 00000000 00:00 0 
7ff93c021000-7ff940000000 ---p 00000000 00:00 0 
7ff940000000-7ff940021000 rw-p 00000000 00:00 0 
7ff940021000-7ff944000000 ---p 00000000 00:00 0 
7ff944000000-7ff944021000 rw-p 00000000 00:00 0 
7ff944021000-7ff948000000 ---p 00000000 00:00 0 
7ff948000000-7ff948021000 rw-p 00000000 00:00 0 
7ff948021000-7ff94c000000 ---p 00000000 00:00 0 
7ff94c000000-7ff94c021000 rw-p 00000000 00:00 0 
7ff94c021000-7ff950000000 ---p 00000000 00:00 0 
7ff950000000-7ff950021000 rw-p 00000000 00:00 0 
7ff950021000-7ff954000000 ---p 00000000 00:00 0 
7ff954000000-7ff954021000 rw-p 00000000 00:00 0 
7ff954021000-7ff958000000 ---p 00000000 00:00 0 
7ff958000000-7ff95816c000 rw-p 00000000 00:00 0 
7ff95816c000-7ff95c000000 ---p 00000000 00:00 0 
7ff95c000000-7ff95c021000 rw-p 00000000 00:00 0 
7ff95c021000-7ff960000000 ---p 00000000 00:00 0 
7ff960000000-7ff960900000 rw-p 00000000 00:00 0 
7ff960900000-7ff964000000 ---p 00000000 00:00 0 
7ff964000000-7ff964072000 rw-p 00000000 00:00 0 
7ff964072000-7ff968000000 ---p 00000000 00:00 0 
7ff968000000-7ff968021000 rw-p 00000000 00:00 0 
7ff968021000-7ff96c000000 ---p 00000000 00:00 0 
7ff96c000000-7ff96c021000 rw-p 00000000 00:00 0 
7ff96c021000-7ff970000000 ---p 00000000 00:00 0 
7ff970000000-7ff970038000 rw-p 00000000 00:00 0 
7ff970038000-7ff974000000 ---p 00000000 00:00 0 
7ff974000000-7ff974054000 rw-p 00000000 00:00 0 
7ff974054000-7ff978000000 ---p 00000000 00:00 0 
7ff978000000-7ff978061000 rw-p 00000000 00:00 0 
7ff978061000-7ff97c000000 ---p 00000000 00:00 0 
7ff97c000000-7ff97c021000 rw-p 00000000 00:00 0 
7ff97c021000-7ff980000000 ---p 00000000 00:00 0 
7ff980000000-7ff980021000 rw-p 00000000 00:00 0 
7ff980021000-7ff984000000 ---p 00000000 00:00 0 
7ff984000000-7ff984021000 rw-p 00000000 00:00 0 
7ff984021000-7ff988000000 ---p 00000000 00:00 0 
7ff988000000-7ff988021000 rw-p 00000000 00:00 0 
7ff988021000-7ff98c000000 ---p 00000000 00:00 0 
7ff98c000000-7ff98c021000 rw-p 00000000 00:00 0 
7ff98c021000-7ff990000000 ---p 00000000 00:00 0 
7ff990000000-7ff990021000 rw-p 00000000 00:00 0 
7ff990021000-7ff994000000 ---p 00000000 00:00 0 
7ff994000000-7ff9940ac000 rw-p 00000000 00:00 0 
7ff9940ac000-7ff998000000 ---p 00000000 00:00 0 
7ff998000000-7ff998021000 rw-p 00000000 00:00 0 
7ff998021000-7ff99c000000 ---p 00000000 00:00 0 
7ff99c000000-7ff99c4c5000 rw-p 00000000 00:00 0 
7ff99c4c5000-7ff9a0000000 ---p 00000000 00:00 0 
7ff9a0000000-7ff9a0021000 rw-p 00000000 00:00 0 
7ff9a0021000-7ff9a4000000 ---p 00000000 00:00 0 
7ff9a4000000-7ff9a4021000 rw-p 00000000 00:00 0 
7ff9a4021000-7ff9a8000000 ---p 00000000 00:00 0 
7ff9a8000000-7ff9a8021000 rw-p 00000000 00:00 0 
7ff9a8021000-7ff9ac000000 ---p 00000000 00:00 0 
7ff9ac000000-7ff9ac021000 rw-p 00000000 00:00 0 
7ff9ac021000-7ff9b0000000 ---p 00000000 00:00 0 
7ff9b0000000-7ff9b0021000 rw-p 00000000 00:00 0 
7ff9b0021000-7ff9b4000000 ---p 00000000 00:00 0 
7ff9b4000000-7ff9b4021000 rw-p 00000000 00:00 0 
7ff9b4021000-7ff9b8000000 ---p 00000000 00:00 0 
7ff9b8000000-7ff9b926a000 rw-p 00000000 00:00 0 
7ff9b926a000-7ff9bc000000 ---p 00000000 00:00 0 
7ff9bc000000-7ff9bc6f7000 rw-p 00000000 00:00 0 
7ff9bc6f7000-7ff9c0000000 ---p 00000000 00:00 0 
7ff9c0000000-7ff9c13c5000 rw-p 00000000 00:00 0 
7ff9c13c5000-7ff9c4000000 ---p 00000000 00:00 0 
7ff9c4000000-7ff9c5c4b000 rw-p 00000000 00:00 0 
7ff9c5c4b000-7ff9c8000000 ---p 00000000 00:00 0 
7ff9c8000000-7ff9c8021000 rw-p 00000000 00:00 0 
7ff9c8021000-7ff9cc000000 ---p 00000000 00:00 0 
7ff9cc000000-7ff9cc021000 rw-p 00000000 00:00 0 
7ff9cc021000-7ff9d0000000 ---p 00000000 00:00 0 
7ff9d0000000-7ff9d0021000 rw-p 00000000 00:00 0 
7ff9d0021000-7ff9d4000000 ---p 00000000 00:00 0 
7ff9d4350000-7ff9dc000000 rw-p 00000000 00:00 0 
7ff9dc000000-7ff9dc021000 rw-p 00000000 00:00 0 
7ff9dc021000-7ff9e0000000 ---p 00000000 00:00 0 
7ff9e0000000-7ff9e00fa000 rw-p 00000000 00:00 0 
7ff9e00fa000-7ff9e4000000 ---p 00000000 00:00 0 
7ff9e4000000-7ff9e4021000 rw-p 00000000 00:00 0 
7ff9e4021000-7ff9e8000000 ---p 00000000 00:00 0 
7ff9ec000000-7ff9ec021000 rw-p 00000000 00:00 0 
7ff9ec021000-7ff9f0000000 ---p 00000000 00:00 0 
7ff9f10bc000-7ff9f10bf000 ---p 00000000 00:00 0 
7ff9f10bf000-7ff9f127d000 rw-p 00000000 00:00 0 
7ff9f127d000-7ff9f13bd000 ---p 00000000 00:00 0 
7ff9f13bd000-7ff9f13d4000 r-xp 00000000 08:06 15601652                   /lib/x86_64-linux-gnu/libresolv-2.19.so
7ff9f13d4000-7ff9f15d4000 ---p 00017000 08:06 15601652                   /lib/x86_64-linux-gnu/libresolv-2.19.so
7ff9f15d4000-7ff9f15d5000 r--p 00017000 08:06 15601652                   /lib/x86_64-linux-gnu/libresolv-2.19.so
7ff9f15d5000-7ff9f15d6000 rw-p 00018000 08:06 15601652                   /lib/x86_64-linux-gnu/libresolv-2.19.so
7ff9f15d6000-7ff9f15d8000 rw-p 00000000 00:00 0 
7ff9f15d8000-7ff9f15dd000 r-xp 00000000 08:06 15601599                   /lib/x86_64-linux-gnu/libnss_dns-2.19.so
7ff9f15dd000-7ff9f17dc000 ---p 00005000 08:06 15601599                   /lib/x86_64-linux-gnu/libnss_dns-2.19.so
7ff9f17dc000-7ff9f17dd000 r--p 00004000 08:06 15601599                   /lib/x86_64-linux-gnu/libnss_dns-2.19.so
7ff9f17dd000-7ff9f17de000 rw-p 00005000 08:06 15601599                   /lib/x86_64-linux-gnu/libnss_dns-2.19.so
7ff9f17de000-7ff9f17e0000 r-xp 00000000 08:06 15601607                   /lib/x86_64-linux-gnu/libnss_mdns4_minimal.so.2
7ff9f17e0000-7ff9f19df000 ---p 00002000 08:06 15601607                   /lib/x86_64-linux-gnu/libnss_mdns4_minimal.so.2
7ff9f19df000-7ff9f19e0000 r--p 00001000 08:06 15601607                   /lib/x86_64-linux-gnu/libnss_mdns4_minimal.so.2
7ff9f19e0000-7ff9f19e1000 rw-p 00002000 08:06 15601607                   /lib/x86_64-linux-gnu/libnss_mdns4_minimal.so.2
7ff9f19e1000-7ff9f1be1000 rw-p 00000000 00:00 0 
7ff9f1be1000-7ff9f1be4000 ---p 00000000 00:00 0 
7ff9f1be4000-7ff9f1ce2000 rw-p 00000000 00:00 0                          [stack:14450]
7ff9f1ce2000-7ff9f1ce5000 ---p 00000000 00:00 0 
7ff9f1ce5000-7ff9f1de3000 rw-p 00000000 00:00 0                          [stack:14449]
7ff9f1de3000-7ff9f1de6000 ---p 00000000 00:00 0 
7ff9f1de6000-7ff9f20e4000 rw-p 00000000 00:00 0                          [stack:14448]
7ff9f20e4000-7ff9f20e7000 ---p 00000000 00:00 0 
7ff9f20e7000-7ff9f21e5000 rw-p 00000000 00:00 0 
7ff9f21e5000-7ff9f21e8000 ---p 00000000 00:00 0 
7ff9f21e8000-7ff9f22e6000 rw-p 00000000 00:00 0 
7ff9f22e6000-7ff9f22e9000 ---p 00000000 00:00 0 
7ff9f22e9000-7ff9f23e7000 rw-p 00000000 00:00 0 
7ff9f23e7000-7ff9f23ea000 ---p 00000000 00:00 0 
7ff9f23ea000-7ff9f24e8000 rw-p 00000000 00:00 0 
7ff9f24e8000-7ff9f24eb000 ---p 00000000 00:00 0 
7ff9f24eb000-7ff9f25e9000 rw-p 00000000 00:00 0 
7ff9f25e9000-7ff9f25ec000 ---p 00000000 00:00 0 
7ff9f25ec000-7ff9f26ea000 rw-p 00000000 00:00 0 
7ff9f26ea000-7ff9f26ed000 ---p 00000000 00:00 0 
7ff9f26ed000-7ff9f27eb000 rw-p 00000000 00:00 0 
7ff9f27eb000-7ff9f27ee000 ---p 00000000 00:00 0 
7ff9f27ee000-7ff9f2aec000 rw-p 00000000 00:00 0 
7ff9f2aec000-7ff9f2aef000 ---p 00000000 00:00 0 
7ff9f2aef000-7ff9f2ded000 rw-p 00000000 00:00 0 
7ff9f2efb000-7ff9f30fb000 rw-p 00000000 00:00 0 
7ff9f30fb000-7ff9f32f4000 rw-p 00000000 00:00 0 
7ff9f32f4000-7ff9f32fb000 ---p 00000000 00:00 0 
7ff9f32fb000-7ff9f34fb000 rw-p 00000000 00:00 0 
7ff9f34fb000-7ff9f34fe000 ---p 00000000 00:00 0 
7ff9f34fe000-7ff9f35fc000 rw-p 00000000 00:00 0 
7ff9f35fc000-7ff9f35ff000 ---p 00000000 00:00 0 
7ff9f35ff000-7ff9f38fd000 rw-p 00000000 00:00 0 
7ff9f38fd000-7ff9f3afd000 rw-p 00000000 00:00 0 
7ff9f3afd000-7ff9f3cfd000 rw-p 00000000 00:00 0 
7ff9f3cfd000-7ff9f3d00000 ---p 00000000 00:00 0 
7ff9f3d00000-7ff9f3dfe000 rw-p 00000000 00:00 0 
7ff9f3dfe000-7ff9f3e01000 ---p 00000000 00:00 0 
7ff9f3e01000-7ff9f3eff000 rw-p 00000000 00:00 0                          [stack:14432]
7ff9f3eff000-7ff9f3f02000 ---p 00000000 00:00 0 
7ff9f3f02000-7ff9f4000000 rw-p 00000000 00:00 0                          [stack:14431]
7ff9f4000000-7ff9f4021000 rw-p 00000000 00:00 0 
7ff9f4021000-7ff9f8000000 ---p 00000000 00:00 0 
7ff9f802d000-7ff9f8034000 r--s 00000000 08:06 15864564                   /usr/lib/x86_64-linux-gnu/gconv/gconv-modules.cache
7ff9f8034000-7ff9f8038000 r--s 000be000 08:06 20841096                   /usr/local/development/dev-7-7/Ignition/IgnitionWebApp/src/main/home/temp/vis-gateway4809146353576744967.jar
7ff9f8038000-7ff9f8238000 rw-p 00000000 00:00 0 
7ff9f843a000-7ff9f843d000 ---p 00000000 00:00 0 
7ff9f843d000-7ff9f853b000 rw-p 00000000 00:00 0 
7ff9f853b000-7ff9f853e000 ---p 00000000 00:00 0 
7ff9f853e000-7ff9f863c000 rw-p 00000000 00:00 0                          [stack:14594]
7ff9f863c000-7ff9f863f000 ---p 00000000 00:00 0 
7ff9f863f000-7ff9f893d000 rw-p 00000000 00:00 0 
7ff9f893d000-7ff9f8950000 r--s 00345000 08:06 20582253                   /usr/lib/jvm/jdk1.8.0_20/jre/lib/resources.jar
7ff9f8950000-7ff9f8953000 ---p 00000000 00:00 0 
7ff9f8953000-7ff9f8c51000 rw-p 00000000 00:00 0 
7ff9f8c52000-7ff9f8c53000 rw-p 00000000 00:00 0 
7ff9f8c53000-7ff9f8c54000 r--s 00002000 08:06 20845170                   /usr/local/development/dev-7-7/Ignition/IgnitionWebApp/src/main/home/temp/vis-common5010909110114567315.jar
7ff9f8c54000-7ff9f8c55000 r--s 00000000 08:06 2230810                    /usr/local/development/dev-7-7/Ignition/IgnitionWebApp/target/ignition-webapp-7.7/WEB-INF/lib/xopc-common-2.7.1-20140805.225639-13.jar
7ff9f8c55000-7ff9f8c6d000 r--s 000f6000 08:06 2230807                    /usr/local/development/dev-7-7/Ignition/IgnitionWebApp/target/ignition-webapp-7.7/WEB-INF/lib/xopc-2.7.1-20140805.225700-13.jar
7ff9f8c6d000-7ff9f8c7a000 r--s 000a0000 08:06 2230791                    /usr/local/development/dev-7-7/Ignition/IgnitionWebApp/target/ignition-webapp-7.7/WEB-INF/lib/winpack-3.8.3.jar
7ff9f8c7a000-7ff9f8c84000 r--s 0005c000 08:06 2230730                    /usr/local/development/dev-7-7/Ignition/IgnitionWebApp/target/ignition-webapp-7.7/WEB-INF/lib/wicket-util-6.1.1.jar
7ff9f8c84000-7ff9f8c87000 r--s 00012000 08:06 2230731                    /usr/local/development/dev-7-7/Ignition/IgnitionWebApp/target/ignition-webapp-7.7/WEB-INF/lib/wicket-request-6.1.1.jar
7ff9f8c87000-7ff9f8c99000 r--s 00138000 08:06 2230733                    /usr/local/development/dev-7-7/Ignition/IgnitionWebApp/target/ignition-webapp-7.7/WEB-INF/lib/wicket-extensions-6.1.1.jar
7ff9f8c99000-7ff9f8c9c000 r--s 00038000 08:06 2230732                    /usr/local/development/dev-7-7/Ignition/IgnitionWebApp/target/ignition-webapp-7.7/WEB-INF/lib/wicket-datetime-6.1.1.jar
7ff9f8c9c000-7ff9f8cbf000 r--s 001a3000 08:06 2230729                    /usr/local/development/dev-7-7/Ignition/IgnitionWebApp/target/ignition-webapp-7.7/WEB-INF/lib/wicket-core-6.1.1.jar
7ff9f8cbf000-7ff9f8cc1000 r--s 0012e000 08:06 2230782                    /usr/local/development/dev-7-7/Ignition/IgnitionWebApp/target/ignition-webapp-7.7/WEB-INF/lib/voice-cmu-slt-hsmm-5.0.jar
7ff9f8cc1000-7ff9f8cc2000 r--s 00006000 08:06 2230772                    /usr/local/development/dev-7-7/Ignition/IgnitionWebApp/target/ignition-webapp-7.7/WEB-INF/lib/user-manual-module-1.7.0-20131026.004611-6.jar
7ff9f8cc2000-7ff9f8cc3000 r--s 00268000 08:06 2230819                    /usr/local/development/dev-7-7/Ignition/IgnitionWebApp/target/ignition-webapp-7.7/WEB-INF/lib/ttsengine-ivona-2.7.1-20140805.230438-12.jar
7ff9f8cc3000-7ff9f8cc4000 r--s 00268000 08:06 2230783                    /usr/local/development/dev-7-7/Ignition/IgnitionWebApp/target/ignition-webapp-7.7/WEB-INF/lib/ttsengine-ivona-2.7.0-20140624.001235-31.jar
7ff9f8cc4000-7ff9f8cc7000 r--s 00017000 08:06 2230753                    /usr/local/development/dev-7-7/Ignition/IgnitionWebApp/target/ignition-webapp-7.7/WEB-INF/lib/timingframework-1.0.jar
7ff9f8cc7000-7ff9f8cc9000 r--s 00001000 08:06 2230718                    /usr/local/development/dev-7-7/Ignition/IgnitionWebApp/target/ignition-webapp-7.7/WEB-INF/lib/slf4j-log4j12-1.7.5.jar
7ff9f8cc9000-7ff9f8ccb000 r--s 00005000 08:06 2230717                    /usr/local/development/dev-7-7/Ignition/IgnitionWebApp/target/ignition-webapp-7.7/WEB-INF/lib/slf4j-api-1.7.5.jar
7ff9f8ccb000-7ff9f8cd5000 r--s 00061000 08:06 2230818                    /usr/local/development/dev-7-7/Ignition/IgnitionWebApp/target/ignition-webapp-7.7/WEB-INF/lib/sip-notification-2.7.1-20140805.230432-12.jar
7ff9f8cd5000-7ff9f8ce0000 r--s 00060000 08:06 2230779                    /usr/local/development/dev-7-7/Ignition/IgnitionWebApp/target/ignition-webapp-7.7/WEB-INF/lib/sip-notification-2.7.0-20140624.001231-31.jar
7ff9f8ce0000-7ff9f8ce3000 r--s 0001f000 08:06 4199884                    /usr/local/development/dev-7-7/Ignition/IgnitionWebApp/target/ignition-webapp-7.7/WEB-INF/lib/simple-orm-7.7.1-SNAPSHOT.jar
7ff9f8ce3000-7ff9f8ce6000 r--s 0001f000 08:06 4200047                    /usr/local/development/dev-7-7/Ignition/IgnitionWebApp/target/ignition-webapp-7.7/WEB-INF/lib/simple-orm-7.7.0-SNAPSHOT.jar
7ff9f8ce6000-7ff9f8ce8000 r--s 00002000 08:06 2230821                    /usr/local/development/dev-7-7/Ignition/IgnitionWebApp/target/ignition-webapp-7.7/WEB-INF/lib/sfc-gateway-api-1.7.1-20140805.230615-12.jar
7ff9f8ce8000-7ff9f8cea000 r--s 00013000 08:06 2230820                    /usr/local/development/dev-7-7/Ignition/IgnitionWebApp/target/ignition-webapp-7.7/WEB-INF/lib/sfc-gateway-1.7.1-20140805.230621-12.jar
7ff9f8cea000-7ff9f8cee000 r--s 00014000 08:06 2230822                    /usr/local/development/dev-7-7/Ignition/IgnitionWebApp/target/ignition-webapp-7.7/WEB-INF/lib/sfc-common-1.7.1-20140805.230610-12.jar
7ff9f8cee000-7ff9f8cf0000 r--s 0000f000 08:06 2230787                    /usr/local/development/dev-7-7/Ignition/IgnitionWebApp/target/ignition-webapp-7.7/WEB-INF/lib/serialio-8.5.0.jar
7ff9f8cf0000-7ff9f8cf2000 r--s 00026000 08:06 2230823                    /usr/local/development/dev-7-7/Ignition/IgnitionWebApp/target/ignition-webapp-7.7/WEB-INF/lib/serial-support-gateway-2.7.1-20140805.230326-12.jar
7ff9f8cf2000-7ff9f8cf4000 r--s 00026000 08:06 2230785                    /usr/local/development/dev-7-7/Ignition/IgnitionWebApp/target/ignition-webapp-7.7/WEB-INF/lib/serial-support-gateway-2.7.0-20140624.001136-33.jar
7ff9f8cf4000-7ff9f8cf6000 r--s 00002000 08:06 2230824                    /usr/local/development/dev-7-7/Ignition/IgnitionWebApp/target/ignition-webapp-7.7/WEB-INF/lib/serial-support-common-2.7.1-20140805.230320-12.jar
7ff9f8cf6000-7ff9f8cf8000 r--s 00002000 08:06 2230786                    /usr/local/development/dev-7-7/Ignition/IgnitionWebApp/target/ignition-webapp-7.7/WEB-INF/lib/serial-support-common-2.7.0-20140624.001133-33.jar
7ff9f8cf8000-7ff9f8d6a000 r--s 0065a000 08:06 2230771                    /usr/local/development/dev-7-7/Ignition/IgnitionWebApp/target/ignition-webapp-7.7/WEB-INF/lib/scala-library-2.10.4.jar
7ff9f8d6a000-7ff9f8d6f000 r--s 0003e000 08:06 2230740                    /usr/local/development/dev-7-7/Ignition/IgnitionWebApp/target/ignition-webapp-7.7/WEB-INF/lib/saaj-impl-1.3.jar
7ff9f8d6f000-7ff9f8d71000 r--s 00003000 08:06 2230741                    /usr/local/development/dev-7-7/Ignition/IgnitionWebApp/target/ignition-webapp-7.7/WEB-INF/lib/saaj-api-1.3.jar
7ff9f8d71000-7ff9f8d7b000 r--s 0005c000 08:06 2230826                    /usr/local/development/dev-7-7/Ignition/IgnitionWebApp/target/ignition-webapp-7.7/WEB-INF/lib/opccom-gateway-2.7.1-20140805.225914-13.jar
7ff9f8d7b000-7ff9f8d7c000 r--s 00001000 08:06 2230825                    /usr/local/development/dev-7-7/Ignition/IgnitionWebApp/target/ignition-webapp-7.7/WEB-INF/lib/opccom-common-2.7.1-20140805.225906-13.jar
7ff9f8d7c000-7ff9f8d7d000 r--s 00003000 08:06 2230757                    /usr/local/development/dev-7-7/Ignition/IgnitionWebApp/target/ignition-webapp-7.7/WEB-INF/lib/miglayout-swing-4.2.jar
7ff9f8d7d000-7ff9f8d7f000 r--s 0000f000 08:06 2230758                    /usr/local/development/dev-7-7/Ignition/IgnitionWebApp/target/ignition-webapp-7.7/WEB-INF/lib/miglayout-core-4.2.jar
7ff9f8d7f000-7ff9f8d82000 r--s 00012000 08:06 2230721                    /usr/local/development/dev-7-7/Ignition/IgnitionWebApp/target/ignition-webapp-7.7/WEB-INF/lib/metrics-core-3.0.1.jar
7ff9f8d82000-7ff9f8df1000 r--s 007bb000 08:06 2230780                    /usr/local/development/dev-7-7/Ignition/IgnitionWebApp/target/ignition-webapp-7.7/WEB-INF/lib/marytts-server-5.0.jar
7ff9f8df1000-7ff9f8df4000 r--s 0069c000 08:06 2230781                    /usr/local/development/dev-7-7/Ignition/IgnitionWebApp/target/ignition-webapp-7.7/WEB-INF/lib/marytts-lang-en-5.0.jar
7ff9f8df4000-7ff9f8dfc000 r--s 00075000 08:06 2230736                    /usr/local/development/dev-7-7/Ignition/IgnitionWebApp/target/ignition-webapp-7.7/WEB-INF/lib/mail-1.4.5.jar
7ff9f8dfc000-7ff9f8e03000 r--s 00059000 08:06 2230716                    /usr/local/development/dev-7-7/Ignition/IgnitionWebApp/target/ignition-webapp-7.7/WEB-INF/lib/log4j-1.2.15.jar
7ff9f8e03000-7ff9f8ea0000 r--s 0082e000 08:06 2230712                    /usr/local/development/dev-7-7/Ignition/IgnitionWebApp/target/ignition-webapp-7.7/WEB-INF/lib/jython-2.5.3-guava-upgrade.jar
7ff9f8ea0000-7ff9f8ea1000 r--s 00001000 08:06 2230719                    /usr/local/development/dev-7-7/Ignition/IgnitionWebApp/target/ignition-webapp-7.7/WEB-INF/lib/jul-to-slf4j-1.7.5.jar
7ff9f8ea1000-7ff9f8ea7000 r--s 00036000 08:06 2230734                    /usr/local/development/dev-7-7/Ignition/IgnitionWebApp/target/ignition-webapp-7.7/WEB-INF/lib/jquery-ui-core-6.1.0.jar
7ff9f8ea7000-7ff9f8eb6000 r--s 0007c000 08:06 2230722                    /usr/local/development/dev-7-7/Ignition/IgnitionWebApp/target/ignition-webapp-7.7/WEB-INF/lib/joda-time-2.0.jar
7ff9f8eb6000-7ff9f8eba000 r--s 00037000 08:06 2230790                    /usr/local/development/dev-7-7/Ignition/IgnitionWebApp/target/ignition-webapp-7.7/WEB-INF/lib/jniwrap-3.8.3.jar
7ff9f8eba000-7ff9f8ebc000 r--s 00011000 08:06 2230766                    /usr/local/development/dev-7-7/Ignition/IgnitionWebApp/target/ignition-webapp-7.7/WEB-INF/lib/jide-shortcut-3.5.13.jar
7ff9f8ebc000-7ff9f8ec0000 r--s 00022000 08:06 2230761                    /usr/local/development/dev-7-7/Ignition/IgnitionWebApp/target/ignition-webapp-7.7/WEB-INF/lib/jide-plaf-3.5.13.jar
7ff9f8ec0000-7ff9f8ee6000 r--s 001da000 08:06 2230760                    /usr/local/development/dev-7-7/Ignition/IgnitionWebApp/target/ignition-webapp-7.7/WEB-INF/lib/jide-grids-3.5.13.jar
7ff9f8ee6000-7ff9f8ef0000 r--s 00061000 08:06 2230765                    /usr/local/development/dev-7-7/Ignition/IgnitionWebApp/target/ignition-webapp-7.7/WEB-INF/lib/jide-editor-3.5.13.jar
7ff9f8ef0000-7ff9f8ef6000 r--s 0004f000 08:06 2230764                    /usr/local/development/dev-7-7/Ignition/IgnitionWebApp/target/ignition-webapp-7.7/WEB-INF/lib/jide-dock-3.5.13.jar
7ff9f8ef6000-7ff9f8ef8000 r--s 0000c000 08:06 2230763                    /usr/local/development/dev-7-7/Ignition/IgnitionWebApp/target/ignition-webapp-7.7/WEB-INF/lib/jide-dialogs-3.5.13.jar
7ff9f8ef8000-7ff9f8f00000 r--s 00055000 08:06 2230759                    /usr/local/development/dev-7-7/Ignition/IgnitionWebApp/target/ignition-webapp-7.7/WEB-INF/lib/jide-components-3.5.13.jar
7ff9f8f00000-7ff9f8f1d000 r--s 00155000 08:06 2230720                    /usr/local/development/dev-7-7/Ignition/IgnitionWebApp/target/ignition-webapp-7.7/WEB-INF/lib/jide-common-3.5.13.jar
7ff9f8f1d000-7ff9f8f22000 r--s 0002f000 08:06 2230762                    /usr/local/development/dev-7-7/Ignition/IgnitionWebApp/target/ignition-webapp-7.7/WEB-INF/lib/jide-action-3.5.13.jar
7ff9f8f22000-7ff9f8f36000 r--s 0017c000 08:06 2230755                    /usr/local/development/dev-7-7/Ignition/IgnitionWebApp/target/ignition-webapp-7.7/WEB-INF/lib/jfreechart-min-1.0.0.jar
7ff9f8f36000-7ff9f8f38000 r--s 00004000 08:06 2230742                    /usr/local/development/dev-7-7/Ignition/IgnitionWebApp/target/ignition-webapp-7.7/WEB-INF/lib/jaxrpc-spi-1.1.3_01.jar
7ff9f8f38000-7ff9f8f55000 r--s 001ea000 08:06 2230738                    /usr/local/development/dev-7-7/Ignition/IgnitionWebApp/target/ignition-webapp-7.7/WEB-INF/lib/jaxrpc-impl-1.1.3_01.jar
7ff9f8f55000-7ff9f8f57000 r--s 00005000 08:06 2230739                    /usr/local/development/dev-7-7/Ignition/IgnitionWebApp/target/ignition-webapp-7.7/WEB-INF/lib/jaxrpc-api-1.1.jar
7ff9f8f57000-7ff9f8f59000 r--s 00013000 08:06 2230714                    /usr/local/development/dev-7-7/Ignition/IgnitionWebApp/target/ignition-webapp-7.7/WEB-INF/lib/java-cup-10k.jar
7ff9f8f59000-7ff9f8f5a000 r--s 00003000 08:06 2230784                    /usr/local/development/dev-7-7/Ignition/IgnitionWebApp/target/ignition-webapp-7.7/WEB-INF/lib/ivonatts-1.0.0.jar
7ff9f8f5a000-7ff9f8f5c000 r--s 00001000 08:06 2230770                    /usr/local/development/dev-7-7/Ignition/IgnitionWebApp/target/ignition-webapp-7.7/WEB-INF/lib/io-session-3.0.0-20130122.214435-9.jar
7ff9f8f5c000-7ff9f8f67000 r--s 00073000 08:06 2230809                    /usr/local/development/dev-7-7/Ignition/IgnitionWebApp/target/ignition-webapp-7.7/WEB-INF/lib/ia-opcua-2.7.1-20140805.225629-13.jar
7ff9f8f67000-7ff9f8f72000 r--s 00073000 08:06 2230769                    /usr/local/development/dev-7-7/Ignition/IgnitionWebApp/target/ignition-webapp-7.7/WEB-INF/lib/ia-opcua-2.7.0-20140624.155643-37.jar
7ff9f8f72000-7ff9f8f80000 r--s 0014e000 08:06 2230735                    /usr/local/development/dev-7-7/Ignition/IgnitionWebApp/target/ignition-webapp-7.7/WEB-INF/lib/hsqldb-2.2.9.jar
7ff9f8f80000-7ff9f8f81000 r--s 00001000 08:06 2230751                    /usr/local/development/dev-7-7/Ignition/IgnitionWebApp/target/ignition-webapp-7.7/WEB-INF/lib/hasp-srm-api-1.0.0.jar
7ff9f8f81000-7ff9f8fa5000 r--s 001aa000 08:06 2230710                    /usr/local/development/dev-7-7/Ignition/IgnitionWebApp/target/ignition-webapp-7.7/WEB-INF/lib/guava-13.0.1.jar
7ff9f8fa5000-7ff9f8fca000 r--s 0014e000 08:06 4199877                    /usr/local/development/dev-7-7/Ignition/IgnitionWebApp/target/ignition-webapp-7.7/WEB-INF/lib/gateway-api-7.7.1-SNAPSHOT.jar
7ff9f8fca000-7ff9f8fef000 r--s 00154000 08:06 4200045                    /usr/local/development/dev-7-7/Ignition/IgnitionWebApp/target/ignition-webapp-7.7/WEB-INF/lib/gateway-api-7.7.0-SNAPSHOT.jar
7ff9f8fef000-7ff9f9025000 r--s 00271000 08:06 4199879                    /usr/local/development/dev-7-7/Ignition/IgnitionWebApp/target/ignition-webapp-7.7/WEB-INF/lib/gateway-7.7.1-SNAPSHOT.jar
7ff9f9025000-7ff9f905b000 r--s 0026e000 08:06 4200048                    /usr/local/development/dev-7-7/Ignition/IgnitionWebApp/target/ignition-webapp-7.7/WEB-INF/lib/gateway-7.7.0-SNAPSHOT.jar
7ff9f905b000-7ff9f905f000 r--s 00016000 08:06 2230812                    /usr/local/development/dev-7-7/Ignition/IgnitionWebApp/target/ignition-webapp-7.7/WEB-INF/lib/fsql-common-6.7.1-20140805.225723-13.jar
7ff9f905f000-7ff9f9063000 r--s 00016000 08:06 2230773                    /usr/local/development/dev-7-7/Ignition/IgnitionWebApp/target/ignition-webapp-7.7/WEB-INF/lib/fsql-common-6.7.0-20140624.000719-35.jar
7ff9f9063000-7ff9f906a000 r--s 001ca000 08:06 2230813                    /usr/local/development/dev-7-7/Ignition/IgnitionWebApp/target/ignition-webapp-7.7/WEB-INF/lib/fsql-6.7.1-20140805.225731-13.jar
7ff9f906a000-7ff9f9071000 r--s 001ca000 08:06 2230774                    /usr/local/development/dev-7-7/Ignition/IgnitionWebApp/target/ignition-webapp-7.7/WEB-INF/lib/fsql-6.7.0-20140624.000727-35.jar
7ff9f9071000-7ff9f9075000 r--s 000be000 08:06 4199885                    /usr/local/development/dev-7-7/Ignition/IgnitionWebApp/target/ignition-webapp-7.7/WEB-INF/lib/fpmi-gateway-7.7.1-SNAPSHOT.jar
7ff9f9075000-7ff9f9079000 r--s 000be000 08:06 4200042                    /usr/local/development/dev-7-7/Ignition/IgnitionWebApp/target/ignition-webapp-7.7/WEB-INF/lib/fpmi-gateway-7.7.0-SNAPSHOT.jar
7ff9f9079000-7ff9f907a000 r--s 00001000 08:06 4199881                    /usr/local/development/dev-7-7/Ignition/IgnitionWebApp/target/ignition-webapp-7.7/WEB-INF/lib/fpmi-common-7.7.1-SNAPSHOT.jar
7ff9f907a000-7ff9f907b000 r--s 00001000 08:06 4198968                    /usr/local/development/dev-7-7/Ignition/IgnitionWebApp/target/ignition-webapp-7.7/WEB-INF/lib/fpmi-common-7.7.0-SNAPSHOT.jar
7ff9f907b000-7ff9f907e000 r--s 00013000 08:06 2230754                    /usr/local/development/dev-7-7/Ignition/IgnitionWebApp/target/ignition-webapp-7.7/WEB-INF/lib/forms-1.0.7.jar
7ff9f907e000-7ff9f9080000 r--s 00003000 08:06 2230811                    /usr/local/development/dev-7-7/Ignition/IgnitionWebApp/target/ignition-webapp-7.7/WEB-INF/lib/drivers-common-2.7.1-20140805.225704-13.jar
7ff9f9080000-7ff9f9082000 r--s 00003000 08:06 2230767                    /usr/local/development/dev-7-7/Ignition/IgnitionWebApp/target/ignition-webapp-7.7/WEB-INF/lib/drivers-common-2.7.0-20140624.000701-36.jar
7ff9f9082000-7ff9f9089000 r--s 0002f000 08:06 2230808                    /usr/local/development/dev-7-7/Ignition/IgnitionWebApp/target/ignition-webapp-7.7/WEB-INF/lib/driver-api-2.7.1-20140805.225636-13.jar
7ff9f9089000-7ff9f9090000 r--s 0002f000 08:06 2230768                    /usr/local/development/dev-7-7/Ignition/IgnitionWebApp/target/ignition-webapp-7.7/WEB-INF/lib/driver-api-2.7.0-20140624.155649-37.jar
7ff9f9090000-7ff9f90e5000 r--s 00511000 08:06 4199878                    /usr/local/development/dev-7-7/Ignition/IgnitionWebApp/target/ignition-webapp-7.7/WEB-INF/lib/designer-7.7.1-SNAPSHOT.jar
7ff9f90e5000-7ff9f9139000 r--s 004f6000 08:06 4200046                    /usr/local/development/dev-7-7/Ignition/IgnitionWebApp/target/ignition-webapp-7.7/WEB-INF/lib/designer-7.7.0-SNAPSHOT.jar
7ff9f9139000-7ff9f913b000 r--s 00007000 08:06 2230715                    /usr/local/development/dev-7-7/Ignition/IgnitionWebApp/target/ignition-webapp-7.7/WEB-INF/lib/cron4j-2.2.3.jar
7ff9f913b000-7ff9f9142000 r--s 00054000 08:06 2230713                    /usr/local/development/dev-7-7/Ignition/IgnitionWebApp/target/ignition-webapp-7.7/WEB-INF/lib/core-1.7.jar
7ff9f9142000-7ff9f9145000 r--s 00013000 08:06 2230750                    /usr/local/development/dev-7-7/Ignition/IgnitionWebApp/target/ignition-webapp-7.7/WEB-INF/lib/commons-pool-1.4.jar
7ff9f9145000-7ff9f9147000 r--s 0000d000 08:06 2230726                    /usr/local/development/dev-7-7/Ignition/IgnitionWebApp/target/ignition-webapp-7.7/WEB-INF/lib/commons-logging-1.1.1.jar
7ff9f9147000-7ff9f914d000 r--s 00048000 08:06 2230709                    /usr/local/development/dev-7-7/Ignition/IgnitionWebApp/target/ignition-webapp-7.7/WEB-INF/lib/commons-lang3-3.1.jar
7ff9f914d000-7ff9f914f000 r--s 0000e000 08:06 2230727                    /usr/local/development/dev-7-7/Ignition/IgnitionWebApp/target/ignition-webapp-7.7/WEB-INF/lib/commons-lang-1.0.jar
7ff9f914f000-7ff9f9152000 r--s 00025000 08:06 2230708                    /usr/local/development/dev-7-7/Ignition/IgnitionWebApp/target/ignition-webapp-7.7/WEB-INF/lib/commons-io-2.1.jar
7ff9f9152000-7ff9f9155000 r--s 0000f000 08:06 2230748                    /usr/local/development/dev-7-7/Ignition/IgnitionWebApp/target/ignition-webapp-7.7/WEB-INF/lib/commons-discovery-0.2.jar
7ff9f9155000-7ff9f9157000 r--s 0001c000 08:06 2230749                    /usr/local/development/dev-7-7/Ignition/IgnitionWebApp/target/ignition-webapp-7.7/WEB-INF/lib/commons-dbcp-1.2.2.jar
7ff9f9157000-7ff9f9159000 r--s 00006000 08:06 2230725                    /usr/local/development/dev-7-7/Ignition/IgnitionWebApp/target/ignition-webapp-7.7/WEB-INF/lib/commons-cli-1.0.jar
7ff9f9159000-7ff9f918a000 r--s 001e6000 08:06 4199886                    /usr/local/development/dev-7-7/Ignition/IgnitionWebApp/target/ignition-webapp-7.7/WEB-INF/lib/common-7.7.1-SNAPSHOT.jar
7ff9f918a000-7ff9f91ba000 r--s 001e5000 08:06 4200050                    /usr/local/development/dev-7-7/Ignition/IgnitionWebApp/target/ignition-webapp-7.7/WEB-INF/lib/common-7.7.0-SNAPSHOT.jar
7ff9f91ba000-7ff9f91c7000 r--s 00084000 08:06 2230789                    /usr/local/development/dev-7-7/Ignition/IgnitionWebApp/target/ignition-webapp-7.7/WEB-INF/lib/comfyj-2.9.jar
7ff9f91c7000-7ff9f91d1000 r--s 0005a000 08:06 2230788                    /usr/local/development/dev-7-7/Ignition/IgnitionWebApp/target/ignition-webapp-7.7/WEB-INF/lib/com-module-2.7.0-20140508.210702-3.jar
7ff9f91d1000-7ff9f91d6000 r--s 00030000 08:06 4199883                    /usr/local/development/dev-7-7/Ignition/IgnitionWebApp/target/ignition-webapp-7.7/WEB-INF/lib/client-bootstrap-7.7.1-SNAPSHOT.jar
7ff9f91d6000-7ff9f91db000 r--s 00030000 08:06 4200043                    /usr/local/development/dev-7-7/Ignition/IgnitionWebApp/target/ignition-webapp-7.7/WEB-INF/lib/client-bootstrap-7.7.0-SNAPSHOT.jar
7ff9f91db000-7ff9f9201000 r--s 001be000 08:06 4199880                    /usr/local/development/dev-7-7/Ignition/IgnitionWebApp/target/ignition-webapp-7.7/WEB-INF/lib/client-api-7.7.1-SNAPSHOT.jar
7ff9f9201000-7ff9f9226000 r--s 001be000 08:06 4200049                    /usr/local/development/dev-7-7/Ignition/IgnitionWebApp/target/ignition-webapp-7.7/WEB-INF/lib/client-api-7.7.0-SNAPSHOT.jar
7ff9f9226000-7ff9f9227000 r--s 00004000 08:06 4199882                    /usr/local/development/dev-7-7/Ignition/IgnitionWebApp/target/ignition-webapp-7.7/WEB-INF/lib/bootstrap-7.7.1-SNAPSHOT-classes.jar
7ff9f9227000-7ff9f924f000 r--s 00196000 08:06 2230711                    /usr/local/development/dev-7-7/Ignition/IgnitionWebApp/target/ignition-webapp-7.7/WEB-INF/lib/bcprov-jdk16-unsigned-1.46-unsigned.jar
7ff9f924f000-7ff9f9254000 r--s 0003e000 08:06 2230723                    /usr/local/development/dev-7-7/Ignition/IgnitionWebApp/target/ignition-webapp-7.7/WEB-INF/lib/barcode4j-2.1.jar
7ff9f9254000-7ff9f9257000 r--s 0001c000 08:06 2230747                    /usr/local/development/dev-7-7/Ignition/IgnitionWebApp/target/ignition-webapp-7.7/WEB-INF/lib/axis-wsdl4j-1.5.1.jar
7ff9f9257000-7ff9f9259000 r--s 00006000 08:06 2230745                    /usr/local/development/dev-7-7/Ignition/IgnitionWebApp/target/ignition-webapp-7.7/WEB-INF/lib/axis-jaxrpc-1.4.jar
7ff9f9259000-7ff9f926d000 r--s 00173000 08:06 2230744                    /usr/local/development/dev-7-7/Ignition/IgnitionWebApp/target/ignition-webapp-7.7/WEB-INF/lib/axis-1.4.jar
7ff9f926d000-7ff9f926f000 r--s 0000d000 08:06 2230724                    /usr/local/development/dev-7-7/Ignition/IgnitionWebApp/target/ignition-webapp-7.7/WEB-INF/lib/avalon-framework-impl-4.2.0.jar
7ff9f926f000-7ff9f9277000 r--s 00049000 08:06 2230756                    /usr/local/development/dev-7-7/Ignition/IgnitionWebApp/target/ignition-webapp-7.7/WEB-INF/lib/alloy-1.4.4.ia1.jar
7ff9f9277000-7ff9f927d000 r--s 00032000 08:06 2230814                    /usr/local/development/dev-7-7/Ignition/IgnitionWebApp/target/ignition-webapp-7.7/WEB-INF/lib/alarm-notification-gateway-2.7.1-20140805.230401-12.jar
7ff9f927d000-7ff9f9283000 r--s 00032000 08:06 2230775                    /usr/local/development/dev-7-7/Ignition/IgnitionWebApp/target/ignition-webapp-7.7/WEB-INF/lib/alarm-notification-gateway-2.7.0-20140624.001205-32.jar
7ff9f9283000-7ff9f928d000 r--s 00036000 08:06 2230817                    /usr/local/development/dev-7-7/Ignition/IgnitionWebApp/target/ignition-webapp-7.7/WEB-INF/lib/airlink-sms-notification-2.7.1-20140805.230416-12.jar
7ff9f928d000-7ff9f9297000 r--s 00036000 08:06 2230778                    /usr/local/development/dev-7-7/Ignition/IgnitionWebApp/target/ignition-webapp-7.7/WEB-INF/lib/airlink-sms-notification-2.7.0-20140624.001216-32.jar
7ff9f9297000-7ff9f929a000 ---p 00000000 00:00 0 
7ff9f929a000-7ff9f9598000 rw-p 00000000 00:00 0 
7ff9f9598000-7ff9f959b000 ---p 00000000 00:00 0 
7ff9f959b000-7ff9f9699000 rw-p 00000000 00:00 0                          [stack:14417]
7ff9f9699000-7ff9f969c000 ---p 00000000 00:00 0 
7ff9f969c000-7ff9f979a000 rw-p 00000000 00:00 0                          [stack:14416]
7ff9f979a000-7ff9f979d000 ---p 00000000 00:00 0 
7ff9f979d000-7ff9f989b000 rw-p 00000000 00:00 0                          [stack:14415]
7ff9f989b000-7ff9f989e000 ---p 00000000 00:00 0 
7ff9f989e000-7ff9f999c000 rw-p 00000000 00:00 0                          [stack:14414]
7ff9f999c000-7ff9f999f000 ---p 00000000 00:00 0 
7ff9f999f000-7ff9f9a9d000 rw-p 00000000 00:00 0                          [stack:14413]
7ff9f9a9d000-7ff9f9aa0000 ---p 00000000 00:00 0 
7ff9f9aa0000-7ff9f9b9e000 rw-p 00000000 00:00 0                          [stack:14412]
7ff9f9b9e000-7ff9f9bb4000 r-xp 00000000 08:06 15601552                   /lib/x86_64-linux-gnu/libgcc_s.so.1
7ff9f9bb4000-7ff9f9db3000 ---p 00016000 08:06 15601552                   /lib/x86_64-linux-gnu/libgcc_s.so.1
7ff9f9db3000-7ff9f9db4000 rw-p 00015000 08:06 15601552                   /lib/x86_64-linux-gnu/libgcc_s.so.1
7ff9f9db4000-7ff9f9de6000 r-xp 00000000 08:06 20582265                   /usr/lib/jvm/jdk1.8.0_20/jre/lib/amd64/libsunec.so
7ff9f9de6000-7ff9f9fe5000 ---p 00032000 08:06 20582265                   /usr/lib/jvm/jdk1.8.0_20/jre/lib/amd64/libsunec.so
7ff9f9fe5000-7ff9f9feb000 rw-p 00031000 08:06 20582265                   /usr/lib/jvm/jdk1.8.0_20/jre/lib/amd64/libsunec.so
7ff9f9feb000-7ff9fa1fb000 rw-p 00000000 00:00 0 
7ff9fa1fb000-7ff9fa1fe000 ---p 00000000 00:00 0 
7ff9fa1fe000-7ff9fa2fc000 rw-p 00000000 00:00 0 
7ff9fa2fc000-7ff9fa2ff000 ---p 00000000 00:00 0 
7ff9fa2ff000-7ff9fa3fd000 rw-p 00000000 00:00 0                          [stack:14408]
7ff9fa3fd000-7ff9fa402000 r-xp 00000000 08:06 15211194                   /usr/lib/x86_64-linux-gnu/libXdmcp.so.6.0.0
7ff9fa402000-7ff9fa601000 ---p 00005000 08:06 15211194                   /usr/lib/x86_64-linux-gnu/libXdmcp.so.6.0.0
7ff9fa601000-7ff9fa602000 r--p 00004000 08:06 15211194                   /usr/lib/x86_64-linux-gnu/libXdmcp.so.6.0.0
7ff9fa602000-7ff9fa603000 rw-p 00005000 08:06 15211194                   /usr/lib/x86_64-linux-gnu/libXdmcp.so.6.0.0
7ff9fa603000-7ff9fa605000 r-xp 00000000 08:06 15211183                   /usr/lib/x86_64-linux-gnu/libXau.so.6.0.0
7ff9fa605000-7ff9fa805000 ---p 00002000 08:06 15211183                   /usr/lib/x86_64-linux-gnu/libXau.so.6.0.0
7ff9fa805000-7ff9fa806000 r--p 00002000 08:06 15211183                   /usr/lib/x86_64-linux-gnu/libXau.so.6.0.0
7ff9fa806000-7ff9fa807000 rw-p 00003000 08:06 15211183                   /usr/lib/x86_64-linux-gnu/libXau.so.6.0.0
7ff9fa807000-7ff9fa824000 r-xp 00000000 08:06 15212358                   /usr/lib/x86_64-linux-gnu/libxcb.so.1.1.0
7ff9fa824000-7ff9faa24000 ---p 0001d000 08:06 15212358                   /usr/lib/x86_64-linux-gnu/libxcb.so.1.1.0
7ff9faa24000-7ff9faa25000 r--p 0001d000 08:06 15212358                   /usr/lib/x86_64-linux-gnu/libxcb.so.1.1.0
7ff9faa25000-7ff9faa26000 rw-p 0001e000 08:06 15212358                   /usr/lib/x86_64-linux-gnu/libxcb.so.1.1.0
7ff9faa26000-7ff9faa35000 r-xp 00000000 08:06 15211204                   /usr/lib/x86_64-linux-gnu/libXi.so.6.1.0
7ff9faa35000-7ff9fac34000 ---p 0000f000 08:06 15211204                   /usr/lib/x86_64-linux-gnu/libXi.so.6.1.0
7ff9fac34000-7ff9fac35000 r--p 0000e000 08:06 15211204                   /usr/lib/x86_64-linux-gnu/libXi.so.6.1.0
7ff9fac35000-7ff9fac36000 rw-p 0000f000 08:06 15211204                   /usr/lib/x86_64-linux-gnu/libXi.so.6.1.0
7ff9fac36000-7ff9fac3b000 r-xp 00000000 08:06 15211222                   /usr/lib/x86_64-linux-gnu/libXtst.so.6.1.0
7ff9fac3b000-7ff9fae3a000 ---p 00005000 08:06 15211222                   /usr/lib/x86_64-linux-gnu/libXtst.so.6.1.0
7ff9fae3a000-7ff9fae3b000 r--p 00004000 08:06 15211222                   /usr/lib/x86_64-linux-gnu/libXtst.so.6.1.0
7ff9fae3b000-7ff9fae3c000 rw-p 00005000 08:06 15211222                   /usr/lib/x86_64-linux-gnu/libXtst.so.6.1.0
7ff9fae3c000-7ff9fae45000 r-xp 00000000 08:06 15211216                   /usr/lib/x86_64-linux-gnu/libXrender.so.1.3.0
7ff9fae45000-7ff9fb044000 ---p 00009000 08:06 15211216                   /usr/lib/x86_64-linux-gnu/libXrender.so.1.3.0
7ff9fb044000-7ff9fb045000 r--p 00008000 08:06 15211216                   /usr/lib/x86_64-linux-gnu/libXrender.so.1.3.0
7ff9fb045000-7ff9fb046000 rw-p 00009000 08:06 15211216                   /usr/lib/x86_64-linux-gnu/libXrender.so.1.3.0
7ff9fb046000-7ff9fb176000 r-xp 00000000 08:06 15211179                   /usr/lib/x86_64-linux-gnu/libX11.so.6.3.0
7ff9fb176000-7ff9fb376000 ---p 00130000 08:06 15211179                   /usr/lib/x86_64-linux-gnu/libX11.so.6.3.0
7ff9fb376000-7ff9fb377000 r--p 00130000 08:06 15211179                   /usr/lib/x86_64-linux-gnu/libX11.so.6.3.0
7ff9fb377000-7ff9fb37b000 rw-p 00131000 08:06 15211179                   /usr/lib/x86_64-linux-gnu/libX11.so.6.3.0
7ff9fb37b000-7ff9fb38c000 r-xp 00000000 08:06 15211196                   /usr/lib/x86_64-linux-gnu/libXext.so.6.4.0
7ff9fb38c000-7ff9fb58b000 ---p 00011000 08:06 15211196                   /usr/lib/x86_64-linux-gnu/libXext.so.6.4.0
7ff9fb58b000-7ff9fb58c000 r--p 00010000 08:06 15211196                   /usr/lib/x86_64-linux-gnu/libXext.so.6.4.0
7ff9fb58c000-7ff9fb58d000 rw-p 00011000 08:06 15211196                   /usr/lib/x86_64-linux-gnu/libXext.so.6.4.0
7ff9fb58d000-7ff9fb58e000 r--s 00004000 08:06 4200044                    /usr/local/development/dev-7-7/Ignition/IgnitionWebApp/target/ignition-webapp-7.7/WEB-INF/lib/bootstrap-7.7.0-SNAPSHOT-classes.jar
7ff9fb58e000-7ff9fb590000 r--s 00003000 08:06 2230815                    /usr/local/development/dev-7-7/Ignition/IgnitionWebApp/target/ignition-webapp-7.7/WEB-INF/lib/alarm-notification-gateway-api-2.7.1-20140805.230357-12.jar
7ff9fb590000-7ff9fb592000 r--s 00003000 08:06 2230776                    /usr/local/development/dev-7-7/Ignition/IgnitionWebApp/target/ignition-webapp-7.7/WEB-INF/lib/alarm-notification-gateway-api-2.7.0-20140624.001201-32.jar
7ff9fb592000-7ff9fb594000 r--s 0000d000 08:06 2230752                    /usr/local/development/dev-7-7/Ignition/IgnitionWebApp/target/ignition-webapp-7.7/WEB-INF/lib/activation-ws-1.0.0.jar
7ff9fb594000-7ff9fb59d000 r--s 00069000 08:06 2230792                    /usr/local/development/dev-7-7/Ignition/IgnitionWebApp/target/ignition-webapp-7.7/WEB-INF/lib/ab-drivers-1.7.0-20131026.004154-8.jar
7ff9fb59d000-7ff9fb5a2000 r--s 0003c000 08:06 2230743                    /usr/local/development/dev-7-7/Ignition/IgnitionWebApp/target/ignition-webapp-7.7/WEB-INF/lib/FastInfoset-1.0.2.jar
7ff9fb5a2000-7ff9fb5a7000 r--s 002f8000 08:06 20582247                   /usr/lib/jvm/jdk1.8.0_20/jre/lib/charsets.jar
7ff9fb5a7000-7ff9fb5ac000 r--s 0003f000 08:06 1185790                    /usr/lib/jvm/jdk1.8.0_20/jre/lib/ext/sunjce_provider.jar
7ff9fb5ac000-7ff9fb5af000 ---p 00000000 00:00 0 
7ff9fb5af000-7ff9fb6ad000 rw-p 00000000 00:00 0 
7ff9fb6ad000-7ff9fb701000 r-xp 00000000 08:06 20582307                   /usr/lib/jvm/jdk1.8.0_20/jre/lib/amd64/libawt_xawt.so
7ff9fb701000-7ff9fb901000 ---p 00054000 08:06 20582307                   /usr/lib/jvm/jdk1.8.0_20/jre/lib/amd64/libawt_xawt.so
7ff9fb901000-7ff9fb905000 rw-p 00054000 08:06 20582307                   /usr/lib/jvm/jdk1.8.0_20/jre/lib/amd64/libawt_xawt.so
7ff9fb905000-7ff9fb906000 rw-p 00000000 00:00 0 
7ff9fb906000-7ff9fb9a8000 r-xp 00000000 08:06 20582293                   /usr/lib/jvm/jdk1.8.0_20/jre/lib/amd64/libawt.so
7ff9fb9a8000-7ff9fbba8000 ---p 000a2000 08:06 20582293                   /usr/lib/jvm/jdk1.8.0_20/jre/lib/amd64/libawt.so
7ff9fbba8000-7ff9fbbb4000 rw-p 000a2000 08:06 20582293                   /usr/lib/jvm/jdk1.8.0_20/jre/lib/amd64/libawt.so
7ff9fbbb4000-7ff9fbbd8000 rw-p 00000000 00:00 0 
7ff9fbbd8000-7ff9fbbdb000 ---p 00000000 00:00 0 
7ff9fbbdb000-7ff9fbcd9000 rw-p 00000000 00:00 0                          [stack:14405]
7ff9fbcd9000-7ff9fbcdc000 ---p 00000000 00:00 0 
7ff9fbcdc000-7ff9fbfda000 rw-p 00000000 00:00 0 
7ff9fbfda000-7ff9fbfe4000 r--s 00116000 08:06 1185789                    /usr/lib/jvm/jdk1.8.0_20/jre/lib/ext/localedata.jar
7ff9fbfe4000-7ff9fc000000 r--s 00393000 08:06 1185783                    /usr/lib/jvm/jdk1.8.0_20/jre/lib/ext/cldrdata.jar
7ff9fc000000-7ff9fc021000 rw-p 00000000 00:00 0 
7ff9fc021000-7ffa00000000 ---p 00000000 00:00 0 
7ffa00000000-7ffa00021000 rw-p 00000000 00:00 0 
7ffa00021000-7ffa04000000 ---p 00000000 00:00 0 
7ffa04000000-7ffa04021000 rw-p 00000000 00:00 0 
7ffa04021000-7ffa08000000 ---p 00000000 00:00 0 
7ffa08000000-7ffa08002000 r--s 0000e000 08:06 2230737                    /usr/local/development/dev-7-7/Ignition/IgnitionWebApp/target/ignition-webapp-7.7/WEB-INF/lib/activation-1.1.jar
7ffa08002000-7ffa08005000 r--s 0003a000 08:06 1185787                    /usr/lib/jvm/jdk1.8.0_20/jre/lib/ext/sunpkcs11.jar
7ffa08005000-7ffa08007000 r--s 0001a000 08:06 20582317                   /usr/lib/jvm/jdk1.8.0_20/jre/lib/jce.jar
7ffa08007000-7ffa0800a000 r--s 0000f000 08:06 19665296                   /usr/local/development/dev-7-6/Ignition/Servers/apache-tomcat-6.0.36/lib/tomcat-i18n-es.jar
7ffa0800a000-7ffa0800e000 r--s 0003a000 08:06 19665295                   /usr/local/development/dev-7-6/Ignition/Servers/apache-tomcat-6.0.36/lib/tomcat-dbcp.jar
7ffa0800e000-7ffa0801e000 r--s 0019c000 08:06 19665287                   /usr/local/development/dev-7-6/Ignition/Servers/apache-tomcat-6.0.36/lib/ecj-3.7.2.jar
7ffa0801e000-7ffa0801f000 ---p 00000000 00:00 0 
7ffa0801f000-7ffa0811f000 rw-p 00000000 00:00 0                          [stack:14401]
7ffa0811f000-7ffa08122000 ---p 00000000 00:00 0 
7ffa08122000-7ffa08220000 rw-p 00000000 00:00 0                          [stack:14400]
7ffa08220000-7ffa08223000 ---p 00000000 00:00 0 
7ffa08223000-7ffa08321000 rw-p 00000000 00:00 0                          [stack:14399]
7ffa08321000-7ffa08324000 ---p 00000000 00:00 0 
7ffa08324000-7ffa08422000 rw-p 00000000 00:00 0                          [stack:14398]
7ffa08422000-7ffa08433000 r-xp 00000000 08:06 20582303                   /usr/lib/jvm/jdk1.8.0_20/jre/lib/amd64/libnio.so
7ffa08433000-7ffa08632000 ---p 00011000 08:06 20582303                   /usr/lib/jvm/jdk1.8.0_20/jre/lib/amd64/libnio.so
7ffa08632000-7ffa08633000 rw-p 00010000 08:06 20582303                   /usr/lib/jvm/jdk1.8.0_20/jre/lib/amd64/libnio.so
7ffa08633000-7ffa08664000 rw-p 00000000 00:00 0 
7ffa08664000-7ffa0867a000 r-xp 00000000 08:06 20582300                   /usr/lib/jvm/jdk1.8.0_20/jre/lib/amd64/libnet.so
7ffa0867a000-7ffa0887a000 ---p 00016000 08:06 20582300                   /usr/lib/jvm/jdk1.8.0_20/jre/lib/amd64/libnet.so
7ffa0887a000-7ffa0887b000 rw-p 00016000 08:06 20582300                   /usr/lib/jvm/jdk1.8.0_20/jre/lib/amd64/libnet.so
7ffa0887b000-7ffa08883000 r-xp 00000000 08:06 20582308                   /usr/lib/jvm/jdk1.8.0_20/jre/lib/amd64/libmanagement.so
7ffa08883000-7ffa08a83000 ---p 00008000 08:06 20582308                   /usr/lib/jvm/jdk1.8.0_20/jre/lib/amd64/libmanagement.so
7ffa08a83000-7ffa08a84000 rw-p 00008000 08:06 20582308                   /usr/lib/jvm/jdk1.8.0_20/jre/lib/amd64/libmanagement.so
7ffa08a84000-7ffa08a87000 ---p 00000000 00:00 0 
7ffa08a87000-7ffa08b85000 rw-p 00000000 00:00 0                          [stack:14396]
7ffa08b85000-7ffa08b88000 ---p 00000000 00:00 0 
7ffa08b88000-7ffa08c86000 rw-p 00000000 00:00 0                          [stack:14395]
7ffa08c86000-7ffa08c89000 ---p 00000000 00:00 0 
7ffa08c89000-7ffa08d87000 rw-p 00000000 00:00 0                          [stack:14394]
7ffa08d87000-7ffa08d8a000 ---p 00000000 00:00 0 
7ffa08d8a000-7ffa08e88000 rw-p 00000000 00:00 0                          [stack:14393]
7ffa08e88000-7ffa08e8b000 ---p 00000000 00:00 0 
7ffa08e8b000-7ffa08f89000 rw-p 00000000 00:00 0                          [stack:14392]
7ffa08f89000-7ffa08f8c000 ---p 00000000 00:00 0 
7ffa08f8c000-7ffa0908a000 rw-p 00000000 00:00 0                          [stack:14391]
7ffa0908a000-7ffa09353000 r--p 00000000 08:06 15209877                   /usr/lib/locale/locale-archive
7ffa09353000-7ffa09356000 ---p 00000000 00:00 0 
7ffa09356000-7ffa09454000 rw-p 00000000 00:00 0                          [stack:14389]
7ffa09454000-7ffa09457000 ---p 00000000 00:00 0 
7ffa09457000-7ffa09555000 rw-p 00000000 00:00 0                          [stack:14388]
7ffa09555000-7ffa09556000 ---p 00000000 00:00 0 
7ffa09556000-7ffa0c000000 rw-p 00000000 00:00 0                          [stack:14387]
7ffa0c000000-7ffa0c021000 rw-p 00000000 00:00 0 
7ffa0c021000-7ffa10000000 ---p 00000000 00:00 0 
7ffa10000000-7ffa10001000 r--s 00004000 08:06 2230746                    /usr/local/development/dev-7-7/Ignition/IgnitionWebApp/target/ignition-webapp-7.7/WEB-INF/lib/axis-saaj-1.4.jar
7ffa10001000-7ffa10008000 r--s 000c7000 08:06 19665292                   /usr/local/development/dev-7-6/Ignition/Servers/apache-tomcat-6.0.36/lib/mysql-connector-java-5.1.23-bin.jar
7ffa10008000-7ffa10018000 r--s 00120000 08:06 19665286                   /usr/local/development/dev-7-6/Ignition/Servers/apache-tomcat-6.0.36/lib/catalina.jar
7ffa10018000-7ffa1027d000 rw-p 00000000 00:00 0 
7ffa1027d000-7ffa10452000 r--s 03ca3000 08:06 20582249                   /usr/lib/jvm/jdk1.8.0_20/jre/lib/rt.jar
7ffa10452000-7ffa104c8000 rw-p 00000000 00:00 0 
7ffa104c8000-7ffa104c9000 ---p 00000000 00:00 0 
7ffa104c9000-7ffa105c9000 rw-p 00000000 00:00 0                          [stack:14386]
7ffa105c9000-7ffa105ca000 ---p 00000000 00:00 0 
7ffa105ca000-7ffa106ca000 rw-p 00000000 00:00 0                          [stack:14385]
7ffa106ca000-7ffa106cb000 ---p 00000000 00:00 0 
7ffa106cb000-7ffa107cb000 rw-p 00000000 00:00 0                          [stack:14384]
7ffa107cb000-7ffa107cc000 ---p 00000000 00:00 0 
7ffa107cc000-7ffa108cc000 rw-p 00000000 00:00 0                          [stack:14383]
7ffa108cc000-7ffa108cd000 ---p 00000000 00:00 0 
7ffa108cd000-7ffa109cd000 rw-p 00000000 00:00 0                          [stack:14382]
7ffa109cd000-7ffa109ce000 ---p 00000000 00:00 0 
7ffa109ce000-7ffa10b25000 rw-p 00000000 00:00 0                          [stack:14381]
7ffa10b25000-7ffa11000000 ---p 00000000 00:00 0 
7ffa11000000-7ffa11ea0000 rwxp 00000000 00:00 0 
7ffa11ea0000-7ffa20000000 ---p 00000000 00:00 0 
7ffa20000000-7ffa2049f000 rw-p 00000000 00:00 0 
7ffa2049f000-7ffa24000000 ---p 00000000 00:00 0 
7ffa24000000-7ffa24001000 r--s 00004000 08:06 2230816                    /usr/local/development/dev-7-7/Ignition/IgnitionWebApp/target/ignition-webapp-7.7/WEB-INF/lib/alarm-notification-common-2.7.1-20140805.230345-12.jar
7ffa24001000-7ffa24003000 r--s 0000b000 08:06 19665297                   /usr/local/development/dev-7-6/Ignition/Servers/apache-tomcat-6.0.36/lib/tomcat-i18n-fr.jar
7ffa24003000-7ffa24006000 r--s 0001e000 08:06 19665272                   /usr/local/development/dev-7-6/Ignition/Servers/apache-tomcat-6.0.36/lib/catalina-ha.jar
7ffa24006000-7ffa24008000 r--s 0000c000 08:06 19665298                   /usr/local/development/dev-7-6/Ignition/Servers/apache-tomcat-6.0.36/lib/tomcat-i18n-ja.jar
7ffa24008000-7ffa2400c000 r--s 00036000 08:06 19665273                   /usr/local/development/dev-7-6/Ignition/Servers/apache-tomcat-6.0.36/lib/catalina-tribes.jar
7ffa2400c000-7ffa24016000 r--s 000b3000 08:06 19665294                   /usr/local/development/dev-7-6/Ignition/Servers/apache-tomcat-6.0.36/lib/tomcat-coyote.jar
7ffa24016000-7ffa24065000 rw-p 00000000 00:00 0 
7ffa24065000-7ffa24066000 ---p 00000000 00:00 0 
7ffa24066000-7ffa24166000 rw-p 00000000 00:00 0                          [stack:14380]
7ffa24166000-7ffa24167000 ---p 00000000 00:00 0 
7ffa24167000-7ffa242be000 rw-p 00000000 00:00 0                          [stack:14379]
7ffa242be000-7ffa24799000 ---p 00000000 00:00 0 
7ffa24799000-7ffa2485f000 rw-p 00000000 00:00 0 
7ffa2485f000-7ffa24a32000 ---p 00000000 00:00 0 
7ffa24a32000-7ffa24a6e000 rw-p 00000000 00:00 0 
7ffa24a6e000-7ffa24df3000 ---p 00000000 00:00 0 
7ffa24df3000-7ffa24e0f000 r-xp 00000000 08:06 20582296                   /usr/lib/jvm/jdk1.8.0_20/jre/lib/amd64/libzip.so
7ffa24e0f000-7ffa2500e000 ---p 0001c000 08:06 20582296                   /usr/lib/jvm/jdk1.8.0_20/jre/lib/amd64/libzip.so
7ffa2500e000-7ffa2500f000 rw-p 0001b000 08:06 20582296                   /usr/lib/jvm/jdk1.8.0_20/jre/lib/amd64/libzip.so
7ffa2500f000-7ffa2501a000 r-xp 00000000 08:06 15601601                   /lib/x86_64-linux-gnu/libnss_files-2.19.so
7ffa2501a000-7ffa25219000 ---p 0000b000 08:06 15601601                   /lib/x86_64-linux-gnu/libnss_files-2.19.so
7ffa25219000-7ffa2521a000 r--p 0000a000 08:06 15601601                   /lib/x86_64-linux-gnu/libnss_files-2.19.so
7ffa2521a000-7ffa2521b000 rw-p 0000b000 08:06 15601601                   /lib/x86_64-linux-gnu/libnss_files-2.19.so
7ffa2521b000-7ffa25226000 r-xp 00000000 08:06 15601611                   /lib/x86_64-linux-gnu/libnss_nis-2.19.so
7ffa25226000-7ffa25425000 ---p 0000b000 08:06 15601611                   /lib/x86_64-linux-gnu/libnss_nis-2.19.so
7ffa25425000-7ffa25426000 r--p 0000a000 08:06 15601611                   /lib/x86_64-linux-gnu/libnss_nis-2.19.so
7ffa25426000-7ffa25427000 rw-p 0000b000 08:06 15601611                   /lib/x86_64-linux-gnu/libnss_nis-2.19.so
7ffa25427000-7ffa2543e000 r-xp 00000000 08:06 15601595                   /lib/x86_64-linux-gnu/libnsl-2.19.so
7ffa2543e000-7ffa2563d000 ---p 00017000 08:06 15601595                   /lib/x86_64-linux-gnu/libnsl-2.19.so
7ffa2563d000-7ffa2563e000 r--p 00016000 08:06 15601595                   /lib/x86_64-linux-gnu/libnsl-2.19.so
7ffa2563e000-7ffa2563f000 rw-p 00017000 08:06 15601595                   /lib/x86_64-linux-gnu/libnsl-2.19.so
7ffa2563f000-7ffa25641000 rw-p 00000000 00:00 0 
7ffa25641000-7ffa2564a000 r-xp 00000000 08:06 15601597                   /lib/x86_64-linux-gnu/libnss_compat-2.19.so
7ffa2564a000-7ffa25849000 ---p 00009000 08:06 15601597                   /lib/x86_64-linux-gnu/libnss_compat-2.19.so
7ffa25849000-7ffa2584a000 r--p 00008000 08:06 15601597                   /lib/x86_64-linux-gnu/libnss_compat-2.19.so
7ffa2584a000-7ffa2584b000 rw-p 00009000 08:06 15601597                   /lib/x86_64-linux-gnu/libnss_compat-2.19.so
7ffa2584b000-7ffa25875000 r-xp 00000000 08:06 20582291                   /usr/lib/jvm/jdk1.8.0_20/jre/lib/amd64/libjava.so
7ffa25875000-7ffa25a75000 ---p 0002a000 08:06 20582291                   /usr/lib/jvm/jdk1.8.0_20/jre/lib/amd64/libjava.so
7ffa25a75000-7ffa25a77000 rw-p 0002a000 08:06 20582291                   /usr/lib/jvm/jdk1.8.0_20/jre/lib/amd64/libjava.so
7ffa25a77000-7ffa25a84000 r-xp 00000000 08:06 20582295                   /usr/lib/jvm/jdk1.8.0_20/jre/lib/amd64/libverify.so
7ffa25a84000-7ffa25c84000 ---p 0000d000 08:06 20582295                   /usr/lib/jvm/jdk1.8.0_20/jre/lib/amd64/libverify.so
7ffa25c84000-7ffa25c86000 rw-p 0000d000 08:06 20582295                   /usr/lib/jvm/jdk1.8.0_20/jre/lib/amd64/libverify.so
7ffa25c86000-7ffa25c8d000 r-xp 00000000 08:06 15601654                   /lib/x86_64-linux-gnu/librt-2.19.so
7ffa25c8d000-7ffa25e8c000 ---p 00007000 08:06 15601654                   /lib/x86_64-linux-gnu/librt-2.19.so
7ffa25e8c000-7ffa25e8d000 r--p 00006000 08:06 15601654                   /lib/x86_64-linux-gnu/librt-2.19.so
7ffa25e8d000-7ffa25e8e000 rw-p 00007000 08:06 15601654                   /lib/x86_64-linux-gnu/librt-2.19.so
7ffa25e8e000-7ffa25f93000 r-xp 00000000 08:06 15601576                   /lib/x86_64-linux-gnu/libm-2.19.so
7ffa25f93000-7ffa26192000 ---p 00105000 08:06 15601576                   /lib/x86_64-linux-gnu/libm-2.19.so
7ffa26192000-7ffa26193000 r--p 00104000 08:06 15601576                   /lib/x86_64-linux-gnu/libm-2.19.so
7ffa26193000-7ffa26194000 rw-p 00105000 08:06 15601576                   /lib/x86_64-linux-gnu/libm-2.19.so
7ffa26194000-7ffa26dfe000 r-xp 00000000 08:06 20845908                   /usr/lib/jvm/jdk1.8.0_20/jre/lib/amd64/server/libjvm.so
7ffa26dfe000-7ffa26ffe000 ---p 00c6a000 08:06 20845908                   /usr/lib/jvm/jdk1.8.0_20/jre/lib/amd64/server/libjvm.so
7ffa26ffe000-7ffa270d4000 rw-p 00c6a000 08:06 20845908                   /usr/lib/jvm/jdk1.8.0_20/jre/lib/amd64/server/libjvm.so
7ffa270d4000-7ffa27116000 rw-p 00000000 00:00 0 
7ffa27116000-7ffa272d2000 r-xp 00000000 08:06 15601525                   /lib/x86_64-linux-gnu/libc-2.19.so
7ffa272d2000-7ffa274d1000 ---p 001bc000 08:06 15601525                   /lib/x86_64-linux-gnu/libc-2.19.so
7ffa274d1000-7ffa274d5000 r--p 001bb000 08:06 15601525                   /lib/x86_64-linux-gnu/libc-2.19.so
7ffa274d5000-7ffa274d7000 rw-p 001bf000 08:06 15601525                   /lib/x86_64-linux-gnu/libc-2.19.so
7ffa274d7000-7ffa274dc000 rw-p 00000000 00:00 0 
7ffa274dc000-7ffa274df000 r-xp 00000000 08:06 15601542                   /lib/x86_64-linux-gnu/libdl-2.19.so
7ffa274df000-7ffa276de000 ---p 00003000 08:06 15601542                   /lib/x86_64-linux-gnu/libdl-2.19.so
7ffa276de000-7ffa276df000 r--p 00002000 08:06 15601542                   /lib/x86_64-linux-gnu/libdl-2.19.so
7ffa276df000-7ffa276e0000 rw-p 00003000 08:06 15601542                   /lib/x86_64-linux-gnu/libdl-2.19.so
7ffa276e0000-7ffa276f7000 r-xp 00000000 08:06 20061287                   /usr/lib/jvm/jdk1.8.0_20/lib/amd64/jli/libjli.so
7ffa276f7000-7ffa278f6000 ---p 00017000 08:06 20061287                   /usr/lib/jvm/jdk1.8.0_20/lib/amd64/jli/libjli.so
7ffa278f6000-7ffa278f7000 rw-p 00016000 08:06 20061287                   /usr/lib/jvm/jdk1.8.0_20/lib/amd64/jli/libjli.so
7ffa278f7000-7ffa27910000 r-xp 00000000 08:06 15601646                   /lib/x86_64-linux-gnu/libpthread-2.19.so
7ffa27910000-7ffa27b0f000 ---p 00019000 08:06 15601646                   /lib/x86_64-linux-gnu/libpthread-2.19.so
7ffa27b0f000-7ffa27b10000 r--p 00018000 08:06 15601646                   /lib/x86_64-linux-gnu/libpthread-2.19.so
7ffa27b10000-7ffa27b11000 rw-p 00019000 08:06 15601646                   /lib/x86_64-linux-gnu/libpthread-2.19.so
7ffa27b11000-7ffa27b15000 rw-p 00000000 00:00 0 
7ffa27b15000-7ffa27b38000 r-xp 00000000 08:06 15601501                   /lib/x86_64-linux-gnu/ld-2.19.so
7ffa27b38000-7ffa27b39000 r--s 00004000 08:06 2230777                    /usr/local/development/dev-7-7/Ignition/IgnitionWebApp/target/ignition-webapp-7.7/WEB-INF/lib/alarm-notification-common-2.7.0-20140624.001152-33.jar
7ffa27b39000-7ffa27b40000 r--s 0007a000 08:06 19665290                   /usr/local/development/dev-7-6/Ignition/Servers/apache-tomcat-6.0.36/lib/jasper.jar
7ffa27b40000-7ffa27c11000 rw-p 00000000 00:00 0 
7ffa27c11000-7ffa27c14000 ---p 00000000 00:00 0 
7ffa27c14000-7ffa27d16000 rw-p 00000000 00:00 0                          [stack:14378]
7ffa27d16000-7ffa27d17000 r--s 00009000 08:06 1185781                    /usr/lib/jvm/jdk1.8.0_20/jre/lib/ext/sunec.jar
7ffa27d17000-7ffa27d19000 r--s 00011000 08:06 19665291                   /usr/local/development/dev-7-6/Ignition/Servers/apache-tomcat-6.0.36/lib/jsp-api.jar
7ffa27d19000-7ffa27d1b000 r--s 00014000 08:06 19665293                   /usr/local/development/dev-7-6/Ignition/Servers/apache-tomcat-6.0.36/lib/servlet-api.jar
7ffa27d1b000-7ffa27d1d000 r--s 0000c000 08:06 19665271                   /usr/local/development/dev-7-6/Ignition/Servers/apache-tomcat-6.0.36/lib/catalina-ant.jar
7ffa27d1d000-7ffa27d1f000 r--s 00007000 08:06 19665288                   /usr/local/development/dev-7-6/Ignition/Servers/apache-tomcat-6.0.36/lib/el-api.jar
7ffa27d1f000-7ffa27d20000 r--s 00003000 08:06 19665270                   /usr/local/development/dev-7-6/Ignition/Servers/apache-tomcat-6.0.36/lib/annotations-api.jar
7ffa27d20000-7ffa27d23000 r--s 00019000 08:06 19665289                   /usr/local/development/dev-7-6/Ignition/Servers/apache-tomcat-6.0.36/lib/jasper-el.jar
7ffa27d23000-7ffa27d28000 r--s 00092000 08:06 20582254                   /usr/lib/jvm/jdk1.8.0_20/jre/lib/jsse.jar
7ffa27d28000-7ffa27d29000 r--s 00007000 08:06 19665269                   /usr/local/development/dev-7-6/Ignition/Servers/apache-tomcat-6.0.36/bin/tomcat-juli.jar
7ffa27d29000-7ffa27d2a000 r--s 00005000 08:06 19665268                   /usr/local/development/dev-7-6/Ignition/Servers/apache-tomcat-6.0.36/bin/commons-daemon.jar
7ffa27d2a000-7ffa27d2b000 r--s 00005000 08:06 19665267                   /usr/local/development/dev-7-6/Ignition/Servers/apache-tomcat-6.0.36/bin/bootstrap.jar
7ffa27d2b000-7ffa27d33000 rw-s 00000000 08:06 11798641                   /tmp/hsperfdata_mattg/14373
7ffa27d33000-7ffa27d34000 rw-p 00000000 00:00 0 
7ffa27d34000-7ffa27d35000 r--p 00000000 00:00 0 
7ffa27d35000-7ffa27d37000 rw-p 00000000 00:00 0 
7ffa27d37000-7ffa27d38000 r--p 00022000 08:06 15601501                   /lib/x86_64-linux-gnu/ld-2.19.so
7ffa27d38000-7ffa27d39000 rw-p 00023000 08:06 15601501                   /lib/x86_64-linux-gnu/ld-2.19.so
7ffa27d39000-7ffa27d3a000 rw-p 00000000 00:00 0 
7fff17531000-7fff17552000 rw-p 00000000 00:00 0                          [stack]
7fff175fe000-7fff17600000 r-xp 00000000 00:00 0                          [vdso]
ffffffffff600000-ffffffffff601000 r-xp 00000000 00:00 0                  [vsyscall]

VM Arguments:
jvm_args: -Djava.util.logging.config.file=/home/mattg/.IntelliJIdea13/system/tomcat/Unnamed_77-Ignition/conf/logging.properties -Dcom.sun.management.jmxremote= -Dcom.sun.management.jmxremote.port=1099 -Dcom.sun.management.jmxremote.ssl=false -Dcom.sun.management.jmxremote.authenticate=false -Djava.rmi.server.hostname=127.0.0.1 -Djava.util.logging.manager=org.apache.juli.ClassLoaderLogManager -Djava.endorsed.dirs=/usr/local/development/dev-7-6/Ignition/Servers/apache-tomcat-6.0.36/endorsed -Dcatalina.base=/home/mattg/.IntelliJIdea13/system/tomcat/Unnamed_77-Ignition -Dcatalina.home=/usr/local/development/dev-7-6/Ignition/Servers/apache-tomcat-6.0.36 -Djava.io.tmpdir=/usr/local/development/dev-7-6/Ignition/Servers/apache-tomcat-6.0.36/temp 
java_command: org.apache.catalina.startup.Bootstrap start
java_class_path (initial): /usr/local/development/dev-7-6/Ignition/Servers/apache-tomcat-6.0.36/bin/bootstrap.jar
Launcher Type: SUN_STANDARD

Environment Variables:
JAVA_HOME=/usr/lib/jvm/jdk1.8.0_20
CLASSPATH=/usr/local/development/dev-7-6/Ignition/Servers/apache-tomcat-6.0.36/bin/bootstrap.jar
PATH=/usr/local/sbin:/usr/local/bin:/usr/sbin:/usr/bin:/sbin:/bin:/usr/games:/usr/local/games:/usr/local/development/gradle-1.12/bin
USERNAME=mattg
LD_LIBRARY_PATH=/usr/local/development/idea-IU-135.909/bin:
SHELL=/bin/bash
DISPLAY=:0

Signal Handlers:
SIGSEGV: [libjvm.so+0xa76cd0], sa_mask[0]=11111111011111111101111111111110, sa_flags=SA_RESTART|SA_SIGINFO
SIGBUS: [libjvm.so+0xa76cd0], sa_mask[0]=11111111011111111101111111111110, sa_flags=SA_RESTART|SA_SIGINFO
SIGFPE: [libjvm.so+0x8e0d80], sa_mask[0]=11111111011111111101111111111110, sa_flags=SA_RESTART|SA_SIGINFO
SIGPIPE: [libjvm.so+0x8e0d80], sa_mask[0]=11111111011111111101111111111110, sa_flags=SA_RESTART|SA_SIGINFO
SIGXFSZ: [libjvm.so+0x8e0d80], sa_mask[0]=11111111011111111101111111111110, sa_flags=SA_RESTART|SA_SIGINFO
SIGILL: [libjvm.so+0x8e0d80], sa_mask[0]=11111111011111111101111111111110, sa_flags=SA_RESTART|SA_SIGINFO
SIGUSR1: SIG_DFL, sa_mask[0]=00000000000000000000000000000000, sa_flags=none
SIGUSR2: [libjvm.so+0x8e25b0], sa_mask[0]=00100000000000000000000000000000, sa_flags=SA_RESTART|SA_SIGINFO
SIGHUP: [libjvm.so+0x8e3970], sa_mask[0]=11111111011111111101111111111110, sa_flags=SA_RESTART|SA_SIGINFO
SIGINT: [libjvm.so+0x8e3970], sa_mask[0]=11111111011111111101111111111110, sa_flags=SA_RESTART|SA_SIGINFO
SIGTERM: [libjvm.so+0x8e3970], sa_mask[0]=11111111011111111101111111111110, sa_flags=SA_RESTART|SA_SIGINFO
SIGQUIT: [libjvm.so+0x8e3970], sa_mask[0]=11111111011111111101111111111110, sa_flags=SA_RESTART|SA_SIGINFO


---------------  S Y S T E M  ---------------

OS:DISTRIB_ID=LinuxMint
DISTRIB_RELEASE=17
DISTRIB_CODENAME=qiana
DISTRIB_DESCRIPTION="Linux Mint 17 Qiana"

uname:Linux 3.13.0-24-generic #46-Ubuntu SMP Thu Apr 10 19:11:08 UTC 2014 x86_64
libc:glibc 2.19 NPTL 2.19 
rlimit: STACK 8192k, CORE 0k, NPROC 127375, NOFILE 4096, AS infinity
load average:0.98 1.30 0.83

/proc/meminfo:
MemTotal:       16335088 kB
MemFree:         5331652 kB
Buffers:          587212 kB
Cached:          5160400 kB
SwapCached:            0 kB
Active:          7346412 kB
Inactive:        2958080 kB
Active(anon):    4590180 kB
Inactive(anon):   586988 kB
Active(file):    2756232 kB
Inactive(file):  2371092 kB
Unevictable:         408 kB
Mlocked:             408 kB
SwapTotal:      16676860 kB
SwapFree:       16676860 kB
Dirty:              5436 kB
Writeback:             0 kB
AnonPages:       4557284 kB
Mapped:           518056 kB
Shmem:            620280 kB
Slab:             482464 kB
SReclaimable:     431504 kB
SUnreclaim:        50960 kB
KernelStack:        6688 kB
PageTables:        55260 kB
NFS_Unstable:          0 kB
Bounce:                0 kB
WritebackTmp:          0 kB
CommitLimit:    24844404 kB
Committed_AS:    8455524 kB
VmallocTotal:   34359738367 kB
VmallocUsed:      444940 kB
VmallocChunk:   34359287820 kB
HardwareCorrupted:     0 kB
AnonHugePages:   3014656 kB
HugePages_Total:       0
HugePages_Free:        0
HugePages_Rsvd:        0
HugePages_Surp:        0
Hugepagesize:       2048 kB
DirectMap4k:       93640 kB
DirectMap2M:     2953216 kB
DirectMap1G:    13631488 kB


CPU:total 8 (4 cores per cpu, 2 threads per core) family 6 model 60 stepping 3, cmov, cx8, fxsr, mmx, sse, sse2, sse3, ssse3, sse4.1, sse4.2, popcnt, avx, avx2, aes, clmul, erms, lzcnt, ht, tsc, tscinvbit, bmi1, bmi2

/proc/cpuinfo:
processor	: 0
vendor_id	: GenuineIntel
cpu family	: 6
model		: 60
model name	: Intel(R) Core(TM) i7-4702HQ CPU @ 2.20GHz
stepping	: 3
microcode	: 0x16
cpu MHz		: 1500.000
cache size	: 6144 KB
physical id	: 0
siblings	: 8
core id		: 0
cpu cores	: 4
apicid		: 0
initial apicid	: 0
fpu		: yes
fpu_exception	: yes
cpuid level	: 13
wp		: yes
flags		: fpu vme de pse tsc msr pae mce cx8 apic sep mtrr pge mca cmov pat pse36 clflush dts acpi mmx fxsr sse sse2 ss ht tm pbe syscall nx pdpe1gb rdtscp lm constant_tsc arch_perfmon pebs bts rep_good nopl xtopology nonstop_tsc aperfmperf eagerfpu pni pclmulqdq dtes64 monitor ds_cpl vmx est tm2 ssse3 fma cx16 xtpr pdcm pcid sse4_1 sse4_2 x2apic movbe popcnt tsc_deadline_timer aes xsave avx f16c rdrand lahf_lm abm ida arat epb xsaveopt pln pts dtherm tpr_shadow vnmi flexpriority ept vpid fsgsbase tsc_adjust bmi1 avx2 smep bmi2 erms invpcid
bogomips	: 4389.36
clflush size	: 64
cache_alignment	: 64
address sizes	: 39 bits physical, 48 bits virtual
power management:

processor	: 1
vendor_id	: GenuineIntel
cpu family	: 6
model		: 60
model name	: Intel(R) Core(TM) i7-4702HQ CPU @ 2.20GHz
stepping	: 3
microcode	: 0x16
cpu MHz		: 2201.000
cache size	: 6144 KB
physical id	: 0
siblings	: 8
core id		: 1
cpu cores	: 4
apicid		: 2
initial apicid	: 2
fpu		: yes
fpu_exception	: yes
cpuid level	: 13
wp		: yes
flags		: fpu vme de pse tsc msr pae mce cx8 apic sep mtrr pge mca cmov pat pse36 clflush dts acpi mmx fxsr sse sse2 ss ht tm pbe syscall nx pdpe1gb rdtscp lm constant_tsc arch_perfmon pebs bts rep_good nopl xtopology nonstop_tsc aperfmperf eagerfpu pni pclmulqdq dtes64 monitor ds_cpl vmx est tm2 ssse3 fma cx16 xtpr pdcm pcid sse4_1 sse4_2 x2apic movbe popcnt tsc_deadline_timer aes xsave avx f16c rdrand lahf_lm abm ida arat epb xsaveopt pln pts dtherm tpr_shadow vnmi flexpriority ept vpid fsgsbase tsc_adjust bmi1 avx2 smep bmi2 erms invpcid
bogomips	: 4389.36
clflush size	: 64
cache_alignment	: 64
address sizes	: 39 bits physical, 48 bits virtual
power management:

processor	: 2
vendor_id	: GenuineIntel
cpu family	: 6
model		: 60
model name	: Intel(R) Core(TM) i7-4702HQ CPU @ 2.20GHz
stepping	: 3
microcode	: 0x16
cpu MHz		: 2201.000
cache size	: 6144 KB
physical id	: 0
siblings	: 8
core id		: 2
cpu cores	: 4
apicid		: 4
initial apicid	: 4
fpu		: yes
fpu_exception	: yes
cpuid level	: 13
wp		: yes
flags		: fpu vme de pse tsc msr pae mce cx8 apic sep mtrr pge mca cmov pat pse36 clflush dts acpi mmx fxsr sse sse2 ss ht tm pbe syscall nx pdpe1gb rdtscp lm constant_tsc arch_perfmon pebs bts rep_good nopl xtopology nonstop_tsc aperfmperf eagerfpu pni pclmulqdq dtes64 monitor ds_cpl vmx est tm2 ssse3 fma cx16 xtpr pdcm pcid sse4_1 sse4_2 x2apic movbe popcnt tsc_deadline_timer aes xsave avx f16c rdrand lahf_lm abm ida arat epb xsaveopt pln pts dtherm tpr_shadow vnmi flexpriority ept vpid fsgsbase tsc_adjust bmi1 avx2 smep bmi2 erms invpcid
bogomips	: 4389.36
clflush size	: 64
cache_alignment	: 64
address sizes	: 39 bits physical, 48 bits virtual
power management:

processor	: 3
vendor_id	: GenuineIntel
cpu family	: 6
model		: 60
model name	: Intel(R) Core(TM) i7-4702HQ CPU @ 2.20GHz
stepping	: 3
microcode	: 0x16
cpu MHz		: 1100.000
cache size	: 6144 KB
physical id	: 0
siblings	: 8
core id		: 3
cpu cores	: 4
apicid		: 6
initial apicid	: 6
fpu		: yes
fpu_exception	: yes
cpuid level	: 13
wp		: yes
flags		: fpu vme de pse tsc msr pae mce cx8 apic sep mtrr pge mca cmov pat pse36 clflush dts acpi mmx fxsr sse sse2 ss ht tm pbe syscall nx pdpe1gb rdtscp lm constant_tsc arch_perfmon pebs bts rep_good nopl xtopology nonstop_tsc aperfmperf eagerfpu pni pclmulqdq dtes64 monitor ds_cpl vmx est tm2 ssse3 fma cx16 xtpr pdcm pcid sse4_1 sse4_2 x2apic movbe popcnt tsc_deadline_timer aes xsave avx f16c rdrand lahf_lm abm ida arat epb xsaveopt pln pts dtherm tpr_shadow vnmi flexpriority ept vpid fsgsbase tsc_adjust bmi1 avx2 smep bmi2 erms invpcid
bogomips	: 4389.36
clflush size	: 64
cache_alignment	: 64
address sizes	: 39 bits physical, 48 bits virtual
power management:

processor	: 4
vendor_id	: GenuineIntel
cpu family	: 6
model		: 60
model name	: Intel(R) Core(TM) i7-4702HQ CPU @ 2.20GHz
stepping	: 3
microcode	: 0x16
cpu MHz		: 800.000
cache size	: 6144 KB
physical id	: 0
siblings	: 8
core id		: 0
cpu cores	: 4
apicid		: 1
initial apicid	: 1
fpu		: yes
fpu_exception	: yes
cpuid level	: 13
wp		: yes
flags		: fpu vme de pse tsc msr pae mce cx8 apic sep mtrr pge mca cmov pat pse36 clflush dts acpi mmx fxsr sse sse2 ss ht tm pbe syscall nx pdpe1gb rdtscp lm constant_tsc arch_perfmon pebs bts rep_good nopl xtopology nonstop_tsc aperfmperf eagerfpu pni pclmulqdq dtes64 monitor ds_cpl vmx est tm2 ssse3 fma cx16 xtpr pdcm pcid sse4_1 sse4_2 x2apic movbe popcnt tsc_deadline_timer aes xsave avx f16c rdrand lahf_lm abm ida arat epb xsaveopt pln pts dtherm tpr_shadow vnmi flexpriority ept vpid fsgsbase tsc_adjust bmi1 avx2 smep bmi2 erms invpcid
bogomips	: 4389.36
clflush size	: 64
cache_alignment	: 64
address sizes	: 39 bits physical, 48 bits virtual
power management:

processor	: 5
vendor_id	: GenuineIntel
cpu family	: 6
model		: 60
model name	: Intel(R) Core(TM) i7-4702HQ CPU @ 2.20GHz
stepping	: 3
microcode	: 0x16
cpu MHz		: 900.000
cache size	: 6144 KB
physical id	: 0
siblings	: 8
core id		: 1
cpu cores	: 4
apicid		: 3
initial apicid	: 3
fpu		: yes
fpu_exception	: yes
cpuid level	: 13
wp		: yes
flags		: fpu vme de pse tsc msr pae mce cx8 apic sep mtrr pge mca cmov pat pse36 clflush dts acpi mmx fxsr sse sse2 ss ht tm pbe syscall nx pdpe1gb rdtscp lm constant_tsc arch_perfmon pebs bts rep_good nopl xtopology nonstop_tsc aperfmperf eagerfpu pni pclmulqdq dtes64 monitor ds_cpl vmx est tm2 ssse3 fma cx16 xtpr pdcm pcid sse4_1 sse4_2 x2apic movbe popcnt tsc_deadline_timer aes xsave avx f16c rdrand lahf_lm abm ida arat epb xsaveopt pln pts dtherm tpr_shadow vnmi flexpriority ept vpid fsgsbase tsc_adjust bmi1 avx2 smep bmi2 erms invpcid
bogomips	: 4389.36
clflush size	: 64
cache_alignment	: 64
address sizes	: 39 bits physical, 48 bits virtual
power management:

processor	: 6
vendor_id	: GenuineIntel
cpu family	: 6
model		: 60
model name	: Intel(R) Core(TM) i7-4702HQ CPU @ 2.20GHz
stepping	: 3
microcode	: 0x16
cpu MHz		: 900.000
cache size	: 6144 KB
physical id	: 0
siblings	: 8
core id		: 2
cpu cores	: 4
apicid		: 5
initial apicid	: 5
fpu		: yes
fpu_exception	: yes
cpuid level	: 13
wp		: yes
flags		: fpu vme de pse tsc msr pae mce cx8 apic sep mtrr pge mca cmov pat pse36 clflush dts acpi mmx fxsr sse sse2 ss ht tm pbe syscall nx pdpe1gb rdtscp lm constant_tsc arch_perfmon pebs bts rep_good nopl xtopology nonstop_tsc aperfmperf eagerfpu pni pclmulqdq dtes64 monitor ds_cpl vmx est tm2 ssse3 fma cx16 xtpr pdcm pcid sse4_1 sse4_2 x2apic movbe popcnt tsc_deadline_timer aes xsave avx f16c rdrand lahf_lm abm ida arat epb xsaveopt pln pts dtherm tpr_shadow vnmi flexpriority ept vpid fsgsbase tsc_adjust bmi1 avx2 smep bmi2 erms invpcid
bogomips	: 4389.36
clflush size	: 64
cache_alignment	: 64
address sizes	: 39 bits physical, 48 bits virtual
power management:

processor	: 7
vendor_id	: GenuineIntel
cpu family	: 6
model		: 60
model name	: Intel(R) Core(TM) i7-4702HQ CPU @ 2.20GHz
stepping	: 3
microcode	: 0x16
cpu MHz		: 800.000
cache size	: 6144 KB
physical id	: 0
siblings	: 8
core id		: 3
cpu cores	: 4
apicid		: 7
initial apicid	: 7
fpu		: yes
fpu_exception	: yes
cpuid level	: 13
wp		: yes
flags		: fpu vme de pse tsc msr pae mce cx8 apic sep mtrr pge mca cmov pat pse36 clflush dts acpi mmx fxsr sse sse2 ss ht tm pbe syscall nx pdpe1gb rdtscp lm constant_tsc arch_perfmon pebs bts rep_good nopl xtopology nonstop_tsc aperfmperf eagerfpu pni pclmulqdq dtes64 monitor ds_cpl vmx est tm2 ssse3 fma cx16 xtpr pdcm pcid sse4_1 sse4_2 x2apic movbe popcnt tsc_deadline_timer aes xsave avx f16c rdrand lahf_lm abm ida arat epb xsaveopt pln pts dtherm tpr_shadow vnmi flexpriority ept vpid fsgsbase tsc_adjust bmi1 avx2 smep bmi2 erms invpcid
bogomips	: 4389.36
clflush size	: 64
cache_alignment	: 64
address sizes	: 39 bits physical, 48 bits virtual
power management:



Memory: 4k page, physical 16335088k(5331652k free), swap 16676860k(16676860k free)

vm_info: Java HotSpot(TM) 64-Bit Server VM (25.20-b17) for linux-amd64 JRE (1.8.0_20-ea-b17), built on Jun  4 2014 00:04:06 by "java_re" with gcc 4.3.0 20080428 (Red Hat 4.3.0-8)

time: Thu Aug  7 15:42:00 2014
elapsed time: 107 seconds (0d 0h 1m 47s)

