#
# A fatal error has been detected by the Java Runtime Environment:
#
#  SIGSEGV (0xb) at pc=0x00007f5993271f7e, pid=4672, tid=140022699673344
#
# JRE version: Java(TM) SE Runtime Environment (8.0_20-b17) (build 1.8.0_20-ea-b17)
# Java VM: Java HotSpot(TM) 64-Bit Server VM (25.20-b17 mixed mode linux-amd64 compressed oops)
# Problematic frame:
# C  [ld-linux-x86-64.so.2+0x9f7e]
#
# Failed to write core dump. Core dumps have been disabled. To enable core dumping, try "ulimit -c unlimited" before starting Java again
#
# If you would like to submit a bug report, please visit:
#   http://bugreport.sun.com/bugreport/crash.jsp
# The crash happened outside the Java Virtual Machine in native code.
# See problematic frame for where to report the bug.
#

---------------  T H R E A D  ---------------

Current thread (0x00007f598c00a800):  JavaThread "main" [_thread_in_native, id=4677, stack(0x00007f5993364000,0x00007f5993465000)]

siginfo: si_signo: 11 (SIGSEGV), si_code: 1 (SEGV_MAPERR), si_addr: 0x0000000000000068

Registers:
RAX=0x0000000000000040, RBX=0x000000004c8d3d65, RCX=0x0000000000000025, RDX=0x00000000000003f3
RSP=0x00007f5993461a20, RBP=0x0000000000000002, RSI=0x00007f599286cd28, RDI=0x00007f59934689e8
R8 =0x00000000013234f5, R9 =0x00007f5993461a60, R10=0x0000000006020400, R11=0x00007f5993461b60
R12=0x0000000000000003, R13=0x00007f58d413e460, R14=0x0000000000000000, R15=0x0000000000000025
RIP=0x00007f5993271f7e, EFLAGS=0x0000000000010202, CSGSFS=0x0000000000000033, ERR=0x0000000000000004
  TRAPNO=0x000000000000000e

Top of Stack: (sp=0x00007f5993461a20)
0x00007f5993461a20:   00007f5993461b90 00007f5991f49f75
0x00007f5993461a30:   00007f5900000002 00007f5993461b70
0x00007f5993461a40:   00007f5993461c00 00007f5993461dd0
0x00007f5993461a50:   00007f597d046960 01007f590000000c
0x00007f5993461a60:   0000000000000000 0000000000000000
0x00007f5993461a70:   00007f59934689e8 00007f598c49ca80
0x00007f5993461a80:   00007f5992879d78 0000000000000000
0x00007f5993461a90:   0000000200000000 0000000000000000
0x00007f5993461aa0:   00007f598c00a800 00007f5993461c50
0x00007f5993461ab0:   00007f5993461c00 0000000000000000
0x00007f5993461ac0:   0000000000000000 00007f58d413e8a8
0x00007f5993461ad0:   00007f58d413e520 00007f5993272991
0x00007f5993461ae0:   0000000000000000 0000000000000000
0x00007f5993461af0:   00007f5900000002 0000000000000000
0x00007f5993461b00:   00007f5900000000 00007f58d413e520
0x00007f5993461b10:   00007f597d0004e7 00000006c6bd8f10
0x00007f5993461b20:   00000006c6f17538 00000006c6b90548
0x00007f5993461b30:   00007f597ac343a8 00007f58d413e8a8
0x00007f5993461b40:   00007f5993461b70 00007f5993461b60
0x00007f5993461b50:   000000004c8d3d65 00007f598c49ca80
0x00007f5993461b60:   00000000ffffffff 00007f598c007fd0
0x00007f5993461b70:   0000000000000000 0000000000000000
0x00007f5993461b80:   00007f598c007e70 00007f598c00a800
0x00007f5993461b90:   00007f5993461d20 00007f5991f90467
0x00007f5993461ba0:   00007f5993293530 0000000000000001
0x00007f5993461bb0:   00007f5993461c00 00007f5993461c80
0x00007f5993461bc0:   00007f5993461d50 00007f5993461dd0
0x00007f5993461bd0:   00007f598c00a9e8 00000000013e74a0
0x00007f5993461be0:   00007f599348acc0 00007f598c49ca80
0x00007f5993461bf0:   0000000000000000 00007f58d413e520
0x00007f5993461c00:   00007f5993461ce0 00007f599299ff56
0x00007f5993461c10:   0000000600000002 0000000000000000 

Instructions: (pc=0x00007f5993271f7e)
0x00007f5993271f5e:   06 41 83 e7 3f 0f 1f 44 00 00 49 8b 44 ed 00 c7
0x00007f5993271f6e:   44 24 70 00 00 00 00 48 c7 44 24 40 00 00 00 00
0x00007f5993271f7e:   48 8b 78 28 4c 39 f7 48 89 7c 24 50 0f 84 f0 00
0x00007f5993271f8e:   00 00 f6 44 24 7c 02 74 0d f6 87 14 03 00 00 03 

Register to memory mapping:

RAX=0x0000000000000040 is an unknown value
RBX=0x000000004c8d3d65 is an unknown value
RCX=0x0000000000000025 is an unknown value
RDX=0x00000000000003f3 is an unknown value
RSP=0x00007f5993461a20 is pointing into the stack for thread: 0x00007f598c00a800
RBP=0x0000000000000002 is an unknown value
RSI=0x00007f599286cd28: <offset 0x3d28> in /lib/x86_64-linux-gnu/libc.so.6 at 0x00007f5992869000
RDI=0x00007f59934689e8 is an unknown value
R8 =0x00000000013234f5 is an unknown value
R9 =0x00007f5993461a60 is pointing into the stack for thread: 0x00007f598c00a800
R10=0x0000000006020400 is an unknown value
R11=0x00007f5993461b60 is pointing into the stack for thread: 0x00007f598c00a800
R12=0x0000000000000003 is an unknown value
R13=0x00007f58d413e460 is an unknown value
R14=0x0000000000000000 is an unknown value
R15=0x0000000000000025 is an unknown value


Stack: [0x00007f5993364000,0x00007f5993465000],  sp=0x00007f5993461a20,  free space=1014k
Native frames: (J=compiled Java code, j=interpreted, Vv=VM code, C=native code)
C  [ld-linux-x86-64.so.2+0x9f7e]

Java frames: (J=compiled Java code, j=interpreted, Vv=VM code)
j  java.lang.ClassLoader$NativeLibrary.unload(Ljava/lang/String;Z)V+0
j  java.lang.ClassLoader$NativeLibrary.finalize()V+87
v  ~StubRoutines::call_stub
J 1131  sun.reflect.NativeMethodAccessorImpl.invoke0(Ljava/lang/reflect/Method;Ljava/lang/Object;[Ljava/lang/Object;)Ljava/lang/Object; (0 bytes) @ 0x00007f597d42b737 [0x00007f597d42b6c0+0x77]
J 1130 C1 sun.reflect.NativeMethodAccessorImpl.invoke(Ljava/lang/Object;[Ljava/lang/Object;)Ljava/lang/Object; (104 bytes) @ 0x00007f597d42cd54 [0x00007f597d42bb80+0x11d4]
J 499 C1 sun.reflect.DelegatingMethodAccessorImpl.invoke(Ljava/lang/Object;[Ljava/lang/Object;)Ljava/lang/Object; (10 bytes) @ 0x00007f597d21ec4c [0x00007f597d21eb40+0x10c]
J 503 C1 java.lang.reflect.Method.invoke(Ljava/lang/Object;[Ljava/lang/Object;)Ljava/lang/Object; (62 bytes) @ 0x00007f597d220754 [0x00007f597d220360+0x3f4]
j  com.inductiveautomation.ignition.gateway.bootstrap.SRFilter.destroy()V+89
j  org.apache.catalina.core.ApplicationFilterConfig.release()V+61
j  org.apache.catalina.core.StandardContext.filterStop()Z+124
j  org.apache.catalina.core.StandardContext.stop()V+142
j  org.apache.catalina.core.ContainerBase.removeChild(Lorg/apache/catalina/Container;)V+90
j  org.apache.catalina.startup.HostConfig.undeployApps()V+77
j  org.apache.catalina.startup.HostConfig.stop()V+28
j  org.apache.catalina.startup.HostConfig.lifecycleEvent(Lorg/apache/catalina/LifecycleEvent;)V+151
j  org.apache.catalina.util.LifecycleSupport.fireLifecycleEvent(Ljava/lang/String;Ljava/lang/Object;)V+178
j  org.apache.catalina.core.ContainerBase.stop()V+60
j  org.apache.catalina.core.ContainerBase.stop()V+118
j  org.apache.catalina.core.StandardEngine.stop()V+1
j  org.apache.catalina.core.StandardService.stop()V+177
j  org.apache.catalina.core.StandardServer.stop()V+65
j  org.apache.catalina.startup.Catalina.stop()V+58
j  org.apache.catalina.startup.Catalina.start()V+198
v  ~StubRoutines::call_stub
j  sun.reflect.NativeMethodAccessorImpl.invoke0(Ljava/lang/reflect/Method;Ljava/lang/Object;[Ljava/lang/Object;)Ljava/lang/Object;+0
j  sun.reflect.NativeMethodAccessorImpl.invoke(Ljava/lang/Object;[Ljava/lang/Object;)Ljava/lang/Object;+100
J 499 C1 sun.reflect.DelegatingMethodAccessorImpl.invoke(Ljava/lang/Object;[Ljava/lang/Object;)Ljava/lang/Object; (10 bytes) @ 0x00007f597d21ec4c [0x00007f597d21eb40+0x10c]
J 503 C1 java.lang.reflect.Method.invoke(Ljava/lang/Object;[Ljava/lang/Object;)Ljava/lang/Object; (62 bytes) @ 0x00007f597d220754 [0x00007f597d220360+0x3f4]
j  org.apache.catalina.startup.Bootstrap.start()V+37
j  org.apache.catalina.startup.Bootstrap.main([Ljava/lang/String;)V+131
v  ~StubRoutines::call_stub

---------------  P R O C E S S  ---------------

Java Threads: ( => current thread )
  0x00007f598c15d800 JavaThread "pool-1-thread-3" [_thread_blocked, id=4797, stack(0x00007f58e12de000,0x00007f58e13df000)]
  0x00007f598c46e000 JavaThread "Thread-20" daemon [_thread_blocked, id=4796, stack(0x00007f592d4b8000,0x00007f592d5b9000)]
  0x00007f5900001000 JavaThread "http-8088-1" daemon [_thread_blocked, id=4792, stack(0x00007f58e00c9000,0x00007f58e01ca000)]
  0x00007f58d4a91800 JavaThread "ClockDriftDetector" daemon [_thread_blocked, id=4761, stack(0x00007f58e07d3000,0x00007f58e08d4000)]
  0x00007f58d4a90000 JavaThread "PyLib_ScriptWatcher" daemon [_thread_blocked, id=4760, stack(0x00007f58e08d4000,0x00007f58e09d5000)]
  0x00007f5888007000 JavaThread "pool-2-thread-3" [_thread_blocked, id=4759, stack(0x00007f58e09d5000,0x00007f58e0ad6000)]
  0x00007f5890006800 JavaThread "pool-1-thread-2" [_thread_blocked, id=4758, stack(0x00007f58e0ad6000,0x00007f58e0bd7000)]
  0x00007f5888005800 JavaThread "pool-2-thread-2" [_thread_blocked, id=4757, stack(0x00007f58e0bd7000,0x00007f58e0cd8000)]
  0x00007f5888003000 JavaThread "pool-2-thread-1" [_thread_blocked, id=4756, stack(0x00007f58e0cd8000,0x00007f58e0dd9000)]
  0x00007f58d4a56800 JavaThread "PyFile_ChangeNotifier" daemon [_thread_blocked, id=4755, stack(0x00007f58e0dd9000,0x00007f58e0eda000)]
  0x00007f58d49d1800 JavaThread "Thread-17" daemon [_thread_in_native, id=4754, stack(0x00007f58e0eda000,0x00007f58e0fdb000)]
  0x00007f5890004000 JavaThread "pool-1-thread-1" [_thread_blocked, id=4753, stack(0x00007f58e0fdb000,0x00007f58e10dc000)]
  0x00007f5924003000 JavaThread "RMI TCP Connection(3)-127.0.0.1" daemon [_thread_in_native, id=4731, stack(0x00007f58e35fc000,0x00007f58e36fd000)]
  0x00007f598c468000 JavaThread "TP-Monitor" daemon [_thread_blocked, id=4716, stack(0x00007f592ceb2000,0x00007f592cfb3000)]
  0x00007f598c465800 JavaThread "TP-Processor4" daemon [_thread_blocked, id=4715, stack(0x00007f592cfb3000,0x00007f592d0b4000)]
  0x00007f598c464000 JavaThread "TP-Processor3" daemon [_thread_blocked, id=4714, stack(0x00007f592d0b4000,0x00007f592d1b5000)]
  0x00007f598c479800 JavaThread "TP-Processor2" daemon [_thread_blocked, id=4713, stack(0x00007f592d1b5000,0x00007f592d2b6000)]
  0x00007f598c479000 JavaThread "TP-Processor1" daemon [_thread_blocked, id=4712, stack(0x00007f592d2b6000,0x00007f592d3b7000)]
  0x00007f598c45f800 JavaThread "http-8088-Acceptor-0" daemon [_thread_blocked, id=4711, stack(0x00007f592d3b7000,0x00007f592d4b8000)]
  0x00007f5924001000 JavaThread "RMI TCP Connection(idle)" daemon [_thread_blocked, id=4707, stack(0x00007f592d5b9000,0x00007f592d6ba000)]
  0x00007f5910005000 JavaThread "RMI Scheduler(0)" daemon [_thread_blocked, id=4705, stack(0x00007f592d6ba000,0x00007f592d7bb000)]
  0x00007f591c003000 JavaThread "RMI TCP Connection(1)-127.0.0.1" daemon [_thread_in_native, id=4704, stack(0x00007f592d7bb000,0x00007f592d8bc000)]
  0x00007f598c3e6800 JavaThread "GC Daemon" daemon [_thread_blocked, id=4702, stack(0x00007f592df19000,0x00007f592e01a000)]
  0x00007f598c3ed800 JavaThread "Abandoned connection cleanup thread" daemon [_thread_blocked, id=4701, stack(0x00007f592f6d5000,0x00007f592f7d6000)]
  0x00007f598c203800 JavaThread "RMI TCP Accept-0" daemon [_thread_in_native, id=4698, stack(0x00007f592fad7000,0x00007f592fbd8000)]
  0x00007f598c1f3000 JavaThread "RMI TCP Accept-1099" daemon [_thread_in_native, id=4697, stack(0x00007f594c046000,0x00007f594c147000)]
  0x00007f598c1e3000 JavaThread "RMI TCP Accept-0" daemon [_thread_in_native, id=4696, stack(0x00007f59780c4000,0x00007f59781c5000)]
  0x00007f598c0da800 JavaThread "Service Thread" daemon [_thread_blocked, id=4694, stack(0x00007f59781f6000,0x00007f59782f7000)]
  0x00007f598c0bd800 JavaThread "C1 CompilerThread3" daemon [_thread_blocked, id=4693, stack(0x00007f59782f7000,0x00007f59783f8000)]
  0x00007f598c0bb000 JavaThread "C2 CompilerThread2" daemon [_thread_blocked, id=4692, stack(0x00007f59783f8000,0x00007f59784f9000)]
  0x00007f598c0b9800 JavaThread "C2 CompilerThread1" daemon [_thread_blocked, id=4691, stack(0x00007f59784f9000,0x00007f59785fa000)]
  0x00007f598c0b6800 JavaThread "C2 CompilerThread0" daemon [_thread_blocked, id=4690, stack(0x00007f59785fa000,0x00007f59786fb000)]
  0x00007f598c0b4800 JavaThread "Signal Dispatcher" daemon [_thread_blocked, id=4689, stack(0x00007f59786fb000,0x00007f59787fc000)]
  0x00007f598c085000 JavaThread "Finalizer" daemon [_thread_blocked, id=4688, stack(0x00007f5978ac5000,0x00007f5978bc6000)]
  0x00007f598c083000 JavaThread "Reference Handler" daemon [_thread_blocked, id=4687, stack(0x00007f5978bc6000,0x00007f5978cc7000)]
=>0x00007f598c00a800 JavaThread "main" [_thread_in_native, id=4677, stack(0x00007f5993364000,0x00007f5993465000)]

Other Threads:
  0x00007f598c07c000 VMThread [stack: 0x00007f5978cc7000,0x00007f5978dc8000] [id=4686]
  0x00007f598c205800 WatcherThread [stack: 0x00007f592f9d6000,0x00007f592fad7000] [id=4699]

VM state:not at safepoint (normal execution)

VM Mutex/Monitor currently owned by a thread: None

Heap:
 PSYoungGen      total 193024K, used 102761K [0x000000076ce00000, 0x000000077bd00000, 0x00000007c0000000)
  eden space 176640K, 49% used [0x000000076ce00000,0x000000077241abe0,0x0000000777a80000)
  from space 16384K, 89% used [0x0000000777a80000,0x00000007788bfbe8,0x0000000778a80000)
  to   space 17408K, 0% used [0x000000077ac00000,0x000000077ac00000,0x000000077bd00000)
 ParOldGen       total 186880K, used 23661K [0x00000006c6a00000, 0x00000006d2080000, 0x000000076ce00000)
  object space 186880K, 12% used [0x00000006c6a00000,0x00000006c811b6d8,0x00000006d2080000)
 Metaspace       used 51416K, capacity 52038K, committed 52440K, reserved 1093632K
  class space    used 7415K, capacity 7596K, committed 7680K, reserved 1048576K

Card table byte_map: [0x00007f597c834000,0x00007f597d000000] byte_map_base: 0x00007f59791ff000

Marking Bits: (ParMarkBitMap*) 0x00007f599283ec20
 Begin Bits: [0x00007f594c350000, 0x00007f59501a8000)
 End Bits:   [0x00007f59501a8000, 0x00007f5954000000)

Polling page: 0x00007f5993487000

CodeCache: size=245760Kb used=14572Kb max_used=14771Kb free=231187Kb
 bounds [0x00007f597d000000, 0x00007f597de90000, 0x00007f598c000000]
 total_blobs=4637 nmethods=4036 adapters=514
 compilation: enabled

Compilation events (10 events):
Event: 15.993 Thread 0x00007f598c0bd800 5017       3       java.io.Bits::putBoolean (14 bytes)
Event: 15.994 Thread 0x00007f598c0bd800 nmethod 5017 0x00007f597d37bf10 code [0x00007f597d37c080, 0x00007f597d37c230]
Event: 15.996 Thread 0x00007f598c0bd800 5018  s    3       org.apache.log4j.AppenderSkeleton::doAppend (110 bytes)
Event: 15.999 Thread 0x00007f598c0bd800 nmethod 5018 0x00007f597d7cd690 code [0x00007f597d7cd980, 0x00007f597d7cfa48]
Event: 16.000 Thread 0x00007f598c0bd800 5019       1       com.inductiveautomation.ignition.common.util.logging.BinaryAppender::access$400 (5 bytes)
Event: 16.000 Thread 0x00007f598c0bd800 nmethod 5019 0x00007f597d7b7990 code [0x00007f597d7b7ae0, 0x00007f597d7b7bd0]
Event: 16.001 Thread 0x00007f598c0bd800 5020       1       org.apache.log4j.Priority::toInt (5 bytes)
Event: 16.001 Thread 0x00007f598c0bd800 nmethod 5020 0x00007f597d7b7ed0 code [0x00007f597d7b8020, 0x00007f597d7b8130]
Event: 16.002 Thread 0x00007f598c0bd800 5021       1       com.inductiveautomation.ignition.common.util.RAFCircularBuffer::access$300 (5 bytes)
Event: 16.002 Thread 0x00007f598c0bd800 nmethod 5021 0x00007f597d8eadd0 code [0x00007f597d8eaf20, 0x00007f597d8eb010]

GC Heap History (10 events):
Event: 3.908 GC heap before
{Heap before GC invocations=7 (full 1):
 PSYoungGen      total 137216K, used 133314K [0x000000076ce00000, 0x0000000776c80000, 0x00000007c0000000)
  eden space 126976K, 100% used [0x000000076ce00000,0x0000000774a00000,0x0000000774a00000)
  from space 10240K, 61% used [0x0000000774a00000,0x00000007750309a8,0x0000000775400000)
  to   space 14848K, 0% used [0x0000000775e00000,0x0000000775e00000,0x0000000776c80000)
 ParOldGen       total 114176K, used 12716K [0x00000006c6a00000, 0x00000006cd980000, 0x000000076ce00000)
  object space 114176K, 11% used [0x00000006c6a00000,0x00000006c766b2b0,0x00000006cd980000)
 Metaspace       used 28876K, capacity 29242K, committed 29568K, reserved 1075200K
  class space    used 3240K, capacity 3360K, committed 3456K, reserved 1048576K
Event: 3.913 GC heap after
Heap after GC invocations=7 (full 1):
 PSYoungGen      total 147456K, used 5710K [0x000000076ce00000, 0x0000000779900000, 0x00000007c0000000)
  eden space 132608K, 0% used [0x000000076ce00000,0x000000076ce00000,0x0000000774f80000)
  from space 14848K, 38% used [0x0000000775e00000,0x0000000776393a80,0x0000000776c80000)
  to   space 14848K, 0% used [0x0000000774f80000,0x0000000774f80000,0x0000000775e00000)
 ParOldGen       total 114176K, used 12724K [0x00000006c6a00000, 0x00000006cd980000, 0x000000076ce00000)
  object space 114176K, 11% used [0x00000006c6a00000,0x00000006c766d2b0,0x00000006cd980000)
 Metaspace       used 28876K, capacity 29242K, committed 29568K, reserved 1075200K
  class space    used 3240K, capacity 3360K, committed 3456K, reserved 1048576K
}
Event: 4.516 GC heap before
{Heap before GC invocations=8 (full 1):
 PSYoungGen      total 147456K, used 123959K [0x000000076ce00000, 0x0000000779900000, 0x00000007c0000000)
  eden space 132608K, 89% used [0x000000076ce00000,0x000000077417a550,0x0000000774f80000)
  from space 14848K, 38% used [0x0000000775e00000,0x0000000776393a80,0x0000000776c80000)
  to   space 14848K, 0% used [0x0000000774f80000,0x0000000774f80000,0x0000000775e00000)
 ParOldGen       total 114176K, used 12724K [0x00000006c6a00000, 0x00000006cd980000, 0x000000076ce00000)
  object space 114176K, 11% used [0x00000006c6a00000,0x00000006c766d2b0,0x00000006cd980000)
 Metaspace       used 34446K, capacity 34892K, committed 35160K, reserved 1079296K
  class space    used 4597K, capacity 4708K, committed 4736K, reserved 1048576K
Event: 4.525 GC heap after
Heap after GC invocations=8 (full 1):
 PSYoungGen      total 147456K, used 13144K [0x000000076ce00000, 0x000000077a100000, 0x00000007c0000000)
  eden space 132608K, 0% used [0x000000076ce00000,0x000000076ce00000,0x0000000774f80000)
  from space 14848K, 88% used [0x0000000774f80000,0x0000000775c56240,0x0000000775e00000)
  to   space 16384K, 0% used [0x0000000779100000,0x0000000779100000,0x000000077a100000)
 ParOldGen       total 114176K, used 12732K [0x00000006c6a00000, 0x00000006cd980000, 0x000000076ce00000)
  object space 114176K, 11% used [0x00000006c6a00000,0x00000006c766f2b0,0x00000006cd980000)
 Metaspace       used 34446K, capacity 34892K, committed 35160K, reserved 1079296K
  class space    used 4597K, capacity 4708K, committed 4736K, reserved 1048576K
}
Event: 4.525 GC heap before
{Heap before GC invocations=9 (full 2):
 PSYoungGen      total 147456K, used 13144K [0x000000076ce00000, 0x000000077a100000, 0x00000007c0000000)
  eden space 132608K, 0% used [0x000000076ce00000,0x000000076ce00000,0x0000000774f80000)
  from space 14848K, 88% used [0x0000000774f80000,0x0000000775c56240,0x0000000775e00000)
  to   space 16384K, 0% used [0x0000000779100000,0x0000000779100000,0x000000077a100000)
 ParOldGen       total 114176K, used 12732K [0x00000006c6a00000, 0x00000006cd980000, 0x000000076ce00000)
  object space 114176K, 11% used [0x00000006c6a00000,0x00000006c766f2b0,0x00000006cd980000)
 Metaspace       used 34446K, capacity 34892K, committed 35160K, reserved 1079296K
  class space    used 4597K, capacity 4708K, committed 4736K, reserved 1048576K
Event: 4.595 GC heap after
Heap after GC invocations=9 (full 2):
 PSYoungGen      total 147456K, used 0K [0x000000076ce00000, 0x000000077a100000, 0x00000007c0000000)
  eden space 132608K, 0% used [0x000000076ce00000,0x000000076ce00000,0x0000000774f80000)
  from space 14848K, 0% used [0x0000000774f80000,0x0000000774f80000,0x0000000775e00000)
  to   space 16384K, 0% used [0x0000000779100000,0x0000000779100000,0x000000077a100000)
 ParOldGen       total 186880K, used 23645K [0x00000006c6a00000, 0x00000006d2080000, 0x000000076ce00000)
  object space 186880K, 12% used [0x00000006c6a00000,0x00000006c81176d8,0x00000006d2080000)
 Metaspace       used 34446K, capacity 34892K, committed 35160K, reserved 1079296K
  class space    used 4597K, capacity 4708K, committed 4736K, reserved 1048576K
}
Event: 5.433 GC heap before
{Heap before GC invocations=10 (full 2):
 PSYoungGen      total 147456K, used 132608K [0x000000076ce00000, 0x000000077a100000, 0x00000007c0000000)
  eden space 132608K, 100% used [0x000000076ce00000,0x0000000774f80000,0x0000000774f80000)
  from space 14848K, 0% used [0x0000000774f80000,0x0000000774f80000,0x0000000775e00000)
  to   space 16384K, 0% used [0x0000000779100000,0x0000000779100000,0x000000077a100000)
 ParOldGen       total 186880K, used 23645K [0x00000006c6a00000, 0x00000006d2080000, 0x000000076ce00000)
  object space 186880K, 12% used [0x00000006c6a00000,0x00000006c81176d8,0x00000006d2080000)
 Metaspace       used 38689K, capacity 39220K, committed 39384K, reserved 1083392K
  class space    used 5656K, capacity 5817K, committed 5888K, reserved 1048576K
Event: 5.439 GC heap after
Heap after GC invocations=10 (full 2):
 PSYoungGen      total 186368K, used 5780K [0x000000076ce00000, 0x0000000779a80000, 0x00000007c0000000)
  eden space 176640K, 0% used [0x000000076ce00000,0x000000076ce00000,0x0000000777a80000)
  from space 9728K, 59% used [0x0000000779100000,0x00000007796a5178,0x0000000779a80000)
  to   space 16384K, 0% used [0x0000000777a80000,0x0000000777a80000,0x0000000778a80000)
 ParOldGen       total 186880K, used 23653K [0x00000006c6a00000, 0x00000006d2080000, 0x000000076ce00000)
  object space 186880K, 12% used [0x00000006c6a00000,0x00000006c81196d8,0x00000006d2080000)
 Metaspace       used 38689K, capacity 39220K, committed 39384K, reserved 1083392K
  class space    used 5656K, capacity 5817K, committed 5888K, reserved 1048576K
}
Event: 6.534 GC heap before
{Heap before GC invocations=11 (full 2):
 PSYoungGen      total 186368K, used 182420K [0x000000076ce00000, 0x0000000779a80000, 0x00000007c0000000)
  eden space 176640K, 100% used [0x000000076ce00000,0x0000000777a80000,0x0000000777a80000)
  from space 9728K, 59% used [0x0000000779100000,0x00000007796a5178,0x0000000779a80000)
  to   space 16384K, 0% used [0x0000000777a80000,0x0000000777a80000,0x0000000778a80000)
 ParOldGen       total 186880K, used 23653K [0x00000006c6a00000, 0x00000006d2080000, 0x000000076ce00000)
  object space 186880K, 12% used [0x00000006c6a00000,0x00000006c81196d8,0x00000006d2080000)
 Metaspace       used 44144K, capacity 44740K, committed 44888K, reserved 1087488K
  class space    used 6600K, capacity 6753K, committed 6784K, reserved 1048576K
Event: 6.546 GC heap after
Heap after GC invocations=11 (full 2):
 PSYoungGen      total 193024K, used 14590K [0x000000076ce00000, 0x000000077bd00000, 0x00000007c0000000)
  eden space 176640K, 0% used [0x000000076ce00000,0x000000076ce00000,0x0000000777a80000)
  from space 16384K, 89% used [0x0000000777a80000,0x00000007788bfbe8,0x0000000778a80000)
  to   space 17408K, 0% used [0x000000077ac00000,0x000000077ac00000,0x000000077bd00000)
 ParOldGen       total 186880K, used 23661K [0x00000006c6a00000, 0x00000006d2080000, 0x000000076ce00000)
  object space 186880K, 12% used [0x00000006c6a00000,0x00000006c811b6d8,0x00000006d2080000)
 Metaspace       used 44144K, capacity 44740K, committed 44888K, reserved 1087488K
  class space    used 6600K, capacity 6753K, committed 6784K, reserved 1048576K
}

Deoptimization events (10 events):
Event: 10.779 Thread 0x00007f598c473000 Uncommon trap: reason=unreached action=reinterpret pc=0x00007f597d93497c method=java.util.Formatter$FormatSpecifier.index(Ljava/lang/String;)I @ 1
Event: 10.780 Thread 0x00007f598c473000 Uncommon trap: reason=unreached action=reinterpret pc=0x00007f597dc9eeb8 method=java.util.Formatter$FormatSpecifier.index(Ljava/lang/String;)I @ 1
Event: 15.712 Thread 0x00007f598c00a800 Uncommon trap: reason=null_check action=make_not_entrant pc=0x00007f597de36840 method=com.sun.org.apache.xerces.internal.utils.XMLLimitAnalyzer.isTracking(Ljava/lang/String;)Z @ 14
Event: 15.745 Thread 0x00007f598c00a800 Uncommon trap: reason=class_check action=maybe_recompile pc=0x00007f597d9eedf4 method=org.hsqldb.persist.RowStoreAVL.indexRow(Lorg/hsqldb/Session;Lorg/hsqldb/Row;)V @ 20
Event: 15.772 Thread 0x00007f598c00a800 Uncommon trap: reason=class_check action=maybe_recompile pc=0x00007f597db77684 method=org.hsqldb.index.IndexAVL.unlinkNodes(Lorg/hsqldb/index/NodeAVL;)V @ 4
Event: 15.772 Thread 0x00007f598c00a800 Uncommon trap: reason=class_check action=maybe_recompile pc=0x00007f597db77684 method=org.hsqldb.index.IndexAVL.unlinkNodes(Lorg/hsqldb/index/NodeAVL;)V @ 4
Event: 15.772 Thread 0x00007f598c00a800 Uncommon trap: reason=class_check action=maybe_recompile pc=0x00007f597db77684 method=org.hsqldb.index.IndexAVL.unlinkNodes(Lorg/hsqldb/index/NodeAVL;)V @ 4
Event: 15.882 Thread 0x00007f598c00a800 Uncommon trap: reason=class_check action=maybe_recompile pc=0x00007f597db77684 method=org.hsqldb.index.IndexAVL.unlinkNodes(Lorg/hsqldb/index/NodeAVL;)V @ 4
Event: 15.883 Thread 0x00007f598c00a800 Uncommon trap: reason=unreached action=reinterpret pc=0x00007f597db5dd34 method=org.hsqldb.store.BaseHashMap.clearElementArrays(II)V @ 185
Event: 15.988 Thread 0x00007f598c00a800 Uncommon trap: reason=unreached action=reinterpret pc=0x00007f597db32584 method=org.hsqldb.store.BaseHashMap.clearElementArrays(II)V @ 185

Internal exceptions (10 events):
Event: 16.003 Thread 0x00007f598c00a800 Exception <a 'java/security/PrivilegedActionException'> (0x00000007721b69a0) thrown at [/HUDSON/workspace/8-2-build-linux-amd64/jdk8u20/526.nc/hotspot/src/share/vm/prims/jvm.cpp, line 1258]
Event: 16.003 Thread 0x00007f598c00a800 Exception <a 'java/security/PrivilegedActionException'> (0x00000007721b7520) thrown at [/HUDSON/workspace/8-2-build-linux-amd64/jdk8u20/526.nc/hotspot/src/share/vm/prims/jvm.cpp, line 1258]
Event: 16.003 Thread 0x00007f598c00a800 Exception <a 'java/security/PrivilegedActionException'> (0x00000007721c4588) thrown at [/HUDSON/workspace/8-2-build-linux-amd64/jdk8u20/526.nc/hotspot/src/share/vm/prims/jvm.cpp, line 1258]
Event: 16.003 Thread 0x00007f598c00a800 Exception <a 'java/security/PrivilegedActionException'> (0x00000007721c5128) thrown at [/HUDSON/workspace/8-2-build-linux-amd64/jdk8u20/526.nc/hotspot/src/share/vm/prims/jvm.cpp, line 1258]
Event: 16.004 Thread 0x00007f598c00a800 Exception <a 'java/security/PrivilegedActionException'> (0x00000007721d2100) thrown at [/HUDSON/workspace/8-2-build-linux-amd64/jdk8u20/526.nc/hotspot/src/share/vm/prims/jvm.cpp, line 1258]
Event: 16.004 Thread 0x00007f598c00a800 Exception <a 'java/security/PrivilegedActionException'> (0x00000007721d2c60) thrown at [/HUDSON/workspace/8-2-build-linux-amd64/jdk8u20/526.nc/hotspot/src/share/vm/prims/jvm.cpp, line 1258]
Event: 16.006 Thread 0x00007f598c00a800 Exception <a 'java/security/PrivilegedActionException'> (0x00000007721f8088) thrown at [/HUDSON/workspace/8-2-build-linux-amd64/jdk8u20/526.nc/hotspot/src/share/vm/prims/jvm.cpp, line 1258]
Event: 16.006 Thread 0x00007f598c00a800 Exception <a 'java/security/PrivilegedActionException'> (0x00000007721f8e30) thrown at [/HUDSON/workspace/8-2-build-linux-amd64/jdk8u20/526.nc/hotspot/src/share/vm/prims/jvm.cpp, line 1258]
Event: 16.007 Thread 0x00007f598c00a800 Exception <a 'java/security/PrivilegedActionException'> (0x000000077220aa70) thrown at [/HUDSON/workspace/8-2-build-linux-amd64/jdk8u20/526.nc/hotspot/src/share/vm/prims/jvm.cpp, line 1258]
Event: 16.007 Thread 0x00007f598c00a800 Exception <a 'java/security/PrivilegedActionException'> (0x000000077220b610) thrown at [/HUDSON/workspace/8-2-build-linux-amd64/jdk8u20/526.nc/hotspot/src/share/vm/prims/jvm.cpp, line 1258]

Events (10 events):
Event: 16.005 Executing VM operation: RevokeBias done
Event: 16.005 Executing VM operation: RevokeBias
Event: 16.005 Executing VM operation: RevokeBias done
Event: 16.005 Executing VM operation: BulkRevokeBias
Event: 16.006 Executing VM operation: BulkRevokeBias done
Event: 16.006 loading class org/apache/wicket/page/PageStoreManager$PersistentRequestAdapter
Event: 16.006 loading class org/apache/wicket/page/PageStoreManager$PersistentRequestAdapter done
Event: 16.007 Thread 0x00007f598c499800 Thread exited: 0x00007f598c499800
Event: 16.007 loading class org/apache/wicket/session/HttpSessionStore
Event: 16.007 loading class org/apache/wicket/session/HttpSessionStore done


Dynamic libraries:
00400000-00401000 r-xp 00000000 08:06 19938758                           /usr/lib/jvm/jdk1.8.0_20/bin/java
00600000-00601000 rw-p 00000000 08:06 19938758                           /usr/lib/jvm/jdk1.8.0_20/bin/java
013e7000-01408000 rw-p 00000000 00:00 0                                  [heap]
6c6a00000-6d2080000 rw-p 00000000 00:00 0 
6d2080000-76ce00000 ---p 00000000 00:00 0 
76ce00000-77bd00000 rw-p 00000000 00:00 0 
77bd00000-7c0000000 ---p 00000000 00:00 0 
7c0000000-7c0780000 rw-p 00000000 00:00 0 
7c0780000-800000000 ---p 00000000 00:00 0 
7f586fce4000-7f586fce7000 ---p 00000000 00:00 0 
7f586fce7000-7f586fde5000 rw-p 00000000 00:00 0 
7f586fde5000-7f586fdfc000 r-xp 00000000 08:06 15602148                   /lib/x86_64-linux-gnu/libresolv-2.19.so
7f586fdfc000-7f586fffc000 ---p 00017000 08:06 15602148                   /lib/x86_64-linux-gnu/libresolv-2.19.so
7f586fffc000-7f586fffd000 r--p 00017000 08:06 15602148                   /lib/x86_64-linux-gnu/libresolv-2.19.so
7f586fffd000-7f586fffe000 rw-p 00018000 08:06 15602148                   /lib/x86_64-linux-gnu/libresolv-2.19.so
7f586fffe000-7f5870000000 rw-p 00000000 00:00 0 
7f5870000000-7f5870021000 rw-p 00000000 00:00 0 
7f5870021000-7f5874000000 ---p 00000000 00:00 0 
7f5874000000-7f5874021000 rw-p 00000000 00:00 0 
7f5874021000-7f5878000000 ---p 00000000 00:00 0 
7f5878000000-7f5878042000 rw-p 00000000 00:00 0 
7f5878042000-7f587c000000 ---p 00000000 00:00 0 
7f587c000000-7f587c021000 rw-p 00000000 00:00 0 
7f587c021000-7f5880000000 ---p 00000000 00:00 0 
7f5880000000-7f5880021000 rw-p 00000000 00:00 0 
7f5880021000-7f5884000000 ---p 00000000 00:00 0 
7f5884000000-7f5884021000 rw-p 00000000 00:00 0 
7f5884021000-7f5888000000 ---p 00000000 00:00 0 
7f5888000000-7f58880e1000 rw-p 00000000 00:00 0 
7f58880e1000-7f588c000000 ---p 00000000 00:00 0 
7f588c000000-7f588c021000 rw-p 00000000 00:00 0 
7f588c021000-7f5890000000 ---p 00000000 00:00 0 
7f5890000000-7f589002e000 rw-p 00000000 00:00 0 
7f589002e000-7f5894000000 ---p 00000000 00:00 0 
7f5894000000-7f5894021000 rw-p 00000000 00:00 0 
7f5894021000-7f5898000000 ---p 00000000 00:00 0 
7f5898000000-7f5898021000 rw-p 00000000 00:00 0 
7f5898021000-7f589c000000 ---p 00000000 00:00 0 
7f589c000000-7f589c021000 rw-p 00000000 00:00 0 
7f589c021000-7f58a0000000 ---p 00000000 00:00 0 
7f58a0000000-7f58a0021000 rw-p 00000000 00:00 0 
7f58a0021000-7f58a4000000 ---p 00000000 00:00 0 
7f58a4000000-7f58a4021000 rw-p 00000000 00:00 0 
7f58a4021000-7f58a8000000 ---p 00000000 00:00 0 
7f58a8000000-7f58a8021000 rw-p 00000000 00:00 0 
7f58a8021000-7f58ac000000 ---p 00000000 00:00 0 
7f58ac000000-7f58ac021000 rw-p 00000000 00:00 0 
7f58ac021000-7f58b0000000 ---p 00000000 00:00 0 
7f58b0000000-7f58b0021000 rw-p 00000000 00:00 0 
7f58b0021000-7f58b4000000 ---p 00000000 00:00 0 
7f58b4000000-7f58b4021000 rw-p 00000000 00:00 0 
7f58b4021000-7f58b8000000 ---p 00000000 00:00 0 
7f58b8000000-7f58b8021000 rw-p 00000000 00:00 0 
7f58b8021000-7f58bc000000 ---p 00000000 00:00 0 
7f58bc000000-7f58bc0e1000 rw-p 00000000 00:00 0 
7f58bc0e1000-7f58c0000000 ---p 00000000 00:00 0 
7f58c0000000-7f58c0021000 rw-p 00000000 00:00 0 
7f58c0021000-7f58c4000000 ---p 00000000 00:00 0 
7f58c4000000-7f58c4021000 rw-p 00000000 00:00 0 
7f58c4021000-7f58c8000000 ---p 00000000 00:00 0 
7f58c8000000-7f58c8021000 rw-p 00000000 00:00 0 
7f58c8021000-7f58cc000000 ---p 00000000 00:00 0 
7f58cc000000-7f58cc021000 rw-p 00000000 00:00 0 
7f58cc021000-7f58d0000000 ---p 00000000 00:00 0 
7f58d0000000-7f58d0021000 rw-p 00000000 00:00 0 
7f58d0021000-7f58d4000000 ---p 00000000 00:00 0 
7f58d4000000-7f58d4b4e000 rw-p 00000000 00:00 0 
7f58d4b4e000-7f58d8000000 ---p 00000000 00:00 0 
7f58d8000000-7f58d8021000 rw-p 00000000 00:00 0 
7f58d8021000-7f58dc000000 ---p 00000000 00:00 0 
7f58dc000000-7f58dc021000 rw-p 00000000 00:00 0 
7f58dc021000-7f58e0000000 ---p 00000000 00:00 0 
7f58e00c9000-7f58e00cc000 ---p 00000000 00:00 0 
7f58e00cc000-7f58e01ca000 rw-p 00000000 00:00 0                          [stack:4792]
7f58e01ca000-7f58e01cf000 r-xp 00000000 08:06 15602324                   /lib/x86_64-linux-gnu/libnss_dns-2.19.so
7f58e01cf000-7f58e03ce000 ---p 00005000 08:06 15602324                   /lib/x86_64-linux-gnu/libnss_dns-2.19.so
7f58e03ce000-7f58e03cf000 r--p 00004000 08:06 15602324                   /lib/x86_64-linux-gnu/libnss_dns-2.19.so
7f58e03cf000-7f58e03d0000 rw-p 00005000 08:06 15602324                   /lib/x86_64-linux-gnu/libnss_dns-2.19.so
7f58e03d0000-7f58e03d2000 r-xp 00000000 08:06 15601607                   /lib/x86_64-linux-gnu/libnss_mdns4_minimal.so.2
7f58e03d2000-7f58e05d1000 ---p 00002000 08:06 15601607                   /lib/x86_64-linux-gnu/libnss_mdns4_minimal.so.2
7f58e05d1000-7f58e05d2000 r--p 00001000 08:06 15601607                   /lib/x86_64-linux-gnu/libnss_mdns4_minimal.so.2
7f58e05d2000-7f58e05d3000 rw-p 00002000 08:06 15601607                   /lib/x86_64-linux-gnu/libnss_mdns4_minimal.so.2
7f58e05d3000-7f58e0793000 rw-p 00000000 00:00 0 
7f58e0793000-7f58e07d3000 ---p 00000000 00:00 0 
7f58e07d3000-7f58e07d6000 ---p 00000000 00:00 0 
7f58e07d6000-7f58e08d4000 rw-p 00000000 00:00 0                          [stack:4761]
7f58e08d4000-7f58e08d7000 ---p 00000000 00:00 0 
7f58e08d7000-7f58e09d5000 rw-p 00000000 00:00 0                          [stack:4760]
7f58e09d5000-7f58e09d8000 ---p 00000000 00:00 0 
7f58e09d8000-7f58e0ad6000 rw-p 00000000 00:00 0                          [stack:4759]
7f58e0ad6000-7f58e0ad9000 ---p 00000000 00:00 0 
7f58e0ad9000-7f58e0bd7000 rw-p 00000000 00:00 0                          [stack:4758]
7f58e0bd7000-7f58e0bda000 ---p 00000000 00:00 0 
7f58e0bda000-7f58e0cd8000 rw-p 00000000 00:00 0                          [stack:4757]
7f58e0cd8000-7f58e0cdb000 ---p 00000000 00:00 0 
7f58e0cdb000-7f58e0dd9000 rw-p 00000000 00:00 0                          [stack:4756]
7f58e0dd9000-7f58e0ddc000 ---p 00000000 00:00 0 
7f58e0ddc000-7f58e0eda000 rw-p 00000000 00:00 0                          [stack:4755]
7f58e0eda000-7f58e0edd000 ---p 00000000 00:00 0 
7f58e0edd000-7f58e0fdb000 rw-p 00000000 00:00 0                          [stack:4754]
7f58e0fdb000-7f58e0fde000 ---p 00000000 00:00 0 
7f58e0fde000-7f58e10dc000 rw-p 00000000 00:00 0                          [stack:4753]
7f58e10dc000-7f58e10df000 ---p 00000000 00:00 0 
7f58e10df000-7f58e11dd000 rw-p 00000000 00:00 0 
7f58e11dd000-7f58e11e0000 ---p 00000000 00:00 0 
7f58e11e0000-7f58e12de000 rw-p 00000000 00:00 0 
7f58e12de000-7f58e12e1000 ---p 00000000 00:00 0 
7f58e12e1000-7f58e15df000 rw-p 00000000 00:00 0                          [stack:4797]
7f58e15df000-7f58e17df000 rw-p 00000000 00:00 0 
7f58e17df000-7f58e17e2000 ---p 00000000 00:00 0 
7f58e17e2000-7f58e18e0000 rw-p 00000000 00:00 0 
7f58e18e0000-7f58e18e3000 ---p 00000000 00:00 0 
7f58e18e3000-7f58e19e1000 rw-p 00000000 00:00 0 
7f58e19e1000-7f58e19e4000 ---p 00000000 00:00 0 
7f58e19e4000-7f58e1ae2000 rw-p 00000000 00:00 0 
7f58e1ae2000-7f58e1ae5000 ---p 00000000 00:00 0 
7f58e1ae5000-7f58e1be3000 rw-p 00000000 00:00 0 
7f58e1be3000-7f58e1be6000 ---p 00000000 00:00 0 
7f58e1be6000-7f58e1ee4000 rw-p 00000000 00:00 0 
7f58e1ee4000-7f58e20e4000 rw-p 00000000 00:00 0 
7f58e20e4000-7f58e20e7000 ---p 00000000 00:00 0 
7f58e20e7000-7f58e21e5000 rw-p 00000000 00:00 0 
7f58e21e5000-7f58e21e8000 ---p 00000000 00:00 0 
7f58e21e8000-7f58e22e6000 rw-p 00000000 00:00 0 
7f58e22e6000-7f58e22e9000 ---p 00000000 00:00 0 
7f58e22e9000-7f58e23e7000 rw-p 00000000 00:00 0 
7f58e23e7000-7f58e23ea000 ---p 00000000 00:00 0 
7f58e23ea000-7f58e24e8000 rw-p 00000000 00:00 0 
7f58e24e8000-7f58e24eb000 ---p 00000000 00:00 0 
7f58e24eb000-7f58e25e9000 rw-p 00000000 00:00 0 
7f58e25e9000-7f58e25ec000 ---p 00000000 00:00 0 
7f58e25ec000-7f58e26ea000 rw-p 00000000 00:00 0 
7f58e26ea000-7f58e26ed000 ---p 00000000 00:00 0 
7f58e26ed000-7f58e27eb000 rw-p 00000000 00:00 0 
7f58e27eb000-7f58e27ee000 ---p 00000000 00:00 0 
7f58e27ee000-7f58e28ec000 rw-p 00000000 00:00 0 
7f58e28ec000-7f58e28ef000 ---p 00000000 00:00 0 
7f58e28ef000-7f58e2bed000 rw-p 00000000 00:00 0 
7f58e2bed000-7f58e2ded000 rw-p 00000000 00:00 0 
7f58e2efb000-7f58e30f1000 rw-p 00000000 00:00 0 
7f58e30f1000-7f58e30fb000 ---p 00000000 00:00 0 
7f58e30fb000-7f58e32fb000 rw-p 00000000 00:00 0 
7f58e32fb000-7f58e34fb000 rw-p 00000000 00:00 0 
7f58e34fb000-7f58e34fe000 ---p 00000000 00:00 0 
7f58e34fe000-7f58e35fc000 rw-p 00000000 00:00 0 
7f58e35fc000-7f58e35ff000 ---p 00000000 00:00 0 
7f58e35ff000-7f58e38fd000 rw-p 00000000 00:00 0                          [stack:4731]
7f58e38fd000-7f58e3afd000 rw-p 00000000 00:00 0 
7f58e3afd000-7f58e3cfd000 rw-p 00000000 00:00 0 
7f58e3eff000-7f58e3f02000 ---p 00000000 00:00 0 
7f58e3f02000-7f58e4000000 rw-p 00000000 00:00 0 
7f58e4000000-7f58e4021000 rw-p 00000000 00:00 0 
7f58e4021000-7f58e8000000 ---p 00000000 00:00 0 
7f58e8000000-7f58e8031000 rw-p 00000000 00:00 0 
7f58e8031000-7f58ec000000 ---p 00000000 00:00 0 
7f58ec000000-7f58ec021000 rw-p 00000000 00:00 0 
7f58ec021000-7f58f0000000 ---p 00000000 00:00 0 
7f58f0000000-7f58f009d000 rw-p 00000000 00:00 0 
7f58f009d000-7f58f4000000 ---p 00000000 00:00 0 
7f58f4000000-7f58f4021000 rw-p 00000000 00:00 0 
7f58f4021000-7f58f8000000 ---p 00000000 00:00 0 
7f58f8000000-7f58f8021000 rw-p 00000000 00:00 0 
7f58f8021000-7f58fc000000 ---p 00000000 00:00 0 
7f58fc000000-7f58fc09c000 rw-p 00000000 00:00 0 
7f58fc09c000-7f5900000000 ---p 00000000 00:00 0 
7f5900000000-7f5900021000 rw-p 00000000 00:00 0 
7f5900021000-7f5904000000 ---p 00000000 00:00 0 
7f5904000000-7f5904021000 rw-p 00000000 00:00 0 
7f5904021000-7f5908000000 ---p 00000000 00:00 0 
7f5908000000-7f590841f000 rw-p 00000000 00:00 0 
7f590841f000-7f590c000000 ---p 00000000 00:00 0 
7f590c000000-7f590c021000 rw-p 00000000 00:00 0 
7f590c021000-7f5910000000 ---p 00000000 00:00 0 
7f5910000000-7f5910021000 rw-p 00000000 00:00 0 
7f5910021000-7f5914000000 ---p 00000000 00:00 0 
7f5914000000-7f5914021000 rw-p 00000000 00:00 0 
7f5914021000-7f5918000000 ---p 00000000 00:00 0 
7f5918000000-7f5918021000 rw-p 00000000 00:00 0 
7f5918021000-7f591c000000 ---p 00000000 00:00 0 
7f591c000000-7f591c021000 rw-p 00000000 00:00 0 
7f591c021000-7f5920000000 ---p 00000000 00:00 0 
7f5920000000-7f5920021000 rw-p 00000000 00:00 0 
7f5920021000-7f5924000000 ---p 00000000 00:00 0 
7f5924000000-7f5924021000 rw-p 00000000 00:00 0 
7f5924021000-7f5928000000 ---p 00000000 00:00 0 
7f5928000000-7f5928021000 rw-p 00000000 00:00 0 
7f5928021000-7f592c000000 ---p 00000000 00:00 0 
7f592c084000-7f592c08b000 r--s 00000000 08:06 15863595                   /usr/lib/x86_64-linux-gnu/gconv/gconv-modules.cache
7f592c08b000-7f592c08f000 r--s 000be000 08:06 658859                     /usr/local/development/dev-7-7/Ignition/IgnitionWebApp/src/main/home/temp/vis-gateway425562563275396695.jar
7f592c08f000-7f592c097000 r--s 0009e000 08:06 656577                     /usr/local/development/dev-7-7/Ignition/IgnitionWebApp/src/main/home/temp/secsgem-gateway3989595432340827605.jar
7f592c097000-7f592c09a000 ---p 00000000 00:00 0 
7f592c09a000-7f592c198000 rw-p 00000000 00:00 0 
7f592c198000-7f592c19b000 ---p 00000000 00:00 0 
7f592c19b000-7f592c499000 rw-p 00000000 00:00 0 
7f592c499000-7f592c4ac000 r--s 00345000 08:06 20582253                   /usr/lib/jvm/jdk1.8.0_20/jre/lib/resources.jar
7f592c4ac000-7f592c4af000 ---p 00000000 00:00 0 
7f592c4af000-7f592c7ae000 rw-p 00000000 00:00 0 
7f592c7ae000-7f592c7af000 r--s 00002000 08:06 658865                     /usr/local/development/dev-7-7/Ignition/IgnitionWebApp/src/main/home/temp/vis-common2275373639715365924.jar
7f592c7af000-7f592c7b0000 r--s 00004000 08:06 657755                     /usr/local/development/dev-7-7/Ignition/IgnitionWebApp/src/main/home/temp/secsgem-shared2915366258428070534.jar
7f592c7b0000-7f592c7b1000 r--s 00000000 08:06 2364782                    /usr/local/development/dev-7-7/Ignition/IgnitionWebApp/target/ignition-webapp-7.7/WEB-INF/lib/xopc-common-2.7.2-20141202.172624-34.jar
7f592c7b1000-7f592c7c9000 r--s 000f7000 08:06 2364778                    /usr/local/development/dev-7-7/Ignition/IgnitionWebApp/target/ignition-webapp-7.7/WEB-INF/lib/xopc-2.7.2-20141202.172645-34.jar
7f592c7c9000-7f592c7d6000 r--s 000a0000 08:06 2364924                    /usr/local/development/dev-7-7/Ignition/IgnitionWebApp/target/ignition-webapp-7.7/WEB-INF/lib/winpack-3.8.3.jar
7f592c7d6000-7f592c7e0000 r--s 0005c000 08:06 2364728                    /usr/local/development/dev-7-7/Ignition/IgnitionWebApp/target/ignition-webapp-7.7/WEB-INF/lib/wicket-util-6.1.1.jar
7f592c7e0000-7f592c7e3000 r--s 00012000 08:06 2364729                    /usr/local/development/dev-7-7/Ignition/IgnitionWebApp/target/ignition-webapp-7.7/WEB-INF/lib/wicket-request-6.1.1.jar
7f592c7e3000-7f592c7f5000 r--s 00138000 08:06 2364731                    /usr/local/development/dev-7-7/Ignition/IgnitionWebApp/target/ignition-webapp-7.7/WEB-INF/lib/wicket-extensions-6.1.1.jar
7f592c7f5000-7f592c7f8000 r--s 00038000 08:06 2364730                    /usr/local/development/dev-7-7/Ignition/IgnitionWebApp/target/ignition-webapp-7.7/WEB-INF/lib/wicket-datetime-6.1.1.jar
7f592c7f8000-7f592c81b000 r--s 001a3000 08:06 2364727                    /usr/local/development/dev-7-7/Ignition/IgnitionWebApp/target/ignition-webapp-7.7/WEB-INF/lib/wicket-core-6.1.1.jar
7f592c81b000-7f592c81d000 r--s 0012e000 08:06 2364794                    /usr/local/development/dev-7-7/Ignition/IgnitionWebApp/target/ignition-webapp-7.7/WEB-INF/lib/voice-cmu-slt-hsmm-5.0.jar
7f592c81d000-7f592c81e000 r--s 00006000 08:06 2364784                    /usr/local/development/dev-7-7/Ignition/IgnitionWebApp/target/ignition-webapp-7.7/WEB-INF/lib/user-manual-module-1.7.0-20131026.004611-6.jar
7f592c81e000-7f592c81f000 r--s 00268000 08:06 2364795                    /usr/local/development/dev-7-7/Ignition/IgnitionWebApp/target/ignition-webapp-7.7/WEB-INF/lib/ttsengine-ivona-2.7.2-20141202.173323-33.jar
7f592c81f000-7f592c822000 r--s 00017000 08:06 2364763                    /usr/local/development/dev-7-7/Ignition/IgnitionWebApp/target/ignition-webapp-7.7/WEB-INF/lib/timingframework-1.0.jar
7f592c822000-7f592c824000 r--s 00001000 08:06 2359366                    /usr/local/development/dev-7-7/Ignition/IgnitionWebApp/target/ignition-webapp-7.7/WEB-INF/lib/slf4j-log4j12-1.7.5.jar
7f592c824000-7f592c826000 r--s 00005000 08:06 2359365                    /usr/local/development/dev-7-7/Ignition/IgnitionWebApp/target/ignition-webapp-7.7/WEB-INF/lib/slf4j-api-1.7.5.jar
7f592c826000-7f592c830000 r--s 00061000 08:06 2364791                    /usr/local/development/dev-7-7/Ignition/IgnitionWebApp/target/ignition-webapp-7.7/WEB-INF/lib/sip-notification-2.7.2-20141202.173317-33.jar
7f592c830000-7f592c833000 r--s 0001f000 08:06 4198726                    /usr/local/development/dev-7-7/Ignition/IgnitionWebApp/target/ignition-webapp-7.7/WEB-INF/lib/simple-orm-7.7.2-SNAPSHOT.jar
7f592c833000-7f592c835000 r--s 00002000 08:06 4198581                    /usr/local/development/dev-7-7/Ignition/IgnitionWebApp/target/ignition-webapp-7.7/WEB-INF/lib/sfc-gateway-api-1.7.2-SNAPSHOT.jar
7f592c835000-7f592c839000 r--s 0001a000 08:06 4198737                    /usr/local/development/dev-7-7/Ignition/IgnitionWebApp/target/ignition-webapp-7.7/WEB-INF/lib/sfc-gateway-1.7.2-SNAPSHOT.jar
7f592c839000-7f592c83c000 r--s 00016000 08:06 4198719                    /usr/local/development/dev-7-7/Ignition/IgnitionWebApp/target/ignition-webapp-7.7/WEB-INF/lib/sfc-common-1.7.2-SNAPSHOT.jar
7f592c83c000-7f592c83e000 r--s 0000f000 08:06 2364919                    /usr/local/development/dev-7-7/Ignition/IgnitionWebApp/target/ignition-webapp-7.7/WEB-INF/lib/serialio-8.7.0.jar
7f592c83e000-7f592c840000 r--s 00028000 08:06 2364917                    /usr/local/development/dev-7-7/Ignition/IgnitionWebApp/target/ignition-webapp-7.7/WEB-INF/lib/serial-support-gateway-2.7.2-20141202.173217-33.jar
7f592c840000-7f592c842000 r--s 00002000 08:06 2364918                    /usr/local/development/dev-7-7/Ignition/IgnitionWebApp/target/ignition-webapp-7.7/WEB-INF/lib/serial-support-common-2.7.2-20141202.173212-33.jar
7f592c842000-7f592c847000 r--s 0003e000 08:06 2364750                    /usr/local/development/dev-7-7/Ignition/IgnitionWebApp/target/ignition-webapp-7.7/WEB-INF/lib/saaj-impl-1.3.jar
7f592c847000-7f592c849000 r--s 00003000 08:06 2364751                    /usr/local/development/dev-7-7/Ignition/IgnitionWebApp/target/ignition-webapp-7.7/WEB-INF/lib/saaj-api-1.3.jar
7f592c849000-7f592c853000 r--s 0005c000 08:06 2364921                    /usr/local/development/dev-7-7/Ignition/IgnitionWebApp/target/ignition-webapp-7.7/WEB-INF/lib/opccom-gateway-2.7.2-20141202.172842-15.jar
7f592c853000-7f592c854000 r--s 00001000 08:06 2364920                    /usr/local/development/dev-7-7/Ignition/IgnitionWebApp/target/ignition-webapp-7.7/WEB-INF/lib/opccom-common-2.7.2-20141202.172836-15.jar
7f592c854000-7f592c859000 r--s 00086000 08:06 2364913                    /usr/local/development/dev-7-7/Ignition/IgnitionWebApp/target/ignition-webapp-7.7/WEB-INF/lib/mobile-gateway-2.7.2-20141202.172826-33.jar
7f592c859000-7f592c85b000 r--s 00002000 08:06 2364914                    /usr/local/development/dev-7-7/Ignition/IgnitionWebApp/target/ignition-webapp-7.7/WEB-INF/lib/mobile-common-2.7.2-20141202.172810-33.jar
7f592c85b000-7f592c85c000 r--s 00003000 08:06 2364767                    /usr/local/development/dev-7-7/Ignition/IgnitionWebApp/target/ignition-webapp-7.7/WEB-INF/lib/miglayout-swing-4.2.jar
7f592c85c000-7f592c85e000 r--s 0000f000 08:06 2364768                    /usr/local/development/dev-7-7/Ignition/IgnitionWebApp/target/ignition-webapp-7.7/WEB-INF/lib/miglayout-core-4.2.jar
7f592c85e000-7f592c861000 r--s 00012000 08:06 2359369                    /usr/local/development/dev-7-7/Ignition/IgnitionWebApp/target/ignition-webapp-7.7/WEB-INF/lib/metrics-core-3.0.1.jar
7f592c861000-7f592c8d0000 r--s 007bb000 08:06 2364792                    /usr/local/development/dev-7-7/Ignition/IgnitionWebApp/target/ignition-webapp-7.7/WEB-INF/lib/marytts-server-5.0.jar
7f592c8d0000-7f592c8d3000 r--s 0069c000 08:06 2364793                    /usr/local/development/dev-7-7/Ignition/IgnitionWebApp/target/ignition-webapp-7.7/WEB-INF/lib/marytts-lang-en-5.0.jar
7f592c8d3000-7f592c8db000 r--s 00075000 08:06 2364734                    /usr/local/development/dev-7-7/Ignition/IgnitionWebApp/target/ignition-webapp-7.7/WEB-INF/lib/mail-1.4.5.jar
7f592c8db000-7f592c8e2000 r--s 00059000 08:06 2359364                    /usr/local/development/dev-7-7/Ignition/IgnitionWebApp/target/ignition-webapp-7.7/WEB-INF/lib/log4j-1.2.15.jar
7f592c8e2000-7f592c97f000 r--s 0082e000 08:06 2359360                    /usr/local/development/dev-7-7/Ignition/IgnitionWebApp/target/ignition-webapp-7.7/WEB-INF/lib/jython-2.5.3-guava-upgrade.jar
7f592c97f000-7f592c980000 r--s 00001000 08:06 2359367                    /usr/local/development/dev-7-7/Ignition/IgnitionWebApp/target/ignition-webapp-7.7/WEB-INF/lib/jul-to-slf4j-1.7.5.jar
7f592c980000-7f592c986000 r--s 00036000 08:06 2364732                    /usr/local/development/dev-7-7/Ignition/IgnitionWebApp/target/ignition-webapp-7.7/WEB-INF/lib/jquery-ui-core-6.1.0.jar
7f592c986000-7f592c995000 r--s 0007c000 08:06 2359370                    /usr/local/development/dev-7-7/Ignition/IgnitionWebApp/target/ignition-webapp-7.7/WEB-INF/lib/joda-time-2.0.jar
7f592c995000-7f592c999000 r--s 00037000 08:06 2364923                    /usr/local/development/dev-7-7/Ignition/IgnitionWebApp/target/ignition-webapp-7.7/WEB-INF/lib/jniwrap-3.8.3.jar
7f592c999000-7f592c99b000 r--s 00011000 08:06 2364777                    /usr/local/development/dev-7-7/Ignition/IgnitionWebApp/target/ignition-webapp-7.7/WEB-INF/lib/jide-shortcut-3.5.13.jar
7f592c99b000-7f592c99f000 r--s 00022000 08:06 2364772                    /usr/local/development/dev-7-7/Ignition/IgnitionWebApp/target/ignition-webapp-7.7/WEB-INF/lib/jide-plaf-3.5.13.jar
7f592c99f000-7f592c9c5000 r--s 001da000 08:06 2364770                    /usr/local/development/dev-7-7/Ignition/IgnitionWebApp/target/ignition-webapp-7.7/WEB-INF/lib/jide-grids-3.5.13.jar
7f592c9c5000-7f592c9cf000 r--s 00061000 08:06 2364776                    /usr/local/development/dev-7-7/Ignition/IgnitionWebApp/target/ignition-webapp-7.7/WEB-INF/lib/jide-editor-3.5.13.jar
7f592c9cf000-7f592c9d5000 r--s 0004f000 08:06 2364775                    /usr/local/development/dev-7-7/Ignition/IgnitionWebApp/target/ignition-webapp-7.7/WEB-INF/lib/jide-dock-3.5.13.jar
7f592c9d5000-7f592c9d7000 r--s 0000c000 08:06 2364774                    /usr/local/development/dev-7-7/Ignition/IgnitionWebApp/target/ignition-webapp-7.7/WEB-INF/lib/jide-dialogs-3.5.13.jar
7f592c9d7000-7f592c9df000 r--s 00055000 08:06 2364769                    /usr/local/development/dev-7-7/Ignition/IgnitionWebApp/target/ignition-webapp-7.7/WEB-INF/lib/jide-components-3.5.13.jar
7f592c9df000-7f592c9fc000 r--s 00155000 08:06 2359368                    /usr/local/development/dev-7-7/Ignition/IgnitionWebApp/target/ignition-webapp-7.7/WEB-INF/lib/jide-common-3.5.13.jar
7f592c9fc000-7f592ca01000 r--s 0002f000 08:06 2364773                    /usr/local/development/dev-7-7/Ignition/IgnitionWebApp/target/ignition-webapp-7.7/WEB-INF/lib/jide-action-3.5.13.jar
7f592ca01000-7f592ca15000 r--s 0017c000 08:06 2364765                    /usr/local/development/dev-7-7/Ignition/IgnitionWebApp/target/ignition-webapp-7.7/WEB-INF/lib/jfreechart-min-1.0.0.jar
7f592ca15000-7f592ca17000 r--s 00004000 08:06 2364752                    /usr/local/development/dev-7-7/Ignition/IgnitionWebApp/target/ignition-webapp-7.7/WEB-INF/lib/jaxrpc-spi-1.1.3_01.jar
7f592ca17000-7f592ca34000 r--s 001ea000 08:06 2364748                    /usr/local/development/dev-7-7/Ignition/IgnitionWebApp/target/ignition-webapp-7.7/WEB-INF/lib/jaxrpc-impl-1.1.3_01.jar
7f592ca34000-7f592ca36000 r--s 00005000 08:06 2364749                    /usr/local/development/dev-7-7/Ignition/IgnitionWebApp/target/ignition-webapp-7.7/WEB-INF/lib/jaxrpc-api-1.1.jar
7f592ca36000-7f592ca38000 r--s 00013000 08:06 2359362                    /usr/local/development/dev-7-7/Ignition/IgnitionWebApp/target/ignition-webapp-7.7/WEB-INF/lib/java-cup-10k.jar
7f592ca38000-7f592ca39000 r--s 00003000 08:06 2364912                    /usr/local/development/dev-7-7/Ignition/IgnitionWebApp/target/ignition-webapp-7.7/WEB-INF/lib/ivonatts-1.0.0.jar
7f592ca39000-7f592ca3b000 r--s 00001000 08:06 2364781                    /usr/local/development/dev-7-7/Ignition/IgnitionWebApp/target/ignition-webapp-7.7/WEB-INF/lib/io-session-3.0.0-20130122.214435-9.jar
7f592ca3b000-7f592ca46000 r--s 00073000 08:06 2364780                    /usr/local/development/dev-7-7/Ignition/IgnitionWebApp/target/ignition-webapp-7.7/WEB-INF/lib/ia-opcua-2.7.2-20141202.172612-34.jar
7f592ca46000-7f592ca54000 r--s 0014e000 08:06 2364733                    /usr/local/development/dev-7-7/Ignition/IgnitionWebApp/target/ignition-webapp-7.7/WEB-INF/lib/hsqldb-2.2.9.jar
7f592ca54000-7f592ca55000 r--s 00001000 08:06 2364761                    /usr/local/development/dev-7-7/Ignition/IgnitionWebApp/target/ignition-webapp-7.7/WEB-INF/lib/hasp-srm-api-1.0.0.jar
7f592ca55000-7f592ca79000 r--s 001aa000 08:06 2359358                    /usr/local/development/dev-7-7/Ignition/IgnitionWebApp/target/ignition-webapp-7.7/WEB-INF/lib/guava-13.0.1.jar
7f592ca79000-7f592ca9e000 r--s 00150000 08:06 4198734                    /usr/local/development/dev-7-7/Ignition/IgnitionWebApp/target/ignition-webapp-7.7/WEB-INF/lib/gateway-api-7.7.2-SNAPSHOT.jar
7f592ca9e000-7f592cad4000 r--s 00275000 08:06 4198724                    /usr/local/development/dev-7-7/Ignition/IgnitionWebApp/target/ignition-webapp-7.7/WEB-INF/lib/gateway-7.7.2-SNAPSHOT.jar
7f592cad4000-7f592cad8000 r--s 00016000 08:06 2364785                    /usr/local/development/dev-7-7/Ignition/IgnitionWebApp/target/ignition-webapp-7.7/WEB-INF/lib/fsql-common-6.7.2-20141202.172708-34.jar
7f592cad8000-7f592cae0000 r--s 001ca000 08:06 2364786                    /usr/local/development/dev-7-7/Ignition/IgnitionWebApp/target/ignition-webapp-7.7/WEB-INF/lib/fsql-6.7.2-20141202.172717-34.jar
7f592cae0000-7f592cae4000 r--s 000be000 08:06 4198706                    /usr/local/development/dev-7-7/Ignition/IgnitionWebApp/target/ignition-webapp-7.7/WEB-INF/lib/fpmi-gateway-7.7.2-SNAPSHOT.jar
7f592cae4000-7f592cae5000 r--s 00001000 08:06 4198732                    /usr/local/development/dev-7-7/Ignition/IgnitionWebApp/target/ignition-webapp-7.7/WEB-INF/lib/fpmi-common-7.7.2-SNAPSHOT.jar
7f592cae5000-7f592cae8000 r--s 00013000 08:06 2364764                    /usr/local/development/dev-7-7/Ignition/IgnitionWebApp/target/ignition-webapp-7.7/WEB-INF/lib/forms-1.0.7.jar
7f592cae8000-7f592caea000 r--s 00003000 08:06 2364783                    /usr/local/development/dev-7-7/Ignition/IgnitionWebApp/target/ignition-webapp-7.7/WEB-INF/lib/drivers-common-2.7.2-20141202.172649-34.jar
7f592caea000-7f592caf1000 r--s 0002f000 08:06 2364779                    /usr/local/development/dev-7-7/Ignition/IgnitionWebApp/target/ignition-webapp-7.7/WEB-INF/lib/driver-api-2.7.2-20141202.172622-34.jar
7f592caf1000-7f592cb47000 r--s 0051b000 08:06 4198723                    /usr/local/development/dev-7-7/Ignition/IgnitionWebApp/target/ignition-webapp-7.7/WEB-INF/lib/designer-7.7.2-SNAPSHOT.jar
7f592cb47000-7f592cb49000 r--s 00007000 08:06 2359363                    /usr/local/development/dev-7-7/Ignition/IgnitionWebApp/target/ignition-webapp-7.7/WEB-INF/lib/cron4j-2.2.3.jar
7f592cb49000-7f592cb50000 r--s 00054000 08:06 2359361                    /usr/local/development/dev-7-7/Ignition/IgnitionWebApp/target/ignition-webapp-7.7/WEB-INF/lib/core-1.7.jar
7f592cb50000-7f592cb53000 r--s 00013000 08:06 2364760                    /usr/local/development/dev-7-7/Ignition/IgnitionWebApp/target/ignition-webapp-7.7/WEB-INF/lib/commons-pool-1.4.jar
7f592cb53000-7f592cb59000 r--s 00048000 08:06 2359357                    /usr/local/development/dev-7-7/Ignition/IgnitionWebApp/target/ignition-webapp-7.7/WEB-INF/lib/commons-lang3-3.1.jar
7f592cb59000-7f592cb8b000 r--s 001ed000 08:06 4198718                    /usr/local/development/dev-7-7/Ignition/IgnitionWebApp/target/ignition-webapp-7.7/WEB-INF/lib/common-7.7.2-SNAPSHOT.jar
7f592cb8b000-7f592cbb1000 r--s 001be000 08:06 4198735                    /usr/local/development/dev-7-7/Ignition/IgnitionWebApp/target/ignition-webapp-7.7/WEB-INF/lib/client-api-7.7.2-SNAPSHOT.jar
7f592cbb1000-7f592cbb4000 ---p 00000000 00:00 0 
7f592cbb4000-7f592ceb2000 rw-p 00000000 00:00 0 
7f592ceb2000-7f592ceb5000 ---p 00000000 00:00 0 
7f592ceb5000-7f592cfb3000 rw-p 00000000 00:00 0                          [stack:4716]
7f592cfb3000-7f592cfb6000 ---p 00000000 00:00 0 
7f592cfb6000-7f592d0b4000 rw-p 00000000 00:00 0                          [stack:4715]
7f592d0b4000-7f592d0b7000 ---p 00000000 00:00 0 
7f592d0b7000-7f592d1b5000 rw-p 00000000 00:00 0                          [stack:4714]
7f592d1b5000-7f592d1b8000 ---p 00000000 00:00 0 
7f592d1b8000-7f592d2b6000 rw-p 00000000 00:00 0                          [stack:4713]
7f592d2b6000-7f592d2b9000 ---p 00000000 00:00 0 
7f592d2b9000-7f592d3b7000 rw-p 00000000 00:00 0                          [stack:4712]
7f592d3b7000-7f592d3ba000 ---p 00000000 00:00 0 
7f592d3ba000-7f592d4b8000 rw-p 00000000 00:00 0                          [stack:4711]
7f592d4b8000-7f592d4bb000 ---p 00000000 00:00 0 
7f592d4bb000-7f592d5b9000 rw-p 00000000 00:00 0                          [stack:4796]
7f592d5b9000-7f592d5bc000 ---p 00000000 00:00 0 
7f592d5bc000-7f592d6ba000 rw-p 00000000 00:00 0                          [stack:4707]
7f592d6ba000-7f592d6bd000 ---p 00000000 00:00 0 
7f592d6bd000-7f592d7bb000 rw-p 00000000 00:00 0                          [stack:4705]
7f592d7bb000-7f592d7be000 ---p 00000000 00:00 0 
7f592d7be000-7f592dabc000 rw-p 00000000 00:00 0                          [stack:4704]
7f592dabc000-7f592dad2000 r-xp 00000000 08:06 15602357                   /lib/x86_64-linux-gnu/libgcc_s.so.1
7f592dad2000-7f592dcd1000 ---p 00016000 08:06 15602357                   /lib/x86_64-linux-gnu/libgcc_s.so.1
7f592dcd1000-7f592dcd2000 rw-p 00015000 08:06 15602357                   /lib/x86_64-linux-gnu/libgcc_s.so.1
7f592dcd2000-7f592dd04000 r-xp 00000000 08:06 20582265                   /usr/lib/jvm/jdk1.8.0_20/jre/lib/amd64/libsunec.so
7f592dd04000-7f592df03000 ---p 00032000 08:06 20582265                   /usr/lib/jvm/jdk1.8.0_20/jre/lib/amd64/libsunec.so
7f592df03000-7f592df09000 rw-p 00031000 08:06 20582265                   /usr/lib/jvm/jdk1.8.0_20/jre/lib/amd64/libsunec.so
7f592df09000-7f592df19000 rw-p 00000000 00:00 0 
7f592df19000-7f592df1c000 ---p 00000000 00:00 0 
7f592df1c000-7f592e01a000 rw-p 00000000 00:00 0                          [stack:4702]
7f592e01a000-7f592e01f000 r-xp 00000000 08:06 15211194                   /usr/lib/x86_64-linux-gnu/libXdmcp.so.6.0.0
7f592e01f000-7f592e21e000 ---p 00005000 08:06 15211194                   /usr/lib/x86_64-linux-gnu/libXdmcp.so.6.0.0
7f592e21e000-7f592e21f000 r--p 00004000 08:06 15211194                   /usr/lib/x86_64-linux-gnu/libXdmcp.so.6.0.0
7f592e21f000-7f592e220000 rw-p 00005000 08:06 15211194                   /usr/lib/x86_64-linux-gnu/libXdmcp.so.6.0.0
7f592e220000-7f592e222000 r-xp 00000000 08:06 15211183                   /usr/lib/x86_64-linux-gnu/libXau.so.6.0.0
7f592e222000-7f592e422000 ---p 00002000 08:06 15211183                   /usr/lib/x86_64-linux-gnu/libXau.so.6.0.0
7f592e422000-7f592e423000 r--p 00002000 08:06 15211183                   /usr/lib/x86_64-linux-gnu/libXau.so.6.0.0
7f592e423000-7f592e424000 rw-p 00003000 08:06 15211183                   /usr/lib/x86_64-linux-gnu/libXau.so.6.0.0
7f592e424000-7f592e441000 r-xp 00000000 08:06 15212358                   /usr/lib/x86_64-linux-gnu/libxcb.so.1.1.0
7f592e441000-7f592e641000 ---p 0001d000 08:06 15212358                   /usr/lib/x86_64-linux-gnu/libxcb.so.1.1.0
7f592e641000-7f592e642000 r--p 0001d000 08:06 15212358                   /usr/lib/x86_64-linux-gnu/libxcb.so.1.1.0
7f592e642000-7f592e643000 rw-p 0001e000 08:06 15212358                   /usr/lib/x86_64-linux-gnu/libxcb.so.1.1.0
7f592e643000-7f592e652000 r-xp 00000000 08:06 15211204                   /usr/lib/x86_64-linux-gnu/libXi.so.6.1.0
7f592e652000-7f592e851000 ---p 0000f000 08:06 15211204                   /usr/lib/x86_64-linux-gnu/libXi.so.6.1.0
7f592e851000-7f592e852000 r--p 0000e000 08:06 15211204                   /usr/lib/x86_64-linux-gnu/libXi.so.6.1.0
7f592e852000-7f592e853000 rw-p 0000f000 08:06 15211204                   /usr/lib/x86_64-linux-gnu/libXi.so.6.1.0
7f592e853000-7f592e858000 r-xp 00000000 08:06 15211222                   /usr/lib/x86_64-linux-gnu/libXtst.so.6.1.0
7f592e858000-7f592ea57000 ---p 00005000 08:06 15211222                   /usr/lib/x86_64-linux-gnu/libXtst.so.6.1.0
7f592ea57000-7f592ea58000 r--p 00004000 08:06 15211222                   /usr/lib/x86_64-linux-gnu/libXtst.so.6.1.0
7f592ea58000-7f592ea59000 rw-p 00005000 08:06 15211222                   /usr/lib/x86_64-linux-gnu/libXtst.so.6.1.0
7f592ea59000-7f592ea62000 r-xp 00000000 08:06 15211216                   /usr/lib/x86_64-linux-gnu/libXrender.so.1.3.0
7f592ea62000-7f592ec61000 ---p 00009000 08:06 15211216                   /usr/lib/x86_64-linux-gnu/libXrender.so.1.3.0
7f592ec61000-7f592ec62000 r--p 00008000 08:06 15211216                   /usr/lib/x86_64-linux-gnu/libXrender.so.1.3.0
7f592ec62000-7f592ec63000 rw-p 00009000 08:06 15211216                   /usr/lib/x86_64-linux-gnu/libXrender.so.1.3.0
7f592ec63000-7f592ed93000 r-xp 00000000 08:06 15211179                   /usr/lib/x86_64-linux-gnu/libX11.so.6.3.0
7f592ed93000-7f592ef93000 ---p 00130000 08:06 15211179                   /usr/lib/x86_64-linux-gnu/libX11.so.6.3.0
7f592ef93000-7f592ef94000 r--p 00130000 08:06 15211179                   /usr/lib/x86_64-linux-gnu/libX11.so.6.3.0
7f592ef94000-7f592ef98000 rw-p 00131000 08:06 15211179                   /usr/lib/x86_64-linux-gnu/libX11.so.6.3.0
7f592ef98000-7f592efa9000 r-xp 00000000 08:06 15211196                   /usr/lib/x86_64-linux-gnu/libXext.so.6.4.0
7f592efa9000-7f592f1a8000 ---p 00011000 08:06 15211196                   /usr/lib/x86_64-linux-gnu/libXext.so.6.4.0
7f592f1a8000-7f592f1a9000 r--p 00010000 08:06 15211196                   /usr/lib/x86_64-linux-gnu/libXext.so.6.4.0
7f592f1a9000-7f592f1aa000 rw-p 00011000 08:06 15211196                   /usr/lib/x86_64-linux-gnu/libXext.so.6.4.0
7f592f1aa000-7f592f1fe000 r-xp 00000000 08:06 20582307                   /usr/lib/jvm/jdk1.8.0_20/jre/lib/amd64/libawt_xawt.so
7f592f1fe000-7f592f3fe000 ---p 00054000 08:06 20582307                   /usr/lib/jvm/jdk1.8.0_20/jre/lib/amd64/libawt_xawt.so
7f592f3fe000-7f592f402000 rw-p 00054000 08:06 20582307                   /usr/lib/jvm/jdk1.8.0_20/jre/lib/amd64/libawt_xawt.so
7f592f402000-7f592f403000 rw-p 00000000 00:00 0 
7f592f403000-7f592f4a5000 r-xp 00000000 08:06 20582293                   /usr/lib/jvm/jdk1.8.0_20/jre/lib/amd64/libawt.so
7f592f4a5000-7f592f6a5000 ---p 000a2000 08:06 20582293                   /usr/lib/jvm/jdk1.8.0_20/jre/lib/amd64/libawt.so
7f592f6a5000-7f592f6b1000 rw-p 000a2000 08:06 20582293                   /usr/lib/jvm/jdk1.8.0_20/jre/lib/amd64/libawt.so
7f592f6b1000-7f592f6d5000 rw-p 00000000 00:00 0 
7f592f6d5000-7f592f6d8000 ---p 00000000 00:00 0 
7f592f6d8000-7f592f9d6000 rw-p 00000000 00:00 0                          [stack:4701]
7f592f9d6000-7f592f9d7000 ---p 00000000 00:00 0 
7f592f9d7000-7f592fad7000 rw-p 00000000 00:00 0                          [stack:4699]
7f592fad7000-7f592fada000 ---p 00000000 00:00 0 
7f592fada000-7f592fbd8000 rw-p 00000000 00:00 0                          [stack:4698]
7f592fbd8000-7f592fbe9000 r-xp 00000000 08:06 20582303                   /usr/lib/jvm/jdk1.8.0_20/jre/lib/amd64/libnio.so
7f592fbe9000-7f592fde8000 ---p 00011000 08:06 20582303                   /usr/lib/jvm/jdk1.8.0_20/jre/lib/amd64/libnio.so
7f592fde8000-7f592fde9000 rw-p 00010000 08:06 20582303                   /usr/lib/jvm/jdk1.8.0_20/jre/lib/amd64/libnio.so
7f592fde9000-7f592fdff000 r-xp 00000000 08:06 20582300                   /usr/lib/jvm/jdk1.8.0_20/jre/lib/amd64/libnet.so
7f592fdff000-7f592ffff000 ---p 00016000 08:06 20582300                   /usr/lib/jvm/jdk1.8.0_20/jre/lib/amd64/libnet.so
7f592ffff000-7f5930000000 rw-p 00016000 08:06 20582300                   /usr/lib/jvm/jdk1.8.0_20/jre/lib/amd64/libnet.so
7f5930000000-7f5931c6c000 rw-p 00000000 00:00 0 
7f5931c6c000-7f5934000000 ---p 00000000 00:00 0 
7f5934000000-7f5934acf000 rw-p 00000000 00:00 0 
7f5934acf000-7f5938000000 ---p 00000000 00:00 0 
7f5938000000-7f593986b000 rw-p 00000000 00:00 0 
7f593986b000-7f593c000000 ---p 00000000 00:00 0 
7f593c000000-7f593e1c3000 rw-p 00000000 00:00 0 
7f593e1c3000-7f5940000000 ---p 00000000 00:00 0 
7f5940000000-7f5940021000 rw-p 00000000 00:00 0 
7f5940021000-7f5944000000 ---p 00000000 00:00 0 
7f5944000000-7f5944021000 rw-p 00000000 00:00 0 
7f5944021000-7f5948000000 ---p 00000000 00:00 0 
7f5948000000-7f5948021000 rw-p 00000000 00:00 0 
7f5948021000-7f594c000000 ---p 00000000 00:00 0 
7f594c000000-7f594c002000 r--s 0000d000 08:06 2364722                    /usr/local/development/dev-7-7/Ignition/IgnitionWebApp/target/ignition-webapp-7.7/WEB-INF/lib/commons-logging-1.1.1.jar
7f594c002000-7f594c004000 r--s 0000e000 08:06 2364723                    /usr/local/development/dev-7-7/Ignition/IgnitionWebApp/target/ignition-webapp-7.7/WEB-INF/lib/commons-lang-1.0.jar
7f594c004000-7f594c007000 r--s 00025000 08:06 2359356                    /usr/local/development/dev-7-7/Ignition/IgnitionWebApp/target/ignition-webapp-7.7/WEB-INF/lib/commons-io-2.1.jar
7f594c007000-7f594c00a000 r--s 0000f000 08:06 2364758                    /usr/local/development/dev-7-7/Ignition/IgnitionWebApp/target/ignition-webapp-7.7/WEB-INF/lib/commons-discovery-0.2.jar
7f594c00a000-7f594c00c000 r--s 0001c000 08:06 2364759                    /usr/local/development/dev-7-7/Ignition/IgnitionWebApp/target/ignition-webapp-7.7/WEB-INF/lib/commons-dbcp-1.2.2.jar
7f594c00c000-7f594c019000 r--s 00084000 08:06 2364922                    /usr/local/development/dev-7-7/Ignition/IgnitionWebApp/target/ignition-webapp-7.7/WEB-INF/lib/comfyj-2.9.jar
7f594c019000-7f594c01e000 r--s 00030000 08:06 4198736                    /usr/local/development/dev-7-7/Ignition/IgnitionWebApp/target/ignition-webapp-7.7/WEB-INF/lib/client-bootstrap-7.7.2-SNAPSHOT.jar
7f594c01e000-7f594c046000 r--s 00196000 08:06 2359359                    /usr/local/development/dev-7-7/Ignition/IgnitionWebApp/target/ignition-webapp-7.7/WEB-INF/lib/bcprov-jdk16-unsigned-1.46-unsigned.jar
7f594c046000-7f594c049000 ---p 00000000 00:00 0 
7f594c049000-7f594c147000 rw-p 00000000 00:00 0                          [stack:4697]
7f594c147000-7f594c14f000 r-xp 00000000 08:06 20582308                   /usr/lib/jvm/jdk1.8.0_20/jre/lib/amd64/libmanagement.so
7f594c14f000-7f594c34f000 ---p 00008000 08:06 20582308                   /usr/lib/jvm/jdk1.8.0_20/jre/lib/amd64/libmanagement.so
7f594c34f000-7f594c350000 rw-p 00008000 08:06 20582308                   /usr/lib/jvm/jdk1.8.0_20/jre/lib/amd64/libmanagement.so
7f594c350000-7f5954000000 rw-p 00000000 00:00 0 
7f5954000000-7f5954021000 rw-p 00000000 00:00 0 
7f5954021000-7f5958000000 ---p 00000000 00:00 0 
7f5958000000-7f59580fa000 rw-p 00000000 00:00 0 
7f59580fa000-7f595c000000 ---p 00000000 00:00 0 
7f595c000000-7f595c021000 rw-p 00000000 00:00 0 
7f595c021000-7f5960000000 ---p 00000000 00:00 0 
7f5960000000-7f5960021000 rw-p 00000000 00:00 0 
7f5960021000-7f5964000000 ---p 00000000 00:00 0 
7f5964000000-7f5964021000 rw-p 00000000 00:00 0 
7f5964021000-7f5968000000 ---p 00000000 00:00 0 
7f5968000000-7f5968021000 rw-p 00000000 00:00 0 
7f5968021000-7f596c000000 ---p 00000000 00:00 0 
7f596c000000-7f596c021000 rw-p 00000000 00:00 0 
7f596c021000-7f5970000000 ---p 00000000 00:00 0 
7f5970000000-7f5970021000 rw-p 00000000 00:00 0 
7f5970021000-7f5974000000 ---p 00000000 00:00 0 
7f5974000000-7f5974021000 rw-p 00000000 00:00 0 
7f5974021000-7f5978000000 ---p 00000000 00:00 0 
7f5978000000-7f5978002000 r--s 00006000 08:06 2359452                    /usr/local/development/dev-7-7/Ignition/IgnitionWebApp/target/ignition-webapp-7.7/WEB-INF/lib/commons-cli-1.0.jar
7f5978002000-7f5978003000 r--s 00004000 08:06 4198708                    /usr/local/development/dev-7-7/Ignition/IgnitionWebApp/target/ignition-webapp-7.7/WEB-INF/lib/bootstrap-7.7.2-SNAPSHOT-classes.jar
7f5978003000-7f5978008000 r--s 0003e000 08:06 2359371                    /usr/local/development/dev-7-7/Ignition/IgnitionWebApp/target/ignition-webapp-7.7/WEB-INF/lib/barcode4j-2.1.jar
7f5978008000-7f597800b000 r--s 0001c000 08:06 2364757                    /usr/local/development/dev-7-7/Ignition/IgnitionWebApp/target/ignition-webapp-7.7/WEB-INF/lib/axis-wsdl4j-1.5.1.jar
7f597800b000-7f597800c000 r--s 00004000 08:06 2364756                    /usr/local/development/dev-7-7/Ignition/IgnitionWebApp/target/ignition-webapp-7.7/WEB-INF/lib/axis-saaj-1.4.jar
7f597800c000-7f597800e000 r--s 00006000 08:06 2364755                    /usr/local/development/dev-7-7/Ignition/IgnitionWebApp/target/ignition-webapp-7.7/WEB-INF/lib/axis-jaxrpc-1.4.jar
7f597800e000-7f5978022000 r--s 00173000 08:06 2364754                    /usr/local/development/dev-7-7/Ignition/IgnitionWebApp/target/ignition-webapp-7.7/WEB-INF/lib/axis-1.4.jar
7f5978022000-7f5978024000 r--s 0000d000 08:06 2359451                    /usr/local/development/dev-7-7/Ignition/IgnitionWebApp/target/ignition-webapp-7.7/WEB-INF/lib/avalon-framework-impl-4.2.0.jar
7f5978024000-7f597802c000 r--s 00049000 08:06 2364766                    /usr/local/development/dev-7-7/Ignition/IgnitionWebApp/target/ignition-webapp-7.7/WEB-INF/lib/alloy-1.4.4.ia1.jar
7f597802c000-7f597802e000 r--s 00003000 08:06 2364788                    /usr/local/development/dev-7-7/Ignition/IgnitionWebApp/target/ignition-webapp-7.7/WEB-INF/lib/alarm-notification-gateway-api-2.7.2-20141202.173246-33.jar
7f597802e000-7f5978034000 r--s 00033000 08:06 2364787                    /usr/local/development/dev-7-7/Ignition/IgnitionWebApp/target/ignition-webapp-7.7/WEB-INF/lib/alarm-notification-gateway-2.7.2-20141202.173250-33.jar
7f5978034000-7f5978036000 r--s 00004000 08:06 2364789                    /usr/local/development/dev-7-7/Ignition/IgnitionWebApp/target/ignition-webapp-7.7/WEB-INF/lib/alarm-notification-common-2.7.2-20141202.173235-33.jar
7f5978036000-7f5978040000 r--s 00036000 08:06 2364790                    /usr/local/development/dev-7-7/Ignition/IgnitionWebApp/target/ignition-webapp-7.7/WEB-INF/lib/airlink-sms-notification-2.7.2-20141202.173303-33.jar
7f5978040000-7f5978042000 r--s 0000d000 08:06 2364762                    /usr/local/development/dev-7-7/Ignition/IgnitionWebApp/target/ignition-webapp-7.7/WEB-INF/lib/activation-ws-1.0.0.jar
7f5978042000-7f5978044000 r--s 0000f000 08:06 2364741                    /usr/local/development/dev-7-7/Ignition/IgnitionWebApp/target/ignition-webapp-7.7/WEB-INF/lib/activation-1.1.1.jar
7f5978044000-7f597804d000 r--s 00069000 08:06 2364935                    /usr/local/development/dev-7-7/Ignition/IgnitionWebApp/target/ignition-webapp-7.7/WEB-INF/lib/ab-drivers-1.7.0-20131026.004154-8.jar
7f597804d000-7f597804f000 r--s 00006000 08:06 2364915                    /usr/local/development/dev-7-7/Ignition/IgnitionWebApp/target/ignition-webapp-7.7/WEB-INF/lib/WebDev_Gateway-1.7.2-20141205.235014-38.jar
7f597804f000-7f5978050000 r--s 00001000 08:06 2364916                    /usr/local/development/dev-7-7/Ignition/IgnitionWebApp/target/ignition-webapp-7.7/WEB-INF/lib/WebDev_Common-1.7.2-20141205.235011-38.jar
7f5978050000-7f5978055000 r--s 0003c000 08:06 2364753                    /usr/local/development/dev-7-7/Ignition/IgnitionWebApp/target/ignition-webapp-7.7/WEB-INF/lib/FastInfoset-1.0.2.jar
7f5978055000-7f597805a000 r--s 002f8000 08:06 20582247                   /usr/lib/jvm/jdk1.8.0_20/jre/lib/charsets.jar
7f597805a000-7f597805f000 r--s 0003f000 08:06 1185790                    /usr/lib/jvm/jdk1.8.0_20/jre/lib/ext/sunjce_provider.jar
7f597805f000-7f5978062000 r--s 0003a000 08:06 1185787                    /usr/lib/jvm/jdk1.8.0_20/jre/lib/ext/sunpkcs11.jar
7f5978062000-7f5978064000 r--s 0001a000 08:06 20582317                   /usr/lib/jvm/jdk1.8.0_20/jre/lib/jce.jar
7f5978064000-7f597806e000 r--s 00116000 08:06 1185789                    /usr/lib/jvm/jdk1.8.0_20/jre/lib/ext/localedata.jar
7f597806e000-7f597808a000 r--s 00393000 08:06 1185783                    /usr/lib/jvm/jdk1.8.0_20/jre/lib/ext/cldrdata.jar
7f597808a000-7f597808d000 r--s 0000f000 08:06 19532219                   /usr/local/development/dev-7-6/Ignition/Servers/apache-tomcat-6.0.36/lib/tomcat-i18n-es.jar
7f597808d000-7f597808f000 r--s 0000b000 08:06 19532220                   /usr/local/development/dev-7-6/Ignition/Servers/apache-tomcat-6.0.36/lib/tomcat-i18n-fr.jar
7f597808f000-7f5978093000 r--s 0003a000 08:06 19532218                   /usr/local/development/dev-7-6/Ignition/Servers/apache-tomcat-6.0.36/lib/tomcat-dbcp.jar
7f5978093000-7f59780a3000 r--s 0019c000 08:06 19532210                   /usr/local/development/dev-7-6/Ignition/Servers/apache-tomcat-6.0.36/lib/ecj-3.7.2.jar
7f59780a3000-7f59780aa000 r--s 000c7000 08:06 19532215                   /usr/local/development/dev-7-6/Ignition/Servers/apache-tomcat-6.0.36/lib/mysql-connector-java-5.1.23-bin.jar
7f59780aa000-7f59780ba000 r--s 00120000 08:06 19532209                   /usr/local/development/dev-7-6/Ignition/Servers/apache-tomcat-6.0.36/lib/catalina.jar
7f59780ba000-7f59780bd000 r--s 0001e000 08:06 19532207                   /usr/local/development/dev-7-6/Ignition/Servers/apache-tomcat-6.0.36/lib/catalina-ha.jar
7f59780bd000-7f59780c4000 r--s 0007a000 08:06 19532213                   /usr/local/development/dev-7-6/Ignition/Servers/apache-tomcat-6.0.36/lib/jasper.jar
7f59780c4000-7f59780c7000 ---p 00000000 00:00 0 
7f59780c7000-7f59781f6000 rw-p 00000000 00:00 0                          [stack:4696]
7f59781f6000-7f59781f9000 ---p 00000000 00:00 0 
7f59781f9000-7f59782f7000 rw-p 00000000 00:00 0                          [stack:4694]
7f59782f7000-7f59782fa000 ---p 00000000 00:00 0 
7f59782fa000-7f59783f8000 rw-p 00000000 00:00 0                          [stack:4693]
7f59783f8000-7f59783fb000 ---p 00000000 00:00 0 
7f59783fb000-7f59784f9000 rw-p 00000000 00:00 0                          [stack:4692]
7f59784f9000-7f59784fc000 ---p 00000000 00:00 0 
7f59784fc000-7f59785fa000 rw-p 00000000 00:00 0                          [stack:4691]
7f59785fa000-7f59785fd000 ---p 00000000 00:00 0 
7f59785fd000-7f59786fb000 rw-p 00000000 00:00 0                          [stack:4690]
7f59786fb000-7f59786fe000 ---p 00000000 00:00 0 
7f59786fe000-7f59787fc000 rw-p 00000000 00:00 0                          [stack:4689]
7f59787fc000-7f5978ac5000 r--p 00000000 08:06 15209877                   /usr/lib/locale/locale-archive
7f5978ac5000-7f5978ac8000 ---p 00000000 00:00 0 
7f5978ac8000-7f5978bc6000 rw-p 00000000 00:00 0                          [stack:4688]
7f5978bc6000-7f5978bc9000 ---p 00000000 00:00 0 
7f5978bc9000-7f5978cc7000 rw-p 00000000 00:00 0                          [stack:4687]
7f5978cc7000-7f5978cc8000 ---p 00000000 00:00 0 
7f5978cc8000-7f597aa5b000 rw-p 00000000 00:00 0                          [stack:4686]
7f597aa5b000-7f597ac30000 r--s 03ca3000 08:06 20582249                   /usr/lib/jvm/jdk1.8.0_20/jre/lib/rt.jar
7f597ac30000-7f597bbfb000 rw-p 00000000 00:00 0 
7f597bbfb000-7f597bbfc000 ---p 00000000 00:00 0 
7f597bbfc000-7f597bcfc000 rw-p 00000000 00:00 0                          [stack:4685]
7f597bcfc000-7f597bcfd000 ---p 00000000 00:00 0 
7f597bcfd000-7f597bdfd000 rw-p 00000000 00:00 0                          [stack:4684]
7f597bdfd000-7f597bdfe000 ---p 00000000 00:00 0 
7f597bdfe000-7f597befe000 rw-p 00000000 00:00 0                          [stack:4683]
7f597befe000-7f597beff000 ---p 00000000 00:00 0 
7f597beff000-7f597bfff000 rw-p 00000000 00:00 0                          [stack:4682]
7f597bfff000-7f597c000000 ---p 00000000 00:00 0 
7f597c000000-7f597c100000 rw-p 00000000 00:00 0                          [stack:4681]
7f597c100000-7f597c101000 ---p 00000000 00:00 0 
7f597c101000-7f597c201000 rw-p 00000000 00:00 0                          [stack:4680]
7f597c201000-7f597c202000 ---p 00000000 00:00 0 
7f597c202000-7f597c35e000 rw-p 00000000 00:00 0                          [stack:4679]
7f597c35e000-7f597c834000 ---p 00000000 00:00 0 
7f597c834000-7f597c890000 rw-p 00000000 00:00 0 
7f597c890000-7f597cd66000 ---p 00000000 00:00 0 
7f597cd66000-7f597cdde000 rw-p 00000000 00:00 0 
7f597cdde000-7f597cfff000 ---p 00000000 00:00 0 
7f597cfff000-7f597d000000 rw-p 00000000 00:00 0 
7f597d000000-7f597de90000 rwxp 00000000 00:00 0 
7f597de90000-7f598c000000 ---p 00000000 00:00 0 
7f598c000000-7f598c6fa000 rw-p 00000000 00:00 0 
7f598c6fa000-7f5990000000 ---p 00000000 00:00 0 
7f5990000000-7f5990001000 r--s 00009000 08:06 1185781                    /usr/lib/jvm/jdk1.8.0_20/jre/lib/ext/sunec.jar
7f5990001000-7f5990005000 r--s 00036000 08:06 19532208                   /usr/local/development/dev-7-6/Ignition/Servers/apache-tomcat-6.0.36/lib/catalina-tribes.jar
7f5990005000-7f599000f000 r--s 000b3000 08:06 19532217                   /usr/local/development/dev-7-6/Ignition/Servers/apache-tomcat-6.0.36/lib/tomcat-coyote.jar
7f599000f000-7f5990085000 rw-p 00000000 00:00 0 
7f5990085000-7f5990086000 ---p 00000000 00:00 0 
7f5990086000-7f59901c1000 rw-p 00000000 00:00 0                          [stack:4678]
7f59901c1000-7f5990546000 ---p 00000000 00:00 0 
7f5990546000-7f5990562000 r-xp 00000000 08:06 20582296                   /usr/lib/jvm/jdk1.8.0_20/jre/lib/amd64/libzip.so
7f5990562000-7f5990761000 ---p 0001c000 08:06 20582296                   /usr/lib/jvm/jdk1.8.0_20/jre/lib/amd64/libzip.so
7f5990761000-7f5990762000 rw-p 0001b000 08:06 20582296                   /usr/lib/jvm/jdk1.8.0_20/jre/lib/amd64/libzip.so
7f5990762000-7f599076d000 r-xp 00000000 08:06 15602342                   /lib/x86_64-linux-gnu/libnss_files-2.19.so
7f599076d000-7f599096c000 ---p 0000b000 08:06 15602342                   /lib/x86_64-linux-gnu/libnss_files-2.19.so
7f599096c000-7f599096d000 r--p 0000a000 08:06 15602342                   /lib/x86_64-linux-gnu/libnss_files-2.19.so
7f599096d000-7f599096e000 rw-p 0000b000 08:06 15602342                   /lib/x86_64-linux-gnu/libnss_files-2.19.so
7f599096e000-7f5990979000 r-xp 00000000 08:06 15602345                   /lib/x86_64-linux-gnu/libnss_nis-2.19.so
7f5990979000-7f5990b78000 ---p 0000b000 08:06 15602345                   /lib/x86_64-linux-gnu/libnss_nis-2.19.so
7f5990b78000-7f5990b79000 r--p 0000a000 08:06 15602345                   /lib/x86_64-linux-gnu/libnss_nis-2.19.so
7f5990b79000-7f5990b7a000 rw-p 0000b000 08:06 15602345                   /lib/x86_64-linux-gnu/libnss_nis-2.19.so
7f5990b7a000-7f5990b91000 r-xp 00000000 08:06 15602152                   /lib/x86_64-linux-gnu/libnsl-2.19.so
7f5990b91000-7f5990d90000 ---p 00017000 08:06 15602152                   /lib/x86_64-linux-gnu/libnsl-2.19.so
7f5990d90000-7f5990d91000 r--p 00016000 08:06 15602152                   /lib/x86_64-linux-gnu/libnsl-2.19.so
7f5990d91000-7f5990d92000 rw-p 00017000 08:06 15602152                   /lib/x86_64-linux-gnu/libnsl-2.19.so
7f5990d92000-7f5990d94000 rw-p 00000000 00:00 0 
7f5990d94000-7f5990d9d000 r-xp 00000000 08:06 15601662                   /lib/x86_64-linux-gnu/libnss_compat-2.19.so
7f5990d9d000-7f5990f9c000 ---p 00009000 08:06 15601662                   /lib/x86_64-linux-gnu/libnss_compat-2.19.so
7f5990f9c000-7f5990f9d000 r--p 00008000 08:06 15601662                   /lib/x86_64-linux-gnu/libnss_compat-2.19.so
7f5990f9d000-7f5990f9e000 rw-p 00009000 08:06 15601662                   /lib/x86_64-linux-gnu/libnss_compat-2.19.so
7f5990f9e000-7f5990fc8000 r-xp 00000000 08:06 20582291                   /usr/lib/jvm/jdk1.8.0_20/jre/lib/amd64/libjava.so
7f5990fc8000-7f59911c8000 ---p 0002a000 08:06 20582291                   /usr/lib/jvm/jdk1.8.0_20/jre/lib/amd64/libjava.so
7f59911c8000-7f59911ca000 rw-p 0002a000 08:06 20582291                   /usr/lib/jvm/jdk1.8.0_20/jre/lib/amd64/libjava.so
7f59911ca000-7f59911d7000 r-xp 00000000 08:06 20582295                   /usr/lib/jvm/jdk1.8.0_20/jre/lib/amd64/libverify.so
7f59911d7000-7f59913d7000 ---p 0000d000 08:06 20582295                   /usr/lib/jvm/jdk1.8.0_20/jre/lib/amd64/libverify.so
7f59913d7000-7f59913d9000 rw-p 0000d000 08:06 20582295                   /usr/lib/jvm/jdk1.8.0_20/jre/lib/amd64/libverify.so
7f59913d9000-7f59913e0000 r-xp 00000000 08:06 15602320                   /lib/x86_64-linux-gnu/librt-2.19.so
7f59913e0000-7f59915df000 ---p 00007000 08:06 15602320                   /lib/x86_64-linux-gnu/librt-2.19.so
7f59915df000-7f59915e0000 r--p 00006000 08:06 15602320                   /lib/x86_64-linux-gnu/librt-2.19.so
7f59915e0000-7f59915e1000 rw-p 00007000 08:06 15602320                   /lib/x86_64-linux-gnu/librt-2.19.so
7f59915e1000-7f59916e6000 r-xp 00000000 08:06 15602334                   /lib/x86_64-linux-gnu/libm-2.19.so
7f59916e6000-7f59918e5000 ---p 00105000 08:06 15602334                   /lib/x86_64-linux-gnu/libm-2.19.so
7f59918e5000-7f59918e6000 r--p 00104000 08:06 15602334                   /lib/x86_64-linux-gnu/libm-2.19.so
7f59918e6000-7f59918e7000 rw-p 00105000 08:06 15602334                   /lib/x86_64-linux-gnu/libm-2.19.so
7f59918e7000-7f5992551000 r-xp 00000000 08:06 20845908                   /usr/lib/jvm/jdk1.8.0_20/jre/lib/amd64/server/libjvm.so
7f5992551000-7f5992751000 ---p 00c6a000 08:06 20845908                   /usr/lib/jvm/jdk1.8.0_20/jre/lib/amd64/server/libjvm.so
7f5992751000-7f5992827000 rw-p 00c6a000 08:06 20845908                   /usr/lib/jvm/jdk1.8.0_20/jre/lib/amd64/server/libjvm.so
7f5992827000-7f5992869000 rw-p 00000000 00:00 0 
7f5992869000-7f5992a24000 r-xp 00000000 08:06 15602328                   /lib/x86_64-linux-gnu/libc-2.19.so
7f5992a24000-7f5992c24000 ---p 001bb000 08:06 15602328                   /lib/x86_64-linux-gnu/libc-2.19.so
7f5992c24000-7f5992c28000 r--p 001bb000 08:06 15602328                   /lib/x86_64-linux-gnu/libc-2.19.so
7f5992c28000-7f5992c2a000 rw-p 001bf000 08:06 15602328                   /lib/x86_64-linux-gnu/libc-2.19.so
7f5992c2a000-7f5992c2f000 rw-p 00000000 00:00 0 
7f5992c2f000-7f5992c32000 r-xp 00000000 08:06 15602352                   /lib/x86_64-linux-gnu/libdl-2.19.so
7f5992c32000-7f5992e31000 ---p 00003000 08:06 15602352                   /lib/x86_64-linux-gnu/libdl-2.19.so
7f5992e31000-7f5992e32000 r--p 00002000 08:06 15602352                   /lib/x86_64-linux-gnu/libdl-2.19.so
7f5992e32000-7f5992e33000 rw-p 00003000 08:06 15602352                   /lib/x86_64-linux-gnu/libdl-2.19.so
7f5992e33000-7f5992e4a000 r-xp 00000000 08:06 20061287                   /usr/lib/jvm/jdk1.8.0_20/lib/amd64/jli/libjli.so
7f5992e4a000-7f5993049000 ---p 00017000 08:06 20061287                   /usr/lib/jvm/jdk1.8.0_20/lib/amd64/jli/libjli.so
7f5993049000-7f599304a000 rw-p 00016000 08:06 20061287                   /usr/lib/jvm/jdk1.8.0_20/lib/amd64/jli/libjli.so
7f599304a000-7f5993063000 r-xp 00000000 08:06 15602353                   /lib/x86_64-linux-gnu/libpthread-2.19.so
7f5993063000-7f5993262000 ---p 00019000 08:06 15602353                   /lib/x86_64-linux-gnu/libpthread-2.19.so
7f5993262000-7f5993263000 r--p 00018000 08:06 15602353                   /lib/x86_64-linux-gnu/libpthread-2.19.so
7f5993263000-7f5993264000 rw-p 00019000 08:06 15602353                   /lib/x86_64-linux-gnu/libpthread-2.19.so
7f5993264000-7f5993268000 rw-p 00000000 00:00 0 
7f5993268000-7f599328b000 r-xp 00000000 08:06 15602330                   /lib/x86_64-linux-gnu/ld-2.19.so
7f599328b000-7f599328d000 r--s 0000c000 08:06 19532221                   /usr/local/development/dev-7-6/Ignition/Servers/apache-tomcat-6.0.36/lib/tomcat-i18n-ja.jar
7f599328d000-7f599328f000 r--s 00011000 08:06 19532214                   /usr/local/development/dev-7-6/Ignition/Servers/apache-tomcat-6.0.36/lib/jsp-api.jar
7f599328f000-7f5993291000 r--s 00014000 08:06 19532216                   /usr/local/development/dev-7-6/Ignition/Servers/apache-tomcat-6.0.36/lib/servlet-api.jar
7f5993291000-7f5993293000 r--s 0000c000 08:06 19532206                   /usr/local/development/dev-7-6/Ignition/Servers/apache-tomcat-6.0.36/lib/catalina-ant.jar
7f5993293000-7f5993364000 rw-p 00000000 00:00 0 
7f5993364000-7f5993367000 ---p 00000000 00:00 0 
7f5993367000-7f5993469000 rw-p 00000000 00:00 0                          [stack:4677]
7f5993469000-7f599346b000 r--s 00007000 08:06 19532211                   /usr/local/development/dev-7-6/Ignition/Servers/apache-tomcat-6.0.36/lib/el-api.jar
7f599346b000-7f599346c000 r--s 00003000 08:06 19532205                   /usr/local/development/dev-7-6/Ignition/Servers/apache-tomcat-6.0.36/lib/annotations-api.jar
7f599346c000-7f599346f000 r--s 00019000 08:06 19532212                   /usr/local/development/dev-7-6/Ignition/Servers/apache-tomcat-6.0.36/lib/jasper-el.jar
7f599346f000-7f5993474000 r--s 00092000 08:06 20582254                   /usr/lib/jvm/jdk1.8.0_20/jre/lib/jsse.jar
7f5993474000-7f5993475000 r--s 00007000 08:06 19533431                   /usr/local/development/dev-7-6/Ignition/Servers/apache-tomcat-6.0.36/bin/tomcat-juli.jar
7f5993475000-7f5993476000 r--s 00005000 08:06 19533430                   /usr/local/development/dev-7-6/Ignition/Servers/apache-tomcat-6.0.36/bin/commons-daemon.jar
7f5993476000-7f5993477000 r--s 00005000 08:06 19533429                   /usr/local/development/dev-7-6/Ignition/Servers/apache-tomcat-6.0.36/bin/bootstrap.jar
7f5993477000-7f599347e000 r--s 000c7000 08:06 1179649                    /usr/lib/jvm/jdk1.8.0_20/jre/lib/ext/mysql-connector-java-5.1.23-bin.jar
7f599347e000-7f5993486000 rw-s 00000000 08:06 10487926                   /tmp/hsperfdata_mattg/4672
7f5993486000-7f5993487000 rw-p 00000000 00:00 0 
7f5993487000-7f5993488000 r--p 00000000 00:00 0 
7f5993488000-7f599348a000 rw-p 00000000 00:00 0 
7f599348a000-7f599348b000 r--p 00022000 08:06 15602330                   /lib/x86_64-linux-gnu/ld-2.19.so
7f599348b000-7f599348c000 rw-p 00023000 08:06 15602330                   /lib/x86_64-linux-gnu/ld-2.19.so
7f599348c000-7f599348d000 rw-p 00000000 00:00 0 
7fff6bab7000-7fff6bad8000 rw-p 00000000 00:00 0                          [stack]
7fff6bb24000-7fff6bb26000 r-xp 00000000 00:00 0                          [vdso]
ffffffffff600000-ffffffffff601000 r-xp 00000000 00:00 0                  [vsyscall]

VM Arguments:
jvm_args: -Djava.util.logging.config.file=/home/mattg/.IntelliJIdea13/system/tomcat/Unnamed_77-Ignition/conf/logging.properties -Dcom.sun.management.jmxremote= -Dcom.sun.management.jmxremote.port=1099 -Dcom.sun.management.jmxremote.ssl=false -Dcom.sun.management.jmxremote.authenticate=false -Djava.rmi.server.hostname=127.0.0.1 -Djava.util.logging.manager=org.apache.juli.ClassLoaderLogManager -Djava.endorsed.dirs=/usr/local/development/dev-7-6/Ignition/Servers/apache-tomcat-6.0.36/endorsed -Dcatalina.base=/home/mattg/.IntelliJIdea13/system/tomcat/Unnamed_77-Ignition -Dcatalina.home=/usr/local/development/dev-7-6/Ignition/Servers/apache-tomcat-6.0.36 -Djava.io.tmpdir=/usr/local/development/dev-7-6/Ignition/Servers/apache-tomcat-6.0.36/temp 
java_command: org.apache.catalina.startup.Bootstrap start
java_class_path (initial): /usr/local/development/dev-7-6/Ignition/Servers/apache-tomcat-6.0.36/bin/bootstrap.jar
Launcher Type: SUN_STANDARD

Environment Variables:
JAVA_HOME=/usr/lib/jvm/jdk1.8.0_20
CLASSPATH=/usr/local/development/dev-7-6/Ignition/Servers/apache-tomcat-6.0.36/bin/bootstrap.jar
PATH=/usr/local/sbin:/usr/local/bin:/usr/sbin:/usr/bin:/sbin:/bin:/usr/games:/usr/local/games:/usr/local/development/gradle-1.12/bin
USERNAME=mattg
LD_LIBRARY_PATH=/usr/local/development/idea-IU-135.909/bin:
SHELL=/bin/bash
DISPLAY=:0

Signal Handlers:
SIGSEGV: [libjvm.so+0xa76cd0], sa_mask[0]=11111111011111111101111111111110, sa_flags=SA_RESTART|SA_SIGINFO
SIGBUS: [libjvm.so+0xa76cd0], sa_mask[0]=11111111011111111101111111111110, sa_flags=SA_RESTART|SA_SIGINFO
SIGFPE: [libjvm.so+0x8e0d80], sa_mask[0]=11111111011111111101111111111110, sa_flags=SA_RESTART|SA_SIGINFO
SIGPIPE: [libjvm.so+0x8e0d80], sa_mask[0]=11111111011111111101111111111110, sa_flags=SA_RESTART|SA_SIGINFO
SIGXFSZ: [libjvm.so+0x8e0d80], sa_mask[0]=11111111011111111101111111111110, sa_flags=SA_RESTART|SA_SIGINFO
SIGILL: [libjvm.so+0x8e0d80], sa_mask[0]=11111111011111111101111111111110, sa_flags=SA_RESTART|SA_SIGINFO
SIGUSR1: SIG_DFL, sa_mask[0]=00000000000000000000000000000000, sa_flags=none
SIGUSR2: [libjvm.so+0x8e25b0], sa_mask[0]=00100000000000000000000000000000, sa_flags=SA_RESTART|SA_SIGINFO
SIGHUP: [libjvm.so+0x8e3970], sa_mask[0]=11111111011111111101111111111110, sa_flags=SA_RESTART|SA_SIGINFO
SIGINT: [libjvm.so+0x8e3970], sa_mask[0]=11111111011111111101111111111110, sa_flags=SA_RESTART|SA_SIGINFO
SIGTERM: [libjvm.so+0x8e3970], sa_mask[0]=11111111011111111101111111111110, sa_flags=SA_RESTART|SA_SIGINFO
SIGQUIT: [libjvm.so+0x8e3970], sa_mask[0]=11111111011111111101111111111110, sa_flags=SA_RESTART|SA_SIGINFO


---------------  S Y S T E M  ---------------

OS:DISTRIB_ID=LinuxMint
DISTRIB_RELEASE=17
DISTRIB_CODENAME=qiana
DISTRIB_DESCRIPTION="Linux Mint 17 Qiana"

uname:Linux 3.13.0-24-generic #46-Ubuntu SMP Thu Apr 10 19:11:08 UTC 2014 x86_64
libc:glibc 2.19 NPTL 2.19 
rlimit: STACK 8192k, CORE 0k, NPROC 127375, NOFILE 4096, AS infinity
load average:2.42 1.27 0.57

/proc/meminfo:
MemTotal:       16335088 kB
MemFree:        10719740 kB
Buffers:          339344 kB
Cached:          2365692 kB
SwapCached:            0 kB
Active:          3458160 kB
Inactive:        1713456 kB
Active(anon):    2470916 kB
Inactive(anon):   494300 kB
Active(file):     987244 kB
Inactive(file):  1219156 kB
Unevictable:         580 kB
Mlocked:             580 kB
SwapTotal:      16676860 kB
SwapFree:       16676860 kB
Dirty:             20740 kB
Writeback:             0 kB
AnonPages:       2467276 kB
Mapped:           442324 kB
Shmem:            498632 kB
Slab:             258220 kB
SReclaimable:     217084 kB
SUnreclaim:        41136 kB
KernelStack:        5592 kB
PageTables:        37900 kB
NFS_Unstable:          0 kB
Bounce:                0 kB
WritebackTmp:          0 kB
CommitLimit:    24844404 kB
Committed_AS:    6147128 kB
VmallocTotal:   34359738367 kB
VmallocUsed:      444884 kB
VmallocChunk:   34359289100 kB
HardwareCorrupted:     0 kB
AnonHugePages:   1116160 kB
HugePages_Total:       0
HugePages_Free:        0
HugePages_Rsvd:        0
HugePages_Surp:        0
Hugepagesize:       2048 kB
DirectMap4k:       95688 kB
DirectMap2M:     2951168 kB
DirectMap1G:    13631488 kB


CPU:total 8 (4 cores per cpu, 2 threads per core) family 6 model 60 stepping 3, cmov, cx8, fxsr, mmx, sse, sse2, sse3, ssse3, sse4.1, sse4.2, popcnt, avx, avx2, aes, clmul, erms, lzcnt, ht, tsc, tscinvbit, bmi1, bmi2

/proc/cpuinfo:
processor	: 0
vendor_id	: GenuineIntel
cpu family	: 6
model		: 60
model name	: Intel(R) Core(TM) i7-4702HQ CPU @ 2.20GHz
stepping	: 3
microcode	: 0x17
cpu MHz		: 800.000
cache size	: 6144 KB
physical id	: 0
siblings	: 8
core id		: 0
cpu cores	: 4
apicid		: 0
initial apicid	: 0
fpu		: yes
fpu_exception	: yes
cpuid level	: 13
wp		: yes
flags		: fpu vme de pse tsc msr pae mce cx8 apic sep mtrr pge mca cmov pat pse36 clflush dts acpi mmx fxsr sse sse2 ss ht tm pbe syscall nx pdpe1gb rdtscp lm constant_tsc arch_perfmon pebs bts rep_good nopl xtopology nonstop_tsc aperfmperf eagerfpu pni pclmulqdq dtes64 monitor ds_cpl vmx est tm2 ssse3 fma cx16 xtpr pdcm pcid sse4_1 sse4_2 x2apic movbe popcnt tsc_deadline_timer aes xsave avx f16c rdrand lahf_lm abm ida arat epb xsaveopt pln pts dtherm tpr_shadow vnmi flexpriority ept vpid fsgsbase tsc_adjust bmi1 avx2 smep bmi2 erms invpcid
bogomips	: 4389.69
clflush size	: 64
cache_alignment	: 64
address sizes	: 39 bits physical, 48 bits virtual
power management:

processor	: 1
vendor_id	: GenuineIntel
cpu family	: 6
model		: 60
model name	: Intel(R) Core(TM) i7-4702HQ CPU @ 2.20GHz
stepping	: 3
microcode	: 0x17
cpu MHz		: 1200.000
cache size	: 6144 KB
physical id	: 0
siblings	: 8
core id		: 1
cpu cores	: 4
apicid		: 2
initial apicid	: 2
fpu		: yes
fpu_exception	: yes
cpuid level	: 13
wp		: yes
flags		: fpu vme de pse tsc msr pae mce cx8 apic sep mtrr pge mca cmov pat pse36 clflush dts acpi mmx fxsr sse sse2 ss ht tm pbe syscall nx pdpe1gb rdtscp lm constant_tsc arch_perfmon pebs bts rep_good nopl xtopology nonstop_tsc aperfmperf eagerfpu pni pclmulqdq dtes64 monitor ds_cpl vmx est tm2 ssse3 fma cx16 xtpr pdcm pcid sse4_1 sse4_2 x2apic movbe popcnt tsc_deadline_timer aes xsave avx f16c rdrand lahf_lm abm ida arat epb xsaveopt pln pts dtherm tpr_shadow vnmi flexpriority ept vpid fsgsbase tsc_adjust bmi1 avx2 smep bmi2 erms invpcid
bogomips	: 4389.69
clflush size	: 64
cache_alignment	: 64
address sizes	: 39 bits physical, 48 bits virtual
power management:

processor	: 2
vendor_id	: GenuineIntel
cpu family	: 6
model		: 60
model name	: Intel(R) Core(TM) i7-4702HQ CPU @ 2.20GHz
stepping	: 3
microcode	: 0x17
cpu MHz		: 2000.000
cache size	: 6144 KB
physical id	: 0
siblings	: 8
core id		: 2
cpu cores	: 4
apicid		: 4
initial apicid	: 4
fpu		: yes
fpu_exception	: yes
cpuid level	: 13
wp		: yes
flags		: fpu vme de pse tsc msr pae mce cx8 apic sep mtrr pge mca cmov pat pse36 clflush dts acpi mmx fxsr sse sse2 ss ht tm pbe syscall nx pdpe1gb rdtscp lm constant_tsc arch_perfmon pebs bts rep_good nopl xtopology nonstop_tsc aperfmperf eagerfpu pni pclmulqdq dtes64 monitor ds_cpl vmx est tm2 ssse3 fma cx16 xtpr pdcm pcid sse4_1 sse4_2 x2apic movbe popcnt tsc_deadline_timer aes xsave avx f16c rdrand lahf_lm abm ida arat epb xsaveopt pln pts dtherm tpr_shadow vnmi flexpriority ept vpid fsgsbase tsc_adjust bmi1 avx2 smep bmi2 erms invpcid
bogomips	: 4389.69
clflush size	: 64
cache_alignment	: 64
address sizes	: 39 bits physical, 48 bits virtual
power management:

processor	: 3
vendor_id	: GenuineIntel
cpu family	: 6
model		: 60
model name	: Intel(R) Core(TM) i7-4702HQ CPU @ 2.20GHz
stepping	: 3
microcode	: 0x17
cpu MHz		: 1400.000
cache size	: 6144 KB
physical id	: 0
siblings	: 8
core id		: 3
cpu cores	: 4
apicid		: 6
initial apicid	: 6
fpu		: yes
fpu_exception	: yes
cpuid level	: 13
wp		: yes
flags		: fpu vme de pse tsc msr pae mce cx8 apic sep mtrr pge mca cmov pat pse36 clflush dts acpi mmx fxsr sse sse2 ss ht tm pbe syscall nx pdpe1gb rdtscp lm constant_tsc arch_perfmon pebs bts rep_good nopl xtopology nonstop_tsc aperfmperf eagerfpu pni pclmulqdq dtes64 monitor ds_cpl vmx est tm2 ssse3 fma cx16 xtpr pdcm pcid sse4_1 sse4_2 x2apic movbe popcnt tsc_deadline_timer aes xsave avx f16c rdrand lahf_lm abm ida arat epb xsaveopt pln pts dtherm tpr_shadow vnmi flexpriority ept vpid fsgsbase tsc_adjust bmi1 avx2 smep bmi2 erms invpcid
bogomips	: 4389.69
clflush size	: 64
cache_alignment	: 64
address sizes	: 39 bits physical, 48 bits virtual
power management:

processor	: 4
vendor_id	: GenuineIntel
cpu family	: 6
model		: 60
model name	: Intel(R) Core(TM) i7-4702HQ CPU @ 2.20GHz
stepping	: 3
microcode	: 0x17
cpu MHz		: 2201.000
cache size	: 6144 KB
physical id	: 0
siblings	: 8
core id		: 0
cpu cores	: 4
apicid		: 1
initial apicid	: 1
fpu		: yes
fpu_exception	: yes
cpuid level	: 13
wp		: yes
flags		: fpu vme de pse tsc msr pae mce cx8 apic sep mtrr pge mca cmov pat pse36 clflush dts acpi mmx fxsr sse sse2 ss ht tm pbe syscall nx pdpe1gb rdtscp lm constant_tsc arch_perfmon pebs bts rep_good nopl xtopology nonstop_tsc aperfmperf eagerfpu pni pclmulqdq dtes64 monitor ds_cpl vmx est tm2 ssse3 fma cx16 xtpr pdcm pcid sse4_1 sse4_2 x2apic movbe popcnt tsc_deadline_timer aes xsave avx f16c rdrand lahf_lm abm ida arat epb xsaveopt pln pts dtherm tpr_shadow vnmi flexpriority ept vpid fsgsbase tsc_adjust bmi1 avx2 smep bmi2 erms invpcid
bogomips	: 4389.69
clflush size	: 64
cache_alignment	: 64
address sizes	: 39 bits physical, 48 bits virtual
power management:

processor	: 5
vendor_id	: GenuineIntel
cpu family	: 6
model		: 60
model name	: Intel(R) Core(TM) i7-4702HQ CPU @ 2.20GHz
stepping	: 3
microcode	: 0x17
cpu MHz		: 900.000
cache size	: 6144 KB
physical id	: 0
siblings	: 8
core id		: 1
cpu cores	: 4
apicid		: 3
initial apicid	: 3
fpu		: yes
fpu_exception	: yes
cpuid level	: 13
wp		: yes
flags		: fpu vme de pse tsc msr pae mce cx8 apic sep mtrr pge mca cmov pat pse36 clflush dts acpi mmx fxsr sse sse2 ss ht tm pbe syscall nx pdpe1gb rdtscp lm constant_tsc arch_perfmon pebs bts rep_good nopl xtopology nonstop_tsc aperfmperf eagerfpu pni pclmulqdq dtes64 monitor ds_cpl vmx est tm2 ssse3 fma cx16 xtpr pdcm pcid sse4_1 sse4_2 x2apic movbe popcnt tsc_deadline_timer aes xsave avx f16c rdrand lahf_lm abm ida arat epb xsaveopt pln pts dtherm tpr_shadow vnmi flexpriority ept vpid fsgsbase tsc_adjust bmi1 avx2 smep bmi2 erms invpcid
bogomips	: 4389.69
clflush size	: 64
cache_alignment	: 64
address sizes	: 39 bits physical, 48 bits virtual
power management:

processor	: 6
vendor_id	: GenuineIntel
cpu family	: 6
model		: 60
model name	: Intel(R) Core(TM) i7-4702HQ CPU @ 2.20GHz
stepping	: 3
microcode	: 0x17
cpu MHz		: 800.000
cache size	: 6144 KB
physical id	: 0
siblings	: 8
core id		: 2
cpu cores	: 4
apicid		: 5
initial apicid	: 5
fpu		: yes
fpu_exception	: yes
cpuid level	: 13
wp		: yes
flags		: fpu vme de pse tsc msr pae mce cx8 apic sep mtrr pge mca cmov pat pse36 clflush dts acpi mmx fxsr sse sse2 ss ht tm pbe syscall nx pdpe1gb rdtscp lm constant_tsc arch_perfmon pebs bts rep_good nopl xtopology nonstop_tsc aperfmperf eagerfpu pni pclmulqdq dtes64 monitor ds_cpl vmx est tm2 ssse3 fma cx16 xtpr pdcm pcid sse4_1 sse4_2 x2apic movbe popcnt tsc_deadline_timer aes xsave avx f16c rdrand lahf_lm abm ida arat epb xsaveopt pln pts dtherm tpr_shadow vnmi flexpriority ept vpid fsgsbase tsc_adjust bmi1 avx2 smep bmi2 erms invpcid
bogomips	: 4389.69
clflush size	: 64
cache_alignment	: 64
address sizes	: 39 bits physical, 48 bits virtual
power management:

processor	: 7
vendor_id	: GenuineIntel
cpu family	: 6
model		: 60
model name	: Intel(R) Core(TM) i7-4702HQ CPU @ 2.20GHz
stepping	: 3
microcode	: 0x17
cpu MHz		: 1800.000
cache size	: 6144 KB
physical id	: 0
siblings	: 8
core id		: 3
cpu cores	: 4
apicid		: 7
initial apicid	: 7
fpu		: yes
fpu_exception	: yes
cpuid level	: 13
wp		: yes
flags		: fpu vme de pse tsc msr pae mce cx8 apic sep mtrr pge mca cmov pat pse36 clflush dts acpi mmx fxsr sse sse2 ss ht tm pbe syscall nx pdpe1gb rdtscp lm constant_tsc arch_perfmon pebs bts rep_good nopl xtopology nonstop_tsc aperfmperf eagerfpu pni pclmulqdq dtes64 monitor ds_cpl vmx est tm2 ssse3 fma cx16 xtpr pdcm pcid sse4_1 sse4_2 x2apic movbe popcnt tsc_deadline_timer aes xsave avx f16c rdrand lahf_lm abm ida arat epb xsaveopt pln pts dtherm tpr_shadow vnmi flexpriority ept vpid fsgsbase tsc_adjust bmi1 avx2 smep bmi2 erms invpcid
bogomips	: 4389.69
clflush size	: 64
cache_alignment	: 64
address sizes	: 39 bits physical, 48 bits virtual
power management:



Memory: 4k page, physical 16335088k(10719740k free), swap 16676860k(16676860k free)

vm_info: Java HotSpot(TM) 64-Bit Server VM (25.20-b17) for linux-amd64 JRE (1.8.0_20-ea-b17), built on Jun  4 2014 00:04:06 by "java_re" with gcc 4.3.0 20080428 (Red Hat 4.3.0-8)

time: Tue Dec  9 07:39:16 2014
elapsed time: 16 seconds (0d 0h 0m 16s)

