#
# A fatal error has been detected by the Java Runtime Environment:
#
#  SIGSEGV (0xb) at pc=0x00007fb9c3f82f7e, pid=3802, tid=140435835541248
#
# JRE version: Java(TM) SE Runtime Environment (8.0_20-b17) (build 1.8.0_20-ea-b17)
# Java VM: Java HotSpot(TM) 64-Bit Server VM (25.20-b17 mixed mode linux-amd64 compressed oops)
# Problematic frame:
# C  [ld-linux-x86-64.so.2+0x9f7e]
#
# Failed to write core dump. Core dumps have been disabled. To enable core dumping, try "ulimit -c unlimited" before starting Java again
#
# If you would like to submit a bug report, please visit:
#   http://bugreport.sun.com/bugreport/crash.jsp
# The crash happened outside the Java Virtual Machine in native code.
# See problematic frame for where to report the bug.
#

---------------  T H R E A D  ---------------

Current thread (0x00007fb9bc00d000):  JavaThread "main" [_thread_in_native, id=3807, stack(0x00007fb9c4075000,0x00007fb9c4176000)]

siginfo: si_signo: 11 (SIGSEGV), si_code: 1 (SEGV_MAPERR), si_addr: 0x0000000000000068

Registers:
RAX=0x0000000000000040, RBX=0x000000004c8d3d65, RCX=0x0000000000000025, RDX=0x00000000000003f3
RSP=0x00007fb9c4172a50, RBP=0x0000000000000002, RSI=0x00007fb9c357dd28, RDI=0x00007fb9c41799e8
R8 =0x00000000013234f5, R9 =0x00007fb9c4172a90, R10=0x0000000006020400, R11=0x00007fb9c4172b90
R12=0x0000000000000003, R13=0x00007fb8fc156aa0, R14=0x0000000000000000, R15=0x0000000000000025
RIP=0x00007fb9c3f82f7e, EFLAGS=0x0000000000010202, CSGSFS=0x0000000000000033, ERR=0x0000000000000004
  TRAPNO=0x000000000000000e

Top of Stack: (sp=0x00007fb9c4172a50)
0x00007fb9c4172a50:   00007fb9c4172bc0 00007fb9c2c5af75
0x00007fb9c4172a60:   00007fb900000002 00007fb9c4172ba0
0x00007fb9c4172a70:   00007fb9c4172c30 00007fb9c4172e00
0x00007fb9c4172a80:   00007fb9ad046960 01007fb90000000c
0x00007fb9c4172a90:   0000000000000000 0000000000000000
0x00007fb9c4172aa0:   00007fb9c41799e8 00007fb9bc3fa030
0x00007fb9c4172ab0:   00007fb9c358ad78 0000000000000000
0x00007fb9c4172ac0:   0000000200000000 0000000000000000
0x00007fb9c4172ad0:   00007fb9bc00d000 00007fb9c4172c80
0x00007fb9c4172ae0:   00007fb9c4172c30 0000000000000000
0x00007fb9c4172af0:   0000000000000000 00007fb8fc156f08
0x00007fb9c4172b00:   00007fb8fc156b80 00007fb9c3f83991
0x00007fb9c4172b10:   0000000000000000 0000000000000000
0x00007fb9c4172b20:   0000000000000002 0000000000000000
0x00007fb9c4172b30:   00007fb900000000 00007fb8fc156b80
0x00007fb9c4172b40:   00000007c0008600 00007fb9bc00d000
0x00007fb9c4172b50:   00007fb9c4172bc0 00007fb9c2db1447
0x00007fb9c4172b60:   00007fb983039440 00007fb8fc156f08
0x00007fb9c4172b70:   00007fb9c4172ba0 00007fb9c4172b90
0x00007fb9c4172b80:   000000004c8d3d65 00007fb9bc3fa030
0x00007fb9c4172b90:   00000000ffffffff 00007fb9bc00a5d0
0x00007fb9c4172ba0:   0000000000000000 0000000000000000
0x00007fb9c4172bb0:   00007fb9bc00a470 00007fb9bc00d000
0x00007fb9c4172bc0:   00007fb9c4172d50 00007fb9c2ca1467
0x00007fb9c4172bd0:   000000b1c4173938 00007fb9c41733a0
0x00007fb9c4172be0:   00007fb9c4172c30 00007fb9c4172cb0
0x00007fb9c4172bf0:   00007fb9c4172d80 00007fb9c4172e00
0x00007fb9c4172c00:   00007fb9bc00d1e8 00000000009ae4b0
0x00007fb9c4172c10:   00007fb9c419bcc0 00007fb9bc3fa030
0x00007fb9c4172c20:   0000000000000000 00007fb8fc156b80
0x00007fb9c4172c30:   00007fb9c4172d10 00007fb9c36b0f56
0x00007fb9c4172c40:   0000000600000002 0000000000000000 

Instructions: (pc=0x00007fb9c3f82f7e)
0x00007fb9c3f82f5e:   06 41 83 e7 3f 0f 1f 44 00 00 49 8b 44 ed 00 c7
0x00007fb9c3f82f6e:   44 24 70 00 00 00 00 48 c7 44 24 40 00 00 00 00
0x00007fb9c3f82f7e:   48 8b 78 28 4c 39 f7 48 89 7c 24 50 0f 84 f0 00
0x00007fb9c3f82f8e:   00 00 f6 44 24 7c 02 74 0d f6 87 14 03 00 00 03 

Register to memory mapping:

RAX=0x0000000000000040 is an unknown value
RBX=0x000000004c8d3d65 is an unknown value
RCX=0x0000000000000025 is an unknown value
RDX=0x00000000000003f3 is an unknown value
RSP=0x00007fb9c4172a50 is pointing into the stack for thread: 0x00007fb9bc00d000
RBP=0x0000000000000002 is an unknown value
RSI=0x00007fb9c357dd28: <offset 0x3d28> in /lib/x86_64-linux-gnu/libc.so.6 at 0x00007fb9c357a000
RDI=0x00007fb9c41799e8 is an unknown value
R8 =0x00000000013234f5 is an unknown value
R9 =0x00007fb9c4172a90 is pointing into the stack for thread: 0x00007fb9bc00d000
R10=0x0000000006020400 is an unknown value
R11=0x00007fb9c4172b90 is pointing into the stack for thread: 0x00007fb9bc00d000
R12=0x0000000000000003 is an unknown value
R13=0x00007fb8fc156aa0 is an unknown value
R14=0x0000000000000000 is an unknown value
R15=0x0000000000000025 is an unknown value


Stack: [0x00007fb9c4075000,0x00007fb9c4176000],  sp=0x00007fb9c4172a50,  free space=1014k
Native frames: (J=compiled Java code, j=interpreted, Vv=VM code, C=native code)
C  [ld-linux-x86-64.so.2+0x9f7e]

Java frames: (J=compiled Java code, j=interpreted, Vv=VM code)
j  java.lang.ClassLoader$NativeLibrary.unload(Ljava/lang/String;Z)V+0
j  java.lang.ClassLoader$NativeLibrary.finalize()V+87
v  ~StubRoutines::call_stub
J 1092  sun.reflect.NativeMethodAccessorImpl.invoke0(Ljava/lang/reflect/Method;Ljava/lang/Object;[Ljava/lang/Object;)Ljava/lang/Object; (0 bytes) @ 0x00007fb9ad42b237 [0x00007fb9ad42b1c0+0x77]
J 1091 C1 sun.reflect.NativeMethodAccessorImpl.invoke(Ljava/lang/Object;[Ljava/lang/Object;)Ljava/lang/Object; (104 bytes) @ 0x00007fb9ad42c88c [0x00007fb9ad42b680+0x120c]
J 6811 C2 java.lang.reflect.Method.invoke(Ljava/lang/Object;[Ljava/lang/Object;)Ljava/lang/Object; (62 bytes) @ 0x00007fb9ae58b2e0 [0x00007fb9ae58b220+0xc0]
j  com.inductiveautomation.ignition.gateway.bootstrap.SRFilter.destroy()V+89
j  org.apache.catalina.core.ApplicationFilterConfig.release()V+61
j  org.apache.catalina.core.StandardContext.filterStop()Z+124
j  org.apache.catalina.core.StandardContext.stop()V+142
j  org.apache.catalina.core.ContainerBase.removeChild(Lorg/apache/catalina/Container;)V+90
j  org.apache.catalina.startup.HostConfig.undeployApps()V+77
j  org.apache.catalina.startup.HostConfig.stop()V+28
j  org.apache.catalina.startup.HostConfig.lifecycleEvent(Lorg/apache/catalina/LifecycleEvent;)V+151
j  org.apache.catalina.util.LifecycleSupport.fireLifecycleEvent(Ljava/lang/String;Ljava/lang/Object;)V+178
j  org.apache.catalina.core.ContainerBase.stop()V+60
j  org.apache.catalina.core.ContainerBase.stop()V+118
j  org.apache.catalina.core.StandardEngine.stop()V+1
j  org.apache.catalina.core.StandardService.stop()V+177
j  org.apache.catalina.core.StandardServer.stop()V+65
j  org.apache.catalina.startup.Catalina.stop()V+58
j  org.apache.catalina.startup.Catalina.start()V+198
v  ~StubRoutines::call_stub
j  sun.reflect.NativeMethodAccessorImpl.invoke0(Ljava/lang/reflect/Method;Ljava/lang/Object;[Ljava/lang/Object;)Ljava/lang/Object;+0
j  sun.reflect.NativeMethodAccessorImpl.invoke(Ljava/lang/Object;[Ljava/lang/Object;)Ljava/lang/Object;+100
J 479 C1 sun.reflect.DelegatingMethodAccessorImpl.invoke(Ljava/lang/Object;[Ljava/lang/Object;)Ljava/lang/Object; (10 bytes) @ 0x00007fb9ad2074ac [0x00007fb9ad207380+0x12c]
J 478 C1 java.lang.reflect.Method.invoke(Ljava/lang/Object;[Ljava/lang/Object;)Ljava/lang/Object; (62 bytes) @ 0x00007fb9ad20b6c4 [0x00007fb9ad20b2a0+0x424]
j  org.apache.catalina.startup.Bootstrap.start()V+37
j  org.apache.catalina.startup.Bootstrap.main([Ljava/lang/String;)V+131
v  ~StubRoutines::call_stub

---------------  P R O C E S S  ---------------

Java Threads: ( => current thread )
  0x00007fb9bc4a1000 JavaThread "Thread-23" daemon [_thread_blocked, id=4026, stack(0x00007fb8f4780000,0x00007fb8f4881000)]
  0x00007fb924005800 JavaThread "http-8088-2" daemon [_thread_blocked, id=3976, stack(0x00007fb94bcfd000,0x00007fb94bdfe000)]
  0x00007fb924004800 JavaThread "http-8088-1" daemon [_thread_blocked, id=3975, stack(0x00007fb94b8fb000,0x00007fb94b9fc000)]
  0x00007fb8fd649800 JavaThread "ClockDriftDetector" daemon [_thread_blocked, id=3904, stack(0x00007fb8f51a6000,0x00007fb8f52a7000)]
  0x00007fb8fd646800 JavaThread "PyLib_ScriptWatcher" daemon [_thread_blocked, id=3903, stack(0x00007fb8f54a7000,0x00007fb8f55a8000)]
  0x00007fb8fd640800 JavaThread "PyFile_ChangeNotifier" daemon [_thread_blocked, id=3902, stack(0x00007fb8f55a8000,0x00007fb8f56a9000)]
  0x00007fb8fd63e800 JavaThread "Thread-17" daemon [_thread_in_native, id=3901, stack(0x00007fb8f56a9000,0x00007fb8f57aa000)]
  0x00007fb9bc4b9000 JavaThread "TP-Monitor" daemon [_thread_blocked, id=3865, stack(0x00007fb9492da000,0x00007fb9493db000)]
  0x00007fb9bc4b7800 JavaThread "TP-Processor4" daemon [_thread_blocked, id=3864, stack(0x00007fb9493db000,0x00007fb9494dc000)]
  0x00007fb9bc4b5800 JavaThread "TP-Processor3" daemon [_thread_blocked, id=3863, stack(0x00007fb9494dc000,0x00007fb9495dd000)]
  0x00007fb9bc49e000 JavaThread "TP-Processor2" daemon [_thread_blocked, id=3862, stack(0x00007fb9495dd000,0x00007fb9496de000)]
  0x00007fb9bc498800 JavaThread "TP-Processor1" daemon [_thread_blocked, id=3861, stack(0x00007fb9496de000,0x00007fb9497df000)]
  0x00007fb9bc4a2000 JavaThread "http-8088-Acceptor-0" daemon [_thread_blocked, id=3860, stack(0x00007fb9497df000,0x00007fb9498e0000)]
  0x00007fb9bc41c000 JavaThread "GC Daemon" daemon [_thread_blocked, id=3858, stack(0x00007fb94a03e000,0x00007fb94a13f000)]
  0x00007fb9bc396800 JavaThread "Abandoned connection cleanup thread" daemon [_thread_blocked, id=3857, stack(0x00007fb94b7fa000,0x00007fb94b8fb000)]
  0x00007fb93c006800 JavaThread "RMI Scheduler(0)" daemon [_thread_blocked, id=3853, stack(0x00007fb94b9fc000,0x00007fb94bafd000)]
  0x00007fb9bc1bf000 JavaThread "RMI TCP Accept-0" daemon [_thread_in_native, id=3838, stack(0x00007fb94beff000,0x00007fb94c000000)]
  0x00007fb9bc1b5800 JavaThread "RMI TCP Accept-1099" daemon [_thread_in_native, id=3837, stack(0x00007fb980087000,0x00007fb980188000)]
  0x00007fb9bc1a4800 JavaThread "RMI TCP Accept-0" daemon [_thread_in_native, id=3835, stack(0x00007fb980188000,0x00007fb980289000)]
  0x00007fb9bc0dd000 JavaThread "Service Thread" daemon [_thread_blocked, id=3834, stack(0x00007fb9808eb000,0x00007fb9809ec000)]
  0x00007fb9bc0cf800 JavaThread "C1 CompilerThread3" daemon [_thread_blocked, id=3833, stack(0x00007fb9809ec000,0x00007fb980aed000)]
  0x00007fb9bc0cd000 JavaThread "C2 CompilerThread2" daemon [_thread_blocked, id=3832, stack(0x00007fb980aed000,0x00007fb980bee000)]
  0x00007fb9bc0cb800 JavaThread "C2 CompilerThread1" daemon [_thread_blocked, id=3831, stack(0x00007fb980bee000,0x00007fb980cef000)]
  0x00007fb9bc0c8800 JavaThread "C2 CompilerThread0" daemon [_thread_in_native, id=3830, stack(0x00007fb980cef000,0x00007fb980df0000)]
  0x00007fb9bc0c6800 JavaThread "JDWP Event Helper Thread" daemon [_thread_blocked, id=3821, stack(0x00007fb980ef1000,0x00007fb980ff2000)]
  0x00007fb9bc0b6000 JavaThread "Signal Dispatcher" daemon [_thread_blocked, id=3819, stack(0x00007fb9812f7000,0x00007fb9813f8000)]
  0x00007fb9bc087800 JavaThread "Finalizer" daemon [_thread_blocked, id=3818, stack(0x00007fb9813f8000,0x00007fb9814f9000)]
  0x00007fb9bc085800 JavaThread "Reference Handler" daemon [_thread_blocked, id=3817, stack(0x00007fb9814f9000,0x00007fb9815fa000)]
=>0x00007fb9bc00d000 JavaThread "main" [_thread_in_native, id=3807, stack(0x00007fb9c4075000,0x00007fb9c4176000)]

Other Threads:
  0x00007fb9bc07e800 VMThread [stack: 0x00007fb9815fa000,0x00007fb9816fb000] [id=3816]
  0x00007fb9bc1c9000 WatcherThread [stack: 0x00007fb94bdfe000,0x00007fb94beff000] [id=3839]

VM state:not at safepoint (normal execution)

VM Mutex/Monitor currently owned by a thread: None

Heap:
 PSYoungGen      total 299520K, used 244151K [0x000000076ce00000, 0x0000000780f00000, 0x00000007c0000000)
  eden space 281600K, 86% used [0x000000076ce00000,0x000000077bc6dcc8,0x000000077e100000)
  from space 17920K, 0% used [0x000000077f500000,0x000000077f500000,0x0000000780680000)
  to   space 20480K, 0% used [0x000000077e100000,0x000000077e100000,0x000000077f500000)
 ParOldGen       total 229888K, used 38303K [0x00000006c6a00000, 0x00000006d4a80000, 0x000000076ce00000)
  object space 229888K, 16% used [0x00000006c6a00000,0x00000006c8f67d60,0x00000006d4a80000)
 Metaspace       used 58134K, capacity 59460K, committed 59720K, reserved 1099776K
  class space    used 8379K, capacity 8677K, committed 8696K, reserved 1048576K

Card table byte_map: [0x00007fb9ac834000,0x00007fb9ad000000] byte_map_base: 0x00007fb9a91ff000

Marking Bits: (ParMarkBitMap*) 0x00007fb9c354fc20
 Begin Bits: [0x00007fb9a0350000, 0x00007fb9a41a8000)
 End Bits:   [0x00007fb9a41a8000, 0x00007fb9a8000000)

Polling page: 0x00007fb9c4198000

CodeCache: size=245760Kb used=22167Kb max_used=22444Kb free=223592Kb
 bounds [0x00007fb9ad000000, 0x00007fb9ae620000, 0x00007fb9bc000000]
 total_blobs=6320 nmethods=5728 adapters=513
 compilation: enabled

Compilation events (10 events):
Event: 164.676 Thread 0x00007fb9bc0cf800 6958       3       sun.nio.cs.StreamEncoder::implFlushBuffer (15 bytes)
Event: 164.676 Thread 0x00007fb9bc0cf800 nmethod 6958 0x00007fb9ae0c3990 code [0x00007fb9ae0c3b00, 0x00007fb9ae0c3d68]
Event: 164.677 Thread 0x00007fb9bc0cf800 6959       1       org.apache.log4j.spi.LoggingEvent::getThrowableInformation (5 bytes)
Event: 164.677 Thread 0x00007fb9bc0cf800 nmethod 6959 0x00007fb9ae267f10 code [0x00007fb9ae268060, 0x00007fb9ae268170]
Event: 164.678 Thread 0x00007fb9bc0cf800 6960       1       com.inductiveautomation.ignition.common.util.logging.BinaryAppender::access$400 (5 bytes)
Event: 164.678 Thread 0x00007fb9bc0cf800 nmethod 6960 0x00007fb9ae2b4b90 code [0x00007fb9ae2b4ce0, 0x00007fb9ae2b4dd0]
Event: 164.678 Thread 0x00007fb9bc0cf800 6961       1       org.apache.log4j.Priority::toInt (5 bytes)
Event: 164.678 Thread 0x00007fb9bc0cf800 nmethod 6961 0x00007fb9ae393ed0 code [0x00007fb9ae394020, 0x00007fb9ae394130]
Event: 164.678 Thread 0x00007fb9bc0cf800 6962       1       com.inductiveautomation.ignition.common.util.RAFCircularBuffer::access$300 (5 bytes)
Event: 164.678 Thread 0x00007fb9bc0cf800 nmethod 6962 0x00007fb9ae3bc890 code [0x00007fb9ae3bc9e0, 0x00007fb9ae3bcad0]

GC Heap History (10 events):
Event: 6.450 GC heap before
{Heap before GC invocations=9 (full 2):
 PSYoungGen      total 172032K, used 13286K [0x000000076ce00000, 0x000000077e080000, 0x00000007c0000000)
  eden space 157184K, 0% used [0x000000076ce00000,0x000000076ce00000,0x0000000776780000)
  from space 14848K, 89% used [0x0000000776780000,0x0000000777479aa8,0x0000000777600000)
  to   space 16384K, 0% used [0x000000077d080000,0x000000077d080000,0x000000077e080000)
 ParOldGen       total 109056K, used 12845K [0x00000006c6a00000, 0x00000006cd480000, 0x000000076ce00000)
  object space 109056K, 11% used [0x00000006c6a00000,0x00000006c768b5c8,0x00000006cd480000)
 Metaspace       used 34692K, capacity 35140K, committed 35320K, reserved 1079296K
  class space    used 4630K, capacity 4768K, committed 4856K, reserved 1048576K
Event: 6.522 GC heap after
Heap after GC invocations=9 (full 2):
 PSYoungGen      total 172032K, used 0K [0x000000076ce00000, 0x000000077e080000, 0x00000007c0000000)
  eden space 157184K, 0% used [0x000000076ce00000,0x000000076ce00000,0x0000000776780000)
  from space 14848K, 0% used [0x0000000776780000,0x0000000776780000,0x0000000777600000)
  to   space 16384K, 0% used [0x000000077d080000,0x000000077d080000,0x000000077e080000)
 ParOldGen       total 166912K, used 23771K [0x00000006c6a00000, 0x00000006d0d00000, 0x000000076ce00000)
  object space 166912K, 14% used [0x00000006c6a00000,0x00000006c8136e28,0x00000006d0d00000)
 Metaspace       used 34692K, capacity 35140K, committed 35320K, reserved 1079296K
  class space    used 4630K, capacity 4768K, committed 4856K, reserved 1048576K
}
Event: 7.678 GC heap before
{Heap before GC invocations=10 (full 2):
 PSYoungGen      total 172032K, used 157184K [0x000000076ce00000, 0x000000077e080000, 0x00000007c0000000)
  eden space 157184K, 100% used [0x000000076ce00000,0x0000000776780000,0x0000000776780000)
  from space 14848K, 0% used [0x0000000776780000,0x0000000776780000,0x0000000777600000)
  to   space 16384K, 0% used [0x000000077d080000,0x000000077d080000,0x000000077e080000)
 ParOldGen       total 166912K, used 23771K [0x00000006c6a00000, 0x00000006d0d00000, 0x000000076ce00000)
  object space 166912K, 14% used [0x00000006c6a00000,0x00000006c8136e28,0x00000006d0d00000)
 Metaspace       used 40026K, capacity 40520K, committed 40824K, reserved 1083392K
  class space    used 5795K, capacity 5905K, committed 6008K, reserved 1048576K
Event: 7.684 GC heap after
Heap after GC invocations=10 (full 2):
 PSYoungGen      total 234496K, used 6224K [0x000000076ce00000, 0x000000077d700000, 0x00000007c0000000)
  eden space 227840K, 0% used [0x000000076ce00000,0x000000076ce00000,0x000000077ac80000)
  from space 6656K, 93% used [0x000000077d080000,0x000000077d694148,0x000000077d700000)
  to   space 16384K, 0% used [0x000000077b700000,0x000000077b700000,0x000000077c700000)
 ParOldGen       total 166912K, used 23779K [0x00000006c6a00000, 0x00000006d0d00000, 0x000000076ce00000)
  object space 166912K, 14% used [0x00000006c6a00000,0x00000006c8138e28,0x00000006d0d00000)
 Metaspace       used 40026K, capacity 40520K, committed 40824K, reserved 1083392K
  class space    used 5795K, capacity 5905K, committed 6008K, reserved 1048576K
}
Event: 9.834 GC heap before
{Heap before GC invocations=11 (full 2):
 PSYoungGen      total 234496K, used 234064K [0x000000076ce00000, 0x000000077d700000, 0x00000007c0000000)
  eden space 227840K, 100% used [0x000000076ce00000,0x000000077ac80000,0x000000077ac80000)
  from space 6656K, 93% used [0x000000077d080000,0x000000077d694148,0x000000077d700000)
  to   space 16384K, 0% used [0x000000077b700000,0x000000077b700000,0x000000077c700000)
 ParOldGen       total 166912K, used 23779K [0x00000006c6a00000, 0x00000006d0d00000, 0x000000076ce00000)
  object space 166912K, 14% used [0x00000006c6a00000,0x00000006c8138e28,0x00000006d0d00000)
 Metaspace       used 50345K, capacity 50996K, committed 51320K, reserved 1093632K
  class space    used 7289K, capacity 7432K, committed 7544K, reserved 1048576K
Event: 9.848 GC heap after
Heap after GC invocations=11 (full 2):
 PSYoungGen      total 254976K, used 15421K [0x000000076ce00000, 0x0000000780680000, 0x00000007c0000000)
  eden space 238592K, 0% used [0x000000076ce00000,0x000000076ce00000,0x000000077b700000)
  from space 16384K, 94% used [0x000000077b700000,0x000000077c60f450,0x000000077c700000)
  to   space 17920K, 0% used [0x000000077f500000,0x000000077f500000,0x0000000780680000)
 ParOldGen       total 166912K, used 23787K [0x00000006c6a00000, 0x00000006d0d00000, 0x000000076ce00000)
  object space 166912K, 14% used [0x00000006c6a00000,0x00000006c813ae28,0x00000006d0d00000)
 Metaspace       used 50345K, capacity 50996K, committed 51320K, reserved 1093632K
  class space    used 7289K, capacity 7432K, committed 7544K, reserved 1048576K
}
Event: 131.225 GC heap before
{Heap before GC invocations=12 (full 2):
 PSYoungGen      total 254976K, used 251790K [0x000000076ce00000, 0x0000000780680000, 0x00000007c0000000)
  eden space 238592K, 99% used [0x000000076ce00000,0x000000077b4d4660,0x000000077b700000)
  from space 16384K, 94% used [0x000000077b700000,0x000000077c60f450,0x000000077c700000)
  to   space 17920K, 0% used [0x000000077f500000,0x000000077f500000,0x0000000780680000)
 ParOldGen       total 166912K, used 23787K [0x00000006c6a00000, 0x00000006d0d00000, 0x000000076ce00000)
  object space 166912K, 14% used [0x00000006c6a00000,0x00000006c813ae28,0x00000006d0d00000)
 Metaspace       used 57356K, capacity 58560K, committed 58568K, reserved 1099776K
  class space    used 8289K, capacity 8560K, committed 8568K, reserved 1048576K
Event: 131.243 GC heap after
Heap after GC invocations=12 (full 2):
 PSYoungGen      total 299520K, used 17905K [0x000000076ce00000, 0x0000000780f00000, 0x00000007c0000000)
  eden space 281600K, 0% used [0x000000076ce00000,0x000000076ce00000,0x000000077e100000)
  from space 17920K, 99% used [0x000000077f500000,0x000000078067c450,0x0000000780680000)
  to   space 20480K, 0% used [0x000000077e100000,0x000000077e100000,0x000000077f500000)
 ParOldGen       total 166912K, used 24811K [0x00000006c6a00000, 0x00000006d0d00000, 0x000000076ce00000)
  object space 166912K, 14% used [0x00000006c6a00000,0x00000006c823aca0,0x00000006d0d00000)
 Metaspace       used 57356K, capacity 58560K, committed 58568K, reserved 1099776K
  class space    used 8289K, capacity 8560K, committed 8568K, reserved 1048576K
}
Event: 131.243 GC heap before
{Heap before GC invocations=13 (full 3):
 PSYoungGen      total 299520K, used 17905K [0x000000076ce00000, 0x0000000780f00000, 0x00000007c0000000)
  eden space 281600K, 0% used [0x000000076ce00000,0x000000076ce00000,0x000000077e100000)
  from space 17920K, 99% used [0x000000077f500000,0x000000078067c450,0x0000000780680000)
  to   space 20480K, 0% used [0x000000077e100000,0x000000077e100000,0x000000077f500000)
 ParOldGen       total 166912K, used 24811K [0x00000006c6a00000, 0x00000006d0d00000, 0x000000076ce00000)
  object space 166912K, 14% used [0x00000006c6a00000,0x00000006c823aca0,0x00000006d0d00000)
 Metaspace       used 57356K, capacity 58560K, committed 58568K, reserved 1099776K
  class space    used 8289K, capacity 8560K, committed 8568K, reserved 1048576K
Event: 131.436 GC heap after
Heap after GC invocations=13 (full 3):
 PSYoungGen      total 299520K, used 0K [0x000000076ce00000, 0x0000000780f00000, 0x00000007c0000000)
  eden space 281600K, 0% used [0x000000076ce00000,0x000000076ce00000,0x000000077e100000)
  from space 17920K, 0% used [0x000000077f500000,0x000000077f500000,0x0000000780680000)
  to   space 20480K, 0% used [0x000000077e100000,0x000000077e100000,0x000000077f500000)
 ParOldGen       total 229888K, used 38303K [0x00000006c6a00000, 0x00000006d4a80000, 0x000000076ce00000)
  object space 229888K, 16% used [0x00000006c6a00000,0x00000006c8f67d60,0x00000006d4a80000)
 Metaspace       used 57285K, capacity 58462K, committed 58568K, reserved 1099776K
  class space    used 8288K, capacity 8554K, committed 8568K, reserved 1048576K
}

Deoptimization events (10 events):
Event: 164.557 Thread 0x00007fb9bc00d000 Uncommon trap: reason=unreached action=reinterpret pc=0x00007fb9adae07a0 method=org.hsqldb.store.BaseHashMap.clearElementArrays(II)V @ 185
Event: 164.561 Thread 0x00007fb8fc674000 Uncommon trap: reason=unreached action=reinterpret pc=0x00007fb9ad6de138 method=org.hsqldb.lib.HsqlTimer$TaskQueue.peekTask()Lorg/hsqldb/lib/HsqlTimer$Task; @ 6
Event: 164.671 Thread 0x00007fb9bc00d000 Uncommon trap: reason=bimorphic action=maybe_recompile pc=0x00007fb9ae246bb8 method=java.io.ObjectOutputStream$BlockDataOutputStream.drain()V @ 36
Event: 164.671 Thread 0x00007fb9bc00d000 Uncommon trap: reason=bimorphic action=maybe_recompile pc=0x00007fb9ae246bb8 method=java.io.ObjectOutputStream$BlockDataOutputStream.drain()V @ 36
Event: 164.671 Thread 0x00007fb9bc00d000 Uncommon trap: reason=bimorphic action=maybe_recompile pc=0x00007fb9ae2691cc method=java.io.ObjectOutputStream$BlockDataOutputStream.drain()V @ 36
Event: 164.671 Thread 0x00007fb9bc00d000 Uncommon trap: reason=class_check action=maybe_recompile pc=0x00007fb9ae5cf300 method=java.io.ObjectOutputStream$BlockDataOutputStream.write([BIIZ)V @ 23
Event: 164.673 Thread 0x00007fb9bc00d000 Uncommon trap: reason=class_check action=maybe_recompile pc=0x00007fb9ae30c9cc method=java.io.ObjectOutputStream$BlockDataOutputStream.write([BIIZ)V @ 23
Event: 164.674 Thread 0x00007fb9bc00d000 Uncommon trap: reason=class_check action=maybe_recompile pc=0x00007fb9ae30c9cc method=java.io.ObjectOutputStream$BlockDataOutputStream.write([BIIZ)V @ 23
Event: 164.676 Thread 0x00007fb9bc00d000 Uncommon trap: reason=class_check action=maybe_recompile pc=0x00007fb9ae5cf300 method=java.io.ObjectOutputStream$BlockDataOutputStream.write([BIIZ)V @ 23
Event: 164.677 Thread 0x00007fb9bc00d000 Uncommon trap: reason=class_check action=maybe_recompile pc=0x00007fb9ae30c9cc method=java.io.ObjectOutputStream$BlockDataOutputStream.write([BIIZ)V @ 23

Internal exceptions (10 events):
Event: 164.542 Thread 0x00007fb9bc00d000 Exception <a 'java/security/PrivilegedActionException'> (0x000000077acfbb18) thrown at [/HUDSON/workspace/8-2-build-linux-amd64/jdk8u20/526.nc/hotspot/src/share/vm/prims/jvm.cpp, line 1258]
Event: 164.544 Thread 0x00007fb9bc00d000 Exception <a 'java/security/PrivilegedActionException'> (0x000000077ad0dfa0) thrown at [/HUDSON/workspace/8-2-build-linux-amd64/jdk8u20/526.nc/hotspot/src/share/vm/prims/jvm.cpp, line 1258]
Event: 164.544 Thread 0x00007fb9bc00d000 Exception <a 'java/security/PrivilegedActionException'> (0x000000077ad0eb40) thrown at [/HUDSON/workspace/8-2-build-linux-amd64/jdk8u20/526.nc/hotspot/src/share/vm/prims/jvm.cpp, line 1258]
Event: 164.545 Thread 0x00007fb9bc00d000 Exception <a 'java/lang/NullPointerException'> (0x000000077ad176e0) thrown at [/HUDSON/workspace/8-2-build-linux-amd64/jdk8u20/526.nc/hotspot/src/share/vm/interpreter/linkResolver.cpp, line 1268]
Event: 164.676 Thread 0x00007fb9bc00d000 Exception <a 'java/security/PrivilegedActionException'> (0x000000077ad39cd8) thrown at [/HUDSON/workspace/8-2-build-linux-amd64/jdk8u20/526.nc/hotspot/src/share/vm/prims/jvm.cpp, line 1258]
Event: 164.676 Thread 0x00007fb9bc00d000 Exception <a 'java/security/PrivilegedActionException'> (0x000000077ad3acb8) thrown at [/HUDSON/workspace/8-2-build-linux-amd64/jdk8u20/526.nc/hotspot/src/share/vm/prims/jvm.cpp, line 1258]
Event: 164.676 Thread 0x00007fb9bc00d000 Exception <a 'java/security/PrivilegedActionException'> (0x000000077ad4ae48) thrown at [/HUDSON/workspace/8-2-build-linux-amd64/jdk8u20/526.nc/hotspot/src/share/vm/prims/jvm.cpp, line 1258]
Event: 164.677 Thread 0x00007fb9bc00d000 Exception <a 'java/security/PrivilegedActionException'> (0x000000077ad4beb8) thrown at [/HUDSON/workspace/8-2-build-linux-amd64/jdk8u20/526.nc/hotspot/src/share/vm/prims/jvm.cpp, line 1258]
Event: 164.677 Thread 0x00007fb9bc00d000 Exception <a 'java/security/PrivilegedActionException'> (0x000000077ad5c578) thrown at [/HUDSON/workspace/8-2-build-linux-amd64/jdk8u20/526.nc/hotspot/src/share/vm/prims/jvm.cpp, line 1258]
Event: 164.677 Thread 0x00007fb9bc00d000 Exception <a 'java/security/PrivilegedActionException'> (0x000000077ad5d598) thrown at [/HUDSON/workspace/8-2-build-linux-amd64/jdk8u20/526.nc/hotspot/src/share/vm/prims/jvm.cpp, line 1258]

Events (10 events):
Event: 164.679 Thread 0x00007fb9bc00d000 DEOPT PACKING pc=0x00007fb9ae256a0c sp=0x00007fb9c4171a70
Event: 164.679 Thread 0x00007fb9bc00d000 DEOPT UNPACKING pc=0x00007fb9ad04741a sp=0x00007fb9c4171838 mode 1
Event: 164.679 Thread 0x00007fb9bc00d000 DEOPT PACKING pc=0x00007fb9ae1d54a4 sp=0x00007fb9c41719e0
Event: 164.679 Thread 0x00007fb9bc00d000 DEOPT UNPACKING pc=0x00007fb9ad04741a sp=0x00007fb9c41717b8 mode 1
Event: 164.679 Thread 0x00007fb9bc00d000 DEOPT PACKING pc=0x00007fb9ae1d54a4 sp=0x00007fb9c41719a0
Event: 164.679 Thread 0x00007fb9bc00d000 DEOPT UNPACKING pc=0x00007fb9ad04741a sp=0x00007fb9c4171760 mode 1
Event: 164.679 Thread 0x00007fb9bc00d000 DEOPT PACKING pc=0x00007fb9ae256a0c sp=0x00007fb9c4171a70
Event: 164.679 Thread 0x00007fb9bc00d000 DEOPT UNPACKING pc=0x00007fb9ad04741a sp=0x00007fb9c4171838 mode 1
Event: 164.679 Thread 0x00007fb9bc00d000 DEOPT PACKING pc=0x00007fb9ae1d54a4 sp=0x00007fb9c41719e0
Event: 164.679 Thread 0x00007fb9bc00d000 DEOPT UNPACKING pc=0x00007fb9ad04741a sp=0x00007fb9c41717b8 mode 1


Dynamic libraries:
00400000-00401000 r-xp 00000000 08:06 19938758                           /usr/lib/jvm/jdk1.8.0_20/bin/java
00600000-00601000 rw-p 00000000 08:06 19938758                           /usr/lib/jvm/jdk1.8.0_20/bin/java
009ae000-009cf000 rw-p 00000000 00:00 0                                  [heap]
6c6a00000-6d4a80000 rw-p 00000000 00:00 0 
6d4a80000-76ce00000 ---p 00000000 00:00 0 
76ce00000-780f00000 rw-p 00000000 00:00 0 
780f00000-7c0000000 ---p 00000000 00:00 0 
7c0000000-7c087e000 rw-p 00000000 00:00 0 
7c087e000-800000000 ---p 00000000 00:00 0 
7fb8a0000000-7fb8a0021000 rw-p 00000000 00:00 0 
7fb8a0021000-7fb8a4000000 ---p 00000000 00:00 0 
7fb8a4000000-7fb8a4021000 rw-p 00000000 00:00 0 
7fb8a4021000-7fb8a8000000 ---p 00000000 00:00 0 
7fb8a8000000-7fb8a8021000 rw-p 00000000 00:00 0 
7fb8a8021000-7fb8ac000000 ---p 00000000 00:00 0 
7fb8ac000000-7fb8ac021000 rw-p 00000000 00:00 0 
7fb8ac021000-7fb8b0000000 ---p 00000000 00:00 0 
7fb8b0000000-7fb8b0021000 rw-p 00000000 00:00 0 
7fb8b0021000-7fb8b4000000 ---p 00000000 00:00 0 
7fb8b4000000-7fb8b4021000 rw-p 00000000 00:00 0 
7fb8b4021000-7fb8b8000000 ---p 00000000 00:00 0 
7fb8b8000000-7fb8b8021000 rw-p 00000000 00:00 0 
7fb8b8021000-7fb8bc000000 ---p 00000000 00:00 0 
7fb8bc000000-7fb8bc021000 rw-p 00000000 00:00 0 
7fb8bc021000-7fb8c0000000 ---p 00000000 00:00 0 
7fb8c0000000-7fb8c0021000 rw-p 00000000 00:00 0 
7fb8c0021000-7fb8c4000000 ---p 00000000 00:00 0 
7fb8c4000000-7fb8c427c000 rw-p 00000000 00:00 0 
7fb8c427c000-7fb8c8000000 ---p 00000000 00:00 0 
7fb8c8000000-7fb8c8021000 rw-p 00000000 00:00 0 
7fb8c8021000-7fb8cc000000 ---p 00000000 00:00 0 
7fb8cc000000-7fb8cc021000 rw-p 00000000 00:00 0 
7fb8cc021000-7fb8d0000000 ---p 00000000 00:00 0 
7fb8d0000000-7fb8d0021000 rw-p 00000000 00:00 0 
7fb8d0021000-7fb8d4000000 ---p 00000000 00:00 0 
7fb8d4000000-7fb8d4021000 rw-p 00000000 00:00 0 
7fb8d4021000-7fb8d8000000 ---p 00000000 00:00 0 
7fb8d8000000-7fb8d8021000 rw-p 00000000 00:00 0 
7fb8d8021000-7fb8dc000000 ---p 00000000 00:00 0 
7fb8dc000000-7fb8dc021000 rw-p 00000000 00:00 0 
7fb8dc021000-7fb8e0000000 ---p 00000000 00:00 0 
7fb8e0000000-7fb8e0021000 rw-p 00000000 00:00 0 
7fb8e0021000-7fb8e4000000 ---p 00000000 00:00 0 
7fb8e4000000-7fb8e4021000 rw-p 00000000 00:00 0 
7fb8e4021000-7fb8e8000000 ---p 00000000 00:00 0 
7fb8e8000000-7fb8e8021000 rw-p 00000000 00:00 0 
7fb8e8021000-7fb8ec000000 ---p 00000000 00:00 0 
7fb8ec000000-7fb8ec021000 rw-p 00000000 00:00 0 
7fb8ec021000-7fb8f0000000 ---p 00000000 00:00 0 
7fb8f0000000-7fb8f0021000 rw-p 00000000 00:00 0 
7fb8f0021000-7fb8f4000000 ---p 00000000 00:00 0 
7fb8f417e000-7fb8f4181000 ---p 00000000 00:00 0 
7fb8f4181000-7fb8f427f000 rw-p 00000000 00:00 0 
7fb8f427f000-7fb8f4282000 ---p 00000000 00:00 0 
7fb8f4282000-7fb8f4554000 rw-p 00000000 00:00 0 
7fb8f4554000-7fb8f4580000 ---p 00000000 00:00 0 
7fb8f4580000-7fb8f4780000 rw-p 00000000 00:00 0 
7fb8f4780000-7fb8f4783000 ---p 00000000 00:00 0 
7fb8f4783000-7fb8f4881000 rw-p 00000000 00:00 0                          [stack:4026]
7fb8f4881000-7fb8f4884000 ---p 00000000 00:00 0 
7fb8f4884000-7fb8f4b82000 rw-p 00000000 00:00 0 
7fb8f4b82000-7fb8f4b99000 r-xp 00000000 08:06 15602148                   /lib/x86_64-linux-gnu/libresolv-2.19.so
7fb8f4b99000-7fb8f4d99000 ---p 00017000 08:06 15602148                   /lib/x86_64-linux-gnu/libresolv-2.19.so
7fb8f4d99000-7fb8f4d9a000 r--p 00017000 08:06 15602148                   /lib/x86_64-linux-gnu/libresolv-2.19.so
7fb8f4d9a000-7fb8f4d9b000 rw-p 00018000 08:06 15602148                   /lib/x86_64-linux-gnu/libresolv-2.19.so
7fb8f4d9b000-7fb8f4d9d000 rw-p 00000000 00:00 0 
7fb8f4d9d000-7fb8f4da2000 r-xp 00000000 08:06 15602324                   /lib/x86_64-linux-gnu/libnss_dns-2.19.so
7fb8f4da2000-7fb8f4fa1000 ---p 00005000 08:06 15602324                   /lib/x86_64-linux-gnu/libnss_dns-2.19.so
7fb8f4fa1000-7fb8f4fa2000 r--p 00004000 08:06 15602324                   /lib/x86_64-linux-gnu/libnss_dns-2.19.so
7fb8f4fa2000-7fb8f4fa3000 rw-p 00005000 08:06 15602324                   /lib/x86_64-linux-gnu/libnss_dns-2.19.so
7fb8f4fa3000-7fb8f4fa5000 r-xp 00000000 08:06 15601607                   /lib/x86_64-linux-gnu/libnss_mdns4_minimal.so.2
7fb8f4fa5000-7fb8f51a4000 ---p 00002000 08:06 15601607                   /lib/x86_64-linux-gnu/libnss_mdns4_minimal.so.2
7fb8f51a4000-7fb8f51a5000 r--p 00001000 08:06 15601607                   /lib/x86_64-linux-gnu/libnss_mdns4_minimal.so.2
7fb8f51a5000-7fb8f51a6000 rw-p 00002000 08:06 15601607                   /lib/x86_64-linux-gnu/libnss_mdns4_minimal.so.2
7fb8f51a6000-7fb8f51a9000 ---p 00000000 00:00 0 
7fb8f51a9000-7fb8f54a7000 rw-p 00000000 00:00 0                          [stack:3904]
7fb8f54a7000-7fb8f54aa000 ---p 00000000 00:00 0 
7fb8f54aa000-7fb8f55a8000 rw-p 00000000 00:00 0                          [stack:3903]
7fb8f55a8000-7fb8f55ab000 ---p 00000000 00:00 0 
7fb8f55ab000-7fb8f56a9000 rw-p 00000000 00:00 0                          [stack:3902]
7fb8f56a9000-7fb8f56ac000 ---p 00000000 00:00 0 
7fb8f56ac000-7fb8f57aa000 rw-p 00000000 00:00 0                          [stack:3901]
7fb8f57aa000-7fb8f57ad000 ---p 00000000 00:00 0 
7fb8f57ad000-7fb8f5aab000 rw-p 00000000 00:00 0 
7fb8f5aab000-7fb8f5cab000 rw-p 00000000 00:00 0 
7fb8f5cab000-7fb8f5cae000 ---p 00000000 00:00 0 
7fb8f5cae000-7fb8f5fac000 rw-p 00000000 00:00 0 
7fb8f5fe5000-7fb8f5fe8000 ---p 00000000 00:00 0 
7fb8f5fe8000-7fb8f60e6000 rw-p 00000000 00:00 0 
7fb8f60e6000-7fb8f60e9000 ---p 00000000 00:00 0 
7fb8f60e9000-7fb8f61e7000 rw-p 00000000 00:00 0 
7fb8f61e7000-7fb8f61ea000 ---p 00000000 00:00 0 
7fb8f61ea000-7fb8f62e8000 rw-p 00000000 00:00 0 
7fb8f62e8000-7fb8f62eb000 ---p 00000000 00:00 0 
7fb8f62eb000-7fb8f63e9000 rw-p 00000000 00:00 0 
7fb8f63e9000-7fb8f63ec000 ---p 00000000 00:00 0 
7fb8f63ec000-7fb8f64ea000 rw-p 00000000 00:00 0 
7fb8f64ea000-7fb8f64ed000 ---p 00000000 00:00 0 
7fb8f64ed000-7fb8f67eb000 rw-p 00000000 00:00 0 
7fb8f67eb000-7fb8f67ee000 ---p 00000000 00:00 0 
7fb8f67ee000-7fb8f68ec000 rw-p 00000000 00:00 0 
7fb8f68ec000-7fb8f68ef000 ---p 00000000 00:00 0 
7fb8f68ef000-7fb8f69ed000 rw-p 00000000 00:00 0 
7fb8f69ed000-7fb8f69f0000 ---p 00000000 00:00 0 
7fb8f69f0000-7fb8f6aee000 rw-p 00000000 00:00 0 
7fb8f6aee000-7fb8f6af1000 ---p 00000000 00:00 0 
7fb8f6af1000-7fb8f6bef000 rw-p 00000000 00:00 0 
7fb8f6bef000-7fb8f6bf2000 ---p 00000000 00:00 0 
7fb8f6bf2000-7fb8f6cf0000 rw-p 00000000 00:00 0 
7fb8f6cf0000-7fb8f6cf3000 ---p 00000000 00:00 0 
7fb8f6cf3000-7fb8f6df1000 rw-p 00000000 00:00 0 
7fb8f6df1000-7fb8f6df4000 ---p 00000000 00:00 0 
7fb8f6df4000-7fb8f70f2000 rw-p 00000000 00:00 0 
7fb8f70f2000-7fb8f72f2000 rw-p 00000000 00:00 0 
7fb8f7400000-7fb8f7600000 rw-p 00000000 00:00 0 
7fb8f7600000-7fb8f7800000 rw-p 00000000 00:00 0 
7fb8f7800000-7fb8f7a00000 rw-p 00000000 00:00 0 
7fb8f7a00000-7fb8f7c00000 rw-p 00000000 00:00 0 
7fb8f7c00000-7fb8f7e00000 rw-p 00000000 00:00 0 
7fb8f7e00000-7fb8f8000000 rw-p 00000000 00:00 0 
7fb8f8000000-7fb8f80be000 rw-p 00000000 00:00 0 
7fb8f80be000-7fb8fc000000 ---p 00000000 00:00 0 
7fb8fc000000-7fb8fd738000 rw-p 00000000 00:00 0 
7fb8fd738000-7fb900000000 ---p 00000000 00:00 0 
7fb900000000-7fb900021000 rw-p 00000000 00:00 0 
7fb900021000-7fb904000000 ---p 00000000 00:00 0 
7fb904000000-7fb904021000 rw-p 00000000 00:00 0 
7fb904021000-7fb908000000 ---p 00000000 00:00 0 
7fb908000000-7fb908021000 rw-p 00000000 00:00 0 
7fb908021000-7fb90c000000 ---p 00000000 00:00 0 
7fb90c000000-7fb90c0f6000 rw-p 00000000 00:00 0 
7fb90c0f6000-7fb910000000 ---p 00000000 00:00 0 
7fb910000000-7fb910021000 rw-p 00000000 00:00 0 
7fb910021000-7fb914000000 ---p 00000000 00:00 0 
7fb914000000-7fb91405d000 rw-p 00000000 00:00 0 
7fb91405d000-7fb918000000 ---p 00000000 00:00 0 
7fb918000000-7fb918021000 rw-p 00000000 00:00 0 
7fb918021000-7fb91c000000 ---p 00000000 00:00 0 
7fb91c000000-7fb91c021000 rw-p 00000000 00:00 0 
7fb91c021000-7fb920000000 ---p 00000000 00:00 0 
7fb920000000-7fb920084000 rw-p 00000000 00:00 0 
7fb920084000-7fb924000000 ---p 00000000 00:00 0 
7fb924000000-7fb924021000 rw-p 00000000 00:00 0 
7fb924021000-7fb928000000 ---p 00000000 00:00 0 
7fb928000000-7fb928021000 rw-p 00000000 00:00 0 
7fb928021000-7fb92c000000 ---p 00000000 00:00 0 
7fb92c000000-7fb92c021000 rw-p 00000000 00:00 0 
7fb92c021000-7fb930000000 ---p 00000000 00:00 0 
7fb930000000-7fb930021000 rw-p 00000000 00:00 0 
7fb930021000-7fb934000000 ---p 00000000 00:00 0 
7fb934000000-7fb9346d6000 rw-p 00000000 00:00 0 
7fb9346d6000-7fb938000000 ---p 00000000 00:00 0 
7fb938000000-7fb938021000 rw-p 00000000 00:00 0 
7fb938021000-7fb93c000000 ---p 00000000 00:00 0 
7fb93c000000-7fb93c13d000 rw-p 00000000 00:00 0 
7fb93c13d000-7fb940000000 ---p 00000000 00:00 0 
7fb940000000-7fb940021000 rw-p 00000000 00:00 0 
7fb940021000-7fb944000000 ---p 00000000 00:00 0 
7fb944000000-7fb944021000 rw-p 00000000 00:00 0 
7fb944021000-7fb948000000 ---p 00000000 00:00 0 
7fb948042000-7fb948049000 r--s 00000000 08:06 15863595                   /usr/lib/x86_64-linux-gnu/gconv/gconv-modules.cache
7fb948049000-7fb94804c000 ---p 00000000 00:00 0 
7fb94804c000-7fb94814a000 rw-p 00000000 00:00 0 
7fb94814a000-7fb94814c000 r--s 00003000 08:06 660443                     /usr/local/development/dev-7-7/Ignition/IgnitionWebApp/src/main/home/temp/sfc-gateway-api8197278846476357491.jar
7fb94814c000-7fb94814f000 r--s 00019000 08:06 660442                     /usr/local/development/dev-7-7/Ignition/IgnitionWebApp/src/main/home/temp/sfc-gateway6361852612563451580.jar
7fb94814f000-7fb948152000 r--s 00016000 08:06 659385                     /usr/local/development/dev-7-7/Ignition/IgnitionWebApp/src/main/home/temp/sfc-common6875905422705541902.jar
7fb948152000-7fb948156000 r--s 000be000 08:06 659376                     /usr/local/development/dev-7-7/Ignition/IgnitionWebApp/src/main/home/temp/vis-gateway5798570616052092873.jar
7fb948156000-7fb94815e000 r--s 0009e000 08:06 657830                     /usr/local/development/dev-7-7/Ignition/IgnitionWebApp/src/main/home/temp/secsgem-gateway1275107204853963326.jar
7fb948360000-7fb948363000 ---p 00000000 00:00 0 
7fb948363000-7fb948461000 rw-p 00000000 00:00 0 
7fb948461000-7fb948464000 ---p 00000000 00:00 0 
7fb948464000-7fb948562000 rw-p 00000000 00:00 0 
7fb948562000-7fb948565000 ---p 00000000 00:00 0 
7fb948565000-7fb948863000 rw-p 00000000 00:00 0 
7fb948863000-7fb948876000 r--s 00345000 08:06 20582253                   /usr/lib/jvm/jdk1.8.0_20/jre/lib/resources.jar
7fb948876000-7fb948879000 ---p 00000000 00:00 0 
7fb948879000-7fb948b78000 rw-p 00000000 00:00 0 
7fb948b78000-7fb948b79000 r--s 00002000 08:06 659380                     /usr/local/development/dev-7-7/Ignition/IgnitionWebApp/src/main/home/temp/vis-common1826341682840990460.jar
7fb948b79000-7fb948b7a000 r--s 00004000 08:06 658862                     /usr/local/development/dev-7-7/Ignition/IgnitionWebApp/src/main/home/temp/secsgem-shared1027979686705115807.jar
7fb948b7a000-7fb948b7b000 r--s 00000000 08:06 2374863                    /usr/local/development/dev-7-7/Ignition/IgnitionWebApp/target/ignition-webapp-7.7/WEB-INF/lib/xopc-common-2.7.2-SNAPSHOT.jar
7fb948b7b000-7fb948b93000 r--s 000f6000 08:06 2374859                    /usr/local/development/dev-7-7/Ignition/IgnitionWebApp/target/ignition-webapp-7.7/WEB-INF/lib/xopc-2.7.2-SNAPSHOT.jar
7fb948b93000-7fb948ba0000 r--s 000a0000 08:06 2374890                    /usr/local/development/dev-7-7/Ignition/IgnitionWebApp/target/ignition-webapp-7.7/WEB-INF/lib/winpack-3.8.3.jar
7fb948ba0000-7fb948baa000 r--s 0005c000 08:06 2365026                    /usr/local/development/dev-7-7/Ignition/IgnitionWebApp/target/ignition-webapp-7.7/WEB-INF/lib/wicket-util-6.1.1.jar
7fb948baa000-7fb948bad000 r--s 00012000 08:06 2365027                    /usr/local/development/dev-7-7/Ignition/IgnitionWebApp/target/ignition-webapp-7.7/WEB-INF/lib/wicket-request-6.1.1.jar
7fb948bad000-7fb948bbf000 r--s 00138000 08:06 2374825                    /usr/local/development/dev-7-7/Ignition/IgnitionWebApp/target/ignition-webapp-7.7/WEB-INF/lib/wicket-extensions-6.1.1.jar
7fb948bbf000-7fb948bc2000 r--s 00038000 08:06 2374824                    /usr/local/development/dev-7-7/Ignition/IgnitionWebApp/target/ignition-webapp-7.7/WEB-INF/lib/wicket-datetime-6.1.1.jar
7fb948bc2000-7fb948be5000 r--s 001a3000 08:06 2365025                    /usr/local/development/dev-7-7/Ignition/IgnitionWebApp/target/ignition-webapp-7.7/WEB-INF/lib/wicket-core-6.1.1.jar
7fb948be5000-7fb948be7000 r--s 0012e000 08:06 2374875                    /usr/local/development/dev-7-7/Ignition/IgnitionWebApp/target/ignition-webapp-7.7/WEB-INF/lib/voice-cmu-slt-hsmm-5.0.jar
7fb948be7000-7fb948be8000 r--s 00006000 08:06 2374865                    /usr/local/development/dev-7-7/Ignition/IgnitionWebApp/target/ignition-webapp-7.7/WEB-INF/lib/user-manual-module-1.7.0-20131026.004611-6.jar
7fb948be8000-7fb948be9000 r--s 00268000 08:06 2374876                    /usr/local/development/dev-7-7/Ignition/IgnitionWebApp/target/ignition-webapp-7.7/WEB-INF/lib/ttsengine-ivona-2.7.2-SNAPSHOT.jar
7fb948be9000-7fb948bec000 r--s 00017000 08:06 2374845                    /usr/local/development/dev-7-7/Ignition/IgnitionWebApp/target/ignition-webapp-7.7/WEB-INF/lib/timingframework-1.0.jar
7fb948bec000-7fb948bee000 r--s 00001000 08:06 2365014                    /usr/local/development/dev-7-7/Ignition/IgnitionWebApp/target/ignition-webapp-7.7/WEB-INF/lib/slf4j-log4j12-1.7.5.jar
7fb948bee000-7fb948bf0000 r--s 00005000 08:06 2365013                    /usr/local/development/dev-7-7/Ignition/IgnitionWebApp/target/ignition-webapp-7.7/WEB-INF/lib/slf4j-api-1.7.5.jar
7fb948bf0000-7fb948bfa000 r--s 00061000 08:06 2374872                    /usr/local/development/dev-7-7/Ignition/IgnitionWebApp/target/ignition-webapp-7.7/WEB-INF/lib/sip-notification-2.7.2-SNAPSHOT.jar
7fb948bfa000-7fb948bfd000 r--s 0001f000 08:06 4198523                    /usr/local/development/dev-7-7/Ignition/IgnitionWebApp/target/ignition-webapp-7.7/WEB-INF/lib/simple-orm-7.7.2-SNAPSHOT.jar
7fb948bfd000-7fb948bff000 r--s 00003000 08:06 2374881                    /usr/local/development/dev-7-7/Ignition/IgnitionWebApp/target/ignition-webapp-7.7/WEB-INF/lib/sfc-gateway-api-1.7.1-SNAPSHOT.jar
7fb948bff000-7fb948c02000 r--s 00019000 08:06 2374880                    /usr/local/development/dev-7-7/Ignition/IgnitionWebApp/target/ignition-webapp-7.7/WEB-INF/lib/sfc-gateway-1.7.1-SNAPSHOT.jar
7fb948c02000-7fb948c05000 r--s 00016000 08:06 2374882                    /usr/local/development/dev-7-7/Ignition/IgnitionWebApp/target/ignition-webapp-7.7/WEB-INF/lib/sfc-common-1.7.1-SNAPSHOT.jar
7fb948c05000-7fb948c07000 r--s 0000f000 08:06 2374885                    /usr/local/development/dev-7-7/Ignition/IgnitionWebApp/target/ignition-webapp-7.7/WEB-INF/lib/serialio-8.7.0.jar
7fb948c07000-7fb948c09000 r--s 00028000 08:06 2374883                    /usr/local/development/dev-7-7/Ignition/IgnitionWebApp/target/ignition-webapp-7.7/WEB-INF/lib/serial-support-gateway-2.7.2-SNAPSHOT.jar
7fb948c09000-7fb948c0b000 r--s 00002000 08:06 2374884                    /usr/local/development/dev-7-7/Ignition/IgnitionWebApp/target/ignition-webapp-7.7/WEB-INF/lib/serial-support-common-2.7.2-SNAPSHOT.jar
7fb948c0b000-7fb948c10000 r--s 0003e000 08:06 2374832                    /usr/local/development/dev-7-7/Ignition/IgnitionWebApp/target/ignition-webapp-7.7/WEB-INF/lib/saaj-impl-1.3.jar
7fb948c10000-7fb948c12000 r--s 00003000 08:06 2374833                    /usr/local/development/dev-7-7/Ignition/IgnitionWebApp/target/ignition-webapp-7.7/WEB-INF/lib/saaj-api-1.3.jar
7fb948c12000-7fb948c1c000 r--s 0005c000 08:06 2374887                    /usr/local/development/dev-7-7/Ignition/IgnitionWebApp/target/ignition-webapp-7.7/WEB-INF/lib/opccom-gateway-2.7.2-SNAPSHOT.jar
7fb948c1c000-7fb948c1d000 r--s 00001000 08:06 2374886                    /usr/local/development/dev-7-7/Ignition/IgnitionWebApp/target/ignition-webapp-7.7/WEB-INF/lib/opccom-common-2.7.2-SNAPSHOT.jar
7fb948c1d000-7fb948c22000 r--s 00086000 08:06 2374878                    /usr/local/development/dev-7-7/Ignition/IgnitionWebApp/target/ignition-webapp-7.7/WEB-INF/lib/mobile-gateway-2.7.2-SNAPSHOT.jar
7fb948c22000-7fb948c24000 r--s 00002000 08:06 2374879                    /usr/local/development/dev-7-7/Ignition/IgnitionWebApp/target/ignition-webapp-7.7/WEB-INF/lib/mobile-common-2.7.2-SNAPSHOT.jar
7fb948c24000-7fb948c25000 r--s 00003000 08:06 2374849                    /usr/local/development/dev-7-7/Ignition/IgnitionWebApp/target/ignition-webapp-7.7/WEB-INF/lib/miglayout-swing-4.2.jar
7fb948c25000-7fb948c27000 r--s 0000f000 08:06 2374850                    /usr/local/development/dev-7-7/Ignition/IgnitionWebApp/target/ignition-webapp-7.7/WEB-INF/lib/miglayout-core-4.2.jar
7fb948c27000-7fb948c2a000 r--s 00012000 08:06 2365017                    /usr/local/development/dev-7-7/Ignition/IgnitionWebApp/target/ignition-webapp-7.7/WEB-INF/lib/metrics-core-3.0.1.jar
7fb948c2a000-7fb948c99000 r--s 007bb000 08:06 2374873                    /usr/local/development/dev-7-7/Ignition/IgnitionWebApp/target/ignition-webapp-7.7/WEB-INF/lib/marytts-server-5.0.jar
7fb948c99000-7fb948c9c000 r--s 0069c000 08:06 2374874                    /usr/local/development/dev-7-7/Ignition/IgnitionWebApp/target/ignition-webapp-7.7/WEB-INF/lib/marytts-lang-en-5.0.jar
7fb948c9c000-7fb948ca4000 r--s 00075000 08:06 2374828                    /usr/local/development/dev-7-7/Ignition/IgnitionWebApp/target/ignition-webapp-7.7/WEB-INF/lib/mail-1.4.5.jar
7fb948ca4000-7fb948cad000 r--s 0006f000 08:06 2374892                    /usr/local/development/dev-7-7/Ignition/IgnitionWebApp/target/ignition-webapp-7.7/WEB-INF/lib/log4j-1.2.17.jar
7fb948cad000-7fb948cb4000 r--s 00059000 08:06 2365012                    /usr/local/development/dev-7-7/Ignition/IgnitionWebApp/target/ignition-webapp-7.7/WEB-INF/lib/log4j-1.2.15.jar
7fb948cb4000-7fb948d51000 r--s 0082e000 08:06 2365008                    /usr/local/development/dev-7-7/Ignition/IgnitionWebApp/target/ignition-webapp-7.7/WEB-INF/lib/jython-2.5.3-guava-upgrade.jar
7fb948d51000-7fb948d52000 r--s 00001000 08:06 2365015                    /usr/local/development/dev-7-7/Ignition/IgnitionWebApp/target/ignition-webapp-7.7/WEB-INF/lib/jul-to-slf4j-1.7.5.jar
7fb948d52000-7fb948d58000 r--s 00036000 08:06 2374826                    /usr/local/development/dev-7-7/Ignition/IgnitionWebApp/target/ignition-webapp-7.7/WEB-INF/lib/jquery-ui-core-6.1.0.jar
7fb948d58000-7fb948d67000 r--s 0007c000 08:06 2365018                    /usr/local/development/dev-7-7/Ignition/IgnitionWebApp/target/ignition-webapp-7.7/WEB-INF/lib/joda-time-2.0.jar
7fb948d67000-7fb948d6b000 r--s 00037000 08:06 2374889                    /usr/local/development/dev-7-7/Ignition/IgnitionWebApp/target/ignition-webapp-7.7/WEB-INF/lib/jniwrap-3.8.3.jar
7fb948d6b000-7fb948d6d000 r--s 00011000 08:06 2374858                    /usr/local/development/dev-7-7/Ignition/IgnitionWebApp/target/ignition-webapp-7.7/WEB-INF/lib/jide-shortcut-3.5.13.jar
7fb948d6d000-7fb948d71000 r--s 00022000 08:06 2374853                    /usr/local/development/dev-7-7/Ignition/IgnitionWebApp/target/ignition-webapp-7.7/WEB-INF/lib/jide-plaf-3.5.13.jar
7fb948d71000-7fb948d97000 r--s 001da000 08:06 2374852                    /usr/local/development/dev-7-7/Ignition/IgnitionWebApp/target/ignition-webapp-7.7/WEB-INF/lib/jide-grids-3.5.13.jar
7fb948d97000-7fb948da1000 r--s 00061000 08:06 2374857                    /usr/local/development/dev-7-7/Ignition/IgnitionWebApp/target/ignition-webapp-7.7/WEB-INF/lib/jide-editor-3.5.13.jar
7fb948da1000-7fb948da7000 r--s 0004f000 08:06 2374856                    /usr/local/development/dev-7-7/Ignition/IgnitionWebApp/target/ignition-webapp-7.7/WEB-INF/lib/jide-dock-3.5.13.jar
7fb948da7000-7fb948da9000 r--s 0000c000 08:06 2374855                    /usr/local/development/dev-7-7/Ignition/IgnitionWebApp/target/ignition-webapp-7.7/WEB-INF/lib/jide-dialogs-3.5.13.jar
7fb948da9000-7fb948db1000 r--s 00055000 08:06 2374851                    /usr/local/development/dev-7-7/Ignition/IgnitionWebApp/target/ignition-webapp-7.7/WEB-INF/lib/jide-components-3.5.13.jar
7fb948db1000-7fb948dce000 r--s 00155000 08:06 2365016                    /usr/local/development/dev-7-7/Ignition/IgnitionWebApp/target/ignition-webapp-7.7/WEB-INF/lib/jide-common-3.5.13.jar
7fb948dce000-7fb948dd3000 r--s 0002f000 08:06 2374854                    /usr/local/development/dev-7-7/Ignition/IgnitionWebApp/target/ignition-webapp-7.7/WEB-INF/lib/jide-action-3.5.13.jar
7fb948dd3000-7fb948de7000 r--s 0017c000 08:06 2374847                    /usr/local/development/dev-7-7/Ignition/IgnitionWebApp/target/ignition-webapp-7.7/WEB-INF/lib/jfreechart-min-1.0.0.jar
7fb948de7000-7fb948de9000 r--s 00004000 08:06 2374834                    /usr/local/development/dev-7-7/Ignition/IgnitionWebApp/target/ignition-webapp-7.7/WEB-INF/lib/jaxrpc-spi-1.1.3_01.jar
7fb948de9000-7fb948e06000 r--s 001ea000 08:06 2374830                    /usr/local/development/dev-7-7/Ignition/IgnitionWebApp/target/ignition-webapp-7.7/WEB-INF/lib/jaxrpc-impl-1.1.3_01.jar
7fb948e06000-7fb948e08000 r--s 00005000 08:06 2374831                    /usr/local/development/dev-7-7/Ignition/IgnitionWebApp/target/ignition-webapp-7.7/WEB-INF/lib/jaxrpc-api-1.1.jar
7fb948e08000-7fb948e0a000 r--s 00013000 08:06 2365010                    /usr/local/development/dev-7-7/Ignition/IgnitionWebApp/target/ignition-webapp-7.7/WEB-INF/lib/java-cup-10k.jar
7fb948e0a000-7fb948e0b000 r--s 00003000 08:06 2374877                    /usr/local/development/dev-7-7/Ignition/IgnitionWebApp/target/ignition-webapp-7.7/WEB-INF/lib/ivonatts-1.0.0.jar
7fb948e0b000-7fb948e0d000 r--s 00001000 08:06 2374862                    /usr/local/development/dev-7-7/Ignition/IgnitionWebApp/target/ignition-webapp-7.7/WEB-INF/lib/io-session-3.0.0-20130122.214435-9.jar
7fb948e0d000-7fb948e18000 r--s 00073000 08:06 2374861                    /usr/local/development/dev-7-7/Ignition/IgnitionWebApp/target/ignition-webapp-7.7/WEB-INF/lib/ia-opcua-2.7.2-SNAPSHOT.jar
7fb948e18000-7fb948e26000 r--s 0014e000 08:06 2374827                    /usr/local/development/dev-7-7/Ignition/IgnitionWebApp/target/ignition-webapp-7.7/WEB-INF/lib/hsqldb-2.2.9.jar
7fb948e26000-7fb948e27000 r--s 00001000 08:06 2374843                    /usr/local/development/dev-7-7/Ignition/IgnitionWebApp/target/ignition-webapp-7.7/WEB-INF/lib/hasp-srm-api-1.0.0.jar
7fb948e27000-7fb948e4b000 r--s 001aa000 08:06 2365006                    /usr/local/development/dev-7-7/Ignition/IgnitionWebApp/target/ignition-webapp-7.7/WEB-INF/lib/guava-13.0.1.jar
7fb948e4b000-7fb948e70000 r--s 00155000 08:06 4198524                    /usr/local/development/dev-7-7/Ignition/IgnitionWebApp/target/ignition-webapp-7.7/WEB-INF/lib/gateway-api-7.7.2-SNAPSHOT.jar
7fb948e70000-7fb948ea5000 r--s 00273000 08:06 4198548                    /usr/local/development/dev-7-7/Ignition/IgnitionWebApp/target/ignition-webapp-7.7/WEB-INF/lib/gateway-7.7.2-SNAPSHOT.jar
7fb948ea5000-7fb948ea9000 r--s 00016000 08:06 2374866                    /usr/local/development/dev-7-7/Ignition/IgnitionWebApp/target/ignition-webapp-7.7/WEB-INF/lib/fsql-common-6.7.2-SNAPSHOT.jar
7fb948ea9000-7fb948eb1000 r--s 001ca000 08:06 2374867                    /usr/local/development/dev-7-7/Ignition/IgnitionWebApp/target/ignition-webapp-7.7/WEB-INF/lib/fsql-6.7.2-SNAPSHOT.jar
7fb948eb1000-7fb948eb5000 r--s 000be000 08:06 4198549                    /usr/local/development/dev-7-7/Ignition/IgnitionWebApp/target/ignition-webapp-7.7/WEB-INF/lib/fpmi-gateway-7.7.2-SNAPSHOT.jar
7fb948eb5000-7fb948eb6000 r--s 00001000 08:06 4198528                    /usr/local/development/dev-7-7/Ignition/IgnitionWebApp/target/ignition-webapp-7.7/WEB-INF/lib/fpmi-common-7.7.2-SNAPSHOT.jar
7fb948eb6000-7fb948eb9000 r--s 00013000 08:06 2374846                    /usr/local/development/dev-7-7/Ignition/IgnitionWebApp/target/ignition-webapp-7.7/WEB-INF/lib/forms-1.0.7.jar
7fb948eb9000-7fb948ebb000 r--s 00003000 08:06 2374864                    /usr/local/development/dev-7-7/Ignition/IgnitionWebApp/target/ignition-webapp-7.7/WEB-INF/lib/drivers-common-2.7.2-SNAPSHOT.jar
7fb948ebb000-7fb948ec2000 r--s 0002f000 08:06 2374860                    /usr/local/development/dev-7-7/Ignition/IgnitionWebApp/target/ignition-webapp-7.7/WEB-INF/lib/driver-api-2.7.2-SNAPSHOT.jar
7fb948ec2000-7fb948f18000 r--s 00512000 08:06 4198527                    /usr/local/development/dev-7-7/Ignition/IgnitionWebApp/target/ignition-webapp-7.7/WEB-INF/lib/designer-7.7.2-SNAPSHOT.jar
7fb948f18000-7fb948f1a000 r--s 00007000 08:06 2365011                    /usr/local/development/dev-7-7/Ignition/IgnitionWebApp/target/ignition-webapp-7.7/WEB-INF/lib/cron4j-2.2.3.jar
7fb948f1a000-7fb948f21000 r--s 00054000 08:06 2365009                    /usr/local/development/dev-7-7/Ignition/IgnitionWebApp/target/ignition-webapp-7.7/WEB-INF/lib/core-1.7.jar
7fb948f21000-7fb948f24000 r--s 00013000 08:06 2374842                    /usr/local/development/dev-7-7/Ignition/IgnitionWebApp/target/ignition-webapp-7.7/WEB-INF/lib/commons-pool-1.4.jar
7fb948f24000-7fb948f26000 r--s 0000d000 08:06 2365022                    /usr/local/development/dev-7-7/Ignition/IgnitionWebApp/target/ignition-webapp-7.7/WEB-INF/lib/commons-logging-1.1.1.jar
7fb948f26000-7fb948f27000 r--s 00005000 08:06 2374893                    /usr/local/development/dev-7-7/Ignition/IgnitionWebApp/target/ignition-webapp-7.7/WEB-INF/lib/commons-logging-1.0.jar
7fb948f27000-7fb948f2d000 r--s 00048000 08:06 2365005                    /usr/local/development/dev-7-7/Ignition/IgnitionWebApp/target/ignition-webapp-7.7/WEB-INF/lib/commons-lang3-3.1.jar
7fb948f2d000-7fb948f2f000 r--s 0000e000 08:06 2365023                    /usr/local/development/dev-7-7/Ignition/IgnitionWebApp/target/ignition-webapp-7.7/WEB-INF/lib/commons-lang-1.0.jar
7fb948f2f000-7fb948f32000 r--s 00025000 08:06 2365004                    /usr/local/development/dev-7-7/Ignition/IgnitionWebApp/target/ignition-webapp-7.7/WEB-INF/lib/commons-io-2.1.jar
7fb948f32000-7fb948f35000 r--s 0000f000 08:06 2374840                    /usr/local/development/dev-7-7/Ignition/IgnitionWebApp/target/ignition-webapp-7.7/WEB-INF/lib/commons-discovery-0.2.jar
7fb948f35000-7fb948f37000 r--s 0001c000 08:06 2374841                    /usr/local/development/dev-7-7/Ignition/IgnitionWebApp/target/ignition-webapp-7.7/WEB-INF/lib/commons-dbcp-1.2.2.jar
7fb948f37000-7fb948f39000 r--s 00006000 08:06 2365021                    /usr/local/development/dev-7-7/Ignition/IgnitionWebApp/target/ignition-webapp-7.7/WEB-INF/lib/commons-cli-1.0.jar
7fb948f39000-7fb948f6a000 r--s 001ea000 08:06 4198529                    /usr/local/development/dev-7-7/Ignition/IgnitionWebApp/target/ignition-webapp-7.7/WEB-INF/lib/common-7.7.2-SNAPSHOT.jar
7fb948f6a000-7fb948f77000 r--s 00084000 08:06 2374888                    /usr/local/development/dev-7-7/Ignition/IgnitionWebApp/target/ignition-webapp-7.7/WEB-INF/lib/comfyj-2.9.jar
7fb948f77000-7fb948f9d000 r--s 001be000 08:06 4198550                    /usr/local/development/dev-7-7/Ignition/IgnitionWebApp/target/ignition-webapp-7.7/WEB-INF/lib/client-api-7.7.2-SNAPSHOT.jar
7fb948f9d000-7fb948fc5000 r--s 00196000 08:06 2365007                    /usr/local/development/dev-7-7/Ignition/IgnitionWebApp/target/ignition-webapp-7.7/WEB-INF/lib/bcprov-jdk16-unsigned-1.46-unsigned.jar
7fb948fc5000-7fb948fd9000 r--s 00173000 08:06 2374836                    /usr/local/development/dev-7-7/Ignition/IgnitionWebApp/target/ignition-webapp-7.7/WEB-INF/lib/axis-1.4.jar
7fb948fd9000-7fb9491d9000 rw-p 00000000 00:00 0 
7fb9491d9000-7fb9491dc000 ---p 00000000 00:00 0 
7fb9491dc000-7fb9492da000 rw-p 00000000 00:00 0 
7fb9492da000-7fb9492dd000 ---p 00000000 00:00 0 
7fb9492dd000-7fb9493db000 rw-p 00000000 00:00 0                          [stack:3865]
7fb9493db000-7fb9493de000 ---p 00000000 00:00 0 
7fb9493de000-7fb9494dc000 rw-p 00000000 00:00 0                          [stack:3864]
7fb9494dc000-7fb9494df000 ---p 00000000 00:00 0 
7fb9494df000-7fb9495dd000 rw-p 00000000 00:00 0                          [stack:3863]
7fb9495dd000-7fb9495e0000 ---p 00000000 00:00 0 
7fb9495e0000-7fb9496de000 rw-p 00000000 00:00 0                          [stack:3862]
7fb9496de000-7fb9496e1000 ---p 00000000 00:00 0 
7fb9496e1000-7fb9497df000 rw-p 00000000 00:00 0                          [stack:3861]
7fb9497df000-7fb9497e2000 ---p 00000000 00:00 0 
7fb9497e2000-7fb9498e0000 rw-p 00000000 00:00 0                          [stack:3860]
7fb9498e0000-7fb9498e3000 ---p 00000000 00:00 0 
7fb9498e3000-7fb9499e1000 rw-p 00000000 00:00 0 
7fb9499e1000-7fb9499f7000 r-xp 00000000 08:06 15602357                   /lib/x86_64-linux-gnu/libgcc_s.so.1
7fb9499f7000-7fb949bf6000 ---p 00016000 08:06 15602357                   /lib/x86_64-linux-gnu/libgcc_s.so.1
7fb949bf6000-7fb949bf7000 rw-p 00015000 08:06 15602357                   /lib/x86_64-linux-gnu/libgcc_s.so.1
7fb949bf7000-7fb949c29000 r-xp 00000000 08:06 20582265                   /usr/lib/jvm/jdk1.8.0_20/jre/lib/amd64/libsunec.so
7fb949c29000-7fb949e28000 ---p 00032000 08:06 20582265                   /usr/lib/jvm/jdk1.8.0_20/jre/lib/amd64/libsunec.so
7fb949e28000-7fb949e2e000 rw-p 00031000 08:06 20582265                   /usr/lib/jvm/jdk1.8.0_20/jre/lib/amd64/libsunec.so
7fb949e2e000-7fb94a03e000 rw-p 00000000 00:00 0 
7fb94a03e000-7fb94a041000 ---p 00000000 00:00 0 
7fb94a041000-7fb94a13f000 rw-p 00000000 00:00 0                          [stack:3858]
7fb94a13f000-7fb94a144000 r-xp 00000000 08:06 15211194                   /usr/lib/x86_64-linux-gnu/libXdmcp.so.6.0.0
7fb94a144000-7fb94a343000 ---p 00005000 08:06 15211194                   /usr/lib/x86_64-linux-gnu/libXdmcp.so.6.0.0
7fb94a343000-7fb94a344000 r--p 00004000 08:06 15211194                   /usr/lib/x86_64-linux-gnu/libXdmcp.so.6.0.0
7fb94a344000-7fb94a345000 rw-p 00005000 08:06 15211194                   /usr/lib/x86_64-linux-gnu/libXdmcp.so.6.0.0
7fb94a345000-7fb94a347000 r-xp 00000000 08:06 15211183                   /usr/lib/x86_64-linux-gnu/libXau.so.6.0.0
7fb94a347000-7fb94a547000 ---p 00002000 08:06 15211183                   /usr/lib/x86_64-linux-gnu/libXau.so.6.0.0
7fb94a547000-7fb94a548000 r--p 00002000 08:06 15211183                   /usr/lib/x86_64-linux-gnu/libXau.so.6.0.0
7fb94a548000-7fb94a549000 rw-p 00003000 08:06 15211183                   /usr/lib/x86_64-linux-gnu/libXau.so.6.0.0
7fb94a549000-7fb94a566000 r-xp 00000000 08:06 15212358                   /usr/lib/x86_64-linux-gnu/libxcb.so.1.1.0
7fb94a566000-7fb94a766000 ---p 0001d000 08:06 15212358                   /usr/lib/x86_64-linux-gnu/libxcb.so.1.1.0
7fb94a766000-7fb94a767000 r--p 0001d000 08:06 15212358                   /usr/lib/x86_64-linux-gnu/libxcb.so.1.1.0
7fb94a767000-7fb94a768000 rw-p 0001e000 08:06 15212358                   /usr/lib/x86_64-linux-gnu/libxcb.so.1.1.0
7fb94a768000-7fb94a777000 r-xp 00000000 08:06 15211204                   /usr/lib/x86_64-linux-gnu/libXi.so.6.1.0
7fb94a777000-7fb94a976000 ---p 0000f000 08:06 15211204                   /usr/lib/x86_64-linux-gnu/libXi.so.6.1.0
7fb94a976000-7fb94a977000 r--p 0000e000 08:06 15211204                   /usr/lib/x86_64-linux-gnu/libXi.so.6.1.0
7fb94a977000-7fb94a978000 rw-p 0000f000 08:06 15211204                   /usr/lib/x86_64-linux-gnu/libXi.so.6.1.0
7fb94a978000-7fb94a97d000 r-xp 00000000 08:06 15211222                   /usr/lib/x86_64-linux-gnu/libXtst.so.6.1.0
7fb94a97d000-7fb94ab7c000 ---p 00005000 08:06 15211222                   /usr/lib/x86_64-linux-gnu/libXtst.so.6.1.0
7fb94ab7c000-7fb94ab7d000 r--p 00004000 08:06 15211222                   /usr/lib/x86_64-linux-gnu/libXtst.so.6.1.0
7fb94ab7d000-7fb94ab7e000 rw-p 00005000 08:06 15211222                   /usr/lib/x86_64-linux-gnu/libXtst.so.6.1.0
7fb94ab7e000-7fb94ab87000 r-xp 00000000 08:06 15211216                   /usr/lib/x86_64-linux-gnu/libXrender.so.1.3.0
7fb94ab87000-7fb94ad86000 ---p 00009000 08:06 15211216                   /usr/lib/x86_64-linux-gnu/libXrender.so.1.3.0
7fb94ad86000-7fb94ad87000 r--p 00008000 08:06 15211216                   /usr/lib/x86_64-linux-gnu/libXrender.so.1.3.0
7fb94ad87000-7fb94ad88000 rw-p 00009000 08:06 15211216                   /usr/lib/x86_64-linux-gnu/libXrender.so.1.3.0
7fb94ad88000-7fb94aeb8000 r-xp 00000000 08:06 15211179                   /usr/lib/x86_64-linux-gnu/libX11.so.6.3.0
7fb94aeb8000-7fb94b0b8000 ---p 00130000 08:06 15211179                   /usr/lib/x86_64-linux-gnu/libX11.so.6.3.0
7fb94b0b8000-7fb94b0b9000 r--p 00130000 08:06 15211179                   /usr/lib/x86_64-linux-gnu/libX11.so.6.3.0
7fb94b0b9000-7fb94b0bd000 rw-p 00131000 08:06 15211179                   /usr/lib/x86_64-linux-gnu/libX11.so.6.3.0
7fb94b0bd000-7fb94b0ce000 r-xp 00000000 08:06 15211196                   /usr/lib/x86_64-linux-gnu/libXext.so.6.4.0
7fb94b0ce000-7fb94b2cd000 ---p 00011000 08:06 15211196                   /usr/lib/x86_64-linux-gnu/libXext.so.6.4.0
7fb94b2cd000-7fb94b2ce000 r--p 00010000 08:06 15211196                   /usr/lib/x86_64-linux-gnu/libXext.so.6.4.0
7fb94b2ce000-7fb94b2cf000 rw-p 00011000 08:06 15211196                   /usr/lib/x86_64-linux-gnu/libXext.so.6.4.0
7fb94b2cf000-7fb94b323000 r-xp 00000000 08:06 20582307                   /usr/lib/jvm/jdk1.8.0_20/jre/lib/amd64/libawt_xawt.so
7fb94b323000-7fb94b523000 ---p 00054000 08:06 20582307                   /usr/lib/jvm/jdk1.8.0_20/jre/lib/amd64/libawt_xawt.so
7fb94b523000-7fb94b527000 rw-p 00054000 08:06 20582307                   /usr/lib/jvm/jdk1.8.0_20/jre/lib/amd64/libawt_xawt.so
7fb94b527000-7fb94b528000 rw-p 00000000 00:00 0 
7fb94b528000-7fb94b5ca000 r-xp 00000000 08:06 20582293                   /usr/lib/jvm/jdk1.8.0_20/jre/lib/amd64/libawt.so
7fb94b5ca000-7fb94b7ca000 ---p 000a2000 08:06 20582293                   /usr/lib/jvm/jdk1.8.0_20/jre/lib/amd64/libawt.so
7fb94b7ca000-7fb94b7d6000 rw-p 000a2000 08:06 20582293                   /usr/lib/jvm/jdk1.8.0_20/jre/lib/amd64/libawt.so
7fb94b7d6000-7fb94b7fa000 rw-p 00000000 00:00 0 
7fb94b7fa000-7fb94b7fd000 ---p 00000000 00:00 0 
7fb94b7fd000-7fb94b8fb000 rw-p 00000000 00:00 0                          [stack:3857]
7fb94b8fb000-7fb94b8fe000 ---p 00000000 00:00 0 
7fb94b8fe000-7fb94b9fc000 rw-p 00000000 00:00 0                          [stack:3975]
7fb94b9fc000-7fb94b9ff000 ---p 00000000 00:00 0 
7fb94b9ff000-7fb94bcfd000 rw-p 00000000 00:00 0                          [stack:3853]
7fb94bcfd000-7fb94bd00000 ---p 00000000 00:00 0 
7fb94bd00000-7fb94bdfe000 rw-p 00000000 00:00 0                          [stack:3976]
7fb94bdfe000-7fb94bdff000 ---p 00000000 00:00 0 
7fb94bdff000-7fb94beff000 rw-p 00000000 00:00 0                          [stack:3839]
7fb94beff000-7fb94bf02000 ---p 00000000 00:00 0 
7fb94bf02000-7fb94c000000 rw-p 00000000 00:00 0                          [stack:3838]
7fb94c000000-7fb94c021000 rw-p 00000000 00:00 0 
7fb94c021000-7fb950000000 ---p 00000000 00:00 0 
7fb950000000-7fb950021000 rw-p 00000000 00:00 0 
7fb950021000-7fb954000000 ---p 00000000 00:00 0 
7fb954000000-7fb955c5d000 rw-p 00000000 00:00 0 
7fb955c5d000-7fb958000000 ---p 00000000 00:00 0 
7fb958000000-7fb9590a0000 rw-p 00000000 00:00 0 
7fb9590a0000-7fb95c000000 ---p 00000000 00:00 0 
7fb95c000000-7fb95e3fd000 rw-p 00000000 00:00 0 
7fb95e3fd000-7fb960000000 ---p 00000000 00:00 0 
7fb960000000-7fb9620a5000 rw-p 00000000 00:00 0 
7fb9620a5000-7fb964000000 ---p 00000000 00:00 0 
7fb964000000-7fb9640c5000 rw-p 00000000 00:00 0 
7fb9640c5000-7fb968000000 ---p 00000000 00:00 0 
7fb968000000-7fb968021000 rw-p 00000000 00:00 0 
7fb968021000-7fb96c000000 ---p 00000000 00:00 0 
7fb96c000000-7fb96c021000 rw-p 00000000 00:00 0 
7fb96c021000-7fb970000000 ---p 00000000 00:00 0 
7fb970000000-7fb970021000 rw-p 00000000 00:00 0 
7fb970021000-7fb974000000 ---p 00000000 00:00 0 
7fb974000000-7fb974021000 rw-p 00000000 00:00 0 
7fb974021000-7fb978000000 ---p 00000000 00:00 0 
7fb978000000-7fb978021000 rw-p 00000000 00:00 0 
7fb978021000-7fb97c000000 ---p 00000000 00:00 0 
7fb97c000000-7fb97c1fc000 rw-p 00000000 00:00 0 
7fb97c1fc000-7fb980000000 ---p 00000000 00:00 0 
7fb980000000-7fb980005000 r--s 00030000 08:06 4198538                    /usr/local/development/dev-7-7/Ignition/IgnitionWebApp/target/ignition-webapp-7.7/WEB-INF/lib/client-bootstrap-7.7.2-SNAPSHOT.jar
7fb980005000-7fb980006000 r--s 00004000 08:06 4198525                    /usr/local/development/dev-7-7/Ignition/IgnitionWebApp/target/ignition-webapp-7.7/WEB-INF/lib/bootstrap-7.7.2-SNAPSHOT-classes.jar
7fb980006000-7fb98000b000 r--s 0003e000 08:06 2365019                    /usr/local/development/dev-7-7/Ignition/IgnitionWebApp/target/ignition-webapp-7.7/WEB-INF/lib/barcode4j-2.1.jar
7fb98000b000-7fb98000e000 r--s 0001c000 08:06 2374839                    /usr/local/development/dev-7-7/Ignition/IgnitionWebApp/target/ignition-webapp-7.7/WEB-INF/lib/axis-wsdl4j-1.5.1.jar
7fb98000e000-7fb98000f000 r--s 00004000 08:06 2374838                    /usr/local/development/dev-7-7/Ignition/IgnitionWebApp/target/ignition-webapp-7.7/WEB-INF/lib/axis-saaj-1.4.jar
7fb98000f000-7fb980011000 r--s 00006000 08:06 2374837                    /usr/local/development/dev-7-7/Ignition/IgnitionWebApp/target/ignition-webapp-7.7/WEB-INF/lib/axis-jaxrpc-1.4.jar
7fb980011000-7fb980013000 r--s 0000d000 08:06 2365020                    /usr/local/development/dev-7-7/Ignition/IgnitionWebApp/target/ignition-webapp-7.7/WEB-INF/lib/avalon-framework-impl-4.2.0.jar
7fb980013000-7fb98001b000 r--s 00049000 08:06 2374848                    /usr/local/development/dev-7-7/Ignition/IgnitionWebApp/target/ignition-webapp-7.7/WEB-INF/lib/alloy-1.4.4.ia1.jar
7fb98001b000-7fb98001d000 r--s 00003000 08:06 2374869                    /usr/local/development/dev-7-7/Ignition/IgnitionWebApp/target/ignition-webapp-7.7/WEB-INF/lib/alarm-notification-gateway-api-2.7.2-SNAPSHOT.jar
7fb98001d000-7fb980023000 r--s 00032000 08:06 2374868                    /usr/local/development/dev-7-7/Ignition/IgnitionWebApp/target/ignition-webapp-7.7/WEB-INF/lib/alarm-notification-gateway-2.7.2-SNAPSHOT.jar
7fb980023000-7fb98002d000 r--s 00036000 08:06 2374871                    /usr/local/development/dev-7-7/Ignition/IgnitionWebApp/target/ignition-webapp-7.7/WEB-INF/lib/airlink-sms-notification-2.7.2-SNAPSHOT.jar
7fb98002d000-7fb98002f000 r--s 0000d000 08:06 2374844                    /usr/local/development/dev-7-7/Ignition/IgnitionWebApp/target/ignition-webapp-7.7/WEB-INF/lib/activation-ws-1.0.0.jar
7fb98002f000-7fb980031000 r--s 0000e000 08:06 2374829                    /usr/local/development/dev-7-7/Ignition/IgnitionWebApp/target/ignition-webapp-7.7/WEB-INF/lib/activation-1.1.jar
7fb980031000-7fb98003a000 r--s 00069000 08:06 2374891                    /usr/local/development/dev-7-7/Ignition/IgnitionWebApp/target/ignition-webapp-7.7/WEB-INF/lib/ab-drivers-1.7.0-20131026.004154-8.jar
7fb98003a000-7fb98003f000 r--s 0003c000 08:06 2374835                    /usr/local/development/dev-7-7/Ignition/IgnitionWebApp/target/ignition-webapp-7.7/WEB-INF/lib/FastInfoset-1.0.2.jar
7fb98003f000-7fb980044000 r--s 002f8000 08:06 20582247                   /usr/lib/jvm/jdk1.8.0_20/jre/lib/charsets.jar
7fb980044000-7fb980049000 r--s 0003f000 08:06 1185790                    /usr/lib/jvm/jdk1.8.0_20/jre/lib/ext/sunjce_provider.jar
7fb980049000-7fb98004c000 r--s 0003a000 08:06 1185787                    /usr/lib/jvm/jdk1.8.0_20/jre/lib/ext/sunpkcs11.jar
7fb98004c000-7fb98004e000 r--s 0001a000 08:06 20582317                   /usr/lib/jvm/jdk1.8.0_20/jre/lib/jce.jar
7fb98004e000-7fb980058000 r--s 00116000 08:06 1185789                    /usr/lib/jvm/jdk1.8.0_20/jre/lib/ext/localedata.jar
7fb980058000-7fb980074000 r--s 00393000 08:06 1185783                    /usr/lib/jvm/jdk1.8.0_20/jre/lib/ext/cldrdata.jar
7fb980074000-7fb980077000 r--s 0000f000 08:06 19532219                   /usr/local/development/dev-7-6/Ignition/Servers/apache-tomcat-6.0.36/lib/tomcat-i18n-es.jar
7fb980077000-7fb980087000 r--s 0019c000 08:06 19532210                   /usr/local/development/dev-7-6/Ignition/Servers/apache-tomcat-6.0.36/lib/ecj-3.7.2.jar
7fb980087000-7fb98008a000 ---p 00000000 00:00 0 
7fb98008a000-7fb980188000 rw-p 00000000 00:00 0                          [stack:3837]
7fb980188000-7fb98018b000 ---p 00000000 00:00 0 
7fb98018b000-7fb980289000 rw-p 00000000 00:00 0                          [stack:3835]
7fb980289000-7fb98029a000 r-xp 00000000 08:06 20582303                   /usr/lib/jvm/jdk1.8.0_20/jre/lib/amd64/libnio.so
7fb98029a000-7fb980499000 ---p 00011000 08:06 20582303                   /usr/lib/jvm/jdk1.8.0_20/jre/lib/amd64/libnio.so
7fb980499000-7fb98049a000 rw-p 00010000 08:06 20582303                   /usr/lib/jvm/jdk1.8.0_20/jre/lib/amd64/libnio.so
7fb98049a000-7fb9804cb000 rw-p 00000000 00:00 0 
7fb9804cb000-7fb9804e1000 r-xp 00000000 08:06 20582300                   /usr/lib/jvm/jdk1.8.0_20/jre/lib/amd64/libnet.so
7fb9804e1000-7fb9806e1000 ---p 00016000 08:06 20582300                   /usr/lib/jvm/jdk1.8.0_20/jre/lib/amd64/libnet.so
7fb9806e1000-7fb9806e2000 rw-p 00016000 08:06 20582300                   /usr/lib/jvm/jdk1.8.0_20/jre/lib/amd64/libnet.so
7fb9806e2000-7fb9806ea000 r-xp 00000000 08:06 20582308                   /usr/lib/jvm/jdk1.8.0_20/jre/lib/amd64/libmanagement.so
7fb9806ea000-7fb9808ea000 ---p 00008000 08:06 20582308                   /usr/lib/jvm/jdk1.8.0_20/jre/lib/amd64/libmanagement.so
7fb9808ea000-7fb9808eb000 rw-p 00008000 08:06 20582308                   /usr/lib/jvm/jdk1.8.0_20/jre/lib/amd64/libmanagement.so
7fb9808eb000-7fb9808ee000 ---p 00000000 00:00 0 
7fb9808ee000-7fb9809ec000 rw-p 00000000 00:00 0                          [stack:3834]
7fb9809ec000-7fb9809ef000 ---p 00000000 00:00 0 
7fb9809ef000-7fb980aed000 rw-p 00000000 00:00 0                          [stack:3833]
7fb980aed000-7fb980af0000 ---p 00000000 00:00 0 
7fb980af0000-7fb980bee000 rw-p 00000000 00:00 0                          [stack:3832]
7fb980bee000-7fb980bf1000 ---p 00000000 00:00 0 
7fb980bf1000-7fb980cef000 rw-p 00000000 00:00 0                          [stack:3831]
7fb980cef000-7fb980cf2000 ---p 00000000 00:00 0 
7fb980cf2000-7fb980df0000 rw-p 00000000 00:00 0                          [stack:3830]
7fb980df0000-7fb980df3000 ---p 00000000 00:00 0 
7fb980df3000-7fb980ef1000 rw-p 00000000 00:00 0 
7fb980ef1000-7fb980ef4000 ---p 00000000 00:00 0 
7fb980ef4000-7fb980ff2000 rw-p 00000000 00:00 0                          [stack:3821]
7fb980ff2000-7fb980ff5000 ---p 00000000 00:00 0 
7fb980ff5000-7fb9810f3000 rw-p 00000000 00:00 0 
7fb9810f3000-7fb9810f7000 r-xp 00000000 08:06 20582275                   /usr/lib/jvm/jdk1.8.0_20/jre/lib/amd64/libdt_socket.so
7fb9810f7000-7fb9812f6000 ---p 00004000 08:06 20582275                   /usr/lib/jvm/jdk1.8.0_20/jre/lib/amd64/libdt_socket.so
7fb9812f6000-7fb9812f7000 rw-p 00003000 08:06 20582275                   /usr/lib/jvm/jdk1.8.0_20/jre/lib/amd64/libdt_socket.so
7fb9812f7000-7fb9812fa000 ---p 00000000 00:00 0 
7fb9812fa000-7fb9813f8000 rw-p 00000000 00:00 0                          [stack:3819]
7fb9813f8000-7fb9813fb000 ---p 00000000 00:00 0 
7fb9813fb000-7fb9814f9000 rw-p 00000000 00:00 0                          [stack:3818]
7fb9814f9000-7fb9814fc000 ---p 00000000 00:00 0 
7fb9814fc000-7fb9815fa000 rw-p 00000000 00:00 0                          [stack:3817]
7fb9815fa000-7fb9815fb000 ---p 00000000 00:00 0 
7fb9815fb000-7fb984000000 rw-p 00000000 00:00 0                          [stack:3816]
7fb984000000-7fb984021000 rw-p 00000000 00:00 0 
7fb984021000-7fb988000000 ---p 00000000 00:00 0 
7fb988000000-7fb988021000 rw-p 00000000 00:00 0 
7fb988021000-7fb98c000000 ---p 00000000 00:00 0 
7fb98c000000-7fb98c021000 rw-p 00000000 00:00 0 
7fb98c021000-7fb990000000 ---p 00000000 00:00 0 
7fb990000000-7fb990021000 rw-p 00000000 00:00 0 
7fb990021000-7fb994000000 ---p 00000000 00:00 0 
7fb994000000-7fb994021000 rw-p 00000000 00:00 0 
7fb994021000-7fb998000000 ---p 00000000 00:00 0 
7fb998000000-7fb998021000 rw-p 00000000 00:00 0 
7fb998021000-7fb99c000000 ---p 00000000 00:00 0 
7fb99c000000-7fb99c021000 rw-p 00000000 00:00 0 
7fb99c021000-7fb9a0000000 ---p 00000000 00:00 0 
7fb9a0000000-7fb9a0001000 r--s 00004000 08:06 2374870                    /usr/local/development/dev-7-7/Ignition/IgnitionWebApp/target/ignition-webapp-7.7/WEB-INF/lib/alarm-notification-common-2.7.2-SNAPSHOT.jar
7fb9a0001000-7fb9a0003000 r--s 0000b000 08:06 19532220                   /usr/local/development/dev-7-6/Ignition/Servers/apache-tomcat-6.0.36/lib/tomcat-i18n-fr.jar
7fb9a0003000-7fb9a0007000 r--s 0003a000 08:06 19532218                   /usr/local/development/dev-7-6/Ignition/Servers/apache-tomcat-6.0.36/lib/tomcat-dbcp.jar
7fb9a0007000-7fb9a0017000 r--s 00120000 08:06 19532209                   /usr/local/development/dev-7-6/Ignition/Servers/apache-tomcat-6.0.36/lib/catalina.jar
7fb9a0017000-7fb9a017b000 rw-p 00000000 00:00 0 
7fb9a017b000-7fb9a0350000 r--s 03ca3000 08:06 20582249                   /usr/lib/jvm/jdk1.8.0_20/jre/lib/rt.jar
7fb9a0350000-7fb9a8000000 rw-p 00000000 00:00 0 
7fb9a8000000-7fb9a8021000 rw-p 00000000 00:00 0 
7fb9a8021000-7fb9ac000000 ---p 00000000 00:00 0 
7fb9ac000000-7fb9ac001000 r--s 00009000 08:06 1185781                    /usr/lib/jvm/jdk1.8.0_20/jre/lib/ext/sunec.jar
7fb9ac001000-7fb9ac008000 r--s 000c7000 08:06 19532215                   /usr/local/development/dev-7-6/Ignition/Servers/apache-tomcat-6.0.36/lib/mysql-connector-java-5.1.23-bin.jar
7fb9ac008000-7fb9ac00b000 r--s 0001e000 08:06 19532207                   /usr/local/development/dev-7-6/Ignition/Servers/apache-tomcat-6.0.36/lib/catalina-ha.jar
7fb9ac00b000-7fb9ac012000 r--s 0007a000 08:06 19532213                   /usr/local/development/dev-7-6/Ignition/Servers/apache-tomcat-6.0.36/lib/jasper.jar
7fb9ac012000-7fb9ac22e000 rw-p 00000000 00:00 0 
7fb9ac22e000-7fb9ac22f000 ---p 00000000 00:00 0 
7fb9ac22f000-7fb9ac32f000 rw-p 00000000 00:00 0                          [stack:3815]
7fb9ac32f000-7fb9ac330000 ---p 00000000 00:00 0 
7fb9ac330000-7fb9ac430000 rw-p 00000000 00:00 0                          [stack:3814]
7fb9ac430000-7fb9ac431000 ---p 00000000 00:00 0 
7fb9ac431000-7fb9ac531000 rw-p 00000000 00:00 0                          [stack:3813]
7fb9ac531000-7fb9ac532000 ---p 00000000 00:00 0 
7fb9ac532000-7fb9ac632000 rw-p 00000000 00:00 0                          [stack:3812]
7fb9ac632000-7fb9ac633000 ---p 00000000 00:00 0 
7fb9ac633000-7fb9ac733000 rw-p 00000000 00:00 0                          [stack:3811]
7fb9ac733000-7fb9ac734000 ---p 00000000 00:00 0 
7fb9ac734000-7fb9ac8a5000 rw-p 00000000 00:00 0                          [stack:3810]
7fb9ac8a5000-7fb9acd66000 ---p 00000000 00:00 0 
7fb9acd66000-7fb9ace07000 rw-p 00000000 00:00 0 
7fb9ace07000-7fb9acfff000 ---p 00000000 00:00 0 
7fb9acfff000-7fb9ad000000 rw-p 00000000 00:00 0 
7fb9ad000000-7fb9ae620000 rwxp 00000000 00:00 0 
7fb9ae620000-7fb9bc000000 ---p 00000000 00:00 0 
7fb9bc000000-7fb9bc728000 rw-p 00000000 00:00 0 
7fb9bc728000-7fb9c0000000 ---p 00000000 00:00 0 
7fb9c0000000-7fb9c0004000 r--s 00036000 08:06 19532208                   /usr/local/development/dev-7-6/Ignition/Servers/apache-tomcat-6.0.36/lib/catalina-tribes.jar
7fb9c0004000-7fb9c000e000 r--s 000b3000 08:06 19532217                   /usr/local/development/dev-7-6/Ignition/Servers/apache-tomcat-6.0.36/lib/tomcat-coyote.jar
7fb9c000e000-7fb9c005d000 rw-p 00000000 00:00 0 
7fb9c005d000-7fb9c005e000 ---p 00000000 00:00 0 
7fb9c005e000-7fb9c015e000 rw-p 00000000 00:00 0                          [stack:3809]
7fb9c015e000-7fb9c015f000 ---p 00000000 00:00 0 
7fb9c015f000-7fb9c02d0000 rw-p 00000000 00:00 0                          [stack:3808]
7fb9c02d0000-7fb9c0791000 ---p 00000000 00:00 0 
7fb9c0791000-7fb9c07ea000 rw-p 00000000 00:00 0 
7fb9c07ea000-7fb9c0b51000 ---p 00000000 00:00 0 
7fb9c0b51000-7fb9c0b6d000 r-xp 00000000 08:06 20582296                   /usr/lib/jvm/jdk1.8.0_20/jre/lib/amd64/libzip.so
7fb9c0b6d000-7fb9c0d6c000 ---p 0001c000 08:06 20582296                   /usr/lib/jvm/jdk1.8.0_20/jre/lib/amd64/libzip.so
7fb9c0d6c000-7fb9c0d6d000 rw-p 0001b000 08:06 20582296                   /usr/lib/jvm/jdk1.8.0_20/jre/lib/amd64/libzip.so
7fb9c0d6d000-7fb9c0d78000 r-xp 00000000 08:06 15602342                   /lib/x86_64-linux-gnu/libnss_files-2.19.so
7fb9c0d78000-7fb9c0f77000 ---p 0000b000 08:06 15602342                   /lib/x86_64-linux-gnu/libnss_files-2.19.so
7fb9c0f77000-7fb9c0f78000 r--p 0000a000 08:06 15602342                   /lib/x86_64-linux-gnu/libnss_files-2.19.so
7fb9c0f78000-7fb9c0f79000 rw-p 0000b000 08:06 15602342                   /lib/x86_64-linux-gnu/libnss_files-2.19.so
7fb9c0f79000-7fb9c0f84000 r-xp 00000000 08:06 15602345                   /lib/x86_64-linux-gnu/libnss_nis-2.19.so
7fb9c0f84000-7fb9c1183000 ---p 0000b000 08:06 15602345                   /lib/x86_64-linux-gnu/libnss_nis-2.19.so
7fb9c1183000-7fb9c1184000 r--p 0000a000 08:06 15602345                   /lib/x86_64-linux-gnu/libnss_nis-2.19.so
7fb9c1184000-7fb9c1185000 rw-p 0000b000 08:06 15602345                   /lib/x86_64-linux-gnu/libnss_nis-2.19.so
7fb9c1185000-7fb9c119c000 r-xp 00000000 08:06 15602152                   /lib/x86_64-linux-gnu/libnsl-2.19.so
7fb9c119c000-7fb9c139b000 ---p 00017000 08:06 15602152                   /lib/x86_64-linux-gnu/libnsl-2.19.so
7fb9c139b000-7fb9c139c000 r--p 00016000 08:06 15602152                   /lib/x86_64-linux-gnu/libnsl-2.19.so
7fb9c139c000-7fb9c139d000 rw-p 00017000 08:06 15602152                   /lib/x86_64-linux-gnu/libnsl-2.19.so
7fb9c139d000-7fb9c139f000 rw-p 00000000 00:00 0 
7fb9c139f000-7fb9c13a8000 r-xp 00000000 08:06 15601662                   /lib/x86_64-linux-gnu/libnss_compat-2.19.so
7fb9c13a8000-7fb9c15a7000 ---p 00009000 08:06 15601662                   /lib/x86_64-linux-gnu/libnss_compat-2.19.so
7fb9c15a7000-7fb9c15a8000 r--p 00008000 08:06 15601662                   /lib/x86_64-linux-gnu/libnss_compat-2.19.so
7fb9c15a8000-7fb9c15a9000 rw-p 00009000 08:06 15601662                   /lib/x86_64-linux-gnu/libnss_compat-2.19.so
7fb9c15a9000-7fb9c1872000 r--p 00000000 08:06 15209877                   /usr/lib/locale/locale-archive
7fb9c1872000-7fb9c1874000 r-xp 00000000 08:06 20582276                   /usr/lib/jvm/jdk1.8.0_20/jre/lib/amd64/libnpt.so
7fb9c1874000-7fb9c1a74000 ---p 00002000 08:06 20582276                   /usr/lib/jvm/jdk1.8.0_20/jre/lib/amd64/libnpt.so
7fb9c1a74000-7fb9c1a75000 rw-p 00002000 08:06 20582276                   /usr/lib/jvm/jdk1.8.0_20/jre/lib/amd64/libnpt.so
7fb9c1a75000-7fb9c1aae000 r-xp 00000000 08:06 20582287                   /usr/lib/jvm/jdk1.8.0_20/jre/lib/amd64/libjdwp.so
7fb9c1aae000-7fb9c1cad000 ---p 00039000 08:06 20582287                   /usr/lib/jvm/jdk1.8.0_20/jre/lib/amd64/libjdwp.so
7fb9c1cad000-7fb9c1caf000 rw-p 00038000 08:06 20582287                   /usr/lib/jvm/jdk1.8.0_20/jre/lib/amd64/libjdwp.so
7fb9c1caf000-7fb9c1cd9000 r-xp 00000000 08:06 20582291                   /usr/lib/jvm/jdk1.8.0_20/jre/lib/amd64/libjava.so
7fb9c1cd9000-7fb9c1ed9000 ---p 0002a000 08:06 20582291                   /usr/lib/jvm/jdk1.8.0_20/jre/lib/amd64/libjava.so
7fb9c1ed9000-7fb9c1edb000 rw-p 0002a000 08:06 20582291                   /usr/lib/jvm/jdk1.8.0_20/jre/lib/amd64/libjava.so
7fb9c1edb000-7fb9c1ee8000 r-xp 00000000 08:06 20582295                   /usr/lib/jvm/jdk1.8.0_20/jre/lib/amd64/libverify.so
7fb9c1ee8000-7fb9c20e8000 ---p 0000d000 08:06 20582295                   /usr/lib/jvm/jdk1.8.0_20/jre/lib/amd64/libverify.so
7fb9c20e8000-7fb9c20ea000 rw-p 0000d000 08:06 20582295                   /usr/lib/jvm/jdk1.8.0_20/jre/lib/amd64/libverify.so
7fb9c20ea000-7fb9c20f1000 r-xp 00000000 08:06 15602320                   /lib/x86_64-linux-gnu/librt-2.19.so
7fb9c20f1000-7fb9c22f0000 ---p 00007000 08:06 15602320                   /lib/x86_64-linux-gnu/librt-2.19.so
7fb9c22f0000-7fb9c22f1000 r--p 00006000 08:06 15602320                   /lib/x86_64-linux-gnu/librt-2.19.so
7fb9c22f1000-7fb9c22f2000 rw-p 00007000 08:06 15602320                   /lib/x86_64-linux-gnu/librt-2.19.so
7fb9c22f2000-7fb9c23f7000 r-xp 00000000 08:06 15602334                   /lib/x86_64-linux-gnu/libm-2.19.so
7fb9c23f7000-7fb9c25f6000 ---p 00105000 08:06 15602334                   /lib/x86_64-linux-gnu/libm-2.19.so
7fb9c25f6000-7fb9c25f7000 r--p 00104000 08:06 15602334                   /lib/x86_64-linux-gnu/libm-2.19.so
7fb9c25f7000-7fb9c25f8000 rw-p 00105000 08:06 15602334                   /lib/x86_64-linux-gnu/libm-2.19.so
7fb9c25f8000-7fb9c3262000 r-xp 00000000 08:06 20845908                   /usr/lib/jvm/jdk1.8.0_20/jre/lib/amd64/server/libjvm.so
7fb9c3262000-7fb9c3462000 ---p 00c6a000 08:06 20845908                   /usr/lib/jvm/jdk1.8.0_20/jre/lib/amd64/server/libjvm.so
7fb9c3462000-7fb9c3538000 rw-p 00c6a000 08:06 20845908                   /usr/lib/jvm/jdk1.8.0_20/jre/lib/amd64/server/libjvm.so
7fb9c3538000-7fb9c357a000 rw-p 00000000 00:00 0 
7fb9c357a000-7fb9c3735000 r-xp 00000000 08:06 15602328                   /lib/x86_64-linux-gnu/libc-2.19.so
7fb9c3735000-7fb9c3935000 ---p 001bb000 08:06 15602328                   /lib/x86_64-linux-gnu/libc-2.19.so
7fb9c3935000-7fb9c3939000 r--p 001bb000 08:06 15602328                   /lib/x86_64-linux-gnu/libc-2.19.so
7fb9c3939000-7fb9c393b000 rw-p 001bf000 08:06 15602328                   /lib/x86_64-linux-gnu/libc-2.19.so
7fb9c393b000-7fb9c3940000 rw-p 00000000 00:00 0 
7fb9c3940000-7fb9c3943000 r-xp 00000000 08:06 15602352                   /lib/x86_64-linux-gnu/libdl-2.19.so
7fb9c3943000-7fb9c3b42000 ---p 00003000 08:06 15602352                   /lib/x86_64-linux-gnu/libdl-2.19.so
7fb9c3b42000-7fb9c3b43000 r--p 00002000 08:06 15602352                   /lib/x86_64-linux-gnu/libdl-2.19.so
7fb9c3b43000-7fb9c3b44000 rw-p 00003000 08:06 15602352                   /lib/x86_64-linux-gnu/libdl-2.19.so
7fb9c3b44000-7fb9c3b5b000 r-xp 00000000 08:06 20061287                   /usr/lib/jvm/jdk1.8.0_20/lib/amd64/jli/libjli.so
7fb9c3b5b000-7fb9c3d5a000 ---p 00017000 08:06 20061287                   /usr/lib/jvm/jdk1.8.0_20/lib/amd64/jli/libjli.so
7fb9c3d5a000-7fb9c3d5b000 rw-p 00016000 08:06 20061287                   /usr/lib/jvm/jdk1.8.0_20/lib/amd64/jli/libjli.so
7fb9c3d5b000-7fb9c3d74000 r-xp 00000000 08:06 15602353                   /lib/x86_64-linux-gnu/libpthread-2.19.so
7fb9c3d74000-7fb9c3f73000 ---p 00019000 08:06 15602353                   /lib/x86_64-linux-gnu/libpthread-2.19.so
7fb9c3f73000-7fb9c3f74000 r--p 00018000 08:06 15602353                   /lib/x86_64-linux-gnu/libpthread-2.19.so
7fb9c3f74000-7fb9c3f75000 rw-p 00019000 08:06 15602353                   /lib/x86_64-linux-gnu/libpthread-2.19.so
7fb9c3f75000-7fb9c3f79000 rw-p 00000000 00:00 0 
7fb9c3f79000-7fb9c3f9c000 r-xp 00000000 08:06 15602330                   /lib/x86_64-linux-gnu/ld-2.19.so
7fb9c3f9c000-7fb9c3f9e000 r--s 0000c000 08:06 19532221                   /usr/local/development/dev-7-6/Ignition/Servers/apache-tomcat-6.0.36/lib/tomcat-i18n-ja.jar
7fb9c3f9e000-7fb9c3fa0000 r--s 00011000 08:06 19532214                   /usr/local/development/dev-7-6/Ignition/Servers/apache-tomcat-6.0.36/lib/jsp-api.jar
7fb9c3fa0000-7fb9c3fa2000 r--s 00014000 08:06 19532216                   /usr/local/development/dev-7-6/Ignition/Servers/apache-tomcat-6.0.36/lib/servlet-api.jar
7fb9c3fa2000-7fb9c3fa4000 r--s 0000c000 08:06 19532206                   /usr/local/development/dev-7-6/Ignition/Servers/apache-tomcat-6.0.36/lib/catalina-ant.jar
7fb9c3fa4000-7fb9c4075000 rw-p 00000000 00:00 0 
7fb9c4075000-7fb9c4078000 ---p 00000000 00:00 0 
7fb9c4078000-7fb9c417a000 rw-p 00000000 00:00 0                          [stack:3807]
7fb9c417a000-7fb9c417c000 r--s 00007000 08:06 19532211                   /usr/local/development/dev-7-6/Ignition/Servers/apache-tomcat-6.0.36/lib/el-api.jar
7fb9c417c000-7fb9c417d000 r--s 00003000 08:06 19532205                   /usr/local/development/dev-7-6/Ignition/Servers/apache-tomcat-6.0.36/lib/annotations-api.jar
7fb9c417d000-7fb9c4180000 r--s 00019000 08:06 19532212                   /usr/local/development/dev-7-6/Ignition/Servers/apache-tomcat-6.0.36/lib/jasper-el.jar
7fb9c4180000-7fb9c4185000 r--s 00092000 08:06 20582254                   /usr/lib/jvm/jdk1.8.0_20/jre/lib/jsse.jar
7fb9c4185000-7fb9c4186000 r--s 00007000 08:06 19533431                   /usr/local/development/dev-7-6/Ignition/Servers/apache-tomcat-6.0.36/bin/tomcat-juli.jar
7fb9c4186000-7fb9c4187000 r--s 00005000 08:06 19533430                   /usr/local/development/dev-7-6/Ignition/Servers/apache-tomcat-6.0.36/bin/commons-daemon.jar
7fb9c4187000-7fb9c4188000 r--s 00005000 08:06 19533429                   /usr/local/development/dev-7-6/Ignition/Servers/apache-tomcat-6.0.36/bin/bootstrap.jar
7fb9c4188000-7fb9c418f000 r--s 000c7000 08:06 1179649                    /usr/lib/jvm/jdk1.8.0_20/jre/lib/ext/mysql-connector-java-5.1.23-bin.jar
7fb9c418f000-7fb9c4197000 rw-s 00000000 08:06 6164360                    /tmp/hsperfdata_mattg/3802
7fb9c4197000-7fb9c4198000 rw-p 00000000 00:00 0 
7fb9c4198000-7fb9c4199000 r--p 00000000 00:00 0 
7fb9c4199000-7fb9c419b000 rw-p 00000000 00:00 0 
7fb9c419b000-7fb9c419c000 r--p 00022000 08:06 15602330                   /lib/x86_64-linux-gnu/ld-2.19.so
7fb9c419c000-7fb9c419d000 rw-p 00023000 08:06 15602330                   /lib/x86_64-linux-gnu/ld-2.19.so
7fb9c419d000-7fb9c419e000 rw-p 00000000 00:00 0 
7fffe8a20000-7fffe8a41000 rw-p 00000000 00:00 0                          [stack]
7fffe8baa000-7fffe8bac000 r-xp 00000000 00:00 0                          [vdso]
ffffffffff600000-ffffffffff601000 r-xp 00000000 00:00 0                  [vsyscall]

VM Arguments:
jvm_args: -Djava.util.logging.config.file=/home/mattg/.IntelliJIdea13/system/tomcat/Unnamed_77-Ignition/conf/logging.properties -Xdebug -Xrunjdwp:transport=dt_socket,address=127.0.0.1:51670,suspend=y,server=n -Dcom.sun.management.jmxremote= -Dcom.sun.management.jmxremote.port=1099 -Dcom.sun.management.jmxremote.ssl=false -Dcom.sun.management.jmxremote.authenticate=false -Djava.rmi.server.hostname=127.0.0.1 -Djava.util.logging.manager=org.apache.juli.ClassLoaderLogManager -Djava.endorsed.dirs=/usr/local/development/dev-7-6/Ignition/Servers/apache-tomcat-6.0.36/endorsed -Dcatalina.base=/home/mattg/.IntelliJIdea13/system/tomcat/Unnamed_77-Ignition -Dcatalina.home=/usr/local/development/dev-7-6/Ignition/Servers/apache-tomcat-6.0.36 -Djava.io.tmpdir=/usr/local/development/dev-7-6/Ignition/Servers/apache-tomcat-6.0.36/temp 
java_command: org.apache.catalina.startup.Bootstrap start
java_class_path (initial): /usr/local/development/dev-7-6/Ignition/Servers/apache-tomcat-6.0.36/bin/bootstrap.jar
Launcher Type: SUN_STANDARD

Environment Variables:
JAVA_HOME=/usr/lib/jvm/jdk1.8.0_20
CLASSPATH=/usr/local/development/dev-7-6/Ignition/Servers/apache-tomcat-6.0.36/bin/bootstrap.jar
PATH=/usr/local/sbin:/usr/local/bin:/usr/sbin:/usr/bin:/sbin:/bin:/usr/games:/usr/local/games:/usr/local/development/gradle-1.12/bin
USERNAME=mattg
LD_LIBRARY_PATH=/usr/local/development/idea-IU-135.909/bin:
SHELL=/bin/bash
DISPLAY=:0

Signal Handlers:
SIGSEGV: [libjvm.so+0xa76cd0], sa_mask[0]=11111111011111111101111111111110, sa_flags=SA_RESTART|SA_SIGINFO
SIGBUS: [libjvm.so+0xa76cd0], sa_mask[0]=11111111011111111101111111111110, sa_flags=SA_RESTART|SA_SIGINFO
SIGFPE: [libjvm.so+0x8e0d80], sa_mask[0]=11111111011111111101111111111110, sa_flags=SA_RESTART|SA_SIGINFO
SIGPIPE: [libjvm.so+0x8e0d80], sa_mask[0]=11111111011111111101111111111110, sa_flags=SA_RESTART|SA_SIGINFO
SIGXFSZ: [libjvm.so+0x8e0d80], sa_mask[0]=11111111011111111101111111111110, sa_flags=SA_RESTART|SA_SIGINFO
SIGILL: [libjvm.so+0x8e0d80], sa_mask[0]=11111111011111111101111111111110, sa_flags=SA_RESTART|SA_SIGINFO
SIGUSR1: SIG_DFL, sa_mask[0]=00000000000000000000000000000000, sa_flags=none
SIGUSR2: [libjvm.so+0x8e25b0], sa_mask[0]=00100000000000000000000000000000, sa_flags=SA_RESTART|SA_SIGINFO
SIGHUP: [libjvm.so+0x8e3970], sa_mask[0]=11111111011111111101111111111110, sa_flags=SA_RESTART|SA_SIGINFO
SIGINT: [libjvm.so+0x8e3970], sa_mask[0]=11111111011111111101111111111110, sa_flags=SA_RESTART|SA_SIGINFO
SIGTERM: [libjvm.so+0x8e3970], sa_mask[0]=11111111011111111101111111111110, sa_flags=SA_RESTART|SA_SIGINFO
SIGQUIT: [libjvm.so+0x8e3970], sa_mask[0]=11111111011111111101111111111110, sa_flags=SA_RESTART|SA_SIGINFO


---------------  S Y S T E M  ---------------

OS:DISTRIB_ID=LinuxMint
DISTRIB_RELEASE=17
DISTRIB_CODENAME=qiana
DISTRIB_DESCRIPTION="Linux Mint 17 Qiana"

uname:Linux 3.13.0-24-generic #46-Ubuntu SMP Thu Apr 10 19:11:08 UTC 2014 x86_64
libc:glibc 2.19 NPTL 2.19 
rlimit: STACK 8192k, CORE 0k, NPROC 127375, NOFILE 4096, AS infinity
load average:1.21 0.93 0.50

/proc/meminfo:
MemTotal:       16335088 kB
MemFree:        11561872 kB
Buffers:          133760 kB
Cached:          1747940 kB
SwapCached:            0 kB
Active:          2999460 kB
Inactive:        1428856 kB
Active(anon):    2554216 kB
Inactive(anon):   415196 kB
Active(file):     445244 kB
Inactive(file):  1013660 kB
Unevictable:         752 kB
Mlocked:             752 kB
SwapTotal:      16676860 kB
SwapFree:       16676860 kB
Dirty:             30856 kB
Writeback:             0 kB
AnonPages:       2546892 kB
Mapped:           400920 kB
Shmem:            422800 kB
Slab:             149088 kB
SReclaimable:     108968 kB
SUnreclaim:        40120 kB
KernelStack:        5752 kB
PageTables:        40156 kB
NFS_Unstable:          0 kB
Bounce:                0 kB
WritebackTmp:          0 kB
CommitLimit:    24844404 kB
Committed_AS:    6440468 kB
VmallocTotal:   34359738367 kB
VmallocUsed:      444884 kB
VmallocChunk:   34359289148 kB
HardwareCorrupted:     0 kB
AnonHugePages:   1007616 kB
HugePages_Total:       0
HugePages_Free:        0
HugePages_Rsvd:        0
HugePages_Surp:        0
Hugepagesize:       2048 kB
DirectMap4k:       97736 kB
DirectMap2M:     2949120 kB
DirectMap1G:    13631488 kB


CPU:total 8 (4 cores per cpu, 2 threads per core) family 6 model 60 stepping 3, cmov, cx8, fxsr, mmx, sse, sse2, sse3, ssse3, sse4.1, sse4.2, popcnt, avx, avx2, aes, clmul, erms, lzcnt, ht, tsc, tscinvbit, bmi1, bmi2

/proc/cpuinfo:
processor	: 0
vendor_id	: GenuineIntel
cpu family	: 6
model		: 60
model name	: Intel(R) Core(TM) i7-4702HQ CPU @ 2.20GHz
stepping	: 3
microcode	: 0x17
cpu MHz		: 2100.000
cache size	: 6144 KB
physical id	: 0
siblings	: 8
core id		: 0
cpu cores	: 4
apicid		: 0
initial apicid	: 0
fpu		: yes
fpu_exception	: yes
cpuid level	: 13
wp		: yes
flags		: fpu vme de pse tsc msr pae mce cx8 apic sep mtrr pge mca cmov pat pse36 clflush dts acpi mmx fxsr sse sse2 ss ht tm pbe syscall nx pdpe1gb rdtscp lm constant_tsc arch_perfmon pebs bts rep_good nopl xtopology nonstop_tsc aperfmperf eagerfpu pni pclmulqdq dtes64 monitor ds_cpl vmx est tm2 ssse3 fma cx16 xtpr pdcm pcid sse4_1 sse4_2 x2apic movbe popcnt tsc_deadline_timer aes xsave avx f16c rdrand lahf_lm abm ida arat epb xsaveopt pln pts dtherm tpr_shadow vnmi flexpriority ept vpid fsgsbase tsc_adjust bmi1 avx2 smep bmi2 erms invpcid
bogomips	: 4389.87
clflush size	: 64
cache_alignment	: 64
address sizes	: 39 bits physical, 48 bits virtual
power management:

processor	: 1
vendor_id	: GenuineIntel
cpu family	: 6
model		: 60
model name	: Intel(R) Core(TM) i7-4702HQ CPU @ 2.20GHz
stepping	: 3
microcode	: 0x17
cpu MHz		: 1800.000
cache size	: 6144 KB
physical id	: 0
siblings	: 8
core id		: 1
cpu cores	: 4
apicid		: 2
initial apicid	: 2
fpu		: yes
fpu_exception	: yes
cpuid level	: 13
wp		: yes
flags		: fpu vme de pse tsc msr pae mce cx8 apic sep mtrr pge mca cmov pat pse36 clflush dts acpi mmx fxsr sse sse2 ss ht tm pbe syscall nx pdpe1gb rdtscp lm constant_tsc arch_perfmon pebs bts rep_good nopl xtopology nonstop_tsc aperfmperf eagerfpu pni pclmulqdq dtes64 monitor ds_cpl vmx est tm2 ssse3 fma cx16 xtpr pdcm pcid sse4_1 sse4_2 x2apic movbe popcnt tsc_deadline_timer aes xsave avx f16c rdrand lahf_lm abm ida arat epb xsaveopt pln pts dtherm tpr_shadow vnmi flexpriority ept vpid fsgsbase tsc_adjust bmi1 avx2 smep bmi2 erms invpcid
bogomips	: 4389.87
clflush size	: 64
cache_alignment	: 64
address sizes	: 39 bits physical, 48 bits virtual
power management:

processor	: 2
vendor_id	: GenuineIntel
cpu family	: 6
model		: 60
model name	: Intel(R) Core(TM) i7-4702HQ CPU @ 2.20GHz
stepping	: 3
microcode	: 0x17
cpu MHz		: 2000.000
cache size	: 6144 KB
physical id	: 0
siblings	: 8
core id		: 2
cpu cores	: 4
apicid		: 4
initial apicid	: 4
fpu		: yes
fpu_exception	: yes
cpuid level	: 13
wp		: yes
flags		: fpu vme de pse tsc msr pae mce cx8 apic sep mtrr pge mca cmov pat pse36 clflush dts acpi mmx fxsr sse sse2 ss ht tm pbe syscall nx pdpe1gb rdtscp lm constant_tsc arch_perfmon pebs bts rep_good nopl xtopology nonstop_tsc aperfmperf eagerfpu pni pclmulqdq dtes64 monitor ds_cpl vmx est tm2 ssse3 fma cx16 xtpr pdcm pcid sse4_1 sse4_2 x2apic movbe popcnt tsc_deadline_timer aes xsave avx f16c rdrand lahf_lm abm ida arat epb xsaveopt pln pts dtherm tpr_shadow vnmi flexpriority ept vpid fsgsbase tsc_adjust bmi1 avx2 smep bmi2 erms invpcid
bogomips	: 4389.87
clflush size	: 64
cache_alignment	: 64
address sizes	: 39 bits physical, 48 bits virtual
power management:

processor	: 3
vendor_id	: GenuineIntel
cpu family	: 6
model		: 60
model name	: Intel(R) Core(TM) i7-4702HQ CPU @ 2.20GHz
stepping	: 3
microcode	: 0x17
cpu MHz		: 800.000
cache size	: 6144 KB
physical id	: 0
siblings	: 8
core id		: 3
cpu cores	: 4
apicid		: 6
initial apicid	: 6
fpu		: yes
fpu_exception	: yes
cpuid level	: 13
wp		: yes
flags		: fpu vme de pse tsc msr pae mce cx8 apic sep mtrr pge mca cmov pat pse36 clflush dts acpi mmx fxsr sse sse2 ss ht tm pbe syscall nx pdpe1gb rdtscp lm constant_tsc arch_perfmon pebs bts rep_good nopl xtopology nonstop_tsc aperfmperf eagerfpu pni pclmulqdq dtes64 monitor ds_cpl vmx est tm2 ssse3 fma cx16 xtpr pdcm pcid sse4_1 sse4_2 x2apic movbe popcnt tsc_deadline_timer aes xsave avx f16c rdrand lahf_lm abm ida arat epb xsaveopt pln pts dtherm tpr_shadow vnmi flexpriority ept vpid fsgsbase tsc_adjust bmi1 avx2 smep bmi2 erms invpcid
bogomips	: 4389.87
clflush size	: 64
cache_alignment	: 64
address sizes	: 39 bits physical, 48 bits virtual
power management:

processor	: 4
vendor_id	: GenuineIntel
cpu family	: 6
model		: 60
model name	: Intel(R) Core(TM) i7-4702HQ CPU @ 2.20GHz
stepping	: 3
microcode	: 0x17
cpu MHz		: 2201.000
cache size	: 6144 KB
physical id	: 0
siblings	: 8
core id		: 0
cpu cores	: 4
apicid		: 1
initial apicid	: 1
fpu		: yes
fpu_exception	: yes
cpuid level	: 13
wp		: yes
flags		: fpu vme de pse tsc msr pae mce cx8 apic sep mtrr pge mca cmov pat pse36 clflush dts acpi mmx fxsr sse sse2 ss ht tm pbe syscall nx pdpe1gb rdtscp lm constant_tsc arch_perfmon pebs bts rep_good nopl xtopology nonstop_tsc aperfmperf eagerfpu pni pclmulqdq dtes64 monitor ds_cpl vmx est tm2 ssse3 fma cx16 xtpr pdcm pcid sse4_1 sse4_2 x2apic movbe popcnt tsc_deadline_timer aes xsave avx f16c rdrand lahf_lm abm ida arat epb xsaveopt pln pts dtherm tpr_shadow vnmi flexpriority ept vpid fsgsbase tsc_adjust bmi1 avx2 smep bmi2 erms invpcid
bogomips	: 4389.87
clflush size	: 64
cache_alignment	: 64
address sizes	: 39 bits physical, 48 bits virtual
power management:

processor	: 5
vendor_id	: GenuineIntel
cpu family	: 6
model		: 60
model name	: Intel(R) Core(TM) i7-4702HQ CPU @ 2.20GHz
stepping	: 3
microcode	: 0x17
cpu MHz		: 1400.000
cache size	: 6144 KB
physical id	: 0
siblings	: 8
core id		: 1
cpu cores	: 4
apicid		: 3
initial apicid	: 3
fpu		: yes
fpu_exception	: yes
cpuid level	: 13
wp		: yes
flags		: fpu vme de pse tsc msr pae mce cx8 apic sep mtrr pge mca cmov pat pse36 clflush dts acpi mmx fxsr sse sse2 ss ht tm pbe syscall nx pdpe1gb rdtscp lm constant_tsc arch_perfmon pebs bts rep_good nopl xtopology nonstop_tsc aperfmperf eagerfpu pni pclmulqdq dtes64 monitor ds_cpl vmx est tm2 ssse3 fma cx16 xtpr pdcm pcid sse4_1 sse4_2 x2apic movbe popcnt tsc_deadline_timer aes xsave avx f16c rdrand lahf_lm abm ida arat epb xsaveopt pln pts dtherm tpr_shadow vnmi flexpriority ept vpid fsgsbase tsc_adjust bmi1 avx2 smep bmi2 erms invpcid
bogomips	: 4389.87
clflush size	: 64
cache_alignment	: 64
address sizes	: 39 bits physical, 48 bits virtual
power management:

processor	: 6
vendor_id	: GenuineIntel
cpu family	: 6
model		: 60
model name	: Intel(R) Core(TM) i7-4702HQ CPU @ 2.20GHz
stepping	: 3
microcode	: 0x17
cpu MHz		: 800.000
cache size	: 6144 KB
physical id	: 0
siblings	: 8
core id		: 2
cpu cores	: 4
apicid		: 5
initial apicid	: 5
fpu		: yes
fpu_exception	: yes
cpuid level	: 13
wp		: yes
flags		: fpu vme de pse tsc msr pae mce cx8 apic sep mtrr pge mca cmov pat pse36 clflush dts acpi mmx fxsr sse sse2 ss ht tm pbe syscall nx pdpe1gb rdtscp lm constant_tsc arch_perfmon pebs bts rep_good nopl xtopology nonstop_tsc aperfmperf eagerfpu pni pclmulqdq dtes64 monitor ds_cpl vmx est tm2 ssse3 fma cx16 xtpr pdcm pcid sse4_1 sse4_2 x2apic movbe popcnt tsc_deadline_timer aes xsave avx f16c rdrand lahf_lm abm ida arat epb xsaveopt pln pts dtherm tpr_shadow vnmi flexpriority ept vpid fsgsbase tsc_adjust bmi1 avx2 smep bmi2 erms invpcid
bogomips	: 4389.87
clflush size	: 64
cache_alignment	: 64
address sizes	: 39 bits physical, 48 bits virtual
power management:

processor	: 7
vendor_id	: GenuineIntel
cpu family	: 6
model		: 60
model name	: Intel(R) Core(TM) i7-4702HQ CPU @ 2.20GHz
stepping	: 3
microcode	: 0x17
cpu MHz		: 800.000
cache size	: 6144 KB
physical id	: 0
siblings	: 8
core id		: 3
cpu cores	: 4
apicid		: 7
initial apicid	: 7
fpu		: yes
fpu_exception	: yes
cpuid level	: 13
wp		: yes
flags		: fpu vme de pse tsc msr pae mce cx8 apic sep mtrr pge mca cmov pat pse36 clflush dts acpi mmx fxsr sse sse2 ss ht tm pbe syscall nx pdpe1gb rdtscp lm constant_tsc arch_perfmon pebs bts rep_good nopl xtopology nonstop_tsc aperfmperf eagerfpu pni pclmulqdq dtes64 monitor ds_cpl vmx est tm2 ssse3 fma cx16 xtpr pdcm pcid sse4_1 sse4_2 x2apic movbe popcnt tsc_deadline_timer aes xsave avx f16c rdrand lahf_lm abm ida arat epb xsaveopt pln pts dtherm tpr_shadow vnmi flexpriority ept vpid fsgsbase tsc_adjust bmi1 avx2 smep bmi2 erms invpcid
bogomips	: 4389.87
clflush size	: 64
cache_alignment	: 64
address sizes	: 39 bits physical, 48 bits virtual
power management:



Memory: 4k page, physical 16335088k(11561500k free), swap 16676860k(16676860k free)

vm_info: Java HotSpot(TM) 64-Bit Server VM (25.20-b17) for linux-amd64 JRE (1.8.0_20-ea-b17), built on Jun  4 2014 00:04:06 by "java_re" with gcc 4.3.0 20080428 (Red Hat 4.3.0-8)

time: Tue Nov 18 07:22:36 2014
elapsed time: 164 seconds (0d 0h 2m 44s)

