#
# A fatal error has been detected by the Java Runtime Environment:
#
#  SIGSEGV (0xb) at pc=0x00007f6060b1ff7e, pid=13099, tid=140051917907712
#
# JRE version: Java(TM) SE Runtime Environment (8.0_20-b17) (build 1.8.0_20-ea-b17)
# Java VM: Java HotSpot(TM) 64-Bit Server VM (25.20-b17 mixed mode linux-amd64 compressed oops)
# Problematic frame:
# C  [ld-linux-x86-64.so.2+0x9f7e]
#
# Failed to write core dump. Core dumps have been disabled. To enable core dumping, try "ulimit -c unlimited" before starting Java again
#
# If you would like to submit a bug report, please visit:
#   http://bugreport.sun.com/bugreport/crash.jsp
# The crash happened outside the Java Virtual Machine in native code.
# See problematic frame for where to report the bug.
#

---------------  T H R E A D  ---------------

Current thread (0x00007f605800d000):  JavaThread "main" [_thread_in_native, id=13104, stack(0x00007f6060c12000,0x00007f6060d13000)]

siginfo: si_signo: 11 (SIGSEGV), si_code: 1 (SEGV_MAPERR), si_addr: 0x00000000000000b8

Registers:
RAX=0x0000000000000090, RBX=0x000000004c8d3d65, RCX=0x0000000000000025, RDX=0x00000000000003f3
RSP=0x00007f6060d0fa50, RBP=0x0000000000000002, RSI=0x00007f606011ad28, RDI=0x00007f6060d169e8
R8 =0x00000000013234f5, R9 =0x00007f6060d0fa90, R10=0x0000000006020400, R11=0x00007f6060d0fb90
R12=0x0000000000000003, R13=0x00007f5f9027a4a0, R14=0x0000000000000000, R15=0x0000000000000025
RIP=0x00007f6060b1ff7e, EFLAGS=0x0000000000010202, CSGSFS=0x0000000000000033, ERR=0x0000000000000004
  TRAPNO=0x000000000000000e

Top of Stack: (sp=0x00007f6060d0fa50)
0x00007f6060d0fa50:   00007f6060d0fbc0 00007f605f7f7f75
0x00007f6060d0fa60:   00007f6000000002 00007f6060d0fba0
0x00007f6060d0fa70:   00007f6060d0fc30 00007f6060d0fe00
0x00007f6060d0fa80:   00007f6049046960 01007f600000000c
0x00007f6060d0fa90:   0000000000000000 0000000000000000
0x00007f6060d0faa0:   00007f6060d169e8 00007f605829c660
0x00007f6060d0fab0:   00007f6060127d78 0000000000000000
0x00007f6060d0fac0:   0000000200000000 0000000000000000
0x00007f6060d0fad0:   00007f605800d000 00007f6060d0fc80
0x00007f6060d0fae0:   00007f6060d0fc30 0000000000000000
0x00007f6060d0faf0:   0000000000000000 00007f5f902cb198
0x00007f6060d0fb00:   00007f5f902cae10 00007f6060b20991
0x00007f6060d0fb10:   0000000000000000 0000000000000000
0x00007f6060d0fb20:   0000007c00000002 0000000000000000
0x00007f6060d0fb30:   00007f6000000000 00007f5f902cae10
0x00007f6060d0fb40:   00000007c0008600 00007f605800d000
0x00007f6060d0fb50:   00007f6060d0fbc0 00007f605f94e447
0x00007f6060d0fb60:   00007f602b804440 00007f5f902cb198
0x00007f6060d0fb70:   00007f6060d0fba0 00007f6060d0fb90
0x00007f6060d0fb80:   000000004c8d3d65 00007f605829c660
0x00007f6060d0fb90:   00000000ffffffff 00007f605800a5d0
0x00007f6060d0fba0:   0000000000000000 0000000000000000
0x00007f6060d0fbb0:   00007f605800a470 00007f605800d000
0x00007f6060d0fbc0:   00007f6060d0fd50 00007f605f83e467
0x00007f6060d0fbd0:   000000b160d10938 00007f6060d103a0
0x00007f6060d0fbe0:   00007f6060d0fc30 00007f6060d0fcb0
0x00007f6060d0fbf0:   00007f6060d0fd80 00007f6060d0fe00
0x00007f6060d0fc00:   00007f605800d1e8 00000000013e24b0
0x00007f6060d0fc10:   00007f6060d38cc0 00007f605829c660
0x00007f6060d0fc20:   0000000000000000 00007f5f902cae10
0x00007f6060d0fc30:   00007f6060d0fd10 00007f606024df56
0x00007f6060d0fc40:   0000000600000002 0000000000000000 

Instructions: (pc=0x00007f6060b1ff7e)
0x00007f6060b1ff5e:   06 41 83 e7 3f 0f 1f 44 00 00 49 8b 44 ed 00 c7
0x00007f6060b1ff6e:   44 24 70 00 00 00 00 48 c7 44 24 40 00 00 00 00
0x00007f6060b1ff7e:   48 8b 78 28 4c 39 f7 48 89 7c 24 50 0f 84 f0 00
0x00007f6060b1ff8e:   00 00 f6 44 24 7c 02 74 0d f6 87 14 03 00 00 03 

Register to memory mapping:

RAX=0x0000000000000090 is an unknown value
RBX=0x000000004c8d3d65 is an unknown value
RCX=0x0000000000000025 is an unknown value
RDX=0x00000000000003f3 is an unknown value
RSP=0x00007f6060d0fa50 is pointing into the stack for thread: 0x00007f605800d000
RBP=0x0000000000000002 is an unknown value
RSI=0x00007f606011ad28: <offset 0x3d28> in /lib/x86_64-linux-gnu/libc.so.6 at 0x00007f6060117000
RDI=0x00007f6060d169e8 is an unknown value
R8 =0x00000000013234f5 is an unknown value
R9 =0x00007f6060d0fa90 is pointing into the stack for thread: 0x00007f605800d000
R10=0x0000000006020400 is an unknown value
R11=0x00007f6060d0fb90 is pointing into the stack for thread: 0x00007f605800d000
R12=0x0000000000000003 is an unknown value
R13=0x00007f5f9027a4a0 is an unknown value
R14=0x0000000000000000 is an unknown value
R15=0x0000000000000025 is an unknown value


Stack: [0x00007f6060c12000,0x00007f6060d13000],  sp=0x00007f6060d0fa50,  free space=1014k
Native frames: (J=compiled Java code, j=interpreted, Vv=VM code, C=native code)
C  [ld-linux-x86-64.so.2+0x9f7e]

Java frames: (J=compiled Java code, j=interpreted, Vv=VM code)
j  java.lang.ClassLoader$NativeLibrary.unload(Ljava/lang/String;Z)V+0
j  java.lang.ClassLoader$NativeLibrary.finalize()V+87
v  ~StubRoutines::call_stub
J 1141  sun.reflect.NativeMethodAccessorImpl.invoke0(Ljava/lang/reflect/Method;Ljava/lang/Object;[Ljava/lang/Object;)Ljava/lang/Object; (0 bytes) @ 0x00007f6049456377 [0x00007f6049456300+0x77]
J 1140 C1 sun.reflect.NativeMethodAccessorImpl.invoke(Ljava/lang/Object;[Ljava/lang/Object;)Ljava/lang/Object; (104 bytes) @ 0x00007f604945b40c [0x00007f604945a200+0x120c]
J 5964 C2 java.lang.reflect.Method.invoke(Ljava/lang/Object;[Ljava/lang/Object;)Ljava/lang/Object; (62 bytes) @ 0x00007f60496a7b60 [0x00007f60496a7aa0+0xc0]
j  com.inductiveautomation.ignition.gateway.bootstrap.SRFilter.destroy()V+89
j  org.apache.catalina.core.ApplicationFilterConfig.release()V+61
j  org.apache.catalina.core.StandardContext.filterStop()Z+124
j  org.apache.catalina.core.StandardContext.stop()V+142
j  org.apache.catalina.core.ContainerBase.removeChild(Lorg/apache/catalina/Container;)V+90
j  org.apache.catalina.startup.HostConfig.undeployApps()V+77
j  org.apache.catalina.startup.HostConfig.stop()V+28
j  org.apache.catalina.startup.HostConfig.lifecycleEvent(Lorg/apache/catalina/LifecycleEvent;)V+151
j  org.apache.catalina.util.LifecycleSupport.fireLifecycleEvent(Ljava/lang/String;Ljava/lang/Object;)V+178
j  org.apache.catalina.core.ContainerBase.stop()V+60
j  org.apache.catalina.core.ContainerBase.stop()V+118
j  org.apache.catalina.core.StandardEngine.stop()V+1
j  org.apache.catalina.core.StandardService.stop()V+177
j  org.apache.catalina.core.StandardServer.stop()V+65
j  org.apache.catalina.startup.Catalina.stop()V+58
j  org.apache.catalina.startup.Catalina.start()V+198
v  ~StubRoutines::call_stub
j  sun.reflect.NativeMethodAccessorImpl.invoke0(Ljava/lang/reflect/Method;Ljava/lang/Object;[Ljava/lang/Object;)Ljava/lang/Object;+0
j  sun.reflect.NativeMethodAccessorImpl.invoke(Ljava/lang/Object;[Ljava/lang/Object;)Ljava/lang/Object;+100
J 493 C1 sun.reflect.DelegatingMethodAccessorImpl.invoke(Ljava/lang/Object;[Ljava/lang/Object;)Ljava/lang/Object; (10 bytes) @ 0x00007f60492201ac [0x00007f6049220080+0x12c]
J 492 C1 java.lang.reflect.Method.invoke(Ljava/lang/Object;[Ljava/lang/Object;)Ljava/lang/Object; (62 bytes) @ 0x00007f6049224e84 [0x00007f6049224a60+0x424]
j  org.apache.catalina.startup.Bootstrap.start()V+37
j  org.apache.catalina.startup.Bootstrap.main([Ljava/lang/String;)V+131
v  ~StubRoutines::call_stub

---------------  P R O C E S S  ---------------

Java Threads: ( => current thread )
  0x00007f60584da000 JavaThread "pool-1-thread-1" [_thread_blocked, id=13253, stack(0x00007f5fd630e000,0x00007f5fd640f000)]
  0x00007f60585b3000 JavaThread "Thread-21" daemon [_thread_blocked, id=13252, stack(0x00007f5f8dbca000,0x00007f5f8dccb000)]
  0x00007f5fb8002800 JavaThread "http-8088-3" daemon [_thread_blocked, id=13198, stack(0x00007f5f8d5c8000,0x00007f5f8d6c9000)]
  0x00007f5fb8001800 JavaThread "http-8088-2" daemon [_thread_blocked, id=13185, stack(0x00007f5fd50d7000,0x00007f5fd51d8000)]
  0x00007f5fb8004800 JavaThread "http-8088-1" daemon [_thread_in_native, id=13178, stack(0x00007f5f8ddcc000,0x00007f5f8decd000)]
  0x00007f5f9083c000 JavaThread "ClockDriftDetector" daemon [_thread_blocked, id=13176, stack(0x00007f5f8e6f1000,0x00007f5f8e7f2000)]
  0x00007f5f90839800 JavaThread "PyLib_ScriptWatcher" daemon [_thread_blocked, id=13175, stack(0x00007f5f8e7f2000,0x00007f5f8e8f3000)]
  0x00007f5f9082a800 JavaThread "PyFile_ChangeNotifier" daemon [_thread_blocked, id=13174, stack(0x00007f5f8e8f3000,0x00007f5f8e9f4000)]
  0x00007f5f90828800 JavaThread "Thread-16" daemon [_thread_in_native, id=13173, stack(0x00007f5f8e9f4000,0x00007f5f8eaf5000)]
  0x00007f60585dc800 JavaThread "TP-Monitor" daemon [_thread_blocked, id=13146, stack(0x00007f5fd5d08000,0x00007f5fd5e09000)]
  0x00007f60585db000 JavaThread "TP-Processor4" daemon [_thread_blocked, id=13145, stack(0x00007f5fd5e09000,0x00007f5fd5f0a000)]
  0x00007f60585b8800 JavaThread "TP-Processor3" daemon [_thread_blocked, id=13144, stack(0x00007f5fd5f0a000,0x00007f5fd600b000)]
  0x00007f60585bf000 JavaThread "TP-Processor2" daemon [_thread_blocked, id=13143, stack(0x00007f5fd600b000,0x00007f5fd610c000)]
  0x00007f60585bb800 JavaThread "TP-Processor1" daemon [_thread_blocked, id=13142, stack(0x00007f5fd610c000,0x00007f5fd620d000)]
  0x00007f60585b3800 JavaThread "http-8088-Acceptor-0" daemon [_thread_blocked, id=13141, stack(0x00007f5fd620d000,0x00007f5fd630e000)]
  0x00007f5fc8008800 JavaThread "RMI Scheduler(0)" daemon [_thread_blocked, id=13136, stack(0x00007f5fd6510000,0x00007f5fd6611000)]
  0x00007f605853c000 JavaThread "GC Daemon" daemon [_thread_blocked, id=13132, stack(0x00007f5fd6d6f000,0x00007f5fd6e70000)]
  0x00007f6058523800 JavaThread "Abandoned connection cleanup thread" daemon [_thread_blocked, id=13131, stack(0x00007f6028399000,0x00007f602849a000)]
  0x00007f605824e800 JavaThread "RMI TCP Accept-0" daemon [_thread_in_native, id=13129, stack(0x00007f60287ef000,0x00007f60288f0000)]
  0x00007f605823d000 JavaThread "RMI TCP Accept-1099" daemon [_thread_in_native, id=13128, stack(0x00007f60288f0000,0x00007f60289f1000)]
  0x00007f605822c000 JavaThread "RMI TCP Accept-0" daemon [_thread_in_native, id=13127, stack(0x00007f60289f1000,0x00007f6028af2000)]
  0x00007f60580ec800 JavaThread "Service Thread" daemon [_thread_blocked, id=13126, stack(0x00007f6029154000,0x00007f6029255000)]
  0x00007f60580cf000 JavaThread "C1 CompilerThread3" daemon [_thread_blocked, id=13125, stack(0x00007f6029255000,0x00007f6029356000)]
  0x00007f60580cd000 JavaThread "C2 CompilerThread2" daemon [_thread_in_native, id=13124, stack(0x00007f6029356000,0x00007f6029457000)]
  0x00007f60580cb000 JavaThread "C2 CompilerThread1" daemon [_thread_in_native, id=13123, stack(0x00007f6029457000,0x00007f6029558000)]
  0x00007f60580c8800 JavaThread "C2 CompilerThread0" daemon [_thread_in_native, id=13122, stack(0x00007f6029558000,0x00007f6029659000)]
  0x00007f60580c6000 JavaThread "JDWP Event Helper Thread" daemon [_thread_blocked, id=13119, stack(0x00007f602975a000,0x00007f602985b000)]
  0x00007f60580b5800 JavaThread "Signal Dispatcher" daemon [_thread_blocked, id=13116, stack(0x00007f6029b60000,0x00007f6029c61000)]
  0x00007f6058087800 JavaThread "Finalizer" daemon [_thread_blocked, id=13115, stack(0x00007f6029c61000,0x00007f6029d62000)]
  0x00007f6058085800 JavaThread "Reference Handler" daemon [_thread_blocked, id=13114, stack(0x00007f6029d62000,0x00007f6029e63000)]
=>0x00007f605800d000 JavaThread "main" [_thread_in_native, id=13104, stack(0x00007f6060c12000,0x00007f6060d13000)]

Other Threads:
  0x00007f605807e800 VMThread [stack: 0x00007f6029e63000,0x00007f6029f64000] [id=13113]
  0x00007f6058251000 WatcherThread [stack: 0x00007f60286ee000,0x00007f60287ef000] [id=13130]

VM state:not at safepoint (normal execution)

VM Mutex/Monitor currently owned by a thread: None

Heap:
 PSYoungGen      total 220160K, used 142683K [0x000000076ce00000, 0x000000077bb00000, 0x00000007c0000000)
  eden space 208896K, 63% used [0x000000076ce00000,0x0000000774e95738,0x0000000779a00000)
  from space 11264K, 97% used [0x000000077b000000,0x000000077bac16a0,0x000000077bb00000)
  to   space 16384K, 0% used [0x0000000779b00000,0x0000000779b00000,0x000000077ab00000)
 ParOldGen       total 183808K, used 23747K [0x00000006c6a00000, 0x00000006d1d80000, 0x000000076ce00000)
  object space 183808K, 12% used [0x00000006c6a00000,0x00000006c8130f00,0x00000006d1d80000)
 Metaspace       used 51075K, capacity 52248K, committed 52344K, reserved 1093632K
  class space    used 7264K, capacity 7529K, committed 7544K, reserved 1048576K

Card table byte_map: [0x00007f605cb62000,0x00007f605d32e000] byte_map_base: 0x00007f605952d000

Marking Bits: (ParMarkBitMap*) 0x00007f60600ecc20
 Begin Bits: [0x00007f601c350000, 0x00007f60201a8000)
 End Bits:   [0x00007f60201a8000, 0x00007f6024000000)

Polling page: 0x00007f6060d35000

CodeCache: size=245760Kb used=18404Kb max_used=18655Kb free=227355Kb
 bounds [0x00007f6049000000, 0x00007f604a260000, 0x00007f6058000000]
 total_blobs=5538 nmethods=4981 adapters=478
 compilation: enabled

Compilation events (10 events):
Event: 201.427 Thread 0x00007f60580cf000 6109       3       sun.nio.cs.StreamEncoder::ensureOpen (18 bytes)
Event: 201.427 Thread 0x00007f60580cf000 nmethod 6109 0x00007f6049eaa710 code [0x00007f6049eaa880, 0x00007f6049eaaac8]
Event: 201.427 Thread 0x00007f60580cf000 6110       3       java.text.DecimalFormat::append (94 bytes)
Event: 201.428 Thread 0x00007f60580cf000 nmethod 6110 0x00007f604934bf90 code [0x00007f604934c160, 0x00007f604934cd38]
Event: 201.431 Thread 0x00007f60580cf000 6111   !   3       java.io.ObjectStreamClass::<init> (255 bytes)
Event: 201.431 Thread 0x00007f60580cd000 nmethod 6108% 0x00007f604936e090 code [0x00007f604936e220, 0x00007f604936e5b8]
Event: 201.436 Thread 0x00007f60580cf000 nmethod 6111 0x00007f6049e6ca50 code [0x00007f6049e6cd60, 0x00007f6049e6e428]
Event: 201.438 Thread 0x00007f60580c8800 6112       4       java.io.ObjectOutputStream$BlockDataOutputStream::write (152 bytes)
Event: 201.439 Thread 0x00007f60580cd000 6113   !   4       java.io.ObjectOutputStream::defaultWriteFields (270 bytes)
Event: 201.439 Thread 0x00007f60580cf000 6114       3       java.io.ObjectOutputStream$BlockDataOutputStream::drain (45 bytes)

GC Heap History (10 events):
Event: 4.536 GC heap before
{Heap before GC invocations=8 (full 1):
 PSYoungGen      total 147456K, used 128445K [0x000000076ce00000, 0x0000000779d00000, 0x00000007c0000000)
  eden space 132608K, 92% used [0x000000076ce00000,0x00000007745a9eb0,0x0000000774f80000)
  from space 14848K, 39% used [0x0000000775e00000,0x00000007763c5610,0x0000000776c80000)
  to   space 14848K, 0% used [0x0000000774f80000,0x0000000774f80000,0x0000000775e00000)
 ParOldGen       total 113664K, used 12766K [0x00000006c6a00000, 0x00000006cd900000, 0x000000076ce00000)
  object space 113664K, 11% used [0x00000006c6a00000,0x00000006c7677a00,0x00000006cd900000)
 Metaspace       used 34722K, capacity 35140K, committed 35320K, reserved 1079296K
  class space    used 4630K, capacity 4768K, committed 4856K, reserved 1048576K
Event: 4.545 GC heap after
Heap after GC invocations=8 (full 1):
 PSYoungGen      total 147456K, used 13143K [0x000000076ce00000, 0x000000077a500000, 0x00000007c0000000)
  eden space 132608K, 0% used [0x000000076ce00000,0x000000076ce00000,0x0000000774f80000)
  from space 14848K, 88% used [0x0000000774f80000,0x0000000775c55e68,0x0000000775e00000)
  to   space 15872K, 0% used [0x0000000779580000,0x0000000779580000,0x000000077a500000)
 ParOldGen       total 113664K, used 12774K [0x00000006c6a00000, 0x00000006cd900000, 0x000000076ce00000)
  object space 113664K, 11% used [0x00000006c6a00000,0x00000006c7679a00,0x00000006cd900000)
 Metaspace       used 34722K, capacity 35140K, committed 35320K, reserved 1079296K
  class space    used 4630K, capacity 4768K, committed 4856K, reserved 1048576K
}
Event: 4.545 GC heap before
{Heap before GC invocations=9 (full 2):
 PSYoungGen      total 147456K, used 13143K [0x000000076ce00000, 0x000000077a500000, 0x00000007c0000000)
  eden space 132608K, 0% used [0x000000076ce00000,0x000000076ce00000,0x0000000774f80000)
  from space 14848K, 88% used [0x0000000774f80000,0x0000000775c55e68,0x0000000775e00000)
  to   space 15872K, 0% used [0x0000000779580000,0x0000000779580000,0x000000077a500000)
 ParOldGen       total 113664K, used 12774K [0x00000006c6a00000, 0x00000006cd900000, 0x000000076ce00000)
  object space 113664K, 11% used [0x00000006c6a00000,0x00000006c7679a00,0x00000006cd900000)
 Metaspace       used 34722K, capacity 35140K, committed 35320K, reserved 1079296K
  class space    used 4630K, capacity 4768K, committed 4856K, reserved 1048576K
Event: 4.606 GC heap after
Heap after GC invocations=9 (full 2):
 PSYoungGen      total 147456K, used 0K [0x000000076ce00000, 0x000000077a500000, 0x00000007c0000000)
  eden space 132608K, 0% used [0x000000076ce00000,0x000000076ce00000,0x0000000774f80000)
  from space 14848K, 0% used [0x0000000774f80000,0x0000000774f80000,0x0000000775e00000)
  to   space 15872K, 0% used [0x0000000779580000,0x0000000779580000,0x000000077a500000)
 ParOldGen       total 183808K, used 23723K [0x00000006c6a00000, 0x00000006d1d80000, 0x000000076ce00000)
  object space 183808K, 12% used [0x00000006c6a00000,0x00000006c812af00,0x00000006d1d80000)
 Metaspace       used 34722K, capacity 35140K, committed 35320K, reserved 1079296K
  class space    used 4630K, capacity 4768K, committed 4856K, reserved 1048576K
}
Event: 5.429 GC heap before
{Heap before GC invocations=10 (full 2):
 PSYoungGen      total 147456K, used 132608K [0x000000076ce00000, 0x000000077a500000, 0x00000007c0000000)
  eden space 132608K, 100% used [0x000000076ce00000,0x0000000774f80000,0x0000000774f80000)
  from space 14848K, 0% used [0x0000000774f80000,0x0000000774f80000,0x0000000775e00000)
  to   space 15872K, 0% used [0x0000000779580000,0x0000000779580000,0x000000077a500000)
 ParOldGen       total 183808K, used 23723K [0x00000006c6a00000, 0x00000006d1d80000, 0x000000076ce00000)
  object space 183808K, 12% used [0x00000006c6a00000,0x00000006c812af00,0x00000006d1d80000)
 Metaspace       used 38585K, capacity 39202K, committed 39288K, reserved 1083392K
  class space    used 5602K, capacity 5744K, committed 5752K, reserved 1048576K
Event: 5.435 GC heap after
Heap after GC invocations=10 (full 2):
 PSYoungGen      total 190976K, used 4627K [0x000000076ce00000, 0x0000000779f00000, 0x00000007c0000000)
  eden space 181248K, 0% used [0x000000076ce00000,0x000000076ce00000,0x0000000777f00000)
  from space 9728K, 47% used [0x0000000779580000,0x0000000779a04c40,0x0000000779f00000)
  to   space 16384K, 0% used [0x0000000777f00000,0x0000000777f00000,0x0000000778f00000)
 ParOldGen       total 183808K, used 23731K [0x00000006c6a00000, 0x00000006d1d80000, 0x000000076ce00000)
  object space 183808K, 12% used [0x00000006c6a00000,0x00000006c812cf00,0x00000006d1d80000)
 Metaspace       used 38585K, capacity 39202K, committed 39288K, reserved 1083392K
  class space    used 5602K, capacity 5744K, committed 5752K, reserved 1048576K
}
Event: 12.180 GC heap before
{Heap before GC invocations=11 (full 2):
 PSYoungGen      total 190976K, used 185875K [0x000000076ce00000, 0x0000000779f00000, 0x00000007c0000000)
  eden space 181248K, 100% used [0x000000076ce00000,0x0000000777f00000,0x0000000777f00000)
  from space 9728K, 47% used [0x0000000779580000,0x0000000779a04c40,0x0000000779f00000)
  to   space 16384K, 0% used [0x0000000777f00000,0x0000000777f00000,0x0000000778f00000)
 ParOldGen       total 183808K, used 23731K [0x00000006c6a00000, 0x00000006d1d80000, 0x000000076ce00000)
  object space 183808K, 12% used [0x00000006c6a00000,0x00000006c812cf00,0x00000006d1d80000)
 Metaspace       used 46825K, capacity 47432K, committed 47864K, reserved 1089536K
  class space    used 6709K, capacity 6849K, committed 6904K, reserved 1048576K
Event: 12.191 GC heap after
Heap after GC invocations=11 (full 2):
 PSYoungGen      total 197632K, used 10819K [0x000000076ce00000, 0x000000077c000000, 0x00000007c0000000)
  eden space 181248K, 0% used [0x000000076ce00000,0x000000076ce00000,0x0000000777f00000)
  from space 16384K, 66% used [0x0000000777f00000,0x0000000778990ee8,0x0000000778f00000)
  to   space 16384K, 0% used [0x000000077b000000,0x000000077b000000,0x000000077c000000)
 ParOldGen       total 183808K, used 23739K [0x00000006c6a00000, 0x00000006d1d80000, 0x000000076ce00000)
  object space 183808K, 12% used [0x00000006c6a00000,0x00000006c812ef00,0x00000006d1d80000)
 Metaspace       used 46825K, capacity 47432K, committed 47864K, reserved 1089536K
  class space    used 6709K, capacity 6849K, committed 6904K, reserved 1048576K
}
Event: 45.076 GC heap before
{Heap before GC invocations=12 (full 2):
 PSYoungGen      total 197632K, used 192067K [0x000000076ce00000, 0x000000077c000000, 0x00000007c0000000)
  eden space 181248K, 100% used [0x000000076ce00000,0x0000000777f00000,0x0000000777f00000)
  from space 16384K, 66% used [0x0000000777f00000,0x0000000778990ee8,0x0000000778f00000)
  to   space 16384K, 0% used [0x000000077b000000,0x000000077b000000,0x000000077c000000)
 ParOldGen       total 183808K, used 23739K [0x00000006c6a00000, 0x00000006d1d80000, 0x000000076ce00000)
  object space 183808K, 12% used [0x00000006c6a00000,0x00000006c812ef00,0x00000006d1d80000)
 Metaspace       used 50569K, capacity 51696K, committed 51832K, reserved 1093632K
  class space    used 7231K, capacity 7485K, committed 7544K, reserved 1048576K
Event: 45.087 GC heap after
Heap after GC invocations=12 (full 2):
 PSYoungGen      total 220160K, used 11013K [0x000000076ce00000, 0x000000077bb00000, 0x00000007c0000000)
  eden space 208896K, 0% used [0x000000076ce00000,0x000000076ce00000,0x0000000779a00000)
  from space 11264K, 97% used [0x000000077b000000,0x000000077bac16a0,0x000000077bb00000)
  to   space 16384K, 0% used [0x0000000779b00000,0x0000000779b00000,0x000000077ab00000)
 ParOldGen       total 183808K, used 23747K [0x00000006c6a00000, 0x00000006d1d80000, 0x000000076ce00000)
  object space 183808K, 12% used [0x00000006c6a00000,0x00000006c8130f00,0x00000006d1d80000)
 Metaspace       used 50569K, capacity 51696K, committed 51832K, reserved 1093632K
  class space    used 7231K, capacity 7485K, committed 7544K, reserved 1048576K
}

Deoptimization events (10 events):
Event: 201.324 Thread 0x00007f5f9070c800 Uncommon trap: reason=unreached action=reinterpret pc=0x00007f604a1c3d54 method=org.hsqldb.lib.HsqlTimer$TaskQueue.peekTask()Lorg/hsqldb/lib/HsqlTimer$Task; @ 6
Event: 201.430 Thread 0x00007f605800d000 Uncommon trap: reason=bimorphic action=maybe_recompile pc=0x00007f6049eebb9c method=java.io.ObjectOutputStream$BlockDataOutputStream.drain()V @ 36
Event: 201.430 Thread 0x00007f605800d000 Uncommon trap: reason=bimorphic action=maybe_recompile pc=0x00007f6049eebb9c method=java.io.ObjectOutputStream$BlockDataOutputStream.drain()V @ 36
Event: 201.430 Thread 0x00007f605800d000 Uncommon trap: reason=class_check action=maybe_recompile pc=0x00007f6049ffc308 method=java.io.ObjectOutputStream$BlockDataOutputStream.write([BIIZ)V @ 23
Event: 201.430 Thread 0x00007f605800d000 Uncommon trap: reason=bimorphic action=maybe_recompile pc=0x00007f6049ed30ac method=java.io.ObjectOutputStream$BlockDataOutputStream.drain()V @ 36
Event: 201.432 Thread 0x00007f605800d000 Uncommon trap: reason=class_check action=maybe_recompile pc=0x00007f6049ffc308 method=java.io.ObjectOutputStream$BlockDataOutputStream.write([BIIZ)V @ 23
Event: 201.434 Thread 0x00007f605800d000 Uncommon trap: reason=class_check action=maybe_recompile pc=0x00007f6049ffc308 method=java.io.ObjectOutputStream$BlockDataOutputStream.write([BIIZ)V @ 23
Event: 201.436 Thread 0x00007f605800d000 Uncommon trap: reason=class_check action=maybe_recompile pc=0x00007f6049ffc308 method=java.io.ObjectOutputStream$BlockDataOutputStream.write([BIIZ)V @ 23
Event: 201.438 Thread 0x00007f605800d000 Uncommon trap: reason=class_check action=maybe_recompile pc=0x00007f6049ff7a84 method=java.io.ObjectOutputStream$BlockDataOutputStream.write([BIIZ)V @ 23
Event: 201.439 Thread 0x00007f605800d000 Uncommon trap: reason=bimorphic action=maybe_recompile pc=0x00007f6049ed3e34 method=java.io.ObjectOutputStream$BlockDataOutputStream.drain()V @ 36

Internal exceptions (10 events):
Event: 201.424 Thread 0x00007f605800d000 Exception <a 'java/security/PrivilegedActionException'> (0x00000007745d89b0) thrown at [/HUDSON/workspace/8-2-build-linux-amd64/jdk8u20/526.nc/hotspot/src/share/vm/prims/jvm.cpp, line 1258]
Event: 201.424 Thread 0x00007f605800d000 Exception <a 'java/security/PrivilegedActionException'> (0x00000007745d93e8) thrown at [/HUDSON/workspace/8-2-build-linux-amd64/jdk8u20/526.nc/hotspot/src/share/vm/prims/jvm.cpp, line 1258]
Event: 201.426 Thread 0x00007f605800d000 Exception <a 'java/security/PrivilegedActionException'> (0x000000077461a838) thrown at [/HUDSON/workspace/8-2-build-linux-amd64/jdk8u20/526.nc/hotspot/src/share/vm/prims/jvm.cpp, line 1258]
Event: 201.426 Thread 0x00007f605800d000 Exception <a 'java/security/PrivilegedActionException'> (0x000000077461b3d8) thrown at [/HUDSON/workspace/8-2-build-linux-amd64/jdk8u20/526.nc/hotspot/src/share/vm/prims/jvm.cpp, line 1258]
Event: 201.436 Thread 0x00007f605800d000 Exception <a 'java/security/PrivilegedActionException'> (0x0000000774641ed8) thrown at [/HUDSON/workspace/8-2-build-linux-amd64/jdk8u20/526.nc/hotspot/src/share/vm/prims/jvm.cpp, line 1258]
Event: 201.436 Thread 0x00007f605800d000 Exception <a 'java/security/PrivilegedActionException'> (0x0000000774642eb8) thrown at [/HUDSON/workspace/8-2-build-linux-amd64/jdk8u20/526.nc/hotspot/src/share/vm/prims/jvm.cpp, line 1258]
Event: 201.437 Thread 0x00007f605800d000 Exception <a 'java/security/PrivilegedActionException'> (0x0000000774652d08) thrown at [/HUDSON/workspace/8-2-build-linux-amd64/jdk8u20/526.nc/hotspot/src/share/vm/prims/jvm.cpp, line 1258]
Event: 201.437 Thread 0x00007f605800d000 Exception <a 'java/security/PrivilegedActionException'> (0x0000000774653d78) thrown at [/HUDSON/workspace/8-2-build-linux-amd64/jdk8u20/526.nc/hotspot/src/share/vm/prims/jvm.cpp, line 1258]
Event: 201.437 Thread 0x00007f605800d000 Exception <a 'java/security/PrivilegedActionException'> (0x00000007746640a8) thrown at [/HUDSON/workspace/8-2-build-linux-amd64/jdk8u20/526.nc/hotspot/src/share/vm/prims/jvm.cpp, line 1258]
Event: 201.437 Thread 0x00007f605800d000 Exception <a 'java/security/PrivilegedActionException'> (0x00000007746650c8) thrown at [/HUDSON/workspace/8-2-build-linux-amd64/jdk8u20/526.nc/hotspot/src/share/vm/prims/jvm.cpp, line 1258]

Events (10 events):
Event: 201.438 Thread 0x00007f605800d000 DEOPT UNPACKING pc=0x00007f604904741a sp=0x00007f6060d0e660 mode 1
Event: 201.438 Thread 0x00007f605800d000 DEOPT PACKING pc=0x00007f6049a6dc8c sp=0x00007f6060d0e970
Event: 201.438 Thread 0x00007f605800d000 DEOPT UNPACKING pc=0x00007f604904741a sp=0x00007f6060d0e738 mode 1
Event: 201.438 Thread 0x00007f605800d000 DEOPT PACKING pc=0x00007f60491dbb64 sp=0x00007f6060d0e8e0
Event: 201.438 Thread 0x00007f605800d000 DEOPT UNPACKING pc=0x00007f604904741a sp=0x00007f6060d0e6b8 mode 1
Event: 201.438 Executing VM operation: RevokeBias
Event: 201.439 Executing VM operation: RevokeBias done
Event: 201.439 Thread 0x00007f605800d000 Uncommon trap: trap_request=0xffffffc6 fr.pc=0x00007f6049ed3e34
Event: 201.439 Thread 0x00007f605800d000 DEOPT PACKING pc=0x00007f6049ed3e34 sp=0x00007f6060d104a0
Event: 201.439 Thread 0x00007f605800d000 DEOPT UNPACKING pc=0x00007f6049047650 sp=0x00007f6060d103d8 mode 2


Dynamic libraries:
00400000-00401000 r-xp 00000000 08:06 19938758                           /usr/lib/jvm/jdk1.8.0_20/bin/java
00600000-00601000 rw-p 00000000 08:06 19938758                           /usr/lib/jvm/jdk1.8.0_20/bin/java
013e2000-01403000 rw-p 00000000 00:00 0                                  [heap]
6c6a00000-6d1d80000 rw-p 00000000 00:00 0 
6d1d80000-76ce00000 ---p 00000000 00:00 0 
76ce00000-77bb00000 rw-p 00000000 00:00 0 
77bb00000-7c0000000 ---p 00000000 00:00 0 
7c0000000-7c075e000 rw-p 00000000 00:00 0 
7c075e000-800000000 ---p 00000000 00:00 0 
7f5f38000000-7f5f38044000 rw-p 00000000 00:00 0 
7f5f38044000-7f5f3c000000 ---p 00000000 00:00 0 
7f5f40000000-7f5f40021000 rw-p 00000000 00:00 0 
7f5f40021000-7f5f44000000 ---p 00000000 00:00 0 
7f5f44000000-7f5f44021000 rw-p 00000000 00:00 0 
7f5f44021000-7f5f48000000 ---p 00000000 00:00 0 
7f5f48000000-7f5f4823c000 rw-p 00000000 00:00 0 
7f5f4823c000-7f5f4c000000 ---p 00000000 00:00 0 
7f5f4c000000-7f5f4c023000 rw-p 00000000 00:00 0 
7f5f4c023000-7f5f50000000 ---p 00000000 00:00 0 
7f5f50000000-7f5f50021000 rw-p 00000000 00:00 0 
7f5f50021000-7f5f54000000 ---p 00000000 00:00 0 
7f5f54000000-7f5f54021000 rw-p 00000000 00:00 0 
7f5f54021000-7f5f58000000 ---p 00000000 00:00 0 
7f5f58000000-7f5f58021000 rw-p 00000000 00:00 0 
7f5f58021000-7f5f5c000000 ---p 00000000 00:00 0 
7f5f5c000000-7f5f5c021000 rw-p 00000000 00:00 0 
7f5f5c021000-7f5f60000000 ---p 00000000 00:00 0 
7f5f60000000-7f5f60021000 rw-p 00000000 00:00 0 
7f5f60021000-7f5f64000000 ---p 00000000 00:00 0 
7f5f64000000-7f5f64021000 rw-p 00000000 00:00 0 
7f5f64021000-7f5f68000000 ---p 00000000 00:00 0 
7f5f68000000-7f5f68021000 rw-p 00000000 00:00 0 
7f5f68021000-7f5f6c000000 ---p 00000000 00:00 0 
7f5f6c000000-7f5f6c021000 rw-p 00000000 00:00 0 
7f5f6c021000-7f5f70000000 ---p 00000000 00:00 0 
7f5f70000000-7f5f70021000 rw-p 00000000 00:00 0 
7f5f70021000-7f5f74000000 ---p 00000000 00:00 0 
7f5f74000000-7f5f74021000 rw-p 00000000 00:00 0 
7f5f74021000-7f5f78000000 ---p 00000000 00:00 0 
7f5f78000000-7f5f78021000 rw-p 00000000 00:00 0 
7f5f78021000-7f5f7c000000 ---p 00000000 00:00 0 
7f5f7c000000-7f5f7c021000 rw-p 00000000 00:00 0 
7f5f7c021000-7f5f80000000 ---p 00000000 00:00 0 
7f5f80000000-7f5f80021000 rw-p 00000000 00:00 0 
7f5f80021000-7f5f84000000 ---p 00000000 00:00 0 
7f5f84000000-7f5f840ec000 rw-p 00000000 00:00 0 
7f5f840ec000-7f5f88000000 ---p 00000000 00:00 0 
7f5f88000000-7f5f88021000 rw-p 00000000 00:00 0 
7f5f88021000-7f5f8c000000 ---p 00000000 00:00 0 
7f5f8d5c8000-7f5f8d5cb000 ---p 00000000 00:00 0 
7f5f8d5cb000-7f5f8d6c9000 rw-p 00000000 00:00 0                          [stack:13198]
7f5f8d6c9000-7f5f8d6cc000 ---p 00000000 00:00 0 
7f5f8d6cc000-7f5f8d98a000 rw-p 00000000 00:00 0 
7f5f8d98a000-7f5f8d9ca000 ---p 00000000 00:00 0 
7f5f8d9ca000-7f5f8dbca000 rw-p 00000000 00:00 0 
7f5f8dbca000-7f5f8dbcd000 ---p 00000000 00:00 0 
7f5f8dbcd000-7f5f8dccb000 rw-p 00000000 00:00 0                          [stack:13252]
7f5f8dccb000-7f5f8dcce000 ---p 00000000 00:00 0 
7f5f8dcce000-7f5f8ddcc000 rw-p 00000000 00:00 0 
7f5f8ddcc000-7f5f8ddcf000 ---p 00000000 00:00 0 
7f5f8ddcf000-7f5f8decd000 rw-p 00000000 00:00 0                          [stack:13178]
7f5f8decd000-7f5f8dee4000 r-xp 00000000 08:06 15602148                   /lib/x86_64-linux-gnu/libresolv-2.19.so
7f5f8dee4000-7f5f8e0e4000 ---p 00017000 08:06 15602148                   /lib/x86_64-linux-gnu/libresolv-2.19.so
7f5f8e0e4000-7f5f8e0e5000 r--p 00017000 08:06 15602148                   /lib/x86_64-linux-gnu/libresolv-2.19.so
7f5f8e0e5000-7f5f8e0e6000 rw-p 00018000 08:06 15602148                   /lib/x86_64-linux-gnu/libresolv-2.19.so
7f5f8e0e6000-7f5f8e0e8000 rw-p 00000000 00:00 0 
7f5f8e0e8000-7f5f8e0ed000 r-xp 00000000 08:06 15602324                   /lib/x86_64-linux-gnu/libnss_dns-2.19.so
7f5f8e0ed000-7f5f8e2ec000 ---p 00005000 08:06 15602324                   /lib/x86_64-linux-gnu/libnss_dns-2.19.so
7f5f8e2ec000-7f5f8e2ed000 r--p 00004000 08:06 15602324                   /lib/x86_64-linux-gnu/libnss_dns-2.19.so
7f5f8e2ed000-7f5f8e2ee000 rw-p 00005000 08:06 15602324                   /lib/x86_64-linux-gnu/libnss_dns-2.19.so
7f5f8e2ee000-7f5f8e2f0000 r-xp 00000000 08:06 15601607                   /lib/x86_64-linux-gnu/libnss_mdns4_minimal.so.2
7f5f8e2f0000-7f5f8e4ef000 ---p 00002000 08:06 15601607                   /lib/x86_64-linux-gnu/libnss_mdns4_minimal.so.2
7f5f8e4ef000-7f5f8e4f0000 r--p 00001000 08:06 15601607                   /lib/x86_64-linux-gnu/libnss_mdns4_minimal.so.2
7f5f8e4f0000-7f5f8e4f1000 rw-p 00002000 08:06 15601607                   /lib/x86_64-linux-gnu/libnss_mdns4_minimal.so.2
7f5f8e4f1000-7f5f8e6f1000 rw-p 00000000 00:00 0 
7f5f8e6f1000-7f5f8e6f4000 ---p 00000000 00:00 0 
7f5f8e6f4000-7f5f8e7f2000 rw-p 00000000 00:00 0                          [stack:13176]
7f5f8e7f2000-7f5f8e7f5000 ---p 00000000 00:00 0 
7f5f8e7f5000-7f5f8e8f3000 rw-p 00000000 00:00 0                          [stack:13175]
7f5f8e8f3000-7f5f8e8f6000 ---p 00000000 00:00 0 
7f5f8e8f6000-7f5f8e9f4000 rw-p 00000000 00:00 0                          [stack:13174]
7f5f8e9f4000-7f5f8e9f7000 ---p 00000000 00:00 0 
7f5f8e9f7000-7f5f8ecf5000 rw-p 00000000 00:00 0                          [stack:13173]
7f5f8ecf5000-7f5f8ecf8000 ---p 00000000 00:00 0 
7f5f8ecf8000-7f5f8edf6000 rw-p 00000000 00:00 0 
7f5f8edf6000-7f5f8edf9000 ---p 00000000 00:00 0 
7f5f8edf9000-7f5f8f0f7000 rw-p 00000000 00:00 0 
7f5f8f0f7000-7f5f8f0fa000 ---p 00000000 00:00 0 
7f5f8f0fa000-7f5f8f1f8000 rw-p 00000000 00:00 0 
7f5f8f1f8000-7f5f8f1fb000 ---p 00000000 00:00 0 
7f5f8f1fb000-7f5f8f2f9000 rw-p 00000000 00:00 0 
7f5f8f2f9000-7f5f8f2fc000 ---p 00000000 00:00 0 
7f5f8f2fc000-7f5f8f3fa000 rw-p 00000000 00:00 0 
7f5f8f3fa000-7f5f8f3fd000 ---p 00000000 00:00 0 
7f5f8f3fd000-7f5f8f4fb000 rw-p 00000000 00:00 0 
7f5f8f4fb000-7f5f8f4fe000 ---p 00000000 00:00 0 
7f5f8f4fe000-7f5f8f5fc000 rw-p 00000000 00:00 0 
7f5f8f5fc000-7f5f8f5ff000 ---p 00000000 00:00 0 
7f5f8f5ff000-7f5f8f6fd000 rw-p 00000000 00:00 0 
7f5f8f6fd000-7f5f8f700000 ---p 00000000 00:00 0 
7f5f8f700000-7f5f8f7fe000 rw-p 00000000 00:00 0 
7f5f8f7fe000-7f5f8f801000 ---p 00000000 00:00 0 
7f5f8f801000-7f5f8f8ff000 rw-p 00000000 00:00 0 
7f5f8f8ff000-7f5f8f902000 ---p 00000000 00:00 0 
7f5f8f902000-7f5f8fc00000 rw-p 00000000 00:00 0 
7f5f8fc00000-7f5f8fe00000 rw-p 00000000 00:00 0 
7f5f8fe00000-7f5f90000000 rw-p 00000000 00:00 0 
7f5f90000000-7f5f90c06000 rw-p 00000000 00:00 0 
7f5f90c06000-7f5f94000000 ---p 00000000 00:00 0 
7f5f94000000-7f5f94021000 rw-p 00000000 00:00 0 
7f5f94021000-7f5f98000000 ---p 00000000 00:00 0 
7f5f98000000-7f5f9812e000 rw-p 00000000 00:00 0 
7f5f9812e000-7f5f9c000000 ---p 00000000 00:00 0 
7f5f9c000000-7f5f9c021000 rw-p 00000000 00:00 0 
7f5f9c021000-7f5fa0000000 ---p 00000000 00:00 0 
7f5fa0000000-7f5fa0021000 rw-p 00000000 00:00 0 
7f5fa0021000-7f5fa4000000 ---p 00000000 00:00 0 
7f5fa4000000-7f5fa4021000 rw-p 00000000 00:00 0 
7f5fa4021000-7f5fa8000000 ---p 00000000 00:00 0 
7f5fa8000000-7f5fa805d000 rw-p 00000000 00:00 0 
7f5fa805d000-7f5fac000000 ---p 00000000 00:00 0 
7f5fac000000-7f5fac021000 rw-p 00000000 00:00 0 
7f5fac021000-7f5fb0000000 ---p 00000000 00:00 0 
7f5fb0000000-7f5fb0021000 rw-p 00000000 00:00 0 
7f5fb0021000-7f5fb4000000 ---p 00000000 00:00 0 
7f5fb4000000-7f5fb4021000 rw-p 00000000 00:00 0 
7f5fb4021000-7f5fb8000000 ---p 00000000 00:00 0 
7f5fb8000000-7f5fb8021000 rw-p 00000000 00:00 0 
7f5fb8021000-7f5fbc000000 ---p 00000000 00:00 0 
7f5fbc000000-7f5fbc021000 rw-p 00000000 00:00 0 
7f5fbc021000-7f5fc0000000 ---p 00000000 00:00 0 
7f5fc0000000-7f5fc0503000 rw-p 00000000 00:00 0 
7f5fc0503000-7f5fc4000000 ---p 00000000 00:00 0 
7f5fc4000000-7f5fc415c000 rw-p 00000000 00:00 0 
7f5fc415c000-7f5fc8000000 ---p 00000000 00:00 0 
7f5fc8000000-7f5fc8021000 rw-p 00000000 00:00 0 
7f5fc8021000-7f5fcc000000 ---p 00000000 00:00 0 
7f5fcc000000-7f5fcc021000 rw-p 00000000 00:00 0 
7f5fcc021000-7f5fd0000000 ---p 00000000 00:00 0 
7f5fd0000000-7f5fd0021000 rw-p 00000000 00:00 0 
7f5fd0021000-7f5fd4000000 ---p 00000000 00:00 0 
7f5fd41d2000-7f5fd43d2000 rw-p 00000000 00:00 0 
7f5fd43d2000-7f5fd45d2000 rw-p 00000000 00:00 0 
7f5fd45d2000-7f5fd45d5000 ---p 00000000 00:00 0 
7f5fd45d5000-7f5fd48d3000 rw-p 00000000 00:00 0 
7f5fd48d3000-7f5fd4ad3000 rw-p 00000000 00:00 0 
7f5fd4ad3000-7f5fd4cd3000 rw-p 00000000 00:00 0 
7f5fd4ed5000-7f5fd4ed8000 ---p 00000000 00:00 0 
7f5fd4ed8000-7f5fd4fd6000 rw-p 00000000 00:00 0 
7f5fd4fd6000-7f5fd4fd9000 ---p 00000000 00:00 0 
7f5fd4fd9000-7f5fd50d7000 rw-p 00000000 00:00 0 
7f5fd50d7000-7f5fd50da000 ---p 00000000 00:00 0 
7f5fd50da000-7f5fd51d8000 rw-p 00000000 00:00 0                          [stack:13185]
7f5fd51d8000-7f5fd51db000 ---p 00000000 00:00 0 
7f5fd51db000-7f5fd52d9000 rw-p 00000000 00:00 0 
7f5fd52ef000-7f5fd52f6000 r--s 00000000 08:06 15863595                   /usr/lib/x86_64-linux-gnu/gconv/gconv-modules.cache
7f5fd52f6000-7f5fd52f8000 r--s 00003000 08:06 659381                     /usr/local/development/dev-7-7/Ignition/IgnitionWebApp/src/main/home/temp/sfc-gateway-api2314537960017935629.jar
7f5fd52f8000-7f5fd52fb000 r--s 00019000 08:06 659380                     /usr/local/development/dev-7-7/Ignition/IgnitionWebApp/src/main/home/temp/sfc-gateway9085525008650398624.jar
7f5fd52fb000-7f5fd52fe000 r--s 00016000 08:06 659379                     /usr/local/development/dev-7-7/Ignition/IgnitionWebApp/src/main/home/temp/sfc-common9180394061891148586.jar
7f5fd52fe000-7f5fd5302000 r--s 000be000 08:06 658865                     /usr/local/development/dev-7-7/Ignition/IgnitionWebApp/src/main/home/temp/vis-gateway4447528037272911945.jar
7f5fd5302000-7f5fd530a000 r--s 0009e000 08:06 657830                     /usr/local/development/dev-7-7/Ignition/IgnitionWebApp/src/main/home/temp/secsgem-gateway1847239535487013170.jar
7f5fd530a000-7f5fd550a000 rw-p 00000000 00:00 0 
7f5fd550a000-7f5fd551d000 r--s 00345000 08:06 20582253                   /usr/lib/jvm/jdk1.8.0_20/jre/lib/resources.jar
7f5fd551d000-7f5fd571e000 rw-p 00000000 00:00 0 
7f5fd571e000-7f5fd571f000 r--s 00002000 08:06 658870                     /usr/local/development/dev-7-7/Ignition/IgnitionWebApp/src/main/home/temp/vis-common2223172237834059378.jar
7f5fd571f000-7f5fd5720000 r--s 00004000 08:06 658859                     /usr/local/development/dev-7-7/Ignition/IgnitionWebApp/src/main/home/temp/secsgem-shared4126044939706925117.jar
7f5fd5720000-7f5fd5721000 r--s 00000000 08:06 2365020                    /usr/local/development/dev-7-7/Ignition/IgnitionWebApp/target/ignition-webapp-7.7/WEB-INF/lib/xopc-common-2.7.2-20141104.213412-19.jar
7f5fd5721000-7f5fd5739000 r--s 000f7000 08:06 2365016                    /usr/local/development/dev-7-7/Ignition/IgnitionWebApp/target/ignition-webapp-7.7/WEB-INF/lib/xopc-2.7.2-20141104.213433-19.jar
7f5fd5739000-7f5fd5746000 r--s 000a0000 08:06 2365222                    /usr/local/development/dev-7-7/Ignition/IgnitionWebApp/target/ignition-webapp-7.7/WEB-INF/lib/winpack-3.8.3.jar
7f5fd5746000-7f5fd5750000 r--s 0005c000 08:06 2364945                    /usr/local/development/dev-7-7/Ignition/IgnitionWebApp/target/ignition-webapp-7.7/WEB-INF/lib/wicket-util-6.1.1.jar
7f5fd5750000-7f5fd5753000 r--s 00012000 08:06 2364946                    /usr/local/development/dev-7-7/Ignition/IgnitionWebApp/target/ignition-webapp-7.7/WEB-INF/lib/wicket-request-6.1.1.jar
7f5fd5753000-7f5fd5765000 r--s 00138000 08:06 2364948                    /usr/local/development/dev-7-7/Ignition/IgnitionWebApp/target/ignition-webapp-7.7/WEB-INF/lib/wicket-extensions-6.1.1.jar
7f5fd5765000-7f5fd5768000 r--s 00038000 08:06 2364947                    /usr/local/development/dev-7-7/Ignition/IgnitionWebApp/target/ignition-webapp-7.7/WEB-INF/lib/wicket-datetime-6.1.1.jar
7f5fd5768000-7f5fd578b000 r--s 001a3000 08:06 2364944                    /usr/local/development/dev-7-7/Ignition/IgnitionWebApp/target/ignition-webapp-7.7/WEB-INF/lib/wicket-core-6.1.1.jar
7f5fd578b000-7f5fd578d000 r--s 0012e000 08:06 2365207                    /usr/local/development/dev-7-7/Ignition/IgnitionWebApp/target/ignition-webapp-7.7/WEB-INF/lib/voice-cmu-slt-hsmm-5.0.jar
7f5fd578d000-7f5fd578e000 r--s 00006000 08:06 2365022                    /usr/local/development/dev-7-7/Ignition/IgnitionWebApp/target/ignition-webapp-7.7/WEB-INF/lib/user-manual-module-1.7.0-20131026.004611-6.jar
7f5fd578e000-7f5fd578f000 r--s 00268000 08:06 2365208                    /usr/local/development/dev-7-7/Ignition/IgnitionWebApp/target/ignition-webapp-7.7/WEB-INF/lib/ttsengine-ivona-2.7.2-20141104.214148-19.jar
7f5fd578f000-7f5fd5792000 r--s 00017000 08:06 2365002                    /usr/local/development/dev-7-7/Ignition/IgnitionWebApp/target/ignition-webapp-7.7/WEB-INF/lib/timingframework-1.0.jar
7f5fd5792000-7f5fd5794000 r--s 00001000 08:06 2364734                    /usr/local/development/dev-7-7/Ignition/IgnitionWebApp/target/ignition-webapp-7.7/WEB-INF/lib/slf4j-log4j12-1.7.5.jar
7f5fd5794000-7f5fd5796000 r--s 00005000 08:06 2364733                    /usr/local/development/dev-7-7/Ignition/IgnitionWebApp/target/ignition-webapp-7.7/WEB-INF/lib/slf4j-api-1.7.5.jar
7f5fd5796000-7f5fd57a0000 r--s 00061000 08:06 2365204                    /usr/local/development/dev-7-7/Ignition/IgnitionWebApp/target/ignition-webapp-7.7/WEB-INF/lib/sip-notification-2.7.2-20141104.214142-19.jar
7f5fd57a0000-7f5fd57a3000 r--s 0001f000 08:06 4198523                    /usr/local/development/dev-7-7/Ignition/IgnitionWebApp/target/ignition-webapp-7.7/WEB-INF/lib/simple-orm-7.7.2-SNAPSHOT.jar
7f5fd57a3000-7f5fd57a5000 r--s 00003000 08:06 2365213                    /usr/local/development/dev-7-7/Ignition/IgnitionWebApp/target/ignition-webapp-7.7/WEB-INF/lib/sfc-gateway-api-1.7.1-SNAPSHOT.jar
7f5fd57a5000-7f5fd57a8000 r--s 00019000 08:06 2365212                    /usr/local/development/dev-7-7/Ignition/IgnitionWebApp/target/ignition-webapp-7.7/WEB-INF/lib/sfc-gateway-1.7.1-SNAPSHOT.jar
7f5fd57a8000-7f5fd57ab000 r--s 00016000 08:06 2365214                    /usr/local/development/dev-7-7/Ignition/IgnitionWebApp/target/ignition-webapp-7.7/WEB-INF/lib/sfc-common-1.7.1-SNAPSHOT.jar
7f5fd57ab000-7f5fd57ad000 r--s 0000f000 08:06 2365217                    /usr/local/development/dev-7-7/Ignition/IgnitionWebApp/target/ignition-webapp-7.7/WEB-INF/lib/serialio-8.7.0.jar
7f5fd57ad000-7f5fd57af000 r--s 00028000 08:06 2365215                    /usr/local/development/dev-7-7/Ignition/IgnitionWebApp/target/ignition-webapp-7.7/WEB-INF/lib/serial-support-gateway-2.7.2-20141104.214033-19.jar
7f5fd57af000-7f5fd57b1000 r--s 00002000 08:06 2365216                    /usr/local/development/dev-7-7/Ignition/IgnitionWebApp/target/ignition-webapp-7.7/WEB-INF/lib/serial-support-common-2.7.2-20141104.214027-19.jar
7f5fd57b1000-7f5fd57b6000 r--s 0003e000 08:06 2364955                    /usr/local/development/dev-7-7/Ignition/IgnitionWebApp/target/ignition-webapp-7.7/WEB-INF/lib/saaj-impl-1.3.jar
7f5fd57b6000-7f5fd57b8000 r--s 00003000 08:06 2364956                    /usr/local/development/dev-7-7/Ignition/IgnitionWebApp/target/ignition-webapp-7.7/WEB-INF/lib/saaj-api-1.3.jar
7f5fd57b8000-7f5fd57c2000 r--s 0005c000 08:06 2365219                    /usr/local/development/dev-7-7/Ignition/IgnitionWebApp/target/ignition-webapp-7.7/WEB-INF/lib/opccom-gateway-2.7.2-20141104.213642-1.jar
7f5fd57c2000-7f5fd57c3000 r--s 00001000 08:06 2365218                    /usr/local/development/dev-7-7/Ignition/IgnitionWebApp/target/ignition-webapp-7.7/WEB-INF/lib/opccom-common-2.7.2-20141104.213635-1.jar
7f5fd57c3000-7f5fd57c8000 r--s 00086000 08:06 2365210                    /usr/local/development/dev-7-7/Ignition/IgnitionWebApp/target/ignition-webapp-7.7/WEB-INF/lib/mobile-gateway-2.7.2-20141104.213623-19.jar
7f5fd57c8000-7f5fd57ca000 r--s 00002000 08:06 2365211                    /usr/local/development/dev-7-7/Ignition/IgnitionWebApp/target/ignition-webapp-7.7/WEB-INF/lib/mobile-common-2.7.2-20141104.213605-19.jar
7f5fd57ca000-7f5fd57cb000 r--s 00003000 08:06 2365006                    /usr/local/development/dev-7-7/Ignition/IgnitionWebApp/target/ignition-webapp-7.7/WEB-INF/lib/miglayout-swing-4.2.jar
7f5fd57cb000-7f5fd57cd000 r--s 0000f000 08:06 2365007                    /usr/local/development/dev-7-7/Ignition/IgnitionWebApp/target/ignition-webapp-7.7/WEB-INF/lib/miglayout-core-4.2.jar
7f5fd57cd000-7f5fd57d0000 r--s 00012000 08:06 2364935                    /usr/local/development/dev-7-7/Ignition/IgnitionWebApp/target/ignition-webapp-7.7/WEB-INF/lib/metrics-core-3.0.1.jar
7f5fd57d0000-7f5fd583f000 r--s 007bb000 08:06 2365205                    /usr/local/development/dev-7-7/Ignition/IgnitionWebApp/target/ignition-webapp-7.7/WEB-INF/lib/marytts-server-5.0.jar
7f5fd583f000-7f5fd5842000 r--s 0069c000 08:06 2365206                    /usr/local/development/dev-7-7/Ignition/IgnitionWebApp/target/ignition-webapp-7.7/WEB-INF/lib/marytts-lang-en-5.0.jar
7f5fd5842000-7f5fd584a000 r--s 00075000 08:06 2364951                    /usr/local/development/dev-7-7/Ignition/IgnitionWebApp/target/ignition-webapp-7.7/WEB-INF/lib/mail-1.4.5.jar
7f5fd584a000-7f5fd5851000 r--s 00059000 08:06 2364732                    /usr/local/development/dev-7-7/Ignition/IgnitionWebApp/target/ignition-webapp-7.7/WEB-INF/lib/log4j-1.2.15.jar
7f5fd5851000-7f5fd58ee000 r--s 0082e000 08:06 2364728                    /usr/local/development/dev-7-7/Ignition/IgnitionWebApp/target/ignition-webapp-7.7/WEB-INF/lib/jython-2.5.3-guava-upgrade.jar
7f5fd58ee000-7f5fd58ef000 r--s 00001000 08:06 2364765                    /usr/local/development/dev-7-7/Ignition/IgnitionWebApp/target/ignition-webapp-7.7/WEB-INF/lib/jul-to-slf4j-1.7.5.jar
7f5fd58ef000-7f5fd58f5000 r--s 00036000 08:06 2364949                    /usr/local/development/dev-7-7/Ignition/IgnitionWebApp/target/ignition-webapp-7.7/WEB-INF/lib/jquery-ui-core-6.1.0.jar
7f5fd58f5000-7f5fd5904000 r--s 0007c000 08:06 2364936                    /usr/local/development/dev-7-7/Ignition/IgnitionWebApp/target/ignition-webapp-7.7/WEB-INF/lib/joda-time-2.0.jar
7f5fd5904000-7f5fd5908000 r--s 00037000 08:06 2365221                    /usr/local/development/dev-7-7/Ignition/IgnitionWebApp/target/ignition-webapp-7.7/WEB-INF/lib/jniwrap-3.8.3.jar
7f5fd5908000-7f5fd590a000 r--s 00011000 08:06 2365015                    /usr/local/development/dev-7-7/Ignition/IgnitionWebApp/target/ignition-webapp-7.7/WEB-INF/lib/jide-shortcut-3.5.13.jar
7f5fd590a000-7f5fd590e000 r--s 00022000 08:06 2365010                    /usr/local/development/dev-7-7/Ignition/IgnitionWebApp/target/ignition-webapp-7.7/WEB-INF/lib/jide-plaf-3.5.13.jar
7f5fd590e000-7f5fd5934000 r--s 001da000 08:06 2365009                    /usr/local/development/dev-7-7/Ignition/IgnitionWebApp/target/ignition-webapp-7.7/WEB-INF/lib/jide-grids-3.5.13.jar
7f5fd5934000-7f5fd593e000 r--s 00061000 08:06 2365014                    /usr/local/development/dev-7-7/Ignition/IgnitionWebApp/target/ignition-webapp-7.7/WEB-INF/lib/jide-editor-3.5.13.jar
7f5fd593e000-7f5fd5944000 r--s 0004f000 08:06 2365013                    /usr/local/development/dev-7-7/Ignition/IgnitionWebApp/target/ignition-webapp-7.7/WEB-INF/lib/jide-dock-3.5.13.jar
7f5fd5944000-7f5fd5946000 r--s 0000c000 08:06 2365012                    /usr/local/development/dev-7-7/Ignition/IgnitionWebApp/target/ignition-webapp-7.7/WEB-INF/lib/jide-dialogs-3.5.13.jar
7f5fd5946000-7f5fd594e000 r--s 00055000 08:06 2365008                    /usr/local/development/dev-7-7/Ignition/IgnitionWebApp/target/ignition-webapp-7.7/WEB-INF/lib/jide-components-3.5.13.jar
7f5fd594e000-7f5fd596b000 r--s 00155000 08:06 2364766                    /usr/local/development/dev-7-7/Ignition/IgnitionWebApp/target/ignition-webapp-7.7/WEB-INF/lib/jide-common-3.5.13.jar
7f5fd596b000-7f5fd5970000 r--s 0002f000 08:06 2365011                    /usr/local/development/dev-7-7/Ignition/IgnitionWebApp/target/ignition-webapp-7.7/WEB-INF/lib/jide-action-3.5.13.jar
7f5fd5970000-7f5fd5984000 r--s 0017c000 08:06 2365004                    /usr/local/development/dev-7-7/Ignition/IgnitionWebApp/target/ignition-webapp-7.7/WEB-INF/lib/jfreechart-min-1.0.0.jar
7f5fd5984000-7f5fd5986000 r--s 00004000 08:06 2364991                    /usr/local/development/dev-7-7/Ignition/IgnitionWebApp/target/ignition-webapp-7.7/WEB-INF/lib/jaxrpc-spi-1.1.3_01.jar
7f5fd5986000-7f5fd59a3000 r--s 001ea000 08:06 2364953                    /usr/local/development/dev-7-7/Ignition/IgnitionWebApp/target/ignition-webapp-7.7/WEB-INF/lib/jaxrpc-impl-1.1.3_01.jar
7f5fd59a3000-7f5fd59a5000 r--s 00005000 08:06 2364954                    /usr/local/development/dev-7-7/Ignition/IgnitionWebApp/target/ignition-webapp-7.7/WEB-INF/lib/jaxrpc-api-1.1.jar
7f5fd59a5000-7f5fd59b0000 r--s 00073000 08:06 2365018                    /usr/local/development/dev-7-7/Ignition/IgnitionWebApp/target/ignition-webapp-7.7/WEB-INF/lib/ia-opcua-2.7.2-20141104.213404-19.jar
7f5fd59b0000-7f5fd59be000 r--s 0014e000 08:06 2364950                    /usr/local/development/dev-7-7/Ignition/IgnitionWebApp/target/ignition-webapp-7.7/WEB-INF/lib/hsqldb-2.2.9.jar
7f5fd59be000-7f5fd59e2000 r--s 001aa000 08:06 2364726                    /usr/local/development/dev-7-7/Ignition/IgnitionWebApp/target/ignition-webapp-7.7/WEB-INF/lib/guava-13.0.1.jar
7f5fd59e2000-7f5fd5a07000 r--s 00155000 08:06 4198538                    /usr/local/development/dev-7-7/Ignition/IgnitionWebApp/target/ignition-webapp-7.7/WEB-INF/lib/gateway-api-7.7.2-SNAPSHOT.jar
7f5fd5a07000-7f5fd5a0a000 ---p 00000000 00:00 0 
7f5fd5a0a000-7f5fd5d08000 rw-p 00000000 00:00 0 
7f5fd5d08000-7f5fd5d0b000 ---p 00000000 00:00 0 
7f5fd5d0b000-7f5fd5e09000 rw-p 00000000 00:00 0                          [stack:13146]
7f5fd5e09000-7f5fd5e0c000 ---p 00000000 00:00 0 
7f5fd5e0c000-7f5fd5f0a000 rw-p 00000000 00:00 0                          [stack:13145]
7f5fd5f0a000-7f5fd5f0d000 ---p 00000000 00:00 0 
7f5fd5f0d000-7f5fd600b000 rw-p 00000000 00:00 0                          [stack:13144]
7f5fd600b000-7f5fd600e000 ---p 00000000 00:00 0 
7f5fd600e000-7f5fd610c000 rw-p 00000000 00:00 0                          [stack:13143]
7f5fd610c000-7f5fd610f000 ---p 00000000 00:00 0 
7f5fd610f000-7f5fd620d000 rw-p 00000000 00:00 0                          [stack:13142]
7f5fd620d000-7f5fd6210000 ---p 00000000 00:00 0 
7f5fd6210000-7f5fd630e000 rw-p 00000000 00:00 0                          [stack:13141]
7f5fd630e000-7f5fd6311000 ---p 00000000 00:00 0 
7f5fd6311000-7f5fd640f000 rw-p 00000000 00:00 0                          [stack:13253]
7f5fd640f000-7f5fd6412000 ---p 00000000 00:00 0 
7f5fd6412000-7f5fd6510000 rw-p 00000000 00:00 0 
7f5fd6510000-7f5fd6513000 ---p 00000000 00:00 0 
7f5fd6513000-7f5fd6611000 rw-p 00000000 00:00 0                          [stack:13136]
7f5fd6611000-7f5fd6627000 r-xp 00000000 08:06 15602357                   /lib/x86_64-linux-gnu/libgcc_s.so.1
7f5fd6627000-7f5fd6826000 ---p 00016000 08:06 15602357                   /lib/x86_64-linux-gnu/libgcc_s.so.1
7f5fd6826000-7f5fd6827000 rw-p 00015000 08:06 15602357                   /lib/x86_64-linux-gnu/libgcc_s.so.1
7f5fd6827000-7f5fd6859000 r-xp 00000000 08:06 20582265                   /usr/lib/jvm/jdk1.8.0_20/jre/lib/amd64/libsunec.so
7f5fd6859000-7f5fd6a58000 ---p 00032000 08:06 20582265                   /usr/lib/jvm/jdk1.8.0_20/jre/lib/amd64/libsunec.so
7f5fd6a58000-7f5fd6a5e000 rw-p 00031000 08:06 20582265                   /usr/lib/jvm/jdk1.8.0_20/jre/lib/amd64/libsunec.so
7f5fd6a5e000-7f5fd6a6e000 rw-p 00000000 00:00 0 
7f5fd6a6e000-7f5fd6a71000 ---p 00000000 00:00 0 
7f5fd6a71000-7f5fd6d6f000 rw-p 00000000 00:00 0 
7f5fd6d6f000-7f5fd6d72000 ---p 00000000 00:00 0 
7f5fd6d72000-7f5fd6e70000 rw-p 00000000 00:00 0                          [stack:13132]
7f5fd6e70000-7f5fd6e75000 r-xp 00000000 08:06 15211194                   /usr/lib/x86_64-linux-gnu/libXdmcp.so.6.0.0
7f5fd6e75000-7f5fd7074000 ---p 00005000 08:06 15211194                   /usr/lib/x86_64-linux-gnu/libXdmcp.so.6.0.0
7f5fd7074000-7f5fd7075000 r--p 00004000 08:06 15211194                   /usr/lib/x86_64-linux-gnu/libXdmcp.so.6.0.0
7f5fd7075000-7f5fd7076000 rw-p 00005000 08:06 15211194                   /usr/lib/x86_64-linux-gnu/libXdmcp.so.6.0.0
7f5fd7076000-7f5fd7078000 r-xp 00000000 08:06 15211183                   /usr/lib/x86_64-linux-gnu/libXau.so.6.0.0
7f5fd7078000-7f5fd7278000 ---p 00002000 08:06 15211183                   /usr/lib/x86_64-linux-gnu/libXau.so.6.0.0
7f5fd7278000-7f5fd7279000 r--p 00002000 08:06 15211183                   /usr/lib/x86_64-linux-gnu/libXau.so.6.0.0
7f5fd7279000-7f5fd727a000 rw-p 00003000 08:06 15211183                   /usr/lib/x86_64-linux-gnu/libXau.so.6.0.0
7f5fd727a000-7f5fd7297000 r-xp 00000000 08:06 15212358                   /usr/lib/x86_64-linux-gnu/libxcb.so.1.1.0
7f5fd7297000-7f5fd7497000 ---p 0001d000 08:06 15212358                   /usr/lib/x86_64-linux-gnu/libxcb.so.1.1.0
7f5fd7497000-7f5fd7498000 r--p 0001d000 08:06 15212358                   /usr/lib/x86_64-linux-gnu/libxcb.so.1.1.0
7f5fd7498000-7f5fd7499000 rw-p 0001e000 08:06 15212358                   /usr/lib/x86_64-linux-gnu/libxcb.so.1.1.0
7f5fd7499000-7f5fd74a8000 r-xp 00000000 08:06 15211204                   /usr/lib/x86_64-linux-gnu/libXi.so.6.1.0
7f5fd74a8000-7f5fd76a7000 ---p 0000f000 08:06 15211204                   /usr/lib/x86_64-linux-gnu/libXi.so.6.1.0
7f5fd76a7000-7f5fd76a8000 r--p 0000e000 08:06 15211204                   /usr/lib/x86_64-linux-gnu/libXi.so.6.1.0
7f5fd76a8000-7f5fd76a9000 rw-p 0000f000 08:06 15211204                   /usr/lib/x86_64-linux-gnu/libXi.so.6.1.0
7f5fd76a9000-7f5fd76ae000 r-xp 00000000 08:06 15211222                   /usr/lib/x86_64-linux-gnu/libXtst.so.6.1.0
7f5fd76ae000-7f5fd78ad000 ---p 00005000 08:06 15211222                   /usr/lib/x86_64-linux-gnu/libXtst.so.6.1.0
7f5fd78ad000-7f5fd78ae000 r--p 00004000 08:06 15211222                   /usr/lib/x86_64-linux-gnu/libXtst.so.6.1.0
7f5fd78ae000-7f5fd78af000 rw-p 00005000 08:06 15211222                   /usr/lib/x86_64-linux-gnu/libXtst.so.6.1.0
7f5fd78af000-7f5fd78b8000 r-xp 00000000 08:06 15211216                   /usr/lib/x86_64-linux-gnu/libXrender.so.1.3.0
7f5fd78b8000-7f5fd7ab7000 ---p 00009000 08:06 15211216                   /usr/lib/x86_64-linux-gnu/libXrender.so.1.3.0
7f5fd7ab7000-7f5fd7ab8000 r--p 00008000 08:06 15211216                   /usr/lib/x86_64-linux-gnu/libXrender.so.1.3.0
7f5fd7ab8000-7f5fd7ab9000 rw-p 00009000 08:06 15211216                   /usr/lib/x86_64-linux-gnu/libXrender.so.1.3.0
7f5fd7ab9000-7f5fd7be9000 r-xp 00000000 08:06 15211179                   /usr/lib/x86_64-linux-gnu/libX11.so.6.3.0
7f5fd7be9000-7f5fd7de9000 ---p 00130000 08:06 15211179                   /usr/lib/x86_64-linux-gnu/libX11.so.6.3.0
7f5fd7de9000-7f5fd7dea000 r--p 00130000 08:06 15211179                   /usr/lib/x86_64-linux-gnu/libX11.so.6.3.0
7f5fd7dea000-7f5fd7dee000 rw-p 00131000 08:06 15211179                   /usr/lib/x86_64-linux-gnu/libX11.so.6.3.0
7f5fd7dee000-7f5fd7dff000 r-xp 00000000 08:06 15211196                   /usr/lib/x86_64-linux-gnu/libXext.so.6.4.0
7f5fd7dff000-7f5fd7ffe000 ---p 00011000 08:06 15211196                   /usr/lib/x86_64-linux-gnu/libXext.so.6.4.0
7f5fd7ffe000-7f5fd7fff000 r--p 00010000 08:06 15211196                   /usr/lib/x86_64-linux-gnu/libXext.so.6.4.0
7f5fd7fff000-7f5fd8000000 rw-p 00011000 08:06 15211196                   /usr/lib/x86_64-linux-gnu/libXext.so.6.4.0
7f5fd8000000-7f5fd8021000 rw-p 00000000 00:00 0 
7f5fd8021000-7f5fdc000000 ---p 00000000 00:00 0 
7f5fdc000000-7f5fdc021000 rw-p 00000000 00:00 0 
7f5fdc021000-7f5fe0000000 ---p 00000000 00:00 0 
7f5fe0000000-7f5fe0021000 rw-p 00000000 00:00 0 
7f5fe0021000-7f5fe4000000 ---p 00000000 00:00 0 
7f5fe4000000-7f5fe4021000 rw-p 00000000 00:00 0 
7f5fe4021000-7f5fe8000000 ---p 00000000 00:00 0 
7f5fe8000000-7f5fe8021000 rw-p 00000000 00:00 0 
7f5fe8021000-7f5fec000000 ---p 00000000 00:00 0 
7f5fec000000-7f5fec021000 rw-p 00000000 00:00 0 
7f5fec021000-7f5ff0000000 ---p 00000000 00:00 0 
7f5ff0000000-7f5ff1fcb000 rw-p 00000000 00:00 0 
7f5ff1fcb000-7f5ff4000000 ---p 00000000 00:00 0 
7f5ff4000000-7f5ff4d14000 rw-p 00000000 00:00 0 
7f5ff4d14000-7f5ff8000000 ---p 00000000 00:00 0 
7f5ff8000000-7f5ff9354000 rw-p 00000000 00:00 0 
7f5ff9354000-7f5ffc000000 ---p 00000000 00:00 0 
7f5ffc000000-7f5ffe159000 rw-p 00000000 00:00 0 
7f5ffe159000-7f6000000000 ---p 00000000 00:00 0 
7f6000000000-7f60000b3000 rw-p 00000000 00:00 0 
7f60000b3000-7f6004000000 ---p 00000000 00:00 0 
7f6004000000-7f6004021000 rw-p 00000000 00:00 0 
7f6004021000-7f6008000000 ---p 00000000 00:00 0 
7f6008000000-7f6008021000 rw-p 00000000 00:00 0 
7f6008021000-7f600c000000 ---p 00000000 00:00 0 
7f600c000000-7f600c034000 rw-p 00000000 00:00 0 
7f600c034000-7f6010000000 ---p 00000000 00:00 0 
7f6010000000-7f6010021000 rw-p 00000000 00:00 0 
7f6010021000-7f6014000000 ---p 00000000 00:00 0 
7f6014000000-7f6014021000 rw-p 00000000 00:00 0 
7f6014021000-7f6018000000 ---p 00000000 00:00 0 
7f6018000000-7f60180fa000 rw-p 00000000 00:00 0 
7f60180fa000-7f601c000000 ---p 00000000 00:00 0 
7f601c000000-7f601c002000 r--s 00013000 08:06 2364730                    /usr/local/development/dev-7-7/Ignition/IgnitionWebApp/target/ignition-webapp-7.7/WEB-INF/lib/java-cup-10k.jar
7f601c002000-7f601c003000 r--s 00003000 08:06 2365209                    /usr/local/development/dev-7-7/Ignition/IgnitionWebApp/target/ignition-webapp-7.7/WEB-INF/lib/ivonatts-1.0.0.jar
7f601c003000-7f601c005000 r--s 00001000 08:06 2365019                    /usr/local/development/dev-7-7/Ignition/IgnitionWebApp/target/ignition-webapp-7.7/WEB-INF/lib/io-session-3.0.0-20130122.214435-9.jar
7f601c005000-7f601c006000 r--s 00001000 08:06 2365000                    /usr/local/development/dev-7-7/Ignition/IgnitionWebApp/target/ignition-webapp-7.7/WEB-INF/lib/hasp-srm-api-1.0.0.jar
7f601c006000-7f601c03b000 r--s 00273000 08:06 4198524                    /usr/local/development/dev-7-7/Ignition/IgnitionWebApp/target/ignition-webapp-7.7/WEB-INF/lib/gateway-7.7.2-SNAPSHOT.jar
7f601c03b000-7f601c03f000 r--s 00016000 08:06 2365023                    /usr/local/development/dev-7-7/Ignition/IgnitionWebApp/target/ignition-webapp-7.7/WEB-INF/lib/fsql-common-6.7.2-20141104.213458-19.jar
7f601c03f000-7f601c047000 r--s 001ca000 08:06 2365024                    /usr/local/development/dev-7-7/Ignition/IgnitionWebApp/target/ignition-webapp-7.7/WEB-INF/lib/fsql-6.7.2-20141104.213508-19.jar
7f601c047000-7f601c04b000 r--s 000be000 08:06 4198129                    /usr/local/development/dev-7-7/Ignition/IgnitionWebApp/target/ignition-webapp-7.7/WEB-INF/lib/fpmi-gateway-7.7.2-SNAPSHOT.jar
7f601c04b000-7f601c04e000 r--s 00013000 08:06 2365003                    /usr/local/development/dev-7-7/Ignition/IgnitionWebApp/target/ignition-webapp-7.7/WEB-INF/lib/forms-1.0.7.jar
7f601c04e000-7f601c050000 r--s 00003000 08:06 2365021                    /usr/local/development/dev-7-7/Ignition/IgnitionWebApp/target/ignition-webapp-7.7/WEB-INF/lib/drivers-common-2.7.2-20141104.213438-19.jar
7f601c050000-7f601c057000 r--s 0002f000 08:06 2365017                    /usr/local/development/dev-7-7/Ignition/IgnitionWebApp/target/ignition-webapp-7.7/WEB-INF/lib/driver-api-2.7.2-20141104.213410-19.jar
7f601c057000-7f601c0ad000 r--s 00512000 08:06 4198539                    /usr/local/development/dev-7-7/Ignition/IgnitionWebApp/target/ignition-webapp-7.7/WEB-INF/lib/designer-7.7.2-SNAPSHOT.jar
7f601c0ad000-7f601c0af000 r--s 00007000 08:06 2364731                    /usr/local/development/dev-7-7/Ignition/IgnitionWebApp/target/ignition-webapp-7.7/WEB-INF/lib/cron4j-2.2.3.jar
7f601c0af000-7f601c0b6000 r--s 00054000 08:06 2364729                    /usr/local/development/dev-7-7/Ignition/IgnitionWebApp/target/ignition-webapp-7.7/WEB-INF/lib/core-1.7.jar
7f601c0b6000-7f601c0b9000 r--s 00013000 08:06 2364999                    /usr/local/development/dev-7-7/Ignition/IgnitionWebApp/target/ignition-webapp-7.7/WEB-INF/lib/commons-pool-1.4.jar
7f601c0b9000-7f601c0bb000 r--s 0000d000 08:06 2364941                    /usr/local/development/dev-7-7/Ignition/IgnitionWebApp/target/ignition-webapp-7.7/WEB-INF/lib/commons-logging-1.1.1.jar
7f601c0bb000-7f601c0c1000 r--s 00048000 08:06 2364723                    /usr/local/development/dev-7-7/Ignition/IgnitionWebApp/target/ignition-webapp-7.7/WEB-INF/lib/commons-lang3-3.1.jar
7f601c0c1000-7f601c0c3000 r--s 0000e000 08:06 2364942                    /usr/local/development/dev-7-7/Ignition/IgnitionWebApp/target/ignition-webapp-7.7/WEB-INF/lib/commons-lang-1.0.jar
7f601c0c3000-7f601c0c6000 r--s 00025000 08:06 2364722                    /usr/local/development/dev-7-7/Ignition/IgnitionWebApp/target/ignition-webapp-7.7/WEB-INF/lib/commons-io-2.1.jar
7f601c0c6000-7f601c0f7000 r--s 001ea000 08:06 4198540                    /usr/local/development/dev-7-7/Ignition/IgnitionWebApp/target/ignition-webapp-7.7/WEB-INF/lib/common-7.7.2-SNAPSHOT.jar
7f601c0f7000-7f601c14b000 r-xp 00000000 08:06 20582307                   /usr/lib/jvm/jdk1.8.0_20/jre/lib/amd64/libawt_xawt.so
7f601c14b000-7f601c34b000 ---p 00054000 08:06 20582307                   /usr/lib/jvm/jdk1.8.0_20/jre/lib/amd64/libawt_xawt.so
7f601c34b000-7f601c34f000 rw-p 00054000 08:06 20582307                   /usr/lib/jvm/jdk1.8.0_20/jre/lib/amd64/libawt_xawt.so
7f601c34f000-7f6024000000 rw-p 00000000 00:00 0 
7f6024000000-7f6024021000 rw-p 00000000 00:00 0 
7f6024021000-7f6028000000 ---p 00000000 00:00 0 
7f6028000000-7f6028001000 r--s 00001000 08:06 4198528                    /usr/local/development/dev-7-7/Ignition/IgnitionWebApp/target/ignition-webapp-7.7/WEB-INF/lib/fpmi-common-7.7.2-SNAPSHOT.jar
7f6028001000-7f6028004000 r--s 0000f000 08:06 2364997                    /usr/local/development/dev-7-7/Ignition/IgnitionWebApp/target/ignition-webapp-7.7/WEB-INF/lib/commons-discovery-0.2.jar
7f6028004000-7f6028006000 r--s 0001c000 08:06 2364998                    /usr/local/development/dev-7-7/Ignition/IgnitionWebApp/target/ignition-webapp-7.7/WEB-INF/lib/commons-dbcp-1.2.2.jar
7f6028006000-7f6028008000 r--s 00006000 08:06 2364940                    /usr/local/development/dev-7-7/Ignition/IgnitionWebApp/target/ignition-webapp-7.7/WEB-INF/lib/commons-cli-1.0.jar
7f6028008000-7f6028015000 r--s 00084000 08:06 2365220                    /usr/local/development/dev-7-7/Ignition/IgnitionWebApp/target/ignition-webapp-7.7/WEB-INF/lib/comfyj-2.9.jar
7f6028015000-7f602801a000 r--s 00030000 08:06 4198529                    /usr/local/development/dev-7-7/Ignition/IgnitionWebApp/target/ignition-webapp-7.7/WEB-INF/lib/client-bootstrap-7.7.2-SNAPSHOT.jar
7f602801a000-7f6028040000 r--s 001be000 08:06 4198525                    /usr/local/development/dev-7-7/Ignition/IgnitionWebApp/target/ignition-webapp-7.7/WEB-INF/lib/client-api-7.7.2-SNAPSHOT.jar
7f6028040000-7f6028041000 r--s 00004000 08:06 4198527                    /usr/local/development/dev-7-7/Ignition/IgnitionWebApp/target/ignition-webapp-7.7/WEB-INF/lib/bootstrap-7.7.2-SNAPSHOT-classes.jar
7f6028041000-7f6028069000 r--s 00196000 08:06 2364727                    /usr/local/development/dev-7-7/Ignition/IgnitionWebApp/target/ignition-webapp-7.7/WEB-INF/lib/bcprov-jdk16-unsigned-1.46-unsigned.jar
7f6028069000-7f602806e000 r--s 0003e000 08:06 2364938                    /usr/local/development/dev-7-7/Ignition/IgnitionWebApp/target/ignition-webapp-7.7/WEB-INF/lib/barcode4j-2.1.jar
7f602806e000-7f6028071000 r--s 0001c000 08:06 2364996                    /usr/local/development/dev-7-7/Ignition/IgnitionWebApp/target/ignition-webapp-7.7/WEB-INF/lib/axis-wsdl4j-1.5.1.jar
7f6028071000-7f6028072000 r--s 00004000 08:06 2364995                    /usr/local/development/dev-7-7/Ignition/IgnitionWebApp/target/ignition-webapp-7.7/WEB-INF/lib/axis-saaj-1.4.jar
7f6028072000-7f6028074000 r--s 00006000 08:06 2364994                    /usr/local/development/dev-7-7/Ignition/IgnitionWebApp/target/ignition-webapp-7.7/WEB-INF/lib/axis-jaxrpc-1.4.jar
7f6028074000-7f6028088000 r--s 00173000 08:06 2364993                    /usr/local/development/dev-7-7/Ignition/IgnitionWebApp/target/ignition-webapp-7.7/WEB-INF/lib/axis-1.4.jar
7f6028088000-7f602808a000 r--s 0000d000 08:06 2364939                    /usr/local/development/dev-7-7/Ignition/IgnitionWebApp/target/ignition-webapp-7.7/WEB-INF/lib/avalon-framework-impl-4.2.0.jar
7f602808a000-7f6028092000 r--s 00049000 08:06 2365005                    /usr/local/development/dev-7-7/Ignition/IgnitionWebApp/target/ignition-webapp-7.7/WEB-INF/lib/alloy-1.4.4.ia1.jar
7f6028092000-7f6028094000 r--s 00003000 08:06 2365026                    /usr/local/development/dev-7-7/Ignition/IgnitionWebApp/target/ignition-webapp-7.7/WEB-INF/lib/alarm-notification-gateway-api-2.7.2-20141104.214105-19.jar
7f6028094000-7f602809a000 r--s 00032000 08:06 2365025                    /usr/local/development/dev-7-7/Ignition/IgnitionWebApp/target/ignition-webapp-7.7/WEB-INF/lib/alarm-notification-gateway-2.7.2-20141104.214111-19.jar
7f602809a000-7f602809c000 r--s 00004000 08:06 2365027                    /usr/local/development/dev-7-7/Ignition/IgnitionWebApp/target/ignition-webapp-7.7/WEB-INF/lib/alarm-notification-common-2.7.2-20141104.214053-19.jar
7f602809c000-7f60280a6000 r--s 00036000 08:06 2365203                    /usr/local/development/dev-7-7/Ignition/IgnitionWebApp/target/ignition-webapp-7.7/WEB-INF/lib/airlink-sms-notification-2.7.2-20141104.214125-19.jar
7f60280a6000-7f60280a8000 r--s 0000d000 08:06 2365001                    /usr/local/development/dev-7-7/Ignition/IgnitionWebApp/target/ignition-webapp-7.7/WEB-INF/lib/activation-ws-1.0.0.jar
7f60280a8000-7f60280aa000 r--s 0000e000 08:06 2364952                    /usr/local/development/dev-7-7/Ignition/IgnitionWebApp/target/ignition-webapp-7.7/WEB-INF/lib/activation-1.1.jar
7f60280aa000-7f60280b3000 r--s 00069000 08:06 2365223                    /usr/local/development/dev-7-7/Ignition/IgnitionWebApp/target/ignition-webapp-7.7/WEB-INF/lib/ab-drivers-1.7.0-20131026.004154-8.jar
7f60280b3000-7f60280b8000 r--s 0003c000 08:06 2364992                    /usr/local/development/dev-7-7/Ignition/IgnitionWebApp/target/ignition-webapp-7.7/WEB-INF/lib/FastInfoset-1.0.2.jar
7f60280b8000-7f60280bd000 r--s 002f8000 08:06 20582247                   /usr/lib/jvm/jdk1.8.0_20/jre/lib/charsets.jar
7f60280bd000-7f60280c2000 r--s 0003f000 08:06 1185790                    /usr/lib/jvm/jdk1.8.0_20/jre/lib/ext/sunjce_provider.jar
7f60280c2000-7f60280c5000 r--s 0003a000 08:06 1185787                    /usr/lib/jvm/jdk1.8.0_20/jre/lib/ext/sunpkcs11.jar
7f60280c5000-7f60280c7000 r--s 0001a000 08:06 20582317                   /usr/lib/jvm/jdk1.8.0_20/jre/lib/jce.jar
7f60280c7000-7f6028169000 r-xp 00000000 08:06 20582293                   /usr/lib/jvm/jdk1.8.0_20/jre/lib/amd64/libawt.so
7f6028169000-7f6028369000 ---p 000a2000 08:06 20582293                   /usr/lib/jvm/jdk1.8.0_20/jre/lib/amd64/libawt.so
7f6028369000-7f6028375000 rw-p 000a2000 08:06 20582293                   /usr/lib/jvm/jdk1.8.0_20/jre/lib/amd64/libawt.so
7f6028375000-7f6028399000 rw-p 00000000 00:00 0 
7f6028399000-7f602839c000 ---p 00000000 00:00 0 
7f602839c000-7f602849a000 rw-p 00000000 00:00 0                          [stack:13131]
7f602849a000-7f60284a4000 r--s 00116000 08:06 1185789                    /usr/lib/jvm/jdk1.8.0_20/jre/lib/ext/localedata.jar
7f60284a4000-7f60284c0000 r--s 00393000 08:06 1185783                    /usr/lib/jvm/jdk1.8.0_20/jre/lib/ext/cldrdata.jar
7f60284c0000-7f60286c0000 rw-p 00000000 00:00 0 
7f60286c0000-7f60286c3000 r--s 0000f000 08:06 19532219                   /usr/local/development/dev-7-6/Ignition/Servers/apache-tomcat-6.0.36/lib/tomcat-i18n-es.jar
7f60286c3000-7f60286c7000 r--s 0003a000 08:06 19532218                   /usr/local/development/dev-7-6/Ignition/Servers/apache-tomcat-6.0.36/lib/tomcat-dbcp.jar
7f60286c7000-7f60286d7000 r--s 0019c000 08:06 19532210                   /usr/local/development/dev-7-6/Ignition/Servers/apache-tomcat-6.0.36/lib/ecj-3.7.2.jar
7f60286d7000-7f60286de000 r--s 000c7000 08:06 19532215                   /usr/local/development/dev-7-6/Ignition/Servers/apache-tomcat-6.0.36/lib/mysql-connector-java-5.1.23-bin.jar
7f60286de000-7f60286ee000 r--s 00120000 08:06 19532209                   /usr/local/development/dev-7-6/Ignition/Servers/apache-tomcat-6.0.36/lib/catalina.jar
7f60286ee000-7f60286ef000 ---p 00000000 00:00 0 
7f60286ef000-7f60287ef000 rw-p 00000000 00:00 0                          [stack:13130]
7f60287ef000-7f60287f2000 ---p 00000000 00:00 0 
7f60287f2000-7f60288f0000 rw-p 00000000 00:00 0                          [stack:13129]
7f60288f0000-7f60288f3000 ---p 00000000 00:00 0 
7f60288f3000-7f60289f1000 rw-p 00000000 00:00 0                          [stack:13128]
7f60289f1000-7f60289f4000 ---p 00000000 00:00 0 
7f60289f4000-7f6028af2000 rw-p 00000000 00:00 0                          [stack:13127]
7f6028af2000-7f6028b03000 r-xp 00000000 08:06 20582303                   /usr/lib/jvm/jdk1.8.0_20/jre/lib/amd64/libnio.so
7f6028b03000-7f6028d02000 ---p 00011000 08:06 20582303                   /usr/lib/jvm/jdk1.8.0_20/jre/lib/amd64/libnio.so
7f6028d02000-7f6028d03000 rw-p 00010000 08:06 20582303                   /usr/lib/jvm/jdk1.8.0_20/jre/lib/amd64/libnio.so
7f6028d03000-7f6028d34000 rw-p 00000000 00:00 0 
7f6028d34000-7f6028d4a000 r-xp 00000000 08:06 20582300                   /usr/lib/jvm/jdk1.8.0_20/jre/lib/amd64/libnet.so
7f6028d4a000-7f6028f4a000 ---p 00016000 08:06 20582300                   /usr/lib/jvm/jdk1.8.0_20/jre/lib/amd64/libnet.so
7f6028f4a000-7f6028f4b000 rw-p 00016000 08:06 20582300                   /usr/lib/jvm/jdk1.8.0_20/jre/lib/amd64/libnet.so
7f6028f4b000-7f6028f53000 r-xp 00000000 08:06 20582308                   /usr/lib/jvm/jdk1.8.0_20/jre/lib/amd64/libmanagement.so
7f6028f53000-7f6029153000 ---p 00008000 08:06 20582308                   /usr/lib/jvm/jdk1.8.0_20/jre/lib/amd64/libmanagement.so
7f6029153000-7f6029154000 rw-p 00008000 08:06 20582308                   /usr/lib/jvm/jdk1.8.0_20/jre/lib/amd64/libmanagement.so
7f6029154000-7f6029157000 ---p 00000000 00:00 0 
7f6029157000-7f6029255000 rw-p 00000000 00:00 0                          [stack:13126]
7f6029255000-7f6029258000 ---p 00000000 00:00 0 
7f6029258000-7f6029356000 rw-p 00000000 00:00 0                          [stack:13125]
7f6029356000-7f6029359000 ---p 00000000 00:00 0 
7f6029359000-7f6029457000 rw-p 00000000 00:00 0                          [stack:13124]
7f6029457000-7f602945a000 ---p 00000000 00:00 0 
7f602945a000-7f6029558000 rw-p 00000000 00:00 0                          [stack:13123]
7f6029558000-7f602955b000 ---p 00000000 00:00 0 
7f602955b000-7f6029659000 rw-p 00000000 00:00 0                          [stack:13122]
7f6029659000-7f602965c000 ---p 00000000 00:00 0 
7f602965c000-7f602975a000 rw-p 00000000 00:00 0 
7f602975a000-7f602975d000 ---p 00000000 00:00 0 
7f602975d000-7f602985b000 rw-p 00000000 00:00 0                          [stack:13119]
7f602985b000-7f602985e000 ---p 00000000 00:00 0 
7f602985e000-7f602995c000 rw-p 00000000 00:00 0 
7f602995c000-7f6029960000 r-xp 00000000 08:06 20582275                   /usr/lib/jvm/jdk1.8.0_20/jre/lib/amd64/libdt_socket.so
7f6029960000-7f6029b5f000 ---p 00004000 08:06 20582275                   /usr/lib/jvm/jdk1.8.0_20/jre/lib/amd64/libdt_socket.so
7f6029b5f000-7f6029b60000 rw-p 00003000 08:06 20582275                   /usr/lib/jvm/jdk1.8.0_20/jre/lib/amd64/libdt_socket.so
7f6029b60000-7f6029b63000 ---p 00000000 00:00 0 
7f6029b63000-7f6029c61000 rw-p 00000000 00:00 0                          [stack:13116]
7f6029c61000-7f6029c64000 ---p 00000000 00:00 0 
7f6029c64000-7f6029d62000 rw-p 00000000 00:00 0                          [stack:13115]
7f6029d62000-7f6029d65000 ---p 00000000 00:00 0 
7f6029d65000-7f6029e63000 rw-p 00000000 00:00 0                          [stack:13114]
7f6029e63000-7f6029e64000 ---p 00000000 00:00 0 
7f6029e64000-7f602c000000 rw-p 00000000 00:00 0                          [stack:13113]
7f602c000000-7f602c021000 rw-p 00000000 00:00 0 
7f602c021000-7f6030000000 ---p 00000000 00:00 0 
7f6030000000-7f6030021000 rw-p 00000000 00:00 0 
7f6030021000-7f6034000000 ---p 00000000 00:00 0 
7f6034000000-7f6034021000 rw-p 00000000 00:00 0 
7f6034021000-7f6038000000 ---p 00000000 00:00 0 
7f6038000000-7f6038021000 rw-p 00000000 00:00 0 
7f6038021000-7f603c000000 ---p 00000000 00:00 0 
7f603c000000-7f603c021000 rw-p 00000000 00:00 0 
7f603c021000-7f6040000000 ---p 00000000 00:00 0 
7f6040000000-7f6040021000 rw-p 00000000 00:00 0 
7f6040021000-7f6044000000 ---p 00000000 00:00 0 
7f6044000000-7f6044021000 rw-p 00000000 00:00 0 
7f6044021000-7f6048000000 ---p 00000000 00:00 0 
7f6048000000-7f6048001000 r--s 00009000 08:06 1185781                    /usr/lib/jvm/jdk1.8.0_20/jre/lib/ext/sunec.jar
7f6048001000-7f6048004000 r--s 0001e000 08:06 19532207                   /usr/local/development/dev-7-6/Ignition/Servers/apache-tomcat-6.0.36/lib/catalina-ha.jar
7f6048004000-7f6048008000 r--s 00036000 08:06 19532208                   /usr/local/development/dev-7-6/Ignition/Servers/apache-tomcat-6.0.36/lib/catalina-tribes.jar
7f6048008000-7f6048012000 r--s 000b3000 08:06 19532217                   /usr/local/development/dev-7-6/Ignition/Servers/apache-tomcat-6.0.36/lib/tomcat-coyote.jar
7f6048012000-7f60483e8000 rw-p 00000000 00:00 0 
7f60483e8000-7f60485bd000 r--s 03ca3000 08:06 20582249                   /usr/lib/jvm/jdk1.8.0_20/jre/lib/rt.jar
7f60485bd000-7f6048dfe000 rw-p 00000000 00:00 0 
7f6048dfe000-7f6048dff000 ---p 00000000 00:00 0 
7f6048dff000-7f6048eff000 rw-p 00000000 00:00 0                          [stack:13112]
7f6048eff000-7f6048f00000 ---p 00000000 00:00 0 
7f6048f00000-7f6049000000 rw-p 00000000 00:00 0                          [stack:13111]
7f6049000000-7f604a260000 rwxp 00000000 00:00 0 
7f604a260000-7f6058000000 ---p 00000000 00:00 0 
7f6058000000-7f605885b000 rw-p 00000000 00:00 0 
7f605885b000-7f605c000000 ---p 00000000 00:00 0 
7f605c000000-7f605c002000 r--s 0000b000 08:06 19532220                   /usr/local/development/dev-7-6/Ignition/Servers/apache-tomcat-6.0.36/lib/tomcat-i18n-fr.jar
7f605c002000-7f605c009000 r--s 0007a000 08:06 19532213                   /usr/local/development/dev-7-6/Ignition/Servers/apache-tomcat-6.0.36/lib/jasper.jar
7f605c009000-7f605c02a000 rw-p 00000000 00:00 0 
7f605c02a000-7f605c02b000 ---p 00000000 00:00 0 
7f605c02b000-7f605c12b000 rw-p 00000000 00:00 0                          [stack:13110]
7f605c12b000-7f605c12c000 ---p 00000000 00:00 0 
7f605c12c000-7f605c22c000 rw-p 00000000 00:00 0                          [stack:13109]
7f605c22c000-7f605c22d000 ---p 00000000 00:00 0 
7f605c22d000-7f605c32d000 rw-p 00000000 00:00 0                          [stack:13108]
7f605c32d000-7f605c32e000 ---p 00000000 00:00 0 
7f605c32e000-7f605c42e000 rw-p 00000000 00:00 0                          [stack:13107]
7f605c42e000-7f605c42f000 ---p 00000000 00:00 0 
7f605c42f000-7f605c52f000 rw-p 00000000 00:00 0                          [stack:13106]
7f605c52f000-7f605c530000 ---p 00000000 00:00 0 
7f605c530000-7f605c68a000 rw-p 00000000 00:00 0                          [stack:13105]
7f605c68a000-7f605cb62000 ---p 00000000 00:00 0 
7f605cb62000-7f605cbbc000 rw-p 00000000 00:00 0 
7f605cbbc000-7f605d094000 ---p 00000000 00:00 0 
7f605d094000-7f605d10b000 rw-p 00000000 00:00 0 
7f605d10b000-7f605d32d000 ---p 00000000 00:00 0 
7f605d32d000-7f605d378000 rw-p 00000000 00:00 0 
7f605d378000-7f605d6ee000 ---p 00000000 00:00 0 
7f605d6ee000-7f605d70a000 r-xp 00000000 08:06 20582296                   /usr/lib/jvm/jdk1.8.0_20/jre/lib/amd64/libzip.so
7f605d70a000-7f605d909000 ---p 0001c000 08:06 20582296                   /usr/lib/jvm/jdk1.8.0_20/jre/lib/amd64/libzip.so
7f605d909000-7f605d90a000 rw-p 0001b000 08:06 20582296                   /usr/lib/jvm/jdk1.8.0_20/jre/lib/amd64/libzip.so
7f605d90a000-7f605d915000 r-xp 00000000 08:06 15602342                   /lib/x86_64-linux-gnu/libnss_files-2.19.so
7f605d915000-7f605db14000 ---p 0000b000 08:06 15602342                   /lib/x86_64-linux-gnu/libnss_files-2.19.so
7f605db14000-7f605db15000 r--p 0000a000 08:06 15602342                   /lib/x86_64-linux-gnu/libnss_files-2.19.so
7f605db15000-7f605db16000 rw-p 0000b000 08:06 15602342                   /lib/x86_64-linux-gnu/libnss_files-2.19.so
7f605db16000-7f605db21000 r-xp 00000000 08:06 15602345                   /lib/x86_64-linux-gnu/libnss_nis-2.19.so
7f605db21000-7f605dd20000 ---p 0000b000 08:06 15602345                   /lib/x86_64-linux-gnu/libnss_nis-2.19.so
7f605dd20000-7f605dd21000 r--p 0000a000 08:06 15602345                   /lib/x86_64-linux-gnu/libnss_nis-2.19.so
7f605dd21000-7f605dd22000 rw-p 0000b000 08:06 15602345                   /lib/x86_64-linux-gnu/libnss_nis-2.19.so
7f605dd22000-7f605dd39000 r-xp 00000000 08:06 15602152                   /lib/x86_64-linux-gnu/libnsl-2.19.so
7f605dd39000-7f605df38000 ---p 00017000 08:06 15602152                   /lib/x86_64-linux-gnu/libnsl-2.19.so
7f605df38000-7f605df39000 r--p 00016000 08:06 15602152                   /lib/x86_64-linux-gnu/libnsl-2.19.so
7f605df39000-7f605df3a000 rw-p 00017000 08:06 15602152                   /lib/x86_64-linux-gnu/libnsl-2.19.so
7f605df3a000-7f605df3c000 rw-p 00000000 00:00 0 
7f605df3c000-7f605df45000 r-xp 00000000 08:06 15601662                   /lib/x86_64-linux-gnu/libnss_compat-2.19.so
7f605df45000-7f605e144000 ---p 00009000 08:06 15601662                   /lib/x86_64-linux-gnu/libnss_compat-2.19.so
7f605e144000-7f605e145000 r--p 00008000 08:06 15601662                   /lib/x86_64-linux-gnu/libnss_compat-2.19.so
7f605e145000-7f605e146000 rw-p 00009000 08:06 15601662                   /lib/x86_64-linux-gnu/libnss_compat-2.19.so
7f605e146000-7f605e40f000 r--p 00000000 08:06 15209877                   /usr/lib/locale/locale-archive
7f605e40f000-7f605e411000 r-xp 00000000 08:06 20582276                   /usr/lib/jvm/jdk1.8.0_20/jre/lib/amd64/libnpt.so
7f605e411000-7f605e611000 ---p 00002000 08:06 20582276                   /usr/lib/jvm/jdk1.8.0_20/jre/lib/amd64/libnpt.so
7f605e611000-7f605e612000 rw-p 00002000 08:06 20582276                   /usr/lib/jvm/jdk1.8.0_20/jre/lib/amd64/libnpt.so
7f605e612000-7f605e64b000 r-xp 00000000 08:06 20582287                   /usr/lib/jvm/jdk1.8.0_20/jre/lib/amd64/libjdwp.so
7f605e64b000-7f605e84a000 ---p 00039000 08:06 20582287                   /usr/lib/jvm/jdk1.8.0_20/jre/lib/amd64/libjdwp.so
7f605e84a000-7f605e84c000 rw-p 00038000 08:06 20582287                   /usr/lib/jvm/jdk1.8.0_20/jre/lib/amd64/libjdwp.so
7f605e84c000-7f605e876000 r-xp 00000000 08:06 20582291                   /usr/lib/jvm/jdk1.8.0_20/jre/lib/amd64/libjava.so
7f605e876000-7f605ea76000 ---p 0002a000 08:06 20582291                   /usr/lib/jvm/jdk1.8.0_20/jre/lib/amd64/libjava.so
7f605ea76000-7f605ea78000 rw-p 0002a000 08:06 20582291                   /usr/lib/jvm/jdk1.8.0_20/jre/lib/amd64/libjava.so
7f605ea78000-7f605ea85000 r-xp 00000000 08:06 20582295                   /usr/lib/jvm/jdk1.8.0_20/jre/lib/amd64/libverify.so
7f605ea85000-7f605ec85000 ---p 0000d000 08:06 20582295                   /usr/lib/jvm/jdk1.8.0_20/jre/lib/amd64/libverify.so
7f605ec85000-7f605ec87000 rw-p 0000d000 08:06 20582295                   /usr/lib/jvm/jdk1.8.0_20/jre/lib/amd64/libverify.so
7f605ec87000-7f605ec8e000 r-xp 00000000 08:06 15602320                   /lib/x86_64-linux-gnu/librt-2.19.so
7f605ec8e000-7f605ee8d000 ---p 00007000 08:06 15602320                   /lib/x86_64-linux-gnu/librt-2.19.so
7f605ee8d000-7f605ee8e000 r--p 00006000 08:06 15602320                   /lib/x86_64-linux-gnu/librt-2.19.so
7f605ee8e000-7f605ee8f000 rw-p 00007000 08:06 15602320                   /lib/x86_64-linux-gnu/librt-2.19.so
7f605ee8f000-7f605ef94000 r-xp 00000000 08:06 15602334                   /lib/x86_64-linux-gnu/libm-2.19.so
7f605ef94000-7f605f193000 ---p 00105000 08:06 15602334                   /lib/x86_64-linux-gnu/libm-2.19.so
7f605f193000-7f605f194000 r--p 00104000 08:06 15602334                   /lib/x86_64-linux-gnu/libm-2.19.so
7f605f194000-7f605f195000 rw-p 00105000 08:06 15602334                   /lib/x86_64-linux-gnu/libm-2.19.so
7f605f195000-7f605fdff000 r-xp 00000000 08:06 20845908                   /usr/lib/jvm/jdk1.8.0_20/jre/lib/amd64/server/libjvm.so
7f605fdff000-7f605ffff000 ---p 00c6a000 08:06 20845908                   /usr/lib/jvm/jdk1.8.0_20/jre/lib/amd64/server/libjvm.so
7f605ffff000-7f60600d5000 rw-p 00c6a000 08:06 20845908                   /usr/lib/jvm/jdk1.8.0_20/jre/lib/amd64/server/libjvm.so
7f60600d5000-7f6060117000 rw-p 00000000 00:00 0 
7f6060117000-7f60602d2000 r-xp 00000000 08:06 15602328                   /lib/x86_64-linux-gnu/libc-2.19.so
7f60602d2000-7f60604d2000 ---p 001bb000 08:06 15602328                   /lib/x86_64-linux-gnu/libc-2.19.so
7f60604d2000-7f60604d6000 r--p 001bb000 08:06 15602328                   /lib/x86_64-linux-gnu/libc-2.19.so
7f60604d6000-7f60604d8000 rw-p 001bf000 08:06 15602328                   /lib/x86_64-linux-gnu/libc-2.19.so
7f60604d8000-7f60604dd000 rw-p 00000000 00:00 0 
7f60604dd000-7f60604e0000 r-xp 00000000 08:06 15602352                   /lib/x86_64-linux-gnu/libdl-2.19.so
7f60604e0000-7f60606df000 ---p 00003000 08:06 15602352                   /lib/x86_64-linux-gnu/libdl-2.19.so
7f60606df000-7f60606e0000 r--p 00002000 08:06 15602352                   /lib/x86_64-linux-gnu/libdl-2.19.so
7f60606e0000-7f60606e1000 rw-p 00003000 08:06 15602352                   /lib/x86_64-linux-gnu/libdl-2.19.so
7f60606e1000-7f60606f8000 r-xp 00000000 08:06 20061287                   /usr/lib/jvm/jdk1.8.0_20/lib/amd64/jli/libjli.so
7f60606f8000-7f60608f7000 ---p 00017000 08:06 20061287                   /usr/lib/jvm/jdk1.8.0_20/lib/amd64/jli/libjli.so
7f60608f7000-7f60608f8000 rw-p 00016000 08:06 20061287                   /usr/lib/jvm/jdk1.8.0_20/lib/amd64/jli/libjli.so
7f60608f8000-7f6060911000 r-xp 00000000 08:06 15602353                   /lib/x86_64-linux-gnu/libpthread-2.19.so
7f6060911000-7f6060b10000 ---p 00019000 08:06 15602353                   /lib/x86_64-linux-gnu/libpthread-2.19.so
7f6060b10000-7f6060b11000 r--p 00018000 08:06 15602353                   /lib/x86_64-linux-gnu/libpthread-2.19.so
7f6060b11000-7f6060b12000 rw-p 00019000 08:06 15602353                   /lib/x86_64-linux-gnu/libpthread-2.19.so
7f6060b12000-7f6060b16000 rw-p 00000000 00:00 0 
7f6060b16000-7f6060b39000 r-xp 00000000 08:06 15602330                   /lib/x86_64-linux-gnu/ld-2.19.so
7f6060b39000-7f6060b3b000 r--s 0000c000 08:06 19532221                   /usr/local/development/dev-7-6/Ignition/Servers/apache-tomcat-6.0.36/lib/tomcat-i18n-ja.jar
7f6060b3b000-7f6060b3d000 r--s 00011000 08:06 19532214                   /usr/local/development/dev-7-6/Ignition/Servers/apache-tomcat-6.0.36/lib/jsp-api.jar
7f6060b3d000-7f6060b3f000 r--s 00014000 08:06 19532216                   /usr/local/development/dev-7-6/Ignition/Servers/apache-tomcat-6.0.36/lib/servlet-api.jar
7f6060b3f000-7f6060b41000 r--s 0000c000 08:06 19532206                   /usr/local/development/dev-7-6/Ignition/Servers/apache-tomcat-6.0.36/lib/catalina-ant.jar
7f6060b41000-7f6060c12000 rw-p 00000000 00:00 0 
7f6060c12000-7f6060c15000 ---p 00000000 00:00 0 
7f6060c15000-7f6060d17000 rw-p 00000000 00:00 0                          [stack:13104]
7f6060d17000-7f6060d19000 r--s 00007000 08:06 19532211                   /usr/local/development/dev-7-6/Ignition/Servers/apache-tomcat-6.0.36/lib/el-api.jar
7f6060d19000-7f6060d1a000 r--s 00003000 08:06 19532205                   /usr/local/development/dev-7-6/Ignition/Servers/apache-tomcat-6.0.36/lib/annotations-api.jar
7f6060d1a000-7f6060d1d000 r--s 00019000 08:06 19532212                   /usr/local/development/dev-7-6/Ignition/Servers/apache-tomcat-6.0.36/lib/jasper-el.jar
7f6060d1d000-7f6060d22000 r--s 00092000 08:06 20582254                   /usr/lib/jvm/jdk1.8.0_20/jre/lib/jsse.jar
7f6060d22000-7f6060d23000 r--s 00007000 08:06 19533431                   /usr/local/development/dev-7-6/Ignition/Servers/apache-tomcat-6.0.36/bin/tomcat-juli.jar
7f6060d23000-7f6060d24000 r--s 00005000 08:06 19533430                   /usr/local/development/dev-7-6/Ignition/Servers/apache-tomcat-6.0.36/bin/commons-daemon.jar
7f6060d24000-7f6060d25000 r--s 00005000 08:06 19533429                   /usr/local/development/dev-7-6/Ignition/Servers/apache-tomcat-6.0.36/bin/bootstrap.jar
7f6060d25000-7f6060d2c000 r--s 000c7000 08:06 1179649                    /usr/lib/jvm/jdk1.8.0_20/jre/lib/ext/mysql-connector-java-5.1.23-bin.jar
7f6060d2c000-7f6060d34000 rw-s 00000000 08:06 6164360                    /tmp/hsperfdata_mattg/13099
7f6060d34000-7f6060d35000 rw-p 00000000 00:00 0 
7f6060d35000-7f6060d36000 r--p 00000000 00:00 0 
7f6060d36000-7f6060d38000 rw-p 00000000 00:00 0 
7f6060d38000-7f6060d39000 r--p 00022000 08:06 15602330                   /lib/x86_64-linux-gnu/ld-2.19.so
7f6060d39000-7f6060d3a000 rw-p 00023000 08:06 15602330                   /lib/x86_64-linux-gnu/ld-2.19.so
7f6060d3a000-7f6060d3b000 rw-p 00000000 00:00 0 
7fffb4982000-7fffb49a3000 rw-p 00000000 00:00 0                          [stack]
7fffb49db000-7fffb49dd000 r-xp 00000000 00:00 0                          [vdso]
ffffffffff600000-ffffffffff601000 r-xp 00000000 00:00 0                  [vsyscall]

VM Arguments:
jvm_args: -Djava.util.logging.config.file=/home/mattg/.IntelliJIdea13/system/tomcat/Unnamed_77-Ignition/conf/logging.properties -Xdebug -Xrunjdwp:transport=dt_socket,address=127.0.0.1:51670,suspend=y,server=n -Dcom.sun.management.jmxremote= -Dcom.sun.management.jmxremote.port=1099 -Dcom.sun.management.jmxremote.ssl=false -Dcom.sun.management.jmxremote.authenticate=false -Djava.rmi.server.hostname=127.0.0.1 -Djava.util.logging.manager=org.apache.juli.ClassLoaderLogManager -Djava.endorsed.dirs=/usr/local/development/dev-7-6/Ignition/Servers/apache-tomcat-6.0.36/endorsed -Dcatalina.base=/home/mattg/.IntelliJIdea13/system/tomcat/Unnamed_77-Ignition -Dcatalina.home=/usr/local/development/dev-7-6/Ignition/Servers/apache-tomcat-6.0.36 -Djava.io.tmpdir=/usr/local/development/dev-7-6/Ignition/Servers/apache-tomcat-6.0.36/temp 
java_command: org.apache.catalina.startup.Bootstrap start
java_class_path (initial): /usr/local/development/dev-7-6/Ignition/Servers/apache-tomcat-6.0.36/bin/bootstrap.jar
Launcher Type: SUN_STANDARD

Environment Variables:
JAVA_HOME=/usr/lib/jvm/jdk1.8.0_20
CLASSPATH=/usr/local/development/dev-7-6/Ignition/Servers/apache-tomcat-6.0.36/bin/bootstrap.jar
PATH=/usr/local/sbin:/usr/local/bin:/usr/sbin:/usr/bin:/sbin:/bin:/usr/games:/usr/local/games:/usr/local/development/gradle-1.12/bin
USERNAME=mattg
LD_LIBRARY_PATH=/usr/local/development/idea-IU-135.909/bin:
SHELL=/bin/bash
DISPLAY=:0

Signal Handlers:
SIGSEGV: [libjvm.so+0xa76cd0], sa_mask[0]=11111111011111111101111111111110, sa_flags=SA_RESTART|SA_SIGINFO
SIGBUS: [libjvm.so+0xa76cd0], sa_mask[0]=11111111011111111101111111111110, sa_flags=SA_RESTART|SA_SIGINFO
SIGFPE: [libjvm.so+0x8e0d80], sa_mask[0]=11111111011111111101111111111110, sa_flags=SA_RESTART|SA_SIGINFO
SIGPIPE: [libjvm.so+0x8e0d80], sa_mask[0]=11111111011111111101111111111110, sa_flags=SA_RESTART|SA_SIGINFO
SIGXFSZ: [libjvm.so+0x8e0d80], sa_mask[0]=11111111011111111101111111111110, sa_flags=SA_RESTART|SA_SIGINFO
SIGILL: [libjvm.so+0x8e0d80], sa_mask[0]=11111111011111111101111111111110, sa_flags=SA_RESTART|SA_SIGINFO
SIGUSR1: SIG_DFL, sa_mask[0]=00000000000000000000000000000000, sa_flags=none
SIGUSR2: [libjvm.so+0x8e25b0], sa_mask[0]=00100000000000000000000000000000, sa_flags=SA_RESTART|SA_SIGINFO
SIGHUP: [libjvm.so+0x8e3970], sa_mask[0]=11111111011111111101111111111110, sa_flags=SA_RESTART|SA_SIGINFO
SIGINT: [libjvm.so+0x8e3970], sa_mask[0]=11111111011111111101111111111110, sa_flags=SA_RESTART|SA_SIGINFO
SIGTERM: [libjvm.so+0x8e3970], sa_mask[0]=11111111011111111101111111111110, sa_flags=SA_RESTART|SA_SIGINFO
SIGQUIT: [libjvm.so+0x8e3970], sa_mask[0]=11111111011111111101111111111110, sa_flags=SA_RESTART|SA_SIGINFO


---------------  S Y S T E M  ---------------

OS:DISTRIB_ID=LinuxMint
DISTRIB_RELEASE=17
DISTRIB_CODENAME=qiana
DISTRIB_DESCRIPTION="Linux Mint 17 Qiana"

uname:Linux 3.13.0-24-generic #46-Ubuntu SMP Thu Apr 10 19:11:08 UTC 2014 x86_64
libc:glibc 2.19 NPTL 2.19 
rlimit: STACK 8192k, CORE 0k, NPROC 127375, NOFILE 4096, AS infinity
load average:1.06 0.98 1.01

/proc/meminfo:
MemTotal:       16335088 kB
MemFree:         8541912 kB
Buffers:          370496 kB
Cached:          3288476 kB
SwapCached:            0 kB
Active:          4992984 kB
Inactive:        2317292 kB
Active(anon):    3664368 kB
Inactive(anon):   571588 kB
Active(file):    1328616 kB
Inactive(file):  1745704 kB
Unevictable:        1488 kB
Mlocked:            1488 kB
SwapTotal:      16676860 kB
SwapFree:       16676860 kB
Dirty:               560 kB
Writeback:             0 kB
AnonPages:       3652596 kB
Mapped:           478600 kB
Shmem:            584652 kB
Slab:             277088 kB
SReclaimable:     228220 kB
SUnreclaim:        48868 kB
KernelStack:        6224 kB
PageTables:        49124 kB
NFS_Unstable:          0 kB
Bounce:                0 kB
WritebackTmp:          0 kB
CommitLimit:    24844404 kB
Committed_AS:    8121968 kB
VmallocTotal:   34359738367 kB
VmallocUsed:      444884 kB
VmallocChunk:   34359289148 kB
HardwareCorrupted:     0 kB
AnonHugePages:   2295808 kB
HugePages_Total:       0
HugePages_Free:        0
HugePages_Rsvd:        0
HugePages_Surp:        0
Hugepagesize:       2048 kB
DirectMap4k:       97736 kB
DirectMap2M:     2949120 kB
DirectMap1G:    13631488 kB


CPU:total 8 (4 cores per cpu, 2 threads per core) family 6 model 60 stepping 3, cmov, cx8, fxsr, mmx, sse, sse2, sse3, ssse3, sse4.1, sse4.2, popcnt, avx, avx2, aes, clmul, erms, lzcnt, ht, tsc, tscinvbit, bmi1, bmi2

/proc/cpuinfo:
processor	: 0
vendor_id	: GenuineIntel
cpu family	: 6
model		: 60
model name	: Intel(R) Core(TM) i7-4702HQ CPU @ 2.20GHz
stepping	: 3
microcode	: 0x17
cpu MHz		: 1700.000
cache size	: 6144 KB
physical id	: 0
siblings	: 8
core id		: 0
cpu cores	: 4
apicid		: 0
initial apicid	: 0
fpu		: yes
fpu_exception	: yes
cpuid level	: 13
wp		: yes
flags		: fpu vme de pse tsc msr pae mce cx8 apic sep mtrr pge mca cmov pat pse36 clflush dts acpi mmx fxsr sse sse2 ss ht tm pbe syscall nx pdpe1gb rdtscp lm constant_tsc arch_perfmon pebs bts rep_good nopl xtopology nonstop_tsc aperfmperf eagerfpu pni pclmulqdq dtes64 monitor ds_cpl vmx est tm2 ssse3 fma cx16 xtpr pdcm pcid sse4_1 sse4_2 x2apic movbe popcnt tsc_deadline_timer aes xsave avx f16c rdrand lahf_lm abm ida arat epb xsaveopt pln pts dtherm tpr_shadow vnmi flexpriority ept vpid fsgsbase tsc_adjust bmi1 avx2 smep bmi2 erms invpcid
bogomips	: 4389.87
clflush size	: 64
cache_alignment	: 64
address sizes	: 39 bits physical, 48 bits virtual
power management:

processor	: 1
vendor_id	: GenuineIntel
cpu family	: 6
model		: 60
model name	: Intel(R) Core(TM) i7-4702HQ CPU @ 2.20GHz
stepping	: 3
microcode	: 0x17
cpu MHz		: 800.000
cache size	: 6144 KB
physical id	: 0
siblings	: 8
core id		: 1
cpu cores	: 4
apicid		: 2
initial apicid	: 2
fpu		: yes
fpu_exception	: yes
cpuid level	: 13
wp		: yes
flags		: fpu vme de pse tsc msr pae mce cx8 apic sep mtrr pge mca cmov pat pse36 clflush dts acpi mmx fxsr sse sse2 ss ht tm pbe syscall nx pdpe1gb rdtscp lm constant_tsc arch_perfmon pebs bts rep_good nopl xtopology nonstop_tsc aperfmperf eagerfpu pni pclmulqdq dtes64 monitor ds_cpl vmx est tm2 ssse3 fma cx16 xtpr pdcm pcid sse4_1 sse4_2 x2apic movbe popcnt tsc_deadline_timer aes xsave avx f16c rdrand lahf_lm abm ida arat epb xsaveopt pln pts dtherm tpr_shadow vnmi flexpriority ept vpid fsgsbase tsc_adjust bmi1 avx2 smep bmi2 erms invpcid
bogomips	: 4389.87
clflush size	: 64
cache_alignment	: 64
address sizes	: 39 bits physical, 48 bits virtual
power management:

processor	: 2
vendor_id	: GenuineIntel
cpu family	: 6
model		: 60
model name	: Intel(R) Core(TM) i7-4702HQ CPU @ 2.20GHz
stepping	: 3
microcode	: 0x17
cpu MHz		: 1200.000
cache size	: 6144 KB
physical id	: 0
siblings	: 8
core id		: 2
cpu cores	: 4
apicid		: 4
initial apicid	: 4
fpu		: yes
fpu_exception	: yes
cpuid level	: 13
wp		: yes
flags		: fpu vme de pse tsc msr pae mce cx8 apic sep mtrr pge mca cmov pat pse36 clflush dts acpi mmx fxsr sse sse2 ss ht tm pbe syscall nx pdpe1gb rdtscp lm constant_tsc arch_perfmon pebs bts rep_good nopl xtopology nonstop_tsc aperfmperf eagerfpu pni pclmulqdq dtes64 monitor ds_cpl vmx est tm2 ssse3 fma cx16 xtpr pdcm pcid sse4_1 sse4_2 x2apic movbe popcnt tsc_deadline_timer aes xsave avx f16c rdrand lahf_lm abm ida arat epb xsaveopt pln pts dtherm tpr_shadow vnmi flexpriority ept vpid fsgsbase tsc_adjust bmi1 avx2 smep bmi2 erms invpcid
bogomips	: 4389.87
clflush size	: 64
cache_alignment	: 64
address sizes	: 39 bits physical, 48 bits virtual
power management:

processor	: 3
vendor_id	: GenuineIntel
cpu family	: 6
model		: 60
model name	: Intel(R) Core(TM) i7-4702HQ CPU @ 2.20GHz
stepping	: 3
microcode	: 0x17
cpu MHz		: 2201.000
cache size	: 6144 KB
physical id	: 0
siblings	: 8
core id		: 3
cpu cores	: 4
apicid		: 6
initial apicid	: 6
fpu		: yes
fpu_exception	: yes
cpuid level	: 13
wp		: yes
flags		: fpu vme de pse tsc msr pae mce cx8 apic sep mtrr pge mca cmov pat pse36 clflush dts acpi mmx fxsr sse sse2 ss ht tm pbe syscall nx pdpe1gb rdtscp lm constant_tsc arch_perfmon pebs bts rep_good nopl xtopology nonstop_tsc aperfmperf eagerfpu pni pclmulqdq dtes64 monitor ds_cpl vmx est tm2 ssse3 fma cx16 xtpr pdcm pcid sse4_1 sse4_2 x2apic movbe popcnt tsc_deadline_timer aes xsave avx f16c rdrand lahf_lm abm ida arat epb xsaveopt pln pts dtherm tpr_shadow vnmi flexpriority ept vpid fsgsbase tsc_adjust bmi1 avx2 smep bmi2 erms invpcid
bogomips	: 4389.87
clflush size	: 64
cache_alignment	: 64
address sizes	: 39 bits physical, 48 bits virtual
power management:

processor	: 4
vendor_id	: GenuineIntel
cpu family	: 6
model		: 60
model name	: Intel(R) Core(TM) i7-4702HQ CPU @ 2.20GHz
stepping	: 3
microcode	: 0x17
cpu MHz		: 1500.000
cache size	: 6144 KB
physical id	: 0
siblings	: 8
core id		: 0
cpu cores	: 4
apicid		: 1
initial apicid	: 1
fpu		: yes
fpu_exception	: yes
cpuid level	: 13
wp		: yes
flags		: fpu vme de pse tsc msr pae mce cx8 apic sep mtrr pge mca cmov pat pse36 clflush dts acpi mmx fxsr sse sse2 ss ht tm pbe syscall nx pdpe1gb rdtscp lm constant_tsc arch_perfmon pebs bts rep_good nopl xtopology nonstop_tsc aperfmperf eagerfpu pni pclmulqdq dtes64 monitor ds_cpl vmx est tm2 ssse3 fma cx16 xtpr pdcm pcid sse4_1 sse4_2 x2apic movbe popcnt tsc_deadline_timer aes xsave avx f16c rdrand lahf_lm abm ida arat epb xsaveopt pln pts dtherm tpr_shadow vnmi flexpriority ept vpid fsgsbase tsc_adjust bmi1 avx2 smep bmi2 erms invpcid
bogomips	: 4389.87
clflush size	: 64
cache_alignment	: 64
address sizes	: 39 bits physical, 48 bits virtual
power management:

processor	: 5
vendor_id	: GenuineIntel
cpu family	: 6
model		: 60
model name	: Intel(R) Core(TM) i7-4702HQ CPU @ 2.20GHz
stepping	: 3
microcode	: 0x17
cpu MHz		: 2201.000
cache size	: 6144 KB
physical id	: 0
siblings	: 8
core id		: 1
cpu cores	: 4
apicid		: 3
initial apicid	: 3
fpu		: yes
fpu_exception	: yes
cpuid level	: 13
wp		: yes
flags		: fpu vme de pse tsc msr pae mce cx8 apic sep mtrr pge mca cmov pat pse36 clflush dts acpi mmx fxsr sse sse2 ss ht tm pbe syscall nx pdpe1gb rdtscp lm constant_tsc arch_perfmon pebs bts rep_good nopl xtopology nonstop_tsc aperfmperf eagerfpu pni pclmulqdq dtes64 monitor ds_cpl vmx est tm2 ssse3 fma cx16 xtpr pdcm pcid sse4_1 sse4_2 x2apic movbe popcnt tsc_deadline_timer aes xsave avx f16c rdrand lahf_lm abm ida arat epb xsaveopt pln pts dtherm tpr_shadow vnmi flexpriority ept vpid fsgsbase tsc_adjust bmi1 avx2 smep bmi2 erms invpcid
bogomips	: 4389.87
clflush size	: 64
cache_alignment	: 64
address sizes	: 39 bits physical, 48 bits virtual
power management:

processor	: 6
vendor_id	: GenuineIntel
cpu family	: 6
model		: 60
model name	: Intel(R) Core(TM) i7-4702HQ CPU @ 2.20GHz
stepping	: 3
microcode	: 0x17
cpu MHz		: 2201.000
cache size	: 6144 KB
physical id	: 0
siblings	: 8
core id		: 2
cpu cores	: 4
apicid		: 5
initial apicid	: 5
fpu		: yes
fpu_exception	: yes
cpuid level	: 13
wp		: yes
flags		: fpu vme de pse tsc msr pae mce cx8 apic sep mtrr pge mca cmov pat pse36 clflush dts acpi mmx fxsr sse sse2 ss ht tm pbe syscall nx pdpe1gb rdtscp lm constant_tsc arch_perfmon pebs bts rep_good nopl xtopology nonstop_tsc aperfmperf eagerfpu pni pclmulqdq dtes64 monitor ds_cpl vmx est tm2 ssse3 fma cx16 xtpr pdcm pcid sse4_1 sse4_2 x2apic movbe popcnt tsc_deadline_timer aes xsave avx f16c rdrand lahf_lm abm ida arat epb xsaveopt pln pts dtherm tpr_shadow vnmi flexpriority ept vpid fsgsbase tsc_adjust bmi1 avx2 smep bmi2 erms invpcid
bogomips	: 4389.87
clflush size	: 64
cache_alignment	: 64
address sizes	: 39 bits physical, 48 bits virtual
power management:

processor	: 7
vendor_id	: GenuineIntel
cpu family	: 6
model		: 60
model name	: Intel(R) Core(TM) i7-4702HQ CPU @ 2.20GHz
stepping	: 3
microcode	: 0x17
cpu MHz		: 2201.000
cache size	: 6144 KB
physical id	: 0
siblings	: 8
core id		: 3
cpu cores	: 4
apicid		: 7
initial apicid	: 7
fpu		: yes
fpu_exception	: yes
cpuid level	: 13
wp		: yes
flags		: fpu vme de pse tsc msr pae mce cx8 apic sep mtrr pge mca cmov pat pse36 clflush dts acpi mmx fxsr sse sse2 ss ht tm pbe syscall nx pdpe1gb rdtscp lm constant_tsc arch_perfmon pebs bts rep_good nopl xtopology nonstop_tsc aperfmperf eagerfpu pni pclmulqdq dtes64 monitor ds_cpl vmx est tm2 ssse3 fma cx16 xtpr pdcm pcid sse4_1 sse4_2 x2apic movbe popcnt tsc_deadline_timer aes xsave avx f16c rdrand lahf_lm abm ida arat epb xsaveopt pln pts dtherm tpr_shadow vnmi flexpriority ept vpid fsgsbase tsc_adjust bmi1 avx2 smep bmi2 erms invpcid
bogomips	: 4389.87
clflush size	: 64
cache_alignment	: 64
address sizes	: 39 bits physical, 48 bits virtual
power management:



Memory: 4k page, physical 16335088k(8541912k free), swap 16676860k(16676860k free)

vm_info: Java HotSpot(TM) 64-Bit Server VM (25.20-b17) for linux-amd64 JRE (1.8.0_20-ea-b17), built on Jun  4 2014 00:04:06 by "java_re" with gcc 4.3.0 20080428 (Red Hat 4.3.0-8)

time: Tue Nov 18 11:22:02 2014
elapsed time: 201 seconds (0d 0h 3m 21s)

