#
# A fatal error has been detected by the Java Runtime Environment:
#
#  SIGSEGV (0xb) at pc=0x00007f4d585ccf7e, pid=8250, tid=139970173728512
#
# JRE version: Java(TM) SE Runtime Environment (8.0_20-b17) (build 1.8.0_20-ea-b17)
# Java VM: Java HotSpot(TM) 64-Bit Server VM (25.20-b17 mixed mode linux-amd64 compressed oops)
# Problematic frame:
# C  [ld-linux-x86-64.so.2+0x9f7e]
#
# Failed to write core dump. Core dumps have been disabled. To enable core dumping, try "ulimit -c unlimited" before starting Java again
#
# If you would like to submit a bug report, please visit:
#   http://bugreport.sun.com/bugreport/crash.jsp
# The crash happened outside the Java Virtual Machine in native code.
# See problematic frame for where to report the bug.
#

---------------  T H R E A D  ---------------

Current thread (0x00007f4d5000d000):  JavaThread "main" [_thread_in_native, id=8255, stack(0x00007f4d586bf000,0x00007f4d587c0000)]

siginfo: si_signo: 11 (SIGSEGV), si_code: 1 (SEGV_MAPERR), si_addr: 0x0000000000000068

Registers:
RAX=0x0000000000000040, RBX=0x000000004c8d3d65, RCX=0x0000000000000025, RDX=0x00000000000003f3
RSP=0x00007f4d587bc950, RBP=0x0000000000000002, RSI=0x00007f4d57bc7d28, RDI=0x00007f4d587c39e8
R8 =0x00000000013234f5, R9 =0x00007f4d587bc990, R10=0x0000000006020400, R11=0x00007f4d587bca90
R12=0x0000000000000003, R13=0x00007f4c8819d410, R14=0x0000000000000000, R15=0x0000000000000025
RIP=0x00007f4d585ccf7e, EFLAGS=0x0000000000010202, CSGSFS=0x0000000000000033, ERR=0x0000000000000004
  TRAPNO=0x000000000000000e

Top of Stack: (sp=0x00007f4d587bc950)
0x00007f4d587bc950:   00007f4d587bcac0 00007f4d572a4f75
0x00007f4d587bc960:   0000000000000002 00007f4d587bcaa0
0x00007f4d587bc970:   00007f4d587bcb30 00007f4d587bcd00
0x00007f4d587bc980:   00007f4d41046960 01007f4d0000000c
0x00007f4d587bc990:   0000000000000000 0000000000000000
0x00007f4d587bc9a0:   00007f4d587c39e8 00007f4d5038cad0
0x00007f4d587bc9b0:   00007f4d57bd4d78 0000000000000000
0x00007f4d587bc9c0:   0000000200000000 0000000000000000
0x00007f4d587bc9d0:   00007f4d5000d000 00007f4d587bcb80
0x00007f4d587bc9e0:   00007f4d587bcb30 0000000000000000
0x00007f4d587bc9f0:   0000000000000000 00007f4c8819d858
0x00007f4d587bca00:   00007f4c8819d4d0 00007f4d585cd991
0x00007f4d587bca10:   0000000000000000 0000000000000000
0x00007f4d587bca20:   00007f4d00000002 0000000000000000
0x00007f4d587bca30:   00007f4d00000000 00007f4c8819d4d0
0x00007f4d587bca40:   00007f4d50008a90 27c892c9585f4c60
0x00007f4d587bca50:   0f56ee8e50008a90 000003f1289e7c47
0x00007f4d587bca60:   00007f4d17b54440 00007f4c8819d858
0x00007f4d587bca70:   00007f4d587bcaa0 00007f4d587bca90
0x00007f4d587bca80:   000000004c8d3d65 00007f4d5038cad0
0x00007f4d587bca90:   00000000ffffffff 00007f4d5000a5d0
0x00007f4d587bcaa0:   0000000000000000 0000000000000000
0x00007f4d587bcab0:   00007f4d5000a470 00007f4d5000d000
0x00007f4d587bcac0:   00007f4d587bcc50 00007f4d572eb467
0x00007f4d587bcad0:   0000000000000003 00007f4d5000a501
0x00007f4d587bcae0:   00007f4d587bcb30 00007f4d587bcbb0
0x00007f4d587bcaf0:   00007f4d587bcc80 00007f4d587bcd00
0x00007f4d587bcb00:   00007f4d5000d1e8 0000000001f694b0
0x00007f4d587bcb10:   00007f4d587e5cc0 00007f4d5038cad0
0x00007f4d587bcb20:   0000000000000000 00007f4c8819d4d0
0x00007f4d587bcb30:   00007f4d587bcc10 00007f4d57cfaf56
0x00007f4d587bcb40:   0000000600000002 0000000000000000 

Instructions: (pc=0x00007f4d585ccf7e)
0x00007f4d585ccf5e:   06 41 83 e7 3f 0f 1f 44 00 00 49 8b 44 ed 00 c7
0x00007f4d585ccf6e:   44 24 70 00 00 00 00 48 c7 44 24 40 00 00 00 00
0x00007f4d585ccf7e:   48 8b 78 28 4c 39 f7 48 89 7c 24 50 0f 84 f0 00
0x00007f4d585ccf8e:   00 00 f6 44 24 7c 02 74 0d f6 87 14 03 00 00 03 

Register to memory mapping:

RAX=0x0000000000000040 is an unknown value
RBX=0x000000004c8d3d65 is an unknown value
RCX=0x0000000000000025 is an unknown value
RDX=0x00000000000003f3 is an unknown value
RSP=0x00007f4d587bc950 is pointing into the stack for thread: 0x00007f4d5000d000
RBP=0x0000000000000002 is an unknown value
RSI=0x00007f4d57bc7d28: <offset 0x3d28> in /lib/x86_64-linux-gnu/libc.so.6 at 0x00007f4d57bc4000
RDI=0x00007f4d587c39e8 is an unknown value
R8 =0x00000000013234f5 is an unknown value
R9 =0x00007f4d587bc990 is pointing into the stack for thread: 0x00007f4d5000d000
R10=0x0000000006020400 is an unknown value
R11=0x00007f4d587bca90 is pointing into the stack for thread: 0x00007f4d5000d000
R12=0x0000000000000003 is an unknown value
R13=0x00007f4c8819d410 is an unknown value
R14=0x0000000000000000 is an unknown value
R15=0x0000000000000025 is an unknown value


Stack: [0x00007f4d586bf000,0x00007f4d587c0000],  sp=0x00007f4d587bc950,  free space=1014k
Native frames: (J=compiled Java code, j=interpreted, Vv=VM code, C=native code)
C  [ld-linux-x86-64.so.2+0x9f7e]

Java frames: (J=compiled Java code, j=interpreted, Vv=VM code)
j  java.lang.ClassLoader$NativeLibrary.unload(Ljava/lang/String;Z)V+0
j  java.lang.ClassLoader$NativeLibrary.finalize()V+87
v  ~StubRoutines::call_stub
J 1105  sun.reflect.NativeMethodAccessorImpl.invoke0(Ljava/lang/reflect/Method;Ljava/lang/Object;[Ljava/lang/Object;)Ljava/lang/Object; (0 bytes) @ 0x00007f4d41423ef7 [0x00007f4d41423e80+0x77]
J 1104 C1 sun.reflect.NativeMethodAccessorImpl.invoke(Ljava/lang/Object;[Ljava/lang/Object;)Ljava/lang/Object; (104 bytes) @ 0x00007f4d4142310c [0x00007f4d41421f00+0x120c]
J 496 C1 sun.reflect.DelegatingMethodAccessorImpl.invoke(Ljava/lang/Object;[Ljava/lang/Object;)Ljava/lang/Object; (10 bytes) @ 0x00007f4d41220cac [0x00007f4d41220b80+0x12c]
J 498 C1 java.lang.reflect.Method.invoke(Ljava/lang/Object;[Ljava/lang/Object;)Ljava/lang/Object; (62 bytes) @ 0x00007f4d4121d204 [0x00007f4d4121cde0+0x424]
j  com.inductiveautomation.ignition.gateway.bootstrap.SRFilter.destroy()V+89
j  org.apache.catalina.core.ApplicationFilterConfig.release()V+61
j  org.apache.catalina.core.StandardContext.filterStop()Z+124
j  org.apache.catalina.core.StandardContext.stop()V+142
j  org.apache.catalina.core.ContainerBase.removeChild(Lorg/apache/catalina/Container;)V+90
j  org.apache.catalina.startup.HostConfig.undeployApps()V+77
j  org.apache.catalina.startup.HostConfig.stop()V+28
J 7544 C2 org.apache.catalina.startup.HostConfig.lifecycleEvent(Lorg/apache/catalina/LifecycleEvent;)V (155 bytes) @ 0x00007f4d427ad024 [0x00007f4d427ac0a0+0xf84]
J 5455 C1 org.apache.catalina.util.LifecycleSupport.fireLifecycleEvent(Ljava/lang/String;Ljava/lang/Object;)V (190 bytes) @ 0x00007f4d42106e8c [0x00007f4d421063a0+0xaec]
j  org.apache.catalina.core.ContainerBase.stop()V+60
j  org.apache.catalina.core.ContainerBase.stop()V+118
j  org.apache.catalina.core.StandardEngine.stop()V+1
j  org.apache.catalina.core.StandardService.stop()V+177
j  org.apache.catalina.core.StandardServer.stop()V+65
j  org.apache.catalina.startup.Catalina.stop()V+58
j  org.apache.catalina.startup.Catalina.start()V+198
v  ~StubRoutines::call_stub
j  sun.reflect.NativeMethodAccessorImpl.invoke0(Ljava/lang/reflect/Method;Ljava/lang/Object;[Ljava/lang/Object;)Ljava/lang/Object;+0
j  sun.reflect.NativeMethodAccessorImpl.invoke(Ljava/lang/Object;[Ljava/lang/Object;)Ljava/lang/Object;+100
J 496 C1 sun.reflect.DelegatingMethodAccessorImpl.invoke(Ljava/lang/Object;[Ljava/lang/Object;)Ljava/lang/Object; (10 bytes) @ 0x00007f4d41220cac [0x00007f4d41220b80+0x12c]
J 498 C1 java.lang.reflect.Method.invoke(Ljava/lang/Object;[Ljava/lang/Object;)Ljava/lang/Object; (62 bytes) @ 0x00007f4d4121d204 [0x00007f4d4121cde0+0x424]
j  org.apache.catalina.startup.Bootstrap.start()V+37
j  org.apache.catalina.startup.Bootstrap.main([Ljava/lang/String;)V+131
v  ~StubRoutines::call_stub

---------------  P R O C E S S  ---------------

Java Threads: ( => current thread )
  0x00007f4d50471800 JavaThread "Thread-1951" daemon [_thread_blocked, id=27347, stack(0x00007f4ccdee4000,0x00007f4ccdfe5000)]
  0x00007f4cb0004800 JavaThread "http-8088-1" daemon [_thread_blocked, id=27345, stack(0x00007f4d1564f000,0x00007f4d15750000)]
  0x00007f4c88fb4000 JavaThread "ClockDriftDetector" daemon [_thread_blocked, id=8339, stack(0x00007f4c85875000,0x00007f4c85976000)]
  0x00007f4c88fb1000 JavaThread "PyLib_ScriptWatcher" daemon [_thread_blocked, id=8338, stack(0x00007f4c85976000,0x00007f4c85a77000)]
  0x00007f4c88fad800 JavaThread "PyFile_ChangeNotifier" daemon [_thread_blocked, id=8337, stack(0x00007f4c85a77000,0x00007f4c85b78000)]
  0x00007f4c88fab800 JavaThread "Thread-17" daemon [_thread_in_native, id=8336, stack(0x00007f4c85b78000,0x00007f4c85c79000)]
  0x00007f4c88f17800 JavaThread "StoreAndForward.local_mysql.MultiStageStore.ForwardThread" [_thread_blocked, id=8331, stack(0x00007f4c8637c000,0x00007f4c8647d000)]
  0x00007f4d505b7000 JavaThread "TP-Monitor" daemon [_thread_blocked, id=8301, stack(0x00007f4ccd8de000,0x00007f4ccd9df000)]
  0x00007f4d505b5000 JavaThread "TP-Processor4" daemon [_thread_blocked, id=8300, stack(0x00007f4ccd9df000,0x00007f4ccdae0000)]
  0x00007f4d505ae800 JavaThread "TP-Processor3" daemon [_thread_blocked, id=8299, stack(0x00007f4ccdae0000,0x00007f4ccdbe1000)]
  0x00007f4d505ae000 JavaThread "TP-Processor2" daemon [_thread_blocked, id=8298, stack(0x00007f4ccdbe1000,0x00007f4ccdce2000)]
  0x00007f4d505ad000 JavaThread "TP-Processor1" daemon [_thread_blocked, id=8297, stack(0x00007f4ccdce2000,0x00007f4ccdde3000)]
  0x00007f4d5058d800 JavaThread "http-8088-Acceptor-0" daemon [_thread_blocked, id=8296, stack(0x00007f4ccdde3000,0x00007f4ccdee4000)]
  0x00007f4cc0006000 JavaThread "RMI Scheduler(0)" daemon [_thread_blocked, id=8290, stack(0x00007f4cce0e6000,0x00007f4cce1e7000)]
  0x00007f4d5050a800 JavaThread "GC Daemon" daemon [_thread_blocked, id=8287, stack(0x00007f4d14095000,0x00007f4d14196000)]
  0x00007f4d50513800 JavaThread "Abandoned connection cleanup thread" daemon [_thread_blocked, id=8286, stack(0x00007f4d14196000,0x00007f4d14297000)]
  0x00007f4d50206800 JavaThread "RMI TCP Accept-0" daemon [_thread_in_native, id=8283, stack(0x00007f4d145e3000,0x00007f4d146e4000)]
  0x00007f4d501fd800 JavaThread "RMI TCP Accept-1099" daemon [_thread_in_native, id=8282, stack(0x00007f4d146e4000,0x00007f4d147e5000)]
  0x00007f4d501ec000 JavaThread "RMI TCP Accept-0" daemon [_thread_in_native, id=8281, stack(0x00007f4d147e5000,0x00007f4d148e6000)]
  0x00007f4d500e4800 JavaThread "Service Thread" daemon [_thread_blocked, id=8280, stack(0x00007f4d14f48000,0x00007f4d15049000)]
  0x00007f4d500cf000 JavaThread "C1 CompilerThread3" daemon [_thread_blocked, id=8279, stack(0x00007f4d15049000,0x00007f4d1514a000)]
  0x00007f4d500cd000 JavaThread "C2 CompilerThread2" daemon [_thread_blocked, id=8278, stack(0x00007f4d1514a000,0x00007f4d1524b000)]
  0x00007f4d500cb000 JavaThread "C2 CompilerThread1" daemon [_thread_blocked, id=8277, stack(0x00007f4d1524b000,0x00007f4d1534c000)]
  0x00007f4d500c8000 JavaThread "C2 CompilerThread0" daemon [_thread_blocked, id=8276, stack(0x00007f4d1534c000,0x00007f4d1544d000)]
  0x00007f4d500c6000 JavaThread "JDWP Event Helper Thread" daemon [_thread_blocked, id=8270, stack(0x00007f4d1554e000,0x00007f4d1564f000)]
  0x00007f4d500b5800 JavaThread "Signal Dispatcher" daemon [_thread_blocked, id=8267, stack(0x00007f4d15954000,0x00007f4d15a55000)]
  0x00007f4d50087800 JavaThread "Finalizer" daemon [_thread_blocked, id=8266, stack(0x00007f4d15a55000,0x00007f4d15b56000)]
  0x00007f4d50085800 JavaThread "Reference Handler" daemon [_thread_blocked, id=8265, stack(0x00007f4d15b56000,0x00007f4d15c57000)]
=>0x00007f4d5000d000 JavaThread "main" [_thread_in_native, id=8255, stack(0x00007f4d586bf000,0x00007f4d587c0000)]

Other Threads:
  0x00007f4d5007e800 VMThread [stack: 0x00007f4d15c57000,0x00007f4d15d58000] [id=8264]
  0x00007f4d50211000 WatcherThread [stack: 0x00007f4d144e2000,0x00007f4d145e3000] [id=8284]

VM state:not at safepoint (normal execution)

VM Mutex/Monitor currently owned by a thread: None

Heap:
 PSYoungGen      total 179712K, used 138788K [0x000000076ce00000, 0x0000000779600000, 0x00000007c0000000)
  eden space 169472K, 75% used [0x000000076ce00000,0x0000000774b8c6c0,0x0000000777380000)
  from space 10240K, 99% used [0x0000000778c00000,0x00000007795fc968,0x0000000779600000)
  to   space 14848K, 0% used [0x0000000777900000,0x0000000777900000,0x0000000778780000)
 ParOldGen       total 178688K, used 25641K [0x00000006c6a00000, 0x00000006d1880000, 0x000000076ce00000)
  object space 178688K, 14% used [0x00000006c6a00000,0x00000006c830a498,0x00000006d1880000)
 Metaspace       used 54244K, capacity 54858K, committed 55168K, reserved 1097728K
  class space    used 7577K, capacity 7739K, committed 7808K, reserved 1048576K

Card table byte_map: [0x00007f4d5460f000,0x00007f4d54ddb000] byte_map_base: 0x00007f4d50fda000

Marking Bits: (ParMarkBitMap*) 0x00007f4d57b99c20
 Begin Bits: [0x00007f4d18350000, 0x00007f4d1c1a8000)
 End Bits:   [0x00007f4d1c1a8000, 0x00007f4d20000000)

Polling page: 0x00007f4d587e2000

CodeCache: size=245760Kb used=24081Kb max_used=24324Kb free=221678Kb
 bounds [0x00007f4d41000000, 0x00007f4d42820000, 0x00007f4d50000000]
 total_blobs=6588 nmethods=6001 adapters=507
 compilation: enabled

Compilation events (10 events):
Event: 115841.609 Thread 0x00007f4d500cd000 7793       4       java.lang.String::valueOf (14 bytes)
Event: 115841.610 Thread 0x00007f4d500c8000 nmethod 7784% 0x00007f4d4234b590 code [0x00007f4d4234b720, 0x00007f4d4234bab8]
Event: 115841.610 Thread 0x00007f4d500cd000 nmethod 7793 0x00007f4d4126d050 code [0x00007f4d4126d1a0, 0x00007f4d4126d218]
Event: 115841.611 Thread 0x00007f4d500cf000 nmethod 7791 0x00007f4d419e3010 code [0x00007f4d419e31e0, 0x00007f4d419e3968]
Event: 115841.611 Thread 0x00007f4d500cf000 7792       3       sun.nio.cs.StreamEncoder::writeBytes (132 bytes)
Event: 115841.611 Thread 0x00007f4d500cf000 nmethod 7792 0x00007f4d41937f90 code [0x00007f4d419381c0, 0x00007f4d41938e58]
Event: 115841.611 Thread 0x00007f4d500cf000 7794       1       com.inductiveautomation.ignition.common.util.logging.BinaryAppender::access$400 (5 bytes)
Event: 115841.611 Thread 0x00007f4d500cf000 nmethod 7794 0x00007f4d4234c490 code [0x00007f4d4234c5e0, 0x00007f4d4234c6d0]
Event: 115841.611 Thread 0x00007f4d500cf000 7787       1       java.io.SerialCallbackContext::getDesc (5 bytes)
Event: 115841.611 Thread 0x00007f4d500cf000 nmethod 7787 0x00007f4d4234c1d0 code [0x00007f4d4234c320, 0x00007f4d4234c430]

GC Heap History (10 events):
Event: 77778.475 GC heap before
{Heap before GC invocations=20 (full 2):
 PSYoungGen      total 205312K, used 205268K [0x000000076ce00000, 0x000000077ab00000, 0x00000007c0000000)
  eden space 193536K, 100% used [0x000000076ce00000,0x0000000778b00000,0x0000000778b00000)
  from space 11776K, 99% used [0x0000000779300000,0x0000000779e75170,0x0000000779e80000)
  to   space 12800K, 0% used [0x0000000779e80000,0x0000000779e80000,0x000000077ab00000)
 ParOldGen       total 178688K, used 23721K [0x00000006c6a00000, 0x00000006d1880000, 0x000000076ce00000)
  object space 178688K, 13% used [0x00000006c6a00000,0x00000006c812a658,0x00000006d1880000)
 Metaspace       used 53734K, capacity 54330K, committed 54656K, reserved 1095680K
  class space    used 7522K, capacity 7699K, committed 7808K, reserved 1048576K
Event: 77778.490 GC heap after
Heap after GC invocations=20 (full 2):
 PSYoungGen      total 200192K, used 11698K [0x000000076ce00000, 0x000000077aa00000, 0x00000007c0000000)
  eden space 188416K, 0% used [0x000000076ce00000,0x000000076ce00000,0x0000000778600000)
  from space 11776K, 99% used [0x0000000779e80000,0x000000077a9ec9b8,0x000000077aa00000)
  to   space 16384K, 0% used [0x0000000778a00000,0x0000000778a00000,0x0000000779a00000)
 ParOldGen       total 178688K, used 23721K [0x00000006c6a00000, 0x00000006d1880000, 0x000000076ce00000)
  object space 178688K, 13% used [0x00000006c6a00000,0x00000006c812a658,0x00000006d1880000)
 Metaspace       used 53734K, capacity 54330K, committed 54656K, reserved 1095680K
  class space    used 7522K, capacity 7699K, committed 7808K, reserved 1048576K
}
Event: 86348.148 GC heap before
{Heap before GC invocations=21 (full 2):
 PSYoungGen      total 200192K, used 200114K [0x000000076ce00000, 0x000000077aa00000, 0x00000007c0000000)
  eden space 188416K, 100% used [0x000000076ce00000,0x0000000778600000,0x0000000778600000)
  from space 11776K, 99% used [0x0000000779e80000,0x000000077a9ec9b8,0x000000077aa00000)
  to   space 16384K, 0% used [0x0000000778a00000,0x0000000778a00000,0x0000000779a00000)
 ParOldGen       total 178688K, used 23721K [0x00000006c6a00000, 0x00000006d1880000, 0x000000076ce00000)
  object space 178688K, 13% used [0x00000006c6a00000,0x00000006c812a658,0x00000006d1880000)
 Metaspace       used 53738K, capacity 54330K, committed 54656K, reserved 1095680K
  class space    used 7522K, capacity 7699K, committed 7808K, reserved 1048576K
Event: 86348.159 GC heap after
Heap after GC invocations=21 (full 2):
 PSYoungGen      total 195072K, used 11716K [0x000000076ce00000, 0x000000077a000000, 0x00000007c0000000)
  eden space 183296K, 0% used [0x000000076ce00000,0x000000076ce00000,0x0000000778100000)
  from space 11776K, 99% used [0x0000000778a00000,0x00000007795711b8,0x0000000779580000)
  to   space 10752K, 0% used [0x0000000779580000,0x0000000779580000,0x000000077a000000)
 ParOldGen       total 178688K, used 23729K [0x00000006c6a00000, 0x00000006d1880000, 0x000000076ce00000)
  object space 178688K, 13% used [0x00000006c6a00000,0x00000006c812c658,0x00000006d1880000)
 Metaspace       used 53738K, capacity 54330K, committed 54656K, reserved 1095680K
  class space    used 7522K, capacity 7699K, committed 7808K, reserved 1048576K
}
Event: 94583.020 GC heap before
{Heap before GC invocations=22 (full 2):
 PSYoungGen      total 195072K, used 195012K [0x000000076ce00000, 0x000000077a000000, 0x00000007c0000000)
  eden space 183296K, 100% used [0x000000076ce00000,0x0000000778100000,0x0000000778100000)
  from space 11776K, 99% used [0x0000000778a00000,0x00000007795711b8,0x0000000779580000)
  to   space 10752K, 0% used [0x0000000779580000,0x0000000779580000,0x000000077a000000)
 ParOldGen       total 178688K, used 23729K [0x00000006c6a00000, 0x00000006d1880000, 0x000000076ce00000)
  object space 178688K, 13% used [0x00000006c6a00000,0x00000006c812c658,0x00000006d1880000)
 Metaspace       used 53750K, capacity 54336K, committed 54656K, reserved 1095680K
  class space    used 7524K, capacity 7700K, committed 7808K, reserved 1048576K
Event: 94583.039 GC heap after
Heap after GC invocations=22 (full 2):
 PSYoungGen      total 189440K, used 10722K [0x000000076ce00000, 0x000000077a000000, 0x00000007c0000000)
  eden space 178688K, 0% used [0x000000076ce00000,0x000000076ce00000,0x0000000777c80000)
  from space 10752K, 99% used [0x0000000779580000,0x0000000779ff8988,0x000000077a000000)
  to   space 15872K, 0% used [0x0000000778100000,0x0000000778100000,0x0000000779080000)
 ParOldGen       total 178688K, used 24768K [0x00000006c6a00000, 0x00000006d1880000, 0x000000076ce00000)
  object space 178688K, 13% used [0x00000006c6a00000,0x00000006c8230100,0x00000006d1880000)
 Metaspace       used 53750K, capacity 54336K, committed 54656K, reserved 1095680K
  class space    used 7524K, capacity 7700K, committed 7808K, reserved 1048576K
}
Event: 102761.873 GC heap before
{Heap before GC invocations=23 (full 2):
 PSYoungGen      total 189440K, used 189410K [0x000000076ce00000, 0x000000077a000000, 0x00000007c0000000)
  eden space 178688K, 100% used [0x000000076ce00000,0x0000000777c80000,0x0000000777c80000)
  from space 10752K, 99% used [0x0000000779580000,0x0000000779ff8988,0x000000077a000000)
  to   space 15872K, 0% used [0x0000000778100000,0x0000000778100000,0x0000000779080000)
 ParOldGen       total 178688K, used 24768K [0x00000006c6a00000, 0x00000006d1880000, 0x000000076ce00000)
  object space 178688K, 13% used [0x00000006c6a00000,0x00000006c8230100,0x00000006d1880000)
 Metaspace       used 53759K, capacity 54406K, committed 54912K, reserved 1095680K
  class space    used 7524K, capacity 7701K, committed 7808K, reserved 1048576K
Event: 102761.892 GC heap after
Heap after GC invocations=23 (full 2):
 PSYoungGen      total 185344K, used 11170K [0x000000076ce00000, 0x0000000779600000, 0x00000007c0000000)
  eden space 174080K, 0% used [0x000000076ce00000,0x000000076ce00000,0x0000000777800000)
  from space 11264K, 99% used [0x0000000778100000,0x0000000778be8988,0x0000000778c00000)
  to   space 10240K, 0% used [0x0000000778c00000,0x0000000778c00000,0x0000000779600000)
 ParOldGen       total 178688K, used 24768K [0x00000006c6a00000, 0x00000006d1880000, 0x000000076ce00000)
  object space 178688K, 13% used [0x00000006c6a00000,0x00000006c8230100,0x00000006d1880000)
 Metaspace       used 53759K, capacity 54406K, committed 54912K, reserved 1095680K
  class space    used 7524K, capacity 7701K, committed 7808K, reserved 1048576K
}
Event: 110751.490 GC heap before
{Heap before GC invocations=24 (full 2):
 PSYoungGen      total 185344K, used 185250K [0x000000076ce00000, 0x0000000779600000, 0x00000007c0000000)
  eden space 174080K, 100% used [0x000000076ce00000,0x0000000777800000,0x0000000777800000)
  from space 11264K, 99% used [0x0000000778100000,0x0000000778be8988,0x0000000778c00000)
  to   space 10240K, 0% used [0x0000000778c00000,0x0000000778c00000,0x0000000779600000)
 ParOldGen       total 178688K, used 24768K [0x00000006c6a00000, 0x00000006d1880000, 0x000000076ce00000)
  object space 178688K, 13% used [0x00000006c6a00000,0x00000006c8230100,0x00000006d1880000)
 Metaspace       used 53788K, capacity 54442K, committed 54912K, reserved 1095680K
  class space    used 7527K, capacity 7707K, committed 7808K, reserved 1048576K
Event: 110751.506 GC heap after
Heap after GC invocations=24 (full 2):
 PSYoungGen      total 179712K, used 10226K [0x000000076ce00000, 0x0000000779600000, 0x00000007c0000000)
  eden space 169472K, 0% used [0x000000076ce00000,0x000000076ce00000,0x0000000777380000)
  from space 10240K, 99% used [0x0000000778c00000,0x00000007795fc968,0x0000000779600000)
  to   space 14848K, 0% used [0x0000000777900000,0x0000000777900000,0x0000000778780000)
 ParOldGen       total 178688K, used 25641K [0x00000006c6a00000, 0x00000006d1880000, 0x000000076ce00000)
  object space 178688K, 14% used [0x00000006c6a00000,0x00000006c830a498,0x00000006d1880000)
 Metaspace       used 53788K, capacity 54442K, committed 54912K, reserved 1095680K
  class space    used 7527K, capacity 7707K, committed 7808K, reserved 1048576K
}

Deoptimization events (10 events):
Event: 115841.601 Thread 0x00007f4c8c001000 Uncommon trap: reason=unreached action=reinterpret pc=0x00007f4d42628988 method=java.util.concurrent.ThreadPoolExecutor.runWorker(Ljava/util/concurrent/ThreadPoolExecutor$Worker;)V @ 31
Event: 115841.601 Thread 0x00007f4c88d13000 Uncommon trap: reason=unreached action=reinterpret pc=0x00007f4d42628988 method=java.util.concurrent.ThreadPoolExecutor.runWorker(Ljava/util/concurrent/ThreadPoolExecutor$Worker;)V @ 31
Event: 115841.601 Thread 0x00007f4c78001000 Uncommon trap: reason=unreached action=reinterpret pc=0x00007f4d42628988 method=java.util.concurrent.ThreadPoolExecutor.runWorker(Ljava/util/concurrent/ThreadPoolExecutor$Worker;)V @ 31
Event: 115841.607 Thread 0x00007f4cc44bc800 Uncommon trap: reason=class_check action=maybe_recompile pc=0x00007f4d42624e48 method=java.lang.Throwable.printStackTrace(Ljava/lang/Throwable$PrintStreamOrWriter;)V @ 20
Event: 115841.607 Thread 0x00007f4cc44bc800 Uncommon trap: reason=bimorphic action=maybe_recompile pc=0x00007f4d4217c150 method=java.lang.Throwable.getLocalizedMessage()Ljava/lang/String; @ 1
Event: 115841.607 Thread 0x00007f4cc44bc800 Uncommon trap: reason=class_check action=maybe_recompile pc=0x00007f4d42624e48 method=java.lang.Throwable.printStackTrace(Ljava/lang/Throwable$PrintStreamOrWriter;)V @ 20
Event: 115841.607 Thread 0x00007f4cc44bc800 Uncommon trap: reason=bimorphic action=maybe_recompile pc=0x00007f4d4217c150 method=java.lang.Throwable.getLocalizedMessage()Ljava/lang/String; @ 1
Event: 115841.608 Thread 0x00007f4cc44bc800 Uncommon trap: reason=class_check action=maybe_recompile pc=0x00007f4d42624e48 method=java.lang.Throwable.printStackTrace(Ljava/lang/Throwable$PrintStreamOrWriter;)V @ 20
Event: 115841.608 Thread 0x00007f4cc44bc800 Uncommon trap: reason=bimorphic action=maybe_recompile pc=0x00007f4d4217c150 method=java.lang.Throwable.getLocalizedMessage()Ljava/lang/String; @ 1
Event: 115841.608 Thread 0x00007f4cc44bc800 Uncommon trap: reason=class_check action=maybe_recompile pc=0x00007f4d42624e48 method=java.lang.Throwable.printStackTrace(Ljava/lang/Throwable$PrintStreamOrWriter;)V @ 20

Internal exceptions (10 events):
Event: 115841.614 Thread 0x00007f4d5000d000 Exception <a 'java/security/PrivilegedActionException'> (0x000000077499a218) thrown at [/HUDSON/workspace/8-2-build-linux-amd64/jdk8u20/526.nc/hotspot/src/share/vm/prims/jvm.cpp, line 1258]
Event: 115841.614 Thread 0x00007f4d5000d000 Exception <a 'java/security/PrivilegedActionException'> (0x000000077499ad98) thrown at [/HUDSON/workspace/8-2-build-linux-amd64/jdk8u20/526.nc/hotspot/src/share/vm/prims/jvm.cpp, line 1258]
Event: 115841.615 Thread 0x00007f4d5000d000 Exception <a 'java/security/PrivilegedActionException'> (0x00000007749a7e48) thrown at [/HUDSON/workspace/8-2-build-linux-amd64/jdk8u20/526.nc/hotspot/src/share/vm/prims/jvm.cpp, line 1258]
Event: 115841.615 Thread 0x00007f4d5000d000 Exception <a 'java/security/PrivilegedActionException'> (0x00000007749a89e8) thrown at [/HUDSON/workspace/8-2-build-linux-amd64/jdk8u20/526.nc/hotspot/src/share/vm/prims/jvm.cpp, line 1258]
Event: 115841.615 Thread 0x00007f4d5000d000 Exception <a 'java/security/PrivilegedActionException'> (0x00000007749b5a08) thrown at [/HUDSON/workspace/8-2-build-linux-amd64/jdk8u20/526.nc/hotspot/src/share/vm/prims/jvm.cpp, line 1258]
Event: 115841.615 Thread 0x00007f4d5000d000 Exception <a 'java/security/PrivilegedActionException'> (0x00000007749b6568) thrown at [/HUDSON/workspace/8-2-build-linux-amd64/jdk8u20/526.nc/hotspot/src/share/vm/prims/jvm.cpp, line 1258]
Event: 115841.615 Thread 0x00007f4d5000d000 Exception <a 'java/security/PrivilegedActionException'> (0x00000007749c35a8) thrown at [/HUDSON/workspace/8-2-build-linux-amd64/jdk8u20/526.nc/hotspot/src/share/vm/prims/jvm.cpp, line 1258]
Event: 115841.615 Thread 0x00007f4d5000d000 Exception <a 'java/security/PrivilegedActionException'> (0x00000007749c4350) thrown at [/HUDSON/workspace/8-2-build-linux-amd64/jdk8u20/526.nc/hotspot/src/share/vm/prims/jvm.cpp, line 1258]
Event: 115841.616 Thread 0x00007f4d5000d000 Exception <a 'java/security/PrivilegedActionException'> (0x00000007749d5fd8) thrown at [/HUDSON/workspace/8-2-build-linux-amd64/jdk8u20/526.nc/hotspot/src/share/vm/prims/jvm.cpp, line 1258]
Event: 115841.616 Thread 0x00007f4d5000d000 Exception <a 'java/security/PrivilegedActionException'> (0x00000007749d6b78) thrown at [/HUDSON/workspace/8-2-build-linux-amd64/jdk8u20/526.nc/hotspot/src/share/vm/prims/jvm.cpp, line 1258]

Events (10 events):
Event: 115841.616 Thread 0x00007f4d5000d000 DEOPT PACKING pc=0x00007f4d41c757b0 sp=0x00007f4d587bc610
Event: 115841.616 Thread 0x00007f4d5000d000 DEOPT UNPACKING pc=0x00007f4d4104741a sp=0x00007f4d587bc348 mode 1
Event: 115841.616 Thread 0x00007f4d5000d000 DEOPT PACKING pc=0x00007f4d415e57e4 sp=0x00007f4d587bc650
Event: 115841.616 Thread 0x00007f4d5000d000 DEOPT UNPACKING pc=0x00007f4d4104741a sp=0x00007f4d587bc390 mode 1
Event: 115841.616 Thread 0x00007f4d5000d000 DEOPT PACKING pc=0x00007f4d415e575c sp=0x00007f4d587bc6e0
Event: 115841.616 Thread 0x00007f4d5000d000 DEOPT UNPACKING pc=0x00007f4d4104741a sp=0x00007f4d587bc420 mode 1
Event: 115841.616 Thread 0x00007f4d5000d000 DEOPT PACKING pc=0x00007f4d41c757b0 sp=0x00007f4d587bc660
Event: 115841.616 Thread 0x00007f4d5000d000 DEOPT UNPACKING pc=0x00007f4d4104741a sp=0x00007f4d587bc3a8 mode 1
Event: 115841.616 Thread 0x00007f4d5000d000 DEOPT PACKING pc=0x00007f4d418fb0b4 sp=0x00007f4d587bc770
Event: 115841.616 Thread 0x00007f4d5000d000 DEOPT UNPACKING pc=0x00007f4d4104741a sp=0x00007f4d587bc400 mode 1


Dynamic libraries:
00400000-00401000 r-xp 00000000 08:06 19938758                           /usr/lib/jvm/jdk1.8.0_20/bin/java
00600000-00601000 rw-p 00000000 08:06 19938758                           /usr/lib/jvm/jdk1.8.0_20/bin/java
01f69000-01f8a000 rw-p 00000000 00:00 0                                  [heap]
6c6a00000-6d1880000 rw-p 00000000 00:00 0 
6d1880000-76ce00000 ---p 00000000 00:00 0 
76ce00000-779600000 rw-p 00000000 00:00 0 
779600000-7c0000000 ---p 00000000 00:00 0 
7c0000000-7c07a0000 rw-p 00000000 00:00 0 
7c07a0000-800000000 ---p 00000000 00:00 0 
7f4c30000000-7f4c30021000 rw-p 00000000 00:00 0 
7f4c30021000-7f4c34000000 ---p 00000000 00:00 0 
7f4c38000000-7f4c38021000 rw-p 00000000 00:00 0 
7f4c38021000-7f4c3c000000 ---p 00000000 00:00 0 
7f4c3c000000-7f4c3c021000 rw-p 00000000 00:00 0 
7f4c3c021000-7f4c40000000 ---p 00000000 00:00 0 
7f4c40000000-7f4c40021000 rw-p 00000000 00:00 0 
7f4c40021000-7f4c44000000 ---p 00000000 00:00 0 
7f4c44000000-7f4c44021000 rw-p 00000000 00:00 0 
7f4c44021000-7f4c48000000 ---p 00000000 00:00 0 
7f4c48000000-7f4c480e0000 rw-p 00000000 00:00 0 
7f4c480e0000-7f4c4c000000 ---p 00000000 00:00 0 
7f4c4c000000-7f4c4c021000 rw-p 00000000 00:00 0 
7f4c4c021000-7f4c50000000 ---p 00000000 00:00 0 
7f4c50000000-7f4c50021000 rw-p 00000000 00:00 0 
7f4c50021000-7f4c54000000 ---p 00000000 00:00 0 
7f4c54000000-7f4c5427c000 rw-p 00000000 00:00 0 
7f4c5427c000-7f4c58000000 ---p 00000000 00:00 0 
7f4c58000000-7f4c580df000 rw-p 00000000 00:00 0 
7f4c580df000-7f4c5c000000 ---p 00000000 00:00 0 
7f4c5c000000-7f4c5c021000 rw-p 00000000 00:00 0 
7f4c5c021000-7f4c60000000 ---p 00000000 00:00 0 
7f4c60000000-7f4c60021000 rw-p 00000000 00:00 0 
7f4c60021000-7f4c64000000 ---p 00000000 00:00 0 
7f4c64000000-7f4c64113000 rw-p 00000000 00:00 0 
7f4c64113000-7f4c68000000 ---p 00000000 00:00 0 
7f4c68000000-7f4c680e3000 rw-p 00000000 00:00 0 
7f4c680e3000-7f4c6c000000 ---p 00000000 00:00 0 
7f4c6c000000-7f4c6c021000 rw-p 00000000 00:00 0 
7f4c6c021000-7f4c70000000 ---p 00000000 00:00 0 
7f4c70000000-7f4c70021000 rw-p 00000000 00:00 0 
7f4c70021000-7f4c74000000 ---p 00000000 00:00 0 
7f4c74000000-7f4c7411d000 rw-p 00000000 00:00 0 
7f4c7411d000-7f4c78000000 ---p 00000000 00:00 0 
7f4c78000000-7f4c78147000 rw-p 00000000 00:00 0 
7f4c78147000-7f4c7c000000 ---p 00000000 00:00 0 
7f4c7c000000-7f4c7c0f3000 rw-p 00000000 00:00 0 
7f4c7c0f3000-7f4c80000000 ---p 00000000 00:00 0 
7f4c80000000-7f4c8002d000 rw-p 00000000 00:00 0 
7f4c8002d000-7f4c84000000 ---p 00000000 00:00 0 
7f4c84b50000-7f4c84b90000 rw-p 00000000 00:00 0 
7f4c84b90000-7f4c84d53000 ---p 00000000 00:00 0 
7f4c84d53000-7f4c85051000 rw-p 00000000 00:00 0 
7f4c85051000-7f4c85068000 r-xp 00000000 08:06 15602148                   /lib/x86_64-linux-gnu/libresolv-2.19.so
7f4c85068000-7f4c85268000 ---p 00017000 08:06 15602148                   /lib/x86_64-linux-gnu/libresolv-2.19.so
7f4c85268000-7f4c85269000 r--p 00017000 08:06 15602148                   /lib/x86_64-linux-gnu/libresolv-2.19.so
7f4c85269000-7f4c8526a000 rw-p 00018000 08:06 15602148                   /lib/x86_64-linux-gnu/libresolv-2.19.so
7f4c8526a000-7f4c8526c000 rw-p 00000000 00:00 0 
7f4c8526c000-7f4c85271000 r-xp 00000000 08:06 15602324                   /lib/x86_64-linux-gnu/libnss_dns-2.19.so
7f4c85271000-7f4c85470000 ---p 00005000 08:06 15602324                   /lib/x86_64-linux-gnu/libnss_dns-2.19.so
7f4c85470000-7f4c85471000 r--p 00004000 08:06 15602324                   /lib/x86_64-linux-gnu/libnss_dns-2.19.so
7f4c85471000-7f4c85472000 rw-p 00005000 08:06 15602324                   /lib/x86_64-linux-gnu/libnss_dns-2.19.so
7f4c85472000-7f4c85474000 r-xp 00000000 08:06 15601607                   /lib/x86_64-linux-gnu/libnss_mdns4_minimal.so.2
7f4c85474000-7f4c85673000 ---p 00002000 08:06 15601607                   /lib/x86_64-linux-gnu/libnss_mdns4_minimal.so.2
7f4c85673000-7f4c85674000 r--p 00001000 08:06 15601607                   /lib/x86_64-linux-gnu/libnss_mdns4_minimal.so.2
7f4c85674000-7f4c85675000 rw-p 00002000 08:06 15601607                   /lib/x86_64-linux-gnu/libnss_mdns4_minimal.so.2
7f4c85675000-7f4c85875000 rw-p 00000000 00:00 0 
7f4c85875000-7f4c85878000 ---p 00000000 00:00 0 
7f4c85878000-7f4c85976000 rw-p 00000000 00:00 0                          [stack:8339]
7f4c85976000-7f4c85979000 ---p 00000000 00:00 0 
7f4c85979000-7f4c85a77000 rw-p 00000000 00:00 0                          [stack:8338]
7f4c85a77000-7f4c85a7a000 ---p 00000000 00:00 0 
7f4c85a7a000-7f4c85b78000 rw-p 00000000 00:00 0                          [stack:8337]
7f4c85b78000-7f4c85b7b000 ---p 00000000 00:00 0 
7f4c85b7b000-7f4c85c79000 rw-p 00000000 00:00 0                          [stack:8336]
7f4c85c79000-7f4c85c7c000 ---p 00000000 00:00 0 
7f4c85c7c000-7f4c85f7a000 rw-p 00000000 00:00 0 
7f4c85f7a000-7f4c8617a000 rw-p 00000000 00:00 0 
7f4c8617a000-7f4c8617d000 ---p 00000000 00:00 0 
7f4c8617d000-7f4c8627b000 rw-p 00000000 00:00 0 
7f4c8627b000-7f4c8627e000 ---p 00000000 00:00 0 
7f4c8627e000-7f4c8637c000 rw-p 00000000 00:00 0 
7f4c8637c000-7f4c8637f000 ---p 00000000 00:00 0 
7f4c8637f000-7f4c8647d000 rw-p 00000000 00:00 0                          [stack:8331]
7f4c8647d000-7f4c86480000 ---p 00000000 00:00 0 
7f4c86480000-7f4c8657e000 rw-p 00000000 00:00 0 
7f4c8657e000-7f4c86581000 ---p 00000000 00:00 0 
7f4c86581000-7f4c8687f000 rw-p 00000000 00:00 0 
7f4c8687f000-7f4c86882000 ---p 00000000 00:00 0 
7f4c86882000-7f4c86980000 rw-p 00000000 00:00 0 
7f4c86980000-7f4c86983000 ---p 00000000 00:00 0 
7f4c86983000-7f4c86c81000 rw-p 00000000 00:00 0 
7f4c86c81000-7f4c86c84000 ---p 00000000 00:00 0 
7f4c86c84000-7f4c86d82000 rw-p 00000000 00:00 0 
7f4c86d82000-7f4c86d85000 ---p 00000000 00:00 0 
7f4c86d85000-7f4c86e83000 rw-p 00000000 00:00 0 
7f4c86e83000-7f4c86e86000 ---p 00000000 00:00 0 
7f4c86e86000-7f4c86f84000 rw-p 00000000 00:00 0 
7f4c86f84000-7f4c86f87000 ---p 00000000 00:00 0 
7f4c86f87000-7f4c87085000 rw-p 00000000 00:00 0 
7f4c87085000-7f4c87088000 ---p 00000000 00:00 0 
7f4c87088000-7f4c87186000 rw-p 00000000 00:00 0 
7f4c871ef000-7f4c871f2000 ---p 00000000 00:00 0 
7f4c871f2000-7f4c872f0000 rw-p 00000000 00:00 0 
7f4c872f0000-7f4c872f3000 ---p 00000000 00:00 0 
7f4c872f3000-7f4c873f1000 rw-p 00000000 00:00 0 
7f4c873f1000-7f4c873f4000 ---p 00000000 00:00 0 
7f4c873f4000-7f4c876f2000 rw-p 00000000 00:00 0 
7f4c876f2000-7f4c878f2000 rw-p 00000000 00:00 0 
7f4c87a00000-7f4c87c00000 rw-p 00000000 00:00 0 
7f4c87c00000-7f4c87e00000 rw-p 00000000 00:00 0 
7f4c87e00000-7f4c88000000 rw-p 00000000 00:00 0 
7f4c88000000-7f4c8907f000 rw-p 00000000 00:00 0 
7f4c8907f000-7f4c8c000000 ---p 00000000 00:00 0 
7f4c8c000000-7f4c8c0ec000 rw-p 00000000 00:00 0 
7f4c8c0ec000-7f4c90000000 ---p 00000000 00:00 0 
7f4c90000000-7f4c90021000 rw-p 00000000 00:00 0 
7f4c90021000-7f4c94000000 ---p 00000000 00:00 0 
7f4c94000000-7f4c9402c000 rw-p 00000000 00:00 0 
7f4c9402c000-7f4c98000000 ---p 00000000 00:00 0 
7f4c98000000-7f4c980eb000 rw-p 00000000 00:00 0 
7f4c980eb000-7f4c9c000000 ---p 00000000 00:00 0 
7f4c9c000000-7f4c9c021000 rw-p 00000000 00:00 0 
7f4c9c021000-7f4ca0000000 ---p 00000000 00:00 0 
7f4ca0000000-7f4ca005d000 rw-p 00000000 00:00 0 
7f4ca005d000-7f4ca4000000 ---p 00000000 00:00 0 
7f4ca4000000-7f4ca4021000 rw-p 00000000 00:00 0 
7f4ca4021000-7f4ca8000000 ---p 00000000 00:00 0 
7f4ca8000000-7f4ca8021000 rw-p 00000000 00:00 0 
7f4ca8021000-7f4cac000000 ---p 00000000 00:00 0 
7f4cac000000-7f4cac021000 rw-p 00000000 00:00 0 
7f4cac021000-7f4cb0000000 ---p 00000000 00:00 0 
7f4cb0000000-7f4cb0021000 rw-p 00000000 00:00 0 
7f4cb0021000-7f4cb4000000 ---p 00000000 00:00 0 
7f4cb4000000-7f4cb4021000 rw-p 00000000 00:00 0 
7f4cb4021000-7f4cb8000000 ---p 00000000 00:00 0 
7f4cb8000000-7f4cb8021000 rw-p 00000000 00:00 0 
7f4cb8021000-7f4cbc000000 ---p 00000000 00:00 0 
7f4cbc000000-7f4cbc19f000 rw-p 00000000 00:00 0 
7f4cbc19f000-7f4cc0000000 ---p 00000000 00:00 0 
7f4cc0000000-7f4cc0021000 rw-p 00000000 00:00 0 
7f4cc0021000-7f4cc4000000 ---p 00000000 00:00 0 
7f4cc4000000-7f4cc45cb000 rw-p 00000000 00:00 0 
7f4cc45cb000-7f4cc8000000 ---p 00000000 00:00 0 
7f4cc8000000-7f4cc8021000 rw-p 00000000 00:00 0 
7f4cc8021000-7f4ccc000000 ---p 00000000 00:00 0 
7f4ccc08c000-7f4ccc093000 r--s 00000000 08:06 15863595                   /usr/lib/x86_64-linux-gnu/gconv/gconv-modules.cache
7f4ccc093000-7f4ccc096000 ---p 00000000 00:00 0 
7f4ccc096000-7f4ccc394000 rw-p 00000000 00:00 0 
7f4ccc394000-7f4ccc594000 rw-p 00000000 00:00 0 
7f4ccc594000-7f4ccc596000 r--s 00003000 08:06 660443                     /usr/local/development/dev-7-7/Ignition/IgnitionWebApp/src/main/home/temp/sfc-gateway-api3046403172040430228.jar
7f4ccc596000-7f4ccc599000 r--s 00019000 08:06 660442                     /usr/local/development/dev-7-7/Ignition/IgnitionWebApp/src/main/home/temp/sfc-gateway6861706210128622547.jar
7f4ccc599000-7f4ccc59c000 r--s 00016000 08:06 659385                     /usr/local/development/dev-7-7/Ignition/IgnitionWebApp/src/main/home/temp/sfc-common168717884692492716.jar
7f4ccc59c000-7f4ccc5a0000 r--s 000be000 08:06 659376                     /usr/local/development/dev-7-7/Ignition/IgnitionWebApp/src/main/home/temp/vis-gateway8320323001453886916.jar
7f4ccc5a0000-7f4ccc5a8000 r--s 0009e000 08:06 657830                     /usr/local/development/dev-7-7/Ignition/IgnitionWebApp/src/main/home/temp/secsgem-gateway2126625785507910837.jar
7f4ccc5a8000-7f4ccc7a8000 rw-p 00000000 00:00 0 
7f4ccc9aa000-7f4ccc9ad000 ---p 00000000 00:00 0 
7f4ccc9ad000-7f4cccaab000 rw-p 00000000 00:00 0 
7f4cccaab000-7f4cccaae000 ---p 00000000 00:00 0 
7f4cccaae000-7f4cccbac000 rw-p 00000000 00:00 0 
7f4cccbac000-7f4cccbaf000 ---p 00000000 00:00 0 
7f4cccbaf000-7f4cccead000 rw-p 00000000 00:00 0 
7f4cccead000-7f4cccec0000 r--s 00345000 08:06 20582253                   /usr/lib/jvm/jdk1.8.0_20/jre/lib/resources.jar
7f4cccec0000-7f4cccec3000 ---p 00000000 00:00 0 
7f4cccec3000-7f4ccd1c2000 rw-p 00000000 00:00 0 
7f4ccd1c2000-7f4ccd1c3000 r--s 00002000 08:06 659380                     /usr/local/development/dev-7-7/Ignition/IgnitionWebApp/src/main/home/temp/vis-common8723164379135533310.jar
7f4ccd1c3000-7f4ccd1c4000 r--s 00004000 08:06 658862                     /usr/local/development/dev-7-7/Ignition/IgnitionWebApp/src/main/home/temp/secsgem-shared4180711713607499462.jar
7f4ccd1c4000-7f4ccd1c5000 r--s 00000000 08:06 2374863                    /usr/local/development/dev-7-7/Ignition/IgnitionWebApp/target/ignition-webapp-7.7/WEB-INF/lib/xopc-common-2.7.2-SNAPSHOT.jar
7f4ccd1c5000-7f4ccd1dd000 r--s 000f6000 08:06 2374859                    /usr/local/development/dev-7-7/Ignition/IgnitionWebApp/target/ignition-webapp-7.7/WEB-INF/lib/xopc-2.7.2-SNAPSHOT.jar
7f4ccd1dd000-7f4ccd1ea000 r--s 000a0000 08:06 2374890                    /usr/local/development/dev-7-7/Ignition/IgnitionWebApp/target/ignition-webapp-7.7/WEB-INF/lib/winpack-3.8.3.jar
7f4ccd1ea000-7f4ccd1f4000 r--s 0005c000 08:06 2365026                    /usr/local/development/dev-7-7/Ignition/IgnitionWebApp/target/ignition-webapp-7.7/WEB-INF/lib/wicket-util-6.1.1.jar
7f4ccd1f4000-7f4ccd1f7000 r--s 00012000 08:06 2365027                    /usr/local/development/dev-7-7/Ignition/IgnitionWebApp/target/ignition-webapp-7.7/WEB-INF/lib/wicket-request-6.1.1.jar
7f4ccd1f7000-7f4ccd209000 r--s 00138000 08:06 2374825                    /usr/local/development/dev-7-7/Ignition/IgnitionWebApp/target/ignition-webapp-7.7/WEB-INF/lib/wicket-extensions-6.1.1.jar
7f4ccd209000-7f4ccd20c000 r--s 00038000 08:06 2374824                    /usr/local/development/dev-7-7/Ignition/IgnitionWebApp/target/ignition-webapp-7.7/WEB-INF/lib/wicket-datetime-6.1.1.jar
7f4ccd20c000-7f4ccd22f000 r--s 001a3000 08:06 2365025                    /usr/local/development/dev-7-7/Ignition/IgnitionWebApp/target/ignition-webapp-7.7/WEB-INF/lib/wicket-core-6.1.1.jar
7f4ccd22f000-7f4ccd231000 r--s 0012e000 08:06 2374875                    /usr/local/development/dev-7-7/Ignition/IgnitionWebApp/target/ignition-webapp-7.7/WEB-INF/lib/voice-cmu-slt-hsmm-5.0.jar
7f4ccd231000-7f4ccd232000 r--s 00006000 08:06 2374865                    /usr/local/development/dev-7-7/Ignition/IgnitionWebApp/target/ignition-webapp-7.7/WEB-INF/lib/user-manual-module-1.7.0-20131026.004611-6.jar
7f4ccd232000-7f4ccd233000 r--s 00268000 08:06 2374876                    /usr/local/development/dev-7-7/Ignition/IgnitionWebApp/target/ignition-webapp-7.7/WEB-INF/lib/ttsengine-ivona-2.7.2-SNAPSHOT.jar
7f4ccd233000-7f4ccd236000 r--s 00017000 08:06 2374845                    /usr/local/development/dev-7-7/Ignition/IgnitionWebApp/target/ignition-webapp-7.7/WEB-INF/lib/timingframework-1.0.jar
7f4ccd236000-7f4ccd238000 r--s 00001000 08:06 2365014                    /usr/local/development/dev-7-7/Ignition/IgnitionWebApp/target/ignition-webapp-7.7/WEB-INF/lib/slf4j-log4j12-1.7.5.jar
7f4ccd238000-7f4ccd23a000 r--s 00005000 08:06 2365013                    /usr/local/development/dev-7-7/Ignition/IgnitionWebApp/target/ignition-webapp-7.7/WEB-INF/lib/slf4j-api-1.7.5.jar
7f4ccd23a000-7f4ccd244000 r--s 00061000 08:06 2374872                    /usr/local/development/dev-7-7/Ignition/IgnitionWebApp/target/ignition-webapp-7.7/WEB-INF/lib/sip-notification-2.7.2-SNAPSHOT.jar
7f4ccd244000-7f4ccd247000 r--s 0001f000 08:06 4198523                    /usr/local/development/dev-7-7/Ignition/IgnitionWebApp/target/ignition-webapp-7.7/WEB-INF/lib/simple-orm-7.7.2-SNAPSHOT.jar
7f4ccd247000-7f4ccd249000 r--s 00003000 08:06 2374881                    /usr/local/development/dev-7-7/Ignition/IgnitionWebApp/target/ignition-webapp-7.7/WEB-INF/lib/sfc-gateway-api-1.7.1-SNAPSHOT.jar
7f4ccd249000-7f4ccd24c000 r--s 00019000 08:06 2374880                    /usr/local/development/dev-7-7/Ignition/IgnitionWebApp/target/ignition-webapp-7.7/WEB-INF/lib/sfc-gateway-1.7.1-SNAPSHOT.jar
7f4ccd24c000-7f4ccd24f000 r--s 00016000 08:06 2374882                    /usr/local/development/dev-7-7/Ignition/IgnitionWebApp/target/ignition-webapp-7.7/WEB-INF/lib/sfc-common-1.7.1-SNAPSHOT.jar
7f4ccd24f000-7f4ccd251000 r--s 0000f000 08:06 2374885                    /usr/local/development/dev-7-7/Ignition/IgnitionWebApp/target/ignition-webapp-7.7/WEB-INF/lib/serialio-8.7.0.jar
7f4ccd251000-7f4ccd253000 r--s 00028000 08:06 2374883                    /usr/local/development/dev-7-7/Ignition/IgnitionWebApp/target/ignition-webapp-7.7/WEB-INF/lib/serial-support-gateway-2.7.2-SNAPSHOT.jar
7f4ccd253000-7f4ccd255000 r--s 00002000 08:06 2374884                    /usr/local/development/dev-7-7/Ignition/IgnitionWebApp/target/ignition-webapp-7.7/WEB-INF/lib/serial-support-common-2.7.2-SNAPSHOT.jar
7f4ccd255000-7f4ccd25a000 r--s 0003e000 08:06 2374832                    /usr/local/development/dev-7-7/Ignition/IgnitionWebApp/target/ignition-webapp-7.7/WEB-INF/lib/saaj-impl-1.3.jar
7f4ccd25a000-7f4ccd25c000 r--s 00003000 08:06 2374833                    /usr/local/development/dev-7-7/Ignition/IgnitionWebApp/target/ignition-webapp-7.7/WEB-INF/lib/saaj-api-1.3.jar
7f4ccd25c000-7f4ccd266000 r--s 0005c000 08:06 2374887                    /usr/local/development/dev-7-7/Ignition/IgnitionWebApp/target/ignition-webapp-7.7/WEB-INF/lib/opccom-gateway-2.7.2-SNAPSHOT.jar
7f4ccd266000-7f4ccd267000 r--s 00001000 08:06 2374886                    /usr/local/development/dev-7-7/Ignition/IgnitionWebApp/target/ignition-webapp-7.7/WEB-INF/lib/opccom-common-2.7.2-SNAPSHOT.jar
7f4ccd267000-7f4ccd26c000 r--s 00086000 08:06 2374878                    /usr/local/development/dev-7-7/Ignition/IgnitionWebApp/target/ignition-webapp-7.7/WEB-INF/lib/mobile-gateway-2.7.2-SNAPSHOT.jar
7f4ccd26c000-7f4ccd26e000 r--s 00002000 08:06 2374879                    /usr/local/development/dev-7-7/Ignition/IgnitionWebApp/target/ignition-webapp-7.7/WEB-INF/lib/mobile-common-2.7.2-SNAPSHOT.jar
7f4ccd26e000-7f4ccd26f000 r--s 00003000 08:06 2374849                    /usr/local/development/dev-7-7/Ignition/IgnitionWebApp/target/ignition-webapp-7.7/WEB-INF/lib/miglayout-swing-4.2.jar
7f4ccd26f000-7f4ccd271000 r--s 0000f000 08:06 2374850                    /usr/local/development/dev-7-7/Ignition/IgnitionWebApp/target/ignition-webapp-7.7/WEB-INF/lib/miglayout-core-4.2.jar
7f4ccd271000-7f4ccd274000 r--s 00012000 08:06 2365017                    /usr/local/development/dev-7-7/Ignition/IgnitionWebApp/target/ignition-webapp-7.7/WEB-INF/lib/metrics-core-3.0.1.jar
7f4ccd274000-7f4ccd2e3000 r--s 007bb000 08:06 2374873                    /usr/local/development/dev-7-7/Ignition/IgnitionWebApp/target/ignition-webapp-7.7/WEB-INF/lib/marytts-server-5.0.jar
7f4ccd2e3000-7f4ccd2e6000 r--s 0069c000 08:06 2374874                    /usr/local/development/dev-7-7/Ignition/IgnitionWebApp/target/ignition-webapp-7.7/WEB-INF/lib/marytts-lang-en-5.0.jar
7f4ccd2e6000-7f4ccd2ee000 r--s 00075000 08:06 2374828                    /usr/local/development/dev-7-7/Ignition/IgnitionWebApp/target/ignition-webapp-7.7/WEB-INF/lib/mail-1.4.5.jar
7f4ccd2ee000-7f4ccd2f7000 r--s 0006f000 08:06 2374892                    /usr/local/development/dev-7-7/Ignition/IgnitionWebApp/target/ignition-webapp-7.7/WEB-INF/lib/log4j-1.2.17.jar
7f4ccd2f7000-7f4ccd2fe000 r--s 00059000 08:06 2365012                    /usr/local/development/dev-7-7/Ignition/IgnitionWebApp/target/ignition-webapp-7.7/WEB-INF/lib/log4j-1.2.15.jar
7f4ccd2fe000-7f4ccd39b000 r--s 0082e000 08:06 2365008                    /usr/local/development/dev-7-7/Ignition/IgnitionWebApp/target/ignition-webapp-7.7/WEB-INF/lib/jython-2.5.3-guava-upgrade.jar
7f4ccd39b000-7f4ccd39c000 r--s 00001000 08:06 2365015                    /usr/local/development/dev-7-7/Ignition/IgnitionWebApp/target/ignition-webapp-7.7/WEB-INF/lib/jul-to-slf4j-1.7.5.jar
7f4ccd39c000-7f4ccd3a2000 r--s 00036000 08:06 2374826                    /usr/local/development/dev-7-7/Ignition/IgnitionWebApp/target/ignition-webapp-7.7/WEB-INF/lib/jquery-ui-core-6.1.0.jar
7f4ccd3a2000-7f4ccd3b1000 r--s 0007c000 08:06 2365018                    /usr/local/development/dev-7-7/Ignition/IgnitionWebApp/target/ignition-webapp-7.7/WEB-INF/lib/joda-time-2.0.jar
7f4ccd3b1000-7f4ccd3b5000 r--s 00037000 08:06 2374889                    /usr/local/development/dev-7-7/Ignition/IgnitionWebApp/target/ignition-webapp-7.7/WEB-INF/lib/jniwrap-3.8.3.jar
7f4ccd3b5000-7f4ccd3b7000 r--s 00011000 08:06 2374858                    /usr/local/development/dev-7-7/Ignition/IgnitionWebApp/target/ignition-webapp-7.7/WEB-INF/lib/jide-shortcut-3.5.13.jar
7f4ccd3b7000-7f4ccd3bb000 r--s 00022000 08:06 2374853                    /usr/local/development/dev-7-7/Ignition/IgnitionWebApp/target/ignition-webapp-7.7/WEB-INF/lib/jide-plaf-3.5.13.jar
7f4ccd3bb000-7f4ccd3e1000 r--s 001da000 08:06 2374852                    /usr/local/development/dev-7-7/Ignition/IgnitionWebApp/target/ignition-webapp-7.7/WEB-INF/lib/jide-grids-3.5.13.jar
7f4ccd3e1000-7f4ccd3eb000 r--s 00061000 08:06 2374857                    /usr/local/development/dev-7-7/Ignition/IgnitionWebApp/target/ignition-webapp-7.7/WEB-INF/lib/jide-editor-3.5.13.jar
7f4ccd3eb000-7f4ccd3f1000 r--s 0004f000 08:06 2374856                    /usr/local/development/dev-7-7/Ignition/IgnitionWebApp/target/ignition-webapp-7.7/WEB-INF/lib/jide-dock-3.5.13.jar
7f4ccd3f1000-7f4ccd3f3000 r--s 0000c000 08:06 2374855                    /usr/local/development/dev-7-7/Ignition/IgnitionWebApp/target/ignition-webapp-7.7/WEB-INF/lib/jide-dialogs-3.5.13.jar
7f4ccd3f3000-7f4ccd3fb000 r--s 00055000 08:06 2374851                    /usr/local/development/dev-7-7/Ignition/IgnitionWebApp/target/ignition-webapp-7.7/WEB-INF/lib/jide-components-3.5.13.jar
7f4ccd3fb000-7f4ccd418000 r--s 00155000 08:06 2365016                    /usr/local/development/dev-7-7/Ignition/IgnitionWebApp/target/ignition-webapp-7.7/WEB-INF/lib/jide-common-3.5.13.jar
7f4ccd418000-7f4ccd41d000 r--s 0002f000 08:06 2374854                    /usr/local/development/dev-7-7/Ignition/IgnitionWebApp/target/ignition-webapp-7.7/WEB-INF/lib/jide-action-3.5.13.jar
7f4ccd41d000-7f4ccd431000 r--s 0017c000 08:06 2374847                    /usr/local/development/dev-7-7/Ignition/IgnitionWebApp/target/ignition-webapp-7.7/WEB-INF/lib/jfreechart-min-1.0.0.jar
7f4ccd431000-7f4ccd433000 r--s 00004000 08:06 2374834                    /usr/local/development/dev-7-7/Ignition/IgnitionWebApp/target/ignition-webapp-7.7/WEB-INF/lib/jaxrpc-spi-1.1.3_01.jar
7f4ccd433000-7f4ccd450000 r--s 001ea000 08:06 2374830                    /usr/local/development/dev-7-7/Ignition/IgnitionWebApp/target/ignition-webapp-7.7/WEB-INF/lib/jaxrpc-impl-1.1.3_01.jar
7f4ccd450000-7f4ccd452000 r--s 00005000 08:06 2374831                    /usr/local/development/dev-7-7/Ignition/IgnitionWebApp/target/ignition-webapp-7.7/WEB-INF/lib/jaxrpc-api-1.1.jar
7f4ccd452000-7f4ccd454000 r--s 00013000 08:06 2365010                    /usr/local/development/dev-7-7/Ignition/IgnitionWebApp/target/ignition-webapp-7.7/WEB-INF/lib/java-cup-10k.jar
7f4ccd454000-7f4ccd455000 r--s 00003000 08:06 2374877                    /usr/local/development/dev-7-7/Ignition/IgnitionWebApp/target/ignition-webapp-7.7/WEB-INF/lib/ivonatts-1.0.0.jar
7f4ccd455000-7f4ccd457000 r--s 00001000 08:06 2374862                    /usr/local/development/dev-7-7/Ignition/IgnitionWebApp/target/ignition-webapp-7.7/WEB-INF/lib/io-session-3.0.0-20130122.214435-9.jar
7f4ccd457000-7f4ccd462000 r--s 00073000 08:06 2374861                    /usr/local/development/dev-7-7/Ignition/IgnitionWebApp/target/ignition-webapp-7.7/WEB-INF/lib/ia-opcua-2.7.2-SNAPSHOT.jar
7f4ccd462000-7f4ccd470000 r--s 0014e000 08:06 2374827                    /usr/local/development/dev-7-7/Ignition/IgnitionWebApp/target/ignition-webapp-7.7/WEB-INF/lib/hsqldb-2.2.9.jar
7f4ccd470000-7f4ccd471000 r--s 00001000 08:06 2374843                    /usr/local/development/dev-7-7/Ignition/IgnitionWebApp/target/ignition-webapp-7.7/WEB-INF/lib/hasp-srm-api-1.0.0.jar
7f4ccd471000-7f4ccd495000 r--s 001aa000 08:06 2365006                    /usr/local/development/dev-7-7/Ignition/IgnitionWebApp/target/ignition-webapp-7.7/WEB-INF/lib/guava-13.0.1.jar
7f4ccd495000-7f4ccd4ba000 r--s 00155000 08:06 4198524                    /usr/local/development/dev-7-7/Ignition/IgnitionWebApp/target/ignition-webapp-7.7/WEB-INF/lib/gateway-api-7.7.2-SNAPSHOT.jar
7f4ccd4ba000-7f4ccd4ef000 r--s 00273000 08:06 4198548                    /usr/local/development/dev-7-7/Ignition/IgnitionWebApp/target/ignition-webapp-7.7/WEB-INF/lib/gateway-7.7.2-SNAPSHOT.jar
7f4ccd4ef000-7f4ccd4f3000 r--s 00016000 08:06 2374866                    /usr/local/development/dev-7-7/Ignition/IgnitionWebApp/target/ignition-webapp-7.7/WEB-INF/lib/fsql-common-6.7.2-SNAPSHOT.jar
7f4ccd4f3000-7f4ccd4fb000 r--s 001ca000 08:06 2374867                    /usr/local/development/dev-7-7/Ignition/IgnitionWebApp/target/ignition-webapp-7.7/WEB-INF/lib/fsql-6.7.2-SNAPSHOT.jar
7f4ccd4fb000-7f4ccd4ff000 r--s 000be000 08:06 4198549                    /usr/local/development/dev-7-7/Ignition/IgnitionWebApp/target/ignition-webapp-7.7/WEB-INF/lib/fpmi-gateway-7.7.2-SNAPSHOT.jar
7f4ccd4ff000-7f4ccd500000 r--s 00001000 08:06 4198528                    /usr/local/development/dev-7-7/Ignition/IgnitionWebApp/target/ignition-webapp-7.7/WEB-INF/lib/fpmi-common-7.7.2-SNAPSHOT.jar
7f4ccd500000-7f4ccd503000 r--s 00013000 08:06 2374846                    /usr/local/development/dev-7-7/Ignition/IgnitionWebApp/target/ignition-webapp-7.7/WEB-INF/lib/forms-1.0.7.jar
7f4ccd503000-7f4ccd505000 r--s 00003000 08:06 2374864                    /usr/local/development/dev-7-7/Ignition/IgnitionWebApp/target/ignition-webapp-7.7/WEB-INF/lib/drivers-common-2.7.2-SNAPSHOT.jar
7f4ccd505000-7f4ccd50c000 r--s 0002f000 08:06 2374860                    /usr/local/development/dev-7-7/Ignition/IgnitionWebApp/target/ignition-webapp-7.7/WEB-INF/lib/driver-api-2.7.2-SNAPSHOT.jar
7f4ccd50c000-7f4ccd562000 r--s 00512000 08:06 4198527                    /usr/local/development/dev-7-7/Ignition/IgnitionWebApp/target/ignition-webapp-7.7/WEB-INF/lib/designer-7.7.2-SNAPSHOT.jar
7f4ccd562000-7f4ccd564000 r--s 00007000 08:06 2365011                    /usr/local/development/dev-7-7/Ignition/IgnitionWebApp/target/ignition-webapp-7.7/WEB-INF/lib/cron4j-2.2.3.jar
7f4ccd564000-7f4ccd56b000 r--s 00054000 08:06 2365009                    /usr/local/development/dev-7-7/Ignition/IgnitionWebApp/target/ignition-webapp-7.7/WEB-INF/lib/core-1.7.jar
7f4ccd56b000-7f4ccd56e000 r--s 00013000 08:06 2374842                    /usr/local/development/dev-7-7/Ignition/IgnitionWebApp/target/ignition-webapp-7.7/WEB-INF/lib/commons-pool-1.4.jar
7f4ccd56e000-7f4ccd570000 r--s 0000d000 08:06 2365022                    /usr/local/development/dev-7-7/Ignition/IgnitionWebApp/target/ignition-webapp-7.7/WEB-INF/lib/commons-logging-1.1.1.jar
7f4ccd570000-7f4ccd571000 r--s 00005000 08:06 2374893                    /usr/local/development/dev-7-7/Ignition/IgnitionWebApp/target/ignition-webapp-7.7/WEB-INF/lib/commons-logging-1.0.jar
7f4ccd571000-7f4ccd577000 r--s 00048000 08:06 2365005                    /usr/local/development/dev-7-7/Ignition/IgnitionWebApp/target/ignition-webapp-7.7/WEB-INF/lib/commons-lang3-3.1.jar
7f4ccd577000-7f4ccd579000 r--s 0000e000 08:06 2365023                    /usr/local/development/dev-7-7/Ignition/IgnitionWebApp/target/ignition-webapp-7.7/WEB-INF/lib/commons-lang-1.0.jar
7f4ccd579000-7f4ccd5aa000 r--s 001ea000 08:06 4198529                    /usr/local/development/dev-7-7/Ignition/IgnitionWebApp/target/ignition-webapp-7.7/WEB-INF/lib/common-7.7.2-SNAPSHOT.jar
7f4ccd5aa000-7f4ccd5b7000 r--s 00084000 08:06 2374888                    /usr/local/development/dev-7-7/Ignition/IgnitionWebApp/target/ignition-webapp-7.7/WEB-INF/lib/comfyj-2.9.jar
7f4ccd5b7000-7f4ccd5dd000 r--s 001be000 08:06 4198550                    /usr/local/development/dev-7-7/Ignition/IgnitionWebApp/target/ignition-webapp-7.7/WEB-INF/lib/client-api-7.7.2-SNAPSHOT.jar
7f4ccd5dd000-7f4ccd5e0000 ---p 00000000 00:00 0 
7f4ccd5e0000-7f4ccd8de000 rw-p 00000000 00:00 0 
7f4ccd8de000-7f4ccd8e1000 ---p 00000000 00:00 0 
7f4ccd8e1000-7f4ccd9df000 rw-p 00000000 00:00 0                          [stack:8301]
7f4ccd9df000-7f4ccd9e2000 ---p 00000000 00:00 0 
7f4ccd9e2000-7f4ccdae0000 rw-p 00000000 00:00 0                          [stack:8300]
7f4ccdae0000-7f4ccdae3000 ---p 00000000 00:00 0 
7f4ccdae3000-7f4ccdbe1000 rw-p 00000000 00:00 0                          [stack:8299]
7f4ccdbe1000-7f4ccdbe4000 ---p 00000000 00:00 0 
7f4ccdbe4000-7f4ccdce2000 rw-p 00000000 00:00 0                          [stack:8298]
7f4ccdce2000-7f4ccdce5000 ---p 00000000 00:00 0 
7f4ccdce5000-7f4ccdde3000 rw-p 00000000 00:00 0                          [stack:8297]
7f4ccdde3000-7f4ccdde6000 ---p 00000000 00:00 0 
7f4ccdde6000-7f4ccdee4000 rw-p 00000000 00:00 0                          [stack:8296]
7f4ccdee4000-7f4ccdee7000 ---p 00000000 00:00 0 
7f4ccdee7000-7f4ccdfe5000 rw-p 00000000 00:00 0                          [stack:27347]
7f4ccdfe5000-7f4ccdfe8000 ---p 00000000 00:00 0 
7f4ccdfe8000-7f4cce0e6000 rw-p 00000000 00:00 0 
7f4cce0e6000-7f4cce0e9000 ---p 00000000 00:00 0 
7f4cce0e9000-7f4cce1e7000 rw-p 00000000 00:00 0                          [stack:8290]
7f4cce1e7000-7f4cce1ea000 ---p 00000000 00:00 0 
7f4cce1ea000-7f4cce2e8000 rw-p 00000000 00:00 0 
7f4cce2e8000-7f4cce2fe000 r-xp 00000000 08:06 15602357                   /lib/x86_64-linux-gnu/libgcc_s.so.1
7f4cce2fe000-7f4cce4fd000 ---p 00016000 08:06 15602357                   /lib/x86_64-linux-gnu/libgcc_s.so.1
7f4cce4fd000-7f4cce4fe000 rw-p 00015000 08:06 15602357                   /lib/x86_64-linux-gnu/libgcc_s.so.1
7f4cce4fe000-7f4cce530000 r-xp 00000000 08:06 20582265                   /usr/lib/jvm/jdk1.8.0_20/jre/lib/amd64/libsunec.so
7f4cce530000-7f4cce72f000 ---p 00032000 08:06 20582265                   /usr/lib/jvm/jdk1.8.0_20/jre/lib/amd64/libsunec.so
7f4cce72f000-7f4cce735000 rw-p 00031000 08:06 20582265                   /usr/lib/jvm/jdk1.8.0_20/jre/lib/amd64/libsunec.so
7f4cce735000-7f4cce945000 rw-p 00000000 00:00 0 
7f4cce945000-7f4cce94a000 r-xp 00000000 08:06 15211194                   /usr/lib/x86_64-linux-gnu/libXdmcp.so.6.0.0
7f4cce94a000-7f4cceb49000 ---p 00005000 08:06 15211194                   /usr/lib/x86_64-linux-gnu/libXdmcp.so.6.0.0
7f4cceb49000-7f4cceb4a000 r--p 00004000 08:06 15211194                   /usr/lib/x86_64-linux-gnu/libXdmcp.so.6.0.0
7f4cceb4a000-7f4cceb4b000 rw-p 00005000 08:06 15211194                   /usr/lib/x86_64-linux-gnu/libXdmcp.so.6.0.0
7f4cceb4b000-7f4cceb4d000 r-xp 00000000 08:06 15211183                   /usr/lib/x86_64-linux-gnu/libXau.so.6.0.0
7f4cceb4d000-7f4cced4d000 ---p 00002000 08:06 15211183                   /usr/lib/x86_64-linux-gnu/libXau.so.6.0.0
7f4cced4d000-7f4cced4e000 r--p 00002000 08:06 15211183                   /usr/lib/x86_64-linux-gnu/libXau.so.6.0.0
7f4cced4e000-7f4cced4f000 rw-p 00003000 08:06 15211183                   /usr/lib/x86_64-linux-gnu/libXau.so.6.0.0
7f4cced4f000-7f4cced6c000 r-xp 00000000 08:06 15212358                   /usr/lib/x86_64-linux-gnu/libxcb.so.1.1.0
7f4cced6c000-7f4ccef6c000 ---p 0001d000 08:06 15212358                   /usr/lib/x86_64-linux-gnu/libxcb.so.1.1.0
7f4ccef6c000-7f4ccef6d000 r--p 0001d000 08:06 15212358                   /usr/lib/x86_64-linux-gnu/libxcb.so.1.1.0
7f4ccef6d000-7f4ccef6e000 rw-p 0001e000 08:06 15212358                   /usr/lib/x86_64-linux-gnu/libxcb.so.1.1.0
7f4ccef6e000-7f4ccef7d000 r-xp 00000000 08:06 15211204                   /usr/lib/x86_64-linux-gnu/libXi.so.6.1.0
7f4ccef7d000-7f4ccf17c000 ---p 0000f000 08:06 15211204                   /usr/lib/x86_64-linux-gnu/libXi.so.6.1.0
7f4ccf17c000-7f4ccf17d000 r--p 0000e000 08:06 15211204                   /usr/lib/x86_64-linux-gnu/libXi.so.6.1.0
7f4ccf17d000-7f4ccf17e000 rw-p 0000f000 08:06 15211204                   /usr/lib/x86_64-linux-gnu/libXi.so.6.1.0
7f4ccf17e000-7f4ccf183000 r-xp 00000000 08:06 15211222                   /usr/lib/x86_64-linux-gnu/libXtst.so.6.1.0
7f4ccf183000-7f4ccf382000 ---p 00005000 08:06 15211222                   /usr/lib/x86_64-linux-gnu/libXtst.so.6.1.0
7f4ccf382000-7f4ccf383000 r--p 00004000 08:06 15211222                   /usr/lib/x86_64-linux-gnu/libXtst.so.6.1.0
7f4ccf383000-7f4ccf384000 rw-p 00005000 08:06 15211222                   /usr/lib/x86_64-linux-gnu/libXtst.so.6.1.0
7f4ccf384000-7f4ccf38d000 r-xp 00000000 08:06 15211216                   /usr/lib/x86_64-linux-gnu/libXrender.so.1.3.0
7f4ccf38d000-7f4ccf58c000 ---p 00009000 08:06 15211216                   /usr/lib/x86_64-linux-gnu/libXrender.so.1.3.0
7f4ccf58c000-7f4ccf58d000 r--p 00008000 08:06 15211216                   /usr/lib/x86_64-linux-gnu/libXrender.so.1.3.0
7f4ccf58d000-7f4ccf58e000 rw-p 00009000 08:06 15211216                   /usr/lib/x86_64-linux-gnu/libXrender.so.1.3.0
7f4ccf58e000-7f4ccf6be000 r-xp 00000000 08:06 15211179                   /usr/lib/x86_64-linux-gnu/libX11.so.6.3.0
7f4ccf6be000-7f4ccf8be000 ---p 00130000 08:06 15211179                   /usr/lib/x86_64-linux-gnu/libX11.so.6.3.0
7f4ccf8be000-7f4ccf8bf000 r--p 00130000 08:06 15211179                   /usr/lib/x86_64-linux-gnu/libX11.so.6.3.0
7f4ccf8bf000-7f4ccf8c3000 rw-p 00131000 08:06 15211179                   /usr/lib/x86_64-linux-gnu/libX11.so.6.3.0
7f4ccf8c3000-7f4ccf8d4000 r-xp 00000000 08:06 15211196                   /usr/lib/x86_64-linux-gnu/libXext.so.6.4.0
7f4ccf8d4000-7f4ccfad3000 ---p 00011000 08:06 15211196                   /usr/lib/x86_64-linux-gnu/libXext.so.6.4.0
7f4ccfad3000-7f4ccfad4000 r--p 00010000 08:06 15211196                   /usr/lib/x86_64-linux-gnu/libXext.so.6.4.0
7f4ccfad4000-7f4ccfad5000 rw-p 00011000 08:06 15211196                   /usr/lib/x86_64-linux-gnu/libXext.so.6.4.0
7f4ccfad5000-7f4ccfb29000 r-xp 00000000 08:06 20582307                   /usr/lib/jvm/jdk1.8.0_20/jre/lib/amd64/libawt_xawt.so
7f4ccfb29000-7f4ccfd29000 ---p 00054000 08:06 20582307                   /usr/lib/jvm/jdk1.8.0_20/jre/lib/amd64/libawt_xawt.so
7f4ccfd29000-7f4ccfd2d000 rw-p 00054000 08:06 20582307                   /usr/lib/jvm/jdk1.8.0_20/jre/lib/amd64/libawt_xawt.so
7f4ccfd2d000-7f4ccfd2e000 rw-p 00000000 00:00 0 
7f4ccfd2e000-7f4ccfdd0000 r-xp 00000000 08:06 20582293                   /usr/lib/jvm/jdk1.8.0_20/jre/lib/amd64/libawt.so
7f4ccfdd0000-7f4ccffd0000 ---p 000a2000 08:06 20582293                   /usr/lib/jvm/jdk1.8.0_20/jre/lib/amd64/libawt.so
7f4ccffd0000-7f4ccffdc000 rw-p 000a2000 08:06 20582293                   /usr/lib/jvm/jdk1.8.0_20/jre/lib/amd64/libawt.so
7f4ccffdc000-7f4cd0000000 rw-p 00000000 00:00 0 
7f4cd0000000-7f4cd0021000 rw-p 00000000 00:00 0 
7f4cd0021000-7f4cd4000000 ---p 00000000 00:00 0 
7f4cd4000000-7f4cd4021000 rw-p 00000000 00:00 0 
7f4cd4021000-7f4cd8000000 ---p 00000000 00:00 0 
7f4cd8000000-7f4cd8021000 rw-p 00000000 00:00 0 
7f4cd8021000-7f4cdc000000 ---p 00000000 00:00 0 
7f4cdc000000-7f4cdc021000 rw-p 00000000 00:00 0 
7f4cdc021000-7f4ce0000000 ---p 00000000 00:00 0 
7f4ce0000000-7f4ce0021000 rw-p 00000000 00:00 0 
7f4ce0021000-7f4ce4000000 ---p 00000000 00:00 0 
7f4ce4000000-7f4ce4021000 rw-p 00000000 00:00 0 
7f4ce4021000-7f4ce8000000 ---p 00000000 00:00 0 
7f4ce8000000-7f4ce980d000 rw-p 00000000 00:00 0 
7f4ce980d000-7f4cec000000 ---p 00000000 00:00 0 
7f4cec000000-7f4cecdb3000 rw-p 00000000 00:00 0 
7f4cecdb3000-7f4cf0000000 ---p 00000000 00:00 0 
7f4cf0000000-7f4cf1ee2000 rw-p 00000000 00:00 0 
7f4cf1ee2000-7f4cf4000000 ---p 00000000 00:00 0 
7f4cf4000000-7f4cf6905000 rw-p 00000000 00:00 0 
7f4cf6905000-7f4cf8000000 ---p 00000000 00:00 0 
7f4cf8000000-7f4cf80ad000 rw-p 00000000 00:00 0 
7f4cf80ad000-7f4cfc000000 ---p 00000000 00:00 0 
7f4cfc000000-7f4cfc021000 rw-p 00000000 00:00 0 
7f4cfc021000-7f4d00000000 ---p 00000000 00:00 0 
7f4d00000000-7f4d00021000 rw-p 00000000 00:00 0 
7f4d00021000-7f4d04000000 ---p 00000000 00:00 0 
7f4d04000000-7f4d0404a000 rw-p 00000000 00:00 0 
7f4d0404a000-7f4d08000000 ---p 00000000 00:00 0 
7f4d08000000-7f4d08021000 rw-p 00000000 00:00 0 
7f4d08021000-7f4d0c000000 ---p 00000000 00:00 0 
7f4d0c000000-7f4d0c021000 rw-p 00000000 00:00 0 
7f4d0c021000-7f4d10000000 ---p 00000000 00:00 0 
7f4d10000000-7f4d1014a000 rw-p 00000000 00:00 0 
7f4d1014a000-7f4d14000000 ---p 00000000 00:00 0 
7f4d14000000-7f4d14003000 r--s 00025000 08:06 2365004                    /usr/local/development/dev-7-7/Ignition/IgnitionWebApp/target/ignition-webapp-7.7/WEB-INF/lib/commons-io-2.1.jar
7f4d14003000-7f4d14006000 r--s 0000f000 08:06 2374840                    /usr/local/development/dev-7-7/Ignition/IgnitionWebApp/target/ignition-webapp-7.7/WEB-INF/lib/commons-discovery-0.2.jar
7f4d14006000-7f4d14008000 r--s 0001c000 08:06 2374841                    /usr/local/development/dev-7-7/Ignition/IgnitionWebApp/target/ignition-webapp-7.7/WEB-INF/lib/commons-dbcp-1.2.2.jar
7f4d14008000-7f4d1400a000 r--s 00006000 08:06 2365021                    /usr/local/development/dev-7-7/Ignition/IgnitionWebApp/target/ignition-webapp-7.7/WEB-INF/lib/commons-cli-1.0.jar
7f4d1400a000-7f4d1400f000 r--s 00030000 08:06 4198538                    /usr/local/development/dev-7-7/Ignition/IgnitionWebApp/target/ignition-webapp-7.7/WEB-INF/lib/client-bootstrap-7.7.2-SNAPSHOT.jar
7f4d1400f000-7f4d14010000 r--s 00004000 08:06 4198525                    /usr/local/development/dev-7-7/Ignition/IgnitionWebApp/target/ignition-webapp-7.7/WEB-INF/lib/bootstrap-7.7.2-SNAPSHOT-classes.jar
7f4d14010000-7f4d14038000 r--s 00196000 08:06 2365007                    /usr/local/development/dev-7-7/Ignition/IgnitionWebApp/target/ignition-webapp-7.7/WEB-INF/lib/bcprov-jdk16-unsigned-1.46-unsigned.jar
7f4d14038000-7f4d1403d000 r--s 0003e000 08:06 2365019                    /usr/local/development/dev-7-7/Ignition/IgnitionWebApp/target/ignition-webapp-7.7/WEB-INF/lib/barcode4j-2.1.jar
7f4d1403d000-7f4d14040000 r--s 0001c000 08:06 2374839                    /usr/local/development/dev-7-7/Ignition/IgnitionWebApp/target/ignition-webapp-7.7/WEB-INF/lib/axis-wsdl4j-1.5.1.jar
7f4d14040000-7f4d14041000 r--s 00004000 08:06 2374838                    /usr/local/development/dev-7-7/Ignition/IgnitionWebApp/target/ignition-webapp-7.7/WEB-INF/lib/axis-saaj-1.4.jar
7f4d14041000-7f4d14043000 r--s 00006000 08:06 2374837                    /usr/local/development/dev-7-7/Ignition/IgnitionWebApp/target/ignition-webapp-7.7/WEB-INF/lib/axis-jaxrpc-1.4.jar
7f4d14043000-7f4d14057000 r--s 00173000 08:06 2374836                    /usr/local/development/dev-7-7/Ignition/IgnitionWebApp/target/ignition-webapp-7.7/WEB-INF/lib/axis-1.4.jar
7f4d14057000-7f4d14059000 r--s 0000d000 08:06 2365020                    /usr/local/development/dev-7-7/Ignition/IgnitionWebApp/target/ignition-webapp-7.7/WEB-INF/lib/avalon-framework-impl-4.2.0.jar
7f4d14059000-7f4d14061000 r--s 00049000 08:06 2374848                    /usr/local/development/dev-7-7/Ignition/IgnitionWebApp/target/ignition-webapp-7.7/WEB-INF/lib/alloy-1.4.4.ia1.jar
7f4d14061000-7f4d14063000 r--s 00003000 08:06 2374869                    /usr/local/development/dev-7-7/Ignition/IgnitionWebApp/target/ignition-webapp-7.7/WEB-INF/lib/alarm-notification-gateway-api-2.7.2-SNAPSHOT.jar
7f4d14063000-7f4d14069000 r--s 00032000 08:06 2374868                    /usr/local/development/dev-7-7/Ignition/IgnitionWebApp/target/ignition-webapp-7.7/WEB-INF/lib/alarm-notification-gateway-2.7.2-SNAPSHOT.jar
7f4d14069000-7f4d1406a000 r--s 00004000 08:06 2374870                    /usr/local/development/dev-7-7/Ignition/IgnitionWebApp/target/ignition-webapp-7.7/WEB-INF/lib/alarm-notification-common-2.7.2-SNAPSHOT.jar
7f4d1406a000-7f4d14074000 r--s 00036000 08:06 2374871                    /usr/local/development/dev-7-7/Ignition/IgnitionWebApp/target/ignition-webapp-7.7/WEB-INF/lib/airlink-sms-notification-2.7.2-SNAPSHOT.jar
7f4d14074000-7f4d14076000 r--s 0000d000 08:06 2374844                    /usr/local/development/dev-7-7/Ignition/IgnitionWebApp/target/ignition-webapp-7.7/WEB-INF/lib/activation-ws-1.0.0.jar
7f4d14076000-7f4d14078000 r--s 0000e000 08:06 2374829                    /usr/local/development/dev-7-7/Ignition/IgnitionWebApp/target/ignition-webapp-7.7/WEB-INF/lib/activation-1.1.jar
7f4d14078000-7f4d14081000 r--s 00069000 08:06 2374891                    /usr/local/development/dev-7-7/Ignition/IgnitionWebApp/target/ignition-webapp-7.7/WEB-INF/lib/ab-drivers-1.7.0-20131026.004154-8.jar
7f4d14081000-7f4d14086000 r--s 0003c000 08:06 2374835                    /usr/local/development/dev-7-7/Ignition/IgnitionWebApp/target/ignition-webapp-7.7/WEB-INF/lib/FastInfoset-1.0.2.jar
7f4d14086000-7f4d1408b000 r--s 002f8000 08:06 20582247                   /usr/lib/jvm/jdk1.8.0_20/jre/lib/charsets.jar
7f4d1408b000-7f4d14090000 r--s 0003f000 08:06 1185790                    /usr/lib/jvm/jdk1.8.0_20/jre/lib/ext/sunjce_provider.jar
7f4d14090000-7f4d14093000 r--s 0003a000 08:06 1185787                    /usr/lib/jvm/jdk1.8.0_20/jre/lib/ext/sunpkcs11.jar
7f4d14093000-7f4d14095000 r--s 0001a000 08:06 20582317                   /usr/lib/jvm/jdk1.8.0_20/jre/lib/jce.jar
7f4d14095000-7f4d14098000 ---p 00000000 00:00 0 
7f4d14098000-7f4d14196000 rw-p 00000000 00:00 0                          [stack:8287]
7f4d14196000-7f4d14199000 ---p 00000000 00:00 0 
7f4d14199000-7f4d14297000 rw-p 00000000 00:00 0                          [stack:8286]
7f4d14297000-7f4d142a1000 r--s 00116000 08:06 1185789                    /usr/lib/jvm/jdk1.8.0_20/jre/lib/ext/localedata.jar
7f4d142a1000-7f4d142bd000 r--s 00393000 08:06 1185783                    /usr/lib/jvm/jdk1.8.0_20/jre/lib/ext/cldrdata.jar
7f4d142bd000-7f4d144bd000 rw-p 00000000 00:00 0 
7f4d144bd000-7f4d144c0000 r--s 0000f000 08:06 19532219                   /usr/local/development/dev-7-6/Ignition/Servers/apache-tomcat-6.0.36/lib/tomcat-i18n-es.jar
7f4d144c0000-7f4d144c2000 r--s 0000b000 08:06 19532220                   /usr/local/development/dev-7-6/Ignition/Servers/apache-tomcat-6.0.36/lib/tomcat-i18n-fr.jar
7f4d144c2000-7f4d144d2000 r--s 0019c000 08:06 19532210                   /usr/local/development/dev-7-6/Ignition/Servers/apache-tomcat-6.0.36/lib/ecj-3.7.2.jar
7f4d144d2000-7f4d144e2000 r--s 00120000 08:06 19532209                   /usr/local/development/dev-7-6/Ignition/Servers/apache-tomcat-6.0.36/lib/catalina.jar
7f4d144e2000-7f4d144e3000 ---p 00000000 00:00 0 
7f4d144e3000-7f4d145e3000 rw-p 00000000 00:00 0                          [stack:8284]
7f4d145e3000-7f4d145e6000 ---p 00000000 00:00 0 
7f4d145e6000-7f4d146e4000 rw-p 00000000 00:00 0                          [stack:8283]
7f4d146e4000-7f4d146e7000 ---p 00000000 00:00 0 
7f4d146e7000-7f4d147e5000 rw-p 00000000 00:00 0                          [stack:8282]
7f4d147e5000-7f4d147e8000 ---p 00000000 00:00 0 
7f4d147e8000-7f4d148e6000 rw-p 00000000 00:00 0                          [stack:8281]
7f4d148e6000-7f4d148f7000 r-xp 00000000 08:06 20582303                   /usr/lib/jvm/jdk1.8.0_20/jre/lib/amd64/libnio.so
7f4d148f7000-7f4d14af6000 ---p 00011000 08:06 20582303                   /usr/lib/jvm/jdk1.8.0_20/jre/lib/amd64/libnio.so
7f4d14af6000-7f4d14af7000 rw-p 00010000 08:06 20582303                   /usr/lib/jvm/jdk1.8.0_20/jre/lib/amd64/libnio.so
7f4d14af7000-7f4d14b28000 rw-p 00000000 00:00 0 
7f4d14b28000-7f4d14b3e000 r-xp 00000000 08:06 20582300                   /usr/lib/jvm/jdk1.8.0_20/jre/lib/amd64/libnet.so
7f4d14b3e000-7f4d14d3e000 ---p 00016000 08:06 20582300                   /usr/lib/jvm/jdk1.8.0_20/jre/lib/amd64/libnet.so
7f4d14d3e000-7f4d14d3f000 rw-p 00016000 08:06 20582300                   /usr/lib/jvm/jdk1.8.0_20/jre/lib/amd64/libnet.so
7f4d14d3f000-7f4d14d47000 r-xp 00000000 08:06 20582308                   /usr/lib/jvm/jdk1.8.0_20/jre/lib/amd64/libmanagement.so
7f4d14d47000-7f4d14f47000 ---p 00008000 08:06 20582308                   /usr/lib/jvm/jdk1.8.0_20/jre/lib/amd64/libmanagement.so
7f4d14f47000-7f4d14f48000 rw-p 00008000 08:06 20582308                   /usr/lib/jvm/jdk1.8.0_20/jre/lib/amd64/libmanagement.so
7f4d14f48000-7f4d14f4b000 ---p 00000000 00:00 0 
7f4d14f4b000-7f4d15049000 rw-p 00000000 00:00 0                          [stack:8280]
7f4d15049000-7f4d1504c000 ---p 00000000 00:00 0 
7f4d1504c000-7f4d1514a000 rw-p 00000000 00:00 0                          [stack:8279]
7f4d1514a000-7f4d1514d000 ---p 00000000 00:00 0 
7f4d1514d000-7f4d1524b000 rw-p 00000000 00:00 0                          [stack:8278]
7f4d1524b000-7f4d1524e000 ---p 00000000 00:00 0 
7f4d1524e000-7f4d1534c000 rw-p 00000000 00:00 0                          [stack:8277]
7f4d1534c000-7f4d1534f000 ---p 00000000 00:00 0 
7f4d1534f000-7f4d1544d000 rw-p 00000000 00:00 0                          [stack:8276]
7f4d1544d000-7f4d15450000 ---p 00000000 00:00 0 
7f4d15450000-7f4d1554e000 rw-p 00000000 00:00 0 
7f4d1554e000-7f4d15551000 ---p 00000000 00:00 0 
7f4d15551000-7f4d1564f000 rw-p 00000000 00:00 0                          [stack:8270]
7f4d1564f000-7f4d15652000 ---p 00000000 00:00 0 
7f4d15652000-7f4d15750000 rw-p 00000000 00:00 0                          [stack:27345]
7f4d15750000-7f4d15754000 r-xp 00000000 08:06 20582275                   /usr/lib/jvm/jdk1.8.0_20/jre/lib/amd64/libdt_socket.so
7f4d15754000-7f4d15953000 ---p 00004000 08:06 20582275                   /usr/lib/jvm/jdk1.8.0_20/jre/lib/amd64/libdt_socket.so
7f4d15953000-7f4d15954000 rw-p 00003000 08:06 20582275                   /usr/lib/jvm/jdk1.8.0_20/jre/lib/amd64/libdt_socket.so
7f4d15954000-7f4d15957000 ---p 00000000 00:00 0 
7f4d15957000-7f4d15a55000 rw-p 00000000 00:00 0                          [stack:8267]
7f4d15a55000-7f4d15a58000 ---p 00000000 00:00 0 
7f4d15a58000-7f4d15b56000 rw-p 00000000 00:00 0                          [stack:8266]
7f4d15b56000-7f4d15b59000 ---p 00000000 00:00 0 
7f4d15b59000-7f4d15c57000 rw-p 00000000 00:00 0                          [stack:8265]
7f4d15c57000-7f4d15c58000 ---p 00000000 00:00 0 
7f4d15c58000-7f4d1797b000 rw-p 00000000 00:00 0                          [stack:8264]
7f4d1797b000-7f4d17b50000 r--s 03ca3000 08:06 20582249                   /usr/lib/jvm/jdk1.8.0_20/jre/lib/rt.jar
7f4d17b50000-7f4d20000000 rw-p 00000000 00:00 0 
7f4d20000000-7f4d20021000 rw-p 00000000 00:00 0 
7f4d20021000-7f4d24000000 ---p 00000000 00:00 0 
7f4d24000000-7f4d24021000 rw-p 00000000 00:00 0 
7f4d24021000-7f4d28000000 ---p 00000000 00:00 0 
7f4d28000000-7f4d28021000 rw-p 00000000 00:00 0 
7f4d28021000-7f4d2c000000 ---p 00000000 00:00 0 
7f4d2c000000-7f4d2c021000 rw-p 00000000 00:00 0 
7f4d2c021000-7f4d30000000 ---p 00000000 00:00 0 
7f4d30000000-7f4d30021000 rw-p 00000000 00:00 0 
7f4d30021000-7f4d34000000 ---p 00000000 00:00 0 
7f4d34000000-7f4d34021000 rw-p 00000000 00:00 0 
7f4d34021000-7f4d38000000 ---p 00000000 00:00 0 
7f4d38000000-7f4d38021000 rw-p 00000000 00:00 0 
7f4d38021000-7f4d3c000000 ---p 00000000 00:00 0 
7f4d3c000000-7f4d3c021000 rw-p 00000000 00:00 0 
7f4d3c021000-7f4d40000000 ---p 00000000 00:00 0 
7f4d40000000-7f4d40001000 r--s 00009000 08:06 1185781                    /usr/lib/jvm/jdk1.8.0_20/jre/lib/ext/sunec.jar
7f4d40001000-7f4d40005000 r--s 0003a000 08:06 19532218                   /usr/local/development/dev-7-6/Ignition/Servers/apache-tomcat-6.0.36/lib/tomcat-dbcp.jar
7f4d40005000-7f4d4000c000 r--s 000c7000 08:06 19532215                   /usr/local/development/dev-7-6/Ignition/Servers/apache-tomcat-6.0.36/lib/mysql-connector-java-5.1.23-bin.jar
7f4d4000c000-7f4d407f8000 rw-p 00000000 00:00 0 
7f4d407f8000-7f4d407f9000 ---p 00000000 00:00 0 
7f4d407f9000-7f4d408f9000 rw-p 00000000 00:00 0                          [stack:8263]
7f4d408f9000-7f4d408fa000 ---p 00000000 00:00 0 
7f4d408fa000-7f4d409fa000 rw-p 00000000 00:00 0                          [stack:8262]
7f4d409fa000-7f4d409fb000 ---p 00000000 00:00 0 
7f4d409fb000-7f4d40afb000 rw-p 00000000 00:00 0                          [stack:8261]
7f4d40afb000-7f4d40afc000 ---p 00000000 00:00 0 
7f4d40afc000-7f4d40bfc000 rw-p 00000000 00:00 0                          [stack:8260]
7f4d40bfc000-7f4d40bfd000 ---p 00000000 00:00 0 
7f4d40bfd000-7f4d40cfd000 rw-p 00000000 00:00 0                          [stack:8259]
7f4d40cfd000-7f4d40cfe000 ---p 00000000 00:00 0 
7f4d40cfe000-7f4d40dfe000 rw-p 00000000 00:00 0                          [stack:8258]
7f4d40dfe000-7f4d40dff000 ---p 00000000 00:00 0 
7f4d40dff000-7f4d40eff000 rw-p 00000000 00:00 0                          [stack:8257]
7f4d40eff000-7f4d40f00000 ---p 00000000 00:00 0 
7f4d40f00000-7f4d41000000 rw-p 00000000 00:00 0                          [stack:8256]
7f4d41000000-7f4d42820000 rwxp 00000000 00:00 0 
7f4d42820000-7f4d50000000 ---p 00000000 00:00 0 
7f4d50000000-7f4d50837000 rw-p 00000000 00:00 0 
7f4d50837000-7f4d54000000 ---p 00000000 00:00 0 
7f4d54000000-7f4d54003000 r--s 0001e000 08:06 19532207                   /usr/local/development/dev-7-6/Ignition/Servers/apache-tomcat-6.0.36/lib/catalina-ha.jar
7f4d54003000-7f4d54007000 r--s 00036000 08:06 19532208                   /usr/local/development/dev-7-6/Ignition/Servers/apache-tomcat-6.0.36/lib/catalina-tribes.jar
7f4d54007000-7f4d5400e000 r--s 0007a000 08:06 19532213                   /usr/local/development/dev-7-6/Ignition/Servers/apache-tomcat-6.0.36/lib/jasper.jar
7f4d5400e000-7f4d54018000 r--s 000b3000 08:06 19532217                   /usr/local/development/dev-7-6/Ignition/Servers/apache-tomcat-6.0.36/lib/tomcat-coyote.jar
7f4d54018000-7f4d54135000 rw-p 00000000 00:00 0 
7f4d54135000-7f4d5460f000 ---p 00000000 00:00 0 
7f4d5460f000-7f4d54667000 rw-p 00000000 00:00 0 
7f4d54667000-7f4d54b41000 ---p 00000000 00:00 0 
7f4d54b41000-7f4d54ba5000 rw-p 00000000 00:00 0 
7f4d54ba5000-7f4d54dda000 ---p 00000000 00:00 0 
7f4d54dda000-7f4d54e3c000 rw-p 00000000 00:00 0 
7f4d54e3c000-7f4d5519b000 ---p 00000000 00:00 0 
7f4d5519b000-7f4d551b7000 r-xp 00000000 08:06 20582296                   /usr/lib/jvm/jdk1.8.0_20/jre/lib/amd64/libzip.so
7f4d551b7000-7f4d553b6000 ---p 0001c000 08:06 20582296                   /usr/lib/jvm/jdk1.8.0_20/jre/lib/amd64/libzip.so
7f4d553b6000-7f4d553b7000 rw-p 0001b000 08:06 20582296                   /usr/lib/jvm/jdk1.8.0_20/jre/lib/amd64/libzip.so
7f4d553b7000-7f4d553c2000 r-xp 00000000 08:06 15602342                   /lib/x86_64-linux-gnu/libnss_files-2.19.so
7f4d553c2000-7f4d555c1000 ---p 0000b000 08:06 15602342                   /lib/x86_64-linux-gnu/libnss_files-2.19.so
7f4d555c1000-7f4d555c2000 r--p 0000a000 08:06 15602342                   /lib/x86_64-linux-gnu/libnss_files-2.19.so
7f4d555c2000-7f4d555c3000 rw-p 0000b000 08:06 15602342                   /lib/x86_64-linux-gnu/libnss_files-2.19.so
7f4d555c3000-7f4d555ce000 r-xp 00000000 08:06 15602345                   /lib/x86_64-linux-gnu/libnss_nis-2.19.so
7f4d555ce000-7f4d557cd000 ---p 0000b000 08:06 15602345                   /lib/x86_64-linux-gnu/libnss_nis-2.19.so
7f4d557cd000-7f4d557ce000 r--p 0000a000 08:06 15602345                   /lib/x86_64-linux-gnu/libnss_nis-2.19.so
7f4d557ce000-7f4d557cf000 rw-p 0000b000 08:06 15602345                   /lib/x86_64-linux-gnu/libnss_nis-2.19.so
7f4d557cf000-7f4d557e6000 r-xp 00000000 08:06 15602152                   /lib/x86_64-linux-gnu/libnsl-2.19.so
7f4d557e6000-7f4d559e5000 ---p 00017000 08:06 15602152                   /lib/x86_64-linux-gnu/libnsl-2.19.so
7f4d559e5000-7f4d559e6000 r--p 00016000 08:06 15602152                   /lib/x86_64-linux-gnu/libnsl-2.19.so
7f4d559e6000-7f4d559e7000 rw-p 00017000 08:06 15602152                   /lib/x86_64-linux-gnu/libnsl-2.19.so
7f4d559e7000-7f4d559e9000 rw-p 00000000 00:00 0 
7f4d559e9000-7f4d559f2000 r-xp 00000000 08:06 15601662                   /lib/x86_64-linux-gnu/libnss_compat-2.19.so
7f4d559f2000-7f4d55bf1000 ---p 00009000 08:06 15601662                   /lib/x86_64-linux-gnu/libnss_compat-2.19.so
7f4d55bf1000-7f4d55bf2000 r--p 00008000 08:06 15601662                   /lib/x86_64-linux-gnu/libnss_compat-2.19.so
7f4d55bf2000-7f4d55bf3000 rw-p 00009000 08:06 15601662                   /lib/x86_64-linux-gnu/libnss_compat-2.19.so
7f4d55bf3000-7f4d55ebc000 r--p 00000000 08:06 15209877                   /usr/lib/locale/locale-archive
7f4d55ebc000-7f4d55ebe000 r-xp 00000000 08:06 20582276                   /usr/lib/jvm/jdk1.8.0_20/jre/lib/amd64/libnpt.so
7f4d55ebe000-7f4d560be000 ---p 00002000 08:06 20582276                   /usr/lib/jvm/jdk1.8.0_20/jre/lib/amd64/libnpt.so
7f4d560be000-7f4d560bf000 rw-p 00002000 08:06 20582276                   /usr/lib/jvm/jdk1.8.0_20/jre/lib/amd64/libnpt.so
7f4d560bf000-7f4d560f8000 r-xp 00000000 08:06 20582287                   /usr/lib/jvm/jdk1.8.0_20/jre/lib/amd64/libjdwp.so
7f4d560f8000-7f4d562f7000 ---p 00039000 08:06 20582287                   /usr/lib/jvm/jdk1.8.0_20/jre/lib/amd64/libjdwp.so
7f4d562f7000-7f4d562f9000 rw-p 00038000 08:06 20582287                   /usr/lib/jvm/jdk1.8.0_20/jre/lib/amd64/libjdwp.so
7f4d562f9000-7f4d56323000 r-xp 00000000 08:06 20582291                   /usr/lib/jvm/jdk1.8.0_20/jre/lib/amd64/libjava.so
7f4d56323000-7f4d56523000 ---p 0002a000 08:06 20582291                   /usr/lib/jvm/jdk1.8.0_20/jre/lib/amd64/libjava.so
7f4d56523000-7f4d56525000 rw-p 0002a000 08:06 20582291                   /usr/lib/jvm/jdk1.8.0_20/jre/lib/amd64/libjava.so
7f4d56525000-7f4d56532000 r-xp 00000000 08:06 20582295                   /usr/lib/jvm/jdk1.8.0_20/jre/lib/amd64/libverify.so
7f4d56532000-7f4d56732000 ---p 0000d000 08:06 20582295                   /usr/lib/jvm/jdk1.8.0_20/jre/lib/amd64/libverify.so
7f4d56732000-7f4d56734000 rw-p 0000d000 08:06 20582295                   /usr/lib/jvm/jdk1.8.0_20/jre/lib/amd64/libverify.so
7f4d56734000-7f4d5673b000 r-xp 00000000 08:06 15602320                   /lib/x86_64-linux-gnu/librt-2.19.so
7f4d5673b000-7f4d5693a000 ---p 00007000 08:06 15602320                   /lib/x86_64-linux-gnu/librt-2.19.so
7f4d5693a000-7f4d5693b000 r--p 00006000 08:06 15602320                   /lib/x86_64-linux-gnu/librt-2.19.so
7f4d5693b000-7f4d5693c000 rw-p 00007000 08:06 15602320                   /lib/x86_64-linux-gnu/librt-2.19.so
7f4d5693c000-7f4d56a41000 r-xp 00000000 08:06 15602334                   /lib/x86_64-linux-gnu/libm-2.19.so
7f4d56a41000-7f4d56c40000 ---p 00105000 08:06 15602334                   /lib/x86_64-linux-gnu/libm-2.19.so
7f4d56c40000-7f4d56c41000 r--p 00104000 08:06 15602334                   /lib/x86_64-linux-gnu/libm-2.19.so
7f4d56c41000-7f4d56c42000 rw-p 00105000 08:06 15602334                   /lib/x86_64-linux-gnu/libm-2.19.so
7f4d56c42000-7f4d578ac000 r-xp 00000000 08:06 20845908                   /usr/lib/jvm/jdk1.8.0_20/jre/lib/amd64/server/libjvm.so
7f4d578ac000-7f4d57aac000 ---p 00c6a000 08:06 20845908                   /usr/lib/jvm/jdk1.8.0_20/jre/lib/amd64/server/libjvm.so
7f4d57aac000-7f4d57b82000 rw-p 00c6a000 08:06 20845908                   /usr/lib/jvm/jdk1.8.0_20/jre/lib/amd64/server/libjvm.so
7f4d57b82000-7f4d57bc4000 rw-p 00000000 00:00 0 
7f4d57bc4000-7f4d57d7f000 r-xp 00000000 08:06 15602328                   /lib/x86_64-linux-gnu/libc-2.19.so
7f4d57d7f000-7f4d57f7f000 ---p 001bb000 08:06 15602328                   /lib/x86_64-linux-gnu/libc-2.19.so
7f4d57f7f000-7f4d57f83000 r--p 001bb000 08:06 15602328                   /lib/x86_64-linux-gnu/libc-2.19.so
7f4d57f83000-7f4d57f85000 rw-p 001bf000 08:06 15602328                   /lib/x86_64-linux-gnu/libc-2.19.so
7f4d57f85000-7f4d57f8a000 rw-p 00000000 00:00 0 
7f4d57f8a000-7f4d57f8d000 r-xp 00000000 08:06 15602352                   /lib/x86_64-linux-gnu/libdl-2.19.so
7f4d57f8d000-7f4d5818c000 ---p 00003000 08:06 15602352                   /lib/x86_64-linux-gnu/libdl-2.19.so
7f4d5818c000-7f4d5818d000 r--p 00002000 08:06 15602352                   /lib/x86_64-linux-gnu/libdl-2.19.so
7f4d5818d000-7f4d5818e000 rw-p 00003000 08:06 15602352                   /lib/x86_64-linux-gnu/libdl-2.19.so
7f4d5818e000-7f4d581a5000 r-xp 00000000 08:06 20061287                   /usr/lib/jvm/jdk1.8.0_20/lib/amd64/jli/libjli.so
7f4d581a5000-7f4d583a4000 ---p 00017000 08:06 20061287                   /usr/lib/jvm/jdk1.8.0_20/lib/amd64/jli/libjli.so
7f4d583a4000-7f4d583a5000 rw-p 00016000 08:06 20061287                   /usr/lib/jvm/jdk1.8.0_20/lib/amd64/jli/libjli.so
7f4d583a5000-7f4d583be000 r-xp 00000000 08:06 15602353                   /lib/x86_64-linux-gnu/libpthread-2.19.so
7f4d583be000-7f4d585bd000 ---p 00019000 08:06 15602353                   /lib/x86_64-linux-gnu/libpthread-2.19.so
7f4d585bd000-7f4d585be000 r--p 00018000 08:06 15602353                   /lib/x86_64-linux-gnu/libpthread-2.19.so
7f4d585be000-7f4d585bf000 rw-p 00019000 08:06 15602353                   /lib/x86_64-linux-gnu/libpthread-2.19.so
7f4d585bf000-7f4d585c3000 rw-p 00000000 00:00 0 
7f4d585c3000-7f4d585e6000 r-xp 00000000 08:06 15602330                   /lib/x86_64-linux-gnu/ld-2.19.so
7f4d585e6000-7f4d585e8000 r--s 0000c000 08:06 19532221                   /usr/local/development/dev-7-6/Ignition/Servers/apache-tomcat-6.0.36/lib/tomcat-i18n-ja.jar
7f4d585e8000-7f4d585ea000 r--s 00011000 08:06 19532214                   /usr/local/development/dev-7-6/Ignition/Servers/apache-tomcat-6.0.36/lib/jsp-api.jar
7f4d585ea000-7f4d585ec000 r--s 00014000 08:06 19532216                   /usr/local/development/dev-7-6/Ignition/Servers/apache-tomcat-6.0.36/lib/servlet-api.jar
7f4d585ec000-7f4d585ee000 r--s 0000c000 08:06 19532206                   /usr/local/development/dev-7-6/Ignition/Servers/apache-tomcat-6.0.36/lib/catalina-ant.jar
7f4d585ee000-7f4d586bf000 rw-p 00000000 00:00 0 
7f4d586bf000-7f4d586c2000 ---p 00000000 00:00 0 
7f4d586c2000-7f4d587c4000 rw-p 00000000 00:00 0                          [stack:8255]
7f4d587c4000-7f4d587c6000 r--s 00007000 08:06 19532211                   /usr/local/development/dev-7-6/Ignition/Servers/apache-tomcat-6.0.36/lib/el-api.jar
7f4d587c6000-7f4d587c7000 r--s 00003000 08:06 19532205                   /usr/local/development/dev-7-6/Ignition/Servers/apache-tomcat-6.0.36/lib/annotations-api.jar
7f4d587c7000-7f4d587ca000 r--s 00019000 08:06 19532212                   /usr/local/development/dev-7-6/Ignition/Servers/apache-tomcat-6.0.36/lib/jasper-el.jar
7f4d587ca000-7f4d587cf000 r--s 00092000 08:06 20582254                   /usr/lib/jvm/jdk1.8.0_20/jre/lib/jsse.jar
7f4d587cf000-7f4d587d0000 r--s 00007000 08:06 19533431                   /usr/local/development/dev-7-6/Ignition/Servers/apache-tomcat-6.0.36/bin/tomcat-juli.jar
7f4d587d0000-7f4d587d1000 r--s 00005000 08:06 19533430                   /usr/local/development/dev-7-6/Ignition/Servers/apache-tomcat-6.0.36/bin/commons-daemon.jar
7f4d587d1000-7f4d587d2000 r--s 00005000 08:06 19533429                   /usr/local/development/dev-7-6/Ignition/Servers/apache-tomcat-6.0.36/bin/bootstrap.jar
7f4d587d2000-7f4d587d9000 r--s 000c7000 08:06 1179649                    /usr/lib/jvm/jdk1.8.0_20/jre/lib/ext/mysql-connector-java-5.1.23-bin.jar
7f4d587d9000-7f4d587e1000 rw-s 00000000 08:06 6164359                    /tmp/hsperfdata_mattg/8250
7f4d587e1000-7f4d587e2000 rw-p 00000000 00:00 0 
7f4d587e2000-7f4d587e3000 r--p 00000000 00:00 0 
7f4d587e3000-7f4d587e5000 rw-p 00000000 00:00 0 
7f4d587e5000-7f4d587e6000 r--p 00022000 08:06 15602330                   /lib/x86_64-linux-gnu/ld-2.19.so
7f4d587e6000-7f4d587e7000 rw-p 00023000 08:06 15602330                   /lib/x86_64-linux-gnu/ld-2.19.so
7f4d587e7000-7f4d587e8000 rw-p 00000000 00:00 0 
7fffbb102000-7fffbb123000 rw-p 00000000 00:00 0                          [stack]
7fffbb134000-7fffbb136000 r-xp 00000000 00:00 0                          [vdso]
ffffffffff600000-ffffffffff601000 r-xp 00000000 00:00 0                  [vsyscall]

VM Arguments:
jvm_args: -Djava.util.logging.config.file=/home/mattg/.IntelliJIdea13/system/tomcat/Unnamed_77-Ignition/conf/logging.properties -Xdebug -Xrunjdwp:transport=dt_socket,address=127.0.0.1:51670,suspend=y,server=n -Dcom.sun.management.jmxremote= -Dcom.sun.management.jmxremote.port=1099 -Dcom.sun.management.jmxremote.ssl=false -Dcom.sun.management.jmxremote.authenticate=false -Djava.rmi.server.hostname=127.0.0.1 -Djava.util.logging.manager=org.apache.juli.ClassLoaderLogManager -Djava.endorsed.dirs=/usr/local/development/dev-7-6/Ignition/Servers/apache-tomcat-6.0.36/endorsed -Dcatalina.base=/home/mattg/.IntelliJIdea13/system/tomcat/Unnamed_77-Ignition -Dcatalina.home=/usr/local/development/dev-7-6/Ignition/Servers/apache-tomcat-6.0.36 -Djava.io.tmpdir=/usr/local/development/dev-7-6/Ignition/Servers/apache-tomcat-6.0.36/temp 
java_command: org.apache.catalina.startup.Bootstrap start
java_class_path (initial): /usr/local/development/dev-7-6/Ignition/Servers/apache-tomcat-6.0.36/bin/bootstrap.jar
Launcher Type: SUN_STANDARD

Environment Variables:
JAVA_HOME=/usr/lib/jvm/jdk1.8.0_20
CLASSPATH=/usr/local/development/dev-7-6/Ignition/Servers/apache-tomcat-6.0.36/bin/bootstrap.jar
PATH=/usr/local/sbin:/usr/local/bin:/usr/sbin:/usr/bin:/sbin:/bin:/usr/games:/usr/local/games:/usr/local/development/gradle-1.12/bin
USERNAME=mattg
LD_LIBRARY_PATH=/usr/local/development/idea-IU-135.909/bin:
SHELL=/bin/bash
DISPLAY=:0

Signal Handlers:
SIGSEGV: [libjvm.so+0xa76cd0], sa_mask[0]=11111111011111111101111111111110, sa_flags=SA_RESTART|SA_SIGINFO
SIGBUS: [libjvm.so+0xa76cd0], sa_mask[0]=11111111011111111101111111111110, sa_flags=SA_RESTART|SA_SIGINFO
SIGFPE: [libjvm.so+0x8e0d80], sa_mask[0]=11111111011111111101111111111110, sa_flags=SA_RESTART|SA_SIGINFO
SIGPIPE: [libjvm.so+0x8e0d80], sa_mask[0]=11111111011111111101111111111110, sa_flags=SA_RESTART|SA_SIGINFO
SIGXFSZ: [libjvm.so+0x8e0d80], sa_mask[0]=11111111011111111101111111111110, sa_flags=SA_RESTART|SA_SIGINFO
SIGILL: [libjvm.so+0x8e0d80], sa_mask[0]=11111111011111111101111111111110, sa_flags=SA_RESTART|SA_SIGINFO
SIGUSR1: SIG_DFL, sa_mask[0]=00000000000000000000000000000000, sa_flags=none
SIGUSR2: [libjvm.so+0x8e25b0], sa_mask[0]=00100000000000000000000000000000, sa_flags=SA_RESTART|SA_SIGINFO
SIGHUP: [libjvm.so+0x8e3970], sa_mask[0]=11111111011111111101111111111110, sa_flags=SA_RESTART|SA_SIGINFO
SIGINT: [libjvm.so+0x8e3970], sa_mask[0]=11111111011111111101111111111110, sa_flags=SA_RESTART|SA_SIGINFO
SIGTERM: [libjvm.so+0x8e3970], sa_mask[0]=11111111011111111101111111111110, sa_flags=SA_RESTART|SA_SIGINFO
SIGQUIT: [libjvm.so+0x8e3970], sa_mask[0]=11111111011111111101111111111110, sa_flags=SA_RESTART|SA_SIGINFO


---------------  S Y S T E M  ---------------

OS:DISTRIB_ID=LinuxMint
DISTRIB_RELEASE=17
DISTRIB_CODENAME=qiana
DISTRIB_DESCRIPTION="Linux Mint 17 Qiana"

uname:Linux 3.13.0-24-generic #46-Ubuntu SMP Thu Apr 10 19:11:08 UTC 2014 x86_64
libc:glibc 2.19 NPTL 2.19 
rlimit: STACK 8192k, CORE 0k, NPROC 127375, NOFILE 4096, AS infinity
load average:0.03 0.10 0.11

/proc/meminfo:
MemTotal:       16335088 kB
MemFree:         9794312 kB
Buffers:          441424 kB
Cached:          2532108 kB
SwapCached:            0 kB
Active:          4307176 kB
Inactive:        1784560 kB
Active(anon):    3123868 kB
Inactive(anon):   385180 kB
Active(file):    1183308 kB
Inactive(file):  1399380 kB
Unevictable:        1320 kB
Mlocked:            1320 kB
SwapTotal:      16676860 kB
SwapFree:       16676860 kB
Dirty:               352 kB
Writeback:             0 kB
AnonPages:       3119528 kB
Mapped:           372076 kB
Shmem:            390848 kB
Slab:             241492 kB
SReclaimable:     197104 kB
SUnreclaim:        44388 kB
KernelStack:        5488 kB
PageTables:        45180 kB
NFS_Unstable:          0 kB
Bounce:                0 kB
WritebackTmp:          0 kB
CommitLimit:    24844404 kB
Committed_AS:    7073000 kB
VmallocTotal:   34359738367 kB
VmallocUsed:      444900 kB
VmallocChunk:   34359202296 kB
HardwareCorrupted:     0 kB
AnonHugePages:   2099200 kB
HugePages_Total:       0
HugePages_Free:        0
HugePages_Rsvd:        0
HugePages_Surp:        0
Hugepagesize:       2048 kB
DirectMap4k:      105928 kB
DirectMap2M:     3989504 kB
DirectMap1G:    12582912 kB


CPU:total 8 (4 cores per cpu, 2 threads per core) family 6 model 60 stepping 3, cmov, cx8, fxsr, mmx, sse, sse2, sse3, ssse3, sse4.1, sse4.2, popcnt, avx, avx2, aes, clmul, erms, lzcnt, ht, tsc, tscinvbit, bmi1, bmi2

/proc/cpuinfo:
processor	: 0
vendor_id	: GenuineIntel
cpu family	: 6
model		: 60
model name	: Intel(R) Core(TM) i7-4702HQ CPU @ 2.20GHz
stepping	: 3
microcode	: 0x17
cpu MHz		: 2201.000
cache size	: 6144 KB
physical id	: 0
siblings	: 8
core id		: 0
cpu cores	: 4
apicid		: 0
initial apicid	: 0
fpu		: yes
fpu_exception	: yes
cpuid level	: 13
wp		: yes
flags		: fpu vme de pse tsc msr pae mce cx8 apic sep mtrr pge mca cmov pat pse36 clflush dts acpi mmx fxsr sse sse2 ss ht tm pbe syscall nx pdpe1gb rdtscp lm constant_tsc arch_perfmon pebs bts rep_good nopl xtopology nonstop_tsc aperfmperf eagerfpu pni pclmulqdq dtes64 monitor ds_cpl vmx est tm2 ssse3 fma cx16 xtpr pdcm pcid sse4_1 sse4_2 x2apic movbe popcnt tsc_deadline_timer aes xsave avx f16c rdrand lahf_lm abm ida arat epb xsaveopt pln pts dtherm tpr_shadow vnmi flexpriority ept vpid fsgsbase tsc_adjust bmi1 avx2 smep bmi2 erms invpcid
bogomips	: 4389.63
clflush size	: 64
cache_alignment	: 64
address sizes	: 39 bits physical, 48 bits virtual
power management:

processor	: 1
vendor_id	: GenuineIntel
cpu family	: 6
model		: 60
model name	: Intel(R) Core(TM) i7-4702HQ CPU @ 2.20GHz
stepping	: 3
microcode	: 0x17
cpu MHz		: 800.000
cache size	: 6144 KB
physical id	: 0
siblings	: 8
core id		: 1
cpu cores	: 4
apicid		: 2
initial apicid	: 2
fpu		: yes
fpu_exception	: yes
cpuid level	: 13
wp		: yes
flags		: fpu vme de pse tsc msr pae mce cx8 apic sep mtrr pge mca cmov pat pse36 clflush dts acpi mmx fxsr sse sse2 ss ht tm pbe syscall nx pdpe1gb rdtscp lm constant_tsc arch_perfmon pebs bts rep_good nopl xtopology nonstop_tsc aperfmperf eagerfpu pni pclmulqdq dtes64 monitor ds_cpl vmx est tm2 ssse3 fma cx16 xtpr pdcm pcid sse4_1 sse4_2 x2apic movbe popcnt tsc_deadline_timer aes xsave avx f16c rdrand lahf_lm abm ida arat epb xsaveopt pln pts dtherm tpr_shadow vnmi flexpriority ept vpid fsgsbase tsc_adjust bmi1 avx2 smep bmi2 erms invpcid
bogomips	: 4389.63
clflush size	: 64
cache_alignment	: 64
address sizes	: 39 bits physical, 48 bits virtual
power management:

processor	: 2
vendor_id	: GenuineIntel
cpu family	: 6
model		: 60
model name	: Intel(R) Core(TM) i7-4702HQ CPU @ 2.20GHz
stepping	: 3
microcode	: 0x17
cpu MHz		: 1300.000
cache size	: 6144 KB
physical id	: 0
siblings	: 8
core id		: 2
cpu cores	: 4
apicid		: 4
initial apicid	: 4
fpu		: yes
fpu_exception	: yes
cpuid level	: 13
wp		: yes
flags		: fpu vme de pse tsc msr pae mce cx8 apic sep mtrr pge mca cmov pat pse36 clflush dts acpi mmx fxsr sse sse2 ss ht tm pbe syscall nx pdpe1gb rdtscp lm constant_tsc arch_perfmon pebs bts rep_good nopl xtopology nonstop_tsc aperfmperf eagerfpu pni pclmulqdq dtes64 monitor ds_cpl vmx est tm2 ssse3 fma cx16 xtpr pdcm pcid sse4_1 sse4_2 x2apic movbe popcnt tsc_deadline_timer aes xsave avx f16c rdrand lahf_lm abm ida arat epb xsaveopt pln pts dtherm tpr_shadow vnmi flexpriority ept vpid fsgsbase tsc_adjust bmi1 avx2 smep bmi2 erms invpcid
bogomips	: 4389.63
clflush size	: 64
cache_alignment	: 64
address sizes	: 39 bits physical, 48 bits virtual
power management:

processor	: 3
vendor_id	: GenuineIntel
cpu family	: 6
model		: 60
model name	: Intel(R) Core(TM) i7-4702HQ CPU @ 2.20GHz
stepping	: 3
microcode	: 0x17
cpu MHz		: 2201.000
cache size	: 6144 KB
physical id	: 0
siblings	: 8
core id		: 3
cpu cores	: 4
apicid		: 6
initial apicid	: 6
fpu		: yes
fpu_exception	: yes
cpuid level	: 13
wp		: yes
flags		: fpu vme de pse tsc msr pae mce cx8 apic sep mtrr pge mca cmov pat pse36 clflush dts acpi mmx fxsr sse sse2 ss ht tm pbe syscall nx pdpe1gb rdtscp lm constant_tsc arch_perfmon pebs bts rep_good nopl xtopology nonstop_tsc aperfmperf eagerfpu pni pclmulqdq dtes64 monitor ds_cpl vmx est tm2 ssse3 fma cx16 xtpr pdcm pcid sse4_1 sse4_2 x2apic movbe popcnt tsc_deadline_timer aes xsave avx f16c rdrand lahf_lm abm ida arat epb xsaveopt pln pts dtherm tpr_shadow vnmi flexpriority ept vpid fsgsbase tsc_adjust bmi1 avx2 smep bmi2 erms invpcid
bogomips	: 4389.63
clflush size	: 64
cache_alignment	: 64
address sizes	: 39 bits physical, 48 bits virtual
power management:

processor	: 4
vendor_id	: GenuineIntel
cpu family	: 6
model		: 60
model name	: Intel(R) Core(TM) i7-4702HQ CPU @ 2.20GHz
stepping	: 3
microcode	: 0x17
cpu MHz		: 2100.000
cache size	: 6144 KB
physical id	: 0
siblings	: 8
core id		: 0
cpu cores	: 4
apicid		: 1
initial apicid	: 1
fpu		: yes
fpu_exception	: yes
cpuid level	: 13
wp		: yes
flags		: fpu vme de pse tsc msr pae mce cx8 apic sep mtrr pge mca cmov pat pse36 clflush dts acpi mmx fxsr sse sse2 ss ht tm pbe syscall nx pdpe1gb rdtscp lm constant_tsc arch_perfmon pebs bts rep_good nopl xtopology nonstop_tsc aperfmperf eagerfpu pni pclmulqdq dtes64 monitor ds_cpl vmx est tm2 ssse3 fma cx16 xtpr pdcm pcid sse4_1 sse4_2 x2apic movbe popcnt tsc_deadline_timer aes xsave avx f16c rdrand lahf_lm abm ida arat epb xsaveopt pln pts dtherm tpr_shadow vnmi flexpriority ept vpid fsgsbase tsc_adjust bmi1 avx2 smep bmi2 erms invpcid
bogomips	: 4389.63
clflush size	: 64
cache_alignment	: 64
address sizes	: 39 bits physical, 48 bits virtual
power management:

processor	: 5
vendor_id	: GenuineIntel
cpu family	: 6
model		: 60
model name	: Intel(R) Core(TM) i7-4702HQ CPU @ 2.20GHz
stepping	: 3
microcode	: 0x17
cpu MHz		: 2201.000
cache size	: 6144 KB
physical id	: 0
siblings	: 8
core id		: 1
cpu cores	: 4
apicid		: 3
initial apicid	: 3
fpu		: yes
fpu_exception	: yes
cpuid level	: 13
wp		: yes
flags		: fpu vme de pse tsc msr pae mce cx8 apic sep mtrr pge mca cmov pat pse36 clflush dts acpi mmx fxsr sse sse2 ss ht tm pbe syscall nx pdpe1gb rdtscp lm constant_tsc arch_perfmon pebs bts rep_good nopl xtopology nonstop_tsc aperfmperf eagerfpu pni pclmulqdq dtes64 monitor ds_cpl vmx est tm2 ssse3 fma cx16 xtpr pdcm pcid sse4_1 sse4_2 x2apic movbe popcnt tsc_deadline_timer aes xsave avx f16c rdrand lahf_lm abm ida arat epb xsaveopt pln pts dtherm tpr_shadow vnmi flexpriority ept vpid fsgsbase tsc_adjust bmi1 avx2 smep bmi2 erms invpcid
bogomips	: 4389.63
clflush size	: 64
cache_alignment	: 64
address sizes	: 39 bits physical, 48 bits virtual
power management:

processor	: 6
vendor_id	: GenuineIntel
cpu family	: 6
model		: 60
model name	: Intel(R) Core(TM) i7-4702HQ CPU @ 2.20GHz
stepping	: 3
microcode	: 0x17
cpu MHz		: 1100.000
cache size	: 6144 KB
physical id	: 0
siblings	: 8
core id		: 2
cpu cores	: 4
apicid		: 5
initial apicid	: 5
fpu		: yes
fpu_exception	: yes
cpuid level	: 13
wp		: yes
flags		: fpu vme de pse tsc msr pae mce cx8 apic sep mtrr pge mca cmov pat pse36 clflush dts acpi mmx fxsr sse sse2 ss ht tm pbe syscall nx pdpe1gb rdtscp lm constant_tsc arch_perfmon pebs bts rep_good nopl xtopology nonstop_tsc aperfmperf eagerfpu pni pclmulqdq dtes64 monitor ds_cpl vmx est tm2 ssse3 fma cx16 xtpr pdcm pcid sse4_1 sse4_2 x2apic movbe popcnt tsc_deadline_timer aes xsave avx f16c rdrand lahf_lm abm ida arat epb xsaveopt pln pts dtherm tpr_shadow vnmi flexpriority ept vpid fsgsbase tsc_adjust bmi1 avx2 smep bmi2 erms invpcid
bogomips	: 4389.63
clflush size	: 64
cache_alignment	: 64
address sizes	: 39 bits physical, 48 bits virtual
power management:

processor	: 7
vendor_id	: GenuineIntel
cpu family	: 6
model		: 60
model name	: Intel(R) Core(TM) i7-4702HQ CPU @ 2.20GHz
stepping	: 3
microcode	: 0x17
cpu MHz		: 800.000
cache size	: 6144 KB
physical id	: 0
siblings	: 8
core id		: 3
cpu cores	: 4
apicid		: 7
initial apicid	: 7
fpu		: yes
fpu_exception	: yes
cpuid level	: 13
wp		: yes
flags		: fpu vme de pse tsc msr pae mce cx8 apic sep mtrr pge mca cmov pat pse36 clflush dts acpi mmx fxsr sse sse2 ss ht tm pbe syscall nx pdpe1gb rdtscp lm constant_tsc arch_perfmon pebs bts rep_good nopl xtopology nonstop_tsc aperfmperf eagerfpu pni pclmulqdq dtes64 monitor ds_cpl vmx est tm2 ssse3 fma cx16 xtpr pdcm pcid sse4_1 sse4_2 x2apic movbe popcnt tsc_deadline_timer aes xsave avx f16c rdrand lahf_lm abm ida arat epb xsaveopt pln pts dtherm tpr_shadow vnmi flexpriority ept vpid fsgsbase tsc_adjust bmi1 avx2 smep bmi2 erms invpcid
bogomips	: 4389.63
clflush size	: 64
cache_alignment	: 64
address sizes	: 39 bits physical, 48 bits virtual
power management:



Memory: 4k page, physical 16335088k(9794312k free), swap 16676860k(16676860k free)

vm_info: Java HotSpot(TM) 64-Bit Server VM (25.20-b17) for linux-amd64 JRE (1.8.0_20-ea-b17), built on Jun  4 2014 00:04:06 by "java_re" with gcc 4.3.0 20080428 (Red Hat 4.3.0-8)

time: Sun Nov 16 18:45:50 2014
elapsed time: 115841 seconds (1d 8h 10m 41s)

