#
# A fatal error has been detected by the Java Runtime Environment:
#
#  SIGSEGV (0xb) at pc=0x00007fd86d17ef7e, pid=7247, tid=140567521990400
#
# JRE version: Java(TM) SE Runtime Environment (8.0_20-b17) (build 1.8.0_20-ea-b17)
# Java VM: Java HotSpot(TM) 64-Bit Server VM (25.20-b17 mixed mode linux-amd64 compressed oops)
# Problematic frame:
# C  [ld-linux-x86-64.so.2+0x9f7e]
#
# Failed to write core dump. Core dumps have been disabled. To enable core dumping, try "ulimit -c unlimited" before starting Java again
#
# If you would like to submit a bug report, please visit:
#   http://bugreport.sun.com/bugreport/crash.jsp
# The crash happened outside the Java Virtual Machine in native code.
# See problematic frame for where to report the bug.
#

---------------  T H R E A D  ---------------

Current thread (0x00007fd86400d000):  JavaThread "main" [_thread_in_native, id=7252, stack(0x00007fd86d271000,0x00007fd86d372000)]

siginfo: si_signo: 11 (SIGSEGV), si_code: 1 (SEGV_MAPERR), si_addr: 0x0000000000000068

Registers:
RAX=0x0000000000000040, RBX=0x000000004c8d3d65, RCX=0x0000000000000025, RDX=0x00000000000003f3
RSP=0x00007fd86d36ea30, RBP=0x0000000000000002, RSI=0x00007fd86c779d28, RDI=0x00007fd86d3759e8
R8 =0x00000000013234f5, R9 =0x00007fd86d36ea70, R10=0x0000000006020400, R11=0x00007fd86d36eb70
R12=0x0000000000000003, R13=0x00007fd79c18b6e0, R14=0x0000000000000000, R15=0x0000000000000025
RIP=0x00007fd86d17ef7e, EFLAGS=0x0000000000010202, CSGSFS=0x0000000000000033, ERR=0x0000000000000004
  TRAPNO=0x000000000000000e

Top of Stack: (sp=0x00007fd86d36ea30)
0x00007fd86d36ea30:   00007fd86d36eba0 00007fd86be56f75
0x00007fd86d36ea40:   00007fd800000002 00007fd86d36eb80
0x00007fd86d36ea50:   00007fd86d36ec10 00007fd86d36ede0
0x00007fd86d36ea60:   00007fd855046960 01d33b670000000c
0x00007fd86d36ea70:   0000000000000000 0000000000000000
0x00007fd86d36ea80:   00007fd86d3759e8 00007fd8644925f0
0x00007fd86d36ea90:   00007fd86c786d78 0000000000000000
0x00007fd86d36eaa0:   0000000200000000 0000000000000000
0x00007fd86d36eab0:   00007fd86400d000 00007fd86d36ec60
0x00007fd86d36eac0:   00007fd86d36ec10 0000000000000000
0x00007fd86d36ead0:   0000000000000000 00007fd79c18bb28
0x00007fd86d36eae0:   00007fd79c18b7a0 00007fd86d17f991
0x00007fd86d36eaf0:   0000000000000000 0000000000000000
0x00007fd86d36eb00:   0000003400000002 0000000000000000
0x00007fd86d36eb10:   00007fd800000000 00007fd79c18b7a0
0x00007fd86d36eb20:   00007fd86d36eb90 00007fd86bfad447
0x00007fd86d36eb30:   00007fd86400a518 00007fd86400a510
0x00007fd86d36eb40:   00007fd854039440 00007fd79c18bb28
0x00007fd86d36eb50:   00007fd86d36eb80 00007fd86d36eb70
0x00007fd86d36eb60:   000000004c8d3d65 00007fd8644925f0
0x00007fd86d36eb70:   00000000ffffffff 00007fd86400a5d0
0x00007fd86d36eb80:   0000000000000000 0000000000000000
0x00007fd86d36eb90:   00007fd86400a470 00007fd86400d000
0x00007fd86d36eba0:   00007fd86d36ed30 00007fd86be9d467
0x00007fd86d36ebb0:   000000b16d36f910 00007fd86d36f380
0x00007fd86d36ebc0:   00007fd86d36ec10 00007fd86d36ec90
0x00007fd86d36ebd0:   00007fd86d36ed60 00007fd86d36ede0
0x00007fd86d36ebe0:   00007fd86400d1e8 0000000001cdb4b0
0x00007fd86d36ebf0:   00007fd86d397cc0 00007fd8644925f0
0x00007fd86d36ec00:   0000000000000000 00007fd79c18b7a0
0x00007fd86d36ec10:   00007fd86d36ecf0 00007fd86c8acf56
0x00007fd86d36ec20:   0000000600000002 0000000000000000 

Instructions: (pc=0x00007fd86d17ef7e)
0x00007fd86d17ef5e:   06 41 83 e7 3f 0f 1f 44 00 00 49 8b 44 ed 00 c7
0x00007fd86d17ef6e:   44 24 70 00 00 00 00 48 c7 44 24 40 00 00 00 00
0x00007fd86d17ef7e:   48 8b 78 28 4c 39 f7 48 89 7c 24 50 0f 84 f0 00
0x00007fd86d17ef8e:   00 00 f6 44 24 7c 02 74 0d f6 87 14 03 00 00 03 

Register to memory mapping:

RAX=0x0000000000000040 is an unknown value
RBX=0x000000004c8d3d65 is an unknown value
RCX=0x0000000000000025 is an unknown value
RDX=0x00000000000003f3 is an unknown value
RSP=0x00007fd86d36ea30 is pointing into the stack for thread: 0x00007fd86400d000
RBP=0x0000000000000002 is an unknown value
RSI=0x00007fd86c779d28: <offset 0x3d28> in /lib/x86_64-linux-gnu/libc.so.6 at 0x00007fd86c776000
RDI=0x00007fd86d3759e8 is an unknown value
R8 =0x00000000013234f5 is an unknown value
R9 =0x00007fd86d36ea70 is pointing into the stack for thread: 0x00007fd86400d000
R10=0x0000000006020400 is an unknown value
R11=0x00007fd86d36eb70 is pointing into the stack for thread: 0x00007fd86400d000
R12=0x0000000000000003 is an unknown value
R13=0x00007fd79c18b6e0 is an unknown value
R14=0x0000000000000000 is an unknown value
R15=0x0000000000000025 is an unknown value


Stack: [0x00007fd86d271000,0x00007fd86d372000],  sp=0x00007fd86d36ea30,  free space=1014k
Native frames: (J=compiled Java code, j=interpreted, Vv=VM code, C=native code)
C  [ld-linux-x86-64.so.2+0x9f7e]

Java frames: (J=compiled Java code, j=interpreted, Vv=VM code)
j  java.lang.ClassLoader$NativeLibrary.unload(Ljava/lang/String;Z)V+0
j  java.lang.ClassLoader$NativeLibrary.finalize()V+87
v  ~StubRoutines::call_stub
J 1111  sun.reflect.NativeMethodAccessorImpl.invoke0(Ljava/lang/reflect/Method;Ljava/lang/Object;[Ljava/lang/Object;)Ljava/lang/Object; (0 bytes) @ 0x00007fd855432fb7 [0x00007fd855432f40+0x77]
J 1110 C1 sun.reflect.NativeMethodAccessorImpl.invoke(Ljava/lang/Object;[Ljava/lang/Object;)Ljava/lang/Object; (104 bytes) @ 0x00007fd85543668c [0x00007fd855435480+0x120c]
J 5909 C2 java.lang.reflect.Method.invoke(Ljava/lang/Object;[Ljava/lang/Object;)Ljava/lang/Object; (62 bytes) @ 0x00007fd85555aea0 [0x00007fd85555ade0+0xc0]
j  com.inductiveautomation.ignition.gateway.bootstrap.SRFilter.destroy()V+89
j  org.apache.catalina.core.ApplicationFilterConfig.release()V+61
j  org.apache.catalina.core.StandardContext.filterStop()Z+124
j  org.apache.catalina.core.StandardContext.stop()V+142
j  org.apache.catalina.core.ContainerBase.removeChild(Lorg/apache/catalina/Container;)V+90
j  org.apache.catalina.startup.HostConfig.undeployApps()V+77
j  org.apache.catalina.startup.HostConfig.stop()V+28
j  org.apache.catalina.startup.HostConfig.lifecycleEvent(Lorg/apache/catalina/LifecycleEvent;)V+151
J 5767 C1 org.apache.catalina.util.LifecycleSupport.fireLifecycleEvent(Ljava/lang/String;Ljava/lang/Object;)V (190 bytes) @ 0x00007fd85557878c [0x00007fd855577ca0+0xaec]
j  org.apache.catalina.core.ContainerBase.stop()V+60
j  org.apache.catalina.core.ContainerBase.stop()V+118
j  org.apache.catalina.core.StandardEngine.stop()V+1
j  org.apache.catalina.core.StandardService.stop()V+177
j  org.apache.catalina.core.StandardServer.stop()V+65
j  org.apache.catalina.startup.Catalina.stop()V+58
j  org.apache.catalina.startup.Catalina.start()V+198
v  ~StubRoutines::call_stub
j  sun.reflect.NativeMethodAccessorImpl.invoke0(Ljava/lang/reflect/Method;Ljava/lang/Object;[Ljava/lang/Object;)Ljava/lang/Object;+0
j  sun.reflect.NativeMethodAccessorImpl.invoke(Ljava/lang/Object;[Ljava/lang/Object;)Ljava/lang/Object;+100
J 470 C1 sun.reflect.DelegatingMethodAccessorImpl.invoke(Ljava/lang/Object;[Ljava/lang/Object;)Ljava/lang/Object; (10 bytes) @ 0x00007fd85521d52c [0x00007fd85521d400+0x12c]
J 469 C1 java.lang.reflect.Method.invoke(Ljava/lang/Object;[Ljava/lang/Object;)Ljava/lang/Object; (62 bytes) @ 0x00007fd85521cf44 [0x00007fd85521cb20+0x424]
j  org.apache.catalina.startup.Bootstrap.start()V+37
j  org.apache.catalina.startup.Bootstrap.main([Ljava/lang/String;)V+131
v  ~StubRoutines::call_stub

---------------  P R O C E S S  ---------------

Java Threads: ( => current thread )
  0x00007fd864171800 JavaThread "pool-1-thread-1" [_thread_blocked, id=7393, stack(0x00007fd7e2ebc000,0x00007fd7e2fbd000)]
  0x00007fd86416d000 JavaThread "Thread-20" daemon [_thread_blocked, id=7392, stack(0x00007fd79b0f3000,0x00007fd79b1f4000)]
  0x00007fd7c4001800 JavaThread "http-8088-2" daemon [_thread_blocked, id=7390, stack(0x00007fd835ebc000,0x00007fd835fbd000)]
  0x00007fd79cb6c000 JavaThread "ClockDriftDetector" daemon [_thread_blocked, id=7327, stack(0x00007fd79a727000,0x00007fd79a828000)]
  0x00007fd79cb69000 JavaThread "PyLib_ScriptWatcher" daemon [_thread_blocked, id=7326, stack(0x00007fd79ab0d000,0x00007fd79ac0e000)]
  0x00007fd79cb63800 JavaThread "PyFile_ChangeNotifier" daemon [_thread_blocked, id=7325, stack(0x00007fd79ac0e000,0x00007fd79ad0f000)]
  0x00007fd79cb61800 JavaThread "Thread-17" daemon [_thread_in_native, id=7324, stack(0x00007fd79ad0f000,0x00007fd79ae10000)]
  0x00007fd7c4004800 JavaThread "http-8088-1" daemon [_thread_in_native, id=7319, stack(0x00007fd79b4f7000,0x00007fd79b5f8000)]
  0x00007fd864600000 JavaThread "TP-Monitor" daemon [_thread_blocked, id=7294, stack(0x00007fd7e2459000,0x00007fd7e255a000)]
  0x00007fd8645ff000 JavaThread "TP-Processor4" daemon [_thread_blocked, id=7293, stack(0x00007fd7e255a000,0x00007fd7e265b000)]
  0x00007fd8645eb000 JavaThread "TP-Processor3" daemon [_thread_blocked, id=7292, stack(0x00007fd7e265b000,0x00007fd7e275c000)]
  0x00007fd8645d7000 JavaThread "TP-Processor2" daemon [_thread_blocked, id=7291, stack(0x00007fd7e275c000,0x00007fd7e285d000)]
  0x00007fd8645d6800 JavaThread "TP-Processor1" daemon [_thread_blocked, id=7290, stack(0x00007fd7e285d000,0x00007fd7e295e000)]
  0x00007fd8645e9800 JavaThread "http-8088-Acceptor-0" daemon [_thread_blocked, id=7289, stack(0x00007fd7e295e000,0x00007fd7e2a5f000)]
  0x00007fd7d400c800 JavaThread "RMI Scheduler(0)" daemon [_thread_blocked, id=7284, stack(0x00007fd7e32be000,0x00007fd7e33bf000)]
  0x00007fd864566800 JavaThread "GC Daemon" daemon [_thread_blocked, id=7280, stack(0x00007fd7e34c0000,0x00007fd7e35c1000)]
  0x00007fd86450b000 JavaThread "Abandoned connection cleanup thread" daemon [_thread_blocked, id=7279, stack(0x00007fd8349f8000,0x00007fd834af9000)]
  0x00007fd86424e800 JavaThread "RMI TCP Accept-0" daemon [_thread_in_native, id=7277, stack(0x00007fd834e50000,0x00007fd834f51000)]
  0x00007fd86423d000 JavaThread "RMI TCP Accept-1099" daemon [_thread_in_native, id=7276, stack(0x00007fd834f51000,0x00007fd835052000)]
  0x00007fd86422c000 JavaThread "RMI TCP Accept-0" daemon [_thread_in_native, id=7275, stack(0x00007fd835052000,0x00007fd835153000)]
  0x00007fd8640e4800 JavaThread "Service Thread" daemon [_thread_blocked, id=7274, stack(0x00007fd8357b5000,0x00007fd8358b6000)]
  0x00007fd8640cf000 JavaThread "C1 CompilerThread3" daemon [_thread_blocked, id=7273, stack(0x00007fd8358b6000,0x00007fd8359b7000)]
  0x00007fd8640cd000 JavaThread "C2 CompilerThread2" daemon [_thread_in_native, id=7272, stack(0x00007fd8359b7000,0x00007fd835ab8000)]
  0x00007fd8640cb000 JavaThread "C2 CompilerThread1" daemon [_thread_in_native, id=7271, stack(0x00007fd835ab8000,0x00007fd835bb9000)]
  0x00007fd8640c8800 JavaThread "C2 CompilerThread0" daemon [_thread_in_native, id=7270, stack(0x00007fd835bb9000,0x00007fd835cba000)]
  0x00007fd8640c6000 JavaThread "JDWP Event Helper Thread" daemon [_thread_blocked, id=7267, stack(0x00007fd835dbb000,0x00007fd835ebc000)]
  0x00007fd8640b5800 JavaThread "Signal Dispatcher" daemon [_thread_blocked, id=7264, stack(0x00007fd8361c1000,0x00007fd8362c2000)]
  0x00007fd864087800 JavaThread "Finalizer" daemon [_thread_blocked, id=7263, stack(0x00007fd8362c2000,0x00007fd8363c3000)]
  0x00007fd864085800 JavaThread "Reference Handler" daemon [_thread_blocked, id=7262, stack(0x00007fd8363c3000,0x00007fd8364c4000)]
=>0x00007fd86400d000 JavaThread "main" [_thread_in_native, id=7252, stack(0x00007fd86d271000,0x00007fd86d372000)]

Other Threads:
  0x00007fd86407e800 VMThread [stack: 0x00007fd8364c4000,0x00007fd8365c5000] [id=7261]
  0x00007fd864251000 WatcherThread [stack: 0x00007fd834d4f000,0x00007fd834e50000] [id=7278]

VM state:not at safepoint (normal execution)

VM Mutex/Monitor currently owned by a thread: None

Heap:
 PSYoungGen      total 243200K, used 97799K [0x000000076ce00000, 0x000000077ce80000, 0x00000007c0000000)
  eden space 229888K, 37% used [0x000000076ce00000,0x000000077233ec00,0x000000077ae80000)
  from space 13312K, 78% used [0x000000077c180000,0x000000077cbc3120,0x000000077ce80000)
  to   space 16384K, 0% used [0x000000077ae80000,0x000000077ae80000,0x000000077be80000)
 ParOldGen       total 178176K, used 23666K [0x00000006c6a00000, 0x00000006d1800000, 0x000000076ce00000)
  object space 178176K, 13% used [0x00000006c6a00000,0x00000006c811c850,0x00000006d1800000)
 Metaspace       used 51181K, capacity 52440K, committed 52736K, reserved 1093632K
  class space    used 7302K, capacity 7577K, committed 7680K, reserved 1048576K

Card table byte_map: [0x00007fd8691c1000,0x00007fd86998d000] byte_map_base: 0x00007fd865b8c000

Marking Bits: (ParMarkBitMap*) 0x00007fd86c74bc20
 Begin Bits: [0x00007fd828350000, 0x00007fd82c1a8000)
 End Bits:   [0x00007fd82c1a8000, 0x00007fd830000000)

Polling page: 0x00007fd86d394000

CodeCache: size=245760Kb used=18127Kb max_used=18439Kb free=227632Kb
 bounds [0x00007fd855000000, 0x00007fd856230000, 0x00007fd864000000]
 total_blobs=5481 nmethods=4924 adapters=478
 compilation: enabled

Compilation events (10 events):
Event: 226.564 Thread 0x00007fd8640cf000 6009       1       java.text.NumberFormat::getMinimumFractionDigits (5 bytes)
Event: 226.564 Thread 0x00007fd8640cf000 nmethod 6009 0x00007fd855e54750 code [0x00007fd855e548a0, 0x00007fd855e549b0]
Event: 226.564 Thread 0x00007fd8640cf000 6010       1       java.text.DecimalFormatSymbols::getZeroDigit (5 bytes)
Event: 226.564 Thread 0x00007fd8640cf000 nmethod 6010 0x00007fd856046950 code [0x00007fd856046aa0, 0x00007fd856046bb0]
Event: 226.568 Thread 0x00007fd8640c8800 nmethod 6003% 0x00007fd855521610 code [0x00007fd855521780, 0x00007fd855521b18]
Event: 226.568 Thread 0x00007fd8640cb000 nmethod 6004% 0x00007fd8557a7110 code [0x00007fd8557a72a0, 0x00007fd8557a75f8]
Event: 226.570 Thread 0x00007fd8640cd000 nmethod 5978 0x00007fd856219f50 code [0x00007fd85621b080, 0x00007fd856222ec0]
Event: 226.570 Thread 0x00007fd8640cb000 6011       4       java.io.ObjectOutputStream$BlockDataOutputStream::setBlockDataMode (35 bytes)
Event: 226.574 Thread 0x00007fd8640c8800 6012       4       java.io.ObjectOutputStream$BlockDataOutputStream::drain (45 bytes)
Event: 226.575 Thread 0x00007fd8640cd000 6013       4       java.io.ObjectOutputStream$BlockDataOutputStream::write (152 bytes)

GC Heap History (10 events):
Event: 4.734 GC heap before
{Heap before GC invocations=8 (full 1):
 PSYoungGen      total 156672K, used 121935K [0x000000076ce00000, 0x000000077a280000, 0x00000007c0000000)
  eden space 141824K, 81% used [0x000000076ce00000,0x0000000773f583c8,0x0000000775880000)
  from space 14848K, 39% used [0x0000000776700000,0x0000000776cbba80,0x0000000777580000)
  to   space 14848K, 0% used [0x0000000775880000,0x0000000775880000,0x0000000776700000)
 ParOldGen       total 110592K, used 12837K [0x00000006c6a00000, 0x00000006cd600000, 0x000000076ce00000)
  object space 110592K, 11% used [0x00000006c6a00000,0x00000006c76896b8,0x00000006cd600000)
 Metaspace       used 34744K, capacity 35146K, committed 35320K, reserved 1079296K
  class space    used 4596K, capacity 4705K, committed 4736K, reserved 1048576K
Event: 4.744 GC heap after
Heap after GC invocations=8 (full 1):
 PSYoungGen      total 156672K, used 13088K [0x000000076ce00000, 0x000000077ba00000, 0x00000007c0000000)
  eden space 141824K, 0% used [0x000000076ce00000,0x000000076ce00000,0x0000000775880000)
  from space 14848K, 88% used [0x0000000775880000,0x0000000776548210,0x0000000776700000)
  to   space 16384K, 0% used [0x000000077aa00000,0x000000077aa00000,0x000000077ba00000)
 ParOldGen       total 110592K, used 12845K [0x00000006c6a00000, 0x00000006cd600000, 0x000000076ce00000)
  object space 110592K, 11% used [0x00000006c6a00000,0x00000006c768b6b8,0x00000006cd600000)
 Metaspace       used 34744K, capacity 35146K, committed 35320K, reserved 1079296K
  class space    used 4596K, capacity 4705K, committed 4736K, reserved 1048576K
}
Event: 4.744 GC heap before
{Heap before GC invocations=9 (full 2):
 PSYoungGen      total 156672K, used 13088K [0x000000076ce00000, 0x000000077ba00000, 0x00000007c0000000)
  eden space 141824K, 0% used [0x000000076ce00000,0x000000076ce00000,0x0000000775880000)
  from space 14848K, 88% used [0x0000000775880000,0x0000000776548210,0x0000000776700000)
  to   space 16384K, 0% used [0x000000077aa00000,0x000000077aa00000,0x000000077ba00000)
 ParOldGen       total 110592K, used 12845K [0x00000006c6a00000, 0x00000006cd600000, 0x000000076ce00000)
  object space 110592K, 11% used [0x00000006c6a00000,0x00000006c768b6b8,0x00000006cd600000)
 Metaspace       used 34744K, capacity 35146K, committed 35320K, reserved 1079296K
  class space    used 4596K, capacity 4705K, committed 4736K, reserved 1048576K
Event: 4.813 GC heap after
Heap after GC invocations=9 (full 2):
 PSYoungGen      total 156672K, used 0K [0x000000076ce00000, 0x000000077ba00000, 0x00000007c0000000)
  eden space 141824K, 0% used [0x000000076ce00000,0x000000076ce00000,0x0000000775880000)
  from space 14848K, 0% used [0x0000000775880000,0x0000000775880000,0x0000000776700000)
  to   space 16384K, 0% used [0x000000077aa00000,0x000000077aa00000,0x000000077ba00000)
 ParOldGen       total 178176K, used 23642K [0x00000006c6a00000, 0x00000006d1800000, 0x000000076ce00000)
  object space 178176K, 13% used [0x00000006c6a00000,0x00000006c8116850,0x00000006d1800000)
 Metaspace       used 34744K, capacity 35146K, committed 35320K, reserved 1079296K
  class space    used 4596K, capacity 4705K, committed 4736K, reserved 1048576K
}
Event: 5.618 GC heap before
{Heap before GC invocations=10 (full 2):
 PSYoungGen      total 156672K, used 141824K [0x000000076ce00000, 0x000000077ba00000, 0x00000007c0000000)
  eden space 141824K, 100% used [0x000000076ce00000,0x0000000775880000,0x0000000775880000)
  from space 14848K, 0% used [0x0000000775880000,0x0000000775880000,0x0000000776700000)
  to   space 16384K, 0% used [0x000000077aa00000,0x000000077aa00000,0x000000077ba00000)
 ParOldGen       total 178176K, used 23642K [0x00000006c6a00000, 0x00000006d1800000, 0x000000076ce00000)
  object space 178176K, 13% used [0x00000006c6a00000,0x00000006c8116850,0x00000006d1800000)
 Metaspace       used 38612K, capacity 39080K, committed 39296K, reserved 1083392K
  class space    used 5607K, capacity 5745K, committed 5760K, reserved 1048576K
Event: 5.623 GC heap after
Heap after GC invocations=10 (full 2):
 PSYoungGen      total 199168K, used 4739K [0x000000076ce00000, 0x000000077af00000, 0x00000007c0000000)
  eden space 194048K, 0% used [0x000000076ce00000,0x000000076ce00000,0x0000000778b80000)
  from space 5120K, 92% used [0x000000077aa00000,0x000000077aea0fb8,0x000000077af00000)
  to   space 16384K, 0% used [0x0000000778f00000,0x0000000778f00000,0x0000000779f00000)
 ParOldGen       total 178176K, used 23650K [0x00000006c6a00000, 0x00000006d1800000, 0x000000076ce00000)
  object space 178176K, 13% used [0x00000006c6a00000,0x00000006c8118850,0x00000006d1800000)
 Metaspace       used 38612K, capacity 39080K, committed 39296K, reserved 1083392K
  class space    used 5607K, capacity 5745K, committed 5760K, reserved 1048576K
}
Event: 9.286 GC heap before
{Heap before GC invocations=11 (full 2):
 PSYoungGen      total 199168K, used 198787K [0x000000076ce00000, 0x000000077af00000, 0x00000007c0000000)
  eden space 194048K, 100% used [0x000000076ce00000,0x0000000778b80000,0x0000000778b80000)
  from space 5120K, 92% used [0x000000077aa00000,0x000000077aea0fb8,0x000000077af00000)
  to   space 16384K, 0% used [0x0000000778f00000,0x0000000778f00000,0x0000000779f00000)
 ParOldGen       total 178176K, used 23650K [0x00000006c6a00000, 0x00000006d1800000, 0x000000076ce00000)
  object space 178176K, 13% used [0x00000006c6a00000,0x00000006c8118850,0x00000006d1800000)
 Metaspace       used 48310K, capacity 49246K, committed 49408K, reserved 1091584K
  class space    used 6924K, capacity 7146K, committed 7168K, reserved 1048576K
Event: 9.302 GC heap after
Heap after GC invocations=11 (full 2):
 PSYoungGen      total 214016K, used 12265K [0x000000076ce00000, 0x000000077d200000, 0x00000007c0000000)
  eden space 197632K, 0% used [0x000000076ce00000,0x000000076ce00000,0x0000000778f00000)
  from space 16384K, 74% used [0x0000000778f00000,0x0000000779afa4e0,0x0000000779f00000)
  to   space 16896K, 0% used [0x000000077c180000,0x000000077c180000,0x000000077d200000)
 ParOldGen       total 178176K, used 23658K [0x00000006c6a00000, 0x00000006d1800000, 0x000000076ce00000)
  object space 178176K, 13% used [0x00000006c6a00000,0x00000006c811a850,0x00000006d1800000)
 Metaspace       used 48310K, capacity 49246K, committed 49408K, reserved 1091584K
  class space    used 6924K, capacity 7146K, committed 7168K, reserved 1048576K
}
Event: 37.169 GC heap before
{Heap before GC invocations=12 (full 2):
 PSYoungGen      total 214016K, used 209897K [0x000000076ce00000, 0x000000077d200000, 0x00000007c0000000)
  eden space 197632K, 100% used [0x000000076ce00000,0x0000000778f00000,0x0000000778f00000)
  from space 16384K, 74% used [0x0000000778f00000,0x0000000779afa4e0,0x0000000779f00000)
  to   space 16896K, 0% used [0x000000077c180000,0x000000077c180000,0x000000077d200000)
 ParOldGen       total 178176K, used 23658K [0x00000006c6a00000, 0x00000006d1800000, 0x000000076ce00000)
  object space 178176K, 13% used [0x00000006c6a00000,0x00000006c811a850,0x00000006d1800000)
 Metaspace       used 50690K, capacity 51830K, committed 51840K, reserved 1093632K
  class space    used 7266K, capacity 7550K, committed 7552K, reserved 1048576K
Event: 37.184 GC heap after
Heap after GC invocations=12 (full 2):
 PSYoungGen      total 243200K, used 10508K [0x000000076ce00000, 0x000000077ce80000, 0x00000007c0000000)
  eden space 229888K, 0% used [0x000000076ce00000,0x000000076ce00000,0x000000077ae80000)
  from space 13312K, 78% used [0x000000077c180000,0x000000077cbc3120,0x000000077ce80000)
  to   space 16384K, 0% used [0x000000077ae80000,0x000000077ae80000,0x000000077be80000)
 ParOldGen       total 178176K, used 23666K [0x00000006c6a00000, 0x00000006d1800000, 0x000000076ce00000)
  object space 178176K, 13% used [0x00000006c6a00000,0x00000006c811c850,0x00000006d1800000)
 Metaspace       used 50690K, capacity 51830K, committed 51840K, reserved 1093632K
  class space    used 7266K, capacity 7550K, committed 7552K, reserved 1048576K
}

Deoptimization events (10 events):
Event: 226.459 Thread 0x00007fd86400d000 Uncommon trap: reason=unreached action=reinterpret pc=0x00007fd855b4b5ec method=org.hsqldb.store.BaseHashMap.clearElementArrays(II)V @ 185
Event: 226.461 Thread 0x00007fd79c7c8800 Uncommon trap: reason=unreached action=reinterpret pc=0x00007fd856200ec0 method=org.hsqldb.lib.HsqlTimer$TaskQueue.peekTask()Lorg/hsqldb/lib/HsqlTimer$Task; @ 6
Event: 226.568 Thread 0x00007fd86400d000 Uncommon trap: reason=bimorphic action=maybe_recompile pc=0x00007fd855bbc9ac method=java.io.ObjectOutputStream$BlockDataOutputStream.drain()V @ 36
Event: 226.568 Thread 0x00007fd86400d000 Uncommon trap: reason=bimorphic action=maybe_recompile pc=0x00007fd855bbc9ac method=java.io.ObjectOutputStream$BlockDataOutputStream.drain()V @ 36
Event: 226.568 Thread 0x00007fd86400d000 Uncommon trap: reason=bimorphic action=maybe_recompile pc=0x00007fd8557cce5c method=java.io.ObjectOutputStream$BlockDataOutputStream.drain()V @ 36
Event: 226.568 Thread 0x00007fd86400d000 Uncommon trap: reason=class_check action=maybe_recompile pc=0x00007fd855fa8e38 method=java.io.ObjectOutputStream$BlockDataOutputStream.write([BIIZ)V @ 23
Event: 226.569 Thread 0x00007fd86400d000 Uncommon trap: reason=class_check action=maybe_recompile pc=0x00007fd855fa8e38 method=java.io.ObjectOutputStream$BlockDataOutputStream.write([BIIZ)V @ 23
Event: 226.570 Thread 0x00007fd86400d000 Uncommon trap: reason=class_check action=maybe_recompile pc=0x00007fd855fa8e38 method=java.io.ObjectOutputStream$BlockDataOutputStream.write([BIIZ)V @ 23
Event: 226.571 Thread 0x00007fd86400d000 Uncommon trap: reason=class_check action=maybe_recompile pc=0x00007fd855fa8e38 method=java.io.ObjectOutputStream$BlockDataOutputStream.write([BIIZ)V @ 23
Event: 226.573 Thread 0x00007fd86400d000 Uncommon trap: reason=class_check action=maybe_recompile pc=0x00007fd855f927a8 method=java.io.ObjectOutputStream$BlockDataOutputStream.write([BIIZ)V @ 23

Internal exceptions (10 events):
Event: 226.561 Thread 0x00007fd86400d000 Exception <a 'java/security/PrivilegedActionException'> (0x0000000771821b58) thrown at [/HUDSON/workspace/8-2-build-linux-amd64/jdk8u20/526.nc/hotspot/src/share/vm/prims/jvm.cpp, line 1258]
Event: 226.561 Thread 0x00007fd86400d000 Exception <a 'java/security/PrivilegedActionException'> (0x0000000771822590) thrown at [/HUDSON/workspace/8-2-build-linux-amd64/jdk8u20/526.nc/hotspot/src/share/vm/prims/jvm.cpp, line 1258]
Event: 226.562 Thread 0x00007fd86400d000 Exception <a 'java/security/PrivilegedActionException'> (0x0000000771834a18) thrown at [/HUDSON/workspace/8-2-build-linux-amd64/jdk8u20/526.nc/hotspot/src/share/vm/prims/jvm.cpp, line 1258]
Event: 226.562 Thread 0x00007fd86400d000 Exception <a 'java/security/PrivilegedActionException'> (0x00000007718355b8) thrown at [/HUDSON/workspace/8-2-build-linux-amd64/jdk8u20/526.nc/hotspot/src/share/vm/prims/jvm.cpp, line 1258]
Event: 226.571 Thread 0x00007fd86400d000 Exception <a 'java/security/PrivilegedActionException'> (0x000000077185c208) thrown at [/HUDSON/workspace/8-2-build-linux-amd64/jdk8u20/526.nc/hotspot/src/share/vm/prims/jvm.cpp, line 1258]
Event: 226.571 Thread 0x00007fd86400d000 Exception <a 'java/security/PrivilegedActionException'> (0x000000077185d1e8) thrown at [/HUDSON/workspace/8-2-build-linux-amd64/jdk8u20/526.nc/hotspot/src/share/vm/prims/jvm.cpp, line 1258]
Event: 226.572 Thread 0x00007fd86400d000 Exception <a 'java/security/PrivilegedActionException'> (0x0000000771878b20) thrown at [/HUDSON/workspace/8-2-build-linux-amd64/jdk8u20/526.nc/hotspot/src/share/vm/prims/jvm.cpp, line 1258]
Event: 226.572 Thread 0x00007fd86400d000 Exception <a 'java/security/PrivilegedActionException'> (0x0000000771879b90) thrown at [/HUDSON/workspace/8-2-build-linux-amd64/jdk8u20/526.nc/hotspot/src/share/vm/prims/jvm.cpp, line 1258]
Event: 226.573 Thread 0x00007fd86400d000 Exception <a 'java/security/PrivilegedActionException'> (0x000000077188a250) thrown at [/HUDSON/workspace/8-2-build-linux-amd64/jdk8u20/526.nc/hotspot/src/share/vm/prims/jvm.cpp, line 1258]
Event: 226.573 Thread 0x00007fd86400d000 Exception <a 'java/security/PrivilegedActionException'> (0x000000077188b270) thrown at [/HUDSON/workspace/8-2-build-linux-amd64/jdk8u20/526.nc/hotspot/src/share/vm/prims/jvm.cpp, line 1258]

Events (10 events):
Event: 226.574 Thread 0x00007fd86400d000 DEOPT PACKING pc=0x00007fd8555a218c sp=0x00007fd86d36def0
Event: 226.574 Thread 0x00007fd86400d000 DEOPT UNPACKING pc=0x00007fd85504741a sp=0x00007fd86d36dcb8 mode 1
Event: 226.574 Thread 0x00007fd86400d000 DEOPT PACKING pc=0x00007fd855230464 sp=0x00007fd86d36de60
Event: 226.574 Thread 0x00007fd86400d000 DEOPT UNPACKING pc=0x00007fd85504741a sp=0x00007fd86d36dc38 mode 1
Event: 226.574 Thread 0x00007fd86400d000 DEOPT PACKING pc=0x00007fd855230464 sp=0x00007fd86d36de20
Event: 226.574 Thread 0x00007fd86400d000 DEOPT UNPACKING pc=0x00007fd85504741a sp=0x00007fd86d36dbe0 mode 1
Event: 226.574 Thread 0x00007fd86400d000 DEOPT PACKING pc=0x00007fd8555a218c sp=0x00007fd86d36def0
Event: 226.574 Thread 0x00007fd86400d000 DEOPT UNPACKING pc=0x00007fd85504741a sp=0x00007fd86d36dcb8 mode 1
Event: 226.574 Thread 0x00007fd86400d000 DEOPT PACKING pc=0x00007fd855230464 sp=0x00007fd86d36de60
Event: 226.574 Thread 0x00007fd86400d000 DEOPT UNPACKING pc=0x00007fd85504741a sp=0x00007fd86d36dc38 mode 1


Dynamic libraries:
00400000-00401000 r-xp 00000000 08:06 19938758                           /usr/lib/jvm/jdk1.8.0_20/bin/java
00600000-00601000 rw-p 00000000 08:06 19938758                           /usr/lib/jvm/jdk1.8.0_20/bin/java
01cdb000-01cfc000 rw-p 00000000 00:00 0                                  [heap]
6c6a00000-6d1800000 rw-p 00000000 00:00 0 
6d1800000-76ce00000 ---p 00000000 00:00 0 
76ce00000-77ce80000 rw-p 00000000 00:00 0 
77ce80000-7c0000000 ---p 00000000 00:00 0 
7c0000000-7c0780000 rw-p 00000000 00:00 0 
7c0780000-800000000 ---p 00000000 00:00 0 
7fd750000000-7fd750021000 rw-p 00000000 00:00 0 
7fd750021000-7fd754000000 ---p 00000000 00:00 0 
7fd754000000-7fd754021000 rw-p 00000000 00:00 0 
7fd754021000-7fd758000000 ---p 00000000 00:00 0 
7fd758000000-7fd758021000 rw-p 00000000 00:00 0 
7fd758021000-7fd75c000000 ---p 00000000 00:00 0 
7fd75c000000-7fd75c021000 rw-p 00000000 00:00 0 
7fd75c021000-7fd760000000 ---p 00000000 00:00 0 
7fd760000000-7fd760021000 rw-p 00000000 00:00 0 
7fd760021000-7fd764000000 ---p 00000000 00:00 0 
7fd764000000-7fd764021000 rw-p 00000000 00:00 0 
7fd764021000-7fd768000000 ---p 00000000 00:00 0 
7fd768000000-7fd76804d000 rw-p 00000000 00:00 0 
7fd76804d000-7fd76c000000 ---p 00000000 00:00 0 
7fd76c000000-7fd76c021000 rw-p 00000000 00:00 0 
7fd76c021000-7fd770000000 ---p 00000000 00:00 0 
7fd770000000-7fd770021000 rw-p 00000000 00:00 0 
7fd770021000-7fd774000000 ---p 00000000 00:00 0 
7fd774000000-7fd7745ac000 rw-p 00000000 00:00 0 
7fd7745ac000-7fd778000000 ---p 00000000 00:00 0 
7fd778000000-7fd778021000 rw-p 00000000 00:00 0 
7fd778021000-7fd77c000000 ---p 00000000 00:00 0 
7fd77c000000-7fd77c021000 rw-p 00000000 00:00 0 
7fd77c021000-7fd780000000 ---p 00000000 00:00 0 
7fd780000000-7fd780021000 rw-p 00000000 00:00 0 
7fd780021000-7fd784000000 ---p 00000000 00:00 0 
7fd784000000-7fd784021000 rw-p 00000000 00:00 0 
7fd784021000-7fd788000000 ---p 00000000 00:00 0 
7fd788000000-7fd788021000 rw-p 00000000 00:00 0 
7fd788021000-7fd78c000000 ---p 00000000 00:00 0 
7fd78c000000-7fd78c021000 rw-p 00000000 00:00 0 
7fd78c021000-7fd790000000 ---p 00000000 00:00 0 
7fd790000000-7fd7900e8000 rw-p 00000000 00:00 0 
7fd7900e8000-7fd794000000 ---p 00000000 00:00 0 
7fd794000000-7fd794021000 rw-p 00000000 00:00 0 
7fd794021000-7fd798000000 ---p 00000000 00:00 0 
7fd799d03000-7fd799f03000 rw-p 00000000 00:00 0 
7fd799f03000-7fd799f1a000 r-xp 00000000 08:06 15602148                   /lib/x86_64-linux-gnu/libresolv-2.19.so
7fd799f1a000-7fd79a11a000 ---p 00017000 08:06 15602148                   /lib/x86_64-linux-gnu/libresolv-2.19.so
7fd79a11a000-7fd79a11b000 r--p 00017000 08:06 15602148                   /lib/x86_64-linux-gnu/libresolv-2.19.so
7fd79a11b000-7fd79a11c000 rw-p 00018000 08:06 15602148                   /lib/x86_64-linux-gnu/libresolv-2.19.so
7fd79a11c000-7fd79a11e000 rw-p 00000000 00:00 0 
7fd79a11e000-7fd79a123000 r-xp 00000000 08:06 15602324                   /lib/x86_64-linux-gnu/libnss_dns-2.19.so
7fd79a123000-7fd79a322000 ---p 00005000 08:06 15602324                   /lib/x86_64-linux-gnu/libnss_dns-2.19.so
7fd79a322000-7fd79a323000 r--p 00004000 08:06 15602324                   /lib/x86_64-linux-gnu/libnss_dns-2.19.so
7fd79a323000-7fd79a324000 rw-p 00005000 08:06 15602324                   /lib/x86_64-linux-gnu/libnss_dns-2.19.so
7fd79a324000-7fd79a326000 r-xp 00000000 08:06 15601607                   /lib/x86_64-linux-gnu/libnss_mdns4_minimal.so.2
7fd79a326000-7fd79a525000 ---p 00002000 08:06 15601607                   /lib/x86_64-linux-gnu/libnss_mdns4_minimal.so.2
7fd79a525000-7fd79a526000 r--p 00001000 08:06 15601607                   /lib/x86_64-linux-gnu/libnss_mdns4_minimal.so.2
7fd79a526000-7fd79a527000 rw-p 00002000 08:06 15601607                   /lib/x86_64-linux-gnu/libnss_mdns4_minimal.so.2
7fd79a527000-7fd79a727000 rw-p 00000000 00:00 0 
7fd79a727000-7fd79a72a000 ---p 00000000 00:00 0 
7fd79a72a000-7fd79aa28000 rw-p 00000000 00:00 0                          [stack:7327]
7fd79ab0d000-7fd79ab10000 ---p 00000000 00:00 0 
7fd79ab10000-7fd79ac0e000 rw-p 00000000 00:00 0                          [stack:7326]
7fd79ac0e000-7fd79ac11000 ---p 00000000 00:00 0 
7fd79ac11000-7fd79ad0f000 rw-p 00000000 00:00 0                          [stack:7325]
7fd79ad0f000-7fd79ad12000 ---p 00000000 00:00 0 
7fd79ad12000-7fd79b010000 rw-p 00000000 00:00 0                          [stack:7324]
7fd79b0f3000-7fd79b0f6000 ---p 00000000 00:00 0 
7fd79b0f6000-7fd79b1f4000 rw-p 00000000 00:00 0                          [stack:7392]
7fd79b1f4000-7fd79b1f7000 ---p 00000000 00:00 0 
7fd79b1f7000-7fd79b2f5000 rw-p 00000000 00:00 0 
7fd79b2f5000-7fd79b2f8000 ---p 00000000 00:00 0 
7fd79b2f8000-7fd79b3f6000 rw-p 00000000 00:00 0 
7fd79b3f6000-7fd79b3f9000 ---p 00000000 00:00 0 
7fd79b3f9000-7fd79b4f7000 rw-p 00000000 00:00 0 
7fd79b4f7000-7fd79b4fa000 ---p 00000000 00:00 0 
7fd79b4fa000-7fd79b7f8000 rw-p 00000000 00:00 0                          [stack:7319]
7fd79b7f8000-7fd79b7fb000 ---p 00000000 00:00 0 
7fd79b7fb000-7fd79b8f9000 rw-p 00000000 00:00 0 
7fd79b8f9000-7fd79b8fc000 ---p 00000000 00:00 0 
7fd79b8fc000-7fd79b9fa000 rw-p 00000000 00:00 0 
7fd79b9fa000-7fd79b9fd000 ---p 00000000 00:00 0 
7fd79b9fd000-7fd79bafb000 rw-p 00000000 00:00 0 
7fd79bafb000-7fd79bafe000 ---p 00000000 00:00 0 
7fd79bafe000-7fd79bbfc000 rw-p 00000000 00:00 0 
7fd79bbfc000-7fd79bbff000 ---p 00000000 00:00 0 
7fd79bbff000-7fd79bcfd000 rw-p 00000000 00:00 0 
7fd79bcfd000-7fd79bd00000 ---p 00000000 00:00 0 
7fd79bd00000-7fd79bdfe000 rw-p 00000000 00:00 0 
7fd79bdfe000-7fd79be01000 ---p 00000000 00:00 0 
7fd79be01000-7fd79beff000 rw-p 00000000 00:00 0 
7fd79beff000-7fd79bf02000 ---p 00000000 00:00 0 
7fd79bf02000-7fd79c000000 rw-p 00000000 00:00 0 
7fd79c000000-7fd79cb8a000 rw-p 00000000 00:00 0 
7fd79cb8a000-7fd7a0000000 ---p 00000000 00:00 0 
7fd7a0000000-7fd7a0021000 rw-p 00000000 00:00 0 
7fd7a0021000-7fd7a4000000 ---p 00000000 00:00 0 
7fd7a4000000-7fd7a4021000 rw-p 00000000 00:00 0 
7fd7a4021000-7fd7a8000000 ---p 00000000 00:00 0 
7fd7a8000000-7fd7a8084000 rw-p 00000000 00:00 0 
7fd7a8084000-7fd7ac000000 ---p 00000000 00:00 0 
7fd7ac000000-7fd7ac021000 rw-p 00000000 00:00 0 
7fd7ac021000-7fd7b0000000 ---p 00000000 00:00 0 
7fd7b0000000-7fd7b0021000 rw-p 00000000 00:00 0 
7fd7b0021000-7fd7b4000000 ---p 00000000 00:00 0 
7fd7b4000000-7fd7b405d000 rw-p 00000000 00:00 0 
7fd7b405d000-7fd7b8000000 ---p 00000000 00:00 0 
7fd7b8000000-7fd7b8021000 rw-p 00000000 00:00 0 
7fd7b8021000-7fd7bc000000 ---p 00000000 00:00 0 
7fd7bc000000-7fd7bc021000 rw-p 00000000 00:00 0 
7fd7bc021000-7fd7c0000000 ---p 00000000 00:00 0 
7fd7c0000000-7fd7c0021000 rw-p 00000000 00:00 0 
7fd7c0021000-7fd7c4000000 ---p 00000000 00:00 0 
7fd7c4000000-7fd7c4021000 rw-p 00000000 00:00 0 
7fd7c4021000-7fd7c8000000 ---p 00000000 00:00 0 
7fd7c8000000-7fd7c8021000 rw-p 00000000 00:00 0 
7fd7c8021000-7fd7cc000000 ---p 00000000 00:00 0 
7fd7cc000000-7fd7cc503000 rw-p 00000000 00:00 0 
7fd7cc503000-7fd7d0000000 ---p 00000000 00:00 0 
7fd7d0000000-7fd7d015c000 rw-p 00000000 00:00 0 
7fd7d015c000-7fd7d4000000 ---p 00000000 00:00 0 
7fd7d4000000-7fd7d4021000 rw-p 00000000 00:00 0 
7fd7d4021000-7fd7d8000000 ---p 00000000 00:00 0 
7fd7d8000000-7fd7d8021000 rw-p 00000000 00:00 0 
7fd7d8021000-7fd7dc000000 ---p 00000000 00:00 0 
7fd7dc000000-7fd7dc021000 rw-p 00000000 00:00 0 
7fd7dc021000-7fd7e0000000 ---p 00000000 00:00 0 
7fd7e002f000-7fd7e0032000 ---p 00000000 00:00 0 
7fd7e0032000-7fd7e0330000 rw-p 00000000 00:00 0 
7fd7e0330000-7fd7e0530000 rw-p 00000000 00:00 0 
7fd7e0530000-7fd7e0537000 r--s 00000000 08:06 15863595                   /usr/lib/x86_64-linux-gnu/gconv/gconv-modules.cache
7fd7e0645000-7fd7e0845000 rw-p 00000000 00:00 0 
7fd7e0845000-7fd7e0a45000 rw-p 00000000 00:00 0 
7fd7e0a45000-7fd7e0c45000 rw-p 00000000 00:00 0 
7fd7e0c45000-7fd7e0c48000 ---p 00000000 00:00 0 
7fd7e0c48000-7fd7e0f46000 rw-p 00000000 00:00 0 
7fd7e0f46000-7fd7e1146000 rw-p 00000000 00:00 0 
7fd7e1146000-7fd7e1148000 r--s 00003000 08:06 659381                     /usr/local/development/dev-7-7/Ignition/IgnitionWebApp/src/main/home/temp/sfc-gateway-api2233472997970753382.jar
7fd7e1148000-7fd7e114b000 r--s 00019000 08:06 659380                     /usr/local/development/dev-7-7/Ignition/IgnitionWebApp/src/main/home/temp/sfc-gateway6011107904683330545.jar
7fd7e114b000-7fd7e114e000 r--s 00016000 08:06 659379                     /usr/local/development/dev-7-7/Ignition/IgnitionWebApp/src/main/home/temp/sfc-common6779058388115654650.jar
7fd7e114e000-7fd7e1152000 r--s 000be000 08:06 658865                     /usr/local/development/dev-7-7/Ignition/IgnitionWebApp/src/main/home/temp/vis-gateway706501501154196536.jar
7fd7e1152000-7fd7e115a000 r--s 0009e000 08:06 657830                     /usr/local/development/dev-7-7/Ignition/IgnitionWebApp/src/main/home/temp/secsgem-gateway5811221926165779888.jar
7fd7e115a000-7fd7e135a000 rw-p 00000000 00:00 0 
7fd7e155c000-7fd7e155f000 ---p 00000000 00:00 0 
7fd7e155f000-7fd7e165d000 rw-p 00000000 00:00 0 
7fd7e165d000-7fd7e1660000 ---p 00000000 00:00 0 
7fd7e1660000-7fd7e175e000 rw-p 00000000 00:00 0 
7fd7e175e000-7fd7e1761000 ---p 00000000 00:00 0 
7fd7e1761000-7fd7e1a5f000 rw-p 00000000 00:00 0 
7fd7e1a5f000-7fd7e1a72000 r--s 00345000 08:06 20582253                   /usr/lib/jvm/jdk1.8.0_20/jre/lib/resources.jar
7fd7e1a72000-7fd7e1a75000 ---p 00000000 00:00 0 
7fd7e1a75000-7fd7e1d74000 rw-p 00000000 00:00 0 
7fd7e1d74000-7fd7e1d75000 r--s 00002000 08:06 658870                     /usr/local/development/dev-7-7/Ignition/IgnitionWebApp/src/main/home/temp/vis-common955719215290167417.jar
7fd7e1d75000-7fd7e1d76000 r--s 00004000 08:06 658859                     /usr/local/development/dev-7-7/Ignition/IgnitionWebApp/src/main/home/temp/secsgem-shared3527194577793639881.jar
7fd7e1d76000-7fd7e1d77000 r--s 00000000 08:06 2374863                    /usr/local/development/dev-7-7/Ignition/IgnitionWebApp/target/ignition-webapp-7.7/WEB-INF/lib/xopc-common-2.7.2-SNAPSHOT.jar
7fd7e1d77000-7fd7e1d8f000 r--s 000f6000 08:06 2374859                    /usr/local/development/dev-7-7/Ignition/IgnitionWebApp/target/ignition-webapp-7.7/WEB-INF/lib/xopc-2.7.2-SNAPSHOT.jar
7fd7e1d8f000-7fd7e1d9c000 r--s 000a0000 08:06 2374890                    /usr/local/development/dev-7-7/Ignition/IgnitionWebApp/target/ignition-webapp-7.7/WEB-INF/lib/winpack-3.8.3.jar
7fd7e1d9c000-7fd7e1da6000 r--s 0005c000 08:06 2365026                    /usr/local/development/dev-7-7/Ignition/IgnitionWebApp/target/ignition-webapp-7.7/WEB-INF/lib/wicket-util-6.1.1.jar
7fd7e1da6000-7fd7e1da9000 r--s 00012000 08:06 2365027                    /usr/local/development/dev-7-7/Ignition/IgnitionWebApp/target/ignition-webapp-7.7/WEB-INF/lib/wicket-request-6.1.1.jar
7fd7e1da9000-7fd7e1dbb000 r--s 00138000 08:06 2374825                    /usr/local/development/dev-7-7/Ignition/IgnitionWebApp/target/ignition-webapp-7.7/WEB-INF/lib/wicket-extensions-6.1.1.jar
7fd7e1dbb000-7fd7e1dbe000 r--s 00038000 08:06 2374824                    /usr/local/development/dev-7-7/Ignition/IgnitionWebApp/target/ignition-webapp-7.7/WEB-INF/lib/wicket-datetime-6.1.1.jar
7fd7e1dbe000-7fd7e1de1000 r--s 001a3000 08:06 2365025                    /usr/local/development/dev-7-7/Ignition/IgnitionWebApp/target/ignition-webapp-7.7/WEB-INF/lib/wicket-core-6.1.1.jar
7fd7e1de1000-7fd7e1de3000 r--s 0012e000 08:06 2374875                    /usr/local/development/dev-7-7/Ignition/IgnitionWebApp/target/ignition-webapp-7.7/WEB-INF/lib/voice-cmu-slt-hsmm-5.0.jar
7fd7e1de3000-7fd7e1de4000 r--s 00006000 08:06 2374865                    /usr/local/development/dev-7-7/Ignition/IgnitionWebApp/target/ignition-webapp-7.7/WEB-INF/lib/user-manual-module-1.7.0-20131026.004611-6.jar
7fd7e1de4000-7fd7e1de5000 r--s 00268000 08:06 2374876                    /usr/local/development/dev-7-7/Ignition/IgnitionWebApp/target/ignition-webapp-7.7/WEB-INF/lib/ttsengine-ivona-2.7.2-SNAPSHOT.jar
7fd7e1de5000-7fd7e1de8000 r--s 00017000 08:06 2374845                    /usr/local/development/dev-7-7/Ignition/IgnitionWebApp/target/ignition-webapp-7.7/WEB-INF/lib/timingframework-1.0.jar
7fd7e1de8000-7fd7e1dea000 r--s 00001000 08:06 2365014                    /usr/local/development/dev-7-7/Ignition/IgnitionWebApp/target/ignition-webapp-7.7/WEB-INF/lib/slf4j-log4j12-1.7.5.jar
7fd7e1dea000-7fd7e1dec000 r--s 00005000 08:06 2365013                    /usr/local/development/dev-7-7/Ignition/IgnitionWebApp/target/ignition-webapp-7.7/WEB-INF/lib/slf4j-api-1.7.5.jar
7fd7e1dec000-7fd7e1df6000 r--s 00061000 08:06 2374872                    /usr/local/development/dev-7-7/Ignition/IgnitionWebApp/target/ignition-webapp-7.7/WEB-INF/lib/sip-notification-2.7.2-SNAPSHOT.jar
7fd7e1df6000-7fd7e1df9000 r--s 0001f000 08:06 4198523                    /usr/local/development/dev-7-7/Ignition/IgnitionWebApp/target/ignition-webapp-7.7/WEB-INF/lib/simple-orm-7.7.2-SNAPSHOT.jar
7fd7e1df9000-7fd7e1dfb000 r--s 00003000 08:06 2374881                    /usr/local/development/dev-7-7/Ignition/IgnitionWebApp/target/ignition-webapp-7.7/WEB-INF/lib/sfc-gateway-api-1.7.1-SNAPSHOT.jar
7fd7e1dfb000-7fd7e1dfe000 r--s 00019000 08:06 2374880                    /usr/local/development/dev-7-7/Ignition/IgnitionWebApp/target/ignition-webapp-7.7/WEB-INF/lib/sfc-gateway-1.7.1-SNAPSHOT.jar
7fd7e1dfe000-7fd7e1e01000 r--s 00016000 08:06 2374882                    /usr/local/development/dev-7-7/Ignition/IgnitionWebApp/target/ignition-webapp-7.7/WEB-INF/lib/sfc-common-1.7.1-SNAPSHOT.jar
7fd7e1e01000-7fd7e1e03000 r--s 0000f000 08:06 2374885                    /usr/local/development/dev-7-7/Ignition/IgnitionWebApp/target/ignition-webapp-7.7/WEB-INF/lib/serialio-8.7.0.jar
7fd7e1e03000-7fd7e1e05000 r--s 00028000 08:06 2374883                    /usr/local/development/dev-7-7/Ignition/IgnitionWebApp/target/ignition-webapp-7.7/WEB-INF/lib/serial-support-gateway-2.7.2-SNAPSHOT.jar
7fd7e1e05000-7fd7e1e07000 r--s 00002000 08:06 2374884                    /usr/local/development/dev-7-7/Ignition/IgnitionWebApp/target/ignition-webapp-7.7/WEB-INF/lib/serial-support-common-2.7.2-SNAPSHOT.jar
7fd7e1e07000-7fd7e1e0c000 r--s 0003e000 08:06 2374832                    /usr/local/development/dev-7-7/Ignition/IgnitionWebApp/target/ignition-webapp-7.7/WEB-INF/lib/saaj-impl-1.3.jar
7fd7e1e0c000-7fd7e1e0e000 r--s 00003000 08:06 2374833                    /usr/local/development/dev-7-7/Ignition/IgnitionWebApp/target/ignition-webapp-7.7/WEB-INF/lib/saaj-api-1.3.jar
7fd7e1e0e000-7fd7e1e18000 r--s 0005c000 08:06 2374887                    /usr/local/development/dev-7-7/Ignition/IgnitionWebApp/target/ignition-webapp-7.7/WEB-INF/lib/opccom-gateway-2.7.2-SNAPSHOT.jar
7fd7e1e18000-7fd7e1e19000 r--s 00001000 08:06 2374886                    /usr/local/development/dev-7-7/Ignition/IgnitionWebApp/target/ignition-webapp-7.7/WEB-INF/lib/opccom-common-2.7.2-SNAPSHOT.jar
7fd7e1e19000-7fd7e1e1e000 r--s 00086000 08:06 2374878                    /usr/local/development/dev-7-7/Ignition/IgnitionWebApp/target/ignition-webapp-7.7/WEB-INF/lib/mobile-gateway-2.7.2-SNAPSHOT.jar
7fd7e1e1e000-7fd7e1e20000 r--s 00002000 08:06 2374879                    /usr/local/development/dev-7-7/Ignition/IgnitionWebApp/target/ignition-webapp-7.7/WEB-INF/lib/mobile-common-2.7.2-SNAPSHOT.jar
7fd7e1e20000-7fd7e1e21000 r--s 00003000 08:06 2374849                    /usr/local/development/dev-7-7/Ignition/IgnitionWebApp/target/ignition-webapp-7.7/WEB-INF/lib/miglayout-swing-4.2.jar
7fd7e1e21000-7fd7e1e23000 r--s 0000f000 08:06 2374850                    /usr/local/development/dev-7-7/Ignition/IgnitionWebApp/target/ignition-webapp-7.7/WEB-INF/lib/miglayout-core-4.2.jar
7fd7e1e23000-7fd7e1e26000 r--s 00012000 08:06 2365017                    /usr/local/development/dev-7-7/Ignition/IgnitionWebApp/target/ignition-webapp-7.7/WEB-INF/lib/metrics-core-3.0.1.jar
7fd7e1e26000-7fd7e1e95000 r--s 007bb000 08:06 2374873                    /usr/local/development/dev-7-7/Ignition/IgnitionWebApp/target/ignition-webapp-7.7/WEB-INF/lib/marytts-server-5.0.jar
7fd7e1e95000-7fd7e1e98000 r--s 0069c000 08:06 2374874                    /usr/local/development/dev-7-7/Ignition/IgnitionWebApp/target/ignition-webapp-7.7/WEB-INF/lib/marytts-lang-en-5.0.jar
7fd7e1e98000-7fd7e1ea0000 r--s 00075000 08:06 2374828                    /usr/local/development/dev-7-7/Ignition/IgnitionWebApp/target/ignition-webapp-7.7/WEB-INF/lib/mail-1.4.5.jar
7fd7e1ea0000-7fd7e1ea9000 r--s 0006f000 08:06 2374892                    /usr/local/development/dev-7-7/Ignition/IgnitionWebApp/target/ignition-webapp-7.7/WEB-INF/lib/log4j-1.2.17.jar
7fd7e1ea9000-7fd7e1eb0000 r--s 00059000 08:06 2365012                    /usr/local/development/dev-7-7/Ignition/IgnitionWebApp/target/ignition-webapp-7.7/WEB-INF/lib/log4j-1.2.15.jar
7fd7e1eb0000-7fd7e1f4d000 r--s 0082e000 08:06 2365008                    /usr/local/development/dev-7-7/Ignition/IgnitionWebApp/target/ignition-webapp-7.7/WEB-INF/lib/jython-2.5.3-guava-upgrade.jar
7fd7e1f4d000-7fd7e1f4e000 r--s 00001000 08:06 2365015                    /usr/local/development/dev-7-7/Ignition/IgnitionWebApp/target/ignition-webapp-7.7/WEB-INF/lib/jul-to-slf4j-1.7.5.jar
7fd7e1f4e000-7fd7e1f54000 r--s 00036000 08:06 2374826                    /usr/local/development/dev-7-7/Ignition/IgnitionWebApp/target/ignition-webapp-7.7/WEB-INF/lib/jquery-ui-core-6.1.0.jar
7fd7e1f54000-7fd7e1f63000 r--s 0007c000 08:06 2365018                    /usr/local/development/dev-7-7/Ignition/IgnitionWebApp/target/ignition-webapp-7.7/WEB-INF/lib/joda-time-2.0.jar
7fd7e1f63000-7fd7e1f67000 r--s 00037000 08:06 2374889                    /usr/local/development/dev-7-7/Ignition/IgnitionWebApp/target/ignition-webapp-7.7/WEB-INF/lib/jniwrap-3.8.3.jar
7fd7e1f67000-7fd7e1f69000 r--s 00011000 08:06 2374858                    /usr/local/development/dev-7-7/Ignition/IgnitionWebApp/target/ignition-webapp-7.7/WEB-INF/lib/jide-shortcut-3.5.13.jar
7fd7e1f69000-7fd7e1f6d000 r--s 00022000 08:06 2374853                    /usr/local/development/dev-7-7/Ignition/IgnitionWebApp/target/ignition-webapp-7.7/WEB-INF/lib/jide-plaf-3.5.13.jar
7fd7e1f6d000-7fd7e1f93000 r--s 001da000 08:06 2374852                    /usr/local/development/dev-7-7/Ignition/IgnitionWebApp/target/ignition-webapp-7.7/WEB-INF/lib/jide-grids-3.5.13.jar
7fd7e1f93000-7fd7e1f9d000 r--s 00061000 08:06 2374857                    /usr/local/development/dev-7-7/Ignition/IgnitionWebApp/target/ignition-webapp-7.7/WEB-INF/lib/jide-editor-3.5.13.jar
7fd7e1f9d000-7fd7e1fa3000 r--s 0004f000 08:06 2374856                    /usr/local/development/dev-7-7/Ignition/IgnitionWebApp/target/ignition-webapp-7.7/WEB-INF/lib/jide-dock-3.5.13.jar
7fd7e1fa3000-7fd7e1fa5000 r--s 0000c000 08:06 2374855                    /usr/local/development/dev-7-7/Ignition/IgnitionWebApp/target/ignition-webapp-7.7/WEB-INF/lib/jide-dialogs-3.5.13.jar
7fd7e1fa5000-7fd7e1fad000 r--s 00055000 08:06 2374851                    /usr/local/development/dev-7-7/Ignition/IgnitionWebApp/target/ignition-webapp-7.7/WEB-INF/lib/jide-components-3.5.13.jar
7fd7e1fad000-7fd7e1fca000 r--s 00155000 08:06 2365016                    /usr/local/development/dev-7-7/Ignition/IgnitionWebApp/target/ignition-webapp-7.7/WEB-INF/lib/jide-common-3.5.13.jar
7fd7e1fca000-7fd7e1fcf000 r--s 0002f000 08:06 2374854                    /usr/local/development/dev-7-7/Ignition/IgnitionWebApp/target/ignition-webapp-7.7/WEB-INF/lib/jide-action-3.5.13.jar
7fd7e1fcf000-7fd7e1fe3000 r--s 0017c000 08:06 2374847                    /usr/local/development/dev-7-7/Ignition/IgnitionWebApp/target/ignition-webapp-7.7/WEB-INF/lib/jfreechart-min-1.0.0.jar
7fd7e1fe3000-7fd7e1fe5000 r--s 00004000 08:06 2374834                    /usr/local/development/dev-7-7/Ignition/IgnitionWebApp/target/ignition-webapp-7.7/WEB-INF/lib/jaxrpc-spi-1.1.3_01.jar
7fd7e1fe5000-7fd7e2002000 r--s 001ea000 08:06 2374830                    /usr/local/development/dev-7-7/Ignition/IgnitionWebApp/target/ignition-webapp-7.7/WEB-INF/lib/jaxrpc-impl-1.1.3_01.jar
7fd7e2002000-7fd7e2004000 r--s 00005000 08:06 2374831                    /usr/local/development/dev-7-7/Ignition/IgnitionWebApp/target/ignition-webapp-7.7/WEB-INF/lib/jaxrpc-api-1.1.jar
7fd7e2004000-7fd7e2006000 r--s 00013000 08:06 2365010                    /usr/local/development/dev-7-7/Ignition/IgnitionWebApp/target/ignition-webapp-7.7/WEB-INF/lib/java-cup-10k.jar
7fd7e2006000-7fd7e2007000 r--s 00003000 08:06 2374877                    /usr/local/development/dev-7-7/Ignition/IgnitionWebApp/target/ignition-webapp-7.7/WEB-INF/lib/ivonatts-1.0.0.jar
7fd7e2007000-7fd7e2009000 r--s 00001000 08:06 2374862                    /usr/local/development/dev-7-7/Ignition/IgnitionWebApp/target/ignition-webapp-7.7/WEB-INF/lib/io-session-3.0.0-20130122.214435-9.jar
7fd7e2009000-7fd7e2014000 r--s 00073000 08:06 2374861                    /usr/local/development/dev-7-7/Ignition/IgnitionWebApp/target/ignition-webapp-7.7/WEB-INF/lib/ia-opcua-2.7.2-SNAPSHOT.jar
7fd7e2014000-7fd7e2022000 r--s 0014e000 08:06 2374827                    /usr/local/development/dev-7-7/Ignition/IgnitionWebApp/target/ignition-webapp-7.7/WEB-INF/lib/hsqldb-2.2.9.jar
7fd7e2022000-7fd7e2023000 r--s 00001000 08:06 2374843                    /usr/local/development/dev-7-7/Ignition/IgnitionWebApp/target/ignition-webapp-7.7/WEB-INF/lib/hasp-srm-api-1.0.0.jar
7fd7e2023000-7fd7e2047000 r--s 001aa000 08:06 2365006                    /usr/local/development/dev-7-7/Ignition/IgnitionWebApp/target/ignition-webapp-7.7/WEB-INF/lib/guava-13.0.1.jar
7fd7e2047000-7fd7e206c000 r--s 00155000 08:06 4198524                    /usr/local/development/dev-7-7/Ignition/IgnitionWebApp/target/ignition-webapp-7.7/WEB-INF/lib/gateway-api-7.7.2-SNAPSHOT.jar
7fd7e206c000-7fd7e20a1000 r--s 00273000 08:06 4198548                    /usr/local/development/dev-7-7/Ignition/IgnitionWebApp/target/ignition-webapp-7.7/WEB-INF/lib/gateway-7.7.2-SNAPSHOT.jar
7fd7e20a1000-7fd7e20a5000 r--s 00016000 08:06 2374866                    /usr/local/development/dev-7-7/Ignition/IgnitionWebApp/target/ignition-webapp-7.7/WEB-INF/lib/fsql-common-6.7.2-SNAPSHOT.jar
7fd7e20a5000-7fd7e20ad000 r--s 001ca000 08:06 2374867                    /usr/local/development/dev-7-7/Ignition/IgnitionWebApp/target/ignition-webapp-7.7/WEB-INF/lib/fsql-6.7.2-SNAPSHOT.jar
7fd7e20ad000-7fd7e20b1000 r--s 000be000 08:06 4198549                    /usr/local/development/dev-7-7/Ignition/IgnitionWebApp/target/ignition-webapp-7.7/WEB-INF/lib/fpmi-gateway-7.7.2-SNAPSHOT.jar
7fd7e20b1000-7fd7e20b4000 r--s 00013000 08:06 2374846                    /usr/local/development/dev-7-7/Ignition/IgnitionWebApp/target/ignition-webapp-7.7/WEB-INF/lib/forms-1.0.7.jar
7fd7e20b4000-7fd7e20b6000 r--s 00003000 08:06 2374864                    /usr/local/development/dev-7-7/Ignition/IgnitionWebApp/target/ignition-webapp-7.7/WEB-INF/lib/drivers-common-2.7.2-SNAPSHOT.jar
7fd7e20b6000-7fd7e20bd000 r--s 0002f000 08:06 2374860                    /usr/local/development/dev-7-7/Ignition/IgnitionWebApp/target/ignition-webapp-7.7/WEB-INF/lib/driver-api-2.7.2-SNAPSHOT.jar
7fd7e20bd000-7fd7e2113000 r--s 00512000 08:06 4198527                    /usr/local/development/dev-7-7/Ignition/IgnitionWebApp/target/ignition-webapp-7.7/WEB-INF/lib/designer-7.7.2-SNAPSHOT.jar
7fd7e2113000-7fd7e2115000 r--s 00007000 08:06 2365011                    /usr/local/development/dev-7-7/Ignition/IgnitionWebApp/target/ignition-webapp-7.7/WEB-INF/lib/cron4j-2.2.3.jar
7fd7e2115000-7fd7e211c000 r--s 00054000 08:06 2365009                    /usr/local/development/dev-7-7/Ignition/IgnitionWebApp/target/ignition-webapp-7.7/WEB-INF/lib/core-1.7.jar
7fd7e211c000-7fd7e211f000 r--s 00013000 08:06 2374842                    /usr/local/development/dev-7-7/Ignition/IgnitionWebApp/target/ignition-webapp-7.7/WEB-INF/lib/commons-pool-1.4.jar
7fd7e211f000-7fd7e2121000 r--s 0000d000 08:06 2365022                    /usr/local/development/dev-7-7/Ignition/IgnitionWebApp/target/ignition-webapp-7.7/WEB-INF/lib/commons-logging-1.1.1.jar
7fd7e2121000-7fd7e2127000 r--s 00048000 08:06 2365005                    /usr/local/development/dev-7-7/Ignition/IgnitionWebApp/target/ignition-webapp-7.7/WEB-INF/lib/commons-lang3-3.1.jar
7fd7e2127000-7fd7e2158000 r--s 001ea000 08:06 4198529                    /usr/local/development/dev-7-7/Ignition/IgnitionWebApp/target/ignition-webapp-7.7/WEB-INF/lib/common-7.7.2-SNAPSHOT.jar
7fd7e2158000-7fd7e215b000 ---p 00000000 00:00 0 
7fd7e215b000-7fd7e2459000 rw-p 00000000 00:00 0 
7fd7e2459000-7fd7e245c000 ---p 00000000 00:00 0 
7fd7e245c000-7fd7e255a000 rw-p 00000000 00:00 0                          [stack:7294]
7fd7e255a000-7fd7e255d000 ---p 00000000 00:00 0 
7fd7e255d000-7fd7e265b000 rw-p 00000000 00:00 0                          [stack:7293]
7fd7e265b000-7fd7e265e000 ---p 00000000 00:00 0 
7fd7e265e000-7fd7e275c000 rw-p 00000000 00:00 0                          [stack:7292]
7fd7e275c000-7fd7e275f000 ---p 00000000 00:00 0 
7fd7e275f000-7fd7e285d000 rw-p 00000000 00:00 0                          [stack:7291]
7fd7e285d000-7fd7e2860000 ---p 00000000 00:00 0 
7fd7e2860000-7fd7e295e000 rw-p 00000000 00:00 0                          [stack:7290]
7fd7e295e000-7fd7e2961000 ---p 00000000 00:00 0 
7fd7e2961000-7fd7e2a5f000 rw-p 00000000 00:00 0                          [stack:7289]
7fd7e2a5f000-7fd7e2a75000 r-xp 00000000 08:06 15602357                   /lib/x86_64-linux-gnu/libgcc_s.so.1
7fd7e2a75000-7fd7e2c74000 ---p 00016000 08:06 15602357                   /lib/x86_64-linux-gnu/libgcc_s.so.1
7fd7e2c74000-7fd7e2c75000 rw-p 00015000 08:06 15602357                   /lib/x86_64-linux-gnu/libgcc_s.so.1
7fd7e2c75000-7fd7e2ca7000 r-xp 00000000 08:06 20582265                   /usr/lib/jvm/jdk1.8.0_20/jre/lib/amd64/libsunec.so
7fd7e2ca7000-7fd7e2ea6000 ---p 00032000 08:06 20582265                   /usr/lib/jvm/jdk1.8.0_20/jre/lib/amd64/libsunec.so
7fd7e2ea6000-7fd7e2eac000 rw-p 00031000 08:06 20582265                   /usr/lib/jvm/jdk1.8.0_20/jre/lib/amd64/libsunec.so
7fd7e2eac000-7fd7e2ebc000 rw-p 00000000 00:00 0 
7fd7e2ebc000-7fd7e2ebf000 ---p 00000000 00:00 0 
7fd7e2ebf000-7fd7e31bd000 rw-p 00000000 00:00 0                          [stack:7393]
7fd7e31bd000-7fd7e31c0000 ---p 00000000 00:00 0 
7fd7e31c0000-7fd7e32be000 rw-p 00000000 00:00 0 
7fd7e32be000-7fd7e32c1000 ---p 00000000 00:00 0 
7fd7e32c1000-7fd7e33bf000 rw-p 00000000 00:00 0                          [stack:7284]
7fd7e33bf000-7fd7e33c2000 ---p 00000000 00:00 0 
7fd7e33c2000-7fd7e34c0000 rw-p 00000000 00:00 0 
7fd7e34c0000-7fd7e34c3000 ---p 00000000 00:00 0 
7fd7e34c3000-7fd7e35c1000 rw-p 00000000 00:00 0                          [stack:7280]
7fd7e35c1000-7fd7e35c6000 r-xp 00000000 08:06 15211194                   /usr/lib/x86_64-linux-gnu/libXdmcp.so.6.0.0
7fd7e35c6000-7fd7e37c5000 ---p 00005000 08:06 15211194                   /usr/lib/x86_64-linux-gnu/libXdmcp.so.6.0.0
7fd7e37c5000-7fd7e37c6000 r--p 00004000 08:06 15211194                   /usr/lib/x86_64-linux-gnu/libXdmcp.so.6.0.0
7fd7e37c6000-7fd7e37c7000 rw-p 00005000 08:06 15211194                   /usr/lib/x86_64-linux-gnu/libXdmcp.so.6.0.0
7fd7e37c7000-7fd7e37c9000 r-xp 00000000 08:06 15211183                   /usr/lib/x86_64-linux-gnu/libXau.so.6.0.0
7fd7e37c9000-7fd7e39c9000 ---p 00002000 08:06 15211183                   /usr/lib/x86_64-linux-gnu/libXau.so.6.0.0
7fd7e39c9000-7fd7e39ca000 r--p 00002000 08:06 15211183                   /usr/lib/x86_64-linux-gnu/libXau.so.6.0.0
7fd7e39ca000-7fd7e39cb000 rw-p 00003000 08:06 15211183                   /usr/lib/x86_64-linux-gnu/libXau.so.6.0.0
7fd7e39cb000-7fd7e39e8000 r-xp 00000000 08:06 15212358                   /usr/lib/x86_64-linux-gnu/libxcb.so.1.1.0
7fd7e39e8000-7fd7e3be8000 ---p 0001d000 08:06 15212358                   /usr/lib/x86_64-linux-gnu/libxcb.so.1.1.0
7fd7e3be8000-7fd7e3be9000 r--p 0001d000 08:06 15212358                   /usr/lib/x86_64-linux-gnu/libxcb.so.1.1.0
7fd7e3be9000-7fd7e3bea000 rw-p 0001e000 08:06 15212358                   /usr/lib/x86_64-linux-gnu/libxcb.so.1.1.0
7fd7e3bea000-7fd7e3bf9000 r-xp 00000000 08:06 15211204                   /usr/lib/x86_64-linux-gnu/libXi.so.6.1.0
7fd7e3bf9000-7fd7e3df8000 ---p 0000f000 08:06 15211204                   /usr/lib/x86_64-linux-gnu/libXi.so.6.1.0
7fd7e3df8000-7fd7e3df9000 r--p 0000e000 08:06 15211204                   /usr/lib/x86_64-linux-gnu/libXi.so.6.1.0
7fd7e3df9000-7fd7e3dfa000 rw-p 0000f000 08:06 15211204                   /usr/lib/x86_64-linux-gnu/libXi.so.6.1.0
7fd7e3dfa000-7fd7e3dff000 r-xp 00000000 08:06 15211222                   /usr/lib/x86_64-linux-gnu/libXtst.so.6.1.0
7fd7e3dff000-7fd7e3ffe000 ---p 00005000 08:06 15211222                   /usr/lib/x86_64-linux-gnu/libXtst.so.6.1.0
7fd7e3ffe000-7fd7e3fff000 r--p 00004000 08:06 15211222                   /usr/lib/x86_64-linux-gnu/libXtst.so.6.1.0
7fd7e3fff000-7fd7e4000000 rw-p 00005000 08:06 15211222                   /usr/lib/x86_64-linux-gnu/libXtst.so.6.1.0
7fd7e4000000-7fd7e4021000 rw-p 00000000 00:00 0 
7fd7e4021000-7fd7e8000000 ---p 00000000 00:00 0 
7fd7e8000000-7fd7e8021000 rw-p 00000000 00:00 0 
7fd7e8021000-7fd7ec000000 ---p 00000000 00:00 0 
7fd7ec000000-7fd7ec021000 rw-p 00000000 00:00 0 
7fd7ec021000-7fd7f0000000 ---p 00000000 00:00 0 
7fd7f0000000-7fd7f0021000 rw-p 00000000 00:00 0 
7fd7f0021000-7fd7f4000000 ---p 00000000 00:00 0 
7fd7f4000000-7fd7f4021000 rw-p 00000000 00:00 0 
7fd7f4021000-7fd7f8000000 ---p 00000000 00:00 0 
7fd7f8000000-7fd7f8021000 rw-p 00000000 00:00 0 
7fd7f8021000-7fd7fc000000 ---p 00000000 00:00 0 
7fd7fc000000-7fd7fdaff000 rw-p 00000000 00:00 0 
7fd7fdaff000-7fd800000000 ---p 00000000 00:00 0 
7fd800000000-7fd800de8000 rw-p 00000000 00:00 0 
7fd800de8000-7fd804000000 ---p 00000000 00:00 0 
7fd804000000-7fd806090000 rw-p 00000000 00:00 0 
7fd806090000-7fd808000000 ---p 00000000 00:00 0 
7fd808000000-7fd8090b4000 rw-p 00000000 00:00 0 
7fd8090b4000-7fd80c000000 ---p 00000000 00:00 0 
7fd80c000000-7fd80c0b3000 rw-p 00000000 00:00 0 
7fd80c0b3000-7fd810000000 ---p 00000000 00:00 0 
7fd810000000-7fd810021000 rw-p 00000000 00:00 0 
7fd810021000-7fd814000000 ---p 00000000 00:00 0 
7fd814000000-7fd814021000 rw-p 00000000 00:00 0 
7fd814021000-7fd818000000 ---p 00000000 00:00 0 
7fd818000000-7fd818021000 rw-p 00000000 00:00 0 
7fd818021000-7fd81c000000 ---p 00000000 00:00 0 
7fd81c000000-7fd81c021000 rw-p 00000000 00:00 0 
7fd81c021000-7fd820000000 ---p 00000000 00:00 0 
7fd820000000-7fd820021000 rw-p 00000000 00:00 0 
7fd820021000-7fd824000000 ---p 00000000 00:00 0 
7fd824000000-7fd82410a000 rw-p 00000000 00:00 0 
7fd82410a000-7fd828000000 ---p 00000000 00:00 0 
7fd828000000-7fd828001000 r--s 00001000 08:06 4198528                    /usr/local/development/dev-7-7/Ignition/IgnitionWebApp/target/ignition-webapp-7.7/WEB-INF/lib/fpmi-common-7.7.2-SNAPSHOT.jar
7fd828001000-7fd828002000 r--s 00005000 08:06 2374893                    /usr/local/development/dev-7-7/Ignition/IgnitionWebApp/target/ignition-webapp-7.7/WEB-INF/lib/commons-logging-1.0.jar
7fd828002000-7fd828004000 r--s 0000e000 08:06 2365023                    /usr/local/development/dev-7-7/Ignition/IgnitionWebApp/target/ignition-webapp-7.7/WEB-INF/lib/commons-lang-1.0.jar
7fd828004000-7fd828007000 r--s 00025000 08:06 2365004                    /usr/local/development/dev-7-7/Ignition/IgnitionWebApp/target/ignition-webapp-7.7/WEB-INF/lib/commons-io-2.1.jar
7fd828007000-7fd82800a000 r--s 0000f000 08:06 2374840                    /usr/local/development/dev-7-7/Ignition/IgnitionWebApp/target/ignition-webapp-7.7/WEB-INF/lib/commons-discovery-0.2.jar
7fd82800a000-7fd82800c000 r--s 0001c000 08:06 2374841                    /usr/local/development/dev-7-7/Ignition/IgnitionWebApp/target/ignition-webapp-7.7/WEB-INF/lib/commons-dbcp-1.2.2.jar
7fd82800c000-7fd82800e000 r--s 00006000 08:06 2365021                    /usr/local/development/dev-7-7/Ignition/IgnitionWebApp/target/ignition-webapp-7.7/WEB-INF/lib/commons-cli-1.0.jar
7fd82800e000-7fd82801b000 r--s 00084000 08:06 2374888                    /usr/local/development/dev-7-7/Ignition/IgnitionWebApp/target/ignition-webapp-7.7/WEB-INF/lib/comfyj-2.9.jar
7fd82801b000-7fd82814b000 r-xp 00000000 08:06 15211179                   /usr/lib/x86_64-linux-gnu/libX11.so.6.3.0
7fd82814b000-7fd82834b000 ---p 00130000 08:06 15211179                   /usr/lib/x86_64-linux-gnu/libX11.so.6.3.0
7fd82834b000-7fd82834c000 r--p 00130000 08:06 15211179                   /usr/lib/x86_64-linux-gnu/libX11.so.6.3.0
7fd82834c000-7fd828350000 rw-p 00131000 08:06 15211179                   /usr/lib/x86_64-linux-gnu/libX11.so.6.3.0
7fd828350000-7fd830000000 rw-p 00000000 00:00 0 
7fd830000000-7fd830021000 rw-p 00000000 00:00 0 
7fd830021000-7fd834000000 ---p 00000000 00:00 0 
7fd834000000-7fd834005000 r--s 00030000 08:06 4198538                    /usr/local/development/dev-7-7/Ignition/IgnitionWebApp/target/ignition-webapp-7.7/WEB-INF/lib/client-bootstrap-7.7.2-SNAPSHOT.jar
7fd834005000-7fd83402b000 r--s 001be000 08:06 4198550                    /usr/local/development/dev-7-7/Ignition/IgnitionWebApp/target/ignition-webapp-7.7/WEB-INF/lib/client-api-7.7.2-SNAPSHOT.jar
7fd83402b000-7fd83402c000 r--s 00004000 08:06 4198525                    /usr/local/development/dev-7-7/Ignition/IgnitionWebApp/target/ignition-webapp-7.7/WEB-INF/lib/bootstrap-7.7.2-SNAPSHOT-classes.jar
7fd83402c000-7fd834054000 r--s 00196000 08:06 2365007                    /usr/local/development/dev-7-7/Ignition/IgnitionWebApp/target/ignition-webapp-7.7/WEB-INF/lib/bcprov-jdk16-unsigned-1.46-unsigned.jar
7fd834054000-7fd834059000 r--s 0003e000 08:06 2365019                    /usr/local/development/dev-7-7/Ignition/IgnitionWebApp/target/ignition-webapp-7.7/WEB-INF/lib/barcode4j-2.1.jar
7fd834059000-7fd83405c000 r--s 0001c000 08:06 2374839                    /usr/local/development/dev-7-7/Ignition/IgnitionWebApp/target/ignition-webapp-7.7/WEB-INF/lib/axis-wsdl4j-1.5.1.jar
7fd83405c000-7fd83405d000 r--s 00004000 08:06 2374838                    /usr/local/development/dev-7-7/Ignition/IgnitionWebApp/target/ignition-webapp-7.7/WEB-INF/lib/axis-saaj-1.4.jar
7fd83405d000-7fd83405f000 r--s 00006000 08:06 2374837                    /usr/local/development/dev-7-7/Ignition/IgnitionWebApp/target/ignition-webapp-7.7/WEB-INF/lib/axis-jaxrpc-1.4.jar
7fd83405f000-7fd834073000 r--s 00173000 08:06 2374836                    /usr/local/development/dev-7-7/Ignition/IgnitionWebApp/target/ignition-webapp-7.7/WEB-INF/lib/axis-1.4.jar
7fd834073000-7fd834075000 r--s 0000d000 08:06 2365020                    /usr/local/development/dev-7-7/Ignition/IgnitionWebApp/target/ignition-webapp-7.7/WEB-INF/lib/avalon-framework-impl-4.2.0.jar
7fd834075000-7fd83407d000 r--s 00049000 08:06 2374848                    /usr/local/development/dev-7-7/Ignition/IgnitionWebApp/target/ignition-webapp-7.7/WEB-INF/lib/alloy-1.4.4.ia1.jar
7fd83407d000-7fd83407f000 r--s 00003000 08:06 2374869                    /usr/local/development/dev-7-7/Ignition/IgnitionWebApp/target/ignition-webapp-7.7/WEB-INF/lib/alarm-notification-gateway-api-2.7.2-SNAPSHOT.jar
7fd83407f000-7fd834085000 r--s 00032000 08:06 2374868                    /usr/local/development/dev-7-7/Ignition/IgnitionWebApp/target/ignition-webapp-7.7/WEB-INF/lib/alarm-notification-gateway-2.7.2-SNAPSHOT.jar
7fd834085000-7fd834086000 r--s 00004000 08:06 2374870                    /usr/local/development/dev-7-7/Ignition/IgnitionWebApp/target/ignition-webapp-7.7/WEB-INF/lib/alarm-notification-common-2.7.2-SNAPSHOT.jar
7fd834086000-7fd834090000 r--s 00036000 08:06 2374871                    /usr/local/development/dev-7-7/Ignition/IgnitionWebApp/target/ignition-webapp-7.7/WEB-INF/lib/airlink-sms-notification-2.7.2-SNAPSHOT.jar
7fd834090000-7fd834092000 r--s 0000d000 08:06 2374844                    /usr/local/development/dev-7-7/Ignition/IgnitionWebApp/target/ignition-webapp-7.7/WEB-INF/lib/activation-ws-1.0.0.jar
7fd834092000-7fd83409b000 r-xp 00000000 08:06 15211216                   /usr/lib/x86_64-linux-gnu/libXrender.so.1.3.0
7fd83409b000-7fd83429a000 ---p 00009000 08:06 15211216                   /usr/lib/x86_64-linux-gnu/libXrender.so.1.3.0
7fd83429a000-7fd83429b000 r--p 00008000 08:06 15211216                   /usr/lib/x86_64-linux-gnu/libXrender.so.1.3.0
7fd83429b000-7fd83429c000 rw-p 00009000 08:06 15211216                   /usr/lib/x86_64-linux-gnu/libXrender.so.1.3.0
7fd83429c000-7fd8342ad000 r-xp 00000000 08:06 15211196                   /usr/lib/x86_64-linux-gnu/libXext.so.6.4.0
7fd8342ad000-7fd8344ac000 ---p 00011000 08:06 15211196                   /usr/lib/x86_64-linux-gnu/libXext.so.6.4.0
7fd8344ac000-7fd8344ad000 r--p 00010000 08:06 15211196                   /usr/lib/x86_64-linux-gnu/libXext.so.6.4.0
7fd8344ad000-7fd8344ae000 rw-p 00011000 08:06 15211196                   /usr/lib/x86_64-linux-gnu/libXext.so.6.4.0
7fd8344ae000-7fd8344b0000 r--s 0000e000 08:06 2374829                    /usr/local/development/dev-7-7/Ignition/IgnitionWebApp/target/ignition-webapp-7.7/WEB-INF/lib/activation-1.1.jar
7fd8344b0000-7fd8344b9000 r--s 00069000 08:06 2374891                    /usr/local/development/dev-7-7/Ignition/IgnitionWebApp/target/ignition-webapp-7.7/WEB-INF/lib/ab-drivers-1.7.0-20131026.004154-8.jar
7fd8344b9000-7fd8344be000 r--s 0003c000 08:06 2374835                    /usr/local/development/dev-7-7/Ignition/IgnitionWebApp/target/ignition-webapp-7.7/WEB-INF/lib/FastInfoset-1.0.2.jar
7fd8344be000-7fd8344c3000 r--s 002f8000 08:06 20582247                   /usr/lib/jvm/jdk1.8.0_20/jre/lib/charsets.jar
7fd8344c3000-7fd8344c8000 r--s 0003f000 08:06 1185790                    /usr/lib/jvm/jdk1.8.0_20/jre/lib/ext/sunjce_provider.jar
7fd8344c8000-7fd8344cb000 r--s 0003a000 08:06 1185787                    /usr/lib/jvm/jdk1.8.0_20/jre/lib/ext/sunpkcs11.jar
7fd8344cb000-7fd8344cd000 r--s 0001a000 08:06 20582317                   /usr/lib/jvm/jdk1.8.0_20/jre/lib/jce.jar
7fd8344cd000-7fd834521000 r-xp 00000000 08:06 20582307                   /usr/lib/jvm/jdk1.8.0_20/jre/lib/amd64/libawt_xawt.so
7fd834521000-7fd834721000 ---p 00054000 08:06 20582307                   /usr/lib/jvm/jdk1.8.0_20/jre/lib/amd64/libawt_xawt.so
7fd834721000-7fd834725000 rw-p 00054000 08:06 20582307                   /usr/lib/jvm/jdk1.8.0_20/jre/lib/amd64/libawt_xawt.so
7fd834725000-7fd834726000 rw-p 00000000 00:00 0 
7fd834726000-7fd8347c8000 r-xp 00000000 08:06 20582293                   /usr/lib/jvm/jdk1.8.0_20/jre/lib/amd64/libawt.so
7fd8347c8000-7fd8349c8000 ---p 000a2000 08:06 20582293                   /usr/lib/jvm/jdk1.8.0_20/jre/lib/amd64/libawt.so
7fd8349c8000-7fd8349d4000 rw-p 000a2000 08:06 20582293                   /usr/lib/jvm/jdk1.8.0_20/jre/lib/amd64/libawt.so
7fd8349d4000-7fd8349f8000 rw-p 00000000 00:00 0 
7fd8349f8000-7fd8349fb000 ---p 00000000 00:00 0 
7fd8349fb000-7fd834af9000 rw-p 00000000 00:00 0                          [stack:7279]
7fd834af9000-7fd834b03000 r--s 00116000 08:06 1185789                    /usr/lib/jvm/jdk1.8.0_20/jre/lib/ext/localedata.jar
7fd834b03000-7fd834b1f000 r--s 00393000 08:06 1185783                    /usr/lib/jvm/jdk1.8.0_20/jre/lib/ext/cldrdata.jar
7fd834b1f000-7fd834d1f000 rw-p 00000000 00:00 0 
7fd834d1f000-7fd834d22000 r--s 0000f000 08:06 19532219                   /usr/local/development/dev-7-6/Ignition/Servers/apache-tomcat-6.0.36/lib/tomcat-i18n-es.jar
7fd834d22000-7fd834d24000 r--s 0000b000 08:06 19532220                   /usr/local/development/dev-7-6/Ignition/Servers/apache-tomcat-6.0.36/lib/tomcat-i18n-fr.jar
7fd834d24000-7fd834d28000 r--s 0003a000 08:06 19532218                   /usr/local/development/dev-7-6/Ignition/Servers/apache-tomcat-6.0.36/lib/tomcat-dbcp.jar
7fd834d28000-7fd834d38000 r--s 0019c000 08:06 19532210                   /usr/local/development/dev-7-6/Ignition/Servers/apache-tomcat-6.0.36/lib/ecj-3.7.2.jar
7fd834d38000-7fd834d3f000 r--s 000c7000 08:06 19532215                   /usr/local/development/dev-7-6/Ignition/Servers/apache-tomcat-6.0.36/lib/mysql-connector-java-5.1.23-bin.jar
7fd834d3f000-7fd834d4f000 r--s 00120000 08:06 19532209                   /usr/local/development/dev-7-6/Ignition/Servers/apache-tomcat-6.0.36/lib/catalina.jar
7fd834d4f000-7fd834d50000 ---p 00000000 00:00 0 
7fd834d50000-7fd834e50000 rw-p 00000000 00:00 0                          [stack:7278]
7fd834e50000-7fd834e53000 ---p 00000000 00:00 0 
7fd834e53000-7fd834f51000 rw-p 00000000 00:00 0                          [stack:7277]
7fd834f51000-7fd834f54000 ---p 00000000 00:00 0 
7fd834f54000-7fd835052000 rw-p 00000000 00:00 0                          [stack:7276]
7fd835052000-7fd835055000 ---p 00000000 00:00 0 
7fd835055000-7fd835153000 rw-p 00000000 00:00 0                          [stack:7275]
7fd835153000-7fd835164000 r-xp 00000000 08:06 20582303                   /usr/lib/jvm/jdk1.8.0_20/jre/lib/amd64/libnio.so
7fd835164000-7fd835363000 ---p 00011000 08:06 20582303                   /usr/lib/jvm/jdk1.8.0_20/jre/lib/amd64/libnio.so
7fd835363000-7fd835364000 rw-p 00010000 08:06 20582303                   /usr/lib/jvm/jdk1.8.0_20/jre/lib/amd64/libnio.so
7fd835364000-7fd835395000 rw-p 00000000 00:00 0 
7fd835395000-7fd8353ab000 r-xp 00000000 08:06 20582300                   /usr/lib/jvm/jdk1.8.0_20/jre/lib/amd64/libnet.so
7fd8353ab000-7fd8355ab000 ---p 00016000 08:06 20582300                   /usr/lib/jvm/jdk1.8.0_20/jre/lib/amd64/libnet.so
7fd8355ab000-7fd8355ac000 rw-p 00016000 08:06 20582300                   /usr/lib/jvm/jdk1.8.0_20/jre/lib/amd64/libnet.so
7fd8355ac000-7fd8355b4000 r-xp 00000000 08:06 20582308                   /usr/lib/jvm/jdk1.8.0_20/jre/lib/amd64/libmanagement.so
7fd8355b4000-7fd8357b4000 ---p 00008000 08:06 20582308                   /usr/lib/jvm/jdk1.8.0_20/jre/lib/amd64/libmanagement.so
7fd8357b4000-7fd8357b5000 rw-p 00008000 08:06 20582308                   /usr/lib/jvm/jdk1.8.0_20/jre/lib/amd64/libmanagement.so
7fd8357b5000-7fd8357b8000 ---p 00000000 00:00 0 
7fd8357b8000-7fd8358b6000 rw-p 00000000 00:00 0                          [stack:7274]
7fd8358b6000-7fd8358b9000 ---p 00000000 00:00 0 
7fd8358b9000-7fd8359b7000 rw-p 00000000 00:00 0                          [stack:7273]
7fd8359b7000-7fd8359ba000 ---p 00000000 00:00 0 
7fd8359ba000-7fd835ab8000 rw-p 00000000 00:00 0                          [stack:7272]
7fd835ab8000-7fd835abb000 ---p 00000000 00:00 0 
7fd835abb000-7fd835bb9000 rw-p 00000000 00:00 0                          [stack:7271]
7fd835bb9000-7fd835bbc000 ---p 00000000 00:00 0 
7fd835bbc000-7fd835cba000 rw-p 00000000 00:00 0                          [stack:7270]
7fd835cba000-7fd835cbd000 ---p 00000000 00:00 0 
7fd835cbd000-7fd835dbb000 rw-p 00000000 00:00 0 
7fd835dbb000-7fd835dbe000 ---p 00000000 00:00 0 
7fd835dbe000-7fd835ebc000 rw-p 00000000 00:00 0                          [stack:7267]
7fd835ebc000-7fd835ebf000 ---p 00000000 00:00 0 
7fd835ebf000-7fd835fbd000 rw-p 00000000 00:00 0                          [stack:7390]
7fd835fbd000-7fd835fc1000 r-xp 00000000 08:06 20582275                   /usr/lib/jvm/jdk1.8.0_20/jre/lib/amd64/libdt_socket.so
7fd835fc1000-7fd8361c0000 ---p 00004000 08:06 20582275                   /usr/lib/jvm/jdk1.8.0_20/jre/lib/amd64/libdt_socket.so
7fd8361c0000-7fd8361c1000 rw-p 00003000 08:06 20582275                   /usr/lib/jvm/jdk1.8.0_20/jre/lib/amd64/libdt_socket.so
7fd8361c1000-7fd8361c4000 ---p 00000000 00:00 0 
7fd8361c4000-7fd8362c2000 rw-p 00000000 00:00 0                          [stack:7264]
7fd8362c2000-7fd8362c5000 ---p 00000000 00:00 0 
7fd8362c5000-7fd8363c3000 rw-p 00000000 00:00 0                          [stack:7263]
7fd8363c3000-7fd8363c6000 ---p 00000000 00:00 0 
7fd8363c6000-7fd8364c4000 rw-p 00000000 00:00 0                          [stack:7262]
7fd8364c4000-7fd8364c5000 ---p 00000000 00:00 0 
7fd8364c5000-7fd838000000 rw-p 00000000 00:00 0                          [stack:7261]
7fd838000000-7fd838021000 rw-p 00000000 00:00 0 
7fd838021000-7fd83c000000 ---p 00000000 00:00 0 
7fd83c000000-7fd83c021000 rw-p 00000000 00:00 0 
7fd83c021000-7fd840000000 ---p 00000000 00:00 0 
7fd840000000-7fd840021000 rw-p 00000000 00:00 0 
7fd840021000-7fd844000000 ---p 00000000 00:00 0 
7fd844000000-7fd844021000 rw-p 00000000 00:00 0 
7fd844021000-7fd848000000 ---p 00000000 00:00 0 
7fd848000000-7fd848021000 rw-p 00000000 00:00 0 
7fd848021000-7fd84c000000 ---p 00000000 00:00 0 
7fd84c000000-7fd84c021000 rw-p 00000000 00:00 0 
7fd84c021000-7fd850000000 ---p 00000000 00:00 0 
7fd850000000-7fd850021000 rw-p 00000000 00:00 0 
7fd850021000-7fd854000000 ---p 00000000 00:00 0 
7fd854000000-7fd854003000 r--s 0001e000 08:06 19532207                   /usr/local/development/dev-7-6/Ignition/Servers/apache-tomcat-6.0.36/lib/catalina-ha.jar
7fd854003000-7fd85400a000 r--s 0007a000 08:06 19532213                   /usr/local/development/dev-7-6/Ignition/Servers/apache-tomcat-6.0.36/lib/jasper.jar
7fd85400a000-7fd854014000 r--s 000b3000 08:06 19532217                   /usr/local/development/dev-7-6/Ignition/Servers/apache-tomcat-6.0.36/lib/tomcat-coyote.jar
7fd854014000-7fd855000000 rw-p 00000000 00:00 0 
7fd855000000-7fd856230000 rwxp 00000000 00:00 0 
7fd856230000-7fd864000000 ---p 00000000 00:00 0 
7fd864000000-7fd864881000 rw-p 00000000 00:00 0 
7fd864881000-7fd868000000 ---p 00000000 00:00 0 
7fd868000000-7fd868001000 r--s 00009000 08:06 1185781                    /usr/lib/jvm/jdk1.8.0_20/jre/lib/ext/sunec.jar
7fd868001000-7fd868005000 r--s 00036000 08:06 19532208                   /usr/local/development/dev-7-6/Ignition/Servers/apache-tomcat-6.0.36/lib/catalina-tribes.jar
7fd868005000-7fd86823c000 rw-p 00000000 00:00 0 
7fd86823c000-7fd868411000 r--s 03ca3000 08:06 20582249                   /usr/lib/jvm/jdk1.8.0_20/jre/lib/rt.jar
7fd868411000-7fd868487000 rw-p 00000000 00:00 0 
7fd868487000-7fd868488000 ---p 00000000 00:00 0 
7fd868488000-7fd868588000 rw-p 00000000 00:00 0                          [stack:7260]
7fd868588000-7fd868589000 ---p 00000000 00:00 0 
7fd868589000-7fd868689000 rw-p 00000000 00:00 0                          [stack:7259]
7fd868689000-7fd86868a000 ---p 00000000 00:00 0 
7fd86868a000-7fd86878a000 rw-p 00000000 00:00 0                          [stack:7258]
7fd86878a000-7fd86878b000 ---p 00000000 00:00 0 
7fd86878b000-7fd86888b000 rw-p 00000000 00:00 0                          [stack:7257]
7fd86888b000-7fd86888c000 ---p 00000000 00:00 0 
7fd86888c000-7fd86898c000 rw-p 00000000 00:00 0                          [stack:7256]
7fd86898c000-7fd86898d000 ---p 00000000 00:00 0 
7fd86898d000-7fd868a8d000 rw-p 00000000 00:00 0                          [stack:7255]
7fd868a8d000-7fd868a8e000 ---p 00000000 00:00 0 
7fd868a8e000-7fd868b8e000 rw-p 00000000 00:00 0                          [stack:7254]
7fd868b8e000-7fd868b8f000 ---p 00000000 00:00 0 
7fd868b8f000-7fd868ce6000 rw-p 00000000 00:00 0                          [stack:7253]
7fd868ce6000-7fd8691c1000 ---p 00000000 00:00 0 
7fd8691c1000-7fd869218000 rw-p 00000000 00:00 0 
7fd869218000-7fd8696f3000 ---p 00000000 00:00 0 
7fd8696f3000-7fd869774000 rw-p 00000000 00:00 0 
7fd869774000-7fd86998c000 ---p 00000000 00:00 0 
7fd86998c000-7fd8699d6000 rw-p 00000000 00:00 0 
7fd8699d6000-7fd869d4d000 ---p 00000000 00:00 0 
7fd869d4d000-7fd869d69000 r-xp 00000000 08:06 20582296                   /usr/lib/jvm/jdk1.8.0_20/jre/lib/amd64/libzip.so
7fd869d69000-7fd869f68000 ---p 0001c000 08:06 20582296                   /usr/lib/jvm/jdk1.8.0_20/jre/lib/amd64/libzip.so
7fd869f68000-7fd869f69000 rw-p 0001b000 08:06 20582296                   /usr/lib/jvm/jdk1.8.0_20/jre/lib/amd64/libzip.so
7fd869f69000-7fd869f74000 r-xp 00000000 08:06 15602342                   /lib/x86_64-linux-gnu/libnss_files-2.19.so
7fd869f74000-7fd86a173000 ---p 0000b000 08:06 15602342                   /lib/x86_64-linux-gnu/libnss_files-2.19.so
7fd86a173000-7fd86a174000 r--p 0000a000 08:06 15602342                   /lib/x86_64-linux-gnu/libnss_files-2.19.so
7fd86a174000-7fd86a175000 rw-p 0000b000 08:06 15602342                   /lib/x86_64-linux-gnu/libnss_files-2.19.so
7fd86a175000-7fd86a180000 r-xp 00000000 08:06 15602345                   /lib/x86_64-linux-gnu/libnss_nis-2.19.so
7fd86a180000-7fd86a37f000 ---p 0000b000 08:06 15602345                   /lib/x86_64-linux-gnu/libnss_nis-2.19.so
7fd86a37f000-7fd86a380000 r--p 0000a000 08:06 15602345                   /lib/x86_64-linux-gnu/libnss_nis-2.19.so
7fd86a380000-7fd86a381000 rw-p 0000b000 08:06 15602345                   /lib/x86_64-linux-gnu/libnss_nis-2.19.so
7fd86a381000-7fd86a398000 r-xp 00000000 08:06 15602152                   /lib/x86_64-linux-gnu/libnsl-2.19.so
7fd86a398000-7fd86a597000 ---p 00017000 08:06 15602152                   /lib/x86_64-linux-gnu/libnsl-2.19.so
7fd86a597000-7fd86a598000 r--p 00016000 08:06 15602152                   /lib/x86_64-linux-gnu/libnsl-2.19.so
7fd86a598000-7fd86a599000 rw-p 00017000 08:06 15602152                   /lib/x86_64-linux-gnu/libnsl-2.19.so
7fd86a599000-7fd86a59b000 rw-p 00000000 00:00 0 
7fd86a59b000-7fd86a5a4000 r-xp 00000000 08:06 15601662                   /lib/x86_64-linux-gnu/libnss_compat-2.19.so
7fd86a5a4000-7fd86a7a3000 ---p 00009000 08:06 15601662                   /lib/x86_64-linux-gnu/libnss_compat-2.19.so
7fd86a7a3000-7fd86a7a4000 r--p 00008000 08:06 15601662                   /lib/x86_64-linux-gnu/libnss_compat-2.19.so
7fd86a7a4000-7fd86a7a5000 rw-p 00009000 08:06 15601662                   /lib/x86_64-linux-gnu/libnss_compat-2.19.so
7fd86a7a5000-7fd86aa6e000 r--p 00000000 08:06 15209877                   /usr/lib/locale/locale-archive
7fd86aa6e000-7fd86aa70000 r-xp 00000000 08:06 20582276                   /usr/lib/jvm/jdk1.8.0_20/jre/lib/amd64/libnpt.so
7fd86aa70000-7fd86ac70000 ---p 00002000 08:06 20582276                   /usr/lib/jvm/jdk1.8.0_20/jre/lib/amd64/libnpt.so
7fd86ac70000-7fd86ac71000 rw-p 00002000 08:06 20582276                   /usr/lib/jvm/jdk1.8.0_20/jre/lib/amd64/libnpt.so
7fd86ac71000-7fd86acaa000 r-xp 00000000 08:06 20582287                   /usr/lib/jvm/jdk1.8.0_20/jre/lib/amd64/libjdwp.so
7fd86acaa000-7fd86aea9000 ---p 00039000 08:06 20582287                   /usr/lib/jvm/jdk1.8.0_20/jre/lib/amd64/libjdwp.so
7fd86aea9000-7fd86aeab000 rw-p 00038000 08:06 20582287                   /usr/lib/jvm/jdk1.8.0_20/jre/lib/amd64/libjdwp.so
7fd86aeab000-7fd86aed5000 r-xp 00000000 08:06 20582291                   /usr/lib/jvm/jdk1.8.0_20/jre/lib/amd64/libjava.so
7fd86aed5000-7fd86b0d5000 ---p 0002a000 08:06 20582291                   /usr/lib/jvm/jdk1.8.0_20/jre/lib/amd64/libjava.so
7fd86b0d5000-7fd86b0d7000 rw-p 0002a000 08:06 20582291                   /usr/lib/jvm/jdk1.8.0_20/jre/lib/amd64/libjava.so
7fd86b0d7000-7fd86b0e4000 r-xp 00000000 08:06 20582295                   /usr/lib/jvm/jdk1.8.0_20/jre/lib/amd64/libverify.so
7fd86b0e4000-7fd86b2e4000 ---p 0000d000 08:06 20582295                   /usr/lib/jvm/jdk1.8.0_20/jre/lib/amd64/libverify.so
7fd86b2e4000-7fd86b2e6000 rw-p 0000d000 08:06 20582295                   /usr/lib/jvm/jdk1.8.0_20/jre/lib/amd64/libverify.so
7fd86b2e6000-7fd86b2ed000 r-xp 00000000 08:06 15602320                   /lib/x86_64-linux-gnu/librt-2.19.so
7fd86b2ed000-7fd86b4ec000 ---p 00007000 08:06 15602320                   /lib/x86_64-linux-gnu/librt-2.19.so
7fd86b4ec000-7fd86b4ed000 r--p 00006000 08:06 15602320                   /lib/x86_64-linux-gnu/librt-2.19.so
7fd86b4ed000-7fd86b4ee000 rw-p 00007000 08:06 15602320                   /lib/x86_64-linux-gnu/librt-2.19.so
7fd86b4ee000-7fd86b5f3000 r-xp 00000000 08:06 15602334                   /lib/x86_64-linux-gnu/libm-2.19.so
7fd86b5f3000-7fd86b7f2000 ---p 00105000 08:06 15602334                   /lib/x86_64-linux-gnu/libm-2.19.so
7fd86b7f2000-7fd86b7f3000 r--p 00104000 08:06 15602334                   /lib/x86_64-linux-gnu/libm-2.19.so
7fd86b7f3000-7fd86b7f4000 rw-p 00105000 08:06 15602334                   /lib/x86_64-linux-gnu/libm-2.19.so
7fd86b7f4000-7fd86c45e000 r-xp 00000000 08:06 20845908                   /usr/lib/jvm/jdk1.8.0_20/jre/lib/amd64/server/libjvm.so
7fd86c45e000-7fd86c65e000 ---p 00c6a000 08:06 20845908                   /usr/lib/jvm/jdk1.8.0_20/jre/lib/amd64/server/libjvm.so
7fd86c65e000-7fd86c734000 rw-p 00c6a000 08:06 20845908                   /usr/lib/jvm/jdk1.8.0_20/jre/lib/amd64/server/libjvm.so
7fd86c734000-7fd86c776000 rw-p 00000000 00:00 0 
7fd86c776000-7fd86c931000 r-xp 00000000 08:06 15602328                   /lib/x86_64-linux-gnu/libc-2.19.so
7fd86c931000-7fd86cb31000 ---p 001bb000 08:06 15602328                   /lib/x86_64-linux-gnu/libc-2.19.so
7fd86cb31000-7fd86cb35000 r--p 001bb000 08:06 15602328                   /lib/x86_64-linux-gnu/libc-2.19.so
7fd86cb35000-7fd86cb37000 rw-p 001bf000 08:06 15602328                   /lib/x86_64-linux-gnu/libc-2.19.so
7fd86cb37000-7fd86cb3c000 rw-p 00000000 00:00 0 
7fd86cb3c000-7fd86cb3f000 r-xp 00000000 08:06 15602352                   /lib/x86_64-linux-gnu/libdl-2.19.so
7fd86cb3f000-7fd86cd3e000 ---p 00003000 08:06 15602352                   /lib/x86_64-linux-gnu/libdl-2.19.so
7fd86cd3e000-7fd86cd3f000 r--p 00002000 08:06 15602352                   /lib/x86_64-linux-gnu/libdl-2.19.so
7fd86cd3f000-7fd86cd40000 rw-p 00003000 08:06 15602352                   /lib/x86_64-linux-gnu/libdl-2.19.so
7fd86cd40000-7fd86cd57000 r-xp 00000000 08:06 20061287                   /usr/lib/jvm/jdk1.8.0_20/lib/amd64/jli/libjli.so
7fd86cd57000-7fd86cf56000 ---p 00017000 08:06 20061287                   /usr/lib/jvm/jdk1.8.0_20/lib/amd64/jli/libjli.so
7fd86cf56000-7fd86cf57000 rw-p 00016000 08:06 20061287                   /usr/lib/jvm/jdk1.8.0_20/lib/amd64/jli/libjli.so
7fd86cf57000-7fd86cf70000 r-xp 00000000 08:06 15602353                   /lib/x86_64-linux-gnu/libpthread-2.19.so
7fd86cf70000-7fd86d16f000 ---p 00019000 08:06 15602353                   /lib/x86_64-linux-gnu/libpthread-2.19.so
7fd86d16f000-7fd86d170000 r--p 00018000 08:06 15602353                   /lib/x86_64-linux-gnu/libpthread-2.19.so
7fd86d170000-7fd86d171000 rw-p 00019000 08:06 15602353                   /lib/x86_64-linux-gnu/libpthread-2.19.so
7fd86d171000-7fd86d175000 rw-p 00000000 00:00 0 
7fd86d175000-7fd86d198000 r-xp 00000000 08:06 15602330                   /lib/x86_64-linux-gnu/ld-2.19.so
7fd86d198000-7fd86d19a000 r--s 0000c000 08:06 19532221                   /usr/local/development/dev-7-6/Ignition/Servers/apache-tomcat-6.0.36/lib/tomcat-i18n-ja.jar
7fd86d19a000-7fd86d19c000 r--s 00011000 08:06 19532214                   /usr/local/development/dev-7-6/Ignition/Servers/apache-tomcat-6.0.36/lib/jsp-api.jar
7fd86d19c000-7fd86d19e000 r--s 00014000 08:06 19532216                   /usr/local/development/dev-7-6/Ignition/Servers/apache-tomcat-6.0.36/lib/servlet-api.jar
7fd86d19e000-7fd86d1a0000 r--s 0000c000 08:06 19532206                   /usr/local/development/dev-7-6/Ignition/Servers/apache-tomcat-6.0.36/lib/catalina-ant.jar
7fd86d1a0000-7fd86d271000 rw-p 00000000 00:00 0 
7fd86d271000-7fd86d274000 ---p 00000000 00:00 0 
7fd86d274000-7fd86d376000 rw-p 00000000 00:00 0                          [stack:7252]
7fd86d376000-7fd86d378000 r--s 00007000 08:06 19532211                   /usr/local/development/dev-7-6/Ignition/Servers/apache-tomcat-6.0.36/lib/el-api.jar
7fd86d378000-7fd86d379000 r--s 00003000 08:06 19532205                   /usr/local/development/dev-7-6/Ignition/Servers/apache-tomcat-6.0.36/lib/annotations-api.jar
7fd86d379000-7fd86d37c000 r--s 00019000 08:06 19532212                   /usr/local/development/dev-7-6/Ignition/Servers/apache-tomcat-6.0.36/lib/jasper-el.jar
7fd86d37c000-7fd86d381000 r--s 00092000 08:06 20582254                   /usr/lib/jvm/jdk1.8.0_20/jre/lib/jsse.jar
7fd86d381000-7fd86d382000 r--s 00007000 08:06 19533431                   /usr/local/development/dev-7-6/Ignition/Servers/apache-tomcat-6.0.36/bin/tomcat-juli.jar
7fd86d382000-7fd86d383000 r--s 00005000 08:06 19533430                   /usr/local/development/dev-7-6/Ignition/Servers/apache-tomcat-6.0.36/bin/commons-daemon.jar
7fd86d383000-7fd86d384000 r--s 00005000 08:06 19533429                   /usr/local/development/dev-7-6/Ignition/Servers/apache-tomcat-6.0.36/bin/bootstrap.jar
7fd86d384000-7fd86d38b000 r--s 000c7000 08:06 1179649                    /usr/lib/jvm/jdk1.8.0_20/jre/lib/ext/mysql-connector-java-5.1.23-bin.jar
7fd86d38b000-7fd86d393000 rw-s 00000000 08:06 6164363                    /tmp/hsperfdata_mattg/7247
7fd86d393000-7fd86d394000 rw-p 00000000 00:00 0 
7fd86d394000-7fd86d395000 r--p 00000000 00:00 0 
7fd86d395000-7fd86d397000 rw-p 00000000 00:00 0 
7fd86d397000-7fd86d398000 r--p 00022000 08:06 15602330                   /lib/x86_64-linux-gnu/ld-2.19.so
7fd86d398000-7fd86d399000 rw-p 00023000 08:06 15602330                   /lib/x86_64-linux-gnu/ld-2.19.so
7fd86d399000-7fd86d39a000 rw-p 00000000 00:00 0 
7ffff59f6000-7ffff5a17000 rw-p 00000000 00:00 0                          [stack]
7ffff5ab5000-7ffff5ab7000 r-xp 00000000 00:00 0                          [vdso]
ffffffffff600000-ffffffffff601000 r-xp 00000000 00:00 0                  [vsyscall]

VM Arguments:
jvm_args: -Djava.util.logging.config.file=/home/mattg/.IntelliJIdea13/system/tomcat/Unnamed_77-Ignition/conf/logging.properties -Xdebug -Xrunjdwp:transport=dt_socket,address=127.0.0.1:51670,suspend=y,server=n -Dcom.sun.management.jmxremote= -Dcom.sun.management.jmxremote.port=1099 -Dcom.sun.management.jmxremote.ssl=false -Dcom.sun.management.jmxremote.authenticate=false -Djava.rmi.server.hostname=127.0.0.1 -Djava.util.logging.manager=org.apache.juli.ClassLoaderLogManager -Djava.endorsed.dirs=/usr/local/development/dev-7-6/Ignition/Servers/apache-tomcat-6.0.36/endorsed -Dcatalina.base=/home/mattg/.IntelliJIdea13/system/tomcat/Unnamed_77-Ignition -Dcatalina.home=/usr/local/development/dev-7-6/Ignition/Servers/apache-tomcat-6.0.36 -Djava.io.tmpdir=/usr/local/development/dev-7-6/Ignition/Servers/apache-tomcat-6.0.36/temp 
java_command: org.apache.catalina.startup.Bootstrap start
java_class_path (initial): /usr/local/development/dev-7-6/Ignition/Servers/apache-tomcat-6.0.36/bin/bootstrap.jar
Launcher Type: SUN_STANDARD

Environment Variables:
JAVA_HOME=/usr/lib/jvm/jdk1.8.0_20
CLASSPATH=/usr/local/development/dev-7-6/Ignition/Servers/apache-tomcat-6.0.36/bin/bootstrap.jar
PATH=/usr/local/sbin:/usr/local/bin:/usr/sbin:/usr/bin:/sbin:/bin:/usr/games:/usr/local/games:/usr/local/development/gradle-1.12/bin
USERNAME=mattg
LD_LIBRARY_PATH=/usr/local/development/idea-IU-135.909/bin:
SHELL=/bin/bash
DISPLAY=:0

Signal Handlers:
SIGSEGV: [libjvm.so+0xa76cd0], sa_mask[0]=11111111011111111101111111111110, sa_flags=SA_RESTART|SA_SIGINFO
SIGBUS: [libjvm.so+0xa76cd0], sa_mask[0]=11111111011111111101111111111110, sa_flags=SA_RESTART|SA_SIGINFO
SIGFPE: [libjvm.so+0x8e0d80], sa_mask[0]=11111111011111111101111111111110, sa_flags=SA_RESTART|SA_SIGINFO
SIGPIPE: [libjvm.so+0x8e0d80], sa_mask[0]=11111111011111111101111111111110, sa_flags=SA_RESTART|SA_SIGINFO
SIGXFSZ: [libjvm.so+0x8e0d80], sa_mask[0]=11111111011111111101111111111110, sa_flags=SA_RESTART|SA_SIGINFO
SIGILL: [libjvm.so+0x8e0d80], sa_mask[0]=11111111011111111101111111111110, sa_flags=SA_RESTART|SA_SIGINFO
SIGUSR1: SIG_DFL, sa_mask[0]=00000000000000000000000000000000, sa_flags=none
SIGUSR2: [libjvm.so+0x8e25b0], sa_mask[0]=00100000000000000000000000000000, sa_flags=SA_RESTART|SA_SIGINFO
SIGHUP: [libjvm.so+0x8e3970], sa_mask[0]=11111111011111111101111111111110, sa_flags=SA_RESTART|SA_SIGINFO
SIGINT: [libjvm.so+0x8e3970], sa_mask[0]=11111111011111111101111111111110, sa_flags=SA_RESTART|SA_SIGINFO
SIGTERM: [libjvm.so+0x8e3970], sa_mask[0]=11111111011111111101111111111110, sa_flags=SA_RESTART|SA_SIGINFO
SIGQUIT: [libjvm.so+0x8e3970], sa_mask[0]=11111111011111111101111111111110, sa_flags=SA_RESTART|SA_SIGINFO


---------------  S Y S T E M  ---------------

OS:DISTRIB_ID=LinuxMint
DISTRIB_RELEASE=17
DISTRIB_CODENAME=qiana
DISTRIB_DESCRIPTION="Linux Mint 17 Qiana"

uname:Linux 3.13.0-24-generic #46-Ubuntu SMP Thu Apr 10 19:11:08 UTC 2014 x86_64
libc:glibc 2.19 NPTL 2.19 
rlimit: STACK 8192k, CORE 0k, NPROC 127375, NOFILE 4096, AS infinity
load average:0.63 0.88 0.74

/proc/meminfo:
MemTotal:       16335088 kB
MemFree:         9155704 kB
Buffers:          336944 kB
Cached:          2923120 kB
SwapCached:            0 kB
Active:          4639752 kB
Inactive:        2068208 kB
Active(anon):    3457368 kB
Inactive(anon):   538156 kB
Active(file):    1182384 kB
Inactive(file):  1530052 kB
Unevictable:        1488 kB
Mlocked:            1488 kB
SwapTotal:      16676860 kB
SwapFree:       16676860 kB
Dirty:             27288 kB
Writeback:             0 kB
AnonPages:       3449416 kB
Mapped:           448736 kB
Shmem:            547632 kB
Slab:             264496 kB
SReclaimable:     215856 kB
SUnreclaim:        48640 kB
KernelStack:        6136 kB
PageTables:        47932 kB
NFS_Unstable:          0 kB
Bounce:                0 kB
WritebackTmp:          0 kB
CommitLimit:    24844404 kB
Committed_AS:    7861456 kB
VmallocTotal:   34359738367 kB
VmallocUsed:      444884 kB
VmallocChunk:   34359289148 kB
HardwareCorrupted:     0 kB
AnonHugePages:   2134016 kB
HugePages_Total:       0
HugePages_Free:        0
HugePages_Rsvd:        0
HugePages_Surp:        0
Hugepagesize:       2048 kB
DirectMap4k:       97736 kB
DirectMap2M:     2949120 kB
DirectMap1G:    13631488 kB


CPU:total 8 (4 cores per cpu, 2 threads per core) family 6 model 60 stepping 3, cmov, cx8, fxsr, mmx, sse, sse2, sse3, ssse3, sse4.1, sse4.2, popcnt, avx, avx2, aes, clmul, erms, lzcnt, ht, tsc, tscinvbit, bmi1, bmi2

/proc/cpuinfo:
processor	: 0
vendor_id	: GenuineIntel
cpu family	: 6
model		: 60
model name	: Intel(R) Core(TM) i7-4702HQ CPU @ 2.20GHz
stepping	: 3
microcode	: 0x17
cpu MHz		: 800.000
cache size	: 6144 KB
physical id	: 0
siblings	: 8
core id		: 0
cpu cores	: 4
apicid		: 0
initial apicid	: 0
fpu		: yes
fpu_exception	: yes
cpuid level	: 13
wp		: yes
flags		: fpu vme de pse tsc msr pae mce cx8 apic sep mtrr pge mca cmov pat pse36 clflush dts acpi mmx fxsr sse sse2 ss ht tm pbe syscall nx pdpe1gb rdtscp lm constant_tsc arch_perfmon pebs bts rep_good nopl xtopology nonstop_tsc aperfmperf eagerfpu pni pclmulqdq dtes64 monitor ds_cpl vmx est tm2 ssse3 fma cx16 xtpr pdcm pcid sse4_1 sse4_2 x2apic movbe popcnt tsc_deadline_timer aes xsave avx f16c rdrand lahf_lm abm ida arat epb xsaveopt pln pts dtherm tpr_shadow vnmi flexpriority ept vpid fsgsbase tsc_adjust bmi1 avx2 smep bmi2 erms invpcid
bogomips	: 4389.87
clflush size	: 64
cache_alignment	: 64
address sizes	: 39 bits physical, 48 bits virtual
power management:

processor	: 1
vendor_id	: GenuineIntel
cpu family	: 6
model		: 60
model name	: Intel(R) Core(TM) i7-4702HQ CPU @ 2.20GHz
stepping	: 3
microcode	: 0x17
cpu MHz		: 1300.000
cache size	: 6144 KB
physical id	: 0
siblings	: 8
core id		: 1
cpu cores	: 4
apicid		: 2
initial apicid	: 2
fpu		: yes
fpu_exception	: yes
cpuid level	: 13
wp		: yes
flags		: fpu vme de pse tsc msr pae mce cx8 apic sep mtrr pge mca cmov pat pse36 clflush dts acpi mmx fxsr sse sse2 ss ht tm pbe syscall nx pdpe1gb rdtscp lm constant_tsc arch_perfmon pebs bts rep_good nopl xtopology nonstop_tsc aperfmperf eagerfpu pni pclmulqdq dtes64 monitor ds_cpl vmx est tm2 ssse3 fma cx16 xtpr pdcm pcid sse4_1 sse4_2 x2apic movbe popcnt tsc_deadline_timer aes xsave avx f16c rdrand lahf_lm abm ida arat epb xsaveopt pln pts dtherm tpr_shadow vnmi flexpriority ept vpid fsgsbase tsc_adjust bmi1 avx2 smep bmi2 erms invpcid
bogomips	: 4389.87
clflush size	: 64
cache_alignment	: 64
address sizes	: 39 bits physical, 48 bits virtual
power management:

processor	: 2
vendor_id	: GenuineIntel
cpu family	: 6
model		: 60
model name	: Intel(R) Core(TM) i7-4702HQ CPU @ 2.20GHz
stepping	: 3
microcode	: 0x17
cpu MHz		: 1400.000
cache size	: 6144 KB
physical id	: 0
siblings	: 8
core id		: 2
cpu cores	: 4
apicid		: 4
initial apicid	: 4
fpu		: yes
fpu_exception	: yes
cpuid level	: 13
wp		: yes
flags		: fpu vme de pse tsc msr pae mce cx8 apic sep mtrr pge mca cmov pat pse36 clflush dts acpi mmx fxsr sse sse2 ss ht tm pbe syscall nx pdpe1gb rdtscp lm constant_tsc arch_perfmon pebs bts rep_good nopl xtopology nonstop_tsc aperfmperf eagerfpu pni pclmulqdq dtes64 monitor ds_cpl vmx est tm2 ssse3 fma cx16 xtpr pdcm pcid sse4_1 sse4_2 x2apic movbe popcnt tsc_deadline_timer aes xsave avx f16c rdrand lahf_lm abm ida arat epb xsaveopt pln pts dtherm tpr_shadow vnmi flexpriority ept vpid fsgsbase tsc_adjust bmi1 avx2 smep bmi2 erms invpcid
bogomips	: 4389.87
clflush size	: 64
cache_alignment	: 64
address sizes	: 39 bits physical, 48 bits virtual
power management:

processor	: 3
vendor_id	: GenuineIntel
cpu family	: 6
model		: 60
model name	: Intel(R) Core(TM) i7-4702HQ CPU @ 2.20GHz
stepping	: 3
microcode	: 0x17
cpu MHz		: 1800.000
cache size	: 6144 KB
physical id	: 0
siblings	: 8
core id		: 3
cpu cores	: 4
apicid		: 6
initial apicid	: 6
fpu		: yes
fpu_exception	: yes
cpuid level	: 13
wp		: yes
flags		: fpu vme de pse tsc msr pae mce cx8 apic sep mtrr pge mca cmov pat pse36 clflush dts acpi mmx fxsr sse sse2 ss ht tm pbe syscall nx pdpe1gb rdtscp lm constant_tsc arch_perfmon pebs bts rep_good nopl xtopology nonstop_tsc aperfmperf eagerfpu pni pclmulqdq dtes64 monitor ds_cpl vmx est tm2 ssse3 fma cx16 xtpr pdcm pcid sse4_1 sse4_2 x2apic movbe popcnt tsc_deadline_timer aes xsave avx f16c rdrand lahf_lm abm ida arat epb xsaveopt pln pts dtherm tpr_shadow vnmi flexpriority ept vpid fsgsbase tsc_adjust bmi1 avx2 smep bmi2 erms invpcid
bogomips	: 4389.87
clflush size	: 64
cache_alignment	: 64
address sizes	: 39 bits physical, 48 bits virtual
power management:

processor	: 4
vendor_id	: GenuineIntel
cpu family	: 6
model		: 60
model name	: Intel(R) Core(TM) i7-4702HQ CPU @ 2.20GHz
stepping	: 3
microcode	: 0x17
cpu MHz		: 800.000
cache size	: 6144 KB
physical id	: 0
siblings	: 8
core id		: 0
cpu cores	: 4
apicid		: 1
initial apicid	: 1
fpu		: yes
fpu_exception	: yes
cpuid level	: 13
wp		: yes
flags		: fpu vme de pse tsc msr pae mce cx8 apic sep mtrr pge mca cmov pat pse36 clflush dts acpi mmx fxsr sse sse2 ss ht tm pbe syscall nx pdpe1gb rdtscp lm constant_tsc arch_perfmon pebs bts rep_good nopl xtopology nonstop_tsc aperfmperf eagerfpu pni pclmulqdq dtes64 monitor ds_cpl vmx est tm2 ssse3 fma cx16 xtpr pdcm pcid sse4_1 sse4_2 x2apic movbe popcnt tsc_deadline_timer aes xsave avx f16c rdrand lahf_lm abm ida arat epb xsaveopt pln pts dtherm tpr_shadow vnmi flexpriority ept vpid fsgsbase tsc_adjust bmi1 avx2 smep bmi2 erms invpcid
bogomips	: 4389.87
clflush size	: 64
cache_alignment	: 64
address sizes	: 39 bits physical, 48 bits virtual
power management:

processor	: 5
vendor_id	: GenuineIntel
cpu family	: 6
model		: 60
model name	: Intel(R) Core(TM) i7-4702HQ CPU @ 2.20GHz
stepping	: 3
microcode	: 0x17
cpu MHz		: 800.000
cache size	: 6144 KB
physical id	: 0
siblings	: 8
core id		: 1
cpu cores	: 4
apicid		: 3
initial apicid	: 3
fpu		: yes
fpu_exception	: yes
cpuid level	: 13
wp		: yes
flags		: fpu vme de pse tsc msr pae mce cx8 apic sep mtrr pge mca cmov pat pse36 clflush dts acpi mmx fxsr sse sse2 ss ht tm pbe syscall nx pdpe1gb rdtscp lm constant_tsc arch_perfmon pebs bts rep_good nopl xtopology nonstop_tsc aperfmperf eagerfpu pni pclmulqdq dtes64 monitor ds_cpl vmx est tm2 ssse3 fma cx16 xtpr pdcm pcid sse4_1 sse4_2 x2apic movbe popcnt tsc_deadline_timer aes xsave avx f16c rdrand lahf_lm abm ida arat epb xsaveopt pln pts dtherm tpr_shadow vnmi flexpriority ept vpid fsgsbase tsc_adjust bmi1 avx2 smep bmi2 erms invpcid
bogomips	: 4389.87
clflush size	: 64
cache_alignment	: 64
address sizes	: 39 bits physical, 48 bits virtual
power management:

processor	: 6
vendor_id	: GenuineIntel
cpu family	: 6
model		: 60
model name	: Intel(R) Core(TM) i7-4702HQ CPU @ 2.20GHz
stepping	: 3
microcode	: 0x17
cpu MHz		: 1500.000
cache size	: 6144 KB
physical id	: 0
siblings	: 8
core id		: 2
cpu cores	: 4
apicid		: 5
initial apicid	: 5
fpu		: yes
fpu_exception	: yes
cpuid level	: 13
wp		: yes
flags		: fpu vme de pse tsc msr pae mce cx8 apic sep mtrr pge mca cmov pat pse36 clflush dts acpi mmx fxsr sse sse2 ss ht tm pbe syscall nx pdpe1gb rdtscp lm constant_tsc arch_perfmon pebs bts rep_good nopl xtopology nonstop_tsc aperfmperf eagerfpu pni pclmulqdq dtes64 monitor ds_cpl vmx est tm2 ssse3 fma cx16 xtpr pdcm pcid sse4_1 sse4_2 x2apic movbe popcnt tsc_deadline_timer aes xsave avx f16c rdrand lahf_lm abm ida arat epb xsaveopt pln pts dtherm tpr_shadow vnmi flexpriority ept vpid fsgsbase tsc_adjust bmi1 avx2 smep bmi2 erms invpcid
bogomips	: 4389.87
clflush size	: 64
cache_alignment	: 64
address sizes	: 39 bits physical, 48 bits virtual
power management:

processor	: 7
vendor_id	: GenuineIntel
cpu family	: 6
model		: 60
model name	: Intel(R) Core(TM) i7-4702HQ CPU @ 2.20GHz
stepping	: 3
microcode	: 0x17
cpu MHz		: 2201.000
cache size	: 6144 KB
physical id	: 0
siblings	: 8
core id		: 3
cpu cores	: 4
apicid		: 7
initial apicid	: 7
fpu		: yes
fpu_exception	: yes
cpuid level	: 13
wp		: yes
flags		: fpu vme de pse tsc msr pae mce cx8 apic sep mtrr pge mca cmov pat pse36 clflush dts acpi mmx fxsr sse sse2 ss ht tm pbe syscall nx pdpe1gb rdtscp lm constant_tsc arch_perfmon pebs bts rep_good nopl xtopology nonstop_tsc aperfmperf eagerfpu pni pclmulqdq dtes64 monitor ds_cpl vmx est tm2 ssse3 fma cx16 xtpr pdcm pcid sse4_1 sse4_2 x2apic movbe popcnt tsc_deadline_timer aes xsave avx f16c rdrand lahf_lm abm ida arat epb xsaveopt pln pts dtherm tpr_shadow vnmi flexpriority ept vpid fsgsbase tsc_adjust bmi1 avx2 smep bmi2 erms invpcid
bogomips	: 4389.87
clflush size	: 64
cache_alignment	: 64
address sizes	: 39 bits physical, 48 bits virtual
power management:



Memory: 4k page, physical 16335088k(9155704k free), swap 16676860k(16676860k free)

vm_info: Java HotSpot(TM) 64-Bit Server VM (25.20-b17) for linux-amd64 JRE (1.8.0_20-ea-b17), built on Jun  4 2014 00:04:06 by "java_re" with gcc 4.3.0 20080428 (Red Hat 4.3.0-8)

time: Tue Nov 18 08:51:03 2014
elapsed time: 226 seconds (0d 0h 3m 46s)

