#
# A fatal error has been detected by the Java Runtime Environment:
#
#  SIGSEGV (0xb) at pc=0x00007f02edb67f7e, pid=5591, tid=139650556864256
#
# JRE version: Java(TM) SE Runtime Environment (8.0_20-b17) (build 1.8.0_20-ea-b17)
# Java VM: Java HotSpot(TM) 64-Bit Server VM (25.20-b17 mixed mode linux-amd64 compressed oops)
# Problematic frame:
# C  [ld-linux-x86-64.so.2+0x9f7e]
#
# Failed to write core dump. Core dumps have been disabled. To enable core dumping, try "ulimit -c unlimited" before starting Java again
#
# If you would like to submit a bug report, please visit:
#   http://bugreport.sun.com/bugreport/crash.jsp
# The crash happened outside the Java Virtual Machine in native code.
# See problematic frame for where to report the bug.
#

---------------  T H R E A D  ---------------

Current thread (0x00007f02e400d000):  JavaThread "main" [_thread_in_native, id=5596, stack(0x00007f02edc5a000,0x00007f02edd5b000)]

siginfo: si_signo: 11 (SIGSEGV), si_code: 1 (SEGV_MAPERR), si_addr: 0x0000000000000068

Registers:
RAX=0x0000000000000040, RBX=0x000000004c8d3d65, RCX=0x0000000000000025, RDX=0x00000000000003f3
RSP=0x00007f02edd57a30, RBP=0x0000000000000002, RSI=0x00007f02ed162d28, RDI=0x00007f02edd5e9e8
R8 =0x00000000013234f5, R9 =0x00007f02edd57a70, R10=0x0000000006020400, R11=0x00007f02edd57b70
R12=0x0000000000000003, R13=0x00007f02203a00b0, R14=0x0000000000000000, R15=0x0000000000000025
RIP=0x00007f02edb67f7e, EFLAGS=0x0000000000010202, CSGSFS=0x0000000000000033, ERR=0x0000000000000004
  TRAPNO=0x000000000000000e

Top of Stack: (sp=0x00007f02edd57a30)
0x00007f02edd57a30:   00007f02edd57ba0 00007f02ec83ff75
0x00007f02edd57a40:   00007f0200000002 00007f02edd57b80
0x00007f02edd57a50:   00007f02edd57c10 00007f02edd57de0
0x00007f02edd57a60:   00007f02d5046960 015cdf770000000c
0x00007f02edd57a70:   0000000000000000 0000000000000000
0x00007f02edd57a80:   00007f02edd5e9e8 00007f02e40c2c60
0x00007f02edd57a90:   00007f02ed16fd78 0000000000000000
0x00007f02edd57aa0:   0000000200000000 0000000000000000
0x00007f02edd57ab0:   00007f02e400d000 00007f02edd57c60
0x00007f02edd57ac0:   00007f02edd57c10 0000000000000000
0x00007f02edd57ad0:   0000000000000000 00007f02203a04f8
0x00007f02edd57ae0:   00007f02203a0170 00007f02edb68991
0x00007f02edd57af0:   0000000000000000 0000000000000000
0x00007f02edd57b00:   0000001e00000002 0000000000000000
0x00007f02edd57b10:   00007f0200000000 00007f02203a0170
0x00007f02edd57b20:   00007f02edd57b90 00007f02ec996447
0x00007f02edd57b30:   00007f02e400a518 00007f02e400a510
0x00007f02edd57b40:   00007f02d4804440 00007f02203a04f8
0x00007f02edd57b50:   00007f02edd57b80 00007f02edd57b70
0x00007f02edd57b60:   000000004c8d3d65 00007f02e40c2c60
0x00007f02edd57b70:   00000000ffffffff 00007f02e400a5d0
0x00007f02edd57b80:   0000000000000000 0000000000000000
0x00007f02edd57b90:   00007f02e400a470 00007f02e400d000
0x00007f02edd57ba0:   00007f02edd57d30 00007f02ec886467
0x00007f02edd57bb0:   000000b1edd58910 00007f02edd58380
0x00007f02edd57bc0:   00007f02edd57c10 00007f02edd57c90
0x00007f02edd57bd0:   00007f02edd57d60 00007f02edd57de0
0x00007f02edd57be0:   00007f02e400d1e8 0000000000f004b0
0x00007f02edd57bf0:   00007f02edd80cc0 00007f02e40c2c60
0x00007f02edd57c00:   0000000000000000 00007f02203a0170
0x00007f02edd57c10:   00007f02edd57cf0 00007f02ed295f56
0x00007f02edd57c20:   0000000600000002 0000000000000000 

Instructions: (pc=0x00007f02edb67f7e)
0x00007f02edb67f5e:   06 41 83 e7 3f 0f 1f 44 00 00 49 8b 44 ed 00 c7
0x00007f02edb67f6e:   44 24 70 00 00 00 00 48 c7 44 24 40 00 00 00 00
0x00007f02edb67f7e:   48 8b 78 28 4c 39 f7 48 89 7c 24 50 0f 84 f0 00
0x00007f02edb67f8e:   00 00 f6 44 24 7c 02 74 0d f6 87 14 03 00 00 03 

Register to memory mapping:

RAX=0x0000000000000040 is an unknown value
RBX=0x000000004c8d3d65 is an unknown value
RCX=0x0000000000000025 is an unknown value
RDX=0x00000000000003f3 is an unknown value
RSP=0x00007f02edd57a30 is pointing into the stack for thread: 0x00007f02e400d000
RBP=0x0000000000000002 is an unknown value
RSI=0x00007f02ed162d28: <offset 0x3d28> in /lib/x86_64-linux-gnu/libc.so.6 at 0x00007f02ed15f000
RDI=0x00007f02edd5e9e8 is an unknown value
R8 =0x00000000013234f5 is an unknown value
R9 =0x00007f02edd57a70 is pointing into the stack for thread: 0x00007f02e400d000
R10=0x0000000006020400 is an unknown value
R11=0x00007f02edd57b70 is pointing into the stack for thread: 0x00007f02e400d000
R12=0x0000000000000003 is an unknown value
R13=0x00007f02203a00b0 is an unknown value
R14=0x0000000000000000 is an unknown value
R15=0x0000000000000025 is an unknown value


Stack: [0x00007f02edc5a000,0x00007f02edd5b000],  sp=0x00007f02edd57a30,  free space=1014k
Native frames: (J=compiled Java code, j=interpreted, Vv=VM code, C=native code)
C  [ld-linux-x86-64.so.2+0x9f7e]

Java frames: (J=compiled Java code, j=interpreted, Vv=VM code)
j  java.lang.ClassLoader$NativeLibrary.unload(Ljava/lang/String;Z)V+0
j  java.lang.ClassLoader$NativeLibrary.finalize()V+87
v  ~StubRoutines::call_stub
J 1170  sun.reflect.NativeMethodAccessorImpl.invoke0(Ljava/lang/reflect/Method;Ljava/lang/Object;[Ljava/lang/Object;)Ljava/lang/Object; (0 bytes) @ 0x00007f02d5468477 [0x00007f02d5468400+0x77]
J 1169 C1 sun.reflect.NativeMethodAccessorImpl.invoke(Ljava/lang/Object;[Ljava/lang/Object;)Ljava/lang/Object; (104 bytes) @ 0x00007f02d546768c [0x00007f02d5466480+0x120c]
J 5995 C2 java.lang.reflect.Method.invoke(Ljava/lang/Object;[Ljava/lang/Object;)Ljava/lang/Object; (62 bytes) @ 0x00007f02d63809e0 [0x00007f02d6380920+0xc0]
j  com.inductiveautomation.ignition.gateway.bootstrap.SRFilter.destroy()V+89
j  org.apache.catalina.core.ApplicationFilterConfig.release()V+61
j  org.apache.catalina.core.StandardContext.filterStop()Z+124
j  org.apache.catalina.core.StandardContext.stop()V+142
j  org.apache.catalina.core.ContainerBase.removeChild(Lorg/apache/catalina/Container;)V+90
j  org.apache.catalina.startup.HostConfig.undeployApps()V+77
j  org.apache.catalina.startup.HostConfig.stop()V+28
j  org.apache.catalina.startup.HostConfig.lifecycleEvent(Lorg/apache/catalina/LifecycleEvent;)V+151
J 7079 C1 org.apache.catalina.util.LifecycleSupport.fireLifecycleEvent(Ljava/lang/String;Ljava/lang/Object;)V (190 bytes) @ 0x00007f02d65db84c [0x00007f02d65dad60+0xaec]
j  org.apache.catalina.core.ContainerBase.stop()V+60
j  org.apache.catalina.core.ContainerBase.stop()V+118
j  org.apache.catalina.core.StandardEngine.stop()V+1
j  org.apache.catalina.core.StandardService.stop()V+177
j  org.apache.catalina.core.StandardServer.stop()V+65
j  org.apache.catalina.startup.Catalina.stop()V+58
j  org.apache.catalina.startup.Catalina.start()V+198
v  ~StubRoutines::call_stub
j  sun.reflect.NativeMethodAccessorImpl.invoke0(Ljava/lang/reflect/Method;Ljava/lang/Object;[Ljava/lang/Object;)Ljava/lang/Object;+0
j  sun.reflect.NativeMethodAccessorImpl.invoke(Ljava/lang/Object;[Ljava/lang/Object;)Ljava/lang/Object;+100
J 493 C1 sun.reflect.DelegatingMethodAccessorImpl.invoke(Ljava/lang/Object;[Ljava/lang/Object;)Ljava/lang/Object; (10 bytes) @ 0x00007f02d522d52c [0x00007f02d522d400+0x12c]
J 490 C1 java.lang.reflect.Method.invoke(Ljava/lang/Object;[Ljava/lang/Object;)Ljava/lang/Object; (62 bytes) @ 0x00007f02d521d404 [0x00007f02d521cfe0+0x424]
j  org.apache.catalina.startup.Bootstrap.start()V+37
j  org.apache.catalina.startup.Bootstrap.main([Ljava/lang/String;)V+131
v  ~StubRoutines::call_stub

---------------  P R O C E S S  ---------------

Java Threads: ( => current thread )
  0x00007f02e458e800 JavaThread "Thread-23" daemon [_thread_blocked, id=5742, stack(0x00007f01f9eae000,0x00007f01f9faf000)]
  0x00007f0210003000 JavaThread "pool-4-thread-1" [_thread_blocked, id=5701, stack(0x00007f01f99ab000,0x00007f01f9aac000)]
  0x00007f0244001800 JavaThread "http-8088-2" daemon [_thread_blocked, id=5693, stack(0x00007f01f9bad000,0x00007f01f9cae000)]
  0x00007f0220cd8800 JavaThread "ClockDriftDetector" daemon [_thread_blocked, id=5675, stack(0x00007f01fabf4000,0x00007f01facf5000)]
  0x00007f0220cd6000 JavaThread "PyLib_ScriptWatcher" daemon [_thread_blocked, id=5674, stack(0x00007f01facf5000,0x00007f01fadf6000)]
  0x00007f0220ccc000 JavaThread "PyFile_ChangeNotifier" daemon [_thread_blocked, id=5673, stack(0x00007f01fadf6000,0x00007f01faef7000)]
  0x00007f0220cca000 JavaThread "Thread-18" daemon [_thread_in_native, id=5672, stack(0x00007f01faef7000,0x00007f01faff8000)]
  0x00007f0244004800 JavaThread "http-8088-1" daemon [_thread_blocked, id=5639, stack(0x00007f0262b93000,0x00007f0262c94000)]
  0x00007f02e45b6000 JavaThread "TP-Monitor" daemon [_thread_blocked, id=5638, stack(0x00007f0262e94000,0x00007f0262f95000)]
  0x00007f02e45b4800 JavaThread "TP-Processor4" daemon [_thread_blocked, id=5637, stack(0x00007f0262f95000,0x00007f0263096000)]
  0x00007f02e45b3800 JavaThread "TP-Processor3" daemon [_thread_blocked, id=5636, stack(0x00007f0263096000,0x00007f0263197000)]
  0x00007f02e45a0800 JavaThread "TP-Processor2" daemon [_thread_blocked, id=5635, stack(0x00007f0263197000,0x00007f0263298000)]
  0x00007f02e45a0000 JavaThread "TP-Processor1" daemon [_thread_blocked, id=5634, stack(0x00007f0263298000,0x00007f0263399000)]
  0x00007f02e4578800 JavaThread "http-8088-Acceptor-0" daemon [_thread_blocked, id=5633, stack(0x00007f0263399000,0x00007f026349a000)]
  0x00007f0254008000 JavaThread "RMI Scheduler(0)" daemon [_thread_blocked, id=5627, stack(0x00007f026369c000,0x00007f026379d000)]
  0x00007f02e4507000 JavaThread "GC Daemon" daemon [_thread_blocked, id=5624, stack(0x00007f02b4010000,0x00007f02b4111000)]
  0x00007f02e4484000 JavaThread "Abandoned connection cleanup thread" daemon [_thread_blocked, id=5623, stack(0x00007f02b53e1000,0x00007f02b54e2000)]
  0x00007f02e4226800 JavaThread "RMI TCP Accept-0" daemon [_thread_in_native, id=5621, stack(0x00007f02b5839000,0x00007f02b593a000)]
  0x00007f02e4215800 JavaThread "RMI TCP Accept-1099" daemon [_thread_in_native, id=5620, stack(0x00007f02b593a000,0x00007f02b5a3b000)]
  0x00007f02e4204800 JavaThread "RMI TCP Accept-0" daemon [_thread_in_native, id=5619, stack(0x00007f02b5a3b000,0x00007f02b5b3c000)]
  0x00007f02e40dd000 JavaThread "Service Thread" daemon [_thread_blocked, id=5618, stack(0x00007f02b619e000,0x00007f02b629f000)]
  0x00007f02e40cf800 JavaThread "C1 CompilerThread3" daemon [_thread_blocked, id=5617, stack(0x00007f02b629f000,0x00007f02b63a0000)]
  0x00007f02e40cd000 JavaThread "C2 CompilerThread2" daemon [_thread_blocked, id=5616, stack(0x00007f02b63a0000,0x00007f02b64a1000)]
  0x00007f02e40cb800 JavaThread "C2 CompilerThread1" daemon [_thread_blocked, id=5615, stack(0x00007f02b64a1000,0x00007f02b65a2000)]
  0x00007f02e40c8800 JavaThread "C2 CompilerThread0" daemon [_thread_in_native, id=5614, stack(0x00007f02b65a2000,0x00007f02b66a3000)]
  0x00007f02e40c6800 JavaThread "JDWP Event Helper Thread" daemon [_thread_blocked, id=5611, stack(0x00007f02b67a4000,0x00007f02b68a5000)]
  0x00007f02e40b6000 JavaThread "Signal Dispatcher" daemon [_thread_blocked, id=5608, stack(0x00007f02b6baa000,0x00007f02b6cab000)]
  0x00007f02e4087800 JavaThread "Finalizer" daemon [_thread_blocked, id=5607, stack(0x00007f02b6cab000,0x00007f02b6dac000)]
  0x00007f02e4085800 JavaThread "Reference Handler" daemon [_thread_blocked, id=5606, stack(0x00007f02b6dac000,0x00007f02b6ead000)]
=>0x00007f02e400d000 JavaThread "main" [_thread_in_native, id=5596, stack(0x00007f02edc5a000,0x00007f02edd5b000)]

Other Threads:
  0x00007f02e407e800 VMThread [stack: 0x00007f02b6ead000,0x00007f02b6fae000] [id=5605]
  0x00007f02e4229000 WatcherThread [stack: 0x00007f02b5738000,0x00007f02b5839000] [id=5622]

VM state:not at safepoint (normal execution)

VM Mutex/Monitor currently owned by a thread: None

Heap:
 PSYoungGen      total 257536K, used 152464K [0x000000076ce00000, 0x000000077e280000, 0x00000007c0000000)
  eden space 241664K, 63% used [0x000000076ce00000,0x00000007762e4360,0x000000077ba00000)
  from space 15872K, 0% used [0x000000077d300000,0x000000077d300000,0x000000077e280000)
  to   space 20480K, 0% used [0x000000077ba80000,0x000000077ba80000,0x000000077ce80000)
 ParOldGen       total 261632K, used 34904K [0x00000006c6a00000, 0x00000006d6980000, 0x000000076ce00000)
  object space 261632K, 13% used [0x00000006c6a00000,0x00000006c8c16368,0x00000006d6980000)
 Metaspace       used 58680K, capacity 59902K, committed 60160K, reserved 1101824K
  class space    used 8361K, capacity 8661K, committed 8704K, reserved 1048576K

Card table byte_map: [0x00007f02e9baa000,0x00007f02ea376000] byte_map_base: 0x00007f02e6575000

Marking Bits: (ParMarkBitMap*) 0x00007f02ed134c20
 Begin Bits: [0x00007f02a8350000, 0x00007f02ac1a8000)
 End Bits:   [0x00007f02ac1a8000, 0x00007f02b0000000)

Polling page: 0x00007f02edd7d000

CodeCache: size=245760Kb used=22801Kb max_used=22829Kb free=222959Kb
 bounds [0x00007f02d5000000, 0x00007f02d6670000, 0x00007f02e4000000]
 total_blobs=6564 nmethods=5958 adapters=526
 compilation: enabled

Compilation events (10 events):
Event: 131.050 Thread 0x00007f02e40cf800 7260       1       org.apache.log4j.Priority::toInt (5 bytes)
Event: 131.050 Thread 0x00007f02e40cf800 nmethod 7260 0x00007f02d615a090 code [0x00007f02d615a1e0, 0x00007f02d615a2f0]
Event: 131.050 Thread 0x00007f02e40cf800 7262       1       com.inductiveautomation.ignition.common.util.RAFCircularBuffer::access$300 (5 bytes)
Event: 131.050 Thread 0x00007f02e40cf800 nmethod 7262 0x00007f02d6159dd0 code [0x00007f02d6159f20, 0x00007f02d615a010]
Event: 131.053 Thread 0x00007f02e40cf800 7263       3       java.io.ObjectOutputStream::<init> (99 bytes)
Event: 131.054 Thread 0x00007f02e40cf800 nmethod 7263 0x00007f02d628b550 code [0x00007f02d628b7a0, 0x00007f02d628c108]
Event: 131.054 Thread 0x00007f02e40cf800 7264       3       java.io.ObjectOutputStream::verifySubclass (99 bytes)
Event: 131.055 Thread 0x00007f02e40cf800 nmethod 7264 0x00007f02d6543550 code [0x00007f02d6543820, 0x00007f02d6544eb8]
Event: 131.058 Thread 0x00007f02e40cf800 7265       3       java.io.ObjectOutputStream$BlockDataOutputStream::drain (45 bytes)
Event: 131.059 Thread 0x00007f02e40cf800 nmethod 7265 0x00007f02d628afd0 code [0x00007f02d628b160, 0x00007f02d628b458]

GC Heap History (10 events):
Event: 6.509 GC heap before
{Heap before GC invocations=11 (full 2):
 PSYoungGen      total 189440K, used 186900K [0x000000076ce00000, 0x0000000779d00000, 0x00000007c0000000)
  eden space 180224K, 100% used [0x000000076ce00000,0x0000000777e00000,0x0000000777e00000)
  from space 9216K, 72% used [0x0000000779400000,0x0000000779a85120,0x0000000779d00000)
  to   space 15872K, 0% used [0x0000000777e00000,0x0000000777e00000,0x0000000778d80000)
 ParOldGen       total 181760K, used 23653K [0x00000006c6a00000, 0x00000006d1b80000, 0x000000076ce00000)
  object space 181760K, 13% used [0x00000006c6a00000,0x00000006c8119558,0x00000006d1b80000)
 Metaspace       used 44960K, capacity 45452K, committed 45696K, reserved 1087488K
  class space    used 6647K, capacity 6775K, committed 6784K, reserved 1048576K
Event: 6.518 GC heap after
Heap after GC invocations=11 (full 2):
 PSYoungGen      total 196096K, used 9101K [0x000000076ce00000, 0x000000077c300000, 0x00000007c0000000)
  eden space 180224K, 0% used [0x000000076ce00000,0x000000076ce00000,0x0000000777e00000)
  from space 15872K, 57% used [0x0000000777e00000,0x00000007786e36b0,0x0000000778d80000)
  to   space 15360K, 0% used [0x000000077b400000,0x000000077b400000,0x000000077c300000)
 ParOldGen       total 181760K, used 23661K [0x00000006c6a00000, 0x00000006d1b80000, 0x000000076ce00000)
  object space 181760K, 13% used [0x00000006c6a00000,0x00000006c811b558,0x00000006d1b80000)
 Metaspace       used 44960K, capacity 45452K, committed 45696K, reserved 1087488K
  class space    used 6647K, capacity 6775K, committed 6784K, reserved 1048576K
}
Event: 17.746 GC heap before
{Heap before GC invocations=12 (full 2):
 PSYoungGen      total 196096K, used 189325K [0x000000076ce00000, 0x000000077c300000, 0x00000007c0000000)
  eden space 180224K, 100% used [0x000000076ce00000,0x0000000777e00000,0x0000000777e00000)
  from space 15872K, 57% used [0x0000000777e00000,0x00000007786e36b0,0x0000000778d80000)
  to   space 15360K, 0% used [0x000000077b400000,0x000000077b400000,0x000000077c300000)
 ParOldGen       total 181760K, used 23661K [0x00000006c6a00000, 0x00000006d1b80000, 0x000000076ce00000)
  object space 181760K, 13% used [0x00000006c6a00000,0x00000006c811b558,0x00000006d1b80000)
 Metaspace       used 56179K, capacity 57262K, committed 57344K, reserved 1097728K
  class space    used 8146K, capacity 8375K, committed 8448K, reserved 1048576K
Event: 17.765 GC heap after
Heap after GC invocations=12 (full 2):
 PSYoungGen      total 229376K, used 15344K [0x000000076ce00000, 0x000000077c300000, 0x00000007c0000000)
  eden space 214016K, 0% used [0x000000076ce00000,0x000000076ce00000,0x0000000779f00000)
  from space 15360K, 99% used [0x000000077b400000,0x000000077c2fc1e0,0x000000077c300000)
  to   space 18432K, 0% used [0x0000000779f00000,0x0000000779f00000,0x000000077b100000)
 ParOldGen       total 181760K, used 28024K [0x00000006c6a00000, 0x00000006d1b80000, 0x000000076ce00000)
  object space 181760K, 15% used [0x00000006c6a00000,0x00000006c855e310,0x00000006d1b80000)
 Metaspace       used 56179K, capacity 57262K, committed 57344K, reserved 1097728K
  class space    used 8146K, capacity 8375K, committed 8448K, reserved 1048576K
}
Event: 28.440 GC heap before
{Heap before GC invocations=13 (full 2):
 PSYoungGen      total 229376K, used 229360K [0x000000076ce00000, 0x000000077c300000, 0x00000007c0000000)
  eden space 214016K, 100% used [0x000000076ce00000,0x0000000779f00000,0x0000000779f00000)
  from space 15360K, 99% used [0x000000077b400000,0x000000077c2fc1e0,0x000000077c300000)
  to   space 18432K, 0% used [0x0000000779f00000,0x0000000779f00000,0x000000077b100000)
 ParOldGen       total 181760K, used 28024K [0x00000006c6a00000, 0x00000006d1b80000, 0x000000076ce00000)
  object space 181760K, 15% used [0x00000006c6a00000,0x00000006c855e310,0x00000006d1b80000)
 Metaspace       used 56932K, capacity 58032K, committed 58240K, reserved 1099776K
  class space    used 8203K, capacity 8450K, committed 8576K, reserved 1048576K
Event: 28.455 GC heap after
Heap after GC invocations=13 (full 2):
 PSYoungGen      total 232448K, used 14922K [0x000000076ce00000, 0x000000077e600000, 0x00000007c0000000)
  eden space 214016K, 0% used [0x000000076ce00000,0x000000076ce00000,0x0000000779f00000)
  from space 18432K, 80% used [0x0000000779f00000,0x000000077ad92ba8,0x000000077b100000)
  to   space 19456K, 0% used [0x000000077d300000,0x000000077d300000,0x000000077e600000)
 ParOldGen       total 181760K, used 28032K [0x00000006c6a00000, 0x00000006d1b80000, 0x000000076ce00000)
  object space 181760K, 15% used [0x00000006c6a00000,0x00000006c8560310,0x00000006d1b80000)
 Metaspace       used 56932K, capacity 58032K, committed 58240K, reserved 1099776K
  class space    used 8203K, capacity 8450K, committed 8576K, reserved 1048576K
}
Event: 49.922 GC heap before
{Heap before GC invocations=14 (full 2):
 PSYoungGen      total 232448K, used 77487K [0x000000076ce00000, 0x000000077e600000, 0x00000007c0000000)
  eden space 214016K, 29% used [0x000000076ce00000,0x0000000770b191d0,0x0000000779f00000)
  from space 18432K, 80% used [0x0000000779f00000,0x000000077ad92ba8,0x000000077b100000)
  to   space 19456K, 0% used [0x000000077d300000,0x000000077d300000,0x000000077e600000)
 ParOldGen       total 181760K, used 28032K [0x00000006c6a00000, 0x00000006d1b80000, 0x000000076ce00000)
  object space 181760K, 15% used [0x00000006c6a00000,0x00000006c8560310,0x00000006d1b80000)
 Metaspace       used 57257K, capacity 58400K, committed 58496K, reserved 1099776K
  class space    used 8236K, capacity 8490K, committed 8576K, reserved 1048576K
Event: 49.939 GC heap after
Heap after GC invocations=14 (full 2):
 PSYoungGen      total 257536K, used 15400K [0x000000076ce00000, 0x000000077e280000, 0x00000007c0000000)
  eden space 241664K, 0% used [0x000000076ce00000,0x000000076ce00000,0x000000077ba00000)
  from space 15872K, 97% used [0x000000077d300000,0x000000077e20a338,0x000000077e280000)
  to   space 20480K, 0% used [0x000000077ba80000,0x000000077ba80000,0x000000077ce80000)
 ParOldGen       total 181760K, used 28040K [0x00000006c6a00000, 0x00000006d1b80000, 0x000000076ce00000)
  object space 181760K, 15% used [0x00000006c6a00000,0x00000006c8562310,0x00000006d1b80000)
 Metaspace       used 57257K, capacity 58400K, committed 58496K, reserved 1099776K
  class space    used 8236K, capacity 8490K, committed 8576K, reserved 1048576K
}
Event: 49.939 GC heap before
{Heap before GC invocations=15 (full 3):
 PSYoungGen      total 257536K, used 15400K [0x000000076ce00000, 0x000000077e280000, 0x00000007c0000000)
  eden space 241664K, 0% used [0x000000076ce00000,0x000000076ce00000,0x000000077ba00000)
  from space 15872K, 97% used [0x000000077d300000,0x000000077e20a338,0x000000077e280000)
  to   space 20480K, 0% used [0x000000077ba80000,0x000000077ba80000,0x000000077ce80000)
 ParOldGen       total 181760K, used 28040K [0x00000006c6a00000, 0x00000006d1b80000, 0x000000076ce00000)
  object space 181760K, 15% used [0x00000006c6a00000,0x00000006c8562310,0x00000006d1b80000)
 Metaspace       used 57257K, capacity 58400K, committed 58496K, reserved 1099776K
  class space    used 8236K, capacity 8490K, committed 8576K, reserved 1048576K
Event: 50.145 GC heap after
Heap after GC invocations=15 (full 3):
 PSYoungGen      total 257536K, used 0K [0x000000076ce00000, 0x000000077e280000, 0x00000007c0000000)
  eden space 241664K, 0% used [0x000000076ce00000,0x000000076ce00000,0x000000077ba00000)
  from space 15872K, 0% used [0x000000077d300000,0x000000077d300000,0x000000077e280000)
  to   space 20480K, 0% used [0x000000077ba80000,0x000000077ba80000,0x000000077ce80000)
 ParOldGen       total 261632K, used 34904K [0x00000006c6a00000, 0x00000006d6980000, 0x000000076ce00000)
  object space 261632K, 13% used [0x00000006c6a00000,0x00000006c8c16368,0x00000006d6980000)
 Metaspace       used 57235K, capacity 58372K, committed 58496K, reserved 1099776K
  class space    used 8235K, capacity 8486K, committed 8576K, reserved 1048576K
}

Deoptimization events (10 events):
Event: 131.054 Thread 0x00007f02e400d000 Uncommon trap: reason=bimorphic action=maybe_recompile pc=0x00007f02d616c24c method=java.io.ObjectOutputStream$BlockDataOutputStream.drain()V @ 36
Event: 131.054 Thread 0x00007f02e400d000 Uncommon trap: reason=class_check action=maybe_recompile pc=0x00007f02d6271fc8 method=java.io.ObjectOutputStream$BlockDataOutputStream.write([BIIZ)V @ 23
Event: 131.054 Thread 0x00007f02e400d000 Uncommon trap: reason=bimorphic action=maybe_recompile pc=0x00007f02d65cd7d0 method=java.io.ObjectOutputStream$BlockDataOutputStream.writeBlockHeader(I)V @ 33
Event: 131.054 Thread 0x00007f02e400d000 Uncommon trap: reason=bimorphic action=maybe_recompile pc=0x00007f02d61b9004 method=java.io.ObjectOutputStream$BlockDataOutputStream.drain()V @ 36
Event: 131.055 Thread 0x00007f02e400d000 Uncommon trap: reason=class_check action=maybe_recompile pc=0x00007f02d6271fc8 method=java.io.ObjectOutputStream$BlockDataOutputStream.write([BIIZ)V @ 23
Event: 131.056 Thread 0x00007f02e400d000 Uncommon trap: reason=class_check action=maybe_recompile pc=0x00007f02d6271fc8 method=java.io.ObjectOutputStream$BlockDataOutputStream.write([BIIZ)V @ 23
Event: 131.056 Thread 0x00007f02e400d000 Uncommon trap: reason=class_check action=maybe_recompile pc=0x00007f02d6271fc8 method=java.io.ObjectOutputStream$BlockDataOutputStream.write([BIIZ)V @ 23
Event: 131.058 Thread 0x00007f02e400d000 Uncommon trap: reason=bimorphic action=maybe_recompile pc=0x00007f02d65cd7d0 method=java.io.ObjectOutputStream$BlockDataOutputStream.writeBlockHeader(I)V @ 33
Event: 131.058 Thread 0x00007f02e400d000 Uncommon trap: reason=bimorphic action=maybe_recompile pc=0x00007f02d65cd7d0 method=java.io.ObjectOutputStream$BlockDataOutputStream.writeBlockHeader(I)V @ 33
Event: 131.059 Thread 0x00007f02e400d000 Uncommon trap: reason=bimorphic action=maybe_recompile pc=0x00007f02d61b9e3c method=java.io.ObjectOutputStream$BlockDataOutputStream.drain()V @ 36

Internal exceptions (10 events):
Event: 130.926 Thread 0x00007f02e400d000 Exception <a 'java/security/PrivilegedActionException'> (0x000000077548d3a0) thrown at [/HUDSON/workspace/8-2-build-linux-amd64/jdk8u20/526.nc/hotspot/src/share/vm/prims/jvm.cpp, line 1258]
Event: 130.929 Thread 0x00007f02e400d000 Exception <a 'java/security/PrivilegedActionException'> (0x000000077549f858) thrown at [/HUDSON/workspace/8-2-build-linux-amd64/jdk8u20/526.nc/hotspot/src/share/vm/prims/jvm.cpp, line 1258]
Event: 130.929 Thread 0x00007f02e400d000 Exception <a 'java/security/PrivilegedActionException'> (0x00000007754a03f8) thrown at [/HUDSON/workspace/8-2-build-linux-amd64/jdk8u20/526.nc/hotspot/src/share/vm/prims/jvm.cpp, line 1258]
Event: 130.932 Thread 0x00007f02e400d000 Exception <a 'java/lang/NullPointerException'> (0x00000007754a8f98) thrown at [/HUDSON/workspace/8-2-build-linux-amd64/jdk8u20/526.nc/hotspot/src/share/vm/interpreter/linkResolver.cpp, line 1268]
Event: 131.056 Thread 0x00007f02e400d000 Exception <a 'java/security/PrivilegedActionException'> (0x00000007754cb458) thrown at [/HUDSON/workspace/8-2-build-linux-amd64/jdk8u20/526.nc/hotspot/src/share/vm/prims/jvm.cpp, line 1258]
Event: 131.057 Thread 0x00007f02e400d000 Exception <a 'java/security/PrivilegedActionException'> (0x00000007754cc438) thrown at [/HUDSON/workspace/8-2-build-linux-amd64/jdk8u20/526.nc/hotspot/src/share/vm/prims/jvm.cpp, line 1258]
Event: 131.057 Thread 0x00007f02e400d000 Exception <a 'java/security/PrivilegedActionException'> (0x00000007754dc5c8) thrown at [/HUDSON/workspace/8-2-build-linux-amd64/jdk8u20/526.nc/hotspot/src/share/vm/prims/jvm.cpp, line 1258]
Event: 131.057 Thread 0x00007f02e400d000 Exception <a 'java/security/PrivilegedActionException'> (0x00000007754dd638) thrown at [/HUDSON/workspace/8-2-build-linux-amd64/jdk8u20/526.nc/hotspot/src/share/vm/prims/jvm.cpp, line 1258]
Event: 131.057 Thread 0x00007f02e400d000 Exception <a 'java/security/PrivilegedActionException'> (0x00000007754edcf8) thrown at [/HUDSON/workspace/8-2-build-linux-amd64/jdk8u20/526.nc/hotspot/src/share/vm/prims/jvm.cpp, line 1258]
Event: 131.057 Thread 0x00007f02e400d000 Exception <a 'java/security/PrivilegedActionException'> (0x00000007754eed18) thrown at [/HUDSON/workspace/8-2-build-linux-amd64/jdk8u20/526.nc/hotspot/src/share/vm/prims/jvm.cpp, line 1258]

Events (10 events):
Event: 131.059 Thread 0x00007f02e400d000 DEOPT UNPACKING pc=0x00007f02d504741a sp=0x00007f02edd56878 mode 1
Event: 131.059 Thread 0x00007f02e400d000 DEOPT PACKING pc=0x00007f02d5d82de4 sp=0x00007f02edd56a60
Event: 131.059 Thread 0x00007f02e400d000 DEOPT UNPACKING pc=0x00007f02d504741a sp=0x00007f02edd56820 mode 1
Event: 131.059 Thread 0x00007f02e400d000 DEOPT PACKING pc=0x00007f02d6073e8c sp=0x00007f02edd56b30
Event: 131.059 Thread 0x00007f02e400d000 DEOPT UNPACKING pc=0x00007f02d504741a sp=0x00007f02edd568f8 mode 1
Event: 131.059 Thread 0x00007f02e400d000 DEOPT PACKING pc=0x00007f02d5d82de4 sp=0x00007f02edd56aa0
Event: 131.059 Thread 0x00007f02e400d000 DEOPT UNPACKING pc=0x00007f02d504741a sp=0x00007f02edd56878 mode 1
Event: 131.059 Thread 0x00007f02e400d000 Uncommon trap: trap_request=0xffffffc6 fr.pc=0x00007f02d61b9e3c
Event: 131.059 Thread 0x00007f02e400d000 DEOPT PACKING pc=0x00007f02d61b9e3c sp=0x00007f02edd58470
Event: 131.059 Thread 0x00007f02e400d000 DEOPT UNPACKING pc=0x00007f02d5047650 sp=0x00007f02edd583b8 mode 2


Dynamic libraries:
00400000-00401000 r-xp 00000000 08:06 19938758                           /usr/lib/jvm/jdk1.8.0_20/bin/java
00600000-00601000 rw-p 00000000 08:06 19938758                           /usr/lib/jvm/jdk1.8.0_20/bin/java
00f00000-00f21000 rw-p 00000000 00:00 0                                  [heap]
6c6a00000-6d6980000 rw-p 00000000 00:00 0 
6d6980000-76ce00000 ---p 00000000 00:00 0 
76ce00000-77e280000 rw-p 00000000 00:00 0 
77e280000-7c0000000 ---p 00000000 00:00 0 
7c0000000-7c0880000 rw-p 00000000 00:00 0 
7c0880000-800000000 ---p 00000000 00:00 0 
7f01c8000000-7f01c8021000 rw-p 00000000 00:00 0 
7f01c8021000-7f01cc000000 ---p 00000000 00:00 0 
7f01cc000000-7f01cc029000 rw-p 00000000 00:00 0 
7f01cc029000-7f01d0000000 ---p 00000000 00:00 0 
7f01d0000000-7f01d00df000 rw-p 00000000 00:00 0 
7f01d00df000-7f01d4000000 ---p 00000000 00:00 0 
7f01d4000000-7f01d4021000 rw-p 00000000 00:00 0 
7f01d4021000-7f01d8000000 ---p 00000000 00:00 0 
7f01d8000000-7f01d804b000 rw-p 00000000 00:00 0 
7f01d804b000-7f01dc000000 ---p 00000000 00:00 0 
7f01dc000000-7f01dc021000 rw-p 00000000 00:00 0 
7f01dc021000-7f01e0000000 ---p 00000000 00:00 0 
7f01e0000000-7f01e0021000 rw-p 00000000 00:00 0 
7f01e0021000-7f01e4000000 ---p 00000000 00:00 0 
7f01e4000000-7f01e4021000 rw-p 00000000 00:00 0 
7f01e4021000-7f01e8000000 ---p 00000000 00:00 0 
7f01e8000000-7f01e8021000 rw-p 00000000 00:00 0 
7f01e8021000-7f01ec000000 ---p 00000000 00:00 0 
7f01ec000000-7f01ec021000 rw-p 00000000 00:00 0 
7f01ec021000-7f01f0000000 ---p 00000000 00:00 0 
7f01f0000000-7f01f0021000 rw-p 00000000 00:00 0 
7f01f0021000-7f01f4000000 ---p 00000000 00:00 0 
7f01f4000000-7f01f4021000 rw-p 00000000 00:00 0 
7f01f4021000-7f01f8000000 ---p 00000000 00:00 0 
7f01f99ab000-7f01f99ae000 ---p 00000000 00:00 0 
7f01f99ae000-7f01f9aac000 rw-p 00000000 00:00 0                          [stack:5701]
7f01f9aac000-7f01f9aaf000 ---p 00000000 00:00 0 
7f01f9aaf000-7f01f9bad000 rw-p 00000000 00:00 0 
7f01f9bad000-7f01f9bb0000 ---p 00000000 00:00 0 
7f01f9bb0000-7f01f9eae000 rw-p 00000000 00:00 0                          [stack:5693]
7f01f9eae000-7f01f9eb1000 ---p 00000000 00:00 0 
7f01f9eb1000-7f01fa1af000 rw-p 00000000 00:00 0                          [stack:5742]
7f01fa1af000-7f01fa1b2000 ---p 00000000 00:00 0 
7f01fa1b2000-7f01fa2b0000 rw-p 00000000 00:00 0 
7f01fa2b0000-7f01fa2b3000 ---p 00000000 00:00 0 
7f01fa2b3000-7f01fa3b1000 rw-p 00000000 00:00 0 
7f01fa3b1000-7f01fa3c8000 r-xp 00000000 08:06 15602148                   /lib/x86_64-linux-gnu/libresolv-2.19.so
7f01fa3c8000-7f01fa5c8000 ---p 00017000 08:06 15602148                   /lib/x86_64-linux-gnu/libresolv-2.19.so
7f01fa5c8000-7f01fa5c9000 r--p 00017000 08:06 15602148                   /lib/x86_64-linux-gnu/libresolv-2.19.so
7f01fa5c9000-7f01fa5ca000 rw-p 00018000 08:06 15602148                   /lib/x86_64-linux-gnu/libresolv-2.19.so
7f01fa5ca000-7f01fa5cc000 rw-p 00000000 00:00 0 
7f01fa5cc000-7f01fa5d1000 r-xp 00000000 08:06 15602324                   /lib/x86_64-linux-gnu/libnss_dns-2.19.so
7f01fa5d1000-7f01fa7d0000 ---p 00005000 08:06 15602324                   /lib/x86_64-linux-gnu/libnss_dns-2.19.so
7f01fa7d0000-7f01fa7d1000 r--p 00004000 08:06 15602324                   /lib/x86_64-linux-gnu/libnss_dns-2.19.so
7f01fa7d1000-7f01fa7d2000 rw-p 00005000 08:06 15602324                   /lib/x86_64-linux-gnu/libnss_dns-2.19.so
7f01fa7d2000-7f01fa7d4000 r-xp 00000000 08:06 15601607                   /lib/x86_64-linux-gnu/libnss_mdns4_minimal.so.2
7f01fa7d4000-7f01fa9d3000 ---p 00002000 08:06 15601607                   /lib/x86_64-linux-gnu/libnss_mdns4_minimal.so.2
7f01fa9d3000-7f01fa9d4000 r--p 00001000 08:06 15601607                   /lib/x86_64-linux-gnu/libnss_mdns4_minimal.so.2
7f01fa9d4000-7f01fa9d5000 rw-p 00002000 08:06 15601607                   /lib/x86_64-linux-gnu/libnss_mdns4_minimal.so.2
7f01fa9f4000-7f01fabf4000 rw-p 00000000 00:00 0 
7f01fabf4000-7f01fabf7000 ---p 00000000 00:00 0 
7f01fabf7000-7f01facf5000 rw-p 00000000 00:00 0                          [stack:5675]
7f01facf5000-7f01facf8000 ---p 00000000 00:00 0 
7f01facf8000-7f01fadf6000 rw-p 00000000 00:00 0                          [stack:5674]
7f01fadf6000-7f01fadf9000 ---p 00000000 00:00 0 
7f01fadf9000-7f01faef7000 rw-p 00000000 00:00 0                          [stack:5673]
7f01faef7000-7f01faefa000 ---p 00000000 00:00 0 
7f01faefa000-7f01fb1f8000 rw-p 00000000 00:00 0                          [stack:5672]
7f01fb1f8000-7f01fb1fb000 ---p 00000000 00:00 0 
7f01fb1fb000-7f01fb4f9000 rw-p 00000000 00:00 0 
7f01fb4f9000-7f01fb6f9000 rw-p 00000000 00:00 0 
7f01fb6f9000-7f01fb6fc000 ---p 00000000 00:00 0 
7f01fb6fc000-7f01fb7fa000 rw-p 00000000 00:00 0 
7f01fb7fa000-7f01fb7fd000 ---p 00000000 00:00 0 
7f01fb7fd000-7f01fb8fb000 rw-p 00000000 00:00 0 
7f01fb8fb000-7f01fb8fe000 ---p 00000000 00:00 0 
7f01fb8fe000-7f01fb9fc000 rw-p 00000000 00:00 0 
7f01fb9fc000-7f01fb9ff000 ---p 00000000 00:00 0 
7f01fb9ff000-7f01fbafd000 rw-p 00000000 00:00 0 
7f01fbafd000-7f01fbb00000 ---p 00000000 00:00 0 
7f01fbb00000-7f01fbdfe000 rw-p 00000000 00:00 0 
7f01fbdfe000-7f01fbe01000 ---p 00000000 00:00 0 
7f01fbe01000-7f01fbeff000 rw-p 00000000 00:00 0 
7f01fbeff000-7f01fbf02000 ---p 00000000 00:00 0 
7f01fbf02000-7f01fc000000 rw-p 00000000 00:00 0 
7f01fc000000-7f01fc0da000 rw-p 00000000 00:00 0 
7f01fc0da000-7f0200000000 ---p 00000000 00:00 0 
7f0200000000-7f0200021000 rw-p 00000000 00:00 0 
7f0200021000-7f0204000000 ---p 00000000 00:00 0 
7f0204000000-7f0204021000 rw-p 00000000 00:00 0 
7f0204021000-7f0208000000 ---p 00000000 00:00 0 
7f0208000000-7f0208021000 rw-p 00000000 00:00 0 
7f0208021000-7f020c000000 ---p 00000000 00:00 0 
7f020c000000-7f020c021000 rw-p 00000000 00:00 0 
7f020c021000-7f0210000000 ---p 00000000 00:00 0 
7f0210000000-7f021002e000 rw-p 00000000 00:00 0 
7f021002e000-7f0214000000 ---p 00000000 00:00 0 
7f0214000000-7f0214151000 rw-p 00000000 00:00 0 
7f0214151000-7f0218000000 ---p 00000000 00:00 0 
7f0218000000-7f0218021000 rw-p 00000000 00:00 0 
7f0218021000-7f021c000000 ---p 00000000 00:00 0 
7f021c000000-7f021c021000 rw-p 00000000 00:00 0 
7f021c021000-7f0220000000 ---p 00000000 00:00 0 
7f0220000000-7f0220d00000 rw-p 00000000 00:00 0 
7f0220d00000-7f0224000000 ---p 00000000 00:00 0 
7f0224000000-7f0224030000 rw-p 00000000 00:00 0 
7f0224030000-7f0228000000 ---p 00000000 00:00 0 
7f0228000000-7f0228021000 rw-p 00000000 00:00 0 
7f0228021000-7f022c000000 ---p 00000000 00:00 0 
7f022c000000-7f022c586000 rw-p 00000000 00:00 0 
7f022c586000-7f0230000000 ---p 00000000 00:00 0 
7f0230000000-7f0230021000 rw-p 00000000 00:00 0 
7f0230021000-7f0234000000 ---p 00000000 00:00 0 
7f0234000000-7f023405d000 rw-p 00000000 00:00 0 
7f023405d000-7f0238000000 ---p 00000000 00:00 0 
7f0238000000-7f0238021000 rw-p 00000000 00:00 0 
7f0238021000-7f023c000000 ---p 00000000 00:00 0 
7f023c000000-7f023c021000 rw-p 00000000 00:00 0 
7f023c021000-7f0240000000 ---p 00000000 00:00 0 
7f0240000000-7f0240021000 rw-p 00000000 00:00 0 
7f0240021000-7f0244000000 ---p 00000000 00:00 0 
7f0244000000-7f0244021000 rw-p 00000000 00:00 0 
7f0244021000-7f0248000000 ---p 00000000 00:00 0 
7f0248000000-7f0248021000 rw-p 00000000 00:00 0 
7f0248021000-7f024c000000 ---p 00000000 00:00 0 
7f024c000000-7f024c4fa000 rw-p 00000000 00:00 0 
7f024c4fa000-7f0250000000 ---p 00000000 00:00 0 
7f0250000000-7f0250359000 rw-p 00000000 00:00 0 
7f0250359000-7f0254000000 ---p 00000000 00:00 0 
7f0254000000-7f0254021000 rw-p 00000000 00:00 0 
7f0254021000-7f0258000000 ---p 00000000 00:00 0 
7f0258000000-7f0258021000 rw-p 00000000 00:00 0 
7f0258021000-7f025c000000 ---p 00000000 00:00 0 
7f025c000000-7f025c021000 rw-p 00000000 00:00 0 
7f025c021000-7f0260000000 ---p 00000000 00:00 0 
7f0260010000-7f0260210000 rw-p 00000000 00:00 0 
7f0260210000-7f0260213000 ---p 00000000 00:00 0 
7f0260213000-7f0260311000 rw-p 00000000 00:00 0 
7f0260311000-7f0260314000 ---p 00000000 00:00 0 
7f0260314000-7f0260412000 rw-p 00000000 00:00 0 
7f0260412000-7f0260415000 ---p 00000000 00:00 0 
7f0260415000-7f0260513000 rw-p 00000000 00:00 0 
7f0260513000-7f0260516000 ---p 00000000 00:00 0 
7f0260516000-7f0260614000 rw-p 00000000 00:00 0 
7f0260614000-7f0260617000 ---p 00000000 00:00 0 
7f0260617000-7f0260715000 rw-p 00000000 00:00 0 
7f0260715000-7f0260718000 ---p 00000000 00:00 0 
7f0260718000-7f0260816000 rw-p 00000000 00:00 0 
7f0260816000-7f0260819000 ---p 00000000 00:00 0 
7f0260819000-7f0260917000 rw-p 00000000 00:00 0 
7f0260917000-7f026091a000 ---p 00000000 00:00 0 
7f026091a000-7f0260c18000 rw-p 00000000 00:00 0 
7f0260c18000-7f0260e18000 rw-p 00000000 00:00 0 
7f0260e18000-7f0260e1f000 r--s 00000000 08:06 15863595                   /usr/lib/x86_64-linux-gnu/gconv/gconv-modules.cache
7f0260f2d000-7f026112d000 rw-p 00000000 00:00 0 
7f026112d000-7f026132d000 rw-p 00000000 00:00 0 
7f026132d000-7f026152d000 rw-p 00000000 00:00 0 
7f026152d000-7f0261530000 ---p 00000000 00:00 0 
7f0261530000-7f026182e000 rw-p 00000000 00:00 0 
7f026182e000-7f0261a2e000 rw-p 00000000 00:00 0 
7f0261a2e000-7f0261a30000 r--s 00003000 08:06 660443                     /usr/local/development/dev-7-7/Ignition/IgnitionWebApp/src/main/home/temp/sfc-gateway-api7301447232755312135.jar
7f0261a30000-7f0261a33000 r--s 00019000 08:06 660442                     /usr/local/development/dev-7-7/Ignition/IgnitionWebApp/src/main/home/temp/sfc-gateway4875831586022725402.jar
7f0261a33000-7f0261a36000 r--s 00016000 08:06 659385                     /usr/local/development/dev-7-7/Ignition/IgnitionWebApp/src/main/home/temp/sfc-common6173613578212201203.jar
7f0261a36000-7f0261a3a000 r--s 000be000 08:06 659376                     /usr/local/development/dev-7-7/Ignition/IgnitionWebApp/src/main/home/temp/vis-gateway1919329339890961295.jar
7f0261a3a000-7f0261a42000 r--s 0009e000 08:06 657830                     /usr/local/development/dev-7-7/Ignition/IgnitionWebApp/src/main/home/temp/secsgem-gateway5705863444270382076.jar
7f0261a44000-7f0261a84000 rw-p 00000000 00:00 0 
7f0261a84000-7f0261c44000 ---p 00000000 00:00 0 
7f0261c44000-7f0261e44000 rw-p 00000000 00:00 0 
7f0261e44000-7f0261e47000 ---p 00000000 00:00 0 
7f0261e47000-7f0261f45000 rw-p 00000000 00:00 0 
7f0261f45000-7f0261f48000 ---p 00000000 00:00 0 
7f0261f48000-7f0262046000 rw-p 00000000 00:00 0 
7f0262046000-7f0262049000 ---p 00000000 00:00 0 
7f0262049000-7f0262147000 rw-p 00000000 00:00 0 
7f0262147000-7f026215a000 r--s 00345000 08:06 20582253                   /usr/lib/jvm/jdk1.8.0_20/jre/lib/resources.jar
7f026215a000-7f026215d000 ---p 00000000 00:00 0 
7f026215d000-7f026245b000 rw-p 00000000 00:00 0 
7f026245b000-7f026265c000 rw-p 00000000 00:00 0 
7f026265c000-7f026265d000 r--s 00002000 08:06 659380                     /usr/local/development/dev-7-7/Ignition/IgnitionWebApp/src/main/home/temp/vis-common6492783935414626357.jar
7f026265d000-7f026265e000 r--s 00004000 08:06 658862                     /usr/local/development/dev-7-7/Ignition/IgnitionWebApp/src/main/home/temp/secsgem-shared3462768775241094410.jar
7f026265e000-7f026265f000 r--s 00000000 08:06 2374863                    /usr/local/development/dev-7-7/Ignition/IgnitionWebApp/target/ignition-webapp-7.7/WEB-INF/lib/xopc-common-2.7.2-SNAPSHOT.jar
7f026265f000-7f0262677000 r--s 000f6000 08:06 2374859                    /usr/local/development/dev-7-7/Ignition/IgnitionWebApp/target/ignition-webapp-7.7/WEB-INF/lib/xopc-2.7.2-SNAPSHOT.jar
7f0262677000-7f0262684000 r--s 000a0000 08:06 2374890                    /usr/local/development/dev-7-7/Ignition/IgnitionWebApp/target/ignition-webapp-7.7/WEB-INF/lib/winpack-3.8.3.jar
7f0262684000-7f026268e000 r--s 0005c000 08:06 2365026                    /usr/local/development/dev-7-7/Ignition/IgnitionWebApp/target/ignition-webapp-7.7/WEB-INF/lib/wicket-util-6.1.1.jar
7f026268e000-7f0262691000 r--s 00012000 08:06 2365027                    /usr/local/development/dev-7-7/Ignition/IgnitionWebApp/target/ignition-webapp-7.7/WEB-INF/lib/wicket-request-6.1.1.jar
7f0262691000-7f02626a3000 r--s 00138000 08:06 2374825                    /usr/local/development/dev-7-7/Ignition/IgnitionWebApp/target/ignition-webapp-7.7/WEB-INF/lib/wicket-extensions-6.1.1.jar
7f02626a3000-7f02626a6000 r--s 00038000 08:06 2374824                    /usr/local/development/dev-7-7/Ignition/IgnitionWebApp/target/ignition-webapp-7.7/WEB-INF/lib/wicket-datetime-6.1.1.jar
7f02626a6000-7f02626c9000 r--s 001a3000 08:06 2365025                    /usr/local/development/dev-7-7/Ignition/IgnitionWebApp/target/ignition-webapp-7.7/WEB-INF/lib/wicket-core-6.1.1.jar
7f02626c9000-7f02626cb000 r--s 0012e000 08:06 2374875                    /usr/local/development/dev-7-7/Ignition/IgnitionWebApp/target/ignition-webapp-7.7/WEB-INF/lib/voice-cmu-slt-hsmm-5.0.jar
7f02626cb000-7f02626cc000 r--s 00006000 08:06 2374865                    /usr/local/development/dev-7-7/Ignition/IgnitionWebApp/target/ignition-webapp-7.7/WEB-INF/lib/user-manual-module-1.7.0-20131026.004611-6.jar
7f02626cc000-7f02626cd000 r--s 00268000 08:06 2374876                    /usr/local/development/dev-7-7/Ignition/IgnitionWebApp/target/ignition-webapp-7.7/WEB-INF/lib/ttsengine-ivona-2.7.2-SNAPSHOT.jar
7f02626cd000-7f02626d0000 r--s 00017000 08:06 2374845                    /usr/local/development/dev-7-7/Ignition/IgnitionWebApp/target/ignition-webapp-7.7/WEB-INF/lib/timingframework-1.0.jar
7f02626d0000-7f02626d2000 r--s 00001000 08:06 2365014                    /usr/local/development/dev-7-7/Ignition/IgnitionWebApp/target/ignition-webapp-7.7/WEB-INF/lib/slf4j-log4j12-1.7.5.jar
7f02626d2000-7f02626d4000 r--s 00005000 08:06 2365013                    /usr/local/development/dev-7-7/Ignition/IgnitionWebApp/target/ignition-webapp-7.7/WEB-INF/lib/slf4j-api-1.7.5.jar
7f02626d4000-7f02626de000 r--s 00061000 08:06 2374872                    /usr/local/development/dev-7-7/Ignition/IgnitionWebApp/target/ignition-webapp-7.7/WEB-INF/lib/sip-notification-2.7.2-SNAPSHOT.jar
7f02626de000-7f02626e1000 r--s 0001f000 08:06 4198523                    /usr/local/development/dev-7-7/Ignition/IgnitionWebApp/target/ignition-webapp-7.7/WEB-INF/lib/simple-orm-7.7.2-SNAPSHOT.jar
7f02626e1000-7f02626e3000 r--s 00003000 08:06 2374881                    /usr/local/development/dev-7-7/Ignition/IgnitionWebApp/target/ignition-webapp-7.7/WEB-INF/lib/sfc-gateway-api-1.7.1-SNAPSHOT.jar
7f02626e3000-7f02626e6000 r--s 00019000 08:06 2374880                    /usr/local/development/dev-7-7/Ignition/IgnitionWebApp/target/ignition-webapp-7.7/WEB-INF/lib/sfc-gateway-1.7.1-SNAPSHOT.jar
7f02626e6000-7f02626e9000 r--s 00016000 08:06 2374882                    /usr/local/development/dev-7-7/Ignition/IgnitionWebApp/target/ignition-webapp-7.7/WEB-INF/lib/sfc-common-1.7.1-SNAPSHOT.jar
7f02626e9000-7f02626eb000 r--s 0000f000 08:06 2374885                    /usr/local/development/dev-7-7/Ignition/IgnitionWebApp/target/ignition-webapp-7.7/WEB-INF/lib/serialio-8.7.0.jar
7f02626eb000-7f02626ed000 r--s 00028000 08:06 2374883                    /usr/local/development/dev-7-7/Ignition/IgnitionWebApp/target/ignition-webapp-7.7/WEB-INF/lib/serial-support-gateway-2.7.2-SNAPSHOT.jar
7f02626ed000-7f02626ef000 r--s 00002000 08:06 2374884                    /usr/local/development/dev-7-7/Ignition/IgnitionWebApp/target/ignition-webapp-7.7/WEB-INF/lib/serial-support-common-2.7.2-SNAPSHOT.jar
7f02626ef000-7f02626f4000 r--s 0003e000 08:06 2374832                    /usr/local/development/dev-7-7/Ignition/IgnitionWebApp/target/ignition-webapp-7.7/WEB-INF/lib/saaj-impl-1.3.jar
7f02626f4000-7f02626f6000 r--s 00003000 08:06 2374833                    /usr/local/development/dev-7-7/Ignition/IgnitionWebApp/target/ignition-webapp-7.7/WEB-INF/lib/saaj-api-1.3.jar
7f02626f6000-7f0262700000 r--s 0005c000 08:06 2374887                    /usr/local/development/dev-7-7/Ignition/IgnitionWebApp/target/ignition-webapp-7.7/WEB-INF/lib/opccom-gateway-2.7.2-SNAPSHOT.jar
7f0262700000-7f0262701000 r--s 00001000 08:06 2374886                    /usr/local/development/dev-7-7/Ignition/IgnitionWebApp/target/ignition-webapp-7.7/WEB-INF/lib/opccom-common-2.7.2-SNAPSHOT.jar
7f0262701000-7f0262706000 r--s 00086000 08:06 2374878                    /usr/local/development/dev-7-7/Ignition/IgnitionWebApp/target/ignition-webapp-7.7/WEB-INF/lib/mobile-gateway-2.7.2-SNAPSHOT.jar
7f0262706000-7f0262708000 r--s 00002000 08:06 2374879                    /usr/local/development/dev-7-7/Ignition/IgnitionWebApp/target/ignition-webapp-7.7/WEB-INF/lib/mobile-common-2.7.2-SNAPSHOT.jar
7f0262708000-7f0262709000 r--s 00003000 08:06 2374849                    /usr/local/development/dev-7-7/Ignition/IgnitionWebApp/target/ignition-webapp-7.7/WEB-INF/lib/miglayout-swing-4.2.jar
7f0262709000-7f026270b000 r--s 0000f000 08:06 2374850                    /usr/local/development/dev-7-7/Ignition/IgnitionWebApp/target/ignition-webapp-7.7/WEB-INF/lib/miglayout-core-4.2.jar
7f026270b000-7f026270e000 r--s 00012000 08:06 2365017                    /usr/local/development/dev-7-7/Ignition/IgnitionWebApp/target/ignition-webapp-7.7/WEB-INF/lib/metrics-core-3.0.1.jar
7f026270e000-7f026277d000 r--s 007bb000 08:06 2374873                    /usr/local/development/dev-7-7/Ignition/IgnitionWebApp/target/ignition-webapp-7.7/WEB-INF/lib/marytts-server-5.0.jar
7f026277d000-7f0262780000 r--s 0069c000 08:06 2374874                    /usr/local/development/dev-7-7/Ignition/IgnitionWebApp/target/ignition-webapp-7.7/WEB-INF/lib/marytts-lang-en-5.0.jar
7f0262780000-7f0262788000 r--s 00075000 08:06 2374828                    /usr/local/development/dev-7-7/Ignition/IgnitionWebApp/target/ignition-webapp-7.7/WEB-INF/lib/mail-1.4.5.jar
7f0262788000-7f0262791000 r--s 0006f000 08:06 2374892                    /usr/local/development/dev-7-7/Ignition/IgnitionWebApp/target/ignition-webapp-7.7/WEB-INF/lib/log4j-1.2.17.jar
7f0262791000-7f0262798000 r--s 00059000 08:06 2365012                    /usr/local/development/dev-7-7/Ignition/IgnitionWebApp/target/ignition-webapp-7.7/WEB-INF/lib/log4j-1.2.15.jar
7f0262798000-7f0262835000 r--s 0082e000 08:06 2365008                    /usr/local/development/dev-7-7/Ignition/IgnitionWebApp/target/ignition-webapp-7.7/WEB-INF/lib/jython-2.5.3-guava-upgrade.jar
7f0262835000-7f0262836000 r--s 00001000 08:06 2365015                    /usr/local/development/dev-7-7/Ignition/IgnitionWebApp/target/ignition-webapp-7.7/WEB-INF/lib/jul-to-slf4j-1.7.5.jar
7f0262836000-7f026283c000 r--s 00036000 08:06 2374826                    /usr/local/development/dev-7-7/Ignition/IgnitionWebApp/target/ignition-webapp-7.7/WEB-INF/lib/jquery-ui-core-6.1.0.jar
7f026283c000-7f026284b000 r--s 0007c000 08:06 2365018                    /usr/local/development/dev-7-7/Ignition/IgnitionWebApp/target/ignition-webapp-7.7/WEB-INF/lib/joda-time-2.0.jar
7f026284b000-7f026284f000 r--s 00037000 08:06 2374889                    /usr/local/development/dev-7-7/Ignition/IgnitionWebApp/target/ignition-webapp-7.7/WEB-INF/lib/jniwrap-3.8.3.jar
7f026284f000-7f0262851000 r--s 00011000 08:06 2374858                    /usr/local/development/dev-7-7/Ignition/IgnitionWebApp/target/ignition-webapp-7.7/WEB-INF/lib/jide-shortcut-3.5.13.jar
7f0262851000-7f0262855000 r--s 00022000 08:06 2374853                    /usr/local/development/dev-7-7/Ignition/IgnitionWebApp/target/ignition-webapp-7.7/WEB-INF/lib/jide-plaf-3.5.13.jar
7f0262855000-7f026287b000 r--s 001da000 08:06 2374852                    /usr/local/development/dev-7-7/Ignition/IgnitionWebApp/target/ignition-webapp-7.7/WEB-INF/lib/jide-grids-3.5.13.jar
7f026287b000-7f0262885000 r--s 00061000 08:06 2374857                    /usr/local/development/dev-7-7/Ignition/IgnitionWebApp/target/ignition-webapp-7.7/WEB-INF/lib/jide-editor-3.5.13.jar
7f0262885000-7f026288b000 r--s 0004f000 08:06 2374856                    /usr/local/development/dev-7-7/Ignition/IgnitionWebApp/target/ignition-webapp-7.7/WEB-INF/lib/jide-dock-3.5.13.jar
7f026288b000-7f026288d000 r--s 0000c000 08:06 2374855                    /usr/local/development/dev-7-7/Ignition/IgnitionWebApp/target/ignition-webapp-7.7/WEB-INF/lib/jide-dialogs-3.5.13.jar
7f026288d000-7f0262895000 r--s 00055000 08:06 2374851                    /usr/local/development/dev-7-7/Ignition/IgnitionWebApp/target/ignition-webapp-7.7/WEB-INF/lib/jide-components-3.5.13.jar
7f0262895000-7f02628b2000 r--s 00155000 08:06 2365016                    /usr/local/development/dev-7-7/Ignition/IgnitionWebApp/target/ignition-webapp-7.7/WEB-INF/lib/jide-common-3.5.13.jar
7f02628b2000-7f02628b7000 r--s 0002f000 08:06 2374854                    /usr/local/development/dev-7-7/Ignition/IgnitionWebApp/target/ignition-webapp-7.7/WEB-INF/lib/jide-action-3.5.13.jar
7f02628b7000-7f02628cb000 r--s 0017c000 08:06 2374847                    /usr/local/development/dev-7-7/Ignition/IgnitionWebApp/target/ignition-webapp-7.7/WEB-INF/lib/jfreechart-min-1.0.0.jar
7f02628cb000-7f02628cd000 r--s 00004000 08:06 2374834                    /usr/local/development/dev-7-7/Ignition/IgnitionWebApp/target/ignition-webapp-7.7/WEB-INF/lib/jaxrpc-spi-1.1.3_01.jar
7f02628cd000-7f02628ea000 r--s 001ea000 08:06 2374830                    /usr/local/development/dev-7-7/Ignition/IgnitionWebApp/target/ignition-webapp-7.7/WEB-INF/lib/jaxrpc-impl-1.1.3_01.jar
7f02628ea000-7f02628ec000 r--s 00005000 08:06 2374831                    /usr/local/development/dev-7-7/Ignition/IgnitionWebApp/target/ignition-webapp-7.7/WEB-INF/lib/jaxrpc-api-1.1.jar
7f02628ec000-7f02628ee000 r--s 00013000 08:06 2365010                    /usr/local/development/dev-7-7/Ignition/IgnitionWebApp/target/ignition-webapp-7.7/WEB-INF/lib/java-cup-10k.jar
7f02628ee000-7f02628ef000 r--s 00003000 08:06 2374877                    /usr/local/development/dev-7-7/Ignition/IgnitionWebApp/target/ignition-webapp-7.7/WEB-INF/lib/ivonatts-1.0.0.jar
7f02628ef000-7f02628f1000 r--s 00001000 08:06 2374862                    /usr/local/development/dev-7-7/Ignition/IgnitionWebApp/target/ignition-webapp-7.7/WEB-INF/lib/io-session-3.0.0-20130122.214435-9.jar
7f02628f1000-7f02628fc000 r--s 00073000 08:06 2374861                    /usr/local/development/dev-7-7/Ignition/IgnitionWebApp/target/ignition-webapp-7.7/WEB-INF/lib/ia-opcua-2.7.2-SNAPSHOT.jar
7f02628fc000-7f026290a000 r--s 0014e000 08:06 2374827                    /usr/local/development/dev-7-7/Ignition/IgnitionWebApp/target/ignition-webapp-7.7/WEB-INF/lib/hsqldb-2.2.9.jar
7f026290a000-7f026290b000 r--s 00001000 08:06 2374843                    /usr/local/development/dev-7-7/Ignition/IgnitionWebApp/target/ignition-webapp-7.7/WEB-INF/lib/hasp-srm-api-1.0.0.jar
7f026290b000-7f026292f000 r--s 001aa000 08:06 2365006                    /usr/local/development/dev-7-7/Ignition/IgnitionWebApp/target/ignition-webapp-7.7/WEB-INF/lib/guava-13.0.1.jar
7f026292f000-7f0262954000 r--s 00155000 08:06 4198524                    /usr/local/development/dev-7-7/Ignition/IgnitionWebApp/target/ignition-webapp-7.7/WEB-INF/lib/gateway-api-7.7.2-SNAPSHOT.jar
7f0262954000-7f0262989000 r--s 00273000 08:06 4198548                    /usr/local/development/dev-7-7/Ignition/IgnitionWebApp/target/ignition-webapp-7.7/WEB-INF/lib/gateway-7.7.2-SNAPSHOT.jar
7f0262989000-7f026298d000 r--s 00016000 08:06 2374866                    /usr/local/development/dev-7-7/Ignition/IgnitionWebApp/target/ignition-webapp-7.7/WEB-INF/lib/fsql-common-6.7.2-SNAPSHOT.jar
7f026298d000-7f0262995000 r--s 001ca000 08:06 2374867                    /usr/local/development/dev-7-7/Ignition/IgnitionWebApp/target/ignition-webapp-7.7/WEB-INF/lib/fsql-6.7.2-SNAPSHOT.jar
7f0262995000-7f0262999000 r--s 000be000 08:06 4198549                    /usr/local/development/dev-7-7/Ignition/IgnitionWebApp/target/ignition-webapp-7.7/WEB-INF/lib/fpmi-gateway-7.7.2-SNAPSHOT.jar
7f0262999000-7f026299a000 r--s 00001000 08:06 4198528                    /usr/local/development/dev-7-7/Ignition/IgnitionWebApp/target/ignition-webapp-7.7/WEB-INF/lib/fpmi-common-7.7.2-SNAPSHOT.jar
7f026299a000-7f026299d000 r--s 00013000 08:06 2374846                    /usr/local/development/dev-7-7/Ignition/IgnitionWebApp/target/ignition-webapp-7.7/WEB-INF/lib/forms-1.0.7.jar
7f026299d000-7f026299f000 r--s 00003000 08:06 2374864                    /usr/local/development/dev-7-7/Ignition/IgnitionWebApp/target/ignition-webapp-7.7/WEB-INF/lib/drivers-common-2.7.2-SNAPSHOT.jar
7f026299f000-7f02629a6000 r--s 0002f000 08:06 2374860                    /usr/local/development/dev-7-7/Ignition/IgnitionWebApp/target/ignition-webapp-7.7/WEB-INF/lib/driver-api-2.7.2-SNAPSHOT.jar
7f02629a6000-7f02629fc000 r--s 00512000 08:06 4198527                    /usr/local/development/dev-7-7/Ignition/IgnitionWebApp/target/ignition-webapp-7.7/WEB-INF/lib/designer-7.7.2-SNAPSHOT.jar
7f02629fc000-7f02629fe000 r--s 00007000 08:06 2365011                    /usr/local/development/dev-7-7/Ignition/IgnitionWebApp/target/ignition-webapp-7.7/WEB-INF/lib/cron4j-2.2.3.jar
7f02629fe000-7f0262a05000 r--s 00054000 08:06 2365009                    /usr/local/development/dev-7-7/Ignition/IgnitionWebApp/target/ignition-webapp-7.7/WEB-INF/lib/core-1.7.jar
7f0262a05000-7f0262a08000 r--s 00013000 08:06 2374842                    /usr/local/development/dev-7-7/Ignition/IgnitionWebApp/target/ignition-webapp-7.7/WEB-INF/lib/commons-pool-1.4.jar
7f0262a08000-7f0262a0a000 r--s 0000d000 08:06 2365022                    /usr/local/development/dev-7-7/Ignition/IgnitionWebApp/target/ignition-webapp-7.7/WEB-INF/lib/commons-logging-1.1.1.jar
7f0262a0a000-7f0262a0b000 r--s 00005000 08:06 2374893                    /usr/local/development/dev-7-7/Ignition/IgnitionWebApp/target/ignition-webapp-7.7/WEB-INF/lib/commons-logging-1.0.jar
7f0262a0b000-7f0262a11000 r--s 00048000 08:06 2365005                    /usr/local/development/dev-7-7/Ignition/IgnitionWebApp/target/ignition-webapp-7.7/WEB-INF/lib/commons-lang3-3.1.jar
7f0262a11000-7f0262a13000 r--s 0000e000 08:06 2365023                    /usr/local/development/dev-7-7/Ignition/IgnitionWebApp/target/ignition-webapp-7.7/WEB-INF/lib/commons-lang-1.0.jar
7f0262a13000-7f0262a44000 r--s 001ea000 08:06 4198529                    /usr/local/development/dev-7-7/Ignition/IgnitionWebApp/target/ignition-webapp-7.7/WEB-INF/lib/common-7.7.2-SNAPSHOT.jar
7f0262a44000-7f0262a6a000 r--s 001be000 08:06 4198550                    /usr/local/development/dev-7-7/Ignition/IgnitionWebApp/target/ignition-webapp-7.7/WEB-INF/lib/client-api-7.7.2-SNAPSHOT.jar
7f0262a6a000-7f0262a92000 r--s 00196000 08:06 2365007                    /usr/local/development/dev-7-7/Ignition/IgnitionWebApp/target/ignition-webapp-7.7/WEB-INF/lib/bcprov-jdk16-unsigned-1.46-unsigned.jar
7f0262a92000-7f0262a95000 ---p 00000000 00:00 0 
7f0262a95000-7f0262b93000 rw-p 00000000 00:00 0 
7f0262b93000-7f0262b96000 ---p 00000000 00:00 0 
7f0262b96000-7f0262e94000 rw-p 00000000 00:00 0                          [stack:5639]
7f0262e94000-7f0262e97000 ---p 00000000 00:00 0 
7f0262e97000-7f0262f95000 rw-p 00000000 00:00 0                          [stack:5638]
7f0262f95000-7f0262f98000 ---p 00000000 00:00 0 
7f0262f98000-7f0263096000 rw-p 00000000 00:00 0                          [stack:5637]
7f0263096000-7f0263099000 ---p 00000000 00:00 0 
7f0263099000-7f0263197000 rw-p 00000000 00:00 0                          [stack:5636]
7f0263197000-7f026319a000 ---p 00000000 00:00 0 
7f026319a000-7f0263298000 rw-p 00000000 00:00 0                          [stack:5635]
7f0263298000-7f026329b000 ---p 00000000 00:00 0 
7f026329b000-7f0263399000 rw-p 00000000 00:00 0                          [stack:5634]
7f0263399000-7f026339c000 ---p 00000000 00:00 0 
7f026339c000-7f026349a000 rw-p 00000000 00:00 0                          [stack:5633]
7f026349a000-7f026349d000 ---p 00000000 00:00 0 
7f026349d000-7f026359b000 rw-p 00000000 00:00 0 
7f026359b000-7f026359e000 ---p 00000000 00:00 0 
7f026359e000-7f026369c000 rw-p 00000000 00:00 0 
7f026369c000-7f026369f000 ---p 00000000 00:00 0 
7f026369f000-7f026379d000 rw-p 00000000 00:00 0                          [stack:5627]
7f026379d000-7f02637b3000 r-xp 00000000 08:06 15602357                   /lib/x86_64-linux-gnu/libgcc_s.so.1
7f02637b3000-7f02639b2000 ---p 00016000 08:06 15602357                   /lib/x86_64-linux-gnu/libgcc_s.so.1
7f02639b2000-7f02639b3000 rw-p 00015000 08:06 15602357                   /lib/x86_64-linux-gnu/libgcc_s.so.1
7f02639b3000-7f02639e5000 r-xp 00000000 08:06 20582265                   /usr/lib/jvm/jdk1.8.0_20/jre/lib/amd64/libsunec.so
7f02639e5000-7f0263be4000 ---p 00032000 08:06 20582265                   /usr/lib/jvm/jdk1.8.0_20/jre/lib/amd64/libsunec.so
7f0263be4000-7f0263bea000 rw-p 00031000 08:06 20582265                   /usr/lib/jvm/jdk1.8.0_20/jre/lib/amd64/libsunec.so
7f0263bea000-7f0263dfa000 rw-p 00000000 00:00 0 
7f0263dfa000-7f0263dff000 r-xp 00000000 08:06 15211194                   /usr/lib/x86_64-linux-gnu/libXdmcp.so.6.0.0
7f0263dff000-7f0263ffe000 ---p 00005000 08:06 15211194                   /usr/lib/x86_64-linux-gnu/libXdmcp.so.6.0.0
7f0263ffe000-7f0263fff000 r--p 00004000 08:06 15211194                   /usr/lib/x86_64-linux-gnu/libXdmcp.so.6.0.0
7f0263fff000-7f0264000000 rw-p 00005000 08:06 15211194                   /usr/lib/x86_64-linux-gnu/libXdmcp.so.6.0.0
7f0264000000-7f0264021000 rw-p 00000000 00:00 0 
7f0264021000-7f0268000000 ---p 00000000 00:00 0 
7f0268000000-7f0268021000 rw-p 00000000 00:00 0 
7f0268021000-7f026c000000 ---p 00000000 00:00 0 
7f026c000000-7f026c021000 rw-p 00000000 00:00 0 
7f026c021000-7f0270000000 ---p 00000000 00:00 0 
7f0270000000-7f0270021000 rw-p 00000000 00:00 0 
7f0270021000-7f0274000000 ---p 00000000 00:00 0 
7f0274000000-7f0274021000 rw-p 00000000 00:00 0 
7f0274021000-7f0278000000 ---p 00000000 00:00 0 
7f0278000000-7f0278021000 rw-p 00000000 00:00 0 
7f0278021000-7f027c000000 ---p 00000000 00:00 0 
7f027c000000-7f027e325000 rw-p 00000000 00:00 0 
7f027e325000-7f0280000000 ---p 00000000 00:00 0 
7f0280000000-7f0280d7e000 rw-p 00000000 00:00 0 
7f0280d7e000-7f0284000000 ---p 00000000 00:00 0 
7f0284000000-7f028604b000 rw-p 00000000 00:00 0 
7f028604b000-7f0288000000 ---p 00000000 00:00 0 
7f0288000000-7f028a595000 rw-p 00000000 00:00 0 
7f028a595000-7f028c000000 ---p 00000000 00:00 0 
7f028c000000-7f028c115000 rw-p 00000000 00:00 0 
7f028c115000-7f0290000000 ---p 00000000 00:00 0 
7f0290000000-7f0290021000 rw-p 00000000 00:00 0 
7f0290021000-7f0294000000 ---p 00000000 00:00 0 
7f0294000000-7f0294021000 rw-p 00000000 00:00 0 
7f0294021000-7f0298000000 ---p 00000000 00:00 0 
7f0298000000-7f0298021000 rw-p 00000000 00:00 0 
7f0298021000-7f029c000000 ---p 00000000 00:00 0 
7f029c000000-7f029c021000 rw-p 00000000 00:00 0 
7f029c021000-7f02a0000000 ---p 00000000 00:00 0 
7f02a0000000-7f02a0021000 rw-p 00000000 00:00 0 
7f02a0021000-7f02a4000000 ---p 00000000 00:00 0 
7f02a4000000-7f02a41f4000 rw-p 00000000 00:00 0 
7f02a41f4000-7f02a8000000 ---p 00000000 00:00 0 
7f02a8000000-7f02a8003000 r--s 00025000 08:06 2365004                    /usr/local/development/dev-7-7/Ignition/IgnitionWebApp/target/ignition-webapp-7.7/WEB-INF/lib/commons-io-2.1.jar
7f02a8003000-7f02a8006000 r--s 0000f000 08:06 2374840                    /usr/local/development/dev-7-7/Ignition/IgnitionWebApp/target/ignition-webapp-7.7/WEB-INF/lib/commons-discovery-0.2.jar
7f02a8006000-7f02a8008000 r--s 0001c000 08:06 2374841                    /usr/local/development/dev-7-7/Ignition/IgnitionWebApp/target/ignition-webapp-7.7/WEB-INF/lib/commons-dbcp-1.2.2.jar
7f02a8008000-7f02a800a000 r--s 00006000 08:06 2365021                    /usr/local/development/dev-7-7/Ignition/IgnitionWebApp/target/ignition-webapp-7.7/WEB-INF/lib/commons-cli-1.0.jar
7f02a800a000-7f02a8017000 r--s 00084000 08:06 2374888                    /usr/local/development/dev-7-7/Ignition/IgnitionWebApp/target/ignition-webapp-7.7/WEB-INF/lib/comfyj-2.9.jar
7f02a8017000-7f02a801c000 r--s 00030000 08:06 4198538                    /usr/local/development/dev-7-7/Ignition/IgnitionWebApp/target/ignition-webapp-7.7/WEB-INF/lib/client-bootstrap-7.7.2-SNAPSHOT.jar
7f02a801c000-7f02a801d000 r--s 00004000 08:06 4198525                    /usr/local/development/dev-7-7/Ignition/IgnitionWebApp/target/ignition-webapp-7.7/WEB-INF/lib/bootstrap-7.7.2-SNAPSHOT-classes.jar
7f02a801d000-7f02a8022000 r--s 0003e000 08:06 2365019                    /usr/local/development/dev-7-7/Ignition/IgnitionWebApp/target/ignition-webapp-7.7/WEB-INF/lib/barcode4j-2.1.jar
7f02a8022000-7f02a8025000 r--s 0001c000 08:06 2374839                    /usr/local/development/dev-7-7/Ignition/IgnitionWebApp/target/ignition-webapp-7.7/WEB-INF/lib/axis-wsdl4j-1.5.1.jar
7f02a8025000-7f02a8027000 r--s 00006000 08:06 2374837                    /usr/local/development/dev-7-7/Ignition/IgnitionWebApp/target/ignition-webapp-7.7/WEB-INF/lib/axis-jaxrpc-1.4.jar
7f02a8027000-7f02a803b000 r--s 00173000 08:06 2374836                    /usr/local/development/dev-7-7/Ignition/IgnitionWebApp/target/ignition-webapp-7.7/WEB-INF/lib/axis-1.4.jar
7f02a803b000-7f02a803d000 r--s 0000d000 08:06 2365020                    /usr/local/development/dev-7-7/Ignition/IgnitionWebApp/target/ignition-webapp-7.7/WEB-INF/lib/avalon-framework-impl-4.2.0.jar
7f02a803d000-7f02a8045000 r--s 00049000 08:06 2374848                    /usr/local/development/dev-7-7/Ignition/IgnitionWebApp/target/ignition-webapp-7.7/WEB-INF/lib/alloy-1.4.4.ia1.jar
7f02a8045000-7f02a804b000 r--s 00032000 08:06 2374868                    /usr/local/development/dev-7-7/Ignition/IgnitionWebApp/target/ignition-webapp-7.7/WEB-INF/lib/alarm-notification-gateway-2.7.2-SNAPSHOT.jar
7f02a804b000-7f02a804e000 ---p 00000000 00:00 0 
7f02a804e000-7f02a814c000 rw-p 00000000 00:00 0 
7f02a814c000-7f02a814e000 r-xp 00000000 08:06 15211183                   /usr/lib/x86_64-linux-gnu/libXau.so.6.0.0
7f02a814e000-7f02a834e000 ---p 00002000 08:06 15211183                   /usr/lib/x86_64-linux-gnu/libXau.so.6.0.0
7f02a834e000-7f02a834f000 r--p 00002000 08:06 15211183                   /usr/lib/x86_64-linux-gnu/libXau.so.6.0.0
7f02a834f000-7f02a8350000 rw-p 00003000 08:06 15211183                   /usr/lib/x86_64-linux-gnu/libXau.so.6.0.0
7f02a8350000-7f02b0000000 rw-p 00000000 00:00 0 
7f02b0000000-7f02b0021000 rw-p 00000000 00:00 0 
7f02b0021000-7f02b4000000 ---p 00000000 00:00 0 
7f02b4000000-7f02b4001000 r--s 00004000 08:06 2374838                    /usr/local/development/dev-7-7/Ignition/IgnitionWebApp/target/ignition-webapp-7.7/WEB-INF/lib/axis-saaj-1.4.jar
7f02b4001000-7f02b4003000 r--s 00003000 08:06 2374869                    /usr/local/development/dev-7-7/Ignition/IgnitionWebApp/target/ignition-webapp-7.7/WEB-INF/lib/alarm-notification-gateway-api-2.7.2-SNAPSHOT.jar
7f02b4003000-7f02b4004000 r--s 00004000 08:06 2374870                    /usr/local/development/dev-7-7/Ignition/IgnitionWebApp/target/ignition-webapp-7.7/WEB-INF/lib/alarm-notification-common-2.7.2-SNAPSHOT.jar
7f02b4004000-7f02b400e000 r--s 00036000 08:06 2374871                    /usr/local/development/dev-7-7/Ignition/IgnitionWebApp/target/ignition-webapp-7.7/WEB-INF/lib/airlink-sms-notification-2.7.2-SNAPSHOT.jar
7f02b400e000-7f02b4010000 r--s 0000d000 08:06 2374844                    /usr/local/development/dev-7-7/Ignition/IgnitionWebApp/target/ignition-webapp-7.7/WEB-INF/lib/activation-ws-1.0.0.jar
7f02b4010000-7f02b4013000 ---p 00000000 00:00 0 
7f02b4013000-7f02b4111000 rw-p 00000000 00:00 0                          [stack:5624]
7f02b4111000-7f02b412e000 r-xp 00000000 08:06 15212358                   /usr/lib/x86_64-linux-gnu/libxcb.so.1.1.0
7f02b412e000-7f02b432e000 ---p 0001d000 08:06 15212358                   /usr/lib/x86_64-linux-gnu/libxcb.so.1.1.0
7f02b432e000-7f02b432f000 r--p 0001d000 08:06 15212358                   /usr/lib/x86_64-linux-gnu/libxcb.so.1.1.0
7f02b432f000-7f02b4330000 rw-p 0001e000 08:06 15212358                   /usr/lib/x86_64-linux-gnu/libxcb.so.1.1.0
7f02b4330000-7f02b433f000 r-xp 00000000 08:06 15211204                   /usr/lib/x86_64-linux-gnu/libXi.so.6.1.0
7f02b433f000-7f02b453e000 ---p 0000f000 08:06 15211204                   /usr/lib/x86_64-linux-gnu/libXi.so.6.1.0
7f02b453e000-7f02b453f000 r--p 0000e000 08:06 15211204                   /usr/lib/x86_64-linux-gnu/libXi.so.6.1.0
7f02b453f000-7f02b4540000 rw-p 0000f000 08:06 15211204                   /usr/lib/x86_64-linux-gnu/libXi.so.6.1.0
7f02b4540000-7f02b4545000 r-xp 00000000 08:06 15211222                   /usr/lib/x86_64-linux-gnu/libXtst.so.6.1.0
7f02b4545000-7f02b4744000 ---p 00005000 08:06 15211222                   /usr/lib/x86_64-linux-gnu/libXtst.so.6.1.0
7f02b4744000-7f02b4745000 r--p 00004000 08:06 15211222                   /usr/lib/x86_64-linux-gnu/libXtst.so.6.1.0
7f02b4745000-7f02b4746000 rw-p 00005000 08:06 15211222                   /usr/lib/x86_64-linux-gnu/libXtst.so.6.1.0
7f02b4746000-7f02b474f000 r-xp 00000000 08:06 15211216                   /usr/lib/x86_64-linux-gnu/libXrender.so.1.3.0
7f02b474f000-7f02b494e000 ---p 00009000 08:06 15211216                   /usr/lib/x86_64-linux-gnu/libXrender.so.1.3.0
7f02b494e000-7f02b494f000 r--p 00008000 08:06 15211216                   /usr/lib/x86_64-linux-gnu/libXrender.so.1.3.0
7f02b494f000-7f02b4950000 rw-p 00009000 08:06 15211216                   /usr/lib/x86_64-linux-gnu/libXrender.so.1.3.0
7f02b4950000-7f02b4a80000 r-xp 00000000 08:06 15211179                   /usr/lib/x86_64-linux-gnu/libX11.so.6.3.0
7f02b4a80000-7f02b4c80000 ---p 00130000 08:06 15211179                   /usr/lib/x86_64-linux-gnu/libX11.so.6.3.0
7f02b4c80000-7f02b4c81000 r--p 00130000 08:06 15211179                   /usr/lib/x86_64-linux-gnu/libX11.so.6.3.0
7f02b4c81000-7f02b4c85000 rw-p 00131000 08:06 15211179                   /usr/lib/x86_64-linux-gnu/libX11.so.6.3.0
7f02b4c85000-7f02b4c96000 r-xp 00000000 08:06 15211196                   /usr/lib/x86_64-linux-gnu/libXext.so.6.4.0
7f02b4c96000-7f02b4e95000 ---p 00011000 08:06 15211196                   /usr/lib/x86_64-linux-gnu/libXext.so.6.4.0
7f02b4e95000-7f02b4e96000 r--p 00010000 08:06 15211196                   /usr/lib/x86_64-linux-gnu/libXext.so.6.4.0
7f02b4e96000-7f02b4e97000 rw-p 00011000 08:06 15211196                   /usr/lib/x86_64-linux-gnu/libXext.so.6.4.0
7f02b4e97000-7f02b4e99000 r--s 0000e000 08:06 2374829                    /usr/local/development/dev-7-7/Ignition/IgnitionWebApp/target/ignition-webapp-7.7/WEB-INF/lib/activation-1.1.jar
7f02b4e99000-7f02b4ea2000 r--s 00069000 08:06 2374891                    /usr/local/development/dev-7-7/Ignition/IgnitionWebApp/target/ignition-webapp-7.7/WEB-INF/lib/ab-drivers-1.7.0-20131026.004154-8.jar
7f02b4ea2000-7f02b4ea7000 r--s 0003c000 08:06 2374835                    /usr/local/development/dev-7-7/Ignition/IgnitionWebApp/target/ignition-webapp-7.7/WEB-INF/lib/FastInfoset-1.0.2.jar
7f02b4ea7000-7f02b4eac000 r--s 002f8000 08:06 20582247                   /usr/lib/jvm/jdk1.8.0_20/jre/lib/charsets.jar
7f02b4eac000-7f02b4eb1000 r--s 0003f000 08:06 1185790                    /usr/lib/jvm/jdk1.8.0_20/jre/lib/ext/sunjce_provider.jar
7f02b4eb1000-7f02b4eb4000 r--s 0003a000 08:06 1185787                    /usr/lib/jvm/jdk1.8.0_20/jre/lib/ext/sunpkcs11.jar
7f02b4eb4000-7f02b4eb6000 r--s 0001a000 08:06 20582317                   /usr/lib/jvm/jdk1.8.0_20/jre/lib/jce.jar
7f02b4eb6000-7f02b4f0a000 r-xp 00000000 08:06 20582307                   /usr/lib/jvm/jdk1.8.0_20/jre/lib/amd64/libawt_xawt.so
7f02b4f0a000-7f02b510a000 ---p 00054000 08:06 20582307                   /usr/lib/jvm/jdk1.8.0_20/jre/lib/amd64/libawt_xawt.so
7f02b510a000-7f02b510e000 rw-p 00054000 08:06 20582307                   /usr/lib/jvm/jdk1.8.0_20/jre/lib/amd64/libawt_xawt.so
7f02b510e000-7f02b510f000 rw-p 00000000 00:00 0 
7f02b510f000-7f02b51b1000 r-xp 00000000 08:06 20582293                   /usr/lib/jvm/jdk1.8.0_20/jre/lib/amd64/libawt.so
7f02b51b1000-7f02b53b1000 ---p 000a2000 08:06 20582293                   /usr/lib/jvm/jdk1.8.0_20/jre/lib/amd64/libawt.so
7f02b53b1000-7f02b53bd000 rw-p 000a2000 08:06 20582293                   /usr/lib/jvm/jdk1.8.0_20/jre/lib/amd64/libawt.so
7f02b53bd000-7f02b53e1000 rw-p 00000000 00:00 0 
7f02b53e1000-7f02b53e4000 ---p 00000000 00:00 0 
7f02b53e4000-7f02b54e2000 rw-p 00000000 00:00 0                          [stack:5623]
7f02b54e2000-7f02b54ec000 r--s 00116000 08:06 1185789                    /usr/lib/jvm/jdk1.8.0_20/jre/lib/ext/localedata.jar
7f02b54ec000-7f02b5508000 r--s 00393000 08:06 1185783                    /usr/lib/jvm/jdk1.8.0_20/jre/lib/ext/cldrdata.jar
7f02b5508000-7f02b5708000 rw-p 00000000 00:00 0 
7f02b5708000-7f02b570b000 r--s 0000f000 08:06 19532219                   /usr/local/development/dev-7-6/Ignition/Servers/apache-tomcat-6.0.36/lib/tomcat-i18n-es.jar
7f02b570b000-7f02b570d000 r--s 0000b000 08:06 19532220                   /usr/local/development/dev-7-6/Ignition/Servers/apache-tomcat-6.0.36/lib/tomcat-i18n-fr.jar
7f02b570d000-7f02b5711000 r--s 0003a000 08:06 19532218                   /usr/local/development/dev-7-6/Ignition/Servers/apache-tomcat-6.0.36/lib/tomcat-dbcp.jar
7f02b5711000-7f02b5721000 r--s 0019c000 08:06 19532210                   /usr/local/development/dev-7-6/Ignition/Servers/apache-tomcat-6.0.36/lib/ecj-3.7.2.jar
7f02b5721000-7f02b5728000 r--s 000c7000 08:06 19532215                   /usr/local/development/dev-7-6/Ignition/Servers/apache-tomcat-6.0.36/lib/mysql-connector-java-5.1.23-bin.jar
7f02b5728000-7f02b5738000 r--s 00120000 08:06 19532209                   /usr/local/development/dev-7-6/Ignition/Servers/apache-tomcat-6.0.36/lib/catalina.jar
7f02b5738000-7f02b5739000 ---p 00000000 00:00 0 
7f02b5739000-7f02b5839000 rw-p 00000000 00:00 0                          [stack:5622]
7f02b5839000-7f02b583c000 ---p 00000000 00:00 0 
7f02b583c000-7f02b593a000 rw-p 00000000 00:00 0                          [stack:5621]
7f02b593a000-7f02b593d000 ---p 00000000 00:00 0 
7f02b593d000-7f02b5a3b000 rw-p 00000000 00:00 0                          [stack:5620]
7f02b5a3b000-7f02b5a3e000 ---p 00000000 00:00 0 
7f02b5a3e000-7f02b5b3c000 rw-p 00000000 00:00 0                          [stack:5619]
7f02b5b3c000-7f02b5b4d000 r-xp 00000000 08:06 20582303                   /usr/lib/jvm/jdk1.8.0_20/jre/lib/amd64/libnio.so
7f02b5b4d000-7f02b5d4c000 ---p 00011000 08:06 20582303                   /usr/lib/jvm/jdk1.8.0_20/jre/lib/amd64/libnio.so
7f02b5d4c000-7f02b5d4d000 rw-p 00010000 08:06 20582303                   /usr/lib/jvm/jdk1.8.0_20/jre/lib/amd64/libnio.so
7f02b5d4d000-7f02b5d7e000 rw-p 00000000 00:00 0 
7f02b5d7e000-7f02b5d94000 r-xp 00000000 08:06 20582300                   /usr/lib/jvm/jdk1.8.0_20/jre/lib/amd64/libnet.so
7f02b5d94000-7f02b5f94000 ---p 00016000 08:06 20582300                   /usr/lib/jvm/jdk1.8.0_20/jre/lib/amd64/libnet.so
7f02b5f94000-7f02b5f95000 rw-p 00016000 08:06 20582300                   /usr/lib/jvm/jdk1.8.0_20/jre/lib/amd64/libnet.so
7f02b5f95000-7f02b5f9d000 r-xp 00000000 08:06 20582308                   /usr/lib/jvm/jdk1.8.0_20/jre/lib/amd64/libmanagement.so
7f02b5f9d000-7f02b619d000 ---p 00008000 08:06 20582308                   /usr/lib/jvm/jdk1.8.0_20/jre/lib/amd64/libmanagement.so
7f02b619d000-7f02b619e000 rw-p 00008000 08:06 20582308                   /usr/lib/jvm/jdk1.8.0_20/jre/lib/amd64/libmanagement.so
7f02b619e000-7f02b61a1000 ---p 00000000 00:00 0 
7f02b61a1000-7f02b629f000 rw-p 00000000 00:00 0                          [stack:5618]
7f02b629f000-7f02b62a2000 ---p 00000000 00:00 0 
7f02b62a2000-7f02b63a0000 rw-p 00000000 00:00 0                          [stack:5617]
7f02b63a0000-7f02b63a3000 ---p 00000000 00:00 0 
7f02b63a3000-7f02b64a1000 rw-p 00000000 00:00 0                          [stack:5616]
7f02b64a1000-7f02b64a4000 ---p 00000000 00:00 0 
7f02b64a4000-7f02b65a2000 rw-p 00000000 00:00 0                          [stack:5615]
7f02b65a2000-7f02b65a5000 ---p 00000000 00:00 0 
7f02b65a5000-7f02b66a3000 rw-p 00000000 00:00 0                          [stack:5614]
7f02b66a3000-7f02b66a6000 ---p 00000000 00:00 0 
7f02b66a6000-7f02b67a4000 rw-p 00000000 00:00 0 
7f02b67a4000-7f02b67a7000 ---p 00000000 00:00 0 
7f02b67a7000-7f02b68a5000 rw-p 00000000 00:00 0                          [stack:5611]
7f02b68a5000-7f02b68a8000 ---p 00000000 00:00 0 
7f02b68a8000-7f02b69a6000 rw-p 00000000 00:00 0 
7f02b69a6000-7f02b69aa000 r-xp 00000000 08:06 20582275                   /usr/lib/jvm/jdk1.8.0_20/jre/lib/amd64/libdt_socket.so
7f02b69aa000-7f02b6ba9000 ---p 00004000 08:06 20582275                   /usr/lib/jvm/jdk1.8.0_20/jre/lib/amd64/libdt_socket.so
7f02b6ba9000-7f02b6baa000 rw-p 00003000 08:06 20582275                   /usr/lib/jvm/jdk1.8.0_20/jre/lib/amd64/libdt_socket.so
7f02b6baa000-7f02b6bad000 ---p 00000000 00:00 0 
7f02b6bad000-7f02b6cab000 rw-p 00000000 00:00 0                          [stack:5608]
7f02b6cab000-7f02b6cae000 ---p 00000000 00:00 0 
7f02b6cae000-7f02b6dac000 rw-p 00000000 00:00 0                          [stack:5607]
7f02b6dac000-7f02b6daf000 ---p 00000000 00:00 0 
7f02b6daf000-7f02b6ead000 rw-p 00000000 00:00 0                          [stack:5606]
7f02b6ead000-7f02b6eae000 ---p 00000000 00:00 0 
7f02b6eae000-7f02b8000000 rw-p 00000000 00:00 0                          [stack:5605]
7f02b8000000-7f02b8021000 rw-p 00000000 00:00 0 
7f02b8021000-7f02bc000000 ---p 00000000 00:00 0 
7f02bc000000-7f02bc021000 rw-p 00000000 00:00 0 
7f02bc021000-7f02c0000000 ---p 00000000 00:00 0 
7f02c0000000-7f02c0021000 rw-p 00000000 00:00 0 
7f02c0021000-7f02c4000000 ---p 00000000 00:00 0 
7f02c4000000-7f02c4021000 rw-p 00000000 00:00 0 
7f02c4021000-7f02c8000000 ---p 00000000 00:00 0 
7f02c8000000-7f02c8021000 rw-p 00000000 00:00 0 
7f02c8021000-7f02cc000000 ---p 00000000 00:00 0 
7f02cc000000-7f02cc021000 rw-p 00000000 00:00 0 
7f02cc021000-7f02d0000000 ---p 00000000 00:00 0 
7f02d0000000-7f02d0021000 rw-p 00000000 00:00 0 
7f02d0021000-7f02d4000000 ---p 00000000 00:00 0 
7f02d4000000-7f02d4001000 r--s 00009000 08:06 1185781                    /usr/lib/jvm/jdk1.8.0_20/jre/lib/ext/sunec.jar
7f02d4001000-7f02d4004000 r--s 0001e000 08:06 19532207                   /usr/local/development/dev-7-6/Ignition/Servers/apache-tomcat-6.0.36/lib/catalina-ha.jar
7f02d4004000-7f02d4008000 r--s 00036000 08:06 19532208                   /usr/local/development/dev-7-6/Ignition/Servers/apache-tomcat-6.0.36/lib/catalina-tribes.jar
7f02d4008000-7f02d4012000 r--s 000b3000 08:06 19532217                   /usr/local/development/dev-7-6/Ignition/Servers/apache-tomcat-6.0.36/lib/tomcat-coyote.jar
7f02d4012000-7f02d5000000 rw-p 00000000 00:00 0 
7f02d5000000-7f02d6670000 rwxp 00000000 00:00 0 
7f02d6670000-7f02e4000000 ---p 00000000 00:00 0 
7f02e4000000-7f02e4832000 rw-p 00000000 00:00 0 
7f02e4832000-7f02e8000000 ---p 00000000 00:00 0 
7f02e8000000-7f02e8007000 r--s 0007a000 08:06 19532213                   /usr/local/development/dev-7-6/Ignition/Servers/apache-tomcat-6.0.36/lib/jasper.jar
7f02e8007000-7f02e845a000 rw-p 00000000 00:00 0 
7f02e845a000-7f02e862f000 r--s 03ca3000 08:06 20582249                   /usr/lib/jvm/jdk1.8.0_20/jre/lib/rt.jar
7f02e862f000-7f02e8e70000 rw-p 00000000 00:00 0 
7f02e8e70000-7f02e8e71000 ---p 00000000 00:00 0 
7f02e8e71000-7f02e8f71000 rw-p 00000000 00:00 0                          [stack:5604]
7f02e8f71000-7f02e8f72000 ---p 00000000 00:00 0 
7f02e8f72000-7f02e9072000 rw-p 00000000 00:00 0                          [stack:5603]
7f02e9072000-7f02e9073000 ---p 00000000 00:00 0 
7f02e9073000-7f02e9173000 rw-p 00000000 00:00 0                          [stack:5602]
7f02e9173000-7f02e9174000 ---p 00000000 00:00 0 
7f02e9174000-7f02e9274000 rw-p 00000000 00:00 0                          [stack:5601]
7f02e9274000-7f02e9275000 ---p 00000000 00:00 0 
7f02e9275000-7f02e9375000 rw-p 00000000 00:00 0                          [stack:5600]
7f02e9375000-7f02e9376000 ---p 00000000 00:00 0 
7f02e9376000-7f02e9476000 rw-p 00000000 00:00 0                          [stack:5599]
7f02e9476000-7f02e9477000 ---p 00000000 00:00 0 
7f02e9477000-7f02e9577000 rw-p 00000000 00:00 0                          [stack:5598]
7f02e9577000-7f02e9578000 ---p 00000000 00:00 0 
7f02e9578000-7f02e96f8000 rw-p 00000000 00:00 0                          [stack:5597]
7f02e96f8000-7f02e9baa000 ---p 00000000 00:00 0 
7f02e9baa000-7f02e9c2a000 rw-p 00000000 00:00 0 
7f02e9c2a000-7f02ea0dc000 ---p 00000000 00:00 0 
7f02ea0dc000-7f02ea167000 rw-p 00000000 00:00 0 
7f02ea167000-7f02ea375000 ---p 00000000 00:00 0 
7f02ea375000-7f02ea3d0000 rw-p 00000000 00:00 0 
7f02ea3d0000-7f02ea736000 ---p 00000000 00:00 0 
7f02ea736000-7f02ea752000 r-xp 00000000 08:06 20582296                   /usr/lib/jvm/jdk1.8.0_20/jre/lib/amd64/libzip.so
7f02ea752000-7f02ea951000 ---p 0001c000 08:06 20582296                   /usr/lib/jvm/jdk1.8.0_20/jre/lib/amd64/libzip.so
7f02ea951000-7f02ea952000 rw-p 0001b000 08:06 20582296                   /usr/lib/jvm/jdk1.8.0_20/jre/lib/amd64/libzip.so
7f02ea952000-7f02ea95d000 r-xp 00000000 08:06 15602342                   /lib/x86_64-linux-gnu/libnss_files-2.19.so
7f02ea95d000-7f02eab5c000 ---p 0000b000 08:06 15602342                   /lib/x86_64-linux-gnu/libnss_files-2.19.so
7f02eab5c000-7f02eab5d000 r--p 0000a000 08:06 15602342                   /lib/x86_64-linux-gnu/libnss_files-2.19.so
7f02eab5d000-7f02eab5e000 rw-p 0000b000 08:06 15602342                   /lib/x86_64-linux-gnu/libnss_files-2.19.so
7f02eab5e000-7f02eab69000 r-xp 00000000 08:06 15602345                   /lib/x86_64-linux-gnu/libnss_nis-2.19.so
7f02eab69000-7f02ead68000 ---p 0000b000 08:06 15602345                   /lib/x86_64-linux-gnu/libnss_nis-2.19.so
7f02ead68000-7f02ead69000 r--p 0000a000 08:06 15602345                   /lib/x86_64-linux-gnu/libnss_nis-2.19.so
7f02ead69000-7f02ead6a000 rw-p 0000b000 08:06 15602345                   /lib/x86_64-linux-gnu/libnss_nis-2.19.so
7f02ead6a000-7f02ead81000 r-xp 00000000 08:06 15602152                   /lib/x86_64-linux-gnu/libnsl-2.19.so
7f02ead81000-7f02eaf80000 ---p 00017000 08:06 15602152                   /lib/x86_64-linux-gnu/libnsl-2.19.so
7f02eaf80000-7f02eaf81000 r--p 00016000 08:06 15602152                   /lib/x86_64-linux-gnu/libnsl-2.19.so
7f02eaf81000-7f02eaf82000 rw-p 00017000 08:06 15602152                   /lib/x86_64-linux-gnu/libnsl-2.19.so
7f02eaf82000-7f02eaf84000 rw-p 00000000 00:00 0 
7f02eaf84000-7f02eaf8d000 r-xp 00000000 08:06 15601662                   /lib/x86_64-linux-gnu/libnss_compat-2.19.so
7f02eaf8d000-7f02eb18c000 ---p 00009000 08:06 15601662                   /lib/x86_64-linux-gnu/libnss_compat-2.19.so
7f02eb18c000-7f02eb18d000 r--p 00008000 08:06 15601662                   /lib/x86_64-linux-gnu/libnss_compat-2.19.so
7f02eb18d000-7f02eb18e000 rw-p 00009000 08:06 15601662                   /lib/x86_64-linux-gnu/libnss_compat-2.19.so
7f02eb18e000-7f02eb457000 r--p 00000000 08:06 15209877                   /usr/lib/locale/locale-archive
7f02eb457000-7f02eb459000 r-xp 00000000 08:06 20582276                   /usr/lib/jvm/jdk1.8.0_20/jre/lib/amd64/libnpt.so
7f02eb459000-7f02eb659000 ---p 00002000 08:06 20582276                   /usr/lib/jvm/jdk1.8.0_20/jre/lib/amd64/libnpt.so
7f02eb659000-7f02eb65a000 rw-p 00002000 08:06 20582276                   /usr/lib/jvm/jdk1.8.0_20/jre/lib/amd64/libnpt.so
7f02eb65a000-7f02eb693000 r-xp 00000000 08:06 20582287                   /usr/lib/jvm/jdk1.8.0_20/jre/lib/amd64/libjdwp.so
7f02eb693000-7f02eb892000 ---p 00039000 08:06 20582287                   /usr/lib/jvm/jdk1.8.0_20/jre/lib/amd64/libjdwp.so
7f02eb892000-7f02eb894000 rw-p 00038000 08:06 20582287                   /usr/lib/jvm/jdk1.8.0_20/jre/lib/amd64/libjdwp.so
7f02eb894000-7f02eb8be000 r-xp 00000000 08:06 20582291                   /usr/lib/jvm/jdk1.8.0_20/jre/lib/amd64/libjava.so
7f02eb8be000-7f02ebabe000 ---p 0002a000 08:06 20582291                   /usr/lib/jvm/jdk1.8.0_20/jre/lib/amd64/libjava.so
7f02ebabe000-7f02ebac0000 rw-p 0002a000 08:06 20582291                   /usr/lib/jvm/jdk1.8.0_20/jre/lib/amd64/libjava.so
7f02ebac0000-7f02ebacd000 r-xp 00000000 08:06 20582295                   /usr/lib/jvm/jdk1.8.0_20/jre/lib/amd64/libverify.so
7f02ebacd000-7f02ebccd000 ---p 0000d000 08:06 20582295                   /usr/lib/jvm/jdk1.8.0_20/jre/lib/amd64/libverify.so
7f02ebccd000-7f02ebccf000 rw-p 0000d000 08:06 20582295                   /usr/lib/jvm/jdk1.8.0_20/jre/lib/amd64/libverify.so
7f02ebccf000-7f02ebcd6000 r-xp 00000000 08:06 15602320                   /lib/x86_64-linux-gnu/librt-2.19.so
7f02ebcd6000-7f02ebed5000 ---p 00007000 08:06 15602320                   /lib/x86_64-linux-gnu/librt-2.19.so
7f02ebed5000-7f02ebed6000 r--p 00006000 08:06 15602320                   /lib/x86_64-linux-gnu/librt-2.19.so
7f02ebed6000-7f02ebed7000 rw-p 00007000 08:06 15602320                   /lib/x86_64-linux-gnu/librt-2.19.so
7f02ebed7000-7f02ebfdc000 r-xp 00000000 08:06 15602334                   /lib/x86_64-linux-gnu/libm-2.19.so
7f02ebfdc000-7f02ec1db000 ---p 00105000 08:06 15602334                   /lib/x86_64-linux-gnu/libm-2.19.so
7f02ec1db000-7f02ec1dc000 r--p 00104000 08:06 15602334                   /lib/x86_64-linux-gnu/libm-2.19.so
7f02ec1dc000-7f02ec1dd000 rw-p 00105000 08:06 15602334                   /lib/x86_64-linux-gnu/libm-2.19.so
7f02ec1dd000-7f02ece47000 r-xp 00000000 08:06 20845908                   /usr/lib/jvm/jdk1.8.0_20/jre/lib/amd64/server/libjvm.so
7f02ece47000-7f02ed047000 ---p 00c6a000 08:06 20845908                   /usr/lib/jvm/jdk1.8.0_20/jre/lib/amd64/server/libjvm.so
7f02ed047000-7f02ed11d000 rw-p 00c6a000 08:06 20845908                   /usr/lib/jvm/jdk1.8.0_20/jre/lib/amd64/server/libjvm.so
7f02ed11d000-7f02ed15f000 rw-p 00000000 00:00 0 
7f02ed15f000-7f02ed31a000 r-xp 00000000 08:06 15602328                   /lib/x86_64-linux-gnu/libc-2.19.so
7f02ed31a000-7f02ed51a000 ---p 001bb000 08:06 15602328                   /lib/x86_64-linux-gnu/libc-2.19.so
7f02ed51a000-7f02ed51e000 r--p 001bb000 08:06 15602328                   /lib/x86_64-linux-gnu/libc-2.19.so
7f02ed51e000-7f02ed520000 rw-p 001bf000 08:06 15602328                   /lib/x86_64-linux-gnu/libc-2.19.so
7f02ed520000-7f02ed525000 rw-p 00000000 00:00 0 
7f02ed525000-7f02ed528000 r-xp 00000000 08:06 15602352                   /lib/x86_64-linux-gnu/libdl-2.19.so
7f02ed528000-7f02ed727000 ---p 00003000 08:06 15602352                   /lib/x86_64-linux-gnu/libdl-2.19.so
7f02ed727000-7f02ed728000 r--p 00002000 08:06 15602352                   /lib/x86_64-linux-gnu/libdl-2.19.so
7f02ed728000-7f02ed729000 rw-p 00003000 08:06 15602352                   /lib/x86_64-linux-gnu/libdl-2.19.so
7f02ed729000-7f02ed740000 r-xp 00000000 08:06 20061287                   /usr/lib/jvm/jdk1.8.0_20/lib/amd64/jli/libjli.so
7f02ed740000-7f02ed93f000 ---p 00017000 08:06 20061287                   /usr/lib/jvm/jdk1.8.0_20/lib/amd64/jli/libjli.so
7f02ed93f000-7f02ed940000 rw-p 00016000 08:06 20061287                   /usr/lib/jvm/jdk1.8.0_20/lib/amd64/jli/libjli.so
7f02ed940000-7f02ed959000 r-xp 00000000 08:06 15602353                   /lib/x86_64-linux-gnu/libpthread-2.19.so
7f02ed959000-7f02edb58000 ---p 00019000 08:06 15602353                   /lib/x86_64-linux-gnu/libpthread-2.19.so
7f02edb58000-7f02edb59000 r--p 00018000 08:06 15602353                   /lib/x86_64-linux-gnu/libpthread-2.19.so
7f02edb59000-7f02edb5a000 rw-p 00019000 08:06 15602353                   /lib/x86_64-linux-gnu/libpthread-2.19.so
7f02edb5a000-7f02edb5e000 rw-p 00000000 00:00 0 
7f02edb5e000-7f02edb81000 r-xp 00000000 08:06 15602330                   /lib/x86_64-linux-gnu/ld-2.19.so
7f02edb81000-7f02edb83000 r--s 0000c000 08:06 19532221                   /usr/local/development/dev-7-6/Ignition/Servers/apache-tomcat-6.0.36/lib/tomcat-i18n-ja.jar
7f02edb83000-7f02edb85000 r--s 00011000 08:06 19532214                   /usr/local/development/dev-7-6/Ignition/Servers/apache-tomcat-6.0.36/lib/jsp-api.jar
7f02edb85000-7f02edb87000 r--s 00014000 08:06 19532216                   /usr/local/development/dev-7-6/Ignition/Servers/apache-tomcat-6.0.36/lib/servlet-api.jar
7f02edb87000-7f02edb89000 r--s 0000c000 08:06 19532206                   /usr/local/development/dev-7-6/Ignition/Servers/apache-tomcat-6.0.36/lib/catalina-ant.jar
7f02edb89000-7f02edc5a000 rw-p 00000000 00:00 0 
7f02edc5a000-7f02edc5d000 ---p 00000000 00:00 0 
7f02edc5d000-7f02edd5f000 rw-p 00000000 00:00 0                          [stack:5596]
7f02edd5f000-7f02edd61000 r--s 00007000 08:06 19532211                   /usr/local/development/dev-7-6/Ignition/Servers/apache-tomcat-6.0.36/lib/el-api.jar
7f02edd61000-7f02edd62000 r--s 00003000 08:06 19532205                   /usr/local/development/dev-7-6/Ignition/Servers/apache-tomcat-6.0.36/lib/annotations-api.jar
7f02edd62000-7f02edd65000 r--s 00019000 08:06 19532212                   /usr/local/development/dev-7-6/Ignition/Servers/apache-tomcat-6.0.36/lib/jasper-el.jar
7f02edd65000-7f02edd6a000 r--s 00092000 08:06 20582254                   /usr/lib/jvm/jdk1.8.0_20/jre/lib/jsse.jar
7f02edd6a000-7f02edd6b000 r--s 00007000 08:06 19533431                   /usr/local/development/dev-7-6/Ignition/Servers/apache-tomcat-6.0.36/bin/tomcat-juli.jar
7f02edd6b000-7f02edd6c000 r--s 00005000 08:06 19533430                   /usr/local/development/dev-7-6/Ignition/Servers/apache-tomcat-6.0.36/bin/commons-daemon.jar
7f02edd6c000-7f02edd6d000 r--s 00005000 08:06 19533429                   /usr/local/development/dev-7-6/Ignition/Servers/apache-tomcat-6.0.36/bin/bootstrap.jar
7f02edd6d000-7f02edd74000 r--s 000c7000 08:06 1179649                    /usr/lib/jvm/jdk1.8.0_20/jre/lib/ext/mysql-connector-java-5.1.23-bin.jar
7f02edd74000-7f02edd7c000 rw-s 00000000 08:06 6164360                    /tmp/hsperfdata_mattg/5591
7f02edd7c000-7f02edd7d000 rw-p 00000000 00:00 0 
7f02edd7d000-7f02edd7e000 r--p 00000000 00:00 0 
7f02edd7e000-7f02edd80000 rw-p 00000000 00:00 0 
7f02edd80000-7f02edd81000 r--p 00022000 08:06 15602330                   /lib/x86_64-linux-gnu/ld-2.19.so
7f02edd81000-7f02edd82000 rw-p 00023000 08:06 15602330                   /lib/x86_64-linux-gnu/ld-2.19.so
7f02edd82000-7f02edd83000 rw-p 00000000 00:00 0 
7fffa0e4e000-7fffa0e6f000 rw-p 00000000 00:00 0                          [stack]
7fffa0ee9000-7fffa0eeb000 r-xp 00000000 00:00 0                          [vdso]
ffffffffff600000-ffffffffff601000 r-xp 00000000 00:00 0                  [vsyscall]

VM Arguments:
jvm_args: -Djava.util.logging.config.file=/home/mattg/.IntelliJIdea13/system/tomcat/Unnamed_77-Ignition/conf/logging.properties -Xdebug -Xrunjdwp:transport=dt_socket,address=127.0.0.1:51670,suspend=y,server=n -Dcom.sun.management.jmxremote= -Dcom.sun.management.jmxremote.port=1099 -Dcom.sun.management.jmxremote.ssl=false -Dcom.sun.management.jmxremote.authenticate=false -Djava.rmi.server.hostname=127.0.0.1 -Djava.util.logging.manager=org.apache.juli.ClassLoaderLogManager -Djava.endorsed.dirs=/usr/local/development/dev-7-6/Ignition/Servers/apache-tomcat-6.0.36/endorsed -Dcatalina.base=/home/mattg/.IntelliJIdea13/system/tomcat/Unnamed_77-Ignition -Dcatalina.home=/usr/local/development/dev-7-6/Ignition/Servers/apache-tomcat-6.0.36 -Djava.io.tmpdir=/usr/local/development/dev-7-6/Ignition/Servers/apache-tomcat-6.0.36/temp 
java_command: org.apache.catalina.startup.Bootstrap start
java_class_path (initial): /usr/local/development/dev-7-6/Ignition/Servers/apache-tomcat-6.0.36/bin/bootstrap.jar
Launcher Type: SUN_STANDARD

Environment Variables:
JAVA_HOME=/usr/lib/jvm/jdk1.8.0_20
CLASSPATH=/usr/local/development/dev-7-6/Ignition/Servers/apache-tomcat-6.0.36/bin/bootstrap.jar
PATH=/usr/local/sbin:/usr/local/bin:/usr/sbin:/usr/bin:/sbin:/bin:/usr/games:/usr/local/games:/usr/local/development/gradle-1.12/bin
USERNAME=mattg
LD_LIBRARY_PATH=/usr/local/development/idea-IU-135.909/bin:
SHELL=/bin/bash
DISPLAY=:0

Signal Handlers:
SIGSEGV: [libjvm.so+0xa76cd0], sa_mask[0]=11111111011111111101111111111110, sa_flags=SA_RESTART|SA_SIGINFO
SIGBUS: [libjvm.so+0xa76cd0], sa_mask[0]=11111111011111111101111111111110, sa_flags=SA_RESTART|SA_SIGINFO
SIGFPE: [libjvm.so+0x8e0d80], sa_mask[0]=11111111011111111101111111111110, sa_flags=SA_RESTART|SA_SIGINFO
SIGPIPE: [libjvm.so+0x8e0d80], sa_mask[0]=11111111011111111101111111111110, sa_flags=SA_RESTART|SA_SIGINFO
SIGXFSZ: [libjvm.so+0x8e0d80], sa_mask[0]=11111111011111111101111111111110, sa_flags=SA_RESTART|SA_SIGINFO
SIGILL: [libjvm.so+0x8e0d80], sa_mask[0]=11111111011111111101111111111110, sa_flags=SA_RESTART|SA_SIGINFO
SIGUSR1: SIG_DFL, sa_mask[0]=00000000000000000000000000000000, sa_flags=none
SIGUSR2: [libjvm.so+0x8e25b0], sa_mask[0]=00100000000000000000000000000000, sa_flags=SA_RESTART|SA_SIGINFO
SIGHUP: [libjvm.so+0x8e3970], sa_mask[0]=11111111011111111101111111111110, sa_flags=SA_RESTART|SA_SIGINFO
SIGINT: [libjvm.so+0x8e3970], sa_mask[0]=11111111011111111101111111111110, sa_flags=SA_RESTART|SA_SIGINFO
SIGTERM: [libjvm.so+0x8e3970], sa_mask[0]=11111111011111111101111111111110, sa_flags=SA_RESTART|SA_SIGINFO
SIGQUIT: [libjvm.so+0x8e3970], sa_mask[0]=11111111011111111101111111111110, sa_flags=SA_RESTART|SA_SIGINFO


---------------  S Y S T E M  ---------------

OS:DISTRIB_ID=LinuxMint
DISTRIB_RELEASE=17
DISTRIB_CODENAME=qiana
DISTRIB_DESCRIPTION="Linux Mint 17 Qiana"

uname:Linux 3.13.0-24-generic #46-Ubuntu SMP Thu Apr 10 19:11:08 UTC 2014 x86_64
libc:glibc 2.19 NPTL 2.19 
rlimit: STACK 8192k, CORE 0k, NPROC 127375, NOFILE 4096, AS infinity
load average:0.34 0.38 0.42

/proc/meminfo:
MemTotal:       16335088 kB
MemFree:        10831512 kB
Buffers:          137684 kB
Cached:          2233108 kB
SwapCached:            0 kB
Active:          3558092 kB
Inactive:        1599464 kB
Active(anon):    2792920 kB
Inactive(anon):   339396 kB
Active(file):     765172 kB
Inactive(file):  1260068 kB
Unevictable:        1320 kB
Mlocked:            1320 kB
SwapTotal:      16676860 kB
SwapFree:       16676860 kB
Dirty:               440 kB
Writeback:             0 kB
AnonPages:       2788128 kB
Mapped:           321496 kB
Shmem:            345548 kB
Slab:             144592 kB
SReclaimable:     103292 kB
SUnreclaim:        41300 kB
KernelStack:        5744 kB
PageTables:        40568 kB
NFS_Unstable:          0 kB
Bounce:                0 kB
WritebackTmp:          0 kB
CommitLimit:    24844404 kB
Committed_AS:    6401200 kB
VmallocTotal:   34359738367 kB
VmallocUsed:      444884 kB
VmallocChunk:   34359289436 kB
HardwareCorrupted:     0 kB
AnonHugePages:   1519616 kB
HugePages_Total:       0
HugePages_Free:        0
HugePages_Rsvd:        0
HugePages_Surp:        0
Hugepagesize:       2048 kB
DirectMap4k:      105928 kB
DirectMap2M:     3989504 kB
DirectMap1G:    12582912 kB


CPU:total 8 (4 cores per cpu, 2 threads per core) family 6 model 60 stepping 3, cmov, cx8, fxsr, mmx, sse, sse2, sse3, ssse3, sse4.1, sse4.2, popcnt, avx, avx2, aes, clmul, erms, lzcnt, ht, tsc, tscinvbit, bmi1, bmi2

/proc/cpuinfo:
processor	: 0
vendor_id	: GenuineIntel
cpu family	: 6
model		: 60
model name	: Intel(R) Core(TM) i7-4702HQ CPU @ 2.20GHz
stepping	: 3
microcode	: 0x17
cpu MHz		: 800.000
cache size	: 6144 KB
physical id	: 0
siblings	: 8
core id		: 0
cpu cores	: 4
apicid		: 0
initial apicid	: 0
fpu		: yes
fpu_exception	: yes
cpuid level	: 13
wp		: yes
flags		: fpu vme de pse tsc msr pae mce cx8 apic sep mtrr pge mca cmov pat pse36 clflush dts acpi mmx fxsr sse sse2 ss ht tm pbe syscall nx pdpe1gb rdtscp lm constant_tsc arch_perfmon pebs bts rep_good nopl xtopology nonstop_tsc aperfmperf eagerfpu pni pclmulqdq dtes64 monitor ds_cpl vmx est tm2 ssse3 fma cx16 xtpr pdcm pcid sse4_1 sse4_2 x2apic movbe popcnt tsc_deadline_timer aes xsave avx f16c rdrand lahf_lm abm ida arat epb xsaveopt pln pts dtherm tpr_shadow vnmi flexpriority ept vpid fsgsbase tsc_adjust bmi1 avx2 smep bmi2 erms invpcid
bogomips	: 4389.63
clflush size	: 64
cache_alignment	: 64
address sizes	: 39 bits physical, 48 bits virtual
power management:

processor	: 1
vendor_id	: GenuineIntel
cpu family	: 6
model		: 60
model name	: Intel(R) Core(TM) i7-4702HQ CPU @ 2.20GHz
stepping	: 3
microcode	: 0x17
cpu MHz		: 2201.000
cache size	: 6144 KB
physical id	: 0
siblings	: 8
core id		: 1
cpu cores	: 4
apicid		: 2
initial apicid	: 2
fpu		: yes
fpu_exception	: yes
cpuid level	: 13
wp		: yes
flags		: fpu vme de pse tsc msr pae mce cx8 apic sep mtrr pge mca cmov pat pse36 clflush dts acpi mmx fxsr sse sse2 ss ht tm pbe syscall nx pdpe1gb rdtscp lm constant_tsc arch_perfmon pebs bts rep_good nopl xtopology nonstop_tsc aperfmperf eagerfpu pni pclmulqdq dtes64 monitor ds_cpl vmx est tm2 ssse3 fma cx16 xtpr pdcm pcid sse4_1 sse4_2 x2apic movbe popcnt tsc_deadline_timer aes xsave avx f16c rdrand lahf_lm abm ida arat epb xsaveopt pln pts dtherm tpr_shadow vnmi flexpriority ept vpid fsgsbase tsc_adjust bmi1 avx2 smep bmi2 erms invpcid
bogomips	: 4389.63
clflush size	: 64
cache_alignment	: 64
address sizes	: 39 bits physical, 48 bits virtual
power management:

processor	: 2
vendor_id	: GenuineIntel
cpu family	: 6
model		: 60
model name	: Intel(R) Core(TM) i7-4702HQ CPU @ 2.20GHz
stepping	: 3
microcode	: 0x17
cpu MHz		: 800.000
cache size	: 6144 KB
physical id	: 0
siblings	: 8
core id		: 2
cpu cores	: 4
apicid		: 4
initial apicid	: 4
fpu		: yes
fpu_exception	: yes
cpuid level	: 13
wp		: yes
flags		: fpu vme de pse tsc msr pae mce cx8 apic sep mtrr pge mca cmov pat pse36 clflush dts acpi mmx fxsr sse sse2 ss ht tm pbe syscall nx pdpe1gb rdtscp lm constant_tsc arch_perfmon pebs bts rep_good nopl xtopology nonstop_tsc aperfmperf eagerfpu pni pclmulqdq dtes64 monitor ds_cpl vmx est tm2 ssse3 fma cx16 xtpr pdcm pcid sse4_1 sse4_2 x2apic movbe popcnt tsc_deadline_timer aes xsave avx f16c rdrand lahf_lm abm ida arat epb xsaveopt pln pts dtherm tpr_shadow vnmi flexpriority ept vpid fsgsbase tsc_adjust bmi1 avx2 smep bmi2 erms invpcid
bogomips	: 4389.63
clflush size	: 64
cache_alignment	: 64
address sizes	: 39 bits physical, 48 bits virtual
power management:

processor	: 3
vendor_id	: GenuineIntel
cpu family	: 6
model		: 60
model name	: Intel(R) Core(TM) i7-4702HQ CPU @ 2.20GHz
stepping	: 3
microcode	: 0x17
cpu MHz		: 1600.000
cache size	: 6144 KB
physical id	: 0
siblings	: 8
core id		: 3
cpu cores	: 4
apicid		: 6
initial apicid	: 6
fpu		: yes
fpu_exception	: yes
cpuid level	: 13
wp		: yes
flags		: fpu vme de pse tsc msr pae mce cx8 apic sep mtrr pge mca cmov pat pse36 clflush dts acpi mmx fxsr sse sse2 ss ht tm pbe syscall nx pdpe1gb rdtscp lm constant_tsc arch_perfmon pebs bts rep_good nopl xtopology nonstop_tsc aperfmperf eagerfpu pni pclmulqdq dtes64 monitor ds_cpl vmx est tm2 ssse3 fma cx16 xtpr pdcm pcid sse4_1 sse4_2 x2apic movbe popcnt tsc_deadline_timer aes xsave avx f16c rdrand lahf_lm abm ida arat epb xsaveopt pln pts dtherm tpr_shadow vnmi flexpriority ept vpid fsgsbase tsc_adjust bmi1 avx2 smep bmi2 erms invpcid
bogomips	: 4389.63
clflush size	: 64
cache_alignment	: 64
address sizes	: 39 bits physical, 48 bits virtual
power management:

processor	: 4
vendor_id	: GenuineIntel
cpu family	: 6
model		: 60
model name	: Intel(R) Core(TM) i7-4702HQ CPU @ 2.20GHz
stepping	: 3
microcode	: 0x17
cpu MHz		: 800.000
cache size	: 6144 KB
physical id	: 0
siblings	: 8
core id		: 0
cpu cores	: 4
apicid		: 1
initial apicid	: 1
fpu		: yes
fpu_exception	: yes
cpuid level	: 13
wp		: yes
flags		: fpu vme de pse tsc msr pae mce cx8 apic sep mtrr pge mca cmov pat pse36 clflush dts acpi mmx fxsr sse sse2 ss ht tm pbe syscall nx pdpe1gb rdtscp lm constant_tsc arch_perfmon pebs bts rep_good nopl xtopology nonstop_tsc aperfmperf eagerfpu pni pclmulqdq dtes64 monitor ds_cpl vmx est tm2 ssse3 fma cx16 xtpr pdcm pcid sse4_1 sse4_2 x2apic movbe popcnt tsc_deadline_timer aes xsave avx f16c rdrand lahf_lm abm ida arat epb xsaveopt pln pts dtherm tpr_shadow vnmi flexpriority ept vpid fsgsbase tsc_adjust bmi1 avx2 smep bmi2 erms invpcid
bogomips	: 4389.63
clflush size	: 64
cache_alignment	: 64
address sizes	: 39 bits physical, 48 bits virtual
power management:

processor	: 5
vendor_id	: GenuineIntel
cpu family	: 6
model		: 60
model name	: Intel(R) Core(TM) i7-4702HQ CPU @ 2.20GHz
stepping	: 3
microcode	: 0x17
cpu MHz		: 800.000
cache size	: 6144 KB
physical id	: 0
siblings	: 8
core id		: 1
cpu cores	: 4
apicid		: 3
initial apicid	: 3
fpu		: yes
fpu_exception	: yes
cpuid level	: 13
wp		: yes
flags		: fpu vme de pse tsc msr pae mce cx8 apic sep mtrr pge mca cmov pat pse36 clflush dts acpi mmx fxsr sse sse2 ss ht tm pbe syscall nx pdpe1gb rdtscp lm constant_tsc arch_perfmon pebs bts rep_good nopl xtopology nonstop_tsc aperfmperf eagerfpu pni pclmulqdq dtes64 monitor ds_cpl vmx est tm2 ssse3 fma cx16 xtpr pdcm pcid sse4_1 sse4_2 x2apic movbe popcnt tsc_deadline_timer aes xsave avx f16c rdrand lahf_lm abm ida arat epb xsaveopt pln pts dtherm tpr_shadow vnmi flexpriority ept vpid fsgsbase tsc_adjust bmi1 avx2 smep bmi2 erms invpcid
bogomips	: 4389.63
clflush size	: 64
cache_alignment	: 64
address sizes	: 39 bits physical, 48 bits virtual
power management:

processor	: 6
vendor_id	: GenuineIntel
cpu family	: 6
model		: 60
model name	: Intel(R) Core(TM) i7-4702HQ CPU @ 2.20GHz
stepping	: 3
microcode	: 0x17
cpu MHz		: 800.000
cache size	: 6144 KB
physical id	: 0
siblings	: 8
core id		: 2
cpu cores	: 4
apicid		: 5
initial apicid	: 5
fpu		: yes
fpu_exception	: yes
cpuid level	: 13
wp		: yes
flags		: fpu vme de pse tsc msr pae mce cx8 apic sep mtrr pge mca cmov pat pse36 clflush dts acpi mmx fxsr sse sse2 ss ht tm pbe syscall nx pdpe1gb rdtscp lm constant_tsc arch_perfmon pebs bts rep_good nopl xtopology nonstop_tsc aperfmperf eagerfpu pni pclmulqdq dtes64 monitor ds_cpl vmx est tm2 ssse3 fma cx16 xtpr pdcm pcid sse4_1 sse4_2 x2apic movbe popcnt tsc_deadline_timer aes xsave avx f16c rdrand lahf_lm abm ida arat epb xsaveopt pln pts dtherm tpr_shadow vnmi flexpriority ept vpid fsgsbase tsc_adjust bmi1 avx2 smep bmi2 erms invpcid
bogomips	: 4389.63
clflush size	: 64
cache_alignment	: 64
address sizes	: 39 bits physical, 48 bits virtual
power management:

processor	: 7
vendor_id	: GenuineIntel
cpu family	: 6
model		: 60
model name	: Intel(R) Core(TM) i7-4702HQ CPU @ 2.20GHz
stepping	: 3
microcode	: 0x17
cpu MHz		: 800.000
cache size	: 6144 KB
physical id	: 0
siblings	: 8
core id		: 3
cpu cores	: 4
apicid		: 7
initial apicid	: 7
fpu		: yes
fpu_exception	: yes
cpuid level	: 13
wp		: yes
flags		: fpu vme de pse tsc msr pae mce cx8 apic sep mtrr pge mca cmov pat pse36 clflush dts acpi mmx fxsr sse sse2 ss ht tm pbe syscall nx pdpe1gb rdtscp lm constant_tsc arch_perfmon pebs bts rep_good nopl xtopology nonstop_tsc aperfmperf eagerfpu pni pclmulqdq dtes64 monitor ds_cpl vmx est tm2 ssse3 fma cx16 xtpr pdcm pcid sse4_1 sse4_2 x2apic movbe popcnt tsc_deadline_timer aes xsave avx f16c rdrand lahf_lm abm ida arat epb xsaveopt pln pts dtherm tpr_shadow vnmi flexpriority ept vpid fsgsbase tsc_adjust bmi1 avx2 smep bmi2 erms invpcid
bogomips	: 4389.63
clflush size	: 64
cache_alignment	: 64
address sizes	: 39 bits physical, 48 bits virtual
power management:



Memory: 4k page, physical 16335088k(10831512k free), swap 16676860k(16676860k free)

vm_info: Java HotSpot(TM) 64-Bit Server VM (25.20-b17) for linux-amd64 JRE (1.8.0_20-ea-b17), built on Jun  4 2014 00:04:06 by "java_re" with gcc 4.3.0 20080428 (Red Hat 4.3.0-8)

time: Fri Nov 14 10:10:48 2014
elapsed time: 131 seconds (0d 0h 2m 11s)

