#
# A fatal error has been detected by the Java Runtime Environment:
#
#  SIGSEGV (0xb) at pc=0x00007f3ef9ed8f7e, pid=12177, tid=139908459837184
#
# JRE version: Java(TM) SE Runtime Environment (8.0_20-b17) (build 1.8.0_20-ea-b17)
# Java VM: Java HotSpot(TM) 64-Bit Server VM (25.20-b17 mixed mode linux-amd64 compressed oops)
# Problematic frame:
# C  [ld-linux-x86-64.so.2+0x9f7e]
#
# Failed to write core dump. Core dumps have been disabled. To enable core dumping, try "ulimit -c unlimited" before starting Java again
#
# If you would like to submit a bug report, please visit:
#   http://bugreport.sun.com/bugreport/crash.jsp
# The crash happened outside the Java Virtual Machine in native code.
# See problematic frame for where to report the bug.
#

---------------  T H R E A D  ---------------

Current thread (0x00007f3ef400d000):  JavaThread "main" [_thread_in_native, id=12182, stack(0x00007f3ef9fcb000,0x00007f3efa0cc000)]

siginfo: si_signo: 11 (SIGSEGV), si_code: 1 (SEGV_MAPERR), si_addr: 0x0000000000000068

Registers:
RAX=0x0000000000000040, RBX=0x000000004c8d3d65, RCX=0x0000000000000025, RDX=0x00000000000003f3
RSP=0x00007f3efa0c8990, RBP=0x0000000000000002, RSI=0x00007f3ef94d3d28, RDI=0x00007f3efa0cf9e8
R8 =0x00000000013234f5, R9 =0x00007f3efa0c89d0, R10=0x0000000006020400, R11=0x00007f3efa0c8ad0
R12=0x0000000000000003, R13=0x00007f3e28251780, R14=0x0000000000000000, R15=0x0000000000000025
RIP=0x00007f3ef9ed8f7e, EFLAGS=0x0000000000010202, CSGSFS=0x0000000000000033, ERR=0x0000000000000004
  TRAPNO=0x000000000000000e

Top of Stack: (sp=0x00007f3efa0c8990)
0x00007f3efa0c8990:   00007f3efa0c8b00 00007f3ef8bb0f75
0x00007f3efa0c89a0:   00007f3e00000002 00007f3efa0c8ae0
0x00007f3efa0c89b0:   00007f3efa0c8b70 00007f3efa0c8d40
0x00007f3efa0c89c0:   00007f3ee3aad960 01007f3e0000000c
0x00007f3efa0c89d0:   0000000000000000 0000000000000000
0x00007f3efa0c89e0:   00007f3efa0cf9e8 00007f3ef429cce0
0x00007f3efa0c89f0:   00007f3ef94e0d78 0000000000000000
0x00007f3efa0c8a00:   0000000200000000 0000000000000000
0x00007f3efa0c8a10:   00007f3ef400d000 00007f3efa0c8bc0
0x00007f3efa0c8a20:   00007f3efa0c8b70 0000000000000000
0x00007f3efa0c8a30:   0000000000000000 00007f3e28251bc8
0x00007f3efa0c8a40:   00007f3e28251840 00007f3ef9ed9991
0x00007f3efa0c8a50:   0000000000000000 0000000000000000
0x00007f3efa0c8a60:   00007f3e00000002 0000000000000000
0x00007f3efa0c8a70:   00007f3e00000000 00007f3e28251840
0x00007f3efa0c8a80:   00007f3ef400a518 00007f3ef9efa530
0x00007f3efa0c8a90:   00007f3ef4008a90 7d2490f0e3edb7f4
0x00007f3efa0c8aa0:   00007f3ee11da440 00007f3e28251bc8
0x00007f3efa0c8ab0:   00007f3efa0c8ae0 00007f3efa0c8ad0
0x00007f3efa0c8ac0:   000000004c8d3d65 00007f3ef429cce0
0x00007f3efa0c8ad0:   00000000ffffffff 00007f3ef400a5d0
0x00007f3efa0c8ae0:   0000000000000000 0000000000000000
0x00007f3efa0c8af0:   00007f3ef400a470 00007f3ef400d000
0x00007f3efa0c8b00:   00007f3efa0c8c90 00007f3ef8bf7467
0x00007f3efa0c8b10:   00007f3ef400d000 00007f3ef400a520
0x00007f3efa0c8b20:   00007f3efa0c8b70 00007f3efa0c8bf0
0x00007f3efa0c8b30:   00007f3efa0c8cc0 00007f3efa0c8d40
0x00007f3efa0c8b40:   00007f3ef400d1e8 00000000021594b0
0x00007f3efa0c8b50:   00007f3efa0f1cc0 00007f3ef429cce0
0x00007f3efa0c8b60:   0000000000000000 00007f3e28251840
0x00007f3efa0c8b70:   00007f3efa0c8c50 00007f3ef9606f56
0x00007f3efa0c8b80:   0000000600000002 0000000000000000 

Instructions: (pc=0x00007f3ef9ed8f7e)
0x00007f3ef9ed8f5e:   06 41 83 e7 3f 0f 1f 44 00 00 49 8b 44 ed 00 c7
0x00007f3ef9ed8f6e:   44 24 70 00 00 00 00 48 c7 44 24 40 00 00 00 00
0x00007f3ef9ed8f7e:   48 8b 78 28 4c 39 f7 48 89 7c 24 50 0f 84 f0 00
0x00007f3ef9ed8f8e:   00 00 f6 44 24 7c 02 74 0d f6 87 14 03 00 00 03 

Register to memory mapping:

RAX=0x0000000000000040 is an unknown value
RBX=0x000000004c8d3d65 is an unknown value
RCX=0x0000000000000025 is an unknown value
RDX=0x00000000000003f3 is an unknown value
RSP=0x00007f3efa0c8990 is pointing into the stack for thread: 0x00007f3ef400d000
RBP=0x0000000000000002 is an unknown value
RSI=0x00007f3ef94d3d28: <offset 0x3d28> in /lib/x86_64-linux-gnu/libc.so.6 at 0x00007f3ef94d0000
RDI=0x00007f3efa0cf9e8 is an unknown value
R8 =0x00000000013234f5 is an unknown value
R9 =0x00007f3efa0c89d0 is pointing into the stack for thread: 0x00007f3ef400d000
R10=0x0000000006020400 is an unknown value
R11=0x00007f3efa0c8ad0 is pointing into the stack for thread: 0x00007f3ef400d000
R12=0x0000000000000003 is an unknown value
R13=0x00007f3e28251780 is an unknown value
R14=0x0000000000000000 is an unknown value
R15=0x0000000000000025 is an unknown value


Stack: [0x00007f3ef9fcb000,0x00007f3efa0cc000],  sp=0x00007f3efa0c8990,  free space=1014k
Native frames: (J=compiled Java code, j=interpreted, Vv=VM code, C=native code)
C  [ld-linux-x86-64.so.2+0x9f7e]

Java frames: (J=compiled Java code, j=interpreted, Vv=VM code)
j  java.lang.ClassLoader$NativeLibrary.unload(Ljava/lang/String;Z)V+0
j  java.lang.ClassLoader$NativeLibrary.finalize()V+87
v  ~StubRoutines::call_stub
J 1137  sun.reflect.NativeMethodAccessorImpl.invoke0(Ljava/lang/reflect/Method;Ljava/lang/Object;[Ljava/lang/Object;)Ljava/lang/Object; (0 bytes) @ 0x00007f3ee3eb53b7 [0x00007f3ee3eb5340+0x77]
J 1136 C1 sun.reflect.NativeMethodAccessorImpl.invoke(Ljava/lang/Object;[Ljava/lang/Object;)Ljava/lang/Object; (104 bytes) @ 0x00007f3ee3eb45cc [0x00007f3ee3eb33c0+0x120c]
J 498 C1 sun.reflect.DelegatingMethodAccessorImpl.invoke(Ljava/lang/Object;[Ljava/lang/Object;)Ljava/lang/Object; (10 bytes) @ 0x00007f3ee3c874ec [0x00007f3ee3c873c0+0x12c]
J 497 C1 java.lang.reflect.Method.invoke(Ljava/lang/Object;[Ljava/lang/Object;)Ljava/lang/Object; (62 bytes) @ 0x00007f3ee3c87cc4 [0x00007f3ee3c878a0+0x424]
j  com.inductiveautomation.ignition.gateway.bootstrap.SRFilter.destroy()V+89
j  org.apache.catalina.core.ApplicationFilterConfig.release()V+61
j  org.apache.catalina.core.StandardContext.filterStop()Z+124
j  org.apache.catalina.core.StandardContext.stop()V+142
j  org.apache.catalina.core.ContainerBase.removeChild(Lorg/apache/catalina/Container;)V+90
j  org.apache.catalina.startup.HostConfig.undeployApps()V+77
j  org.apache.catalina.startup.HostConfig.stop()V+28
j  org.apache.catalina.startup.HostConfig.lifecycleEvent(Lorg/apache/catalina/LifecycleEvent;)V+151
j  org.apache.catalina.util.LifecycleSupport.fireLifecycleEvent(Ljava/lang/String;Ljava/lang/Object;)V+178
j  org.apache.catalina.core.ContainerBase.stop()V+60
j  org.apache.catalina.core.ContainerBase.stop()V+118
j  org.apache.catalina.core.StandardEngine.stop()V+1
j  org.apache.catalina.core.StandardService.stop()V+177
j  org.apache.catalina.core.StandardServer.stop()V+65
j  org.apache.catalina.startup.Catalina.stop()V+58
j  org.apache.catalina.startup.Catalina.start()V+198
v  ~StubRoutines::call_stub
j  sun.reflect.NativeMethodAccessorImpl.invoke0(Ljava/lang/reflect/Method;Ljava/lang/Object;[Ljava/lang/Object;)Ljava/lang/Object;+0
j  sun.reflect.NativeMethodAccessorImpl.invoke(Ljava/lang/Object;[Ljava/lang/Object;)Ljava/lang/Object;+100
J 498 C1 sun.reflect.DelegatingMethodAccessorImpl.invoke(Ljava/lang/Object;[Ljava/lang/Object;)Ljava/lang/Object; (10 bytes) @ 0x00007f3ee3c874ec [0x00007f3ee3c873c0+0x12c]
J 497 C1 java.lang.reflect.Method.invoke(Ljava/lang/Object;[Ljava/lang/Object;)Ljava/lang/Object; (62 bytes) @ 0x00007f3ee3c87cc4 [0x00007f3ee3c878a0+0x424]
j  org.apache.catalina.startup.Bootstrap.start()V+37
j  org.apache.catalina.startup.Bootstrap.main([Ljava/lang/String;)V+131
v  ~StubRoutines::call_stub

---------------  P R O C E S S  ---------------

Java Threads: ( => current thread )
  0x00007f3ef40b8000 JavaThread "pool-1-thread-1" [_thread_blocked, id=12329, stack(0x00007f3ec7eff000,0x00007f3ec8000000)]
  0x00007f3ef451e000 JavaThread "Thread-24" daemon [_thread_blocked, id=12328, stack(0x00007f3dfe6cf000,0x00007f3dfe7d0000)]
  0x00007f3e54009000 JavaThread "http-8088-6" daemon [_thread_blocked, id=12263, stack(0x00007f3dfead1000,0x00007f3dfebd2000)]
  0x00007f3e54007800 JavaThread "http-8088-5" daemon [_thread_blocked, id=12262, stack(0x00007f3dfebd2000,0x00007f3dfecd3000)]
  0x00007f3e54003800 JavaThread "http-8088-4" daemon [_thread_blocked, id=12261, stack(0x00007f3dfecd3000,0x00007f3dfedd4000)]
  0x00007f3e54002000 JavaThread "http-8088-3" daemon [_thread_blocked, id=12260, stack(0x00007f3dfedd4000,0x00007f3dfeed5000)]
  0x00007f3e54005800 JavaThread "http-8088-2" daemon [_thread_blocked, id=12259, stack(0x00007f3dfeed5000,0x00007f3dfefd6000)]
  0x00007f3e54004800 JavaThread "http-8088-1" daemon [_thread_blocked, id=12258, stack(0x00007f3ec64c1000,0x00007f3ec65c2000)]
  0x00007f3e2895d000 JavaThread "ClockDriftDetector" daemon [_thread_blocked, id=12255, stack(0x00007f3dff8fb000,0x00007f3dff9fc000)]
  0x00007f3e2895a000 JavaThread "PyLib_ScriptWatcher" daemon [_thread_blocked, id=12254, stack(0x00007f3dff9fc000,0x00007f3dffafd000)]
  0x00007f3e28956800 JavaThread "PyFile_ChangeNotifier" daemon [_thread_blocked, id=12253, stack(0x00007f3dffafd000,0x00007f3dffbfe000)]
  0x00007f3e28954800 JavaThread "Thread-16" daemon [_thread_in_native, id=12252, stack(0x00007f3dffbfe000,0x00007f3dffcff000)]
  0x00007f3ef4532000 JavaThread "TP-Monitor" daemon [_thread_blocked, id=12224, stack(0x00007f3ec719b000,0x00007f3ec729c000)]
  0x00007f3ef4530000 JavaThread "TP-Processor4" daemon [_thread_blocked, id=12223, stack(0x00007f3ec729c000,0x00007f3ec739d000)]
  0x00007f3ef452e800 JavaThread "TP-Processor3" daemon [_thread_blocked, id=12222, stack(0x00007f3ec739d000,0x00007f3ec749e000)]
  0x00007f3ef4550800 JavaThread "TP-Processor2" daemon [_thread_blocked, id=12221, stack(0x00007f3ec749e000,0x00007f3ec759f000)]
  0x00007f3ef4550000 JavaThread "TP-Processor1" daemon [_thread_blocked, id=12220, stack(0x00007f3ec759f000,0x00007f3ec76a0000)]
  0x00007f3ef451f000 JavaThread "http-8088-Acceptor-0" daemon [_thread_blocked, id=12219, stack(0x00007f3ec76a0000,0x00007f3ec77a1000)]
  0x00007f3ef44bb000 JavaThread "GC Daemon" daemon [_thread_blocked, id=12216, stack(0x00007f3ec7dfe000,0x00007f3ec7eff000)]
  0x00007f3e6c006800 JavaThread "RMI Scheduler(0)" daemon [_thread_blocked, id=12213, stack(0x00007f3ecd892000,0x00007f3ecd993000)]
  0x00007f3ef4466000 JavaThread "Abandoned connection cleanup thread" daemon [_thread_blocked, id=12211, stack(0x00007f3ecd993000,0x00007f3ecda94000)]
  0x00007f3ef424e800 JavaThread "RMI TCP Accept-0" daemon [_thread_in_native, id=12207, stack(0x00007f3ecdeb2000,0x00007f3ecdfb3000)]
  0x00007f3ef423d800 JavaThread "RMI TCP Accept-1099" daemon [_thread_in_native, id=12206, stack(0x00007f3ecdfb3000,0x00007f3ece0b4000)]
  0x00007f3ef422c000 JavaThread "RMI TCP Accept-0" daemon [_thread_in_native, id=12205, stack(0x00007f3ece0b4000,0x00007f3ece1b5000)]
  0x00007f3ef40e5000 JavaThread "Service Thread" daemon [_thread_blocked, id=12204, stack(0x00007f3ece7e6000,0x00007f3ece8e7000)]
  0x00007f3ef40cf800 JavaThread "C1 CompilerThread3" daemon [_thread_blocked, id=12203, stack(0x00007f3ece8e7000,0x00007f3ece9e8000)]
  0x00007f3ef40cd000 JavaThread "C2 CompilerThread2" daemon [_thread_blocked, id=12202, stack(0x00007f3ece9e8000,0x00007f3eceae9000)]
  0x00007f3ef40cb800 JavaThread "C2 CompilerThread1" daemon [_thread_in_native, id=12201, stack(0x00007f3eceae9000,0x00007f3ecebea000)]
  0x00007f3ef40c8800 JavaThread "C2 CompilerThread0" daemon [_thread_in_native, id=12200, stack(0x00007f3ecebea000,0x00007f3ececeb000)]
  0x00007f3ef40c6800 JavaThread "JDWP Event Helper Thread" daemon [_thread_blocked, id=12198, stack(0x00007f3ecedec000,0x00007f3eceeed000)]
  0x00007f3ef40b6000 JavaThread "Signal Dispatcher" daemon [_thread_blocked, id=12194, stack(0x00007f3ecf1f2000,0x00007f3ecf2f3000)]
  0x00007f3ef4087800 JavaThread "Finalizer" daemon [_thread_blocked, id=12193, stack(0x00007f3ecf2f3000,0x00007f3ecf3f4000)]
  0x00007f3ef4085800 JavaThread "Reference Handler" daemon [_thread_blocked, id=12192, stack(0x00007f3ecf3f4000,0x00007f3ecf4f5000)]
=>0x00007f3ef400d000 JavaThread "main" [_thread_in_native, id=12182, stack(0x00007f3ef9fcb000,0x00007f3efa0cc000)]

Other Threads:
  0x00007f3ef407e800 VMThread [stack: 0x00007f3ecf4f5000,0x00007f3ecf5f6000] [id=12191]
  0x00007f3ef4251000 WatcherThread [stack: 0x00007f3ecddb1000,0x00007f3ecdeb2000] [id=12208]

VM state:not at safepoint (normal execution)

VM Mutex/Monitor currently owned by a thread: None

Heap:
 PSYoungGen      total 202240K, used 106458K [0x000000076ce00000, 0x000000077a880000, 0x00000007c0000000)
  eden space 190464K, 49% used [0x000000076ce00000,0x0000000772ac2f50,0x0000000778800000)
  from space 11776K, 97% used [0x0000000779d00000,0x000000077a833bb8,0x000000077a880000)
  to   space 15872K, 0% used [0x0000000778980000,0x0000000778980000,0x0000000779900000)
 ParOldGen       total 194048K, used 23684K [0x00000006c6a00000, 0x00000006d2780000, 0x000000076ce00000)
  object space 194048K, 12% used [0x00000006c6a00000,0x00000006c81211e8,0x00000006d2780000)
 Metaspace       used 51218K, capacity 52502K, committed 52736K, reserved 1093632K
  class space    used 7319K, capacity 7614K, committed 7680K, reserved 1048576K

Card table byte_map: [0x00007f3ee2edb000,0x00007f3ee36a7000] byte_map_base: 0x00007f3edf8a6000

Marking Bits: (ParMarkBitMap*) 0x00007f3ef94a5c20
 Begin Bits: [0x00007f3ed4350000, 0x00007f3ed81a8000)
 End Bits:   [0x00007f3ed81a8000, 0x00007f3edc000000)

Polling page: 0x00007f3efa0ee000

CodeCache: size=245760Kb used=18182Kb max_used=18562Kb free=227577Kb
 bounds [0x00007f3ee3a67000, 0x00007f3ee4cd7000, 0x00007f3ef2a67000]
 total_blobs=5404 nmethods=4847 adapters=478
 compilation: enabled

Compilation events (10 events):
Event: 145.767 Thread 0x00007f3ef40cd000 5933 %     4       org.hsqldb.store.HashIndex::clear @ 11 (30 bytes)
Event: 145.767 Thread 0x00007f3ef40cf800 5934       3       java.io.PrintStream::ensureOpen (18 bytes)
Event: 145.767 Thread 0x00007f3ef40cf800 nmethod 5934 0x00007f3ee3cdba10 code [0x00007f3ee3cdbb80, 0x00007f3ee3cdbdc8]
Event: 145.770 Thread 0x00007f3ef40cf800 5935       1       java.text.DecimalFormatSymbols::getGroupingSeparator (5 bytes)
Event: 145.770 Thread 0x00007f3ef40cf800 nmethod 5935 0x00007f3ee4a0ae50 code [0x00007f3ee4a0afa0, 0x00007f3ee4a0b0b0]
Event: 145.771 Thread 0x00007f3ef40cb800 nmethod 5932% 0x00007f3ee3c2b690 code [0x00007f3ee3c2b800, 0x00007f3ee3c2ba58]
Event: 145.771 Thread 0x00007f3ef40cf800 5936       1       java.text.DecimalFormatSymbols::getDecimalSeparator (5 bytes)
Event: 145.771 Thread 0x00007f3ef40cf800 nmethod 5936 0x00007f3ee4a1cb50 code [0x00007f3ee4a1cca0, 0x00007f3ee4a1cdb0]
Event: 145.772 Thread 0x00007f3ef40cd000 nmethod 5933% 0x00007f3ee3cc4bd0 code [0x00007f3ee3cc4d60, 0x00007f3ee3cc50f8]
Event: 145.776 Thread 0x00007f3ef40cb800 5937       4       java.io.ObjectOutputStream$BlockDataOutputStream::drain (45 bytes)

GC Heap History (10 events):
Event: 4.769 GC heap before
{Heap before GC invocations=8 (full 1):
 PSYoungGen      total 140288K, used 131438K [0x000000076ce00000, 0x0000000779380000, 0x00000007c0000000)
  eden space 125440K, 100% used [0x000000076ce00000,0x0000000774880000,0x0000000774880000)
  from space 14848K, 40% used [0x0000000775700000,0x0000000775cdbab0,0x0000000776580000)
  to   space 14848K, 0% used [0x0000000774880000,0x0000000774880000,0x0000000775700000)
 ParOldGen       total 117248K, used 12809K [0x00000006c6a00000, 0x00000006cdc80000, 0x000000076ce00000)
  object space 117248K, 10% used [0x00000006c6a00000,0x00000006c76824c8,0x00000006cdc80000)
 Metaspace       used 34677K, capacity 35088K, committed 35320K, reserved 1079296K
  class space    used 4597K, capacity 4706K, committed 4736K, reserved 1048576K
Event: 4.777 GC heap after
Heap after GC invocations=8 (full 1):
 PSYoungGen      total 140288K, used 13108K [0x000000076ce00000, 0x0000000779480000, 0x00000007c0000000)
  eden space 125440K, 0% used [0x000000076ce00000,0x000000076ce00000,0x0000000774880000)
  from space 14848K, 88% used [0x0000000774880000,0x000000077554d080,0x0000000775700000)
  to   space 16384K, 0% used [0x0000000778480000,0x0000000778480000,0x0000000779480000)
 ParOldGen       total 117248K, used 12817K [0x00000006c6a00000, 0x00000006cdc80000, 0x000000076ce00000)
  object space 117248K, 10% used [0x00000006c6a00000,0x00000006c76844c8,0x00000006cdc80000)
 Metaspace       used 34677K, capacity 35088K, committed 35320K, reserved 1079296K
  class space    used 4597K, capacity 4706K, committed 4736K, reserved 1048576K
}
Event: 4.777 GC heap before
{Heap before GC invocations=9 (full 2):
 PSYoungGen      total 140288K, used 13108K [0x000000076ce00000, 0x0000000779480000, 0x00000007c0000000)
  eden space 125440K, 0% used [0x000000076ce00000,0x000000076ce00000,0x0000000774880000)
  from space 14848K, 88% used [0x0000000774880000,0x000000077554d080,0x0000000775700000)
  to   space 16384K, 0% used [0x0000000778480000,0x0000000778480000,0x0000000779480000)
 ParOldGen       total 117248K, used 12817K [0x00000006c6a00000, 0x00000006cdc80000, 0x000000076ce00000)
  object space 117248K, 10% used [0x00000006c6a00000,0x00000006c76844c8,0x00000006cdc80000)
 Metaspace       used 34677K, capacity 35088K, committed 35320K, reserved 1079296K
  class space    used 4597K, capacity 4706K, committed 4736K, reserved 1048576K
Event: 4.842 GC heap after
Heap after GC invocations=9 (full 2):
 PSYoungGen      total 140288K, used 0K [0x000000076ce00000, 0x0000000779480000, 0x00000007c0000000)
  eden space 125440K, 0% used [0x000000076ce00000,0x000000076ce00000,0x0000000774880000)
  from space 14848K, 0% used [0x0000000774880000,0x0000000774880000,0x0000000775700000)
  to   space 16384K, 0% used [0x0000000778480000,0x0000000778480000,0x0000000779480000)
 ParOldGen       total 194048K, used 23660K [0x00000006c6a00000, 0x00000006d2780000, 0x000000076ce00000)
  object space 194048K, 12% used [0x00000006c6a00000,0x00000006c811b1e8,0x00000006d2780000)
 Metaspace       used 34677K, capacity 35088K, committed 35320K, reserved 1079296K
  class space    used 4597K, capacity 4706K, committed 4736K, reserved 1048576K
}
Event: 5.504 GC heap before
{Heap before GC invocations=10 (full 2):
 PSYoungGen      total 140288K, used 125440K [0x000000076ce00000, 0x0000000779480000, 0x00000007c0000000)
  eden space 125440K, 100% used [0x000000076ce00000,0x0000000774880000,0x0000000774880000)
  from space 14848K, 0% used [0x0000000774880000,0x0000000774880000,0x0000000775700000)
  to   space 16384K, 0% used [0x0000000778480000,0x0000000778480000,0x0000000779480000)
 ParOldGen       total 194048K, used 23660K [0x00000006c6a00000, 0x00000006d2780000, 0x000000076ce00000)
  object space 194048K, 12% used [0x00000006c6a00000,0x00000006c811b1e8,0x00000006d2780000)
 Metaspace       used 38612K, capacity 39214K, committed 39552K, reserved 1083392K
  class space    used 5603K, capacity 5746K, committed 5760K, reserved 1048576K
Event: 5.510 GC heap after
Heap after GC invocations=10 (full 2):
 PSYoungGen      total 180736K, used 4594K [0x000000076ce00000, 0x0000000779180000, 0x00000007c0000000)
  eden space 167424K, 0% used [0x000000076ce00000,0x000000076ce00000,0x0000000777180000)
  from space 13312K, 34% used [0x0000000778480000,0x00000007788fc8e0,0x0000000779180000)
  to   space 16384K, 0% used [0x0000000777180000,0x0000000777180000,0x0000000778180000)
 ParOldGen       total 194048K, used 23668K [0x00000006c6a00000, 0x00000006d2780000, 0x000000076ce00000)
  object space 194048K, 12% used [0x00000006c6a00000,0x00000006c811d1e8,0x00000006d2780000)
 Metaspace       used 38612K, capacity 39214K, committed 39552K, reserved 1083392K
  class space    used 5603K, capacity 5746K, committed 5760K, reserved 1048576K
}
Event: 10.758 GC heap before
{Heap before GC invocations=11 (full 2):
 PSYoungGen      total 180736K, used 172018K [0x000000076ce00000, 0x0000000779180000, 0x00000007c0000000)
  eden space 167424K, 100% used [0x000000076ce00000,0x0000000777180000,0x0000000777180000)
  from space 13312K, 34% used [0x0000000778480000,0x00000007788fc8e0,0x0000000779180000)
  to   space 16384K, 0% used [0x0000000777180000,0x0000000777180000,0x0000000778180000)
 ParOldGen       total 194048K, used 23668K [0x00000006c6a00000, 0x00000006d2780000, 0x000000076ce00000)
  object space 194048K, 12% used [0x00000006c6a00000,0x00000006c811d1e8,0x00000006d2780000)
 Metaspace       used 45496K, capacity 46114K, committed 46592K, reserved 1089536K
  class space    used 6478K, capacity 6624K, committed 6656K, reserved 1048576K
Event: 10.767 GC heap after
Heap after GC invocations=11 (full 2):
 PSYoungGen      total 183808K, used 9391K [0x000000076ce00000, 0x000000077ac80000, 0x00000007c0000000)
  eden space 167424K, 0% used [0x000000076ce00000,0x000000076ce00000,0x0000000777180000)
  from space 16384K, 57% used [0x0000000777180000,0x0000000777aabe10,0x0000000778180000)
  to   space 15872K, 0% used [0x0000000779d00000,0x0000000779d00000,0x000000077ac80000)
 ParOldGen       total 194048K, used 23676K [0x00000006c6a00000, 0x00000006d2780000, 0x000000076ce00000)
  object space 194048K, 12% used [0x00000006c6a00000,0x00000006c811f1e8,0x00000006d2780000)
 Metaspace       used 45496K, capacity 46114K, committed 46592K, reserved 1089536K
  class space    used 6478K, capacity 6624K, committed 6656K, reserved 1048576K
}
Event: 47.540 GC heap before
{Heap before GC invocations=12 (full 2):
 PSYoungGen      total 183808K, used 176815K [0x000000076ce00000, 0x000000077ac80000, 0x00000007c0000000)
  eden space 167424K, 100% used [0x000000076ce00000,0x0000000777180000,0x0000000777180000)
  from space 16384K, 57% used [0x0000000777180000,0x0000000777aabe10,0x0000000778180000)
  to   space 15872K, 0% used [0x0000000779d00000,0x0000000779d00000,0x000000077ac80000)
 ParOldGen       total 194048K, used 23676K [0x00000006c6a00000, 0x00000006d2780000, 0x000000076ce00000)
  object space 194048K, 12% used [0x00000006c6a00000,0x00000006c811f1e8,0x00000006d2780000)
 Metaspace       used 50160K, capacity 51220K, committed 51328K, reserved 1093632K
  class space    used 7195K, capacity 7459K, committed 7552K, reserved 1048576K
Event: 47.554 GC heap after
Heap after GC invocations=12 (full 2):
 PSYoungGen      total 202240K, used 11470K [0x000000076ce00000, 0x000000077a880000, 0x00000007c0000000)
  eden space 190464K, 0% used [0x000000076ce00000,0x000000076ce00000,0x0000000778800000)
  from space 11776K, 97% used [0x0000000779d00000,0x000000077a833bb8,0x000000077a880000)
  to   space 15872K, 0% used [0x0000000778980000,0x0000000778980000,0x0000000779900000)
 ParOldGen       total 194048K, used 23684K [0x00000006c6a00000, 0x00000006d2780000, 0x000000076ce00000)
  object space 194048K, 12% used [0x00000006c6a00000,0x00000006c81211e8,0x00000006d2780000)
 Metaspace       used 50160K, capacity 51220K, committed 51328K, reserved 1093632K
  class space    used 7195K, capacity 7459K, committed 7552K, reserved 1048576K
}

Deoptimization events (10 events):
Event: 145.662 Thread 0x00007f3ef400d000 Uncommon trap: reason=class_check action=maybe_recompile pc=0x00007f3ee469cd10 method=org.hsqldb.index.IndexAVL.unlinkNodes(Lorg/hsqldb/index/NodeAVL;)V @ 4
Event: 145.662 Thread 0x00007f3ef400d000 Uncommon trap: reason=class_check action=maybe_recompile pc=0x00007f3ee469cd10 method=org.hsqldb.index.IndexAVL.unlinkNodes(Lorg/hsqldb/index/NodeAVL;)V @ 4
Event: 145.662 Thread 0x00007f3ef400d000 Uncommon trap: reason=unreached action=reinterpret pc=0x00007f3ee45797e0 method=org.hsqldb.store.BaseHashMap.clearElementArrays(II)V @ 185
Event: 145.665 Thread 0x00007f3e286b8800 Uncommon trap: reason=unreached action=reinterpret pc=0x00007f3ee4bc7914 method=org.hsqldb.lib.HsqlTimer$TaskQueue.peekTask()Lorg/hsqldb/lib/HsqlTimer$Task; @ 6
Event: 145.770 Thread 0x00007f3ef400d000 Uncommon trap: reason=bimorphic action=maybe_recompile pc=0x00007f3ee49c2b1c method=java.io.ObjectOutputStream$BlockDataOutputStream.drain()V @ 36
Event: 145.770 Thread 0x00007f3ef400d000 Uncommon trap: reason=bimorphic action=maybe_recompile pc=0x00007f3ee49c2b1c method=java.io.ObjectOutputStream$BlockDataOutputStream.drain()V @ 36
Event: 145.771 Thread 0x00007f3ef400d000 Uncommon trap: reason=class_check action=maybe_recompile pc=0x00007f3ee4a39450 method=java.io.ObjectOutputStream$BlockDataOutputStream.write([BIIZ)V @ 23
Event: 145.772 Thread 0x00007f3ef400d000 Uncommon trap: reason=class_check action=maybe_recompile pc=0x00007f3ee4a39450 method=java.io.ObjectOutputStream$BlockDataOutputStream.write([BIIZ)V @ 23
Event: 145.775 Thread 0x00007f3ef400d000 Uncommon trap: reason=class_check action=maybe_recompile pc=0x00007f3ee4a39450 method=java.io.ObjectOutputStream$BlockDataOutputStream.write([BIIZ)V @ 23
Event: 145.775 Thread 0x00007f3ef400d000 Uncommon trap: reason=class_check action=maybe_recompile pc=0x00007f3ee4a39450 method=java.io.ObjectOutputStream$BlockDataOutputStream.write([BIIZ)V @ 23

Internal exceptions (10 events):
Event: 145.765 Thread 0x00007f3ef400d000 Exception <a 'java/security/PrivilegedActionException'> (0x00000007722d9e50) thrown at [/HUDSON/workspace/8-2-build-linux-amd64/jdk8u20/526.nc/hotspot/src/share/vm/prims/jvm.cpp, line 1258]
Event: 145.765 Thread 0x00007f3ef400d000 Exception <a 'java/security/PrivilegedActionException'> (0x00000007722da888) thrown at [/HUDSON/workspace/8-2-build-linux-amd64/jdk8u20/526.nc/hotspot/src/share/vm/prims/jvm.cpp, line 1258]
Event: 145.766 Thread 0x00007f3ef400d000 Exception <a 'java/security/PrivilegedActionException'> (0x00000007722ecc20) thrown at [/HUDSON/workspace/8-2-build-linux-amd64/jdk8u20/526.nc/hotspot/src/share/vm/prims/jvm.cpp, line 1258]
Event: 145.766 Thread 0x00007f3ef400d000 Exception <a 'java/security/PrivilegedActionException'> (0x00000007722ed7c0) thrown at [/HUDSON/workspace/8-2-build-linux-amd64/jdk8u20/526.nc/hotspot/src/share/vm/prims/jvm.cpp, line 1258]
Event: 145.773 Thread 0x00007f3ef400d000 Exception <a 'java/security/PrivilegedActionException'> (0x000000077232c468) thrown at [/HUDSON/workspace/8-2-build-linux-amd64/jdk8u20/526.nc/hotspot/src/share/vm/prims/jvm.cpp, line 1258]
Event: 145.774 Thread 0x00007f3ef400d000 Exception <a 'java/security/PrivilegedActionException'> (0x000000077232d448) thrown at [/HUDSON/workspace/8-2-build-linux-amd64/jdk8u20/526.nc/hotspot/src/share/vm/prims/jvm.cpp, line 1258]
Event: 145.774 Thread 0x00007f3ef400d000 Exception <a 'java/security/PrivilegedActionException'> (0x000000077233d298) thrown at [/HUDSON/workspace/8-2-build-linux-amd64/jdk8u20/526.nc/hotspot/src/share/vm/prims/jvm.cpp, line 1258]
Event: 145.774 Thread 0x00007f3ef400d000 Exception <a 'java/security/PrivilegedActionException'> (0x000000077233e308) thrown at [/HUDSON/workspace/8-2-build-linux-amd64/jdk8u20/526.nc/hotspot/src/share/vm/prims/jvm.cpp, line 1258]
Event: 145.775 Thread 0x00007f3ef400d000 Exception <a 'java/security/PrivilegedActionException'> (0x000000077234e638) thrown at [/HUDSON/workspace/8-2-build-linux-amd64/jdk8u20/526.nc/hotspot/src/share/vm/prims/jvm.cpp, line 1258]
Event: 145.775 Thread 0x00007f3ef400d000 Exception <a 'java/security/PrivilegedActionException'> (0x000000077234f658) thrown at [/HUDSON/workspace/8-2-build-linux-amd64/jdk8u20/526.nc/hotspot/src/share/vm/prims/jvm.cpp, line 1258]

Events (10 events):
Event: 145.776 Thread 0x00007f3ef400d000 DEOPT PACKING pc=0x00007f3ee492df0c sp=0x00007f3efa0c78e0
Event: 145.776 Thread 0x00007f3ef400d000 DEOPT UNPACKING pc=0x00007f3ee3aae41a sp=0x00007f3efa0c76a8 mode 1
Event: 145.776 Thread 0x00007f3ef400d000 DEOPT PACKING pc=0x00007f3ee491c4e4 sp=0x00007f3efa0c7850
Event: 145.776 Thread 0x00007f3ef400d000 DEOPT UNPACKING pc=0x00007f3ee3aae41a sp=0x00007f3efa0c7628 mode 1
Event: 145.776 Thread 0x00007f3ef400d000 DEOPT PACKING pc=0x00007f3ee491c4e4 sp=0x00007f3efa0c7810
Event: 145.776 Thread 0x00007f3ef400d000 DEOPT UNPACKING pc=0x00007f3ee3aae41a sp=0x00007f3efa0c75d0 mode 1
Event: 145.776 Thread 0x00007f3ef400d000 DEOPT PACKING pc=0x00007f3ee492df0c sp=0x00007f3efa0c78e0
Event: 145.776 Thread 0x00007f3ef400d000 DEOPT UNPACKING pc=0x00007f3ee3aae41a sp=0x00007f3efa0c76a8 mode 1
Event: 145.776 Thread 0x00007f3ef400d000 DEOPT PACKING pc=0x00007f3ee491c4e4 sp=0x00007f3efa0c7850
Event: 145.776 Thread 0x00007f3ef400d000 DEOPT UNPACKING pc=0x00007f3ee3aae41a sp=0x00007f3efa0c7628 mode 1


Dynamic libraries:
00400000-00401000 r-xp 00000000 08:06 19938758                           /usr/lib/jvm/jdk1.8.0_20/bin/java
00600000-00601000 rw-p 00000000 08:06 19938758                           /usr/lib/jvm/jdk1.8.0_20/bin/java
02159000-021a2000 rw-p 00000000 00:00 0                                  [heap]
6c6a00000-6d2780000 rw-p 00000000 00:00 0 
6d2780000-76ce00000 ---p 00000000 00:00 0 
76ce00000-77a880000 rw-p 00000000 00:00 0 
77a880000-7c0000000 ---p 00000000 00:00 0 
7c0000000-7c0780000 rw-p 00000000 00:00 0 
7c0780000-800000000 ---p 00000000 00:00 0 
7f3dd0000000-7f3dd002e000 rw-p 00000000 00:00 0 
7f3dd002e000-7f3dd4000000 ---p 00000000 00:00 0 
7f3dd8000000-7f3dd803b000 rw-p 00000000 00:00 0 
7f3dd803b000-7f3ddc000000 ---p 00000000 00:00 0 
7f3ddc000000-7f3ddc023000 rw-p 00000000 00:00 0 
7f3ddc023000-7f3de0000000 ---p 00000000 00:00 0 
7f3de0000000-7f3de0021000 rw-p 00000000 00:00 0 
7f3de0021000-7f3de4000000 ---p 00000000 00:00 0 
7f3de4000000-7f3de4045000 rw-p 00000000 00:00 0 
7f3de4045000-7f3de8000000 ---p 00000000 00:00 0 
7f3de8000000-7f3de8021000 rw-p 00000000 00:00 0 
7f3de8021000-7f3dec000000 ---p 00000000 00:00 0 
7f3dec000000-7f3dec021000 rw-p 00000000 00:00 0 
7f3dec021000-7f3df0000000 ---p 00000000 00:00 0 
7f3df0000000-7f3df0021000 rw-p 00000000 00:00 0 
7f3df0021000-7f3df4000000 ---p 00000000 00:00 0 
7f3df4000000-7f3df4021000 rw-p 00000000 00:00 0 
7f3df4021000-7f3df8000000 ---p 00000000 00:00 0 
7f3df8000000-7f3df8021000 rw-p 00000000 00:00 0 
7f3df8021000-7f3dfc000000 ---p 00000000 00:00 0 
7f3dfe3ce000-7f3dfe3d1000 ---p 00000000 00:00 0 
7f3dfe3d1000-7f3dfe6cf000 rw-p 00000000 00:00 0 
7f3dfe6cf000-7f3dfe6d2000 ---p 00000000 00:00 0 
7f3dfe6d2000-7f3dfe9d0000 rw-p 00000000 00:00 0                          [stack:12328]
7f3dfe9d0000-7f3dfe9d3000 ---p 00000000 00:00 0 
7f3dfe9d3000-7f3dfead1000 rw-p 00000000 00:00 0 
7f3dfead1000-7f3dfead4000 ---p 00000000 00:00 0 
7f3dfead4000-7f3dfebd2000 rw-p 00000000 00:00 0                          [stack:12263]
7f3dfebd2000-7f3dfebd5000 ---p 00000000 00:00 0 
7f3dfebd5000-7f3dfecd3000 rw-p 00000000 00:00 0                          [stack:12262]
7f3dfecd3000-7f3dfecd6000 ---p 00000000 00:00 0 
7f3dfecd6000-7f3dfedd4000 rw-p 00000000 00:00 0                          [stack:12261]
7f3dfedd4000-7f3dfedd7000 ---p 00000000 00:00 0 
7f3dfedd7000-7f3dfeed5000 rw-p 00000000 00:00 0                          [stack:12260]
7f3dfeed5000-7f3dfeed8000 ---p 00000000 00:00 0 
7f3dfeed8000-7f3dfefd6000 rw-p 00000000 00:00 0                          [stack:12259]
7f3dfefd6000-7f3dfefd9000 ---p 00000000 00:00 0 
7f3dfefd9000-7f3dff0d7000 rw-p 00000000 00:00 0 
7f3dff0d7000-7f3dff0ee000 r-xp 00000000 08:06 15602148                   /lib/x86_64-linux-gnu/libresolv-2.19.so
7f3dff0ee000-7f3dff2ee000 ---p 00017000 08:06 15602148                   /lib/x86_64-linux-gnu/libresolv-2.19.so
7f3dff2ee000-7f3dff2ef000 r--p 00017000 08:06 15602148                   /lib/x86_64-linux-gnu/libresolv-2.19.so
7f3dff2ef000-7f3dff2f0000 rw-p 00018000 08:06 15602148                   /lib/x86_64-linux-gnu/libresolv-2.19.so
7f3dff2f0000-7f3dff2f2000 rw-p 00000000 00:00 0 
7f3dff2f2000-7f3dff2f7000 r-xp 00000000 08:06 15602324                   /lib/x86_64-linux-gnu/libnss_dns-2.19.so
7f3dff2f7000-7f3dff4f6000 ---p 00005000 08:06 15602324                   /lib/x86_64-linux-gnu/libnss_dns-2.19.so
7f3dff4f6000-7f3dff4f7000 r--p 00004000 08:06 15602324                   /lib/x86_64-linux-gnu/libnss_dns-2.19.so
7f3dff4f7000-7f3dff4f8000 rw-p 00005000 08:06 15602324                   /lib/x86_64-linux-gnu/libnss_dns-2.19.so
7f3dff4f8000-7f3dff4fa000 r-xp 00000000 08:06 15601607                   /lib/x86_64-linux-gnu/libnss_mdns4_minimal.so.2
7f3dff4fa000-7f3dff6f9000 ---p 00002000 08:06 15601607                   /lib/x86_64-linux-gnu/libnss_mdns4_minimal.so.2
7f3dff6f9000-7f3dff6fa000 r--p 00001000 08:06 15601607                   /lib/x86_64-linux-gnu/libnss_mdns4_minimal.so.2
7f3dff6fa000-7f3dff6fb000 rw-p 00002000 08:06 15601607                   /lib/x86_64-linux-gnu/libnss_mdns4_minimal.so.2
7f3dff6fb000-7f3dff8fb000 rw-p 00000000 00:00 0 
7f3dff8fb000-7f3dff8fe000 ---p 00000000 00:00 0 
7f3dff8fe000-7f3dff9fc000 rw-p 00000000 00:00 0                          [stack:12255]
7f3dff9fc000-7f3dff9ff000 ---p 00000000 00:00 0 
7f3dff9ff000-7f3dffafd000 rw-p 00000000 00:00 0                          [stack:12254]
7f3dffafd000-7f3dffb00000 ---p 00000000 00:00 0 
7f3dffb00000-7f3dffbfe000 rw-p 00000000 00:00 0                          [stack:12253]
7f3dffbfe000-7f3dffc01000 ---p 00000000 00:00 0 
7f3dffc01000-7f3dffeff000 rw-p 00000000 00:00 0                          [stack:12252]
7f3dffeff000-7f3dfff02000 ---p 00000000 00:00 0 
7f3dfff02000-7f3e00000000 rw-p 00000000 00:00 0 
7f3e00000000-7f3e00021000 rw-p 00000000 00:00 0 
7f3e00021000-7f3e04000000 ---p 00000000 00:00 0 
7f3e04000000-7f3e04021000 rw-p 00000000 00:00 0 
7f3e04021000-7f3e08000000 ---p 00000000 00:00 0 
7f3e08000000-7f3e08021000 rw-p 00000000 00:00 0 
7f3e08021000-7f3e0c000000 ---p 00000000 00:00 0 
7f3e0c000000-7f3e0c021000 rw-p 00000000 00:00 0 
7f3e0c021000-7f3e10000000 ---p 00000000 00:00 0 
7f3e10000000-7f3e10021000 rw-p 00000000 00:00 0 
7f3e10021000-7f3e14000000 ---p 00000000 00:00 0 
7f3e14000000-7f3e140f1000 rw-p 00000000 00:00 0 
7f3e140f1000-7f3e18000000 ---p 00000000 00:00 0 
7f3e18000000-7f3e18021000 rw-p 00000000 00:00 0 
7f3e18021000-7f3e1c000000 ---p 00000000 00:00 0 
7f3e1c000000-7f3e1c021000 rw-p 00000000 00:00 0 
7f3e1c021000-7f3e20000000 ---p 00000000 00:00 0 
7f3e20000000-7f3e20021000 rw-p 00000000 00:00 0 
7f3e20021000-7f3e24000000 ---p 00000000 00:00 0 
7f3e24000000-7f3e24021000 rw-p 00000000 00:00 0 
7f3e24021000-7f3e28000000 ---p 00000000 00:00 0 
7f3e28000000-7f3e289bd000 rw-p 00000000 00:00 0 
7f3e289bd000-7f3e2c000000 ---p 00000000 00:00 0 
7f3e2c000000-7f3e2c021000 rw-p 00000000 00:00 0 
7f3e2c021000-7f3e30000000 ---p 00000000 00:00 0 
7f3e30000000-7f3e305e8000 rw-p 00000000 00:00 0 
7f3e305e8000-7f3e34000000 ---p 00000000 00:00 0 
7f3e34000000-7f3e34021000 rw-p 00000000 00:00 0 
7f3e34021000-7f3e38000000 ---p 00000000 00:00 0 
7f3e38000000-7f3e38021000 rw-p 00000000 00:00 0 
7f3e38021000-7f3e3c000000 ---p 00000000 00:00 0 
7f3e3c000000-7f3e3c021000 rw-p 00000000 00:00 0 
7f3e3c021000-7f3e40000000 ---p 00000000 00:00 0 
7f3e40000000-7f3e40073000 rw-p 00000000 00:00 0 
7f3e40073000-7f3e44000000 ---p 00000000 00:00 0 
7f3e44000000-7f3e44021000 rw-p 00000000 00:00 0 
7f3e44021000-7f3e48000000 ---p 00000000 00:00 0 
7f3e48000000-7f3e48021000 rw-p 00000000 00:00 0 
7f3e48021000-7f3e4c000000 ---p 00000000 00:00 0 
7f3e4c000000-7f3e4c021000 rw-p 00000000 00:00 0 
7f3e4c021000-7f3e50000000 ---p 00000000 00:00 0 
7f3e50000000-7f3e50021000 rw-p 00000000 00:00 0 
7f3e50021000-7f3e54000000 ---p 00000000 00:00 0 
7f3e54000000-7f3e54021000 rw-p 00000000 00:00 0 
7f3e54021000-7f3e58000000 ---p 00000000 00:00 0 
7f3e58000000-7f3e58518000 rw-p 00000000 00:00 0 
7f3e58518000-7f3e5c000000 ---p 00000000 00:00 0 
7f3e5c000000-7f3e5c163000 rw-p 00000000 00:00 0 
7f3e5c163000-7f3e60000000 ---p 00000000 00:00 0 
7f3e60000000-7f3e60021000 rw-p 00000000 00:00 0 
7f3e60021000-7f3e64000000 ---p 00000000 00:00 0 
7f3e64000000-7f3e64021000 rw-p 00000000 00:00 0 
7f3e64021000-7f3e68000000 ---p 00000000 00:00 0 
7f3e68000000-7f3e68021000 rw-p 00000000 00:00 0 
7f3e68021000-7f3e6c000000 ---p 00000000 00:00 0 
7f3e6c000000-7f3e6c021000 rw-p 00000000 00:00 0 
7f3e6c021000-7f3e70000000 ---p 00000000 00:00 0 
7f3e70000000-7f3e70021000 rw-p 00000000 00:00 0 
7f3e70021000-7f3e74000000 ---p 00000000 00:00 0 
7f3e74000000-7f3e74021000 rw-p 00000000 00:00 0 
7f3e74021000-7f3e78000000 ---p 00000000 00:00 0 
7f3e78000000-7f3e78021000 rw-p 00000000 00:00 0 
7f3e78021000-7f3e7c000000 ---p 00000000 00:00 0 
7f3e7c000000-7f3e7c021000 rw-p 00000000 00:00 0 
7f3e7c021000-7f3e80000000 ---p 00000000 00:00 0 
7f3e80000000-7f3e8191c000 rw-p 00000000 00:00 0 
7f3e8191c000-7f3e84000000 ---p 00000000 00:00 0 
7f3e84000000-7f3e84dd1000 rw-p 00000000 00:00 0 
7f3e84dd1000-7f3e88000000 ---p 00000000 00:00 0 
7f3e88000000-7f3e89fad000 rw-p 00000000 00:00 0 
7f3e89fad000-7f3e8c000000 ---p 00000000 00:00 0 
7f3e8c000000-7f3e8e058000 rw-p 00000000 00:00 0 
7f3e8e058000-7f3e90000000 ---p 00000000 00:00 0 
7f3e90000000-7f3e900cd000 rw-p 00000000 00:00 0 
7f3e900cd000-7f3e94000000 ---p 00000000 00:00 0 
7f3e94000000-7f3e94021000 rw-p 00000000 00:00 0 
7f3e94021000-7f3e98000000 ---p 00000000 00:00 0 
7f3e98000000-7f3e98021000 rw-p 00000000 00:00 0 
7f3e98021000-7f3e9c000000 ---p 00000000 00:00 0 
7f3e9c000000-7f3e9c044000 rw-p 00000000 00:00 0 
7f3e9c044000-7f3ea0000000 ---p 00000000 00:00 0 
7f3ea0000000-7f3ea0021000 rw-p 00000000 00:00 0 
7f3ea0021000-7f3ea4000000 ---p 00000000 00:00 0 
7f3ea4000000-7f3ea4021000 rw-p 00000000 00:00 0 
7f3ea4021000-7f3ea8000000 ---p 00000000 00:00 0 
7f3ea8000000-7f3ea8021000 rw-p 00000000 00:00 0 
7f3ea8021000-7f3eac000000 ---p 00000000 00:00 0 
7f3eac000000-7f3eac0fa000 rw-p 00000000 00:00 0 
7f3eac0fa000-7f3eb0000000 ---p 00000000 00:00 0 
7f3eb0000000-7f3eb0021000 rw-p 00000000 00:00 0 
7f3eb0021000-7f3eb4000000 ---p 00000000 00:00 0 
7f3eb4000000-7f3eb4021000 rw-p 00000000 00:00 0 
7f3eb4021000-7f3eb8000000 ---p 00000000 00:00 0 
7f3eb8000000-7f3eb8021000 rw-p 00000000 00:00 0 
7f3eb8021000-7f3ebc000000 ---p 00000000 00:00 0 
7f3ebc000000-7f3ebc021000 rw-p 00000000 00:00 0 
7f3ebc021000-7f3ec0000000 ---p 00000000 00:00 0 
7f3ec0000000-7f3ec0021000 rw-p 00000000 00:00 0 
7f3ec0021000-7f3ec4000000 ---p 00000000 00:00 0 
7f3ec4056000-7f3ec4256000 rw-p 00000000 00:00 0 
7f3ec4256000-7f3ec4259000 ---p 00000000 00:00 0 
7f3ec4259000-7f3ec4357000 rw-p 00000000 00:00 0 
7f3ec4357000-7f3ec435a000 ---p 00000000 00:00 0 
7f3ec435a000-7f3ec4458000 rw-p 00000000 00:00 0 
7f3ec4458000-7f3ec445b000 ---p 00000000 00:00 0 
7f3ec445b000-7f3ec4559000 rw-p 00000000 00:00 0 
7f3ec4638000-7f3ec463b000 ---p 00000000 00:00 0 
7f3ec463b000-7f3ec4739000 rw-p 00000000 00:00 0 
7f3ec4739000-7f3ec473c000 ---p 00000000 00:00 0 
7f3ec473c000-7f3ec483a000 rw-p 00000000 00:00 0 
7f3ec483a000-7f3ec483d000 ---p 00000000 00:00 0 
7f3ec483d000-7f3ec493b000 rw-p 00000000 00:00 0 
7f3ec493b000-7f3ec493e000 ---p 00000000 00:00 0 
7f3ec493e000-7f3ec4a3c000 rw-p 00000000 00:00 0 
7f3ec4a3c000-7f3ec4a3f000 ---p 00000000 00:00 0 
7f3ec4a3f000-7f3ec4b3d000 rw-p 00000000 00:00 0 
7f3ec4c28000-7f3ec4c2b000 ---p 00000000 00:00 0 
7f3ec4c2b000-7f3ec4d29000 rw-p 00000000 00:00 0 
7f3ec4d29000-7f3ec4d2c000 ---p 00000000 00:00 0 
7f3ec4d2c000-7f3ec502a000 rw-p 00000000 00:00 0 
7f3ec502a000-7f3ec522a000 rw-p 00000000 00:00 0 
7f3ec5338000-7f3ec5538000 rw-p 00000000 00:00 0 
7f3ec5538000-7f3ec5738000 rw-p 00000000 00:00 0 
7f3ec5738000-7f3ec5938000 rw-p 00000000 00:00 0 
7f3ec5938000-7f3ec593b000 ---p 00000000 00:00 0 
7f3ec593b000-7f3ec5c39000 rw-p 00000000 00:00 0 
7f3ec5c39000-7f3ec5c3b000 r--s 00003000 08:06 659381                     /usr/local/development/dev-7-7/Ignition/IgnitionWebApp/src/main/home/temp/sfc-gateway-api673557209814139344.jar
7f3ec5c3b000-7f3ec5c3e000 r--s 00019000 08:06 659380                     /usr/local/development/dev-7-7/Ignition/IgnitionWebApp/src/main/home/temp/sfc-gateway1020816176681379447.jar
7f3ec5c3e000-7f3ec5c41000 r--s 00016000 08:06 659379                     /usr/local/development/dev-7-7/Ignition/IgnitionWebApp/src/main/home/temp/sfc-common4141215454682674185.jar
7f3ec5caa000-7f3ec5cb1000 r--s 00000000 08:06 15863595                   /usr/lib/x86_64-linux-gnu/gconv/gconv-modules.cache
7f3ec5cb1000-7f3ec5eb1000 rw-p 00000000 00:00 0 
7f3ec5eb1000-7f3ec5eb5000 r--s 000be000 08:06 658865                     /usr/local/development/dev-7-7/Ignition/IgnitionWebApp/src/main/home/temp/vis-gateway952897143193852704.jar
7f3ec5eb5000-7f3ec5ebd000 r--s 0009e000 08:06 657830                     /usr/local/development/dev-7-7/Ignition/IgnitionWebApp/src/main/home/temp/secsgem-gateway5594843992699902897.jar
7f3ec5ebd000-7f3ec60bd000 rw-p 00000000 00:00 0 
7f3ec62bf000-7f3ec62c2000 ---p 00000000 00:00 0 
7f3ec62c2000-7f3ec63c0000 rw-p 00000000 00:00 0 
7f3ec63c0000-7f3ec63c3000 ---p 00000000 00:00 0 
7f3ec63c3000-7f3ec64c1000 rw-p 00000000 00:00 0 
7f3ec64c1000-7f3ec64c4000 ---p 00000000 00:00 0 
7f3ec64c4000-7f3ec67c2000 rw-p 00000000 00:00 0                          [stack:12258]
7f3ec67c2000-7f3ec67d5000 r--s 00345000 08:06 20582253                   /usr/lib/jvm/jdk1.8.0_20/jre/lib/resources.jar
7f3ec67d5000-7f3ec67d8000 ---p 00000000 00:00 0 
7f3ec67d8000-7f3ec6ad7000 rw-p 00000000 00:00 0 
7f3ec6ad7000-7f3ec6ad8000 r--s 00002000 08:06 658870                     /usr/local/development/dev-7-7/Ignition/IgnitionWebApp/src/main/home/temp/vis-common6858906214208415205.jar
7f3ec6ad8000-7f3ec6ad9000 r--s 00004000 08:06 658859                     /usr/local/development/dev-7-7/Ignition/IgnitionWebApp/src/main/home/temp/secsgem-shared3540688254689582583.jar
7f3ec6ad9000-7f3ec6ada000 r--s 00000000 08:06 2365020                    /usr/local/development/dev-7-7/Ignition/IgnitionWebApp/target/ignition-webapp-7.7/WEB-INF/lib/xopc-common-2.7.2-20141104.213412-19.jar
7f3ec6ada000-7f3ec6af2000 r--s 000f7000 08:06 2365016                    /usr/local/development/dev-7-7/Ignition/IgnitionWebApp/target/ignition-webapp-7.7/WEB-INF/lib/xopc-2.7.2-20141104.213433-19.jar
7f3ec6af2000-7f3ec6aff000 r--s 000a0000 08:06 2365222                    /usr/local/development/dev-7-7/Ignition/IgnitionWebApp/target/ignition-webapp-7.7/WEB-INF/lib/winpack-3.8.3.jar
7f3ec6aff000-7f3ec6b09000 r--s 0005c000 08:06 2364945                    /usr/local/development/dev-7-7/Ignition/IgnitionWebApp/target/ignition-webapp-7.7/WEB-INF/lib/wicket-util-6.1.1.jar
7f3ec6b09000-7f3ec6b0c000 r--s 00012000 08:06 2364946                    /usr/local/development/dev-7-7/Ignition/IgnitionWebApp/target/ignition-webapp-7.7/WEB-INF/lib/wicket-request-6.1.1.jar
7f3ec6b0c000-7f3ec6b1e000 r--s 00138000 08:06 2364948                    /usr/local/development/dev-7-7/Ignition/IgnitionWebApp/target/ignition-webapp-7.7/WEB-INF/lib/wicket-extensions-6.1.1.jar
7f3ec6b1e000-7f3ec6b21000 r--s 00038000 08:06 2364947                    /usr/local/development/dev-7-7/Ignition/IgnitionWebApp/target/ignition-webapp-7.7/WEB-INF/lib/wicket-datetime-6.1.1.jar
7f3ec6b21000-7f3ec6b44000 r--s 001a3000 08:06 2364944                    /usr/local/development/dev-7-7/Ignition/IgnitionWebApp/target/ignition-webapp-7.7/WEB-INF/lib/wicket-core-6.1.1.jar
7f3ec6b44000-7f3ec6b46000 r--s 0012e000 08:06 2365207                    /usr/local/development/dev-7-7/Ignition/IgnitionWebApp/target/ignition-webapp-7.7/WEB-INF/lib/voice-cmu-slt-hsmm-5.0.jar
7f3ec6b46000-7f3ec6b47000 r--s 00006000 08:06 2365022                    /usr/local/development/dev-7-7/Ignition/IgnitionWebApp/target/ignition-webapp-7.7/WEB-INF/lib/user-manual-module-1.7.0-20131026.004611-6.jar
7f3ec6b47000-7f3ec6b48000 r--s 00268000 08:06 2365208                    /usr/local/development/dev-7-7/Ignition/IgnitionWebApp/target/ignition-webapp-7.7/WEB-INF/lib/ttsengine-ivona-2.7.2-20141104.214148-19.jar
7f3ec6b48000-7f3ec6b4b000 r--s 00017000 08:06 2365002                    /usr/local/development/dev-7-7/Ignition/IgnitionWebApp/target/ignition-webapp-7.7/WEB-INF/lib/timingframework-1.0.jar
7f3ec6b4b000-7f3ec6b4d000 r--s 00001000 08:06 2364734                    /usr/local/development/dev-7-7/Ignition/IgnitionWebApp/target/ignition-webapp-7.7/WEB-INF/lib/slf4j-log4j12-1.7.5.jar
7f3ec6b4d000-7f3ec6b4f000 r--s 00005000 08:06 2364733                    /usr/local/development/dev-7-7/Ignition/IgnitionWebApp/target/ignition-webapp-7.7/WEB-INF/lib/slf4j-api-1.7.5.jar
7f3ec6b4f000-7f3ec6b59000 r--s 00061000 08:06 2365204                    /usr/local/development/dev-7-7/Ignition/IgnitionWebApp/target/ignition-webapp-7.7/WEB-INF/lib/sip-notification-2.7.2-20141104.214142-19.jar
7f3ec6b59000-7f3ec6b5c000 r--s 0001f000 08:06 4198523                    /usr/local/development/dev-7-7/Ignition/IgnitionWebApp/target/ignition-webapp-7.7/WEB-INF/lib/simple-orm-7.7.2-SNAPSHOT.jar
7f3ec6b5c000-7f3ec6b5e000 r--s 00003000 08:06 2365213                    /usr/local/development/dev-7-7/Ignition/IgnitionWebApp/target/ignition-webapp-7.7/WEB-INF/lib/sfc-gateway-api-1.7.1-SNAPSHOT.jar
7f3ec6b5e000-7f3ec6b61000 r--s 00019000 08:06 2365212                    /usr/local/development/dev-7-7/Ignition/IgnitionWebApp/target/ignition-webapp-7.7/WEB-INF/lib/sfc-gateway-1.7.1-SNAPSHOT.jar
7f3ec6b61000-7f3ec6b64000 r--s 00016000 08:06 2365214                    /usr/local/development/dev-7-7/Ignition/IgnitionWebApp/target/ignition-webapp-7.7/WEB-INF/lib/sfc-common-1.7.1-SNAPSHOT.jar
7f3ec6b64000-7f3ec6b66000 r--s 0000f000 08:06 2365217                    /usr/local/development/dev-7-7/Ignition/IgnitionWebApp/target/ignition-webapp-7.7/WEB-INF/lib/serialio-8.7.0.jar
7f3ec6b66000-7f3ec6b68000 r--s 00028000 08:06 2365215                    /usr/local/development/dev-7-7/Ignition/IgnitionWebApp/target/ignition-webapp-7.7/WEB-INF/lib/serial-support-gateway-2.7.2-20141104.214033-19.jar
7f3ec6b68000-7f3ec6b6a000 r--s 00002000 08:06 2365216                    /usr/local/development/dev-7-7/Ignition/IgnitionWebApp/target/ignition-webapp-7.7/WEB-INF/lib/serial-support-common-2.7.2-20141104.214027-19.jar
7f3ec6b6a000-7f3ec6b6f000 r--s 0003e000 08:06 2364955                    /usr/local/development/dev-7-7/Ignition/IgnitionWebApp/target/ignition-webapp-7.7/WEB-INF/lib/saaj-impl-1.3.jar
7f3ec6b6f000-7f3ec6b71000 r--s 00003000 08:06 2364956                    /usr/local/development/dev-7-7/Ignition/IgnitionWebApp/target/ignition-webapp-7.7/WEB-INF/lib/saaj-api-1.3.jar
7f3ec6b71000-7f3ec6b7b000 r--s 0005c000 08:06 2365219                    /usr/local/development/dev-7-7/Ignition/IgnitionWebApp/target/ignition-webapp-7.7/WEB-INF/lib/opccom-gateway-2.7.2-20141104.213642-1.jar
7f3ec6b7b000-7f3ec6b7c000 r--s 00001000 08:06 2365218                    /usr/local/development/dev-7-7/Ignition/IgnitionWebApp/target/ignition-webapp-7.7/WEB-INF/lib/opccom-common-2.7.2-20141104.213635-1.jar
7f3ec6b7c000-7f3ec6b81000 r--s 00086000 08:06 2365210                    /usr/local/development/dev-7-7/Ignition/IgnitionWebApp/target/ignition-webapp-7.7/WEB-INF/lib/mobile-gateway-2.7.2-20141104.213623-19.jar
7f3ec6b81000-7f3ec6b83000 r--s 00002000 08:06 2365211                    /usr/local/development/dev-7-7/Ignition/IgnitionWebApp/target/ignition-webapp-7.7/WEB-INF/lib/mobile-common-2.7.2-20141104.213605-19.jar
7f3ec6b83000-7f3ec6b84000 r--s 00003000 08:06 2365006                    /usr/local/development/dev-7-7/Ignition/IgnitionWebApp/target/ignition-webapp-7.7/WEB-INF/lib/miglayout-swing-4.2.jar
7f3ec6b84000-7f3ec6b86000 r--s 0000f000 08:06 2365007                    /usr/local/development/dev-7-7/Ignition/IgnitionWebApp/target/ignition-webapp-7.7/WEB-INF/lib/miglayout-core-4.2.jar
7f3ec6b86000-7f3ec6b89000 r--s 00012000 08:06 2364935                    /usr/local/development/dev-7-7/Ignition/IgnitionWebApp/target/ignition-webapp-7.7/WEB-INF/lib/metrics-core-3.0.1.jar
7f3ec6b89000-7f3ec6bf8000 r--s 007bb000 08:06 2365205                    /usr/local/development/dev-7-7/Ignition/IgnitionWebApp/target/ignition-webapp-7.7/WEB-INF/lib/marytts-server-5.0.jar
7f3ec6bf8000-7f3ec6bfb000 r--s 0069c000 08:06 2365206                    /usr/local/development/dev-7-7/Ignition/IgnitionWebApp/target/ignition-webapp-7.7/WEB-INF/lib/marytts-lang-en-5.0.jar
7f3ec6bfb000-7f3ec6c03000 r--s 00075000 08:06 2364951                    /usr/local/development/dev-7-7/Ignition/IgnitionWebApp/target/ignition-webapp-7.7/WEB-INF/lib/mail-1.4.5.jar
7f3ec6c03000-7f3ec6c0a000 r--s 00059000 08:06 2364732                    /usr/local/development/dev-7-7/Ignition/IgnitionWebApp/target/ignition-webapp-7.7/WEB-INF/lib/log4j-1.2.15.jar
7f3ec6c0a000-7f3ec6ca7000 r--s 0082e000 08:06 2364728                    /usr/local/development/dev-7-7/Ignition/IgnitionWebApp/target/ignition-webapp-7.7/WEB-INF/lib/jython-2.5.3-guava-upgrade.jar
7f3ec6ca7000-7f3ec6ca8000 r--s 00001000 08:06 2364765                    /usr/local/development/dev-7-7/Ignition/IgnitionWebApp/target/ignition-webapp-7.7/WEB-INF/lib/jul-to-slf4j-1.7.5.jar
7f3ec6ca8000-7f3ec6cae000 r--s 00036000 08:06 2364949                    /usr/local/development/dev-7-7/Ignition/IgnitionWebApp/target/ignition-webapp-7.7/WEB-INF/lib/jquery-ui-core-6.1.0.jar
7f3ec6cae000-7f3ec6cbd000 r--s 0007c000 08:06 2364936                    /usr/local/development/dev-7-7/Ignition/IgnitionWebApp/target/ignition-webapp-7.7/WEB-INF/lib/joda-time-2.0.jar
7f3ec6cbd000-7f3ec6cc1000 r--s 00037000 08:06 2365221                    /usr/local/development/dev-7-7/Ignition/IgnitionWebApp/target/ignition-webapp-7.7/WEB-INF/lib/jniwrap-3.8.3.jar
7f3ec6cc1000-7f3ec6cc3000 r--s 00011000 08:06 2365015                    /usr/local/development/dev-7-7/Ignition/IgnitionWebApp/target/ignition-webapp-7.7/WEB-INF/lib/jide-shortcut-3.5.13.jar
7f3ec6cc3000-7f3ec6cc7000 r--s 00022000 08:06 2365010                    /usr/local/development/dev-7-7/Ignition/IgnitionWebApp/target/ignition-webapp-7.7/WEB-INF/lib/jide-plaf-3.5.13.jar
7f3ec6cc7000-7f3ec6ced000 r--s 001da000 08:06 2365009                    /usr/local/development/dev-7-7/Ignition/IgnitionWebApp/target/ignition-webapp-7.7/WEB-INF/lib/jide-grids-3.5.13.jar
7f3ec6ced000-7f3ec6cf7000 r--s 00061000 08:06 2365014                    /usr/local/development/dev-7-7/Ignition/IgnitionWebApp/target/ignition-webapp-7.7/WEB-INF/lib/jide-editor-3.5.13.jar
7f3ec6cf7000-7f3ec6cfd000 r--s 0004f000 08:06 2365013                    /usr/local/development/dev-7-7/Ignition/IgnitionWebApp/target/ignition-webapp-7.7/WEB-INF/lib/jide-dock-3.5.13.jar
7f3ec6cfd000-7f3ec6cff000 r--s 0000c000 08:06 2365012                    /usr/local/development/dev-7-7/Ignition/IgnitionWebApp/target/ignition-webapp-7.7/WEB-INF/lib/jide-dialogs-3.5.13.jar
7f3ec6cff000-7f3ec6d07000 r--s 00055000 08:06 2365008                    /usr/local/development/dev-7-7/Ignition/IgnitionWebApp/target/ignition-webapp-7.7/WEB-INF/lib/jide-components-3.5.13.jar
7f3ec6d07000-7f3ec6d24000 r--s 00155000 08:06 2364766                    /usr/local/development/dev-7-7/Ignition/IgnitionWebApp/target/ignition-webapp-7.7/WEB-INF/lib/jide-common-3.5.13.jar
7f3ec6d24000-7f3ec6d29000 r--s 0002f000 08:06 2365011                    /usr/local/development/dev-7-7/Ignition/IgnitionWebApp/target/ignition-webapp-7.7/WEB-INF/lib/jide-action-3.5.13.jar
7f3ec6d29000-7f3ec6d3d000 r--s 0017c000 08:06 2365004                    /usr/local/development/dev-7-7/Ignition/IgnitionWebApp/target/ignition-webapp-7.7/WEB-INF/lib/jfreechart-min-1.0.0.jar
7f3ec6d3d000-7f3ec6d3f000 r--s 00004000 08:06 2364991                    /usr/local/development/dev-7-7/Ignition/IgnitionWebApp/target/ignition-webapp-7.7/WEB-INF/lib/jaxrpc-spi-1.1.3_01.jar
7f3ec6d3f000-7f3ec6d5c000 r--s 001ea000 08:06 2364953                    /usr/local/development/dev-7-7/Ignition/IgnitionWebApp/target/ignition-webapp-7.7/WEB-INF/lib/jaxrpc-impl-1.1.3_01.jar
7f3ec6d5c000-7f3ec6d5e000 r--s 00005000 08:06 2364954                    /usr/local/development/dev-7-7/Ignition/IgnitionWebApp/target/ignition-webapp-7.7/WEB-INF/lib/jaxrpc-api-1.1.jar
7f3ec6d5e000-7f3ec6d60000 r--s 00013000 08:06 2364730                    /usr/local/development/dev-7-7/Ignition/IgnitionWebApp/target/ignition-webapp-7.7/WEB-INF/lib/java-cup-10k.jar
7f3ec6d60000-7f3ec6d61000 r--s 00003000 08:06 2365209                    /usr/local/development/dev-7-7/Ignition/IgnitionWebApp/target/ignition-webapp-7.7/WEB-INF/lib/ivonatts-1.0.0.jar
7f3ec6d61000-7f3ec6d63000 r--s 00001000 08:06 2365019                    /usr/local/development/dev-7-7/Ignition/IgnitionWebApp/target/ignition-webapp-7.7/WEB-INF/lib/io-session-3.0.0-20130122.214435-9.jar
7f3ec6d63000-7f3ec6d6e000 r--s 00073000 08:06 2365018                    /usr/local/development/dev-7-7/Ignition/IgnitionWebApp/target/ignition-webapp-7.7/WEB-INF/lib/ia-opcua-2.7.2-20141104.213404-19.jar
7f3ec6d6e000-7f3ec6d7c000 r--s 0014e000 08:06 2364950                    /usr/local/development/dev-7-7/Ignition/IgnitionWebApp/target/ignition-webapp-7.7/WEB-INF/lib/hsqldb-2.2.9.jar
7f3ec6d7c000-7f3ec6d7d000 r--s 00001000 08:06 2365000                    /usr/local/development/dev-7-7/Ignition/IgnitionWebApp/target/ignition-webapp-7.7/WEB-INF/lib/hasp-srm-api-1.0.0.jar
7f3ec6d7d000-7f3ec6da1000 r--s 001aa000 08:06 2364726                    /usr/local/development/dev-7-7/Ignition/IgnitionWebApp/target/ignition-webapp-7.7/WEB-INF/lib/guava-13.0.1.jar
7f3ec6da1000-7f3ec6dc6000 r--s 00155000 08:06 4198538                    /usr/local/development/dev-7-7/Ignition/IgnitionWebApp/target/ignition-webapp-7.7/WEB-INF/lib/gateway-api-7.7.2-SNAPSHOT.jar
7f3ec6dc6000-7f3ec6dfb000 r--s 00273000 08:06 4198524                    /usr/local/development/dev-7-7/Ignition/IgnitionWebApp/target/ignition-webapp-7.7/WEB-INF/lib/gateway-7.7.2-SNAPSHOT.jar
7f3ec6dfb000-7f3ec6dff000 r--s 00016000 08:06 2365023                    /usr/local/development/dev-7-7/Ignition/IgnitionWebApp/target/ignition-webapp-7.7/WEB-INF/lib/fsql-common-6.7.2-20141104.213458-19.jar
7f3ec6dff000-7f3ec6e07000 r--s 001ca000 08:06 2365024                    /usr/local/development/dev-7-7/Ignition/IgnitionWebApp/target/ignition-webapp-7.7/WEB-INF/lib/fsql-6.7.2-20141104.213508-19.jar
7f3ec6e07000-7f3ec6e0b000 r--s 000be000 08:06 4198129                    /usr/local/development/dev-7-7/Ignition/IgnitionWebApp/target/ignition-webapp-7.7/WEB-INF/lib/fpmi-gateway-7.7.2-SNAPSHOT.jar
7f3ec6e0b000-7f3ec6e0c000 r--s 00001000 08:06 4198528                    /usr/local/development/dev-7-7/Ignition/IgnitionWebApp/target/ignition-webapp-7.7/WEB-INF/lib/fpmi-common-7.7.2-SNAPSHOT.jar
7f3ec6e0c000-7f3ec6e13000 r--s 0002f000 08:06 2365017                    /usr/local/development/dev-7-7/Ignition/IgnitionWebApp/target/ignition-webapp-7.7/WEB-INF/lib/driver-api-2.7.2-20141104.213410-19.jar
7f3ec6e13000-7f3ec6e69000 r--s 00512000 08:06 4198539                    /usr/local/development/dev-7-7/Ignition/IgnitionWebApp/target/ignition-webapp-7.7/WEB-INF/lib/designer-7.7.2-SNAPSHOT.jar
7f3ec6e69000-7f3ec6e9a000 r--s 001ea000 08:06 4198540                    /usr/local/development/dev-7-7/Ignition/IgnitionWebApp/target/ignition-webapp-7.7/WEB-INF/lib/common-7.7.2-SNAPSHOT.jar
7f3ec6e9a000-7f3ec6e9d000 ---p 00000000 00:00 0 
7f3ec6e9d000-7f3ec719b000 rw-p 00000000 00:00 0 
7f3ec719b000-7f3ec719e000 ---p 00000000 00:00 0 
7f3ec719e000-7f3ec729c000 rw-p 00000000 00:00 0                          [stack:12224]
7f3ec729c000-7f3ec729f000 ---p 00000000 00:00 0 
7f3ec729f000-7f3ec739d000 rw-p 00000000 00:00 0                          [stack:12223]
7f3ec739d000-7f3ec73a0000 ---p 00000000 00:00 0 
7f3ec73a0000-7f3ec749e000 rw-p 00000000 00:00 0                          [stack:12222]
7f3ec749e000-7f3ec74a1000 ---p 00000000 00:00 0 
7f3ec74a1000-7f3ec759f000 rw-p 00000000 00:00 0                          [stack:12221]
7f3ec759f000-7f3ec75a2000 ---p 00000000 00:00 0 
7f3ec75a2000-7f3ec76a0000 rw-p 00000000 00:00 0                          [stack:12220]
7f3ec76a0000-7f3ec76a3000 ---p 00000000 00:00 0 
7f3ec76a3000-7f3ec77a1000 rw-p 00000000 00:00 0                          [stack:12219]
7f3ec77a1000-7f3ec77b7000 r-xp 00000000 08:06 15602357                   /lib/x86_64-linux-gnu/libgcc_s.so.1
7f3ec77b7000-7f3ec79b6000 ---p 00016000 08:06 15602357                   /lib/x86_64-linux-gnu/libgcc_s.so.1
7f3ec79b6000-7f3ec79b7000 rw-p 00015000 08:06 15602357                   /lib/x86_64-linux-gnu/libgcc_s.so.1
7f3ec79b7000-7f3ec79e9000 r-xp 00000000 08:06 20582265                   /usr/lib/jvm/jdk1.8.0_20/jre/lib/amd64/libsunec.so
7f3ec79e9000-7f3ec7be8000 ---p 00032000 08:06 20582265                   /usr/lib/jvm/jdk1.8.0_20/jre/lib/amd64/libsunec.so
7f3ec7be8000-7f3ec7bee000 rw-p 00031000 08:06 20582265                   /usr/lib/jvm/jdk1.8.0_20/jre/lib/amd64/libsunec.so
7f3ec7bee000-7f3ec7dfe000 rw-p 00000000 00:00 0 
7f3ec7dfe000-7f3ec7e01000 ---p 00000000 00:00 0 
7f3ec7e01000-7f3ec7eff000 rw-p 00000000 00:00 0                          [stack:12216]
7f3ec7eff000-7f3ec7f02000 ---p 00000000 00:00 0 
7f3ec7f02000-7f3ec8000000 rw-p 00000000 00:00 0                          [stack:12329]
7f3ec8000000-7f3ec8021000 rw-p 00000000 00:00 0 
7f3ec8021000-7f3ecc000000 ---p 00000000 00:00 0 
7f3ecc000000-7f3ecc003000 r--s 00013000 08:06 2365003                    /usr/local/development/dev-7-7/Ignition/IgnitionWebApp/target/ignition-webapp-7.7/WEB-INF/lib/forms-1.0.7.jar
7f3ecc003000-7f3ecc005000 r--s 00003000 08:06 2365021                    /usr/local/development/dev-7-7/Ignition/IgnitionWebApp/target/ignition-webapp-7.7/WEB-INF/lib/drivers-common-2.7.2-20141104.213438-19.jar
7f3ecc005000-7f3ecc007000 r--s 00007000 08:06 2364731                    /usr/local/development/dev-7-7/Ignition/IgnitionWebApp/target/ignition-webapp-7.7/WEB-INF/lib/cron4j-2.2.3.jar
7f3ecc007000-7f3ecc00e000 r--s 00054000 08:06 2364729                    /usr/local/development/dev-7-7/Ignition/IgnitionWebApp/target/ignition-webapp-7.7/WEB-INF/lib/core-1.7.jar
7f3ecc00e000-7f3ecc011000 r--s 00013000 08:06 2364999                    /usr/local/development/dev-7-7/Ignition/IgnitionWebApp/target/ignition-webapp-7.7/WEB-INF/lib/commons-pool-1.4.jar
7f3ecc011000-7f3ecc013000 r--s 0000d000 08:06 2364941                    /usr/local/development/dev-7-7/Ignition/IgnitionWebApp/target/ignition-webapp-7.7/WEB-INF/lib/commons-logging-1.1.1.jar
7f3ecc013000-7f3ecc019000 r--s 00048000 08:06 2364723                    /usr/local/development/dev-7-7/Ignition/IgnitionWebApp/target/ignition-webapp-7.7/WEB-INF/lib/commons-lang3-3.1.jar
7f3ecc019000-7f3ecc01b000 r--s 0000e000 08:06 2364942                    /usr/local/development/dev-7-7/Ignition/IgnitionWebApp/target/ignition-webapp-7.7/WEB-INF/lib/commons-lang-1.0.jar
7f3ecc01b000-7f3ecc01e000 r--s 00025000 08:06 2364722                    /usr/local/development/dev-7-7/Ignition/IgnitionWebApp/target/ignition-webapp-7.7/WEB-INF/lib/commons-io-2.1.jar
7f3ecc01e000-7f3ecc021000 r--s 0000f000 08:06 2364997                    /usr/local/development/dev-7-7/Ignition/IgnitionWebApp/target/ignition-webapp-7.7/WEB-INF/lib/commons-discovery-0.2.jar
7f3ecc021000-7f3ecc023000 r--s 0001c000 08:06 2364998                    /usr/local/development/dev-7-7/Ignition/IgnitionWebApp/target/ignition-webapp-7.7/WEB-INF/lib/commons-dbcp-1.2.2.jar
7f3ecc023000-7f3ecc025000 r--s 00006000 08:06 2364940                    /usr/local/development/dev-7-7/Ignition/IgnitionWebApp/target/ignition-webapp-7.7/WEB-INF/lib/commons-cli-1.0.jar
7f3ecc025000-7f3ecc032000 r--s 00084000 08:06 2365220                    /usr/local/development/dev-7-7/Ignition/IgnitionWebApp/target/ignition-webapp-7.7/WEB-INF/lib/comfyj-2.9.jar
7f3ecc032000-7f3ecc037000 r--s 00030000 08:06 4198529                    /usr/local/development/dev-7-7/Ignition/IgnitionWebApp/target/ignition-webapp-7.7/WEB-INF/lib/client-bootstrap-7.7.2-SNAPSHOT.jar
7f3ecc037000-7f3ecc05d000 r--s 001be000 08:06 4198525                    /usr/local/development/dev-7-7/Ignition/IgnitionWebApp/target/ignition-webapp-7.7/WEB-INF/lib/client-api-7.7.2-SNAPSHOT.jar
7f3ecc05d000-7f3ecc05e000 r--s 00004000 08:06 4198527                    /usr/local/development/dev-7-7/Ignition/IgnitionWebApp/target/ignition-webapp-7.7/WEB-INF/lib/bootstrap-7.7.2-SNAPSHOT-classes.jar
7f3ecc05e000-7f3ecc086000 r--s 00196000 08:06 2364727                    /usr/local/development/dev-7-7/Ignition/IgnitionWebApp/target/ignition-webapp-7.7/WEB-INF/lib/bcprov-jdk16-unsigned-1.46-unsigned.jar
7f3ecc086000-7f3ecc08b000 r--s 0003e000 08:06 2364938                    /usr/local/development/dev-7-7/Ignition/IgnitionWebApp/target/ignition-webapp-7.7/WEB-INF/lib/barcode4j-2.1.jar
7f3ecc08b000-7f3ecc08e000 r--s 0001c000 08:06 2364996                    /usr/local/development/dev-7-7/Ignition/IgnitionWebApp/target/ignition-webapp-7.7/WEB-INF/lib/axis-wsdl4j-1.5.1.jar
7f3ecc08e000-7f3ecc08f000 r--s 00004000 08:06 2364995                    /usr/local/development/dev-7-7/Ignition/IgnitionWebApp/target/ignition-webapp-7.7/WEB-INF/lib/axis-saaj-1.4.jar
7f3ecc08f000-7f3ecc091000 r--s 00006000 08:06 2364994                    /usr/local/development/dev-7-7/Ignition/IgnitionWebApp/target/ignition-webapp-7.7/WEB-INF/lib/axis-jaxrpc-1.4.jar
7f3ecc091000-7f3ecc0a5000 r--s 00173000 08:06 2364993                    /usr/local/development/dev-7-7/Ignition/IgnitionWebApp/target/ignition-webapp-7.7/WEB-INF/lib/axis-1.4.jar
7f3ecc0a5000-7f3ecc0a7000 r--s 0000d000 08:06 2364939                    /usr/local/development/dev-7-7/Ignition/IgnitionWebApp/target/ignition-webapp-7.7/WEB-INF/lib/avalon-framework-impl-4.2.0.jar
7f3ecc0a7000-7f3ecc0af000 r--s 00049000 08:06 2365005                    /usr/local/development/dev-7-7/Ignition/IgnitionWebApp/target/ignition-webapp-7.7/WEB-INF/lib/alloy-1.4.4.ia1.jar
7f3ecc0af000-7f3ecc0b1000 r--s 00003000 08:06 2365026                    /usr/local/development/dev-7-7/Ignition/IgnitionWebApp/target/ignition-webapp-7.7/WEB-INF/lib/alarm-notification-gateway-api-2.7.2-20141104.214105-19.jar
7f3ecc0b1000-7f3ecc0b7000 r--s 00032000 08:06 2365025                    /usr/local/development/dev-7-7/Ignition/IgnitionWebApp/target/ignition-webapp-7.7/WEB-INF/lib/alarm-notification-gateway-2.7.2-20141104.214111-19.jar
7f3ecc0b7000-7f3ecc0bc000 r-xp 00000000 08:06 15211194                   /usr/lib/x86_64-linux-gnu/libXdmcp.so.6.0.0
7f3ecc0bc000-7f3ecc2bb000 ---p 00005000 08:06 15211194                   /usr/lib/x86_64-linux-gnu/libXdmcp.so.6.0.0
7f3ecc2bb000-7f3ecc2bc000 r--p 00004000 08:06 15211194                   /usr/lib/x86_64-linux-gnu/libXdmcp.so.6.0.0
7f3ecc2bc000-7f3ecc2bd000 rw-p 00005000 08:06 15211194                   /usr/lib/x86_64-linux-gnu/libXdmcp.so.6.0.0
7f3ecc2bd000-7f3ecc2bf000 r-xp 00000000 08:06 15211183                   /usr/lib/x86_64-linux-gnu/libXau.so.6.0.0
7f3ecc2bf000-7f3ecc4bf000 ---p 00002000 08:06 15211183                   /usr/lib/x86_64-linux-gnu/libXau.so.6.0.0
7f3ecc4bf000-7f3ecc4c0000 r--p 00002000 08:06 15211183                   /usr/lib/x86_64-linux-gnu/libXau.so.6.0.0
7f3ecc4c0000-7f3ecc4c1000 rw-p 00003000 08:06 15211183                   /usr/lib/x86_64-linux-gnu/libXau.so.6.0.0
7f3ecc4c1000-7f3ecc4de000 r-xp 00000000 08:06 15212358                   /usr/lib/x86_64-linux-gnu/libxcb.so.1.1.0
7f3ecc4de000-7f3ecc6de000 ---p 0001d000 08:06 15212358                   /usr/lib/x86_64-linux-gnu/libxcb.so.1.1.0
7f3ecc6de000-7f3ecc6df000 r--p 0001d000 08:06 15212358                   /usr/lib/x86_64-linux-gnu/libxcb.so.1.1.0
7f3ecc6df000-7f3ecc6e0000 rw-p 0001e000 08:06 15212358                   /usr/lib/x86_64-linux-gnu/libxcb.so.1.1.0
7f3ecc6e0000-7f3ecc6ef000 r-xp 00000000 08:06 15211204                   /usr/lib/x86_64-linux-gnu/libXi.so.6.1.0
7f3ecc6ef000-7f3ecc8ee000 ---p 0000f000 08:06 15211204                   /usr/lib/x86_64-linux-gnu/libXi.so.6.1.0
7f3ecc8ee000-7f3ecc8ef000 r--p 0000e000 08:06 15211204                   /usr/lib/x86_64-linux-gnu/libXi.so.6.1.0
7f3ecc8ef000-7f3ecc8f0000 rw-p 0000f000 08:06 15211204                   /usr/lib/x86_64-linux-gnu/libXi.so.6.1.0
7f3ecc8f0000-7f3ecc8f5000 r-xp 00000000 08:06 15211222                   /usr/lib/x86_64-linux-gnu/libXtst.so.6.1.0
7f3ecc8f5000-7f3eccaf4000 ---p 00005000 08:06 15211222                   /usr/lib/x86_64-linux-gnu/libXtst.so.6.1.0
7f3eccaf4000-7f3eccaf5000 r--p 00004000 08:06 15211222                   /usr/lib/x86_64-linux-gnu/libXtst.so.6.1.0
7f3eccaf5000-7f3eccaf6000 rw-p 00005000 08:06 15211222                   /usr/lib/x86_64-linux-gnu/libXtst.so.6.1.0
7f3eccaf6000-7f3eccaff000 r-xp 00000000 08:06 15211216                   /usr/lib/x86_64-linux-gnu/libXrender.so.1.3.0
7f3eccaff000-7f3ecccfe000 ---p 00009000 08:06 15211216                   /usr/lib/x86_64-linux-gnu/libXrender.so.1.3.0
7f3ecccfe000-7f3ecccff000 r--p 00008000 08:06 15211216                   /usr/lib/x86_64-linux-gnu/libXrender.so.1.3.0
7f3ecccff000-7f3eccd00000 rw-p 00009000 08:06 15211216                   /usr/lib/x86_64-linux-gnu/libXrender.so.1.3.0
7f3eccd00000-7f3ecce30000 r-xp 00000000 08:06 15211179                   /usr/lib/x86_64-linux-gnu/libX11.so.6.3.0
7f3ecce30000-7f3ecd030000 ---p 00130000 08:06 15211179                   /usr/lib/x86_64-linux-gnu/libX11.so.6.3.0
7f3ecd030000-7f3ecd031000 r--p 00130000 08:06 15211179                   /usr/lib/x86_64-linux-gnu/libX11.so.6.3.0
7f3ecd031000-7f3ecd035000 rw-p 00131000 08:06 15211179                   /usr/lib/x86_64-linux-gnu/libX11.so.6.3.0
7f3ecd035000-7f3ecd046000 r-xp 00000000 08:06 15211196                   /usr/lib/x86_64-linux-gnu/libXext.so.6.4.0
7f3ecd046000-7f3ecd245000 ---p 00011000 08:06 15211196                   /usr/lib/x86_64-linux-gnu/libXext.so.6.4.0
7f3ecd245000-7f3ecd246000 r--p 00010000 08:06 15211196                   /usr/lib/x86_64-linux-gnu/libXext.so.6.4.0
7f3ecd246000-7f3ecd247000 rw-p 00011000 08:06 15211196                   /usr/lib/x86_64-linux-gnu/libXext.so.6.4.0
7f3ecd247000-7f3ecd249000 r--s 00004000 08:06 2365027                    /usr/local/development/dev-7-7/Ignition/IgnitionWebApp/target/ignition-webapp-7.7/WEB-INF/lib/alarm-notification-common-2.7.2-20141104.214053-19.jar
7f3ecd249000-7f3ecd253000 r--s 00036000 08:06 2365203                    /usr/local/development/dev-7-7/Ignition/IgnitionWebApp/target/ignition-webapp-7.7/WEB-INF/lib/airlink-sms-notification-2.7.2-20141104.214125-19.jar
7f3ecd253000-7f3ecd25c000 r--s 00069000 08:06 2365223                    /usr/local/development/dev-7-7/Ignition/IgnitionWebApp/target/ignition-webapp-7.7/WEB-INF/lib/ab-drivers-1.7.0-20131026.004154-8.jar
7f3ecd25c000-7f3ecd261000 r--s 0003c000 08:06 2364992                    /usr/local/development/dev-7-7/Ignition/IgnitionWebApp/target/ignition-webapp-7.7/WEB-INF/lib/FastInfoset-1.0.2.jar
7f3ecd261000-7f3ecd266000 r--s 002f8000 08:06 20582247                   /usr/lib/jvm/jdk1.8.0_20/jre/lib/charsets.jar
7f3ecd266000-7f3ecd2ba000 r-xp 00000000 08:06 20582307                   /usr/lib/jvm/jdk1.8.0_20/jre/lib/amd64/libawt_xawt.so
7f3ecd2ba000-7f3ecd4ba000 ---p 00054000 08:06 20582307                   /usr/lib/jvm/jdk1.8.0_20/jre/lib/amd64/libawt_xawt.so
7f3ecd4ba000-7f3ecd4be000 rw-p 00054000 08:06 20582307                   /usr/lib/jvm/jdk1.8.0_20/jre/lib/amd64/libawt_xawt.so
7f3ecd4be000-7f3ecd4bf000 rw-p 00000000 00:00 0 
7f3ecd4bf000-7f3ecd561000 r-xp 00000000 08:06 20582293                   /usr/lib/jvm/jdk1.8.0_20/jre/lib/amd64/libawt.so
7f3ecd561000-7f3ecd761000 ---p 000a2000 08:06 20582293                   /usr/lib/jvm/jdk1.8.0_20/jre/lib/amd64/libawt.so
7f3ecd761000-7f3ecd76d000 rw-p 000a2000 08:06 20582293                   /usr/lib/jvm/jdk1.8.0_20/jre/lib/amd64/libawt.so
7f3ecd76d000-7f3ecd791000 rw-p 00000000 00:00 0 
7f3ecd791000-7f3ecd794000 ---p 00000000 00:00 0 
7f3ecd794000-7f3ecd892000 rw-p 00000000 00:00 0 
7f3ecd892000-7f3ecd895000 ---p 00000000 00:00 0 
7f3ecd895000-7f3ecd993000 rw-p 00000000 00:00 0                          [stack:12213]
7f3ecd993000-7f3ecd996000 ---p 00000000 00:00 0 
7f3ecd996000-7f3ecda94000 rw-p 00000000 00:00 0                          [stack:12211]
7f3ecda94000-7f3ecda97000 ---p 00000000 00:00 0 
7f3ecda97000-7f3ecdb95000 rw-p 00000000 00:00 0 
7f3ecdb95000-7f3ecdbb1000 r--s 00393000 08:06 1185783                    /usr/lib/jvm/jdk1.8.0_20/jre/lib/ext/cldrdata.jar
7f3ecdbb1000-7f3ecddb1000 rw-p 00000000 00:00 0 
7f3ecddb1000-7f3ecddb2000 ---p 00000000 00:00 0 
7f3ecddb2000-7f3ecdeb2000 rw-p 00000000 00:00 0                          [stack:12208]
7f3ecdeb2000-7f3ecdeb5000 ---p 00000000 00:00 0 
7f3ecdeb5000-7f3ecdfb3000 rw-p 00000000 00:00 0                          [stack:12207]
7f3ecdfb3000-7f3ecdfb6000 ---p 00000000 00:00 0 
7f3ecdfb6000-7f3ece0b4000 rw-p 00000000 00:00 0                          [stack:12206]
7f3ece0b4000-7f3ece0b7000 ---p 00000000 00:00 0 
7f3ece0b7000-7f3ece1b5000 rw-p 00000000 00:00 0                          [stack:12205]
7f3ece1b5000-7f3ece1c6000 r-xp 00000000 08:06 20582303                   /usr/lib/jvm/jdk1.8.0_20/jre/lib/amd64/libnio.so
7f3ece1c6000-7f3ece3c5000 ---p 00011000 08:06 20582303                   /usr/lib/jvm/jdk1.8.0_20/jre/lib/amd64/libnio.so
7f3ece3c5000-7f3ece3c6000 rw-p 00010000 08:06 20582303                   /usr/lib/jvm/jdk1.8.0_20/jre/lib/amd64/libnio.so
7f3ece3c6000-7f3ece3dc000 r-xp 00000000 08:06 20582300                   /usr/lib/jvm/jdk1.8.0_20/jre/lib/amd64/libnet.so
7f3ece3dc000-7f3ece5dc000 ---p 00016000 08:06 20582300                   /usr/lib/jvm/jdk1.8.0_20/jre/lib/amd64/libnet.so
7f3ece5dc000-7f3ece5dd000 rw-p 00016000 08:06 20582300                   /usr/lib/jvm/jdk1.8.0_20/jre/lib/amd64/libnet.so
7f3ece5dd000-7f3ece5e5000 r-xp 00000000 08:06 20582308                   /usr/lib/jvm/jdk1.8.0_20/jre/lib/amd64/libmanagement.so
7f3ece5e5000-7f3ece7e5000 ---p 00008000 08:06 20582308                   /usr/lib/jvm/jdk1.8.0_20/jre/lib/amd64/libmanagement.so
7f3ece7e5000-7f3ece7e6000 rw-p 00008000 08:06 20582308                   /usr/lib/jvm/jdk1.8.0_20/jre/lib/amd64/libmanagement.so
7f3ece7e6000-7f3ece7e9000 ---p 00000000 00:00 0 
7f3ece7e9000-7f3ece8e7000 rw-p 00000000 00:00 0                          [stack:12204]
7f3ece8e7000-7f3ece8ea000 ---p 00000000 00:00 0 
7f3ece8ea000-7f3ece9e8000 rw-p 00000000 00:00 0                          [stack:12203]
7f3ece9e8000-7f3ece9eb000 ---p 00000000 00:00 0 
7f3ece9eb000-7f3eceae9000 rw-p 00000000 00:00 0                          [stack:12202]
7f3eceae9000-7f3eceaec000 ---p 00000000 00:00 0 
7f3eceaec000-7f3ecebea000 rw-p 00000000 00:00 0                          [stack:12201]
7f3ecebea000-7f3ecebed000 ---p 00000000 00:00 0 
7f3ecebed000-7f3ececeb000 rw-p 00000000 00:00 0                          [stack:12200]
7f3ececeb000-7f3ececee000 ---p 00000000 00:00 0 
7f3ececee000-7f3ecedec000 rw-p 00000000 00:00 0 
7f3ecedec000-7f3ecedef000 ---p 00000000 00:00 0 
7f3ecedef000-7f3eceeed000 rw-p 00000000 00:00 0                          [stack:12198]
7f3eceeed000-7f3eceef0000 ---p 00000000 00:00 0 
7f3eceef0000-7f3ecefee000 rw-p 00000000 00:00 0 
7f3ecefee000-7f3eceff2000 r-xp 00000000 08:06 20582275                   /usr/lib/jvm/jdk1.8.0_20/jre/lib/amd64/libdt_socket.so
7f3eceff2000-7f3ecf1f1000 ---p 00004000 08:06 20582275                   /usr/lib/jvm/jdk1.8.0_20/jre/lib/amd64/libdt_socket.so
7f3ecf1f1000-7f3ecf1f2000 rw-p 00003000 08:06 20582275                   /usr/lib/jvm/jdk1.8.0_20/jre/lib/amd64/libdt_socket.so
7f3ecf1f2000-7f3ecf1f5000 ---p 00000000 00:00 0 
7f3ecf1f5000-7f3ecf2f3000 rw-p 00000000 00:00 0                          [stack:12194]
7f3ecf2f3000-7f3ecf2f6000 ---p 00000000 00:00 0 
7f3ecf2f6000-7f3ecf3f4000 rw-p 00000000 00:00 0                          [stack:12193]
7f3ecf3f4000-7f3ecf3f7000 ---p 00000000 00:00 0 
7f3ecf3f7000-7f3ecf4f5000 rw-p 00000000 00:00 0                          [stack:12192]
7f3ecf4f5000-7f3ecf4f6000 ---p 00000000 00:00 0 
7f3ecf4f6000-7f3ed0000000 rw-p 00000000 00:00 0                          [stack:12191]
7f3ed0000000-7f3ed0021000 rw-p 00000000 00:00 0 
7f3ed0021000-7f3ed4000000 ---p 00000000 00:00 0 
7f3ed4000000-7f3ed4002000 r--s 0000d000 08:06 2365001                    /usr/local/development/dev-7-7/Ignition/IgnitionWebApp/target/ignition-webapp-7.7/WEB-INF/lib/activation-ws-1.0.0.jar
7f3ed4002000-7f3ed4004000 r--s 0000e000 08:06 2364952                    /usr/local/development/dev-7-7/Ignition/IgnitionWebApp/target/ignition-webapp-7.7/WEB-INF/lib/activation-1.1.jar
7f3ed4004000-7f3ed4009000 r--s 0003f000 08:06 1185790                    /usr/lib/jvm/jdk1.8.0_20/jre/lib/ext/sunjce_provider.jar
7f3ed4009000-7f3ed400c000 r--s 0003a000 08:06 1185787                    /usr/lib/jvm/jdk1.8.0_20/jre/lib/ext/sunpkcs11.jar
7f3ed400c000-7f3ed400d000 r--s 00009000 08:06 1185781                    /usr/lib/jvm/jdk1.8.0_20/jre/lib/ext/sunec.jar
7f3ed400d000-7f3ed400f000 r--s 0001a000 08:06 20582317                   /usr/lib/jvm/jdk1.8.0_20/jre/lib/jce.jar
7f3ed400f000-7f3ed4019000 r--s 00116000 08:06 1185789                    /usr/lib/jvm/jdk1.8.0_20/jre/lib/ext/localedata.jar
7f3ed4019000-7f3ed401c000 r--s 0000f000 08:06 19532219                   /usr/local/development/dev-7-6/Ignition/Servers/apache-tomcat-6.0.36/lib/tomcat-i18n-es.jar
7f3ed401c000-7f3edc000000 rw-p 00000000 00:00 0 
7f3edc000000-7f3edc021000 rw-p 00000000 00:00 0 
7f3edc021000-7f3ee0000000 ---p 00000000 00:00 0 
7f3ee0000000-7f3ee0002000 r--s 0000b000 08:06 19532220                   /usr/local/development/dev-7-6/Ignition/Servers/apache-tomcat-6.0.36/lib/tomcat-i18n-fr.jar
7f3ee0002000-7f3ee0006000 r--s 0003a000 08:06 19532218                   /usr/local/development/dev-7-6/Ignition/Servers/apache-tomcat-6.0.36/lib/tomcat-dbcp.jar
7f3ee0006000-7f3ee0016000 r--s 0019c000 08:06 19532210                   /usr/local/development/dev-7-6/Ignition/Servers/apache-tomcat-6.0.36/lib/ecj-3.7.2.jar
7f3ee0016000-7f3ee0026000 r--s 00120000 08:06 19532209                   /usr/local/development/dev-7-6/Ignition/Servers/apache-tomcat-6.0.36/lib/catalina.jar
7f3ee0026000-7f3ee0f8b000 rw-p 00000000 00:00 0 
7f3ee0f8b000-7f3ee1160000 r--s 03ca3000 08:06 20582249                   /usr/lib/jvm/jdk1.8.0_20/jre/lib/rt.jar
7f3ee1160000-7f3ee21a1000 rw-p 00000000 00:00 0 
7f3ee21a1000-7f3ee21a2000 ---p 00000000 00:00 0 
7f3ee21a2000-7f3ee22a2000 rw-p 00000000 00:00 0                          [stack:12190]
7f3ee22a2000-7f3ee22a3000 ---p 00000000 00:00 0 
7f3ee22a3000-7f3ee23a3000 rw-p 00000000 00:00 0                          [stack:12189]
7f3ee23a3000-7f3ee23a4000 ---p 00000000 00:00 0 
7f3ee23a4000-7f3ee24a4000 rw-p 00000000 00:00 0                          [stack:12188]
7f3ee24a4000-7f3ee24a5000 ---p 00000000 00:00 0 
7f3ee24a5000-7f3ee25a5000 rw-p 00000000 00:00 0                          [stack:12187]
7f3ee25a5000-7f3ee25a6000 ---p 00000000 00:00 0 
7f3ee25a6000-7f3ee26a6000 rw-p 00000000 00:00 0                          [stack:12186]
7f3ee26a6000-7f3ee26a7000 ---p 00000000 00:00 0 
7f3ee26a7000-7f3ee27a7000 rw-p 00000000 00:00 0                          [stack:12185]
7f3ee27a7000-7f3ee27a8000 ---p 00000000 00:00 0 
7f3ee27a8000-7f3ee28a8000 rw-p 00000000 00:00 0                          [stack:12184]
7f3ee28a8000-7f3ee28a9000 ---p 00000000 00:00 0 
7f3ee28a9000-7f3ee2a08000 rw-p 00000000 00:00 0                          [stack:12183]
7f3ee2a08000-7f3ee2edb000 ---p 00000000 00:00 0 
7f3ee2edb000-7f3ee2f3a000 rw-p 00000000 00:00 0 
7f3ee2f3a000-7f3ee340d000 ---p 00000000 00:00 0 
7f3ee340d000-7f3ee347b000 rw-p 00000000 00:00 0 
7f3ee347b000-7f3ee36a6000 ---p 00000000 00:00 0 
7f3ee36a6000-7f3ee36f1000 rw-p 00000000 00:00 0 
7f3ee36f1000-7f3ee3a67000 ---p 00000000 00:00 0 
7f3ee3a67000-7f3ee4cd7000 rwxp 00000000 00:00 0 
7f3ee4cd7000-7f3ef2a67000 ---p 00000000 00:00 0 
7f3ef2a67000-7f3ef2a83000 r-xp 00000000 08:06 20582296                   /usr/lib/jvm/jdk1.8.0_20/jre/lib/amd64/libzip.so
7f3ef2a83000-7f3ef2c82000 ---p 0001c000 08:06 20582296                   /usr/lib/jvm/jdk1.8.0_20/jre/lib/amd64/libzip.so
7f3ef2c82000-7f3ef2c83000 rw-p 0001b000 08:06 20582296                   /usr/lib/jvm/jdk1.8.0_20/jre/lib/amd64/libzip.so
7f3ef2c83000-7f3ef2c8e000 r-xp 00000000 08:06 15602342                   /lib/x86_64-linux-gnu/libnss_files-2.19.so
7f3ef2c8e000-7f3ef2e8d000 ---p 0000b000 08:06 15602342                   /lib/x86_64-linux-gnu/libnss_files-2.19.so
7f3ef2e8d000-7f3ef2e8e000 r--p 0000a000 08:06 15602342                   /lib/x86_64-linux-gnu/libnss_files-2.19.so
7f3ef2e8e000-7f3ef2e8f000 rw-p 0000b000 08:06 15602342                   /lib/x86_64-linux-gnu/libnss_files-2.19.so
7f3ef2e8f000-7f3ef2e9a000 r-xp 00000000 08:06 15602345                   /lib/x86_64-linux-gnu/libnss_nis-2.19.so
7f3ef2e9a000-7f3ef3099000 ---p 0000b000 08:06 15602345                   /lib/x86_64-linux-gnu/libnss_nis-2.19.so
7f3ef3099000-7f3ef309a000 r--p 0000a000 08:06 15602345                   /lib/x86_64-linux-gnu/libnss_nis-2.19.so
7f3ef309a000-7f3ef309b000 rw-p 0000b000 08:06 15602345                   /lib/x86_64-linux-gnu/libnss_nis-2.19.so
7f3ef309b000-7f3ef30b2000 r-xp 00000000 08:06 15602152                   /lib/x86_64-linux-gnu/libnsl-2.19.so
7f3ef30b2000-7f3ef32b1000 ---p 00017000 08:06 15602152                   /lib/x86_64-linux-gnu/libnsl-2.19.so
7f3ef32b1000-7f3ef32b2000 r--p 00016000 08:06 15602152                   /lib/x86_64-linux-gnu/libnsl-2.19.so
7f3ef32b2000-7f3ef32b3000 rw-p 00017000 08:06 15602152                   /lib/x86_64-linux-gnu/libnsl-2.19.so
7f3ef32b3000-7f3ef32b5000 rw-p 00000000 00:00 0 
7f3ef32b5000-7f3ef32be000 r-xp 00000000 08:06 15601662                   /lib/x86_64-linux-gnu/libnss_compat-2.19.so
7f3ef32be000-7f3ef34bd000 ---p 00009000 08:06 15601662                   /lib/x86_64-linux-gnu/libnss_compat-2.19.so
7f3ef34bd000-7f3ef34be000 r--p 00008000 08:06 15601662                   /lib/x86_64-linux-gnu/libnss_compat-2.19.so
7f3ef34be000-7f3ef34bf000 rw-p 00009000 08:06 15601662                   /lib/x86_64-linux-gnu/libnss_compat-2.19.so
7f3ef34bf000-7f3ef3788000 r--p 00000000 08:06 15209877                   /usr/lib/locale/locale-archive
7f3ef3788000-7f3ef378a000 r-xp 00000000 08:06 20582276                   /usr/lib/jvm/jdk1.8.0_20/jre/lib/amd64/libnpt.so
7f3ef378a000-7f3ef398a000 ---p 00002000 08:06 20582276                   /usr/lib/jvm/jdk1.8.0_20/jre/lib/amd64/libnpt.so
7f3ef398a000-7f3ef398b000 rw-p 00002000 08:06 20582276                   /usr/lib/jvm/jdk1.8.0_20/jre/lib/amd64/libnpt.so
7f3ef398b000-7f3ef39c4000 r-xp 00000000 08:06 20582287                   /usr/lib/jvm/jdk1.8.0_20/jre/lib/amd64/libjdwp.so
7f3ef39c4000-7f3ef3bc3000 ---p 00039000 08:06 20582287                   /usr/lib/jvm/jdk1.8.0_20/jre/lib/amd64/libjdwp.so
7f3ef3bc3000-7f3ef3bc5000 rw-p 00038000 08:06 20582287                   /usr/lib/jvm/jdk1.8.0_20/jre/lib/amd64/libjdwp.so
7f3ef3bc5000-7f3ef3bef000 r-xp 00000000 08:06 20582291                   /usr/lib/jvm/jdk1.8.0_20/jre/lib/amd64/libjava.so
7f3ef3bef000-7f3ef3def000 ---p 0002a000 08:06 20582291                   /usr/lib/jvm/jdk1.8.0_20/jre/lib/amd64/libjava.so
7f3ef3def000-7f3ef3df1000 rw-p 0002a000 08:06 20582291                   /usr/lib/jvm/jdk1.8.0_20/jre/lib/amd64/libjava.so
7f3ef3df1000-7f3ef3dfe000 r-xp 00000000 08:06 20582295                   /usr/lib/jvm/jdk1.8.0_20/jre/lib/amd64/libverify.so
7f3ef3dfe000-7f3ef3ffe000 ---p 0000d000 08:06 20582295                   /usr/lib/jvm/jdk1.8.0_20/jre/lib/amd64/libverify.so
7f3ef3ffe000-7f3ef4000000 rw-p 0000d000 08:06 20582295                   /usr/lib/jvm/jdk1.8.0_20/jre/lib/amd64/libverify.so
7f3ef4000000-7f3ef47d0000 rw-p 00000000 00:00 0 
7f3ef47d0000-7f3ef8000000 ---p 00000000 00:00 0 
7f3ef8000000-7f3ef8007000 r--s 000c7000 08:06 19532215                   /usr/local/development/dev-7-6/Ignition/Servers/apache-tomcat-6.0.36/lib/mysql-connector-java-5.1.23-bin.jar
7f3ef8007000-7f3ef800a000 r--s 0001e000 08:06 19532207                   /usr/local/development/dev-7-6/Ignition/Servers/apache-tomcat-6.0.36/lib/catalina-ha.jar
7f3ef800a000-7f3ef800e000 r--s 00036000 08:06 19532208                   /usr/local/development/dev-7-6/Ignition/Servers/apache-tomcat-6.0.36/lib/catalina-tribes.jar
7f3ef800e000-7f3ef8015000 r--s 0007a000 08:06 19532213                   /usr/local/development/dev-7-6/Ignition/Servers/apache-tomcat-6.0.36/lib/jasper.jar
7f3ef8015000-7f3ef801f000 r--s 000b3000 08:06 19532217                   /usr/local/development/dev-7-6/Ignition/Servers/apache-tomcat-6.0.36/lib/tomcat-coyote.jar
7f3ef801f000-7f3ef8040000 rw-p 00000000 00:00 0 
7f3ef8040000-7f3ef8047000 r-xp 00000000 08:06 15602320                   /lib/x86_64-linux-gnu/librt-2.19.so
7f3ef8047000-7f3ef8246000 ---p 00007000 08:06 15602320                   /lib/x86_64-linux-gnu/librt-2.19.so
7f3ef8246000-7f3ef8247000 r--p 00006000 08:06 15602320                   /lib/x86_64-linux-gnu/librt-2.19.so
7f3ef8247000-7f3ef8248000 rw-p 00007000 08:06 15602320                   /lib/x86_64-linux-gnu/librt-2.19.so
7f3ef8248000-7f3ef834d000 r-xp 00000000 08:06 15602334                   /lib/x86_64-linux-gnu/libm-2.19.so
7f3ef834d000-7f3ef854c000 ---p 00105000 08:06 15602334                   /lib/x86_64-linux-gnu/libm-2.19.so
7f3ef854c000-7f3ef854d000 r--p 00104000 08:06 15602334                   /lib/x86_64-linux-gnu/libm-2.19.so
7f3ef854d000-7f3ef854e000 rw-p 00105000 08:06 15602334                   /lib/x86_64-linux-gnu/libm-2.19.so
7f3ef854e000-7f3ef91b8000 r-xp 00000000 08:06 20845908                   /usr/lib/jvm/jdk1.8.0_20/jre/lib/amd64/server/libjvm.so
7f3ef91b8000-7f3ef93b8000 ---p 00c6a000 08:06 20845908                   /usr/lib/jvm/jdk1.8.0_20/jre/lib/amd64/server/libjvm.so
7f3ef93b8000-7f3ef948e000 rw-p 00c6a000 08:06 20845908                   /usr/lib/jvm/jdk1.8.0_20/jre/lib/amd64/server/libjvm.so
7f3ef948e000-7f3ef94d0000 rw-p 00000000 00:00 0 
7f3ef94d0000-7f3ef968b000 r-xp 00000000 08:06 15602328                   /lib/x86_64-linux-gnu/libc-2.19.so
7f3ef968b000-7f3ef988b000 ---p 001bb000 08:06 15602328                   /lib/x86_64-linux-gnu/libc-2.19.so
7f3ef988b000-7f3ef988f000 r--p 001bb000 08:06 15602328                   /lib/x86_64-linux-gnu/libc-2.19.so
7f3ef988f000-7f3ef9891000 rw-p 001bf000 08:06 15602328                   /lib/x86_64-linux-gnu/libc-2.19.so
7f3ef9891000-7f3ef9896000 rw-p 00000000 00:00 0 
7f3ef9896000-7f3ef9899000 r-xp 00000000 08:06 15602352                   /lib/x86_64-linux-gnu/libdl-2.19.so
7f3ef9899000-7f3ef9a98000 ---p 00003000 08:06 15602352                   /lib/x86_64-linux-gnu/libdl-2.19.so
7f3ef9a98000-7f3ef9a99000 r--p 00002000 08:06 15602352                   /lib/x86_64-linux-gnu/libdl-2.19.so
7f3ef9a99000-7f3ef9a9a000 rw-p 00003000 08:06 15602352                   /lib/x86_64-linux-gnu/libdl-2.19.so
7f3ef9a9a000-7f3ef9ab1000 r-xp 00000000 08:06 20061287                   /usr/lib/jvm/jdk1.8.0_20/lib/amd64/jli/libjli.so
7f3ef9ab1000-7f3ef9cb0000 ---p 00017000 08:06 20061287                   /usr/lib/jvm/jdk1.8.0_20/lib/amd64/jli/libjli.so
7f3ef9cb0000-7f3ef9cb1000 rw-p 00016000 08:06 20061287                   /usr/lib/jvm/jdk1.8.0_20/lib/amd64/jli/libjli.so
7f3ef9cb1000-7f3ef9cca000 r-xp 00000000 08:06 15602353                   /lib/x86_64-linux-gnu/libpthread-2.19.so
7f3ef9cca000-7f3ef9ec9000 ---p 00019000 08:06 15602353                   /lib/x86_64-linux-gnu/libpthread-2.19.so
7f3ef9ec9000-7f3ef9eca000 r--p 00018000 08:06 15602353                   /lib/x86_64-linux-gnu/libpthread-2.19.so
7f3ef9eca000-7f3ef9ecb000 rw-p 00019000 08:06 15602353                   /lib/x86_64-linux-gnu/libpthread-2.19.so
7f3ef9ecb000-7f3ef9ecf000 rw-p 00000000 00:00 0 
7f3ef9ecf000-7f3ef9ef2000 r-xp 00000000 08:06 15602330                   /lib/x86_64-linux-gnu/ld-2.19.so
7f3ef9ef2000-7f3ef9ef4000 r--s 0000c000 08:06 19532221                   /usr/local/development/dev-7-6/Ignition/Servers/apache-tomcat-6.0.36/lib/tomcat-i18n-ja.jar
7f3ef9ef4000-7f3ef9ef6000 r--s 00011000 08:06 19532214                   /usr/local/development/dev-7-6/Ignition/Servers/apache-tomcat-6.0.36/lib/jsp-api.jar
7f3ef9ef6000-7f3ef9ef8000 r--s 00014000 08:06 19532216                   /usr/local/development/dev-7-6/Ignition/Servers/apache-tomcat-6.0.36/lib/servlet-api.jar
7f3ef9ef8000-7f3ef9efa000 r--s 0000c000 08:06 19532206                   /usr/local/development/dev-7-6/Ignition/Servers/apache-tomcat-6.0.36/lib/catalina-ant.jar
7f3ef9efa000-7f3ef9fcb000 rw-p 00000000 00:00 0 
7f3ef9fcb000-7f3ef9fce000 ---p 00000000 00:00 0 
7f3ef9fce000-7f3efa0d0000 rw-p 00000000 00:00 0                          [stack:12182]
7f3efa0d0000-7f3efa0d2000 r--s 00007000 08:06 19532211                   /usr/local/development/dev-7-6/Ignition/Servers/apache-tomcat-6.0.36/lib/el-api.jar
7f3efa0d2000-7f3efa0d3000 r--s 00003000 08:06 19532205                   /usr/local/development/dev-7-6/Ignition/Servers/apache-tomcat-6.0.36/lib/annotations-api.jar
7f3efa0d3000-7f3efa0d6000 r--s 00019000 08:06 19532212                   /usr/local/development/dev-7-6/Ignition/Servers/apache-tomcat-6.0.36/lib/jasper-el.jar
7f3efa0d6000-7f3efa0db000 r--s 00092000 08:06 20582254                   /usr/lib/jvm/jdk1.8.0_20/jre/lib/jsse.jar
7f3efa0db000-7f3efa0dc000 r--s 00007000 08:06 19533431                   /usr/local/development/dev-7-6/Ignition/Servers/apache-tomcat-6.0.36/bin/tomcat-juli.jar
7f3efa0dc000-7f3efa0dd000 r--s 00005000 08:06 19533430                   /usr/local/development/dev-7-6/Ignition/Servers/apache-tomcat-6.0.36/bin/commons-daemon.jar
7f3efa0dd000-7f3efa0de000 r--s 00005000 08:06 19533429                   /usr/local/development/dev-7-6/Ignition/Servers/apache-tomcat-6.0.36/bin/bootstrap.jar
7f3efa0de000-7f3efa0e5000 r--s 000c7000 08:06 1179649                    /usr/lib/jvm/jdk1.8.0_20/jre/lib/ext/mysql-connector-java-5.1.23-bin.jar
7f3efa0e5000-7f3efa0ed000 rw-s 00000000 08:06 6164360                    /tmp/hsperfdata_mattg/12177
7f3efa0ed000-7f3efa0ee000 rw-p 00000000 00:00 0 
7f3efa0ee000-7f3efa0ef000 r--p 00000000 00:00 0 
7f3efa0ef000-7f3efa0f1000 rw-p 00000000 00:00 0 
7f3efa0f1000-7f3efa0f2000 r--p 00022000 08:06 15602330                   /lib/x86_64-linux-gnu/ld-2.19.so
7f3efa0f2000-7f3efa0f3000 rw-p 00023000 08:06 15602330                   /lib/x86_64-linux-gnu/ld-2.19.so
7f3efa0f3000-7f3efa0f4000 rw-p 00000000 00:00 0 
7fff63ef6000-7fff63f17000 rw-p 00000000 00:00 0                          [stack]
7fff63f4f000-7fff63f51000 r-xp 00000000 00:00 0                          [vdso]
ffffffffff600000-ffffffffff601000 r-xp 00000000 00:00 0                  [vsyscall]

VM Arguments:
jvm_args: -Djava.util.logging.config.file=/home/mattg/.IntelliJIdea13/system/tomcat/Unnamed_77-Ignition/conf/logging.properties -Xdebug -Xrunjdwp:transport=dt_socket,address=127.0.0.1:51670,suspend=y,server=n -Dcom.sun.management.jmxremote= -Dcom.sun.management.jmxremote.port=1099 -Dcom.sun.management.jmxremote.ssl=false -Dcom.sun.management.jmxremote.authenticate=false -Djava.rmi.server.hostname=127.0.0.1 -Djava.util.logging.manager=org.apache.juli.ClassLoaderLogManager -Djava.endorsed.dirs=/usr/local/development/dev-7-6/Ignition/Servers/apache-tomcat-6.0.36/endorsed -Dcatalina.base=/home/mattg/.IntelliJIdea13/system/tomcat/Unnamed_77-Ignition -Dcatalina.home=/usr/local/development/dev-7-6/Ignition/Servers/apache-tomcat-6.0.36 -Djava.io.tmpdir=/usr/local/development/dev-7-6/Ignition/Servers/apache-tomcat-6.0.36/temp 
java_command: org.apache.catalina.startup.Bootstrap start
java_class_path (initial): /usr/local/development/dev-7-6/Ignition/Servers/apache-tomcat-6.0.36/bin/bootstrap.jar
Launcher Type: SUN_STANDARD

Environment Variables:
JAVA_HOME=/usr/lib/jvm/jdk1.8.0_20
CLASSPATH=/usr/local/development/dev-7-6/Ignition/Servers/apache-tomcat-6.0.36/bin/bootstrap.jar
PATH=/usr/local/sbin:/usr/local/bin:/usr/sbin:/usr/bin:/sbin:/bin:/usr/games:/usr/local/games:/usr/local/development/gradle-1.12/bin
USERNAME=mattg
LD_LIBRARY_PATH=/usr/local/development/idea-IU-135.909/bin:
SHELL=/bin/bash
DISPLAY=:0

Signal Handlers:
SIGSEGV: [libjvm.so+0xa76cd0], sa_mask[0]=11111111011111111101111111111110, sa_flags=SA_RESTART|SA_SIGINFO
SIGBUS: [libjvm.so+0xa76cd0], sa_mask[0]=11111111011111111101111111111110, sa_flags=SA_RESTART|SA_SIGINFO
SIGFPE: [libjvm.so+0x8e0d80], sa_mask[0]=11111111011111111101111111111110, sa_flags=SA_RESTART|SA_SIGINFO
SIGPIPE: [libjvm.so+0x8e0d80], sa_mask[0]=11111111011111111101111111111110, sa_flags=SA_RESTART|SA_SIGINFO
SIGXFSZ: [libjvm.so+0x8e0d80], sa_mask[0]=11111111011111111101111111111110, sa_flags=SA_RESTART|SA_SIGINFO
SIGILL: [libjvm.so+0x8e0d80], sa_mask[0]=11111111011111111101111111111110, sa_flags=SA_RESTART|SA_SIGINFO
SIGUSR1: SIG_DFL, sa_mask[0]=00000000000000000000000000000000, sa_flags=none
SIGUSR2: [libjvm.so+0x8e25b0], sa_mask[0]=00100000000000000000000000000000, sa_flags=SA_RESTART|SA_SIGINFO
SIGHUP: [libjvm.so+0x8e3970], sa_mask[0]=11111111011111111101111111111110, sa_flags=SA_RESTART|SA_SIGINFO
SIGINT: [libjvm.so+0x8e3970], sa_mask[0]=11111111011111111101111111111110, sa_flags=SA_RESTART|SA_SIGINFO
SIGTERM: [libjvm.so+0x8e3970], sa_mask[0]=11111111011111111101111111111110, sa_flags=SA_RESTART|SA_SIGINFO
SIGQUIT: [libjvm.so+0x8e3970], sa_mask[0]=11111111011111111101111111111110, sa_flags=SA_RESTART|SA_SIGINFO


---------------  S Y S T E M  ---------------

OS:DISTRIB_ID=LinuxMint
DISTRIB_RELEASE=17
DISTRIB_CODENAME=qiana
DISTRIB_DESCRIPTION="Linux Mint 17 Qiana"

uname:Linux 3.13.0-24-generic #46-Ubuntu SMP Thu Apr 10 19:11:08 UTC 2014 x86_64
libc:glibc 2.19 NPTL 2.19 
rlimit: STACK 8192k, CORE 0k, NPROC 127375, NOFILE 4096, AS infinity
load average:0.86 1.03 0.91

/proc/meminfo:
MemTotal:       16335088 kB
MemFree:         8547472 kB
Buffers:          367160 kB
Cached:          3286904 kB
SwapCached:            0 kB
Active:          4982876 kB
Inactive:        2320276 kB
Active(anon):    3658388 kB
Inactive(anon):   576668 kB
Active(file):    1324488 kB
Inactive(file):  1743608 kB
Unevictable:        1488 kB
Mlocked:            1488 kB
SwapTotal:      16676860 kB
SwapFree:       16676860 kB
Dirty:               616 kB
Writeback:             0 kB
AnonPages:       3650888 kB
Mapped:           486700 kB
Shmem:            585972 kB
Slab:             276936 kB
SReclaimable:     228048 kB
SUnreclaim:        48888 kB
KernelStack:        6288 kB
PageTables:        49004 kB
NFS_Unstable:          0 kB
Bounce:                0 kB
WritebackTmp:          0 kB
CommitLimit:    24844404 kB
Committed_AS:    8127188 kB
VmallocTotal:   34359738367 kB
VmallocUsed:      444884 kB
VmallocChunk:   34359289148 kB
HardwareCorrupted:     0 kB
AnonHugePages:   2277376 kB
HugePages_Total:       0
HugePages_Free:        0
HugePages_Rsvd:        0
HugePages_Surp:        0
Hugepagesize:       2048 kB
DirectMap4k:       97736 kB
DirectMap2M:     2949120 kB
DirectMap1G:    13631488 kB


CPU:total 8 (4 cores per cpu, 2 threads per core) family 6 model 60 stepping 3, cmov, cx8, fxsr, mmx, sse, sse2, sse3, ssse3, sse4.1, sse4.2, popcnt, avx, avx2, aes, clmul, erms, lzcnt, ht, tsc, tscinvbit, bmi1, bmi2

/proc/cpuinfo:
processor	: 0
vendor_id	: GenuineIntel
cpu family	: 6
model		: 60
model name	: Intel(R) Core(TM) i7-4702HQ CPU @ 2.20GHz
stepping	: 3
microcode	: 0x17
cpu MHz		: 800.000
cache size	: 6144 KB
physical id	: 0
siblings	: 8
core id		: 0
cpu cores	: 4
apicid		: 0
initial apicid	: 0
fpu		: yes
fpu_exception	: yes
cpuid level	: 13
wp		: yes
flags		: fpu vme de pse tsc msr pae mce cx8 apic sep mtrr pge mca cmov pat pse36 clflush dts acpi mmx fxsr sse sse2 ss ht tm pbe syscall nx pdpe1gb rdtscp lm constant_tsc arch_perfmon pebs bts rep_good nopl xtopology nonstop_tsc aperfmperf eagerfpu pni pclmulqdq dtes64 monitor ds_cpl vmx est tm2 ssse3 fma cx16 xtpr pdcm pcid sse4_1 sse4_2 x2apic movbe popcnt tsc_deadline_timer aes xsave avx f16c rdrand lahf_lm abm ida arat epb xsaveopt pln pts dtherm tpr_shadow vnmi flexpriority ept vpid fsgsbase tsc_adjust bmi1 avx2 smep bmi2 erms invpcid
bogomips	: 4389.87
clflush size	: 64
cache_alignment	: 64
address sizes	: 39 bits physical, 48 bits virtual
power management:

processor	: 1
vendor_id	: GenuineIntel
cpu family	: 6
model		: 60
model name	: Intel(R) Core(TM) i7-4702HQ CPU @ 2.20GHz
stepping	: 3
microcode	: 0x17
cpu MHz		: 800.000
cache size	: 6144 KB
physical id	: 0
siblings	: 8
core id		: 1
cpu cores	: 4
apicid		: 2
initial apicid	: 2
fpu		: yes
fpu_exception	: yes
cpuid level	: 13
wp		: yes
flags		: fpu vme de pse tsc msr pae mce cx8 apic sep mtrr pge mca cmov pat pse36 clflush dts acpi mmx fxsr sse sse2 ss ht tm pbe syscall nx pdpe1gb rdtscp lm constant_tsc arch_perfmon pebs bts rep_good nopl xtopology nonstop_tsc aperfmperf eagerfpu pni pclmulqdq dtes64 monitor ds_cpl vmx est tm2 ssse3 fma cx16 xtpr pdcm pcid sse4_1 sse4_2 x2apic movbe popcnt tsc_deadline_timer aes xsave avx f16c rdrand lahf_lm abm ida arat epb xsaveopt pln pts dtherm tpr_shadow vnmi flexpriority ept vpid fsgsbase tsc_adjust bmi1 avx2 smep bmi2 erms invpcid
bogomips	: 4389.87
clflush size	: 64
cache_alignment	: 64
address sizes	: 39 bits physical, 48 bits virtual
power management:

processor	: 2
vendor_id	: GenuineIntel
cpu family	: 6
model		: 60
model name	: Intel(R) Core(TM) i7-4702HQ CPU @ 2.20GHz
stepping	: 3
microcode	: 0x17
cpu MHz		: 1900.000
cache size	: 6144 KB
physical id	: 0
siblings	: 8
core id		: 2
cpu cores	: 4
apicid		: 4
initial apicid	: 4
fpu		: yes
fpu_exception	: yes
cpuid level	: 13
wp		: yes
flags		: fpu vme de pse tsc msr pae mce cx8 apic sep mtrr pge mca cmov pat pse36 clflush dts acpi mmx fxsr sse sse2 ss ht tm pbe syscall nx pdpe1gb rdtscp lm constant_tsc arch_perfmon pebs bts rep_good nopl xtopology nonstop_tsc aperfmperf eagerfpu pni pclmulqdq dtes64 monitor ds_cpl vmx est tm2 ssse3 fma cx16 xtpr pdcm pcid sse4_1 sse4_2 x2apic movbe popcnt tsc_deadline_timer aes xsave avx f16c rdrand lahf_lm abm ida arat epb xsaveopt pln pts dtherm tpr_shadow vnmi flexpriority ept vpid fsgsbase tsc_adjust bmi1 avx2 smep bmi2 erms invpcid
bogomips	: 4389.87
clflush size	: 64
cache_alignment	: 64
address sizes	: 39 bits physical, 48 bits virtual
power management:

processor	: 3
vendor_id	: GenuineIntel
cpu family	: 6
model		: 60
model name	: Intel(R) Core(TM) i7-4702HQ CPU @ 2.20GHz
stepping	: 3
microcode	: 0x17
cpu MHz		: 2201.000
cache size	: 6144 KB
physical id	: 0
siblings	: 8
core id		: 3
cpu cores	: 4
apicid		: 6
initial apicid	: 6
fpu		: yes
fpu_exception	: yes
cpuid level	: 13
wp		: yes
flags		: fpu vme de pse tsc msr pae mce cx8 apic sep mtrr pge mca cmov pat pse36 clflush dts acpi mmx fxsr sse sse2 ss ht tm pbe syscall nx pdpe1gb rdtscp lm constant_tsc arch_perfmon pebs bts rep_good nopl xtopology nonstop_tsc aperfmperf eagerfpu pni pclmulqdq dtes64 monitor ds_cpl vmx est tm2 ssse3 fma cx16 xtpr pdcm pcid sse4_1 sse4_2 x2apic movbe popcnt tsc_deadline_timer aes xsave avx f16c rdrand lahf_lm abm ida arat epb xsaveopt pln pts dtherm tpr_shadow vnmi flexpriority ept vpid fsgsbase tsc_adjust bmi1 avx2 smep bmi2 erms invpcid
bogomips	: 4389.87
clflush size	: 64
cache_alignment	: 64
address sizes	: 39 bits physical, 48 bits virtual
power management:

processor	: 4
vendor_id	: GenuineIntel
cpu family	: 6
model		: 60
model name	: Intel(R) Core(TM) i7-4702HQ CPU @ 2.20GHz
stepping	: 3
microcode	: 0x17
cpu MHz		: 800.000
cache size	: 6144 KB
physical id	: 0
siblings	: 8
core id		: 0
cpu cores	: 4
apicid		: 1
initial apicid	: 1
fpu		: yes
fpu_exception	: yes
cpuid level	: 13
wp		: yes
flags		: fpu vme de pse tsc msr pae mce cx8 apic sep mtrr pge mca cmov pat pse36 clflush dts acpi mmx fxsr sse sse2 ss ht tm pbe syscall nx pdpe1gb rdtscp lm constant_tsc arch_perfmon pebs bts rep_good nopl xtopology nonstop_tsc aperfmperf eagerfpu pni pclmulqdq dtes64 monitor ds_cpl vmx est tm2 ssse3 fma cx16 xtpr pdcm pcid sse4_1 sse4_2 x2apic movbe popcnt tsc_deadline_timer aes xsave avx f16c rdrand lahf_lm abm ida arat epb xsaveopt pln pts dtherm tpr_shadow vnmi flexpriority ept vpid fsgsbase tsc_adjust bmi1 avx2 smep bmi2 erms invpcid
bogomips	: 4389.87
clflush size	: 64
cache_alignment	: 64
address sizes	: 39 bits physical, 48 bits virtual
power management:

processor	: 5
vendor_id	: GenuineIntel
cpu family	: 6
model		: 60
model name	: Intel(R) Core(TM) i7-4702HQ CPU @ 2.20GHz
stepping	: 3
microcode	: 0x17
cpu MHz		: 800.000
cache size	: 6144 KB
physical id	: 0
siblings	: 8
core id		: 1
cpu cores	: 4
apicid		: 3
initial apicid	: 3
fpu		: yes
fpu_exception	: yes
cpuid level	: 13
wp		: yes
flags		: fpu vme de pse tsc msr pae mce cx8 apic sep mtrr pge mca cmov pat pse36 clflush dts acpi mmx fxsr sse sse2 ss ht tm pbe syscall nx pdpe1gb rdtscp lm constant_tsc arch_perfmon pebs bts rep_good nopl xtopology nonstop_tsc aperfmperf eagerfpu pni pclmulqdq dtes64 monitor ds_cpl vmx est tm2 ssse3 fma cx16 xtpr pdcm pcid sse4_1 sse4_2 x2apic movbe popcnt tsc_deadline_timer aes xsave avx f16c rdrand lahf_lm abm ida arat epb xsaveopt pln pts dtherm tpr_shadow vnmi flexpriority ept vpid fsgsbase tsc_adjust bmi1 avx2 smep bmi2 erms invpcid
bogomips	: 4389.87
clflush size	: 64
cache_alignment	: 64
address sizes	: 39 bits physical, 48 bits virtual
power management:

processor	: 6
vendor_id	: GenuineIntel
cpu family	: 6
model		: 60
model name	: Intel(R) Core(TM) i7-4702HQ CPU @ 2.20GHz
stepping	: 3
microcode	: 0x17
cpu MHz		: 800.000
cache size	: 6144 KB
physical id	: 0
siblings	: 8
core id		: 2
cpu cores	: 4
apicid		: 5
initial apicid	: 5
fpu		: yes
fpu_exception	: yes
cpuid level	: 13
wp		: yes
flags		: fpu vme de pse tsc msr pae mce cx8 apic sep mtrr pge mca cmov pat pse36 clflush dts acpi mmx fxsr sse sse2 ss ht tm pbe syscall nx pdpe1gb rdtscp lm constant_tsc arch_perfmon pebs bts rep_good nopl xtopology nonstop_tsc aperfmperf eagerfpu pni pclmulqdq dtes64 monitor ds_cpl vmx est tm2 ssse3 fma cx16 xtpr pdcm pcid sse4_1 sse4_2 x2apic movbe popcnt tsc_deadline_timer aes xsave avx f16c rdrand lahf_lm abm ida arat epb xsaveopt pln pts dtherm tpr_shadow vnmi flexpriority ept vpid fsgsbase tsc_adjust bmi1 avx2 smep bmi2 erms invpcid
bogomips	: 4389.87
clflush size	: 64
cache_alignment	: 64
address sizes	: 39 bits physical, 48 bits virtual
power management:

processor	: 7
vendor_id	: GenuineIntel
cpu family	: 6
model		: 60
model name	: Intel(R) Core(TM) i7-4702HQ CPU @ 2.20GHz
stepping	: 3
microcode	: 0x17
cpu MHz		: 800.000
cache size	: 6144 KB
physical id	: 0
siblings	: 8
core id		: 3
cpu cores	: 4
apicid		: 7
initial apicid	: 7
fpu		: yes
fpu_exception	: yes
cpuid level	: 13
wp		: yes
flags		: fpu vme de pse tsc msr pae mce cx8 apic sep mtrr pge mca cmov pat pse36 clflush dts acpi mmx fxsr sse sse2 ss ht tm pbe syscall nx pdpe1gb rdtscp lm constant_tsc arch_perfmon pebs bts rep_good nopl xtopology nonstop_tsc aperfmperf eagerfpu pni pclmulqdq dtes64 monitor ds_cpl vmx est tm2 ssse3 fma cx16 xtpr pdcm pcid sse4_1 sse4_2 x2apic movbe popcnt tsc_deadline_timer aes xsave avx f16c rdrand lahf_lm abm ida arat epb xsaveopt pln pts dtherm tpr_shadow vnmi flexpriority ept vpid fsgsbase tsc_adjust bmi1 avx2 smep bmi2 erms invpcid
bogomips	: 4389.87
clflush size	: 64
cache_alignment	: 64
address sizes	: 39 bits physical, 48 bits virtual
power management:



Memory: 4k page, physical 16335088k(8547472k free), swap 16676860k(16676860k free)

vm_info: Java HotSpot(TM) 64-Bit Server VM (25.20-b17) for linux-amd64 JRE (1.8.0_20-ea-b17), built on Jun  4 2014 00:04:06 by "java_re" with gcc 4.3.0 20080428 (Red Hat 4.3.0-8)

time: Tue Nov 18 11:09:12 2014
elapsed time: 145 seconds (0d 0h 2m 25s)

