#
# A fatal error has been detected by the Java Runtime Environment:
#
#  SIGSEGV (0xb) at pc=0x00007fd4160f2f7e, pid=7017, tid=140548881929984
#
# JRE version: Java(TM) SE Runtime Environment (8.0_20-b17) (build 1.8.0_20-ea-b17)
# Java VM: Java HotSpot(TM) 64-Bit Server VM (25.20-b17 mixed mode linux-amd64 compressed oops)
# Problematic frame:
# C  [ld-linux-x86-64.so.2+0x9f7e]
#
# Failed to write core dump. Core dumps have been disabled. To enable core dumping, try "ulimit -c unlimited" before starting Java again
#
# If you would like to submit a bug report, please visit:
#   http://bugreport.sun.com/bugreport/crash.jsp
# The crash happened outside the Java Virtual Machine in native code.
# See problematic frame for where to report the bug.
#

---------------  T H R E A D  ---------------

Current thread (0x00007fd41000d000):  JavaThread "main" [_thread_in_native, id=7022, stack(0x00007fd4161e5000,0x00007fd4162e6000)]

siginfo: si_signo: 11 (SIGSEGV), si_code: 1 (SEGV_MAPERR), si_addr: 0x0000000000000068

Registers:
RAX=0x0000000000000040, RBX=0x000000004c8d3d65, RCX=0x0000000000000025, RDX=0x00000000000003f3
RSP=0x00007fd4162e2a30, RBP=0x0000000000000002, RSI=0x00007fd4156edd28, RDI=0x00007fd4162e99e8
R8 =0x00000000013234f5, R9 =0x00007fd4162e2a70, R10=0x0000000006020400, R11=0x00007fd4162e2b70
R12=0x0000000000000003, R13=0x00007fd34c1bf810, R14=0x0000000000000000, R15=0x0000000000000025
RIP=0x00007fd4160f2f7e, EFLAGS=0x0000000000010202, CSGSFS=0x0000000000000033, ERR=0x0000000000000004
  TRAPNO=0x000000000000000e

Top of Stack: (sp=0x00007fd4162e2a30)
0x00007fd4162e2a30:   00007fd4162e2ba0 00007fd414dcaf75
0x00007fd4162e2a40:   00007fd400000002 00007fd4162e2b80
0x00007fd4162e2a50:   00007fd4162e2c10 00007fd4162e2de0
0x00007fd4162e2a60:   00007fd3ffcbc960 01b000ac0000000c
0x00007fd4162e2a70:   0000000000000000 0000000000000000
0x00007fd4162e2a80:   00007fd4162e99e8 00007fd410334e00
0x00007fd4162e2a90:   00007fd4156fad78 0000000000000000
0x00007fd4162e2aa0:   0000000200000000 0000000000000000
0x00007fd4162e2ab0:   00007fd41000d000 00007fd4162e2c60
0x00007fd4162e2ac0:   00007fd4162e2c10 0000000000000000
0x00007fd4162e2ad0:   0000000000000000 00007fd34c1bfc78
0x00007fd4162e2ae0:   00007fd34c1bf8f0 00007fd4160f3991
0x00007fd4162e2af0:   0000000000000000 0000000000000000
0x00007fd4162e2b00:   000000f200000002 0000000000000000
0x00007fd4162e2b10:   00007fd300000000 00007fd34c1bf8f0
0x00007fd4162e2b20:   00007fd4162e2b90 00007fd414f21447
0x00007fd4162e2b30:   00007fd41000a518 00007fd41000a510
0x00007fd4162e2b40:   00007fd3fd3e9440 00007fd34c1bfc78
0x00007fd4162e2b50:   00007fd4162e2b80 00007fd4162e2b70
0x00007fd4162e2b60:   000000004c8d3d65 00007fd410334e00
0x00007fd4162e2b70:   00000000ffffffff 00007fd41000a5d0
0x00007fd4162e2b80:   0000000000000000 0000000000000000
0x00007fd4162e2b90:   00007fd41000a470 00007fd41000d000
0x00007fd4162e2ba0:   00007fd4162e2d30 00007fd414e11467
0x00007fd4162e2bb0:   000000b1162e3910 00007fd4162e3380
0x00007fd4162e2bc0:   00007fd4162e2c10 00007fd4162e2c90
0x00007fd4162e2bd0:   00007fd4162e2d60 00007fd4162e2de0
0x00007fd4162e2be0:   00007fd41000d1e8 000000000120f4b0
0x00007fd4162e2bf0:   00007fd41630bcc0 00007fd410334e00
0x00007fd4162e2c00:   0000000000000000 00007fd34c1bf8f0
0x00007fd4162e2c10:   00007fd4162e2cf0 00007fd415820f56
0x00007fd4162e2c20:   0000000600000002 0000000000000000 

Instructions: (pc=0x00007fd4160f2f7e)
0x00007fd4160f2f5e:   06 41 83 e7 3f 0f 1f 44 00 00 49 8b 44 ed 00 c7
0x00007fd4160f2f6e:   44 24 70 00 00 00 00 48 c7 44 24 40 00 00 00 00
0x00007fd4160f2f7e:   48 8b 78 28 4c 39 f7 48 89 7c 24 50 0f 84 f0 00
0x00007fd4160f2f8e:   00 00 f6 44 24 7c 02 74 0d f6 87 14 03 00 00 03 

Register to memory mapping:

RAX=0x0000000000000040 is an unknown value
RBX=0x000000004c8d3d65 is an unknown value
RCX=0x0000000000000025 is an unknown value
RDX=0x00000000000003f3 is an unknown value
RSP=0x00007fd4162e2a30 is pointing into the stack for thread: 0x00007fd41000d000
RBP=0x0000000000000002 is an unknown value
RSI=0x00007fd4156edd28: <offset 0x3d28> in /lib/x86_64-linux-gnu/libc.so.6 at 0x00007fd4156ea000
RDI=0x00007fd4162e99e8 is an unknown value
R8 =0x00000000013234f5 is an unknown value
R9 =0x00007fd4162e2a70 is pointing into the stack for thread: 0x00007fd41000d000
R10=0x0000000006020400 is an unknown value
R11=0x00007fd4162e2b70 is pointing into the stack for thread: 0x00007fd41000d000
R12=0x0000000000000003 is an unknown value
R13=0x00007fd34c1bf810 is an unknown value
R14=0x0000000000000000 is an unknown value
R15=0x0000000000000025 is an unknown value


Stack: [0x00007fd4161e5000,0x00007fd4162e6000],  sp=0x00007fd4162e2a30,  free space=1014k
Native frames: (J=compiled Java code, j=interpreted, Vv=VM code, C=native code)
C  [ld-linux-x86-64.so.2+0x9f7e]

Java frames: (J=compiled Java code, j=interpreted, Vv=VM code)
j  java.lang.ClassLoader$NativeLibrary.unload(Ljava/lang/String;Z)V+0
j  java.lang.ClassLoader$NativeLibrary.finalize()V+87
v  ~StubRoutines::call_stub
J 1139  sun.reflect.NativeMethodAccessorImpl.invoke0(Ljava/lang/reflect/Method;Ljava/lang/Object;[Ljava/lang/Object;)Ljava/lang/Object; (0 bytes) @ 0x00007fd4000c3ef7 [0x00007fd4000c3e80+0x77]
J 1138 C1 sun.reflect.NativeMethodAccessorImpl.invoke(Ljava/lang/Object;[Ljava/lang/Object;)Ljava/lang/Object; (104 bytes) @ 0x00007fd4000c310c [0x00007fd4000c1f00+0x120c]
J 6659 C2 java.lang.reflect.Method.invoke(Ljava/lang/Object;[Ljava/lang/Object;)Ljava/lang/Object; (62 bytes) @ 0x00007fd4003e40e0 [0x00007fd4003e4020+0xc0]
j  com.inductiveautomation.ignition.gateway.bootstrap.SRFilter.destroy()V+89
j  org.apache.catalina.core.ApplicationFilterConfig.release()V+61
j  org.apache.catalina.core.StandardContext.filterStop()Z+124
j  org.apache.catalina.core.StandardContext.stop()V+142
j  org.apache.catalina.core.ContainerBase.removeChild(Lorg/apache/catalina/Container;)V+90
j  org.apache.catalina.startup.HostConfig.undeployApps()V+77
j  org.apache.catalina.startup.HostConfig.stop()V+28
j  org.apache.catalina.startup.HostConfig.lifecycleEvent(Lorg/apache/catalina/LifecycleEvent;)V+151
J 7397 C1 org.apache.catalina.util.LifecycleSupport.fireLifecycleEvent(Ljava/lang/String;Ljava/lang/Object;)V (190 bytes) @ 0x00007fd401416f0c [0x00007fd401416420+0xaec]
j  org.apache.catalina.core.ContainerBase.stop()V+60
j  org.apache.catalina.core.ContainerBase.stop()V+118
j  org.apache.catalina.core.StandardEngine.stop()V+1
j  org.apache.catalina.core.StandardService.stop()V+177
j  org.apache.catalina.core.StandardServer.stop()V+65
j  org.apache.catalina.startup.Catalina.stop()V+58
j  org.apache.catalina.startup.Catalina.start()V+198
v  ~StubRoutines::call_stub
j  sun.reflect.NativeMethodAccessorImpl.invoke0(Ljava/lang/reflect/Method;Ljava/lang/Object;[Ljava/lang/Object;)Ljava/lang/Object;+0
j  sun.reflect.NativeMethodAccessorImpl.invoke(Ljava/lang/Object;[Ljava/lang/Object;)Ljava/lang/Object;+100
J 484 C1 sun.reflect.DelegatingMethodAccessorImpl.invoke(Ljava/lang/Object;[Ljava/lang/Object;)Ljava/lang/Object; (10 bytes) @ 0x00007fd3ffe9682c [0x00007fd3ffe96700+0x12c]
J 468 C1 java.lang.reflect.Method.invoke(Ljava/lang/Object;[Ljava/lang/Object;)Ljava/lang/Object; (62 bytes) @ 0x00007fd3ffe94644 [0x00007fd3ffe94220+0x424]
j  org.apache.catalina.startup.Bootstrap.start()V+37
j  org.apache.catalina.startup.Bootstrap.main([Ljava/lang/String;)V+131
v  ~StubRoutines::call_stub

---------------  P R O C E S S  ---------------

Java Threads: ( => current thread )
  0x00007fd4103a2800 JavaThread "Thread-38" daemon [_thread_blocked, id=7358, stack(0x00007fd38a5d1000,0x00007fd38a6d2000)]
  0x00007fd2f4004000 JavaThread "pool-2-thread-5" [_thread_blocked, id=7179, stack(0x00007fd38bce9000,0x00007fd38bdea000)]
  0x00007fd304001800 JavaThread "pool-2-thread-4" [_thread_blocked, id=7178, stack(0x00007fd388af1000,0x00007fd388bf2000)]
  0x00007fd2f400b000 JavaThread "pool-2-thread-3" [_thread_blocked, id=7125, stack(0x00007fd31d6c7000,0x00007fd31d7c8000)]
  0x00007fd308012000 JavaThread "pool-4-thread-2" [_thread_blocked, id=7124, stack(0x00007fd31d7c8000,0x00007fd31d8c9000)]
  0x00007fd2f400c000 JavaThread "pool-2-thread-2" [_thread_blocked, id=7123, stack(0x00007fd31d8c9000,0x00007fd31d9ca000)]
  0x00007fd2f4008800 JavaThread "pool-2-thread-1" [_thread_blocked, id=7122, stack(0x00007fd31d9ca000,0x00007fd31dacb000)]
  0x00007fd308007000 JavaThread "pool-4-thread-1" [_thread_blocked, id=7121, stack(0x00007fd38bae7000,0x00007fd38bbe8000)]
  0x00007fd374005800 JavaThread "http-8088-2" daemon [_thread_blocked, id=7112, stack(0x00007fd38a6d2000,0x00007fd38a7d3000)]
  0x00007fd34d16e800 JavaThread "ClockDriftDetector" daemon [_thread_blocked, id=7104, stack(0x00007fd31e9f2000,0x00007fd31eaf3000)]
  0x00007fd34d16b800 JavaThread "PyLib_ScriptWatcher" daemon [_thread_blocked, id=7103, stack(0x00007fd31eaf3000,0x00007fd31ebf4000)]
  0x00007fd34d168000 JavaThread "PyFile_ChangeNotifier" daemon [_thread_blocked, id=7102, stack(0x00007fd31ebf4000,0x00007fd31ecf5000)]
  0x00007fd34d166000 JavaThread "Thread-18" daemon [_thread_in_native, id=7101, stack(0x00007fd31ecf5000,0x00007fd31edf6000)]
  0x00007fd374004800 JavaThread "http-8088-1" daemon [_thread_in_native, id=7077, stack(0x00007fd38b0df000,0x00007fd38b1e0000)]
  0x00007fd41058e800 JavaThread "TP-Monitor" daemon [_thread_blocked, id=7064, stack(0x00007fd38b3e0000,0x00007fd38b4e1000)]
  0x00007fd41058d000 JavaThread "TP-Processor4" daemon [_thread_blocked, id=7063, stack(0x00007fd38b4e1000,0x00007fd38b5e2000)]
  0x00007fd410596000 JavaThread "TP-Processor3" daemon [_thread_blocked, id=7062, stack(0x00007fd38b5e2000,0x00007fd38b6e3000)]
  0x00007fd410595800 JavaThread "TP-Processor2" daemon [_thread_blocked, id=7061, stack(0x00007fd38b6e3000,0x00007fd38b7e4000)]
  0x00007fd410594800 JavaThread "TP-Processor1" daemon [_thread_blocked, id=7060, stack(0x00007fd38b7e4000,0x00007fd38b8e5000)]
  0x00007fd41057a000 JavaThread "http-8088-Acceptor-0" daemon [_thread_blocked, id=7059, stack(0x00007fd38b8e5000,0x00007fd38b9e6000)]
  0x00007fd380006000 JavaThread "RMI Scheduler(0)" daemon [_thread_blocked, id=7054, stack(0x00007fd38bbe8000,0x00007fd38bce9000)]
  0x00007fd4104ff000 JavaThread "GC Daemon" daemon [_thread_blocked, id=7050, stack(0x00007fd3d04d7000,0x00007fd3d05d8000)]
  0x00007fd4104c2000 JavaThread "Abandoned connection cleanup thread" daemon [_thread_blocked, id=7049, stack(0x00007fd3d1cb2000,0x00007fd3d1db3000)]
  0x00007fd41022f000 JavaThread "RMI TCP Accept-0" daemon [_thread_in_native, id=7047, stack(0x00007fd3d20b4000,0x00007fd3d21b5000)]
  0x00007fd41021d800 JavaThread "RMI TCP Accept-1099" daemon [_thread_in_native, id=7046, stack(0x00007fd3d21b5000,0x00007fd3d22b6000)]
  0x00007fd41020c800 JavaThread "RMI TCP Accept-0" daemon [_thread_in_native, id=7045, stack(0x00007fd3d22b6000,0x00007fd3d23b7000)]
  0x00007fd4100ed000 JavaThread "Service Thread" daemon [_thread_blocked, id=7044, stack(0x00007fd3d29e8000,0x00007fd3d2ae9000)]
  0x00007fd4100cf800 JavaThread "C1 CompilerThread3" daemon [_thread_blocked, id=7043, stack(0x00007fd3d2ae9000,0x00007fd3d2bea000)]
  0x00007fd4100cd000 JavaThread "C2 CompilerThread2" daemon [_thread_in_native, id=7042, stack(0x00007fd3d2bea000,0x00007fd3d2ceb000)]
  0x00007fd4100cb800 JavaThread "C2 CompilerThread1" daemon [_thread_in_native, id=7041, stack(0x00007fd3d2ceb000,0x00007fd3d2dec000)]
  0x00007fd4100c8800 JavaThread "C2 CompilerThread0" daemon [_thread_in_native, id=7040, stack(0x00007fd3d2dec000,0x00007fd3d2eed000)]
  0x00007fd4100c6800 JavaThread "JDWP Event Helper Thread" daemon [_thread_blocked, id=7037, stack(0x00007fd3d2fee000,0x00007fd3d30ef000)]
  0x00007fd4100b6000 JavaThread "Signal Dispatcher" daemon [_thread_blocked, id=7034, stack(0x00007fd3d33f4000,0x00007fd3d34f5000)]
  0x00007fd410087800 JavaThread "Finalizer" daemon [_thread_blocked, id=7033, stack(0x00007fd3d34f5000,0x00007fd3d35f6000)]
  0x00007fd410085800 JavaThread "Reference Handler" daemon [_thread_blocked, id=7032, stack(0x00007fd3d35f6000,0x00007fd3d36f7000)]
=>0x00007fd41000d000 JavaThread "main" [_thread_in_native, id=7022, stack(0x00007fd4161e5000,0x00007fd4162e6000)]

Other Threads:
  0x00007fd41007e800 VMThread [stack: 0x00007fd3d36f7000,0x00007fd3d37f8000] [id=7031]
  0x00007fd410231000 WatcherThread [stack: 0x00007fd3d1fb3000,0x00007fd3d20b4000] [id=7048]

VM state:not at safepoint (normal execution)

VM Mutex/Monitor currently owned by a thread: None

Heap:
 PSYoungGen      total 288768K, used 258236K [0x000000076ce00000, 0x000000077fc00000, 0x00000007c0000000)
  eden space 270336K, 94% used [0x000000076ce00000,0x000000077c62ab68,0x000000077d600000)
  from space 18432K, 22% used [0x000000077ea00000,0x000000077ee047a8,0x000000077fc00000)
  to   space 19456K, 0% used [0x000000077d600000,0x000000077d600000,0x000000077e900000)
 ParOldGen       total 252928K, used 34603K [0x00000006c6a00000, 0x00000006d6100000, 0x000000076ce00000)
  object space 252928K, 13% used [0x00000006c6a00000,0x00000006c8bcac90,0x00000006d6100000)
 Metaspace       used 59902K, capacity 61217K, committed 61304K, reserved 1101824K
  class space    used 8491K, capacity 8811K, committed 8832K, reserved 1048576K

Card table byte_map: [0x00007fd3ff0ea000,0x00007fd3ff8b6000] byte_map_base: 0x00007fd3fbab5000

Marking Bits: (ParMarkBitMap*) 0x00007fd4156bfc20
 Begin Bits: [0x00007fd3d8350000, 0x00007fd3dc1a8000)
 End Bits:   [0x00007fd3dc1a8000, 0x00007fd3e0000000)

Polling page: 0x00007fd416308000

CodeCache: size=245760Kb used=26293Kb max_used=26426Kb free=219466Kb
 bounds [0x00007fd3ffc76000, 0x00007fd401686000, 0x00007fd40ec76000]
 total_blobs=7244 nmethods=6637 adapters=527
 compilation: enabled

Compilation events (10 events):
Event: 1041.863 Thread 0x00007fd4100cf800 8195       3       java.io.ObjectOutputStream::clear (15 bytes)
Event: 1041.863 Thread 0x00007fd4100cd000 nmethod 8192 0x00007fd4007b59d0 code [0x00007fd4007b5b40, 0x00007fd4007b5db8]
Event: 1041.863 Thread 0x00007fd4100cf800 nmethod 8195 0x00007fd40007ce10 code [0x00007fd40007cfe0, 0x00007fd40007d428]
Event: 1041.863 Thread 0x00007fd4100cf800 8196       3       java.io.ObjectOutputStream$ReplaceTable::clear (24 bytes)
Event: 1041.864 Thread 0x00007fd4100cf800 nmethod 8196 0x00007fd4007b53d0 code [0x00007fd4007b5560, 0x00007fd4007b5848]
Event: 1041.865 Thread 0x00007fd4100c8800 nmethod 8193 0x00007fd40120e6d0 code [0x00007fd40120e860, 0x00007fd40120eb50]
Event: 1041.868 Thread 0x00007fd4100cd000 8198   !   4       java.io.ObjectOutputStream::writeObject0 (619 bytes)
Event: 1041.868 Thread 0x00007fd4100cf800 8199   !   3       java.io.ObjectStreamClass::invokeWriteObject (75 bytes)
Event: 1041.868 Thread 0x00007fd4100c8800 8200       4       java.io.ObjectOutputStream$BlockDataOutputStream::setBlockDataMode (35 bytes)
Event: 1041.869 Thread 0x00007fd4100cf800 nmethod 8199 0x00007fd40126c510 code [0x00007fd40126c700, 0x00007fd40126cf98]

GC Heap History (10 events):
Event: 7.093 GC heap before
{Heap before GC invocations=11 (full 2):
 PSYoungGen      total 203776K, used 203384K [0x000000076ce00000, 0x000000077ab80000, 0x00000007c0000000)
  eden space 192000K, 100% used [0x000000076ce00000,0x0000000778980000,0x0000000778980000)
  from space 11776K, 96% used [0x000000077a000000,0x000000077ab1e1c8,0x000000077ab80000)
  to   space 14336K, 0% used [0x0000000778f80000,0x0000000778f80000,0x0000000779d80000)
 ParOldGen       total 175104K, used 20019K [0x00000006c6a00000, 0x00000006d1500000, 0x000000076ce00000)
  object space 175104K, 11% used [0x00000006c6a00000,0x00000006c7d8cde0,0x00000006d1500000)
 Metaspace       used 47523K, capacity 48352K, committed 48504K, reserved 1091584K
  class space    used 7052K, capacity 7237K, committed 7296K, reserved 1048576K
Event: 7.104 GC heap after
Heap after GC invocations=11 (full 2):
 PSYoungGen      total 212480K, used 11320K [0x000000076ce00000, 0x000000077d080000, 0x00000007c0000000)
  eden space 198144K, 0% used [0x000000076ce00000,0x000000076ce00000,0x0000000778f80000)
  from space 14336K, 78% used [0x0000000778f80000,0x0000000779a8e130,0x0000000779d80000)
  to   space 14336K, 0% used [0x000000077c280000,0x000000077c280000,0x000000077d080000)
 ParOldGen       total 175104K, used 20027K [0x00000006c6a00000, 0x00000006d1500000, 0x000000076ce00000)
  object space 175104K, 11% used [0x00000006c6a00000,0x00000006c7d8ede0,0x00000006d1500000)
 Metaspace       used 47523K, capacity 48352K, committed 48504K, reserved 1091584K
  class space    used 7052K, capacity 7237K, committed 7296K, reserved 1048576K
}
Event: 12.682 GC heap before
{Heap before GC invocations=12 (full 2):
 PSYoungGen      total 212480K, used 209464K [0x000000076ce00000, 0x000000077d080000, 0x00000007c0000000)
  eden space 198144K, 100% used [0x000000076ce00000,0x0000000778f80000,0x0000000778f80000)
  from space 14336K, 78% used [0x0000000778f80000,0x0000000779a8e130,0x0000000779d80000)
  to   space 14336K, 0% used [0x000000077c280000,0x000000077c280000,0x000000077d080000)
 ParOldGen       total 175104K, used 20027K [0x00000006c6a00000, 0x00000006d1500000, 0x000000076ce00000)
  object space 175104K, 11% used [0x00000006c6a00000,0x00000006c7d8ede0,0x00000006d1500000)
 Metaspace       used 56483K, capacity 57646K, committed 57976K, reserved 1099776K
  class space    used 8207K, capacity 8487K, committed 8576K, reserved 1048576K
Event: 12.704 GC heap after
Heap after GC invocations=12 (full 2):
 PSYoungGen      total 246784K, used 14326K [0x000000076ce00000, 0x000000077d980000, 0x00000007c0000000)
  eden space 232448K, 0% used [0x000000076ce00000,0x000000076ce00000,0x000000077b100000)
  from space 14336K, 99% used [0x000000077c280000,0x000000077d07d818,0x000000077d080000)
  to   space 17920K, 0% used [0x000000077b100000,0x000000077b100000,0x000000077c280000)
 ParOldGen       total 175104K, used 26084K [0x00000006c6a00000, 0x00000006d1500000, 0x000000076ce00000)
  object space 175104K, 14% used [0x00000006c6a00000,0x00000006c83792b0,0x00000006d1500000)
 Metaspace       used 56483K, capacity 57646K, committed 57976K, reserved 1099776K
  class space    used 8207K, capacity 8487K, committed 8576K, reserved 1048576K
}
Event: 26.398 GC heap before
{Heap before GC invocations=13 (full 2):
 PSYoungGen      total 246784K, used 220096K [0x000000076ce00000, 0x000000077d980000, 0x00000007c0000000)
  eden space 232448K, 88% used [0x000000076ce00000,0x00000007796f28d8,0x000000077b100000)
  from space 14336K, 99% used [0x000000077c280000,0x000000077d07d818,0x000000077d080000)
  to   space 17920K, 0% used [0x000000077b100000,0x000000077b100000,0x000000077c280000)
 ParOldGen       total 175104K, used 26084K [0x00000006c6a00000, 0x00000006d1500000, 0x000000076ce00000)
  object space 175104K, 14% used [0x00000006c6a00000,0x00000006c83792b0,0x00000006d1500000)
 Metaspace       used 57209K, capacity 58441K, committed 58464K, reserved 1099776K
  class space    used 8282K, capacity 8576K, committed 8576K, reserved 1048576K
Event: 26.422 GC heap after
Heap after GC invocations=13 (full 2):
 PSYoungGen      total 250368K, used 15654K [0x000000076ce00000, 0x000000077fc80000, 0x00000007c0000000)
  eden space 232448K, 0% used [0x000000076ce00000,0x000000076ce00000,0x000000077b100000)
  from space 17920K, 87% used [0x000000077b100000,0x000000077c049a30,0x000000077c280000)
  to   space 18944K, 0% used [0x000000077ea00000,0x000000077ea00000,0x000000077fc80000)
 ParOldGen       total 175104K, used 26092K [0x00000006c6a00000, 0x00000006d1500000, 0x000000076ce00000)
  object space 175104K, 14% used [0x00000006c6a00000,0x00000006c837b2b0,0x00000006d1500000)
 Metaspace       used 57209K, capacity 58441K, committed 58464K, reserved 1099776K
  class space    used 8282K, capacity 8576K, committed 8576K, reserved 1048576K
}
Event: 26.422 GC heap before
{Heap before GC invocations=14 (full 3):
 PSYoungGen      total 250368K, used 15654K [0x000000076ce00000, 0x000000077fc80000, 0x00000007c0000000)
  eden space 232448K, 0% used [0x000000076ce00000,0x000000076ce00000,0x000000077b100000)
  from space 17920K, 87% used [0x000000077b100000,0x000000077c049a30,0x000000077c280000)
  to   space 18944K, 0% used [0x000000077ea00000,0x000000077ea00000,0x000000077fc80000)
 ParOldGen       total 175104K, used 26092K [0x00000006c6a00000, 0x00000006d1500000, 0x000000076ce00000)
  object space 175104K, 14% used [0x00000006c6a00000,0x00000006c837b2b0,0x00000006d1500000)
 Metaspace       used 57209K, capacity 58441K, committed 58464K, reserved 1099776K
  class space    used 8282K, capacity 8576K, committed 8576K, reserved 1048576K
Event: 26.621 GC heap after
Heap after GC invocations=14 (full 3):
 PSYoungGen      total 250368K, used 0K [0x000000076ce00000, 0x000000077fc80000, 0x00000007c0000000)
  eden space 232448K, 0% used [0x000000076ce00000,0x000000076ce00000,0x000000077b100000)
  from space 17920K, 0% used [0x000000077b100000,0x000000077b100000,0x000000077c280000)
  to   space 18944K, 0% used [0x000000077ea00000,0x000000077ea00000,0x000000077fc80000)
 ParOldGen       total 252928K, used 34595K [0x00000006c6a00000, 0x00000006d6100000, 0x000000076ce00000)
  object space 252928K, 13% used [0x00000006c6a00000,0x00000006c8bc8c90,0x00000006d6100000)
 Metaspace       used 57188K, capacity 58413K, committed 58464K, reserved 1099776K
  class space    used 8281K, capacity 8572K, committed 8576K, reserved 1048576K
}
Event: 463.976 GC heap before
{Heap before GC invocations=15 (full 3):
 PSYoungGen      total 250368K, used 232448K [0x000000076ce00000, 0x000000077fc80000, 0x00000007c0000000)
  eden space 232448K, 100% used [0x000000076ce00000,0x000000077b100000,0x000000077b100000)
  from space 17920K, 0% used [0x000000077b100000,0x000000077b100000,0x000000077c280000)
  to   space 18944K, 0% used [0x000000077ea00000,0x000000077ea00000,0x000000077fc80000)
 ParOldGen       total 252928K, used 34595K [0x00000006c6a00000, 0x00000006d6100000, 0x000000076ce00000)
  object space 252928K, 13% used [0x00000006c6a00000,0x00000006c8bc8c90,0x00000006d6100000)
 Metaspace       used 59501K, capacity 60823K, committed 61048K, reserved 1101824K
  class space    used 8468K, capacity 8772K, committed 8832K, reserved 1048576K
Event: 463.984 GC heap after
Heap after GC invocations=15 (full 3):
 PSYoungGen      total 288768K, used 4113K [0x000000076ce00000, 0x000000077fc00000, 0x00000007c0000000)
  eden space 270336K, 0% used [0x000000076ce00000,0x000000076ce00000,0x000000077d600000)
  from space 18432K, 22% used [0x000000077ea00000,0x000000077ee047a8,0x000000077fc00000)
  to   space 19456K, 0% used [0x000000077d600000,0x000000077d600000,0x000000077e900000)
 ParOldGen       total 252928K, used 34603K [0x00000006c6a00000, 0x00000006d6100000, 0x000000076ce00000)
  object space 252928K, 13% used [0x00000006c6a00000,0x00000006c8bcac90,0x00000006d6100000)
 Metaspace       used 59501K, capacity 60823K, committed 61048K, reserved 1101824K
  class space    used 8468K, capacity 8772K, committed 8832K, reserved 1048576K
}

Deoptimization events (10 events):
Event: 1041.855 Thread 0x00007fd34000c000 Uncommon trap: reason=unreached action=reinterpret pc=0x00007fd4015f79b8 method=java.util.concurrent.locks.AbstractQueuedSynchronizer$ConditionObject.await()V @ 81
Event: 1041.861 Thread 0x00007fd41000d000 Uncommon trap: reason=bimorphic action=maybe_recompile pc=0x00007fd400ef080c method=java.io.ObjectOutputStream$BlockDataOutputStream.drain()V @ 36
Event: 1041.862 Thread 0x00007fd41000d000 Uncommon trap: reason=bimorphic action=maybe_recompile pc=0x00007fd400eeebb8 method=java.io.ObjectOutputStream$BlockDataOutputStream.drain()V @ 36
Event: 1041.862 Thread 0x00007fd41000d000 Uncommon trap: reason=bimorphic action=maybe_recompile pc=0x00007fd400ef080c method=java.io.ObjectOutputStream$BlockDataOutputStream.drain()V @ 36
Event: 1041.862 Thread 0x00007fd41000d000 Uncommon trap: reason=class_check action=maybe_recompile pc=0x00007fd400fcded4 method=java.io.ObjectOutputStream$BlockDataOutputStream.write([BIIZ)V @ 23
Event: 1041.864 Thread 0x00007fd41000d000 Uncommon trap: reason=class_check action=maybe_recompile pc=0x00007fd400fe0b14 method=java.io.ObjectOutputStream$BlockDataOutputStream.write([BIIZ)V @ 23
Event: 1041.865 Thread 0x00007fd41000d000 Uncommon trap: reason=class_check action=maybe_recompile pc=0x00007fd400fe0b14 method=java.io.ObjectOutputStream$BlockDataOutputStream.write([BIIZ)V @ 23
Event: 1041.865 Thread 0x00007fd41000d000 Uncommon trap: reason=class_check action=maybe_recompile pc=0x00007fd400fcded4 method=java.io.ObjectOutputStream$BlockDataOutputStream.write([BIIZ)V @ 23
Event: 1041.867 Thread 0x00007fd41000d000 Uncommon trap: reason=class_check action=maybe_recompile pc=0x00007fd400fe0b14 method=java.io.ObjectOutputStream$BlockDataOutputStream.write([BIIZ)V @ 23
Event: 1041.867 Thread 0x00007fd41000d000 Uncommon trap: reason=class_check action=maybe_recompile pc=0x00007fd400fc3be8 method=java.io.ObjectOutputStream$BlockDataOutputStream.write([BIIZ)V @ 23

Internal exceptions (10 events):
Event: 1041.735 Thread 0x00007fd41000d000 Exception <a 'java/security/PrivilegedActionException'> (0x000000077ba623d0) thrown at [/HUDSON/workspace/8-2-build-linux-amd64/jdk8u20/526.nc/hotspot/src/share/vm/prims/jvm.cpp, line 1258]
Event: 1041.739 Thread 0x00007fd41000d000 Exception <a 'java/security/PrivilegedActionException'> (0x000000077ba747b8) thrown at [/HUDSON/workspace/8-2-build-linux-amd64/jdk8u20/526.nc/hotspot/src/share/vm/prims/jvm.cpp, line 1258]
Event: 1041.739 Thread 0x00007fd41000d000 Exception <a 'java/security/PrivilegedActionException'> (0x000000077ba75358) thrown at [/HUDSON/workspace/8-2-build-linux-amd64/jdk8u20/526.nc/hotspot/src/share/vm/prims/jvm.cpp, line 1258]
Event: 1041.741 Thread 0x00007fd41000d000 Exception <a 'java/lang/NullPointerException'> (0x000000077ba7dd88) thrown at [/HUDSON/workspace/8-2-build-linux-amd64/jdk8u20/526.nc/hotspot/src/share/vm/interpreter/linkResolver.cpp, line 1268]
Event: 1041.866 Thread 0x00007fd41000d000 Exception <a 'java/security/PrivilegedActionException'> (0x000000077baa0328) thrown at [/HUDSON/workspace/8-2-build-linux-amd64/jdk8u20/526.nc/hotspot/src/share/vm/prims/jvm.cpp, line 1258]
Event: 1041.866 Thread 0x00007fd41000d000 Exception <a 'java/security/PrivilegedActionException'> (0x000000077baa1308) thrown at [/HUDSON/workspace/8-2-build-linux-amd64/jdk8u20/526.nc/hotspot/src/share/vm/prims/jvm.cpp, line 1258]
Event: 1041.866 Thread 0x00007fd41000d000 Exception <a 'java/security/PrivilegedActionException'> (0x000000077babca88) thrown at [/HUDSON/workspace/8-2-build-linux-amd64/jdk8u20/526.nc/hotspot/src/share/vm/prims/jvm.cpp, line 1258]
Event: 1041.866 Thread 0x00007fd41000d000 Exception <a 'java/security/PrivilegedActionException'> (0x000000077babdaf8) thrown at [/HUDSON/workspace/8-2-build-linux-amd64/jdk8u20/526.nc/hotspot/src/share/vm/prims/jvm.cpp, line 1258]
Event: 1041.867 Thread 0x00007fd41000d000 Exception <a 'java/security/PrivilegedActionException'> (0x000000077bacdfe8) thrown at [/HUDSON/workspace/8-2-build-linux-amd64/jdk8u20/526.nc/hotspot/src/share/vm/prims/jvm.cpp, line 1258]
Event: 1041.867 Thread 0x00007fd41000d000 Exception <a 'java/security/PrivilegedActionException'> (0x000000077bacf008) thrown at [/HUDSON/workspace/8-2-build-linux-amd64/jdk8u20/526.nc/hotspot/src/share/vm/prims/jvm.cpp, line 1258]

Events (10 events):
Event: 1041.868 Thread 0x00007fd41000d000 DEOPT PACKING pc=0x00007fd40047a964 sp=0x00007fd4162e1b70
Event: 1041.868 Thread 0x00007fd41000d000 DEOPT UNPACKING pc=0x00007fd3ffcbd41a sp=0x00007fd4162e1930 mode 1
Event: 1041.868 Thread 0x00007fd41000d000 DEOPT PACKING pc=0x00007fd4004d0b8c sp=0x00007fd4162e1c40
Event: 1041.868 Thread 0x00007fd41000d000 DEOPT UNPACKING pc=0x00007fd3ffcbd41a sp=0x00007fd4162e1a08 mode 1
Event: 1041.868 Thread 0x00007fd41000d000 DEOPT PACKING pc=0x00007fd40047a964 sp=0x00007fd4162e1bb0
Event: 1041.868 Thread 0x00007fd41000d000 DEOPT UNPACKING pc=0x00007fd3ffcbd41a sp=0x00007fd4162e1988 mode 1
Event: 1041.868 Executing VM operation: RevokeBias
Event: 1041.868 Executing VM operation: RevokeBias done
Event: 1041.868 Executing VM operation: RevokeBias
Event: 1041.868 Executing VM operation: RevokeBias done


Dynamic libraries:
00400000-00401000 r-xp 00000000 08:06 19938758                           /usr/lib/jvm/jdk1.8.0_20/bin/java
00600000-00601000 rw-p 00000000 08:06 19938758                           /usr/lib/jvm/jdk1.8.0_20/bin/java
0120f000-01230000 rw-p 00000000 00:00 0                                  [heap]
6c6a00000-6d6100000 rw-p 00000000 00:00 0 
6d6100000-76ce00000 ---p 00000000 00:00 0 
76ce00000-77fc00000 rw-p 00000000 00:00 0 
77fc00000-7c0000000 ---p 00000000 00:00 0 
7c0000000-7c08a0000 rw-p 00000000 00:00 0 
7c08a0000-800000000 ---p 00000000 00:00 0 
7fd2ec000000-7fd2ec0dc000 rw-p 00000000 00:00 0 
7fd2ec0dc000-7fd2f0000000 ---p 00000000 00:00 0 
7fd2f4000000-7fd2f404f000 rw-p 00000000 00:00 0 
7fd2f404f000-7fd2f8000000 ---p 00000000 00:00 0 
7fd2f8000000-7fd2f827d000 rw-p 00000000 00:00 0 
7fd2f827d000-7fd2fc000000 ---p 00000000 00:00 0 
7fd2fc000000-7fd2fc021000 rw-p 00000000 00:00 0 
7fd2fc021000-7fd300000000 ---p 00000000 00:00 0 
7fd300000000-7fd300021000 rw-p 00000000 00:00 0 
7fd300021000-7fd304000000 ---p 00000000 00:00 0 
7fd304000000-7fd304021000 rw-p 00000000 00:00 0 
7fd304021000-7fd308000000 ---p 00000000 00:00 0 
7fd308000000-7fd3080b6000 rw-p 00000000 00:00 0 
7fd3080b6000-7fd30c000000 ---p 00000000 00:00 0 
7fd30c000000-7fd30c021000 rw-p 00000000 00:00 0 
7fd30c021000-7fd310000000 ---p 00000000 00:00 0 
7fd310000000-7fd3100de000 rw-p 00000000 00:00 0 
7fd3100de000-7fd314000000 ---p 00000000 00:00 0 
7fd314000000-7fd314021000 rw-p 00000000 00:00 0 
7fd314021000-7fd318000000 ---p 00000000 00:00 0 
7fd318000000-7fd318041000 rw-p 00000000 00:00 0 
7fd318041000-7fd31c000000 ---p 00000000 00:00 0 
7fd31d6c7000-7fd31d6ca000 ---p 00000000 00:00 0 
7fd31d6ca000-7fd31d7c8000 rw-p 00000000 00:00 0                          [stack:7125]
7fd31d7c8000-7fd31d7cb000 ---p 00000000 00:00 0 
7fd31d7cb000-7fd31d8c9000 rw-p 00000000 00:00 0                          [stack:7124]
7fd31d8c9000-7fd31d8cc000 ---p 00000000 00:00 0 
7fd31d8cc000-7fd31d9ca000 rw-p 00000000 00:00 0                          [stack:7123]
7fd31d9ca000-7fd31d9cd000 ---p 00000000 00:00 0 
7fd31d9cd000-7fd31dc0b000 rw-p 00000000 00:00 0                          [stack:7122]
7fd31dc0b000-7fd31dcce000 ---p 00000000 00:00 0 
7fd31dcce000-7fd31ddcc000 rw-p 00000000 00:00 0 
7fd31ddcc000-7fd31ddcf000 ---p 00000000 00:00 0 
7fd31ddcf000-7fd31decd000 rw-p 00000000 00:00 0 
7fd31decd000-7fd31ded0000 ---p 00000000 00:00 0 
7fd31ded0000-7fd31e1ce000 rw-p 00000000 00:00 0 
7fd31e1ce000-7fd31e1e5000 r-xp 00000000 08:06 15602148                   /lib/x86_64-linux-gnu/libresolv-2.19.so
7fd31e1e5000-7fd31e3e5000 ---p 00017000 08:06 15602148                   /lib/x86_64-linux-gnu/libresolv-2.19.so
7fd31e3e5000-7fd31e3e6000 r--p 00017000 08:06 15602148                   /lib/x86_64-linux-gnu/libresolv-2.19.so
7fd31e3e6000-7fd31e3e7000 rw-p 00018000 08:06 15602148                   /lib/x86_64-linux-gnu/libresolv-2.19.so
7fd31e3e7000-7fd31e3e9000 rw-p 00000000 00:00 0 
7fd31e3e9000-7fd31e3ee000 r-xp 00000000 08:06 15602324                   /lib/x86_64-linux-gnu/libnss_dns-2.19.so
7fd31e3ee000-7fd31e5ed000 ---p 00005000 08:06 15602324                   /lib/x86_64-linux-gnu/libnss_dns-2.19.so
7fd31e5ed000-7fd31e5ee000 r--p 00004000 08:06 15602324                   /lib/x86_64-linux-gnu/libnss_dns-2.19.so
7fd31e5ee000-7fd31e5ef000 rw-p 00005000 08:06 15602324                   /lib/x86_64-linux-gnu/libnss_dns-2.19.so
7fd31e5ef000-7fd31e5f1000 r-xp 00000000 08:06 15601607                   /lib/x86_64-linux-gnu/libnss_mdns4_minimal.so.2
7fd31e5f1000-7fd31e7f0000 ---p 00002000 08:06 15601607                   /lib/x86_64-linux-gnu/libnss_mdns4_minimal.so.2
7fd31e7f0000-7fd31e7f1000 r--p 00001000 08:06 15601607                   /lib/x86_64-linux-gnu/libnss_mdns4_minimal.so.2
7fd31e7f1000-7fd31e7f2000 rw-p 00002000 08:06 15601607                   /lib/x86_64-linux-gnu/libnss_mdns4_minimal.so.2
7fd31e7f2000-7fd31e9f2000 rw-p 00000000 00:00 0 
7fd31e9f2000-7fd31e9f5000 ---p 00000000 00:00 0 
7fd31e9f5000-7fd31eaf3000 rw-p 00000000 00:00 0                          [stack:7104]
7fd31eaf3000-7fd31eaf6000 ---p 00000000 00:00 0 
7fd31eaf6000-7fd31ebf4000 rw-p 00000000 00:00 0                          [stack:7103]
7fd31ebf4000-7fd31ebf7000 ---p 00000000 00:00 0 
7fd31ebf7000-7fd31ecf5000 rw-p 00000000 00:00 0                          [stack:7102]
7fd31ecf5000-7fd31ecf8000 ---p 00000000 00:00 0 
7fd31ecf8000-7fd31eff6000 rw-p 00000000 00:00 0                          [stack:7101]
7fd31eff6000-7fd31eff9000 ---p 00000000 00:00 0 
7fd31eff9000-7fd31f2f7000 rw-p 00000000 00:00 0 
7fd31f2f7000-7fd31f2fa000 ---p 00000000 00:00 0 
7fd31f2fa000-7fd31f3f8000 rw-p 00000000 00:00 0 
7fd31f3f8000-7fd31f3fb000 ---p 00000000 00:00 0 
7fd31f3fb000-7fd31f4f9000 rw-p 00000000 00:00 0 
7fd31f4f9000-7fd31f4fc000 ---p 00000000 00:00 0 
7fd31f4fc000-7fd31f7fa000 rw-p 00000000 00:00 0 
7fd31f7fa000-7fd31f7fd000 ---p 00000000 00:00 0 
7fd31f7fd000-7fd31f8fb000 rw-p 00000000 00:00 0 
7fd31f8fb000-7fd31f8fe000 ---p 00000000 00:00 0 
7fd31f8fe000-7fd31fbfc000 rw-p 00000000 00:00 0 
7fd31fbfc000-7fd31fbff000 ---p 00000000 00:00 0 
7fd31fbff000-7fd31fcfd000 rw-p 00000000 00:00 0 
7fd31fcfd000-7fd31fd00000 ---p 00000000 00:00 0 
7fd31fd00000-7fd31fdfe000 rw-p 00000000 00:00 0 
7fd31fdfe000-7fd31fe01000 ---p 00000000 00:00 0 
7fd31fe01000-7fd31feff000 rw-p 00000000 00:00 0 
7fd31feff000-7fd31ff02000 ---p 00000000 00:00 0 
7fd31ff02000-7fd320000000 rw-p 00000000 00:00 0 
7fd320000000-7fd320021000 rw-p 00000000 00:00 0 
7fd320021000-7fd324000000 ---p 00000000 00:00 0 
7fd324000000-7fd324021000 rw-p 00000000 00:00 0 
7fd324021000-7fd328000000 ---p 00000000 00:00 0 
7fd328000000-7fd328113000 rw-p 00000000 00:00 0 
7fd328113000-7fd32c000000 ---p 00000000 00:00 0 
7fd32c000000-7fd32c021000 rw-p 00000000 00:00 0 
7fd32c021000-7fd330000000 ---p 00000000 00:00 0 
7fd330000000-7fd330021000 rw-p 00000000 00:00 0 
7fd330021000-7fd334000000 ---p 00000000 00:00 0 
7fd334000000-7fd334021000 rw-p 00000000 00:00 0 
7fd334021000-7fd338000000 ---p 00000000 00:00 0 
7fd338000000-7fd338021000 rw-p 00000000 00:00 0 
7fd338021000-7fd33c000000 ---p 00000000 00:00 0 
7fd33c000000-7fd33c021000 rw-p 00000000 00:00 0 
7fd33c021000-7fd340000000 ---p 00000000 00:00 0 
7fd340000000-7fd340021000 rw-p 00000000 00:00 0 
7fd340021000-7fd344000000 ---p 00000000 00:00 0 
7fd344000000-7fd344036000 rw-p 00000000 00:00 0 
7fd344036000-7fd348000000 ---p 00000000 00:00 0 
7fd348000000-7fd348021000 rw-p 00000000 00:00 0 
7fd348021000-7fd34c000000 ---p 00000000 00:00 0 
7fd34c000000-7fd34d1a9000 rw-p 00000000 00:00 0 
7fd34d1a9000-7fd350000000 ---p 00000000 00:00 0 
7fd350000000-7fd350021000 rw-p 00000000 00:00 0 
7fd350021000-7fd354000000 ---p 00000000 00:00 0 
7fd354000000-7fd354021000 rw-p 00000000 00:00 0 
7fd354021000-7fd358000000 ---p 00000000 00:00 0 
7fd358000000-7fd358021000 rw-p 00000000 00:00 0 
7fd358021000-7fd35c000000 ---p 00000000 00:00 0 
7fd35c000000-7fd35c561000 rw-p 00000000 00:00 0 
7fd35c561000-7fd360000000 ---p 00000000 00:00 0 
7fd360000000-7fd360021000 rw-p 00000000 00:00 0 
7fd360021000-7fd364000000 ---p 00000000 00:00 0 
7fd364000000-7fd36405d000 rw-p 00000000 00:00 0 
7fd36405d000-7fd368000000 ---p 00000000 00:00 0 
7fd368000000-7fd368021000 rw-p 00000000 00:00 0 
7fd368021000-7fd36c000000 ---p 00000000 00:00 0 
7fd36c000000-7fd36c021000 rw-p 00000000 00:00 0 
7fd36c021000-7fd370000000 ---p 00000000 00:00 0 
7fd370000000-7fd370137000 rw-p 00000000 00:00 0 
7fd370137000-7fd374000000 ---p 00000000 00:00 0 
7fd374000000-7fd374021000 rw-p 00000000 00:00 0 
7fd374021000-7fd378000000 ---p 00000000 00:00 0 
7fd378000000-7fd378021000 rw-p 00000000 00:00 0 
7fd378021000-7fd37c000000 ---p 00000000 00:00 0 
7fd37c000000-7fd37c58e000 rw-p 00000000 00:00 0 
7fd37c58e000-7fd380000000 ---p 00000000 00:00 0 
7fd380000000-7fd380021000 rw-p 00000000 00:00 0 
7fd380021000-7fd384000000 ---p 00000000 00:00 0 
7fd384000000-7fd384021000 rw-p 00000000 00:00 0 
7fd384021000-7fd388000000 ---p 00000000 00:00 0 
7fd3880eb000-7fd3880ee000 ---p 00000000 00:00 0 
7fd3880ee000-7fd3881ec000 rw-p 00000000 00:00 0 
7fd3881ec000-7fd3881ef000 ---p 00000000 00:00 0 
7fd3881ef000-7fd3882ed000 rw-p 00000000 00:00 0 
7fd3882ed000-7fd3882f0000 ---p 00000000 00:00 0 
7fd3882f0000-7fd3885ee000 rw-p 00000000 00:00 0 
7fd3885ee000-7fd3885f1000 ---p 00000000 00:00 0 
7fd3885f1000-7fd3886ef000 rw-p 00000000 00:00 0 
7fd3886ef000-7fd3886f2000 ---p 00000000 00:00 0 
7fd3886f2000-7fd3887f0000 rw-p 00000000 00:00 0 
7fd3887f0000-7fd3887f3000 ---p 00000000 00:00 0 
7fd3887f3000-7fd388af1000 rw-p 00000000 00:00 0 
7fd388af1000-7fd388af4000 ---p 00000000 00:00 0 
7fd388af4000-7fd388bf2000 rw-p 00000000 00:00 0                          [stack:7178]
7fd388d00000-7fd388f00000 rw-p 00000000 00:00 0 
7fd388f00000-7fd3890fe000 rw-p 00000000 00:00 0 
7fd3890fe000-7fd389100000 ---p 00000000 00:00 0 
7fd389100000-7fd389300000 rw-p 00000000 00:00 0 
7fd389300000-7fd389303000 ---p 00000000 00:00 0 
7fd389303000-7fd389401000 rw-p 00000000 00:00 0 
7fd389401000-7fd389404000 ---p 00000000 00:00 0 
7fd389404000-7fd389502000 rw-p 00000000 00:00 0 
7fd3895a9000-7fd3895c1000 r--s 000f6000 08:06 2374859                    /usr/local/development/dev-7-7/Ignition/IgnitionWebApp/target/ignition-webapp-7.7/WEB-INF/lib/xopc-2.7.2-SNAPSHOT.jar
7fd3895c1000-7fd3895ce000 r--s 000a0000 08:06 2374890                    /usr/local/development/dev-7-7/Ignition/IgnitionWebApp/target/ignition-webapp-7.7/WEB-INF/lib/winpack-3.8.3.jar
7fd3895ce000-7fd3895d8000 r--s 0005c000 08:06 2365026                    /usr/local/development/dev-7-7/Ignition/IgnitionWebApp/target/ignition-webapp-7.7/WEB-INF/lib/wicket-util-6.1.1.jar
7fd3895d8000-7fd3895ea000 r--s 00138000 08:06 2374825                    /usr/local/development/dev-7-7/Ignition/IgnitionWebApp/target/ignition-webapp-7.7/WEB-INF/lib/wicket-extensions-6.1.1.jar
7fd3895ea000-7fd3897ea000 rw-p 00000000 00:00 0 
7fd3897ea000-7fd3899ea000 rw-p 00000000 00:00 0 
7fd3899f2000-7fd3899f3000 r--s 00000000 08:06 2374863                    /usr/local/development/dev-7-7/Ignition/IgnitionWebApp/target/ignition-webapp-7.7/WEB-INF/lib/xopc-common-2.7.2-SNAPSHOT.jar
7fd3899f3000-7fd3899f6000 r--s 00012000 08:06 2365027                    /usr/local/development/dev-7-7/Ignition/IgnitionWebApp/target/ignition-webapp-7.7/WEB-INF/lib/wicket-request-6.1.1.jar
7fd3899f6000-7fd3899f9000 r--s 00038000 08:06 2374824                    /usr/local/development/dev-7-7/Ignition/IgnitionWebApp/target/ignition-webapp-7.7/WEB-INF/lib/wicket-datetime-6.1.1.jar
7fd3899f9000-7fd389a1c000 r--s 001a3000 08:06 2365025                    /usr/local/development/dev-7-7/Ignition/IgnitionWebApp/target/ignition-webapp-7.7/WEB-INF/lib/wicket-core-6.1.1.jar
7fd389a1c000-7fd389a1e000 r--s 0012e000 08:06 2374875                    /usr/local/development/dev-7-7/Ignition/IgnitionWebApp/target/ignition-webapp-7.7/WEB-INF/lib/voice-cmu-slt-hsmm-5.0.jar
7fd389a1e000-7fd389a1f000 r--s 00006000 08:06 2374865                    /usr/local/development/dev-7-7/Ignition/IgnitionWebApp/target/ignition-webapp-7.7/WEB-INF/lib/user-manual-module-1.7.0-20131026.004611-6.jar
7fd389a1f000-7fd389a22000 r--s 00017000 08:06 2374845                    /usr/local/development/dev-7-7/Ignition/IgnitionWebApp/target/ignition-webapp-7.7/WEB-INF/lib/timingframework-1.0.jar
7fd389a22000-7fd389a24000 r--s 00001000 08:06 2365014                    /usr/local/development/dev-7-7/Ignition/IgnitionWebApp/target/ignition-webapp-7.7/WEB-INF/lib/slf4j-log4j12-1.7.5.jar
7fd389a24000-7fd389a26000 r--s 00005000 08:06 2365013                    /usr/local/development/dev-7-7/Ignition/IgnitionWebApp/target/ignition-webapp-7.7/WEB-INF/lib/slf4j-api-1.7.5.jar
7fd389a26000-7fd389a30000 r--s 00061000 08:06 2374872                    /usr/local/development/dev-7-7/Ignition/IgnitionWebApp/target/ignition-webapp-7.7/WEB-INF/lib/sip-notification-2.7.2-SNAPSHOT.jar
7fd389a30000-7fd389a33000 r--s 0001f000 08:06 4198523                    /usr/local/development/dev-7-7/Ignition/IgnitionWebApp/target/ignition-webapp-7.7/WEB-INF/lib/simple-orm-7.7.2-SNAPSHOT.jar
7fd389a33000-7fd389a35000 r--s 00003000 08:06 2374881                    /usr/local/development/dev-7-7/Ignition/IgnitionWebApp/target/ignition-webapp-7.7/WEB-INF/lib/sfc-gateway-api-1.7.1-SNAPSHOT.jar
7fd389a35000-7fd389a38000 r--s 00019000 08:06 2374880                    /usr/local/development/dev-7-7/Ignition/IgnitionWebApp/target/ignition-webapp-7.7/WEB-INF/lib/sfc-gateway-1.7.1-SNAPSHOT.jar
7fd389a38000-7fd389a3b000 r--s 00016000 08:06 2374882                    /usr/local/development/dev-7-7/Ignition/IgnitionWebApp/target/ignition-webapp-7.7/WEB-INF/lib/sfc-common-1.7.1-SNAPSHOT.jar
7fd389a3b000-7fd389a3d000 r--s 0000f000 08:06 2374885                    /usr/local/development/dev-7-7/Ignition/IgnitionWebApp/target/ignition-webapp-7.7/WEB-INF/lib/serialio-8.7.0.jar
7fd389a3d000-7fd389a42000 r--s 0003e000 08:06 2374832                    /usr/local/development/dev-7-7/Ignition/IgnitionWebApp/target/ignition-webapp-7.7/WEB-INF/lib/saaj-impl-1.3.jar
7fd389a42000-7fd389ab1000 r--s 007bb000 08:06 2374873                    /usr/local/development/dev-7-7/Ignition/IgnitionWebApp/target/ignition-webapp-7.7/WEB-INF/lib/marytts-server-5.0.jar
7fd389ab1000-7fd389ab8000 r--s 00000000 08:06 15863595                   /usr/lib/x86_64-linux-gnu/gconv/gconv-modules.cache
7fd389ab8000-7fd389cb8000 rw-p 00000000 00:00 0 
7fd389cb8000-7fd389cba000 r--s 00003000 08:06 660443                     /usr/local/development/dev-7-7/Ignition/IgnitionWebApp/src/main/home/temp/sfc-gateway-api8714225378438622540.jar
7fd389cba000-7fd389cbd000 r--s 00019000 08:06 660442                     /usr/local/development/dev-7-7/Ignition/IgnitionWebApp/src/main/home/temp/sfc-gateway7946127691734042407.jar
7fd389cbd000-7fd389cc0000 r--s 00016000 08:06 659385                     /usr/local/development/dev-7-7/Ignition/IgnitionWebApp/src/main/home/temp/sfc-common5129809108036489523.jar
7fd389cc0000-7fd389cc4000 r--s 000be000 08:06 659376                     /usr/local/development/dev-7-7/Ignition/IgnitionWebApp/src/main/home/temp/vis-gateway5648573839170326614.jar
7fd389cc4000-7fd389ccc000 r--s 0009e000 08:06 657830                     /usr/local/development/dev-7-7/Ignition/IgnitionWebApp/src/main/home/temp/secsgem-gateway5430883410128963562.jar
7fd389ccc000-7fd389ecc000 rw-p 00000000 00:00 0 
7fd389ecc000-7fd389ecf000 ---p 00000000 00:00 0 
7fd389ecf000-7fd389fcd000 rw-p 00000000 00:00 0 
7fd389fcd000-7fd389fd0000 ---p 00000000 00:00 0 
7fd389fd0000-7fd38a0ce000 rw-p 00000000 00:00 0 
7fd38a2cf000-7fd38a4d0000 rw-p 00000000 00:00 0 
7fd38a4d0000-7fd38a4d3000 ---p 00000000 00:00 0 
7fd38a4d3000-7fd38a5d1000 rw-p 00000000 00:00 0 
7fd38a5d1000-7fd38a5d4000 ---p 00000000 00:00 0 
7fd38a5d4000-7fd38a6d2000 rw-p 00000000 00:00 0                          [stack:7358]
7fd38a6d2000-7fd38a6d5000 ---p 00000000 00:00 0 
7fd38a6d5000-7fd38a9d3000 rw-p 00000000 00:00 0                          [stack:7112]
7fd38a9d3000-7fd38a9e6000 r--s 00345000 08:06 20582253                   /usr/lib/jvm/jdk1.8.0_20/jre/lib/resources.jar
7fd38a9e6000-7fd38a9e9000 ---p 00000000 00:00 0 
7fd38a9e9000-7fd38ace7000 rw-p 00000000 00:00 0 
7fd38ace7000-7fd38ace8000 r--s 00268000 08:06 2374876                    /usr/local/development/dev-7-7/Ignition/IgnitionWebApp/target/ignition-webapp-7.7/WEB-INF/lib/ttsengine-ivona-2.7.2-SNAPSHOT.jar
7fd38ace8000-7fd38ace9000 r--s 00002000 08:06 659380                     /usr/local/development/dev-7-7/Ignition/IgnitionWebApp/src/main/home/temp/vis-common2112082248305317285.jar
7fd38ace9000-7fd38acea000 r--s 00004000 08:06 658862                     /usr/local/development/dev-7-7/Ignition/IgnitionWebApp/src/main/home/temp/secsgem-shared583092891353641427.jar
7fd38acea000-7fd38acec000 r--s 00028000 08:06 2374883                    /usr/local/development/dev-7-7/Ignition/IgnitionWebApp/target/ignition-webapp-7.7/WEB-INF/lib/serial-support-gateway-2.7.2-SNAPSHOT.jar
7fd38acec000-7fd38acee000 r--s 00002000 08:06 2374884                    /usr/local/development/dev-7-7/Ignition/IgnitionWebApp/target/ignition-webapp-7.7/WEB-INF/lib/serial-support-common-2.7.2-SNAPSHOT.jar
7fd38acee000-7fd38acf0000 r--s 00003000 08:06 2374833                    /usr/local/development/dev-7-7/Ignition/IgnitionWebApp/target/ignition-webapp-7.7/WEB-INF/lib/saaj-api-1.3.jar
7fd38acf0000-7fd38acfa000 r--s 0005c000 08:06 2374887                    /usr/local/development/dev-7-7/Ignition/IgnitionWebApp/target/ignition-webapp-7.7/WEB-INF/lib/opccom-gateway-2.7.2-SNAPSHOT.jar
7fd38acfa000-7fd38acfb000 r--s 00001000 08:06 2374886                    /usr/local/development/dev-7-7/Ignition/IgnitionWebApp/target/ignition-webapp-7.7/WEB-INF/lib/opccom-common-2.7.2-SNAPSHOT.jar
7fd38acfb000-7fd38ad00000 r--s 00086000 08:06 2374878                    /usr/local/development/dev-7-7/Ignition/IgnitionWebApp/target/ignition-webapp-7.7/WEB-INF/lib/mobile-gateway-2.7.2-SNAPSHOT.jar
7fd38ad00000-7fd38ad02000 r--s 00002000 08:06 2374879                    /usr/local/development/dev-7-7/Ignition/IgnitionWebApp/target/ignition-webapp-7.7/WEB-INF/lib/mobile-common-2.7.2-SNAPSHOT.jar
7fd38ad02000-7fd38ad03000 r--s 00003000 08:06 2374849                    /usr/local/development/dev-7-7/Ignition/IgnitionWebApp/target/ignition-webapp-7.7/WEB-INF/lib/miglayout-swing-4.2.jar
7fd38ad03000-7fd38ad05000 r--s 0000f000 08:06 2374850                    /usr/local/development/dev-7-7/Ignition/IgnitionWebApp/target/ignition-webapp-7.7/WEB-INF/lib/miglayout-core-4.2.jar
7fd38ad05000-7fd38ad08000 r--s 00012000 08:06 2365017                    /usr/local/development/dev-7-7/Ignition/IgnitionWebApp/target/ignition-webapp-7.7/WEB-INF/lib/metrics-core-3.0.1.jar
7fd38ad08000-7fd38ad0b000 r--s 0069c000 08:06 2374874                    /usr/local/development/dev-7-7/Ignition/IgnitionWebApp/target/ignition-webapp-7.7/WEB-INF/lib/marytts-lang-en-5.0.jar
7fd38ad0b000-7fd38ad13000 r--s 00075000 08:06 2374828                    /usr/local/development/dev-7-7/Ignition/IgnitionWebApp/target/ignition-webapp-7.7/WEB-INF/lib/mail-1.4.5.jar
7fd38ad13000-7fd38ad1c000 r--s 0006f000 08:06 2374892                    /usr/local/development/dev-7-7/Ignition/IgnitionWebApp/target/ignition-webapp-7.7/WEB-INF/lib/log4j-1.2.17.jar
7fd38ad1c000-7fd38ad23000 r--s 00059000 08:06 2365012                    /usr/local/development/dev-7-7/Ignition/IgnitionWebApp/target/ignition-webapp-7.7/WEB-INF/lib/log4j-1.2.15.jar
7fd38ad23000-7fd38adc0000 r--s 0082e000 08:06 2365008                    /usr/local/development/dev-7-7/Ignition/IgnitionWebApp/target/ignition-webapp-7.7/WEB-INF/lib/jython-2.5.3-guava-upgrade.jar
7fd38adc0000-7fd38adc1000 r--s 00001000 08:06 2365015                    /usr/local/development/dev-7-7/Ignition/IgnitionWebApp/target/ignition-webapp-7.7/WEB-INF/lib/jul-to-slf4j-1.7.5.jar
7fd38adc1000-7fd38adc7000 r--s 00036000 08:06 2374826                    /usr/local/development/dev-7-7/Ignition/IgnitionWebApp/target/ignition-webapp-7.7/WEB-INF/lib/jquery-ui-core-6.1.0.jar
7fd38adc7000-7fd38add6000 r--s 0007c000 08:06 2365018                    /usr/local/development/dev-7-7/Ignition/IgnitionWebApp/target/ignition-webapp-7.7/WEB-INF/lib/joda-time-2.0.jar
7fd38add6000-7fd38adda000 r--s 00037000 08:06 2374889                    /usr/local/development/dev-7-7/Ignition/IgnitionWebApp/target/ignition-webapp-7.7/WEB-INF/lib/jniwrap-3.8.3.jar
7fd38adda000-7fd38addc000 r--s 00011000 08:06 2374858                    /usr/local/development/dev-7-7/Ignition/IgnitionWebApp/target/ignition-webapp-7.7/WEB-INF/lib/jide-shortcut-3.5.13.jar
7fd38addc000-7fd38ade0000 r--s 00022000 08:06 2374853                    /usr/local/development/dev-7-7/Ignition/IgnitionWebApp/target/ignition-webapp-7.7/WEB-INF/lib/jide-plaf-3.5.13.jar
7fd38ade0000-7fd38ae06000 r--s 001da000 08:06 2374852                    /usr/local/development/dev-7-7/Ignition/IgnitionWebApp/target/ignition-webapp-7.7/WEB-INF/lib/jide-grids-3.5.13.jar
7fd38ae06000-7fd38ae10000 r--s 00061000 08:06 2374857                    /usr/local/development/dev-7-7/Ignition/IgnitionWebApp/target/ignition-webapp-7.7/WEB-INF/lib/jide-editor-3.5.13.jar
7fd38ae10000-7fd38ae16000 r--s 0004f000 08:06 2374856                    /usr/local/development/dev-7-7/Ignition/IgnitionWebApp/target/ignition-webapp-7.7/WEB-INF/lib/jide-dock-3.5.13.jar
7fd38ae16000-7fd38ae18000 r--s 0000c000 08:06 2374855                    /usr/local/development/dev-7-7/Ignition/IgnitionWebApp/target/ignition-webapp-7.7/WEB-INF/lib/jide-dialogs-3.5.13.jar
7fd38ae18000-7fd38ae20000 r--s 00055000 08:06 2374851                    /usr/local/development/dev-7-7/Ignition/IgnitionWebApp/target/ignition-webapp-7.7/WEB-INF/lib/jide-components-3.5.13.jar
7fd38ae20000-7fd38ae3d000 r--s 00155000 08:06 2365016                    /usr/local/development/dev-7-7/Ignition/IgnitionWebApp/target/ignition-webapp-7.7/WEB-INF/lib/jide-common-3.5.13.jar
7fd38ae3d000-7fd38ae42000 r--s 0002f000 08:06 2374854                    /usr/local/development/dev-7-7/Ignition/IgnitionWebApp/target/ignition-webapp-7.7/WEB-INF/lib/jide-action-3.5.13.jar
7fd38ae42000-7fd38ae56000 r--s 0017c000 08:06 2374847                    /usr/local/development/dev-7-7/Ignition/IgnitionWebApp/target/ignition-webapp-7.7/WEB-INF/lib/jfreechart-min-1.0.0.jar
7fd38ae56000-7fd38ae58000 r--s 00004000 08:06 2374834                    /usr/local/development/dev-7-7/Ignition/IgnitionWebApp/target/ignition-webapp-7.7/WEB-INF/lib/jaxrpc-spi-1.1.3_01.jar
7fd38ae58000-7fd38ae75000 r--s 001ea000 08:06 2374830                    /usr/local/development/dev-7-7/Ignition/IgnitionWebApp/target/ignition-webapp-7.7/WEB-INF/lib/jaxrpc-impl-1.1.3_01.jar
7fd38ae75000-7fd38ae77000 r--s 00005000 08:06 2374831                    /usr/local/development/dev-7-7/Ignition/IgnitionWebApp/target/ignition-webapp-7.7/WEB-INF/lib/jaxrpc-api-1.1.jar
7fd38ae77000-7fd38ae79000 r--s 00013000 08:06 2365010                    /usr/local/development/dev-7-7/Ignition/IgnitionWebApp/target/ignition-webapp-7.7/WEB-INF/lib/java-cup-10k.jar
7fd38ae79000-7fd38ae7a000 r--s 00003000 08:06 2374877                    /usr/local/development/dev-7-7/Ignition/IgnitionWebApp/target/ignition-webapp-7.7/WEB-INF/lib/ivonatts-1.0.0.jar
7fd38ae7a000-7fd38ae7c000 r--s 00001000 08:06 2374862                    /usr/local/development/dev-7-7/Ignition/IgnitionWebApp/target/ignition-webapp-7.7/WEB-INF/lib/io-session-3.0.0-20130122.214435-9.jar
7fd38ae7c000-7fd38ae87000 r--s 00073000 08:06 2374861                    /usr/local/development/dev-7-7/Ignition/IgnitionWebApp/target/ignition-webapp-7.7/WEB-INF/lib/ia-opcua-2.7.2-SNAPSHOT.jar
7fd38ae87000-7fd38ae95000 r--s 0014e000 08:06 2374827                    /usr/local/development/dev-7-7/Ignition/IgnitionWebApp/target/ignition-webapp-7.7/WEB-INF/lib/hsqldb-2.2.9.jar
7fd38ae95000-7fd38ae96000 r--s 00001000 08:06 2374843                    /usr/local/development/dev-7-7/Ignition/IgnitionWebApp/target/ignition-webapp-7.7/WEB-INF/lib/hasp-srm-api-1.0.0.jar
7fd38ae96000-7fd38aeba000 r--s 001aa000 08:06 2365006                    /usr/local/development/dev-7-7/Ignition/IgnitionWebApp/target/ignition-webapp-7.7/WEB-INF/lib/guava-13.0.1.jar
7fd38aeba000-7fd38aedf000 r--s 00155000 08:06 4198524                    /usr/local/development/dev-7-7/Ignition/IgnitionWebApp/target/ignition-webapp-7.7/WEB-INF/lib/gateway-api-7.7.2-SNAPSHOT.jar
7fd38aedf000-7fd38af14000 r--s 00273000 08:06 4198548                    /usr/local/development/dev-7-7/Ignition/IgnitionWebApp/target/ignition-webapp-7.7/WEB-INF/lib/gateway-7.7.2-SNAPSHOT.jar
7fd38af14000-7fd38af18000 r--s 00016000 08:06 2374866                    /usr/local/development/dev-7-7/Ignition/IgnitionWebApp/target/ignition-webapp-7.7/WEB-INF/lib/fsql-common-6.7.2-SNAPSHOT.jar
7fd38af18000-7fd38af20000 r--s 001ca000 08:06 2374867                    /usr/local/development/dev-7-7/Ignition/IgnitionWebApp/target/ignition-webapp-7.7/WEB-INF/lib/fsql-6.7.2-SNAPSHOT.jar
7fd38af20000-7fd38af24000 r--s 000be000 08:06 4198549                    /usr/local/development/dev-7-7/Ignition/IgnitionWebApp/target/ignition-webapp-7.7/WEB-INF/lib/fpmi-gateway-7.7.2-SNAPSHOT.jar
7fd38af24000-7fd38af25000 r--s 00001000 08:06 4198528                    /usr/local/development/dev-7-7/Ignition/IgnitionWebApp/target/ignition-webapp-7.7/WEB-INF/lib/fpmi-common-7.7.2-SNAPSHOT.jar
7fd38af25000-7fd38af28000 r--s 00013000 08:06 2374846                    /usr/local/development/dev-7-7/Ignition/IgnitionWebApp/target/ignition-webapp-7.7/WEB-INF/lib/forms-1.0.7.jar
7fd38af28000-7fd38af2a000 r--s 00003000 08:06 2374864                    /usr/local/development/dev-7-7/Ignition/IgnitionWebApp/target/ignition-webapp-7.7/WEB-INF/lib/drivers-common-2.7.2-SNAPSHOT.jar
7fd38af2a000-7fd38af31000 r--s 0002f000 08:06 2374860                    /usr/local/development/dev-7-7/Ignition/IgnitionWebApp/target/ignition-webapp-7.7/WEB-INF/lib/driver-api-2.7.2-SNAPSHOT.jar
7fd38af31000-7fd38af87000 r--s 00512000 08:06 4198527                    /usr/local/development/dev-7-7/Ignition/IgnitionWebApp/target/ignition-webapp-7.7/WEB-INF/lib/designer-7.7.2-SNAPSHOT.jar
7fd38af87000-7fd38af89000 r--s 00007000 08:06 2365011                    /usr/local/development/dev-7-7/Ignition/IgnitionWebApp/target/ignition-webapp-7.7/WEB-INF/lib/cron4j-2.2.3.jar
7fd38af89000-7fd38af90000 r--s 00054000 08:06 2365009                    /usr/local/development/dev-7-7/Ignition/IgnitionWebApp/target/ignition-webapp-7.7/WEB-INF/lib/core-1.7.jar
7fd38af90000-7fd38af93000 r--s 00013000 08:06 2374842                    /usr/local/development/dev-7-7/Ignition/IgnitionWebApp/target/ignition-webapp-7.7/WEB-INF/lib/commons-pool-1.4.jar
7fd38af93000-7fd38af95000 r--s 0000d000 08:06 2365022                    /usr/local/development/dev-7-7/Ignition/IgnitionWebApp/target/ignition-webapp-7.7/WEB-INF/lib/commons-logging-1.1.1.jar
7fd38af95000-7fd38af9b000 r--s 00048000 08:06 2365005                    /usr/local/development/dev-7-7/Ignition/IgnitionWebApp/target/ignition-webapp-7.7/WEB-INF/lib/commons-lang3-3.1.jar
7fd38af9b000-7fd38af9d000 r--s 0000e000 08:06 2365023                    /usr/local/development/dev-7-7/Ignition/IgnitionWebApp/target/ignition-webapp-7.7/WEB-INF/lib/commons-lang-1.0.jar
7fd38af9d000-7fd38afa0000 r--s 00025000 08:06 2365004                    /usr/local/development/dev-7-7/Ignition/IgnitionWebApp/target/ignition-webapp-7.7/WEB-INF/lib/commons-io-2.1.jar
7fd38afa0000-7fd38afd1000 r--s 001ea000 08:06 4198529                    /usr/local/development/dev-7-7/Ignition/IgnitionWebApp/target/ignition-webapp-7.7/WEB-INF/lib/common-7.7.2-SNAPSHOT.jar
7fd38afd1000-7fd38afde000 r--s 00084000 08:06 2374888                    /usr/local/development/dev-7-7/Ignition/IgnitionWebApp/target/ignition-webapp-7.7/WEB-INF/lib/comfyj-2.9.jar
7fd38afde000-7fd38afe1000 ---p 00000000 00:00 0 
7fd38afe1000-7fd38b0df000 rw-p 00000000 00:00 0 
7fd38b0df000-7fd38b0e2000 ---p 00000000 00:00 0 
7fd38b0e2000-7fd38b3e0000 rw-p 00000000 00:00 0                          [stack:7077]
7fd38b3e0000-7fd38b3e3000 ---p 00000000 00:00 0 
7fd38b3e3000-7fd38b4e1000 rw-p 00000000 00:00 0                          [stack:7064]
7fd38b4e1000-7fd38b4e4000 ---p 00000000 00:00 0 
7fd38b4e4000-7fd38b5e2000 rw-p 00000000 00:00 0                          [stack:7063]
7fd38b5e2000-7fd38b5e5000 ---p 00000000 00:00 0 
7fd38b5e5000-7fd38b6e3000 rw-p 00000000 00:00 0                          [stack:7062]
7fd38b6e3000-7fd38b6e6000 ---p 00000000 00:00 0 
7fd38b6e6000-7fd38b7e4000 rw-p 00000000 00:00 0                          [stack:7061]
7fd38b7e4000-7fd38b7e7000 ---p 00000000 00:00 0 
7fd38b7e7000-7fd38b8e5000 rw-p 00000000 00:00 0                          [stack:7060]
7fd38b8e5000-7fd38b8e8000 ---p 00000000 00:00 0 
7fd38b8e8000-7fd38b9e6000 rw-p 00000000 00:00 0                          [stack:7059]
7fd38b9e6000-7fd38b9e9000 ---p 00000000 00:00 0 
7fd38b9e9000-7fd38bae7000 rw-p 00000000 00:00 0 
7fd38bae7000-7fd38baea000 ---p 00000000 00:00 0 
7fd38baea000-7fd38bbe8000 rw-p 00000000 00:00 0                          [stack:7121]
7fd38bbe8000-7fd38bbeb000 ---p 00000000 00:00 0 
7fd38bbeb000-7fd38bce9000 rw-p 00000000 00:00 0                          [stack:7054]
7fd38bce9000-7fd38bcec000 ---p 00000000 00:00 0 
7fd38bcec000-7fd38bdea000 rw-p 00000000 00:00 0                          [stack:7179]
7fd38bdea000-7fd38be00000 r-xp 00000000 08:06 15602357                   /lib/x86_64-linux-gnu/libgcc_s.so.1
7fd38be00000-7fd38bfff000 ---p 00016000 08:06 15602357                   /lib/x86_64-linux-gnu/libgcc_s.so.1
7fd38bfff000-7fd38c000000 rw-p 00015000 08:06 15602357                   /lib/x86_64-linux-gnu/libgcc_s.so.1
7fd38c000000-7fd38c021000 rw-p 00000000 00:00 0 
7fd38c021000-7fd390000000 ---p 00000000 00:00 0 
7fd390000000-7fd390021000 rw-p 00000000 00:00 0 
7fd390021000-7fd394000000 ---p 00000000 00:00 0 
7fd394000000-7fd394021000 rw-p 00000000 00:00 0 
7fd394021000-7fd398000000 ---p 00000000 00:00 0 
7fd398000000-7fd398021000 rw-p 00000000 00:00 0 
7fd398021000-7fd39c000000 ---p 00000000 00:00 0 
7fd39c000000-7fd39c021000 rw-p 00000000 00:00 0 
7fd39c021000-7fd3a0000000 ---p 00000000 00:00 0 
7fd3a0000000-7fd3a0021000 rw-p 00000000 00:00 0 
7fd3a0021000-7fd3a4000000 ---p 00000000 00:00 0 
7fd3a4000000-7fd3a6025000 rw-p 00000000 00:00 0 
7fd3a6025000-7fd3a8000000 ---p 00000000 00:00 0 
7fd3a8000000-7fd3a8ed9000 rw-p 00000000 00:00 0 
7fd3a8ed9000-7fd3ac000000 ---p 00000000 00:00 0 
7fd3ac000000-7fd3ad92f000 rw-p 00000000 00:00 0 
7fd3ad92f000-7fd3b0000000 ---p 00000000 00:00 0 
7fd3b0000000-7fd3b2695000 rw-p 00000000 00:00 0 
7fd3b2695000-7fd3b4000000 ---p 00000000 00:00 0 
7fd3b4000000-7fd3b40e9000 rw-p 00000000 00:00 0 
7fd3b40e9000-7fd3b8000000 ---p 00000000 00:00 0 
7fd3b8000000-7fd3b8021000 rw-p 00000000 00:00 0 
7fd3b8021000-7fd3bc000000 ---p 00000000 00:00 0 
7fd3bc000000-7fd3bc021000 rw-p 00000000 00:00 0 
7fd3bc021000-7fd3c0000000 ---p 00000000 00:00 0 
7fd3c0000000-7fd3c0023000 rw-p 00000000 00:00 0 
7fd3c0023000-7fd3c4000000 ---p 00000000 00:00 0 
7fd3c4000000-7fd3c4021000 rw-p 00000000 00:00 0 
7fd3c4021000-7fd3c8000000 ---p 00000000 00:00 0 
7fd3c8000000-7fd3c8021000 rw-p 00000000 00:00 0 
7fd3c8021000-7fd3cc000000 ---p 00000000 00:00 0 
7fd3cc000000-7fd3cc1f4000 rw-p 00000000 00:00 0 
7fd3cc1f4000-7fd3d0000000 ---p 00000000 00:00 0 
7fd3d0000000-7fd3d0001000 r--s 00005000 08:06 2374893                    /usr/local/development/dev-7-7/Ignition/IgnitionWebApp/target/ignition-webapp-7.7/WEB-INF/lib/commons-logging-1.0.jar
7fd3d0001000-7fd3d0004000 r--s 0000f000 08:06 2374840                    /usr/local/development/dev-7-7/Ignition/IgnitionWebApp/target/ignition-webapp-7.7/WEB-INF/lib/commons-discovery-0.2.jar
7fd3d0004000-7fd3d0006000 r--s 0001c000 08:06 2374841                    /usr/local/development/dev-7-7/Ignition/IgnitionWebApp/target/ignition-webapp-7.7/WEB-INF/lib/commons-dbcp-1.2.2.jar
7fd3d0006000-7fd3d0008000 r--s 00006000 08:06 2365021                    /usr/local/development/dev-7-7/Ignition/IgnitionWebApp/target/ignition-webapp-7.7/WEB-INF/lib/commons-cli-1.0.jar
7fd3d0008000-7fd3d000d000 r--s 00030000 08:06 4198538                    /usr/local/development/dev-7-7/Ignition/IgnitionWebApp/target/ignition-webapp-7.7/WEB-INF/lib/client-bootstrap-7.7.2-SNAPSHOT.jar
7fd3d000d000-7fd3d0033000 r--s 001be000 08:06 4198550                    /usr/local/development/dev-7-7/Ignition/IgnitionWebApp/target/ignition-webapp-7.7/WEB-INF/lib/client-api-7.7.2-SNAPSHOT.jar
7fd3d0033000-7fd3d0034000 r--s 00004000 08:06 4198525                    /usr/local/development/dev-7-7/Ignition/IgnitionWebApp/target/ignition-webapp-7.7/WEB-INF/lib/bootstrap-7.7.2-SNAPSHOT-classes.jar
7fd3d0034000-7fd3d005c000 r--s 00196000 08:06 2365007                    /usr/local/development/dev-7-7/Ignition/IgnitionWebApp/target/ignition-webapp-7.7/WEB-INF/lib/bcprov-jdk16-unsigned-1.46-unsigned.jar
7fd3d005c000-7fd3d0061000 r--s 0003e000 08:06 2365019                    /usr/local/development/dev-7-7/Ignition/IgnitionWebApp/target/ignition-webapp-7.7/WEB-INF/lib/barcode4j-2.1.jar
7fd3d0061000-7fd3d0064000 r--s 0001c000 08:06 2374839                    /usr/local/development/dev-7-7/Ignition/IgnitionWebApp/target/ignition-webapp-7.7/WEB-INF/lib/axis-wsdl4j-1.5.1.jar
7fd3d0064000-7fd3d0066000 r--s 00006000 08:06 2374837                    /usr/local/development/dev-7-7/Ignition/IgnitionWebApp/target/ignition-webapp-7.7/WEB-INF/lib/axis-jaxrpc-1.4.jar
7fd3d0066000-7fd3d007a000 r--s 00173000 08:06 2374836                    /usr/local/development/dev-7-7/Ignition/IgnitionWebApp/target/ignition-webapp-7.7/WEB-INF/lib/axis-1.4.jar
7fd3d007a000-7fd3d007c000 r--s 0000d000 08:06 2365020                    /usr/local/development/dev-7-7/Ignition/IgnitionWebApp/target/ignition-webapp-7.7/WEB-INF/lib/avalon-framework-impl-4.2.0.jar
7fd3d007c000-7fd3d0084000 r--s 00049000 08:06 2374848                    /usr/local/development/dev-7-7/Ignition/IgnitionWebApp/target/ignition-webapp-7.7/WEB-INF/lib/alloy-1.4.4.ia1.jar
7fd3d0084000-7fd3d0086000 r--s 00003000 08:06 2374869                    /usr/local/development/dev-7-7/Ignition/IgnitionWebApp/target/ignition-webapp-7.7/WEB-INF/lib/alarm-notification-gateway-api-2.7.2-SNAPSHOT.jar
7fd3d0086000-7fd3d0090000 r--s 00036000 08:06 2374871                    /usr/local/development/dev-7-7/Ignition/IgnitionWebApp/target/ignition-webapp-7.7/WEB-INF/lib/airlink-sms-notification-2.7.2-SNAPSHOT.jar
7fd3d0090000-7fd3d00c2000 r-xp 00000000 08:06 20582265                   /usr/lib/jvm/jdk1.8.0_20/jre/lib/amd64/libsunec.so
7fd3d00c2000-7fd3d02c1000 ---p 00032000 08:06 20582265                   /usr/lib/jvm/jdk1.8.0_20/jre/lib/amd64/libsunec.so
7fd3d02c1000-7fd3d02c7000 rw-p 00031000 08:06 20582265                   /usr/lib/jvm/jdk1.8.0_20/jre/lib/amd64/libsunec.so
7fd3d02c7000-7fd3d04d7000 rw-p 00000000 00:00 0 
7fd3d04d7000-7fd3d04da000 ---p 00000000 00:00 0 
7fd3d04da000-7fd3d05d8000 rw-p 00000000 00:00 0                          [stack:7050]
7fd3d05d8000-7fd3d05dd000 r-xp 00000000 08:06 15211194                   /usr/lib/x86_64-linux-gnu/libXdmcp.so.6.0.0
7fd3d05dd000-7fd3d07dc000 ---p 00005000 08:06 15211194                   /usr/lib/x86_64-linux-gnu/libXdmcp.so.6.0.0
7fd3d07dc000-7fd3d07dd000 r--p 00004000 08:06 15211194                   /usr/lib/x86_64-linux-gnu/libXdmcp.so.6.0.0
7fd3d07dd000-7fd3d07de000 rw-p 00005000 08:06 15211194                   /usr/lib/x86_64-linux-gnu/libXdmcp.so.6.0.0
7fd3d07de000-7fd3d07e0000 r-xp 00000000 08:06 15211183                   /usr/lib/x86_64-linux-gnu/libXau.so.6.0.0
7fd3d07e0000-7fd3d09e0000 ---p 00002000 08:06 15211183                   /usr/lib/x86_64-linux-gnu/libXau.so.6.0.0
7fd3d09e0000-7fd3d09e1000 r--p 00002000 08:06 15211183                   /usr/lib/x86_64-linux-gnu/libXau.so.6.0.0
7fd3d09e1000-7fd3d09e2000 rw-p 00003000 08:06 15211183                   /usr/lib/x86_64-linux-gnu/libXau.so.6.0.0
7fd3d09e2000-7fd3d09ff000 r-xp 00000000 08:06 15212358                   /usr/lib/x86_64-linux-gnu/libxcb.so.1.1.0
7fd3d09ff000-7fd3d0bff000 ---p 0001d000 08:06 15212358                   /usr/lib/x86_64-linux-gnu/libxcb.so.1.1.0
7fd3d0bff000-7fd3d0c00000 r--p 0001d000 08:06 15212358                   /usr/lib/x86_64-linux-gnu/libxcb.so.1.1.0
7fd3d0c00000-7fd3d0c01000 rw-p 0001e000 08:06 15212358                   /usr/lib/x86_64-linux-gnu/libxcb.so.1.1.0
7fd3d0c01000-7fd3d0c10000 r-xp 00000000 08:06 15211204                   /usr/lib/x86_64-linux-gnu/libXi.so.6.1.0
7fd3d0c10000-7fd3d0e0f000 ---p 0000f000 08:06 15211204                   /usr/lib/x86_64-linux-gnu/libXi.so.6.1.0
7fd3d0e0f000-7fd3d0e10000 r--p 0000e000 08:06 15211204                   /usr/lib/x86_64-linux-gnu/libXi.so.6.1.0
7fd3d0e10000-7fd3d0e11000 rw-p 0000f000 08:06 15211204                   /usr/lib/x86_64-linux-gnu/libXi.so.6.1.0
7fd3d0e11000-7fd3d0e16000 r-xp 00000000 08:06 15211222                   /usr/lib/x86_64-linux-gnu/libXtst.so.6.1.0
7fd3d0e16000-7fd3d1015000 ---p 00005000 08:06 15211222                   /usr/lib/x86_64-linux-gnu/libXtst.so.6.1.0
7fd3d1015000-7fd3d1016000 r--p 00004000 08:06 15211222                   /usr/lib/x86_64-linux-gnu/libXtst.so.6.1.0
7fd3d1016000-7fd3d1017000 rw-p 00005000 08:06 15211222                   /usr/lib/x86_64-linux-gnu/libXtst.so.6.1.0
7fd3d1017000-7fd3d1020000 r-xp 00000000 08:06 15211216                   /usr/lib/x86_64-linux-gnu/libXrender.so.1.3.0
7fd3d1020000-7fd3d121f000 ---p 00009000 08:06 15211216                   /usr/lib/x86_64-linux-gnu/libXrender.so.1.3.0
7fd3d121f000-7fd3d1220000 r--p 00008000 08:06 15211216                   /usr/lib/x86_64-linux-gnu/libXrender.so.1.3.0
7fd3d1220000-7fd3d1221000 rw-p 00009000 08:06 15211216                   /usr/lib/x86_64-linux-gnu/libXrender.so.1.3.0
7fd3d1221000-7fd3d1351000 r-xp 00000000 08:06 15211179                   /usr/lib/x86_64-linux-gnu/libX11.so.6.3.0
7fd3d1351000-7fd3d1551000 ---p 00130000 08:06 15211179                   /usr/lib/x86_64-linux-gnu/libX11.so.6.3.0
7fd3d1551000-7fd3d1552000 r--p 00130000 08:06 15211179                   /usr/lib/x86_64-linux-gnu/libX11.so.6.3.0
7fd3d1552000-7fd3d1556000 rw-p 00131000 08:06 15211179                   /usr/lib/x86_64-linux-gnu/libX11.so.6.3.0
7fd3d1556000-7fd3d1567000 r-xp 00000000 08:06 15211196                   /usr/lib/x86_64-linux-gnu/libXext.so.6.4.0
7fd3d1567000-7fd3d1766000 ---p 00011000 08:06 15211196                   /usr/lib/x86_64-linux-gnu/libXext.so.6.4.0
7fd3d1766000-7fd3d1767000 r--p 00010000 08:06 15211196                   /usr/lib/x86_64-linux-gnu/libXext.so.6.4.0
7fd3d1767000-7fd3d1768000 rw-p 00011000 08:06 15211196                   /usr/lib/x86_64-linux-gnu/libXext.so.6.4.0
7fd3d1768000-7fd3d1769000 r--s 00004000 08:06 2374838                    /usr/local/development/dev-7-7/Ignition/IgnitionWebApp/target/ignition-webapp-7.7/WEB-INF/lib/axis-saaj-1.4.jar
7fd3d1769000-7fd3d176f000 r--s 00032000 08:06 2374868                    /usr/local/development/dev-7-7/Ignition/IgnitionWebApp/target/ignition-webapp-7.7/WEB-INF/lib/alarm-notification-gateway-2.7.2-SNAPSHOT.jar
7fd3d176f000-7fd3d1770000 r--s 00004000 08:06 2374870                    /usr/local/development/dev-7-7/Ignition/IgnitionWebApp/target/ignition-webapp-7.7/WEB-INF/lib/alarm-notification-common-2.7.2-SNAPSHOT.jar
7fd3d1770000-7fd3d1772000 r--s 0000d000 08:06 2374844                    /usr/local/development/dev-7-7/Ignition/IgnitionWebApp/target/ignition-webapp-7.7/WEB-INF/lib/activation-ws-1.0.0.jar
7fd3d1772000-7fd3d1774000 r--s 0000e000 08:06 2374829                    /usr/local/development/dev-7-7/Ignition/IgnitionWebApp/target/ignition-webapp-7.7/WEB-INF/lib/activation-1.1.jar
7fd3d1774000-7fd3d177d000 r--s 00069000 08:06 2374891                    /usr/local/development/dev-7-7/Ignition/IgnitionWebApp/target/ignition-webapp-7.7/WEB-INF/lib/ab-drivers-1.7.0-20131026.004154-8.jar
7fd3d177d000-7fd3d1782000 r--s 0003c000 08:06 2374835                    /usr/local/development/dev-7-7/Ignition/IgnitionWebApp/target/ignition-webapp-7.7/WEB-INF/lib/FastInfoset-1.0.2.jar
7fd3d1782000-7fd3d1787000 r--s 002f8000 08:06 20582247                   /usr/lib/jvm/jdk1.8.0_20/jre/lib/charsets.jar
7fd3d1787000-7fd3d17db000 r-xp 00000000 08:06 20582307                   /usr/lib/jvm/jdk1.8.0_20/jre/lib/amd64/libawt_xawt.so
7fd3d17db000-7fd3d19db000 ---p 00054000 08:06 20582307                   /usr/lib/jvm/jdk1.8.0_20/jre/lib/amd64/libawt_xawt.so
7fd3d19db000-7fd3d19df000 rw-p 00054000 08:06 20582307                   /usr/lib/jvm/jdk1.8.0_20/jre/lib/amd64/libawt_xawt.so
7fd3d19df000-7fd3d19e0000 rw-p 00000000 00:00 0 
7fd3d19e0000-7fd3d1a82000 r-xp 00000000 08:06 20582293                   /usr/lib/jvm/jdk1.8.0_20/jre/lib/amd64/libawt.so
7fd3d1a82000-7fd3d1c82000 ---p 000a2000 08:06 20582293                   /usr/lib/jvm/jdk1.8.0_20/jre/lib/amd64/libawt.so
7fd3d1c82000-7fd3d1c8e000 rw-p 000a2000 08:06 20582293                   /usr/lib/jvm/jdk1.8.0_20/jre/lib/amd64/libawt.so
7fd3d1c8e000-7fd3d1cb2000 rw-p 00000000 00:00 0 
7fd3d1cb2000-7fd3d1cb5000 ---p 00000000 00:00 0 
7fd3d1cb5000-7fd3d1fb3000 rw-p 00000000 00:00 0                          [stack:7049]
7fd3d1fb3000-7fd3d1fb4000 ---p 00000000 00:00 0 
7fd3d1fb4000-7fd3d20b4000 rw-p 00000000 00:00 0                          [stack:7048]
7fd3d20b4000-7fd3d20b7000 ---p 00000000 00:00 0 
7fd3d20b7000-7fd3d21b5000 rw-p 00000000 00:00 0                          [stack:7047]
7fd3d21b5000-7fd3d21b8000 ---p 00000000 00:00 0 
7fd3d21b8000-7fd3d22b6000 rw-p 00000000 00:00 0                          [stack:7046]
7fd3d22b6000-7fd3d22b9000 ---p 00000000 00:00 0 
7fd3d22b9000-7fd3d23b7000 rw-p 00000000 00:00 0                          [stack:7045]
7fd3d23b7000-7fd3d23c8000 r-xp 00000000 08:06 20582303                   /usr/lib/jvm/jdk1.8.0_20/jre/lib/amd64/libnio.so
7fd3d23c8000-7fd3d25c7000 ---p 00011000 08:06 20582303                   /usr/lib/jvm/jdk1.8.0_20/jre/lib/amd64/libnio.so
7fd3d25c7000-7fd3d25c8000 rw-p 00010000 08:06 20582303                   /usr/lib/jvm/jdk1.8.0_20/jre/lib/amd64/libnio.so
7fd3d25c8000-7fd3d25de000 r-xp 00000000 08:06 20582300                   /usr/lib/jvm/jdk1.8.0_20/jre/lib/amd64/libnet.so
7fd3d25de000-7fd3d27de000 ---p 00016000 08:06 20582300                   /usr/lib/jvm/jdk1.8.0_20/jre/lib/amd64/libnet.so
7fd3d27de000-7fd3d27df000 rw-p 00016000 08:06 20582300                   /usr/lib/jvm/jdk1.8.0_20/jre/lib/amd64/libnet.so
7fd3d27df000-7fd3d27e7000 r-xp 00000000 08:06 20582308                   /usr/lib/jvm/jdk1.8.0_20/jre/lib/amd64/libmanagement.so
7fd3d27e7000-7fd3d29e7000 ---p 00008000 08:06 20582308                   /usr/lib/jvm/jdk1.8.0_20/jre/lib/amd64/libmanagement.so
7fd3d29e7000-7fd3d29e8000 rw-p 00008000 08:06 20582308                   /usr/lib/jvm/jdk1.8.0_20/jre/lib/amd64/libmanagement.so
7fd3d29e8000-7fd3d29eb000 ---p 00000000 00:00 0 
7fd3d29eb000-7fd3d2ae9000 rw-p 00000000 00:00 0                          [stack:7044]
7fd3d2ae9000-7fd3d2aec000 ---p 00000000 00:00 0 
7fd3d2aec000-7fd3d2bea000 rw-p 00000000 00:00 0                          [stack:7043]
7fd3d2bea000-7fd3d2bed000 ---p 00000000 00:00 0 
7fd3d2bed000-7fd3d2ceb000 rw-p 00000000 00:00 0                          [stack:7042]
7fd3d2ceb000-7fd3d2cee000 ---p 00000000 00:00 0 
7fd3d2cee000-7fd3d2dec000 rw-p 00000000 00:00 0                          [stack:7041]
7fd3d2dec000-7fd3d2def000 ---p 00000000 00:00 0 
7fd3d2def000-7fd3d2eed000 rw-p 00000000 00:00 0                          [stack:7040]
7fd3d2eed000-7fd3d2ef0000 ---p 00000000 00:00 0 
7fd3d2ef0000-7fd3d2fee000 rw-p 00000000 00:00 0 
7fd3d2fee000-7fd3d2ff1000 ---p 00000000 00:00 0 
7fd3d2ff1000-7fd3d30ef000 rw-p 00000000 00:00 0                          [stack:7037]
7fd3d30ef000-7fd3d30f2000 ---p 00000000 00:00 0 
7fd3d30f2000-7fd3d31f0000 rw-p 00000000 00:00 0 
7fd3d31f0000-7fd3d31f4000 r-xp 00000000 08:06 20582275                   /usr/lib/jvm/jdk1.8.0_20/jre/lib/amd64/libdt_socket.so
7fd3d31f4000-7fd3d33f3000 ---p 00004000 08:06 20582275                   /usr/lib/jvm/jdk1.8.0_20/jre/lib/amd64/libdt_socket.so
7fd3d33f3000-7fd3d33f4000 rw-p 00003000 08:06 20582275                   /usr/lib/jvm/jdk1.8.0_20/jre/lib/amd64/libdt_socket.so
7fd3d33f4000-7fd3d33f7000 ---p 00000000 00:00 0 
7fd3d33f7000-7fd3d34f5000 rw-p 00000000 00:00 0                          [stack:7034]
7fd3d34f5000-7fd3d34f8000 ---p 00000000 00:00 0 
7fd3d34f8000-7fd3d35f6000 rw-p 00000000 00:00 0                          [stack:7033]
7fd3d35f6000-7fd3d35f9000 ---p 00000000 00:00 0 
7fd3d35f9000-7fd3d36f7000 rw-p 00000000 00:00 0                          [stack:7032]
7fd3d36f7000-7fd3d36f8000 ---p 00000000 00:00 0 
7fd3d36f8000-7fd3d4000000 rw-p 00000000 00:00 0                          [stack:7031]
7fd3d4000000-7fd3d4021000 rw-p 00000000 00:00 0 
7fd3d4021000-7fd3d8000000 ---p 00000000 00:00 0 
7fd3d8000000-7fd3d8005000 r--s 0003f000 08:06 1185790                    /usr/lib/jvm/jdk1.8.0_20/jre/lib/ext/sunjce_provider.jar
7fd3d8005000-7fd3d8008000 r--s 0003a000 08:06 1185787                    /usr/lib/jvm/jdk1.8.0_20/jre/lib/ext/sunpkcs11.jar
7fd3d8008000-7fd3d8009000 r--s 00009000 08:06 1185781                    /usr/lib/jvm/jdk1.8.0_20/jre/lib/ext/sunec.jar
7fd3d8009000-7fd3d8013000 r--s 00116000 08:06 1185789                    /usr/lib/jvm/jdk1.8.0_20/jre/lib/ext/localedata.jar
7fd3d8013000-7fd3d802f000 r--s 00393000 08:06 1185783                    /usr/lib/jvm/jdk1.8.0_20/jre/lib/ext/cldrdata.jar
7fd3d802f000-7fd3d8032000 r--s 0000f000 08:06 19532219                   /usr/local/development/dev-7-6/Ignition/Servers/apache-tomcat-6.0.36/lib/tomcat-i18n-es.jar
7fd3d8032000-7fd3d8036000 r--s 0003a000 08:06 19532218                   /usr/local/development/dev-7-6/Ignition/Servers/apache-tomcat-6.0.36/lib/tomcat-dbcp.jar
7fd3d8036000-7fd3d8046000 r--s 0019c000 08:06 19532210                   /usr/local/development/dev-7-6/Ignition/Servers/apache-tomcat-6.0.36/lib/ecj-3.7.2.jar
7fd3d8046000-7fd3d804d000 r--s 000c7000 08:06 19532215                   /usr/local/development/dev-7-6/Ignition/Servers/apache-tomcat-6.0.36/lib/mysql-connector-java-5.1.23-bin.jar
7fd3d804d000-7fd3e0000000 rw-p 00000000 00:00 0 
7fd3e0000000-7fd3e0021000 rw-p 00000000 00:00 0 
7fd3e0021000-7fd3e4000000 ---p 00000000 00:00 0 
7fd3e4000000-7fd3e4021000 rw-p 00000000 00:00 0 
7fd3e4021000-7fd3e8000000 ---p 00000000 00:00 0 
7fd3e8000000-7fd3e8021000 rw-p 00000000 00:00 0 
7fd3e8021000-7fd3ec000000 ---p 00000000 00:00 0 
7fd3ec000000-7fd3ec021000 rw-p 00000000 00:00 0 
7fd3ec021000-7fd3f0000000 ---p 00000000 00:00 0 
7fd3f0000000-7fd3f0021000 rw-p 00000000 00:00 0 
7fd3f0021000-7fd3f4000000 ---p 00000000 00:00 0 
7fd3f4000000-7fd3f4021000 rw-p 00000000 00:00 0 
7fd3f4021000-7fd3f8000000 ---p 00000000 00:00 0 
7fd3f8000000-7fd3f8021000 rw-p 00000000 00:00 0 
7fd3f8021000-7fd3fc000000 ---p 00000000 00:00 0 
7fd3fc000000-7fd3fc002000 r--s 0001a000 08:06 20582317                   /usr/lib/jvm/jdk1.8.0_20/jre/lib/jce.jar
7fd3fc002000-7fd3fc012000 r--s 00120000 08:06 19532209                   /usr/local/development/dev-7-6/Ignition/Servers/apache-tomcat-6.0.36/lib/catalina.jar
7fd3fc012000-7fd3fc015000 r--s 0001e000 08:06 19532207                   /usr/local/development/dev-7-6/Ignition/Servers/apache-tomcat-6.0.36/lib/catalina-ha.jar
7fd3fc015000-7fd3fc019000 r--s 00036000 08:06 19532208                   /usr/local/development/dev-7-6/Ignition/Servers/apache-tomcat-6.0.36/lib/catalina-tribes.jar
7fd3fc019000-7fd3fc023000 r--s 000b3000 08:06 19532217                   /usr/local/development/dev-7-6/Ignition/Servers/apache-tomcat-6.0.36/lib/tomcat-coyote.jar
7fd3fc023000-7fd3fd19a000 rw-p 00000000 00:00 0 
7fd3fd19a000-7fd3fd36f000 r--s 03ca3000 08:06 20582249                   /usr/lib/jvm/jdk1.8.0_20/jre/lib/rt.jar
7fd3fd36f000-7fd3fe3b0000 rw-p 00000000 00:00 0 
7fd3fe3b0000-7fd3fe3b1000 ---p 00000000 00:00 0 
7fd3fe3b1000-7fd3fe4b1000 rw-p 00000000 00:00 0                          [stack:7030]
7fd3fe4b1000-7fd3fe4b2000 ---p 00000000 00:00 0 
7fd3fe4b2000-7fd3fe5b2000 rw-p 00000000 00:00 0                          [stack:7029]
7fd3fe5b2000-7fd3fe5b3000 ---p 00000000 00:00 0 
7fd3fe5b3000-7fd3fe6b3000 rw-p 00000000 00:00 0                          [stack:7028]
7fd3fe6b3000-7fd3fe6b4000 ---p 00000000 00:00 0 
7fd3fe6b4000-7fd3fe7b4000 rw-p 00000000 00:00 0                          [stack:7027]
7fd3fe7b4000-7fd3fe7b5000 ---p 00000000 00:00 0 
7fd3fe7b5000-7fd3fe8b5000 rw-p 00000000 00:00 0                          [stack:7026]
7fd3fe8b5000-7fd3fe8b6000 ---p 00000000 00:00 0 
7fd3fe8b6000-7fd3fe9b6000 rw-p 00000000 00:00 0                          [stack:7025]
7fd3fe9b6000-7fd3fe9b7000 ---p 00000000 00:00 0 
7fd3fe9b7000-7fd3feab7000 rw-p 00000000 00:00 0                          [stack:7024]
7fd3feab7000-7fd3feab8000 ---p 00000000 00:00 0 
7fd3feab8000-7fd3fec34000 rw-p 00000000 00:00 0                          [stack:7023]
7fd3fec34000-7fd3ff0ea000 ---p 00000000 00:00 0 
7fd3ff0ea000-7fd3ff166000 rw-p 00000000 00:00 0 
7fd3ff166000-7fd3ff61c000 ---p 00000000 00:00 0 
7fd3ff61c000-7fd3ff6b3000 rw-p 00000000 00:00 0 
7fd3ff6b3000-7fd3ff8b5000 ---p 00000000 00:00 0 
7fd3ff8b5000-7fd3ff91f000 rw-p 00000000 00:00 0 
7fd3ff91f000-7fd3ffc76000 ---p 00000000 00:00 0 
7fd3ffc76000-7fd401686000 rwxp 00000000 00:00 0 
7fd401686000-7fd40ec76000 ---p 00000000 00:00 0 
7fd40ec76000-7fd40ec92000 r-xp 00000000 08:06 20582296                   /usr/lib/jvm/jdk1.8.0_20/jre/lib/amd64/libzip.so
7fd40ec92000-7fd40ee91000 ---p 0001c000 08:06 20582296                   /usr/lib/jvm/jdk1.8.0_20/jre/lib/amd64/libzip.so
7fd40ee91000-7fd40ee92000 rw-p 0001b000 08:06 20582296                   /usr/lib/jvm/jdk1.8.0_20/jre/lib/amd64/libzip.so
7fd40ee92000-7fd40ee9d000 r-xp 00000000 08:06 15602342                   /lib/x86_64-linux-gnu/libnss_files-2.19.so
7fd40ee9d000-7fd40f09c000 ---p 0000b000 08:06 15602342                   /lib/x86_64-linux-gnu/libnss_files-2.19.so
7fd40f09c000-7fd40f09d000 r--p 0000a000 08:06 15602342                   /lib/x86_64-linux-gnu/libnss_files-2.19.so
7fd40f09d000-7fd40f09e000 rw-p 0000b000 08:06 15602342                   /lib/x86_64-linux-gnu/libnss_files-2.19.so
7fd40f09e000-7fd40f0a9000 r-xp 00000000 08:06 15602345                   /lib/x86_64-linux-gnu/libnss_nis-2.19.so
7fd40f0a9000-7fd40f2a8000 ---p 0000b000 08:06 15602345                   /lib/x86_64-linux-gnu/libnss_nis-2.19.so
7fd40f2a8000-7fd40f2a9000 r--p 0000a000 08:06 15602345                   /lib/x86_64-linux-gnu/libnss_nis-2.19.so
7fd40f2a9000-7fd40f2aa000 rw-p 0000b000 08:06 15602345                   /lib/x86_64-linux-gnu/libnss_nis-2.19.so
7fd40f2aa000-7fd40f2c1000 r-xp 00000000 08:06 15602152                   /lib/x86_64-linux-gnu/libnsl-2.19.so
7fd40f2c1000-7fd40f4c0000 ---p 00017000 08:06 15602152                   /lib/x86_64-linux-gnu/libnsl-2.19.so
7fd40f4c0000-7fd40f4c1000 r--p 00016000 08:06 15602152                   /lib/x86_64-linux-gnu/libnsl-2.19.so
7fd40f4c1000-7fd40f4c2000 rw-p 00017000 08:06 15602152                   /lib/x86_64-linux-gnu/libnsl-2.19.so
7fd40f4c2000-7fd40f4c4000 rw-p 00000000 00:00 0 
7fd40f4c4000-7fd40f4cd000 r-xp 00000000 08:06 15601662                   /lib/x86_64-linux-gnu/libnss_compat-2.19.so
7fd40f4cd000-7fd40f6cc000 ---p 00009000 08:06 15601662                   /lib/x86_64-linux-gnu/libnss_compat-2.19.so
7fd40f6cc000-7fd40f6cd000 r--p 00008000 08:06 15601662                   /lib/x86_64-linux-gnu/libnss_compat-2.19.so
7fd40f6cd000-7fd40f6ce000 rw-p 00009000 08:06 15601662                   /lib/x86_64-linux-gnu/libnss_compat-2.19.so
7fd40f6ce000-7fd40f997000 r--p 00000000 08:06 15209877                   /usr/lib/locale/locale-archive
7fd40f997000-7fd40f999000 r-xp 00000000 08:06 20582276                   /usr/lib/jvm/jdk1.8.0_20/jre/lib/amd64/libnpt.so
7fd40f999000-7fd40fb99000 ---p 00002000 08:06 20582276                   /usr/lib/jvm/jdk1.8.0_20/jre/lib/amd64/libnpt.so
7fd40fb99000-7fd40fb9a000 rw-p 00002000 08:06 20582276                   /usr/lib/jvm/jdk1.8.0_20/jre/lib/amd64/libnpt.so
7fd40fb9a000-7fd40fbd3000 r-xp 00000000 08:06 20582287                   /usr/lib/jvm/jdk1.8.0_20/jre/lib/amd64/libjdwp.so
7fd40fbd3000-7fd40fdd2000 ---p 00039000 08:06 20582287                   /usr/lib/jvm/jdk1.8.0_20/jre/lib/amd64/libjdwp.so
7fd40fdd2000-7fd40fdd4000 rw-p 00038000 08:06 20582287                   /usr/lib/jvm/jdk1.8.0_20/jre/lib/amd64/libjdwp.so
7fd40fdd4000-7fd40fdfe000 r-xp 00000000 08:06 20582291                   /usr/lib/jvm/jdk1.8.0_20/jre/lib/amd64/libjava.so
7fd40fdfe000-7fd40fffe000 ---p 0002a000 08:06 20582291                   /usr/lib/jvm/jdk1.8.0_20/jre/lib/amd64/libjava.so
7fd40fffe000-7fd410000000 rw-p 0002a000 08:06 20582291                   /usr/lib/jvm/jdk1.8.0_20/jre/lib/amd64/libjava.so
7fd410000000-7fd4107fc000 rw-p 00000000 00:00 0 
7fd4107fc000-7fd414000000 ---p 00000000 00:00 0 
7fd414000000-7fd414002000 r--s 0000b000 08:06 19532220                   /usr/local/development/dev-7-6/Ignition/Servers/apache-tomcat-6.0.36/lib/tomcat-i18n-fr.jar
7fd414002000-7fd414009000 r--s 0007a000 08:06 19532213                   /usr/local/development/dev-7-6/Ignition/Servers/apache-tomcat-6.0.36/lib/jasper.jar
7fd414009000-7fd41404b000 rw-p 00000000 00:00 0 
7fd41404b000-7fd414058000 r-xp 00000000 08:06 20582295                   /usr/lib/jvm/jdk1.8.0_20/jre/lib/amd64/libverify.so
7fd414058000-7fd414258000 ---p 0000d000 08:06 20582295                   /usr/lib/jvm/jdk1.8.0_20/jre/lib/amd64/libverify.so
7fd414258000-7fd41425a000 rw-p 0000d000 08:06 20582295                   /usr/lib/jvm/jdk1.8.0_20/jre/lib/amd64/libverify.so
7fd41425a000-7fd414261000 r-xp 00000000 08:06 15602320                   /lib/x86_64-linux-gnu/librt-2.19.so
7fd414261000-7fd414460000 ---p 00007000 08:06 15602320                   /lib/x86_64-linux-gnu/librt-2.19.so
7fd414460000-7fd414461000 r--p 00006000 08:06 15602320                   /lib/x86_64-linux-gnu/librt-2.19.so
7fd414461000-7fd414462000 rw-p 00007000 08:06 15602320                   /lib/x86_64-linux-gnu/librt-2.19.so
7fd414462000-7fd414567000 r-xp 00000000 08:06 15602334                   /lib/x86_64-linux-gnu/libm-2.19.so
7fd414567000-7fd414766000 ---p 00105000 08:06 15602334                   /lib/x86_64-linux-gnu/libm-2.19.so
7fd414766000-7fd414767000 r--p 00104000 08:06 15602334                   /lib/x86_64-linux-gnu/libm-2.19.so
7fd414767000-7fd414768000 rw-p 00105000 08:06 15602334                   /lib/x86_64-linux-gnu/libm-2.19.so
7fd414768000-7fd4153d2000 r-xp 00000000 08:06 20845908                   /usr/lib/jvm/jdk1.8.0_20/jre/lib/amd64/server/libjvm.so
7fd4153d2000-7fd4155d2000 ---p 00c6a000 08:06 20845908                   /usr/lib/jvm/jdk1.8.0_20/jre/lib/amd64/server/libjvm.so
7fd4155d2000-7fd4156a8000 rw-p 00c6a000 08:06 20845908                   /usr/lib/jvm/jdk1.8.0_20/jre/lib/amd64/server/libjvm.so
7fd4156a8000-7fd4156ea000 rw-p 00000000 00:00 0 
7fd4156ea000-7fd4158a5000 r-xp 00000000 08:06 15602328                   /lib/x86_64-linux-gnu/libc-2.19.so
7fd4158a5000-7fd415aa5000 ---p 001bb000 08:06 15602328                   /lib/x86_64-linux-gnu/libc-2.19.so
7fd415aa5000-7fd415aa9000 r--p 001bb000 08:06 15602328                   /lib/x86_64-linux-gnu/libc-2.19.so
7fd415aa9000-7fd415aab000 rw-p 001bf000 08:06 15602328                   /lib/x86_64-linux-gnu/libc-2.19.so
7fd415aab000-7fd415ab0000 rw-p 00000000 00:00 0 
7fd415ab0000-7fd415ab3000 r-xp 00000000 08:06 15602352                   /lib/x86_64-linux-gnu/libdl-2.19.so
7fd415ab3000-7fd415cb2000 ---p 00003000 08:06 15602352                   /lib/x86_64-linux-gnu/libdl-2.19.so
7fd415cb2000-7fd415cb3000 r--p 00002000 08:06 15602352                   /lib/x86_64-linux-gnu/libdl-2.19.so
7fd415cb3000-7fd415cb4000 rw-p 00003000 08:06 15602352                   /lib/x86_64-linux-gnu/libdl-2.19.so
7fd415cb4000-7fd415ccb000 r-xp 00000000 08:06 20061287                   /usr/lib/jvm/jdk1.8.0_20/lib/amd64/jli/libjli.so
7fd415ccb000-7fd415eca000 ---p 00017000 08:06 20061287                   /usr/lib/jvm/jdk1.8.0_20/lib/amd64/jli/libjli.so
7fd415eca000-7fd415ecb000 rw-p 00016000 08:06 20061287                   /usr/lib/jvm/jdk1.8.0_20/lib/amd64/jli/libjli.so
7fd415ecb000-7fd415ee4000 r-xp 00000000 08:06 15602353                   /lib/x86_64-linux-gnu/libpthread-2.19.so
7fd415ee4000-7fd4160e3000 ---p 00019000 08:06 15602353                   /lib/x86_64-linux-gnu/libpthread-2.19.so
7fd4160e3000-7fd4160e4000 r--p 00018000 08:06 15602353                   /lib/x86_64-linux-gnu/libpthread-2.19.so
7fd4160e4000-7fd4160e5000 rw-p 00019000 08:06 15602353                   /lib/x86_64-linux-gnu/libpthread-2.19.so
7fd4160e5000-7fd4160e9000 rw-p 00000000 00:00 0 
7fd4160e9000-7fd41610c000 r-xp 00000000 08:06 15602330                   /lib/x86_64-linux-gnu/ld-2.19.so
7fd41610c000-7fd41610e000 r--s 0000c000 08:06 19532221                   /usr/local/development/dev-7-6/Ignition/Servers/apache-tomcat-6.0.36/lib/tomcat-i18n-ja.jar
7fd41610e000-7fd416110000 r--s 00011000 08:06 19532214                   /usr/local/development/dev-7-6/Ignition/Servers/apache-tomcat-6.0.36/lib/jsp-api.jar
7fd416110000-7fd416112000 r--s 00014000 08:06 19532216                   /usr/local/development/dev-7-6/Ignition/Servers/apache-tomcat-6.0.36/lib/servlet-api.jar
7fd416112000-7fd416114000 r--s 0000c000 08:06 19532206                   /usr/local/development/dev-7-6/Ignition/Servers/apache-tomcat-6.0.36/lib/catalina-ant.jar
7fd416114000-7fd4161e5000 rw-p 00000000 00:00 0 
7fd4161e5000-7fd4161e8000 ---p 00000000 00:00 0 
7fd4161e8000-7fd4162ea000 rw-p 00000000 00:00 0                          [stack:7022]
7fd4162ea000-7fd4162ec000 r--s 00007000 08:06 19532211                   /usr/local/development/dev-7-6/Ignition/Servers/apache-tomcat-6.0.36/lib/el-api.jar
7fd4162ec000-7fd4162ed000 r--s 00003000 08:06 19532205                   /usr/local/development/dev-7-6/Ignition/Servers/apache-tomcat-6.0.36/lib/annotations-api.jar
7fd4162ed000-7fd4162f0000 r--s 00019000 08:06 19532212                   /usr/local/development/dev-7-6/Ignition/Servers/apache-tomcat-6.0.36/lib/jasper-el.jar
7fd4162f0000-7fd4162f5000 r--s 00092000 08:06 20582254                   /usr/lib/jvm/jdk1.8.0_20/jre/lib/jsse.jar
7fd4162f5000-7fd4162f6000 r--s 00007000 08:06 19533431                   /usr/local/development/dev-7-6/Ignition/Servers/apache-tomcat-6.0.36/bin/tomcat-juli.jar
7fd4162f6000-7fd4162f7000 r--s 00005000 08:06 19533430                   /usr/local/development/dev-7-6/Ignition/Servers/apache-tomcat-6.0.36/bin/commons-daemon.jar
7fd4162f7000-7fd4162f8000 r--s 00005000 08:06 19533429                   /usr/local/development/dev-7-6/Ignition/Servers/apache-tomcat-6.0.36/bin/bootstrap.jar
7fd4162f8000-7fd4162ff000 r--s 000c7000 08:06 1179649                    /usr/lib/jvm/jdk1.8.0_20/jre/lib/ext/mysql-connector-java-5.1.23-bin.jar
7fd4162ff000-7fd416307000 rw-s 00000000 08:06 6164359                    /tmp/hsperfdata_mattg/7017
7fd416307000-7fd416308000 rw-p 00000000 00:00 0 
7fd416308000-7fd416309000 r--p 00000000 00:00 0 
7fd416309000-7fd41630b000 rw-p 00000000 00:00 0 
7fd41630b000-7fd41630c000 r--p 00022000 08:06 15602330                   /lib/x86_64-linux-gnu/ld-2.19.so
7fd41630c000-7fd41630d000 rw-p 00023000 08:06 15602330                   /lib/x86_64-linux-gnu/ld-2.19.so
7fd41630d000-7fd41630e000 rw-p 00000000 00:00 0 
7ffff682b000-7ffff684c000 rw-p 00000000 00:00 0                          [stack]
7ffff69fe000-7ffff6a00000 r-xp 00000000 00:00 0                          [vdso]
ffffffffff600000-ffffffffff601000 r-xp 00000000 00:00 0                  [vsyscall]

VM Arguments:
jvm_args: -Djava.util.logging.config.file=/home/mattg/.IntelliJIdea13/system/tomcat/Unnamed_77-Ignition/conf/logging.properties -Xdebug -Xrunjdwp:transport=dt_socket,address=127.0.0.1:51670,suspend=y,server=n -Dcom.sun.management.jmxremote= -Dcom.sun.management.jmxremote.port=1099 -Dcom.sun.management.jmxremote.ssl=false -Dcom.sun.management.jmxremote.authenticate=false -Djava.rmi.server.hostname=127.0.0.1 -Djava.util.logging.manager=org.apache.juli.ClassLoaderLogManager -Djava.endorsed.dirs=/usr/local/development/dev-7-6/Ignition/Servers/apache-tomcat-6.0.36/endorsed -Dcatalina.base=/home/mattg/.IntelliJIdea13/system/tomcat/Unnamed_77-Ignition -Dcatalina.home=/usr/local/development/dev-7-6/Ignition/Servers/apache-tomcat-6.0.36 -Djava.io.tmpdir=/usr/local/development/dev-7-6/Ignition/Servers/apache-tomcat-6.0.36/temp 
java_command: org.apache.catalina.startup.Bootstrap start
java_class_path (initial): /usr/local/development/dev-7-6/Ignition/Servers/apache-tomcat-6.0.36/bin/bootstrap.jar
Launcher Type: SUN_STANDARD

Environment Variables:
JAVA_HOME=/usr/lib/jvm/jdk1.8.0_20
CLASSPATH=/usr/local/development/dev-7-6/Ignition/Servers/apache-tomcat-6.0.36/bin/bootstrap.jar
PATH=/usr/local/sbin:/usr/local/bin:/usr/sbin:/usr/bin:/sbin:/bin:/usr/games:/usr/local/games:/usr/local/development/gradle-1.12/bin
USERNAME=mattg
LD_LIBRARY_PATH=/usr/local/development/idea-IU-135.909/bin:
SHELL=/bin/bash
DISPLAY=:0

Signal Handlers:
SIGSEGV: [libjvm.so+0xa76cd0], sa_mask[0]=11111111011111111101111111111110, sa_flags=SA_RESTART|SA_SIGINFO
SIGBUS: [libjvm.so+0xa76cd0], sa_mask[0]=11111111011111111101111111111110, sa_flags=SA_RESTART|SA_SIGINFO
SIGFPE: [libjvm.so+0x8e0d80], sa_mask[0]=11111111011111111101111111111110, sa_flags=SA_RESTART|SA_SIGINFO
SIGPIPE: [libjvm.so+0x8e0d80], sa_mask[0]=11111111011111111101111111111110, sa_flags=SA_RESTART|SA_SIGINFO
SIGXFSZ: [libjvm.so+0x8e0d80], sa_mask[0]=11111111011111111101111111111110, sa_flags=SA_RESTART|SA_SIGINFO
SIGILL: [libjvm.so+0x8e0d80], sa_mask[0]=11111111011111111101111111111110, sa_flags=SA_RESTART|SA_SIGINFO
SIGUSR1: SIG_DFL, sa_mask[0]=00000000000000000000000000000000, sa_flags=none
SIGUSR2: [libjvm.so+0x8e25b0], sa_mask[0]=00100000000000000000000000000000, sa_flags=SA_RESTART|SA_SIGINFO
SIGHUP: [libjvm.so+0x8e3970], sa_mask[0]=11111111011111111101111111111110, sa_flags=SA_RESTART|SA_SIGINFO
SIGINT: [libjvm.so+0x8e3970], sa_mask[0]=11111111011111111101111111111110, sa_flags=SA_RESTART|SA_SIGINFO
SIGTERM: [libjvm.so+0x8e3970], sa_mask[0]=11111111011111111101111111111110, sa_flags=SA_RESTART|SA_SIGINFO
SIGQUIT: [libjvm.so+0x8e3970], sa_mask[0]=11111111011111111101111111111110, sa_flags=SA_RESTART|SA_SIGINFO


---------------  S Y S T E M  ---------------

OS:DISTRIB_ID=LinuxMint
DISTRIB_RELEASE=17
DISTRIB_CODENAME=qiana
DISTRIB_DESCRIPTION="Linux Mint 17 Qiana"

uname:Linux 3.13.0-24-generic #46-Ubuntu SMP Thu Apr 10 19:11:08 UTC 2014 x86_64
libc:glibc 2.19 NPTL 2.19 
rlimit: STACK 8192k, CORE 0k, NPROC 127375, NOFILE 4096, AS infinity
load average:0.27 0.31 0.38

/proc/meminfo:
MemTotal:       16335088 kB
MemFree:        10624000 kB
Buffers:          147276 kB
Cached:          2242748 kB
SwapCached:            0 kB
Active:          3794724 kB
Inactive:        1566540 kB
Active(anon):    2974116 kB
Inactive(anon):   318876 kB
Active(file):     820608 kB
Inactive(file):  1247664 kB
Unevictable:        1320 kB
Mlocked:            1320 kB
SwapTotal:      16676860 kB
SwapFree:       16676860 kB
Dirty:               108 kB
Writeback:             0 kB
AnonPages:       2972744 kB
Mapped:           332404 kB
Shmem:            321368 kB
Slab:             147972 kB
SReclaimable:     105692 kB
SUnreclaim:        42280 kB
KernelStack:        5776 kB
PageTables:        41848 kB
NFS_Unstable:          0 kB
Bounce:                0 kB
WritebackTmp:          0 kB
CommitLimit:    24844404 kB
Committed_AS:    6545672 kB
VmallocTotal:   34359738367 kB
VmallocUsed:      444884 kB
VmallocChunk:   34359289436 kB
HardwareCorrupted:     0 kB
AnonHugePages:   1835008 kB
HugePages_Total:       0
HugePages_Free:        0
HugePages_Rsvd:        0
HugePages_Surp:        0
Hugepagesize:       2048 kB
DirectMap4k:      105928 kB
DirectMap2M:     3989504 kB
DirectMap1G:    12582912 kB


CPU:total 8 (4 cores per cpu, 2 threads per core) family 6 model 60 stepping 3, cmov, cx8, fxsr, mmx, sse, sse2, sse3, ssse3, sse4.1, sse4.2, popcnt, avx, avx2, aes, clmul, erms, lzcnt, ht, tsc, tscinvbit, bmi1, bmi2

/proc/cpuinfo:
processor	: 0
vendor_id	: GenuineIntel
cpu family	: 6
model		: 60
model name	: Intel(R) Core(TM) i7-4702HQ CPU @ 2.20GHz
stepping	: 3
microcode	: 0x17
cpu MHz		: 2201.000
cache size	: 6144 KB
physical id	: 0
siblings	: 8
core id		: 0
cpu cores	: 4
apicid		: 0
initial apicid	: 0
fpu		: yes
fpu_exception	: yes
cpuid level	: 13
wp		: yes
flags		: fpu vme de pse tsc msr pae mce cx8 apic sep mtrr pge mca cmov pat pse36 clflush dts acpi mmx fxsr sse sse2 ss ht tm pbe syscall nx pdpe1gb rdtscp lm constant_tsc arch_perfmon pebs bts rep_good nopl xtopology nonstop_tsc aperfmperf eagerfpu pni pclmulqdq dtes64 monitor ds_cpl vmx est tm2 ssse3 fma cx16 xtpr pdcm pcid sse4_1 sse4_2 x2apic movbe popcnt tsc_deadline_timer aes xsave avx f16c rdrand lahf_lm abm ida arat epb xsaveopt pln pts dtherm tpr_shadow vnmi flexpriority ept vpid fsgsbase tsc_adjust bmi1 avx2 smep bmi2 erms invpcid
bogomips	: 4389.63
clflush size	: 64
cache_alignment	: 64
address sizes	: 39 bits physical, 48 bits virtual
power management:

processor	: 1
vendor_id	: GenuineIntel
cpu family	: 6
model		: 60
model name	: Intel(R) Core(TM) i7-4702HQ CPU @ 2.20GHz
stepping	: 3
microcode	: 0x17
cpu MHz		: 800.000
cache size	: 6144 KB
physical id	: 0
siblings	: 8
core id		: 1
cpu cores	: 4
apicid		: 2
initial apicid	: 2
fpu		: yes
fpu_exception	: yes
cpuid level	: 13
wp		: yes
flags		: fpu vme de pse tsc msr pae mce cx8 apic sep mtrr pge mca cmov pat pse36 clflush dts acpi mmx fxsr sse sse2 ss ht tm pbe syscall nx pdpe1gb rdtscp lm constant_tsc arch_perfmon pebs bts rep_good nopl xtopology nonstop_tsc aperfmperf eagerfpu pni pclmulqdq dtes64 monitor ds_cpl vmx est tm2 ssse3 fma cx16 xtpr pdcm pcid sse4_1 sse4_2 x2apic movbe popcnt tsc_deadline_timer aes xsave avx f16c rdrand lahf_lm abm ida arat epb xsaveopt pln pts dtherm tpr_shadow vnmi flexpriority ept vpid fsgsbase tsc_adjust bmi1 avx2 smep bmi2 erms invpcid
bogomips	: 4389.63
clflush size	: 64
cache_alignment	: 64
address sizes	: 39 bits physical, 48 bits virtual
power management:

processor	: 2
vendor_id	: GenuineIntel
cpu family	: 6
model		: 60
model name	: Intel(R) Core(TM) i7-4702HQ CPU @ 2.20GHz
stepping	: 3
microcode	: 0x17
cpu MHz		: 1800.000
cache size	: 6144 KB
physical id	: 0
siblings	: 8
core id		: 2
cpu cores	: 4
apicid		: 4
initial apicid	: 4
fpu		: yes
fpu_exception	: yes
cpuid level	: 13
wp		: yes
flags		: fpu vme de pse tsc msr pae mce cx8 apic sep mtrr pge mca cmov pat pse36 clflush dts acpi mmx fxsr sse sse2 ss ht tm pbe syscall nx pdpe1gb rdtscp lm constant_tsc arch_perfmon pebs bts rep_good nopl xtopology nonstop_tsc aperfmperf eagerfpu pni pclmulqdq dtes64 monitor ds_cpl vmx est tm2 ssse3 fma cx16 xtpr pdcm pcid sse4_1 sse4_2 x2apic movbe popcnt tsc_deadline_timer aes xsave avx f16c rdrand lahf_lm abm ida arat epb xsaveopt pln pts dtherm tpr_shadow vnmi flexpriority ept vpid fsgsbase tsc_adjust bmi1 avx2 smep bmi2 erms invpcid
bogomips	: 4389.63
clflush size	: 64
cache_alignment	: 64
address sizes	: 39 bits physical, 48 bits virtual
power management:

processor	: 3
vendor_id	: GenuineIntel
cpu family	: 6
model		: 60
model name	: Intel(R) Core(TM) i7-4702HQ CPU @ 2.20GHz
stepping	: 3
microcode	: 0x17
cpu MHz		: 800.000
cache size	: 6144 KB
physical id	: 0
siblings	: 8
core id		: 3
cpu cores	: 4
apicid		: 6
initial apicid	: 6
fpu		: yes
fpu_exception	: yes
cpuid level	: 13
wp		: yes
flags		: fpu vme de pse tsc msr pae mce cx8 apic sep mtrr pge mca cmov pat pse36 clflush dts acpi mmx fxsr sse sse2 ss ht tm pbe syscall nx pdpe1gb rdtscp lm constant_tsc arch_perfmon pebs bts rep_good nopl xtopology nonstop_tsc aperfmperf eagerfpu pni pclmulqdq dtes64 monitor ds_cpl vmx est tm2 ssse3 fma cx16 xtpr pdcm pcid sse4_1 sse4_2 x2apic movbe popcnt tsc_deadline_timer aes xsave avx f16c rdrand lahf_lm abm ida arat epb xsaveopt pln pts dtherm tpr_shadow vnmi flexpriority ept vpid fsgsbase tsc_adjust bmi1 avx2 smep bmi2 erms invpcid
bogomips	: 4389.63
clflush size	: 64
cache_alignment	: 64
address sizes	: 39 bits physical, 48 bits virtual
power management:

processor	: 4
vendor_id	: GenuineIntel
cpu family	: 6
model		: 60
model name	: Intel(R) Core(TM) i7-4702HQ CPU @ 2.20GHz
stepping	: 3
microcode	: 0x17
cpu MHz		: 2201.000
cache size	: 6144 KB
physical id	: 0
siblings	: 8
core id		: 0
cpu cores	: 4
apicid		: 1
initial apicid	: 1
fpu		: yes
fpu_exception	: yes
cpuid level	: 13
wp		: yes
flags		: fpu vme de pse tsc msr pae mce cx8 apic sep mtrr pge mca cmov pat pse36 clflush dts acpi mmx fxsr sse sse2 ss ht tm pbe syscall nx pdpe1gb rdtscp lm constant_tsc arch_perfmon pebs bts rep_good nopl xtopology nonstop_tsc aperfmperf eagerfpu pni pclmulqdq dtes64 monitor ds_cpl vmx est tm2 ssse3 fma cx16 xtpr pdcm pcid sse4_1 sse4_2 x2apic movbe popcnt tsc_deadline_timer aes xsave avx f16c rdrand lahf_lm abm ida arat epb xsaveopt pln pts dtherm tpr_shadow vnmi flexpriority ept vpid fsgsbase tsc_adjust bmi1 avx2 smep bmi2 erms invpcid
bogomips	: 4389.63
clflush size	: 64
cache_alignment	: 64
address sizes	: 39 bits physical, 48 bits virtual
power management:

processor	: 5
vendor_id	: GenuineIntel
cpu family	: 6
model		: 60
model name	: Intel(R) Core(TM) i7-4702HQ CPU @ 2.20GHz
stepping	: 3
microcode	: 0x17
cpu MHz		: 2201.000
cache size	: 6144 KB
physical id	: 0
siblings	: 8
core id		: 1
cpu cores	: 4
apicid		: 3
initial apicid	: 3
fpu		: yes
fpu_exception	: yes
cpuid level	: 13
wp		: yes
flags		: fpu vme de pse tsc msr pae mce cx8 apic sep mtrr pge mca cmov pat pse36 clflush dts acpi mmx fxsr sse sse2 ss ht tm pbe syscall nx pdpe1gb rdtscp lm constant_tsc arch_perfmon pebs bts rep_good nopl xtopology nonstop_tsc aperfmperf eagerfpu pni pclmulqdq dtes64 monitor ds_cpl vmx est tm2 ssse3 fma cx16 xtpr pdcm pcid sse4_1 sse4_2 x2apic movbe popcnt tsc_deadline_timer aes xsave avx f16c rdrand lahf_lm abm ida arat epb xsaveopt pln pts dtherm tpr_shadow vnmi flexpriority ept vpid fsgsbase tsc_adjust bmi1 avx2 smep bmi2 erms invpcid
bogomips	: 4389.63
clflush size	: 64
cache_alignment	: 64
address sizes	: 39 bits physical, 48 bits virtual
power management:

processor	: 6
vendor_id	: GenuineIntel
cpu family	: 6
model		: 60
model name	: Intel(R) Core(TM) i7-4702HQ CPU @ 2.20GHz
stepping	: 3
microcode	: 0x17
cpu MHz		: 2201.000
cache size	: 6144 KB
physical id	: 0
siblings	: 8
core id		: 2
cpu cores	: 4
apicid		: 5
initial apicid	: 5
fpu		: yes
fpu_exception	: yes
cpuid level	: 13
wp		: yes
flags		: fpu vme de pse tsc msr pae mce cx8 apic sep mtrr pge mca cmov pat pse36 clflush dts acpi mmx fxsr sse sse2 ss ht tm pbe syscall nx pdpe1gb rdtscp lm constant_tsc arch_perfmon pebs bts rep_good nopl xtopology nonstop_tsc aperfmperf eagerfpu pni pclmulqdq dtes64 monitor ds_cpl vmx est tm2 ssse3 fma cx16 xtpr pdcm pcid sse4_1 sse4_2 x2apic movbe popcnt tsc_deadline_timer aes xsave avx f16c rdrand lahf_lm abm ida arat epb xsaveopt pln pts dtherm tpr_shadow vnmi flexpriority ept vpid fsgsbase tsc_adjust bmi1 avx2 smep bmi2 erms invpcid
bogomips	: 4389.63
clflush size	: 64
cache_alignment	: 64
address sizes	: 39 bits physical, 48 bits virtual
power management:

processor	: 7
vendor_id	: GenuineIntel
cpu family	: 6
model		: 60
model name	: Intel(R) Core(TM) i7-4702HQ CPU @ 2.20GHz
stepping	: 3
microcode	: 0x17
cpu MHz		: 1500.000
cache size	: 6144 KB
physical id	: 0
siblings	: 8
core id		: 3
cpu cores	: 4
apicid		: 7
initial apicid	: 7
fpu		: yes
fpu_exception	: yes
cpuid level	: 13
wp		: yes
flags		: fpu vme de pse tsc msr pae mce cx8 apic sep mtrr pge mca cmov pat pse36 clflush dts acpi mmx fxsr sse sse2 ss ht tm pbe syscall nx pdpe1gb rdtscp lm constant_tsc arch_perfmon pebs bts rep_good nopl xtopology nonstop_tsc aperfmperf eagerfpu pni pclmulqdq dtes64 monitor ds_cpl vmx est tm2 ssse3 fma cx16 xtpr pdcm pcid sse4_1 sse4_2 x2apic movbe popcnt tsc_deadline_timer aes xsave avx f16c rdrand lahf_lm abm ida arat epb xsaveopt pln pts dtherm tpr_shadow vnmi flexpriority ept vpid fsgsbase tsc_adjust bmi1 avx2 smep bmi2 erms invpcid
bogomips	: 4389.63
clflush size	: 64
cache_alignment	: 64
address sizes	: 39 bits physical, 48 bits virtual
power management:



Memory: 4k page, physical 16335088k(10624000k free), swap 16676860k(16676860k free)

vm_info: Java HotSpot(TM) 64-Bit Server VM (25.20-b17) for linux-amd64 JRE (1.8.0_20-ea-b17), built on Jun  4 2014 00:04:06 by "java_re" with gcc 4.3.0 20080428 (Red Hat 4.3.0-8)

time: Fri Nov 14 10:53:31 2014
elapsed time: 1041 seconds (0d 0h 17m 21s)

