#
# A fatal error has been detected by the Java Runtime Environment:
#
#  SIGSEGV (0xb) at pc=0x00007fc696306f7e, pid=4459, tid=140490902050560
#
# JRE version: Java(TM) SE Runtime Environment (8.0_20-b17) (build 1.8.0_20-ea-b17)
# Java VM: Java HotSpot(TM) 64-Bit Server VM (25.20-b17 mixed mode linux-amd64 compressed oops)
# Problematic frame:
# C  [ld-linux-x86-64.so.2+0x9f7e]
#
# Failed to write core dump. Core dumps have been disabled. To enable core dumping, try "ulimit -c unlimited" before starting Java again
#
# If you would like to submit a bug report, please visit:
#   http://bugreport.sun.com/bugreport/crash.jsp
# The crash happened outside the Java Virtual Machine in native code.
# See problematic frame for where to report the bug.
#

---------------  T H R E A D  ---------------

Current thread (0x00007fc69000d000):  JavaThread "main" [_thread_in_native, id=4464, stack(0x00007fc6963f9000,0x00007fc6964fa000)]

siginfo: si_signo: 11 (SIGSEGV), si_code: 1 (SEGV_MAPERR), si_addr: 0x0000000000000068

Registers:
RAX=0x0000000000000040, RBX=0x000000004c8d3d65, RCX=0x0000000000000025, RDX=0x00000000000003f3
RSP=0x00007fc6964f6a50, RBP=0x0000000000000002, RSI=0x00007fc695901d28, RDI=0x00007fc6964fd9e8
R8 =0x00000000013234f5, R9 =0x00007fc6964f6a90, R10=0x0000000006020400, R11=0x00007fc6964f6b90
R12=0x0000000000000003, R13=0x00007fc5c0366130, R14=0x0000000000000000, R15=0x0000000000000025
RIP=0x00007fc696306f7e, EFLAGS=0x0000000000010202, CSGSFS=0x0000000000000033, ERR=0x0000000000000004
  TRAPNO=0x000000000000000e

Top of Stack: (sp=0x00007fc6964f6a50)
0x00007fc6964f6a50:   00007fc6964f6bc0 00007fc694fdef75
0x00007fc6964f6a60:   00007fc600000002 00007fc6964f6ba0
0x00007fc6964f6a70:   00007fc6964f6c30 00007fc6964f6e00
0x00007fc6964f6a80:   00007fc67fee8960 01007fc60000000c
0x00007fc6964f6a90:   0000000000000000 0000000000000000
0x00007fc6964f6aa0:   00007fc6964fd9e8 00007fc6900b7a30
0x00007fc6964f6ab0:   00007fc69590ed78 0000000000000000
0x00007fc6964f6ac0:   0000000200000000 0000000000000000
0x00007fc6964f6ad0:   00007fc69000d000 00007fc6964f6c80
0x00007fc6964f6ae0:   00007fc6964f6c30 0000000000000000
0x00007fc6964f6af0:   0000000000000000 00007fc5c0366598
0x00007fc6964f6b00:   00007fc5c0366210 00007fc696307991
0x00007fc6964f6b10:   0000000000000000 0000000000000000
0x00007fc6964f6b20:   0000007600000002 0000000000000000
0x00007fc6964f6b30:   00007fc600000000 00007fc5c0366210
0x00007fc6964f6b40:   00000007c0008600 00007fc69000d000
0x00007fc6964f6b50:   00007fc6964f6bc0 00007fc695135447
0x00007fc6964f6b60:   00007fc67d615440 00007fc5c0366598
0x00007fc6964f6b70:   00007fc6964f6ba0 00007fc6964f6b90
0x00007fc6964f6b80:   000000004c8d3d65 00007fc6900b7a30
0x00007fc6964f6b90:   00000000ffffffff 00007fc69000a5d0
0x00007fc6964f6ba0:   0000000000000000 0000000000000000
0x00007fc6964f6bb0:   00007fc69000a470 00007fc69000d000
0x00007fc6964f6bc0:   00007fc6964f6d50 00007fc695025467
0x00007fc6964f6bd0:   000000b1964f7938 00007fc6964f73a0
0x00007fc6964f6be0:   00007fc6964f6c30 00007fc6964f6cb0
0x00007fc6964f6bf0:   00007fc6964f6d80 00007fc6964f6e00
0x00007fc6964f6c00:   00007fc69000d1e8 0000000001f8a4b0
0x00007fc6964f6c10:   00007fc69651fcc0 00007fc6900b7a30
0x00007fc6964f6c20:   0000000000000000 00007fc5c0366210
0x00007fc6964f6c30:   00007fc6964f6d10 00007fc695a34f56
0x00007fc6964f6c40:   0000000600000002 0000000000000000 

Instructions: (pc=0x00007fc696306f7e)
0x00007fc696306f5e:   06 41 83 e7 3f 0f 1f 44 00 00 49 8b 44 ed 00 c7
0x00007fc696306f6e:   44 24 70 00 00 00 00 48 c7 44 24 40 00 00 00 00
0x00007fc696306f7e:   48 8b 78 28 4c 39 f7 48 89 7c 24 50 0f 84 f0 00
0x00007fc696306f8e:   00 00 f6 44 24 7c 02 74 0d f6 87 14 03 00 00 03 

Register to memory mapping:

RAX=0x0000000000000040 is an unknown value
RBX=0x000000004c8d3d65 is an unknown value
RCX=0x0000000000000025 is an unknown value
RDX=0x00000000000003f3 is an unknown value
RSP=0x00007fc6964f6a50 is pointing into the stack for thread: 0x00007fc69000d000
RBP=0x0000000000000002 is an unknown value
RSI=0x00007fc695901d28: <offset 0x3d28> in /lib/x86_64-linux-gnu/libc.so.6 at 0x00007fc6958fe000
RDI=0x00007fc6964fd9e8 is an unknown value
R8 =0x00000000013234f5 is an unknown value
R9 =0x00007fc6964f6a90 is pointing into the stack for thread: 0x00007fc69000d000
R10=0x0000000006020400 is an unknown value
R11=0x00007fc6964f6b90 is pointing into the stack for thread: 0x00007fc69000d000
R12=0x0000000000000003 is an unknown value
R13=0x00007fc5c0366130 is an unknown value
R14=0x0000000000000000 is an unknown value
R15=0x0000000000000025 is an unknown value


Stack: [0x00007fc6963f9000,0x00007fc6964fa000],  sp=0x00007fc6964f6a50,  free space=1014k
Native frames: (J=compiled Java code, j=interpreted, Vv=VM code, C=native code)
C  [ld-linux-x86-64.so.2+0x9f7e]

Java frames: (J=compiled Java code, j=interpreted, Vv=VM code)
j  java.lang.ClassLoader$NativeLibrary.unload(Ljava/lang/String;Z)V+0
j  java.lang.ClassLoader$NativeLibrary.finalize()V+87
v  ~StubRoutines::call_stub
J 1181  sun.reflect.NativeMethodAccessorImpl.invoke0(Ljava/lang/reflect/Method;Ljava/lang/Object;[Ljava/lang/Object;)Ljava/lang/Object; (0 bytes) @ 0x00007fc680316077 [0x00007fc680316000+0x77]
J 1180 C1 sun.reflect.NativeMethodAccessorImpl.invoke(Ljava/lang/Object;[Ljava/lang/Object;)Ljava/lang/Object; (104 bytes) @ 0x00007fc680319d0c [0x00007fc680318b00+0x120c]
J 6442 C2 java.lang.reflect.Method.invoke(Ljava/lang/Object;[Ljava/lang/Object;)Ljava/lang/Object; (62 bytes) @ 0x00007fc681373060 [0x00007fc681372fa0+0xc0]
j  com.inductiveautomation.ignition.gateway.bootstrap.SRFilter.destroy()V+89
j  org.apache.catalina.core.ApplicationFilterConfig.release()V+61
j  org.apache.catalina.core.StandardContext.filterStop()Z+124
j  org.apache.catalina.core.StandardContext.stop()V+142
j  org.apache.catalina.core.ContainerBase.removeChild(Lorg/apache/catalina/Container;)V+90
j  org.apache.catalina.startup.HostConfig.undeployApps()V+77
j  org.apache.catalina.startup.HostConfig.stop()V+28
j  org.apache.catalina.startup.HostConfig.lifecycleEvent(Lorg/apache/catalina/LifecycleEvent;)V+151
j  org.apache.catalina.util.LifecycleSupport.fireLifecycleEvent(Ljava/lang/String;Ljava/lang/Object;)V+178
j  org.apache.catalina.core.ContainerBase.stop()V+60
j  org.apache.catalina.core.ContainerBase.stop()V+118
j  org.apache.catalina.core.StandardEngine.stop()V+1
j  org.apache.catalina.core.StandardService.stop()V+177
j  org.apache.catalina.core.StandardServer.stop()V+65
j  org.apache.catalina.startup.Catalina.stop()V+58
j  org.apache.catalina.startup.Catalina.start()V+198
v  ~StubRoutines::call_stub
j  sun.reflect.NativeMethodAccessorImpl.invoke0(Ljava/lang/reflect/Method;Ljava/lang/Object;[Ljava/lang/Object;)Ljava/lang/Object;+0
j  sun.reflect.NativeMethodAccessorImpl.invoke(Ljava/lang/Object;[Ljava/lang/Object;)Ljava/lang/Object;+100
J 503 C1 sun.reflect.DelegatingMethodAccessorImpl.invoke(Ljava/lang/Object;[Ljava/lang/Object;)Ljava/lang/Object; (10 bytes) @ 0x00007fc6800cf56c [0x00007fc6800cf440+0x12c]
J 482 C1 java.lang.reflect.Method.invoke(Ljava/lang/Object;[Ljava/lang/Object;)Ljava/lang/Object; (62 bytes) @ 0x00007fc6800ccb04 [0x00007fc6800cc6e0+0x424]
j  org.apache.catalina.startup.Bootstrap.start()V+37
j  org.apache.catalina.startup.Bootstrap.main([Ljava/lang/String;)V+131
v  ~StubRoutines::call_stub

---------------  P R O C E S S  ---------------

Java Threads: ( => current thread )
  0x00007fc6905d1000 JavaThread "pool-1-thread-3" [_thread_blocked, id=4603, stack(0x00007fc58f7fc000,0x00007fc58f8fd000)]
  0x00007fc6900c2800 JavaThread "Thread-21" daemon [_thread_blocked, id=4602, stack(0x00007fc58e0cb000,0x00007fc58e1cc000)]
  0x00007fc5c0b38000 JavaThread "ClockDriftDetector" daemon [_thread_blocked, id=4550, stack(0x00007fc58eaf1000,0x00007fc58ebf2000)]
  0x00007fc5c0b6d000 JavaThread "PyLib_ScriptWatcher" daemon [_thread_blocked, id=4549, stack(0x00007fc58ebf2000,0x00007fc58ecf3000)]
  0x00007fc5c0b66000 JavaThread "PyFile_ChangeNotifier" daemon [_thread_blocked, id=4548, stack(0x00007fc58eef3000,0x00007fc58eff4000)]
  0x00007fc5c0b64000 JavaThread "Thread-18" daemon [_thread_in_native, id=4547, stack(0x00007fc58eff4000,0x00007fc58f0f5000)]
  0x00007fc578006800 JavaThread "pool-2-thread-3" [_thread_blocked, id=4546, stack(0x00007fc58f0f5000,0x00007fc58f1f6000)]
  0x00007fc57800a000 JavaThread "pool-2-thread-2" [_thread_blocked, id=4545, stack(0x00007fc58f1f6000,0x00007fc58f2f7000)]
  0x00007fc580011000 JavaThread "pool-1-thread-2" [_thread_blocked, id=4544, stack(0x00007fc58f2f7000,0x00007fc58f3f8000)]
  0x00007fc578005000 JavaThread "pool-2-thread-1" [_thread_blocked, id=4543, stack(0x00007fc58f3f8000,0x00007fc58f4f9000)]
  0x00007fc580005800 JavaThread "pool-1-thread-1" [_thread_blocked, id=4542, stack(0x00007fc58f4f9000,0x00007fc58f5fa000)]
  0x00007fc5f4004800 JavaThread "http-8088-1" daemon [_thread_blocked, id=4507, stack(0x00007fc60b2e1000,0x00007fc60b3e2000)]
  0x00007fc690600000 JavaThread "TP-Monitor" daemon [_thread_blocked, id=4506, stack(0x00007fc60b5e2000,0x00007fc60b6e3000)]
  0x00007fc6905fe800 JavaThread "TP-Processor4" daemon [_thread_blocked, id=4505, stack(0x00007fc60b6e3000,0x00007fc60b7e4000)]
  0x00007fc6905fa000 JavaThread "TP-Processor3" daemon [_thread_blocked, id=4504, stack(0x00007fc60b7e4000,0x00007fc60b8e5000)]
  0x00007fc6905f9000 JavaThread "TP-Processor2" daemon [_thread_blocked, id=4503, stack(0x00007fc60b8e5000,0x00007fc60b9e6000)]
  0x00007fc6905e2800 JavaThread "TP-Processor1" daemon [_thread_blocked, id=4502, stack(0x00007fc60b9e6000,0x00007fc60bae7000)]
  0x00007fc6905d2000 JavaThread "http-8088-Acceptor-0" daemon [_thread_blocked, id=4501, stack(0x00007fc60bae7000,0x00007fc60bbe8000)]
  0x00007fc620001800 JavaThread "RMI TCP Connection(idle)" daemon [_thread_blocked, id=4497, stack(0x00007fc60bce9000,0x00007fc60bdea000)]
  0x00007fc600006000 JavaThread "RMI Scheduler(0)" daemon [_thread_blocked, id=4496, stack(0x00007fc650008000,0x00007fc650109000)]
  0x00007fc614001800 JavaThread "RMI TCP Connection(idle)" daemon [_thread_blocked, id=4494, stack(0x00007fc65c09f000,0x00007fc65c1a0000)]
  0x00007fc690566000 JavaThread "GC Daemon" daemon [_thread_blocked, id=4492, stack(0x00007fc65c3a0000,0x00007fc65c4a1000)]
  0x00007fc690500000 JavaThread "Abandoned connection cleanup thread" daemon [_thread_blocked, id=4491, stack(0x00007fc65db7b000,0x00007fc65dc7c000)]
  0x00007fc690216800 JavaThread "RMI TCP Accept-0" daemon [_thread_in_native, id=4489, stack(0x00007fc65dfb3000,0x00007fc65e0b4000)]
  0x00007fc69020d000 JavaThread "RMI TCP Accept-1099" daemon [_thread_in_native, id=4488, stack(0x00007fc65e0b4000,0x00007fc65e1b5000)]
  0x00007fc6901fc000 JavaThread "RMI TCP Accept-0" daemon [_thread_in_native, id=4487, stack(0x00007fc65e1b5000,0x00007fc65e2b6000)]
  0x00007fc6900ed000 JavaThread "Service Thread" daemon [_thread_blocked, id=4486, stack(0x00007fc65e8e7000,0x00007fc65e9e8000)]
  0x00007fc6900cf000 JavaThread "C1 CompilerThread3" daemon [_thread_in_vm, id=4485, stack(0x00007fc65e9e8000,0x00007fc65eae9000)]
  0x00007fc6900cd000 JavaThread "C2 CompilerThread2" daemon [_thread_in_native, id=4484, stack(0x00007fc65eae9000,0x00007fc65ebea000)]
  0x00007fc6900cb000 JavaThread "C2 CompilerThread1" daemon [_thread_in_native, id=4483, stack(0x00007fc65ebea000,0x00007fc65eceb000)]
  0x00007fc6900c8000 JavaThread "C2 CompilerThread0" daemon [_thread_in_vm, id=4482, stack(0x00007fc65eceb000,0x00007fc65edec000)]
  0x00007fc6900c6000 JavaThread "JDWP Event Helper Thread" daemon [_thread_blocked, id=4478, stack(0x00007fc65eeed000,0x00007fc65efee000)]
  0x00007fc6900b5800 JavaThread "Signal Dispatcher" daemon [_thread_blocked, id=4476, stack(0x00007fc65f2f3000,0x00007fc65f3f4000)]
  0x00007fc690087800 JavaThread "Finalizer" daemon [_thread_blocked, id=4475, stack(0x00007fc65f3f4000,0x00007fc65f4f5000)]
  0x00007fc690085800 JavaThread "Reference Handler" daemon [_thread_blocked, id=4474, stack(0x00007fc65f4f5000,0x00007fc65f5f6000)]
=>0x00007fc69000d000 JavaThread "main" [_thread_in_native, id=4464, stack(0x00007fc6963f9000,0x00007fc6964fa000)]

Other Threads:
  0x00007fc69007e800 VMThread [stack: 0x00007fc65f5f6000,0x00007fc65f6f7000] [id=4473]
  0x00007fc690221000 WatcherThread [stack: 0x00007fc65deb2000,0x00007fc65dfb3000] [id=4490]

VM state:not at safepoint (normal execution)

VM Mutex/Monitor currently owned by a thread: None

Heap:
 PSYoungGen      total 411648K, used 31964K [0x000000076ce00000, 0x000000078ab80000, 0x00000007c0000000)
  eden space 392192K, 8% used [0x000000076ce00000,0x000000076ed37340,0x0000000784d00000)
  from space 19456K, 0% used [0x0000000784d00000,0x0000000784d00000,0x0000000786000000)
  to   space 19968K, 0% used [0x0000000789800000,0x0000000789800000,0x000000078ab80000)
 ParOldGen       total 243200K, used 34435K [0x00000006c6a00000, 0x00000006d5780000, 0x000000076ce00000)
  object space 243200K, 14% used [0x00000006c6a00000,0x00000006c8ba0ef0,0x00000006d5780000)
 Metaspace       used 57380K, capacity 58554K, committed 58908K, reserved 1099776K
  class space    used 8188K, capacity 8472K, committed 8576K, reserved 1048576K

Card table byte_map: [0x00007fc67f316000,0x00007fc67fae2000] byte_map_base: 0x00007fc67bce1000

Marking Bits: (ParMarkBitMap*) 0x00007fc6958d3c20
 Begin Bits: [0x00007fc650350000, 0x00007fc6541a8000)
 End Bits:   [0x00007fc6541a8000, 0x00007fc658000000)

Polling page: 0x00007fc69651c000

CodeCache: size=245760Kb used=20635Kb max_used=21234Kb free=225124Kb
 bounds [0x00007fc67fea2000, 0x00007fc681382000, 0x00007fc68eea2000]
 total_blobs=5988 nmethods=5385 adapters=524
 compilation: enabled

Compilation events (10 events):
Event: 72.912 Thread 0x00007fc6900cf000 6479       3       java.io.ObjectStreamClass::access$1802 (7 bytes)
Event: 72.913 Thread 0x00007fc6900cf000 nmethod 6479 0x00007fc680067f10 code [0x00007fc680068060, 0x00007fc6800681b0]
Event: 72.913 Thread 0x00007fc6900cb000 nmethod 6472% 0x00007fc68042a5d0 code [0x00007fc68042a760, 0x00007fc68042aaf8]
Event: 72.913 Thread 0x00007fc6900cf000 6480       3       java.lang.reflect.Field::getFieldAccessor (16 bytes)
Event: 72.914 Thread 0x00007fc6900cf000 nmethod 6480 0x00007fc6801b9790 code [0x00007fc6801b9900, 0x00007fc6801b9ab0]
Event: 72.914 Thread 0x00007fc6900cf000 6481       3       sun.reflect.ReflectionFactory::newFieldAccessor (9 bytes)
Event: 72.915 Thread 0x00007fc6900cf000 nmethod 6481 0x00007fc68025ef90 code [0x00007fc68025f120, 0x00007fc68025f498]
Event: 72.916 Thread 0x00007fc6900cf000 6482       3       sun.reflect.UnsafeFieldAccessorFactory::newFieldAccessor (676 bytes)
Event: 72.916 Thread 0x00007fc6900cd000 6483       4       java.io.ObjectOutputStream$BlockDataOutputStream::setBlockDataMode (35 bytes)
Event: 72.917 Thread 0x00007fc6900cb000 6485       4       java.io.ObjectOutputStream$BlockDataOutputStream::drain (45 bytes)

GC Heap History (10 events):
Event: 4.647 GC heap before
{Heap before GC invocations=8 (full 2):
 PSYoungGen      total 300032K, used 13095K [0x000000076ce00000, 0x0000000785e00000, 0x00000007c0000000)
  eden space 285184K, 0% used [0x000000076ce00000,0x000000076ce00000,0x000000077e480000)
  from space 14848K, 88% used [0x000000077f400000,0x00000007800c9eb0,0x0000000780280000)
  to   space 15872K, 0% used [0x000000077e480000,0x000000077e480000,0x000000077f400000)
 ParOldGen       total 109568K, used 12851K [0x00000006c6a00000, 0x00000006cd500000, 0x000000076ce00000)
  object space 109568K, 11% used [0x00000006c6a00000,0x00000006c768cc88,0x00000006cd500000)
 Metaspace       used 34785K, capacity 35114K, committed 35320K, reserved 1079296K
  class space    used 4558K, capacity 4673K, committed 4736K, reserved 1048576K
Event: 4.710 GC heap after
Heap after GC invocations=8 (full 2):
 PSYoungGen      total 300032K, used 0K [0x000000076ce00000, 0x0000000785e00000, 0x00000007c0000000)
  eden space 285184K, 0% used [0x000000076ce00000,0x000000076ce00000,0x000000077e480000)
  from space 14848K, 0% used [0x000000077f400000,0x000000077f400000,0x0000000780280000)
  to   space 15872K, 0% used [0x000000077e480000,0x000000077e480000,0x000000077f400000)
 ParOldGen       total 173568K, used 23659K [0x00000006c6a00000, 0x00000006d1380000, 0x000000076ce00000)
  object space 173568K, 13% used [0x00000006c6a00000,0x00000006c811af70,0x00000006d1380000)
 Metaspace       used 34785K, capacity 35114K, committed 35320K, reserved 1079296K
  class space    used 4558K, capacity 4673K, committed 4736K, reserved 1048576K
}
Event: 6.635 GC heap before
{Heap before GC invocations=9 (full 2):
 PSYoungGen      total 300032K, used 285184K [0x000000076ce00000, 0x0000000785e00000, 0x00000007c0000000)
  eden space 285184K, 100% used [0x000000076ce00000,0x000000077e480000,0x000000077e480000)
  from space 14848K, 0% used [0x000000077f400000,0x000000077f400000,0x0000000780280000)
  to   space 15872K, 0% used [0x000000077e480000,0x000000077e480000,0x000000077f400000)
 ParOldGen       total 173568K, used 23659K [0x00000006c6a00000, 0x00000006d1380000, 0x000000076ce00000)
  object space 173568K, 13% used [0x00000006c6a00000,0x00000006c811af70,0x00000006d1380000)
 Metaspace       used 44487K, capacity 44946K, committed 45184K, reserved 1087488K
  class space    used 6588K, capacity 6712K, committed 6784K, reserved 1048576K
Event: 6.653 GC heap after
Heap after GC invocations=9 (full 2):
 PSYoungGen      total 301056K, used 10783K [0x000000076ce00000, 0x0000000787300000, 0x00000007c0000000)
  eden space 285184K, 0% used [0x000000076ce00000,0x000000076ce00000,0x000000077e480000)
  from space 15872K, 67% used [0x000000077e480000,0x000000077ef07d28,0x000000077f400000)
  to   space 15360K, 0% used [0x0000000786400000,0x0000000786400000,0x0000000787300000)
 ParOldGen       total 173568K, used 23667K [0x00000006c6a00000, 0x00000006d1380000, 0x000000076ce00000)
  object space 173568K, 13% used [0x00000006c6a00000,0x00000006c811cf70,0x00000006d1380000)
 Metaspace       used 44487K, capacity 44946K, committed 45184K, reserved 1087488K
  class space    used 6588K, capacity 6712K, committed 6784K, reserved 1048576K
}
Event: 20.294 GC heap before
{Heap before GC invocations=10 (full 2):
 PSYoungGen      total 301056K, used 295967K [0x000000076ce00000, 0x0000000787300000, 0x00000007c0000000)
  eden space 285184K, 100% used [0x000000076ce00000,0x000000077e480000,0x000000077e480000)
  from space 15872K, 67% used [0x000000077e480000,0x000000077ef07d28,0x000000077f400000)
  to   space 15360K, 0% used [0x0000000786400000,0x0000000786400000,0x0000000787300000)
 ParOldGen       total 173568K, used 23667K [0x00000006c6a00000, 0x00000006d1380000, 0x000000076ce00000)
  object space 173568K, 13% used [0x00000006c6a00000,0x00000006c811cf70,0x00000006d1380000)
 Metaspace       used 56976K, capacity 58130K, committed 58368K, reserved 1099776K
  class space    used 8166K, capacity 8440K, committed 8448K, reserved 1048576K
Event: 20.318 GC heap after
Heap after GC invocations=10 (full 2):
 PSYoungGen      total 398848K, used 15329K [0x000000076ce00000, 0x0000000787300000, 0x00000007c0000000)
  eden space 383488K, 0% used [0x000000076ce00000,0x000000076ce00000,0x0000000784480000)
  from space 15360K, 99% used [0x0000000786400000,0x00000007872f86c8,0x0000000787300000)
  to   space 19456K, 0% used [0x0000000784d00000,0x0000000784d00000,0x0000000786000000)
 ParOldGen       total 173568K, used 29807K [0x00000006c6a00000, 0x00000006d1380000, 0x000000076ce00000)
  object space 173568K, 17% used [0x00000006c6a00000,0x00000006c871bf78,0x00000006d1380000)
 Metaspace       used 56976K, capacity 58130K, committed 58368K, reserved 1099776K
  class space    used 8166K, capacity 8440K, committed 8448K, reserved 1048576K
}
Event: 72.412 GC heap before
{Heap before GC invocations=11 (full 2):
 PSYoungGen      total 398848K, used 86948K [0x000000076ce00000, 0x0000000787300000, 0x00000007c0000000)
  eden space 383488K, 18% used [0x000000076ce00000,0x00000007713f0d28,0x0000000784480000)
  from space 15360K, 99% used [0x0000000786400000,0x00000007872f86c8,0x0000000787300000)
  to   space 19456K, 0% used [0x0000000784d00000,0x0000000784d00000,0x0000000786000000)
 ParOldGen       total 173568K, used 29807K [0x00000006c6a00000, 0x00000006d1380000, 0x000000076ce00000)
  object space 173568K, 17% used [0x00000006c6a00000,0x00000006c871bf78,0x00000006d1380000)
 Metaspace       used 57304K, capacity 58454K, committed 58524K, reserved 1099776K
  class space    used 8169K, capacity 8440K, committed 8448K, reserved 1048576K
Event: 72.428 GC heap after
Heap after GC invocations=11 (full 2):
 PSYoungGen      total 411648K, used 14909K [0x000000076ce00000, 0x000000078ab80000, 0x00000007c0000000)
  eden space 392192K, 0% used [0x000000076ce00000,0x000000076ce00000,0x0000000784d00000)
  from space 19456K, 76% used [0x0000000784d00000,0x0000000785b8f468,0x0000000786000000)
  to   space 19968K, 0% used [0x0000000789800000,0x0000000789800000,0x000000078ab80000)
 ParOldGen       total 173568K, used 29815K [0x00000006c6a00000, 0x00000006d1380000, 0x000000076ce00000)
  object space 173568K, 17% used [0x00000006c6a00000,0x00000006c871df78,0x00000006d1380000)
 Metaspace       used 57304K, capacity 58454K, committed 58524K, reserved 1099776K
  class space    used 8169K, capacity 8440K, committed 8448K, reserved 1048576K
}
Event: 72.428 GC heap before
{Heap before GC invocations=12 (full 3):
 PSYoungGen      total 411648K, used 14909K [0x000000076ce00000, 0x000000078ab80000, 0x00000007c0000000)
  eden space 392192K, 0% used [0x000000076ce00000,0x000000076ce00000,0x0000000784d00000)
  from space 19456K, 76% used [0x0000000784d00000,0x0000000785b8f468,0x0000000786000000)
  to   space 19968K, 0% used [0x0000000789800000,0x0000000789800000,0x000000078ab80000)
 ParOldGen       total 173568K, used 29815K [0x00000006c6a00000, 0x00000006d1380000, 0x000000076ce00000)
  object space 173568K, 17% used [0x00000006c6a00000,0x00000006c871df78,0x00000006d1380000)
 Metaspace       used 57304K, capacity 58454K, committed 58524K, reserved 1099776K
  class space    used 8169K, capacity 8440K, committed 8448K, reserved 1048576K
Event: 72.606 GC heap after
Heap after GC invocations=12 (full 3):
 PSYoungGen      total 411648K, used 0K [0x000000076ce00000, 0x000000078ab80000, 0x00000007c0000000)
  eden space 392192K, 0% used [0x000000076ce00000,0x000000076ce00000,0x0000000784d00000)
  from space 19456K, 0% used [0x0000000784d00000,0x0000000784d00000,0x0000000786000000)
  to   space 19968K, 0% used [0x0000000789800000,0x0000000789800000,0x000000078ab80000)
 ParOldGen       total 243200K, used 34435K [0x00000006c6a00000, 0x00000006d5780000, 0x000000076ce00000)
  object space 243200K, 14% used [0x00000006c6a00000,0x00000006c8ba0ef0,0x00000006d5780000)
 Metaspace       used 57244K, capacity 58370K, committed 58524K, reserved 1099776K
  class space    used 8168K, capacity 8436K, committed 8448K, reserved 1048576K
}

Deoptimization events (10 events):
Event: 72.795 Thread 0x00007fc69000d000 Uncommon trap: reason=class_check action=maybe_recompile pc=0x00007fc680aa2990 method=org.hsqldb.index.IndexAVL.unlinkNodes(Lorg/hsqldb/index/NodeAVL;)V @ 4
Event: 72.795 Thread 0x00007fc69000d000 Uncommon trap: reason=unreached action=reinterpret pc=0x00007fc680976780 method=org.hsqldb.store.BaseHashMap.clearElementArrays(II)V @ 185
Event: 72.799 Thread 0x00007fc5c082e000 Uncommon trap: reason=unreached action=reinterpret pc=0x00007fc68069a06c method=org.hsqldb.lib.HsqlTimer$TaskQueue.peekTask()Lorg/hsqldb/lib/HsqlTimer$Task; @ 6
Event: 72.907 Thread 0x00007fc69000d000 Uncommon trap: reason=bimorphic action=maybe_recompile pc=0x00007fc680e0654c method=java.io.ObjectOutputStream$BlockDataOutputStream.drain()V @ 36
Event: 72.908 Thread 0x00007fc69000d000 Uncommon trap: reason=bimorphic action=maybe_recompile pc=0x00007fc680e0654c method=java.io.ObjectOutputStream$BlockDataOutputStream.drain()V @ 36
Event: 72.908 Thread 0x00007fc69000d000 Uncommon trap: reason=bimorphic action=maybe_recompile pc=0x00007fc680ec7a9c method=java.io.ObjectOutputStream$BlockDataOutputStream.drain()V @ 36
Event: 72.908 Thread 0x00007fc69000d000 Uncommon trap: reason=class_check action=maybe_recompile pc=0x00007fc6810360ec method=java.io.ObjectOutputStream$BlockDataOutputStream.write([BIIZ)V @ 23
Event: 72.909 Thread 0x00007fc69000d000 Uncommon trap: reason=class_check action=maybe_recompile pc=0x00007fc6810360ec method=java.io.ObjectOutputStream$BlockDataOutputStream.write([BIIZ)V @ 23
Event: 72.911 Thread 0x00007fc69000d000 Uncommon trap: reason=class_check action=maybe_recompile pc=0x00007fc6810360ec method=java.io.ObjectOutputStream$BlockDataOutputStream.write([BIIZ)V @ 23
Event: 72.912 Thread 0x00007fc69000d000 Uncommon trap: reason=class_check action=maybe_recompile pc=0x00007fc6810360ec method=java.io.ObjectOutputStream$BlockDataOutputStream.write([BIIZ)V @ 23

Internal exceptions (10 events):
Event: 72.773 Thread 0x00007fc69000d000 Exception <a 'java/security/PrivilegedActionException'> (0x000000076d06e3d0) thrown at [/HUDSON/workspace/8-2-build-linux-amd64/jdk8u20/526.nc/hotspot/src/share/vm/prims/jvm.cpp, line 1258]
Event: 72.775 Thread 0x00007fc69000d000 Exception <a 'java/security/PrivilegedActionException'> (0x000000076d0806c8) thrown at [/HUDSON/workspace/8-2-build-linux-amd64/jdk8u20/526.nc/hotspot/src/share/vm/prims/jvm.cpp, line 1258]
Event: 72.775 Thread 0x00007fc69000d000 Exception <a 'java/security/PrivilegedActionException'> (0x000000076d081268) thrown at [/HUDSON/workspace/8-2-build-linux-amd64/jdk8u20/526.nc/hotspot/src/share/vm/prims/jvm.cpp, line 1258]
Event: 72.776 Thread 0x00007fc69000d000 Exception <a 'java/lang/NullPointerException'> (0x000000076d089b48) thrown at [/HUDSON/workspace/8-2-build-linux-amd64/jdk8u20/526.nc/hotspot/src/share/vm/interpreter/linkResolver.cpp, line 1268]
Event: 72.913 Thread 0x00007fc69000d000 Exception <a 'java/security/PrivilegedActionException'> (0x000000076d0ac130) thrown at [/HUDSON/workspace/8-2-build-linux-amd64/jdk8u20/526.nc/hotspot/src/share/vm/prims/jvm.cpp, line 1258]
Event: 72.913 Thread 0x00007fc69000d000 Exception <a 'java/security/PrivilegedActionException'> (0x000000076d0ad110) thrown at [/HUDSON/workspace/8-2-build-linux-amd64/jdk8u20/526.nc/hotspot/src/share/vm/prims/jvm.cpp, line 1258]
Event: 72.914 Thread 0x00007fc69000d000 Exception <a 'java/security/PrivilegedActionException'> (0x000000076d0bcda8) thrown at [/HUDSON/workspace/8-2-build-linux-amd64/jdk8u20/526.nc/hotspot/src/share/vm/prims/jvm.cpp, line 1258]
Event: 72.914 Thread 0x00007fc69000d000 Exception <a 'java/security/PrivilegedActionException'> (0x000000076d0bde18) thrown at [/HUDSON/workspace/8-2-build-linux-amd64/jdk8u20/526.nc/hotspot/src/share/vm/prims/jvm.cpp, line 1258]
Event: 72.914 Thread 0x00007fc69000d000 Exception <a 'java/security/PrivilegedActionException'> (0x000000076d0cdf78) thrown at [/HUDSON/workspace/8-2-build-linux-amd64/jdk8u20/526.nc/hotspot/src/share/vm/prims/jvm.cpp, line 1258]
Event: 72.914 Thread 0x00007fc69000d000 Exception <a 'java/security/PrivilegedActionException'> (0x000000076d0cef98) thrown at [/HUDSON/workspace/8-2-build-linux-amd64/jdk8u20/526.nc/hotspot/src/share/vm/prims/jvm.cpp, line 1258]

Events (10 events):
Event: 72.917 Thread 0x00007fc69000d000 DEOPT PACKING pc=0x00007fc68071530c sp=0x00007fc6964f5d90
Event: 72.917 Thread 0x00007fc69000d000 DEOPT UNPACKING pc=0x00007fc67fee941a sp=0x00007fc6964f5b58 mode 1
Event: 72.917 Thread 0x00007fc69000d000 DEOPT PACKING pc=0x00007fc6807e1864 sp=0x00007fc6964f5d00
Event: 72.917 Thread 0x00007fc69000d000 DEOPT UNPACKING pc=0x00007fc67fee941a sp=0x00007fc6964f5ad8 mode 1
Event: 72.917 Thread 0x00007fc69000d000 DEOPT PACKING pc=0x00007fc6807e1864 sp=0x00007fc6964f5cc0
Event: 72.917 Thread 0x00007fc69000d000 DEOPT UNPACKING pc=0x00007fc67fee941a sp=0x00007fc6964f5a80 mode 1
Event: 72.917 Thread 0x00007fc69000d000 DEOPT PACKING pc=0x00007fc68071530c sp=0x00007fc6964f5d90
Event: 72.917 Thread 0x00007fc69000d000 DEOPT UNPACKING pc=0x00007fc67fee941a sp=0x00007fc6964f5b58 mode 1
Event: 72.917 Thread 0x00007fc69000d000 DEOPT PACKING pc=0x00007fc6807e1864 sp=0x00007fc6964f5d00
Event: 72.917 Thread 0x00007fc69000d000 DEOPT UNPACKING pc=0x00007fc67fee941a sp=0x00007fc6964f5ad8 mode 1


Dynamic libraries:
00400000-00401000 r-xp 00000000 08:06 19938758                           /usr/lib/jvm/jdk1.8.0_20/bin/java
00600000-00601000 rw-p 00000000 08:06 19938758                           /usr/lib/jvm/jdk1.8.0_20/bin/java
01f8a000-01fab000 rw-p 00000000 00:00 0                                  [heap]
6c6a00000-6d5780000 rw-p 00000000 00:00 0 
6d5780000-76ce00000 ---p 00000000 00:00 0 
76ce00000-78ab80000 rw-p 00000000 00:00 0 
78ab80000-7c0000000 ---p 00000000 00:00 0 
7c0000000-7c0860000 rw-p 00000000 00:00 0 
7c0860000-800000000 ---p 00000000 00:00 0 
7fc570000000-7fc570021000 rw-p 00000000 00:00 0 
7fc570021000-7fc574000000 ---p 00000000 00:00 0 
7fc574000000-7fc574021000 rw-p 00000000 00:00 0 
7fc574021000-7fc578000000 ---p 00000000 00:00 0 
7fc578000000-7fc5780e4000 rw-p 00000000 00:00 0 
7fc5780e4000-7fc57c000000 ---p 00000000 00:00 0 
7fc57c000000-7fc57c021000 rw-p 00000000 00:00 0 
7fc57c021000-7fc580000000 ---p 00000000 00:00 0 
7fc580000000-7fc580038000 rw-p 00000000 00:00 0 
7fc580038000-7fc584000000 ---p 00000000 00:00 0 
7fc584000000-7fc58427b000 rw-p 00000000 00:00 0 
7fc58427b000-7fc588000000 ---p 00000000 00:00 0 
7fc588000000-7fc588021000 rw-p 00000000 00:00 0 
7fc588021000-7fc58c000000 ---p 00000000 00:00 0 
7fc58dbca000-7fc58dbcd000 ---p 00000000 00:00 0 
7fc58dbcd000-7fc58ddf2000 rw-p 00000000 00:00 0 
7fc58ddf2000-7fc58decb000 ---p 00000000 00:00 0 
7fc58decb000-7fc58e0cb000 rw-p 00000000 00:00 0 
7fc58e0cb000-7fc58e0ce000 ---p 00000000 00:00 0 
7fc58e0ce000-7fc58e1cc000 rw-p 00000000 00:00 0                          [stack:4602]
7fc58e1cc000-7fc58e1cf000 ---p 00000000 00:00 0 
7fc58e1cf000-7fc58e2cd000 rw-p 00000000 00:00 0 
7fc58e2cd000-7fc58e2e4000 r-xp 00000000 08:06 15602148                   /lib/x86_64-linux-gnu/libresolv-2.19.so
7fc58e2e4000-7fc58e4e4000 ---p 00017000 08:06 15602148                   /lib/x86_64-linux-gnu/libresolv-2.19.so
7fc58e4e4000-7fc58e4e5000 r--p 00017000 08:06 15602148                   /lib/x86_64-linux-gnu/libresolv-2.19.so
7fc58e4e5000-7fc58e4e6000 rw-p 00018000 08:06 15602148                   /lib/x86_64-linux-gnu/libresolv-2.19.so
7fc58e4e6000-7fc58e4e8000 rw-p 00000000 00:00 0 
7fc58e4e8000-7fc58e4ed000 r-xp 00000000 08:06 15602324                   /lib/x86_64-linux-gnu/libnss_dns-2.19.so
7fc58e4ed000-7fc58e6ec000 ---p 00005000 08:06 15602324                   /lib/x86_64-linux-gnu/libnss_dns-2.19.so
7fc58e6ec000-7fc58e6ed000 r--p 00004000 08:06 15602324                   /lib/x86_64-linux-gnu/libnss_dns-2.19.so
7fc58e6ed000-7fc58e6ee000 rw-p 00005000 08:06 15602324                   /lib/x86_64-linux-gnu/libnss_dns-2.19.so
7fc58e6ee000-7fc58e6f0000 r-xp 00000000 08:06 15601607                   /lib/x86_64-linux-gnu/libnss_mdns4_minimal.so.2
7fc58e6f0000-7fc58e8ef000 ---p 00002000 08:06 15601607                   /lib/x86_64-linux-gnu/libnss_mdns4_minimal.so.2
7fc58e8ef000-7fc58e8f0000 r--p 00001000 08:06 15601607                   /lib/x86_64-linux-gnu/libnss_mdns4_minimal.so.2
7fc58e8f0000-7fc58e8f1000 rw-p 00002000 08:06 15601607                   /lib/x86_64-linux-gnu/libnss_mdns4_minimal.so.2
7fc58e8f1000-7fc58eaf1000 rw-p 00000000 00:00 0 
7fc58eaf1000-7fc58eaf4000 ---p 00000000 00:00 0 
7fc58eaf4000-7fc58ebf2000 rw-p 00000000 00:00 0                          [stack:4550]
7fc58ebf2000-7fc58ebf5000 ---p 00000000 00:00 0 
7fc58ebf5000-7fc58eef3000 rw-p 00000000 00:00 0                          [stack:4549]
7fc58eef3000-7fc58eef6000 ---p 00000000 00:00 0 
7fc58eef6000-7fc58eff4000 rw-p 00000000 00:00 0                          [stack:4548]
7fc58eff4000-7fc58eff7000 ---p 00000000 00:00 0 
7fc58eff7000-7fc58f0f5000 rw-p 00000000 00:00 0                          [stack:4547]
7fc58f0f5000-7fc58f0f8000 ---p 00000000 00:00 0 
7fc58f0f8000-7fc58f1f6000 rw-p 00000000 00:00 0                          [stack:4546]
7fc58f1f6000-7fc58f1f9000 ---p 00000000 00:00 0 
7fc58f1f9000-7fc58f2f7000 rw-p 00000000 00:00 0                          [stack:4545]
7fc58f2f7000-7fc58f2fa000 ---p 00000000 00:00 0 
7fc58f2fa000-7fc58f3f8000 rw-p 00000000 00:00 0                          [stack:4544]
7fc58f3f8000-7fc58f3fb000 ---p 00000000 00:00 0 
7fc58f3fb000-7fc58f4f9000 rw-p 00000000 00:00 0                          [stack:4543]
7fc58f4f9000-7fc58f4fc000 ---p 00000000 00:00 0 
7fc58f4fc000-7fc58f5fa000 rw-p 00000000 00:00 0                          [stack:4542]
7fc58f5fa000-7fc58f5fd000 ---p 00000000 00:00 0 
7fc58f5fd000-7fc58f6fb000 rw-p 00000000 00:00 0 
7fc58f6fb000-7fc58f6fe000 ---p 00000000 00:00 0 
7fc58f6fe000-7fc58f7fc000 rw-p 00000000 00:00 0 
7fc58f7fc000-7fc58f7ff000 ---p 00000000 00:00 0 
7fc58f7ff000-7fc58fafd000 rw-p 00000000 00:00 0                          [stack:4603]
7fc58fafd000-7fc58fcfd000 rw-p 00000000 00:00 0 
7fc58fcfd000-7fc58fd00000 ---p 00000000 00:00 0 
7fc58fd00000-7fc58fdfe000 rw-p 00000000 00:00 0 
7fc58fdfe000-7fc58fe01000 ---p 00000000 00:00 0 
7fc58fe01000-7fc58feff000 rw-p 00000000 00:00 0 
7fc58feff000-7fc58ff02000 ---p 00000000 00:00 0 
7fc58ff02000-7fc590000000 rw-p 00000000 00:00 0 
7fc590000000-7fc590046000 rw-p 00000000 00:00 0 
7fc590046000-7fc594000000 ---p 00000000 00:00 0 
7fc594000000-7fc594021000 rw-p 00000000 00:00 0 
7fc594021000-7fc598000000 ---p 00000000 00:00 0 
7fc598000000-7fc5980f1000 rw-p 00000000 00:00 0 
7fc5980f1000-7fc59c000000 ---p 00000000 00:00 0 
7fc59c000000-7fc59c021000 rw-p 00000000 00:00 0 
7fc59c021000-7fc5a0000000 ---p 00000000 00:00 0 
7fc5a0000000-7fc5a0021000 rw-p 00000000 00:00 0 
7fc5a0021000-7fc5a4000000 ---p 00000000 00:00 0 
7fc5a4000000-7fc5a4021000 rw-p 00000000 00:00 0 
7fc5a4021000-7fc5a8000000 ---p 00000000 00:00 0 
7fc5a8000000-7fc5a8021000 rw-p 00000000 00:00 0 
7fc5a8021000-7fc5ac000000 ---p 00000000 00:00 0 
7fc5ac000000-7fc5ac021000 rw-p 00000000 00:00 0 
7fc5ac021000-7fc5b0000000 ---p 00000000 00:00 0 
7fc5b0000000-7fc5b0021000 rw-p 00000000 00:00 0 
7fc5b0021000-7fc5b4000000 ---p 00000000 00:00 0 
7fc5b4000000-7fc5b4021000 rw-p 00000000 00:00 0 
7fc5b4021000-7fc5b8000000 ---p 00000000 00:00 0 
7fc5b8000000-7fc5b802d000 rw-p 00000000 00:00 0 
7fc5b802d000-7fc5bc000000 ---p 00000000 00:00 0 
7fc5bc000000-7fc5bc047000 rw-p 00000000 00:00 0 
7fc5bc047000-7fc5c0000000 ---p 00000000 00:00 0 
7fc5c0000000-7fc5c0c20000 rw-p 00000000 00:00 0 
7fc5c0c20000-7fc5c4000000 ---p 00000000 00:00 0 
7fc5c4000000-7fc5c4021000 rw-p 00000000 00:00 0 
7fc5c4021000-7fc5c8000000 ---p 00000000 00:00 0 
7fc5c8000000-7fc5c8021000 rw-p 00000000 00:00 0 
7fc5c8021000-7fc5cc000000 ---p 00000000 00:00 0 
7fc5cc000000-7fc5cc021000 rw-p 00000000 00:00 0 
7fc5cc021000-7fc5d0000000 ---p 00000000 00:00 0 
7fc5d0000000-7fc5d0021000 rw-p 00000000 00:00 0 
7fc5d0021000-7fc5d4000000 ---p 00000000 00:00 0 
7fc5d4000000-7fc5d4031000 rw-p 00000000 00:00 0 
7fc5d4031000-7fc5d8000000 ---p 00000000 00:00 0 
7fc5d8000000-7fc5d8021000 rw-p 00000000 00:00 0 
7fc5d8021000-7fc5dc000000 ---p 00000000 00:00 0 
7fc5dc000000-7fc5dc272000 rw-p 00000000 00:00 0 
7fc5dc272000-7fc5e0000000 ---p 00000000 00:00 0 
7fc5e0000000-7fc5e0021000 rw-p 00000000 00:00 0 
7fc5e0021000-7fc5e4000000 ---p 00000000 00:00 0 
7fc5e4000000-7fc5e405d000 rw-p 00000000 00:00 0 
7fc5e405d000-7fc5e8000000 ---p 00000000 00:00 0 
7fc5e8000000-7fc5e8021000 rw-p 00000000 00:00 0 
7fc5e8021000-7fc5ec000000 ---p 00000000 00:00 0 
7fc5ec000000-7fc5ec021000 rw-p 00000000 00:00 0 
7fc5ec021000-7fc5f0000000 ---p 00000000 00:00 0 
7fc5f0000000-7fc5f00ad000 rw-p 00000000 00:00 0 
7fc5f00ad000-7fc5f4000000 ---p 00000000 00:00 0 
7fc5f4000000-7fc5f4021000 rw-p 00000000 00:00 0 
7fc5f4021000-7fc5f8000000 ---p 00000000 00:00 0 
7fc5f8000000-7fc5f8021000 rw-p 00000000 00:00 0 
7fc5f8021000-7fc5fc000000 ---p 00000000 00:00 0 
7fc5fc000000-7fc5fc49f000 rw-p 00000000 00:00 0 
7fc5fc49f000-7fc600000000 ---p 00000000 00:00 0 
7fc600000000-7fc600021000 rw-p 00000000 00:00 0 
7fc600021000-7fc604000000 ---p 00000000 00:00 0 
7fc604000000-7fc604021000 rw-p 00000000 00:00 0 
7fc604021000-7fc608000000 ---p 00000000 00:00 0 
7fc6080b8000-7fc6080bb000 ---p 00000000 00:00 0 
7fc6080bb000-7fc6081b9000 rw-p 00000000 00:00 0 
7fc6081b9000-7fc6081bc000 ---p 00000000 00:00 0 
7fc6081bc000-7fc6084ba000 rw-p 00000000 00:00 0 
7fc6084ba000-7fc6084bd000 ---p 00000000 00:00 0 
7fc6084bd000-7fc6085bb000 rw-p 00000000 00:00 0 
7fc6085bb000-7fc6085be000 ---p 00000000 00:00 0 
7fc6085be000-7fc6086bc000 rw-p 00000000 00:00 0 
7fc6086bc000-7fc6086bf000 ---p 00000000 00:00 0 
7fc6086bf000-7fc6087bd000 rw-p 00000000 00:00 0 
7fc6087bd000-7fc6087c0000 ---p 00000000 00:00 0 
7fc6087c0000-7fc6088be000 rw-p 00000000 00:00 0 
7fc6088be000-7fc6088c1000 ---p 00000000 00:00 0 
7fc6088c1000-7fc6089bf000 rw-p 00000000 00:00 0 
7fc6089bf000-7fc6089c2000 ---p 00000000 00:00 0 
7fc6089c2000-7fc608ac0000 rw-p 00000000 00:00 0 
7fc608ac0000-7fc608ac3000 ---p 00000000 00:00 0 
7fc608ac3000-7fc608bc1000 rw-p 00000000 00:00 0 
7fc608cbd000-7fc608ebd000 rw-p 00000000 00:00 0 
7fc608ebd000-7fc608ec0000 ---p 00000000 00:00 0 
7fc608ec0000-7fc608fbe000 rw-p 00000000 00:00 0 
7fc608fbe000-7fc608fc1000 ---p 00000000 00:00 0 
7fc608fc1000-7fc6090bf000 rw-p 00000000 00:00 0 
7fc6090bf000-7fc6090c2000 ---p 00000000 00:00 0 
7fc6090c2000-7fc6093c0000 rw-p 00000000 00:00 0 
7fc6093c0000-7fc6095c0000 rw-p 00000000 00:00 0 
7fc6095c0000-7fc6095c7000 r--s 00000000 08:06 15863595                   /usr/lib/x86_64-linux-gnu/gconv/gconv-modules.cache
7fc6096d5000-7fc6098d5000 rw-p 00000000 00:00 0 
7fc6098d5000-7fc609ad5000 rw-p 00000000 00:00 0 
7fc609ad5000-7fc609cd5000 rw-p 00000000 00:00 0 
7fc609cd5000-7fc609cd8000 ---p 00000000 00:00 0 
7fc609cd8000-7fc609fd6000 rw-p 00000000 00:00 0 
7fc609fd6000-7fc60a1d6000 rw-p 00000000 00:00 0 
7fc60a1d6000-7fc60a1d8000 r--s 00003000 08:06 659380                     /usr/local/development/dev-7-7/Ignition/IgnitionWebApp/src/main/home/temp/sfc-gateway-api3280856126861131466.jar
7fc60a1d8000-7fc60a1db000 r--s 00019000 08:06 659379                     /usr/local/development/dev-7-7/Ignition/IgnitionWebApp/src/main/home/temp/sfc-gateway6967757243556270609.jar
7fc60a1db000-7fc60a1de000 r--s 00016000 08:06 659378                     /usr/local/development/dev-7-7/Ignition/IgnitionWebApp/src/main/home/temp/sfc-common1012045132258547063.jar
7fc60a1de000-7fc60a1e2000 r--s 000be000 08:06 658862                     /usr/local/development/dev-7-7/Ignition/IgnitionWebApp/src/main/home/temp/vis-gateway7001152085242190178.jar
7fc60a1e2000-7fc60a1ea000 r--s 0009e000 08:06 657755                     /usr/local/development/dev-7-7/Ignition/IgnitionWebApp/src/main/home/temp/secsgem-gateway2768788357871655855.jar
7fc60a3ec000-7fc60a5ec000 rw-p 00000000 00:00 0 
7fc60a5ec000-7fc60a5ef000 ---p 00000000 00:00 0 
7fc60a5ef000-7fc60a6ed000 rw-p 00000000 00:00 0 
7fc60a6ed000-7fc60a6f0000 ---p 00000000 00:00 0 
7fc60a6f0000-7fc60a7ee000 rw-p 00000000 00:00 0 
7fc60a7ee000-7fc60a7f1000 ---p 00000000 00:00 0 
7fc60a7f1000-7fc60a8ef000 rw-p 00000000 00:00 0 
7fc60a8ef000-7fc60a902000 r--s 00345000 08:06 20582253                   /usr/lib/jvm/jdk1.8.0_20/jre/lib/resources.jar
7fc60a902000-7fc60a905000 ---p 00000000 00:00 0 
7fc60a905000-7fc60ac03000 rw-p 00000000 00:00 0 
7fc60ac03000-7fc60ae04000 rw-p 00000000 00:00 0 
7fc60ae04000-7fc60ae05000 r--s 00002000 08:06 658869                     /usr/local/development/dev-7-7/Ignition/IgnitionWebApp/src/main/home/temp/vis-common3878883429305644975.jar
7fc60ae05000-7fc60ae06000 r--s 00004000 08:06 658858                     /usr/local/development/dev-7-7/Ignition/IgnitionWebApp/src/main/home/temp/secsgem-shared6408346201561974131.jar
7fc60ae06000-7fc60ae07000 r--s 00000000 08:06 2365020                    /usr/local/development/dev-7-7/Ignition/IgnitionWebApp/target/ignition-webapp-7.7/WEB-INF/lib/xopc-common-2.7.2-20141104.213412-19.jar
7fc60ae07000-7fc60ae1f000 r--s 000f7000 08:06 2365016                    /usr/local/development/dev-7-7/Ignition/IgnitionWebApp/target/ignition-webapp-7.7/WEB-INF/lib/xopc-2.7.2-20141104.213433-19.jar
7fc60ae1f000-7fc60ae2c000 r--s 000a0000 08:06 2365222                    /usr/local/development/dev-7-7/Ignition/IgnitionWebApp/target/ignition-webapp-7.7/WEB-INF/lib/winpack-3.8.3.jar
7fc60ae2c000-7fc60ae36000 r--s 0005c000 08:06 2364945                    /usr/local/development/dev-7-7/Ignition/IgnitionWebApp/target/ignition-webapp-7.7/WEB-INF/lib/wicket-util-6.1.1.jar
7fc60ae36000-7fc60ae39000 r--s 00012000 08:06 2364946                    /usr/local/development/dev-7-7/Ignition/IgnitionWebApp/target/ignition-webapp-7.7/WEB-INF/lib/wicket-request-6.1.1.jar
7fc60ae39000-7fc60ae4b000 r--s 00138000 08:06 2364948                    /usr/local/development/dev-7-7/Ignition/IgnitionWebApp/target/ignition-webapp-7.7/WEB-INF/lib/wicket-extensions-6.1.1.jar
7fc60ae4b000-7fc60ae4e000 r--s 00038000 08:06 2364947                    /usr/local/development/dev-7-7/Ignition/IgnitionWebApp/target/ignition-webapp-7.7/WEB-INF/lib/wicket-datetime-6.1.1.jar
7fc60ae4e000-7fc60ae71000 r--s 001a3000 08:06 2364944                    /usr/local/development/dev-7-7/Ignition/IgnitionWebApp/target/ignition-webapp-7.7/WEB-INF/lib/wicket-core-6.1.1.jar
7fc60ae71000-7fc60ae73000 r--s 0012e000 08:06 2365207                    /usr/local/development/dev-7-7/Ignition/IgnitionWebApp/target/ignition-webapp-7.7/WEB-INF/lib/voice-cmu-slt-hsmm-5.0.jar
7fc60ae73000-7fc60ae74000 r--s 00006000 08:06 2365022                    /usr/local/development/dev-7-7/Ignition/IgnitionWebApp/target/ignition-webapp-7.7/WEB-INF/lib/user-manual-module-1.7.0-20131026.004611-6.jar
7fc60ae74000-7fc60ae75000 r--s 00268000 08:06 2365208                    /usr/local/development/dev-7-7/Ignition/IgnitionWebApp/target/ignition-webapp-7.7/WEB-INF/lib/ttsengine-ivona-2.7.2-20141104.214148-19.jar
7fc60ae75000-7fc60ae78000 r--s 00017000 08:06 2365002                    /usr/local/development/dev-7-7/Ignition/IgnitionWebApp/target/ignition-webapp-7.7/WEB-INF/lib/timingframework-1.0.jar
7fc60ae78000-7fc60ae7a000 r--s 00001000 08:06 2364734                    /usr/local/development/dev-7-7/Ignition/IgnitionWebApp/target/ignition-webapp-7.7/WEB-INF/lib/slf4j-log4j12-1.7.5.jar
7fc60ae7a000-7fc60ae7c000 r--s 00005000 08:06 2364733                    /usr/local/development/dev-7-7/Ignition/IgnitionWebApp/target/ignition-webapp-7.7/WEB-INF/lib/slf4j-api-1.7.5.jar
7fc60ae7c000-7fc60ae86000 r--s 00061000 08:06 2365204                    /usr/local/development/dev-7-7/Ignition/IgnitionWebApp/target/ignition-webapp-7.7/WEB-INF/lib/sip-notification-2.7.2-20141104.214142-19.jar
7fc60ae86000-7fc60ae89000 r--s 0001f000 08:06 4198129                    /usr/local/development/dev-7-7/Ignition/IgnitionWebApp/target/ignition-webapp-7.7/WEB-INF/lib/simple-orm-7.7.2-SNAPSHOT.jar
7fc60ae89000-7fc60ae8b000 r--s 00003000 08:06 2365213                    /usr/local/development/dev-7-7/Ignition/IgnitionWebApp/target/ignition-webapp-7.7/WEB-INF/lib/sfc-gateway-api-1.7.1-SNAPSHOT.jar
7fc60ae8b000-7fc60ae8e000 r--s 00019000 08:06 2365212                    /usr/local/development/dev-7-7/Ignition/IgnitionWebApp/target/ignition-webapp-7.7/WEB-INF/lib/sfc-gateway-1.7.1-SNAPSHOT.jar
7fc60ae8e000-7fc60ae91000 r--s 00016000 08:06 2365214                    /usr/local/development/dev-7-7/Ignition/IgnitionWebApp/target/ignition-webapp-7.7/WEB-INF/lib/sfc-common-1.7.1-SNAPSHOT.jar
7fc60ae91000-7fc60ae93000 r--s 0000f000 08:06 2365217                    /usr/local/development/dev-7-7/Ignition/IgnitionWebApp/target/ignition-webapp-7.7/WEB-INF/lib/serialio-8.7.0.jar
7fc60ae93000-7fc60ae95000 r--s 00028000 08:06 2365215                    /usr/local/development/dev-7-7/Ignition/IgnitionWebApp/target/ignition-webapp-7.7/WEB-INF/lib/serial-support-gateway-2.7.2-20141104.214033-19.jar
7fc60ae95000-7fc60ae97000 r--s 00002000 08:06 2365216                    /usr/local/development/dev-7-7/Ignition/IgnitionWebApp/target/ignition-webapp-7.7/WEB-INF/lib/serial-support-common-2.7.2-20141104.214027-19.jar
7fc60ae97000-7fc60ae9c000 r--s 0003e000 08:06 2364955                    /usr/local/development/dev-7-7/Ignition/IgnitionWebApp/target/ignition-webapp-7.7/WEB-INF/lib/saaj-impl-1.3.jar
7fc60ae9c000-7fc60ae9e000 r--s 00003000 08:06 2364956                    /usr/local/development/dev-7-7/Ignition/IgnitionWebApp/target/ignition-webapp-7.7/WEB-INF/lib/saaj-api-1.3.jar
7fc60ae9e000-7fc60aea8000 r--s 0005c000 08:06 2365219                    /usr/local/development/dev-7-7/Ignition/IgnitionWebApp/target/ignition-webapp-7.7/WEB-INF/lib/opccom-gateway-2.7.2-20141104.213642-1.jar
7fc60aea8000-7fc60aea9000 r--s 00001000 08:06 2365218                    /usr/local/development/dev-7-7/Ignition/IgnitionWebApp/target/ignition-webapp-7.7/WEB-INF/lib/opccom-common-2.7.2-20141104.213635-1.jar
7fc60aea9000-7fc60aeae000 r--s 00086000 08:06 2365210                    /usr/local/development/dev-7-7/Ignition/IgnitionWebApp/target/ignition-webapp-7.7/WEB-INF/lib/mobile-gateway-2.7.2-20141104.213623-19.jar
7fc60aeae000-7fc60aeb0000 r--s 00002000 08:06 2365211                    /usr/local/development/dev-7-7/Ignition/IgnitionWebApp/target/ignition-webapp-7.7/WEB-INF/lib/mobile-common-2.7.2-20141104.213605-19.jar
7fc60aeb0000-7fc60aeb1000 r--s 00003000 08:06 2365006                    /usr/local/development/dev-7-7/Ignition/IgnitionWebApp/target/ignition-webapp-7.7/WEB-INF/lib/miglayout-swing-4.2.jar
7fc60aeb1000-7fc60aeb3000 r--s 0000f000 08:06 2365007                    /usr/local/development/dev-7-7/Ignition/IgnitionWebApp/target/ignition-webapp-7.7/WEB-INF/lib/miglayout-core-4.2.jar
7fc60aeb3000-7fc60aeb6000 r--s 00012000 08:06 2364935                    /usr/local/development/dev-7-7/Ignition/IgnitionWebApp/target/ignition-webapp-7.7/WEB-INF/lib/metrics-core-3.0.1.jar
7fc60aeb6000-7fc60af25000 r--s 007bb000 08:06 2365205                    /usr/local/development/dev-7-7/Ignition/IgnitionWebApp/target/ignition-webapp-7.7/WEB-INF/lib/marytts-server-5.0.jar
7fc60af25000-7fc60af28000 r--s 0069c000 08:06 2365206                    /usr/local/development/dev-7-7/Ignition/IgnitionWebApp/target/ignition-webapp-7.7/WEB-INF/lib/marytts-lang-en-5.0.jar
7fc60af28000-7fc60af30000 r--s 00075000 08:06 2364951                    /usr/local/development/dev-7-7/Ignition/IgnitionWebApp/target/ignition-webapp-7.7/WEB-INF/lib/mail-1.4.5.jar
7fc60af30000-7fc60af37000 r--s 00059000 08:06 2364732                    /usr/local/development/dev-7-7/Ignition/IgnitionWebApp/target/ignition-webapp-7.7/WEB-INF/lib/log4j-1.2.15.jar
7fc60af37000-7fc60afd4000 r--s 0082e000 08:06 2364728                    /usr/local/development/dev-7-7/Ignition/IgnitionWebApp/target/ignition-webapp-7.7/WEB-INF/lib/jython-2.5.3-guava-upgrade.jar
7fc60afd4000-7fc60afd5000 r--s 00001000 08:06 2364765                    /usr/local/development/dev-7-7/Ignition/IgnitionWebApp/target/ignition-webapp-7.7/WEB-INF/lib/jul-to-slf4j-1.7.5.jar
7fc60afd5000-7fc60afdb000 r--s 00036000 08:06 2364949                    /usr/local/development/dev-7-7/Ignition/IgnitionWebApp/target/ignition-webapp-7.7/WEB-INF/lib/jquery-ui-core-6.1.0.jar
7fc60afdb000-7fc60afea000 r--s 0007c000 08:06 2364936                    /usr/local/development/dev-7-7/Ignition/IgnitionWebApp/target/ignition-webapp-7.7/WEB-INF/lib/joda-time-2.0.jar
7fc60afea000-7fc60afee000 r--s 00037000 08:06 2365221                    /usr/local/development/dev-7-7/Ignition/IgnitionWebApp/target/ignition-webapp-7.7/WEB-INF/lib/jniwrap-3.8.3.jar
7fc60afee000-7fc60aff0000 r--s 00011000 08:06 2365015                    /usr/local/development/dev-7-7/Ignition/IgnitionWebApp/target/ignition-webapp-7.7/WEB-INF/lib/jide-shortcut-3.5.13.jar
7fc60aff0000-7fc60aff4000 r--s 00022000 08:06 2365010                    /usr/local/development/dev-7-7/Ignition/IgnitionWebApp/target/ignition-webapp-7.7/WEB-INF/lib/jide-plaf-3.5.13.jar
7fc60aff4000-7fc60b01a000 r--s 001da000 08:06 2365009                    /usr/local/development/dev-7-7/Ignition/IgnitionWebApp/target/ignition-webapp-7.7/WEB-INF/lib/jide-grids-3.5.13.jar
7fc60b01a000-7fc60b024000 r--s 00061000 08:06 2365014                    /usr/local/development/dev-7-7/Ignition/IgnitionWebApp/target/ignition-webapp-7.7/WEB-INF/lib/jide-editor-3.5.13.jar
7fc60b024000-7fc60b02a000 r--s 0004f000 08:06 2365013                    /usr/local/development/dev-7-7/Ignition/IgnitionWebApp/target/ignition-webapp-7.7/WEB-INF/lib/jide-dock-3.5.13.jar
7fc60b02a000-7fc60b02c000 r--s 0000c000 08:06 2365012                    /usr/local/development/dev-7-7/Ignition/IgnitionWebApp/target/ignition-webapp-7.7/WEB-INF/lib/jide-dialogs-3.5.13.jar
7fc60b02c000-7fc60b034000 r--s 00055000 08:06 2365008                    /usr/local/development/dev-7-7/Ignition/IgnitionWebApp/target/ignition-webapp-7.7/WEB-INF/lib/jide-components-3.5.13.jar
7fc60b034000-7fc60b051000 r--s 00155000 08:06 2364766                    /usr/local/development/dev-7-7/Ignition/IgnitionWebApp/target/ignition-webapp-7.7/WEB-INF/lib/jide-common-3.5.13.jar
7fc60b051000-7fc60b056000 r--s 0002f000 08:06 2365011                    /usr/local/development/dev-7-7/Ignition/IgnitionWebApp/target/ignition-webapp-7.7/WEB-INF/lib/jide-action-3.5.13.jar
7fc60b056000-7fc60b06a000 r--s 0017c000 08:06 2365004                    /usr/local/development/dev-7-7/Ignition/IgnitionWebApp/target/ignition-webapp-7.7/WEB-INF/lib/jfreechart-min-1.0.0.jar
7fc60b06a000-7fc60b06c000 r--s 00004000 08:06 2364991                    /usr/local/development/dev-7-7/Ignition/IgnitionWebApp/target/ignition-webapp-7.7/WEB-INF/lib/jaxrpc-spi-1.1.3_01.jar
7fc60b06c000-7fc60b089000 r--s 001ea000 08:06 2364953                    /usr/local/development/dev-7-7/Ignition/IgnitionWebApp/target/ignition-webapp-7.7/WEB-INF/lib/jaxrpc-impl-1.1.3_01.jar
7fc60b089000-7fc60b08b000 r--s 00005000 08:06 2364954                    /usr/local/development/dev-7-7/Ignition/IgnitionWebApp/target/ignition-webapp-7.7/WEB-INF/lib/jaxrpc-api-1.1.jar
7fc60b08b000-7fc60b08d000 r--s 00013000 08:06 2364730                    /usr/local/development/dev-7-7/Ignition/IgnitionWebApp/target/ignition-webapp-7.7/WEB-INF/lib/java-cup-10k.jar
7fc60b08d000-7fc60b08e000 r--s 00003000 08:06 2365209                    /usr/local/development/dev-7-7/Ignition/IgnitionWebApp/target/ignition-webapp-7.7/WEB-INF/lib/ivonatts-1.0.0.jar
7fc60b08e000-7fc60b090000 r--s 00001000 08:06 2365019                    /usr/local/development/dev-7-7/Ignition/IgnitionWebApp/target/ignition-webapp-7.7/WEB-INF/lib/io-session-3.0.0-20130122.214435-9.jar
7fc60b090000-7fc60b09b000 r--s 00073000 08:06 2365018                    /usr/local/development/dev-7-7/Ignition/IgnitionWebApp/target/ignition-webapp-7.7/WEB-INF/lib/ia-opcua-2.7.2-20141104.213404-19.jar
7fc60b09b000-7fc60b0a9000 r--s 0014e000 08:06 2364950                    /usr/local/development/dev-7-7/Ignition/IgnitionWebApp/target/ignition-webapp-7.7/WEB-INF/lib/hsqldb-2.2.9.jar
7fc60b0a9000-7fc60b0aa000 r--s 00001000 08:06 2365000                    /usr/local/development/dev-7-7/Ignition/IgnitionWebApp/target/ignition-webapp-7.7/WEB-INF/lib/hasp-srm-api-1.0.0.jar
7fc60b0aa000-7fc60b0ce000 r--s 001aa000 08:06 2364726                    /usr/local/development/dev-7-7/Ignition/IgnitionWebApp/target/ignition-webapp-7.7/WEB-INF/lib/guava-13.0.1.jar
7fc60b0ce000-7fc60b0f3000 r--s 00155000 08:06 4198528                    /usr/local/development/dev-7-7/Ignition/IgnitionWebApp/target/ignition-webapp-7.7/WEB-INF/lib/gateway-api-7.7.2-SNAPSHOT.jar
7fc60b0f3000-7fc60b128000 r--s 00273000 08:06 4198535                    /usr/local/development/dev-7-7/Ignition/IgnitionWebApp/target/ignition-webapp-7.7/WEB-INF/lib/gateway-7.7.2-SNAPSHOT.jar
7fc60b128000-7fc60b12c000 r--s 00016000 08:06 2365023                    /usr/local/development/dev-7-7/Ignition/IgnitionWebApp/target/ignition-webapp-7.7/WEB-INF/lib/fsql-common-6.7.2-20141104.213458-19.jar
7fc60b12c000-7fc60b134000 r--s 001ca000 08:06 2365024                    /usr/local/development/dev-7-7/Ignition/IgnitionWebApp/target/ignition-webapp-7.7/WEB-INF/lib/fsql-6.7.2-20141104.213508-19.jar
7fc60b134000-7fc60b138000 r--s 000be000 08:06 4198527                    /usr/local/development/dev-7-7/Ignition/IgnitionWebApp/target/ignition-webapp-7.7/WEB-INF/lib/fpmi-gateway-7.7.2-SNAPSHOT.jar
7fc60b138000-7fc60b139000 r--s 00001000 08:06 4198522                    /usr/local/development/dev-7-7/Ignition/IgnitionWebApp/target/ignition-webapp-7.7/WEB-INF/lib/fpmi-common-7.7.2-SNAPSHOT.jar
7fc60b139000-7fc60b13c000 r--s 00013000 08:06 2365003                    /usr/local/development/dev-7-7/Ignition/IgnitionWebApp/target/ignition-webapp-7.7/WEB-INF/lib/forms-1.0.7.jar
7fc60b13c000-7fc60b13e000 r--s 00003000 08:06 2365021                    /usr/local/development/dev-7-7/Ignition/IgnitionWebApp/target/ignition-webapp-7.7/WEB-INF/lib/drivers-common-2.7.2-20141104.213438-19.jar
7fc60b13e000-7fc60b145000 r--s 0002f000 08:06 2365017                    /usr/local/development/dev-7-7/Ignition/IgnitionWebApp/target/ignition-webapp-7.7/WEB-INF/lib/driver-api-2.7.2-20141104.213410-19.jar
7fc60b145000-7fc60b19b000 r--s 00512000 08:06 4198523                    /usr/local/development/dev-7-7/Ignition/IgnitionWebApp/target/ignition-webapp-7.7/WEB-INF/lib/designer-7.7.2-SNAPSHOT.jar
7fc60b19b000-7fc60b19d000 r--s 00007000 08:06 2364731                    /usr/local/development/dev-7-7/Ignition/IgnitionWebApp/target/ignition-webapp-7.7/WEB-INF/lib/cron4j-2.2.3.jar
7fc60b19d000-7fc60b1a4000 r--s 00054000 08:06 2364729                    /usr/local/development/dev-7-7/Ignition/IgnitionWebApp/target/ignition-webapp-7.7/WEB-INF/lib/core-1.7.jar
7fc60b1a4000-7fc60b1a7000 r--s 00013000 08:06 2364999                    /usr/local/development/dev-7-7/Ignition/IgnitionWebApp/target/ignition-webapp-7.7/WEB-INF/lib/commons-pool-1.4.jar
7fc60b1a7000-7fc60b1a9000 r--s 0000d000 08:06 2364941                    /usr/local/development/dev-7-7/Ignition/IgnitionWebApp/target/ignition-webapp-7.7/WEB-INF/lib/commons-logging-1.1.1.jar
7fc60b1a9000-7fc60b1af000 r--s 00048000 08:06 2364723                    /usr/local/development/dev-7-7/Ignition/IgnitionWebApp/target/ignition-webapp-7.7/WEB-INF/lib/commons-lang3-3.1.jar
7fc60b1af000-7fc60b1e0000 r--s 001ea000 08:06 4198525                    /usr/local/development/dev-7-7/Ignition/IgnitionWebApp/target/ignition-webapp-7.7/WEB-INF/lib/common-7.7.2-SNAPSHOT.jar
7fc60b1e0000-7fc60b1e3000 ---p 00000000 00:00 0 
7fc60b1e3000-7fc60b2e1000 rw-p 00000000 00:00 0 
7fc60b2e1000-7fc60b2e4000 ---p 00000000 00:00 0 
7fc60b2e4000-7fc60b5e2000 rw-p 00000000 00:00 0                          [stack:4507]
7fc60b5e2000-7fc60b5e5000 ---p 00000000 00:00 0 
7fc60b5e5000-7fc60b6e3000 rw-p 00000000 00:00 0                          [stack:4506]
7fc60b6e3000-7fc60b6e6000 ---p 00000000 00:00 0 
7fc60b6e6000-7fc60b7e4000 rw-p 00000000 00:00 0                          [stack:4505]
7fc60b7e4000-7fc60b7e7000 ---p 00000000 00:00 0 
7fc60b7e7000-7fc60b8e5000 rw-p 00000000 00:00 0                          [stack:4504]
7fc60b8e5000-7fc60b8e8000 ---p 00000000 00:00 0 
7fc60b8e8000-7fc60b9e6000 rw-p 00000000 00:00 0                          [stack:4503]
7fc60b9e6000-7fc60b9e9000 ---p 00000000 00:00 0 
7fc60b9e9000-7fc60bae7000 rw-p 00000000 00:00 0                          [stack:4502]
7fc60bae7000-7fc60baea000 ---p 00000000 00:00 0 
7fc60baea000-7fc60bbe8000 rw-p 00000000 00:00 0                          [stack:4501]
7fc60bbe8000-7fc60bbeb000 ---p 00000000 00:00 0 
7fc60bbeb000-7fc60bce9000 rw-p 00000000 00:00 0 
7fc60bce9000-7fc60bcec000 ---p 00000000 00:00 0 
7fc60bcec000-7fc60bdea000 rw-p 00000000 00:00 0                          [stack:4497]
7fc60bdea000-7fc60be00000 r-xp 00000000 08:06 15602357                   /lib/x86_64-linux-gnu/libgcc_s.so.1
7fc60be00000-7fc60bfff000 ---p 00016000 08:06 15602357                   /lib/x86_64-linux-gnu/libgcc_s.so.1
7fc60bfff000-7fc60c000000 rw-p 00015000 08:06 15602357                   /lib/x86_64-linux-gnu/libgcc_s.so.1
7fc60c000000-7fc60c021000 rw-p 00000000 00:00 0 
7fc60c021000-7fc610000000 ---p 00000000 00:00 0 
7fc610000000-7fc610021000 rw-p 00000000 00:00 0 
7fc610021000-7fc614000000 ---p 00000000 00:00 0 
7fc614000000-7fc614021000 rw-p 00000000 00:00 0 
7fc614021000-7fc618000000 ---p 00000000 00:00 0 
7fc618000000-7fc618021000 rw-p 00000000 00:00 0 
7fc618021000-7fc61c000000 ---p 00000000 00:00 0 
7fc61c000000-7fc61c021000 rw-p 00000000 00:00 0 
7fc61c021000-7fc620000000 ---p 00000000 00:00 0 
7fc620000000-7fc620021000 rw-p 00000000 00:00 0 
7fc620021000-7fc624000000 ---p 00000000 00:00 0 
7fc624000000-7fc624d2d000 rw-p 00000000 00:00 0 
7fc624d2d000-7fc628000000 ---p 00000000 00:00 0 
7fc628000000-7fc628cd6000 rw-p 00000000 00:00 0 
7fc628cd6000-7fc62c000000 ---p 00000000 00:00 0 
7fc62c000000-7fc62dac2000 rw-p 00000000 00:00 0 
7fc62dac2000-7fc630000000 ---p 00000000 00:00 0 
7fc630000000-7fc631eae000 rw-p 00000000 00:00 0 
7fc631eae000-7fc634000000 ---p 00000000 00:00 0 
7fc634000000-7fc6340c7000 rw-p 00000000 00:00 0 
7fc6340c7000-7fc638000000 ---p 00000000 00:00 0 
7fc638000000-7fc638021000 rw-p 00000000 00:00 0 
7fc638021000-7fc63c000000 ---p 00000000 00:00 0 
7fc63c000000-7fc63c021000 rw-p 00000000 00:00 0 
7fc63c021000-7fc640000000 ---p 00000000 00:00 0 
7fc640000000-7fc640021000 rw-p 00000000 00:00 0 
7fc640021000-7fc644000000 ---p 00000000 00:00 0 
7fc644000000-7fc644021000 rw-p 00000000 00:00 0 
7fc644021000-7fc648000000 ---p 00000000 00:00 0 
7fc648000000-7fc648021000 rw-p 00000000 00:00 0 
7fc648021000-7fc64c000000 ---p 00000000 00:00 0 
7fc64c000000-7fc64c1f4000 rw-p 00000000 00:00 0 
7fc64c1f4000-7fc650000000 ---p 00000000 00:00 0 
7fc650000000-7fc650002000 r--s 0000e000 08:06 2364942                    /usr/local/development/dev-7-7/Ignition/IgnitionWebApp/target/ignition-webapp-7.7/WEB-INF/lib/commons-lang-1.0.jar
7fc650002000-7fc650005000 r--s 00025000 08:06 2364722                    /usr/local/development/dev-7-7/Ignition/IgnitionWebApp/target/ignition-webapp-7.7/WEB-INF/lib/commons-io-2.1.jar
7fc650005000-7fc650008000 r--s 0000f000 08:06 2364997                    /usr/local/development/dev-7-7/Ignition/IgnitionWebApp/target/ignition-webapp-7.7/WEB-INF/lib/commons-discovery-0.2.jar
7fc650008000-7fc65000b000 ---p 00000000 00:00 0 
7fc65000b000-7fc650109000 rw-p 00000000 00:00 0                          [stack:4496]
7fc650109000-7fc65013b000 r-xp 00000000 08:06 20582265                   /usr/lib/jvm/jdk1.8.0_20/jre/lib/amd64/libsunec.so
7fc65013b000-7fc65033a000 ---p 00032000 08:06 20582265                   /usr/lib/jvm/jdk1.8.0_20/jre/lib/amd64/libsunec.so
7fc65033a000-7fc650340000 rw-p 00031000 08:06 20582265                   /usr/lib/jvm/jdk1.8.0_20/jre/lib/amd64/libsunec.so
7fc650340000-7fc658000000 rw-p 00000000 00:00 0 
7fc658000000-7fc658021000 rw-p 00000000 00:00 0 
7fc658021000-7fc65c000000 ---p 00000000 00:00 0 
7fc65c000000-7fc65c002000 r--s 0001c000 08:06 2364998                    /usr/local/development/dev-7-7/Ignition/IgnitionWebApp/target/ignition-webapp-7.7/WEB-INF/lib/commons-dbcp-1.2.2.jar
7fc65c002000-7fc65c004000 r--s 00006000 08:06 2364940                    /usr/local/development/dev-7-7/Ignition/IgnitionWebApp/target/ignition-webapp-7.7/WEB-INF/lib/commons-cli-1.0.jar
7fc65c004000-7fc65c011000 r--s 00084000 08:06 2365220                    /usr/local/development/dev-7-7/Ignition/IgnitionWebApp/target/ignition-webapp-7.7/WEB-INF/lib/comfyj-2.9.jar
7fc65c011000-7fc65c016000 r--s 00030000 08:06 4198524                    /usr/local/development/dev-7-7/Ignition/IgnitionWebApp/target/ignition-webapp-7.7/WEB-INF/lib/client-bootstrap-7.7.2-SNAPSHOT.jar
7fc65c016000-7fc65c03c000 r--s 001be000 08:06 4198529                    /usr/local/development/dev-7-7/Ignition/IgnitionWebApp/target/ignition-webapp-7.7/WEB-INF/lib/client-api-7.7.2-SNAPSHOT.jar
7fc65c03c000-7fc65c03d000 r--s 00004000 08:06 4198536                    /usr/local/development/dev-7-7/Ignition/IgnitionWebApp/target/ignition-webapp-7.7/WEB-INF/lib/bootstrap-7.7.2-SNAPSHOT-classes.jar
7fc65c03d000-7fc65c065000 r--s 00196000 08:06 2364727                    /usr/local/development/dev-7-7/Ignition/IgnitionWebApp/target/ignition-webapp-7.7/WEB-INF/lib/bcprov-jdk16-unsigned-1.46-unsigned.jar
7fc65c065000-7fc65c06a000 r--s 0003e000 08:06 2364938                    /usr/local/development/dev-7-7/Ignition/IgnitionWebApp/target/ignition-webapp-7.7/WEB-INF/lib/barcode4j-2.1.jar
7fc65c06a000-7fc65c06d000 r--s 0001c000 08:06 2364996                    /usr/local/development/dev-7-7/Ignition/IgnitionWebApp/target/ignition-webapp-7.7/WEB-INF/lib/axis-wsdl4j-1.5.1.jar
7fc65c06d000-7fc65c06f000 r--s 00006000 08:06 2364994                    /usr/local/development/dev-7-7/Ignition/IgnitionWebApp/target/ignition-webapp-7.7/WEB-INF/lib/axis-jaxrpc-1.4.jar
7fc65c06f000-7fc65c083000 r--s 00173000 08:06 2364993                    /usr/local/development/dev-7-7/Ignition/IgnitionWebApp/target/ignition-webapp-7.7/WEB-INF/lib/axis-1.4.jar
7fc65c083000-7fc65c085000 r--s 0000d000 08:06 2364939                    /usr/local/development/dev-7-7/Ignition/IgnitionWebApp/target/ignition-webapp-7.7/WEB-INF/lib/avalon-framework-impl-4.2.0.jar
7fc65c085000-7fc65c08d000 r--s 00049000 08:06 2365005                    /usr/local/development/dev-7-7/Ignition/IgnitionWebApp/target/ignition-webapp-7.7/WEB-INF/lib/alloy-1.4.4.ia1.jar
7fc65c08d000-7fc65c08f000 r--s 00003000 08:06 2365026                    /usr/local/development/dev-7-7/Ignition/IgnitionWebApp/target/ignition-webapp-7.7/WEB-INF/lib/alarm-notification-gateway-api-2.7.2-20141104.214105-19.jar
7fc65c08f000-7fc65c095000 r--s 00032000 08:06 2365025                    /usr/local/development/dev-7-7/Ignition/IgnitionWebApp/target/ignition-webapp-7.7/WEB-INF/lib/alarm-notification-gateway-2.7.2-20141104.214111-19.jar
7fc65c095000-7fc65c09f000 r--s 00036000 08:06 2365203                    /usr/local/development/dev-7-7/Ignition/IgnitionWebApp/target/ignition-webapp-7.7/WEB-INF/lib/airlink-sms-notification-2.7.2-20141104.214125-19.jar
7fc65c09f000-7fc65c0a2000 ---p 00000000 00:00 0 
7fc65c0a2000-7fc65c3a0000 rw-p 00000000 00:00 0                          [stack:4494]
7fc65c3a0000-7fc65c3a3000 ---p 00000000 00:00 0 
7fc65c3a3000-7fc65c4a1000 rw-p 00000000 00:00 0                          [stack:4492]
7fc65c4a1000-7fc65c4a6000 r-xp 00000000 08:06 15211194                   /usr/lib/x86_64-linux-gnu/libXdmcp.so.6.0.0
7fc65c4a6000-7fc65c6a5000 ---p 00005000 08:06 15211194                   /usr/lib/x86_64-linux-gnu/libXdmcp.so.6.0.0
7fc65c6a5000-7fc65c6a6000 r--p 00004000 08:06 15211194                   /usr/lib/x86_64-linux-gnu/libXdmcp.so.6.0.0
7fc65c6a6000-7fc65c6a7000 rw-p 00005000 08:06 15211194                   /usr/lib/x86_64-linux-gnu/libXdmcp.so.6.0.0
7fc65c6a7000-7fc65c6a9000 r-xp 00000000 08:06 15211183                   /usr/lib/x86_64-linux-gnu/libXau.so.6.0.0
7fc65c6a9000-7fc65c8a9000 ---p 00002000 08:06 15211183                   /usr/lib/x86_64-linux-gnu/libXau.so.6.0.0
7fc65c8a9000-7fc65c8aa000 r--p 00002000 08:06 15211183                   /usr/lib/x86_64-linux-gnu/libXau.so.6.0.0
7fc65c8aa000-7fc65c8ab000 rw-p 00003000 08:06 15211183                   /usr/lib/x86_64-linux-gnu/libXau.so.6.0.0
7fc65c8ab000-7fc65c8c8000 r-xp 00000000 08:06 15212358                   /usr/lib/x86_64-linux-gnu/libxcb.so.1.1.0
7fc65c8c8000-7fc65cac8000 ---p 0001d000 08:06 15212358                   /usr/lib/x86_64-linux-gnu/libxcb.so.1.1.0
7fc65cac8000-7fc65cac9000 r--p 0001d000 08:06 15212358                   /usr/lib/x86_64-linux-gnu/libxcb.so.1.1.0
7fc65cac9000-7fc65caca000 rw-p 0001e000 08:06 15212358                   /usr/lib/x86_64-linux-gnu/libxcb.so.1.1.0
7fc65caca000-7fc65cad9000 r-xp 00000000 08:06 15211204                   /usr/lib/x86_64-linux-gnu/libXi.so.6.1.0
7fc65cad9000-7fc65ccd8000 ---p 0000f000 08:06 15211204                   /usr/lib/x86_64-linux-gnu/libXi.so.6.1.0
7fc65ccd8000-7fc65ccd9000 r--p 0000e000 08:06 15211204                   /usr/lib/x86_64-linux-gnu/libXi.so.6.1.0
7fc65ccd9000-7fc65ccda000 rw-p 0000f000 08:06 15211204                   /usr/lib/x86_64-linux-gnu/libXi.so.6.1.0
7fc65ccda000-7fc65ccdf000 r-xp 00000000 08:06 15211222                   /usr/lib/x86_64-linux-gnu/libXtst.so.6.1.0
7fc65ccdf000-7fc65cede000 ---p 00005000 08:06 15211222                   /usr/lib/x86_64-linux-gnu/libXtst.so.6.1.0
7fc65cede000-7fc65cedf000 r--p 00004000 08:06 15211222                   /usr/lib/x86_64-linux-gnu/libXtst.so.6.1.0
7fc65cedf000-7fc65cee0000 rw-p 00005000 08:06 15211222                   /usr/lib/x86_64-linux-gnu/libXtst.so.6.1.0
7fc65cee0000-7fc65cee9000 r-xp 00000000 08:06 15211216                   /usr/lib/x86_64-linux-gnu/libXrender.so.1.3.0
7fc65cee9000-7fc65d0e8000 ---p 00009000 08:06 15211216                   /usr/lib/x86_64-linux-gnu/libXrender.so.1.3.0
7fc65d0e8000-7fc65d0e9000 r--p 00008000 08:06 15211216                   /usr/lib/x86_64-linux-gnu/libXrender.so.1.3.0
7fc65d0e9000-7fc65d0ea000 rw-p 00009000 08:06 15211216                   /usr/lib/x86_64-linux-gnu/libXrender.so.1.3.0
7fc65d0ea000-7fc65d21a000 r-xp 00000000 08:06 15211179                   /usr/lib/x86_64-linux-gnu/libX11.so.6.3.0
7fc65d21a000-7fc65d41a000 ---p 00130000 08:06 15211179                   /usr/lib/x86_64-linux-gnu/libX11.so.6.3.0
7fc65d41a000-7fc65d41b000 r--p 00130000 08:06 15211179                   /usr/lib/x86_64-linux-gnu/libX11.so.6.3.0
7fc65d41b000-7fc65d41f000 rw-p 00131000 08:06 15211179                   /usr/lib/x86_64-linux-gnu/libX11.so.6.3.0
7fc65d41f000-7fc65d430000 r-xp 00000000 08:06 15211196                   /usr/lib/x86_64-linux-gnu/libXext.so.6.4.0
7fc65d430000-7fc65d62f000 ---p 00011000 08:06 15211196                   /usr/lib/x86_64-linux-gnu/libXext.so.6.4.0
7fc65d62f000-7fc65d630000 r--p 00010000 08:06 15211196                   /usr/lib/x86_64-linux-gnu/libXext.so.6.4.0
7fc65d630000-7fc65d631000 rw-p 00011000 08:06 15211196                   /usr/lib/x86_64-linux-gnu/libXext.so.6.4.0
7fc65d631000-7fc65d632000 r--s 00004000 08:06 2364995                    /usr/local/development/dev-7-7/Ignition/IgnitionWebApp/target/ignition-webapp-7.7/WEB-INF/lib/axis-saaj-1.4.jar
7fc65d632000-7fc65d634000 r--s 00004000 08:06 2365027                    /usr/local/development/dev-7-7/Ignition/IgnitionWebApp/target/ignition-webapp-7.7/WEB-INF/lib/alarm-notification-common-2.7.2-20141104.214053-19.jar
7fc65d634000-7fc65d636000 r--s 0000d000 08:06 2365001                    /usr/local/development/dev-7-7/Ignition/IgnitionWebApp/target/ignition-webapp-7.7/WEB-INF/lib/activation-ws-1.0.0.jar
7fc65d636000-7fc65d638000 r--s 0000e000 08:06 2364952                    /usr/local/development/dev-7-7/Ignition/IgnitionWebApp/target/ignition-webapp-7.7/WEB-INF/lib/activation-1.1.jar
7fc65d638000-7fc65d641000 r--s 00069000 08:06 2365223                    /usr/local/development/dev-7-7/Ignition/IgnitionWebApp/target/ignition-webapp-7.7/WEB-INF/lib/ab-drivers-1.7.0-20131026.004154-8.jar
7fc65d641000-7fc65d646000 r--s 0003c000 08:06 2364992                    /usr/local/development/dev-7-7/Ignition/IgnitionWebApp/target/ignition-webapp-7.7/WEB-INF/lib/FastInfoset-1.0.2.jar
7fc65d646000-7fc65d64b000 r--s 002f8000 08:06 20582247                   /usr/lib/jvm/jdk1.8.0_20/jre/lib/charsets.jar
7fc65d64b000-7fc65d650000 r--s 0003f000 08:06 1185790                    /usr/lib/jvm/jdk1.8.0_20/jre/lib/ext/sunjce_provider.jar
7fc65d650000-7fc65d6a4000 r-xp 00000000 08:06 20582307                   /usr/lib/jvm/jdk1.8.0_20/jre/lib/amd64/libawt_xawt.so
7fc65d6a4000-7fc65d8a4000 ---p 00054000 08:06 20582307                   /usr/lib/jvm/jdk1.8.0_20/jre/lib/amd64/libawt_xawt.so
7fc65d8a4000-7fc65d8a8000 rw-p 00054000 08:06 20582307                   /usr/lib/jvm/jdk1.8.0_20/jre/lib/amd64/libawt_xawt.so
7fc65d8a8000-7fc65d8a9000 rw-p 00000000 00:00 0 
7fc65d8a9000-7fc65d94b000 r-xp 00000000 08:06 20582293                   /usr/lib/jvm/jdk1.8.0_20/jre/lib/amd64/libawt.so
7fc65d94b000-7fc65db4b000 ---p 000a2000 08:06 20582293                   /usr/lib/jvm/jdk1.8.0_20/jre/lib/amd64/libawt.so
7fc65db4b000-7fc65db57000 rw-p 000a2000 08:06 20582293                   /usr/lib/jvm/jdk1.8.0_20/jre/lib/amd64/libawt.so
7fc65db57000-7fc65db7b000 rw-p 00000000 00:00 0 
7fc65db7b000-7fc65db7e000 ---p 00000000 00:00 0 
7fc65db7e000-7fc65dc7c000 rw-p 00000000 00:00 0                          [stack:4491]
7fc65dc7c000-7fc65dc86000 r--s 00116000 08:06 1185789                    /usr/lib/jvm/jdk1.8.0_20/jre/lib/ext/localedata.jar
7fc65dc86000-7fc65dca2000 r--s 00393000 08:06 1185783                    /usr/lib/jvm/jdk1.8.0_20/jre/lib/ext/cldrdata.jar
7fc65dca2000-7fc65dea2000 rw-p 00000000 00:00 0 
7fc65dea2000-7fc65deb2000 r--s 0019c000 08:06 19532210                   /usr/local/development/dev-7-6/Ignition/Servers/apache-tomcat-6.0.36/lib/ecj-3.7.2.jar
7fc65deb2000-7fc65deb3000 ---p 00000000 00:00 0 
7fc65deb3000-7fc65dfb3000 rw-p 00000000 00:00 0                          [stack:4490]
7fc65dfb3000-7fc65dfb6000 ---p 00000000 00:00 0 
7fc65dfb6000-7fc65e0b4000 rw-p 00000000 00:00 0                          [stack:4489]
7fc65e0b4000-7fc65e0b7000 ---p 00000000 00:00 0 
7fc65e0b7000-7fc65e1b5000 rw-p 00000000 00:00 0                          [stack:4488]
7fc65e1b5000-7fc65e1b8000 ---p 00000000 00:00 0 
7fc65e1b8000-7fc65e2b6000 rw-p 00000000 00:00 0                          [stack:4487]
7fc65e2b6000-7fc65e2c7000 r-xp 00000000 08:06 20582303                   /usr/lib/jvm/jdk1.8.0_20/jre/lib/amd64/libnio.so
7fc65e2c7000-7fc65e4c6000 ---p 00011000 08:06 20582303                   /usr/lib/jvm/jdk1.8.0_20/jre/lib/amd64/libnio.so
7fc65e4c6000-7fc65e4c7000 rw-p 00010000 08:06 20582303                   /usr/lib/jvm/jdk1.8.0_20/jre/lib/amd64/libnio.so
7fc65e4c7000-7fc65e4dd000 r-xp 00000000 08:06 20582300                   /usr/lib/jvm/jdk1.8.0_20/jre/lib/amd64/libnet.so
7fc65e4dd000-7fc65e6dd000 ---p 00016000 08:06 20582300                   /usr/lib/jvm/jdk1.8.0_20/jre/lib/amd64/libnet.so
7fc65e6dd000-7fc65e6de000 rw-p 00016000 08:06 20582300                   /usr/lib/jvm/jdk1.8.0_20/jre/lib/amd64/libnet.so
7fc65e6de000-7fc65e6e6000 r-xp 00000000 08:06 20582308                   /usr/lib/jvm/jdk1.8.0_20/jre/lib/amd64/libmanagement.so
7fc65e6e6000-7fc65e8e6000 ---p 00008000 08:06 20582308                   /usr/lib/jvm/jdk1.8.0_20/jre/lib/amd64/libmanagement.so
7fc65e8e6000-7fc65e8e7000 rw-p 00008000 08:06 20582308                   /usr/lib/jvm/jdk1.8.0_20/jre/lib/amd64/libmanagement.so
7fc65e8e7000-7fc65e8ea000 ---p 00000000 00:00 0 
7fc65e8ea000-7fc65e9e8000 rw-p 00000000 00:00 0                          [stack:4486]
7fc65e9e8000-7fc65e9eb000 ---p 00000000 00:00 0 
7fc65e9eb000-7fc65eae9000 rw-p 00000000 00:00 0                          [stack:4485]
7fc65eae9000-7fc65eaec000 ---p 00000000 00:00 0 
7fc65eaec000-7fc65ebea000 rw-p 00000000 00:00 0                          [stack:4484]
7fc65ebea000-7fc65ebed000 ---p 00000000 00:00 0 
7fc65ebed000-7fc65eceb000 rw-p 00000000 00:00 0                          [stack:4483]
7fc65eceb000-7fc65ecee000 ---p 00000000 00:00 0 
7fc65ecee000-7fc65edec000 rw-p 00000000 00:00 0                          [stack:4482]
7fc65edec000-7fc65edef000 ---p 00000000 00:00 0 
7fc65edef000-7fc65eeed000 rw-p 00000000 00:00 0 
7fc65eeed000-7fc65eef0000 ---p 00000000 00:00 0 
7fc65eef0000-7fc65efee000 rw-p 00000000 00:00 0                          [stack:4478]
7fc65efee000-7fc65eff1000 ---p 00000000 00:00 0 
7fc65eff1000-7fc65f0ef000 rw-p 00000000 00:00 0 
7fc65f0ef000-7fc65f0f3000 r-xp 00000000 08:06 20582275                   /usr/lib/jvm/jdk1.8.0_20/jre/lib/amd64/libdt_socket.so
7fc65f0f3000-7fc65f2f2000 ---p 00004000 08:06 20582275                   /usr/lib/jvm/jdk1.8.0_20/jre/lib/amd64/libdt_socket.so
7fc65f2f2000-7fc65f2f3000 rw-p 00003000 08:06 20582275                   /usr/lib/jvm/jdk1.8.0_20/jre/lib/amd64/libdt_socket.so
7fc65f2f3000-7fc65f2f6000 ---p 00000000 00:00 0 
7fc65f2f6000-7fc65f3f4000 rw-p 00000000 00:00 0                          [stack:4476]
7fc65f3f4000-7fc65f3f7000 ---p 00000000 00:00 0 
7fc65f3f7000-7fc65f4f5000 rw-p 00000000 00:00 0                          [stack:4475]
7fc65f4f5000-7fc65f4f8000 ---p 00000000 00:00 0 
7fc65f4f8000-7fc65f5f6000 rw-p 00000000 00:00 0                          [stack:4474]
7fc65f5f6000-7fc65f5f7000 ---p 00000000 00:00 0 
7fc65f5f7000-7fc660000000 rw-p 00000000 00:00 0                          [stack:4473]
7fc660000000-7fc660021000 rw-p 00000000 00:00 0 
7fc660021000-7fc664000000 ---p 00000000 00:00 0 
7fc664000000-7fc664021000 rw-p 00000000 00:00 0 
7fc664021000-7fc668000000 ---p 00000000 00:00 0 
7fc668000000-7fc668021000 rw-p 00000000 00:00 0 
7fc668021000-7fc66c000000 ---p 00000000 00:00 0 
7fc66c000000-7fc66c021000 rw-p 00000000 00:00 0 
7fc66c021000-7fc670000000 ---p 00000000 00:00 0 
7fc670000000-7fc670021000 rw-p 00000000 00:00 0 
7fc670021000-7fc674000000 ---p 00000000 00:00 0 
7fc674000000-7fc674021000 rw-p 00000000 00:00 0 
7fc674021000-7fc678000000 ---p 00000000 00:00 0 
7fc678000000-7fc678021000 rw-p 00000000 00:00 0 
7fc678021000-7fc67c000000 ---p 00000000 00:00 0 
7fc67c000000-7fc67c003000 r--s 0003a000 08:06 1185787                    /usr/lib/jvm/jdk1.8.0_20/jre/lib/ext/sunpkcs11.jar
7fc67c003000-7fc67c005000 r--s 0001a000 08:06 20582317                   /usr/lib/jvm/jdk1.8.0_20/jre/lib/jce.jar
7fc67c005000-7fc67c008000 r--s 0000f000 08:06 19532219                   /usr/local/development/dev-7-6/Ignition/Servers/apache-tomcat-6.0.36/lib/tomcat-i18n-es.jar
7fc67c008000-7fc67c00a000 r--s 0000b000 08:06 19532220                   /usr/local/development/dev-7-6/Ignition/Servers/apache-tomcat-6.0.36/lib/tomcat-i18n-fr.jar
7fc67c00a000-7fc67c00e000 r--s 0003a000 08:06 19532218                   /usr/local/development/dev-7-6/Ignition/Servers/apache-tomcat-6.0.36/lib/tomcat-dbcp.jar
7fc67c00e000-7fc67c015000 r--s 000c7000 08:06 19532215                   /usr/local/development/dev-7-6/Ignition/Servers/apache-tomcat-6.0.36/lib/mysql-connector-java-5.1.23-bin.jar
7fc67c015000-7fc67c025000 r--s 00120000 08:06 19532209                   /usr/local/development/dev-7-6/Ignition/Servers/apache-tomcat-6.0.36/lib/catalina.jar
7fc67c025000-7fc67c028000 r--s 0001e000 08:06 19532207                   /usr/local/development/dev-7-6/Ignition/Servers/apache-tomcat-6.0.36/lib/catalina-ha.jar
7fc67c028000-7fc67c02c000 r--s 00036000 08:06 19532208                   /usr/local/development/dev-7-6/Ignition/Servers/apache-tomcat-6.0.36/lib/catalina-tribes.jar
7fc67c02c000-7fc67d3c6000 rw-p 00000000 00:00 0 
7fc67d3c6000-7fc67d59b000 r--s 03ca3000 08:06 20582249                   /usr/lib/jvm/jdk1.8.0_20/jre/lib/rt.jar
7fc67d59b000-7fc67e5dc000 rw-p 00000000 00:00 0 
7fc67e5dc000-7fc67e5dd000 ---p 00000000 00:00 0 
7fc67e5dd000-7fc67e6dd000 rw-p 00000000 00:00 0                          [stack:4472]
7fc67e6dd000-7fc67e6de000 ---p 00000000 00:00 0 
7fc67e6de000-7fc67e7de000 rw-p 00000000 00:00 0                          [stack:4471]
7fc67e7de000-7fc67e7df000 ---p 00000000 00:00 0 
7fc67e7df000-7fc67e8df000 rw-p 00000000 00:00 0                          [stack:4470]
7fc67e8df000-7fc67e8e0000 ---p 00000000 00:00 0 
7fc67e8e0000-7fc67e9e0000 rw-p 00000000 00:00 0                          [stack:4469]
7fc67e9e0000-7fc67e9e1000 ---p 00000000 00:00 0 
7fc67e9e1000-7fc67eae1000 rw-p 00000000 00:00 0                          [stack:4468]
7fc67eae1000-7fc67eae2000 ---p 00000000 00:00 0 
7fc67eae2000-7fc67ebe2000 rw-p 00000000 00:00 0                          [stack:4467]
7fc67ebe2000-7fc67ebe3000 ---p 00000000 00:00 0 
7fc67ebe3000-7fc67ece3000 rw-p 00000000 00:00 0                          [stack:4466]
7fc67ece3000-7fc67ece4000 ---p 00000000 00:00 0 
7fc67ece4000-7fc67ee5b000 rw-p 00000000 00:00 0                          [stack:4465]
7fc67ee5b000-7fc67f316000 ---p 00000000 00:00 0 
7fc67f316000-7fc67f38d000 rw-p 00000000 00:00 0 
7fc67f38d000-7fc67f848000 ---p 00000000 00:00 0 
7fc67f848000-7fc67f937000 rw-p 00000000 00:00 0 
7fc67f937000-7fc67fae1000 ---p 00000000 00:00 0 
7fc67fae1000-7fc67fb36000 rw-p 00000000 00:00 0 
7fc67fb36000-7fc67fea2000 ---p 00000000 00:00 0 
7fc67fea2000-7fc681382000 rwxp 00000000 00:00 0 
7fc681382000-7fc68eea2000 ---p 00000000 00:00 0 
7fc68eea2000-7fc68eebe000 r-xp 00000000 08:06 20582296                   /usr/lib/jvm/jdk1.8.0_20/jre/lib/amd64/libzip.so
7fc68eebe000-7fc68f0bd000 ---p 0001c000 08:06 20582296                   /usr/lib/jvm/jdk1.8.0_20/jre/lib/amd64/libzip.so
7fc68f0bd000-7fc68f0be000 rw-p 0001b000 08:06 20582296                   /usr/lib/jvm/jdk1.8.0_20/jre/lib/amd64/libzip.so
7fc68f0be000-7fc68f0c9000 r-xp 00000000 08:06 15602342                   /lib/x86_64-linux-gnu/libnss_files-2.19.so
7fc68f0c9000-7fc68f2c8000 ---p 0000b000 08:06 15602342                   /lib/x86_64-linux-gnu/libnss_files-2.19.so
7fc68f2c8000-7fc68f2c9000 r--p 0000a000 08:06 15602342                   /lib/x86_64-linux-gnu/libnss_files-2.19.so
7fc68f2c9000-7fc68f2ca000 rw-p 0000b000 08:06 15602342                   /lib/x86_64-linux-gnu/libnss_files-2.19.so
7fc68f2ca000-7fc68f2d5000 r-xp 00000000 08:06 15602345                   /lib/x86_64-linux-gnu/libnss_nis-2.19.so
7fc68f2d5000-7fc68f4d4000 ---p 0000b000 08:06 15602345                   /lib/x86_64-linux-gnu/libnss_nis-2.19.so
7fc68f4d4000-7fc68f4d5000 r--p 0000a000 08:06 15602345                   /lib/x86_64-linux-gnu/libnss_nis-2.19.so
7fc68f4d5000-7fc68f4d6000 rw-p 0000b000 08:06 15602345                   /lib/x86_64-linux-gnu/libnss_nis-2.19.so
7fc68f4d6000-7fc68f4ed000 r-xp 00000000 08:06 15602152                   /lib/x86_64-linux-gnu/libnsl-2.19.so
7fc68f4ed000-7fc68f6ec000 ---p 00017000 08:06 15602152                   /lib/x86_64-linux-gnu/libnsl-2.19.so
7fc68f6ec000-7fc68f6ed000 r--p 00016000 08:06 15602152                   /lib/x86_64-linux-gnu/libnsl-2.19.so
7fc68f6ed000-7fc68f6ee000 rw-p 00017000 08:06 15602152                   /lib/x86_64-linux-gnu/libnsl-2.19.so
7fc68f6ee000-7fc68f6f0000 rw-p 00000000 00:00 0 
7fc68f6f0000-7fc68f6f9000 r-xp 00000000 08:06 15601662                   /lib/x86_64-linux-gnu/libnss_compat-2.19.so
7fc68f6f9000-7fc68f8f8000 ---p 00009000 08:06 15601662                   /lib/x86_64-linux-gnu/libnss_compat-2.19.so
7fc68f8f8000-7fc68f8f9000 r--p 00008000 08:06 15601662                   /lib/x86_64-linux-gnu/libnss_compat-2.19.so
7fc68f8f9000-7fc68f8fa000 rw-p 00009000 08:06 15601662                   /lib/x86_64-linux-gnu/libnss_compat-2.19.so
7fc68f8fa000-7fc68fbc3000 r--p 00000000 08:06 15209877                   /usr/lib/locale/locale-archive
7fc68fbc3000-7fc68fbc5000 r-xp 00000000 08:06 20582276                   /usr/lib/jvm/jdk1.8.0_20/jre/lib/amd64/libnpt.so
7fc68fbc5000-7fc68fdc5000 ---p 00002000 08:06 20582276                   /usr/lib/jvm/jdk1.8.0_20/jre/lib/amd64/libnpt.so
7fc68fdc5000-7fc68fdc6000 rw-p 00002000 08:06 20582276                   /usr/lib/jvm/jdk1.8.0_20/jre/lib/amd64/libnpt.so
7fc68fdc6000-7fc68fdff000 r-xp 00000000 08:06 20582287                   /usr/lib/jvm/jdk1.8.0_20/jre/lib/amd64/libjdwp.so
7fc68fdff000-7fc68fffe000 ---p 00039000 08:06 20582287                   /usr/lib/jvm/jdk1.8.0_20/jre/lib/amd64/libjdwp.so
7fc68fffe000-7fc690000000 rw-p 00038000 08:06 20582287                   /usr/lib/jvm/jdk1.8.0_20/jre/lib/amd64/libjdwp.so
7fc690000000-7fc690882000 rw-p 00000000 00:00 0 
7fc690882000-7fc694000000 ---p 00000000 00:00 0 
7fc694000000-7fc694001000 r--s 00009000 08:06 1185781                    /usr/lib/jvm/jdk1.8.0_20/jre/lib/ext/sunec.jar
7fc694001000-7fc694008000 r--s 0007a000 08:06 19532213                   /usr/local/development/dev-7-6/Ignition/Servers/apache-tomcat-6.0.36/lib/jasper.jar
7fc694008000-7fc694012000 r--s 000b3000 08:06 19532217                   /usr/local/development/dev-7-6/Ignition/Servers/apache-tomcat-6.0.36/lib/tomcat-coyote.jar
7fc694012000-7fc694033000 rw-p 00000000 00:00 0 
7fc694033000-7fc69405d000 r-xp 00000000 08:06 20582291                   /usr/lib/jvm/jdk1.8.0_20/jre/lib/amd64/libjava.so
7fc69405d000-7fc69425d000 ---p 0002a000 08:06 20582291                   /usr/lib/jvm/jdk1.8.0_20/jre/lib/amd64/libjava.so
7fc69425d000-7fc69425f000 rw-p 0002a000 08:06 20582291                   /usr/lib/jvm/jdk1.8.0_20/jre/lib/amd64/libjava.so
7fc69425f000-7fc69426c000 r-xp 00000000 08:06 20582295                   /usr/lib/jvm/jdk1.8.0_20/jre/lib/amd64/libverify.so
7fc69426c000-7fc69446c000 ---p 0000d000 08:06 20582295                   /usr/lib/jvm/jdk1.8.0_20/jre/lib/amd64/libverify.so
7fc69446c000-7fc69446e000 rw-p 0000d000 08:06 20582295                   /usr/lib/jvm/jdk1.8.0_20/jre/lib/amd64/libverify.so
7fc69446e000-7fc694475000 r-xp 00000000 08:06 15602320                   /lib/x86_64-linux-gnu/librt-2.19.so
7fc694475000-7fc694674000 ---p 00007000 08:06 15602320                   /lib/x86_64-linux-gnu/librt-2.19.so
7fc694674000-7fc694675000 r--p 00006000 08:06 15602320                   /lib/x86_64-linux-gnu/librt-2.19.so
7fc694675000-7fc694676000 rw-p 00007000 08:06 15602320                   /lib/x86_64-linux-gnu/librt-2.19.so
7fc694676000-7fc69477b000 r-xp 00000000 08:06 15602334                   /lib/x86_64-linux-gnu/libm-2.19.so
7fc69477b000-7fc69497a000 ---p 00105000 08:06 15602334                   /lib/x86_64-linux-gnu/libm-2.19.so
7fc69497a000-7fc69497b000 r--p 00104000 08:06 15602334                   /lib/x86_64-linux-gnu/libm-2.19.so
7fc69497b000-7fc69497c000 rw-p 00105000 08:06 15602334                   /lib/x86_64-linux-gnu/libm-2.19.so
7fc69497c000-7fc6955e6000 r-xp 00000000 08:06 20845908                   /usr/lib/jvm/jdk1.8.0_20/jre/lib/amd64/server/libjvm.so
7fc6955e6000-7fc6957e6000 ---p 00c6a000 08:06 20845908                   /usr/lib/jvm/jdk1.8.0_20/jre/lib/amd64/server/libjvm.so
7fc6957e6000-7fc6958bc000 rw-p 00c6a000 08:06 20845908                   /usr/lib/jvm/jdk1.8.0_20/jre/lib/amd64/server/libjvm.so
7fc6958bc000-7fc6958fe000 rw-p 00000000 00:00 0 
7fc6958fe000-7fc695ab9000 r-xp 00000000 08:06 15602328                   /lib/x86_64-linux-gnu/libc-2.19.so
7fc695ab9000-7fc695cb9000 ---p 001bb000 08:06 15602328                   /lib/x86_64-linux-gnu/libc-2.19.so
7fc695cb9000-7fc695cbd000 r--p 001bb000 08:06 15602328                   /lib/x86_64-linux-gnu/libc-2.19.so
7fc695cbd000-7fc695cbf000 rw-p 001bf000 08:06 15602328                   /lib/x86_64-linux-gnu/libc-2.19.so
7fc695cbf000-7fc695cc4000 rw-p 00000000 00:00 0 
7fc695cc4000-7fc695cc7000 r-xp 00000000 08:06 15602352                   /lib/x86_64-linux-gnu/libdl-2.19.so
7fc695cc7000-7fc695ec6000 ---p 00003000 08:06 15602352                   /lib/x86_64-linux-gnu/libdl-2.19.so
7fc695ec6000-7fc695ec7000 r--p 00002000 08:06 15602352                   /lib/x86_64-linux-gnu/libdl-2.19.so
7fc695ec7000-7fc695ec8000 rw-p 00003000 08:06 15602352                   /lib/x86_64-linux-gnu/libdl-2.19.so
7fc695ec8000-7fc695edf000 r-xp 00000000 08:06 20061287                   /usr/lib/jvm/jdk1.8.0_20/lib/amd64/jli/libjli.so
7fc695edf000-7fc6960de000 ---p 00017000 08:06 20061287                   /usr/lib/jvm/jdk1.8.0_20/lib/amd64/jli/libjli.so
7fc6960de000-7fc6960df000 rw-p 00016000 08:06 20061287                   /usr/lib/jvm/jdk1.8.0_20/lib/amd64/jli/libjli.so
7fc6960df000-7fc6960f8000 r-xp 00000000 08:06 15602353                   /lib/x86_64-linux-gnu/libpthread-2.19.so
7fc6960f8000-7fc6962f7000 ---p 00019000 08:06 15602353                   /lib/x86_64-linux-gnu/libpthread-2.19.so
7fc6962f7000-7fc6962f8000 r--p 00018000 08:06 15602353                   /lib/x86_64-linux-gnu/libpthread-2.19.so
7fc6962f8000-7fc6962f9000 rw-p 00019000 08:06 15602353                   /lib/x86_64-linux-gnu/libpthread-2.19.so
7fc6962f9000-7fc6962fd000 rw-p 00000000 00:00 0 
7fc6962fd000-7fc696320000 r-xp 00000000 08:06 15602330                   /lib/x86_64-linux-gnu/ld-2.19.so
7fc696320000-7fc696322000 r--s 0000c000 08:06 19532221                   /usr/local/development/dev-7-6/Ignition/Servers/apache-tomcat-6.0.36/lib/tomcat-i18n-ja.jar
7fc696322000-7fc696324000 r--s 00011000 08:06 19532214                   /usr/local/development/dev-7-6/Ignition/Servers/apache-tomcat-6.0.36/lib/jsp-api.jar
7fc696324000-7fc696326000 r--s 00014000 08:06 19532216                   /usr/local/development/dev-7-6/Ignition/Servers/apache-tomcat-6.0.36/lib/servlet-api.jar
7fc696326000-7fc696328000 r--s 0000c000 08:06 19532206                   /usr/local/development/dev-7-6/Ignition/Servers/apache-tomcat-6.0.36/lib/catalina-ant.jar
7fc696328000-7fc6963f9000 rw-p 00000000 00:00 0 
7fc6963f9000-7fc6963fc000 ---p 00000000 00:00 0 
7fc6963fc000-7fc6964fe000 rw-p 00000000 00:00 0                          [stack:4464]
7fc6964fe000-7fc696500000 r--s 00007000 08:06 19532211                   /usr/local/development/dev-7-6/Ignition/Servers/apache-tomcat-6.0.36/lib/el-api.jar
7fc696500000-7fc696501000 r--s 00003000 08:06 19532205                   /usr/local/development/dev-7-6/Ignition/Servers/apache-tomcat-6.0.36/lib/annotations-api.jar
7fc696501000-7fc696504000 r--s 00019000 08:06 19532212                   /usr/local/development/dev-7-6/Ignition/Servers/apache-tomcat-6.0.36/lib/jasper-el.jar
7fc696504000-7fc696509000 r--s 00092000 08:06 20582254                   /usr/lib/jvm/jdk1.8.0_20/jre/lib/jsse.jar
7fc696509000-7fc69650a000 r--s 00007000 08:06 19533431                   /usr/local/development/dev-7-6/Ignition/Servers/apache-tomcat-6.0.36/bin/tomcat-juli.jar
7fc69650a000-7fc69650b000 r--s 00005000 08:06 19533430                   /usr/local/development/dev-7-6/Ignition/Servers/apache-tomcat-6.0.36/bin/commons-daemon.jar
7fc69650b000-7fc69650c000 r--s 00005000 08:06 19533429                   /usr/local/development/dev-7-6/Ignition/Servers/apache-tomcat-6.0.36/bin/bootstrap.jar
7fc69650c000-7fc696513000 r--s 000c7000 08:06 1179649                    /usr/lib/jvm/jdk1.8.0_20/jre/lib/ext/mysql-connector-java-5.1.23-bin.jar
7fc696513000-7fc69651b000 rw-s 00000000 08:06 6164355                    /tmp/hsperfdata_mattg/4459
7fc69651b000-7fc69651c000 rw-p 00000000 00:00 0 
7fc69651c000-7fc69651d000 r--p 00000000 00:00 0 
7fc69651d000-7fc69651f000 rw-p 00000000 00:00 0 
7fc69651f000-7fc696520000 r--p 00022000 08:06 15602330                   /lib/x86_64-linux-gnu/ld-2.19.so
7fc696520000-7fc696521000 rw-p 00023000 08:06 15602330                   /lib/x86_64-linux-gnu/ld-2.19.so
7fc696521000-7fc696522000 rw-p 00000000 00:00 0 
7fff93614000-7fff93635000 rw-p 00000000 00:00 0                          [stack]
7fff93721000-7fff93723000 r-xp 00000000 00:00 0                          [vdso]
ffffffffff600000-ffffffffff601000 r-xp 00000000 00:00 0                  [vsyscall]

VM Arguments:
jvm_args: -Djava.util.logging.config.file=/home/mattg/.IntelliJIdea13/system/tomcat/Unnamed_77-Ignition/conf/logging.properties -Xdebug -Xrunjdwp:transport=dt_socket,address=127.0.0.1:51670,suspend=y,server=n -Dcom.sun.management.jmxremote= -Dcom.sun.management.jmxremote.port=1099 -Dcom.sun.management.jmxremote.ssl=false -Dcom.sun.management.jmxremote.authenticate=false -Djava.rmi.server.hostname=127.0.0.1 -Djava.util.logging.manager=org.apache.juli.ClassLoaderLogManager -Djava.endorsed.dirs=/usr/local/development/dev-7-6/Ignition/Servers/apache-tomcat-6.0.36/endorsed -Dcatalina.base=/home/mattg/.IntelliJIdea13/system/tomcat/Unnamed_77-Ignition -Dcatalina.home=/usr/local/development/dev-7-6/Ignition/Servers/apache-tomcat-6.0.36 -Djava.io.tmpdir=/usr/local/development/dev-7-6/Ignition/Servers/apache-tomcat-6.0.36/temp 
java_command: org.apache.catalina.startup.Bootstrap start
java_class_path (initial): /usr/local/development/dev-7-6/Ignition/Servers/apache-tomcat-6.0.36/bin/bootstrap.jar
Launcher Type: SUN_STANDARD

Environment Variables:
JAVA_HOME=/usr/lib/jvm/jdk1.8.0_20
CLASSPATH=/usr/local/development/dev-7-6/Ignition/Servers/apache-tomcat-6.0.36/bin/bootstrap.jar
PATH=/usr/local/sbin:/usr/local/bin:/usr/sbin:/usr/bin:/sbin:/bin:/usr/games:/usr/local/games:/usr/local/development/gradle-1.12/bin
USERNAME=mattg
LD_LIBRARY_PATH=/usr/local/development/idea-IU-135.909/bin:
SHELL=/bin/bash
DISPLAY=:0

Signal Handlers:
SIGSEGV: [libjvm.so+0xa76cd0], sa_mask[0]=11111111011111111101111111111110, sa_flags=SA_RESTART|SA_SIGINFO
SIGBUS: [libjvm.so+0xa76cd0], sa_mask[0]=11111111011111111101111111111110, sa_flags=SA_RESTART|SA_SIGINFO
SIGFPE: [libjvm.so+0x8e0d80], sa_mask[0]=11111111011111111101111111111110, sa_flags=SA_RESTART|SA_SIGINFO
SIGPIPE: [libjvm.so+0x8e0d80], sa_mask[0]=11111111011111111101111111111110, sa_flags=SA_RESTART|SA_SIGINFO
SIGXFSZ: [libjvm.so+0x8e0d80], sa_mask[0]=11111111011111111101111111111110, sa_flags=SA_RESTART|SA_SIGINFO
SIGILL: [libjvm.so+0x8e0d80], sa_mask[0]=11111111011111111101111111111110, sa_flags=SA_RESTART|SA_SIGINFO
SIGUSR1: SIG_DFL, sa_mask[0]=00000000000000000000000000000000, sa_flags=none
SIGUSR2: [libjvm.so+0x8e25b0], sa_mask[0]=00100000000000000000000000000000, sa_flags=SA_RESTART|SA_SIGINFO
SIGHUP: [libjvm.so+0x8e3970], sa_mask[0]=11111111011111111101111111111110, sa_flags=SA_RESTART|SA_SIGINFO
SIGINT: [libjvm.so+0x8e3970], sa_mask[0]=11111111011111111101111111111110, sa_flags=SA_RESTART|SA_SIGINFO
SIGTERM: [libjvm.so+0x8e3970], sa_mask[0]=11111111011111111101111111111110, sa_flags=SA_RESTART|SA_SIGINFO
SIGQUIT: [libjvm.so+0x8e3970], sa_mask[0]=11111111011111111101111111111110, sa_flags=SA_RESTART|SA_SIGINFO


---------------  S Y S T E M  ---------------

OS:DISTRIB_ID=LinuxMint
DISTRIB_RELEASE=17
DISTRIB_CODENAME=qiana
DISTRIB_DESCRIPTION="Linux Mint 17 Qiana"

uname:Linux 3.13.0-24-generic #46-Ubuntu SMP Thu Apr 10 19:11:08 UTC 2014 x86_64
libc:glibc 2.19 NPTL 2.19 
rlimit: STACK 8192k, CORE 0k, NPROC 127375, NOFILE 4096, AS infinity
load average:0.59 0.62 0.50

/proc/meminfo:
MemTotal:       16335088 kB
MemFree:        11433264 kB
Buffers:          130512 kB
Cached:          1767296 kB
SwapCached:            0 kB
Active:          3297956 kB
Inactive:        1277476 kB
Active(anon):    2686360 kB
Inactive(anon):   349844 kB
Active(file):     611596 kB
Inactive(file):   927632 kB
Unevictable:         568 kB
Mlocked:             568 kB
SwapTotal:      16676860 kB
SwapFree:       16676860 kB
Dirty:               248 kB
Writeback:             0 kB
AnonPages:       2678188 kB
Mapped:           305332 kB
Shmem:            358584 kB
Slab:             139464 kB
SReclaimable:      97752 kB
SUnreclaim:        41712 kB
KernelStack:        5472 kB
PageTables:        34512 kB
NFS_Unstable:          0 kB
Bounce:                0 kB
WritebackTmp:          0 kB
CommitLimit:    24844404 kB
Committed_AS:    5802428 kB
VmallocTotal:   34359738367 kB
VmallocUsed:      444884 kB
VmallocChunk:   34359289948 kB
HardwareCorrupted:     0 kB
AnonHugePages:   1597440 kB
HugePages_Total:       0
HugePages_Free:        0
HugePages_Rsvd:        0
HugePages_Surp:        0
Hugepagesize:       2048 kB
DirectMap4k:       93640 kB
DirectMap2M:     2953216 kB
DirectMap1G:    13631488 kB


CPU:total 8 (4 cores per cpu, 2 threads per core) family 6 model 60 stepping 3, cmov, cx8, fxsr, mmx, sse, sse2, sse3, ssse3, sse4.1, sse4.2, popcnt, avx, avx2, aes, clmul, erms, lzcnt, ht, tsc, tscinvbit, bmi1, bmi2

/proc/cpuinfo:
processor	: 0
vendor_id	: GenuineIntel
cpu family	: 6
model		: 60
model name	: Intel(R) Core(TM) i7-4702HQ CPU @ 2.20GHz
stepping	: 3
microcode	: 0x17
cpu MHz		: 1700.000
cache size	: 6144 KB
physical id	: 0
siblings	: 8
core id		: 0
cpu cores	: 4
apicid		: 0
initial apicid	: 0
fpu		: yes
fpu_exception	: yes
cpuid level	: 13
wp		: yes
flags		: fpu vme de pse tsc msr pae mce cx8 apic sep mtrr pge mca cmov pat pse36 clflush dts acpi mmx fxsr sse sse2 ss ht tm pbe syscall nx pdpe1gb rdtscp lm constant_tsc arch_perfmon pebs bts rep_good nopl xtopology nonstop_tsc aperfmperf eagerfpu pni pclmulqdq dtes64 monitor ds_cpl vmx est tm2 ssse3 fma cx16 xtpr pdcm pcid sse4_1 sse4_2 x2apic movbe popcnt tsc_deadline_timer aes xsave avx f16c rdrand lahf_lm abm ida arat epb xsaveopt pln pts dtherm tpr_shadow vnmi flexpriority ept vpid fsgsbase tsc_adjust bmi1 avx2 smep bmi2 erms invpcid
bogomips	: 4390.01
clflush size	: 64
cache_alignment	: 64
address sizes	: 39 bits physical, 48 bits virtual
power management:

processor	: 1
vendor_id	: GenuineIntel
cpu family	: 6
model		: 60
model name	: Intel(R) Core(TM) i7-4702HQ CPU @ 2.20GHz
stepping	: 3
microcode	: 0x17
cpu MHz		: 2201.000
cache size	: 6144 KB
physical id	: 0
siblings	: 8
core id		: 1
cpu cores	: 4
apicid		: 2
initial apicid	: 2
fpu		: yes
fpu_exception	: yes
cpuid level	: 13
wp		: yes
flags		: fpu vme de pse tsc msr pae mce cx8 apic sep mtrr pge mca cmov pat pse36 clflush dts acpi mmx fxsr sse sse2 ss ht tm pbe syscall nx pdpe1gb rdtscp lm constant_tsc arch_perfmon pebs bts rep_good nopl xtopology nonstop_tsc aperfmperf eagerfpu pni pclmulqdq dtes64 monitor ds_cpl vmx est tm2 ssse3 fma cx16 xtpr pdcm pcid sse4_1 sse4_2 x2apic movbe popcnt tsc_deadline_timer aes xsave avx f16c rdrand lahf_lm abm ida arat epb xsaveopt pln pts dtherm tpr_shadow vnmi flexpriority ept vpid fsgsbase tsc_adjust bmi1 avx2 smep bmi2 erms invpcid
bogomips	: 4390.01
clflush size	: 64
cache_alignment	: 64
address sizes	: 39 bits physical, 48 bits virtual
power management:

processor	: 2
vendor_id	: GenuineIntel
cpu family	: 6
model		: 60
model name	: Intel(R) Core(TM) i7-4702HQ CPU @ 2.20GHz
stepping	: 3
microcode	: 0x17
cpu MHz		: 1700.000
cache size	: 6144 KB
physical id	: 0
siblings	: 8
core id		: 2
cpu cores	: 4
apicid		: 4
initial apicid	: 4
fpu		: yes
fpu_exception	: yes
cpuid level	: 13
wp		: yes
flags		: fpu vme de pse tsc msr pae mce cx8 apic sep mtrr pge mca cmov pat pse36 clflush dts acpi mmx fxsr sse sse2 ss ht tm pbe syscall nx pdpe1gb rdtscp lm constant_tsc arch_perfmon pebs bts rep_good nopl xtopology nonstop_tsc aperfmperf eagerfpu pni pclmulqdq dtes64 monitor ds_cpl vmx est tm2 ssse3 fma cx16 xtpr pdcm pcid sse4_1 sse4_2 x2apic movbe popcnt tsc_deadline_timer aes xsave avx f16c rdrand lahf_lm abm ida arat epb xsaveopt pln pts dtherm tpr_shadow vnmi flexpriority ept vpid fsgsbase tsc_adjust bmi1 avx2 smep bmi2 erms invpcid
bogomips	: 4390.01
clflush size	: 64
cache_alignment	: 64
address sizes	: 39 bits physical, 48 bits virtual
power management:

processor	: 3
vendor_id	: GenuineIntel
cpu family	: 6
model		: 60
model name	: Intel(R) Core(TM) i7-4702HQ CPU @ 2.20GHz
stepping	: 3
microcode	: 0x17
cpu MHz		: 2000.000
cache size	: 6144 KB
physical id	: 0
siblings	: 8
core id		: 3
cpu cores	: 4
apicid		: 6
initial apicid	: 6
fpu		: yes
fpu_exception	: yes
cpuid level	: 13
wp		: yes
flags		: fpu vme de pse tsc msr pae mce cx8 apic sep mtrr pge mca cmov pat pse36 clflush dts acpi mmx fxsr sse sse2 ss ht tm pbe syscall nx pdpe1gb rdtscp lm constant_tsc arch_perfmon pebs bts rep_good nopl xtopology nonstop_tsc aperfmperf eagerfpu pni pclmulqdq dtes64 monitor ds_cpl vmx est tm2 ssse3 fma cx16 xtpr pdcm pcid sse4_1 sse4_2 x2apic movbe popcnt tsc_deadline_timer aes xsave avx f16c rdrand lahf_lm abm ida arat epb xsaveopt pln pts dtherm tpr_shadow vnmi flexpriority ept vpid fsgsbase tsc_adjust bmi1 avx2 smep bmi2 erms invpcid
bogomips	: 4390.01
clflush size	: 64
cache_alignment	: 64
address sizes	: 39 bits physical, 48 bits virtual
power management:

processor	: 4
vendor_id	: GenuineIntel
cpu family	: 6
model		: 60
model name	: Intel(R) Core(TM) i7-4702HQ CPU @ 2.20GHz
stepping	: 3
microcode	: 0x17
cpu MHz		: 900.000
cache size	: 6144 KB
physical id	: 0
siblings	: 8
core id		: 0
cpu cores	: 4
apicid		: 1
initial apicid	: 1
fpu		: yes
fpu_exception	: yes
cpuid level	: 13
wp		: yes
flags		: fpu vme de pse tsc msr pae mce cx8 apic sep mtrr pge mca cmov pat pse36 clflush dts acpi mmx fxsr sse sse2 ss ht tm pbe syscall nx pdpe1gb rdtscp lm constant_tsc arch_perfmon pebs bts rep_good nopl xtopology nonstop_tsc aperfmperf eagerfpu pni pclmulqdq dtes64 monitor ds_cpl vmx est tm2 ssse3 fma cx16 xtpr pdcm pcid sse4_1 sse4_2 x2apic movbe popcnt tsc_deadline_timer aes xsave avx f16c rdrand lahf_lm abm ida arat epb xsaveopt pln pts dtherm tpr_shadow vnmi flexpriority ept vpid fsgsbase tsc_adjust bmi1 avx2 smep bmi2 erms invpcid
bogomips	: 4390.01
clflush size	: 64
cache_alignment	: 64
address sizes	: 39 bits physical, 48 bits virtual
power management:

processor	: 5
vendor_id	: GenuineIntel
cpu family	: 6
model		: 60
model name	: Intel(R) Core(TM) i7-4702HQ CPU @ 2.20GHz
stepping	: 3
microcode	: 0x17
cpu MHz		: 1100.000
cache size	: 6144 KB
physical id	: 0
siblings	: 8
core id		: 1
cpu cores	: 4
apicid		: 3
initial apicid	: 3
fpu		: yes
fpu_exception	: yes
cpuid level	: 13
wp		: yes
flags		: fpu vme de pse tsc msr pae mce cx8 apic sep mtrr pge mca cmov pat pse36 clflush dts acpi mmx fxsr sse sse2 ss ht tm pbe syscall nx pdpe1gb rdtscp lm constant_tsc arch_perfmon pebs bts rep_good nopl xtopology nonstop_tsc aperfmperf eagerfpu pni pclmulqdq dtes64 monitor ds_cpl vmx est tm2 ssse3 fma cx16 xtpr pdcm pcid sse4_1 sse4_2 x2apic movbe popcnt tsc_deadline_timer aes xsave avx f16c rdrand lahf_lm abm ida arat epb xsaveopt pln pts dtherm tpr_shadow vnmi flexpriority ept vpid fsgsbase tsc_adjust bmi1 avx2 smep bmi2 erms invpcid
bogomips	: 4390.01
clflush size	: 64
cache_alignment	: 64
address sizes	: 39 bits physical, 48 bits virtual
power management:

processor	: 6
vendor_id	: GenuineIntel
cpu family	: 6
model		: 60
model name	: Intel(R) Core(TM) i7-4702HQ CPU @ 2.20GHz
stepping	: 3
microcode	: 0x17
cpu MHz		: 2000.000
cache size	: 6144 KB
physical id	: 0
siblings	: 8
core id		: 2
cpu cores	: 4
apicid		: 5
initial apicid	: 5
fpu		: yes
fpu_exception	: yes
cpuid level	: 13
wp		: yes
flags		: fpu vme de pse tsc msr pae mce cx8 apic sep mtrr pge mca cmov pat pse36 clflush dts acpi mmx fxsr sse sse2 ss ht tm pbe syscall nx pdpe1gb rdtscp lm constant_tsc arch_perfmon pebs bts rep_good nopl xtopology nonstop_tsc aperfmperf eagerfpu pni pclmulqdq dtes64 monitor ds_cpl vmx est tm2 ssse3 fma cx16 xtpr pdcm pcid sse4_1 sse4_2 x2apic movbe popcnt tsc_deadline_timer aes xsave avx f16c rdrand lahf_lm abm ida arat epb xsaveopt pln pts dtherm tpr_shadow vnmi flexpriority ept vpid fsgsbase tsc_adjust bmi1 avx2 smep bmi2 erms invpcid
bogomips	: 4390.01
clflush size	: 64
cache_alignment	: 64
address sizes	: 39 bits physical, 48 bits virtual
power management:

processor	: 7
vendor_id	: GenuineIntel
cpu family	: 6
model		: 60
model name	: Intel(R) Core(TM) i7-4702HQ CPU @ 2.20GHz
stepping	: 3
microcode	: 0x17
cpu MHz		: 2201.000
cache size	: 6144 KB
physical id	: 0
siblings	: 8
core id		: 3
cpu cores	: 4
apicid		: 7
initial apicid	: 7
fpu		: yes
fpu_exception	: yes
cpuid level	: 13
wp		: yes
flags		: fpu vme de pse tsc msr pae mce cx8 apic sep mtrr pge mca cmov pat pse36 clflush dts acpi mmx fxsr sse sse2 ss ht tm pbe syscall nx pdpe1gb rdtscp lm constant_tsc arch_perfmon pebs bts rep_good nopl xtopology nonstop_tsc aperfmperf eagerfpu pni pclmulqdq dtes64 monitor ds_cpl vmx est tm2 ssse3 fma cx16 xtpr pdcm pcid sse4_1 sse4_2 x2apic movbe popcnt tsc_deadline_timer aes xsave avx f16c rdrand lahf_lm abm ida arat epb xsaveopt pln pts dtherm tpr_shadow vnmi flexpriority ept vpid fsgsbase tsc_adjust bmi1 avx2 smep bmi2 erms invpcid
bogomips	: 4390.01
clflush size	: 64
cache_alignment	: 64
address sizes	: 39 bits physical, 48 bits virtual
power management:



Memory: 4k page, physical 16335088k(11433264k free), swap 16676860k(16676860k free)

vm_info: Java HotSpot(TM) 64-Bit Server VM (25.20-b17) for linux-amd64 JRE (1.8.0_20-ea-b17), built on Jun  4 2014 00:04:06 by "java_re" with gcc 4.3.0 20080428 (Red Hat 4.3.0-8)

time: Fri Nov 21 08:15:37 2014
elapsed time: 72 seconds (0d 0h 1m 12s)

