#
# A fatal error has been detected by the Java Runtime Environment:
#
#  SIGSEGV (0xb) at pc=0x00007f7d20e64f7e, pid=13544, tid=140175401645824
#
# JRE version: Java(TM) SE Runtime Environment (8.0_20-b17) (build 1.8.0_20-ea-b17)
# Java VM: Java HotSpot(TM) 64-Bit Server VM (25.20-b17 mixed mode linux-amd64 compressed oops)
# Problematic frame:
# C  [ld-linux-x86-64.so.2+0x9f7e]
#
# Failed to write core dump. Core dumps have been disabled. To enable core dumping, try "ulimit -c unlimited" before starting Java again
#
# If you would like to submit a bug report, please visit:
#   http://bugreport.sun.com/bugreport/crash.jsp
# The crash happened outside the Java Virtual Machine in native code.
# See problematic frame for where to report the bug.
#

---------------  T H R E A D  ---------------

Current thread (0x00007f7d1800d000):  JavaThread "main" [_thread_in_native, id=13549, stack(0x00007f7d20f57000,0x00007f7d21058000)]

siginfo: si_signo: 11 (SIGSEGV), si_code: 1 (SEGV_MAPERR), si_addr: 0x0000000000000068

Registers:
RAX=0x0000000000000040, RBX=0x000000004c8d3d65, RCX=0x0000000000000025, RDX=0x00000000000003f3
RSP=0x00007f7d21054a30, RBP=0x0000000000000002, RSI=0x00007f7d2045fd28, RDI=0x00007f7d2105b9e8
R8 =0x00000000013234f5, R9 =0x00007f7d21054a70, R10=0x0000000006020400, R11=0x00007f7d21054b70
R12=0x0000000000000003, R13=0x00007f7c502b9770, R14=0x0000000000000000, R15=0x0000000000000025
RIP=0x00007f7d20e64f7e, EFLAGS=0x0000000000010202, CSGSFS=0x0000000000000033, ERR=0x0000000000000004
  TRAPNO=0x000000000000000e

Top of Stack: (sp=0x00007f7d21054a30)
0x00007f7d21054a30:   00007f7d21054ba0 00007f7d1fb3cf75
0x00007f7d21054a40:   00007f7d00000002 00007f7d21054b80
0x00007f7d21054a50:   00007f7d21054c10 00007f7d21054de0
0x00007f7d21054a60:   00007f7d09046960 0139d9110000000c
0x00007f7d21054a70:   0000000000000000 0000000000000000
0x00007f7d21054a80:   00007f7d2105b9e8 00007f7d180c29f0
0x00007f7d21054a90:   00007f7d2046cd78 0000000000000000
0x00007f7d21054aa0:   0000000200000000 0000000000000000
0x00007f7d21054ab0:   00007f7d1800d000 00007f7d21054c60
0x00007f7d21054ac0:   00007f7d21054c10 0000000000000000
0x00007f7d21054ad0:   0000000000000000 00007f7c5034bce8
0x00007f7d21054ae0:   00007f7c5034b960 00007f7d20e65991
0x00007f7d21054af0:   0000000000000000 0000000000000000
0x00007f7d21054b00:   0000001a00000002 0000000000000000
0x00007f7d21054b10:   00007f7d00000000 00007f7c5034b960
0x00007f7d21054b20:   00007f7d21054b90 00007f7d1fc93447
0x00007f7d21054b30:   00007f7d1800a518 00007f7d1800a510
0x00007f7d21054b40:   00007f7d08039440 00007f7c5034bce8
0x00007f7d21054b50:   00007f7d21054b80 00007f7d21054b70
0x00007f7d21054b60:   000000004c8d3d65 00007f7d180c29f0
0x00007f7d21054b70:   00000000ffffffff 00007f7d1800a5d0
0x00007f7d21054b80:   0000000000000000 0000000000000000
0x00007f7d21054b90:   00007f7d1800a470 00007f7d1800d000
0x00007f7d21054ba0:   00007f7d21054d30 00007f7d1fb83467
0x00007f7d21054bb0:   000000b121055910 00007f7d21055380
0x00007f7d21054bc0:   00007f7d21054c10 00007f7d21054c90
0x00007f7d21054bd0:   00007f7d21054d60 00007f7d21054de0
0x00007f7d21054be0:   00007f7d1800d1e8 0000000000cf74b0
0x00007f7d21054bf0:   00007f7d2107dcc0 00007f7d180c29f0
0x00007f7d21054c00:   0000000000000000 00007f7c5034b960
0x00007f7d21054c10:   00007f7d21054cf0 00007f7d20592f56
0x00007f7d21054c20:   0000000600000002 0000000000000000 

Instructions: (pc=0x00007f7d20e64f7e)
0x00007f7d20e64f5e:   06 41 83 e7 3f 0f 1f 44 00 00 49 8b 44 ed 00 c7
0x00007f7d20e64f6e:   44 24 70 00 00 00 00 48 c7 44 24 40 00 00 00 00
0x00007f7d20e64f7e:   48 8b 78 28 4c 39 f7 48 89 7c 24 50 0f 84 f0 00
0x00007f7d20e64f8e:   00 00 f6 44 24 7c 02 74 0d f6 87 14 03 00 00 03 

Register to memory mapping:

RAX=0x0000000000000040 is an unknown value
RBX=0x000000004c8d3d65 is an unknown value
RCX=0x0000000000000025 is an unknown value
RDX=0x00000000000003f3 is an unknown value
RSP=0x00007f7d21054a30 is pointing into the stack for thread: 0x00007f7d1800d000
RBP=0x0000000000000002 is an unknown value
RSI=0x00007f7d2045fd28: <offset 0x3d28> in /lib/x86_64-linux-gnu/libc.so.6 at 0x00007f7d2045c000
RDI=0x00007f7d2105b9e8 is an unknown value
R8 =0x00000000013234f5 is an unknown value
R9 =0x00007f7d21054a70 is pointing into the stack for thread: 0x00007f7d1800d000
R10=0x0000000006020400 is an unknown value
R11=0x00007f7d21054b70 is pointing into the stack for thread: 0x00007f7d1800d000
R12=0x0000000000000003 is an unknown value
R13=0x00007f7c502b9770 is an unknown value
R14=0x0000000000000000 is an unknown value
R15=0x0000000000000025 is an unknown value


Stack: [0x00007f7d20f57000,0x00007f7d21058000],  sp=0x00007f7d21054a30,  free space=1014k
Native frames: (J=compiled Java code, j=interpreted, Vv=VM code, C=native code)
C  [ld-linux-x86-64.so.2+0x9f7e]

Java frames: (J=compiled Java code, j=interpreted, Vv=VM code)
j  java.lang.ClassLoader$NativeLibrary.unload(Ljava/lang/String;Z)V+0
j  java.lang.ClassLoader$NativeLibrary.finalize()V+87
v  ~StubRoutines::call_stub
J 1129  sun.reflect.NativeMethodAccessorImpl.invoke0(Ljava/lang/reflect/Method;Ljava/lang/Object;[Ljava/lang/Object;)Ljava/lang/Object; (0 bytes) @ 0x00007f7d09448677 [0x00007f7d09448600+0x77]
J 1128 C1 sun.reflect.NativeMethodAccessorImpl.invoke(Ljava/lang/Object;[Ljava/lang/Object;)Ljava/lang/Object; (104 bytes) @ 0x00007f7d09449ccc [0x00007f7d09448ac0+0x120c]
J 6359 C2 java.lang.reflect.Method.invoke(Ljava/lang/Object;[Ljava/lang/Object;)Ljava/lang/Object; (62 bytes) @ 0x00007f7d0a4ed0e0 [0x00007f7d0a4ed020+0xc0]
j  com.inductiveautomation.ignition.gateway.bootstrap.SRFilter.destroy()V+89
j  org.apache.catalina.core.ApplicationFilterConfig.release()V+61
j  org.apache.catalina.core.StandardContext.filterStop()Z+124
j  org.apache.catalina.core.StandardContext.stop()V+142
j  org.apache.catalina.core.ContainerBase.removeChild(Lorg/apache/catalina/Container;)V+90
j  org.apache.catalina.startup.HostConfig.undeployApps()V+77
j  org.apache.catalina.startup.HostConfig.stop()V+28
j  org.apache.catalina.startup.HostConfig.lifecycleEvent(Lorg/apache/catalina/LifecycleEvent;)V+151
J 6771 C1 org.apache.catalina.util.LifecycleSupport.fireLifecycleEvent(Ljava/lang/String;Ljava/lang/Object;)V (190 bytes) @ 0x00007f7d0936b58c [0x00007f7d0936aaa0+0xaec]
j  org.apache.catalina.core.ContainerBase.stop()V+60
j  org.apache.catalina.core.ContainerBase.stop()V+118
j  org.apache.catalina.core.StandardEngine.stop()V+1
j  org.apache.catalina.core.StandardService.stop()V+177
j  org.apache.catalina.core.StandardServer.stop()V+65
j  org.apache.catalina.startup.Catalina.stop()V+58
j  org.apache.catalina.startup.Catalina.start()V+198
v  ~StubRoutines::call_stub
j  sun.reflect.NativeMethodAccessorImpl.invoke0(Ljava/lang/reflect/Method;Ljava/lang/Object;[Ljava/lang/Object;)Ljava/lang/Object;+0
j  sun.reflect.NativeMethodAccessorImpl.invoke(Ljava/lang/Object;[Ljava/lang/Object;)Ljava/lang/Object;+100
J 486 C1 sun.reflect.DelegatingMethodAccessorImpl.invoke(Ljava/lang/Object;[Ljava/lang/Object;)Ljava/lang/Object; (10 bytes) @ 0x00007f7d0921fdec [0x00007f7d0921fcc0+0x12c]
J 490 C1 java.lang.reflect.Method.invoke(Ljava/lang/Object;[Ljava/lang/Object;)Ljava/lang/Object; (62 bytes) @ 0x00007f7d09238b44 [0x00007f7d09238720+0x424]
j  org.apache.catalina.startup.Bootstrap.start()V+37
j  org.apache.catalina.startup.Bootstrap.main([Ljava/lang/String;)V+131
v  ~StubRoutines::call_stub

---------------  P R O C E S S  ---------------

Java Threads: ( => current thread )
  0x00007f7d180b8000 JavaThread "pool-1-thread-3" [_thread_blocked, id=13688, stack(0x00007f7c46052000,0x00007f7c46153000)]
  0x00007f7d18559000 JavaThread "Thread-22" daemon [_thread_blocked, id=13687, stack(0x00007f7c84517000,0x00007f7c84618000)]
  0x00007f7c78005800 JavaThread "http-8088-2" daemon [_thread_blocked, id=13684, stack(0x00007f7ce9ba4000,0x00007f7ce9ca5000)]
  0x00007f7c50c86800 JavaThread "ClockDriftDetector" daemon [_thread_blocked, id=13637, stack(0x00007f7c45347000,0x00007f7c45448000)]
  0x00007f7c50ced800 JavaThread "PyLib_ScriptWatcher" daemon [_thread_blocked, id=13636, stack(0x00007f7c45448000,0x00007f7c45549000)]
  0x00007f7c50ce7000 JavaThread "PyFile_ChangeNotifier" daemon [_thread_blocked, id=13635, stack(0x00007f7c45549000,0x00007f7c4564a000)]
  0x00007f7c50ce5000 JavaThread "Thread-18" daemon [_thread_in_native, id=13634, stack(0x00007f7c4564a000,0x00007f7c4574b000)]
  0x00007f7bfc00d000 JavaThread "pool-2-thread-3" [_thread_blocked, id=13633, stack(0x00007f7c4594b000,0x00007f7c45a4c000)]
  0x00007f7c0400a000 JavaThread "pool-1-thread-2" [_thread_blocked, id=13632, stack(0x00007f7c45a4c000,0x00007f7c45b4d000)]
  0x00007f7bfc005000 JavaThread "pool-2-thread-2" [_thread_blocked, id=13631, stack(0x00007f7c45b4d000,0x00007f7c45c4e000)]
  0x00007f7bfc005800 JavaThread "pool-2-thread-1" [_thread_blocked, id=13630, stack(0x00007f7c45c4e000,0x00007f7c45d4f000)]
  0x00007f7c04005800 JavaThread "pool-1-thread-1" [_thread_blocked, id=13629, stack(0x00007f7c45d4f000,0x00007f7c45e50000)]
  0x00007f7c50bc7000 JavaThread "StoreAndForward.local_mysql.MultiStageStore.ForwardThread" [_thread_blocked, id=13622, stack(0x00007f7c46555000,0x00007f7c46656000)]
  0x00007f7c78004800 JavaThread "http-8088-1" daemon [_thread_in_native, id=13605, stack(0x00007f7c8531d000,0x00007f7c8541e000)]
  0x00007f7d18589800 JavaThread "TP-Monitor" daemon [_thread_blocked, id=13591, stack(0x00007f7c8610c000,0x00007f7c8620d000)]
  0x00007f7d18588000 JavaThread "TP-Processor4" daemon [_thread_blocked, id=13590, stack(0x00007f7c8620d000,0x00007f7c8630e000)]
  0x00007f7d18586000 JavaThread "TP-Processor3" daemon [_thread_blocked, id=13589, stack(0x00007f7c8630e000,0x00007f7c8640f000)]
  0x00007f7d18584800 JavaThread "TP-Processor2" daemon [_thread_blocked, id=13588, stack(0x00007f7c8640f000,0x00007f7c86510000)]
  0x00007f7d18583800 JavaThread "TP-Processor1" daemon [_thread_blocked, id=13587, stack(0x00007f7c86510000,0x00007f7c86611000)]
  0x00007f7d1857b800 JavaThread "http-8088-Acceptor-0" daemon [_thread_blocked, id=13586, stack(0x00007f7c86611000,0x00007f7c86712000)]
  0x00007f7d184f5000 JavaThread "GC Daemon" daemon [_thread_blocked, id=13584, stack(0x00007f7ce83db000,0x00007f7ce84dc000)]
  0x00007f7d184d1800 JavaThread "Abandoned connection cleanup thread" daemon [_thread_blocked, id=13582, stack(0x00007f7ce82da000,0x00007f7ce83db000)]
  0x00007f7c9c026000 JavaThread "RMI Scheduler(0)" daemon [_thread_blocked, id=13579, stack(0x00007f7ce85dd000,0x00007f7ce86de000)]
  0x00007f7d18207000 JavaThread "RMI TCP Accept-0" daemon [_thread_in_native, id=13574, stack(0x00007f7ce8b38000,0x00007f7ce8c39000)]
  0x00007f7d181fd800 JavaThread "RMI TCP Accept-1099" daemon [_thread_in_native, id=13573, stack(0x00007f7ce8c39000,0x00007f7ce8d3a000)]
  0x00007f7d181ec800 JavaThread "RMI TCP Accept-0" daemon [_thread_in_native, id=13572, stack(0x00007f7ce8d3a000,0x00007f7ce8e3b000)]
  0x00007f7d180dd000 JavaThread "Service Thread" daemon [_thread_blocked, id=13571, stack(0x00007f7ce949d000,0x00007f7ce959e000)]
  0x00007f7d180cf800 JavaThread "C1 CompilerThread3" daemon [_thread_blocked, id=13570, stack(0x00007f7ce959e000,0x00007f7ce969f000)]
  0x00007f7d180cd000 JavaThread "C2 CompilerThread2" daemon [_thread_in_native, id=13569, stack(0x00007f7ce969f000,0x00007f7ce97a0000)]
  0x00007f7d180cb800 JavaThread "C2 CompilerThread1" daemon [_thread_in_native, id=13568, stack(0x00007f7ce97a0000,0x00007f7ce98a1000)]
  0x00007f7d180c8800 JavaThread "C2 CompilerThread0" daemon [_thread_blocked, id=13567, stack(0x00007f7ce98a1000,0x00007f7ce99a2000)]
  0x00007f7d180c6800 JavaThread "JDWP Event Helper Thread" daemon [_thread_blocked, id=13564, stack(0x00007f7ce9aa3000,0x00007f7ce9ba4000)]
  0x00007f7d180b6000 JavaThread "Signal Dispatcher" daemon [_thread_blocked, id=13561, stack(0x00007f7ce9ea9000,0x00007f7ce9faa000)]
  0x00007f7d18087800 JavaThread "Finalizer" daemon [_thread_blocked, id=13560, stack(0x00007f7ce9faa000,0x00007f7cea0ab000)]
  0x00007f7d18085800 JavaThread "Reference Handler" daemon [_thread_blocked, id=13559, stack(0x00007f7cea0ab000,0x00007f7cea1ac000)]
=>0x00007f7d1800d000 JavaThread "main" [_thread_in_native, id=13549, stack(0x00007f7d20f57000,0x00007f7d21058000)]

Other Threads:
  0x00007f7d1807e800 VMThread [stack: 0x00007f7cea1ac000,0x00007f7cea2ad000] [id=13558]
  0x00007f7d18211800 WatcherThread [stack: 0x00007f7ce8a37000,0x00007f7ce8b38000] [id=13575]

VM state:not at safepoint (normal execution)

VM Mutex/Monitor currently owned by a thread: None

Heap:
 PSYoungGen      total 443392K, used 145307K [0x000000076ce00000, 0x0000000796680000, 0x00000007c0000000)
  eden space 422912K, 34% used [0x000000076ce00000,0x0000000775be6cf0,0x0000000786b00000)
  from space 20480K, 0% used [0x0000000786b00000,0x0000000786b00000,0x0000000787f00000)
  to   space 20992K, 0% used [0x0000000795200000,0x0000000795200000,0x0000000796680000)
 ParOldGen       total 192512K, used 39190K [0x00000006c6a00000, 0x00000006d2600000, 0x000000076ce00000)
  object space 192512K, 20% used [0x00000006c6a00000,0x00000006c9045800,0x00000006d2600000)
 Metaspace       used 57983K, capacity 59174K, committed 59468K, reserved 1099776K
  class space    used 8288K, capacity 8586K, committed 8640K, reserved 1048576K

Card table byte_map: [0x00007f7d1cea7000,0x00007f7d1d673000] byte_map_base: 0x00007f7d19872000

Marking Bits: (ParMarkBitMap*) 0x00007f7d20431c20
 Begin Bits: [0x00007f7cdc350000, 0x00007f7ce01a8000)
 End Bits:   [0x00007f7ce01a8000, 0x00007f7ce4000000)

Polling page: 0x00007f7d2107a000

CodeCache: size=245760Kb used=21952Kb max_used=22133Kb free=223807Kb
 bounds [0x00007f7d09000000, 0x00007f7d0a5d0000, 0x00007f7d18000000]
 total_blobs=6243 nmethods=5640 adapters=524
 compilation: enabled

Compilation events (10 events):
Event: 112.715 Thread 0x00007f7d180cf800 6856       3       org.apache.log4j.helpers.PatternParser$BasicPatternConverter::convert (77 bytes)
Event: 112.718 Thread 0x00007f7d180cf800 nmethod 6856 0x00007f7d0a024310 code [0x00007f7d0a0245c0, 0x00007f7d0a025c88]
Event: 112.718 Thread 0x00007f7d180cf800 6855       1       org.apache.log4j.spi.LoggingEvent::getLoggerName (5 bytes)
Event: 112.718 Thread 0x00007f7d180cf800 nmethod 6855 0x00007f7d0a372f10 code [0x00007f7d0a373060, 0x00007f7d0a373170]
Event: 112.718 Thread 0x00007f7d180cf800 6858       3       sun.nio.cs.StreamEncoder::implFlushBuffer (15 bytes)
Event: 112.718 Thread 0x00007f7d180cf800 nmethod 6858 0x00007f7d0a023e10 code [0x00007f7d0a023f80, 0x00007f7d0a0241e8]
Event: 112.720 Thread 0x00007f7d180c8800 nmethod 6852% 0x00007f7d0a088410 code [0x00007f7d0a0885a0, 0x00007f7d0a088938]
Event: 112.720 Thread 0x00007f7d180cf800 6859       3       java.util.HashSet::<init> (17 bytes)
Event: 112.720 Thread 0x00007f7d180cf800 nmethod 6859 0x00007f7d0a0754d0 code [0x00007f7d0a075680, 0x00007f7d0a075a28]
Event: 112.722 Thread 0x00007f7d180cb800 6860       4       java.io.ObjectOutputStream$BlockDataOutputStream::drain (45 bytes)

GC Heap History (10 events):
Event: 4.634 GC heap before
{Heap before GC invocations=8 (full 2):
 PSYoungGen      total 313344K, used 9378K [0x000000076ce00000, 0x0000000786d00000, 0x00000007c0000000)
  eden space 299520K, 0% used [0x000000076ce00000,0x000000076ce00000,0x000000077f280000)
  from space 13824K, 67% used [0x0000000780000000,0x0000000780928830,0x0000000780d80000)
  to   space 13824K, 0% used [0x000000077f280000,0x000000077f280000,0x0000000780000000)
 ParOldGen       total 108032K, used 13860K [0x00000006c6a00000, 0x00000006cd380000, 0x000000076ce00000)
  object space 108032K, 12% used [0x00000006c6a00000,0x00000006c7789308,0x00000006cd380000)
 Metaspace       used 34492K, capacity 35142K, committed 35264K, reserved 1081344K
  class space    used 4114K, capacity 4266K, committed 4288K, reserved 1048576K
Event: 4.698 GC heap after
Heap after GC invocations=8 (full 2):
 PSYoungGen      total 313344K, used 0K [0x000000076ce00000, 0x0000000786d00000, 0x00000007c0000000)
  eden space 299520K, 0% used [0x000000076ce00000,0x000000076ce00000,0x000000077f280000)
  from space 13824K, 0% used [0x0000000780000000,0x0000000780000000,0x0000000780d80000)
  to   space 13824K, 0% used [0x000000077f280000,0x000000077f280000,0x0000000780000000)
 ParOldGen       total 163328K, used 19934K [0x00000006c6a00000, 0x00000006d0980000, 0x000000076ce00000)
  object space 163328K, 12% used [0x00000006c6a00000,0x00000006c7d77a60,0x00000006d0980000)
 Metaspace       used 34492K, capacity 35142K, committed 35264K, reserved 1081344K
  class space    used 4114K, capacity 4266K, committed 4288K, reserved 1048576K
}
Event: 6.663 GC heap before
{Heap before GC invocations=9 (full 2):
 PSYoungGen      total 313344K, used 299520K [0x000000076ce00000, 0x0000000786d00000, 0x00000007c0000000)
  eden space 299520K, 100% used [0x000000076ce00000,0x000000077f280000,0x000000077f280000)
  from space 13824K, 0% used [0x0000000780000000,0x0000000780000000,0x0000000780d80000)
  to   space 13824K, 0% used [0x000000077f280000,0x000000077f280000,0x0000000780000000)
 ParOldGen       total 163328K, used 19934K [0x00000006c6a00000, 0x00000006d0980000, 0x000000076ce00000)
  object space 163328K, 12% used [0x00000006c6a00000,0x00000006c7d77a60,0x00000006d0980000)
 Metaspace       used 46111K, capacity 46920K, committed 47040K, reserved 1089536K
  class space    used 6848K, capacity 7041K, committed 7104K, reserved 1048576K
Event: 6.680 GC heap after
Heap after GC invocations=9 (full 2):
 PSYoungGen      total 313344K, used 13816K [0x000000076ce00000, 0x0000000789300000, 0x00000007c0000000)
  eden space 299520K, 0% used [0x000000076ce00000,0x000000076ce00000,0x000000077f280000)
  from space 13824K, 99% used [0x000000077f280000,0x000000077fffe3e8,0x0000000780000000)
  to   space 15872K, 0% used [0x0000000788380000,0x0000000788380000,0x0000000789300000)
 ParOldGen       total 163328K, used 21475K [0x00000006c6a00000, 0x00000006d0980000, 0x000000076ce00000)
  object space 163328K, 13% used [0x00000006c6a00000,0x00000006c7ef8c58,0x00000006d0980000)
 Metaspace       used 46111K, capacity 46920K, committed 47040K, reserved 1089536K
  class space    used 6848K, capacity 7041K, committed 7104K, reserved 1048576K
}
Event: 18.590 GC heap before
{Heap before GC invocations=10 (full 2):
 PSYoungGen      total 313344K, used 313336K [0x000000076ce00000, 0x0000000789300000, 0x00000007c0000000)
  eden space 299520K, 100% used [0x000000076ce00000,0x000000077f280000,0x000000077f280000)
  from space 13824K, 99% used [0x000000077f280000,0x000000077fffe3e8,0x0000000780000000)
  to   space 15872K, 0% used [0x0000000788380000,0x0000000788380000,0x0000000789300000)
 ParOldGen       total 163328K, used 21475K [0x00000006c6a00000, 0x00000006d0980000, 0x000000076ce00000)
  object space 163328K, 13% used [0x00000006c6a00000,0x00000006c7ef8c58,0x00000006d0980000)
 Metaspace       used 57396K, capacity 58552K, committed 58572K, reserved 1099776K
  class space    used 8248K, capacity 8505K, committed 8512K, reserved 1048576K
Event: 18.613 GC heap after
Heap after GC invocations=10 (full 2):
 PSYoungGen      total 430080K, used 15852K [0x000000076ce00000, 0x0000000789300000, 0x00000007c0000000)
  eden space 414208K, 0% used [0x000000076ce00000,0x000000076ce00000,0x0000000786280000)
  from space 15872K, 99% used [0x0000000788380000,0x00000007892fb2e0,0x0000000789300000)
  to   space 20480K, 0% used [0x0000000786b00000,0x0000000786b00000,0x0000000787f00000)
 ParOldGen       total 163328K, used 28524K [0x00000006c6a00000, 0x00000006d0980000, 0x000000076ce00000)
  object space 163328K, 17% used [0x00000006c6a00000,0x00000006c85db168,0x00000006d0980000)
 Metaspace       used 57396K, capacity 58552K, committed 58572K, reserved 1099776K
  class space    used 8248K, capacity 8505K, committed 8512K, reserved 1048576K
}
Event: 18.618 GC heap before
{Heap before GC invocations=11 (full 2):
 PSYoungGen      total 430080K, used 21065K [0x000000076ce00000, 0x0000000789300000, 0x00000007c0000000)
  eden space 414208K, 1% used [0x000000076ce00000,0x000000076d317330,0x0000000786280000)
  from space 15872K, 99% used [0x0000000788380000,0x00000007892fb2e0,0x0000000789300000)
  to   space 20480K, 0% used [0x0000000786b00000,0x0000000786b00000,0x0000000787f00000)
 ParOldGen       total 163328K, used 28524K [0x00000006c6a00000, 0x00000006d0980000, 0x000000076ce00000)
  object space 163328K, 17% used [0x00000006c6a00000,0x00000006c85db168,0x00000006d0980000)
 Metaspace       used 57399K, capacity 58552K, committed 58572K, reserved 1099776K
  class space    used 8248K, capacity 8505K, committed 8512K, reserved 1048576K
Event: 18.635 GC heap after
Heap after GC invocations=11 (full 2):
 PSYoungGen      total 443392K, used 15886K [0x000000076ce00000, 0x0000000796680000, 0x00000007c0000000)
  eden space 422912K, 0% used [0x000000076ce00000,0x000000076ce00000,0x0000000786b00000)
  from space 20480K, 77% used [0x0000000786b00000,0x0000000787a838c0,0x0000000787f00000)
  to   space 20992K, 0% used [0x0000000795200000,0x0000000795200000,0x0000000796680000)
 ParOldGen       total 163328K, used 28524K [0x00000006c6a00000, 0x00000006d0980000, 0x000000076ce00000)
  object space 163328K, 17% used [0x00000006c6a00000,0x00000006c85db168,0x00000006d0980000)
 Metaspace       used 57399K, capacity 58552K, committed 58572K, reserved 1099776K
  class space    used 8248K, capacity 8505K, committed 8512K, reserved 1048576K
}
Event: 18.635 GC heap before
{Heap before GC invocations=12 (full 3):
 PSYoungGen      total 443392K, used 15886K [0x000000076ce00000, 0x0000000796680000, 0x00000007c0000000)
  eden space 422912K, 0% used [0x000000076ce00000,0x000000076ce00000,0x0000000786b00000)
  from space 20480K, 77% used [0x0000000786b00000,0x0000000787a838c0,0x0000000787f00000)
  to   space 20992K, 0% used [0x0000000795200000,0x0000000795200000,0x0000000796680000)
 ParOldGen       total 163328K, used 28524K [0x00000006c6a00000, 0x00000006d0980000, 0x000000076ce00000)
  object space 163328K, 17% used [0x00000006c6a00000,0x00000006c85db168,0x00000006d0980000)
 Metaspace       used 57399K, capacity 58552K, committed 58572K, reserved 1099776K
  class space    used 8248K, capacity 8505K, committed 8512K, reserved 1048576K
Event: 18.835 GC heap after
Heap after GC invocations=12 (full 3):
 PSYoungGen      total 443392K, used 0K [0x000000076ce00000, 0x0000000796680000, 0x00000007c0000000)
  eden space 422912K, 0% used [0x000000076ce00000,0x000000076ce00000,0x0000000786b00000)
  from space 20480K, 0% used [0x0000000786b00000,0x0000000786b00000,0x0000000787f00000)
  to   space 20992K, 0% used [0x0000000795200000,0x0000000795200000,0x0000000796680000)
 ParOldGen       total 192512K, used 39190K [0x00000006c6a00000, 0x00000006d2600000, 0x000000076ce00000)
  object space 192512K, 20% used [0x00000006c6a00000,0x00000006c9045800,0x00000006d2600000)
 Metaspace       used 57339K, capacity 58468K, committed 58572K, reserved 1099776K
  class space    used 8247K, capacity 8501K, committed 8512K, reserved 1048576K
}

Deoptimization events (10 events):
Event: 112.611 Thread 0x00007f7d1800d000 Uncommon trap: reason=class_check action=maybe_recompile pc=0x00007f7d09cd81d0 method=org.hsqldb.index.IndexAVL.unlinkNodes(Lorg/hsqldb/index/NodeAVL;)V @ 4
Event: 112.611 Thread 0x00007f7d1800d000 Uncommon trap: reason=unreached action=reinterpret pc=0x00007f7d09ba3600 method=org.hsqldb.store.BaseHashMap.clearElementArrays(II)V @ 185
Event: 112.613 Thread 0x00007f7c5079e800 Uncommon trap: reason=unreached action=reinterpret pc=0x00007f7d09ae28f8 method=org.hsqldb.lib.HsqlTimer$TaskQueue.peekTask()Lorg/hsqldb/lib/HsqlTimer$Task; @ 6
Event: 112.717 Thread 0x00007f7d1800d000 Uncommon trap: reason=bimorphic action=maybe_recompile pc=0x00007f7d0a18b0c0 method=java.io.ObjectOutputStream$BlockDataOutputStream.drain()V @ 36
Event: 112.718 Thread 0x00007f7d1800d000 Uncommon trap: reason=bimorphic action=maybe_recompile pc=0x00007f7d0a18b0c0 method=java.io.ObjectOutputStream$BlockDataOutputStream.drain()V @ 36
Event: 112.718 Thread 0x00007f7d1800d000 Uncommon trap: reason=class_check action=maybe_recompile pc=0x00007f7d095620cc method=java.io.ObjectOutputStream$BlockDataOutputStream.write([BIIZ)V @ 23
Event: 112.719 Thread 0x00007f7d1800d000 Uncommon trap: reason=class_check action=maybe_recompile pc=0x00007f7d095620cc method=java.io.ObjectOutputStream$BlockDataOutputStream.write([BIIZ)V @ 23
Event: 112.719 Thread 0x00007f7d1800d000 Uncommon trap: reason=class_check action=maybe_recompile pc=0x00007f7d095620cc method=java.io.ObjectOutputStream$BlockDataOutputStream.write([BIIZ)V @ 23
Event: 112.720 Thread 0x00007f7d1800d000 Uncommon trap: reason=class_check action=maybe_recompile pc=0x00007f7d095620cc method=java.io.ObjectOutputStream$BlockDataOutputStream.write([BIIZ)V @ 23
Event: 112.721 Thread 0x00007f7d1800d000 Uncommon trap: reason=class_check action=maybe_recompile pc=0x00007f7d0a2d5328 method=java.io.ObjectOutputStream$BlockDataOutputStream.write([BIIZ)V @ 23

Internal exceptions (10 events):
Event: 112.601 Thread 0x00007f7d1800d000 Exception <a 'java/security/PrivilegedActionException'> (0x00000007740894e0) thrown at [/HUDSON/workspace/8-2-build-linux-amd64/jdk8u20/526.nc/hotspot/src/share/vm/prims/jvm.cpp, line 1258]
Event: 112.602 Thread 0x00007f7d1800d000 Exception <a 'java/security/PrivilegedActionException'> (0x000000077409b7d8) thrown at [/HUDSON/workspace/8-2-build-linux-amd64/jdk8u20/526.nc/hotspot/src/share/vm/prims/jvm.cpp, line 1258]
Event: 112.602 Thread 0x00007f7d1800d000 Exception <a 'java/security/PrivilegedActionException'> (0x000000077409c378) thrown at [/HUDSON/workspace/8-2-build-linux-amd64/jdk8u20/526.nc/hotspot/src/share/vm/prims/jvm.cpp, line 1258]
Event: 112.603 Thread 0x00007f7d1800d000 Exception <a 'java/lang/NullPointerException'> (0x00000007740a4c58) thrown at [/HUDSON/workspace/8-2-build-linux-amd64/jdk8u20/526.nc/hotspot/src/share/vm/interpreter/linkResolver.cpp, line 1268]
Event: 112.720 Thread 0x00007f7d1800d000 Exception <a 'java/security/PrivilegedActionException'> (0x00000007740c7240) thrown at [/HUDSON/workspace/8-2-build-linux-amd64/jdk8u20/526.nc/hotspot/src/share/vm/prims/jvm.cpp, line 1258]
Event: 112.720 Thread 0x00007f7d1800d000 Exception <a 'java/security/PrivilegedActionException'> (0x00000007740c8220) thrown at [/HUDSON/workspace/8-2-build-linux-amd64/jdk8u20/526.nc/hotspot/src/share/vm/prims/jvm.cpp, line 1258]
Event: 112.720 Thread 0x00007f7d1800d000 Exception <a 'java/security/PrivilegedActionException'> (0x00000007740d7eb8) thrown at [/HUDSON/workspace/8-2-build-linux-amd64/jdk8u20/526.nc/hotspot/src/share/vm/prims/jvm.cpp, line 1258]
Event: 112.721 Thread 0x00007f7d1800d000 Exception <a 'java/security/PrivilegedActionException'> (0x00000007740d8f28) thrown at [/HUDSON/workspace/8-2-build-linux-amd64/jdk8u20/526.nc/hotspot/src/share/vm/prims/jvm.cpp, line 1258]
Event: 112.721 Thread 0x00007f7d1800d000 Exception <a 'java/security/PrivilegedActionException'> (0x00000007740e9088) thrown at [/HUDSON/workspace/8-2-build-linux-amd64/jdk8u20/526.nc/hotspot/src/share/vm/prims/jvm.cpp, line 1258]
Event: 112.721 Thread 0x00007f7d1800d000 Exception <a 'java/security/PrivilegedActionException'> (0x00000007740ea0a8) thrown at [/HUDSON/workspace/8-2-build-linux-amd64/jdk8u20/526.nc/hotspot/src/share/vm/prims/jvm.cpp, line 1258]

Events (10 events):
Event: 112.722 Thread 0x00007f7d1800d000 DEOPT PACKING pc=0x00007f7d0a09d48c sp=0x00007f7d21053c50
Event: 112.722 Thread 0x00007f7d1800d000 DEOPT UNPACKING pc=0x00007f7d0904741a sp=0x00007f7d21053a18 mode 1
Event: 112.722 Thread 0x00007f7d1800d000 DEOPT PACKING pc=0x00007f7d098aeda4 sp=0x00007f7d21053bc0
Event: 112.722 Thread 0x00007f7d1800d000 DEOPT UNPACKING pc=0x00007f7d0904741a sp=0x00007f7d21053998 mode 1
Event: 112.722 Thread 0x00007f7d1800d000 DEOPT PACKING pc=0x00007f7d098aeda4 sp=0x00007f7d21053b80
Event: 112.722 Thread 0x00007f7d1800d000 DEOPT UNPACKING pc=0x00007f7d0904741a sp=0x00007f7d21053940 mode 1
Event: 112.722 Thread 0x00007f7d1800d000 DEOPT PACKING pc=0x00007f7d0a09d48c sp=0x00007f7d21053c50
Event: 112.722 Thread 0x00007f7d1800d000 DEOPT UNPACKING pc=0x00007f7d0904741a sp=0x00007f7d21053a18 mode 1
Event: 112.722 Thread 0x00007f7d1800d000 DEOPT PACKING pc=0x00007f7d098aeda4 sp=0x00007f7d21053bc0
Event: 112.722 Thread 0x00007f7d1800d000 DEOPT UNPACKING pc=0x00007f7d0904741a sp=0x00007f7d21053998 mode 1


Dynamic libraries:
00400000-00401000 r-xp 00000000 08:06 19938758                           /usr/lib/jvm/jdk1.8.0_20/bin/java
00600000-00601000 rw-p 00000000 08:06 19938758                           /usr/lib/jvm/jdk1.8.0_20/bin/java
00cf7000-00d18000 rw-p 00000000 00:00 0                                  [heap]
6c6a00000-6d2600000 rw-p 00000000 00:00 0 
6d2600000-76ce00000 ---p 00000000 00:00 0 
76ce00000-796680000 rw-p 00000000 00:00 0 
796680000-7c0000000 ---p 00000000 00:00 0 
7c0000000-7c0870000 rw-p 00000000 00:00 0 
7c0870000-800000000 ---p 00000000 00:00 0 
7f7bfc000000-7f7bfc0e7000 rw-p 00000000 00:00 0 
7f7bfc0e7000-7f7c00000000 ---p 00000000 00:00 0 
7f7c00000000-7f7c00021000 rw-p 00000000 00:00 0 
7f7c00021000-7f7c04000000 ---p 00000000 00:00 0 
7f7c04000000-7f7c0402f000 rw-p 00000000 00:00 0 
7f7c0402f000-7f7c08000000 ---p 00000000 00:00 0 
7f7c08000000-7f7c0827d000 rw-p 00000000 00:00 0 
7f7c0827d000-7f7c0c000000 ---p 00000000 00:00 0 
7f7c0c000000-7f7c0c021000 rw-p 00000000 00:00 0 
7f7c0c021000-7f7c10000000 ---p 00000000 00:00 0 
7f7c10000000-7f7c10021000 rw-p 00000000 00:00 0 
7f7c10021000-7f7c14000000 ---p 00000000 00:00 0 
7f7c14000000-7f7c14021000 rw-p 00000000 00:00 0 
7f7c14021000-7f7c18000000 ---p 00000000 00:00 0 
7f7c18000000-7f7c18021000 rw-p 00000000 00:00 0 
7f7c18021000-7f7c1c000000 ---p 00000000 00:00 0 
7f7c1c000000-7f7c1c021000 rw-p 00000000 00:00 0 
7f7c1c021000-7f7c20000000 ---p 00000000 00:00 0 
7f7c20000000-7f7c200f0000 rw-p 00000000 00:00 0 
7f7c200f0000-7f7c24000000 ---p 00000000 00:00 0 
7f7c24000000-7f7c24021000 rw-p 00000000 00:00 0 
7f7c24021000-7f7c28000000 ---p 00000000 00:00 0 
7f7c28000000-7f7c28021000 rw-p 00000000 00:00 0 
7f7c28021000-7f7c2c000000 ---p 00000000 00:00 0 
7f7c2c000000-7f7c2c021000 rw-p 00000000 00:00 0 
7f7c2c021000-7f7c30000000 ---p 00000000 00:00 0 
7f7c30000000-7f7c30021000 rw-p 00000000 00:00 0 
7f7c30021000-7f7c34000000 ---p 00000000 00:00 0 
7f7c34000000-7f7c34021000 rw-p 00000000 00:00 0 
7f7c34021000-7f7c38000000 ---p 00000000 00:00 0 
7f7c38000000-7f7c38021000 rw-p 00000000 00:00 0 
7f7c38021000-7f7c3c000000 ---p 00000000 00:00 0 
7f7c3c000000-7f7c3c025000 rw-p 00000000 00:00 0 
7f7c3c025000-7f7c40000000 ---p 00000000 00:00 0 
7f7c40000000-7f7c40021000 rw-p 00000000 00:00 0 
7f7c40021000-7f7c44000000 ---p 00000000 00:00 0 
7f7c44822000-7f7c44825000 ---p 00000000 00:00 0 
7f7c44825000-7f7c44ac6000 rw-p 00000000 00:00 0 
7f7c44ac6000-7f7c44b23000 ---p 00000000 00:00 0 
7f7c44b23000-7f7c44b3a000 r-xp 00000000 08:06 15602148                   /lib/x86_64-linux-gnu/libresolv-2.19.so
7f7c44b3a000-7f7c44d3a000 ---p 00017000 08:06 15602148                   /lib/x86_64-linux-gnu/libresolv-2.19.so
7f7c44d3a000-7f7c44d3b000 r--p 00017000 08:06 15602148                   /lib/x86_64-linux-gnu/libresolv-2.19.so
7f7c44d3b000-7f7c44d3c000 rw-p 00018000 08:06 15602148                   /lib/x86_64-linux-gnu/libresolv-2.19.so
7f7c44d3c000-7f7c44d3e000 rw-p 00000000 00:00 0 
7f7c44d3e000-7f7c44d43000 r-xp 00000000 08:06 15602324                   /lib/x86_64-linux-gnu/libnss_dns-2.19.so
7f7c44d43000-7f7c44f42000 ---p 00005000 08:06 15602324                   /lib/x86_64-linux-gnu/libnss_dns-2.19.so
7f7c44f42000-7f7c44f43000 r--p 00004000 08:06 15602324                   /lib/x86_64-linux-gnu/libnss_dns-2.19.so
7f7c44f43000-7f7c44f44000 rw-p 00005000 08:06 15602324                   /lib/x86_64-linux-gnu/libnss_dns-2.19.so
7f7c44f44000-7f7c44f46000 r-xp 00000000 08:06 15601607                   /lib/x86_64-linux-gnu/libnss_mdns4_minimal.so.2
7f7c44f46000-7f7c45145000 ---p 00002000 08:06 15601607                   /lib/x86_64-linux-gnu/libnss_mdns4_minimal.so.2
7f7c45145000-7f7c45146000 r--p 00001000 08:06 15601607                   /lib/x86_64-linux-gnu/libnss_mdns4_minimal.so.2
7f7c45146000-7f7c45147000 rw-p 00002000 08:06 15601607                   /lib/x86_64-linux-gnu/libnss_mdns4_minimal.so.2
7f7c45147000-7f7c45347000 rw-p 00000000 00:00 0 
7f7c45347000-7f7c4534a000 ---p 00000000 00:00 0 
7f7c4534a000-7f7c45448000 rw-p 00000000 00:00 0                          [stack:13637]
7f7c45448000-7f7c4544b000 ---p 00000000 00:00 0 
7f7c4544b000-7f7c45549000 rw-p 00000000 00:00 0                          [stack:13636]
7f7c45549000-7f7c4554c000 ---p 00000000 00:00 0 
7f7c4554c000-7f7c4564a000 rw-p 00000000 00:00 0                          [stack:13635]
7f7c4564a000-7f7c4564d000 ---p 00000000 00:00 0 
7f7c4564d000-7f7c4594b000 rw-p 00000000 00:00 0                          [stack:13634]
7f7c4594b000-7f7c4594e000 ---p 00000000 00:00 0 
7f7c4594e000-7f7c45a4c000 rw-p 00000000 00:00 0                          [stack:13633]
7f7c45a4c000-7f7c45a4f000 ---p 00000000 00:00 0 
7f7c45a4f000-7f7c45b4d000 rw-p 00000000 00:00 0                          [stack:13632]
7f7c45b4d000-7f7c45b50000 ---p 00000000 00:00 0 
7f7c45b50000-7f7c45c4e000 rw-p 00000000 00:00 0                          [stack:13631]
7f7c45c4e000-7f7c45c51000 ---p 00000000 00:00 0 
7f7c45c51000-7f7c45d4f000 rw-p 00000000 00:00 0                          [stack:13630]
7f7c45d4f000-7f7c45d52000 ---p 00000000 00:00 0 
7f7c45d52000-7f7c45e50000 rw-p 00000000 00:00 0                          [stack:13629]
7f7c45e50000-7f7c45e53000 ---p 00000000 00:00 0 
7f7c45e53000-7f7c45f51000 rw-p 00000000 00:00 0 
7f7c45f51000-7f7c45f54000 ---p 00000000 00:00 0 
7f7c45f54000-7f7c46052000 rw-p 00000000 00:00 0 
7f7c46052000-7f7c46055000 ---p 00000000 00:00 0 
7f7c46055000-7f7c46353000 rw-p 00000000 00:00 0                          [stack:13688]
7f7c46353000-7f7c46356000 ---p 00000000 00:00 0 
7f7c46356000-7f7c46454000 rw-p 00000000 00:00 0 
7f7c46454000-7f7c46457000 ---p 00000000 00:00 0 
7f7c46457000-7f7c46555000 rw-p 00000000 00:00 0 
7f7c46555000-7f7c46558000 ---p 00000000 00:00 0 
7f7c46558000-7f7c46856000 rw-p 00000000 00:00 0                          [stack:13622]
7f7c46856000-7f7c46859000 ---p 00000000 00:00 0 
7f7c46859000-7f7c46b57000 rw-p 00000000 00:00 0 
7f7c46b57000-7f7c46d57000 rw-p 00000000 00:00 0 
7f7c46d57000-7f7c46d5a000 ---p 00000000 00:00 0 
7f7c46d5a000-7f7c46e58000 rw-p 00000000 00:00 0 
7f7c46e58000-7f7c46e5b000 ---p 00000000 00:00 0 
7f7c46e5b000-7f7c46f59000 rw-p 00000000 00:00 0 
7f7c46f59000-7f7c46f5c000 ---p 00000000 00:00 0 
7f7c46f5c000-7f7c4705a000 rw-p 00000000 00:00 0 
7f7c470ea000-7f7c470ed000 ---p 00000000 00:00 0 
7f7c470ed000-7f7c471eb000 rw-p 00000000 00:00 0 
7f7c471eb000-7f7c471ee000 ---p 00000000 00:00 0 
7f7c471ee000-7f7c472ec000 rw-p 00000000 00:00 0 
7f7c472ec000-7f7c472ef000 ---p 00000000 00:00 0 
7f7c472ef000-7f7c473ed000 rw-p 00000000 00:00 0 
7f7c473ed000-7f7c473f0000 ---p 00000000 00:00 0 
7f7c473f0000-7f7c474ee000 rw-p 00000000 00:00 0 
7f7c474ee000-7f7c474f1000 ---p 00000000 00:00 0 
7f7c474f1000-7f7c475ef000 rw-p 00000000 00:00 0 
7f7c475ef000-7f7c475f2000 ---p 00000000 00:00 0 
7f7c475f2000-7f7c476f0000 rw-p 00000000 00:00 0 
7f7c476f0000-7f7c476f3000 ---p 00000000 00:00 0 
7f7c476f3000-7f7c477f1000 rw-p 00000000 00:00 0 
7f7c477f1000-7f7c477f4000 ---p 00000000 00:00 0 
7f7c477f4000-7f7c47af2000 rw-p 00000000 00:00 0 
7f7c47c00000-7f7c47e00000 rw-p 00000000 00:00 0 
7f7c47e00000-7f7c48000000 rw-p 00000000 00:00 0 
7f7c48000000-7f7c48021000 rw-p 00000000 00:00 0 
7f7c48021000-7f7c4c000000 ---p 00000000 00:00 0 
7f7c4c000000-7f7c4c021000 rw-p 00000000 00:00 0 
7f7c4c021000-7f7c50000000 ---p 00000000 00:00 0 
7f7c50000000-7f7c50dd3000 rw-p 00000000 00:00 0 
7f7c50dd3000-7f7c54000000 ---p 00000000 00:00 0 
7f7c54000000-7f7c54021000 rw-p 00000000 00:00 0 
7f7c54021000-7f7c58000000 ---p 00000000 00:00 0 
7f7c58000000-7f7c58021000 rw-p 00000000 00:00 0 
7f7c58021000-7f7c5c000000 ---p 00000000 00:00 0 
7f7c5c000000-7f7c5c2d5000 rw-p 00000000 00:00 0 
7f7c5c2d5000-7f7c60000000 ---p 00000000 00:00 0 
7f7c60000000-7f7c60021000 rw-p 00000000 00:00 0 
7f7c60021000-7f7c64000000 ---p 00000000 00:00 0 
7f7c64000000-7f7c64021000 rw-p 00000000 00:00 0 
7f7c64021000-7f7c68000000 ---p 00000000 00:00 0 
7f7c68000000-7f7c6805d000 rw-p 00000000 00:00 0 
7f7c6805d000-7f7c6c000000 ---p 00000000 00:00 0 
7f7c6c000000-7f7c6c021000 rw-p 00000000 00:00 0 
7f7c6c021000-7f7c70000000 ---p 00000000 00:00 0 
7f7c70000000-7f7c70021000 rw-p 00000000 00:00 0 
7f7c70021000-7f7c74000000 ---p 00000000 00:00 0 
7f7c74000000-7f7c74021000 rw-p 00000000 00:00 0 
7f7c74021000-7f7c78000000 ---p 00000000 00:00 0 
7f7c78000000-7f7c78021000 rw-p 00000000 00:00 0 
7f7c78021000-7f7c7c000000 ---p 00000000 00:00 0 
7f7c7c000000-7f7c7c021000 rw-p 00000000 00:00 0 
7f7c7c021000-7f7c80000000 ---p 00000000 00:00 0 
7f7c80000000-7f7c800bd000 rw-p 00000000 00:00 0 
7f7c800bd000-7f7c84000000 ---p 00000000 00:00 0 
7f7c84016000-7f7c84216000 rw-p 00000000 00:00 0 
7f7c84216000-7f7c84219000 ---p 00000000 00:00 0 
7f7c84219000-7f7c84517000 rw-p 00000000 00:00 0 
7f7c84517000-7f7c8451a000 ---p 00000000 00:00 0 
7f7c8451a000-7f7c84818000 rw-p 00000000 00:00 0                          [stack:13687]
7f7c84818000-7f7c8481b000 ---p 00000000 00:00 0 
7f7c8481b000-7f7c84b19000 rw-p 00000000 00:00 0 
7f7c84b19000-7f7c84b1c000 ---p 00000000 00:00 0 
7f7c84b1c000-7f7c84e1a000 rw-p 00000000 00:00 0 
7f7c84e1a000-7f7c8501a000 rw-p 00000000 00:00 0 
7f7c8521c000-7f7c8521f000 ---p 00000000 00:00 0 
7f7c8521f000-7f7c8531d000 rw-p 00000000 00:00 0 
7f7c8531d000-7f7c85320000 ---p 00000000 00:00 0 
7f7c85320000-7f7c8541e000 rw-p 00000000 00:00 0                          [stack:13605]
7f7c8541e000-7f7c85421000 ---p 00000000 00:00 0 
7f7c85421000-7f7c8551f000 rw-p 00000000 00:00 0 
7f7c8551f000-7f7c85522000 ---p 00000000 00:00 0 
7f7c85522000-7f7c85620000 rw-p 00000000 00:00 0 
7f7c85634000-7f7c8563b000 r--s 00000000 08:06 15863595                   /usr/lib/x86_64-linux-gnu/gconv/gconv-modules.cache
7f7c8563b000-7f7c8563d000 r--s 00003000 08:06 659380                     /usr/local/development/dev-7-7/Ignition/IgnitionWebApp/src/main/home/temp/sfc-gateway-api7246080381988386542.jar
7f7c8563d000-7f7c85640000 r--s 00019000 08:06 659379                     /usr/local/development/dev-7-7/Ignition/IgnitionWebApp/src/main/home/temp/sfc-gateway5920032771850815202.jar
7f7c85640000-7f7c85643000 r--s 00016000 08:06 659378                     /usr/local/development/dev-7-7/Ignition/IgnitionWebApp/src/main/home/temp/sfc-common7074603777355559137.jar
7f7c85643000-7f7c85647000 r--s 000be000 08:06 658862                     /usr/local/development/dev-7-7/Ignition/IgnitionWebApp/src/main/home/temp/vis-gateway5668232282210303073.jar
7f7c85647000-7f7c8564f000 r--s 0009e000 08:06 657755                     /usr/local/development/dev-7-7/Ignition/IgnitionWebApp/src/main/home/temp/secsgem-gateway3467370857576539575.jar
7f7c8564f000-7f7c8584f000 rw-p 00000000 00:00 0 
7f7c8584f000-7f7c85862000 r--s 00345000 08:06 20582253                   /usr/lib/jvm/jdk1.8.0_20/jre/lib/resources.jar
7f7c85862000-7f7c85a63000 rw-p 00000000 00:00 0 
7f7c85a63000-7f7c85a64000 r--s 00002000 08:06 658869                     /usr/local/development/dev-7-7/Ignition/IgnitionWebApp/src/main/home/temp/vis-common3674260532433021075.jar
7f7c85a64000-7f7c85a65000 r--s 00004000 08:06 658858                     /usr/local/development/dev-7-7/Ignition/IgnitionWebApp/src/main/home/temp/secsgem-shared5292590019658026645.jar
7f7c85a65000-7f7c85a66000 r--s 00000000 08:06 2365020                    /usr/local/development/dev-7-7/Ignition/IgnitionWebApp/target/ignition-webapp-7.7/WEB-INF/lib/xopc-common-2.7.2-20141104.213412-19.jar
7f7c85a66000-7f7c85a7e000 r--s 000f7000 08:06 2365016                    /usr/local/development/dev-7-7/Ignition/IgnitionWebApp/target/ignition-webapp-7.7/WEB-INF/lib/xopc-2.7.2-20141104.213433-19.jar
7f7c85a7e000-7f7c85a8b000 r--s 000a0000 08:06 2365222                    /usr/local/development/dev-7-7/Ignition/IgnitionWebApp/target/ignition-webapp-7.7/WEB-INF/lib/winpack-3.8.3.jar
7f7c85a8b000-7f7c85a95000 r--s 0005c000 08:06 2364945                    /usr/local/development/dev-7-7/Ignition/IgnitionWebApp/target/ignition-webapp-7.7/WEB-INF/lib/wicket-util-6.1.1.jar
7f7c85a95000-7f7c85a98000 r--s 00012000 08:06 2364946                    /usr/local/development/dev-7-7/Ignition/IgnitionWebApp/target/ignition-webapp-7.7/WEB-INF/lib/wicket-request-6.1.1.jar
7f7c85a98000-7f7c85aaa000 r--s 00138000 08:06 2364948                    /usr/local/development/dev-7-7/Ignition/IgnitionWebApp/target/ignition-webapp-7.7/WEB-INF/lib/wicket-extensions-6.1.1.jar
7f7c85aaa000-7f7c85aad000 r--s 00038000 08:06 2364947                    /usr/local/development/dev-7-7/Ignition/IgnitionWebApp/target/ignition-webapp-7.7/WEB-INF/lib/wicket-datetime-6.1.1.jar
7f7c85aad000-7f7c85ad0000 r--s 001a3000 08:06 2364944                    /usr/local/development/dev-7-7/Ignition/IgnitionWebApp/target/ignition-webapp-7.7/WEB-INF/lib/wicket-core-6.1.1.jar
7f7c85ad0000-7f7c85ad2000 r--s 0012e000 08:06 2365207                    /usr/local/development/dev-7-7/Ignition/IgnitionWebApp/target/ignition-webapp-7.7/WEB-INF/lib/voice-cmu-slt-hsmm-5.0.jar
7f7c85ad2000-7f7c85ad3000 r--s 00006000 08:06 2365022                    /usr/local/development/dev-7-7/Ignition/IgnitionWebApp/target/ignition-webapp-7.7/WEB-INF/lib/user-manual-module-1.7.0-20131026.004611-6.jar
7f7c85ad3000-7f7c85ad4000 r--s 00268000 08:06 2365208                    /usr/local/development/dev-7-7/Ignition/IgnitionWebApp/target/ignition-webapp-7.7/WEB-INF/lib/ttsengine-ivona-2.7.2-20141104.214148-19.jar
7f7c85ad4000-7f7c85ad7000 r--s 00017000 08:06 2365002                    /usr/local/development/dev-7-7/Ignition/IgnitionWebApp/target/ignition-webapp-7.7/WEB-INF/lib/timingframework-1.0.jar
7f7c85ad7000-7f7c85ad9000 r--s 00001000 08:06 2364734                    /usr/local/development/dev-7-7/Ignition/IgnitionWebApp/target/ignition-webapp-7.7/WEB-INF/lib/slf4j-log4j12-1.7.5.jar
7f7c85ad9000-7f7c85adb000 r--s 00005000 08:06 2364733                    /usr/local/development/dev-7-7/Ignition/IgnitionWebApp/target/ignition-webapp-7.7/WEB-INF/lib/slf4j-api-1.7.5.jar
7f7c85adb000-7f7c85ae5000 r--s 00061000 08:06 2365204                    /usr/local/development/dev-7-7/Ignition/IgnitionWebApp/target/ignition-webapp-7.7/WEB-INF/lib/sip-notification-2.7.2-20141104.214142-19.jar
7f7c85ae5000-7f7c85ae8000 r--s 0001f000 08:06 4198129                    /usr/local/development/dev-7-7/Ignition/IgnitionWebApp/target/ignition-webapp-7.7/WEB-INF/lib/simple-orm-7.7.2-SNAPSHOT.jar
7f7c85ae8000-7f7c85aea000 r--s 00003000 08:06 2365213                    /usr/local/development/dev-7-7/Ignition/IgnitionWebApp/target/ignition-webapp-7.7/WEB-INF/lib/sfc-gateway-api-1.7.1-SNAPSHOT.jar
7f7c85aea000-7f7c85aed000 r--s 00019000 08:06 2365212                    /usr/local/development/dev-7-7/Ignition/IgnitionWebApp/target/ignition-webapp-7.7/WEB-INF/lib/sfc-gateway-1.7.1-SNAPSHOT.jar
7f7c85aed000-7f7c85af0000 r--s 00016000 08:06 2365214                    /usr/local/development/dev-7-7/Ignition/IgnitionWebApp/target/ignition-webapp-7.7/WEB-INF/lib/sfc-common-1.7.1-SNAPSHOT.jar
7f7c85af0000-7f7c85af2000 r--s 0000f000 08:06 2365217                    /usr/local/development/dev-7-7/Ignition/IgnitionWebApp/target/ignition-webapp-7.7/WEB-INF/lib/serialio-8.7.0.jar
7f7c85af2000-7f7c85af4000 r--s 00028000 08:06 2365215                    /usr/local/development/dev-7-7/Ignition/IgnitionWebApp/target/ignition-webapp-7.7/WEB-INF/lib/serial-support-gateway-2.7.2-20141104.214033-19.jar
7f7c85af4000-7f7c85af6000 r--s 00002000 08:06 2365216                    /usr/local/development/dev-7-7/Ignition/IgnitionWebApp/target/ignition-webapp-7.7/WEB-INF/lib/serial-support-common-2.7.2-20141104.214027-19.jar
7f7c85af6000-7f7c85afb000 r--s 0003e000 08:06 2364955                    /usr/local/development/dev-7-7/Ignition/IgnitionWebApp/target/ignition-webapp-7.7/WEB-INF/lib/saaj-impl-1.3.jar
7f7c85afb000-7f7c85afd000 r--s 00003000 08:06 2364956                    /usr/local/development/dev-7-7/Ignition/IgnitionWebApp/target/ignition-webapp-7.7/WEB-INF/lib/saaj-api-1.3.jar
7f7c85afd000-7f7c85b07000 r--s 0005c000 08:06 2365219                    /usr/local/development/dev-7-7/Ignition/IgnitionWebApp/target/ignition-webapp-7.7/WEB-INF/lib/opccom-gateway-2.7.2-20141104.213642-1.jar
7f7c85b07000-7f7c85b08000 r--s 00001000 08:06 2365218                    /usr/local/development/dev-7-7/Ignition/IgnitionWebApp/target/ignition-webapp-7.7/WEB-INF/lib/opccom-common-2.7.2-20141104.213635-1.jar
7f7c85b08000-7f7c85b0d000 r--s 00086000 08:06 2365210                    /usr/local/development/dev-7-7/Ignition/IgnitionWebApp/target/ignition-webapp-7.7/WEB-INF/lib/mobile-gateway-2.7.2-20141104.213623-19.jar
7f7c85b0d000-7f7c85b0f000 r--s 00002000 08:06 2365211                    /usr/local/development/dev-7-7/Ignition/IgnitionWebApp/target/ignition-webapp-7.7/WEB-INF/lib/mobile-common-2.7.2-20141104.213605-19.jar
7f7c85b0f000-7f7c85b10000 r--s 00003000 08:06 2365006                    /usr/local/development/dev-7-7/Ignition/IgnitionWebApp/target/ignition-webapp-7.7/WEB-INF/lib/miglayout-swing-4.2.jar
7f7c85b10000-7f7c85b12000 r--s 0000f000 08:06 2365007                    /usr/local/development/dev-7-7/Ignition/IgnitionWebApp/target/ignition-webapp-7.7/WEB-INF/lib/miglayout-core-4.2.jar
7f7c85b12000-7f7c85b15000 r--s 00012000 08:06 2364935                    /usr/local/development/dev-7-7/Ignition/IgnitionWebApp/target/ignition-webapp-7.7/WEB-INF/lib/metrics-core-3.0.1.jar
7f7c85b15000-7f7c85b84000 r--s 007bb000 08:06 2365205                    /usr/local/development/dev-7-7/Ignition/IgnitionWebApp/target/ignition-webapp-7.7/WEB-INF/lib/marytts-server-5.0.jar
7f7c85b84000-7f7c85b87000 r--s 0069c000 08:06 2365206                    /usr/local/development/dev-7-7/Ignition/IgnitionWebApp/target/ignition-webapp-7.7/WEB-INF/lib/marytts-lang-en-5.0.jar
7f7c85b87000-7f7c85b8f000 r--s 00075000 08:06 2364951                    /usr/local/development/dev-7-7/Ignition/IgnitionWebApp/target/ignition-webapp-7.7/WEB-INF/lib/mail-1.4.5.jar
7f7c85b8f000-7f7c85b96000 r--s 00059000 08:06 2364732                    /usr/local/development/dev-7-7/Ignition/IgnitionWebApp/target/ignition-webapp-7.7/WEB-INF/lib/log4j-1.2.15.jar
7f7c85b96000-7f7c85c33000 r--s 0082e000 08:06 2364728                    /usr/local/development/dev-7-7/Ignition/IgnitionWebApp/target/ignition-webapp-7.7/WEB-INF/lib/jython-2.5.3-guava-upgrade.jar
7f7c85c33000-7f7c85c34000 r--s 00001000 08:06 2364765                    /usr/local/development/dev-7-7/Ignition/IgnitionWebApp/target/ignition-webapp-7.7/WEB-INF/lib/jul-to-slf4j-1.7.5.jar
7f7c85c34000-7f7c85c3a000 r--s 00036000 08:06 2364949                    /usr/local/development/dev-7-7/Ignition/IgnitionWebApp/target/ignition-webapp-7.7/WEB-INF/lib/jquery-ui-core-6.1.0.jar
7f7c85c3a000-7f7c85c49000 r--s 0007c000 08:06 2364936                    /usr/local/development/dev-7-7/Ignition/IgnitionWebApp/target/ignition-webapp-7.7/WEB-INF/lib/joda-time-2.0.jar
7f7c85c49000-7f7c85c4d000 r--s 00037000 08:06 2365221                    /usr/local/development/dev-7-7/Ignition/IgnitionWebApp/target/ignition-webapp-7.7/WEB-INF/lib/jniwrap-3.8.3.jar
7f7c85c4d000-7f7c85c4f000 r--s 00011000 08:06 2365015                    /usr/local/development/dev-7-7/Ignition/IgnitionWebApp/target/ignition-webapp-7.7/WEB-INF/lib/jide-shortcut-3.5.13.jar
7f7c85c4f000-7f7c85c53000 r--s 00022000 08:06 2365010                    /usr/local/development/dev-7-7/Ignition/IgnitionWebApp/target/ignition-webapp-7.7/WEB-INF/lib/jide-plaf-3.5.13.jar
7f7c85c53000-7f7c85c79000 r--s 001da000 08:06 2365009                    /usr/local/development/dev-7-7/Ignition/IgnitionWebApp/target/ignition-webapp-7.7/WEB-INF/lib/jide-grids-3.5.13.jar
7f7c85c79000-7f7c85c83000 r--s 00061000 08:06 2365014                    /usr/local/development/dev-7-7/Ignition/IgnitionWebApp/target/ignition-webapp-7.7/WEB-INF/lib/jide-editor-3.5.13.jar
7f7c85c83000-7f7c85c89000 r--s 0004f000 08:06 2365013                    /usr/local/development/dev-7-7/Ignition/IgnitionWebApp/target/ignition-webapp-7.7/WEB-INF/lib/jide-dock-3.5.13.jar
7f7c85c89000-7f7c85c8b000 r--s 0000c000 08:06 2365012                    /usr/local/development/dev-7-7/Ignition/IgnitionWebApp/target/ignition-webapp-7.7/WEB-INF/lib/jide-dialogs-3.5.13.jar
7f7c85c8b000-7f7c85c93000 r--s 00055000 08:06 2365008                    /usr/local/development/dev-7-7/Ignition/IgnitionWebApp/target/ignition-webapp-7.7/WEB-INF/lib/jide-components-3.5.13.jar
7f7c85c93000-7f7c85cb0000 r--s 00155000 08:06 2364766                    /usr/local/development/dev-7-7/Ignition/IgnitionWebApp/target/ignition-webapp-7.7/WEB-INF/lib/jide-common-3.5.13.jar
7f7c85cb0000-7f7c85cb5000 r--s 0002f000 08:06 2365011                    /usr/local/development/dev-7-7/Ignition/IgnitionWebApp/target/ignition-webapp-7.7/WEB-INF/lib/jide-action-3.5.13.jar
7f7c85cb5000-7f7c85cc9000 r--s 0017c000 08:06 2365004                    /usr/local/development/dev-7-7/Ignition/IgnitionWebApp/target/ignition-webapp-7.7/WEB-INF/lib/jfreechart-min-1.0.0.jar
7f7c85cc9000-7f7c85ccb000 r--s 00004000 08:06 2364991                    /usr/local/development/dev-7-7/Ignition/IgnitionWebApp/target/ignition-webapp-7.7/WEB-INF/lib/jaxrpc-spi-1.1.3_01.jar
7f7c85ccb000-7f7c85ce8000 r--s 001ea000 08:06 2364953                    /usr/local/development/dev-7-7/Ignition/IgnitionWebApp/target/ignition-webapp-7.7/WEB-INF/lib/jaxrpc-impl-1.1.3_01.jar
7f7c85ce8000-7f7c85cea000 r--s 00005000 08:06 2364954                    /usr/local/development/dev-7-7/Ignition/IgnitionWebApp/target/ignition-webapp-7.7/WEB-INF/lib/jaxrpc-api-1.1.jar
7f7c85cea000-7f7c85cec000 r--s 00013000 08:06 2364730                    /usr/local/development/dev-7-7/Ignition/IgnitionWebApp/target/ignition-webapp-7.7/WEB-INF/lib/java-cup-10k.jar
7f7c85cec000-7f7c85ced000 r--s 00003000 08:06 2365209                    /usr/local/development/dev-7-7/Ignition/IgnitionWebApp/target/ignition-webapp-7.7/WEB-INF/lib/ivonatts-1.0.0.jar
7f7c85ced000-7f7c85cef000 r--s 00001000 08:06 2365019                    /usr/local/development/dev-7-7/Ignition/IgnitionWebApp/target/ignition-webapp-7.7/WEB-INF/lib/io-session-3.0.0-20130122.214435-9.jar
7f7c85cef000-7f7c85cfa000 r--s 00073000 08:06 2365018                    /usr/local/development/dev-7-7/Ignition/IgnitionWebApp/target/ignition-webapp-7.7/WEB-INF/lib/ia-opcua-2.7.2-20141104.213404-19.jar
7f7c85cfa000-7f7c85d08000 r--s 0014e000 08:06 2364950                    /usr/local/development/dev-7-7/Ignition/IgnitionWebApp/target/ignition-webapp-7.7/WEB-INF/lib/hsqldb-2.2.9.jar
7f7c85d08000-7f7c85d09000 r--s 00001000 08:06 2365000                    /usr/local/development/dev-7-7/Ignition/IgnitionWebApp/target/ignition-webapp-7.7/WEB-INF/lib/hasp-srm-api-1.0.0.jar
7f7c85d09000-7f7c85d2d000 r--s 001aa000 08:06 2364726                    /usr/local/development/dev-7-7/Ignition/IgnitionWebApp/target/ignition-webapp-7.7/WEB-INF/lib/guava-13.0.1.jar
7f7c85d2d000-7f7c85d52000 r--s 00155000 08:06 4198528                    /usr/local/development/dev-7-7/Ignition/IgnitionWebApp/target/ignition-webapp-7.7/WEB-INF/lib/gateway-api-7.7.2-SNAPSHOT.jar
7f7c85d52000-7f7c85d87000 r--s 00273000 08:06 4198535                    /usr/local/development/dev-7-7/Ignition/IgnitionWebApp/target/ignition-webapp-7.7/WEB-INF/lib/gateway-7.7.2-SNAPSHOT.jar
7f7c85d87000-7f7c85d8b000 r--s 00016000 08:06 2365023                    /usr/local/development/dev-7-7/Ignition/IgnitionWebApp/target/ignition-webapp-7.7/WEB-INF/lib/fsql-common-6.7.2-20141104.213458-19.jar
7f7c85d8b000-7f7c85d93000 r--s 001ca000 08:06 2365024                    /usr/local/development/dev-7-7/Ignition/IgnitionWebApp/target/ignition-webapp-7.7/WEB-INF/lib/fsql-6.7.2-20141104.213508-19.jar
7f7c85d93000-7f7c85d97000 r--s 000be000 08:06 4198527                    /usr/local/development/dev-7-7/Ignition/IgnitionWebApp/target/ignition-webapp-7.7/WEB-INF/lib/fpmi-gateway-7.7.2-SNAPSHOT.jar
7f7c85d97000-7f7c85d9a000 r--s 00013000 08:06 2365003                    /usr/local/development/dev-7-7/Ignition/IgnitionWebApp/target/ignition-webapp-7.7/WEB-INF/lib/forms-1.0.7.jar
7f7c85d9a000-7f7c85d9c000 r--s 00003000 08:06 2365021                    /usr/local/development/dev-7-7/Ignition/IgnitionWebApp/target/ignition-webapp-7.7/WEB-INF/lib/drivers-common-2.7.2-20141104.213438-19.jar
7f7c85d9c000-7f7c85da3000 r--s 0002f000 08:06 2365017                    /usr/local/development/dev-7-7/Ignition/IgnitionWebApp/target/ignition-webapp-7.7/WEB-INF/lib/driver-api-2.7.2-20141104.213410-19.jar
7f7c85da3000-7f7c85df9000 r--s 00512000 08:06 4198523                    /usr/local/development/dev-7-7/Ignition/IgnitionWebApp/target/ignition-webapp-7.7/WEB-INF/lib/designer-7.7.2-SNAPSHOT.jar
7f7c85df9000-7f7c85dfb000 r--s 00007000 08:06 2364731                    /usr/local/development/dev-7-7/Ignition/IgnitionWebApp/target/ignition-webapp-7.7/WEB-INF/lib/cron4j-2.2.3.jar
7f7c85dfb000-7f7c85e02000 r--s 00054000 08:06 2364729                    /usr/local/development/dev-7-7/Ignition/IgnitionWebApp/target/ignition-webapp-7.7/WEB-INF/lib/core-1.7.jar
7f7c85e02000-7f7c85e05000 r--s 00013000 08:06 2364999                    /usr/local/development/dev-7-7/Ignition/IgnitionWebApp/target/ignition-webapp-7.7/WEB-INF/lib/commons-pool-1.4.jar
7f7c85e05000-7f7c85e0b000 r--s 00048000 08:06 2364723                    /usr/local/development/dev-7-7/Ignition/IgnitionWebApp/target/ignition-webapp-7.7/WEB-INF/lib/commons-lang3-3.1.jar
7f7c85e0b000-7f7c85e0e000 ---p 00000000 00:00 0 
7f7c85e0e000-7f7c8610c000 rw-p 00000000 00:00 0 
7f7c8610c000-7f7c8610f000 ---p 00000000 00:00 0 
7f7c8610f000-7f7c8620d000 rw-p 00000000 00:00 0                          [stack:13591]
7f7c8620d000-7f7c86210000 ---p 00000000 00:00 0 
7f7c86210000-7f7c8630e000 rw-p 00000000 00:00 0                          [stack:13590]
7f7c8630e000-7f7c86311000 ---p 00000000 00:00 0 
7f7c86311000-7f7c8640f000 rw-p 00000000 00:00 0                          [stack:13589]
7f7c8640f000-7f7c86412000 ---p 00000000 00:00 0 
7f7c86412000-7f7c86510000 rw-p 00000000 00:00 0                          [stack:13588]
7f7c86510000-7f7c86513000 ---p 00000000 00:00 0 
7f7c86513000-7f7c86611000 rw-p 00000000 00:00 0                          [stack:13587]
7f7c86611000-7f7c86614000 ---p 00000000 00:00 0 
7f7c86614000-7f7c86712000 rw-p 00000000 00:00 0                          [stack:13586]
7f7c86712000-7f7c86715000 ---p 00000000 00:00 0 
7f7c86715000-7f7c86813000 rw-p 00000000 00:00 0 
7f7c86813000-7f7c86829000 r-xp 00000000 08:06 15602357                   /lib/x86_64-linux-gnu/libgcc_s.so.1
7f7c86829000-7f7c86a28000 ---p 00016000 08:06 15602357                   /lib/x86_64-linux-gnu/libgcc_s.so.1
7f7c86a28000-7f7c86a29000 rw-p 00015000 08:06 15602357                   /lib/x86_64-linux-gnu/libgcc_s.so.1
7f7c86a29000-7f7c86a5b000 r-xp 00000000 08:06 20582265                   /usr/lib/jvm/jdk1.8.0_20/jre/lib/amd64/libsunec.so
7f7c86a5b000-7f7c86c5a000 ---p 00032000 08:06 20582265                   /usr/lib/jvm/jdk1.8.0_20/jre/lib/amd64/libsunec.so
7f7c86c5a000-7f7c86c60000 rw-p 00031000 08:06 20582265                   /usr/lib/jvm/jdk1.8.0_20/jre/lib/amd64/libsunec.so
7f7c86c60000-7f7c86e70000 rw-p 00000000 00:00 0 
7f7c86e70000-7f7c86e75000 r-xp 00000000 08:06 15211194                   /usr/lib/x86_64-linux-gnu/libXdmcp.so.6.0.0
7f7c86e75000-7f7c87074000 ---p 00005000 08:06 15211194                   /usr/lib/x86_64-linux-gnu/libXdmcp.so.6.0.0
7f7c87074000-7f7c87075000 r--p 00004000 08:06 15211194                   /usr/lib/x86_64-linux-gnu/libXdmcp.so.6.0.0
7f7c87075000-7f7c87076000 rw-p 00005000 08:06 15211194                   /usr/lib/x86_64-linux-gnu/libXdmcp.so.6.0.0
7f7c87076000-7f7c87078000 r-xp 00000000 08:06 15211183                   /usr/lib/x86_64-linux-gnu/libXau.so.6.0.0
7f7c87078000-7f7c87278000 ---p 00002000 08:06 15211183                   /usr/lib/x86_64-linux-gnu/libXau.so.6.0.0
7f7c87278000-7f7c87279000 r--p 00002000 08:06 15211183                   /usr/lib/x86_64-linux-gnu/libXau.so.6.0.0
7f7c87279000-7f7c8727a000 rw-p 00003000 08:06 15211183                   /usr/lib/x86_64-linux-gnu/libXau.so.6.0.0
7f7c8727a000-7f7c87297000 r-xp 00000000 08:06 15212358                   /usr/lib/x86_64-linux-gnu/libxcb.so.1.1.0
7f7c87297000-7f7c87497000 ---p 0001d000 08:06 15212358                   /usr/lib/x86_64-linux-gnu/libxcb.so.1.1.0
7f7c87497000-7f7c87498000 r--p 0001d000 08:06 15212358                   /usr/lib/x86_64-linux-gnu/libxcb.so.1.1.0
7f7c87498000-7f7c87499000 rw-p 0001e000 08:06 15212358                   /usr/lib/x86_64-linux-gnu/libxcb.so.1.1.0
7f7c87499000-7f7c874a8000 r-xp 00000000 08:06 15211204                   /usr/lib/x86_64-linux-gnu/libXi.so.6.1.0
7f7c874a8000-7f7c876a7000 ---p 0000f000 08:06 15211204                   /usr/lib/x86_64-linux-gnu/libXi.so.6.1.0
7f7c876a7000-7f7c876a8000 r--p 0000e000 08:06 15211204                   /usr/lib/x86_64-linux-gnu/libXi.so.6.1.0
7f7c876a8000-7f7c876a9000 rw-p 0000f000 08:06 15211204                   /usr/lib/x86_64-linux-gnu/libXi.so.6.1.0
7f7c876a9000-7f7c876ae000 r-xp 00000000 08:06 15211222                   /usr/lib/x86_64-linux-gnu/libXtst.so.6.1.0
7f7c876ae000-7f7c878ad000 ---p 00005000 08:06 15211222                   /usr/lib/x86_64-linux-gnu/libXtst.so.6.1.0
7f7c878ad000-7f7c878ae000 r--p 00004000 08:06 15211222                   /usr/lib/x86_64-linux-gnu/libXtst.so.6.1.0
7f7c878ae000-7f7c878af000 rw-p 00005000 08:06 15211222                   /usr/lib/x86_64-linux-gnu/libXtst.so.6.1.0
7f7c878af000-7f7c878b8000 r-xp 00000000 08:06 15211216                   /usr/lib/x86_64-linux-gnu/libXrender.so.1.3.0
7f7c878b8000-7f7c87ab7000 ---p 00009000 08:06 15211216                   /usr/lib/x86_64-linux-gnu/libXrender.so.1.3.0
7f7c87ab7000-7f7c87ab8000 r--p 00008000 08:06 15211216                   /usr/lib/x86_64-linux-gnu/libXrender.so.1.3.0
7f7c87ab8000-7f7c87ab9000 rw-p 00009000 08:06 15211216                   /usr/lib/x86_64-linux-gnu/libXrender.so.1.3.0
7f7c87ab9000-7f7c87be9000 r-xp 00000000 08:06 15211179                   /usr/lib/x86_64-linux-gnu/libX11.so.6.3.0
7f7c87be9000-7f7c87de9000 ---p 00130000 08:06 15211179                   /usr/lib/x86_64-linux-gnu/libX11.so.6.3.0
7f7c87de9000-7f7c87dea000 r--p 00130000 08:06 15211179                   /usr/lib/x86_64-linux-gnu/libX11.so.6.3.0
7f7c87dea000-7f7c87dee000 rw-p 00131000 08:06 15211179                   /usr/lib/x86_64-linux-gnu/libX11.so.6.3.0
7f7c87dee000-7f7c87dff000 r-xp 00000000 08:06 15211196                   /usr/lib/x86_64-linux-gnu/libXext.so.6.4.0
7f7c87dff000-7f7c87ffe000 ---p 00011000 08:06 15211196                   /usr/lib/x86_64-linux-gnu/libXext.so.6.4.0
7f7c87ffe000-7f7c87fff000 r--p 00010000 08:06 15211196                   /usr/lib/x86_64-linux-gnu/libXext.so.6.4.0
7f7c87fff000-7f7c88000000 rw-p 00011000 08:06 15211196                   /usr/lib/x86_64-linux-gnu/libXext.so.6.4.0
7f7c88000000-7f7c88021000 rw-p 00000000 00:00 0 
7f7c88021000-7f7c8c000000 ---p 00000000 00:00 0 
7f7c8c000000-7f7c8c021000 rw-p 00000000 00:00 0 
7f7c8c021000-7f7c90000000 ---p 00000000 00:00 0 
7f7c90000000-7f7c90021000 rw-p 00000000 00:00 0 
7f7c90021000-7f7c94000000 ---p 00000000 00:00 0 
7f7c94000000-7f7c94689000 rw-p 00000000 00:00 0 
7f7c94689000-7f7c98000000 ---p 00000000 00:00 0 
7f7c98000000-7f7c98021000 rw-p 00000000 00:00 0 
7f7c98021000-7f7c9c000000 ---p 00000000 00:00 0 
7f7c9c000000-7f7c9c028000 rw-p 00000000 00:00 0 
7f7c9c028000-7f7ca0000000 ---p 00000000 00:00 0 
7f7ca0000000-7f7ca0021000 rw-p 00000000 00:00 0 
7f7ca0021000-7f7ca4000000 ---p 00000000 00:00 0 
7f7ca4000000-7f7ca4021000 rw-p 00000000 00:00 0 
7f7ca4021000-7f7ca8000000 ---p 00000000 00:00 0 
7f7ca8000000-7f7ca8021000 rw-p 00000000 00:00 0 
7f7ca8021000-7f7cac000000 ---p 00000000 00:00 0 
7f7cac000000-7f7cac021000 rw-p 00000000 00:00 0 
7f7cac021000-7f7cb0000000 ---p 00000000 00:00 0 
7f7cb0000000-7f7cb11ca000 rw-p 00000000 00:00 0 
7f7cb11ca000-7f7cb4000000 ---p 00000000 00:00 0 
7f7cb4000000-7f7cb49e0000 rw-p 00000000 00:00 0 
7f7cb49e0000-7f7cb8000000 ---p 00000000 00:00 0 
7f7cb8000000-7f7cba073000 rw-p 00000000 00:00 0 
7f7cba073000-7f7cbc000000 ---p 00000000 00:00 0 
7f7cbc000000-7f7cbe410000 rw-p 00000000 00:00 0 
7f7cbe410000-7f7cc0000000 ---p 00000000 00:00 0 
7f7cc0000000-7f7cc00bc000 rw-p 00000000 00:00 0 
7f7cc00bc000-7f7cc4000000 ---p 00000000 00:00 0 
7f7cc4000000-7f7cc4021000 rw-p 00000000 00:00 0 
7f7cc4021000-7f7cc8000000 ---p 00000000 00:00 0 
7f7cc8000000-7f7cc8021000 rw-p 00000000 00:00 0 
7f7cc8021000-7f7ccc000000 ---p 00000000 00:00 0 
7f7ccc000000-7f7ccc021000 rw-p 00000000 00:00 0 
7f7ccc021000-7f7cd0000000 ---p 00000000 00:00 0 
7f7cd0000000-7f7cd0021000 rw-p 00000000 00:00 0 
7f7cd0021000-7f7cd4000000 ---p 00000000 00:00 0 
7f7cd4000000-7f7cd4042000 rw-p 00000000 00:00 0 
7f7cd4042000-7f7cd8000000 ---p 00000000 00:00 0 
7f7cd8000000-7f7cd81f4000 rw-p 00000000 00:00 0 
7f7cd81f4000-7f7cdc000000 ---p 00000000 00:00 0 
7f7cdc000000-7f7cdc001000 r--s 00001000 08:06 4198522                    /usr/local/development/dev-7-7/Ignition/IgnitionWebApp/target/ignition-webapp-7.7/WEB-INF/lib/fpmi-common-7.7.2-SNAPSHOT.jar
7f7cdc001000-7f7cdc003000 r--s 0000d000 08:06 2364941                    /usr/local/development/dev-7-7/Ignition/IgnitionWebApp/target/ignition-webapp-7.7/WEB-INF/lib/commons-logging-1.1.1.jar
7f7cdc003000-7f7cdc005000 r--s 0000e000 08:06 2364942                    /usr/local/development/dev-7-7/Ignition/IgnitionWebApp/target/ignition-webapp-7.7/WEB-INF/lib/commons-lang-1.0.jar
7f7cdc005000-7f7cdc008000 r--s 00025000 08:06 2364722                    /usr/local/development/dev-7-7/Ignition/IgnitionWebApp/target/ignition-webapp-7.7/WEB-INF/lib/commons-io-2.1.jar
7f7cdc008000-7f7cdc00b000 r--s 0000f000 08:06 2364997                    /usr/local/development/dev-7-7/Ignition/IgnitionWebApp/target/ignition-webapp-7.7/WEB-INF/lib/commons-discovery-0.2.jar
7f7cdc00b000-7f7cdc00d000 r--s 0001c000 08:06 2364998                    /usr/local/development/dev-7-7/Ignition/IgnitionWebApp/target/ignition-webapp-7.7/WEB-INF/lib/commons-dbcp-1.2.2.jar
7f7cdc00d000-7f7cdc00f000 r--s 00006000 08:06 2364940                    /usr/local/development/dev-7-7/Ignition/IgnitionWebApp/target/ignition-webapp-7.7/WEB-INF/lib/commons-cli-1.0.jar
7f7cdc00f000-7f7cdc040000 r--s 001ea000 08:06 4198525                    /usr/local/development/dev-7-7/Ignition/IgnitionWebApp/target/ignition-webapp-7.7/WEB-INF/lib/common-7.7.2-SNAPSHOT.jar
7f7cdc040000-7f7cdc04d000 r--s 00084000 08:06 2365220                    /usr/local/development/dev-7-7/Ignition/IgnitionWebApp/target/ignition-webapp-7.7/WEB-INF/lib/comfyj-2.9.jar
7f7cdc04d000-7f7cdc052000 r--s 00030000 08:06 4198524                    /usr/local/development/dev-7-7/Ignition/IgnitionWebApp/target/ignition-webapp-7.7/WEB-INF/lib/client-bootstrap-7.7.2-SNAPSHOT.jar
7f7cdc052000-7f7cdc078000 r--s 001be000 08:06 4198529                    /usr/local/development/dev-7-7/Ignition/IgnitionWebApp/target/ignition-webapp-7.7/WEB-INF/lib/client-api-7.7.2-SNAPSHOT.jar
7f7cdc078000-7f7cdc079000 r--s 00004000 08:06 4198536                    /usr/local/development/dev-7-7/Ignition/IgnitionWebApp/target/ignition-webapp-7.7/WEB-INF/lib/bootstrap-7.7.2-SNAPSHOT-classes.jar
7f7cdc079000-7f7cdc0a1000 r--s 00196000 08:06 2364727                    /usr/local/development/dev-7-7/Ignition/IgnitionWebApp/target/ignition-webapp-7.7/WEB-INF/lib/bcprov-jdk16-unsigned-1.46-unsigned.jar
7f7cdc0a1000-7f7cdc0a6000 r--s 0003e000 08:06 2364938                    /usr/local/development/dev-7-7/Ignition/IgnitionWebApp/target/ignition-webapp-7.7/WEB-INF/lib/barcode4j-2.1.jar
7f7cdc0a6000-7f7cdc0a9000 r--s 0001c000 08:06 2364996                    /usr/local/development/dev-7-7/Ignition/IgnitionWebApp/target/ignition-webapp-7.7/WEB-INF/lib/axis-wsdl4j-1.5.1.jar
7f7cdc0a9000-7f7cdc0ab000 r--s 00006000 08:06 2364994                    /usr/local/development/dev-7-7/Ignition/IgnitionWebApp/target/ignition-webapp-7.7/WEB-INF/lib/axis-jaxrpc-1.4.jar
7f7cdc0ab000-7f7cdc0bf000 r--s 00173000 08:06 2364993                    /usr/local/development/dev-7-7/Ignition/IgnitionWebApp/target/ignition-webapp-7.7/WEB-INF/lib/axis-1.4.jar
7f7cdc0bf000-7f7cdc0c1000 r--s 0000d000 08:06 2364939                    /usr/local/development/dev-7-7/Ignition/IgnitionWebApp/target/ignition-webapp-7.7/WEB-INF/lib/avalon-framework-impl-4.2.0.jar
7f7cdc0c1000-7f7cdc0c9000 r--s 00049000 08:06 2365005                    /usr/local/development/dev-7-7/Ignition/IgnitionWebApp/target/ignition-webapp-7.7/WEB-INF/lib/alloy-1.4.4.ia1.jar
7f7cdc0c9000-7f7cdc0cb000 r--s 00003000 08:06 2365026                    /usr/local/development/dev-7-7/Ignition/IgnitionWebApp/target/ignition-webapp-7.7/WEB-INF/lib/alarm-notification-gateway-api-2.7.2-20141104.214105-19.jar
7f7cdc0cb000-7f7cdc0d1000 r--s 00032000 08:06 2365025                    /usr/local/development/dev-7-7/Ignition/IgnitionWebApp/target/ignition-webapp-7.7/WEB-INF/lib/alarm-notification-gateway-2.7.2-20141104.214111-19.jar
7f7cdc0d1000-7f7cdc0d3000 r--s 00004000 08:06 2365027                    /usr/local/development/dev-7-7/Ignition/IgnitionWebApp/target/ignition-webapp-7.7/WEB-INF/lib/alarm-notification-common-2.7.2-20141104.214053-19.jar
7f7cdc0d3000-7f7cdc0dd000 r--s 00036000 08:06 2365203                    /usr/local/development/dev-7-7/Ignition/IgnitionWebApp/target/ignition-webapp-7.7/WEB-INF/lib/airlink-sms-notification-2.7.2-20141104.214125-19.jar
7f7cdc0dd000-7f7cdc0df000 r--s 0000d000 08:06 2365001                    /usr/local/development/dev-7-7/Ignition/IgnitionWebApp/target/ignition-webapp-7.7/WEB-INF/lib/activation-ws-1.0.0.jar
7f7cdc0df000-7f7cdc0e8000 r--s 00069000 08:06 2365223                    /usr/local/development/dev-7-7/Ignition/IgnitionWebApp/target/ignition-webapp-7.7/WEB-INF/lib/ab-drivers-1.7.0-20131026.004154-8.jar
7f7cdc0e8000-7f7cdc0ed000 r--s 0003c000 08:06 2364992                    /usr/local/development/dev-7-7/Ignition/IgnitionWebApp/target/ignition-webapp-7.7/WEB-INF/lib/FastInfoset-1.0.2.jar
7f7cdc0ed000-7f7cdc0f2000 r--s 002f8000 08:06 20582247                   /usr/lib/jvm/jdk1.8.0_20/jre/lib/charsets.jar
7f7cdc0f2000-7f7cdc0f7000 r--s 0003f000 08:06 1185790                    /usr/lib/jvm/jdk1.8.0_20/jre/lib/ext/sunjce_provider.jar
7f7cdc0f7000-7f7cdc14b000 r-xp 00000000 08:06 20582307                   /usr/lib/jvm/jdk1.8.0_20/jre/lib/amd64/libawt_xawt.so
7f7cdc14b000-7f7cdc34b000 ---p 00054000 08:06 20582307                   /usr/lib/jvm/jdk1.8.0_20/jre/lib/amd64/libawt_xawt.so
7f7cdc34b000-7f7cdc34f000 rw-p 00054000 08:06 20582307                   /usr/lib/jvm/jdk1.8.0_20/jre/lib/amd64/libawt_xawt.so
7f7cdc34f000-7f7ce4000000 rw-p 00000000 00:00 0 
7f7ce4000000-7f7ce4021000 rw-p 00000000 00:00 0 
7f7ce4021000-7f7ce8000000 ---p 00000000 00:00 0 
7f7ce8000000-7f7ce8001000 r--s 00004000 08:06 2364995                    /usr/local/development/dev-7-7/Ignition/IgnitionWebApp/target/ignition-webapp-7.7/WEB-INF/lib/axis-saaj-1.4.jar
7f7ce8001000-7f7ce8003000 r--s 0000e000 08:06 2364952                    /usr/local/development/dev-7-7/Ignition/IgnitionWebApp/target/ignition-webapp-7.7/WEB-INF/lib/activation-1.1.jar
7f7ce8003000-7f7ce8006000 r--s 0003a000 08:06 1185787                    /usr/lib/jvm/jdk1.8.0_20/jre/lib/ext/sunpkcs11.jar
7f7ce8006000-7f7ce8008000 r--s 0001a000 08:06 20582317                   /usr/lib/jvm/jdk1.8.0_20/jre/lib/jce.jar
7f7ce8008000-7f7ce80aa000 r-xp 00000000 08:06 20582293                   /usr/lib/jvm/jdk1.8.0_20/jre/lib/amd64/libawt.so
7f7ce80aa000-7f7ce82aa000 ---p 000a2000 08:06 20582293                   /usr/lib/jvm/jdk1.8.0_20/jre/lib/amd64/libawt.so
7f7ce82aa000-7f7ce82b6000 rw-p 000a2000 08:06 20582293                   /usr/lib/jvm/jdk1.8.0_20/jre/lib/amd64/libawt.so
7f7ce82b6000-7f7ce82da000 rw-p 00000000 00:00 0 
7f7ce82da000-7f7ce82dd000 ---p 00000000 00:00 0 
7f7ce82dd000-7f7ce83db000 rw-p 00000000 00:00 0                          [stack:13582]
7f7ce83db000-7f7ce83de000 ---p 00000000 00:00 0 
7f7ce83de000-7f7ce84dc000 rw-p 00000000 00:00 0                          [stack:13584]
7f7ce84dc000-7f7ce84df000 ---p 00000000 00:00 0 
7f7ce84df000-7f7ce85dd000 rw-p 00000000 00:00 0 
7f7ce85dd000-7f7ce85e0000 ---p 00000000 00:00 0 
7f7ce85e0000-7f7ce86de000 rw-p 00000000 00:00 0                          [stack:13579]
7f7ce86de000-7f7ce86e1000 ---p 00000000 00:00 0 
7f7ce86e1000-7f7ce87df000 rw-p 00000000 00:00 0 
7f7ce87df000-7f7ce87e9000 r--s 00116000 08:06 1185789                    /usr/lib/jvm/jdk1.8.0_20/jre/lib/ext/localedata.jar
7f7ce87e9000-7f7ce8805000 r--s 00393000 08:06 1185783                    /usr/lib/jvm/jdk1.8.0_20/jre/lib/ext/cldrdata.jar
7f7ce8805000-7f7ce8a05000 rw-p 00000000 00:00 0 
7f7ce8a05000-7f7ce8a08000 r--s 0000f000 08:06 19532219                   /usr/local/development/dev-7-6/Ignition/Servers/apache-tomcat-6.0.36/lib/tomcat-i18n-es.jar
7f7ce8a08000-7f7ce8a0c000 r--s 0003a000 08:06 19532218                   /usr/local/development/dev-7-6/Ignition/Servers/apache-tomcat-6.0.36/lib/tomcat-dbcp.jar
7f7ce8a0c000-7f7ce8a1c000 r--s 0019c000 08:06 19532210                   /usr/local/development/dev-7-6/Ignition/Servers/apache-tomcat-6.0.36/lib/ecj-3.7.2.jar
7f7ce8a1c000-7f7ce8a23000 r--s 000c7000 08:06 19532215                   /usr/local/development/dev-7-6/Ignition/Servers/apache-tomcat-6.0.36/lib/mysql-connector-java-5.1.23-bin.jar
7f7ce8a23000-7f7ce8a33000 r--s 00120000 08:06 19532209                   /usr/local/development/dev-7-6/Ignition/Servers/apache-tomcat-6.0.36/lib/catalina.jar
7f7ce8a33000-7f7ce8a37000 r--s 00036000 08:06 19532208                   /usr/local/development/dev-7-6/Ignition/Servers/apache-tomcat-6.0.36/lib/catalina-tribes.jar
7f7ce8a37000-7f7ce8a38000 ---p 00000000 00:00 0 
7f7ce8a38000-7f7ce8b38000 rw-p 00000000 00:00 0                          [stack:13575]
7f7ce8b38000-7f7ce8b3b000 ---p 00000000 00:00 0 
7f7ce8b3b000-7f7ce8c39000 rw-p 00000000 00:00 0                          [stack:13574]
7f7ce8c39000-7f7ce8c3c000 ---p 00000000 00:00 0 
7f7ce8c3c000-7f7ce8d3a000 rw-p 00000000 00:00 0                          [stack:13573]
7f7ce8d3a000-7f7ce8d3d000 ---p 00000000 00:00 0 
7f7ce8d3d000-7f7ce8e3b000 rw-p 00000000 00:00 0                          [stack:13572]
7f7ce8e3b000-7f7ce8e4c000 r-xp 00000000 08:06 20582303                   /usr/lib/jvm/jdk1.8.0_20/jre/lib/amd64/libnio.so
7f7ce8e4c000-7f7ce904b000 ---p 00011000 08:06 20582303                   /usr/lib/jvm/jdk1.8.0_20/jre/lib/amd64/libnio.so
7f7ce904b000-7f7ce904c000 rw-p 00010000 08:06 20582303                   /usr/lib/jvm/jdk1.8.0_20/jre/lib/amd64/libnio.so
7f7ce904c000-7f7ce907d000 rw-p 00000000 00:00 0 
7f7ce907d000-7f7ce9093000 r-xp 00000000 08:06 20582300                   /usr/lib/jvm/jdk1.8.0_20/jre/lib/amd64/libnet.so
7f7ce9093000-7f7ce9293000 ---p 00016000 08:06 20582300                   /usr/lib/jvm/jdk1.8.0_20/jre/lib/amd64/libnet.so
7f7ce9293000-7f7ce9294000 rw-p 00016000 08:06 20582300                   /usr/lib/jvm/jdk1.8.0_20/jre/lib/amd64/libnet.so
7f7ce9294000-7f7ce929c000 r-xp 00000000 08:06 20582308                   /usr/lib/jvm/jdk1.8.0_20/jre/lib/amd64/libmanagement.so
7f7ce929c000-7f7ce949c000 ---p 00008000 08:06 20582308                   /usr/lib/jvm/jdk1.8.0_20/jre/lib/amd64/libmanagement.so
7f7ce949c000-7f7ce949d000 rw-p 00008000 08:06 20582308                   /usr/lib/jvm/jdk1.8.0_20/jre/lib/amd64/libmanagement.so
7f7ce949d000-7f7ce94a0000 ---p 00000000 00:00 0 
7f7ce94a0000-7f7ce959e000 rw-p 00000000 00:00 0                          [stack:13571]
7f7ce959e000-7f7ce95a1000 ---p 00000000 00:00 0 
7f7ce95a1000-7f7ce969f000 rw-p 00000000 00:00 0                          [stack:13570]
7f7ce969f000-7f7ce96a2000 ---p 00000000 00:00 0 
7f7ce96a2000-7f7ce97a0000 rw-p 00000000 00:00 0                          [stack:13569]
7f7ce97a0000-7f7ce97a3000 ---p 00000000 00:00 0 
7f7ce97a3000-7f7ce98a1000 rw-p 00000000 00:00 0                          [stack:13568]
7f7ce98a1000-7f7ce98a4000 ---p 00000000 00:00 0 
7f7ce98a4000-7f7ce99a2000 rw-p 00000000 00:00 0                          [stack:13567]
7f7ce99a2000-7f7ce99a5000 ---p 00000000 00:00 0 
7f7ce99a5000-7f7ce9aa3000 rw-p 00000000 00:00 0 
7f7ce9aa3000-7f7ce9aa6000 ---p 00000000 00:00 0 
7f7ce9aa6000-7f7ce9ba4000 rw-p 00000000 00:00 0                          [stack:13564]
7f7ce9ba4000-7f7ce9ba7000 ---p 00000000 00:00 0 
7f7ce9ba7000-7f7ce9ca5000 rw-p 00000000 00:00 0                          [stack:13684]
7f7ce9ca5000-7f7ce9ca9000 r-xp 00000000 08:06 20582275                   /usr/lib/jvm/jdk1.8.0_20/jre/lib/amd64/libdt_socket.so
7f7ce9ca9000-7f7ce9ea8000 ---p 00004000 08:06 20582275                   /usr/lib/jvm/jdk1.8.0_20/jre/lib/amd64/libdt_socket.so
7f7ce9ea8000-7f7ce9ea9000 rw-p 00003000 08:06 20582275                   /usr/lib/jvm/jdk1.8.0_20/jre/lib/amd64/libdt_socket.so
7f7ce9ea9000-7f7ce9eac000 ---p 00000000 00:00 0 
7f7ce9eac000-7f7ce9faa000 rw-p 00000000 00:00 0                          [stack:13561]
7f7ce9faa000-7f7ce9fad000 ---p 00000000 00:00 0 
7f7ce9fad000-7f7cea0ab000 rw-p 00000000 00:00 0                          [stack:13560]
7f7cea0ab000-7f7cea0ae000 ---p 00000000 00:00 0 
7f7cea0ae000-7f7cea1ac000 rw-p 00000000 00:00 0                          [stack:13559]
7f7cea1ac000-7f7cea1ad000 ---p 00000000 00:00 0 
7f7cea1ad000-7f7cebe2b000 rw-p 00000000 00:00 0                          [stack:13558]
7f7cebe2b000-7f7cec000000 r--s 03ca3000 08:06 20582249                   /usr/lib/jvm/jdk1.8.0_20/jre/lib/rt.jar
7f7cec000000-7f7cec021000 rw-p 00000000 00:00 0 
7f7cec021000-7f7cf0000000 ---p 00000000 00:00 0 
7f7cf0000000-7f7cf0021000 rw-p 00000000 00:00 0 
7f7cf0021000-7f7cf4000000 ---p 00000000 00:00 0 
7f7cf4000000-7f7cf4021000 rw-p 00000000 00:00 0 
7f7cf4021000-7f7cf8000000 ---p 00000000 00:00 0 
7f7cf8000000-7f7cf8021000 rw-p 00000000 00:00 0 
7f7cf8021000-7f7cfc000000 ---p 00000000 00:00 0 
7f7cfc000000-7f7cfc021000 rw-p 00000000 00:00 0 
7f7cfc021000-7f7d00000000 ---p 00000000 00:00 0 
7f7d00000000-7f7d00021000 rw-p 00000000 00:00 0 
7f7d00021000-7f7d04000000 ---p 00000000 00:00 0 
7f7d04000000-7f7d04021000 rw-p 00000000 00:00 0 
7f7d04021000-7f7d08000000 ---p 00000000 00:00 0 
7f7d08000000-7f7d08001000 r--s 00009000 08:06 1185781                    /usr/lib/jvm/jdk1.8.0_20/jre/lib/ext/sunec.jar
7f7d08001000-7f7d08003000 r--s 0000b000 08:06 19532220                   /usr/local/development/dev-7-6/Ignition/Servers/apache-tomcat-6.0.36/lib/tomcat-i18n-fr.jar
7f7d08003000-7f7d0800a000 r--s 0007a000 08:06 19532213                   /usr/local/development/dev-7-6/Ignition/Servers/apache-tomcat-6.0.36/lib/jasper.jar
7f7d0800a000-7f7d08014000 r--s 000b3000 08:06 19532217                   /usr/local/development/dev-7-6/Ignition/Servers/apache-tomcat-6.0.36/lib/tomcat-coyote.jar
7f7d08014000-7f7d09000000 rw-p 00000000 00:00 0 
7f7d09000000-7f7d0a5d0000 rwxp 00000000 00:00 0 
7f7d0a5d0000-7f7d18000000 ---p 00000000 00:00 0 
7f7d18000000-7f7d18805000 rw-p 00000000 00:00 0 
7f7d18805000-7f7d1c000000 ---p 00000000 00:00 0 
7f7d1c000000-7f7d1c003000 r--s 0001e000 08:06 19532207                   /usr/local/development/dev-7-6/Ignition/Servers/apache-tomcat-6.0.36/lib/catalina-ha.jar
7f7d1c003000-7f7d1c16d000 rw-p 00000000 00:00 0 
7f7d1c16d000-7f7d1c16e000 ---p 00000000 00:00 0 
7f7d1c16e000-7f7d1c26e000 rw-p 00000000 00:00 0                          [stack:13557]
7f7d1c26e000-7f7d1c26f000 ---p 00000000 00:00 0 
7f7d1c26f000-7f7d1c36f000 rw-p 00000000 00:00 0                          [stack:13556]
7f7d1c36f000-7f7d1c370000 ---p 00000000 00:00 0 
7f7d1c370000-7f7d1c470000 rw-p 00000000 00:00 0                          [stack:13555]
7f7d1c470000-7f7d1c471000 ---p 00000000 00:00 0 
7f7d1c471000-7f7d1c571000 rw-p 00000000 00:00 0                          [stack:13554]
7f7d1c571000-7f7d1c572000 ---p 00000000 00:00 0 
7f7d1c572000-7f7d1c672000 rw-p 00000000 00:00 0                          [stack:13553]
7f7d1c672000-7f7d1c673000 ---p 00000000 00:00 0 
7f7d1c673000-7f7d1c773000 rw-p 00000000 00:00 0                          [stack:13552]
7f7d1c773000-7f7d1c774000 ---p 00000000 00:00 0 
7f7d1c774000-7f7d1c874000 rw-p 00000000 00:00 0                          [stack:13551]
7f7d1c874000-7f7d1c875000 ---p 00000000 00:00 0 
7f7d1c875000-7f7d1c9d3000 rw-p 00000000 00:00 0                          [stack:13550]
7f7d1c9d3000-7f7d1cea7000 ---p 00000000 00:00 0 
7f7d1cea7000-7f7d1cf05000 rw-p 00000000 00:00 0 
7f7d1cf05000-7f7d1d3d9000 ---p 00000000 00:00 0 
7f7d1d3d9000-7f7d1d526000 rw-p 00000000 00:00 0 
7f7d1d526000-7f7d1d672000 ---p 00000000 00:00 0 
7f7d1d672000-7f7d1d6cb000 rw-p 00000000 00:00 0 
7f7d1d6cb000-7f7d1da33000 ---p 00000000 00:00 0 
7f7d1da33000-7f7d1da4f000 r-xp 00000000 08:06 20582296                   /usr/lib/jvm/jdk1.8.0_20/jre/lib/amd64/libzip.so
7f7d1da4f000-7f7d1dc4e000 ---p 0001c000 08:06 20582296                   /usr/lib/jvm/jdk1.8.0_20/jre/lib/amd64/libzip.so
7f7d1dc4e000-7f7d1dc4f000 rw-p 0001b000 08:06 20582296                   /usr/lib/jvm/jdk1.8.0_20/jre/lib/amd64/libzip.so
7f7d1dc4f000-7f7d1dc5a000 r-xp 00000000 08:06 15602342                   /lib/x86_64-linux-gnu/libnss_files-2.19.so
7f7d1dc5a000-7f7d1de59000 ---p 0000b000 08:06 15602342                   /lib/x86_64-linux-gnu/libnss_files-2.19.so
7f7d1de59000-7f7d1de5a000 r--p 0000a000 08:06 15602342                   /lib/x86_64-linux-gnu/libnss_files-2.19.so
7f7d1de5a000-7f7d1de5b000 rw-p 0000b000 08:06 15602342                   /lib/x86_64-linux-gnu/libnss_files-2.19.so
7f7d1de5b000-7f7d1de66000 r-xp 00000000 08:06 15602345                   /lib/x86_64-linux-gnu/libnss_nis-2.19.so
7f7d1de66000-7f7d1e065000 ---p 0000b000 08:06 15602345                   /lib/x86_64-linux-gnu/libnss_nis-2.19.so
7f7d1e065000-7f7d1e066000 r--p 0000a000 08:06 15602345                   /lib/x86_64-linux-gnu/libnss_nis-2.19.so
7f7d1e066000-7f7d1e067000 rw-p 0000b000 08:06 15602345                   /lib/x86_64-linux-gnu/libnss_nis-2.19.so
7f7d1e067000-7f7d1e07e000 r-xp 00000000 08:06 15602152                   /lib/x86_64-linux-gnu/libnsl-2.19.so
7f7d1e07e000-7f7d1e27d000 ---p 00017000 08:06 15602152                   /lib/x86_64-linux-gnu/libnsl-2.19.so
7f7d1e27d000-7f7d1e27e000 r--p 00016000 08:06 15602152                   /lib/x86_64-linux-gnu/libnsl-2.19.so
7f7d1e27e000-7f7d1e27f000 rw-p 00017000 08:06 15602152                   /lib/x86_64-linux-gnu/libnsl-2.19.so
7f7d1e27f000-7f7d1e281000 rw-p 00000000 00:00 0 
7f7d1e281000-7f7d1e28a000 r-xp 00000000 08:06 15601662                   /lib/x86_64-linux-gnu/libnss_compat-2.19.so
7f7d1e28a000-7f7d1e489000 ---p 00009000 08:06 15601662                   /lib/x86_64-linux-gnu/libnss_compat-2.19.so
7f7d1e489000-7f7d1e48a000 r--p 00008000 08:06 15601662                   /lib/x86_64-linux-gnu/libnss_compat-2.19.so
7f7d1e48a000-7f7d1e48b000 rw-p 00009000 08:06 15601662                   /lib/x86_64-linux-gnu/libnss_compat-2.19.so
7f7d1e48b000-7f7d1e754000 r--p 00000000 08:06 15209877                   /usr/lib/locale/locale-archive
7f7d1e754000-7f7d1e756000 r-xp 00000000 08:06 20582276                   /usr/lib/jvm/jdk1.8.0_20/jre/lib/amd64/libnpt.so
7f7d1e756000-7f7d1e956000 ---p 00002000 08:06 20582276                   /usr/lib/jvm/jdk1.8.0_20/jre/lib/amd64/libnpt.so
7f7d1e956000-7f7d1e957000 rw-p 00002000 08:06 20582276                   /usr/lib/jvm/jdk1.8.0_20/jre/lib/amd64/libnpt.so
7f7d1e957000-7f7d1e990000 r-xp 00000000 08:06 20582287                   /usr/lib/jvm/jdk1.8.0_20/jre/lib/amd64/libjdwp.so
7f7d1e990000-7f7d1eb8f000 ---p 00039000 08:06 20582287                   /usr/lib/jvm/jdk1.8.0_20/jre/lib/amd64/libjdwp.so
7f7d1eb8f000-7f7d1eb91000 rw-p 00038000 08:06 20582287                   /usr/lib/jvm/jdk1.8.0_20/jre/lib/amd64/libjdwp.so
7f7d1eb91000-7f7d1ebbb000 r-xp 00000000 08:06 20582291                   /usr/lib/jvm/jdk1.8.0_20/jre/lib/amd64/libjava.so
7f7d1ebbb000-7f7d1edbb000 ---p 0002a000 08:06 20582291                   /usr/lib/jvm/jdk1.8.0_20/jre/lib/amd64/libjava.so
7f7d1edbb000-7f7d1edbd000 rw-p 0002a000 08:06 20582291                   /usr/lib/jvm/jdk1.8.0_20/jre/lib/amd64/libjava.so
7f7d1edbd000-7f7d1edca000 r-xp 00000000 08:06 20582295                   /usr/lib/jvm/jdk1.8.0_20/jre/lib/amd64/libverify.so
7f7d1edca000-7f7d1efca000 ---p 0000d000 08:06 20582295                   /usr/lib/jvm/jdk1.8.0_20/jre/lib/amd64/libverify.so
7f7d1efca000-7f7d1efcc000 rw-p 0000d000 08:06 20582295                   /usr/lib/jvm/jdk1.8.0_20/jre/lib/amd64/libverify.so
7f7d1efcc000-7f7d1efd3000 r-xp 00000000 08:06 15602320                   /lib/x86_64-linux-gnu/librt-2.19.so
7f7d1efd3000-7f7d1f1d2000 ---p 00007000 08:06 15602320                   /lib/x86_64-linux-gnu/librt-2.19.so
7f7d1f1d2000-7f7d1f1d3000 r--p 00006000 08:06 15602320                   /lib/x86_64-linux-gnu/librt-2.19.so
7f7d1f1d3000-7f7d1f1d4000 rw-p 00007000 08:06 15602320                   /lib/x86_64-linux-gnu/librt-2.19.so
7f7d1f1d4000-7f7d1f2d9000 r-xp 00000000 08:06 15602334                   /lib/x86_64-linux-gnu/libm-2.19.so
7f7d1f2d9000-7f7d1f4d8000 ---p 00105000 08:06 15602334                   /lib/x86_64-linux-gnu/libm-2.19.so
7f7d1f4d8000-7f7d1f4d9000 r--p 00104000 08:06 15602334                   /lib/x86_64-linux-gnu/libm-2.19.so
7f7d1f4d9000-7f7d1f4da000 rw-p 00105000 08:06 15602334                   /lib/x86_64-linux-gnu/libm-2.19.so
7f7d1f4da000-7f7d20144000 r-xp 00000000 08:06 20845908                   /usr/lib/jvm/jdk1.8.0_20/jre/lib/amd64/server/libjvm.so
7f7d20144000-7f7d20344000 ---p 00c6a000 08:06 20845908                   /usr/lib/jvm/jdk1.8.0_20/jre/lib/amd64/server/libjvm.so
7f7d20344000-7f7d2041a000 rw-p 00c6a000 08:06 20845908                   /usr/lib/jvm/jdk1.8.0_20/jre/lib/amd64/server/libjvm.so
7f7d2041a000-7f7d2045c000 rw-p 00000000 00:00 0 
7f7d2045c000-7f7d20617000 r-xp 00000000 08:06 15602328                   /lib/x86_64-linux-gnu/libc-2.19.so
7f7d20617000-7f7d20817000 ---p 001bb000 08:06 15602328                   /lib/x86_64-linux-gnu/libc-2.19.so
7f7d20817000-7f7d2081b000 r--p 001bb000 08:06 15602328                   /lib/x86_64-linux-gnu/libc-2.19.so
7f7d2081b000-7f7d2081d000 rw-p 001bf000 08:06 15602328                   /lib/x86_64-linux-gnu/libc-2.19.so
7f7d2081d000-7f7d20822000 rw-p 00000000 00:00 0 
7f7d20822000-7f7d20825000 r-xp 00000000 08:06 15602352                   /lib/x86_64-linux-gnu/libdl-2.19.so
7f7d20825000-7f7d20a24000 ---p 00003000 08:06 15602352                   /lib/x86_64-linux-gnu/libdl-2.19.so
7f7d20a24000-7f7d20a25000 r--p 00002000 08:06 15602352                   /lib/x86_64-linux-gnu/libdl-2.19.so
7f7d20a25000-7f7d20a26000 rw-p 00003000 08:06 15602352                   /lib/x86_64-linux-gnu/libdl-2.19.so
7f7d20a26000-7f7d20a3d000 r-xp 00000000 08:06 20061287                   /usr/lib/jvm/jdk1.8.0_20/lib/amd64/jli/libjli.so
7f7d20a3d000-7f7d20c3c000 ---p 00017000 08:06 20061287                   /usr/lib/jvm/jdk1.8.0_20/lib/amd64/jli/libjli.so
7f7d20c3c000-7f7d20c3d000 rw-p 00016000 08:06 20061287                   /usr/lib/jvm/jdk1.8.0_20/lib/amd64/jli/libjli.so
7f7d20c3d000-7f7d20c56000 r-xp 00000000 08:06 15602353                   /lib/x86_64-linux-gnu/libpthread-2.19.so
7f7d20c56000-7f7d20e55000 ---p 00019000 08:06 15602353                   /lib/x86_64-linux-gnu/libpthread-2.19.so
7f7d20e55000-7f7d20e56000 r--p 00018000 08:06 15602353                   /lib/x86_64-linux-gnu/libpthread-2.19.so
7f7d20e56000-7f7d20e57000 rw-p 00019000 08:06 15602353                   /lib/x86_64-linux-gnu/libpthread-2.19.so
7f7d20e57000-7f7d20e5b000 rw-p 00000000 00:00 0 
7f7d20e5b000-7f7d20e7e000 r-xp 00000000 08:06 15602330                   /lib/x86_64-linux-gnu/ld-2.19.so
7f7d20e7e000-7f7d20e80000 r--s 0000c000 08:06 19532221                   /usr/local/development/dev-7-6/Ignition/Servers/apache-tomcat-6.0.36/lib/tomcat-i18n-ja.jar
7f7d20e80000-7f7d20e82000 r--s 00011000 08:06 19532214                   /usr/local/development/dev-7-6/Ignition/Servers/apache-tomcat-6.0.36/lib/jsp-api.jar
7f7d20e82000-7f7d20e84000 r--s 00014000 08:06 19532216                   /usr/local/development/dev-7-6/Ignition/Servers/apache-tomcat-6.0.36/lib/servlet-api.jar
7f7d20e84000-7f7d20e86000 r--s 0000c000 08:06 19532206                   /usr/local/development/dev-7-6/Ignition/Servers/apache-tomcat-6.0.36/lib/catalina-ant.jar
7f7d20e86000-7f7d20f57000 rw-p 00000000 00:00 0 
7f7d20f57000-7f7d20f5a000 ---p 00000000 00:00 0 
7f7d20f5a000-7f7d2105c000 rw-p 00000000 00:00 0                          [stack:13549]
7f7d2105c000-7f7d2105e000 r--s 00007000 08:06 19532211                   /usr/local/development/dev-7-6/Ignition/Servers/apache-tomcat-6.0.36/lib/el-api.jar
7f7d2105e000-7f7d2105f000 r--s 00003000 08:06 19532205                   /usr/local/development/dev-7-6/Ignition/Servers/apache-tomcat-6.0.36/lib/annotations-api.jar
7f7d2105f000-7f7d21062000 r--s 00019000 08:06 19532212                   /usr/local/development/dev-7-6/Ignition/Servers/apache-tomcat-6.0.36/lib/jasper-el.jar
7f7d21062000-7f7d21067000 r--s 00092000 08:06 20582254                   /usr/lib/jvm/jdk1.8.0_20/jre/lib/jsse.jar
7f7d21067000-7f7d21068000 r--s 00007000 08:06 19533431                   /usr/local/development/dev-7-6/Ignition/Servers/apache-tomcat-6.0.36/bin/tomcat-juli.jar
7f7d21068000-7f7d21069000 r--s 00005000 08:06 19533430                   /usr/local/development/dev-7-6/Ignition/Servers/apache-tomcat-6.0.36/bin/commons-daemon.jar
7f7d21069000-7f7d2106a000 r--s 00005000 08:06 19533429                   /usr/local/development/dev-7-6/Ignition/Servers/apache-tomcat-6.0.36/bin/bootstrap.jar
7f7d2106a000-7f7d21071000 r--s 000c7000 08:06 1179649                    /usr/lib/jvm/jdk1.8.0_20/jre/lib/ext/mysql-connector-java-5.1.23-bin.jar
7f7d21071000-7f7d21079000 rw-s 00000000 08:06 6164361                    /tmp/hsperfdata_mattg/13544
7f7d21079000-7f7d2107a000 rw-p 00000000 00:00 0 
7f7d2107a000-7f7d2107b000 r--p 00000000 00:00 0 
7f7d2107b000-7f7d2107d000 rw-p 00000000 00:00 0 
7f7d2107d000-7f7d2107e000 r--p 00022000 08:06 15602330                   /lib/x86_64-linux-gnu/ld-2.19.so
7f7d2107e000-7f7d2107f000 rw-p 00023000 08:06 15602330                   /lib/x86_64-linux-gnu/ld-2.19.so
7f7d2107f000-7f7d21080000 rw-p 00000000 00:00 0 
7fff05174000-7fff05195000 rw-p 00000000 00:00 0                          [stack]
7fff051fe000-7fff05200000 r-xp 00000000 00:00 0                          [vdso]
ffffffffff600000-ffffffffff601000 r-xp 00000000 00:00 0                  [vsyscall]

VM Arguments:
jvm_args: -Djava.util.logging.config.file=/home/mattg/.IntelliJIdea13/system/tomcat/Unnamed_77-Ignition/conf/logging.properties -Xdebug -Xrunjdwp:transport=dt_socket,address=127.0.0.1:51670,suspend=y,server=n -Dcom.sun.management.jmxremote= -Dcom.sun.management.jmxremote.port=1099 -Dcom.sun.management.jmxremote.ssl=false -Dcom.sun.management.jmxremote.authenticate=false -Djava.rmi.server.hostname=127.0.0.1 -Djava.util.logging.manager=org.apache.juli.ClassLoaderLogManager -Djava.endorsed.dirs=/usr/local/development/dev-7-6/Ignition/Servers/apache-tomcat-6.0.36/endorsed -Dcatalina.base=/home/mattg/.IntelliJIdea13/system/tomcat/Unnamed_77-Ignition -Dcatalina.home=/usr/local/development/dev-7-6/Ignition/Servers/apache-tomcat-6.0.36 -Djava.io.tmpdir=/usr/local/development/dev-7-6/Ignition/Servers/apache-tomcat-6.0.36/temp 
java_command: org.apache.catalina.startup.Bootstrap start
java_class_path (initial): /usr/local/development/dev-7-6/Ignition/Servers/apache-tomcat-6.0.36/bin/bootstrap.jar
Launcher Type: SUN_STANDARD

Environment Variables:
JAVA_HOME=/usr/lib/jvm/jdk1.8.0_20
CLASSPATH=/usr/local/development/dev-7-6/Ignition/Servers/apache-tomcat-6.0.36/bin/bootstrap.jar
PATH=/usr/local/sbin:/usr/local/bin:/usr/sbin:/usr/bin:/sbin:/bin:/usr/games:/usr/local/games:/usr/local/development/gradle-1.12/bin
USERNAME=mattg
LD_LIBRARY_PATH=/usr/local/development/idea-IU-135.909/bin:
SHELL=/bin/bash
DISPLAY=:0

Signal Handlers:
SIGSEGV: [libjvm.so+0xa76cd0], sa_mask[0]=11111111011111111101111111111110, sa_flags=SA_RESTART|SA_SIGINFO
SIGBUS: [libjvm.so+0xa76cd0], sa_mask[0]=11111111011111111101111111111110, sa_flags=SA_RESTART|SA_SIGINFO
SIGFPE: [libjvm.so+0x8e0d80], sa_mask[0]=11111111011111111101111111111110, sa_flags=SA_RESTART|SA_SIGINFO
SIGPIPE: [libjvm.so+0x8e0d80], sa_mask[0]=11111111011111111101111111111110, sa_flags=SA_RESTART|SA_SIGINFO
SIGXFSZ: [libjvm.so+0x8e0d80], sa_mask[0]=11111111011111111101111111111110, sa_flags=SA_RESTART|SA_SIGINFO
SIGILL: [libjvm.so+0x8e0d80], sa_mask[0]=11111111011111111101111111111110, sa_flags=SA_RESTART|SA_SIGINFO
SIGUSR1: SIG_DFL, sa_mask[0]=00000000000000000000000000000000, sa_flags=none
SIGUSR2: [libjvm.so+0x8e25b0], sa_mask[0]=00100000000000000000000000000000, sa_flags=SA_RESTART|SA_SIGINFO
SIGHUP: [libjvm.so+0x8e3970], sa_mask[0]=11111111011111111101111111111110, sa_flags=SA_RESTART|SA_SIGINFO
SIGINT: [libjvm.so+0x8e3970], sa_mask[0]=11111111011111111101111111111110, sa_flags=SA_RESTART|SA_SIGINFO
SIGTERM: [libjvm.so+0x8e3970], sa_mask[0]=11111111011111111101111111111110, sa_flags=SA_RESTART|SA_SIGINFO
SIGQUIT: [libjvm.so+0x8e3970], sa_mask[0]=11111111011111111101111111111110, sa_flags=SA_RESTART|SA_SIGINFO


---------------  S Y S T E M  ---------------

OS:DISTRIB_ID=LinuxMint
DISTRIB_RELEASE=17
DISTRIB_CODENAME=qiana
DISTRIB_DESCRIPTION="Linux Mint 17 Qiana"

uname:Linux 3.13.0-24-generic #46-Ubuntu SMP Thu Apr 10 19:11:08 UTC 2014 x86_64
libc:glibc 2.19 NPTL 2.19 
rlimit: STACK 8192k, CORE 0k, NPROC 127375, NOFILE 4096, AS infinity
load average:0.89 0.78 0.68

/proc/meminfo:
MemTotal:       16335088 kB
MemFree:         9541464 kB
Buffers:          382636 kB
Cached:          2234784 kB
SwapCached:            0 kB
Active:          4735616 kB
Inactive:        1608584 kB
Active(anon):    3766688 kB
Inactive(anon):   457264 kB
Active(file):     968928 kB
Inactive(file):  1151320 kB
Unevictable:         752 kB
Mlocked:             752 kB
SwapTotal:      16676860 kB
SwapFree:       16676860 kB
Dirty:               612 kB
Writeback:             0 kB
AnonPages:       3727608 kB
Mapped:           415036 kB
Shmem:            497176 kB
Slab:             251104 kB
SReclaimable:     205712 kB
SUnreclaim:        45392 kB
KernelStack:        6080 kB
PageTables:        47900 kB
NFS_Unstable:          0 kB
Bounce:                0 kB
WritebackTmp:          0 kB
CommitLimit:    24844404 kB
Committed_AS:    8286916 kB
VmallocTotal:   34359738367 kB
VmallocUsed:      444884 kB
VmallocChunk:   34359289084 kB
HardwareCorrupted:     0 kB
AnonHugePages:   2365440 kB
HugePages_Total:       0
HugePages_Free:        0
HugePages_Rsvd:        0
HugePages_Surp:        0
Hugepagesize:       2048 kB
DirectMap4k:       91592 kB
DirectMap2M:     2955264 kB
DirectMap1G:    13631488 kB


CPU:total 8 (4 cores per cpu, 2 threads per core) family 6 model 60 stepping 3, cmov, cx8, fxsr, mmx, sse, sse2, sse3, ssse3, sse4.1, sse4.2, popcnt, avx, avx2, aes, clmul, erms, lzcnt, ht, tsc, tscinvbit, bmi1, bmi2

/proc/cpuinfo:
processor	: 0
vendor_id	: GenuineIntel
cpu family	: 6
model		: 60
model name	: Intel(R) Core(TM) i7-4702HQ CPU @ 2.20GHz
stepping	: 3
microcode	: 0x17
cpu MHz		: 800.000
cache size	: 6144 KB
physical id	: 0
siblings	: 8
core id		: 0
cpu cores	: 4
apicid		: 0
initial apicid	: 0
fpu		: yes
fpu_exception	: yes
cpuid level	: 13
wp		: yes
flags		: fpu vme de pse tsc msr pae mce cx8 apic sep mtrr pge mca cmov pat pse36 clflush dts acpi mmx fxsr sse sse2 ss ht tm pbe syscall nx pdpe1gb rdtscp lm constant_tsc arch_perfmon pebs bts rep_good nopl xtopology nonstop_tsc aperfmperf eagerfpu pni pclmulqdq dtes64 monitor ds_cpl vmx est tm2 ssse3 fma cx16 xtpr pdcm pcid sse4_1 sse4_2 x2apic movbe popcnt tsc_deadline_timer aes xsave avx f16c rdrand lahf_lm abm ida arat epb xsaveopt pln pts dtherm tpr_shadow vnmi flexpriority ept vpid fsgsbase tsc_adjust bmi1 avx2 smep bmi2 erms invpcid
bogomips	: 4389.80
clflush size	: 64
cache_alignment	: 64
address sizes	: 39 bits physical, 48 bits virtual
power management:

processor	: 1
vendor_id	: GenuineIntel
cpu family	: 6
model		: 60
model name	: Intel(R) Core(TM) i7-4702HQ CPU @ 2.20GHz
stepping	: 3
microcode	: 0x17
cpu MHz		: 800.000
cache size	: 6144 KB
physical id	: 0
siblings	: 8
core id		: 1
cpu cores	: 4
apicid		: 2
initial apicid	: 2
fpu		: yes
fpu_exception	: yes
cpuid level	: 13
wp		: yes
flags		: fpu vme de pse tsc msr pae mce cx8 apic sep mtrr pge mca cmov pat pse36 clflush dts acpi mmx fxsr sse sse2 ss ht tm pbe syscall nx pdpe1gb rdtscp lm constant_tsc arch_perfmon pebs bts rep_good nopl xtopology nonstop_tsc aperfmperf eagerfpu pni pclmulqdq dtes64 monitor ds_cpl vmx est tm2 ssse3 fma cx16 xtpr pdcm pcid sse4_1 sse4_2 x2apic movbe popcnt tsc_deadline_timer aes xsave avx f16c rdrand lahf_lm abm ida arat epb xsaveopt pln pts dtherm tpr_shadow vnmi flexpriority ept vpid fsgsbase tsc_adjust bmi1 avx2 smep bmi2 erms invpcid
bogomips	: 4389.80
clflush size	: 64
cache_alignment	: 64
address sizes	: 39 bits physical, 48 bits virtual
power management:

processor	: 2
vendor_id	: GenuineIntel
cpu family	: 6
model		: 60
model name	: Intel(R) Core(TM) i7-4702HQ CPU @ 2.20GHz
stepping	: 3
microcode	: 0x17
cpu MHz		: 2201.000
cache size	: 6144 KB
physical id	: 0
siblings	: 8
core id		: 2
cpu cores	: 4
apicid		: 4
initial apicid	: 4
fpu		: yes
fpu_exception	: yes
cpuid level	: 13
wp		: yes
flags		: fpu vme de pse tsc msr pae mce cx8 apic sep mtrr pge mca cmov pat pse36 clflush dts acpi mmx fxsr sse sse2 ss ht tm pbe syscall nx pdpe1gb rdtscp lm constant_tsc arch_perfmon pebs bts rep_good nopl xtopology nonstop_tsc aperfmperf eagerfpu pni pclmulqdq dtes64 monitor ds_cpl vmx est tm2 ssse3 fma cx16 xtpr pdcm pcid sse4_1 sse4_2 x2apic movbe popcnt tsc_deadline_timer aes xsave avx f16c rdrand lahf_lm abm ida arat epb xsaveopt pln pts dtherm tpr_shadow vnmi flexpriority ept vpid fsgsbase tsc_adjust bmi1 avx2 smep bmi2 erms invpcid
bogomips	: 4389.80
clflush size	: 64
cache_alignment	: 64
address sizes	: 39 bits physical, 48 bits virtual
power management:

processor	: 3
vendor_id	: GenuineIntel
cpu family	: 6
model		: 60
model name	: Intel(R) Core(TM) i7-4702HQ CPU @ 2.20GHz
stepping	: 3
microcode	: 0x17
cpu MHz		: 800.000
cache size	: 6144 KB
physical id	: 0
siblings	: 8
core id		: 3
cpu cores	: 4
apicid		: 6
initial apicid	: 6
fpu		: yes
fpu_exception	: yes
cpuid level	: 13
wp		: yes
flags		: fpu vme de pse tsc msr pae mce cx8 apic sep mtrr pge mca cmov pat pse36 clflush dts acpi mmx fxsr sse sse2 ss ht tm pbe syscall nx pdpe1gb rdtscp lm constant_tsc arch_perfmon pebs bts rep_good nopl xtopology nonstop_tsc aperfmperf eagerfpu pni pclmulqdq dtes64 monitor ds_cpl vmx est tm2 ssse3 fma cx16 xtpr pdcm pcid sse4_1 sse4_2 x2apic movbe popcnt tsc_deadline_timer aes xsave avx f16c rdrand lahf_lm abm ida arat epb xsaveopt pln pts dtherm tpr_shadow vnmi flexpriority ept vpid fsgsbase tsc_adjust bmi1 avx2 smep bmi2 erms invpcid
bogomips	: 4389.80
clflush size	: 64
cache_alignment	: 64
address sizes	: 39 bits physical, 48 bits virtual
power management:

processor	: 4
vendor_id	: GenuineIntel
cpu family	: 6
model		: 60
model name	: Intel(R) Core(TM) i7-4702HQ CPU @ 2.20GHz
stepping	: 3
microcode	: 0x17
cpu MHz		: 800.000
cache size	: 6144 KB
physical id	: 0
siblings	: 8
core id		: 0
cpu cores	: 4
apicid		: 1
initial apicid	: 1
fpu		: yes
fpu_exception	: yes
cpuid level	: 13
wp		: yes
flags		: fpu vme de pse tsc msr pae mce cx8 apic sep mtrr pge mca cmov pat pse36 clflush dts acpi mmx fxsr sse sse2 ss ht tm pbe syscall nx pdpe1gb rdtscp lm constant_tsc arch_perfmon pebs bts rep_good nopl xtopology nonstop_tsc aperfmperf eagerfpu pni pclmulqdq dtes64 monitor ds_cpl vmx est tm2 ssse3 fma cx16 xtpr pdcm pcid sse4_1 sse4_2 x2apic movbe popcnt tsc_deadline_timer aes xsave avx f16c rdrand lahf_lm abm ida arat epb xsaveopt pln pts dtherm tpr_shadow vnmi flexpriority ept vpid fsgsbase tsc_adjust bmi1 avx2 smep bmi2 erms invpcid
bogomips	: 4389.80
clflush size	: 64
cache_alignment	: 64
address sizes	: 39 bits physical, 48 bits virtual
power management:

processor	: 5
vendor_id	: GenuineIntel
cpu family	: 6
model		: 60
model name	: Intel(R) Core(TM) i7-4702HQ CPU @ 2.20GHz
stepping	: 3
microcode	: 0x17
cpu MHz		: 2201.000
cache size	: 6144 KB
physical id	: 0
siblings	: 8
core id		: 1
cpu cores	: 4
apicid		: 3
initial apicid	: 3
fpu		: yes
fpu_exception	: yes
cpuid level	: 13
wp		: yes
flags		: fpu vme de pse tsc msr pae mce cx8 apic sep mtrr pge mca cmov pat pse36 clflush dts acpi mmx fxsr sse sse2 ss ht tm pbe syscall nx pdpe1gb rdtscp lm constant_tsc arch_perfmon pebs bts rep_good nopl xtopology nonstop_tsc aperfmperf eagerfpu pni pclmulqdq dtes64 monitor ds_cpl vmx est tm2 ssse3 fma cx16 xtpr pdcm pcid sse4_1 sse4_2 x2apic movbe popcnt tsc_deadline_timer aes xsave avx f16c rdrand lahf_lm abm ida arat epb xsaveopt pln pts dtherm tpr_shadow vnmi flexpriority ept vpid fsgsbase tsc_adjust bmi1 avx2 smep bmi2 erms invpcid
bogomips	: 4389.80
clflush size	: 64
cache_alignment	: 64
address sizes	: 39 bits physical, 48 bits virtual
power management:

processor	: 6
vendor_id	: GenuineIntel
cpu family	: 6
model		: 60
model name	: Intel(R) Core(TM) i7-4702HQ CPU @ 2.20GHz
stepping	: 3
microcode	: 0x17
cpu MHz		: 800.000
cache size	: 6144 KB
physical id	: 0
siblings	: 8
core id		: 2
cpu cores	: 4
apicid		: 5
initial apicid	: 5
fpu		: yes
fpu_exception	: yes
cpuid level	: 13
wp		: yes
flags		: fpu vme de pse tsc msr pae mce cx8 apic sep mtrr pge mca cmov pat pse36 clflush dts acpi mmx fxsr sse sse2 ss ht tm pbe syscall nx pdpe1gb rdtscp lm constant_tsc arch_perfmon pebs bts rep_good nopl xtopology nonstop_tsc aperfmperf eagerfpu pni pclmulqdq dtes64 monitor ds_cpl vmx est tm2 ssse3 fma cx16 xtpr pdcm pcid sse4_1 sse4_2 x2apic movbe popcnt tsc_deadline_timer aes xsave avx f16c rdrand lahf_lm abm ida arat epb xsaveopt pln pts dtherm tpr_shadow vnmi flexpriority ept vpid fsgsbase tsc_adjust bmi1 avx2 smep bmi2 erms invpcid
bogomips	: 4389.80
clflush size	: 64
cache_alignment	: 64
address sizes	: 39 bits physical, 48 bits virtual
power management:

processor	: 7
vendor_id	: GenuineIntel
cpu family	: 6
model		: 60
model name	: Intel(R) Core(TM) i7-4702HQ CPU @ 2.20GHz
stepping	: 3
microcode	: 0x17
cpu MHz		: 1800.000
cache size	: 6144 KB
physical id	: 0
siblings	: 8
core id		: 3
cpu cores	: 4
apicid		: 7
initial apicid	: 7
fpu		: yes
fpu_exception	: yes
cpuid level	: 13
wp		: yes
flags		: fpu vme de pse tsc msr pae mce cx8 apic sep mtrr pge mca cmov pat pse36 clflush dts acpi mmx fxsr sse sse2 ss ht tm pbe syscall nx pdpe1gb rdtscp lm constant_tsc arch_perfmon pebs bts rep_good nopl xtopology nonstop_tsc aperfmperf eagerfpu pni pclmulqdq dtes64 monitor ds_cpl vmx est tm2 ssse3 fma cx16 xtpr pdcm pcid sse4_1 sse4_2 x2apic movbe popcnt tsc_deadline_timer aes xsave avx f16c rdrand lahf_lm abm ida arat epb xsaveopt pln pts dtherm tpr_shadow vnmi flexpriority ept vpid fsgsbase tsc_adjust bmi1 avx2 smep bmi2 erms invpcid
bogomips	: 4389.80
clflush size	: 64
cache_alignment	: 64
address sizes	: 39 bits physical, 48 bits virtual
power management:



Memory: 4k page, physical 16335088k(9541464k free), swap 16676860k(16676860k free)

vm_info: Java HotSpot(TM) 64-Bit Server VM (25.20-b17) for linux-amd64 JRE (1.8.0_20-ea-b17), built on Jun  4 2014 00:04:06 by "java_re" with gcc 4.3.0 20080428 (Red Hat 4.3.0-8)

time: Tue Nov 25 13:30:06 2014
elapsed time: 112 seconds (0d 0h 1m 52s)

