#
# A fatal error has been detected by the Java Runtime Environment:
#
#  SIGSEGV (0xb) at pc=0x00007f23b9252f7e, pid=7598, tid=139791408846592
#
# JRE version: Java(TM) SE Runtime Environment (8.0_20-b17) (build 1.8.0_20-ea-b17)
# Java VM: Java HotSpot(TM) 64-Bit Server VM (25.20-b17 mixed mode linux-amd64 compressed oops)
# Problematic frame:
# C  [ld-linux-x86-64.so.2+0x9f7e]
#
# Failed to write core dump. Core dumps have been disabled. To enable core dumping, try "ulimit -c unlimited" before starting Java again
#
# If you would like to submit a bug report, please visit:
#   http://bugreport.sun.com/bugreport/crash.jsp
# The crash happened outside the Java Virtual Machine in native code.
# See problematic frame for where to report the bug.
#

---------------  T H R E A D  ---------------

Current thread (0x00007f23b000d000):  JavaThread "main" [_thread_in_native, id=7603, stack(0x00007f23b9345000,0x00007f23b9446000)]

siginfo: si_signo: 11 (SIGSEGV), si_code: 1 (SEGV_MAPERR), si_addr: 0x0000000000000068

Registers:
RAX=0x0000000000000040, RBX=0x000000004c8d3d65, RCX=0x0000000000000025, RDX=0x00000000000003f3
RSP=0x00007f23b9442a50, RBP=0x0000000000000002, RSI=0x00007f23b884dd28, RDI=0x00007f23b94499e8
R8 =0x00000000013234f5, R9 =0x00007f23b9442a90, R10=0x0000000006020400, R11=0x00007f23b9442b90
R12=0x0000000000000003, R13=0x00007f22e81f5ea0, R14=0x0000000000000000, R15=0x0000000000000025
RIP=0x00007f23b9252f7e, EFLAGS=0x0000000000010202, CSGSFS=0x0000000000000033, ERR=0x0000000000000004
  TRAPNO=0x000000000000000e

Top of Stack: (sp=0x00007f23b9442a50)
0x00007f23b9442a50:   00007f23b9442bc0 00007f23b7f2af75
0x00007f23b9442a60:   00007f2300000002 00007f23b9442ba0
0x00007f23b9442a70:   00007f23b9442c30 00007f23b9442e00
0x00007f23b9442a80:   00007f23a1046960 01007f230000000c
0x00007f23b9442a90:   0000000000000000 0000000000000000
0x00007f23b9442aa0:   00007f23b94499e8 00007f23b0474630
0x00007f23b9442ab0:   00007f23b885ad78 0000000000000000
0x00007f23b9442ac0:   0000000200000000 0000000000000000
0x00007f23b9442ad0:   00007f23b000d000 00007f23b9442c80
0x00007f23b9442ae0:   00007f23b9442c30 0000000000000000
0x00007f23b9442af0:   0000000000000000 00007f22e81f62e8
0x00007f23b9442b00:   00007f22e81f5f60 00007f23b9253991
0x00007f23b9442b10:   0000000000000000 0000000000000000
0x00007f23b9442b20:   0000005e00000002 0000000000000000
0x00007f23b9442b30:   00007f2300000000 00007f22e81f5f60
0x00007f23b9442b40:   00000007c0008600 00007f23b000d000
0x00007f23b9442b50:   00007f23b9442bc0 00007f23b8081447
0x00007f23b9442b60:   00007f23a0039440 00007f22e81f62e8
0x00007f23b9442b70:   00007f23b9442ba0 00007f23b9442b90
0x00007f23b9442b80:   000000004c8d3d65 00007f23b0474630
0x00007f23b9442b90:   00000000ffffffff 00007f23b000a5d0
0x00007f23b9442ba0:   0000000000000000 0000000000000000
0x00007f23b9442bb0:   00007f23b000a470 00007f23b000d000
0x00007f23b9442bc0:   00007f23b9442d50 00007f23b7f71467
0x00007f23b9442bd0:   000000b1b9443938 00007f23b94433a0
0x00007f23b9442be0:   00007f23b9442c30 00007f23b9442cb0
0x00007f23b9442bf0:   00007f23b9442d80 00007f23b9442e00
0x00007f23b9442c00:   00007f23b000d1e8 0000000001dd24b0
0x00007f23b9442c10:   00007f23b946bcc0 00007f23b0474630
0x00007f23b9442c20:   0000000000000000 00007f22e81f5f60
0x00007f23b9442c30:   00007f23b9442d10 00007f23b8980f56
0x00007f23b9442c40:   0000000600000002 0000000000000000 

Instructions: (pc=0x00007f23b9252f7e)
0x00007f23b9252f5e:   06 41 83 e7 3f 0f 1f 44 00 00 49 8b 44 ed 00 c7
0x00007f23b9252f6e:   44 24 70 00 00 00 00 48 c7 44 24 40 00 00 00 00
0x00007f23b9252f7e:   48 8b 78 28 4c 39 f7 48 89 7c 24 50 0f 84 f0 00
0x00007f23b9252f8e:   00 00 f6 44 24 7c 02 74 0d f6 87 14 03 00 00 03 

Register to memory mapping:

RAX=0x0000000000000040 is an unknown value
RBX=0x000000004c8d3d65 is an unknown value
RCX=0x0000000000000025 is an unknown value
RDX=0x00000000000003f3 is an unknown value
RSP=0x00007f23b9442a50 is pointing into the stack for thread: 0x00007f23b000d000
RBP=0x0000000000000002 is an unknown value
RSI=0x00007f23b884dd28: <offset 0x3d28> in /lib/x86_64-linux-gnu/libc.so.6 at 0x00007f23b884a000
RDI=0x00007f23b94499e8 is an unknown value
R8 =0x00000000013234f5 is an unknown value
R9 =0x00007f23b9442a90 is pointing into the stack for thread: 0x00007f23b000d000
R10=0x0000000006020400 is an unknown value
R11=0x00007f23b9442b90 is pointing into the stack for thread: 0x00007f23b000d000
R12=0x0000000000000003 is an unknown value
R13=0x00007f22e81f5ea0 is an unknown value
R14=0x0000000000000000 is an unknown value
R15=0x0000000000000025 is an unknown value


Stack: [0x00007f23b9345000,0x00007f23b9446000],  sp=0x00007f23b9442a50,  free space=1014k
Native frames: (J=compiled Java code, j=interpreted, Vv=VM code, C=native code)
C  [ld-linux-x86-64.so.2+0x9f7e]

Java frames: (J=compiled Java code, j=interpreted, Vv=VM code)
j  java.lang.ClassLoader$NativeLibrary.unload(Ljava/lang/String;Z)V+0
j  java.lang.ClassLoader$NativeLibrary.finalize()V+87
v  ~StubRoutines::call_stub
J 1154  sun.reflect.NativeMethodAccessorImpl.invoke0(Ljava/lang/reflect/Method;Ljava/lang/Object;[Ljava/lang/Object;)Ljava/lang/Object; (0 bytes) @ 0x00007f23a1458ef7 [0x00007f23a1458e80+0x77]
J 1153 C1 sun.reflect.NativeMethodAccessorImpl.invoke(Ljava/lang/Object;[Ljava/lang/Object;)Ljava/lang/Object; (104 bytes) @ 0x00007f23a145810c [0x00007f23a1456f00+0x120c]
J 6220 C2 java.lang.reflect.Method.invoke(Ljava/lang/Object;[Ljava/lang/Object;)Ljava/lang/Object; (62 bytes) @ 0x00007f23a2499d60 [0x00007f23a2499ca0+0xc0]
j  com.inductiveautomation.ignition.gateway.bootstrap.SRFilter.destroy()V+89
j  org.apache.catalina.core.ApplicationFilterConfig.release()V+61
j  org.apache.catalina.core.StandardContext.filterStop()Z+124
j  org.apache.catalina.core.StandardContext.stop()V+142
j  org.apache.catalina.core.ContainerBase.removeChild(Lorg/apache/catalina/Container;)V+90
j  org.apache.catalina.startup.HostConfig.undeployApps()V+77
j  org.apache.catalina.startup.HostConfig.stop()V+28
j  org.apache.catalina.startup.HostConfig.lifecycleEvent(Lorg/apache/catalina/LifecycleEvent;)V+151
j  org.apache.catalina.util.LifecycleSupport.fireLifecycleEvent(Ljava/lang/String;Ljava/lang/Object;)V+178
j  org.apache.catalina.core.ContainerBase.stop()V+60
j  org.apache.catalina.core.ContainerBase.stop()V+118
j  org.apache.catalina.core.StandardEngine.stop()V+1
j  org.apache.catalina.core.StandardService.stop()V+177
j  org.apache.catalina.core.StandardServer.stop()V+65
j  org.apache.catalina.startup.Catalina.stop()V+58
j  org.apache.catalina.startup.Catalina.start()V+198
v  ~StubRoutines::call_stub
j  sun.reflect.NativeMethodAccessorImpl.invoke0(Ljava/lang/reflect/Method;Ljava/lang/Object;[Ljava/lang/Object;)Ljava/lang/Object;+0
j  sun.reflect.NativeMethodAccessorImpl.invoke(Ljava/lang/Object;[Ljava/lang/Object;)Ljava/lang/Object;+100
J 498 C1 sun.reflect.DelegatingMethodAccessorImpl.invoke(Ljava/lang/Object;[Ljava/lang/Object;)Ljava/lang/Object; (10 bytes) @ 0x00007f23a124ba2c [0x00007f23a124b900+0x12c]
J 497 C1 java.lang.reflect.Method.invoke(Ljava/lang/Object;[Ljava/lang/Object;)Ljava/lang/Object; (62 bytes) @ 0x00007f23a122b784 [0x00007f23a122b360+0x424]
j  org.apache.catalina.startup.Bootstrap.start()V+37
j  org.apache.catalina.startup.Bootstrap.main([Ljava/lang/String;)V+131
v  ~StubRoutines::call_stub

---------------  P R O C E S S  ---------------

Java Threads: ( => current thread )
  0x00007f23b0454800 JavaThread "Thread-24" daemon [_thread_blocked, id=7758, stack(0x00007f22dfeff000,0x00007f22e0000000)]
  0x00007f2310001800 JavaThread "http-8088-2" daemon [_thread_blocked, id=7691, stack(0x00007f22dd2a3000,0x00007f22dd3a4000)]
  0x00007f22e837b800 JavaThread "ClockDriftDetector" daemon [_thread_blocked, id=7688, stack(0x00007f22ddec9000,0x00007f22ddfca000)]
  0x00007f22e8379000 JavaThread "PyLib_ScriptWatcher" daemon [_thread_blocked, id=7687, stack(0x00007f22ddfca000,0x00007f22de0cb000)]
  0x00007f22e836a800 JavaThread "PyFile_ChangeNotifier" daemon [_thread_blocked, id=7686, stack(0x00007f22de0cb000,0x00007f22de1cc000)]
  0x00007f22e8368800 JavaThread "Thread-18" daemon [_thread_in_native, id=7685, stack(0x00007f22de9f0000,0x00007f22deaf1000)]
  0x00007f22e8f25800 JavaThread "StoreAndForward.local_mysql.MultiStageStore.ForwardThread" [_thread_blocked, id=7677, stack(0x00007f22decf3000,0x00007f22dedf4000)]
  0x00007f2310004800 JavaThread "http-8088-1" daemon [_thread_blocked, id=7661, stack(0x00007f231c618000,0x00007f231c719000)]
  0x00007f23b0578800 JavaThread "TP-Monitor" daemon [_thread_blocked, id=7645, stack(0x00007f231e528000,0x00007f231e629000)]
  0x00007f23b0576800 JavaThread "TP-Processor4" daemon [_thread_blocked, id=7644, stack(0x00007f231e629000,0x00007f231e72a000)]
  0x00007f23b0575000 JavaThread "TP-Processor3" daemon [_thread_blocked, id=7643, stack(0x00007f231e72a000,0x00007f231e82b000)]
  0x00007f23b058d000 JavaThread "TP-Processor2" daemon [_thread_blocked, id=7642, stack(0x00007f231e82b000,0x00007f231e92c000)]
  0x00007f23b0593800 JavaThread "TP-Processor1" daemon [_thread_blocked, id=7641, stack(0x00007f231e92c000,0x00007f231ea2d000)]
  0x00007f23b0583000 JavaThread "http-8088-Acceptor-0" daemon [_thread_blocked, id=7640, stack(0x00007f231ea2d000,0x00007f231eb2e000)]
  0x00007f23b04fe800 JavaThread "GC Daemon" daemon [_thread_blocked, id=7638, stack(0x00007f2374b19000,0x00007f2374c1a000)]
  0x00007f23b04d3000 JavaThread "Abandoned connection cleanup thread" daemon [_thread_blocked, id=7637, stack(0x00007f2374a18000,0x00007f2374b19000)]
  0x00007f2334056000 JavaThread "RMI Scheduler(0)" daemon [_thread_blocked, id=7632, stack(0x00007f2374d1b000,0x00007f2374e1c000)]
  0x00007f23b021e800 JavaThread "RMI TCP Accept-0" daemon [_thread_in_native, id=7628, stack(0x00007f2375254000,0x00007f2375355000)]
  0x00007f23b0215000 JavaThread "RMI TCP Accept-1099" daemon [_thread_in_native, id=7627, stack(0x00007f2375355000,0x00007f2375456000)]
  0x00007f23b0204000 JavaThread "RMI TCP Accept-0" daemon [_thread_in_native, id=7626, stack(0x00007f2375456000,0x00007f2375557000)]
  0x00007f23b00dc800 JavaThread "Service Thread" daemon [_thread_blocked, id=7625, stack(0x00007f2375bb9000,0x00007f2375cba000)]
  0x00007f23b00cf000 JavaThread "C1 CompilerThread3" daemon [_thread_in_native, id=7624, stack(0x00007f2375cba000,0x00007f2375dbb000)]
  0x00007f23b00cd000 JavaThread "C2 CompilerThread2" daemon [_thread_in_native, id=7623, stack(0x00007f2375dbb000,0x00007f2375ebc000)]
  0x00007f23b00cb000 JavaThread "C2 CompilerThread1" daemon [_thread_blocked, id=7622, stack(0x00007f2375ebc000,0x00007f2375fbd000)]
  0x00007f23b00c8800 JavaThread "C2 CompilerThread0" daemon [_thread_in_native, id=7621, stack(0x00007f2375fbd000,0x00007f23760be000)]
  0x00007f23b00c6000 JavaThread "JDWP Event Helper Thread" daemon [_thread_blocked, id=7619, stack(0x00007f23761bf000,0x00007f23762c0000)]
  0x00007f23b00b5800 JavaThread "Signal Dispatcher" daemon [_thread_blocked, id=7615, stack(0x00007f23765c5000,0x00007f23766c6000)]
  0x00007f23b0087800 JavaThread "Finalizer" daemon [_thread_blocked, id=7614, stack(0x00007f23766c6000,0x00007f23767c7000)]
  0x00007f23b0085800 JavaThread "Reference Handler" daemon [_thread_blocked, id=7613, stack(0x00007f23767c7000,0x00007f23768c8000)]
=>0x00007f23b000d000 JavaThread "main" [_thread_in_native, id=7603, stack(0x00007f23b9345000,0x00007f23b9446000)]

Other Threads:
  0x00007f23b007e800 VMThread [stack: 0x00007f23768c8000,0x00007f23769c9000] [id=7612]
  0x00007f23b0229000 WatcherThread [stack: 0x00007f2375153000,0x00007f2375254000] [id=7629]

VM state:not at safepoint (normal execution)

VM Mutex/Monitor currently owned by a thread:  ([mutex/lock_event])
[0x00007f23b0008690] CodeCache_lock - owner thread: 0x00007f23b00cf000
[0x00007f23b0009d10] Compile_lock - owner thread: 0x00007f23b00cf000
[0x00007f23b0009e10] MethodCompileQueue_lock - owner thread: 0x0000000000000000

Heap:
 PSYoungGen      total 451584K, used 144665K [0x000000076ce00000, 0x000000078e200000, 0x00000007c0000000)
  eden space 431616K, 33% used [0x000000076ce00000,0x0000000775b464f8,0x0000000787380000)
  from space 19968K, 0% used [0x0000000787380000,0x0000000787380000,0x0000000788700000)
  to   space 20480K, 0% used [0x000000078ce00000,0x000000078ce00000,0x000000078e200000)
 ParOldGen       total 227840K, used 34064K [0x00000006c6a00000, 0x00000006d4880000, 0x000000076ce00000)
  object space 227840K, 14% used [0x00000006c6a00000,0x00000006c8b44168,0x00000006d4880000)
 Metaspace       used 57812K, capacity 59054K, committed 59392K, reserved 1099776K
  class space    used 8319K, capacity 8605K, committed 8704K, reserved 1048576K

Card table byte_map: [0x00007f23b5295000,0x00007f23b5a61000] byte_map_base: 0x00007f23b1c60000

Marking Bits: (ParMarkBitMap*) 0x00007f23b881fc20
 Begin Bits: [0x00007f2394350000, 0x00007f23981a8000)
 End Bits:   [0x00007f23981a8000, 0x00007f239c000000)

Polling page: 0x00007f23b9468000

CodeCache: size=245760Kb used=21932Kb max_used=21974Kb free=223827Kb
 bounds [0x00007f23a1000000, 0x00007f23a25c0000, 0x00007f23b0000000]
 total_blobs=6182 nmethods=5590 adapters=513
 compilation: enabled

Compilation events (10 events):
Event: 212.953 Thread 0x00007f23b00cf000 nmethod 6826 0x00007f23a2593310 code [0x00007f23a2593480, 0x00007f23a25936d0]
Event: 212.954 Thread 0x00007f23b00cf000 6824       3       org.apache.tomcat.util.log.SystemLogHandler::findStream (49 bytes)
Event: 212.955 Thread 0x00007f23b00cf000 nmethod 6824 0x00007f23a161ed10 code [0x00007f23a161ef20, 0x00007f23a161fdd8]
Event: 212.956 Thread 0x00007f23b00cf000 6827       3       java.lang.reflect.Field::getFieldAccessor (16 bytes)
Event: 212.956 Thread 0x00007f23b00cf000 nmethod 6827 0x00007f23a12f0310 code [0x00007f23a12f0480, 0x00007f23a12f0630]
Event: 212.957 Thread 0x00007f23b00cf000 6828       3       sun.reflect.ReflectionFactory::newFieldAccessor (9 bytes)
Event: 212.957 Thread 0x00007f23b00cf000 nmethod 6828 0x00007f23a248af90 code [0x00007f23a248b120, 0x00007f23a248b498]
Event: 212.958 Thread 0x00007f23b00cb000 nmethod 6822% 0x00007f23a248a890 code [0x00007f23a248aa20, 0x00007f23a248adb8]
Event: 212.958 Thread 0x00007f23b00cf000 6829       3       sun.reflect.UnsafeFieldAccessorFactory::newFieldAccessor (676 bytes)
Event: 212.959 Thread 0x00007f23b00c8800 6832       4       java.io.ObjectOutputStream$BlockDataOutputStream::drain (45 bytes)

GC Heap History (10 events):
Event: 4.793 GC heap before
{Heap before GC invocations=8 (full 2):
 PSYoungGen      total 320512K, used 13247K [0x000000076ce00000, 0x0000000787380000, 0x00000007c0000000)
  eden space 305664K, 0% used [0x000000076ce00000,0x000000076ce00000,0x000000077f880000)
  from space 14848K, 89% used [0x0000000780800000,0x00000007814eff20,0x0000000781680000)
  to   space 15872K, 0% used [0x000000077f880000,0x000000077f880000,0x0000000780800000)
 ParOldGen       total 106496K, used 12814K [0x00000006c6a00000, 0x00000006cd200000, 0x000000076ce00000)
  object space 106496K, 12% used [0x00000006c6a00000,0x00000006c7683898,0x00000006cd200000)
 Metaspace       used 34747K, capacity 35096K, committed 35264K, reserved 1079296K
  class space    used 4533K, capacity 4669K, committed 4736K, reserved 1048576K
Event: 4.863 GC heap after
Heap after GC invocations=8 (full 2):
 PSYoungGen      total 320512K, used 0K [0x000000076ce00000, 0x0000000787380000, 0x00000007c0000000)
  eden space 305664K, 0% used [0x000000076ce00000,0x000000076ce00000,0x000000077f880000)
  from space 14848K, 0% used [0x0000000780800000,0x0000000780800000,0x0000000781680000)
  to   space 15872K, 0% used [0x000000077f880000,0x000000077f880000,0x0000000780800000)
 ParOldGen       total 164864K, used 23723K [0x00000006c6a00000, 0x00000006d0b00000, 0x000000076ce00000)
  object space 164864K, 14% used [0x00000006c6a00000,0x00000006c812af68,0x00000006d0b00000)
 Metaspace       used 34747K, capacity 35096K, committed 35264K, reserved 1079296K
  class space    used 4533K, capacity 4669K, committed 4736K, reserved 1048576K
}
Event: 6.702 GC heap before
{Heap before GC invocations=9 (full 2):
 PSYoungGen      total 320512K, used 305664K [0x000000076ce00000, 0x0000000787380000, 0x00000007c0000000)
  eden space 305664K, 100% used [0x000000076ce00000,0x000000077f880000,0x000000077f880000)
  from space 14848K, 0% used [0x0000000780800000,0x0000000780800000,0x0000000781680000)
  to   space 15872K, 0% used [0x000000077f880000,0x000000077f880000,0x0000000780800000)
 ParOldGen       total 164864K, used 23723K [0x00000006c6a00000, 0x00000006d0b00000, 0x000000076ce00000)
  object space 164864K, 14% used [0x00000006c6a00000,0x00000006c812af68,0x00000006d0b00000)
 Metaspace       used 45154K, capacity 45954K, committed 46208K, reserved 1089536K
  class space    used 6522K, capacity 6720K, committed 6784K, reserved 1048576K
Event: 6.715 GC heap after
Heap after GC invocations=9 (full 2):
 PSYoungGen      total 321536K, used 12639K [0x000000076ce00000, 0x0000000789a80000, 0x00000007c0000000)
  eden space 305664K, 0% used [0x000000076ce00000,0x000000076ce00000,0x000000077f880000)
  from space 15872K, 79% used [0x000000077f880000,0x00000007804d7d08,0x0000000780800000)
  to   space 16384K, 0% used [0x0000000788a80000,0x0000000788a80000,0x0000000789a80000)
 ParOldGen       total 164864K, used 23731K [0x00000006c6a00000, 0x00000006d0b00000, 0x000000076ce00000)
  object space 164864K, 14% used [0x00000006c6a00000,0x00000006c812cf68,0x00000006d0b00000)
 Metaspace       used 45154K, capacity 45954K, committed 46208K, reserved 1089536K
  class space    used 6522K, capacity 6720K, committed 6784K, reserved 1048576K
}
Event: 26.098 GC heap before
{Heap before GC invocations=10 (full 2):
 PSYoungGen      total 321536K, used 318303K [0x000000076ce00000, 0x0000000789a80000, 0x00000007c0000000)
  eden space 305664K, 100% used [0x000000076ce00000,0x000000077f880000,0x000000077f880000)
  from space 15872K, 79% used [0x000000077f880000,0x00000007804d7d08,0x0000000780800000)
  to   space 16384K, 0% used [0x0000000788a80000,0x0000000788a80000,0x0000000789a80000)
 ParOldGen       total 164864K, used 23731K [0x00000006c6a00000, 0x00000006d0b00000, 0x000000076ce00000)
  object space 164864K, 14% used [0x00000006c6a00000,0x00000006c812cf68,0x00000006d0b00000)
 Metaspace       used 56933K, capacity 58088K, committed 58240K, reserved 1099776K
  class space    used 8254K, capacity 8534K, committed 8576K, reserved 1048576K
Event: 26.120 GC heap after
Heap after GC invocations=10 (full 2):
 PSYoungGen      total 435712K, used 16356K [0x000000076ce00000, 0x0000000789a80000, 0x00000007c0000000)
  eden space 419328K, 0% used [0x000000076ce00000,0x000000076ce00000,0x0000000786780000)
  from space 16384K, 99% used [0x0000000788a80000,0x0000000789a790e8,0x0000000789a80000)
  to   space 19968K, 0% used [0x0000000787380000,0x0000000787380000,0x0000000788700000)
 ParOldGen       total 164864K, used 28376K [0x00000006c6a00000, 0x00000006d0b00000, 0x000000076ce00000)
  object space 164864K, 17% used [0x00000006c6a00000,0x00000006c85b6270,0x00000006d0b00000)
 Metaspace       used 56933K, capacity 58088K, committed 58240K, reserved 1099776K
  class space    used 8254K, capacity 8534K, committed 8576K, reserved 1048576K
}
Event: 29.268 GC heap before
{Heap before GC invocations=11 (full 2):
 PSYoungGen      total 435712K, used 49296K [0x000000076ce00000, 0x0000000789a80000, 0x00000007c0000000)
  eden space 419328K, 7% used [0x000000076ce00000,0x000000076ee2b0c8,0x0000000786780000)
  from space 16384K, 99% used [0x0000000788a80000,0x0000000789a790e8,0x0000000789a80000)
  to   space 19968K, 0% used [0x0000000787380000,0x0000000787380000,0x0000000788700000)
 ParOldGen       total 164864K, used 28376K [0x00000006c6a00000, 0x00000006d0b00000, 0x000000076ce00000)
  object space 164864K, 17% used [0x00000006c6a00000,0x00000006c85b6270,0x00000006d0b00000)
 Metaspace       used 57213K, capacity 58436K, committed 58496K, reserved 1099776K
  class space    used 8284K, capacity 8560K, committed 8576K, reserved 1048576K
Event: 29.284 GC heap after
Heap after GC invocations=11 (full 2):
 PSYoungGen      total 451584K, used 14564K [0x000000076ce00000, 0x000000078e200000, 0x00000007c0000000)
  eden space 431616K, 0% used [0x000000076ce00000,0x000000076ce00000,0x0000000787380000)
  from space 19968K, 72% used [0x0000000787380000,0x00000007881b92c8,0x0000000788700000)
  to   space 20480K, 0% used [0x000000078ce00000,0x000000078ce00000,0x000000078e200000)
 ParOldGen       total 164864K, used 28384K [0x00000006c6a00000, 0x00000006d0b00000, 0x000000076ce00000)
  object space 164864K, 17% used [0x00000006c6a00000,0x00000006c85b8270,0x00000006d0b00000)
 Metaspace       used 57213K, capacity 58436K, committed 58496K, reserved 1099776K
  class space    used 8284K, capacity 8560K, committed 8576K, reserved 1048576K
}
Event: 29.284 GC heap before
{Heap before GC invocations=12 (full 3):
 PSYoungGen      total 451584K, used 14564K [0x000000076ce00000, 0x000000078e200000, 0x00000007c0000000)
  eden space 431616K, 0% used [0x000000076ce00000,0x000000076ce00000,0x0000000787380000)
  from space 19968K, 72% used [0x0000000787380000,0x00000007881b92c8,0x0000000788700000)
  to   space 20480K, 0% used [0x000000078ce00000,0x000000078ce00000,0x000000078e200000)
 ParOldGen       total 164864K, used 28384K [0x00000006c6a00000, 0x00000006d0b00000, 0x000000076ce00000)
  object space 164864K, 17% used [0x00000006c6a00000,0x00000006c85b8270,0x00000006d0b00000)
 Metaspace       used 57213K, capacity 58436K, committed 58496K, reserved 1099776K
  class space    used 8284K, capacity 8560K, committed 8576K, reserved 1048576K
Event: 29.482 GC heap after
Heap after GC invocations=12 (full 3):
 PSYoungGen      total 451584K, used 0K [0x000000076ce00000, 0x000000078e200000, 0x00000007c0000000)
  eden space 431616K, 0% used [0x000000076ce00000,0x000000076ce00000,0x0000000787380000)
  from space 19968K, 0% used [0x0000000787380000,0x0000000787380000,0x0000000788700000)
  to   space 20480K, 0% used [0x000000078ce00000,0x000000078ce00000,0x000000078e200000)
 ParOldGen       total 227840K, used 34064K [0x00000006c6a00000, 0x00000006d4880000, 0x000000076ce00000)
  object space 227840K, 14% used [0x00000006c6a00000,0x00000006c8b44168,0x00000006d4880000)
 Metaspace       used 57191K, capacity 58408K, committed 58496K, reserved 1099776K
  class space    used 8282K, capacity 8556K, committed 8576K, reserved 1048576K
}

Deoptimization events (10 events):
Event: 212.730 Thread 0x00007f23b000d000 Uncommon trap: reason=class_check action=maybe_recompile pc=0x00007f23a1c63710 method=org.hsqldb.index.IndexAVL.unlinkNodes(Lorg/hsqldb/index/NodeAVL;)V @ 4
Event: 212.846 Thread 0x00007f23b000d000 Uncommon trap: reason=class_check action=maybe_recompile pc=0x00007f23a1c63710 method=org.hsqldb.index.IndexAVL.unlinkNodes(Lorg/hsqldb/index/NodeAVL;)V @ 4
Event: 212.846 Thread 0x00007f23b000d000 Uncommon trap: reason=unreached action=reinterpret pc=0x00007f23a1b158a0 method=org.hsqldb.store.BaseHashMap.clearElementArrays(II)V @ 185
Event: 212.848 Thread 0x00007f22e862a000 Uncommon trap: reason=unreached action=reinterpret pc=0x00007f23a123e038 method=org.hsqldb.lib.HsqlTimer$TaskQueue.peekTask()Lorg/hsqldb/lib/HsqlTimer$Task; @ 6
Event: 212.955 Thread 0x00007f23b000d000 Uncommon trap: reason=bimorphic action=maybe_recompile pc=0x00007f23a2269e0c method=java.io.ObjectOutputStream$BlockDataOutputStream.drain()V @ 36
Event: 212.955 Thread 0x00007f23b000d000 Uncommon trap: reason=bimorphic action=maybe_recompile pc=0x00007f23a2269e0c method=java.io.ObjectOutputStream$BlockDataOutputStream.drain()V @ 36
Event: 212.955 Thread 0x00007f23b000d000 Uncommon trap: reason=class_check action=maybe_recompile pc=0x00007f23a237462c method=java.io.ObjectOutputStream$BlockDataOutputStream.write([BIIZ)V @ 23
Event: 212.956 Thread 0x00007f23b000d000 Uncommon trap: reason=class_check action=maybe_recompile pc=0x00007f23a237462c method=java.io.ObjectOutputStream$BlockDataOutputStream.write([BIIZ)V @ 23
Event: 212.956 Thread 0x00007f23b000d000 Uncommon trap: reason=class_check action=maybe_recompile pc=0x00007f23a237462c method=java.io.ObjectOutputStream$BlockDataOutputStream.write([BIIZ)V @ 23
Event: 212.957 Thread 0x00007f23b000d000 Uncommon trap: reason=class_check action=maybe_recompile pc=0x00007f23a237462c method=java.io.ObjectOutputStream$BlockDataOutputStream.write([BIIZ)V @ 23

Internal exceptions (10 events):
Event: 212.831 Thread 0x00007f23b000d000 Exception <a 'java/security/PrivilegedActionException'> (0x00000007744a90d8) thrown at [/HUDSON/workspace/8-2-build-linux-amd64/jdk8u20/526.nc/hotspot/src/share/vm/prims/jvm.cpp, line 1258]
Event: 212.832 Thread 0x00007f23b000d000 Exception <a 'java/security/PrivilegedActionException'> (0x00000007744ea578) thrown at [/HUDSON/workspace/8-2-build-linux-amd64/jdk8u20/526.nc/hotspot/src/share/vm/prims/jvm.cpp, line 1258]
Event: 212.832 Thread 0x00007f23b000d000 Exception <a 'java/security/PrivilegedActionException'> (0x00000007744eb118) thrown at [/HUDSON/workspace/8-2-build-linux-amd64/jdk8u20/526.nc/hotspot/src/share/vm/prims/jvm.cpp, line 1258]
Event: 212.833 Thread 0x00007f23b000d000 Exception <a 'java/lang/NullPointerException'> (0x00000007744f3b48) thrown at [/HUDSON/workspace/8-2-build-linux-amd64/jdk8u20/526.nc/hotspot/src/share/vm/interpreter/linkResolver.cpp, line 1268]
Event: 212.957 Thread 0x00007f23b000d000 Exception <a 'java/security/PrivilegedActionException'> (0x00000007745160b8) thrown at [/HUDSON/workspace/8-2-build-linux-amd64/jdk8u20/526.nc/hotspot/src/share/vm/prims/jvm.cpp, line 1258]
Event: 212.957 Thread 0x00007f23b000d000 Exception <a 'java/security/PrivilegedActionException'> (0x0000000774517098) thrown at [/HUDSON/workspace/8-2-build-linux-amd64/jdk8u20/526.nc/hotspot/src/share/vm/prims/jvm.cpp, line 1258]
Event: 212.958 Thread 0x00007f23b000d000 Exception <a 'java/security/PrivilegedActionException'> (0x0000000774532818) thrown at [/HUDSON/workspace/8-2-build-linux-amd64/jdk8u20/526.nc/hotspot/src/share/vm/prims/jvm.cpp, line 1258]
Event: 212.958 Thread 0x00007f23b000d000 Exception <a 'java/security/PrivilegedActionException'> (0x0000000774533888) thrown at [/HUDSON/workspace/8-2-build-linux-amd64/jdk8u20/526.nc/hotspot/src/share/vm/prims/jvm.cpp, line 1258]
Event: 212.958 Thread 0x00007f23b000d000 Exception <a 'java/security/PrivilegedActionException'> (0x0000000774543d78) thrown at [/HUDSON/workspace/8-2-build-linux-amd64/jdk8u20/526.nc/hotspot/src/share/vm/prims/jvm.cpp, line 1258]
Event: 212.958 Thread 0x00007f23b000d000 Exception <a 'java/security/PrivilegedActionException'> (0x0000000774544d98) thrown at [/HUDSON/workspace/8-2-build-linux-amd64/jdk8u20/526.nc/hotspot/src/share/vm/prims/jvm.cpp, line 1258]

Events (10 events):
Event: 212.959 Thread 0x00007f23b000d000 DEOPT PACKING pc=0x00007f23a138174c sp=0x00007f23b9441f50
Event: 212.959 Thread 0x00007f23b000d000 DEOPT UNPACKING pc=0x00007f23a104741a sp=0x00007f23b9441d18 mode 1
Event: 212.959 Thread 0x00007f23b000d000 DEOPT PACKING pc=0x00007f23a18a0be4 sp=0x00007f23b9441ec0
Event: 212.959 Thread 0x00007f23b000d000 DEOPT UNPACKING pc=0x00007f23a104741a sp=0x00007f23b9441c98 mode 1
Event: 212.959 Thread 0x00007f23b000d000 DEOPT PACKING pc=0x00007f23a18a0be4 sp=0x00007f23b9441e80
Event: 212.959 Thread 0x00007f23b000d000 DEOPT UNPACKING pc=0x00007f23a104741a sp=0x00007f23b9441c40 mode 1
Event: 212.959 Thread 0x00007f23b000d000 DEOPT PACKING pc=0x00007f23a138174c sp=0x00007f23b9441f50
Event: 212.959 Thread 0x00007f23b000d000 DEOPT UNPACKING pc=0x00007f23a104741a sp=0x00007f23b9441d18 mode 1
Event: 212.959 Thread 0x00007f23b000d000 DEOPT PACKING pc=0x00007f23a18a0be4 sp=0x00007f23b9441ec0
Event: 212.959 Thread 0x00007f23b000d000 DEOPT UNPACKING pc=0x00007f23a104741a sp=0x00007f23b9441c98 mode 1


Dynamic libraries:
00400000-00401000 r-xp 00000000 08:06 19938758                           /usr/lib/jvm/jdk1.8.0_20/bin/java
00600000-00601000 rw-p 00000000 08:06 19938758                           /usr/lib/jvm/jdk1.8.0_20/bin/java
01dd2000-01df3000 rw-p 00000000 00:00 0                                  [heap]
6c6a00000-6d4880000 rw-p 00000000 00:00 0 
6d4880000-76ce00000 ---p 00000000 00:00 0 
76ce00000-78e200000 rw-p 00000000 00:00 0 
78e200000-7c0000000 ---p 00000000 00:00 0 
7c0000000-7c0880000 rw-p 00000000 00:00 0 
7c0880000-800000000 ---p 00000000 00:00 0 
7f2290000000-7f2290021000 rw-p 00000000 00:00 0 
7f2290021000-7f2294000000 ---p 00000000 00:00 0 
7f2298000000-7f2298021000 rw-p 00000000 00:00 0 
7f2298021000-7f229c000000 ---p 00000000 00:00 0 
7f229c000000-7f229c021000 rw-p 00000000 00:00 0 
7f229c021000-7f22a0000000 ---p 00000000 00:00 0 
7f22a0000000-7f22a0021000 rw-p 00000000 00:00 0 
7f22a0021000-7f22a4000000 ---p 00000000 00:00 0 
7f22a4000000-7f22a42a8000 rw-p 00000000 00:00 0 
7f22a42a8000-7f22a8000000 ---p 00000000 00:00 0 
7f22a8000000-7f22a8021000 rw-p 00000000 00:00 0 
7f22a8021000-7f22ac000000 ---p 00000000 00:00 0 
7f22ac000000-7f22ac021000 rw-p 00000000 00:00 0 
7f22ac021000-7f22b0000000 ---p 00000000 00:00 0 
7f22b0000000-7f22b0021000 rw-p 00000000 00:00 0 
7f22b0021000-7f22b4000000 ---p 00000000 00:00 0 
7f22b4000000-7f22b4021000 rw-p 00000000 00:00 0 
7f22b4021000-7f22b8000000 ---p 00000000 00:00 0 
7f22b8000000-7f22b8021000 rw-p 00000000 00:00 0 
7f22b8021000-7f22bc000000 ---p 00000000 00:00 0 
7f22bc000000-7f22bc021000 rw-p 00000000 00:00 0 
7f22bc021000-7f22c0000000 ---p 00000000 00:00 0 
7f22c0000000-7f22c00dc000 rw-p 00000000 00:00 0 
7f22c00dc000-7f22c4000000 ---p 00000000 00:00 0 
7f22c4000000-7f22c4021000 rw-p 00000000 00:00 0 
7f22c4021000-7f22c8000000 ---p 00000000 00:00 0 
7f22c8000000-7f22c8021000 rw-p 00000000 00:00 0 
7f22c8021000-7f22cc000000 ---p 00000000 00:00 0 
7f22cc000000-7f22cc021000 rw-p 00000000 00:00 0 
7f22cc021000-7f22d0000000 ---p 00000000 00:00 0 
7f22d0000000-7f22d002f000 rw-p 00000000 00:00 0 
7f22d002f000-7f22d4000000 ---p 00000000 00:00 0 
7f22d4000000-7f22d4021000 rw-p 00000000 00:00 0 
7f22d4021000-7f22d8000000 ---p 00000000 00:00 0 
7f22d8000000-7f22d8021000 rw-p 00000000 00:00 0 
7f22d8021000-7f22dc000000 ---p 00000000 00:00 0 
7f22dd1a2000-7f22dd1a5000 ---p 00000000 00:00 0 
7f22dd1a5000-7f22dd2a3000 rw-p 00000000 00:00 0 
7f22dd2a3000-7f22dd2a6000 ---p 00000000 00:00 0 
7f22dd2a6000-7f22dd524000 rw-p 00000000 00:00 0                          [stack:7691]
7f22dd524000-7f22dd5a7000 ---p 00000000 00:00 0 
7f22dd5a7000-7f22dd6a5000 rw-p 00000000 00:00 0 
7f22dd6a5000-7f22dd6bc000 r-xp 00000000 08:06 15602148                   /lib/x86_64-linux-gnu/libresolv-2.19.so
7f22dd6bc000-7f22dd8bc000 ---p 00017000 08:06 15602148                   /lib/x86_64-linux-gnu/libresolv-2.19.so
7f22dd8bc000-7f22dd8bd000 r--p 00017000 08:06 15602148                   /lib/x86_64-linux-gnu/libresolv-2.19.so
7f22dd8bd000-7f22dd8be000 rw-p 00018000 08:06 15602148                   /lib/x86_64-linux-gnu/libresolv-2.19.so
7f22dd8be000-7f22dd8c0000 rw-p 00000000 00:00 0 
7f22dd8c0000-7f22dd8c5000 r-xp 00000000 08:06 15602324                   /lib/x86_64-linux-gnu/libnss_dns-2.19.so
7f22dd8c5000-7f22ddac4000 ---p 00005000 08:06 15602324                   /lib/x86_64-linux-gnu/libnss_dns-2.19.so
7f22ddac4000-7f22ddac5000 r--p 00004000 08:06 15602324                   /lib/x86_64-linux-gnu/libnss_dns-2.19.so
7f22ddac5000-7f22ddac6000 rw-p 00005000 08:06 15602324                   /lib/x86_64-linux-gnu/libnss_dns-2.19.so
7f22ddac6000-7f22ddac8000 r-xp 00000000 08:06 15601607                   /lib/x86_64-linux-gnu/libnss_mdns4_minimal.so.2
7f22ddac8000-7f22ddcc7000 ---p 00002000 08:06 15601607                   /lib/x86_64-linux-gnu/libnss_mdns4_minimal.so.2
7f22ddcc7000-7f22ddcc8000 r--p 00001000 08:06 15601607                   /lib/x86_64-linux-gnu/libnss_mdns4_minimal.so.2
7f22ddcc8000-7f22ddcc9000 rw-p 00002000 08:06 15601607                   /lib/x86_64-linux-gnu/libnss_mdns4_minimal.so.2
7f22ddcc9000-7f22ddec9000 rw-p 00000000 00:00 0 
7f22ddec9000-7f22ddecc000 ---p 00000000 00:00 0 
7f22ddecc000-7f22ddfca000 rw-p 00000000 00:00 0                          [stack:7688]
7f22ddfca000-7f22ddfcd000 ---p 00000000 00:00 0 
7f22ddfcd000-7f22de0cb000 rw-p 00000000 00:00 0                          [stack:7687]
7f22de0cb000-7f22de0ce000 ---p 00000000 00:00 0 
7f22de0ce000-7f22de3cc000 rw-p 00000000 00:00 0                          [stack:7686]
7f22de3cc000-7f22de5cc000 rw-p 00000000 00:00 0 
7f22de5cc000-7f22de7cc000 rw-p 00000000 00:00 0 
7f22de7cc000-7f22de7cf000 ---p 00000000 00:00 0 
7f22de7cf000-7f22de8cd000 rw-p 00000000 00:00 0 
7f22de8cd000-7f22de8d0000 ---p 00000000 00:00 0 
7f22de8d0000-7f22de9ce000 rw-p 00000000 00:00 0 
7f22de9f0000-7f22de9f3000 ---p 00000000 00:00 0 
7f22de9f3000-7f22deaf1000 rw-p 00000000 00:00 0                          [stack:7685]
7f22deaf1000-7f22deaf4000 ---p 00000000 00:00 0 
7f22deaf4000-7f22debf2000 rw-p 00000000 00:00 0 
7f22debf2000-7f22debf5000 ---p 00000000 00:00 0 
7f22debf5000-7f22decf3000 rw-p 00000000 00:00 0 
7f22decf3000-7f22decf6000 ---p 00000000 00:00 0 
7f22decf6000-7f22dedf4000 rw-p 00000000 00:00 0                          [stack:7677]
7f22dedf4000-7f22dedf7000 ---p 00000000 00:00 0 
7f22dedf7000-7f22df0f5000 rw-p 00000000 00:00 0 
7f22df0f5000-7f22df0f8000 ---p 00000000 00:00 0 
7f22df0f8000-7f22df1f6000 rw-p 00000000 00:00 0 
7f22df1f6000-7f22df1f9000 ---p 00000000 00:00 0 
7f22df1f9000-7f22df2f7000 rw-p 00000000 00:00 0 
7f22df2f7000-7f22df2fa000 ---p 00000000 00:00 0 
7f22df2fa000-7f22df3f8000 rw-p 00000000 00:00 0 
7f22df3f8000-7f22df3fb000 ---p 00000000 00:00 0 
7f22df3fb000-7f22df4f9000 rw-p 00000000 00:00 0 
7f22df4f9000-7f22df4fc000 ---p 00000000 00:00 0 
7f22df4fc000-7f22df5fa000 rw-p 00000000 00:00 0 
7f22df5fa000-7f22df5fd000 ---p 00000000 00:00 0 
7f22df5fd000-7f22df6fb000 rw-p 00000000 00:00 0 
7f22df6fb000-7f22df6fe000 ---p 00000000 00:00 0 
7f22df6fe000-7f22df7fc000 rw-p 00000000 00:00 0 
7f22df7fc000-7f22df7ff000 ---p 00000000 00:00 0 
7f22df7ff000-7f22df8fd000 rw-p 00000000 00:00 0 
7f22df8fd000-7f22df900000 ---p 00000000 00:00 0 
7f22df900000-7f22df9fe000 rw-p 00000000 00:00 0 
7f22df9fe000-7f22dfa01000 ---p 00000000 00:00 0 
7f22dfa01000-7f22dfcff000 rw-p 00000000 00:00 0 
7f22dfcff000-7f22dfeff000 rw-p 00000000 00:00 0 
7f22dfeff000-7f22dff02000 ---p 00000000 00:00 0 
7f22dff02000-7f22e0000000 rw-p 00000000 00:00 0                          [stack:7758]
7f22e0000000-7f22e0612000 rw-p 00000000 00:00 0 
7f22e0612000-7f22e4000000 ---p 00000000 00:00 0 
7f22e4000000-7f22e4024000 rw-p 00000000 00:00 0 
7f22e4024000-7f22e8000000 ---p 00000000 00:00 0 
7f22e8000000-7f22e901b000 rw-p 00000000 00:00 0 
7f22e901b000-7f22ec000000 ---p 00000000 00:00 0 
7f22ec000000-7f22ec021000 rw-p 00000000 00:00 0 
7f22ec021000-7f22f0000000 ---p 00000000 00:00 0 
7f22f0000000-7f22f0021000 rw-p 00000000 00:00 0 
7f22f0021000-7f22f4000000 ---p 00000000 00:00 0 
7f22f4000000-7f22f4021000 rw-p 00000000 00:00 0 
7f22f4021000-7f22f8000000 ---p 00000000 00:00 0 
7f22f8000000-7f22f8021000 rw-p 00000000 00:00 0 
7f22f8021000-7f22fc000000 ---p 00000000 00:00 0 
7f22fc000000-7f22fc021000 rw-p 00000000 00:00 0 
7f22fc021000-7f2300000000 ---p 00000000 00:00 0 
7f2300000000-7f230005d000 rw-p 00000000 00:00 0 
7f230005d000-7f2304000000 ---p 00000000 00:00 0 
7f2304000000-7f2304021000 rw-p 00000000 00:00 0 
7f2304021000-7f2308000000 ---p 00000000 00:00 0 
7f2308000000-7f2308021000 rw-p 00000000 00:00 0 
7f2308021000-7f230c000000 ---p 00000000 00:00 0 
7f230c000000-7f230c021000 rw-p 00000000 00:00 0 
7f230c021000-7f2310000000 ---p 00000000 00:00 0 
7f2310000000-7f2310021000 rw-p 00000000 00:00 0 
7f2310021000-7f2314000000 ---p 00000000 00:00 0 
7f2314000000-7f2314021000 rw-p 00000000 00:00 0 
7f2314021000-7f2318000000 ---p 00000000 00:00 0 
7f2318000000-7f23180b3000 rw-p 00000000 00:00 0 
7f23180b3000-7f231c000000 ---p 00000000 00:00 0 
7f231c002000-7f231c202000 rw-p 00000000 00:00 0 
7f231c202000-7f231c209000 r--s 00000000 08:06 15863595                   /usr/lib/x86_64-linux-gnu/gconv/gconv-modules.cache
7f231c209000-7f231c409000 rw-p 00000000 00:00 0 
7f231c409000-7f231c40c000 ---p 00000000 00:00 0 
7f231c40c000-7f231c50a000 rw-p 00000000 00:00 0 
7f231c618000-7f231c61b000 ---p 00000000 00:00 0 
7f231c61b000-7f231c919000 rw-p 00000000 00:00 0                          [stack:7661]
7f231c919000-7f231cb19000 rw-p 00000000 00:00 0 
7f231cb19000-7f231cd19000 rw-p 00000000 00:00 0 
7f231cd19000-7f231cd1c000 ---p 00000000 00:00 0 
7f231cd1c000-7f231d01a000 rw-p 00000000 00:00 0 
7f231d01a000-7f231d21a000 rw-p 00000000 00:00 0 
7f231d21a000-7f231d21c000 r--s 00003000 08:06 660443                     /usr/local/development/dev-7-7/Ignition/IgnitionWebApp/src/main/home/temp/sfc-gateway-api7491905650219129355.jar
7f231d21c000-7f231d21f000 r--s 00019000 08:06 660442                     /usr/local/development/dev-7-7/Ignition/IgnitionWebApp/src/main/home/temp/sfc-gateway7667725294462407086.jar
7f231d21f000-7f231d222000 r--s 00016000 08:06 659385                     /usr/local/development/dev-7-7/Ignition/IgnitionWebApp/src/main/home/temp/sfc-common2276792495157320861.jar
7f231d222000-7f231d226000 r--s 000be000 08:06 659376                     /usr/local/development/dev-7-7/Ignition/IgnitionWebApp/src/main/home/temp/vis-gateway4019805260515916049.jar
7f231d226000-7f231d22e000 r--s 0009e000 08:06 657830                     /usr/local/development/dev-7-7/Ignition/IgnitionWebApp/src/main/home/temp/secsgem-gateway6469103221146816019.jar
7f231d22e000-7f231d42e000 rw-p 00000000 00:00 0 
7f231d630000-7f231d633000 ---p 00000000 00:00 0 
7f231d633000-7f231d731000 rw-p 00000000 00:00 0 
7f231d731000-7f231d734000 ---p 00000000 00:00 0 
7f231d734000-7f231d832000 rw-p 00000000 00:00 0 
7f231d832000-7f231d835000 ---p 00000000 00:00 0 
7f231d835000-7f231db33000 rw-p 00000000 00:00 0 
7f231db33000-7f231db46000 r--s 00345000 08:06 20582253                   /usr/lib/jvm/jdk1.8.0_20/jre/lib/resources.jar
7f231db46000-7f231db49000 ---p 00000000 00:00 0 
7f231db49000-7f231de48000 rw-p 00000000 00:00 0 
7f231de48000-7f231de49000 r--s 00002000 08:06 659380                     /usr/local/development/dev-7-7/Ignition/IgnitionWebApp/src/main/home/temp/vis-common6921730042128970202.jar
7f231de49000-7f231de4a000 r--s 00004000 08:06 658862                     /usr/local/development/dev-7-7/Ignition/IgnitionWebApp/src/main/home/temp/secsgem-shared8904156702138680792.jar
7f231de4a000-7f231de4b000 r--s 00000000 08:06 2374863                    /usr/local/development/dev-7-7/Ignition/IgnitionWebApp/target/ignition-webapp-7.7/WEB-INF/lib/xopc-common-2.7.2-SNAPSHOT.jar
7f231de4b000-7f231de63000 r--s 000f6000 08:06 2374859                    /usr/local/development/dev-7-7/Ignition/IgnitionWebApp/target/ignition-webapp-7.7/WEB-INF/lib/xopc-2.7.2-SNAPSHOT.jar
7f231de63000-7f231de70000 r--s 000a0000 08:06 2374890                    /usr/local/development/dev-7-7/Ignition/IgnitionWebApp/target/ignition-webapp-7.7/WEB-INF/lib/winpack-3.8.3.jar
7f231de70000-7f231de7a000 r--s 0005c000 08:06 2365026                    /usr/local/development/dev-7-7/Ignition/IgnitionWebApp/target/ignition-webapp-7.7/WEB-INF/lib/wicket-util-6.1.1.jar
7f231de7a000-7f231de7d000 r--s 00012000 08:06 2365027                    /usr/local/development/dev-7-7/Ignition/IgnitionWebApp/target/ignition-webapp-7.7/WEB-INF/lib/wicket-request-6.1.1.jar
7f231de7d000-7f231de8f000 r--s 00138000 08:06 2374825                    /usr/local/development/dev-7-7/Ignition/IgnitionWebApp/target/ignition-webapp-7.7/WEB-INF/lib/wicket-extensions-6.1.1.jar
7f231de8f000-7f231de92000 r--s 00038000 08:06 2374824                    /usr/local/development/dev-7-7/Ignition/IgnitionWebApp/target/ignition-webapp-7.7/WEB-INF/lib/wicket-datetime-6.1.1.jar
7f231de92000-7f231deb5000 r--s 001a3000 08:06 2365025                    /usr/local/development/dev-7-7/Ignition/IgnitionWebApp/target/ignition-webapp-7.7/WEB-INF/lib/wicket-core-6.1.1.jar
7f231deb5000-7f231deb7000 r--s 0012e000 08:06 2374875                    /usr/local/development/dev-7-7/Ignition/IgnitionWebApp/target/ignition-webapp-7.7/WEB-INF/lib/voice-cmu-slt-hsmm-5.0.jar
7f231deb7000-7f231deb8000 r--s 00006000 08:06 2374865                    /usr/local/development/dev-7-7/Ignition/IgnitionWebApp/target/ignition-webapp-7.7/WEB-INF/lib/user-manual-module-1.7.0-20131026.004611-6.jar
7f231deb8000-7f231deb9000 r--s 00268000 08:06 2374876                    /usr/local/development/dev-7-7/Ignition/IgnitionWebApp/target/ignition-webapp-7.7/WEB-INF/lib/ttsengine-ivona-2.7.2-SNAPSHOT.jar
7f231deb9000-7f231debc000 r--s 00017000 08:06 2374845                    /usr/local/development/dev-7-7/Ignition/IgnitionWebApp/target/ignition-webapp-7.7/WEB-INF/lib/timingframework-1.0.jar
7f231debc000-7f231debe000 r--s 00001000 08:06 2365014                    /usr/local/development/dev-7-7/Ignition/IgnitionWebApp/target/ignition-webapp-7.7/WEB-INF/lib/slf4j-log4j12-1.7.5.jar
7f231debe000-7f231dec0000 r--s 00005000 08:06 2365013                    /usr/local/development/dev-7-7/Ignition/IgnitionWebApp/target/ignition-webapp-7.7/WEB-INF/lib/slf4j-api-1.7.5.jar
7f231dec0000-7f231deca000 r--s 00061000 08:06 2374872                    /usr/local/development/dev-7-7/Ignition/IgnitionWebApp/target/ignition-webapp-7.7/WEB-INF/lib/sip-notification-2.7.2-SNAPSHOT.jar
7f231deca000-7f231decd000 r--s 0001f000 08:06 4198523                    /usr/local/development/dev-7-7/Ignition/IgnitionWebApp/target/ignition-webapp-7.7/WEB-INF/lib/simple-orm-7.7.2-SNAPSHOT.jar
7f231decd000-7f231decf000 r--s 00003000 08:06 2374881                    /usr/local/development/dev-7-7/Ignition/IgnitionWebApp/target/ignition-webapp-7.7/WEB-INF/lib/sfc-gateway-api-1.7.1-SNAPSHOT.jar
7f231decf000-7f231ded2000 r--s 00019000 08:06 2374880                    /usr/local/development/dev-7-7/Ignition/IgnitionWebApp/target/ignition-webapp-7.7/WEB-INF/lib/sfc-gateway-1.7.1-SNAPSHOT.jar
7f231ded2000-7f231ded5000 r--s 00016000 08:06 2374882                    /usr/local/development/dev-7-7/Ignition/IgnitionWebApp/target/ignition-webapp-7.7/WEB-INF/lib/sfc-common-1.7.1-SNAPSHOT.jar
7f231ded5000-7f231ded7000 r--s 0000f000 08:06 2374885                    /usr/local/development/dev-7-7/Ignition/IgnitionWebApp/target/ignition-webapp-7.7/WEB-INF/lib/serialio-8.7.0.jar
7f231ded7000-7f231ded9000 r--s 00028000 08:06 2374883                    /usr/local/development/dev-7-7/Ignition/IgnitionWebApp/target/ignition-webapp-7.7/WEB-INF/lib/serial-support-gateway-2.7.2-SNAPSHOT.jar
7f231ded9000-7f231dedb000 r--s 00002000 08:06 2374884                    /usr/local/development/dev-7-7/Ignition/IgnitionWebApp/target/ignition-webapp-7.7/WEB-INF/lib/serial-support-common-2.7.2-SNAPSHOT.jar
7f231dedb000-7f231dee0000 r--s 0003e000 08:06 2374832                    /usr/local/development/dev-7-7/Ignition/IgnitionWebApp/target/ignition-webapp-7.7/WEB-INF/lib/saaj-impl-1.3.jar
7f231dee0000-7f231dee2000 r--s 00003000 08:06 2374833                    /usr/local/development/dev-7-7/Ignition/IgnitionWebApp/target/ignition-webapp-7.7/WEB-INF/lib/saaj-api-1.3.jar
7f231dee2000-7f231deec000 r--s 0005c000 08:06 2374887                    /usr/local/development/dev-7-7/Ignition/IgnitionWebApp/target/ignition-webapp-7.7/WEB-INF/lib/opccom-gateway-2.7.2-SNAPSHOT.jar
7f231deec000-7f231deed000 r--s 00001000 08:06 2374886                    /usr/local/development/dev-7-7/Ignition/IgnitionWebApp/target/ignition-webapp-7.7/WEB-INF/lib/opccom-common-2.7.2-SNAPSHOT.jar
7f231deed000-7f231def2000 r--s 00086000 08:06 2374878                    /usr/local/development/dev-7-7/Ignition/IgnitionWebApp/target/ignition-webapp-7.7/WEB-INF/lib/mobile-gateway-2.7.2-SNAPSHOT.jar
7f231def2000-7f231def4000 r--s 00002000 08:06 2374879                    /usr/local/development/dev-7-7/Ignition/IgnitionWebApp/target/ignition-webapp-7.7/WEB-INF/lib/mobile-common-2.7.2-SNAPSHOT.jar
7f231def4000-7f231def5000 r--s 00003000 08:06 2374849                    /usr/local/development/dev-7-7/Ignition/IgnitionWebApp/target/ignition-webapp-7.7/WEB-INF/lib/miglayout-swing-4.2.jar
7f231def5000-7f231def7000 r--s 0000f000 08:06 2374850                    /usr/local/development/dev-7-7/Ignition/IgnitionWebApp/target/ignition-webapp-7.7/WEB-INF/lib/miglayout-core-4.2.jar
7f231def7000-7f231defa000 r--s 00012000 08:06 2365017                    /usr/local/development/dev-7-7/Ignition/IgnitionWebApp/target/ignition-webapp-7.7/WEB-INF/lib/metrics-core-3.0.1.jar
7f231defa000-7f231df69000 r--s 007bb000 08:06 2374873                    /usr/local/development/dev-7-7/Ignition/IgnitionWebApp/target/ignition-webapp-7.7/WEB-INF/lib/marytts-server-5.0.jar
7f231df69000-7f231df6c000 r--s 0069c000 08:06 2374874                    /usr/local/development/dev-7-7/Ignition/IgnitionWebApp/target/ignition-webapp-7.7/WEB-INF/lib/marytts-lang-en-5.0.jar
7f231df6c000-7f231df74000 r--s 00075000 08:06 2374828                    /usr/local/development/dev-7-7/Ignition/IgnitionWebApp/target/ignition-webapp-7.7/WEB-INF/lib/mail-1.4.5.jar
7f231df74000-7f231df7d000 r--s 0006f000 08:06 2374892                    /usr/local/development/dev-7-7/Ignition/IgnitionWebApp/target/ignition-webapp-7.7/WEB-INF/lib/log4j-1.2.17.jar
7f231df7d000-7f231df84000 r--s 00059000 08:06 2365012                    /usr/local/development/dev-7-7/Ignition/IgnitionWebApp/target/ignition-webapp-7.7/WEB-INF/lib/log4j-1.2.15.jar
7f231df84000-7f231e021000 r--s 0082e000 08:06 2365008                    /usr/local/development/dev-7-7/Ignition/IgnitionWebApp/target/ignition-webapp-7.7/WEB-INF/lib/jython-2.5.3-guava-upgrade.jar
7f231e021000-7f231e022000 r--s 00001000 08:06 2365015                    /usr/local/development/dev-7-7/Ignition/IgnitionWebApp/target/ignition-webapp-7.7/WEB-INF/lib/jul-to-slf4j-1.7.5.jar
7f231e022000-7f231e028000 r--s 00036000 08:06 2374826                    /usr/local/development/dev-7-7/Ignition/IgnitionWebApp/target/ignition-webapp-7.7/WEB-INF/lib/jquery-ui-core-6.1.0.jar
7f231e028000-7f231e037000 r--s 0007c000 08:06 2365018                    /usr/local/development/dev-7-7/Ignition/IgnitionWebApp/target/ignition-webapp-7.7/WEB-INF/lib/joda-time-2.0.jar
7f231e037000-7f231e03b000 r--s 00037000 08:06 2374889                    /usr/local/development/dev-7-7/Ignition/IgnitionWebApp/target/ignition-webapp-7.7/WEB-INF/lib/jniwrap-3.8.3.jar
7f231e03b000-7f231e03d000 r--s 00011000 08:06 2374858                    /usr/local/development/dev-7-7/Ignition/IgnitionWebApp/target/ignition-webapp-7.7/WEB-INF/lib/jide-shortcut-3.5.13.jar
7f231e03d000-7f231e041000 r--s 00022000 08:06 2374853                    /usr/local/development/dev-7-7/Ignition/IgnitionWebApp/target/ignition-webapp-7.7/WEB-INF/lib/jide-plaf-3.5.13.jar
7f231e041000-7f231e067000 r--s 001da000 08:06 2374852                    /usr/local/development/dev-7-7/Ignition/IgnitionWebApp/target/ignition-webapp-7.7/WEB-INF/lib/jide-grids-3.5.13.jar
7f231e067000-7f231e071000 r--s 00061000 08:06 2374857                    /usr/local/development/dev-7-7/Ignition/IgnitionWebApp/target/ignition-webapp-7.7/WEB-INF/lib/jide-editor-3.5.13.jar
7f231e071000-7f231e077000 r--s 0004f000 08:06 2374856                    /usr/local/development/dev-7-7/Ignition/IgnitionWebApp/target/ignition-webapp-7.7/WEB-INF/lib/jide-dock-3.5.13.jar
7f231e077000-7f231e079000 r--s 0000c000 08:06 2374855                    /usr/local/development/dev-7-7/Ignition/IgnitionWebApp/target/ignition-webapp-7.7/WEB-INF/lib/jide-dialogs-3.5.13.jar
7f231e079000-7f231e081000 r--s 00055000 08:06 2374851                    /usr/local/development/dev-7-7/Ignition/IgnitionWebApp/target/ignition-webapp-7.7/WEB-INF/lib/jide-components-3.5.13.jar
7f231e081000-7f231e09e000 r--s 00155000 08:06 2365016                    /usr/local/development/dev-7-7/Ignition/IgnitionWebApp/target/ignition-webapp-7.7/WEB-INF/lib/jide-common-3.5.13.jar
7f231e09e000-7f231e0a3000 r--s 0002f000 08:06 2374854                    /usr/local/development/dev-7-7/Ignition/IgnitionWebApp/target/ignition-webapp-7.7/WEB-INF/lib/jide-action-3.5.13.jar
7f231e0a3000-7f231e0b7000 r--s 0017c000 08:06 2374847                    /usr/local/development/dev-7-7/Ignition/IgnitionWebApp/target/ignition-webapp-7.7/WEB-INF/lib/jfreechart-min-1.0.0.jar
7f231e0b7000-7f231e0b9000 r--s 00004000 08:06 2374834                    /usr/local/development/dev-7-7/Ignition/IgnitionWebApp/target/ignition-webapp-7.7/WEB-INF/lib/jaxrpc-spi-1.1.3_01.jar
7f231e0b9000-7f231e0d6000 r--s 001ea000 08:06 2374830                    /usr/local/development/dev-7-7/Ignition/IgnitionWebApp/target/ignition-webapp-7.7/WEB-INF/lib/jaxrpc-impl-1.1.3_01.jar
7f231e0d6000-7f231e0d8000 r--s 00005000 08:06 2374831                    /usr/local/development/dev-7-7/Ignition/IgnitionWebApp/target/ignition-webapp-7.7/WEB-INF/lib/jaxrpc-api-1.1.jar
7f231e0d8000-7f231e0da000 r--s 00013000 08:06 2365010                    /usr/local/development/dev-7-7/Ignition/IgnitionWebApp/target/ignition-webapp-7.7/WEB-INF/lib/java-cup-10k.jar
7f231e0da000-7f231e0db000 r--s 00003000 08:06 2374877                    /usr/local/development/dev-7-7/Ignition/IgnitionWebApp/target/ignition-webapp-7.7/WEB-INF/lib/ivonatts-1.0.0.jar
7f231e0db000-7f231e0dd000 r--s 00001000 08:06 2374862                    /usr/local/development/dev-7-7/Ignition/IgnitionWebApp/target/ignition-webapp-7.7/WEB-INF/lib/io-session-3.0.0-20130122.214435-9.jar
7f231e0dd000-7f231e0e8000 r--s 00073000 08:06 2374861                    /usr/local/development/dev-7-7/Ignition/IgnitionWebApp/target/ignition-webapp-7.7/WEB-INF/lib/ia-opcua-2.7.2-SNAPSHOT.jar
7f231e0e8000-7f231e0f6000 r--s 0014e000 08:06 2374827                    /usr/local/development/dev-7-7/Ignition/IgnitionWebApp/target/ignition-webapp-7.7/WEB-INF/lib/hsqldb-2.2.9.jar
7f231e0f6000-7f231e0f7000 r--s 00001000 08:06 2374843                    /usr/local/development/dev-7-7/Ignition/IgnitionWebApp/target/ignition-webapp-7.7/WEB-INF/lib/hasp-srm-api-1.0.0.jar
7f231e0f7000-7f231e11b000 r--s 001aa000 08:06 2365006                    /usr/local/development/dev-7-7/Ignition/IgnitionWebApp/target/ignition-webapp-7.7/WEB-INF/lib/guava-13.0.1.jar
7f231e11b000-7f231e140000 r--s 00155000 08:06 4198524                    /usr/local/development/dev-7-7/Ignition/IgnitionWebApp/target/ignition-webapp-7.7/WEB-INF/lib/gateway-api-7.7.2-SNAPSHOT.jar
7f231e140000-7f231e175000 r--s 00273000 08:06 4198548                    /usr/local/development/dev-7-7/Ignition/IgnitionWebApp/target/ignition-webapp-7.7/WEB-INF/lib/gateway-7.7.2-SNAPSHOT.jar
7f231e175000-7f231e179000 r--s 00016000 08:06 2374866                    /usr/local/development/dev-7-7/Ignition/IgnitionWebApp/target/ignition-webapp-7.7/WEB-INF/lib/fsql-common-6.7.2-SNAPSHOT.jar
7f231e179000-7f231e181000 r--s 001ca000 08:06 2374867                    /usr/local/development/dev-7-7/Ignition/IgnitionWebApp/target/ignition-webapp-7.7/WEB-INF/lib/fsql-6.7.2-SNAPSHOT.jar
7f231e181000-7f231e185000 r--s 000be000 08:06 4198549                    /usr/local/development/dev-7-7/Ignition/IgnitionWebApp/target/ignition-webapp-7.7/WEB-INF/lib/fpmi-gateway-7.7.2-SNAPSHOT.jar
7f231e185000-7f231e186000 r--s 00001000 08:06 4198528                    /usr/local/development/dev-7-7/Ignition/IgnitionWebApp/target/ignition-webapp-7.7/WEB-INF/lib/fpmi-common-7.7.2-SNAPSHOT.jar
7f231e186000-7f231e189000 r--s 00013000 08:06 2374846                    /usr/local/development/dev-7-7/Ignition/IgnitionWebApp/target/ignition-webapp-7.7/WEB-INF/lib/forms-1.0.7.jar
7f231e189000-7f231e18b000 r--s 00003000 08:06 2374864                    /usr/local/development/dev-7-7/Ignition/IgnitionWebApp/target/ignition-webapp-7.7/WEB-INF/lib/drivers-common-2.7.2-SNAPSHOT.jar
7f231e18b000-7f231e192000 r--s 0002f000 08:06 2374860                    /usr/local/development/dev-7-7/Ignition/IgnitionWebApp/target/ignition-webapp-7.7/WEB-INF/lib/driver-api-2.7.2-SNAPSHOT.jar
7f231e192000-7f231e1e8000 r--s 00512000 08:06 4198527                    /usr/local/development/dev-7-7/Ignition/IgnitionWebApp/target/ignition-webapp-7.7/WEB-INF/lib/designer-7.7.2-SNAPSHOT.jar
7f231e1e8000-7f231e1ea000 r--s 00007000 08:06 2365011                    /usr/local/development/dev-7-7/Ignition/IgnitionWebApp/target/ignition-webapp-7.7/WEB-INF/lib/cron4j-2.2.3.jar
7f231e1ea000-7f231e1f1000 r--s 00054000 08:06 2365009                    /usr/local/development/dev-7-7/Ignition/IgnitionWebApp/target/ignition-webapp-7.7/WEB-INF/lib/core-1.7.jar
7f231e1f1000-7f231e1f4000 r--s 00013000 08:06 2374842                    /usr/local/development/dev-7-7/Ignition/IgnitionWebApp/target/ignition-webapp-7.7/WEB-INF/lib/commons-pool-1.4.jar
7f231e1f4000-7f231e1f6000 r--s 0000d000 08:06 2365022                    /usr/local/development/dev-7-7/Ignition/IgnitionWebApp/target/ignition-webapp-7.7/WEB-INF/lib/commons-logging-1.1.1.jar
7f231e1f6000-7f231e227000 r--s 001ea000 08:06 4198529                    /usr/local/development/dev-7-7/Ignition/IgnitionWebApp/target/ignition-webapp-7.7/WEB-INF/lib/common-7.7.2-SNAPSHOT.jar
7f231e227000-7f231e22a000 ---p 00000000 00:00 0 
7f231e22a000-7f231e528000 rw-p 00000000 00:00 0 
7f231e528000-7f231e52b000 ---p 00000000 00:00 0 
7f231e52b000-7f231e629000 rw-p 00000000 00:00 0                          [stack:7645]
7f231e629000-7f231e62c000 ---p 00000000 00:00 0 
7f231e62c000-7f231e72a000 rw-p 00000000 00:00 0                          [stack:7644]
7f231e72a000-7f231e72d000 ---p 00000000 00:00 0 
7f231e72d000-7f231e82b000 rw-p 00000000 00:00 0                          [stack:7643]
7f231e82b000-7f231e82e000 ---p 00000000 00:00 0 
7f231e82e000-7f231e92c000 rw-p 00000000 00:00 0                          [stack:7642]
7f231e92c000-7f231e92f000 ---p 00000000 00:00 0 
7f231e92f000-7f231ea2d000 rw-p 00000000 00:00 0                          [stack:7641]
7f231ea2d000-7f231ea30000 ---p 00000000 00:00 0 
7f231ea30000-7f231eb2e000 rw-p 00000000 00:00 0                          [stack:7640]
7f231eb2e000-7f231eb31000 ---p 00000000 00:00 0 
7f231eb31000-7f231ec2f000 rw-p 00000000 00:00 0 
7f231ec2f000-7f231ec45000 r-xp 00000000 08:06 15602357                   /lib/x86_64-linux-gnu/libgcc_s.so.1
7f231ec45000-7f231ee44000 ---p 00016000 08:06 15602357                   /lib/x86_64-linux-gnu/libgcc_s.so.1
7f231ee44000-7f231ee45000 rw-p 00015000 08:06 15602357                   /lib/x86_64-linux-gnu/libgcc_s.so.1
7f231ee45000-7f231ee77000 r-xp 00000000 08:06 20582265                   /usr/lib/jvm/jdk1.8.0_20/jre/lib/amd64/libsunec.so
7f231ee77000-7f231f076000 ---p 00032000 08:06 20582265                   /usr/lib/jvm/jdk1.8.0_20/jre/lib/amd64/libsunec.so
7f231f076000-7f231f07c000 rw-p 00031000 08:06 20582265                   /usr/lib/jvm/jdk1.8.0_20/jre/lib/amd64/libsunec.so
7f231f07c000-7f231f28c000 rw-p 00000000 00:00 0 
7f231f28c000-7f231f291000 r-xp 00000000 08:06 15211194                   /usr/lib/x86_64-linux-gnu/libXdmcp.so.6.0.0
7f231f291000-7f231f490000 ---p 00005000 08:06 15211194                   /usr/lib/x86_64-linux-gnu/libXdmcp.so.6.0.0
7f231f490000-7f231f491000 r--p 00004000 08:06 15211194                   /usr/lib/x86_64-linux-gnu/libXdmcp.so.6.0.0
7f231f491000-7f231f492000 rw-p 00005000 08:06 15211194                   /usr/lib/x86_64-linux-gnu/libXdmcp.so.6.0.0
7f231f492000-7f231f494000 r-xp 00000000 08:06 15211183                   /usr/lib/x86_64-linux-gnu/libXau.so.6.0.0
7f231f494000-7f231f694000 ---p 00002000 08:06 15211183                   /usr/lib/x86_64-linux-gnu/libXau.so.6.0.0
7f231f694000-7f231f695000 r--p 00002000 08:06 15211183                   /usr/lib/x86_64-linux-gnu/libXau.so.6.0.0
7f231f695000-7f231f696000 rw-p 00003000 08:06 15211183                   /usr/lib/x86_64-linux-gnu/libXau.so.6.0.0
7f231f696000-7f231f6b3000 r-xp 00000000 08:06 15212358                   /usr/lib/x86_64-linux-gnu/libxcb.so.1.1.0
7f231f6b3000-7f231f8b3000 ---p 0001d000 08:06 15212358                   /usr/lib/x86_64-linux-gnu/libxcb.so.1.1.0
7f231f8b3000-7f231f8b4000 r--p 0001d000 08:06 15212358                   /usr/lib/x86_64-linux-gnu/libxcb.so.1.1.0
7f231f8b4000-7f231f8b5000 rw-p 0001e000 08:06 15212358                   /usr/lib/x86_64-linux-gnu/libxcb.so.1.1.0
7f231f8b5000-7f231f8c4000 r-xp 00000000 08:06 15211204                   /usr/lib/x86_64-linux-gnu/libXi.so.6.1.0
7f231f8c4000-7f231fac3000 ---p 0000f000 08:06 15211204                   /usr/lib/x86_64-linux-gnu/libXi.so.6.1.0
7f231fac3000-7f231fac4000 r--p 0000e000 08:06 15211204                   /usr/lib/x86_64-linux-gnu/libXi.so.6.1.0
7f231fac4000-7f231fac5000 rw-p 0000f000 08:06 15211204                   /usr/lib/x86_64-linux-gnu/libXi.so.6.1.0
7f231fac5000-7f231faca000 r-xp 00000000 08:06 15211222                   /usr/lib/x86_64-linux-gnu/libXtst.so.6.1.0
7f231faca000-7f231fcc9000 ---p 00005000 08:06 15211222                   /usr/lib/x86_64-linux-gnu/libXtst.so.6.1.0
7f231fcc9000-7f231fcca000 r--p 00004000 08:06 15211222                   /usr/lib/x86_64-linux-gnu/libXtst.so.6.1.0
7f231fcca000-7f231fccb000 rw-p 00005000 08:06 15211222                   /usr/lib/x86_64-linux-gnu/libXtst.so.6.1.0
7f231fccb000-7f231fdfb000 r-xp 00000000 08:06 15211179                   /usr/lib/x86_64-linux-gnu/libX11.so.6.3.0
7f231fdfb000-7f231fffb000 ---p 00130000 08:06 15211179                   /usr/lib/x86_64-linux-gnu/libX11.so.6.3.0
7f231fffb000-7f231fffc000 r--p 00130000 08:06 15211179                   /usr/lib/x86_64-linux-gnu/libX11.so.6.3.0
7f231fffc000-7f2320000000 rw-p 00131000 08:06 15211179                   /usr/lib/x86_64-linux-gnu/libX11.so.6.3.0
7f2320000000-7f2320021000 rw-p 00000000 00:00 0 
7f2320021000-7f2324000000 ---p 00000000 00:00 0 
7f2324000000-7f2324021000 rw-p 00000000 00:00 0 
7f2324021000-7f2328000000 ---p 00000000 00:00 0 
7f2328000000-7f2328021000 rw-p 00000000 00:00 0 
7f2328021000-7f232c000000 ---p 00000000 00:00 0 
7f232c000000-7f232c5c1000 rw-p 00000000 00:00 0 
7f232c5c1000-7f2330000000 ---p 00000000 00:00 0 
7f2330000000-7f2330021000 rw-p 00000000 00:00 0 
7f2330021000-7f2334000000 ---p 00000000 00:00 0 
7f2334000000-7f2334058000 rw-p 00000000 00:00 0 
7f2334058000-7f2338000000 ---p 00000000 00:00 0 
7f2338000000-7f2338021000 rw-p 00000000 00:00 0 
7f2338021000-7f233c000000 ---p 00000000 00:00 0 
7f233c000000-7f233c021000 rw-p 00000000 00:00 0 
7f233c021000-7f2340000000 ---p 00000000 00:00 0 
7f2340000000-7f2340021000 rw-p 00000000 00:00 0 
7f2340021000-7f2344000000 ---p 00000000 00:00 0 
7f2344000000-7f2344021000 rw-p 00000000 00:00 0 
7f2344021000-7f2348000000 ---p 00000000 00:00 0 
7f2348000000-7f2349c82000 rw-p 00000000 00:00 0 
7f2349c82000-7f234c000000 ---p 00000000 00:00 0 
7f234c000000-7f234cfca000 rw-p 00000000 00:00 0 
7f234cfca000-7f2350000000 ---p 00000000 00:00 0 
7f2350000000-7f2352c55000 rw-p 00000000 00:00 0 
7f2352c55000-7f2354000000 ---p 00000000 00:00 0 
7f2354000000-7f2355ffe000 rw-p 00000000 00:00 0 
7f2355ffe000-7f2358000000 ---p 00000000 00:00 0 
7f2358000000-7f23580c7000 rw-p 00000000 00:00 0 
7f23580c7000-7f235c000000 ---p 00000000 00:00 0 
7f235c000000-7f235c021000 rw-p 00000000 00:00 0 
7f235c021000-7f2360000000 ---p 00000000 00:00 0 
7f2360000000-7f2360021000 rw-p 00000000 00:00 0 
7f2360021000-7f2364000000 ---p 00000000 00:00 0 
7f2364000000-7f2364021000 rw-p 00000000 00:00 0 
7f2364021000-7f2368000000 ---p 00000000 00:00 0 
7f2368000000-7f2368021000 rw-p 00000000 00:00 0 
7f2368021000-7f236c000000 ---p 00000000 00:00 0 
7f236c000000-7f236c042000 rw-p 00000000 00:00 0 
7f236c042000-7f2370000000 ---p 00000000 00:00 0 
7f2370000000-7f23701f4000 rw-p 00000000 00:00 0 
7f23701f4000-7f2374000000 ---p 00000000 00:00 0 
7f2374000000-7f2374001000 r--s 00005000 08:06 2374893                    /usr/local/development/dev-7-7/Ignition/IgnitionWebApp/target/ignition-webapp-7.7/WEB-INF/lib/commons-logging-1.0.jar
7f2374001000-7f2374007000 r--s 00048000 08:06 2365005                    /usr/local/development/dev-7-7/Ignition/IgnitionWebApp/target/ignition-webapp-7.7/WEB-INF/lib/commons-lang3-3.1.jar
7f2374007000-7f2374009000 r--s 0000e000 08:06 2365023                    /usr/local/development/dev-7-7/Ignition/IgnitionWebApp/target/ignition-webapp-7.7/WEB-INF/lib/commons-lang-1.0.jar
7f2374009000-7f237400c000 r--s 00025000 08:06 2365004                    /usr/local/development/dev-7-7/Ignition/IgnitionWebApp/target/ignition-webapp-7.7/WEB-INF/lib/commons-io-2.1.jar
7f237400c000-7f237400f000 r--s 0000f000 08:06 2374840                    /usr/local/development/dev-7-7/Ignition/IgnitionWebApp/target/ignition-webapp-7.7/WEB-INF/lib/commons-discovery-0.2.jar
7f237400f000-7f2374011000 r--s 0001c000 08:06 2374841                    /usr/local/development/dev-7-7/Ignition/IgnitionWebApp/target/ignition-webapp-7.7/WEB-INF/lib/commons-dbcp-1.2.2.jar
7f2374011000-7f2374013000 r--s 00006000 08:06 2365021                    /usr/local/development/dev-7-7/Ignition/IgnitionWebApp/target/ignition-webapp-7.7/WEB-INF/lib/commons-cli-1.0.jar
7f2374013000-7f2374020000 r--s 00084000 08:06 2374888                    /usr/local/development/dev-7-7/Ignition/IgnitionWebApp/target/ignition-webapp-7.7/WEB-INF/lib/comfyj-2.9.jar
7f2374020000-7f2374025000 r--s 00030000 08:06 4198538                    /usr/local/development/dev-7-7/Ignition/IgnitionWebApp/target/ignition-webapp-7.7/WEB-INF/lib/client-bootstrap-7.7.2-SNAPSHOT.jar
7f2374025000-7f237404b000 r--s 001be000 08:06 4198550                    /usr/local/development/dev-7-7/Ignition/IgnitionWebApp/target/ignition-webapp-7.7/WEB-INF/lib/client-api-7.7.2-SNAPSHOT.jar
7f237404b000-7f237404c000 r--s 00004000 08:06 4198525                    /usr/local/development/dev-7-7/Ignition/IgnitionWebApp/target/ignition-webapp-7.7/WEB-INF/lib/bootstrap-7.7.2-SNAPSHOT-classes.jar
7f237404c000-7f2374074000 r--s 00196000 08:06 2365007                    /usr/local/development/dev-7-7/Ignition/IgnitionWebApp/target/ignition-webapp-7.7/WEB-INF/lib/bcprov-jdk16-unsigned-1.46-unsigned.jar
7f2374074000-7f2374079000 r--s 0003e000 08:06 2365019                    /usr/local/development/dev-7-7/Ignition/IgnitionWebApp/target/ignition-webapp-7.7/WEB-INF/lib/barcode4j-2.1.jar
7f2374079000-7f237407c000 r--s 0001c000 08:06 2374839                    /usr/local/development/dev-7-7/Ignition/IgnitionWebApp/target/ignition-webapp-7.7/WEB-INF/lib/axis-wsdl4j-1.5.1.jar
7f237407c000-7f237407d000 r--s 00004000 08:06 2374838                    /usr/local/development/dev-7-7/Ignition/IgnitionWebApp/target/ignition-webapp-7.7/WEB-INF/lib/axis-saaj-1.4.jar
7f237407d000-7f237407f000 r--s 00006000 08:06 2374837                    /usr/local/development/dev-7-7/Ignition/IgnitionWebApp/target/ignition-webapp-7.7/WEB-INF/lib/axis-jaxrpc-1.4.jar
7f237407f000-7f2374093000 r--s 00173000 08:06 2374836                    /usr/local/development/dev-7-7/Ignition/IgnitionWebApp/target/ignition-webapp-7.7/WEB-INF/lib/axis-1.4.jar
7f2374093000-7f2374095000 r--s 0000d000 08:06 2365020                    /usr/local/development/dev-7-7/Ignition/IgnitionWebApp/target/ignition-webapp-7.7/WEB-INF/lib/avalon-framework-impl-4.2.0.jar
7f2374095000-7f237409d000 r--s 00049000 08:06 2374848                    /usr/local/development/dev-7-7/Ignition/IgnitionWebApp/target/ignition-webapp-7.7/WEB-INF/lib/alloy-1.4.4.ia1.jar
7f237409d000-7f237409f000 r--s 00003000 08:06 2374869                    /usr/local/development/dev-7-7/Ignition/IgnitionWebApp/target/ignition-webapp-7.7/WEB-INF/lib/alarm-notification-gateway-api-2.7.2-SNAPSHOT.jar
7f237409f000-7f23740a5000 r--s 00032000 08:06 2374868                    /usr/local/development/dev-7-7/Ignition/IgnitionWebApp/target/ignition-webapp-7.7/WEB-INF/lib/alarm-notification-gateway-2.7.2-SNAPSHOT.jar
7f23740a5000-7f23740a6000 r--s 00004000 08:06 2374870                    /usr/local/development/dev-7-7/Ignition/IgnitionWebApp/target/ignition-webapp-7.7/WEB-INF/lib/alarm-notification-common-2.7.2-SNAPSHOT.jar
7f23740a6000-7f23740b0000 r--s 00036000 08:06 2374871                    /usr/local/development/dev-7-7/Ignition/IgnitionWebApp/target/ignition-webapp-7.7/WEB-INF/lib/airlink-sms-notification-2.7.2-SNAPSHOT.jar
7f23740b0000-7f23740b2000 r--s 0000d000 08:06 2374844                    /usr/local/development/dev-7-7/Ignition/IgnitionWebApp/target/ignition-webapp-7.7/WEB-INF/lib/activation-ws-1.0.0.jar
7f23740b2000-7f23740bb000 r-xp 00000000 08:06 15211216                   /usr/lib/x86_64-linux-gnu/libXrender.so.1.3.0
7f23740bb000-7f23742ba000 ---p 00009000 08:06 15211216                   /usr/lib/x86_64-linux-gnu/libXrender.so.1.3.0
7f23742ba000-7f23742bb000 r--p 00008000 08:06 15211216                   /usr/lib/x86_64-linux-gnu/libXrender.so.1.3.0
7f23742bb000-7f23742bc000 rw-p 00009000 08:06 15211216                   /usr/lib/x86_64-linux-gnu/libXrender.so.1.3.0
7f23742bc000-7f23742cd000 r-xp 00000000 08:06 15211196                   /usr/lib/x86_64-linux-gnu/libXext.so.6.4.0
7f23742cd000-7f23744cc000 ---p 00011000 08:06 15211196                   /usr/lib/x86_64-linux-gnu/libXext.so.6.4.0
7f23744cc000-7f23744cd000 r--p 00010000 08:06 15211196                   /usr/lib/x86_64-linux-gnu/libXext.so.6.4.0
7f23744cd000-7f23744ce000 rw-p 00011000 08:06 15211196                   /usr/lib/x86_64-linux-gnu/libXext.so.6.4.0
7f23744ce000-7f23744d0000 r--s 0000e000 08:06 2374829                    /usr/local/development/dev-7-7/Ignition/IgnitionWebApp/target/ignition-webapp-7.7/WEB-INF/lib/activation-1.1.jar
7f23744d0000-7f23744d9000 r--s 00069000 08:06 2374891                    /usr/local/development/dev-7-7/Ignition/IgnitionWebApp/target/ignition-webapp-7.7/WEB-INF/lib/ab-drivers-1.7.0-20131026.004154-8.jar
7f23744d9000-7f23744de000 r--s 0003c000 08:06 2374835                    /usr/local/development/dev-7-7/Ignition/IgnitionWebApp/target/ignition-webapp-7.7/WEB-INF/lib/FastInfoset-1.0.2.jar
7f23744de000-7f23744e3000 r--s 002f8000 08:06 20582247                   /usr/lib/jvm/jdk1.8.0_20/jre/lib/charsets.jar
7f23744e3000-7f23744e8000 r--s 0003f000 08:06 1185790                    /usr/lib/jvm/jdk1.8.0_20/jre/lib/ext/sunjce_provider.jar
7f23744e8000-7f23744eb000 r--s 0003a000 08:06 1185787                    /usr/lib/jvm/jdk1.8.0_20/jre/lib/ext/sunpkcs11.jar
7f23744eb000-7f23744ed000 r--s 0001a000 08:06 20582317                   /usr/lib/jvm/jdk1.8.0_20/jre/lib/jce.jar
7f23744ed000-7f2374541000 r-xp 00000000 08:06 20582307                   /usr/lib/jvm/jdk1.8.0_20/jre/lib/amd64/libawt_xawt.so
7f2374541000-7f2374741000 ---p 00054000 08:06 20582307                   /usr/lib/jvm/jdk1.8.0_20/jre/lib/amd64/libawt_xawt.so
7f2374741000-7f2374745000 rw-p 00054000 08:06 20582307                   /usr/lib/jvm/jdk1.8.0_20/jre/lib/amd64/libawt_xawt.so
7f2374745000-7f2374746000 rw-p 00000000 00:00 0 
7f2374746000-7f23747e8000 r-xp 00000000 08:06 20582293                   /usr/lib/jvm/jdk1.8.0_20/jre/lib/amd64/libawt.so
7f23747e8000-7f23749e8000 ---p 000a2000 08:06 20582293                   /usr/lib/jvm/jdk1.8.0_20/jre/lib/amd64/libawt.so
7f23749e8000-7f23749f4000 rw-p 000a2000 08:06 20582293                   /usr/lib/jvm/jdk1.8.0_20/jre/lib/amd64/libawt.so
7f23749f4000-7f2374a18000 rw-p 00000000 00:00 0 
7f2374a18000-7f2374a1b000 ---p 00000000 00:00 0 
7f2374a1b000-7f2374b19000 rw-p 00000000 00:00 0                          [stack:7637]
7f2374b19000-7f2374b1c000 ---p 00000000 00:00 0 
7f2374b1c000-7f2374c1a000 rw-p 00000000 00:00 0                          [stack:7638]
7f2374c1a000-7f2374c1d000 ---p 00000000 00:00 0 
7f2374c1d000-7f2374d1b000 rw-p 00000000 00:00 0 
7f2374d1b000-7f2374d1e000 ---p 00000000 00:00 0 
7f2374d1e000-7f2374e1c000 rw-p 00000000 00:00 0                          [stack:7632]
7f2374e1c000-7f2374e1f000 ---p 00000000 00:00 0 
7f2374e1f000-7f2374f1d000 rw-p 00000000 00:00 0 
7f2374f1d000-7f2374f27000 r--s 00116000 08:06 1185789                    /usr/lib/jvm/jdk1.8.0_20/jre/lib/ext/localedata.jar
7f2374f27000-7f2374f43000 r--s 00393000 08:06 1185783                    /usr/lib/jvm/jdk1.8.0_20/jre/lib/ext/cldrdata.jar
7f2374f43000-7f2375143000 rw-p 00000000 00:00 0 
7f2375143000-7f2375153000 r--s 0019c000 08:06 19532210                   /usr/local/development/dev-7-6/Ignition/Servers/apache-tomcat-6.0.36/lib/ecj-3.7.2.jar
7f2375153000-7f2375154000 ---p 00000000 00:00 0 
7f2375154000-7f2375254000 rw-p 00000000 00:00 0                          [stack:7629]
7f2375254000-7f2375257000 ---p 00000000 00:00 0 
7f2375257000-7f2375355000 rw-p 00000000 00:00 0                          [stack:7628]
7f2375355000-7f2375358000 ---p 00000000 00:00 0 
7f2375358000-7f2375456000 rw-p 00000000 00:00 0                          [stack:7627]
7f2375456000-7f2375459000 ---p 00000000 00:00 0 
7f2375459000-7f2375557000 rw-p 00000000 00:00 0                          [stack:7626]
7f2375557000-7f2375568000 r-xp 00000000 08:06 20582303                   /usr/lib/jvm/jdk1.8.0_20/jre/lib/amd64/libnio.so
7f2375568000-7f2375767000 ---p 00011000 08:06 20582303                   /usr/lib/jvm/jdk1.8.0_20/jre/lib/amd64/libnio.so
7f2375767000-7f2375768000 rw-p 00010000 08:06 20582303                   /usr/lib/jvm/jdk1.8.0_20/jre/lib/amd64/libnio.so
7f2375768000-7f2375799000 rw-p 00000000 00:00 0 
7f2375799000-7f23757af000 r-xp 00000000 08:06 20582300                   /usr/lib/jvm/jdk1.8.0_20/jre/lib/amd64/libnet.so
7f23757af000-7f23759af000 ---p 00016000 08:06 20582300                   /usr/lib/jvm/jdk1.8.0_20/jre/lib/amd64/libnet.so
7f23759af000-7f23759b0000 rw-p 00016000 08:06 20582300                   /usr/lib/jvm/jdk1.8.0_20/jre/lib/amd64/libnet.so
7f23759b0000-7f23759b8000 r-xp 00000000 08:06 20582308                   /usr/lib/jvm/jdk1.8.0_20/jre/lib/amd64/libmanagement.so
7f23759b8000-7f2375bb8000 ---p 00008000 08:06 20582308                   /usr/lib/jvm/jdk1.8.0_20/jre/lib/amd64/libmanagement.so
7f2375bb8000-7f2375bb9000 rw-p 00008000 08:06 20582308                   /usr/lib/jvm/jdk1.8.0_20/jre/lib/amd64/libmanagement.so
7f2375bb9000-7f2375bbc000 ---p 00000000 00:00 0 
7f2375bbc000-7f2375cba000 rw-p 00000000 00:00 0                          [stack:7625]
7f2375cba000-7f2375cbd000 ---p 00000000 00:00 0 
7f2375cbd000-7f2375dbb000 rw-p 00000000 00:00 0                          [stack:7624]
7f2375dbb000-7f2375dbe000 ---p 00000000 00:00 0 
7f2375dbe000-7f2375ebc000 rw-p 00000000 00:00 0                          [stack:7623]
7f2375ebc000-7f2375ebf000 ---p 00000000 00:00 0 
7f2375ebf000-7f2375fbd000 rw-p 00000000 00:00 0                          [stack:7622]
7f2375fbd000-7f2375fc0000 ---p 00000000 00:00 0 
7f2375fc0000-7f23760be000 rw-p 00000000 00:00 0                          [stack:7621]
7f23760be000-7f23760c1000 ---p 00000000 00:00 0 
7f23760c1000-7f23761bf000 rw-p 00000000 00:00 0 
7f23761bf000-7f23761c2000 ---p 00000000 00:00 0 
7f23761c2000-7f23762c0000 rw-p 00000000 00:00 0                          [stack:7619]
7f23762c0000-7f23762c3000 ---p 00000000 00:00 0 
7f23762c3000-7f23763c1000 rw-p 00000000 00:00 0 
7f23763c1000-7f23763c5000 r-xp 00000000 08:06 20582275                   /usr/lib/jvm/jdk1.8.0_20/jre/lib/amd64/libdt_socket.so
7f23763c5000-7f23765c4000 ---p 00004000 08:06 20582275                   /usr/lib/jvm/jdk1.8.0_20/jre/lib/amd64/libdt_socket.so
7f23765c4000-7f23765c5000 rw-p 00003000 08:06 20582275                   /usr/lib/jvm/jdk1.8.0_20/jre/lib/amd64/libdt_socket.so
7f23765c5000-7f23765c8000 ---p 00000000 00:00 0 
7f23765c8000-7f23766c6000 rw-p 00000000 00:00 0                          [stack:7615]
7f23766c6000-7f23766c9000 ---p 00000000 00:00 0 
7f23766c9000-7f23767c7000 rw-p 00000000 00:00 0                          [stack:7614]
7f23767c7000-7f23767ca000 ---p 00000000 00:00 0 
7f23767ca000-7f23768c8000 rw-p 00000000 00:00 0                          [stack:7613]
7f23768c8000-7f23768c9000 ---p 00000000 00:00 0 
7f23768c9000-7f2378000000 rw-p 00000000 00:00 0                          [stack:7612]
7f2378000000-7f2378021000 rw-p 00000000 00:00 0 
7f2378021000-7f237c000000 ---p 00000000 00:00 0 
7f237c000000-7f237c021000 rw-p 00000000 00:00 0 
7f237c021000-7f2380000000 ---p 00000000 00:00 0 
7f2380000000-7f2380021000 rw-p 00000000 00:00 0 
7f2380021000-7f2384000000 ---p 00000000 00:00 0 
7f2384000000-7f2384021000 rw-p 00000000 00:00 0 
7f2384021000-7f2388000000 ---p 00000000 00:00 0 
7f2388000000-7f2388021000 rw-p 00000000 00:00 0 
7f2388021000-7f238c000000 ---p 00000000 00:00 0 
7f238c000000-7f238c021000 rw-p 00000000 00:00 0 
7f238c021000-7f2390000000 ---p 00000000 00:00 0 
7f2390000000-7f2390021000 rw-p 00000000 00:00 0 
7f2390021000-7f2394000000 ---p 00000000 00:00 0 
7f2394000000-7f2394001000 r--s 00009000 08:06 1185781                    /usr/lib/jvm/jdk1.8.0_20/jre/lib/ext/sunec.jar
7f2394001000-7f2394004000 r--s 0000f000 08:06 19532219                   /usr/local/development/dev-7-6/Ignition/Servers/apache-tomcat-6.0.36/lib/tomcat-i18n-es.jar
7f2394004000-7f239400b000 r--s 000c7000 08:06 19532215                   /usr/local/development/dev-7-6/Ignition/Servers/apache-tomcat-6.0.36/lib/mysql-connector-java-5.1.23-bin.jar
7f239400b000-7f239c000000 rw-p 00000000 00:00 0 
7f239c000000-7f239c021000 rw-p 00000000 00:00 0 
7f239c021000-7f23a0000000 ---p 00000000 00:00 0 
7f23a0000000-7f23a0004000 r--s 0003a000 08:06 19532218                   /usr/local/development/dev-7-6/Ignition/Servers/apache-tomcat-6.0.36/lib/tomcat-dbcp.jar
7f23a0004000-7f23a0014000 r--s 00120000 08:06 19532209                   /usr/local/development/dev-7-6/Ignition/Servers/apache-tomcat-6.0.36/lib/catalina.jar
7f23a0014000-7f23a1000000 rw-p 00000000 00:00 0 
7f23a1000000-7f23a25c0000 rwxp 00000000 00:00 0 
7f23a25c0000-7f23b0000000 ---p 00000000 00:00 0 
7f23b0000000-7f23b0810000 rw-p 00000000 00:00 0 
7f23b0810000-7f23b4000000 ---p 00000000 00:00 0 
7f23b4000000-7f23b4002000 r--s 0000b000 08:06 19532220                   /usr/local/development/dev-7-6/Ignition/Servers/apache-tomcat-6.0.36/lib/tomcat-i18n-fr.jar
7f23b4002000-7f23b4005000 r--s 0001e000 08:06 19532207                   /usr/local/development/dev-7-6/Ignition/Servers/apache-tomcat-6.0.36/lib/catalina-ha.jar
7f23b4005000-7f23b4009000 r--s 00036000 08:06 19532208                   /usr/local/development/dev-7-6/Ignition/Servers/apache-tomcat-6.0.36/lib/catalina-tribes.jar
7f23b4009000-7f23b4010000 r--s 0007a000 08:06 19532213                   /usr/local/development/dev-7-6/Ignition/Servers/apache-tomcat-6.0.36/lib/jasper.jar
7f23b4010000-7f23b401a000 r--s 000b3000 08:06 19532217                   /usr/local/development/dev-7-6/Ignition/Servers/apache-tomcat-6.0.36/lib/tomcat-coyote.jar
7f23b401a000-7f23b4310000 rw-p 00000000 00:00 0 
7f23b4310000-7f23b44e5000 r--s 03ca3000 08:06 20582249                   /usr/lib/jvm/jdk1.8.0_20/jre/lib/rt.jar
7f23b44e5000-7f23b455b000 rw-p 00000000 00:00 0 
7f23b455b000-7f23b455c000 ---p 00000000 00:00 0 
7f23b455c000-7f23b465c000 rw-p 00000000 00:00 0                          [stack:7611]
7f23b465c000-7f23b465d000 ---p 00000000 00:00 0 
7f23b465d000-7f23b475d000 rw-p 00000000 00:00 0                          [stack:7610]
7f23b475d000-7f23b475e000 ---p 00000000 00:00 0 
7f23b475e000-7f23b485e000 rw-p 00000000 00:00 0                          [stack:7609]
7f23b485e000-7f23b485f000 ---p 00000000 00:00 0 
7f23b485f000-7f23b495f000 rw-p 00000000 00:00 0                          [stack:7608]
7f23b495f000-7f23b4960000 ---p 00000000 00:00 0 
7f23b4960000-7f23b4a60000 rw-p 00000000 00:00 0                          [stack:7607]
7f23b4a60000-7f23b4a61000 ---p 00000000 00:00 0 
7f23b4a61000-7f23b4b61000 rw-p 00000000 00:00 0                          [stack:7606]
7f23b4b61000-7f23b4b62000 ---p 00000000 00:00 0 
7f23b4b62000-7f23b4c62000 rw-p 00000000 00:00 0                          [stack:7605]
7f23b4c62000-7f23b4c63000 ---p 00000000 00:00 0 
7f23b4c63000-7f23b4dd3000 rw-p 00000000 00:00 0                          [stack:7604]
7f23b4dd3000-7f23b5295000 ---p 00000000 00:00 0 
7f23b5295000-7f23b5305000 rw-p 00000000 00:00 0 
7f23b5305000-7f23b57c7000 ---p 00000000 00:00 0 
7f23b57c7000-7f23b58d1000 rw-p 00000000 00:00 0 
7f23b58d1000-7f23b5a60000 ---p 00000000 00:00 0 
7f23b5a60000-7f23b5ab8000 rw-p 00000000 00:00 0 
7f23b5ab8000-7f23b5e21000 ---p 00000000 00:00 0 
7f23b5e21000-7f23b5e3d000 r-xp 00000000 08:06 20582296                   /usr/lib/jvm/jdk1.8.0_20/jre/lib/amd64/libzip.so
7f23b5e3d000-7f23b603c000 ---p 0001c000 08:06 20582296                   /usr/lib/jvm/jdk1.8.0_20/jre/lib/amd64/libzip.so
7f23b603c000-7f23b603d000 rw-p 0001b000 08:06 20582296                   /usr/lib/jvm/jdk1.8.0_20/jre/lib/amd64/libzip.so
7f23b603d000-7f23b6048000 r-xp 00000000 08:06 15602342                   /lib/x86_64-linux-gnu/libnss_files-2.19.so
7f23b6048000-7f23b6247000 ---p 0000b000 08:06 15602342                   /lib/x86_64-linux-gnu/libnss_files-2.19.so
7f23b6247000-7f23b6248000 r--p 0000a000 08:06 15602342                   /lib/x86_64-linux-gnu/libnss_files-2.19.so
7f23b6248000-7f23b6249000 rw-p 0000b000 08:06 15602342                   /lib/x86_64-linux-gnu/libnss_files-2.19.so
7f23b6249000-7f23b6254000 r-xp 00000000 08:06 15602345                   /lib/x86_64-linux-gnu/libnss_nis-2.19.so
7f23b6254000-7f23b6453000 ---p 0000b000 08:06 15602345                   /lib/x86_64-linux-gnu/libnss_nis-2.19.so
7f23b6453000-7f23b6454000 r--p 0000a000 08:06 15602345                   /lib/x86_64-linux-gnu/libnss_nis-2.19.so
7f23b6454000-7f23b6455000 rw-p 0000b000 08:06 15602345                   /lib/x86_64-linux-gnu/libnss_nis-2.19.so
7f23b6455000-7f23b646c000 r-xp 00000000 08:06 15602152                   /lib/x86_64-linux-gnu/libnsl-2.19.so
7f23b646c000-7f23b666b000 ---p 00017000 08:06 15602152                   /lib/x86_64-linux-gnu/libnsl-2.19.so
7f23b666b000-7f23b666c000 r--p 00016000 08:06 15602152                   /lib/x86_64-linux-gnu/libnsl-2.19.so
7f23b666c000-7f23b666d000 rw-p 00017000 08:06 15602152                   /lib/x86_64-linux-gnu/libnsl-2.19.so
7f23b666d000-7f23b666f000 rw-p 00000000 00:00 0 
7f23b666f000-7f23b6678000 r-xp 00000000 08:06 15601662                   /lib/x86_64-linux-gnu/libnss_compat-2.19.so
7f23b6678000-7f23b6877000 ---p 00009000 08:06 15601662                   /lib/x86_64-linux-gnu/libnss_compat-2.19.so
7f23b6877000-7f23b6878000 r--p 00008000 08:06 15601662                   /lib/x86_64-linux-gnu/libnss_compat-2.19.so
7f23b6878000-7f23b6879000 rw-p 00009000 08:06 15601662                   /lib/x86_64-linux-gnu/libnss_compat-2.19.so
7f23b6879000-7f23b6b42000 r--p 00000000 08:06 15209877                   /usr/lib/locale/locale-archive
7f23b6b42000-7f23b6b44000 r-xp 00000000 08:06 20582276                   /usr/lib/jvm/jdk1.8.0_20/jre/lib/amd64/libnpt.so
7f23b6b44000-7f23b6d44000 ---p 00002000 08:06 20582276                   /usr/lib/jvm/jdk1.8.0_20/jre/lib/amd64/libnpt.so
7f23b6d44000-7f23b6d45000 rw-p 00002000 08:06 20582276                   /usr/lib/jvm/jdk1.8.0_20/jre/lib/amd64/libnpt.so
7f23b6d45000-7f23b6d7e000 r-xp 00000000 08:06 20582287                   /usr/lib/jvm/jdk1.8.0_20/jre/lib/amd64/libjdwp.so
7f23b6d7e000-7f23b6f7d000 ---p 00039000 08:06 20582287                   /usr/lib/jvm/jdk1.8.0_20/jre/lib/amd64/libjdwp.so
7f23b6f7d000-7f23b6f7f000 rw-p 00038000 08:06 20582287                   /usr/lib/jvm/jdk1.8.0_20/jre/lib/amd64/libjdwp.so
7f23b6f7f000-7f23b6fa9000 r-xp 00000000 08:06 20582291                   /usr/lib/jvm/jdk1.8.0_20/jre/lib/amd64/libjava.so
7f23b6fa9000-7f23b71a9000 ---p 0002a000 08:06 20582291                   /usr/lib/jvm/jdk1.8.0_20/jre/lib/amd64/libjava.so
7f23b71a9000-7f23b71ab000 rw-p 0002a000 08:06 20582291                   /usr/lib/jvm/jdk1.8.0_20/jre/lib/amd64/libjava.so
7f23b71ab000-7f23b71b8000 r-xp 00000000 08:06 20582295                   /usr/lib/jvm/jdk1.8.0_20/jre/lib/amd64/libverify.so
7f23b71b8000-7f23b73b8000 ---p 0000d000 08:06 20582295                   /usr/lib/jvm/jdk1.8.0_20/jre/lib/amd64/libverify.so
7f23b73b8000-7f23b73ba000 rw-p 0000d000 08:06 20582295                   /usr/lib/jvm/jdk1.8.0_20/jre/lib/amd64/libverify.so
7f23b73ba000-7f23b73c1000 r-xp 00000000 08:06 15602320                   /lib/x86_64-linux-gnu/librt-2.19.so
7f23b73c1000-7f23b75c0000 ---p 00007000 08:06 15602320                   /lib/x86_64-linux-gnu/librt-2.19.so
7f23b75c0000-7f23b75c1000 r--p 00006000 08:06 15602320                   /lib/x86_64-linux-gnu/librt-2.19.so
7f23b75c1000-7f23b75c2000 rw-p 00007000 08:06 15602320                   /lib/x86_64-linux-gnu/librt-2.19.so
7f23b75c2000-7f23b76c7000 r-xp 00000000 08:06 15602334                   /lib/x86_64-linux-gnu/libm-2.19.so
7f23b76c7000-7f23b78c6000 ---p 00105000 08:06 15602334                   /lib/x86_64-linux-gnu/libm-2.19.so
7f23b78c6000-7f23b78c7000 r--p 00104000 08:06 15602334                   /lib/x86_64-linux-gnu/libm-2.19.so
7f23b78c7000-7f23b78c8000 rw-p 00105000 08:06 15602334                   /lib/x86_64-linux-gnu/libm-2.19.so
7f23b78c8000-7f23b8532000 r-xp 00000000 08:06 20845908                   /usr/lib/jvm/jdk1.8.0_20/jre/lib/amd64/server/libjvm.so
7f23b8532000-7f23b8732000 ---p 00c6a000 08:06 20845908                   /usr/lib/jvm/jdk1.8.0_20/jre/lib/amd64/server/libjvm.so
7f23b8732000-7f23b8808000 rw-p 00c6a000 08:06 20845908                   /usr/lib/jvm/jdk1.8.0_20/jre/lib/amd64/server/libjvm.so
7f23b8808000-7f23b884a000 rw-p 00000000 00:00 0 
7f23b884a000-7f23b8a05000 r-xp 00000000 08:06 15602328                   /lib/x86_64-linux-gnu/libc-2.19.so
7f23b8a05000-7f23b8c05000 ---p 001bb000 08:06 15602328                   /lib/x86_64-linux-gnu/libc-2.19.so
7f23b8c05000-7f23b8c09000 r--p 001bb000 08:06 15602328                   /lib/x86_64-linux-gnu/libc-2.19.so
7f23b8c09000-7f23b8c0b000 rw-p 001bf000 08:06 15602328                   /lib/x86_64-linux-gnu/libc-2.19.so
7f23b8c0b000-7f23b8c10000 rw-p 00000000 00:00 0 
7f23b8c10000-7f23b8c13000 r-xp 00000000 08:06 15602352                   /lib/x86_64-linux-gnu/libdl-2.19.so
7f23b8c13000-7f23b8e12000 ---p 00003000 08:06 15602352                   /lib/x86_64-linux-gnu/libdl-2.19.so
7f23b8e12000-7f23b8e13000 r--p 00002000 08:06 15602352                   /lib/x86_64-linux-gnu/libdl-2.19.so
7f23b8e13000-7f23b8e14000 rw-p 00003000 08:06 15602352                   /lib/x86_64-linux-gnu/libdl-2.19.so
7f23b8e14000-7f23b8e2b000 r-xp 00000000 08:06 20061287                   /usr/lib/jvm/jdk1.8.0_20/lib/amd64/jli/libjli.so
7f23b8e2b000-7f23b902a000 ---p 00017000 08:06 20061287                   /usr/lib/jvm/jdk1.8.0_20/lib/amd64/jli/libjli.so
7f23b902a000-7f23b902b000 rw-p 00016000 08:06 20061287                   /usr/lib/jvm/jdk1.8.0_20/lib/amd64/jli/libjli.so
7f23b902b000-7f23b9044000 r-xp 00000000 08:06 15602353                   /lib/x86_64-linux-gnu/libpthread-2.19.so
7f23b9044000-7f23b9243000 ---p 00019000 08:06 15602353                   /lib/x86_64-linux-gnu/libpthread-2.19.so
7f23b9243000-7f23b9244000 r--p 00018000 08:06 15602353                   /lib/x86_64-linux-gnu/libpthread-2.19.so
7f23b9244000-7f23b9245000 rw-p 00019000 08:06 15602353                   /lib/x86_64-linux-gnu/libpthread-2.19.so
7f23b9245000-7f23b9249000 rw-p 00000000 00:00 0 
7f23b9249000-7f23b926c000 r-xp 00000000 08:06 15602330                   /lib/x86_64-linux-gnu/ld-2.19.so
7f23b926c000-7f23b926e000 r--s 0000c000 08:06 19532221                   /usr/local/development/dev-7-6/Ignition/Servers/apache-tomcat-6.0.36/lib/tomcat-i18n-ja.jar
7f23b926e000-7f23b9270000 r--s 00011000 08:06 19532214                   /usr/local/development/dev-7-6/Ignition/Servers/apache-tomcat-6.0.36/lib/jsp-api.jar
7f23b9270000-7f23b9272000 r--s 00014000 08:06 19532216                   /usr/local/development/dev-7-6/Ignition/Servers/apache-tomcat-6.0.36/lib/servlet-api.jar
7f23b9272000-7f23b9274000 r--s 0000c000 08:06 19532206                   /usr/local/development/dev-7-6/Ignition/Servers/apache-tomcat-6.0.36/lib/catalina-ant.jar
7f23b9274000-7f23b9345000 rw-p 00000000 00:00 0 
7f23b9345000-7f23b9348000 ---p 00000000 00:00 0 
7f23b9348000-7f23b944a000 rw-p 00000000 00:00 0                          [stack:7603]
7f23b944a000-7f23b944c000 r--s 00007000 08:06 19532211                   /usr/local/development/dev-7-6/Ignition/Servers/apache-tomcat-6.0.36/lib/el-api.jar
7f23b944c000-7f23b944d000 r--s 00003000 08:06 19532205                   /usr/local/development/dev-7-6/Ignition/Servers/apache-tomcat-6.0.36/lib/annotations-api.jar
7f23b944d000-7f23b9450000 r--s 00019000 08:06 19532212                   /usr/local/development/dev-7-6/Ignition/Servers/apache-tomcat-6.0.36/lib/jasper-el.jar
7f23b9450000-7f23b9455000 r--s 00092000 08:06 20582254                   /usr/lib/jvm/jdk1.8.0_20/jre/lib/jsse.jar
7f23b9455000-7f23b9456000 r--s 00007000 08:06 19533431                   /usr/local/development/dev-7-6/Ignition/Servers/apache-tomcat-6.0.36/bin/tomcat-juli.jar
7f23b9456000-7f23b9457000 r--s 00005000 08:06 19533430                   /usr/local/development/dev-7-6/Ignition/Servers/apache-tomcat-6.0.36/bin/commons-daemon.jar
7f23b9457000-7f23b9458000 r--s 00005000 08:06 19533429                   /usr/local/development/dev-7-6/Ignition/Servers/apache-tomcat-6.0.36/bin/bootstrap.jar
7f23b9458000-7f23b945f000 r--s 000c7000 08:06 1179649                    /usr/lib/jvm/jdk1.8.0_20/jre/lib/ext/mysql-connector-java-5.1.23-bin.jar
7f23b945f000-7f23b9467000 rw-s 00000000 08:06 6164363                    /tmp/hsperfdata_mattg/7598
7f23b9467000-7f23b9468000 rw-p 00000000 00:00 0 
7f23b9468000-7f23b9469000 r--p 00000000 00:00 0 
7f23b9469000-7f23b946b000 rw-p 00000000 00:00 0 
7f23b946b000-7f23b946c000 r--p 00022000 08:06 15602330                   /lib/x86_64-linux-gnu/ld-2.19.so
7f23b946c000-7f23b946d000 rw-p 00023000 08:06 15602330                   /lib/x86_64-linux-gnu/ld-2.19.so
7f23b946d000-7f23b946e000 rw-p 00000000 00:00 0 
7fffabe93000-7fffabeb4000 rw-p 00000000 00:00 0                          [stack]
7fffabffe000-7fffac000000 r-xp 00000000 00:00 0                          [vdso]
ffffffffff600000-ffffffffff601000 r-xp 00000000 00:00 0                  [vsyscall]

VM Arguments:
jvm_args: -Djava.util.logging.config.file=/home/mattg/.IntelliJIdea13/system/tomcat/Unnamed_77-Ignition/conf/logging.properties -Xdebug -Xrunjdwp:transport=dt_socket,address=127.0.0.1:51670,suspend=y,server=n -Dcom.sun.management.jmxremote= -Dcom.sun.management.jmxremote.port=1099 -Dcom.sun.management.jmxremote.ssl=false -Dcom.sun.management.jmxremote.authenticate=false -Djava.rmi.server.hostname=127.0.0.1 -Djava.util.logging.manager=org.apache.juli.ClassLoaderLogManager -Djava.endorsed.dirs=/usr/local/development/dev-7-6/Ignition/Servers/apache-tomcat-6.0.36/endorsed -Dcatalina.base=/home/mattg/.IntelliJIdea13/system/tomcat/Unnamed_77-Ignition -Dcatalina.home=/usr/local/development/dev-7-6/Ignition/Servers/apache-tomcat-6.0.36 -Djava.io.tmpdir=/usr/local/development/dev-7-6/Ignition/Servers/apache-tomcat-6.0.36/temp 
java_command: org.apache.catalina.startup.Bootstrap start
java_class_path (initial): /usr/local/development/dev-7-6/Ignition/Servers/apache-tomcat-6.0.36/bin/bootstrap.jar
Launcher Type: SUN_STANDARD

Environment Variables:
JAVA_HOME=/usr/lib/jvm/jdk1.8.0_20
CLASSPATH=/usr/local/development/dev-7-6/Ignition/Servers/apache-tomcat-6.0.36/bin/bootstrap.jar
PATH=/usr/local/sbin:/usr/local/bin:/usr/sbin:/usr/bin:/sbin:/bin:/usr/games:/usr/local/games:/usr/local/development/gradle-1.12/bin
USERNAME=mattg
LD_LIBRARY_PATH=/usr/local/development/idea-IU-135.909/bin:
SHELL=/bin/bash
DISPLAY=:0

Signal Handlers:
SIGSEGV: [libjvm.so+0xa76cd0], sa_mask[0]=11111111011111111101111111111110, sa_flags=SA_RESTART|SA_SIGINFO
SIGBUS: [libjvm.so+0xa76cd0], sa_mask[0]=11111111011111111101111111111110, sa_flags=SA_RESTART|SA_SIGINFO
SIGFPE: [libjvm.so+0x8e0d80], sa_mask[0]=11111111011111111101111111111110, sa_flags=SA_RESTART|SA_SIGINFO
SIGPIPE: [libjvm.so+0x8e0d80], sa_mask[0]=11111111011111111101111111111110, sa_flags=SA_RESTART|SA_SIGINFO
SIGXFSZ: [libjvm.so+0x8e0d80], sa_mask[0]=11111111011111111101111111111110, sa_flags=SA_RESTART|SA_SIGINFO
SIGILL: [libjvm.so+0x8e0d80], sa_mask[0]=11111111011111111101111111111110, sa_flags=SA_RESTART|SA_SIGINFO
SIGUSR1: SIG_DFL, sa_mask[0]=00000000000000000000000000000000, sa_flags=none
SIGUSR2: [libjvm.so+0x8e25b0], sa_mask[0]=00100000000000000000000000000000, sa_flags=SA_RESTART|SA_SIGINFO
SIGHUP: [libjvm.so+0x8e3970], sa_mask[0]=11111111011111111101111111111110, sa_flags=SA_RESTART|SA_SIGINFO
SIGINT: [libjvm.so+0x8e3970], sa_mask[0]=11111111011111111101111111111110, sa_flags=SA_RESTART|SA_SIGINFO
SIGTERM: [libjvm.so+0x8e3970], sa_mask[0]=11111111011111111101111111111110, sa_flags=SA_RESTART|SA_SIGINFO
SIGQUIT: [libjvm.so+0x8e3970], sa_mask[0]=11111111011111111101111111111110, sa_flags=SA_RESTART|SA_SIGINFO


---------------  S Y S T E M  ---------------

OS:DISTRIB_ID=LinuxMint
DISTRIB_RELEASE=17
DISTRIB_CODENAME=qiana
DISTRIB_DESCRIPTION="Linux Mint 17 Qiana"

uname:Linux 3.13.0-24-generic #46-Ubuntu SMP Thu Apr 10 19:11:08 UTC 2014 x86_64
libc:glibc 2.19 NPTL 2.19 
rlimit: STACK 8192k, CORE 0k, NPROC 127375, NOFILE 4096, AS infinity
load average:0.34 0.52 0.57

/proc/meminfo:
MemTotal:       16335088 kB
MemFree:        10078396 kB
Buffers:          171348 kB
Cached:          2082112 kB
SwapCached:            0 kB
Active:          4413548 kB
Inactive:        1467024 kB
Active(anon):    3634140 kB
Inactive(anon):   478984 kB
Active(file):     779408 kB
Inactive(file):   988040 kB
Unevictable:         776 kB
Mlocked:             776 kB
SwapTotal:      16676860 kB
SwapFree:       16676860 kB
Dirty:             37060 kB
Writeback:             0 kB
AnonPages:       3627956 kB
Mapped:           438852 kB
Shmem:            485996 kB
Slab:             167456 kB
SReclaimable:     122080 kB
SUnreclaim:        45376 kB
KernelStack:        5928 kB
PageTables:        46592 kB
NFS_Unstable:          0 kB
Bounce:                0 kB
WritebackTmp:          0 kB
CommitLimit:    24844404 kB
Committed_AS:    8489700 kB
VmallocTotal:   34359738367 kB
VmallocUsed:      444884 kB
VmallocChunk:   34359289228 kB
HardwareCorrupted:     0 kB
AnonHugePages:   2310144 kB
HugePages_Total:       0
HugePages_Free:        0
HugePages_Rsvd:        0
HugePages_Surp:        0
Hugepagesize:       2048 kB
DirectMap4k:       93640 kB
DirectMap2M:     2953216 kB
DirectMap1G:    13631488 kB


CPU:total 8 (4 cores per cpu, 2 threads per core) family 6 model 60 stepping 3, cmov, cx8, fxsr, mmx, sse, sse2, sse3, ssse3, sse4.1, sse4.2, popcnt, avx, avx2, aes, clmul, erms, lzcnt, ht, tsc, tscinvbit, bmi1, bmi2

/proc/cpuinfo:
processor	: 0
vendor_id	: GenuineIntel
cpu family	: 6
model		: 60
model name	: Intel(R) Core(TM) i7-4702HQ CPU @ 2.20GHz
stepping	: 3
microcode	: 0x17
cpu MHz		: 2201.000
cache size	: 6144 KB
physical id	: 0
siblings	: 8
core id		: 0
cpu cores	: 4
apicid		: 0
initial apicid	: 0
fpu		: yes
fpu_exception	: yes
cpuid level	: 13
wp		: yes
flags		: fpu vme de pse tsc msr pae mce cx8 apic sep mtrr pge mca cmov pat pse36 clflush dts acpi mmx fxsr sse sse2 ss ht tm pbe syscall nx pdpe1gb rdtscp lm constant_tsc arch_perfmon pebs bts rep_good nopl xtopology nonstop_tsc aperfmperf eagerfpu pni pclmulqdq dtes64 monitor ds_cpl vmx est tm2 ssse3 fma cx16 xtpr pdcm pcid sse4_1 sse4_2 x2apic movbe popcnt tsc_deadline_timer aes xsave avx f16c rdrand lahf_lm abm ida arat epb xsaveopt pln pts dtherm tpr_shadow vnmi flexpriority ept vpid fsgsbase tsc_adjust bmi1 avx2 smep bmi2 erms invpcid
bogomips	: 4389.71
clflush size	: 64
cache_alignment	: 64
address sizes	: 39 bits physical, 48 bits virtual
power management:

processor	: 1
vendor_id	: GenuineIntel
cpu family	: 6
model		: 60
model name	: Intel(R) Core(TM) i7-4702HQ CPU @ 2.20GHz
stepping	: 3
microcode	: 0x17
cpu MHz		: 2201.000
cache size	: 6144 KB
physical id	: 0
siblings	: 8
core id		: 1
cpu cores	: 4
apicid		: 2
initial apicid	: 2
fpu		: yes
fpu_exception	: yes
cpuid level	: 13
wp		: yes
flags		: fpu vme de pse tsc msr pae mce cx8 apic sep mtrr pge mca cmov pat pse36 clflush dts acpi mmx fxsr sse sse2 ss ht tm pbe syscall nx pdpe1gb rdtscp lm constant_tsc arch_perfmon pebs bts rep_good nopl xtopology nonstop_tsc aperfmperf eagerfpu pni pclmulqdq dtes64 monitor ds_cpl vmx est tm2 ssse3 fma cx16 xtpr pdcm pcid sse4_1 sse4_2 x2apic movbe popcnt tsc_deadline_timer aes xsave avx f16c rdrand lahf_lm abm ida arat epb xsaveopt pln pts dtherm tpr_shadow vnmi flexpriority ept vpid fsgsbase tsc_adjust bmi1 avx2 smep bmi2 erms invpcid
bogomips	: 4389.71
clflush size	: 64
cache_alignment	: 64
address sizes	: 39 bits physical, 48 bits virtual
power management:

processor	: 2
vendor_id	: GenuineIntel
cpu family	: 6
model		: 60
model name	: Intel(R) Core(TM) i7-4702HQ CPU @ 2.20GHz
stepping	: 3
microcode	: 0x17
cpu MHz		: 2201.000
cache size	: 6144 KB
physical id	: 0
siblings	: 8
core id		: 2
cpu cores	: 4
apicid		: 4
initial apicid	: 4
fpu		: yes
fpu_exception	: yes
cpuid level	: 13
wp		: yes
flags		: fpu vme de pse tsc msr pae mce cx8 apic sep mtrr pge mca cmov pat pse36 clflush dts acpi mmx fxsr sse sse2 ss ht tm pbe syscall nx pdpe1gb rdtscp lm constant_tsc arch_perfmon pebs bts rep_good nopl xtopology nonstop_tsc aperfmperf eagerfpu pni pclmulqdq dtes64 monitor ds_cpl vmx est tm2 ssse3 fma cx16 xtpr pdcm pcid sse4_1 sse4_2 x2apic movbe popcnt tsc_deadline_timer aes xsave avx f16c rdrand lahf_lm abm ida arat epb xsaveopt pln pts dtherm tpr_shadow vnmi flexpriority ept vpid fsgsbase tsc_adjust bmi1 avx2 smep bmi2 erms invpcid
bogomips	: 4389.71
clflush size	: 64
cache_alignment	: 64
address sizes	: 39 bits physical, 48 bits virtual
power management:

processor	: 3
vendor_id	: GenuineIntel
cpu family	: 6
model		: 60
model name	: Intel(R) Core(TM) i7-4702HQ CPU @ 2.20GHz
stepping	: 3
microcode	: 0x17
cpu MHz		: 800.000
cache size	: 6144 KB
physical id	: 0
siblings	: 8
core id		: 3
cpu cores	: 4
apicid		: 6
initial apicid	: 6
fpu		: yes
fpu_exception	: yes
cpuid level	: 13
wp		: yes
flags		: fpu vme de pse tsc msr pae mce cx8 apic sep mtrr pge mca cmov pat pse36 clflush dts acpi mmx fxsr sse sse2 ss ht tm pbe syscall nx pdpe1gb rdtscp lm constant_tsc arch_perfmon pebs bts rep_good nopl xtopology nonstop_tsc aperfmperf eagerfpu pni pclmulqdq dtes64 monitor ds_cpl vmx est tm2 ssse3 fma cx16 xtpr pdcm pcid sse4_1 sse4_2 x2apic movbe popcnt tsc_deadline_timer aes xsave avx f16c rdrand lahf_lm abm ida arat epb xsaveopt pln pts dtherm tpr_shadow vnmi flexpriority ept vpid fsgsbase tsc_adjust bmi1 avx2 smep bmi2 erms invpcid
bogomips	: 4389.71
clflush size	: 64
cache_alignment	: 64
address sizes	: 39 bits physical, 48 bits virtual
power management:

processor	: 4
vendor_id	: GenuineIntel
cpu family	: 6
model		: 60
model name	: Intel(R) Core(TM) i7-4702HQ CPU @ 2.20GHz
stepping	: 3
microcode	: 0x17
cpu MHz		: 800.000
cache size	: 6144 KB
physical id	: 0
siblings	: 8
core id		: 0
cpu cores	: 4
apicid		: 1
initial apicid	: 1
fpu		: yes
fpu_exception	: yes
cpuid level	: 13
wp		: yes
flags		: fpu vme de pse tsc msr pae mce cx8 apic sep mtrr pge mca cmov pat pse36 clflush dts acpi mmx fxsr sse sse2 ss ht tm pbe syscall nx pdpe1gb rdtscp lm constant_tsc arch_perfmon pebs bts rep_good nopl xtopology nonstop_tsc aperfmperf eagerfpu pni pclmulqdq dtes64 monitor ds_cpl vmx est tm2 ssse3 fma cx16 xtpr pdcm pcid sse4_1 sse4_2 x2apic movbe popcnt tsc_deadline_timer aes xsave avx f16c rdrand lahf_lm abm ida arat epb xsaveopt pln pts dtherm tpr_shadow vnmi flexpriority ept vpid fsgsbase tsc_adjust bmi1 avx2 smep bmi2 erms invpcid
bogomips	: 4389.71
clflush size	: 64
cache_alignment	: 64
address sizes	: 39 bits physical, 48 bits virtual
power management:

processor	: 5
vendor_id	: GenuineIntel
cpu family	: 6
model		: 60
model name	: Intel(R) Core(TM) i7-4702HQ CPU @ 2.20GHz
stepping	: 3
microcode	: 0x17
cpu MHz		: 800.000
cache size	: 6144 KB
physical id	: 0
siblings	: 8
core id		: 1
cpu cores	: 4
apicid		: 3
initial apicid	: 3
fpu		: yes
fpu_exception	: yes
cpuid level	: 13
wp		: yes
flags		: fpu vme de pse tsc msr pae mce cx8 apic sep mtrr pge mca cmov pat pse36 clflush dts acpi mmx fxsr sse sse2 ss ht tm pbe syscall nx pdpe1gb rdtscp lm constant_tsc arch_perfmon pebs bts rep_good nopl xtopology nonstop_tsc aperfmperf eagerfpu pni pclmulqdq dtes64 monitor ds_cpl vmx est tm2 ssse3 fma cx16 xtpr pdcm pcid sse4_1 sse4_2 x2apic movbe popcnt tsc_deadline_timer aes xsave avx f16c rdrand lahf_lm abm ida arat epb xsaveopt pln pts dtherm tpr_shadow vnmi flexpriority ept vpid fsgsbase tsc_adjust bmi1 avx2 smep bmi2 erms invpcid
bogomips	: 4389.71
clflush size	: 64
cache_alignment	: 64
address sizes	: 39 bits physical, 48 bits virtual
power management:

processor	: 6
vendor_id	: GenuineIntel
cpu family	: 6
model		: 60
model name	: Intel(R) Core(TM) i7-4702HQ CPU @ 2.20GHz
stepping	: 3
microcode	: 0x17
cpu MHz		: 2201.000
cache size	: 6144 KB
physical id	: 0
siblings	: 8
core id		: 2
cpu cores	: 4
apicid		: 5
initial apicid	: 5
fpu		: yes
fpu_exception	: yes
cpuid level	: 13
wp		: yes
flags		: fpu vme de pse tsc msr pae mce cx8 apic sep mtrr pge mca cmov pat pse36 clflush dts acpi mmx fxsr sse sse2 ss ht tm pbe syscall nx pdpe1gb rdtscp lm constant_tsc arch_perfmon pebs bts rep_good nopl xtopology nonstop_tsc aperfmperf eagerfpu pni pclmulqdq dtes64 monitor ds_cpl vmx est tm2 ssse3 fma cx16 xtpr pdcm pcid sse4_1 sse4_2 x2apic movbe popcnt tsc_deadline_timer aes xsave avx f16c rdrand lahf_lm abm ida arat epb xsaveopt pln pts dtherm tpr_shadow vnmi flexpriority ept vpid fsgsbase tsc_adjust bmi1 avx2 smep bmi2 erms invpcid
bogomips	: 4389.71
clflush size	: 64
cache_alignment	: 64
address sizes	: 39 bits physical, 48 bits virtual
power management:

processor	: 7
vendor_id	: GenuineIntel
cpu family	: 6
model		: 60
model name	: Intel(R) Core(TM) i7-4702HQ CPU @ 2.20GHz
stepping	: 3
microcode	: 0x17
cpu MHz		: 800.000
cache size	: 6144 KB
physical id	: 0
siblings	: 8
core id		: 3
cpu cores	: 4
apicid		: 7
initial apicid	: 7
fpu		: yes
fpu_exception	: yes
cpuid level	: 13
wp		: yes
flags		: fpu vme de pse tsc msr pae mce cx8 apic sep mtrr pge mca cmov pat pse36 clflush dts acpi mmx fxsr sse sse2 ss ht tm pbe syscall nx pdpe1gb rdtscp lm constant_tsc arch_perfmon pebs bts rep_good nopl xtopology nonstop_tsc aperfmperf eagerfpu pni pclmulqdq dtes64 monitor ds_cpl vmx est tm2 ssse3 fma cx16 xtpr pdcm pcid sse4_1 sse4_2 x2apic movbe popcnt tsc_deadline_timer aes xsave avx f16c rdrand lahf_lm abm ida arat epb xsaveopt pln pts dtherm tpr_shadow vnmi flexpriority ept vpid fsgsbase tsc_adjust bmi1 avx2 smep bmi2 erms invpcid
bogomips	: 4389.71
clflush size	: 64
cache_alignment	: 64
address sizes	: 39 bits physical, 48 bits virtual
power management:



Memory: 4k page, physical 16335088k(10078396k free), swap 16676860k(16676860k free)

vm_info: Java HotSpot(TM) 64-Bit Server VM (25.20-b17) for linux-amd64 JRE (1.8.0_20-ea-b17), built on Jun  4 2014 00:04:06 by "java_re" with gcc 4.3.0 20080428 (Red Hat 4.3.0-8)

time: Wed Nov 12 16:03:53 2014
elapsed time: 212 seconds (0d 0h 3m 32s)

