#
# A fatal error has been detected by the Java Runtime Environment:
#
#  SIGSEGV (0xb) at pc=0x00007febbd75af7e, pid=7597, tid=140650474690304
#
# JRE version: Java(TM) SE Runtime Environment (8.0_20-b17) (build 1.8.0_20-ea-b17)
# Java VM: Java HotSpot(TM) 64-Bit Server VM (25.20-b17 mixed mode linux-amd64 compressed oops)
# Problematic frame:
# C  [ld-linux-x86-64.so.2+0x9f7e]
#
# Failed to write core dump. Core dumps have been disabled. To enable core dumping, try "ulimit -c unlimited" before starting Java again
#
# If you would like to submit a bug report, please visit:
#   http://bugreport.sun.com/bugreport/crash.jsp
# The crash happened outside the Java Virtual Machine in native code.
# See problematic frame for where to report the bug.
#

---------------  T H R E A D  ---------------

Current thread (0x00007febb400d000):  JavaThread "main" [_thread_in_native, id=7602, stack(0x00007febbd84d000,0x00007febbd94e000)]

siginfo: si_signo: 11 (SIGSEGV), si_code: 1 (SEGV_MAPERR), si_addr: 0x0000000000000068

Registers:
RAX=0x0000000000000040, RBX=0x000000004c8d3d65, RCX=0x0000000000000025, RDX=0x00000000000003f3
RSP=0x00007febbd94aa50, RBP=0x0000000000000002, RSI=0x00007febbcd55d28, RDI=0x00007febbd9519e8
R8 =0x00000000013234f5, R9 =0x00007febbd94aa90, R10=0x0000000006020400, R11=0x00007febbd94ab90
R12=0x0000000000000003, R13=0x00007feae81fc320, R14=0x0000000000000000, R15=0x0000000000000025
RIP=0x00007febbd75af7e, EFLAGS=0x0000000000010202, CSGSFS=0x0000000000000033, ERR=0x0000000000000004
  TRAPNO=0x000000000000000e

Top of Stack: (sp=0x00007febbd94aa50)
0x00007febbd94aa50:   00007febbd94abc0 00007febbc432f75
0x00007febbd94aa60:   00007feb00000002 00007febbd94aba0
0x00007febbd94aa70:   00007febbd94ac30 00007febbd94ae00
0x00007febbd94aa80:   00007feba5046960 01007feb0000000c
0x00007febbd94aa90:   0000000000000000 0000000000000000
0x00007febbd94aaa0:   00007febbd9519e8 00007febb44c2d10
0x00007febbd94aab0:   00007febbcd62d78 0000000000000000
0x00007febbd94aac0:   0000000200000000 0000000000000000
0x00007febbd94aad0:   00007febb400d000 00007febbd94ac80
0x00007febbd94aae0:   00007febbd94ac30 0000000000000000
0x00007febbd94aaf0:   0000000000000000 00007feae820b428
0x00007febbd94ab00:   00007feae820b0a0 00007febbd75b991
0x00007febbd94ab10:   0000000000000000 0000000000000000
0x00007febbd94ab20:   0000000000000002 0000000000000000
0x00007febbd94ab30:   00007feb00000000 00007feae820b0a0
0x00007febbd94ab40:   00000007c0008600 00007febb400d000
0x00007febbd94ab50:   00007febbd94abc0 00007febbc589447
0x00007febbd94ab60:   00007feba4804440 00007feae820b428
0x00007febbd94ab70:   00007febbd94aba0 00007febbd94ab90
0x00007febbd94ab80:   000000004c8d3d65 00007febb44c2d10
0x00007febbd94ab90:   00000000ffffffff 00007febb400a5d0
0x00007febbd94aba0:   0000000000000000 0000000000000000
0x00007febbd94abb0:   00007febb400a470 00007febb400d000
0x00007febbd94abc0:   00007febbd94ad50 00007febbc479467
0x00007febbd94abd0:   000000b1bd94b938 00007febbd94b3a0
0x00007febbd94abe0:   00007febbd94ac30 00007febbd94acb0
0x00007febbd94abf0:   00007febbd94ad80 00007febbd94ae00
0x00007febbd94ac00:   00007febb400d1e8 0000000000e034b0
0x00007febbd94ac10:   00007febbd973cc0 00007febb44c2d10
0x00007febbd94ac20:   0000000000000000 00007feae820b0a0
0x00007febbd94ac30:   00007febbd94ad10 00007febbce88f56
0x00007febbd94ac40:   0000000600000002 0000000000000000 

Instructions: (pc=0x00007febbd75af7e)
0x00007febbd75af5e:   06 41 83 e7 3f 0f 1f 44 00 00 49 8b 44 ed 00 c7
0x00007febbd75af6e:   44 24 70 00 00 00 00 48 c7 44 24 40 00 00 00 00
0x00007febbd75af7e:   48 8b 78 28 4c 39 f7 48 89 7c 24 50 0f 84 f0 00
0x00007febbd75af8e:   00 00 f6 44 24 7c 02 74 0d f6 87 14 03 00 00 03 

Register to memory mapping:

RAX=0x0000000000000040 is an unknown value
RBX=0x000000004c8d3d65 is an unknown value
RCX=0x0000000000000025 is an unknown value
RDX=0x00000000000003f3 is an unknown value
RSP=0x00007febbd94aa50 is pointing into the stack for thread: 0x00007febb400d000
RBP=0x0000000000000002 is an unknown value
RSI=0x00007febbcd55d28: <offset 0x3d28> in /lib/x86_64-linux-gnu/libc.so.6 at 0x00007febbcd52000
RDI=0x00007febbd9519e8 is an unknown value
R8 =0x00000000013234f5 is an unknown value
R9 =0x00007febbd94aa90 is pointing into the stack for thread: 0x00007febb400d000
R10=0x0000000006020400 is an unknown value
R11=0x00007febbd94ab90 is pointing into the stack for thread: 0x00007febb400d000
R12=0x0000000000000003 is an unknown value
R13=0x00007feae81fc320 is an unknown value
R14=0x0000000000000000 is an unknown value
R15=0x0000000000000025 is an unknown value


Stack: [0x00007febbd84d000,0x00007febbd94e000],  sp=0x00007febbd94aa50,  free space=1014k
Native frames: (J=compiled Java code, j=interpreted, Vv=VM code, C=native code)
C  [ld-linux-x86-64.so.2+0x9f7e]

Java frames: (J=compiled Java code, j=interpreted, Vv=VM code)
j  java.lang.ClassLoader$NativeLibrary.unload(Ljava/lang/String;Z)V+0
j  java.lang.ClassLoader$NativeLibrary.finalize()V+87
v  ~StubRoutines::call_stub
J 1189  sun.reflect.NativeMethodAccessorImpl.invoke0(Ljava/lang/reflect/Method;Ljava/lang/Object;[Ljava/lang/Object;)Ljava/lang/Object; (0 bytes) @ 0x00007feba546cdf7 [0x00007feba546cd80+0x77]
J 1188 C1 sun.reflect.NativeMethodAccessorImpl.invoke(Ljava/lang/Object;[Ljava/lang/Object;)Ljava/lang/Object; (104 bytes) @ 0x00007feba546c00c [0x00007feba546ae00+0x120c]
J 5996 C2 java.lang.reflect.Method.invoke(Ljava/lang/Object;[Ljava/lang/Object;)Ljava/lang/Object; (62 bytes) @ 0x00007feba6357060 [0x00007feba6356fa0+0xc0]
j  com.inductiveautomation.ignition.gateway.bootstrap.SRFilter.destroy()V+89
j  org.apache.catalina.core.ApplicationFilterConfig.release()V+61
j  org.apache.catalina.core.StandardContext.filterStop()Z+124
j  org.apache.catalina.core.StandardContext.stop()V+142
j  org.apache.catalina.core.ContainerBase.removeChild(Lorg/apache/catalina/Container;)V+90
j  org.apache.catalina.startup.HostConfig.undeployApps()V+77
j  org.apache.catalina.startup.HostConfig.stop()V+28
j  org.apache.catalina.startup.HostConfig.lifecycleEvent(Lorg/apache/catalina/LifecycleEvent;)V+151
j  org.apache.catalina.util.LifecycleSupport.fireLifecycleEvent(Ljava/lang/String;Ljava/lang/Object;)V+178
j  org.apache.catalina.core.ContainerBase.stop()V+60
j  org.apache.catalina.core.ContainerBase.stop()V+118
j  org.apache.catalina.core.StandardEngine.stop()V+1
j  org.apache.catalina.core.StandardService.stop()V+177
j  org.apache.catalina.core.StandardServer.stop()V+65
j  org.apache.catalina.startup.Catalina.stop()V+58
j  org.apache.catalina.startup.Catalina.start()V+198
v  ~StubRoutines::call_stub
j  sun.reflect.NativeMethodAccessorImpl.invoke0(Ljava/lang/reflect/Method;Ljava/lang/Object;[Ljava/lang/Object;)Ljava/lang/Object;+0
j  sun.reflect.NativeMethodAccessorImpl.invoke(Ljava/lang/Object;[Ljava/lang/Object;)Ljava/lang/Object;+100
J 497 C1 sun.reflect.DelegatingMethodAccessorImpl.invoke(Ljava/lang/Object;[Ljava/lang/Object;)Ljava/lang/Object; (10 bytes) @ 0x00007feba522346c [0x00007feba5223340+0x12c]
J 496 C1 java.lang.reflect.Method.invoke(Ljava/lang/Object;[Ljava/lang/Object;)Ljava/lang/Object; (62 bytes) @ 0x00007feba5225f04 [0x00007feba5225ae0+0x424]
j  org.apache.catalina.startup.Bootstrap.start()V+37
j  org.apache.catalina.startup.Bootstrap.main([Ljava/lang/String;)V+131
v  ~StubRoutines::call_stub

---------------  P R O C E S S  ---------------

Java Threads: ( => current thread )
  0x00007febb40c2800 JavaThread "pool-1-thread-3" [_thread_blocked, id=7747, stack(0x00007feadec63000,0x00007feaded64000)]
  0x00007febb456b000 JavaThread "Thread-22" daemon [_thread_blocked, id=7746, stack(0x00007feadd433000,0x00007feadd534000)]
  0x00007feb1c001800 JavaThread "http-8088-2" daemon [_thread_blocked, id=7744, stack(0x00007feb7a7e6000,0x00007feb7a8e7000)]
  0x00007feae8e20000 JavaThread "ClockDriftDetector" daemon [_thread_blocked, id=7688, stack(0x00007feaddf58000,0x00007feade059000)]
  0x00007feae8e55000 JavaThread "PyLib_ScriptWatcher" daemon [_thread_blocked, id=7687, stack(0x00007feade059000,0x00007feade15a000)]
  0x00007feae8d94800 JavaThread "PyFile_ChangeNotifier" daemon [_thread_blocked, id=7686, stack(0x00007feade35a000,0x00007feade45b000)]
  0x00007feae8d92800 JavaThread "Thread-18" daemon [_thread_in_native, id=7685, stack(0x00007feade45b000,0x00007feade55c000)]
  0x00007feaa0006800 JavaThread "pool-2-thread-3" [_thread_blocked, id=7684, stack(0x00007feade55c000,0x00007feade65d000)]
  0x00007feaa8009800 JavaThread "pool-1-thread-2" [_thread_blocked, id=7683, stack(0x00007feade65d000,0x00007feade75e000)]
  0x00007feaa000a000 JavaThread "pool-2-thread-2" [_thread_blocked, id=7682, stack(0x00007feade75e000,0x00007feade85f000)]
  0x00007feaa0005800 JavaThread "pool-2-thread-1" [_thread_blocked, id=7681, stack(0x00007feade85f000,0x00007feade960000)]
  0x00007feaa8005800 JavaThread "pool-1-thread-1" [_thread_blocked, id=7680, stack(0x00007feade960000,0x00007feadea61000)]
  0x00007feb1c004800 JavaThread "http-8088-1" daemon [_thread_blocked, id=7645, stack(0x00007feb32970000,0x00007feb32a71000)]
  0x00007febb4563000 JavaThread "TP-Monitor" daemon [_thread_blocked, id=7644, stack(0x00007feb32a71000,0x00007feb32b72000)]
  0x00007febb4584800 JavaThread "TP-Processor4" daemon [_thread_blocked, id=7643, stack(0x00007feb32b72000,0x00007feb32c73000)]
  0x00007febb4582800 JavaThread "TP-Processor3" daemon [_thread_blocked, id=7642, stack(0x00007feb32c73000,0x00007feb32d74000)]
  0x00007febb4581800 JavaThread "TP-Processor2" daemon [_thread_blocked, id=7641, stack(0x00007feb32d74000,0x00007feb32e75000)]
  0x00007febb456b800 JavaThread "TP-Processor1" daemon [_thread_blocked, id=7640, stack(0x00007feb32e75000,0x00007feb32f76000)]
  0x00007febb4578000 JavaThread "http-8088-Acceptor-0" daemon [_thread_blocked, id=7639, stack(0x00007feb32f76000,0x00007feb33077000)]
  0x00007febb44db000 JavaThread "GC Daemon" daemon [_thread_blocked, id=7635, stack(0x00007feb337d5000,0x00007feb338d6000)]
  0x00007feb2c008800 JavaThread "RMI Scheduler(0)" daemon [_thread_blocked, id=7634, stack(0x00007feb338d6000,0x00007feb339d7000)]
  0x00007feb48001800 JavaThread "RMI TCP Connection(idle)" daemon [_thread_blocked, id=7633, stack(0x00007feb7806f000,0x00007feb78170000)]
  0x00007feb3c001800 JavaThread "RMI TCP Connection(idle)" daemon [_thread_blocked, id=7631, stack(0x00007feb79221000,0x00007feb79322000)]
  0x00007febb44e3800 JavaThread "Abandoned connection cleanup thread" daemon [_thread_blocked, id=7629, stack(0x00007feb79322000,0x00007feb79423000)]
  0x00007febb420e800 JavaThread "RMI TCP Accept-0" daemon [_thread_in_native, id=7627, stack(0x00007feb7977a000,0x00007feb7987b000)]
  0x00007febb4205000 JavaThread "RMI TCP Accept-1099" daemon [_thread_in_native, id=7626, stack(0x00007feb7987b000,0x00007feb7997c000)]
  0x00007febb41f3800 JavaThread "RMI TCP Accept-0" daemon [_thread_in_native, id=7625, stack(0x00007feb7997c000,0x00007feb79a7d000)]
  0x00007febb40dc800 JavaThread "Service Thread" daemon [_thread_blocked, id=7624, stack(0x00007feb7a0df000,0x00007feb7a1e0000)]
  0x00007febb40cf000 JavaThread "C1 CompilerThread3" daemon [_thread_in_native, id=7623, stack(0x00007feb7a1e0000,0x00007feb7a2e1000)]
  0x00007febb40cd000 JavaThread "C2 CompilerThread2" daemon [_thread_in_native, id=7622, stack(0x00007feb7a2e1000,0x00007feb7a3e2000)]
  0x00007febb40cb000 JavaThread "C2 CompilerThread1" daemon [_thread_in_native, id=7621, stack(0x00007feb7a3e2000,0x00007feb7a4e3000)]
  0x00007febb40c8800 JavaThread "C2 CompilerThread0" daemon [_thread_blocked, id=7620, stack(0x00007feb7a4e3000,0x00007feb7a5e4000)]
  0x00007febb40c6000 JavaThread "JDWP Event Helper Thread" daemon [_thread_blocked, id=7617, stack(0x00007feb7a6e5000,0x00007feb7a7e6000)]
  0x00007febb40b5800 JavaThread "Signal Dispatcher" daemon [_thread_blocked, id=7614, stack(0x00007feb7aaeb000,0x00007feb7abec000)]
  0x00007febb4087800 JavaThread "Finalizer" daemon [_thread_blocked, id=7613, stack(0x00007feb7abec000,0x00007feb7aced000)]
  0x00007febb4085800 JavaThread "Reference Handler" daemon [_thread_blocked, id=7612, stack(0x00007feb7aced000,0x00007feb7adee000)]
=>0x00007febb400d000 JavaThread "main" [_thread_in_native, id=7602, stack(0x00007febbd84d000,0x00007febbd94e000)]

Other Threads:
  0x00007febb407e800 VMThread [stack: 0x00007feb7adee000,0x00007feb7aeef000] [id=7611]
  0x00007febb4218800 WatcherThread [stack: 0x00007feb79679000,0x00007feb7977a000] [id=7628]

VM state:not at safepoint (normal execution)

VM Mutex/Monitor currently owned by a thread: None

Heap:
 PSYoungGen      total 269312K, used 45711K [0x000000076ce00000, 0x0000000781080000, 0x00000007c0000000)
  eden space 248832K, 18% used [0x000000076ce00000,0x000000076faa3f18,0x000000077c100000)
  from space 20480K, 0% used [0x000000077c100000,0x000000077c100000,0x000000077d500000)
  to   space 20992K, 0% used [0x000000077fc00000,0x000000077fc00000,0x0000000781080000)
 ParOldGen       total 239104K, used 34551K [0x00000006c6a00000, 0x00000006d5380000, 0x000000076ce00000)
  object space 239104K, 14% used [0x00000006c6a00000,0x00000006c8bbde28,0x00000006d5380000)
 Metaspace       used 57511K, capacity 58650K, committed 58780K, reserved 1099776K
  class space    used 8172K, capacity 8440K, committed 8448K, reserved 1048576K

Card table byte_map: [0x00007febb979d000,0x00007febb9f69000] byte_map_base: 0x00007febb6168000

Marking Bits: (ParMarkBitMap*) 0x00007febbcd27c20
 Begin Bits: [0x00007feb80350000, 0x00007feb841a8000)
 End Bits:   [0x00007feb841a8000, 0x00007feb88000000)

Polling page: 0x00007febbd970000

CodeCache: size=245760Kb used=21612Kb max_used=21877Kb free=224148Kb
 bounds [0x00007feba5000000, 0x00007feba6580000, 0x00007febb4000000]
 total_blobs=6207 nmethods=5604 adapters=524
 compilation: enabled

Compilation events (10 events):
Event: 77.000 Thread 0x00007febb40cf000 nmethod 6780 0x00007feba5464650 code [0x00007feba5464820, 0x00007feba5465178]
Event: 77.004 Thread 0x00007febb40cf000 6781       3       org.apache.log4j.spi.LoggingEvent::getLevel (8 bytes)
Event: 77.004 Thread 0x00007febb40cf000 nmethod 6781 0x00007feba5148d90 code [0x00007feba5148f00, 0x00007feba5149150]
Event: 77.005 Thread 0x00007febb40cf000 6782  s    3       org.apache.log4j.AppenderSkeleton::doAppend (110 bytes)
Event: 77.006 Thread 0x00007febb40cb000 nmethod 6779% 0x00007feba60e2a10 code [0x00007feba60e2ba0, 0x00007feba60e2f38]
Event: 77.007 Thread 0x00007febb40cf000 nmethod 6782 0x00007feba5f96e10 code [0x00007feba5f97140, 0x00007feba5f99268]
Event: 77.008 Thread 0x00007febb40cf000 6783       1       org.apache.log4j.spi.LoggingEvent::getThrowableInformation (5 bytes)
Event: 77.008 Thread 0x00007febb40cf000 nmethod 6783 0x00007feba5dace90 code [0x00007feba5dacfe0, 0x00007feba5dad0f0]
Event: 77.009 Thread 0x00007febb40cb000 6788       4       java.io.ObjectOutputStream$ReplaceTable::lookup (24 bytes)
Event: 77.009 Thread 0x00007febb40cf000 6787   !   3       java.io.ObjectOutputStream::writeObject0 (619 bytes)

GC Heap History (10 events):
Event: 5.784 GC heap before
{Heap before GC invocations=10 (full 2):
 PSYoungGen      total 156672K, used 141824K [0x000000076ce00000, 0x000000077bb80000, 0x00000007c0000000)
  eden space 141824K, 100% used [0x000000076ce00000,0x0000000775880000,0x0000000775880000)
  from space 14848K, 0% used [0x0000000775880000,0x0000000775880000,0x0000000776700000)
  to   space 16384K, 0% used [0x000000077ab80000,0x000000077ab80000,0x000000077bb80000)
 ParOldGen       total 171520K, used 23617K [0x00000006c6a00000, 0x00000006d1180000, 0x000000076ce00000)
  object space 171520K, 13% used [0x00000006c6a00000,0x00000006c8110440,0x00000006d1180000)
 Metaspace       used 39551K, capacity 40014K, committed 40192K, reserved 1083392K
  class space    used 5707K, capacity 5842K, committed 5888K, reserved 1048576K
Event: 5.793 GC heap after
Heap after GC invocations=10 (full 2):
 PSYoungGen      total 214528K, used 6090K [0x000000076ce00000, 0x000000077b580000, 0x00000007c0000000)
  eden space 204288K, 0% used [0x000000076ce00000,0x000000076ce00000,0x0000000779580000)
  from space 10240K, 59% used [0x000000077ab80000,0x000000077b172b80,0x000000077b580000)
  to   space 16384K, 0% used [0x0000000779580000,0x0000000779580000,0x000000077a580000)
 ParOldGen       total 171520K, used 23625K [0x00000006c6a00000, 0x00000006d1180000, 0x000000076ce00000)
  object space 171520K, 13% used [0x00000006c6a00000,0x00000006c8112440,0x00000006d1180000)
 Metaspace       used 39551K, capacity 40014K, committed 40192K, reserved 1083392K
  class space    used 5707K, capacity 5842K, committed 5888K, reserved 1048576K
}
Event: 7.640 GC heap before
{Heap before GC invocations=11 (full 2):
 PSYoungGen      total 214528K, used 210378K [0x000000076ce00000, 0x000000077b580000, 0x00000007c0000000)
  eden space 204288K, 100% used [0x000000076ce00000,0x0000000779580000,0x0000000779580000)
  from space 10240K, 59% used [0x000000077ab80000,0x000000077b172b80,0x000000077b580000)
  to   space 16384K, 0% used [0x0000000779580000,0x0000000779580000,0x000000077a580000)
 ParOldGen       total 171520K, used 23625K [0x00000006c6a00000, 0x00000006d1180000, 0x000000076ce00000)
  object space 171520K, 13% used [0x00000006c6a00000,0x00000006c8112440,0x00000006d1180000)
 Metaspace       used 49714K, capacity 50266K, committed 50688K, reserved 1093632K
  class space    used 7149K, capacity 7300K, committed 7424K, reserved 1048576K
Event: 7.654 GC heap after
Heap after GC invocations=11 (full 2):
 PSYoungGen      total 220672K, used 14913K [0x000000076ce00000, 0x000000077e900000, 0x00000007c0000000)
  eden space 204288K, 0% used [0x000000076ce00000,0x000000076ce00000,0x0000000779580000)
  from space 16384K, 91% used [0x0000000779580000,0x000000077a4106c8,0x000000077a580000)
  to   space 17920K, 0% used [0x000000077d780000,0x000000077d780000,0x000000077e900000)
 ParOldGen       total 171520K, used 23633K [0x00000006c6a00000, 0x00000006d1180000, 0x000000076ce00000)
  object space 171520K, 13% used [0x00000006c6a00000,0x00000006c8114440,0x00000006d1180000)
 Metaspace       used 49714K, capacity 50266K, committed 50688K, reserved 1093632K
  class space    used 7149K, capacity 7300K, committed 7424K, reserved 1048576K
}
Event: 40.225 GC heap before
{Heap before GC invocations=12 (full 2):
 PSYoungGen      total 220672K, used 219201K [0x000000076ce00000, 0x000000077e900000, 0x00000007c0000000)
  eden space 204288K, 100% used [0x000000076ce00000,0x0000000779580000,0x0000000779580000)
  from space 16384K, 91% used [0x0000000779580000,0x000000077a4106c8,0x000000077a580000)
  to   space 17920K, 0% used [0x000000077d780000,0x000000077d780000,0x000000077e900000)
 ParOldGen       total 171520K, used 23633K [0x00000006c6a00000, 0x00000006d1180000, 0x000000076ce00000)
  object space 171520K, 13% used [0x00000006c6a00000,0x00000006c8114440,0x00000006d1180000)
 Metaspace       used 57101K, capacity 58248K, committed 58368K, reserved 1099776K
  class space    used 8144K, capacity 8401K, committed 8448K, reserved 1048576K
Event: 40.243 GC heap after
Heap after GC invocations=12 (full 2):
 PSYoungGen      total 264192K, used 17908K [0x000000076ce00000, 0x000000077e900000, 0x00000007c0000000)
  eden space 246272K, 0% used [0x000000076ce00000,0x000000076ce00000,0x000000077be80000)
  from space 17920K, 99% used [0x000000077d780000,0x000000077e8fd238,0x000000077e900000)
  to   space 20480K, 0% used [0x000000077c100000,0x000000077c100000,0x000000077d500000)
 ParOldGen       total 171520K, used 24911K [0x00000006c6a00000, 0x00000006d1180000, 0x000000076ce00000)
  object space 171520K, 14% used [0x00000006c6a00000,0x00000006c8253c20,0x00000006d1180000)
 Metaspace       used 57101K, capacity 58248K, committed 58368K, reserved 1099776K
  class space    used 8144K, capacity 8401K, committed 8448K, reserved 1048576K
}
Event: 66.083 GC heap before
{Heap before GC invocations=13 (full 2):
 PSYoungGen      total 264192K, used 75500K [0x000000076ce00000, 0x000000077e900000, 0x00000007c0000000)
  eden space 246272K, 23% used [0x000000076ce00000,0x000000077063df60,0x000000077be80000)
  from space 17920K, 99% used [0x000000077d780000,0x000000077e8fd238,0x000000077e900000)
  to   space 20480K, 0% used [0x000000077c100000,0x000000077c100000,0x000000077d500000)
 ParOldGen       total 171520K, used 24911K [0x00000006c6a00000, 0x00000006d1180000, 0x000000076ce00000)
  object space 171520K, 14% used [0x00000006c6a00000,0x00000006c8253c20,0x00000006d1180000)
 Metaspace       used 57326K, capacity 58422K, committed 58524K, reserved 1099776K
  class space    used 8149K, capacity 8408K, committed 8448K, reserved 1048576K
Event: 66.100 GC heap after
Heap after GC invocations=13 (full 2):
 PSYoungGen      total 269312K, used 14914K [0x000000076ce00000, 0x0000000781080000, 0x00000007c0000000)
  eden space 248832K, 0% used [0x000000076ce00000,0x000000076ce00000,0x000000077c100000)
  from space 20480K, 72% used [0x000000077c100000,0x000000077cf90928,0x000000077d500000)
  to   space 20992K, 0% used [0x000000077fc00000,0x000000077fc00000,0x0000000781080000)
 ParOldGen       total 171520K, used 24919K [0x00000006c6a00000, 0x00000006d1180000, 0x000000076ce00000)
  object space 171520K, 14% used [0x00000006c6a00000,0x00000006c8255c20,0x00000006d1180000)
 Metaspace       used 57326K, capacity 58422K, committed 58524K, reserved 1099776K
  class space    used 8149K, capacity 8408K, committed 8448K, reserved 1048576K
}
Event: 66.100 GC heap before
{Heap before GC invocations=14 (full 3):
 PSYoungGen      total 269312K, used 14914K [0x000000076ce00000, 0x0000000781080000, 0x00000007c0000000)
  eden space 248832K, 0% used [0x000000076ce00000,0x000000076ce00000,0x000000077c100000)
  from space 20480K, 72% used [0x000000077c100000,0x000000077cf90928,0x000000077d500000)
  to   space 20992K, 0% used [0x000000077fc00000,0x000000077fc00000,0x0000000781080000)
 ParOldGen       total 171520K, used 24919K [0x00000006c6a00000, 0x00000006d1180000, 0x000000076ce00000)
  object space 171520K, 14% used [0x00000006c6a00000,0x00000006c8255c20,0x00000006d1180000)
 Metaspace       used 57326K, capacity 58422K, committed 58524K, reserved 1099776K
  class space    used 8149K, capacity 8408K, committed 8448K, reserved 1048576K
Event: 66.294 GC heap after
Heap after GC invocations=14 (full 3):
 PSYoungGen      total 269312K, used 0K [0x000000076ce00000, 0x0000000781080000, 0x00000007c0000000)
  eden space 248832K, 0% used [0x000000076ce00000,0x000000076ce00000,0x000000077c100000)
  from space 20480K, 0% used [0x000000077c100000,0x000000077c100000,0x000000077d500000)
  to   space 20992K, 0% used [0x000000077fc00000,0x000000077fc00000,0x0000000781080000)
 ParOldGen       total 239104K, used 34551K [0x00000006c6a00000, 0x00000006d5380000, 0x000000076ce00000)
  object space 239104K, 14% used [0x00000006c6a00000,0x00000006c8bbde28,0x00000006d5380000)
 Metaspace       used 57266K, capacity 58338K, committed 58524K, reserved 1099776K
  class space    used 8148K, capacity 8404K, committed 8448K, reserved 1048576K
}

Deoptimization events (10 events):
Event: 76.780 Thread 0x00007febb400d000 Uncommon trap: reason=class_check action=maybe_recompile pc=0x00007feba5c1d990 method=org.hsqldb.index.IndexAVL.unlinkNodes(Lorg/hsqldb/index/NodeAVL;)V @ 4
Event: 76.780 Thread 0x00007febb400d000 Uncommon trap: reason=class_check action=maybe_recompile pc=0x00007feba5c1d990 method=org.hsqldb.index.IndexAVL.unlinkNodes(Lorg/hsqldb/index/NodeAVL;)V @ 4
Event: 76.896 Thread 0x00007febb400d000 Uncommon trap: reason=class_check action=maybe_recompile pc=0x00007feba5c1d990 method=org.hsqldb.index.IndexAVL.unlinkNodes(Lorg/hsqldb/index/NodeAVL;)V @ 4
Event: 76.896 Thread 0x00007febb400d000 Uncommon trap: reason=unreached action=reinterpret pc=0x00007feba5ad5be0 method=org.hsqldb.store.BaseHashMap.clearElementArrays(II)V @ 185
Event: 76.898 Thread 0x00007feae87a9800 Uncommon trap: reason=unreached action=reinterpret pc=0x00007feba65693ac method=org.hsqldb.lib.HsqlTimer$TaskQueue.peekTask()Lorg/hsqldb/lib/HsqlTimer$Task; @ 6
Event: 77.004 Thread 0x00007febb400d000 Uncommon trap: reason=bimorphic action=maybe_recompile pc=0x00007feba5ffa37c method=java.io.ObjectOutputStream$BlockDataOutputStream.write([BIIZ)V @ 23
Event: 77.006 Thread 0x00007febb400d000 Uncommon trap: reason=bimorphic action=maybe_recompile pc=0x00007feba650d450 method=java.io.ObjectOutputStream$BlockDataOutputStream.write([BIIZ)V @ 23
Event: 77.006 Thread 0x00007febb400d000 Uncommon trap: reason=bimorphic action=maybe_recompile pc=0x00007feba650d450 method=java.io.ObjectOutputStream$BlockDataOutputStream.write([BIIZ)V @ 23
Event: 77.007 Thread 0x00007febb400d000 Uncommon trap: reason=bimorphic action=maybe_recompile pc=0x00007feba5ffa37c method=java.io.ObjectOutputStream$BlockDataOutputStream.write([BIIZ)V @ 23
Event: 77.009 Thread 0x00007febb400d000 Uncommon trap: reason=bimorphic action=maybe_recompile pc=0x00007feba650d450 method=java.io.ObjectOutputStream$BlockDataOutputStream.write([BIIZ)V @ 23

Internal exceptions (10 events):
Event: 76.881 Thread 0x00007febb400d000 Exception <a 'java/security/PrivilegedActionException'> (0x000000076ea1e7f0) thrown at [/HUDSON/workspace/8-2-build-linux-amd64/jdk8u20/526.nc/hotspot/src/share/vm/prims/jvm.cpp, line 1258]
Event: 76.882 Thread 0x00007febb400d000 Exception <a 'java/security/PrivilegedActionException'> (0x000000076ea30ae8) thrown at [/HUDSON/workspace/8-2-build-linux-amd64/jdk8u20/526.nc/hotspot/src/share/vm/prims/jvm.cpp, line 1258]
Event: 76.883 Thread 0x00007febb400d000 Exception <a 'java/security/PrivilegedActionException'> (0x000000076ea31688) thrown at [/HUDSON/workspace/8-2-build-linux-amd64/jdk8u20/526.nc/hotspot/src/share/vm/prims/jvm.cpp, line 1258]
Event: 76.884 Thread 0x00007febb400d000 Exception <a 'java/lang/NullPointerException'> (0x000000076ea39f68) thrown at [/HUDSON/workspace/8-2-build-linux-amd64/jdk8u20/526.nc/hotspot/src/share/vm/interpreter/linkResolver.cpp, line 1268]
Event: 77.007 Thread 0x00007febb400d000 Exception <a 'java/security/PrivilegedActionException'> (0x000000076ea5c558) thrown at [/HUDSON/workspace/8-2-build-linux-amd64/jdk8u20/526.nc/hotspot/src/share/vm/prims/jvm.cpp, line 1258]
Event: 77.007 Thread 0x00007febb400d000 Exception <a 'java/security/PrivilegedActionException'> (0x000000076ea5d538) thrown at [/HUDSON/workspace/8-2-build-linux-amd64/jdk8u20/526.nc/hotspot/src/share/vm/prims/jvm.cpp, line 1258]
Event: 77.008 Thread 0x00007febb400d000 Exception <a 'java/security/PrivilegedActionException'> (0x000000076ea6d1d0) thrown at [/HUDSON/workspace/8-2-build-linux-amd64/jdk8u20/526.nc/hotspot/src/share/vm/prims/jvm.cpp, line 1258]
Event: 77.008 Thread 0x00007febb400d000 Exception <a 'java/security/PrivilegedActionException'> (0x000000076ea6e240) thrown at [/HUDSON/workspace/8-2-build-linux-amd64/jdk8u20/526.nc/hotspot/src/share/vm/prims/jvm.cpp, line 1258]
Event: 77.008 Thread 0x00007febb400d000 Exception <a 'java/security/PrivilegedActionException'> (0x000000076ea7e3a0) thrown at [/HUDSON/workspace/8-2-build-linux-amd64/jdk8u20/526.nc/hotspot/src/share/vm/prims/jvm.cpp, line 1258]
Event: 77.008 Thread 0x00007febb400d000 Exception <a 'java/security/PrivilegedActionException'> (0x000000076ea7f3c0) thrown at [/HUDSON/workspace/8-2-build-linux-amd64/jdk8u20/526.nc/hotspot/src/share/vm/prims/jvm.cpp, line 1258]

Events (10 events):
Event: 77.010 Thread 0x00007febb400d000 DEOPT PACKING pc=0x00007feba600400c sp=0x00007febbd949ad0
Event: 77.010 Thread 0x00007febb400d000 DEOPT UNPACKING pc=0x00007feba504741a sp=0x00007febbd949898 mode 1
Event: 77.010 Thread 0x00007febb400d000 DEOPT PACKING pc=0x00007feba53a40a4 sp=0x00007febbd949a40
Event: 77.010 Thread 0x00007febb400d000 DEOPT UNPACKING pc=0x00007feba504741a sp=0x00007febbd949818 mode 1
Event: 77.010 Thread 0x00007febb400d000 DEOPT PACKING pc=0x00007feba53a40a4 sp=0x00007febbd949a00
Event: 77.010 Thread 0x00007febb400d000 DEOPT UNPACKING pc=0x00007feba504741a sp=0x00007febbd9497c0 mode 1
Event: 77.010 Thread 0x00007febb400d000 DEOPT PACKING pc=0x00007feba600400c sp=0x00007febbd949ad0
Event: 77.010 Thread 0x00007febb400d000 DEOPT UNPACKING pc=0x00007feba504741a sp=0x00007febbd949898 mode 1
Event: 77.010 Thread 0x00007febb400d000 DEOPT PACKING pc=0x00007feba53a40a4 sp=0x00007febbd949a40
Event: 77.010 Thread 0x00007febb400d000 DEOPT UNPACKING pc=0x00007feba504741a sp=0x00007febbd949818 mode 1


Dynamic libraries:
00400000-00401000 r-xp 00000000 08:06 19938758                           /usr/lib/jvm/jdk1.8.0_20/bin/java
00600000-00601000 rw-p 00000000 08:06 19938758                           /usr/lib/jvm/jdk1.8.0_20/bin/java
00e03000-00e24000 rw-p 00000000 00:00 0                                  [heap]
6c6a00000-6d5380000 rw-p 00000000 00:00 0 
6d5380000-76ce00000 ---p 00000000 00:00 0 
76ce00000-781080000 rw-p 00000000 00:00 0 
781080000-7c0000000 ---p 00000000 00:00 0 
7c0000000-7c0840000 rw-p 00000000 00:00 0 
7c0840000-800000000 ---p 00000000 00:00 0 
7fea98000000-7fea98021000 rw-p 00000000 00:00 0 
7fea98021000-7fea9c000000 ---p 00000000 00:00 0 
7fea9c000000-7fea9c021000 rw-p 00000000 00:00 0 
7fea9c021000-7feaa0000000 ---p 00000000 00:00 0 
7feaa0000000-7feaa00e4000 rw-p 00000000 00:00 0 
7feaa00e4000-7feaa4000000 ---p 00000000 00:00 0 
7feaa4000000-7feaa4021000 rw-p 00000000 00:00 0 
7feaa4021000-7feaa8000000 ---p 00000000 00:00 0 
7feaa8000000-7feaa8033000 rw-p 00000000 00:00 0 
7feaa8033000-7feaac000000 ---p 00000000 00:00 0 
7feaac000000-7feaac27b000 rw-p 00000000 00:00 0 
7feaac27b000-7feab0000000 ---p 00000000 00:00 0 
7feab0000000-7feab0042000 rw-p 00000000 00:00 0 
7feab0042000-7feab4000000 ---p 00000000 00:00 0 
7feab4000000-7feab4021000 rw-p 00000000 00:00 0 
7feab4021000-7feab8000000 ---p 00000000 00:00 0 
7feab8000000-7feab8021000 rw-p 00000000 00:00 0 
7feab8021000-7feabc000000 ---p 00000000 00:00 0 
7feabc000000-7feabc021000 rw-p 00000000 00:00 0 
7feabc021000-7feac0000000 ---p 00000000 00:00 0 
7feac0000000-7feac0021000 rw-p 00000000 00:00 0 
7feac0021000-7feac4000000 ---p 00000000 00:00 0 
7feac4000000-7feac4021000 rw-p 00000000 00:00 0 
7feac4021000-7feac8000000 ---p 00000000 00:00 0 
7feac8000000-7feac8021000 rw-p 00000000 00:00 0 
7feac8021000-7feacc000000 ---p 00000000 00:00 0 
7feacc000000-7feacc021000 rw-p 00000000 00:00 0 
7feacc021000-7fead0000000 ---p 00000000 00:00 0 
7fead0000000-7fead0021000 rw-p 00000000 00:00 0 
7fead0021000-7fead4000000 ---p 00000000 00:00 0 
7fead4000000-7fead4021000 rw-p 00000000 00:00 0 
7fead4021000-7fead8000000 ---p 00000000 00:00 0 
7fead8000000-7fead8021000 rw-p 00000000 00:00 0 
7fead8021000-7feadc000000 ---p 00000000 00:00 0 
7feadd031000-7feadd034000 ---p 00000000 00:00 0 
7feadd034000-7feadd259000 rw-p 00000000 00:00 0 
7feadd259000-7feadd335000 ---p 00000000 00:00 0 
7feadd335000-7feadd433000 rw-p 00000000 00:00 0 
7feadd433000-7feadd436000 ---p 00000000 00:00 0 
7feadd436000-7feadd734000 rw-p 00000000 00:00 0                          [stack:7746]
7feadd734000-7feadd74b000 r-xp 00000000 08:06 15602148                   /lib/x86_64-linux-gnu/libresolv-2.19.so
7feadd74b000-7feadd94b000 ---p 00017000 08:06 15602148                   /lib/x86_64-linux-gnu/libresolv-2.19.so
7feadd94b000-7feadd94c000 r--p 00017000 08:06 15602148                   /lib/x86_64-linux-gnu/libresolv-2.19.so
7feadd94c000-7feadd94d000 rw-p 00018000 08:06 15602148                   /lib/x86_64-linux-gnu/libresolv-2.19.so
7feadd94d000-7feadd94f000 rw-p 00000000 00:00 0 
7feadd94f000-7feadd954000 r-xp 00000000 08:06 15602324                   /lib/x86_64-linux-gnu/libnss_dns-2.19.so
7feadd954000-7feaddb53000 ---p 00005000 08:06 15602324                   /lib/x86_64-linux-gnu/libnss_dns-2.19.so
7feaddb53000-7feaddb54000 r--p 00004000 08:06 15602324                   /lib/x86_64-linux-gnu/libnss_dns-2.19.so
7feaddb54000-7feaddb55000 rw-p 00005000 08:06 15602324                   /lib/x86_64-linux-gnu/libnss_dns-2.19.so
7feaddb55000-7feaddb57000 r-xp 00000000 08:06 15601607                   /lib/x86_64-linux-gnu/libnss_mdns4_minimal.so.2
7feaddb57000-7feaddd56000 ---p 00002000 08:06 15601607                   /lib/x86_64-linux-gnu/libnss_mdns4_minimal.so.2
7feaddd56000-7feaddd57000 r--p 00001000 08:06 15601607                   /lib/x86_64-linux-gnu/libnss_mdns4_minimal.so.2
7feaddd57000-7feaddd58000 rw-p 00002000 08:06 15601607                   /lib/x86_64-linux-gnu/libnss_mdns4_minimal.so.2
7feaddd58000-7feaddf58000 rw-p 00000000 00:00 0 
7feaddf58000-7feaddf5b000 ---p 00000000 00:00 0 
7feaddf5b000-7feade059000 rw-p 00000000 00:00 0                          [stack:7688]
7feade059000-7feade05c000 ---p 00000000 00:00 0 
7feade05c000-7feade35a000 rw-p 00000000 00:00 0                          [stack:7687]
7feade35a000-7feade35d000 ---p 00000000 00:00 0 
7feade35d000-7feade45b000 rw-p 00000000 00:00 0                          [stack:7686]
7feade45b000-7feade45e000 ---p 00000000 00:00 0 
7feade45e000-7feade55c000 rw-p 00000000 00:00 0                          [stack:7685]
7feade55c000-7feade55f000 ---p 00000000 00:00 0 
7feade55f000-7feade65d000 rw-p 00000000 00:00 0                          [stack:7684]
7feade65d000-7feade660000 ---p 00000000 00:00 0 
7feade660000-7feade75e000 rw-p 00000000 00:00 0                          [stack:7683]
7feade75e000-7feade761000 ---p 00000000 00:00 0 
7feade761000-7feade85f000 rw-p 00000000 00:00 0                          [stack:7682]
7feade85f000-7feade862000 ---p 00000000 00:00 0 
7feade862000-7feade960000 rw-p 00000000 00:00 0                          [stack:7681]
7feade960000-7feade963000 ---p 00000000 00:00 0 
7feade963000-7feadea61000 rw-p 00000000 00:00 0                          [stack:7680]
7feadea61000-7feadea64000 ---p 00000000 00:00 0 
7feadea64000-7feadeb62000 rw-p 00000000 00:00 0 
7feadeb62000-7feadeb65000 ---p 00000000 00:00 0 
7feadeb65000-7feadec63000 rw-p 00000000 00:00 0 
7feadec63000-7feadec66000 ---p 00000000 00:00 0 
7feadec66000-7feadef64000 rw-p 00000000 00:00 0                          [stack:7747]
7feadef64000-7feadf164000 rw-p 00000000 00:00 0 
7feadf164000-7feadf167000 ---p 00000000 00:00 0 
7feadf167000-7feadf265000 rw-p 00000000 00:00 0 
7feadf265000-7feadf268000 ---p 00000000 00:00 0 
7feadf268000-7feadf366000 rw-p 00000000 00:00 0 
7feadf366000-7feadf369000 ---p 00000000 00:00 0 
7feadf369000-7feadf467000 rw-p 00000000 00:00 0 
7feadf467000-7feadf46a000 ---p 00000000 00:00 0 
7feadf46a000-7feadf568000 rw-p 00000000 00:00 0 
7feadf568000-7feadf56b000 ---p 00000000 00:00 0 
7feadf56b000-7feadf869000 rw-p 00000000 00:00 0 
7feadf869000-7feadf86c000 ---p 00000000 00:00 0 
7feadf86c000-7feadf96a000 rw-p 00000000 00:00 0 
7feadf96a000-7feadf96d000 ---p 00000000 00:00 0 
7feadf96d000-7feadfa6b000 rw-p 00000000 00:00 0 
7feadfa6b000-7feadfa6e000 ---p 00000000 00:00 0 
7feadfa6e000-7feadfb6c000 rw-p 00000000 00:00 0 
7feadfbfe000-7feadfc01000 ---p 00000000 00:00 0 
7feadfc01000-7feadfeff000 rw-p 00000000 00:00 0 
7feadfeff000-7feadff02000 ---p 00000000 00:00 0 
7feadff02000-7feae0000000 rw-p 00000000 00:00 0 
7feae0000000-7feae0021000 rw-p 00000000 00:00 0 
7feae0021000-7feae4000000 ---p 00000000 00:00 0 
7feae4000000-7feae4021000 rw-p 00000000 00:00 0 
7feae4021000-7feae8000000 ---p 00000000 00:00 0 
7feae8000000-7feae8edb000 rw-p 00000000 00:00 0 
7feae8edb000-7feaec000000 ---p 00000000 00:00 0 
7feaec000000-7feaec021000 rw-p 00000000 00:00 0 
7feaec021000-7feaf0000000 ---p 00000000 00:00 0 
7feaf0000000-7feaf0021000 rw-p 00000000 00:00 0 
7feaf0021000-7feaf4000000 ---p 00000000 00:00 0 
7feaf4000000-7feaf4021000 rw-p 00000000 00:00 0 
7feaf4021000-7feaf8000000 ---p 00000000 00:00 0 
7feaf8000000-7feaf80ff000 rw-p 00000000 00:00 0 
7feaf80ff000-7feafc000000 ---p 00000000 00:00 0 
7feafc000000-7feafc031000 rw-p 00000000 00:00 0 
7feafc031000-7feb00000000 ---p 00000000 00:00 0 
7feb00000000-7feb00021000 rw-p 00000000 00:00 0 
7feb00021000-7feb04000000 ---p 00000000 00:00 0 
7feb04000000-7feb04311000 rw-p 00000000 00:00 0 
7feb04311000-7feb08000000 ---p 00000000 00:00 0 
7feb08000000-7feb08021000 rw-p 00000000 00:00 0 
7feb08021000-7feb0c000000 ---p 00000000 00:00 0 
7feb0c000000-7feb0c05d000 rw-p 00000000 00:00 0 
7feb0c05d000-7feb10000000 ---p 00000000 00:00 0 
7feb10000000-7feb10021000 rw-p 00000000 00:00 0 
7feb10021000-7feb14000000 ---p 00000000 00:00 0 
7feb14000000-7feb14021000 rw-p 00000000 00:00 0 
7feb14021000-7feb18000000 ---p 00000000 00:00 0 
7feb18000000-7feb1810c000 rw-p 00000000 00:00 0 
7feb1810c000-7feb1c000000 ---p 00000000 00:00 0 
7feb1c000000-7feb1c021000 rw-p 00000000 00:00 0 
7feb1c021000-7feb20000000 ---p 00000000 00:00 0 
7feb20000000-7feb20021000 rw-p 00000000 00:00 0 
7feb20021000-7feb24000000 ---p 00000000 00:00 0 
7feb24000000-7feb24021000 rw-p 00000000 00:00 0 
7feb24021000-7feb28000000 ---p 00000000 00:00 0 
7feb28000000-7feb284e5000 rw-p 00000000 00:00 0 
7feb284e5000-7feb2c000000 ---p 00000000 00:00 0 
7feb2c000000-7feb2c021000 rw-p 00000000 00:00 0 
7feb2c021000-7feb30000000 ---p 00000000 00:00 0 
7feb3000d000-7feb30010000 ---p 00000000 00:00 0 
7feb30010000-7feb3010e000 rw-p 00000000 00:00 0 
7feb3010e000-7feb30111000 ---p 00000000 00:00 0 
7feb30111000-7feb3020f000 rw-p 00000000 00:00 0 
7feb3029e000-7feb302a1000 ---p 00000000 00:00 0 
7feb302a1000-7feb3039f000 rw-p 00000000 00:00 0 
7feb3039f000-7feb303a2000 ---p 00000000 00:00 0 
7feb303a2000-7feb304a0000 rw-p 00000000 00:00 0 
7feb304a0000-7feb304a3000 ---p 00000000 00:00 0 
7feb304a3000-7feb307a1000 rw-p 00000000 00:00 0 
7feb307a1000-7feb309a1000 rw-p 00000000 00:00 0 
7feb30aaf000-7feb30caf000 rw-p 00000000 00:00 0 
7feb30caf000-7feb30eaf000 rw-p 00000000 00:00 0 
7feb30eaf000-7feb310af000 rw-p 00000000 00:00 0 
7feb310af000-7feb310b2000 ---p 00000000 00:00 0 
7feb310b2000-7feb313b0000 rw-p 00000000 00:00 0 
7feb313b0000-7feb313b2000 r--s 00003000 08:06 659380                     /usr/local/development/dev-7-7/Ignition/IgnitionWebApp/src/main/home/temp/sfc-gateway-api3562695757629279896.jar
7feb313b2000-7feb313b5000 r--s 00019000 08:06 659379                     /usr/local/development/dev-7-7/Ignition/IgnitionWebApp/src/main/home/temp/sfc-gateway8058359748200057496.jar
7feb313b5000-7feb313b8000 r--s 00016000 08:06 659378                     /usr/local/development/dev-7-7/Ignition/IgnitionWebApp/src/main/home/temp/sfc-common2119146127698549448.jar
7feb3142b000-7feb31432000 r--s 00000000 08:06 15863595                   /usr/lib/x86_64-linux-gnu/gconv/gconv-modules.cache
7feb31432000-7feb31632000 rw-p 00000000 00:00 0 
7feb31632000-7feb31636000 r--s 000be000 08:06 658862                     /usr/local/development/dev-7-7/Ignition/IgnitionWebApp/src/main/home/temp/vis-gateway5578548266676549257.jar
7feb31636000-7feb3163e000 r--s 0009e000 08:06 657755                     /usr/local/development/dev-7-7/Ignition/IgnitionWebApp/src/main/home/temp/secsgem-gateway2600725155811443248.jar
7feb31840000-7feb31a40000 rw-p 00000000 00:00 0 
7feb31a40000-7feb31a43000 ---p 00000000 00:00 0 
7feb31a43000-7feb31b41000 rw-p 00000000 00:00 0 
7feb31b41000-7feb31b44000 ---p 00000000 00:00 0 
7feb31b44000-7feb31c42000 rw-p 00000000 00:00 0 
7feb31c42000-7feb31c45000 ---p 00000000 00:00 0 
7feb31c45000-7feb31d43000 rw-p 00000000 00:00 0 
7feb31d43000-7feb31d56000 r--s 00345000 08:06 20582253                   /usr/lib/jvm/jdk1.8.0_20/jre/lib/resources.jar
7feb31d56000-7feb31d59000 ---p 00000000 00:00 0 
7feb31d59000-7feb32057000 rw-p 00000000 00:00 0 
7feb32057000-7feb32258000 rw-p 00000000 00:00 0 
7feb32258000-7feb32259000 r--s 00002000 08:06 658869                     /usr/local/development/dev-7-7/Ignition/IgnitionWebApp/src/main/home/temp/vis-common7430122195402227292.jar
7feb32259000-7feb3225a000 r--s 00004000 08:06 658858                     /usr/local/development/dev-7-7/Ignition/IgnitionWebApp/src/main/home/temp/secsgem-shared6005737313261099324.jar
7feb3225a000-7feb3225b000 r--s 00000000 08:06 2365020                    /usr/local/development/dev-7-7/Ignition/IgnitionWebApp/target/ignition-webapp-7.7/WEB-INF/lib/xopc-common-2.7.2-20141104.213412-19.jar
7feb3225b000-7feb32273000 r--s 000f7000 08:06 2365016                    /usr/local/development/dev-7-7/Ignition/IgnitionWebApp/target/ignition-webapp-7.7/WEB-INF/lib/xopc-2.7.2-20141104.213433-19.jar
7feb32273000-7feb32280000 r--s 000a0000 08:06 2365222                    /usr/local/development/dev-7-7/Ignition/IgnitionWebApp/target/ignition-webapp-7.7/WEB-INF/lib/winpack-3.8.3.jar
7feb32280000-7feb3228a000 r--s 0005c000 08:06 2364945                    /usr/local/development/dev-7-7/Ignition/IgnitionWebApp/target/ignition-webapp-7.7/WEB-INF/lib/wicket-util-6.1.1.jar
7feb3228a000-7feb3228d000 r--s 00012000 08:06 2364946                    /usr/local/development/dev-7-7/Ignition/IgnitionWebApp/target/ignition-webapp-7.7/WEB-INF/lib/wicket-request-6.1.1.jar
7feb3228d000-7feb3229f000 r--s 00138000 08:06 2364948                    /usr/local/development/dev-7-7/Ignition/IgnitionWebApp/target/ignition-webapp-7.7/WEB-INF/lib/wicket-extensions-6.1.1.jar
7feb3229f000-7feb322a2000 r--s 00038000 08:06 2364947                    /usr/local/development/dev-7-7/Ignition/IgnitionWebApp/target/ignition-webapp-7.7/WEB-INF/lib/wicket-datetime-6.1.1.jar
7feb322a2000-7feb322c5000 r--s 001a3000 08:06 2364944                    /usr/local/development/dev-7-7/Ignition/IgnitionWebApp/target/ignition-webapp-7.7/WEB-INF/lib/wicket-core-6.1.1.jar
7feb322c5000-7feb322c7000 r--s 0012e000 08:06 2365207                    /usr/local/development/dev-7-7/Ignition/IgnitionWebApp/target/ignition-webapp-7.7/WEB-INF/lib/voice-cmu-slt-hsmm-5.0.jar
7feb322c7000-7feb322c8000 r--s 00006000 08:06 2365022                    /usr/local/development/dev-7-7/Ignition/IgnitionWebApp/target/ignition-webapp-7.7/WEB-INF/lib/user-manual-module-1.7.0-20131026.004611-6.jar
7feb322c8000-7feb322c9000 r--s 00268000 08:06 2365208                    /usr/local/development/dev-7-7/Ignition/IgnitionWebApp/target/ignition-webapp-7.7/WEB-INF/lib/ttsengine-ivona-2.7.2-20141104.214148-19.jar
7feb322c9000-7feb322cc000 r--s 00017000 08:06 2365002                    /usr/local/development/dev-7-7/Ignition/IgnitionWebApp/target/ignition-webapp-7.7/WEB-INF/lib/timingframework-1.0.jar
7feb322cc000-7feb322ce000 r--s 00001000 08:06 2364734                    /usr/local/development/dev-7-7/Ignition/IgnitionWebApp/target/ignition-webapp-7.7/WEB-INF/lib/slf4j-log4j12-1.7.5.jar
7feb322ce000-7feb322d0000 r--s 00005000 08:06 2364733                    /usr/local/development/dev-7-7/Ignition/IgnitionWebApp/target/ignition-webapp-7.7/WEB-INF/lib/slf4j-api-1.7.5.jar
7feb322d0000-7feb322da000 r--s 00061000 08:06 2365204                    /usr/local/development/dev-7-7/Ignition/IgnitionWebApp/target/ignition-webapp-7.7/WEB-INF/lib/sip-notification-2.7.2-20141104.214142-19.jar
7feb322da000-7feb322dd000 r--s 0001f000 08:06 4198129                    /usr/local/development/dev-7-7/Ignition/IgnitionWebApp/target/ignition-webapp-7.7/WEB-INF/lib/simple-orm-7.7.2-SNAPSHOT.jar
7feb322dd000-7feb322df000 r--s 00003000 08:06 2365213                    /usr/local/development/dev-7-7/Ignition/IgnitionWebApp/target/ignition-webapp-7.7/WEB-INF/lib/sfc-gateway-api-1.7.1-SNAPSHOT.jar
7feb322df000-7feb322e2000 r--s 00019000 08:06 2365212                    /usr/local/development/dev-7-7/Ignition/IgnitionWebApp/target/ignition-webapp-7.7/WEB-INF/lib/sfc-gateway-1.7.1-SNAPSHOT.jar
7feb322e2000-7feb322e5000 r--s 00016000 08:06 2365214                    /usr/local/development/dev-7-7/Ignition/IgnitionWebApp/target/ignition-webapp-7.7/WEB-INF/lib/sfc-common-1.7.1-SNAPSHOT.jar
7feb322e5000-7feb322e7000 r--s 0000f000 08:06 2365217                    /usr/local/development/dev-7-7/Ignition/IgnitionWebApp/target/ignition-webapp-7.7/WEB-INF/lib/serialio-8.7.0.jar
7feb322e7000-7feb322e9000 r--s 00028000 08:06 2365215                    /usr/local/development/dev-7-7/Ignition/IgnitionWebApp/target/ignition-webapp-7.7/WEB-INF/lib/serial-support-gateway-2.7.2-20141104.214033-19.jar
7feb322e9000-7feb322eb000 r--s 00002000 08:06 2365216                    /usr/local/development/dev-7-7/Ignition/IgnitionWebApp/target/ignition-webapp-7.7/WEB-INF/lib/serial-support-common-2.7.2-20141104.214027-19.jar
7feb322eb000-7feb322f0000 r--s 0003e000 08:06 2364955                    /usr/local/development/dev-7-7/Ignition/IgnitionWebApp/target/ignition-webapp-7.7/WEB-INF/lib/saaj-impl-1.3.jar
7feb322f0000-7feb322f2000 r--s 00003000 08:06 2364956                    /usr/local/development/dev-7-7/Ignition/IgnitionWebApp/target/ignition-webapp-7.7/WEB-INF/lib/saaj-api-1.3.jar
7feb322f2000-7feb322fc000 r--s 0005c000 08:06 2365219                    /usr/local/development/dev-7-7/Ignition/IgnitionWebApp/target/ignition-webapp-7.7/WEB-INF/lib/opccom-gateway-2.7.2-20141104.213642-1.jar
7feb322fc000-7feb322fd000 r--s 00001000 08:06 2365218                    /usr/local/development/dev-7-7/Ignition/IgnitionWebApp/target/ignition-webapp-7.7/WEB-INF/lib/opccom-common-2.7.2-20141104.213635-1.jar
7feb322fd000-7feb32302000 r--s 00086000 08:06 2365210                    /usr/local/development/dev-7-7/Ignition/IgnitionWebApp/target/ignition-webapp-7.7/WEB-INF/lib/mobile-gateway-2.7.2-20141104.213623-19.jar
7feb32302000-7feb32304000 r--s 00002000 08:06 2365211                    /usr/local/development/dev-7-7/Ignition/IgnitionWebApp/target/ignition-webapp-7.7/WEB-INF/lib/mobile-common-2.7.2-20141104.213605-19.jar
7feb32304000-7feb32305000 r--s 00003000 08:06 2365006                    /usr/local/development/dev-7-7/Ignition/IgnitionWebApp/target/ignition-webapp-7.7/WEB-INF/lib/miglayout-swing-4.2.jar
7feb32305000-7feb32307000 r--s 0000f000 08:06 2365007                    /usr/local/development/dev-7-7/Ignition/IgnitionWebApp/target/ignition-webapp-7.7/WEB-INF/lib/miglayout-core-4.2.jar
7feb32307000-7feb3230a000 r--s 00012000 08:06 2364935                    /usr/local/development/dev-7-7/Ignition/IgnitionWebApp/target/ignition-webapp-7.7/WEB-INF/lib/metrics-core-3.0.1.jar
7feb3230a000-7feb32379000 r--s 007bb000 08:06 2365205                    /usr/local/development/dev-7-7/Ignition/IgnitionWebApp/target/ignition-webapp-7.7/WEB-INF/lib/marytts-server-5.0.jar
7feb32379000-7feb3237c000 r--s 0069c000 08:06 2365206                    /usr/local/development/dev-7-7/Ignition/IgnitionWebApp/target/ignition-webapp-7.7/WEB-INF/lib/marytts-lang-en-5.0.jar
7feb3237c000-7feb32384000 r--s 00075000 08:06 2364951                    /usr/local/development/dev-7-7/Ignition/IgnitionWebApp/target/ignition-webapp-7.7/WEB-INF/lib/mail-1.4.5.jar
7feb32384000-7feb3238b000 r--s 00059000 08:06 2364732                    /usr/local/development/dev-7-7/Ignition/IgnitionWebApp/target/ignition-webapp-7.7/WEB-INF/lib/log4j-1.2.15.jar
7feb3238b000-7feb32428000 r--s 0082e000 08:06 2364728                    /usr/local/development/dev-7-7/Ignition/IgnitionWebApp/target/ignition-webapp-7.7/WEB-INF/lib/jython-2.5.3-guava-upgrade.jar
7feb32428000-7feb32429000 r--s 00001000 08:06 2364765                    /usr/local/development/dev-7-7/Ignition/IgnitionWebApp/target/ignition-webapp-7.7/WEB-INF/lib/jul-to-slf4j-1.7.5.jar
7feb32429000-7feb3242f000 r--s 00036000 08:06 2364949                    /usr/local/development/dev-7-7/Ignition/IgnitionWebApp/target/ignition-webapp-7.7/WEB-INF/lib/jquery-ui-core-6.1.0.jar
7feb3242f000-7feb3243e000 r--s 0007c000 08:06 2364936                    /usr/local/development/dev-7-7/Ignition/IgnitionWebApp/target/ignition-webapp-7.7/WEB-INF/lib/joda-time-2.0.jar
7feb3243e000-7feb32442000 r--s 00037000 08:06 2365221                    /usr/local/development/dev-7-7/Ignition/IgnitionWebApp/target/ignition-webapp-7.7/WEB-INF/lib/jniwrap-3.8.3.jar
7feb32442000-7feb32444000 r--s 00011000 08:06 2365015                    /usr/local/development/dev-7-7/Ignition/IgnitionWebApp/target/ignition-webapp-7.7/WEB-INF/lib/jide-shortcut-3.5.13.jar
7feb32444000-7feb32448000 r--s 00022000 08:06 2365010                    /usr/local/development/dev-7-7/Ignition/IgnitionWebApp/target/ignition-webapp-7.7/WEB-INF/lib/jide-plaf-3.5.13.jar
7feb32448000-7feb3246e000 r--s 001da000 08:06 2365009                    /usr/local/development/dev-7-7/Ignition/IgnitionWebApp/target/ignition-webapp-7.7/WEB-INF/lib/jide-grids-3.5.13.jar
7feb3246e000-7feb32478000 r--s 00061000 08:06 2365014                    /usr/local/development/dev-7-7/Ignition/IgnitionWebApp/target/ignition-webapp-7.7/WEB-INF/lib/jide-editor-3.5.13.jar
7feb32478000-7feb3247e000 r--s 0004f000 08:06 2365013                    /usr/local/development/dev-7-7/Ignition/IgnitionWebApp/target/ignition-webapp-7.7/WEB-INF/lib/jide-dock-3.5.13.jar
7feb3247e000-7feb32480000 r--s 0000c000 08:06 2365012                    /usr/local/development/dev-7-7/Ignition/IgnitionWebApp/target/ignition-webapp-7.7/WEB-INF/lib/jide-dialogs-3.5.13.jar
7feb32480000-7feb32488000 r--s 00055000 08:06 2365008                    /usr/local/development/dev-7-7/Ignition/IgnitionWebApp/target/ignition-webapp-7.7/WEB-INF/lib/jide-components-3.5.13.jar
7feb32488000-7feb324a5000 r--s 00155000 08:06 2364766                    /usr/local/development/dev-7-7/Ignition/IgnitionWebApp/target/ignition-webapp-7.7/WEB-INF/lib/jide-common-3.5.13.jar
7feb324a5000-7feb324aa000 r--s 0002f000 08:06 2365011                    /usr/local/development/dev-7-7/Ignition/IgnitionWebApp/target/ignition-webapp-7.7/WEB-INF/lib/jide-action-3.5.13.jar
7feb324aa000-7feb324be000 r--s 0017c000 08:06 2365004                    /usr/local/development/dev-7-7/Ignition/IgnitionWebApp/target/ignition-webapp-7.7/WEB-INF/lib/jfreechart-min-1.0.0.jar
7feb324be000-7feb324c0000 r--s 00004000 08:06 2364991                    /usr/local/development/dev-7-7/Ignition/IgnitionWebApp/target/ignition-webapp-7.7/WEB-INF/lib/jaxrpc-spi-1.1.3_01.jar
7feb324c0000-7feb324dd000 r--s 001ea000 08:06 2364953                    /usr/local/development/dev-7-7/Ignition/IgnitionWebApp/target/ignition-webapp-7.7/WEB-INF/lib/jaxrpc-impl-1.1.3_01.jar
7feb324dd000-7feb324df000 r--s 00005000 08:06 2364954                    /usr/local/development/dev-7-7/Ignition/IgnitionWebApp/target/ignition-webapp-7.7/WEB-INF/lib/jaxrpc-api-1.1.jar
7feb324df000-7feb324e1000 r--s 00013000 08:06 2364730                    /usr/local/development/dev-7-7/Ignition/IgnitionWebApp/target/ignition-webapp-7.7/WEB-INF/lib/java-cup-10k.jar
7feb324e1000-7feb324e2000 r--s 00003000 08:06 2365209                    /usr/local/development/dev-7-7/Ignition/IgnitionWebApp/target/ignition-webapp-7.7/WEB-INF/lib/ivonatts-1.0.0.jar
7feb324e2000-7feb324e4000 r--s 00001000 08:06 2365019                    /usr/local/development/dev-7-7/Ignition/IgnitionWebApp/target/ignition-webapp-7.7/WEB-INF/lib/io-session-3.0.0-20130122.214435-9.jar
7feb324e4000-7feb324ef000 r--s 00073000 08:06 2365018                    /usr/local/development/dev-7-7/Ignition/IgnitionWebApp/target/ignition-webapp-7.7/WEB-INF/lib/ia-opcua-2.7.2-20141104.213404-19.jar
7feb324ef000-7feb324fd000 r--s 0014e000 08:06 2364950                    /usr/local/development/dev-7-7/Ignition/IgnitionWebApp/target/ignition-webapp-7.7/WEB-INF/lib/hsqldb-2.2.9.jar
7feb324fd000-7feb324fe000 r--s 00001000 08:06 2365000                    /usr/local/development/dev-7-7/Ignition/IgnitionWebApp/target/ignition-webapp-7.7/WEB-INF/lib/hasp-srm-api-1.0.0.jar
7feb324fe000-7feb32522000 r--s 001aa000 08:06 2364726                    /usr/local/development/dev-7-7/Ignition/IgnitionWebApp/target/ignition-webapp-7.7/WEB-INF/lib/guava-13.0.1.jar
7feb32522000-7feb32547000 r--s 00155000 08:06 4198528                    /usr/local/development/dev-7-7/Ignition/IgnitionWebApp/target/ignition-webapp-7.7/WEB-INF/lib/gateway-api-7.7.2-SNAPSHOT.jar
7feb32547000-7feb3257c000 r--s 00273000 08:06 4198535                    /usr/local/development/dev-7-7/Ignition/IgnitionWebApp/target/ignition-webapp-7.7/WEB-INF/lib/gateway-7.7.2-SNAPSHOT.jar
7feb3257c000-7feb32580000 r--s 00016000 08:06 2365023                    /usr/local/development/dev-7-7/Ignition/IgnitionWebApp/target/ignition-webapp-7.7/WEB-INF/lib/fsql-common-6.7.2-20141104.213458-19.jar
7feb32580000-7feb32588000 r--s 001ca000 08:06 2365024                    /usr/local/development/dev-7-7/Ignition/IgnitionWebApp/target/ignition-webapp-7.7/WEB-INF/lib/fsql-6.7.2-20141104.213508-19.jar
7feb32588000-7feb3258c000 r--s 000be000 08:06 4198527                    /usr/local/development/dev-7-7/Ignition/IgnitionWebApp/target/ignition-webapp-7.7/WEB-INF/lib/fpmi-gateway-7.7.2-SNAPSHOT.jar
7feb3258c000-7feb3258d000 r--s 00001000 08:06 4198522                    /usr/local/development/dev-7-7/Ignition/IgnitionWebApp/target/ignition-webapp-7.7/WEB-INF/lib/fpmi-common-7.7.2-SNAPSHOT.jar
7feb3258d000-7feb32590000 r--s 00013000 08:06 2365003                    /usr/local/development/dev-7-7/Ignition/IgnitionWebApp/target/ignition-webapp-7.7/WEB-INF/lib/forms-1.0.7.jar
7feb32590000-7feb32592000 r--s 00003000 08:06 2365021                    /usr/local/development/dev-7-7/Ignition/IgnitionWebApp/target/ignition-webapp-7.7/WEB-INF/lib/drivers-common-2.7.2-20141104.213438-19.jar
7feb32592000-7feb32599000 r--s 0002f000 08:06 2365017                    /usr/local/development/dev-7-7/Ignition/IgnitionWebApp/target/ignition-webapp-7.7/WEB-INF/lib/driver-api-2.7.2-20141104.213410-19.jar
7feb32599000-7feb325ef000 r--s 00512000 08:06 4198523                    /usr/local/development/dev-7-7/Ignition/IgnitionWebApp/target/ignition-webapp-7.7/WEB-INF/lib/designer-7.7.2-SNAPSHOT.jar
7feb325ef000-7feb325f1000 r--s 00007000 08:06 2364731                    /usr/local/development/dev-7-7/Ignition/IgnitionWebApp/target/ignition-webapp-7.7/WEB-INF/lib/cron4j-2.2.3.jar
7feb325f1000-7feb325f8000 r--s 00054000 08:06 2364729                    /usr/local/development/dev-7-7/Ignition/IgnitionWebApp/target/ignition-webapp-7.7/WEB-INF/lib/core-1.7.jar
7feb325f8000-7feb325fb000 r--s 00013000 08:06 2364999                    /usr/local/development/dev-7-7/Ignition/IgnitionWebApp/target/ignition-webapp-7.7/WEB-INF/lib/commons-pool-1.4.jar
7feb325fb000-7feb325fd000 r--s 0000d000 08:06 2364941                    /usr/local/development/dev-7-7/Ignition/IgnitionWebApp/target/ignition-webapp-7.7/WEB-INF/lib/commons-logging-1.1.1.jar
7feb325fd000-7feb32603000 r--s 00048000 08:06 2364723                    /usr/local/development/dev-7-7/Ignition/IgnitionWebApp/target/ignition-webapp-7.7/WEB-INF/lib/commons-lang3-3.1.jar
7feb32603000-7feb32605000 r--s 0000e000 08:06 2364942                    /usr/local/development/dev-7-7/Ignition/IgnitionWebApp/target/ignition-webapp-7.7/WEB-INF/lib/commons-lang-1.0.jar
7feb32605000-7feb32608000 r--s 00025000 08:06 2364722                    /usr/local/development/dev-7-7/Ignition/IgnitionWebApp/target/ignition-webapp-7.7/WEB-INF/lib/commons-io-2.1.jar
7feb32608000-7feb3260b000 r--s 0000f000 08:06 2364997                    /usr/local/development/dev-7-7/Ignition/IgnitionWebApp/target/ignition-webapp-7.7/WEB-INF/lib/commons-discovery-0.2.jar
7feb3260b000-7feb3263c000 r--s 001ea000 08:06 4198525                    /usr/local/development/dev-7-7/Ignition/IgnitionWebApp/target/ignition-webapp-7.7/WEB-INF/lib/common-7.7.2-SNAPSHOT.jar
7feb3263c000-7feb32649000 r--s 00084000 08:06 2365220                    /usr/local/development/dev-7-7/Ignition/IgnitionWebApp/target/ignition-webapp-7.7/WEB-INF/lib/comfyj-2.9.jar
7feb32649000-7feb3266f000 r--s 001be000 08:06 4198529                    /usr/local/development/dev-7-7/Ignition/IgnitionWebApp/target/ignition-webapp-7.7/WEB-INF/lib/client-api-7.7.2-SNAPSHOT.jar
7feb3266f000-7feb32672000 ---p 00000000 00:00 0 
7feb32672000-7feb32970000 rw-p 00000000 00:00 0 
7feb32970000-7feb32973000 ---p 00000000 00:00 0 
7feb32973000-7feb32a71000 rw-p 00000000 00:00 0                          [stack:7645]
7feb32a71000-7feb32a74000 ---p 00000000 00:00 0 
7feb32a74000-7feb32b72000 rw-p 00000000 00:00 0                          [stack:7644]
7feb32b72000-7feb32b75000 ---p 00000000 00:00 0 
7feb32b75000-7feb32c73000 rw-p 00000000 00:00 0                          [stack:7643]
7feb32c73000-7feb32c76000 ---p 00000000 00:00 0 
7feb32c76000-7feb32d74000 rw-p 00000000 00:00 0                          [stack:7642]
7feb32d74000-7feb32d77000 ---p 00000000 00:00 0 
7feb32d77000-7feb32e75000 rw-p 00000000 00:00 0                          [stack:7641]
7feb32e75000-7feb32e78000 ---p 00000000 00:00 0 
7feb32e78000-7feb32f76000 rw-p 00000000 00:00 0                          [stack:7640]
7feb32f76000-7feb32f79000 ---p 00000000 00:00 0 
7feb32f79000-7feb33077000 rw-p 00000000 00:00 0                          [stack:7639]
7feb33077000-7feb3308d000 r-xp 00000000 08:06 15602357                   /lib/x86_64-linux-gnu/libgcc_s.so.1
7feb3308d000-7feb3328c000 ---p 00016000 08:06 15602357                   /lib/x86_64-linux-gnu/libgcc_s.so.1
7feb3328c000-7feb3328d000 rw-p 00015000 08:06 15602357                   /lib/x86_64-linux-gnu/libgcc_s.so.1
7feb3328d000-7feb332bf000 r-xp 00000000 08:06 20582265                   /usr/lib/jvm/jdk1.8.0_20/jre/lib/amd64/libsunec.so
7feb332bf000-7feb334be000 ---p 00032000 08:06 20582265                   /usr/lib/jvm/jdk1.8.0_20/jre/lib/amd64/libsunec.so
7feb334be000-7feb334c4000 rw-p 00031000 08:06 20582265                   /usr/lib/jvm/jdk1.8.0_20/jre/lib/amd64/libsunec.so
7feb334c4000-7feb336d4000 rw-p 00000000 00:00 0 
7feb336d4000-7feb336d7000 ---p 00000000 00:00 0 
7feb336d7000-7feb337d5000 rw-p 00000000 00:00 0 
7feb337d5000-7feb337d8000 ---p 00000000 00:00 0 
7feb337d8000-7feb338d6000 rw-p 00000000 00:00 0                          [stack:7635]
7feb338d6000-7feb338d9000 ---p 00000000 00:00 0 
7feb338d9000-7feb339d7000 rw-p 00000000 00:00 0                          [stack:7634]
7feb339d7000-7feb339dc000 r-xp 00000000 08:06 15211194                   /usr/lib/x86_64-linux-gnu/libXdmcp.so.6.0.0
7feb339dc000-7feb33bdb000 ---p 00005000 08:06 15211194                   /usr/lib/x86_64-linux-gnu/libXdmcp.so.6.0.0
7feb33bdb000-7feb33bdc000 r--p 00004000 08:06 15211194                   /usr/lib/x86_64-linux-gnu/libXdmcp.so.6.0.0
7feb33bdc000-7feb33bdd000 rw-p 00005000 08:06 15211194                   /usr/lib/x86_64-linux-gnu/libXdmcp.so.6.0.0
7feb33bdd000-7feb33bdf000 r-xp 00000000 08:06 15211183                   /usr/lib/x86_64-linux-gnu/libXau.so.6.0.0
7feb33bdf000-7feb33ddf000 ---p 00002000 08:06 15211183                   /usr/lib/x86_64-linux-gnu/libXau.so.6.0.0
7feb33ddf000-7feb33de0000 r--p 00002000 08:06 15211183                   /usr/lib/x86_64-linux-gnu/libXau.so.6.0.0
7feb33de0000-7feb33de1000 rw-p 00003000 08:06 15211183                   /usr/lib/x86_64-linux-gnu/libXau.so.6.0.0
7feb33de1000-7feb33dfe000 r-xp 00000000 08:06 15212358                   /usr/lib/x86_64-linux-gnu/libxcb.so.1.1.0
7feb33dfe000-7feb33ffe000 ---p 0001d000 08:06 15212358                   /usr/lib/x86_64-linux-gnu/libxcb.so.1.1.0
7feb33ffe000-7feb33fff000 r--p 0001d000 08:06 15212358                   /usr/lib/x86_64-linux-gnu/libxcb.so.1.1.0
7feb33fff000-7feb34000000 rw-p 0001e000 08:06 15212358                   /usr/lib/x86_64-linux-gnu/libxcb.so.1.1.0
7feb34000000-7feb34021000 rw-p 00000000 00:00 0 
7feb34021000-7feb38000000 ---p 00000000 00:00 0 
7feb38000000-7feb38021000 rw-p 00000000 00:00 0 
7feb38021000-7feb3c000000 ---p 00000000 00:00 0 
7feb3c000000-7feb3c021000 rw-p 00000000 00:00 0 
7feb3c021000-7feb40000000 ---p 00000000 00:00 0 
7feb40000000-7feb40021000 rw-p 00000000 00:00 0 
7feb40021000-7feb44000000 ---p 00000000 00:00 0 
7feb44000000-7feb44021000 rw-p 00000000 00:00 0 
7feb44021000-7feb48000000 ---p 00000000 00:00 0 
7feb48000000-7feb48021000 rw-p 00000000 00:00 0 
7feb48021000-7feb4c000000 ---p 00000000 00:00 0 
7feb4c000000-7feb4d48d000 rw-p 00000000 00:00 0 
7feb4d48d000-7feb50000000 ---p 00000000 00:00 0 
7feb50000000-7feb50b8f000 rw-p 00000000 00:00 0 
7feb50b8f000-7feb54000000 ---p 00000000 00:00 0 
7feb54000000-7feb55095000 rw-p 00000000 00:00 0 
7feb55095000-7feb58000000 ---p 00000000 00:00 0 
7feb58000000-7feb5a816000 rw-p 00000000 00:00 0 
7feb5a816000-7feb5c000000 ---p 00000000 00:00 0 
7feb5c000000-7feb5c0bc000 rw-p 00000000 00:00 0 
7feb5c0bc000-7feb60000000 ---p 00000000 00:00 0 
7feb60000000-7feb60021000 rw-p 00000000 00:00 0 
7feb60021000-7feb64000000 ---p 00000000 00:00 0 
7feb64000000-7feb64021000 rw-p 00000000 00:00 0 
7feb64021000-7feb68000000 ---p 00000000 00:00 0 
7feb68000000-7feb68021000 rw-p 00000000 00:00 0 
7feb68021000-7feb6c000000 ---p 00000000 00:00 0 
7feb6c000000-7feb6c021000 rw-p 00000000 00:00 0 
7feb6c021000-7feb70000000 ---p 00000000 00:00 0 
7feb70000000-7feb70021000 rw-p 00000000 00:00 0 
7feb70021000-7feb74000000 ---p 00000000 00:00 0 
7feb74000000-7feb741f4000 rw-p 00000000 00:00 0 
7feb741f4000-7feb78000000 ---p 00000000 00:00 0 
7feb78000000-7feb78002000 r--s 0001c000 08:06 2364998                    /usr/local/development/dev-7-7/Ignition/IgnitionWebApp/target/ignition-webapp-7.7/WEB-INF/lib/commons-dbcp-1.2.2.jar
7feb78002000-7feb78004000 r--s 00006000 08:06 2364940                    /usr/local/development/dev-7-7/Ignition/IgnitionWebApp/target/ignition-webapp-7.7/WEB-INF/lib/commons-cli-1.0.jar
7feb78004000-7feb78009000 r--s 00030000 08:06 4198524                    /usr/local/development/dev-7-7/Ignition/IgnitionWebApp/target/ignition-webapp-7.7/WEB-INF/lib/client-bootstrap-7.7.2-SNAPSHOT.jar
7feb78009000-7feb78031000 r--s 00196000 08:06 2364727                    /usr/local/development/dev-7-7/Ignition/IgnitionWebApp/target/ignition-webapp-7.7/WEB-INF/lib/bcprov-jdk16-unsigned-1.46-unsigned.jar
7feb78031000-7feb78036000 r--s 0003e000 08:06 2364938                    /usr/local/development/dev-7-7/Ignition/IgnitionWebApp/target/ignition-webapp-7.7/WEB-INF/lib/barcode4j-2.1.jar
7feb78036000-7feb78039000 r--s 0001c000 08:06 2364996                    /usr/local/development/dev-7-7/Ignition/IgnitionWebApp/target/ignition-webapp-7.7/WEB-INF/lib/axis-wsdl4j-1.5.1.jar
7feb78039000-7feb7803b000 r--s 00006000 08:06 2364994                    /usr/local/development/dev-7-7/Ignition/IgnitionWebApp/target/ignition-webapp-7.7/WEB-INF/lib/axis-jaxrpc-1.4.jar
7feb7803b000-7feb7804f000 r--s 00173000 08:06 2364993                    /usr/local/development/dev-7-7/Ignition/IgnitionWebApp/target/ignition-webapp-7.7/WEB-INF/lib/axis-1.4.jar
7feb7804f000-7feb78051000 r--s 0000d000 08:06 2364939                    /usr/local/development/dev-7-7/Ignition/IgnitionWebApp/target/ignition-webapp-7.7/WEB-INF/lib/avalon-framework-impl-4.2.0.jar
7feb78051000-7feb78059000 r--s 00049000 08:06 2365005                    /usr/local/development/dev-7-7/Ignition/IgnitionWebApp/target/ignition-webapp-7.7/WEB-INF/lib/alloy-1.4.4.ia1.jar
7feb78059000-7feb7805b000 r--s 00003000 08:06 2365026                    /usr/local/development/dev-7-7/Ignition/IgnitionWebApp/target/ignition-webapp-7.7/WEB-INF/lib/alarm-notification-gateway-api-2.7.2-20141104.214105-19.jar
7feb7805b000-7feb78061000 r--s 00032000 08:06 2365025                    /usr/local/development/dev-7-7/Ignition/IgnitionWebApp/target/ignition-webapp-7.7/WEB-INF/lib/alarm-notification-gateway-2.7.2-20141104.214111-19.jar
7feb78061000-7feb78063000 r--s 00004000 08:06 2365027                    /usr/local/development/dev-7-7/Ignition/IgnitionWebApp/target/ignition-webapp-7.7/WEB-INF/lib/alarm-notification-common-2.7.2-20141104.214053-19.jar
7feb78063000-7feb7806d000 r--s 00036000 08:06 2365203                    /usr/local/development/dev-7-7/Ignition/IgnitionWebApp/target/ignition-webapp-7.7/WEB-INF/lib/airlink-sms-notification-2.7.2-20141104.214125-19.jar
7feb7806d000-7feb7806f000 r--s 0000d000 08:06 2365001                    /usr/local/development/dev-7-7/Ignition/IgnitionWebApp/target/ignition-webapp-7.7/WEB-INF/lib/activation-ws-1.0.0.jar
7feb7806f000-7feb78072000 ---p 00000000 00:00 0 
7feb78072000-7feb78170000 rw-p 00000000 00:00 0                          [stack:7633]
7feb78170000-7feb7817f000 r-xp 00000000 08:06 15211204                   /usr/lib/x86_64-linux-gnu/libXi.so.6.1.0
7feb7817f000-7feb7837e000 ---p 0000f000 08:06 15211204                   /usr/lib/x86_64-linux-gnu/libXi.so.6.1.0
7feb7837e000-7feb7837f000 r--p 0000e000 08:06 15211204                   /usr/lib/x86_64-linux-gnu/libXi.so.6.1.0
7feb7837f000-7feb78380000 rw-p 0000f000 08:06 15211204                   /usr/lib/x86_64-linux-gnu/libXi.so.6.1.0
7feb78380000-7feb78385000 r-xp 00000000 08:06 15211222                   /usr/lib/x86_64-linux-gnu/libXtst.so.6.1.0
7feb78385000-7feb78584000 ---p 00005000 08:06 15211222                   /usr/lib/x86_64-linux-gnu/libXtst.so.6.1.0
7feb78584000-7feb78585000 r--p 00004000 08:06 15211222                   /usr/lib/x86_64-linux-gnu/libXtst.so.6.1.0
7feb78585000-7feb78586000 rw-p 00005000 08:06 15211222                   /usr/lib/x86_64-linux-gnu/libXtst.so.6.1.0
7feb78586000-7feb7858f000 r-xp 00000000 08:06 15211216                   /usr/lib/x86_64-linux-gnu/libXrender.so.1.3.0
7feb7858f000-7feb7878e000 ---p 00009000 08:06 15211216                   /usr/lib/x86_64-linux-gnu/libXrender.so.1.3.0
7feb7878e000-7feb7878f000 r--p 00008000 08:06 15211216                   /usr/lib/x86_64-linux-gnu/libXrender.so.1.3.0
7feb7878f000-7feb78790000 rw-p 00009000 08:06 15211216                   /usr/lib/x86_64-linux-gnu/libXrender.so.1.3.0
7feb78790000-7feb788c0000 r-xp 00000000 08:06 15211179                   /usr/lib/x86_64-linux-gnu/libX11.so.6.3.0
7feb788c0000-7feb78ac0000 ---p 00130000 08:06 15211179                   /usr/lib/x86_64-linux-gnu/libX11.so.6.3.0
7feb78ac0000-7feb78ac1000 r--p 00130000 08:06 15211179                   /usr/lib/x86_64-linux-gnu/libX11.so.6.3.0
7feb78ac1000-7feb78ac5000 rw-p 00131000 08:06 15211179                   /usr/lib/x86_64-linux-gnu/libX11.so.6.3.0
7feb78ac5000-7feb78ad6000 r-xp 00000000 08:06 15211196                   /usr/lib/x86_64-linux-gnu/libXext.so.6.4.0
7feb78ad6000-7feb78cd5000 ---p 00011000 08:06 15211196                   /usr/lib/x86_64-linux-gnu/libXext.so.6.4.0
7feb78cd5000-7feb78cd6000 r--p 00010000 08:06 15211196                   /usr/lib/x86_64-linux-gnu/libXext.so.6.4.0
7feb78cd6000-7feb78cd7000 rw-p 00011000 08:06 15211196                   /usr/lib/x86_64-linux-gnu/libXext.so.6.4.0
7feb78cd7000-7feb78cd9000 r--s 0000e000 08:06 2364952                    /usr/local/development/dev-7-7/Ignition/IgnitionWebApp/target/ignition-webapp-7.7/WEB-INF/lib/activation-1.1.jar
7feb78cd9000-7feb78ce2000 r--s 00069000 08:06 2365223                    /usr/local/development/dev-7-7/Ignition/IgnitionWebApp/target/ignition-webapp-7.7/WEB-INF/lib/ab-drivers-1.7.0-20131026.004154-8.jar
7feb78ce2000-7feb78ce7000 r--s 0003c000 08:06 2364992                    /usr/local/development/dev-7-7/Ignition/IgnitionWebApp/target/ignition-webapp-7.7/WEB-INF/lib/FastInfoset-1.0.2.jar
7feb78ce7000-7feb78cec000 r--s 002f8000 08:06 20582247                   /usr/lib/jvm/jdk1.8.0_20/jre/lib/charsets.jar
7feb78cec000-7feb78cf1000 r--s 0003f000 08:06 1185790                    /usr/lib/jvm/jdk1.8.0_20/jre/lib/ext/sunjce_provider.jar
7feb78cf1000-7feb78cf4000 r--s 0003a000 08:06 1185787                    /usr/lib/jvm/jdk1.8.0_20/jre/lib/ext/sunpkcs11.jar
7feb78cf4000-7feb78cf6000 r--s 0001a000 08:06 20582317                   /usr/lib/jvm/jdk1.8.0_20/jre/lib/jce.jar
7feb78cf6000-7feb78d4a000 r-xp 00000000 08:06 20582307                   /usr/lib/jvm/jdk1.8.0_20/jre/lib/amd64/libawt_xawt.so
7feb78d4a000-7feb78f4a000 ---p 00054000 08:06 20582307                   /usr/lib/jvm/jdk1.8.0_20/jre/lib/amd64/libawt_xawt.so
7feb78f4a000-7feb78f4e000 rw-p 00054000 08:06 20582307                   /usr/lib/jvm/jdk1.8.0_20/jre/lib/amd64/libawt_xawt.so
7feb78f4e000-7feb78f4f000 rw-p 00000000 00:00 0 
7feb78f4f000-7feb78ff1000 r-xp 00000000 08:06 20582293                   /usr/lib/jvm/jdk1.8.0_20/jre/lib/amd64/libawt.so
7feb78ff1000-7feb791f1000 ---p 000a2000 08:06 20582293                   /usr/lib/jvm/jdk1.8.0_20/jre/lib/amd64/libawt.so
7feb791f1000-7feb791fd000 rw-p 000a2000 08:06 20582293                   /usr/lib/jvm/jdk1.8.0_20/jre/lib/amd64/libawt.so
7feb791fd000-7feb79221000 rw-p 00000000 00:00 0 
7feb79221000-7feb79224000 ---p 00000000 00:00 0 
7feb79224000-7feb79322000 rw-p 00000000 00:00 0                          [stack:7631]
7feb79322000-7feb79325000 ---p 00000000 00:00 0 
7feb79325000-7feb79423000 rw-p 00000000 00:00 0                          [stack:7629]
7feb79423000-7feb7942d000 r--s 00116000 08:06 1185789                    /usr/lib/jvm/jdk1.8.0_20/jre/lib/ext/localedata.jar
7feb7942d000-7feb79449000 r--s 00393000 08:06 1185783                    /usr/lib/jvm/jdk1.8.0_20/jre/lib/ext/cldrdata.jar
7feb79449000-7feb79649000 rw-p 00000000 00:00 0 
7feb79649000-7feb7964c000 r--s 0000f000 08:06 19532219                   /usr/local/development/dev-7-6/Ignition/Servers/apache-tomcat-6.0.36/lib/tomcat-i18n-es.jar
7feb7964c000-7feb7964e000 r--s 0000b000 08:06 19532220                   /usr/local/development/dev-7-6/Ignition/Servers/apache-tomcat-6.0.36/lib/tomcat-i18n-fr.jar
7feb7964e000-7feb79652000 r--s 0003a000 08:06 19532218                   /usr/local/development/dev-7-6/Ignition/Servers/apache-tomcat-6.0.36/lib/tomcat-dbcp.jar
7feb79652000-7feb79662000 r--s 0019c000 08:06 19532210                   /usr/local/development/dev-7-6/Ignition/Servers/apache-tomcat-6.0.36/lib/ecj-3.7.2.jar
7feb79662000-7feb79669000 r--s 000c7000 08:06 19532215                   /usr/local/development/dev-7-6/Ignition/Servers/apache-tomcat-6.0.36/lib/mysql-connector-java-5.1.23-bin.jar
7feb79669000-7feb79679000 r--s 00120000 08:06 19532209                   /usr/local/development/dev-7-6/Ignition/Servers/apache-tomcat-6.0.36/lib/catalina.jar
7feb79679000-7feb7967a000 ---p 00000000 00:00 0 
7feb7967a000-7feb7977a000 rw-p 00000000 00:00 0                          [stack:7628]
7feb7977a000-7feb7977d000 ---p 00000000 00:00 0 
7feb7977d000-7feb7987b000 rw-p 00000000 00:00 0                          [stack:7627]
7feb7987b000-7feb7987e000 ---p 00000000 00:00 0 
7feb7987e000-7feb7997c000 rw-p 00000000 00:00 0                          [stack:7626]
7feb7997c000-7feb7997f000 ---p 00000000 00:00 0 
7feb7997f000-7feb79a7d000 rw-p 00000000 00:00 0                          [stack:7625]
7feb79a7d000-7feb79a8e000 r-xp 00000000 08:06 20582303                   /usr/lib/jvm/jdk1.8.0_20/jre/lib/amd64/libnio.so
7feb79a8e000-7feb79c8d000 ---p 00011000 08:06 20582303                   /usr/lib/jvm/jdk1.8.0_20/jre/lib/amd64/libnio.so
7feb79c8d000-7feb79c8e000 rw-p 00010000 08:06 20582303                   /usr/lib/jvm/jdk1.8.0_20/jre/lib/amd64/libnio.so
7feb79c8e000-7feb79cbf000 rw-p 00000000 00:00 0 
7feb79cbf000-7feb79cd5000 r-xp 00000000 08:06 20582300                   /usr/lib/jvm/jdk1.8.0_20/jre/lib/amd64/libnet.so
7feb79cd5000-7feb79ed5000 ---p 00016000 08:06 20582300                   /usr/lib/jvm/jdk1.8.0_20/jre/lib/amd64/libnet.so
7feb79ed5000-7feb79ed6000 rw-p 00016000 08:06 20582300                   /usr/lib/jvm/jdk1.8.0_20/jre/lib/amd64/libnet.so
7feb79ed6000-7feb79ede000 r-xp 00000000 08:06 20582308                   /usr/lib/jvm/jdk1.8.0_20/jre/lib/amd64/libmanagement.so
7feb79ede000-7feb7a0de000 ---p 00008000 08:06 20582308                   /usr/lib/jvm/jdk1.8.0_20/jre/lib/amd64/libmanagement.so
7feb7a0de000-7feb7a0df000 rw-p 00008000 08:06 20582308                   /usr/lib/jvm/jdk1.8.0_20/jre/lib/amd64/libmanagement.so
7feb7a0df000-7feb7a0e2000 ---p 00000000 00:00 0 
7feb7a0e2000-7feb7a1e0000 rw-p 00000000 00:00 0                          [stack:7624]
7feb7a1e0000-7feb7a1e3000 ---p 00000000 00:00 0 
7feb7a1e3000-7feb7a2e1000 rw-p 00000000 00:00 0                          [stack:7623]
7feb7a2e1000-7feb7a2e4000 ---p 00000000 00:00 0 
7feb7a2e4000-7feb7a3e2000 rw-p 00000000 00:00 0                          [stack:7622]
7feb7a3e2000-7feb7a3e5000 ---p 00000000 00:00 0 
7feb7a3e5000-7feb7a4e3000 rw-p 00000000 00:00 0                          [stack:7621]
7feb7a4e3000-7feb7a4e6000 ---p 00000000 00:00 0 
7feb7a4e6000-7feb7a5e4000 rw-p 00000000 00:00 0                          [stack:7620]
7feb7a5e4000-7feb7a5e7000 ---p 00000000 00:00 0 
7feb7a5e7000-7feb7a6e5000 rw-p 00000000 00:00 0 
7feb7a6e5000-7feb7a6e8000 ---p 00000000 00:00 0 
7feb7a6e8000-7feb7a7e6000 rw-p 00000000 00:00 0                          [stack:7617]
7feb7a7e6000-7feb7a7e9000 ---p 00000000 00:00 0 
7feb7a7e9000-7feb7a8e7000 rw-p 00000000 00:00 0                          [stack:7744]
7feb7a8e7000-7feb7a8eb000 r-xp 00000000 08:06 20582275                   /usr/lib/jvm/jdk1.8.0_20/jre/lib/amd64/libdt_socket.so
7feb7a8eb000-7feb7aaea000 ---p 00004000 08:06 20582275                   /usr/lib/jvm/jdk1.8.0_20/jre/lib/amd64/libdt_socket.so
7feb7aaea000-7feb7aaeb000 rw-p 00003000 08:06 20582275                   /usr/lib/jvm/jdk1.8.0_20/jre/lib/amd64/libdt_socket.so
7feb7aaeb000-7feb7aaee000 ---p 00000000 00:00 0 
7feb7aaee000-7feb7abec000 rw-p 00000000 00:00 0                          [stack:7614]
7feb7abec000-7feb7abef000 ---p 00000000 00:00 0 
7feb7abef000-7feb7aced000 rw-p 00000000 00:00 0                          [stack:7613]
7feb7aced000-7feb7acf0000 ---p 00000000 00:00 0 
7feb7acf0000-7feb7adee000 rw-p 00000000 00:00 0                          [stack:7612]
7feb7adee000-7feb7adef000 ---p 00000000 00:00 0 
7feb7adef000-7feb7c000000 rw-p 00000000 00:00 0                          [stack:7611]
7feb7c000000-7feb7c021000 rw-p 00000000 00:00 0 
7feb7c021000-7feb80000000 ---p 00000000 00:00 0 
7feb80000000-7feb80001000 r--s 00004000 08:06 4198536                    /usr/local/development/dev-7-7/Ignition/IgnitionWebApp/target/ignition-webapp-7.7/WEB-INF/lib/bootstrap-7.7.2-SNAPSHOT-classes.jar
7feb80001000-7feb80004000 r--s 0001e000 08:06 19532207                   /usr/local/development/dev-7-6/Ignition/Servers/apache-tomcat-6.0.36/lib/catalina-ha.jar
7feb80004000-7feb8000b000 r--s 0007a000 08:06 19532213                   /usr/local/development/dev-7-6/Ignition/Servers/apache-tomcat-6.0.36/lib/jasper.jar
7feb8000b000-7feb88000000 rw-p 00000000 00:00 0 
7feb88000000-7feb88021000 rw-p 00000000 00:00 0 
7feb88021000-7feb8c000000 ---p 00000000 00:00 0 
7feb8c000000-7feb8c021000 rw-p 00000000 00:00 0 
7feb8c021000-7feb90000000 ---p 00000000 00:00 0 
7feb90000000-7feb90021000 rw-p 00000000 00:00 0 
7feb90021000-7feb94000000 ---p 00000000 00:00 0 
7feb94000000-7feb94021000 rw-p 00000000 00:00 0 
7feb94021000-7feb98000000 ---p 00000000 00:00 0 
7feb98000000-7feb98021000 rw-p 00000000 00:00 0 
7feb98021000-7feb9c000000 ---p 00000000 00:00 0 
7feb9c000000-7feb9c021000 rw-p 00000000 00:00 0 
7feb9c021000-7feba0000000 ---p 00000000 00:00 0 
7feba0000000-7feba0021000 rw-p 00000000 00:00 0 
7feba0021000-7feba4000000 ---p 00000000 00:00 0 
7feba4000000-7feba4001000 r--s 00004000 08:06 2364995                    /usr/local/development/dev-7-7/Ignition/IgnitionWebApp/target/ignition-webapp-7.7/WEB-INF/lib/axis-saaj-1.4.jar
7feba4001000-7feba4005000 r--s 00036000 08:06 19532208                   /usr/local/development/dev-7-6/Ignition/Servers/apache-tomcat-6.0.36/lib/catalina-tribes.jar
7feba4005000-7feba5000000 rw-p 00000000 00:00 0 
7feba5000000-7feba6580000 rwxp 00000000 00:00 0 
7feba6580000-7febb4000000 ---p 00000000 00:00 0 
7febb4000000-7febb4803000 rw-p 00000000 00:00 0 
7febb4803000-7febb8000000 ---p 00000000 00:00 0 
7febb8000000-7febb8001000 r--s 00009000 08:06 1185781                    /usr/lib/jvm/jdk1.8.0_20/jre/lib/ext/sunec.jar
7febb8001000-7febb800b000 r--s 000b3000 08:06 19532217                   /usr/local/development/dev-7-6/Ignition/Servers/apache-tomcat-6.0.36/lib/tomcat-coyote.jar
7febb800b000-7febb804d000 rw-p 00000000 00:00 0 
7febb804d000-7febb8222000 r--s 03ca3000 08:06 20582249                   /usr/lib/jvm/jdk1.8.0_20/jre/lib/rt.jar
7febb8222000-7febb8a63000 rw-p 00000000 00:00 0 
7febb8a63000-7febb8a64000 ---p 00000000 00:00 0 
7febb8a64000-7febb8b64000 rw-p 00000000 00:00 0                          [stack:7610]
7febb8b64000-7febb8b65000 ---p 00000000 00:00 0 
7febb8b65000-7febb8c65000 rw-p 00000000 00:00 0                          [stack:7609]
7febb8c65000-7febb8c66000 ---p 00000000 00:00 0 
7febb8c66000-7febb8d66000 rw-p 00000000 00:00 0                          [stack:7608]
7febb8d66000-7febb8d67000 ---p 00000000 00:00 0 
7febb8d67000-7febb8e67000 rw-p 00000000 00:00 0                          [stack:7607]
7febb8e67000-7febb8e68000 ---p 00000000 00:00 0 
7febb8e68000-7febb8f68000 rw-p 00000000 00:00 0                          [stack:7606]
7febb8f68000-7febb8f69000 ---p 00000000 00:00 0 
7febb8f69000-7febb9069000 rw-p 00000000 00:00 0                          [stack:7605]
7febb9069000-7febb906a000 ---p 00000000 00:00 0 
7febb906a000-7febb916a000 rw-p 00000000 00:00 0                          [stack:7604]
7febb916a000-7febb916b000 ---p 00000000 00:00 0 
7febb916b000-7febb92e0000 rw-p 00000000 00:00 0                          [stack:7603]
7febb92e0000-7febb979d000 ---p 00000000 00:00 0 
7febb979d000-7febb9812000 rw-p 00000000 00:00 0 
7febb9812000-7febb9ccf000 ---p 00000000 00:00 0 
7febb9ccf000-7febb9d71000 rw-p 00000000 00:00 0 
7febb9d71000-7febb9f68000 ---p 00000000 00:00 0 
7febb9f68000-7febb9fbf000 rw-p 00000000 00:00 0 
7febb9fbf000-7febba329000 ---p 00000000 00:00 0 
7febba329000-7febba345000 r-xp 00000000 08:06 20582296                   /usr/lib/jvm/jdk1.8.0_20/jre/lib/amd64/libzip.so
7febba345000-7febba544000 ---p 0001c000 08:06 20582296                   /usr/lib/jvm/jdk1.8.0_20/jre/lib/amd64/libzip.so
7febba544000-7febba545000 rw-p 0001b000 08:06 20582296                   /usr/lib/jvm/jdk1.8.0_20/jre/lib/amd64/libzip.so
7febba545000-7febba550000 r-xp 00000000 08:06 15602342                   /lib/x86_64-linux-gnu/libnss_files-2.19.so
7febba550000-7febba74f000 ---p 0000b000 08:06 15602342                   /lib/x86_64-linux-gnu/libnss_files-2.19.so
7febba74f000-7febba750000 r--p 0000a000 08:06 15602342                   /lib/x86_64-linux-gnu/libnss_files-2.19.so
7febba750000-7febba751000 rw-p 0000b000 08:06 15602342                   /lib/x86_64-linux-gnu/libnss_files-2.19.so
7febba751000-7febba75c000 r-xp 00000000 08:06 15602345                   /lib/x86_64-linux-gnu/libnss_nis-2.19.so
7febba75c000-7febba95b000 ---p 0000b000 08:06 15602345                   /lib/x86_64-linux-gnu/libnss_nis-2.19.so
7febba95b000-7febba95c000 r--p 0000a000 08:06 15602345                   /lib/x86_64-linux-gnu/libnss_nis-2.19.so
7febba95c000-7febba95d000 rw-p 0000b000 08:06 15602345                   /lib/x86_64-linux-gnu/libnss_nis-2.19.so
7febba95d000-7febba974000 r-xp 00000000 08:06 15602152                   /lib/x86_64-linux-gnu/libnsl-2.19.so
7febba974000-7febbab73000 ---p 00017000 08:06 15602152                   /lib/x86_64-linux-gnu/libnsl-2.19.so
7febbab73000-7febbab74000 r--p 00016000 08:06 15602152                   /lib/x86_64-linux-gnu/libnsl-2.19.so
7febbab74000-7febbab75000 rw-p 00017000 08:06 15602152                   /lib/x86_64-linux-gnu/libnsl-2.19.so
7febbab75000-7febbab77000 rw-p 00000000 00:00 0 
7febbab77000-7febbab80000 r-xp 00000000 08:06 15601662                   /lib/x86_64-linux-gnu/libnss_compat-2.19.so
7febbab80000-7febbad7f000 ---p 00009000 08:06 15601662                   /lib/x86_64-linux-gnu/libnss_compat-2.19.so
7febbad7f000-7febbad80000 r--p 00008000 08:06 15601662                   /lib/x86_64-linux-gnu/libnss_compat-2.19.so
7febbad80000-7febbad81000 rw-p 00009000 08:06 15601662                   /lib/x86_64-linux-gnu/libnss_compat-2.19.so
7febbad81000-7febbb04a000 r--p 00000000 08:06 15209877                   /usr/lib/locale/locale-archive
7febbb04a000-7febbb04c000 r-xp 00000000 08:06 20582276                   /usr/lib/jvm/jdk1.8.0_20/jre/lib/amd64/libnpt.so
7febbb04c000-7febbb24c000 ---p 00002000 08:06 20582276                   /usr/lib/jvm/jdk1.8.0_20/jre/lib/amd64/libnpt.so
7febbb24c000-7febbb24d000 rw-p 00002000 08:06 20582276                   /usr/lib/jvm/jdk1.8.0_20/jre/lib/amd64/libnpt.so
7febbb24d000-7febbb286000 r-xp 00000000 08:06 20582287                   /usr/lib/jvm/jdk1.8.0_20/jre/lib/amd64/libjdwp.so
7febbb286000-7febbb485000 ---p 00039000 08:06 20582287                   /usr/lib/jvm/jdk1.8.0_20/jre/lib/amd64/libjdwp.so
7febbb485000-7febbb487000 rw-p 00038000 08:06 20582287                   /usr/lib/jvm/jdk1.8.0_20/jre/lib/amd64/libjdwp.so
7febbb487000-7febbb4b1000 r-xp 00000000 08:06 20582291                   /usr/lib/jvm/jdk1.8.0_20/jre/lib/amd64/libjava.so
7febbb4b1000-7febbb6b1000 ---p 0002a000 08:06 20582291                   /usr/lib/jvm/jdk1.8.0_20/jre/lib/amd64/libjava.so
7febbb6b1000-7febbb6b3000 rw-p 0002a000 08:06 20582291                   /usr/lib/jvm/jdk1.8.0_20/jre/lib/amd64/libjava.so
7febbb6b3000-7febbb6c0000 r-xp 00000000 08:06 20582295                   /usr/lib/jvm/jdk1.8.0_20/jre/lib/amd64/libverify.so
7febbb6c0000-7febbb8c0000 ---p 0000d000 08:06 20582295                   /usr/lib/jvm/jdk1.8.0_20/jre/lib/amd64/libverify.so
7febbb8c0000-7febbb8c2000 rw-p 0000d000 08:06 20582295                   /usr/lib/jvm/jdk1.8.0_20/jre/lib/amd64/libverify.so
7febbb8c2000-7febbb8c9000 r-xp 00000000 08:06 15602320                   /lib/x86_64-linux-gnu/librt-2.19.so
7febbb8c9000-7febbbac8000 ---p 00007000 08:06 15602320                   /lib/x86_64-linux-gnu/librt-2.19.so
7febbbac8000-7febbbac9000 r--p 00006000 08:06 15602320                   /lib/x86_64-linux-gnu/librt-2.19.so
7febbbac9000-7febbbaca000 rw-p 00007000 08:06 15602320                   /lib/x86_64-linux-gnu/librt-2.19.so
7febbbaca000-7febbbbcf000 r-xp 00000000 08:06 15602334                   /lib/x86_64-linux-gnu/libm-2.19.so
7febbbbcf000-7febbbdce000 ---p 00105000 08:06 15602334                   /lib/x86_64-linux-gnu/libm-2.19.so
7febbbdce000-7febbbdcf000 r--p 00104000 08:06 15602334                   /lib/x86_64-linux-gnu/libm-2.19.so
7febbbdcf000-7febbbdd0000 rw-p 00105000 08:06 15602334                   /lib/x86_64-linux-gnu/libm-2.19.so
7febbbdd0000-7febbca3a000 r-xp 00000000 08:06 20845908                   /usr/lib/jvm/jdk1.8.0_20/jre/lib/amd64/server/libjvm.so
7febbca3a000-7febbcc3a000 ---p 00c6a000 08:06 20845908                   /usr/lib/jvm/jdk1.8.0_20/jre/lib/amd64/server/libjvm.so
7febbcc3a000-7febbcd10000 rw-p 00c6a000 08:06 20845908                   /usr/lib/jvm/jdk1.8.0_20/jre/lib/amd64/server/libjvm.so
7febbcd10000-7febbcd52000 rw-p 00000000 00:00 0 
7febbcd52000-7febbcf0d000 r-xp 00000000 08:06 15602328                   /lib/x86_64-linux-gnu/libc-2.19.so
7febbcf0d000-7febbd10d000 ---p 001bb000 08:06 15602328                   /lib/x86_64-linux-gnu/libc-2.19.so
7febbd10d000-7febbd111000 r--p 001bb000 08:06 15602328                   /lib/x86_64-linux-gnu/libc-2.19.so
7febbd111000-7febbd113000 rw-p 001bf000 08:06 15602328                   /lib/x86_64-linux-gnu/libc-2.19.so
7febbd113000-7febbd118000 rw-p 00000000 00:00 0 
7febbd118000-7febbd11b000 r-xp 00000000 08:06 15602352                   /lib/x86_64-linux-gnu/libdl-2.19.so
7febbd11b000-7febbd31a000 ---p 00003000 08:06 15602352                   /lib/x86_64-linux-gnu/libdl-2.19.so
7febbd31a000-7febbd31b000 r--p 00002000 08:06 15602352                   /lib/x86_64-linux-gnu/libdl-2.19.so
7febbd31b000-7febbd31c000 rw-p 00003000 08:06 15602352                   /lib/x86_64-linux-gnu/libdl-2.19.so
7febbd31c000-7febbd333000 r-xp 00000000 08:06 20061287                   /usr/lib/jvm/jdk1.8.0_20/lib/amd64/jli/libjli.so
7febbd333000-7febbd532000 ---p 00017000 08:06 20061287                   /usr/lib/jvm/jdk1.8.0_20/lib/amd64/jli/libjli.so
7febbd532000-7febbd533000 rw-p 00016000 08:06 20061287                   /usr/lib/jvm/jdk1.8.0_20/lib/amd64/jli/libjli.so
7febbd533000-7febbd54c000 r-xp 00000000 08:06 15602353                   /lib/x86_64-linux-gnu/libpthread-2.19.so
7febbd54c000-7febbd74b000 ---p 00019000 08:06 15602353                   /lib/x86_64-linux-gnu/libpthread-2.19.so
7febbd74b000-7febbd74c000 r--p 00018000 08:06 15602353                   /lib/x86_64-linux-gnu/libpthread-2.19.so
7febbd74c000-7febbd74d000 rw-p 00019000 08:06 15602353                   /lib/x86_64-linux-gnu/libpthread-2.19.so
7febbd74d000-7febbd751000 rw-p 00000000 00:00 0 
7febbd751000-7febbd774000 r-xp 00000000 08:06 15602330                   /lib/x86_64-linux-gnu/ld-2.19.so
7febbd774000-7febbd776000 r--s 0000c000 08:06 19532221                   /usr/local/development/dev-7-6/Ignition/Servers/apache-tomcat-6.0.36/lib/tomcat-i18n-ja.jar
7febbd776000-7febbd778000 r--s 00011000 08:06 19532214                   /usr/local/development/dev-7-6/Ignition/Servers/apache-tomcat-6.0.36/lib/jsp-api.jar
7febbd778000-7febbd77a000 r--s 00014000 08:06 19532216                   /usr/local/development/dev-7-6/Ignition/Servers/apache-tomcat-6.0.36/lib/servlet-api.jar
7febbd77a000-7febbd77c000 r--s 0000c000 08:06 19532206                   /usr/local/development/dev-7-6/Ignition/Servers/apache-tomcat-6.0.36/lib/catalina-ant.jar
7febbd77c000-7febbd84d000 rw-p 00000000 00:00 0 
7febbd84d000-7febbd850000 ---p 00000000 00:00 0 
7febbd850000-7febbd952000 rw-p 00000000 00:00 0                          [stack:7602]
7febbd952000-7febbd954000 r--s 00007000 08:06 19532211                   /usr/local/development/dev-7-6/Ignition/Servers/apache-tomcat-6.0.36/lib/el-api.jar
7febbd954000-7febbd955000 r--s 00003000 08:06 19532205                   /usr/local/development/dev-7-6/Ignition/Servers/apache-tomcat-6.0.36/lib/annotations-api.jar
7febbd955000-7febbd958000 r--s 00019000 08:06 19532212                   /usr/local/development/dev-7-6/Ignition/Servers/apache-tomcat-6.0.36/lib/jasper-el.jar
7febbd958000-7febbd95d000 r--s 00092000 08:06 20582254                   /usr/lib/jvm/jdk1.8.0_20/jre/lib/jsse.jar
7febbd95d000-7febbd95e000 r--s 00007000 08:06 19533431                   /usr/local/development/dev-7-6/Ignition/Servers/apache-tomcat-6.0.36/bin/tomcat-juli.jar
7febbd95e000-7febbd95f000 r--s 00005000 08:06 19533430                   /usr/local/development/dev-7-6/Ignition/Servers/apache-tomcat-6.0.36/bin/commons-daemon.jar
7febbd95f000-7febbd960000 r--s 00005000 08:06 19533429                   /usr/local/development/dev-7-6/Ignition/Servers/apache-tomcat-6.0.36/bin/bootstrap.jar
7febbd960000-7febbd967000 r--s 000c7000 08:06 1179649                    /usr/lib/jvm/jdk1.8.0_20/jre/lib/ext/mysql-connector-java-5.1.23-bin.jar
7febbd967000-7febbd96f000 rw-s 00000000 08:06 6164361                    /tmp/hsperfdata_mattg/7597
7febbd96f000-7febbd970000 rw-p 00000000 00:00 0 
7febbd970000-7febbd971000 r--p 00000000 00:00 0 
7febbd971000-7febbd973000 rw-p 00000000 00:00 0 
7febbd973000-7febbd974000 r--p 00022000 08:06 15602330                   /lib/x86_64-linux-gnu/ld-2.19.so
7febbd974000-7febbd975000 rw-p 00023000 08:06 15602330                   /lib/x86_64-linux-gnu/ld-2.19.so
7febbd975000-7febbd976000 rw-p 00000000 00:00 0 
7fff8e190000-7fff8e1b1000 rw-p 00000000 00:00 0                          [stack]
7fff8e1fe000-7fff8e200000 r-xp 00000000 00:00 0                          [vdso]
ffffffffff600000-ffffffffff601000 r-xp 00000000 00:00 0                  [vsyscall]

VM Arguments:
jvm_args: -Djava.util.logging.config.file=/home/mattg/.IntelliJIdea13/system/tomcat/Unnamed_77-Ignition/conf/logging.properties -Xdebug -Xrunjdwp:transport=dt_socket,address=127.0.0.1:51670,suspend=y,server=n -Dcom.sun.management.jmxremote= -Dcom.sun.management.jmxremote.port=1099 -Dcom.sun.management.jmxremote.ssl=false -Dcom.sun.management.jmxremote.authenticate=false -Djava.rmi.server.hostname=127.0.0.1 -Djava.util.logging.manager=org.apache.juli.ClassLoaderLogManager -Djava.endorsed.dirs=/usr/local/development/dev-7-6/Ignition/Servers/apache-tomcat-6.0.36/endorsed -Dcatalina.base=/home/mattg/.IntelliJIdea13/system/tomcat/Unnamed_77-Ignition -Dcatalina.home=/usr/local/development/dev-7-6/Ignition/Servers/apache-tomcat-6.0.36 -Djava.io.tmpdir=/usr/local/development/dev-7-6/Ignition/Servers/apache-tomcat-6.0.36/temp 
java_command: org.apache.catalina.startup.Bootstrap start
java_class_path (initial): /usr/local/development/dev-7-6/Ignition/Servers/apache-tomcat-6.0.36/bin/bootstrap.jar
Launcher Type: SUN_STANDARD

Environment Variables:
JAVA_HOME=/usr/lib/jvm/jdk1.8.0_20
CLASSPATH=/usr/local/development/dev-7-6/Ignition/Servers/apache-tomcat-6.0.36/bin/bootstrap.jar
PATH=/usr/local/sbin:/usr/local/bin:/usr/sbin:/usr/bin:/sbin:/bin:/usr/games:/usr/local/games:/usr/local/development/gradle-1.12/bin
USERNAME=mattg
LD_LIBRARY_PATH=/usr/local/development/idea-IU-135.909/bin:
SHELL=/bin/bash
DISPLAY=:0

Signal Handlers:
SIGSEGV: [libjvm.so+0xa76cd0], sa_mask[0]=11111111011111111101111111111110, sa_flags=SA_RESTART|SA_SIGINFO
SIGBUS: [libjvm.so+0xa76cd0], sa_mask[0]=11111111011111111101111111111110, sa_flags=SA_RESTART|SA_SIGINFO
SIGFPE: [libjvm.so+0x8e0d80], sa_mask[0]=11111111011111111101111111111110, sa_flags=SA_RESTART|SA_SIGINFO
SIGPIPE: [libjvm.so+0x8e0d80], sa_mask[0]=11111111011111111101111111111110, sa_flags=SA_RESTART|SA_SIGINFO
SIGXFSZ: [libjvm.so+0x8e0d80], sa_mask[0]=11111111011111111101111111111110, sa_flags=SA_RESTART|SA_SIGINFO
SIGILL: [libjvm.so+0x8e0d80], sa_mask[0]=11111111011111111101111111111110, sa_flags=SA_RESTART|SA_SIGINFO
SIGUSR1: SIG_DFL, sa_mask[0]=00000000000000000000000000000000, sa_flags=none
SIGUSR2: [libjvm.so+0x8e25b0], sa_mask[0]=00100000000000000000000000000000, sa_flags=SA_RESTART|SA_SIGINFO
SIGHUP: [libjvm.so+0x8e3970], sa_mask[0]=11111111011111111101111111111110, sa_flags=SA_RESTART|SA_SIGINFO
SIGINT: [libjvm.so+0x8e3970], sa_mask[0]=11111111011111111101111111111110, sa_flags=SA_RESTART|SA_SIGINFO
SIGTERM: [libjvm.so+0x8e3970], sa_mask[0]=11111111011111111101111111111110, sa_flags=SA_RESTART|SA_SIGINFO
SIGQUIT: [libjvm.so+0x8e3970], sa_mask[0]=11111111011111111101111111111110, sa_flags=SA_RESTART|SA_SIGINFO


---------------  S Y S T E M  ---------------

OS:DISTRIB_ID=LinuxMint
DISTRIB_RELEASE=17
DISTRIB_CODENAME=qiana
DISTRIB_DESCRIPTION="Linux Mint 17 Qiana"

uname:Linux 3.13.0-24-generic #46-Ubuntu SMP Thu Apr 10 19:11:08 UTC 2014 x86_64
libc:glibc 2.19 NPTL 2.19 
rlimit: STACK 8192k, CORE 0k, NPROC 127375, NOFILE 4096, AS infinity
load average:0.32 0.30 0.35

/proc/meminfo:
MemTotal:       16335088 kB
MemFree:        10004072 kB
Buffers:          356744 kB
Cached:          2204840 kB
SwapCached:            0 kB
Active:          4252384 kB
Inactive:        1637920 kB
Active(anon):    3336496 kB
Inactive(anon):   509568 kB
Active(file):     915888 kB
Inactive(file):  1128352 kB
Unevictable:         752 kB
Mlocked:             752 kB
SwapTotal:      16676860 kB
SwapFree:       16676860 kB
Dirty:             49080 kB
Writeback:             4 kB
AnonPages:       3329488 kB
Mapped:           447020 kB
Shmem:            517340 kB
Slab:             242660 kB
SReclaimable:     198664 kB
SUnreclaim:        43996 kB
KernelStack:        6096 kB
PageTables:        46640 kB
NFS_Unstable:          0 kB
Bounce:                0 kB
WritebackTmp:          0 kB
CommitLimit:    24844404 kB
Committed_AS:    7727620 kB
VmallocTotal:   34359738367 kB
VmallocUsed:      444884 kB
VmallocChunk:   34359289084 kB
HardwareCorrupted:     0 kB
AnonHugePages:   1974272 kB
HugePages_Total:       0
HugePages_Free:        0
HugePages_Rsvd:        0
HugePages_Surp:        0
Hugepagesize:       2048 kB
DirectMap4k:       91592 kB
DirectMap2M:     2955264 kB
DirectMap1G:    13631488 kB


CPU:total 8 (4 cores per cpu, 2 threads per core) family 6 model 60 stepping 3, cmov, cx8, fxsr, mmx, sse, sse2, sse3, ssse3, sse4.1, sse4.2, popcnt, avx, avx2, aes, clmul, erms, lzcnt, ht, tsc, tscinvbit, bmi1, bmi2

/proc/cpuinfo:
processor	: 0
vendor_id	: GenuineIntel
cpu family	: 6
model		: 60
model name	: Intel(R) Core(TM) i7-4702HQ CPU @ 2.20GHz
stepping	: 3
microcode	: 0x17
cpu MHz		: 1800.000
cache size	: 6144 KB
physical id	: 0
siblings	: 8
core id		: 0
cpu cores	: 4
apicid		: 0
initial apicid	: 0
fpu		: yes
fpu_exception	: yes
cpuid level	: 13
wp		: yes
flags		: fpu vme de pse tsc msr pae mce cx8 apic sep mtrr pge mca cmov pat pse36 clflush dts acpi mmx fxsr sse sse2 ss ht tm pbe syscall nx pdpe1gb rdtscp lm constant_tsc arch_perfmon pebs bts rep_good nopl xtopology nonstop_tsc aperfmperf eagerfpu pni pclmulqdq dtes64 monitor ds_cpl vmx est tm2 ssse3 fma cx16 xtpr pdcm pcid sse4_1 sse4_2 x2apic movbe popcnt tsc_deadline_timer aes xsave avx f16c rdrand lahf_lm abm ida arat epb xsaveopt pln pts dtherm tpr_shadow vnmi flexpriority ept vpid fsgsbase tsc_adjust bmi1 avx2 smep bmi2 erms invpcid
bogomips	: 4389.80
clflush size	: 64
cache_alignment	: 64
address sizes	: 39 bits physical, 48 bits virtual
power management:

processor	: 1
vendor_id	: GenuineIntel
cpu family	: 6
model		: 60
model name	: Intel(R) Core(TM) i7-4702HQ CPU @ 2.20GHz
stepping	: 3
microcode	: 0x17
cpu MHz		: 800.000
cache size	: 6144 KB
physical id	: 0
siblings	: 8
core id		: 1
cpu cores	: 4
apicid		: 2
initial apicid	: 2
fpu		: yes
fpu_exception	: yes
cpuid level	: 13
wp		: yes
flags		: fpu vme de pse tsc msr pae mce cx8 apic sep mtrr pge mca cmov pat pse36 clflush dts acpi mmx fxsr sse sse2 ss ht tm pbe syscall nx pdpe1gb rdtscp lm constant_tsc arch_perfmon pebs bts rep_good nopl xtopology nonstop_tsc aperfmperf eagerfpu pni pclmulqdq dtes64 monitor ds_cpl vmx est tm2 ssse3 fma cx16 xtpr pdcm pcid sse4_1 sse4_2 x2apic movbe popcnt tsc_deadline_timer aes xsave avx f16c rdrand lahf_lm abm ida arat epb xsaveopt pln pts dtherm tpr_shadow vnmi flexpriority ept vpid fsgsbase tsc_adjust bmi1 avx2 smep bmi2 erms invpcid
bogomips	: 4389.80
clflush size	: 64
cache_alignment	: 64
address sizes	: 39 bits physical, 48 bits virtual
power management:

processor	: 2
vendor_id	: GenuineIntel
cpu family	: 6
model		: 60
model name	: Intel(R) Core(TM) i7-4702HQ CPU @ 2.20GHz
stepping	: 3
microcode	: 0x17
cpu MHz		: 2201.000
cache size	: 6144 KB
physical id	: 0
siblings	: 8
core id		: 2
cpu cores	: 4
apicid		: 4
initial apicid	: 4
fpu		: yes
fpu_exception	: yes
cpuid level	: 13
wp		: yes
flags		: fpu vme de pse tsc msr pae mce cx8 apic sep mtrr pge mca cmov pat pse36 clflush dts acpi mmx fxsr sse sse2 ss ht tm pbe syscall nx pdpe1gb rdtscp lm constant_tsc arch_perfmon pebs bts rep_good nopl xtopology nonstop_tsc aperfmperf eagerfpu pni pclmulqdq dtes64 monitor ds_cpl vmx est tm2 ssse3 fma cx16 xtpr pdcm pcid sse4_1 sse4_2 x2apic movbe popcnt tsc_deadline_timer aes xsave avx f16c rdrand lahf_lm abm ida arat epb xsaveopt pln pts dtherm tpr_shadow vnmi flexpriority ept vpid fsgsbase tsc_adjust bmi1 avx2 smep bmi2 erms invpcid
bogomips	: 4389.80
clflush size	: 64
cache_alignment	: 64
address sizes	: 39 bits physical, 48 bits virtual
power management:

processor	: 3
vendor_id	: GenuineIntel
cpu family	: 6
model		: 60
model name	: Intel(R) Core(TM) i7-4702HQ CPU @ 2.20GHz
stepping	: 3
microcode	: 0x17
cpu MHz		: 800.000
cache size	: 6144 KB
physical id	: 0
siblings	: 8
core id		: 3
cpu cores	: 4
apicid		: 6
initial apicid	: 6
fpu		: yes
fpu_exception	: yes
cpuid level	: 13
wp		: yes
flags		: fpu vme de pse tsc msr pae mce cx8 apic sep mtrr pge mca cmov pat pse36 clflush dts acpi mmx fxsr sse sse2 ss ht tm pbe syscall nx pdpe1gb rdtscp lm constant_tsc arch_perfmon pebs bts rep_good nopl xtopology nonstop_tsc aperfmperf eagerfpu pni pclmulqdq dtes64 monitor ds_cpl vmx est tm2 ssse3 fma cx16 xtpr pdcm pcid sse4_1 sse4_2 x2apic movbe popcnt tsc_deadline_timer aes xsave avx f16c rdrand lahf_lm abm ida arat epb xsaveopt pln pts dtherm tpr_shadow vnmi flexpriority ept vpid fsgsbase tsc_adjust bmi1 avx2 smep bmi2 erms invpcid
bogomips	: 4389.80
clflush size	: 64
cache_alignment	: 64
address sizes	: 39 bits physical, 48 bits virtual
power management:

processor	: 4
vendor_id	: GenuineIntel
cpu family	: 6
model		: 60
model name	: Intel(R) Core(TM) i7-4702HQ CPU @ 2.20GHz
stepping	: 3
microcode	: 0x17
cpu MHz		: 2201.000
cache size	: 6144 KB
physical id	: 0
siblings	: 8
core id		: 0
cpu cores	: 4
apicid		: 1
initial apicid	: 1
fpu		: yes
fpu_exception	: yes
cpuid level	: 13
wp		: yes
flags		: fpu vme de pse tsc msr pae mce cx8 apic sep mtrr pge mca cmov pat pse36 clflush dts acpi mmx fxsr sse sse2 ss ht tm pbe syscall nx pdpe1gb rdtscp lm constant_tsc arch_perfmon pebs bts rep_good nopl xtopology nonstop_tsc aperfmperf eagerfpu pni pclmulqdq dtes64 monitor ds_cpl vmx est tm2 ssse3 fma cx16 xtpr pdcm pcid sse4_1 sse4_2 x2apic movbe popcnt tsc_deadline_timer aes xsave avx f16c rdrand lahf_lm abm ida arat epb xsaveopt pln pts dtherm tpr_shadow vnmi flexpriority ept vpid fsgsbase tsc_adjust bmi1 avx2 smep bmi2 erms invpcid
bogomips	: 4389.80
clflush size	: 64
cache_alignment	: 64
address sizes	: 39 bits physical, 48 bits virtual
power management:

processor	: 5
vendor_id	: GenuineIntel
cpu family	: 6
model		: 60
model name	: Intel(R) Core(TM) i7-4702HQ CPU @ 2.20GHz
stepping	: 3
microcode	: 0x17
cpu MHz		: 800.000
cache size	: 6144 KB
physical id	: 0
siblings	: 8
core id		: 1
cpu cores	: 4
apicid		: 3
initial apicid	: 3
fpu		: yes
fpu_exception	: yes
cpuid level	: 13
wp		: yes
flags		: fpu vme de pse tsc msr pae mce cx8 apic sep mtrr pge mca cmov pat pse36 clflush dts acpi mmx fxsr sse sse2 ss ht tm pbe syscall nx pdpe1gb rdtscp lm constant_tsc arch_perfmon pebs bts rep_good nopl xtopology nonstop_tsc aperfmperf eagerfpu pni pclmulqdq dtes64 monitor ds_cpl vmx est tm2 ssse3 fma cx16 xtpr pdcm pcid sse4_1 sse4_2 x2apic movbe popcnt tsc_deadline_timer aes xsave avx f16c rdrand lahf_lm abm ida arat epb xsaveopt pln pts dtherm tpr_shadow vnmi flexpriority ept vpid fsgsbase tsc_adjust bmi1 avx2 smep bmi2 erms invpcid
bogomips	: 4389.80
clflush size	: 64
cache_alignment	: 64
address sizes	: 39 bits physical, 48 bits virtual
power management:

processor	: 6
vendor_id	: GenuineIntel
cpu family	: 6
model		: 60
model name	: Intel(R) Core(TM) i7-4702HQ CPU @ 2.20GHz
stepping	: 3
microcode	: 0x17
cpu MHz		: 2000.000
cache size	: 6144 KB
physical id	: 0
siblings	: 8
core id		: 2
cpu cores	: 4
apicid		: 5
initial apicid	: 5
fpu		: yes
fpu_exception	: yes
cpuid level	: 13
wp		: yes
flags		: fpu vme de pse tsc msr pae mce cx8 apic sep mtrr pge mca cmov pat pse36 clflush dts acpi mmx fxsr sse sse2 ss ht tm pbe syscall nx pdpe1gb rdtscp lm constant_tsc arch_perfmon pebs bts rep_good nopl xtopology nonstop_tsc aperfmperf eagerfpu pni pclmulqdq dtes64 monitor ds_cpl vmx est tm2 ssse3 fma cx16 xtpr pdcm pcid sse4_1 sse4_2 x2apic movbe popcnt tsc_deadline_timer aes xsave avx f16c rdrand lahf_lm abm ida arat epb xsaveopt pln pts dtherm tpr_shadow vnmi flexpriority ept vpid fsgsbase tsc_adjust bmi1 avx2 smep bmi2 erms invpcid
bogomips	: 4389.80
clflush size	: 64
cache_alignment	: 64
address sizes	: 39 bits physical, 48 bits virtual
power management:

processor	: 7
vendor_id	: GenuineIntel
cpu family	: 6
model		: 60
model name	: Intel(R) Core(TM) i7-4702HQ CPU @ 2.20GHz
stepping	: 3
microcode	: 0x17
cpu MHz		: 1900.000
cache size	: 6144 KB
physical id	: 0
siblings	: 8
core id		: 3
cpu cores	: 4
apicid		: 7
initial apicid	: 7
fpu		: yes
fpu_exception	: yes
cpuid level	: 13
wp		: yes
flags		: fpu vme de pse tsc msr pae mce cx8 apic sep mtrr pge mca cmov pat pse36 clflush dts acpi mmx fxsr sse sse2 ss ht tm pbe syscall nx pdpe1gb rdtscp lm constant_tsc arch_perfmon pebs bts rep_good nopl xtopology nonstop_tsc aperfmperf eagerfpu pni pclmulqdq dtes64 monitor ds_cpl vmx est tm2 ssse3 fma cx16 xtpr pdcm pcid sse4_1 sse4_2 x2apic movbe popcnt tsc_deadline_timer aes xsave avx f16c rdrand lahf_lm abm ida arat epb xsaveopt pln pts dtherm tpr_shadow vnmi flexpriority ept vpid fsgsbase tsc_adjust bmi1 avx2 smep bmi2 erms invpcid
bogomips	: 4389.80
clflush size	: 64
cache_alignment	: 64
address sizes	: 39 bits physical, 48 bits virtual
power management:



Memory: 4k page, physical 16335088k(10004072k free), swap 16676860k(16676860k free)

vm_info: Java HotSpot(TM) 64-Bit Server VM (25.20-b17) for linux-amd64 JRE (1.8.0_20-ea-b17), built on Jun  4 2014 00:04:06 by "java_re" with gcc 4.3.0 20080428 (Red Hat 4.3.0-8)

time: Tue Nov 25 10:10:34 2014
elapsed time: 77 seconds (0d 0h 1m 17s)

