#
# A fatal error has been detected by the Java Runtime Environment:
#
#  SIGSEGV (0xb) at pc=0x00007f13b7d5ef7e, pid=10555, tid=139722667398912
#
# JRE version: Java(TM) SE Runtime Environment (8.0_20-b17) (build 1.8.0_20-ea-b17)
# Java VM: Java HotSpot(TM) 64-Bit Server VM (25.20-b17 mixed mode linux-amd64 compressed oops)
# Problematic frame:
# C  [ld-linux-x86-64.so.2+0x9f7e]
#
# Failed to write core dump. Core dumps have been disabled. To enable core dumping, try "ulimit -c unlimited" before starting Java again
#
# If you would like to submit a bug report, please visit:
#   http://bugreport.sun.com/bugreport/crash.jsp
# The crash happened outside the Java Virtual Machine in native code.
# See problematic frame for where to report the bug.
#

---------------  T H R E A D  ---------------

Current thread (0x00007f13b000d000):  JavaThread "main" [_thread_in_native, id=10560, stack(0x00007f13b7e51000,0x00007f13b7f52000)]

siginfo: si_signo: 11 (SIGSEGV), si_code: 1 (SEGV_MAPERR), si_addr: 0x0000000000000068

Registers:
RAX=0x0000000000000040, RBX=0x000000004c8d3d65, RCX=0x0000000000000025, RDX=0x00000000000003f3
RSP=0x00007f13b7f4ea50, RBP=0x0000000000000002, RSI=0x00007f13b7359d28, RDI=0x00007f13b7f559e8
R8 =0x00000000013234f5, R9 =0x00007f13b7f4ea90, R10=0x0000000006020400, R11=0x00007f13b7f4eb90
R12=0x0000000000000003, R13=0x00007f12f0261440, R14=0x0000000000000000, R15=0x0000000000000025
RIP=0x00007f13b7d5ef7e, EFLAGS=0x0000000000010202, CSGSFS=0x0000000000000033, ERR=0x0000000000000004
  TRAPNO=0x000000000000000e

Top of Stack: (sp=0x00007f13b7f4ea50)
0x00007f13b7f4ea50:   00007f13b7f4ebc0 00007f13b6a36f75
0x00007f13b7f4ea60:   00007f1300000002 00007f13b7f4eba0
0x00007f13b7f4ea70:   00007f13b7f4ec30 00007f13b7f4ee00
0x00007f13b7f4ea80:   00007f13a1046960 01007f130000000c
0x00007f13b7f4ea90:   0000000000000000 0000000000000000
0x00007f13b7f4eaa0:   00007f13b7f559e8 00007f13b0597860
0x00007f13b7f4eab0:   00007f13b7366d78 0000000000000000
0x00007f13b7f4eac0:   0000000200000000 0000000000000000
0x00007f13b7f4ead0:   00007f13b000d000 00007f13b7f4ec80
0x00007f13b7f4eae0:   00007f13b7f4ec30 0000000000000000
0x00007f13b7f4eaf0:   0000000000000000 00007f12f02618a8
0x00007f13b7f4eb00:   00007f12f0261520 00007f13b7d5f991
0x00007f13b7f4eb10:   0000000000000000 0000000000000000
0x00007f13b7f4eb20:   0000005800000002 0000000000000000
0x00007f13b7f4eb30:   00007f1300000000 00007f12f0261520
0x00007f13b7f4eb40:   00000007c0008600 00007f13b000d000
0x00007f13b7f4eb50:   00007f13b7f4ebc0 00007f13b6b8d447
0x00007f13b7f4eb60:   00007f137b389440 00007f12f02618a8
0x00007f13b7f4eb70:   00007f13b7f4eba0 00007f13b7f4eb90
0x00007f13b7f4eb80:   000000004c8d3d65 00007f13b0597860
0x00007f13b7f4eb90:   00000000ffffffff 00007f13b000a5d0
0x00007f13b7f4eba0:   0000000000000000 0000000000000000
0x00007f13b7f4ebb0:   00007f13b000a470 00007f13b000d000
0x00007f13b7f4ebc0:   00007f13b7f4ed50 00007f13b6a7d467
0x00007f13b7f4ebd0:   000000b1b7f4f938 00007f13b7f4f3a0
0x00007f13b7f4ebe0:   00007f13b7f4ec30 00007f13b7f4ecb0
0x00007f13b7f4ebf0:   00007f13b7f4ed80 00007f13b7f4ee00
0x00007f13b7f4ec00:   00007f13b000d1e8 0000000000b084b0
0x00007f13b7f4ec10:   00007f13b7f77cc0 00007f13b0597860
0x00007f13b7f4ec20:   0000000000000000 00007f12f0261520
0x00007f13b7f4ec30:   00007f13b7f4ed10 00007f13b748cf56
0x00007f13b7f4ec40:   0000000600000002 0000000000000000 

Instructions: (pc=0x00007f13b7d5ef7e)
0x00007f13b7d5ef5e:   06 41 83 e7 3f 0f 1f 44 00 00 49 8b 44 ed 00 c7
0x00007f13b7d5ef6e:   44 24 70 00 00 00 00 48 c7 44 24 40 00 00 00 00
0x00007f13b7d5ef7e:   48 8b 78 28 4c 39 f7 48 89 7c 24 50 0f 84 f0 00
0x00007f13b7d5ef8e:   00 00 f6 44 24 7c 02 74 0d f6 87 14 03 00 00 03 

Register to memory mapping:

RAX=0x0000000000000040 is an unknown value
RBX=0x000000004c8d3d65 is an unknown value
RCX=0x0000000000000025 is an unknown value
RDX=0x00000000000003f3 is an unknown value
RSP=0x00007f13b7f4ea50 is pointing into the stack for thread: 0x00007f13b000d000
RBP=0x0000000000000002 is an unknown value
RSI=0x00007f13b7359d28: <offset 0x3d28> in /lib/x86_64-linux-gnu/libc.so.6 at 0x00007f13b7356000
RDI=0x00007f13b7f559e8 is an unknown value
R8 =0x00000000013234f5 is an unknown value
R9 =0x00007f13b7f4ea90 is pointing into the stack for thread: 0x00007f13b000d000
R10=0x0000000006020400 is an unknown value
R11=0x00007f13b7f4eb90 is pointing into the stack for thread: 0x00007f13b000d000
R12=0x0000000000000003 is an unknown value
R13=0x00007f12f0261440 is an unknown value
R14=0x0000000000000000 is an unknown value
R15=0x0000000000000025 is an unknown value


Stack: [0x00007f13b7e51000,0x00007f13b7f52000],  sp=0x00007f13b7f4ea50,  free space=1014k
Native frames: (J=compiled Java code, j=interpreted, Vv=VM code, C=native code)
C  [ld-linux-x86-64.so.2+0x9f7e]

Java frames: (J=compiled Java code, j=interpreted, Vv=VM code)
j  java.lang.ClassLoader$NativeLibrary.unload(Ljava/lang/String;Z)V+0
j  java.lang.ClassLoader$NativeLibrary.finalize()V+87
v  ~StubRoutines::call_stub
J 1132  sun.reflect.NativeMethodAccessorImpl.invoke0(Ljava/lang/reflect/Method;Ljava/lang/Object;[Ljava/lang/Object;)Ljava/lang/Object; (0 bytes) @ 0x00007f13a1444ff7 [0x00007f13a1444f80+0x77]
J 1131 C1 sun.reflect.NativeMethodAccessorImpl.invoke(Ljava/lang/Object;[Ljava/lang/Object;)Ljava/lang/Object; (104 bytes) @ 0x00007f13a144420c [0x00007f13a1443000+0x120c]
J 5342 C2 java.lang.reflect.Method.invoke(Ljava/lang/Object;[Ljava/lang/Object;)Ljava/lang/Object; (62 bytes) @ 0x00007f13a207c960 [0x00007f13a207c8a0+0xc0]
j  com.inductiveautomation.ignition.gateway.bootstrap.SRFilter.destroy()V+89
j  org.apache.catalina.core.ApplicationFilterConfig.release()V+61
j  org.apache.catalina.core.StandardContext.filterStop()Z+124
j  org.apache.catalina.core.StandardContext.stop()V+142
j  org.apache.catalina.core.ContainerBase.removeChild(Lorg/apache/catalina/Container;)V+90
j  org.apache.catalina.startup.HostConfig.undeployApps()V+77
j  org.apache.catalina.startup.HostConfig.stop()V+28
j  org.apache.catalina.startup.HostConfig.lifecycleEvent(Lorg/apache/catalina/LifecycleEvent;)V+151
j  org.apache.catalina.util.LifecycleSupport.fireLifecycleEvent(Ljava/lang/String;Ljava/lang/Object;)V+178
j  org.apache.catalina.core.ContainerBase.stop()V+60
j  org.apache.catalina.core.ContainerBase.stop()V+118
j  org.apache.catalina.core.StandardEngine.stop()V+1
j  org.apache.catalina.core.StandardService.stop()V+177
j  org.apache.catalina.core.StandardServer.stop()V+65
j  org.apache.catalina.startup.Catalina.stop()V+58
j  org.apache.catalina.startup.Catalina.start()V+198
v  ~StubRoutines::call_stub
j  sun.reflect.NativeMethodAccessorImpl.invoke0(Ljava/lang/reflect/Method;Ljava/lang/Object;[Ljava/lang/Object;)Ljava/lang/Object;+0
j  sun.reflect.NativeMethodAccessorImpl.invoke(Ljava/lang/Object;[Ljava/lang/Object;)Ljava/lang/Object;+100
J 491 C1 sun.reflect.DelegatingMethodAccessorImpl.invoke(Ljava/lang/Object;[Ljava/lang/Object;)Ljava/lang/Object; (10 bytes) @ 0x00007f13a12268ac [0x00007f13a1226780+0x12c]
J 490 C1 java.lang.reflect.Method.invoke(Ljava/lang/Object;[Ljava/lang/Object;)Ljava/lang/Object; (62 bytes) @ 0x00007f13a1228bc4 [0x00007f13a12287a0+0x424]
j  org.apache.catalina.startup.Bootstrap.start()V+37
j  org.apache.catalina.startup.Bootstrap.main([Ljava/lang/String;)V+131
v  ~StubRoutines::call_stub

---------------  P R O C E S S  ---------------

Java Threads: ( => current thread )
  0x00007f13b00b7800 JavaThread "pool-1-thread-1" [_thread_blocked, id=10670, stack(0x00007f13416de000,0x00007f13417df000)]
  0x00007f13b00c2800 JavaThread "Thread-20" daemon [_thread_blocked, id=10669, stack(0x00007f12e8db9000,0x00007f12e8eba000)]
  0x00007f1318001800 JavaThread "http-8088-2" daemon [_thread_blocked, id=10667, stack(0x00007f1378de0000,0x00007f1378ee1000)]
  0x00007f1318004800 JavaThread "http-8088-1" daemon [_thread_blocked, id=10634, stack(0x00007f12e8fbb000,0x00007f12e90bc000)]
  0x00007f12f07c0000 JavaThread "ClockDriftDetector" daemon [_thread_blocked, id=10633, stack(0x00007f12e98e0000,0x00007f12e99e1000)]
  0x00007f12f07be000 JavaThread "PyLib_ScriptWatcher" daemon [_thread_blocked, id=10632, stack(0x00007f12e99e1000,0x00007f12e9ae2000)]
  0x00007f12f07af000 JavaThread "PyFile_ChangeNotifier" daemon [_thread_blocked, id=10631, stack(0x00007f12e9ae2000,0x00007f12e9be3000)]
  0x00007f12f07ad000 JavaThread "Thread-16" daemon [_thread_in_native, id=10630, stack(0x00007f12e9be3000,0x00007f12e9ce4000)]
  0x00007f133c003000 JavaThread "RMI TCP Connection(3)-127.0.0.1" daemon [_thread_in_native, id=10616, stack(0x00007f1340246000,0x00007f1340347000)]
  0x00007f1324431800 JavaThread "SecureRandom-SeedGen" daemon [_thread_in_native, id=10610, stack(0x00007f1340347000,0x00007f1340448000)]
  0x00007f13b0594000 JavaThread "TP-Monitor" daemon [_thread_blocked, id=10602, stack(0x00007f13410d8000,0x00007f13411d9000)]
  0x00007f13b0592000 JavaThread "TP-Processor4" daemon [_thread_blocked, id=10601, stack(0x00007f13411d9000,0x00007f13412da000)]
  0x00007f13b0579800 JavaThread "TP-Processor3" daemon [_thread_blocked, id=10600, stack(0x00007f13412da000,0x00007f13413db000)]
  0x00007f13b0578000 JavaThread "TP-Processor2" daemon [_thread_blocked, id=10599, stack(0x00007f13413db000,0x00007f13414dc000)]
  0x00007f13b057c800 JavaThread "TP-Processor1" daemon [_thread_blocked, id=10598, stack(0x00007f13414dc000,0x00007f13415dd000)]
  0x00007f13b0571000 JavaThread "http-8088-Acceptor-0" daemon [_thread_blocked, id=10597, stack(0x00007f13415dd000,0x00007f13416de000)]
  0x00007f13b04f3000 JavaThread "GC Daemon" daemon [_thread_blocked, id=10595, stack(0x00007f1341e3c000,0x00007f1341f3d000)]
  0x00007f13b04ba800 JavaThread "Abandoned connection cleanup thread" daemon [_thread_blocked, id=10594, stack(0x00007f13435f8000,0x00007f13436f9000)]
  0x00007f1330008800 JavaThread "RMI Scheduler(0)" daemon [_thread_blocked, id=10591, stack(0x00007f13436f9000,0x00007f13437fa000)]
  0x00007f133c001800 JavaThread "RMI TCP Connection(idle)" daemon [_thread_blocked, id=10590, stack(0x00007f13437fa000,0x00007f13438fb000)]
  0x00007f1334001800 JavaThread "RMI TCP Connection(1)-127.0.0.1" daemon [_thread_in_native, id=10588, stack(0x00007f1343afb000,0x00007f1343bfc000)]
  0x00007f13b026d800 JavaThread "RMI TCP Accept-0" daemon [_thread_in_native, id=10585, stack(0x00007f1343cfd000,0x00007f1343dfe000)]
  0x00007f13b025c800 JavaThread "RMI TCP Accept-1099" daemon [_thread_in_native, id=10584, stack(0x00007f1343dfe000,0x00007f1343eff000)]
  0x00007f13b024b800 JavaThread "RMI TCP Accept-0" daemon [_thread_in_native, id=10583, stack(0x00007f1343eff000,0x00007f1344000000)]
  0x00007f13b00dc800 JavaThread "Service Thread" daemon [_thread_blocked, id=10582, stack(0x00007f13786d9000,0x00007f13787da000)]
  0x00007f13b00cf000 JavaThread "C1 CompilerThread3" daemon [_thread_blocked, id=10581, stack(0x00007f13787da000,0x00007f13788db000)]
  0x00007f13b00cd000 JavaThread "C2 CompilerThread2" daemon [_thread_in_native, id=10580, stack(0x00007f13788db000,0x00007f13789dc000)]
  0x00007f13b00cb000 JavaThread "C2 CompilerThread1" daemon [_thread_blocked, id=10579, stack(0x00007f13789dc000,0x00007f1378add000)]
  0x00007f13b00c8000 JavaThread "C2 CompilerThread0" daemon [_thread_in_native, id=10578, stack(0x00007f1378add000,0x00007f1378bde000)]
  0x00007f13b00c6000 JavaThread "JDWP Event Helper Thread" daemon [_thread_blocked, id=10575, stack(0x00007f1378cdf000,0x00007f1378de0000)]
  0x00007f13b00b5800 JavaThread "Signal Dispatcher" daemon [_thread_blocked, id=10572, stack(0x00007f13790e5000,0x00007f13791e6000)]
  0x00007f13b0087800 JavaThread "Finalizer" daemon [_thread_blocked, id=10571, stack(0x00007f13791e6000,0x00007f13792e7000)]
  0x00007f13b0085800 JavaThread "Reference Handler" daemon [_thread_blocked, id=10570, stack(0x00007f13792e7000,0x00007f13793e8000)]
=>0x00007f13b000d000 JavaThread "main" [_thread_in_native, id=10560, stack(0x00007f13b7e51000,0x00007f13b7f52000)]

Other Threads:
  0x00007f13b007e800 VMThread [stack: 0x00007f13793e8000,0x00007f13794e9000] [id=10569]
  0x00007f13b0270000 WatcherThread [stack: 0x00007f1343bfc000,0x00007f1343cfd000] [id=10586]

VM state:not at safepoint (normal execution)

VM Mutex/Monitor currently owned by a thread: None

Heap:
 PSYoungGen      total 299520K, used 225883K [0x000000076ce00000, 0x0000000786b80000, 0x00000007c0000000)
  eden space 283648K, 75% used [0x000000076ce00000,0x000000077a032050,0x000000077e300000)
  from space 15872K, 67% used [0x000000077e300000,0x000000077ed64bb8,0x000000077f280000)
  to   space 14848K, 0% used [0x0000000785d00000,0x0000000785d00000,0x0000000786b80000)
 ParOldGen       total 173568K, used 23680K [0x00000006c6a00000, 0x00000006d1380000, 0x000000076ce00000)
  object space 173568K, 13% used [0x00000006c6a00000,0x00000006c81203c8,0x00000006d1380000)
 Metaspace       used 50434K, capacity 51618K, committed 51840K, reserved 1093632K
  class space    used 7202K, capacity 7478K, committed 7552K, reserved 1048576K

Card table byte_map: [0x00007f13a0834000,0x00007f13a1000000] byte_map_base: 0x00007f139d1ff000

Marking Bits: (ParMarkBitMap*) 0x00007f13b732bc20
 Begin Bits: [0x00007f137c350000, 0x00007f13801a8000)
 End Bits:   [0x00007f13801a8000, 0x00007f1384000000)

Polling page: 0x00007f13b7f74000

CodeCache: size=245760Kb used=16869Kb max_used=16987Kb free=228890Kb
 bounds [0x00007f13a1000000, 0x00007f13a20b0000, 0x00007f13b0000000]
 total_blobs=5096 nmethods=4543 adapters=475
 compilation: enabled

Compilation events (10 events):
Event: 30.432 Thread 0x00007f13b00cf000 5434       3       sun.reflect.MethodAccessorGenerator::<init> (5 bytes)
Event: 30.432 Thread 0x00007f13b00cf000 nmethod 5434 0x00007f13a1580250 code [0x00007f13a15803c0, 0x00007f13a15805f0]
Event: 30.432 Thread 0x00007f13b00cf000 5435       3       sun.reflect.AccessorGenerator::<init> (17 bytes)
Event: 30.433 Thread 0x00007f13b00cf000 nmethod 5435 0x00007f13a13cd390 code [0x00007f13a13cd500, 0x00007f13a13cd6b0]
Event: 30.433 Thread 0x00007f13b00cf000 5433       3       java.lang.Class::getDeclaredConstructor (16 bytes)
Event: 30.433 Thread 0x00007f13b00cf000 nmethod 5433 0x00007f13a13ccf10 code [0x00007f13a13cd0a0, 0x00007f13a13cd2a8]
Event: 30.433 Thread 0x00007f13b00cd000 5436       4       java.io.ObjectStreamClass::getObjFieldValues (10 bytes)
Event: 30.435 Thread 0x00007f13b00c8000 5437   !   4       java.io.ObjectOutputStream::defaultWriteFields (270 bytes)
Event: 30.435 Thread 0x00007f13b00cb000 5438       4       java.io.ObjectStreamClass::getPrimFieldValues (10 bytes)
Event: 30.436 Thread 0x00007f13b00cb000 nmethod 5438 0x00007f13a1785a90 code [0x00007f13a1785be0, 0x00007f13a1785cc8]

GC Heap History (10 events):
Event: 3.459 GC heap before
{Heap before GC invocations=5 (full 1):
 PSYoungGen      total 139264K, used 129024K [0x000000076ce00000, 0x000000077de00000, 0x00000007c0000000)
  eden space 129024K, 100% used [0x000000076ce00000,0x0000000774c00000,0x0000000774c00000)
  from space 10240K, 0% used [0x0000000774c00000,0x0000000774c00000,0x0000000775600000)
  to   space 10240K, 0% used [0x000000077d400000,0x000000077d400000,0x000000077de00000)
 ParOldGen       total 109568K, used 12766K [0x00000006c6a00000, 0x00000006cd500000, 0x000000076ce00000)
  object space 109568K, 11% used [0x00000006c6a00000,0x00000006c7677900,0x00000006cd500000)
 Metaspace       used 28140K, capacity 28538K, committed 28672K, reserved 1075200K
  class space    used 3173K, capacity 3296K, committed 3328K, reserved 1048576K
Event: 3.468 GC heap after
Heap after GC invocations=5 (full 1):
 PSYoungGen      total 202752K, used 9202K [0x000000076ce00000, 0x000000077dd00000, 0x00000007c0000000)
  eden space 193536K, 0% used [0x000000076ce00000,0x000000076ce00000,0x0000000778b00000)
  from space 9216K, 99% used [0x000000077d400000,0x000000077dcfc928,0x000000077dd00000)
  to   space 10240K, 0% used [0x000000077c900000,0x000000077c900000,0x000000077d300000)
 ParOldGen       total 109568K, used 12774K [0x00000006c6a00000, 0x00000006cd500000, 0x000000076ce00000)
  object space 109568K, 11% used [0x00000006c6a00000,0x00000006c7679900,0x00000006cd500000)
 Metaspace       used 28140K, capacity 28538K, committed 28672K, reserved 1075200K
  class space    used 3173K, capacity 3296K, committed 3328K, reserved 1048576K
}
Event: 4.029 GC heap before
{Heap before GC invocations=6 (full 1):
 PSYoungGen      total 202752K, used 202738K [0x000000076ce00000, 0x000000077dd00000, 0x00000007c0000000)
  eden space 193536K, 100% used [0x000000076ce00000,0x0000000778b00000,0x0000000778b00000)
  from space 9216K, 99% used [0x000000077d400000,0x000000077dcfc928,0x000000077dd00000)
  to   space 10240K, 0% used [0x000000077c900000,0x000000077c900000,0x000000077d300000)
 ParOldGen       total 109568K, used 12774K [0x00000006c6a00000, 0x00000006cd500000, 0x000000076ce00000)
  object space 109568K, 11% used [0x00000006c6a00000,0x00000006c7679900,0x00000006cd500000)
 Metaspace       used 29076K, capacity 29536K, committed 29824K, reserved 1075200K
  class space    used 3254K, capacity 3393K, committed 3456K, reserved 1048576K
Event: 4.035 GC heap after
Heap after GC invocations=6 (full 1):
 PSYoungGen      total 267264K, used 5989K [0x000000076ce00000, 0x0000000780080000, 0x00000007c0000000)
  eden space 257024K, 0% used [0x000000076ce00000,0x000000076ce00000,0x000000077c900000)
  from space 10240K, 58% used [0x000000077c900000,0x000000077ced95e0,0x000000077d300000)
  to   space 14336K, 0% used [0x000000077f280000,0x000000077f280000,0x0000000780080000)
 ParOldGen       total 109568K, used 12782K [0x00000006c6a00000, 0x00000006cd500000, 0x000000076ce00000)
  object space 109568K, 11% used [0x00000006c6a00000,0x00000006c767b900,0x00000006cd500000)
 Metaspace       used 29076K, capacity 29536K, committed 29824K, reserved 1075200K
  class space    used 3254K, capacity 3393K, committed 3456K, reserved 1048576K
}
Event: 4.634 GC heap before
{Heap before GC invocations=7 (full 1):
 PSYoungGen      total 267264K, used 98307K [0x000000076ce00000, 0x0000000780080000, 0x00000007c0000000)
  eden space 257024K, 35% used [0x000000076ce00000,0x0000000772827920,0x000000077c900000)
  from space 10240K, 58% used [0x000000077c900000,0x000000077ced95e0,0x000000077d300000)
  to   space 14336K, 0% used [0x000000077f280000,0x000000077f280000,0x0000000780080000)
 ParOldGen       total 109568K, used 12782K [0x00000006c6a00000, 0x00000006cd500000, 0x000000076ce00000)
  object space 109568K, 11% used [0x00000006c6a00000,0x00000006c767b900,0x00000006cd500000)
 Metaspace       used 34675K, capacity 35154K, committed 35320K, reserved 1079296K
  class space    used 4600K, capacity 4709K, committed 4736K, reserved 1048576K
Event: 4.645 GC heap after
Heap after GC invocations=7 (full 1):
 PSYoungGen      total 297984K, used 13143K [0x000000076ce00000, 0x0000000785f80000, 0x00000007c0000000)
  eden space 283648K, 0% used [0x000000076ce00000,0x000000076ce00000,0x000000077e300000)
  from space 14336K, 91% used [0x000000077f280000,0x000000077ff55ff0,0x0000000780080000)
  to   space 15872K, 0% used [0x000000077e300000,0x000000077e300000,0x000000077f280000)
 ParOldGen       total 109568K, used 12790K [0x00000006c6a00000, 0x00000006cd500000, 0x000000076ce00000)
  object space 109568K, 11% used [0x00000006c6a00000,0x00000006c767d900,0x00000006cd500000)
 Metaspace       used 34675K, capacity 35154K, committed 35320K, reserved 1079296K
  class space    used 4600K, capacity 4709K, committed 4736K, reserved 1048576K
}
Event: 4.645 GC heap before
{Heap before GC invocations=8 (full 2):
 PSYoungGen      total 297984K, used 13143K [0x000000076ce00000, 0x0000000785f80000, 0x00000007c0000000)
  eden space 283648K, 0% used [0x000000076ce00000,0x000000076ce00000,0x000000077e300000)
  from space 14336K, 91% used [0x000000077f280000,0x000000077ff55ff0,0x0000000780080000)
  to   space 15872K, 0% used [0x000000077e300000,0x000000077e300000,0x000000077f280000)
 ParOldGen       total 109568K, used 12790K [0x00000006c6a00000, 0x00000006cd500000, 0x000000076ce00000)
  object space 109568K, 11% used [0x00000006c6a00000,0x00000006c767d900,0x00000006cd500000)
 Metaspace       used 34675K, capacity 35154K, committed 35320K, reserved 1079296K
  class space    used 4600K, capacity 4709K, committed 4736K, reserved 1048576K
Event: 4.711 GC heap after
Heap after GC invocations=8 (full 2):
 PSYoungGen      total 297984K, used 0K [0x000000076ce00000, 0x0000000785f80000, 0x00000007c0000000)
  eden space 283648K, 0% used [0x000000076ce00000,0x000000076ce00000,0x000000077e300000)
  from space 14336K, 0% used [0x000000077f280000,0x000000077f280000,0x0000000780080000)
  to   space 15872K, 0% used [0x000000077e300000,0x000000077e300000,0x000000077f280000)
 ParOldGen       total 173568K, used 23672K [0x00000006c6a00000, 0x00000006d1380000, 0x000000076ce00000)
  object space 173568K, 13% used [0x00000006c6a00000,0x00000006c811e3c8,0x00000006d1380000)
 Metaspace       used 34675K, capacity 35154K, committed 35320K, reserved 1079296K
  class space    used 4600K, capacity 4709K, committed 4736K, reserved 1048576K
}
Event: 6.588 GC heap before
{Heap before GC invocations=9 (full 2):
 PSYoungGen      total 297984K, used 283648K [0x000000076ce00000, 0x0000000785f80000, 0x00000007c0000000)
  eden space 283648K, 100% used [0x000000076ce00000,0x000000077e300000,0x000000077e300000)
  from space 14336K, 0% used [0x000000077f280000,0x000000077f280000,0x0000000780080000)
  to   space 15872K, 0% used [0x000000077e300000,0x000000077e300000,0x000000077f280000)
 ParOldGen       total 173568K, used 23672K [0x00000006c6a00000, 0x00000006d1380000, 0x000000076ce00000)
  object space 173568K, 13% used [0x00000006c6a00000,0x00000006c811e3c8,0x00000006d1380000)
 Metaspace       used 44721K, capacity 45398K, committed 45824K, reserved 1089536K
  class space    used 6379K, capacity 6564K, committed 6656K, reserved 1048576K
Event: 6.597 GC heap after
Heap after GC invocations=9 (full 2):
 PSYoungGen      total 299520K, used 10642K [0x000000076ce00000, 0x0000000786b80000, 0x00000007c0000000)
  eden space 283648K, 0% used [0x000000076ce00000,0x000000076ce00000,0x000000077e300000)
  from space 15872K, 67% used [0x000000077e300000,0x000000077ed64bb8,0x000000077f280000)
  to   space 14848K, 0% used [0x0000000785d00000,0x0000000785d00000,0x0000000786b80000)
 ParOldGen       total 173568K, used 23680K [0x00000006c6a00000, 0x00000006d1380000, 0x000000076ce00000)
  object space 173568K, 13% used [0x00000006c6a00000,0x00000006c81203c8,0x00000006d1380000)
 Metaspace       used 44721K, capacity 45398K, committed 45824K, reserved 1089536K
  class space    used 6379K, capacity 6564K, committed 6656K, reserved 1048576K
}

Deoptimization events (10 events):
Event: 30.317 Thread 0x00007f13b000d000 Uncommon trap: reason=unreached action=reinterpret pc=0x00007f13a1af10e0 method=org.hsqldb.store.BaseHashMap.clearElementArrays(II)V @ 185
Event: 30.431 Thread 0x00007f13b000d000 Uncommon trap: reason=bimorphic action=maybe_recompile pc=0x00007f13a15e5adc method=java.io.ObjectOutputStream$BlockDataOutputStream.drain()V @ 36
Event: 30.431 Thread 0x00007f13b000d000 Uncommon trap: reason=bimorphic action=maybe_recompile pc=0x00007f13a15e5adc method=java.io.ObjectOutputStream$BlockDataOutputStream.drain()V @ 36
Event: 30.431 Thread 0x00007f13b000d000 Uncommon trap: reason=class_check action=maybe_recompile pc=0x00007f13a200da78 method=java.io.ObjectOutputStream$BlockDataOutputStream.write([BIIZ)V @ 23
Event: 30.431 Thread 0x00007f13b000d000 Uncommon trap: reason=bimorphic action=maybe_recompile pc=0x00007f13a1bdec10 method=java.io.ObjectOutputStream$BlockDataOutputStream.drain()V @ 36
Event: 30.432 Thread 0x00007f13b000d000 Uncommon trap: reason=class_check action=maybe_recompile pc=0x00007f13a200da78 method=java.io.ObjectOutputStream$BlockDataOutputStream.write([BIIZ)V @ 23
Event: 30.433 Thread 0x00007f13b000d000 Uncommon trap: reason=class_check action=maybe_recompile pc=0x00007f13a200da78 method=java.io.ObjectOutputStream$BlockDataOutputStream.write([BIIZ)V @ 23
Event: 30.433 Thread 0x00007f13b000d000 Uncommon trap: reason=class_check action=maybe_recompile pc=0x00007f13a200da78 method=java.io.ObjectOutputStream$BlockDataOutputStream.write([BIIZ)V @ 23
Event: 30.435 Thread 0x00007f13b000d000 Uncommon trap: reason=class_check action=maybe_recompile pc=0x00007f13a2005dec method=java.io.ObjectOutputStream$BlockDataOutputStream.write([BIIZ)V @ 23
Event: 30.436 Thread 0x00007f13b000d000 Uncommon trap: reason=bimorphic action=maybe_recompile pc=0x00007f13a1bdfa44 method=java.io.ObjectOutputStream$BlockDataOutputStream.drain()V @ 36

Internal exceptions (10 events):
Event: 30.421 Thread 0x00007f13b000d000 Exception <a 'java/security/PrivilegedActionException'> (0x00000007791eed70) thrown at [/HUDSON/workspace/8-2-build-linux-amd64/jdk8u20/526.nc/hotspot/src/share/vm/prims/jvm.cpp, line 1258]
Event: 30.421 Thread 0x00007f13b000d000 Exception <a 'java/security/PrivilegedActionException'> (0x00000007791ef7a8) thrown at [/HUDSON/workspace/8-2-build-linux-amd64/jdk8u20/526.nc/hotspot/src/share/vm/prims/jvm.cpp, line 1258]
Event: 30.424 Thread 0x00007f13b000d000 Exception <a 'java/security/PrivilegedActionException'> (0x0000000779201b40) thrown at [/HUDSON/workspace/8-2-build-linux-amd64/jdk8u20/526.nc/hotspot/src/share/vm/prims/jvm.cpp, line 1258]
Event: 30.424 Thread 0x00007f13b000d000 Exception <a 'java/security/PrivilegedActionException'> (0x00000007792026e0) thrown at [/HUDSON/workspace/8-2-build-linux-amd64/jdk8u20/526.nc/hotspot/src/share/vm/prims/jvm.cpp, line 1258]
Event: 30.433 Thread 0x00007f13b000d000 Exception <a 'java/security/PrivilegedActionException'> (0x00000007792291b8) thrown at [/HUDSON/workspace/8-2-build-linux-amd64/jdk8u20/526.nc/hotspot/src/share/vm/prims/jvm.cpp, line 1258]
Event: 30.434 Thread 0x00007f13b000d000 Exception <a 'java/security/PrivilegedActionException'> (0x000000077922a198) thrown at [/HUDSON/workspace/8-2-build-linux-amd64/jdk8u20/526.nc/hotspot/src/share/vm/prims/jvm.cpp, line 1258]
Event: 30.434 Thread 0x00007f13b000d000 Exception <a 'java/security/PrivilegedActionException'> (0x0000000779239fe8) thrown at [/HUDSON/workspace/8-2-build-linux-amd64/jdk8u20/526.nc/hotspot/src/share/vm/prims/jvm.cpp, line 1258]
Event: 30.434 Thread 0x00007f13b000d000 Exception <a 'java/security/PrivilegedActionException'> (0x000000077923b058) thrown at [/HUDSON/workspace/8-2-build-linux-amd64/jdk8u20/526.nc/hotspot/src/share/vm/prims/jvm.cpp, line 1258]
Event: 30.434 Thread 0x00007f13b000d000 Exception <a 'java/security/PrivilegedActionException'> (0x000000077924b388) thrown at [/HUDSON/workspace/8-2-build-linux-amd64/jdk8u20/526.nc/hotspot/src/share/vm/prims/jvm.cpp, line 1258]
Event: 30.434 Thread 0x00007f13b000d000 Exception <a 'java/security/PrivilegedActionException'> (0x000000077924c3a8) thrown at [/HUDSON/workspace/8-2-build-linux-amd64/jdk8u20/526.nc/hotspot/src/share/vm/prims/jvm.cpp, line 1258]

Events (10 events):
Event: 30.436 Thread 0x00007f13b000d000 DEOPT UNPACKING pc=0x00007f13a104741a sp=0x00007f13b7f4d7e8 mode 1
Event: 30.436 Thread 0x00007f13b000d000 DEOPT PACKING pc=0x00007f13a138bba4 sp=0x00007f13b7f4d9d0
Event: 30.436 Thread 0x00007f13b000d000 DEOPT UNPACKING pc=0x00007f13a104741a sp=0x00007f13b7f4d790 mode 1
Event: 30.436 Thread 0x00007f13b000d000 DEOPT PACKING pc=0x00007f13a1a4bacc sp=0x00007f13b7f4daa0
Event: 30.436 Thread 0x00007f13b000d000 DEOPT UNPACKING pc=0x00007f13a104741a sp=0x00007f13b7f4d868 mode 1
Event: 30.436 Thread 0x00007f13b000d000 DEOPT PACKING pc=0x00007f13a138bba4 sp=0x00007f13b7f4da10
Event: 30.436 Thread 0x00007f13b000d000 DEOPT UNPACKING pc=0x00007f13a104741a sp=0x00007f13b7f4d7e8 mode 1
Event: 30.436 Thread 0x00007f13b000d000 Uncommon trap: trap_request=0xffffffc6 fr.pc=0x00007f13a1bdfa44
Event: 30.436 Thread 0x00007f13b000d000 DEOPT PACKING pc=0x00007f13a1bdfa44 sp=0x00007f13b7f4f490
Event: 30.436 Thread 0x00007f13b000d000 DEOPT UNPACKING pc=0x00007f13a1047650 sp=0x00007f13b7f4f3d8 mode 2


Dynamic libraries:
00400000-00401000 r-xp 00000000 08:06 19938758                           /usr/lib/jvm/jdk1.8.0_20/bin/java
00600000-00601000 rw-p 00000000 08:06 19938758                           /usr/lib/jvm/jdk1.8.0_20/bin/java
00b08000-00b29000 rw-p 00000000 00:00 0                                  [heap]
6c6a00000-6d1380000 rw-p 00000000 00:00 0 
6d1380000-76ce00000 ---p 00000000 00:00 0 
76ce00000-786b80000 rw-p 00000000 00:00 0 
786b80000-7c0000000 ---p 00000000 00:00 0 
7c0000000-7c0760000 rw-p 00000000 00:00 0 
7c0760000-800000000 ---p 00000000 00:00 0 
7f1294000000-7f1294021000 rw-p 00000000 00:00 0 
7f1294021000-7f1298000000 ---p 00000000 00:00 0 
7f129c000000-7f129c208000 rw-p 00000000 00:00 0 
7f129c208000-7f12a0000000 ---p 00000000 00:00 0 
7f12a0000000-7f12a0022000 rw-p 00000000 00:00 0 
7f12a0022000-7f12a4000000 ---p 00000000 00:00 0 
7f12a4000000-7f12a4021000 rw-p 00000000 00:00 0 
7f12a4021000-7f12a8000000 ---p 00000000 00:00 0 
7f12a8000000-7f12a8021000 rw-p 00000000 00:00 0 
7f12a8021000-7f12ac000000 ---p 00000000 00:00 0 
7f12ac000000-7f12ac021000 rw-p 00000000 00:00 0 
7f12ac021000-7f12b0000000 ---p 00000000 00:00 0 
7f12b0000000-7f12b0021000 rw-p 00000000 00:00 0 
7f12b0021000-7f12b4000000 ---p 00000000 00:00 0 
7f12b4000000-7f12b4021000 rw-p 00000000 00:00 0 
7f12b4021000-7f12b8000000 ---p 00000000 00:00 0 
7f12b8000000-7f12b8021000 rw-p 00000000 00:00 0 
7f12b8021000-7f12bc000000 ---p 00000000 00:00 0 
7f12bc000000-7f12bc021000 rw-p 00000000 00:00 0 
7f12bc021000-7f12c0000000 ---p 00000000 00:00 0 
7f12c0000000-7f12c0021000 rw-p 00000000 00:00 0 
7f12c0021000-7f12c4000000 ---p 00000000 00:00 0 
7f12c4000000-7f12c4021000 rw-p 00000000 00:00 0 
7f12c4021000-7f12c8000000 ---p 00000000 00:00 0 
7f12c8000000-7f12c8021000 rw-p 00000000 00:00 0 
7f12c8021000-7f12cc000000 ---p 00000000 00:00 0 
7f12cc000000-7f12cc021000 rw-p 00000000 00:00 0 
7f12cc021000-7f12d0000000 ---p 00000000 00:00 0 
7f12d0000000-7f12d0021000 rw-p 00000000 00:00 0 
7f12d0021000-7f12d4000000 ---p 00000000 00:00 0 
7f12d4000000-7f12d4021000 rw-p 00000000 00:00 0 
7f12d4021000-7f12d8000000 ---p 00000000 00:00 0 
7f12d8000000-7f12d8108000 rw-p 00000000 00:00 0 
7f12d8108000-7f12dc000000 ---p 00000000 00:00 0 
7f12dc000000-7f12dc021000 rw-p 00000000 00:00 0 
7f12dc021000-7f12e0000000 ---p 00000000 00:00 0 
7f12e0000000-7f12e0021000 rw-p 00000000 00:00 0 
7f12e0021000-7f12e4000000 ---p 00000000 00:00 0 
7f12e4000000-7f12e4021000 rw-p 00000000 00:00 0 
7f12e4021000-7f12e8000000 ---p 00000000 00:00 0 
7f12e89b9000-7f12e8af9000 rw-p 00000000 00:00 0 
7f12e8af9000-7f12e8bb9000 ---p 00000000 00:00 0 
7f12e8bb9000-7f12e8db9000 rw-p 00000000 00:00 0 
7f12e8db9000-7f12e8dbc000 ---p 00000000 00:00 0 
7f12e8dbc000-7f12e8eba000 rw-p 00000000 00:00 0                          [stack:10669]
7f12e8eba000-7f12e8ebd000 ---p 00000000 00:00 0 
7f12e8ebd000-7f12e8fbb000 rw-p 00000000 00:00 0 
7f12e8fbb000-7f12e8fbe000 ---p 00000000 00:00 0 
7f12e8fbe000-7f12e90bc000 rw-p 00000000 00:00 0                          [stack:10634]
7f12e90bc000-7f12e90d3000 r-xp 00000000 08:06 15602148                   /lib/x86_64-linux-gnu/libresolv-2.19.so
7f12e90d3000-7f12e92d3000 ---p 00017000 08:06 15602148                   /lib/x86_64-linux-gnu/libresolv-2.19.so
7f12e92d3000-7f12e92d4000 r--p 00017000 08:06 15602148                   /lib/x86_64-linux-gnu/libresolv-2.19.so
7f12e92d4000-7f12e92d5000 rw-p 00018000 08:06 15602148                   /lib/x86_64-linux-gnu/libresolv-2.19.so
7f12e92d5000-7f12e92d7000 rw-p 00000000 00:00 0 
7f12e92d7000-7f12e92dc000 r-xp 00000000 08:06 15602324                   /lib/x86_64-linux-gnu/libnss_dns-2.19.so
7f12e92dc000-7f12e94db000 ---p 00005000 08:06 15602324                   /lib/x86_64-linux-gnu/libnss_dns-2.19.so
7f12e94db000-7f12e94dc000 r--p 00004000 08:06 15602324                   /lib/x86_64-linux-gnu/libnss_dns-2.19.so
7f12e94dc000-7f12e94dd000 rw-p 00005000 08:06 15602324                   /lib/x86_64-linux-gnu/libnss_dns-2.19.so
7f12e94dd000-7f12e94df000 r-xp 00000000 08:06 15601607                   /lib/x86_64-linux-gnu/libnss_mdns4_minimal.so.2
7f12e94df000-7f12e96de000 ---p 00002000 08:06 15601607                   /lib/x86_64-linux-gnu/libnss_mdns4_minimal.so.2
7f12e96de000-7f12e96df000 r--p 00001000 08:06 15601607                   /lib/x86_64-linux-gnu/libnss_mdns4_minimal.so.2
7f12e96df000-7f12e96e0000 rw-p 00002000 08:06 15601607                   /lib/x86_64-linux-gnu/libnss_mdns4_minimal.so.2
7f12e96e0000-7f12e98e0000 rw-p 00000000 00:00 0 
7f12e98e0000-7f12e98e3000 ---p 00000000 00:00 0 
7f12e98e3000-7f12e99e1000 rw-p 00000000 00:00 0                          [stack:10633]
7f12e99e1000-7f12e99e4000 ---p 00000000 00:00 0 
7f12e99e4000-7f12e9ae2000 rw-p 00000000 00:00 0                          [stack:10632]
7f12e9ae2000-7f12e9ae5000 ---p 00000000 00:00 0 
7f12e9ae5000-7f12e9be3000 rw-p 00000000 00:00 0                          [stack:10631]
7f12e9be3000-7f12e9be6000 ---p 00000000 00:00 0 
7f12e9be6000-7f12e9ee4000 rw-p 00000000 00:00 0                          [stack:10630]
7f12e9ee4000-7f12e9ee7000 ---p 00000000 00:00 0 
7f12e9ee7000-7f12e9fe5000 rw-p 00000000 00:00 0 
7f12e9fe5000-7f12e9fe8000 ---p 00000000 00:00 0 
7f12e9fe8000-7f12ea2e6000 rw-p 00000000 00:00 0 
7f12ea2e6000-7f12ea2e9000 ---p 00000000 00:00 0 
7f12ea2e9000-7f12ea3e7000 rw-p 00000000 00:00 0 
7f12ea3e7000-7f12ea3ea000 ---p 00000000 00:00 0 
7f12ea3ea000-7f12ea4e8000 rw-p 00000000 00:00 0 
7f12ea4e8000-7f12ea4eb000 ---p 00000000 00:00 0 
7f12ea4eb000-7f12ea5e9000 rw-p 00000000 00:00 0 
7f12ea5e9000-7f12ea5ec000 ---p 00000000 00:00 0 
7f12ea5ec000-7f12ea6ea000 rw-p 00000000 00:00 0 
7f12ea6ea000-7f12ea6ed000 ---p 00000000 00:00 0 
7f12ea6ed000-7f12ea7eb000 rw-p 00000000 00:00 0 
7f12ea7eb000-7f12ea7ee000 ---p 00000000 00:00 0 
7f12ea7ee000-7f12ea8ec000 rw-p 00000000 00:00 0 
7f12ea8ec000-7f12ea8ef000 ---p 00000000 00:00 0 
7f12ea8ef000-7f12ea9ed000 rw-p 00000000 00:00 0 
7f12ea9ed000-7f12ea9f0000 ---p 00000000 00:00 0 
7f12ea9f0000-7f12eaaee000 rw-p 00000000 00:00 0 
7f12eaaee000-7f12eaaf1000 ---p 00000000 00:00 0 
7f12eaaf1000-7f12eadef000 rw-p 00000000 00:00 0 
7f12eadef000-7f12eafef000 rw-p 00000000 00:00 0 
7f12eb0fd000-7f12eb2fd000 rw-p 00000000 00:00 0 
7f12eb2fd000-7f12eb4fd000 rw-p 00000000 00:00 0 
7f12eb4fd000-7f12eb6fd000 rw-p 00000000 00:00 0 
7f12eb6fd000-7f12eb700000 ---p 00000000 00:00 0 
7f12eb700000-7f12eb9fe000 rw-p 00000000 00:00 0 
7f12eb9fe000-7f12ebbfe000 rw-p 00000000 00:00 0 
7f12ebbfe000-7f12ebdfe000 rw-p 00000000 00:00 0 
7f12ec000000-7f12ec021000 rw-p 00000000 00:00 0 
7f12ec021000-7f12f0000000 ---p 00000000 00:00 0 
7f12f0000000-7f12f1065000 rw-p 00000000 00:00 0 
7f12f1065000-7f12f4000000 ---p 00000000 00:00 0 
7f12f4000000-7f12f4021000 rw-p 00000000 00:00 0 
7f12f4021000-7f12f8000000 ---p 00000000 00:00 0 
7f12f8000000-7f12f8021000 rw-p 00000000 00:00 0 
7f12f8021000-7f12fc000000 ---p 00000000 00:00 0 
7f12fc000000-7f12fc021000 rw-p 00000000 00:00 0 
7f12fc021000-7f1300000000 ---p 00000000 00:00 0 
7f1300000000-7f1300021000 rw-p 00000000 00:00 0 
7f1300021000-7f1304000000 ---p 00000000 00:00 0 
7f1304000000-7f1304021000 rw-p 00000000 00:00 0 
7f1304021000-7f1308000000 ---p 00000000 00:00 0 
7f1308000000-7f13080d7000 rw-p 00000000 00:00 0 
7f13080d7000-7f130c000000 ---p 00000000 00:00 0 
7f130c000000-7f130c021000 rw-p 00000000 00:00 0 
7f130c021000-7f1310000000 ---p 00000000 00:00 0 
7f1310000000-7f1310021000 rw-p 00000000 00:00 0 
7f1310021000-7f1314000000 ---p 00000000 00:00 0 
7f1314000000-7f1314124000 rw-p 00000000 00:00 0 
7f1314124000-7f1318000000 ---p 00000000 00:00 0 
7f1318000000-7f1318021000 rw-p 00000000 00:00 0 
7f1318021000-7f131c000000 ---p 00000000 00:00 0 
7f131c000000-7f131c021000 rw-p 00000000 00:00 0 
7f131c021000-7f1320000000 ---p 00000000 00:00 0 
7f1320000000-7f1320021000 rw-p 00000000 00:00 0 
7f1320021000-7f1324000000 ---p 00000000 00:00 0 
7f1324000000-7f132457e000 rw-p 00000000 00:00 0 
7f132457e000-7f1328000000 ---p 00000000 00:00 0 
7f1328000000-7f1328021000 rw-p 00000000 00:00 0 
7f1328021000-7f132c000000 ---p 00000000 00:00 0 
7f132c000000-7f132c021000 rw-p 00000000 00:00 0 
7f132c021000-7f1330000000 ---p 00000000 00:00 0 
7f1330000000-7f1330021000 rw-p 00000000 00:00 0 
7f1330021000-7f1334000000 ---p 00000000 00:00 0 
7f1334000000-7f1334021000 rw-p 00000000 00:00 0 
7f1334021000-7f1338000000 ---p 00000000 00:00 0 
7f1338000000-7f1338021000 rw-p 00000000 00:00 0 
7f1338021000-7f133c000000 ---p 00000000 00:00 0 
7f133c000000-7f133c021000 rw-p 00000000 00:00 0 
7f133c021000-7f1340000000 ---p 00000000 00:00 0 
7f1340029000-7f1340030000 r--s 00000000 08:06 15863595                   /usr/lib/x86_64-linux-gnu/gconv/gconv-modules.cache
7f1340030000-7f1340033000 ---p 00000000 00:00 0 
7f1340033000-7f1340131000 rw-p 00000000 00:00 0 
7f1340131000-7f1340133000 r--s 00003000 08:06 659381                     /usr/local/development/dev-7-7/Ignition/IgnitionWebApp/src/main/home/temp/sfc-gateway-api162341769114380132.jar
7f1340133000-7f1340136000 r--s 00019000 08:06 659380                     /usr/local/development/dev-7-7/Ignition/IgnitionWebApp/src/main/home/temp/sfc-gateway4281395713647860695.jar
7f1340136000-7f1340139000 r--s 00016000 08:06 659379                     /usr/local/development/dev-7-7/Ignition/IgnitionWebApp/src/main/home/temp/sfc-common6197007207570480424.jar
7f1340139000-7f134013d000 r--s 000be000 08:06 658865                     /usr/local/development/dev-7-7/Ignition/IgnitionWebApp/src/main/home/temp/vis-gateway1836122790810772.jar
7f134013d000-7f1340145000 r--s 0009e000 08:06 657830                     /usr/local/development/dev-7-7/Ignition/IgnitionWebApp/src/main/home/temp/secsgem-gateway624791886743624263.jar
7f1340145000-7f1340148000 ---p 00000000 00:00 0 
7f1340148000-7f1340246000 rw-p 00000000 00:00 0 
7f1340246000-7f1340249000 ---p 00000000 00:00 0 
7f1340249000-7f1340347000 rw-p 00000000 00:00 0                          [stack:10616]
7f1340347000-7f134034a000 ---p 00000000 00:00 0 
7f134034a000-7f1340648000 rw-p 00000000 00:00 0                          [stack:10610]
7f1340648000-7f134065b000 r--s 00345000 08:06 20582253                   /usr/lib/jvm/jdk1.8.0_20/jre/lib/resources.jar
7f134065b000-7f134065e000 ---p 00000000 00:00 0 
7f134065e000-7f134095d000 rw-p 00000000 00:00 0 
7f134095d000-7f134095e000 r--s 00002000 08:06 658870                     /usr/local/development/dev-7-7/Ignition/IgnitionWebApp/src/main/home/temp/vis-common8089764998431323664.jar
7f134095e000-7f134095f000 r--s 00004000 08:06 658859                     /usr/local/development/dev-7-7/Ignition/IgnitionWebApp/src/main/home/temp/secsgem-shared2109405534360046883.jar
7f134095f000-7f1340960000 r--s 00000000 08:06 2365020                    /usr/local/development/dev-7-7/Ignition/IgnitionWebApp/target/ignition-webapp-7.7/WEB-INF/lib/xopc-common-2.7.2-20141104.213412-19.jar
7f1340960000-7f1340978000 r--s 000f7000 08:06 2365016                    /usr/local/development/dev-7-7/Ignition/IgnitionWebApp/target/ignition-webapp-7.7/WEB-INF/lib/xopc-2.7.2-20141104.213433-19.jar
7f1340978000-7f1340985000 r--s 000a0000 08:06 2365222                    /usr/local/development/dev-7-7/Ignition/IgnitionWebApp/target/ignition-webapp-7.7/WEB-INF/lib/winpack-3.8.3.jar
7f1340985000-7f134098f000 r--s 0005c000 08:06 2364945                    /usr/local/development/dev-7-7/Ignition/IgnitionWebApp/target/ignition-webapp-7.7/WEB-INF/lib/wicket-util-6.1.1.jar
7f134098f000-7f1340992000 r--s 00012000 08:06 2364946                    /usr/local/development/dev-7-7/Ignition/IgnitionWebApp/target/ignition-webapp-7.7/WEB-INF/lib/wicket-request-6.1.1.jar
7f1340992000-7f13409a4000 r--s 00138000 08:06 2364948                    /usr/local/development/dev-7-7/Ignition/IgnitionWebApp/target/ignition-webapp-7.7/WEB-INF/lib/wicket-extensions-6.1.1.jar
7f13409a4000-7f13409a7000 r--s 00038000 08:06 2364947                    /usr/local/development/dev-7-7/Ignition/IgnitionWebApp/target/ignition-webapp-7.7/WEB-INF/lib/wicket-datetime-6.1.1.jar
7f13409a7000-7f13409ca000 r--s 001a3000 08:06 2364944                    /usr/local/development/dev-7-7/Ignition/IgnitionWebApp/target/ignition-webapp-7.7/WEB-INF/lib/wicket-core-6.1.1.jar
7f13409ca000-7f13409cc000 r--s 0012e000 08:06 2365207                    /usr/local/development/dev-7-7/Ignition/IgnitionWebApp/target/ignition-webapp-7.7/WEB-INF/lib/voice-cmu-slt-hsmm-5.0.jar
7f13409cc000-7f13409cd000 r--s 00006000 08:06 2365022                    /usr/local/development/dev-7-7/Ignition/IgnitionWebApp/target/ignition-webapp-7.7/WEB-INF/lib/user-manual-module-1.7.0-20131026.004611-6.jar
7f13409cd000-7f13409ce000 r--s 00268000 08:06 2365208                    /usr/local/development/dev-7-7/Ignition/IgnitionWebApp/target/ignition-webapp-7.7/WEB-INF/lib/ttsengine-ivona-2.7.2-20141104.214148-19.jar
7f13409ce000-7f13409d1000 r--s 00017000 08:06 2365002                    /usr/local/development/dev-7-7/Ignition/IgnitionWebApp/target/ignition-webapp-7.7/WEB-INF/lib/timingframework-1.0.jar
7f13409d1000-7f13409d3000 r--s 00001000 08:06 2364734                    /usr/local/development/dev-7-7/Ignition/IgnitionWebApp/target/ignition-webapp-7.7/WEB-INF/lib/slf4j-log4j12-1.7.5.jar
7f13409d3000-7f13409d5000 r--s 00005000 08:06 2364733                    /usr/local/development/dev-7-7/Ignition/IgnitionWebApp/target/ignition-webapp-7.7/WEB-INF/lib/slf4j-api-1.7.5.jar
7f13409d5000-7f13409df000 r--s 00061000 08:06 2365204                    /usr/local/development/dev-7-7/Ignition/IgnitionWebApp/target/ignition-webapp-7.7/WEB-INF/lib/sip-notification-2.7.2-20141104.214142-19.jar
7f13409df000-7f13409e2000 r--s 0001f000 08:06 4198523                    /usr/local/development/dev-7-7/Ignition/IgnitionWebApp/target/ignition-webapp-7.7/WEB-INF/lib/simple-orm-7.7.2-SNAPSHOT.jar
7f13409e2000-7f13409e4000 r--s 00003000 08:06 2365213                    /usr/local/development/dev-7-7/Ignition/IgnitionWebApp/target/ignition-webapp-7.7/WEB-INF/lib/sfc-gateway-api-1.7.1-SNAPSHOT.jar
7f13409e4000-7f13409e7000 r--s 00019000 08:06 2365212                    /usr/local/development/dev-7-7/Ignition/IgnitionWebApp/target/ignition-webapp-7.7/WEB-INF/lib/sfc-gateway-1.7.1-SNAPSHOT.jar
7f13409e7000-7f13409ea000 r--s 00016000 08:06 2365214                    /usr/local/development/dev-7-7/Ignition/IgnitionWebApp/target/ignition-webapp-7.7/WEB-INF/lib/sfc-common-1.7.1-SNAPSHOT.jar
7f13409ea000-7f13409ec000 r--s 0000f000 08:06 2365217                    /usr/local/development/dev-7-7/Ignition/IgnitionWebApp/target/ignition-webapp-7.7/WEB-INF/lib/serialio-8.7.0.jar
7f13409ec000-7f13409ee000 r--s 00028000 08:06 2365215                    /usr/local/development/dev-7-7/Ignition/IgnitionWebApp/target/ignition-webapp-7.7/WEB-INF/lib/serial-support-gateway-2.7.2-20141104.214033-19.jar
7f13409ee000-7f13409f0000 r--s 00002000 08:06 2365216                    /usr/local/development/dev-7-7/Ignition/IgnitionWebApp/target/ignition-webapp-7.7/WEB-INF/lib/serial-support-common-2.7.2-20141104.214027-19.jar
7f13409f0000-7f13409f5000 r--s 0003e000 08:06 2364955                    /usr/local/development/dev-7-7/Ignition/IgnitionWebApp/target/ignition-webapp-7.7/WEB-INF/lib/saaj-impl-1.3.jar
7f13409f5000-7f13409f7000 r--s 00003000 08:06 2364956                    /usr/local/development/dev-7-7/Ignition/IgnitionWebApp/target/ignition-webapp-7.7/WEB-INF/lib/saaj-api-1.3.jar
7f13409f7000-7f1340a01000 r--s 0005c000 08:06 2365219                    /usr/local/development/dev-7-7/Ignition/IgnitionWebApp/target/ignition-webapp-7.7/WEB-INF/lib/opccom-gateway-2.7.2-20141104.213642-1.jar
7f1340a01000-7f1340a02000 r--s 00001000 08:06 2365218                    /usr/local/development/dev-7-7/Ignition/IgnitionWebApp/target/ignition-webapp-7.7/WEB-INF/lib/opccom-common-2.7.2-20141104.213635-1.jar
7f1340a02000-7f1340a07000 r--s 00086000 08:06 2365210                    /usr/local/development/dev-7-7/Ignition/IgnitionWebApp/target/ignition-webapp-7.7/WEB-INF/lib/mobile-gateway-2.7.2-20141104.213623-19.jar
7f1340a07000-7f1340a09000 r--s 00002000 08:06 2365211                    /usr/local/development/dev-7-7/Ignition/IgnitionWebApp/target/ignition-webapp-7.7/WEB-INF/lib/mobile-common-2.7.2-20141104.213605-19.jar
7f1340a09000-7f1340a0a000 r--s 00003000 08:06 2365006                    /usr/local/development/dev-7-7/Ignition/IgnitionWebApp/target/ignition-webapp-7.7/WEB-INF/lib/miglayout-swing-4.2.jar
7f1340a0a000-7f1340a0c000 r--s 0000f000 08:06 2365007                    /usr/local/development/dev-7-7/Ignition/IgnitionWebApp/target/ignition-webapp-7.7/WEB-INF/lib/miglayout-core-4.2.jar
7f1340a0c000-7f1340a0f000 r--s 00012000 08:06 2364935                    /usr/local/development/dev-7-7/Ignition/IgnitionWebApp/target/ignition-webapp-7.7/WEB-INF/lib/metrics-core-3.0.1.jar
7f1340a0f000-7f1340a7e000 r--s 007bb000 08:06 2365205                    /usr/local/development/dev-7-7/Ignition/IgnitionWebApp/target/ignition-webapp-7.7/WEB-INF/lib/marytts-server-5.0.jar
7f1340a7e000-7f1340a81000 r--s 0069c000 08:06 2365206                    /usr/local/development/dev-7-7/Ignition/IgnitionWebApp/target/ignition-webapp-7.7/WEB-INF/lib/marytts-lang-en-5.0.jar
7f1340a81000-7f1340a89000 r--s 00075000 08:06 2364951                    /usr/local/development/dev-7-7/Ignition/IgnitionWebApp/target/ignition-webapp-7.7/WEB-INF/lib/mail-1.4.5.jar
7f1340a89000-7f1340a90000 r--s 00059000 08:06 2364732                    /usr/local/development/dev-7-7/Ignition/IgnitionWebApp/target/ignition-webapp-7.7/WEB-INF/lib/log4j-1.2.15.jar
7f1340a90000-7f1340b2d000 r--s 0082e000 08:06 2364728                    /usr/local/development/dev-7-7/Ignition/IgnitionWebApp/target/ignition-webapp-7.7/WEB-INF/lib/jython-2.5.3-guava-upgrade.jar
7f1340b2d000-7f1340b2e000 r--s 00001000 08:06 2364765                    /usr/local/development/dev-7-7/Ignition/IgnitionWebApp/target/ignition-webapp-7.7/WEB-INF/lib/jul-to-slf4j-1.7.5.jar
7f1340b2e000-7f1340b34000 r--s 00036000 08:06 2364949                    /usr/local/development/dev-7-7/Ignition/IgnitionWebApp/target/ignition-webapp-7.7/WEB-INF/lib/jquery-ui-core-6.1.0.jar
7f1340b34000-7f1340b43000 r--s 0007c000 08:06 2364936                    /usr/local/development/dev-7-7/Ignition/IgnitionWebApp/target/ignition-webapp-7.7/WEB-INF/lib/joda-time-2.0.jar
7f1340b43000-7f1340b47000 r--s 00037000 08:06 2365221                    /usr/local/development/dev-7-7/Ignition/IgnitionWebApp/target/ignition-webapp-7.7/WEB-INF/lib/jniwrap-3.8.3.jar
7f1340b47000-7f1340b49000 r--s 00011000 08:06 2365015                    /usr/local/development/dev-7-7/Ignition/IgnitionWebApp/target/ignition-webapp-7.7/WEB-INF/lib/jide-shortcut-3.5.13.jar
7f1340b49000-7f1340b4d000 r--s 00022000 08:06 2365010                    /usr/local/development/dev-7-7/Ignition/IgnitionWebApp/target/ignition-webapp-7.7/WEB-INF/lib/jide-plaf-3.5.13.jar
7f1340b4d000-7f1340b73000 r--s 001da000 08:06 2365009                    /usr/local/development/dev-7-7/Ignition/IgnitionWebApp/target/ignition-webapp-7.7/WEB-INF/lib/jide-grids-3.5.13.jar
7f1340b73000-7f1340b7d000 r--s 00061000 08:06 2365014                    /usr/local/development/dev-7-7/Ignition/IgnitionWebApp/target/ignition-webapp-7.7/WEB-INF/lib/jide-editor-3.5.13.jar
7f1340b7d000-7f1340b83000 r--s 0004f000 08:06 2365013                    /usr/local/development/dev-7-7/Ignition/IgnitionWebApp/target/ignition-webapp-7.7/WEB-INF/lib/jide-dock-3.5.13.jar
7f1340b83000-7f1340b85000 r--s 0000c000 08:06 2365012                    /usr/local/development/dev-7-7/Ignition/IgnitionWebApp/target/ignition-webapp-7.7/WEB-INF/lib/jide-dialogs-3.5.13.jar
7f1340b85000-7f1340b8d000 r--s 00055000 08:06 2365008                    /usr/local/development/dev-7-7/Ignition/IgnitionWebApp/target/ignition-webapp-7.7/WEB-INF/lib/jide-components-3.5.13.jar
7f1340b8d000-7f1340baa000 r--s 00155000 08:06 2364766                    /usr/local/development/dev-7-7/Ignition/IgnitionWebApp/target/ignition-webapp-7.7/WEB-INF/lib/jide-common-3.5.13.jar
7f1340baa000-7f1340baf000 r--s 0002f000 08:06 2365011                    /usr/local/development/dev-7-7/Ignition/IgnitionWebApp/target/ignition-webapp-7.7/WEB-INF/lib/jide-action-3.5.13.jar
7f1340baf000-7f1340bc3000 r--s 0017c000 08:06 2365004                    /usr/local/development/dev-7-7/Ignition/IgnitionWebApp/target/ignition-webapp-7.7/WEB-INF/lib/jfreechart-min-1.0.0.jar
7f1340bc3000-7f1340bc5000 r--s 00004000 08:06 2364991                    /usr/local/development/dev-7-7/Ignition/IgnitionWebApp/target/ignition-webapp-7.7/WEB-INF/lib/jaxrpc-spi-1.1.3_01.jar
7f1340bc5000-7f1340be2000 r--s 001ea000 08:06 2364953                    /usr/local/development/dev-7-7/Ignition/IgnitionWebApp/target/ignition-webapp-7.7/WEB-INF/lib/jaxrpc-impl-1.1.3_01.jar
7f1340be2000-7f1340be4000 r--s 00005000 08:06 2364954                    /usr/local/development/dev-7-7/Ignition/IgnitionWebApp/target/ignition-webapp-7.7/WEB-INF/lib/jaxrpc-api-1.1.jar
7f1340be4000-7f1340be6000 r--s 00013000 08:06 2364730                    /usr/local/development/dev-7-7/Ignition/IgnitionWebApp/target/ignition-webapp-7.7/WEB-INF/lib/java-cup-10k.jar
7f1340be6000-7f1340be7000 r--s 00003000 08:06 2365209                    /usr/local/development/dev-7-7/Ignition/IgnitionWebApp/target/ignition-webapp-7.7/WEB-INF/lib/ivonatts-1.0.0.jar
7f1340be7000-7f1340be9000 r--s 00001000 08:06 2365019                    /usr/local/development/dev-7-7/Ignition/IgnitionWebApp/target/ignition-webapp-7.7/WEB-INF/lib/io-session-3.0.0-20130122.214435-9.jar
7f1340be9000-7f1340bf4000 r--s 00073000 08:06 2365018                    /usr/local/development/dev-7-7/Ignition/IgnitionWebApp/target/ignition-webapp-7.7/WEB-INF/lib/ia-opcua-2.7.2-20141104.213404-19.jar
7f1340bf4000-7f1340c02000 r--s 0014e000 08:06 2364950                    /usr/local/development/dev-7-7/Ignition/IgnitionWebApp/target/ignition-webapp-7.7/WEB-INF/lib/hsqldb-2.2.9.jar
7f1340c02000-7f1340c03000 r--s 00001000 08:06 2365000                    /usr/local/development/dev-7-7/Ignition/IgnitionWebApp/target/ignition-webapp-7.7/WEB-INF/lib/hasp-srm-api-1.0.0.jar
7f1340c03000-7f1340c27000 r--s 001aa000 08:06 2364726                    /usr/local/development/dev-7-7/Ignition/IgnitionWebApp/target/ignition-webapp-7.7/WEB-INF/lib/guava-13.0.1.jar
7f1340c27000-7f1340c4c000 r--s 00155000 08:06 4198538                    /usr/local/development/dev-7-7/Ignition/IgnitionWebApp/target/ignition-webapp-7.7/WEB-INF/lib/gateway-api-7.7.2-SNAPSHOT.jar
7f1340c4c000-7f1340c81000 r--s 00273000 08:06 4198524                    /usr/local/development/dev-7-7/Ignition/IgnitionWebApp/target/ignition-webapp-7.7/WEB-INF/lib/gateway-7.7.2-SNAPSHOT.jar
7f1340c81000-7f1340c85000 r--s 00016000 08:06 2365023                    /usr/local/development/dev-7-7/Ignition/IgnitionWebApp/target/ignition-webapp-7.7/WEB-INF/lib/fsql-common-6.7.2-20141104.213458-19.jar
7f1340c85000-7f1340c8d000 r--s 001ca000 08:06 2365024                    /usr/local/development/dev-7-7/Ignition/IgnitionWebApp/target/ignition-webapp-7.7/WEB-INF/lib/fsql-6.7.2-20141104.213508-19.jar
7f1340c8d000-7f1340c91000 r--s 000be000 08:06 4198129                    /usr/local/development/dev-7-7/Ignition/IgnitionWebApp/target/ignition-webapp-7.7/WEB-INF/lib/fpmi-gateway-7.7.2-SNAPSHOT.jar
7f1340c91000-7f1340c92000 r--s 00001000 08:06 4198528                    /usr/local/development/dev-7-7/Ignition/IgnitionWebApp/target/ignition-webapp-7.7/WEB-INF/lib/fpmi-common-7.7.2-SNAPSHOT.jar
7f1340c92000-7f1340c95000 r--s 00013000 08:06 2365003                    /usr/local/development/dev-7-7/Ignition/IgnitionWebApp/target/ignition-webapp-7.7/WEB-INF/lib/forms-1.0.7.jar
7f1340c95000-7f1340c97000 r--s 00003000 08:06 2365021                    /usr/local/development/dev-7-7/Ignition/IgnitionWebApp/target/ignition-webapp-7.7/WEB-INF/lib/drivers-common-2.7.2-20141104.213438-19.jar
7f1340c97000-7f1340c9e000 r--s 0002f000 08:06 2365017                    /usr/local/development/dev-7-7/Ignition/IgnitionWebApp/target/ignition-webapp-7.7/WEB-INF/lib/driver-api-2.7.2-20141104.213410-19.jar
7f1340c9e000-7f1340cf4000 r--s 00512000 08:06 4198539                    /usr/local/development/dev-7-7/Ignition/IgnitionWebApp/target/ignition-webapp-7.7/WEB-INF/lib/designer-7.7.2-SNAPSHOT.jar
7f1340cf4000-7f1340cf6000 r--s 00007000 08:06 2364731                    /usr/local/development/dev-7-7/Ignition/IgnitionWebApp/target/ignition-webapp-7.7/WEB-INF/lib/cron4j-2.2.3.jar
7f1340cf6000-7f1340cfd000 r--s 00054000 08:06 2364729                    /usr/local/development/dev-7-7/Ignition/IgnitionWebApp/target/ignition-webapp-7.7/WEB-INF/lib/core-1.7.jar
7f1340cfd000-7f1340d00000 r--s 00013000 08:06 2364999                    /usr/local/development/dev-7-7/Ignition/IgnitionWebApp/target/ignition-webapp-7.7/WEB-INF/lib/commons-pool-1.4.jar
7f1340d00000-7f1340d02000 r--s 0000d000 08:06 2364941                    /usr/local/development/dev-7-7/Ignition/IgnitionWebApp/target/ignition-webapp-7.7/WEB-INF/lib/commons-logging-1.1.1.jar
7f1340d02000-7f1340d08000 r--s 00048000 08:06 2364723                    /usr/local/development/dev-7-7/Ignition/IgnitionWebApp/target/ignition-webapp-7.7/WEB-INF/lib/commons-lang3-3.1.jar
7f1340d08000-7f1340d0a000 r--s 0000e000 08:06 2364942                    /usr/local/development/dev-7-7/Ignition/IgnitionWebApp/target/ignition-webapp-7.7/WEB-INF/lib/commons-lang-1.0.jar
7f1340d0a000-7f1340d0d000 r--s 00025000 08:06 2364722                    /usr/local/development/dev-7-7/Ignition/IgnitionWebApp/target/ignition-webapp-7.7/WEB-INF/lib/commons-io-2.1.jar
7f1340d0d000-7f1340d10000 r--s 0000f000 08:06 2364997                    /usr/local/development/dev-7-7/Ignition/IgnitionWebApp/target/ignition-webapp-7.7/WEB-INF/lib/commons-discovery-0.2.jar
7f1340d10000-7f1340d12000 r--s 0001c000 08:06 2364998                    /usr/local/development/dev-7-7/Ignition/IgnitionWebApp/target/ignition-webapp-7.7/WEB-INF/lib/commons-dbcp-1.2.2.jar
7f1340d12000-7f1340d14000 r--s 00006000 08:06 2364940                    /usr/local/development/dev-7-7/Ignition/IgnitionWebApp/target/ignition-webapp-7.7/WEB-INF/lib/commons-cli-1.0.jar
7f1340d14000-7f1340d45000 r--s 001ea000 08:06 4198540                    /usr/local/development/dev-7-7/Ignition/IgnitionWebApp/target/ignition-webapp-7.7/WEB-INF/lib/common-7.7.2-SNAPSHOT.jar
7f1340d45000-7f1340d52000 r--s 00084000 08:06 2365220                    /usr/local/development/dev-7-7/Ignition/IgnitionWebApp/target/ignition-webapp-7.7/WEB-INF/lib/comfyj-2.9.jar
7f1340d52000-7f1340d57000 r--s 00030000 08:06 4198529                    /usr/local/development/dev-7-7/Ignition/IgnitionWebApp/target/ignition-webapp-7.7/WEB-INF/lib/client-bootstrap-7.7.2-SNAPSHOT.jar
7f1340d57000-7f1340d7d000 r--s 001be000 08:06 4198525                    /usr/local/development/dev-7-7/Ignition/IgnitionWebApp/target/ignition-webapp-7.7/WEB-INF/lib/client-api-7.7.2-SNAPSHOT.jar
7f1340d7d000-7f1340d7e000 r--s 00004000 08:06 4198527                    /usr/local/development/dev-7-7/Ignition/IgnitionWebApp/target/ignition-webapp-7.7/WEB-INF/lib/bootstrap-7.7.2-SNAPSHOT-classes.jar
7f1340d7e000-7f1340da6000 r--s 00196000 08:06 2364727                    /usr/local/development/dev-7-7/Ignition/IgnitionWebApp/target/ignition-webapp-7.7/WEB-INF/lib/bcprov-jdk16-unsigned-1.46-unsigned.jar
7f1340da6000-7f1340dab000 r--s 0003e000 08:06 2364938                    /usr/local/development/dev-7-7/Ignition/IgnitionWebApp/target/ignition-webapp-7.7/WEB-INF/lib/barcode4j-2.1.jar
7f1340dab000-7f1340dae000 r--s 0001c000 08:06 2364996                    /usr/local/development/dev-7-7/Ignition/IgnitionWebApp/target/ignition-webapp-7.7/WEB-INF/lib/axis-wsdl4j-1.5.1.jar
7f1340dae000-7f1340daf000 r--s 00004000 08:06 2364995                    /usr/local/development/dev-7-7/Ignition/IgnitionWebApp/target/ignition-webapp-7.7/WEB-INF/lib/axis-saaj-1.4.jar
7f1340daf000-7f1340db1000 r--s 00006000 08:06 2364994                    /usr/local/development/dev-7-7/Ignition/IgnitionWebApp/target/ignition-webapp-7.7/WEB-INF/lib/axis-jaxrpc-1.4.jar
7f1340db1000-7f1340dc5000 r--s 00173000 08:06 2364993                    /usr/local/development/dev-7-7/Ignition/IgnitionWebApp/target/ignition-webapp-7.7/WEB-INF/lib/axis-1.4.jar
7f1340dc5000-7f1340dc7000 r--s 0000d000 08:06 2364939                    /usr/local/development/dev-7-7/Ignition/IgnitionWebApp/target/ignition-webapp-7.7/WEB-INF/lib/avalon-framework-impl-4.2.0.jar
7f1340dc7000-7f1340dcf000 r--s 00049000 08:06 2365005                    /usr/local/development/dev-7-7/Ignition/IgnitionWebApp/target/ignition-webapp-7.7/WEB-INF/lib/alloy-1.4.4.ia1.jar
7f1340dcf000-7f1340dd1000 r--s 00003000 08:06 2365026                    /usr/local/development/dev-7-7/Ignition/IgnitionWebApp/target/ignition-webapp-7.7/WEB-INF/lib/alarm-notification-gateway-api-2.7.2-20141104.214105-19.jar
7f1340dd1000-7f1340dd7000 r--s 00032000 08:06 2365025                    /usr/local/development/dev-7-7/Ignition/IgnitionWebApp/target/ignition-webapp-7.7/WEB-INF/lib/alarm-notification-gateway-2.7.2-20141104.214111-19.jar
7f1340dd7000-7f1340dda000 ---p 00000000 00:00 0 
7f1340dda000-7f13410d8000 rw-p 00000000 00:00 0 
7f13410d8000-7f13410db000 ---p 00000000 00:00 0 
7f13410db000-7f13411d9000 rw-p 00000000 00:00 0                          [stack:10602]
7f13411d9000-7f13411dc000 ---p 00000000 00:00 0 
7f13411dc000-7f13412da000 rw-p 00000000 00:00 0                          [stack:10601]
7f13412da000-7f13412dd000 ---p 00000000 00:00 0 
7f13412dd000-7f13413db000 rw-p 00000000 00:00 0                          [stack:10600]
7f13413db000-7f13413de000 ---p 00000000 00:00 0 
7f13413de000-7f13414dc000 rw-p 00000000 00:00 0                          [stack:10599]
7f13414dc000-7f13414df000 ---p 00000000 00:00 0 
7f13414df000-7f13415dd000 rw-p 00000000 00:00 0                          [stack:10598]
7f13415dd000-7f13415e0000 ---p 00000000 00:00 0 
7f13415e0000-7f13416de000 rw-p 00000000 00:00 0                          [stack:10597]
7f13416de000-7f13416e1000 ---p 00000000 00:00 0 
7f13416e1000-7f13417df000 rw-p 00000000 00:00 0                          [stack:10670]
7f13417df000-7f13417f5000 r-xp 00000000 08:06 15602357                   /lib/x86_64-linux-gnu/libgcc_s.so.1
7f13417f5000-7f13419f4000 ---p 00016000 08:06 15602357                   /lib/x86_64-linux-gnu/libgcc_s.so.1
7f13419f4000-7f13419f5000 rw-p 00015000 08:06 15602357                   /lib/x86_64-linux-gnu/libgcc_s.so.1
7f13419f5000-7f1341a27000 r-xp 00000000 08:06 20582265                   /usr/lib/jvm/jdk1.8.0_20/jre/lib/amd64/libsunec.so
7f1341a27000-7f1341c26000 ---p 00032000 08:06 20582265                   /usr/lib/jvm/jdk1.8.0_20/jre/lib/amd64/libsunec.so
7f1341c26000-7f1341c2c000 rw-p 00031000 08:06 20582265                   /usr/lib/jvm/jdk1.8.0_20/jre/lib/amd64/libsunec.so
7f1341c2c000-7f1341e3c000 rw-p 00000000 00:00 0 
7f1341e3c000-7f1341e3f000 ---p 00000000 00:00 0 
7f1341e3f000-7f1341f3d000 rw-p 00000000 00:00 0                          [stack:10595]
7f1341f3d000-7f1341f42000 r-xp 00000000 08:06 15211194                   /usr/lib/x86_64-linux-gnu/libXdmcp.so.6.0.0
7f1341f42000-7f1342141000 ---p 00005000 08:06 15211194                   /usr/lib/x86_64-linux-gnu/libXdmcp.so.6.0.0
7f1342141000-7f1342142000 r--p 00004000 08:06 15211194                   /usr/lib/x86_64-linux-gnu/libXdmcp.so.6.0.0
7f1342142000-7f1342143000 rw-p 00005000 08:06 15211194                   /usr/lib/x86_64-linux-gnu/libXdmcp.so.6.0.0
7f1342143000-7f1342145000 r-xp 00000000 08:06 15211183                   /usr/lib/x86_64-linux-gnu/libXau.so.6.0.0
7f1342145000-7f1342345000 ---p 00002000 08:06 15211183                   /usr/lib/x86_64-linux-gnu/libXau.so.6.0.0
7f1342345000-7f1342346000 r--p 00002000 08:06 15211183                   /usr/lib/x86_64-linux-gnu/libXau.so.6.0.0
7f1342346000-7f1342347000 rw-p 00003000 08:06 15211183                   /usr/lib/x86_64-linux-gnu/libXau.so.6.0.0
7f1342347000-7f1342364000 r-xp 00000000 08:06 15212358                   /usr/lib/x86_64-linux-gnu/libxcb.so.1.1.0
7f1342364000-7f1342564000 ---p 0001d000 08:06 15212358                   /usr/lib/x86_64-linux-gnu/libxcb.so.1.1.0
7f1342564000-7f1342565000 r--p 0001d000 08:06 15212358                   /usr/lib/x86_64-linux-gnu/libxcb.so.1.1.0
7f1342565000-7f1342566000 rw-p 0001e000 08:06 15212358                   /usr/lib/x86_64-linux-gnu/libxcb.so.1.1.0
7f1342566000-7f1342575000 r-xp 00000000 08:06 15211204                   /usr/lib/x86_64-linux-gnu/libXi.so.6.1.0
7f1342575000-7f1342774000 ---p 0000f000 08:06 15211204                   /usr/lib/x86_64-linux-gnu/libXi.so.6.1.0
7f1342774000-7f1342775000 r--p 0000e000 08:06 15211204                   /usr/lib/x86_64-linux-gnu/libXi.so.6.1.0
7f1342775000-7f1342776000 rw-p 0000f000 08:06 15211204                   /usr/lib/x86_64-linux-gnu/libXi.so.6.1.0
7f1342776000-7f134277b000 r-xp 00000000 08:06 15211222                   /usr/lib/x86_64-linux-gnu/libXtst.so.6.1.0
7f134277b000-7f134297a000 ---p 00005000 08:06 15211222                   /usr/lib/x86_64-linux-gnu/libXtst.so.6.1.0
7f134297a000-7f134297b000 r--p 00004000 08:06 15211222                   /usr/lib/x86_64-linux-gnu/libXtst.so.6.1.0
7f134297b000-7f134297c000 rw-p 00005000 08:06 15211222                   /usr/lib/x86_64-linux-gnu/libXtst.so.6.1.0
7f134297c000-7f1342985000 r-xp 00000000 08:06 15211216                   /usr/lib/x86_64-linux-gnu/libXrender.so.1.3.0
7f1342985000-7f1342b84000 ---p 00009000 08:06 15211216                   /usr/lib/x86_64-linux-gnu/libXrender.so.1.3.0
7f1342b84000-7f1342b85000 r--p 00008000 08:06 15211216                   /usr/lib/x86_64-linux-gnu/libXrender.so.1.3.0
7f1342b85000-7f1342b86000 rw-p 00009000 08:06 15211216                   /usr/lib/x86_64-linux-gnu/libXrender.so.1.3.0
7f1342b86000-7f1342cb6000 r-xp 00000000 08:06 15211179                   /usr/lib/x86_64-linux-gnu/libX11.so.6.3.0
7f1342cb6000-7f1342eb6000 ---p 00130000 08:06 15211179                   /usr/lib/x86_64-linux-gnu/libX11.so.6.3.0
7f1342eb6000-7f1342eb7000 r--p 00130000 08:06 15211179                   /usr/lib/x86_64-linux-gnu/libX11.so.6.3.0
7f1342eb7000-7f1342ebb000 rw-p 00131000 08:06 15211179                   /usr/lib/x86_64-linux-gnu/libX11.so.6.3.0
7f1342ebb000-7f1342ecc000 r-xp 00000000 08:06 15211196                   /usr/lib/x86_64-linux-gnu/libXext.so.6.4.0
7f1342ecc000-7f13430cb000 ---p 00011000 08:06 15211196                   /usr/lib/x86_64-linux-gnu/libXext.so.6.4.0
7f13430cb000-7f13430cc000 r--p 00010000 08:06 15211196                   /usr/lib/x86_64-linux-gnu/libXext.so.6.4.0
7f13430cc000-7f13430cd000 rw-p 00011000 08:06 15211196                   /usr/lib/x86_64-linux-gnu/libXext.so.6.4.0
7f13430cd000-7f1343121000 r-xp 00000000 08:06 20582307                   /usr/lib/jvm/jdk1.8.0_20/jre/lib/amd64/libawt_xawt.so
7f1343121000-7f1343321000 ---p 00054000 08:06 20582307                   /usr/lib/jvm/jdk1.8.0_20/jre/lib/amd64/libawt_xawt.so
7f1343321000-7f1343325000 rw-p 00054000 08:06 20582307                   /usr/lib/jvm/jdk1.8.0_20/jre/lib/amd64/libawt_xawt.so
7f1343325000-7f1343326000 rw-p 00000000 00:00 0 
7f1343326000-7f13433c8000 r-xp 00000000 08:06 20582293                   /usr/lib/jvm/jdk1.8.0_20/jre/lib/amd64/libawt.so
7f13433c8000-7f13435c8000 ---p 000a2000 08:06 20582293                   /usr/lib/jvm/jdk1.8.0_20/jre/lib/amd64/libawt.so
7f13435c8000-7f13435d4000 rw-p 000a2000 08:06 20582293                   /usr/lib/jvm/jdk1.8.0_20/jre/lib/amd64/libawt.so
7f13435d4000-7f13435f8000 rw-p 00000000 00:00 0 
7f13435f8000-7f13435fb000 ---p 00000000 00:00 0 
7f13435fb000-7f13436f9000 rw-p 00000000 00:00 0                          [stack:10594]
7f13436f9000-7f13436fc000 ---p 00000000 00:00 0 
7f13436fc000-7f13437fa000 rw-p 00000000 00:00 0                          [stack:10591]
7f13437fa000-7f13437fd000 ---p 00000000 00:00 0 
7f13437fd000-7f1343afb000 rw-p 00000000 00:00 0                          [stack:10590]
7f1343afb000-7f1343afe000 ---p 00000000 00:00 0 
7f1343afe000-7f1343bfc000 rw-p 00000000 00:00 0                          [stack:10588]
7f1343bfc000-7f1343bfd000 ---p 00000000 00:00 0 
7f1343bfd000-7f1343cfd000 rw-p 00000000 00:00 0                          [stack:10586]
7f1343cfd000-7f1343d00000 ---p 00000000 00:00 0 
7f1343d00000-7f1343dfe000 rw-p 00000000 00:00 0                          [stack:10585]
7f1343dfe000-7f1343e01000 ---p 00000000 00:00 0 
7f1343e01000-7f1343eff000 rw-p 00000000 00:00 0                          [stack:10584]
7f1343eff000-7f1343f02000 ---p 00000000 00:00 0 
7f1343f02000-7f1344000000 rw-p 00000000 00:00 0                          [stack:10583]
7f1344000000-7f1344e1f000 rw-p 00000000 00:00 0 
7f1344e1f000-7f1348000000 ---p 00000000 00:00 0 
7f1348000000-7f1348021000 rw-p 00000000 00:00 0 
7f1348021000-7f134c000000 ---p 00000000 00:00 0 
7f134c000000-7f134d761000 rw-p 00000000 00:00 0 
7f134d761000-7f1350000000 ---p 00000000 00:00 0 
7f1350000000-7f1351ec8000 rw-p 00000000 00:00 0 
7f1351ec8000-7f1354000000 ---p 00000000 00:00 0 
7f1354000000-7f1354021000 rw-p 00000000 00:00 0 
7f1354021000-7f1358000000 ---p 00000000 00:00 0 
7f1358000000-7f135928e000 rw-p 00000000 00:00 0 
7f135928e000-7f135c000000 ---p 00000000 00:00 0 
7f135c000000-7f135c021000 rw-p 00000000 00:00 0 
7f135c021000-7f1360000000 ---p 00000000 00:00 0 
7f1360000000-7f13600b3000 rw-p 00000000 00:00 0 
7f13600b3000-7f1364000000 ---p 00000000 00:00 0 
7f1364000000-7f1364021000 rw-p 00000000 00:00 0 
7f1364021000-7f1368000000 ---p 00000000 00:00 0 
7f1368000000-7f1368021000 rw-p 00000000 00:00 0 
7f1368021000-7f136c000000 ---p 00000000 00:00 0 
7f136c000000-7f136c11a000 rw-p 00000000 00:00 0 
7f136c11a000-7f1370000000 ---p 00000000 00:00 0 
7f1370000000-7f1370021000 rw-p 00000000 00:00 0 
7f1370021000-7f1374000000 ---p 00000000 00:00 0 
7f1374000000-7f1374021000 rw-p 00000000 00:00 0 
7f1374021000-7f1378000000 ---p 00000000 00:00 0 
7f1378000000-7f1378002000 r--s 00004000 08:06 2365027                    /usr/local/development/dev-7-7/Ignition/IgnitionWebApp/target/ignition-webapp-7.7/WEB-INF/lib/alarm-notification-common-2.7.2-20141104.214053-19.jar
7f1378002000-7f137800c000 r--s 00036000 08:06 2365203                    /usr/local/development/dev-7-7/Ignition/IgnitionWebApp/target/ignition-webapp-7.7/WEB-INF/lib/airlink-sms-notification-2.7.2-20141104.214125-19.jar
7f137800c000-7f137800e000 r--s 0000d000 08:06 2365001                    /usr/local/development/dev-7-7/Ignition/IgnitionWebApp/target/ignition-webapp-7.7/WEB-INF/lib/activation-ws-1.0.0.jar
7f137800e000-7f1378010000 r--s 0000e000 08:06 2364952                    /usr/local/development/dev-7-7/Ignition/IgnitionWebApp/target/ignition-webapp-7.7/WEB-INF/lib/activation-1.1.jar
7f1378010000-7f1378019000 r--s 00069000 08:06 2365223                    /usr/local/development/dev-7-7/Ignition/IgnitionWebApp/target/ignition-webapp-7.7/WEB-INF/lib/ab-drivers-1.7.0-20131026.004154-8.jar
7f1378019000-7f137801e000 r--s 0003c000 08:06 2364992                    /usr/local/development/dev-7-7/Ignition/IgnitionWebApp/target/ignition-webapp-7.7/WEB-INF/lib/FastInfoset-1.0.2.jar
7f137801e000-7f1378023000 r--s 002f8000 08:06 20582247                   /usr/lib/jvm/jdk1.8.0_20/jre/lib/charsets.jar
7f1378023000-7f1378028000 r--s 0003f000 08:06 1185790                    /usr/lib/jvm/jdk1.8.0_20/jre/lib/ext/sunjce_provider.jar
7f1378028000-7f137802b000 r--s 0003a000 08:06 1185787                    /usr/lib/jvm/jdk1.8.0_20/jre/lib/ext/sunpkcs11.jar
7f137802b000-7f137802c000 r--s 00009000 08:06 1185781                    /usr/lib/jvm/jdk1.8.0_20/jre/lib/ext/sunec.jar
7f137802c000-7f137802e000 r--s 0001a000 08:06 20582317                   /usr/lib/jvm/jdk1.8.0_20/jre/lib/jce.jar
7f137802e000-7f1378038000 r--s 00116000 08:06 1185789                    /usr/lib/jvm/jdk1.8.0_20/jre/lib/ext/localedata.jar
7f1378038000-7f1378054000 r--s 00393000 08:06 1185783                    /usr/lib/jvm/jdk1.8.0_20/jre/lib/ext/cldrdata.jar
7f1378054000-7f1378057000 r--s 0000f000 08:06 19532219                   /usr/local/development/dev-7-6/Ignition/Servers/apache-tomcat-6.0.36/lib/tomcat-i18n-es.jar
7f1378057000-7f1378067000 r--s 0019c000 08:06 19532210                   /usr/local/development/dev-7-6/Ignition/Servers/apache-tomcat-6.0.36/lib/ecj-3.7.2.jar
7f1378067000-7f1378077000 r--s 00120000 08:06 19532209                   /usr/local/development/dev-7-6/Ignition/Servers/apache-tomcat-6.0.36/lib/catalina.jar
7f1378077000-7f1378088000 r-xp 00000000 08:06 20582303                   /usr/lib/jvm/jdk1.8.0_20/jre/lib/amd64/libnio.so
7f1378088000-7f1378287000 ---p 00011000 08:06 20582303                   /usr/lib/jvm/jdk1.8.0_20/jre/lib/amd64/libnio.so
7f1378287000-7f1378288000 rw-p 00010000 08:06 20582303                   /usr/lib/jvm/jdk1.8.0_20/jre/lib/amd64/libnio.so
7f1378288000-7f13782b9000 rw-p 00000000 00:00 0 
7f13782b9000-7f13782cf000 r-xp 00000000 08:06 20582300                   /usr/lib/jvm/jdk1.8.0_20/jre/lib/amd64/libnet.so
7f13782cf000-7f13784cf000 ---p 00016000 08:06 20582300                   /usr/lib/jvm/jdk1.8.0_20/jre/lib/amd64/libnet.so
7f13784cf000-7f13784d0000 rw-p 00016000 08:06 20582300                   /usr/lib/jvm/jdk1.8.0_20/jre/lib/amd64/libnet.so
7f13784d0000-7f13784d8000 r-xp 00000000 08:06 20582308                   /usr/lib/jvm/jdk1.8.0_20/jre/lib/amd64/libmanagement.so
7f13784d8000-7f13786d8000 ---p 00008000 08:06 20582308                   /usr/lib/jvm/jdk1.8.0_20/jre/lib/amd64/libmanagement.so
7f13786d8000-7f13786d9000 rw-p 00008000 08:06 20582308                   /usr/lib/jvm/jdk1.8.0_20/jre/lib/amd64/libmanagement.so
7f13786d9000-7f13786dc000 ---p 00000000 00:00 0 
7f13786dc000-7f13787da000 rw-p 00000000 00:00 0                          [stack:10582]
7f13787da000-7f13787dd000 ---p 00000000 00:00 0 
7f13787dd000-7f13788db000 rw-p 00000000 00:00 0                          [stack:10581]
7f13788db000-7f13788de000 ---p 00000000 00:00 0 
7f13788de000-7f13789dc000 rw-p 00000000 00:00 0                          [stack:10580]
7f13789dc000-7f13789df000 ---p 00000000 00:00 0 
7f13789df000-7f1378add000 rw-p 00000000 00:00 0                          [stack:10579]
7f1378add000-7f1378ae0000 ---p 00000000 00:00 0 
7f1378ae0000-7f1378bde000 rw-p 00000000 00:00 0                          [stack:10578]
7f1378bde000-7f1378be1000 ---p 00000000 00:00 0 
7f1378be1000-7f1378cdf000 rw-p 00000000 00:00 0 
7f1378cdf000-7f1378ce2000 ---p 00000000 00:00 0 
7f1378ce2000-7f1378de0000 rw-p 00000000 00:00 0                          [stack:10575]
7f1378de0000-7f1378de3000 ---p 00000000 00:00 0 
7f1378de3000-7f1378ee1000 rw-p 00000000 00:00 0                          [stack:10667]
7f1378ee1000-7f1378ee5000 r-xp 00000000 08:06 20582275                   /usr/lib/jvm/jdk1.8.0_20/jre/lib/amd64/libdt_socket.so
7f1378ee5000-7f13790e4000 ---p 00004000 08:06 20582275                   /usr/lib/jvm/jdk1.8.0_20/jre/lib/amd64/libdt_socket.so
7f13790e4000-7f13790e5000 rw-p 00003000 08:06 20582275                   /usr/lib/jvm/jdk1.8.0_20/jre/lib/amd64/libdt_socket.so
7f13790e5000-7f13790e8000 ---p 00000000 00:00 0 
7f13790e8000-7f13791e6000 rw-p 00000000 00:00 0                          [stack:10572]
7f13791e6000-7f13791e9000 ---p 00000000 00:00 0 
7f13791e9000-7f13792e7000 rw-p 00000000 00:00 0                          [stack:10571]
7f13792e7000-7f13792ea000 ---p 00000000 00:00 0 
7f13792ea000-7f13793e8000 rw-p 00000000 00:00 0                          [stack:10570]
7f13793e8000-7f13793e9000 ---p 00000000 00:00 0 
7f13793e9000-7f137b13a000 rw-p 00000000 00:00 0                          [stack:10569]
7f137b13a000-7f137b30f000 r--s 03ca3000 08:06 20582249                   /usr/lib/jvm/jdk1.8.0_20/jre/lib/rt.jar
7f137b30f000-7f1384000000 rw-p 00000000 00:00 0 
7f1384000000-7f1384021000 rw-p 00000000 00:00 0 
7f1384021000-7f1388000000 ---p 00000000 00:00 0 
7f1388000000-7f1388021000 rw-p 00000000 00:00 0 
7f1388021000-7f138c000000 ---p 00000000 00:00 0 
7f138c000000-7f138c021000 rw-p 00000000 00:00 0 
7f138c021000-7f1390000000 ---p 00000000 00:00 0 
7f1390000000-7f1390021000 rw-p 00000000 00:00 0 
7f1390021000-7f1394000000 ---p 00000000 00:00 0 
7f1394000000-7f1394021000 rw-p 00000000 00:00 0 
7f1394021000-7f1398000000 ---p 00000000 00:00 0 
7f1398000000-7f1398021000 rw-p 00000000 00:00 0 
7f1398021000-7f139c000000 ---p 00000000 00:00 0 
7f139c000000-7f139c021000 rw-p 00000000 00:00 0 
7f139c021000-7f13a0000000 ---p 00000000 00:00 0 
7f13a0000000-7f13a0004000 r--s 0003a000 08:06 19532218                   /usr/local/development/dev-7-6/Ignition/Servers/apache-tomcat-6.0.36/lib/tomcat-dbcp.jar
7f13a0004000-7f13a000b000 r--s 000c7000 08:06 19532215                   /usr/local/development/dev-7-6/Ignition/Servers/apache-tomcat-6.0.36/lib/mysql-connector-java-5.1.23-bin.jar
7f13a000b000-7f13a002c000 rw-p 00000000 00:00 0 
7f13a002c000-7f13a002d000 ---p 00000000 00:00 0 
7f13a002d000-7f13a012d000 rw-p 00000000 00:00 0                          [stack:10568]
7f13a012d000-7f13a012e000 ---p 00000000 00:00 0 
7f13a012e000-7f13a022e000 rw-p 00000000 00:00 0                          [stack:10567]
7f13a022e000-7f13a022f000 ---p 00000000 00:00 0 
7f13a022f000-7f13a032f000 rw-p 00000000 00:00 0                          [stack:10566]
7f13a032f000-7f13a0330000 ---p 00000000 00:00 0 
7f13a0330000-7f13a0430000 rw-p 00000000 00:00 0                          [stack:10565]
7f13a0430000-7f13a0431000 ---p 00000000 00:00 0 
7f13a0431000-7f13a0531000 rw-p 00000000 00:00 0                          [stack:10564]
7f13a0531000-7f13a0532000 ---p 00000000 00:00 0 
7f13a0532000-7f13a0632000 rw-p 00000000 00:00 0                          [stack:10563]
7f13a0632000-7f13a0633000 ---p 00000000 00:00 0 
7f13a0633000-7f13a0733000 rw-p 00000000 00:00 0                          [stack:10562]
7f13a0733000-7f13a0734000 ---p 00000000 00:00 0 
7f13a0734000-7f13a0889000 rw-p 00000000 00:00 0                          [stack:10561]
7f13a0889000-7f13a0d66000 ---p 00000000 00:00 0 
7f13a0d66000-7f13a0e35000 rw-p 00000000 00:00 0 
7f13a0e35000-7f13a0fff000 ---p 00000000 00:00 0 
7f13a0fff000-7f13a1000000 rw-p 00000000 00:00 0 
7f13a1000000-7f13a20b0000 rwxp 00000000 00:00 0 
7f13a20b0000-7f13b0000000 ---p 00000000 00:00 0 
7f13b0000000-7f13b0813000 rw-p 00000000 00:00 0 
7f13b0813000-7f13b4000000 ---p 00000000 00:00 0 
7f13b4000000-7f13b4002000 r--s 0000b000 08:06 19532220                   /usr/local/development/dev-7-6/Ignition/Servers/apache-tomcat-6.0.36/lib/tomcat-i18n-fr.jar
7f13b4002000-7f13b4005000 r--s 0001e000 08:06 19532207                   /usr/local/development/dev-7-6/Ignition/Servers/apache-tomcat-6.0.36/lib/catalina-ha.jar
7f13b4005000-7f13b4009000 r--s 00036000 08:06 19532208                   /usr/local/development/dev-7-6/Ignition/Servers/apache-tomcat-6.0.36/lib/catalina-tribes.jar
7f13b4009000-7f13b4010000 r--s 0007a000 08:06 19532213                   /usr/local/development/dev-7-6/Ignition/Servers/apache-tomcat-6.0.36/lib/jasper.jar
7f13b4010000-7f13b401a000 r--s 000b3000 08:06 19532217                   /usr/local/development/dev-7-6/Ignition/Servers/apache-tomcat-6.0.36/lib/tomcat-coyote.jar
7f13b401a000-7f13b4090000 rw-p 00000000 00:00 0 
7f13b4090000-7f13b456d000 ---p 00000000 00:00 0 
7f13b456d000-7f13b45b0000 rw-p 00000000 00:00 0 
7f13b45b0000-7f13b492d000 ---p 00000000 00:00 0 
7f13b492d000-7f13b4949000 r-xp 00000000 08:06 20582296                   /usr/lib/jvm/jdk1.8.0_20/jre/lib/amd64/libzip.so
7f13b4949000-7f13b4b48000 ---p 0001c000 08:06 20582296                   /usr/lib/jvm/jdk1.8.0_20/jre/lib/amd64/libzip.so
7f13b4b48000-7f13b4b49000 rw-p 0001b000 08:06 20582296                   /usr/lib/jvm/jdk1.8.0_20/jre/lib/amd64/libzip.so
7f13b4b49000-7f13b4b54000 r-xp 00000000 08:06 15602342                   /lib/x86_64-linux-gnu/libnss_files-2.19.so
7f13b4b54000-7f13b4d53000 ---p 0000b000 08:06 15602342                   /lib/x86_64-linux-gnu/libnss_files-2.19.so
7f13b4d53000-7f13b4d54000 r--p 0000a000 08:06 15602342                   /lib/x86_64-linux-gnu/libnss_files-2.19.so
7f13b4d54000-7f13b4d55000 rw-p 0000b000 08:06 15602342                   /lib/x86_64-linux-gnu/libnss_files-2.19.so
7f13b4d55000-7f13b4d60000 r-xp 00000000 08:06 15602345                   /lib/x86_64-linux-gnu/libnss_nis-2.19.so
7f13b4d60000-7f13b4f5f000 ---p 0000b000 08:06 15602345                   /lib/x86_64-linux-gnu/libnss_nis-2.19.so
7f13b4f5f000-7f13b4f60000 r--p 0000a000 08:06 15602345                   /lib/x86_64-linux-gnu/libnss_nis-2.19.so
7f13b4f60000-7f13b4f61000 rw-p 0000b000 08:06 15602345                   /lib/x86_64-linux-gnu/libnss_nis-2.19.so
7f13b4f61000-7f13b4f78000 r-xp 00000000 08:06 15602152                   /lib/x86_64-linux-gnu/libnsl-2.19.so
7f13b4f78000-7f13b5177000 ---p 00017000 08:06 15602152                   /lib/x86_64-linux-gnu/libnsl-2.19.so
7f13b5177000-7f13b5178000 r--p 00016000 08:06 15602152                   /lib/x86_64-linux-gnu/libnsl-2.19.so
7f13b5178000-7f13b5179000 rw-p 00017000 08:06 15602152                   /lib/x86_64-linux-gnu/libnsl-2.19.so
7f13b5179000-7f13b517b000 rw-p 00000000 00:00 0 
7f13b517b000-7f13b5184000 r-xp 00000000 08:06 15601662                   /lib/x86_64-linux-gnu/libnss_compat-2.19.so
7f13b5184000-7f13b5383000 ---p 00009000 08:06 15601662                   /lib/x86_64-linux-gnu/libnss_compat-2.19.so
7f13b5383000-7f13b5384000 r--p 00008000 08:06 15601662                   /lib/x86_64-linux-gnu/libnss_compat-2.19.so
7f13b5384000-7f13b5385000 rw-p 00009000 08:06 15601662                   /lib/x86_64-linux-gnu/libnss_compat-2.19.so
7f13b5385000-7f13b564e000 r--p 00000000 08:06 15209877                   /usr/lib/locale/locale-archive
7f13b564e000-7f13b5650000 r-xp 00000000 08:06 20582276                   /usr/lib/jvm/jdk1.8.0_20/jre/lib/amd64/libnpt.so
7f13b5650000-7f13b5850000 ---p 00002000 08:06 20582276                   /usr/lib/jvm/jdk1.8.0_20/jre/lib/amd64/libnpt.so
7f13b5850000-7f13b5851000 rw-p 00002000 08:06 20582276                   /usr/lib/jvm/jdk1.8.0_20/jre/lib/amd64/libnpt.so
7f13b5851000-7f13b588a000 r-xp 00000000 08:06 20582287                   /usr/lib/jvm/jdk1.8.0_20/jre/lib/amd64/libjdwp.so
7f13b588a000-7f13b5a89000 ---p 00039000 08:06 20582287                   /usr/lib/jvm/jdk1.8.0_20/jre/lib/amd64/libjdwp.so
7f13b5a89000-7f13b5a8b000 rw-p 00038000 08:06 20582287                   /usr/lib/jvm/jdk1.8.0_20/jre/lib/amd64/libjdwp.so
7f13b5a8b000-7f13b5ab5000 r-xp 00000000 08:06 20582291                   /usr/lib/jvm/jdk1.8.0_20/jre/lib/amd64/libjava.so
7f13b5ab5000-7f13b5cb5000 ---p 0002a000 08:06 20582291                   /usr/lib/jvm/jdk1.8.0_20/jre/lib/amd64/libjava.so
7f13b5cb5000-7f13b5cb7000 rw-p 0002a000 08:06 20582291                   /usr/lib/jvm/jdk1.8.0_20/jre/lib/amd64/libjava.so
7f13b5cb7000-7f13b5cc4000 r-xp 00000000 08:06 20582295                   /usr/lib/jvm/jdk1.8.0_20/jre/lib/amd64/libverify.so
7f13b5cc4000-7f13b5ec4000 ---p 0000d000 08:06 20582295                   /usr/lib/jvm/jdk1.8.0_20/jre/lib/amd64/libverify.so
7f13b5ec4000-7f13b5ec6000 rw-p 0000d000 08:06 20582295                   /usr/lib/jvm/jdk1.8.0_20/jre/lib/amd64/libverify.so
7f13b5ec6000-7f13b5ecd000 r-xp 00000000 08:06 15602320                   /lib/x86_64-linux-gnu/librt-2.19.so
7f13b5ecd000-7f13b60cc000 ---p 00007000 08:06 15602320                   /lib/x86_64-linux-gnu/librt-2.19.so
7f13b60cc000-7f13b60cd000 r--p 00006000 08:06 15602320                   /lib/x86_64-linux-gnu/librt-2.19.so
7f13b60cd000-7f13b60ce000 rw-p 00007000 08:06 15602320                   /lib/x86_64-linux-gnu/librt-2.19.so
7f13b60ce000-7f13b61d3000 r-xp 00000000 08:06 15602334                   /lib/x86_64-linux-gnu/libm-2.19.so
7f13b61d3000-7f13b63d2000 ---p 00105000 08:06 15602334                   /lib/x86_64-linux-gnu/libm-2.19.so
7f13b63d2000-7f13b63d3000 r--p 00104000 08:06 15602334                   /lib/x86_64-linux-gnu/libm-2.19.so
7f13b63d3000-7f13b63d4000 rw-p 00105000 08:06 15602334                   /lib/x86_64-linux-gnu/libm-2.19.so
7f13b63d4000-7f13b703e000 r-xp 00000000 08:06 20845908                   /usr/lib/jvm/jdk1.8.0_20/jre/lib/amd64/server/libjvm.so
7f13b703e000-7f13b723e000 ---p 00c6a000 08:06 20845908                   /usr/lib/jvm/jdk1.8.0_20/jre/lib/amd64/server/libjvm.so
7f13b723e000-7f13b7314000 rw-p 00c6a000 08:06 20845908                   /usr/lib/jvm/jdk1.8.0_20/jre/lib/amd64/server/libjvm.so
7f13b7314000-7f13b7356000 rw-p 00000000 00:00 0 
7f13b7356000-7f13b7511000 r-xp 00000000 08:06 15602328                   /lib/x86_64-linux-gnu/libc-2.19.so
7f13b7511000-7f13b7711000 ---p 001bb000 08:06 15602328                   /lib/x86_64-linux-gnu/libc-2.19.so
7f13b7711000-7f13b7715000 r--p 001bb000 08:06 15602328                   /lib/x86_64-linux-gnu/libc-2.19.so
7f13b7715000-7f13b7717000 rw-p 001bf000 08:06 15602328                   /lib/x86_64-linux-gnu/libc-2.19.so
7f13b7717000-7f13b771c000 rw-p 00000000 00:00 0 
7f13b771c000-7f13b771f000 r-xp 00000000 08:06 15602352                   /lib/x86_64-linux-gnu/libdl-2.19.so
7f13b771f000-7f13b791e000 ---p 00003000 08:06 15602352                   /lib/x86_64-linux-gnu/libdl-2.19.so
7f13b791e000-7f13b791f000 r--p 00002000 08:06 15602352                   /lib/x86_64-linux-gnu/libdl-2.19.so
7f13b791f000-7f13b7920000 rw-p 00003000 08:06 15602352                   /lib/x86_64-linux-gnu/libdl-2.19.so
7f13b7920000-7f13b7937000 r-xp 00000000 08:06 20061287                   /usr/lib/jvm/jdk1.8.0_20/lib/amd64/jli/libjli.so
7f13b7937000-7f13b7b36000 ---p 00017000 08:06 20061287                   /usr/lib/jvm/jdk1.8.0_20/lib/amd64/jli/libjli.so
7f13b7b36000-7f13b7b37000 rw-p 00016000 08:06 20061287                   /usr/lib/jvm/jdk1.8.0_20/lib/amd64/jli/libjli.so
7f13b7b37000-7f13b7b50000 r-xp 00000000 08:06 15602353                   /lib/x86_64-linux-gnu/libpthread-2.19.so
7f13b7b50000-7f13b7d4f000 ---p 00019000 08:06 15602353                   /lib/x86_64-linux-gnu/libpthread-2.19.so
7f13b7d4f000-7f13b7d50000 r--p 00018000 08:06 15602353                   /lib/x86_64-linux-gnu/libpthread-2.19.so
7f13b7d50000-7f13b7d51000 rw-p 00019000 08:06 15602353                   /lib/x86_64-linux-gnu/libpthread-2.19.so
7f13b7d51000-7f13b7d55000 rw-p 00000000 00:00 0 
7f13b7d55000-7f13b7d78000 r-xp 00000000 08:06 15602330                   /lib/x86_64-linux-gnu/ld-2.19.so
7f13b7d78000-7f13b7d7a000 r--s 0000c000 08:06 19532221                   /usr/local/development/dev-7-6/Ignition/Servers/apache-tomcat-6.0.36/lib/tomcat-i18n-ja.jar
7f13b7d7a000-7f13b7d7c000 r--s 00011000 08:06 19532214                   /usr/local/development/dev-7-6/Ignition/Servers/apache-tomcat-6.0.36/lib/jsp-api.jar
7f13b7d7c000-7f13b7d7e000 r--s 00014000 08:06 19532216                   /usr/local/development/dev-7-6/Ignition/Servers/apache-tomcat-6.0.36/lib/servlet-api.jar
7f13b7d7e000-7f13b7d80000 r--s 0000c000 08:06 19532206                   /usr/local/development/dev-7-6/Ignition/Servers/apache-tomcat-6.0.36/lib/catalina-ant.jar
7f13b7d80000-7f13b7e51000 rw-p 00000000 00:00 0 
7f13b7e51000-7f13b7e54000 ---p 00000000 00:00 0 
7f13b7e54000-7f13b7f56000 rw-p 00000000 00:00 0                          [stack:10560]
7f13b7f56000-7f13b7f58000 r--s 00007000 08:06 19532211                   /usr/local/development/dev-7-6/Ignition/Servers/apache-tomcat-6.0.36/lib/el-api.jar
7f13b7f58000-7f13b7f59000 r--s 00003000 08:06 19532205                   /usr/local/development/dev-7-6/Ignition/Servers/apache-tomcat-6.0.36/lib/annotations-api.jar
7f13b7f59000-7f13b7f5c000 r--s 00019000 08:06 19532212                   /usr/local/development/dev-7-6/Ignition/Servers/apache-tomcat-6.0.36/lib/jasper-el.jar
7f13b7f5c000-7f13b7f61000 r--s 00092000 08:06 20582254                   /usr/lib/jvm/jdk1.8.0_20/jre/lib/jsse.jar
7f13b7f61000-7f13b7f62000 r--s 00007000 08:06 19533431                   /usr/local/development/dev-7-6/Ignition/Servers/apache-tomcat-6.0.36/bin/tomcat-juli.jar
7f13b7f62000-7f13b7f63000 r--s 00005000 08:06 19533430                   /usr/local/development/dev-7-6/Ignition/Servers/apache-tomcat-6.0.36/bin/commons-daemon.jar
7f13b7f63000-7f13b7f64000 r--s 00005000 08:06 19533429                   /usr/local/development/dev-7-6/Ignition/Servers/apache-tomcat-6.0.36/bin/bootstrap.jar
7f13b7f64000-7f13b7f6b000 r--s 000c7000 08:06 1179649                    /usr/lib/jvm/jdk1.8.0_20/jre/lib/ext/mysql-connector-java-5.1.23-bin.jar
7f13b7f6b000-7f13b7f73000 rw-s 00000000 08:06 6164360                    /tmp/hsperfdata_mattg/10555
7f13b7f73000-7f13b7f74000 rw-p 00000000 00:00 0 
7f13b7f74000-7f13b7f75000 r--p 00000000 00:00 0 
7f13b7f75000-7f13b7f77000 rw-p 00000000 00:00 0 
7f13b7f77000-7f13b7f78000 r--p 00022000 08:06 15602330                   /lib/x86_64-linux-gnu/ld-2.19.so
7f13b7f78000-7f13b7f79000 rw-p 00023000 08:06 15602330                   /lib/x86_64-linux-gnu/ld-2.19.so
7f13b7f79000-7f13b7f7a000 rw-p 00000000 00:00 0 
7fffc0828000-7fffc0849000 rw-p 00000000 00:00 0                          [stack]
7fffc09fe000-7fffc0a00000 r-xp 00000000 00:00 0                          [vdso]
ffffffffff600000-ffffffffff601000 r-xp 00000000 00:00 0                  [vsyscall]

VM Arguments:
jvm_args: -Djava.util.logging.config.file=/home/mattg/.IntelliJIdea13/system/tomcat/Unnamed_77-Ignition/conf/logging.properties -Xdebug -Xrunjdwp:transport=dt_socket,address=127.0.0.1:51670,suspend=y,server=n -Dcom.sun.management.jmxremote= -Dcom.sun.management.jmxremote.port=1099 -Dcom.sun.management.jmxremote.ssl=false -Dcom.sun.management.jmxremote.authenticate=false -Djava.rmi.server.hostname=127.0.0.1 -Djava.util.logging.manager=org.apache.juli.ClassLoaderLogManager -Djava.endorsed.dirs=/usr/local/development/dev-7-6/Ignition/Servers/apache-tomcat-6.0.36/endorsed -Dcatalina.base=/home/mattg/.IntelliJIdea13/system/tomcat/Unnamed_77-Ignition -Dcatalina.home=/usr/local/development/dev-7-6/Ignition/Servers/apache-tomcat-6.0.36 -Djava.io.tmpdir=/usr/local/development/dev-7-6/Ignition/Servers/apache-tomcat-6.0.36/temp 
java_command: org.apache.catalina.startup.Bootstrap start
java_class_path (initial): /usr/local/development/dev-7-6/Ignition/Servers/apache-tomcat-6.0.36/bin/bootstrap.jar
Launcher Type: SUN_STANDARD

Environment Variables:
JAVA_HOME=/usr/lib/jvm/jdk1.8.0_20
CLASSPATH=/usr/local/development/dev-7-6/Ignition/Servers/apache-tomcat-6.0.36/bin/bootstrap.jar
PATH=/usr/local/sbin:/usr/local/bin:/usr/sbin:/usr/bin:/sbin:/bin:/usr/games:/usr/local/games:/usr/local/development/gradle-1.12/bin
USERNAME=mattg
LD_LIBRARY_PATH=/usr/local/development/idea-IU-135.909/bin:
SHELL=/bin/bash
DISPLAY=:0

Signal Handlers:
SIGSEGV: [libjvm.so+0xa76cd0], sa_mask[0]=11111111011111111101111111111110, sa_flags=SA_RESTART|SA_SIGINFO
SIGBUS: [libjvm.so+0xa76cd0], sa_mask[0]=11111111011111111101111111111110, sa_flags=SA_RESTART|SA_SIGINFO
SIGFPE: [libjvm.so+0x8e0d80], sa_mask[0]=11111111011111111101111111111110, sa_flags=SA_RESTART|SA_SIGINFO
SIGPIPE: [libjvm.so+0x8e0d80], sa_mask[0]=11111111011111111101111111111110, sa_flags=SA_RESTART|SA_SIGINFO
SIGXFSZ: [libjvm.so+0x8e0d80], sa_mask[0]=11111111011111111101111111111110, sa_flags=SA_RESTART|SA_SIGINFO
SIGILL: [libjvm.so+0x8e0d80], sa_mask[0]=11111111011111111101111111111110, sa_flags=SA_RESTART|SA_SIGINFO
SIGUSR1: SIG_DFL, sa_mask[0]=00000000000000000000000000000000, sa_flags=none
SIGUSR2: [libjvm.so+0x8e25b0], sa_mask[0]=00100000000000000000000000000000, sa_flags=SA_RESTART|SA_SIGINFO
SIGHUP: [libjvm.so+0x8e3970], sa_mask[0]=11111111011111111101111111111110, sa_flags=SA_RESTART|SA_SIGINFO
SIGINT: [libjvm.so+0x8e3970], sa_mask[0]=11111111011111111101111111111110, sa_flags=SA_RESTART|SA_SIGINFO
SIGTERM: [libjvm.so+0x8e3970], sa_mask[0]=11111111011111111101111111111110, sa_flags=SA_RESTART|SA_SIGINFO
SIGQUIT: [libjvm.so+0x8e3970], sa_mask[0]=11111111011111111101111111111110, sa_flags=SA_RESTART|SA_SIGINFO


---------------  S Y S T E M  ---------------

OS:DISTRIB_ID=LinuxMint
DISTRIB_RELEASE=17
DISTRIB_CODENAME=qiana
DISTRIB_DESCRIPTION="Linux Mint 17 Qiana"

uname:Linux 3.13.0-24-generic #46-Ubuntu SMP Thu Apr 10 19:11:08 UTC 2014 x86_64
libc:glibc 2.19 NPTL 2.19 
rlimit: STACK 8192k, CORE 0k, NPROC 127375, NOFILE 4096, AS infinity
load average:1.27 0.83 0.70

/proc/meminfo:
MemTotal:       16335088 kB
MemFree:         8526888 kB
Buffers:          362860 kB
Cached:          3242140 kB
SwapCached:            0 kB
Active:          5033712 kB
Inactive:        2291168 kB
Active(anon):    3725904 kB
Inactive(anon):   550532 kB
Active(file):    1307808 kB
Inactive(file):  1740636 kB
Unevictable:        1488 kB
Mlocked:            1488 kB
SwapTotal:      16676860 kB
SwapFree:       16676860 kB
Dirty:             15808 kB
Writeback:             0 kB
AnonPages:       3721400 kB
Mapped:           475576 kB
Shmem:            556560 kB
Slab:             274520 kB
SReclaimable:     225992 kB
SUnreclaim:        48528 kB
KernelStack:        6256 kB
PageTables:        50164 kB
NFS_Unstable:          0 kB
Bounce:                0 kB
WritebackTmp:          0 kB
CommitLimit:    24844404 kB
Committed_AS:    8237184 kB
VmallocTotal:   34359738367 kB
VmallocUsed:      444884 kB
VmallocChunk:   34359289148 kB
HardwareCorrupted:     0 kB
AnonHugePages:   2404352 kB
HugePages_Total:       0
HugePages_Free:        0
HugePages_Rsvd:        0
HugePages_Surp:        0
Hugepagesize:       2048 kB
DirectMap4k:       97736 kB
DirectMap2M:     2949120 kB
DirectMap1G:    13631488 kB


CPU:total 8 (4 cores per cpu, 2 threads per core) family 6 model 60 stepping 3, cmov, cx8, fxsr, mmx, sse, sse2, sse3, ssse3, sse4.1, sse4.2, popcnt, avx, avx2, aes, clmul, erms, lzcnt, ht, tsc, tscinvbit, bmi1, bmi2

/proc/cpuinfo:
processor	: 0
vendor_id	: GenuineIntel
cpu family	: 6
model		: 60
model name	: Intel(R) Core(TM) i7-4702HQ CPU @ 2.20GHz
stepping	: 3
microcode	: 0x17
cpu MHz		: 2201.000
cache size	: 6144 KB
physical id	: 0
siblings	: 8
core id		: 0
cpu cores	: 4
apicid		: 0
initial apicid	: 0
fpu		: yes
fpu_exception	: yes
cpuid level	: 13
wp		: yes
flags		: fpu vme de pse tsc msr pae mce cx8 apic sep mtrr pge mca cmov pat pse36 clflush dts acpi mmx fxsr sse sse2 ss ht tm pbe syscall nx pdpe1gb rdtscp lm constant_tsc arch_perfmon pebs bts rep_good nopl xtopology nonstop_tsc aperfmperf eagerfpu pni pclmulqdq dtes64 monitor ds_cpl vmx est tm2 ssse3 fma cx16 xtpr pdcm pcid sse4_1 sse4_2 x2apic movbe popcnt tsc_deadline_timer aes xsave avx f16c rdrand lahf_lm abm ida arat epb xsaveopt pln pts dtherm tpr_shadow vnmi flexpriority ept vpid fsgsbase tsc_adjust bmi1 avx2 smep bmi2 erms invpcid
bogomips	: 4389.87
clflush size	: 64
cache_alignment	: 64
address sizes	: 39 bits physical, 48 bits virtual
power management:

processor	: 1
vendor_id	: GenuineIntel
cpu family	: 6
model		: 60
model name	: Intel(R) Core(TM) i7-4702HQ CPU @ 2.20GHz
stepping	: 3
microcode	: 0x17
cpu MHz		: 1300.000
cache size	: 6144 KB
physical id	: 0
siblings	: 8
core id		: 1
cpu cores	: 4
apicid		: 2
initial apicid	: 2
fpu		: yes
fpu_exception	: yes
cpuid level	: 13
wp		: yes
flags		: fpu vme de pse tsc msr pae mce cx8 apic sep mtrr pge mca cmov pat pse36 clflush dts acpi mmx fxsr sse sse2 ss ht tm pbe syscall nx pdpe1gb rdtscp lm constant_tsc arch_perfmon pebs bts rep_good nopl xtopology nonstop_tsc aperfmperf eagerfpu pni pclmulqdq dtes64 monitor ds_cpl vmx est tm2 ssse3 fma cx16 xtpr pdcm pcid sse4_1 sse4_2 x2apic movbe popcnt tsc_deadline_timer aes xsave avx f16c rdrand lahf_lm abm ida arat epb xsaveopt pln pts dtherm tpr_shadow vnmi flexpriority ept vpid fsgsbase tsc_adjust bmi1 avx2 smep bmi2 erms invpcid
bogomips	: 4389.87
clflush size	: 64
cache_alignment	: 64
address sizes	: 39 bits physical, 48 bits virtual
power management:

processor	: 2
vendor_id	: GenuineIntel
cpu family	: 6
model		: 60
model name	: Intel(R) Core(TM) i7-4702HQ CPU @ 2.20GHz
stepping	: 3
microcode	: 0x17
cpu MHz		: 800.000
cache size	: 6144 KB
physical id	: 0
siblings	: 8
core id		: 2
cpu cores	: 4
apicid		: 4
initial apicid	: 4
fpu		: yes
fpu_exception	: yes
cpuid level	: 13
wp		: yes
flags		: fpu vme de pse tsc msr pae mce cx8 apic sep mtrr pge mca cmov pat pse36 clflush dts acpi mmx fxsr sse sse2 ss ht tm pbe syscall nx pdpe1gb rdtscp lm constant_tsc arch_perfmon pebs bts rep_good nopl xtopology nonstop_tsc aperfmperf eagerfpu pni pclmulqdq dtes64 monitor ds_cpl vmx est tm2 ssse3 fma cx16 xtpr pdcm pcid sse4_1 sse4_2 x2apic movbe popcnt tsc_deadline_timer aes xsave avx f16c rdrand lahf_lm abm ida arat epb xsaveopt pln pts dtherm tpr_shadow vnmi flexpriority ept vpid fsgsbase tsc_adjust bmi1 avx2 smep bmi2 erms invpcid
bogomips	: 4389.87
clflush size	: 64
cache_alignment	: 64
address sizes	: 39 bits physical, 48 bits virtual
power management:

processor	: 3
vendor_id	: GenuineIntel
cpu family	: 6
model		: 60
model name	: Intel(R) Core(TM) i7-4702HQ CPU @ 2.20GHz
stepping	: 3
microcode	: 0x17
cpu MHz		: 800.000
cache size	: 6144 KB
physical id	: 0
siblings	: 8
core id		: 3
cpu cores	: 4
apicid		: 6
initial apicid	: 6
fpu		: yes
fpu_exception	: yes
cpuid level	: 13
wp		: yes
flags		: fpu vme de pse tsc msr pae mce cx8 apic sep mtrr pge mca cmov pat pse36 clflush dts acpi mmx fxsr sse sse2 ss ht tm pbe syscall nx pdpe1gb rdtscp lm constant_tsc arch_perfmon pebs bts rep_good nopl xtopology nonstop_tsc aperfmperf eagerfpu pni pclmulqdq dtes64 monitor ds_cpl vmx est tm2 ssse3 fma cx16 xtpr pdcm pcid sse4_1 sse4_2 x2apic movbe popcnt tsc_deadline_timer aes xsave avx f16c rdrand lahf_lm abm ida arat epb xsaveopt pln pts dtherm tpr_shadow vnmi flexpriority ept vpid fsgsbase tsc_adjust bmi1 avx2 smep bmi2 erms invpcid
bogomips	: 4389.87
clflush size	: 64
cache_alignment	: 64
address sizes	: 39 bits physical, 48 bits virtual
power management:

processor	: 4
vendor_id	: GenuineIntel
cpu family	: 6
model		: 60
model name	: Intel(R) Core(TM) i7-4702HQ CPU @ 2.20GHz
stepping	: 3
microcode	: 0x17
cpu MHz		: 800.000
cache size	: 6144 KB
physical id	: 0
siblings	: 8
core id		: 0
cpu cores	: 4
apicid		: 1
initial apicid	: 1
fpu		: yes
fpu_exception	: yes
cpuid level	: 13
wp		: yes
flags		: fpu vme de pse tsc msr pae mce cx8 apic sep mtrr pge mca cmov pat pse36 clflush dts acpi mmx fxsr sse sse2 ss ht tm pbe syscall nx pdpe1gb rdtscp lm constant_tsc arch_perfmon pebs bts rep_good nopl xtopology nonstop_tsc aperfmperf eagerfpu pni pclmulqdq dtes64 monitor ds_cpl vmx est tm2 ssse3 fma cx16 xtpr pdcm pcid sse4_1 sse4_2 x2apic movbe popcnt tsc_deadline_timer aes xsave avx f16c rdrand lahf_lm abm ida arat epb xsaveopt pln pts dtherm tpr_shadow vnmi flexpriority ept vpid fsgsbase tsc_adjust bmi1 avx2 smep bmi2 erms invpcid
bogomips	: 4389.87
clflush size	: 64
cache_alignment	: 64
address sizes	: 39 bits physical, 48 bits virtual
power management:

processor	: 5
vendor_id	: GenuineIntel
cpu family	: 6
model		: 60
model name	: Intel(R) Core(TM) i7-4702HQ CPU @ 2.20GHz
stepping	: 3
microcode	: 0x17
cpu MHz		: 800.000
cache size	: 6144 KB
physical id	: 0
siblings	: 8
core id		: 1
cpu cores	: 4
apicid		: 3
initial apicid	: 3
fpu		: yes
fpu_exception	: yes
cpuid level	: 13
wp		: yes
flags		: fpu vme de pse tsc msr pae mce cx8 apic sep mtrr pge mca cmov pat pse36 clflush dts acpi mmx fxsr sse sse2 ss ht tm pbe syscall nx pdpe1gb rdtscp lm constant_tsc arch_perfmon pebs bts rep_good nopl xtopology nonstop_tsc aperfmperf eagerfpu pni pclmulqdq dtes64 monitor ds_cpl vmx est tm2 ssse3 fma cx16 xtpr pdcm pcid sse4_1 sse4_2 x2apic movbe popcnt tsc_deadline_timer aes xsave avx f16c rdrand lahf_lm abm ida arat epb xsaveopt pln pts dtherm tpr_shadow vnmi flexpriority ept vpid fsgsbase tsc_adjust bmi1 avx2 smep bmi2 erms invpcid
bogomips	: 4389.87
clflush size	: 64
cache_alignment	: 64
address sizes	: 39 bits physical, 48 bits virtual
power management:

processor	: 6
vendor_id	: GenuineIntel
cpu family	: 6
model		: 60
model name	: Intel(R) Core(TM) i7-4702HQ CPU @ 2.20GHz
stepping	: 3
microcode	: 0x17
cpu MHz		: 2201.000
cache size	: 6144 KB
physical id	: 0
siblings	: 8
core id		: 2
cpu cores	: 4
apicid		: 5
initial apicid	: 5
fpu		: yes
fpu_exception	: yes
cpuid level	: 13
wp		: yes
flags		: fpu vme de pse tsc msr pae mce cx8 apic sep mtrr pge mca cmov pat pse36 clflush dts acpi mmx fxsr sse sse2 ss ht tm pbe syscall nx pdpe1gb rdtscp lm constant_tsc arch_perfmon pebs bts rep_good nopl xtopology nonstop_tsc aperfmperf eagerfpu pni pclmulqdq dtes64 monitor ds_cpl vmx est tm2 ssse3 fma cx16 xtpr pdcm pcid sse4_1 sse4_2 x2apic movbe popcnt tsc_deadline_timer aes xsave avx f16c rdrand lahf_lm abm ida arat epb xsaveopt pln pts dtherm tpr_shadow vnmi flexpriority ept vpid fsgsbase tsc_adjust bmi1 avx2 smep bmi2 erms invpcid
bogomips	: 4389.87
clflush size	: 64
cache_alignment	: 64
address sizes	: 39 bits physical, 48 bits virtual
power management:

processor	: 7
vendor_id	: GenuineIntel
cpu family	: 6
model		: 60
model name	: Intel(R) Core(TM) i7-4702HQ CPU @ 2.20GHz
stepping	: 3
microcode	: 0x17
cpu MHz		: 800.000
cache size	: 6144 KB
physical id	: 0
siblings	: 8
core id		: 3
cpu cores	: 4
apicid		: 7
initial apicid	: 7
fpu		: yes
fpu_exception	: yes
cpuid level	: 13
wp		: yes
flags		: fpu vme de pse tsc msr pae mce cx8 apic sep mtrr pge mca cmov pat pse36 clflush dts acpi mmx fxsr sse sse2 ss ht tm pbe syscall nx pdpe1gb rdtscp lm constant_tsc arch_perfmon pebs bts rep_good nopl xtopology nonstop_tsc aperfmperf eagerfpu pni pclmulqdq dtes64 monitor ds_cpl vmx est tm2 ssse3 fma cx16 xtpr pdcm pcid sse4_1 sse4_2 x2apic movbe popcnt tsc_deadline_timer aes xsave avx f16c rdrand lahf_lm abm ida arat epb xsaveopt pln pts dtherm tpr_shadow vnmi flexpriority ept vpid fsgsbase tsc_adjust bmi1 avx2 smep bmi2 erms invpcid
bogomips	: 4389.87
clflush size	: 64
cache_alignment	: 64
address sizes	: 39 bits physical, 48 bits virtual
power management:



Memory: 4k page, physical 16335088k(8526888k free), swap 16676860k(16676860k free)

vm_info: Java HotSpot(TM) 64-Bit Server VM (25.20-b17) for linux-amd64 JRE (1.8.0_20-ea-b17), built on Jun  4 2014 00:04:06 by "java_re" with gcc 4.3.0 20080428 (Red Hat 4.3.0-8)

time: Tue Nov 18 10:55:52 2014
elapsed time: 30 seconds (0d 0h 0m 30s)

