#
# A fatal error has been detected by the Java Runtime Environment:
#
#  SIGSEGV (0xb) at pc=0x00007f8d3962af7e, pid=9232, tid=140244531926784
#
# JRE version: Java(TM) SE Runtime Environment (8.0_20-b17) (build 1.8.0_20-ea-b17)
# Java VM: Java HotSpot(TM) 64-Bit Server VM (25.20-b17 mixed mode linux-amd64 compressed oops)
# Problematic frame:
# C  [ld-linux-x86-64.so.2+0x9f7e]
#
# Failed to write core dump. Core dumps have been disabled. To enable core dumping, try "ulimit -c unlimited" before starting Java again
#
# If you would like to submit a bug report, please visit:
#   http://bugreport.sun.com/bugreport/crash.jsp
# The crash happened outside the Java Virtual Machine in native code.
# See problematic frame for where to report the bug.
#

---------------  T H R E A D  ---------------

Current thread (0x00007f8d3000d000):  JavaThread "main" [_thread_in_native, id=9237, stack(0x00007f8d3971d000,0x00007f8d3981e000)]

siginfo: si_signo: 11 (SIGSEGV), si_code: 1 (SEGV_MAPERR), si_addr: 0x0000000000000068

Registers:
RAX=0x0000000000000040, RBX=0x000000004c8d3d65, RCX=0x0000000000000025, RDX=0x00000000000003f3
RSP=0x00007f8d3981aa50, RBP=0x0000000000000002, RSI=0x00007f8d38c25d28, RDI=0x00007f8d398219e8
R8 =0x00000000013234f5, R9 =0x00007f8d3981aa90, R10=0x0000000006020400, R11=0x00007f8d3981ab90
R12=0x0000000000000003, R13=0x00007f8c601df730, R14=0x0000000000000000, R15=0x0000000000000025
RIP=0x00007f8d3962af7e, EFLAGS=0x0000000000010202, CSGSFS=0x0000000000000033, ERR=0x0000000000000004
  TRAPNO=0x000000000000000e

Top of Stack: (sp=0x00007f8d3981aa50)
0x00007f8d3981aa50:   00007f8d3981abc0 00007f8d38302f75
0x00007f8d3981aa60:   00007f8d00000002 00007f8d3981aba0
0x00007f8d3981aa70:   00007f8d3981ac30 00007f8d3981ae00
0x00007f8d3981aa80:   00007f8d21046960 01007f8d0000000c
0x00007f8d3981aa90:   0000000000000000 0000000000000000
0x00007f8d3981aaa0:   00007f8d398219e8 00007f8d3011d780
0x00007f8d3981aab0:   00007f8d38c32d78 0000000000000000
0x00007f8d3981aac0:   0000000200000000 0000000000000000
0x00007f8d3981aad0:   00007f8d3000d000 00007f8d3981ac80
0x00007f8d3981aae0:   00007f8d3981ac30 0000000000000000
0x00007f8d3981aaf0:   0000000000000000 00007f8c601df138
0x00007f8d3981ab00:   00007f8c601dedb0 00007f8d3962b991
0x00007f8d3981ab10:   0000000000000000 0000000000000000
0x00007f8d3981ab20:   0000004a00000002 0000000000000000
0x00007f8d3981ab30:   00007f8d00000000 00007f8c601dedb0
0x00007f8d3981ab40:   00000007c0008600 00007f8d3000d000
0x00007f8d3981ab50:   00007f8d3981abc0 00007f8d38459447
0x00007f8d3981ab60:   00007f8d20804440 00007f8c601df138
0x00007f8d3981ab70:   00007f8d3981aba0 00007f8d3981ab90
0x00007f8d3981ab80:   000000004c8d3d65 00007f8d3011d780
0x00007f8d3981ab90:   00000000ffffffff 00007f8d3000a5d0
0x00007f8d3981aba0:   0000000000000000 0000000000000000
0x00007f8d3981abb0:   00007f8d3000a470 00007f8d3000d000
0x00007f8d3981abc0:   00007f8d3981ad50 00007f8d38349467
0x00007f8d3981abd0:   000000b13981b938 00007f8d3981b3a0
0x00007f8d3981abe0:   00007f8d3981ac30 00007f8d3981acb0
0x00007f8d3981abf0:   00007f8d3981ad80 00007f8d3981ae00
0x00007f8d3981ac00:   00007f8d3000d1e8 0000000000c9c4b0
0x00007f8d3981ac10:   00007f8d39843cc0 00007f8d3011d780
0x00007f8d3981ac20:   0000000000000000 00007f8c601dedb0
0x00007f8d3981ac30:   00007f8d3981ad10 00007f8d38d58f56
0x00007f8d3981ac40:   0000000600000002 0000000000000000 

Instructions: (pc=0x00007f8d3962af7e)
0x00007f8d3962af5e:   06 41 83 e7 3f 0f 1f 44 00 00 49 8b 44 ed 00 c7
0x00007f8d3962af6e:   44 24 70 00 00 00 00 48 c7 44 24 40 00 00 00 00
0x00007f8d3962af7e:   48 8b 78 28 4c 39 f7 48 89 7c 24 50 0f 84 f0 00
0x00007f8d3962af8e:   00 00 f6 44 24 7c 02 74 0d f6 87 14 03 00 00 03 

Register to memory mapping:

RAX=0x0000000000000040 is an unknown value
RBX=0x000000004c8d3d65 is an unknown value
RCX=0x0000000000000025 is an unknown value
RDX=0x00000000000003f3 is an unknown value
RSP=0x00007f8d3981aa50 is pointing into the stack for thread: 0x00007f8d3000d000
RBP=0x0000000000000002 is an unknown value
RSI=0x00007f8d38c25d28: <offset 0x3d28> in /lib/x86_64-linux-gnu/libc.so.6 at 0x00007f8d38c22000
RDI=0x00007f8d398219e8 is an unknown value
R8 =0x00000000013234f5 is an unknown value
R9 =0x00007f8d3981aa90 is pointing into the stack for thread: 0x00007f8d3000d000
R10=0x0000000006020400 is an unknown value
R11=0x00007f8d3981ab90 is pointing into the stack for thread: 0x00007f8d3000d000
R12=0x0000000000000003 is an unknown value
R13=0x00007f8c601df730 is an unknown value
R14=0x0000000000000000 is an unknown value
R15=0x0000000000000025 is an unknown value


Stack: [0x00007f8d3971d000,0x00007f8d3981e000],  sp=0x00007f8d3981aa50,  free space=1014k
Native frames: (J=compiled Java code, j=interpreted, Vv=VM code, C=native code)
C  [ld-linux-x86-64.so.2+0x9f7e]

Java frames: (J=compiled Java code, j=interpreted, Vv=VM code)
j  java.lang.ClassLoader$NativeLibrary.unload(Ljava/lang/String;Z)V+0
j  java.lang.ClassLoader$NativeLibrary.finalize()V+87
v  ~StubRoutines::call_stub
J 1144  sun.reflect.NativeMethodAccessorImpl.invoke0(Ljava/lang/reflect/Method;Ljava/lang/Object;[Ljava/lang/Object;)Ljava/lang/Object; (0 bytes) @ 0x00007f8d21454277 [0x00007f8d21454200+0x77]
J 1143 C1 sun.reflect.NativeMethodAccessorImpl.invoke(Ljava/lang/Object;[Ljava/lang/Object;)Ljava/lang/Object; (104 bytes) @ 0x00007f8d2145348c [0x00007f8d21452280+0x120c]
J 5652 C2 java.lang.reflect.Method.invoke(Ljava/lang/Object;[Ljava/lang/Object;)Ljava/lang/Object; (62 bytes) @ 0x00007f8d221c1ca0 [0x00007f8d221c1be0+0xc0]
j  com.inductiveautomation.ignition.gateway.bootstrap.SRFilter.destroy()V+89
j  org.apache.catalina.core.ApplicationFilterConfig.release()V+61
j  org.apache.catalina.core.StandardContext.filterStop()Z+124
j  org.apache.catalina.core.StandardContext.stop()V+142
j  org.apache.catalina.core.ContainerBase.removeChild(Lorg/apache/catalina/Container;)V+90
j  org.apache.catalina.startup.HostConfig.undeployApps()V+77
j  org.apache.catalina.startup.HostConfig.stop()V+28
j  org.apache.catalina.startup.HostConfig.lifecycleEvent(Lorg/apache/catalina/LifecycleEvent;)V+151
j  org.apache.catalina.util.LifecycleSupport.fireLifecycleEvent(Ljava/lang/String;Ljava/lang/Object;)V+178
j  org.apache.catalina.core.ContainerBase.stop()V+60
j  org.apache.catalina.core.ContainerBase.stop()V+118
j  org.apache.catalina.core.StandardEngine.stop()V+1
j  org.apache.catalina.core.StandardService.stop()V+177
j  org.apache.catalina.core.StandardServer.stop()V+65
j  org.apache.catalina.startup.Catalina.stop()V+58
j  org.apache.catalina.startup.Catalina.start()V+198
v  ~StubRoutines::call_stub
j  sun.reflect.NativeMethodAccessorImpl.invoke0(Ljava/lang/reflect/Method;Ljava/lang/Object;[Ljava/lang/Object;)Ljava/lang/Object;+0
j  sun.reflect.NativeMethodAccessorImpl.invoke(Ljava/lang/Object;[Ljava/lang/Object;)Ljava/lang/Object;+100
J 507 C1 sun.reflect.DelegatingMethodAccessorImpl.invoke(Ljava/lang/Object;[Ljava/lang/Object;)Ljava/lang/Object; (10 bytes) @ 0x00007f8d2121b32c [0x00007f8d2121b200+0x12c]
J 491 C1 java.lang.reflect.Method.invoke(Ljava/lang/Object;[Ljava/lang/Object;)Ljava/lang/Object; (62 bytes) @ 0x00007f8d21215944 [0x00007f8d21215520+0x424]
j  org.apache.catalina.startup.Bootstrap.start()V+37
j  org.apache.catalina.startup.Bootstrap.main([Ljava/lang/String;)V+131
v  ~StubRoutines::call_stub

---------------  P R O C E S S  ---------------

Java Threads: ( => current thread )
  0x00007f8d3040b000 JavaThread "pool-1-thread-3" [_thread_blocked, id=9396, stack(0x00007f8c56ef5000,0x00007f8c56ff6000)]
  0x00007f8d30408000 JavaThread "Thread-22" daemon [_thread_blocked, id=9395, stack(0x00007f8c558c5000,0x00007f8c559c6000)]
  0x00007f8c61119800 JavaThread "ClockDriftDetector" daemon [_thread_blocked, id=9322, stack(0x00007f8c563ea000,0x00007f8c564eb000)]
  0x00007f8c61116800 JavaThread "PyLib_ScriptWatcher" daemon [_thread_blocked, id=9321, stack(0x00007f8c564eb000,0x00007f8c565ec000)]
  0x00007f8c61111000 JavaThread "PyFile_ChangeNotifier" daemon [_thread_blocked, id=9320, stack(0x00007f8c565ec000,0x00007f8c566ed000)]
  0x00007f8c6110f000 JavaThread "Thread-18" daemon [_thread_in_native, id=9319, stack(0x00007f8c566ed000,0x00007f8c567ee000)]
  0x00007f8c28008800 JavaThread "pool-2-thread-3" [_thread_blocked, id=9318, stack(0x00007f8c567ee000,0x00007f8c568ef000)]
  0x00007f8c28007000 JavaThread "pool-2-thread-2" [_thread_blocked, id=9317, stack(0x00007f8c568ef000,0x00007f8c569f0000)]
  0x00007f8c3000d000 JavaThread "pool-1-thread-2" [_thread_blocked, id=9316, stack(0x00007f8c569f0000,0x00007f8c56af1000)]
  0x00007f8c28003800 JavaThread "pool-2-thread-1" [_thread_blocked, id=9315, stack(0x00007f8c56af1000,0x00007f8c56bf2000)]
  0x00007f8c30005800 JavaThread "pool-1-thread-1" [_thread_blocked, id=9314, stack(0x00007f8c56bf2000,0x00007f8c56cf3000)]
  0x00007f8c60f62800 JavaThread "StoreAndForward.local_mysql.MultiStageStore.ForwardThread" [_thread_blocked, id=9307, stack(0x00007f8c575f8000,0x00007f8c576f9000)]
  0x00007f8c94004800 JavaThread "http-8088-1" daemon [_thread_blocked, id=9287, stack(0x00007f8d01cd6000,0x00007f8d01dd7000)]
  0x00007f8d30589000 JavaThread "TP-Monitor" daemon [_thread_blocked, id=9280, stack(0x00007f8d02533000,0x00007f8d02634000)]
  0x00007f8d30588000 JavaThread "TP-Processor4" daemon [_thread_blocked, id=9279, stack(0x00007f8d02634000,0x00007f8d02735000)]
  0x00007f8d3059c800 JavaThread "TP-Processor3" daemon [_thread_blocked, id=9278, stack(0x00007f8d02735000,0x00007f8d02836000)]
  0x00007f8d3059b000 JavaThread "TP-Processor2" daemon [_thread_blocked, id=9277, stack(0x00007f8d02836000,0x00007f8d02937000)]
  0x00007f8d30590800 JavaThread "TP-Processor1" daemon [_thread_blocked, id=9276, stack(0x00007f8d02937000,0x00007f8d02a38000)]
  0x00007f8d30576000 JavaThread "http-8088-Acceptor-0" daemon [_thread_blocked, id=9275, stack(0x00007f8d02a38000,0x00007f8d02b39000)]
  0x00007f8d304f9800 JavaThread "GC Daemon" daemon [_thread_blocked, id=9273, stack(0x00007f8d032b6000,0x00007f8d033b7000)]
  0x00007f8d30508800 JavaThread "Abandoned connection cleanup thread" daemon [_thread_blocked, id=9272, stack(0x00007f8d18ba2000,0x00007f8d18ca3000)]
  0x00007f8ca801e000 JavaThread "RMI Scheduler(0)" daemon [_thread_blocked, id=9268, stack(0x00007f8d18ca3000,0x00007f8d18da4000)]
  0x00007f8d3021f000 JavaThread "RMI TCP Accept-0" daemon [_thread_in_native, id=9262, stack(0x00007f8d192f2000,0x00007f8d193f3000)]
  0x00007f8d30215800 JavaThread "RMI TCP Accept-1099" daemon [_thread_in_native, id=9261, stack(0x00007f8d193f3000,0x00007f8d194f4000)]
  0x00007f8d30204000 JavaThread "RMI TCP Accept-0" daemon [_thread_in_native, id=9260, stack(0x00007f8d194f4000,0x00007f8d195f5000)]
  0x00007f8d300d5000 JavaThread "Service Thread" daemon [_thread_blocked, id=9259, stack(0x00007f8d19c57000,0x00007f8d19d58000)]
  0x00007f8d300cf800 JavaThread "C1 CompilerThread3" daemon [_thread_blocked, id=9258, stack(0x00007f8d19d58000,0x00007f8d19e59000)]
  0x00007f8d300cd000 JavaThread "C2 CompilerThread2" daemon [_thread_blocked, id=9257, stack(0x00007f8d19e59000,0x00007f8d19f5a000)]
  0x00007f8d300cb800 JavaThread "C2 CompilerThread1" daemon [_thread_in_native, id=9256, stack(0x00007f8d19f5a000,0x00007f8d1a05b000)]
  0x00007f8d300c8800 JavaThread "C2 CompilerThread0" daemon [_thread_in_native, id=9255, stack(0x00007f8d1a05b000,0x00007f8d1a15c000)]
  0x00007f8d300c6800 JavaThread "JDWP Event Helper Thread" daemon [_thread_blocked, id=9253, stack(0x00007f8d1a25d000,0x00007f8d1a35e000)]
  0x00007f8d300b6000 JavaThread "Signal Dispatcher" daemon [_thread_blocked, id=9249, stack(0x00007f8d1a663000,0x00007f8d1a764000)]
  0x00007f8d30087800 JavaThread "Finalizer" daemon [_thread_blocked, id=9248, stack(0x00007f8d1a764000,0x00007f8d1a865000)]
  0x00007f8d30085800 JavaThread "Reference Handler" daemon [_thread_blocked, id=9247, stack(0x00007f8d1a865000,0x00007f8d1a966000)]
=>0x00007f8d3000d000 JavaThread "main" [_thread_in_native, id=9237, stack(0x00007f8d3971d000,0x00007f8d3981e000)]

Other Threads:
  0x00007f8d3007e800 VMThread [stack: 0x00007f8d1a966000,0x00007f8d1aa67000] [id=9246]
  0x00007f8d30229000 WatcherThread [stack: 0x00007f8d191f1000,0x00007f8d192f2000] [id=9263]

VM state:not at safepoint (normal execution)

VM Mutex/Monitor currently owned by a thread: None

Heap:
 PSYoungGen      total 235520K, used 85109K [0x000000076ce00000, 0x000000077cb80000, 0x00000007c0000000)
  eden space 219136K, 31% used [0x000000076ce00000,0x0000000771128e98,0x000000077a400000)
  from space 16384K, 99% used [0x000000077bb80000,0x000000077cb748b8,0x000000077cb80000)
  to   space 18944K, 0% used [0x000000077a680000,0x000000077a680000,0x000000077b900000)
 ParOldGen       total 179712K, used 23616K [0x00000006c6a00000, 0x00000006d1980000, 0x000000076ce00000)
  object space 179712K, 13% used [0x00000006c6a00000,0x00000006c81102c0,0x00000006d1980000)
 Metaspace       used 54160K, capacity 55370K, committed 55424K, reserved 1097728K
  class space    used 7517K, capacity 7798K, committed 7808K, reserved 1048576K

Card table byte_map: [0x00007f8d3566d000,0x00007f8d35e39000] byte_map_base: 0x00007f8d32038000

Marking Bits: (ParMarkBitMap*) 0x00007f8d38bf7c20
 Begin Bits: [0x00007f8cec350000, 0x00007f8cf01a8000)
 End Bits:   [0x00007f8cf01a8000, 0x00007f8cf4000000)

Polling page: 0x00007f8d39840000

CodeCache: size=245760Kb used=20572Kb max_used=20967Kb free=225187Kb
 bounds [0x00007f8d21000000, 0x00007f8d224b0000, 0x00007f8d30000000]
 total_blobs=5887 nmethods=5288 adapters=519
 compilation: enabled

Compilation events (10 events):
Event: 183.310 Thread 0x00007f8d300cf800 6424       3       java.lang.reflect.Modifier::isVolatile (13 bytes)
Event: 183.310 Thread 0x00007f8d300cf800 nmethod 6424 0x00007f8d21ddbd10 code [0x00007f8d21ddbe80, 0x00007f8d21ddc010]
Event: 183.312 Thread 0x00007f8d300cf800 6425       3       java.io.ObjectStreamClass::access$700 (5 bytes)
Event: 183.312 Thread 0x00007f8d300cf800 nmethod 6425 0x00007f8d21eacd90 code [0x00007f8d21eacf00, 0x00007f8d21ead068]
Event: 183.314 Thread 0x00007f8d300cf800 6426   !   3       java.io.ObjectStreamClass::getDeclaredSUID (40 bytes)
Event: 183.314 Thread 0x00007f8d300cf800 nmethod 6426 0x00007f8d2186b3d0 code [0x00007f8d2186b600, 0x00007f8d2186bec8]
Event: 183.315 Thread 0x00007f8d300c8800 6427       4       java.io.ObjectOutputStream$BlockDataOutputStream::setBlockDataMode (35 bytes)
Event: 183.315 Thread 0x00007f8d300cd000 6428       4       java.io.ObjectOutputStream$BlockDataOutputStream::drain (45 bytes)
Event: 183.316 Thread 0x00007f8d300cb800 nmethod 6418% 0x00007f8d21cae850 code [0x00007f8d21caea00, 0x00007f8d21caf2b8]
Event: 183.316 Thread 0x00007f8d300cb800 6430       4       java.io.ObjectOutputStream$BlockDataOutputStream::write (152 bytes)

GC Heap History (10 events):
Event: 5.381 GC heap before
{Heap before GC invocations=8 (full 1):
 PSYoungGen      total 147456K, used 128343K [0x000000076ce00000, 0x000000077a200000, 0x00000007c0000000)
  eden space 132608K, 92% used [0x000000076ce00000,0x000000077456e2f0,0x0000000774f80000)
  from space 14848K, 40% used [0x0000000775e00000,0x00000007763e7a70,0x0000000776c80000)
  to   space 14848K, 0% used [0x0000000774f80000,0x0000000774f80000,0x0000000775e00000)
 ParOldGen       total 113664K, used 12912K [0x00000006c6a00000, 0x00000006cd900000, 0x000000076ce00000)
  object space 113664K, 11% used [0x00000006c6a00000,0x00000006c769c2b0,0x00000006cd900000)
 Metaspace       used 34768K, capacity 35096K, committed 35320K, reserved 1079296K
  class space    used 4545K, capacity 4669K, committed 4736K, reserved 1048576K
Event: 5.391 GC heap after
Heap after GC invocations=8 (full 1):
 PSYoungGen      total 147456K, used 12959K [0x000000076ce00000, 0x000000077aa00000, 0x00000007c0000000)
  eden space 132608K, 0% used [0x000000076ce00000,0x000000076ce00000,0x0000000774f80000)
  from space 14848K, 87% used [0x0000000774f80000,0x0000000775c27e50,0x0000000775e00000)
  to   space 15872K, 0% used [0x0000000779a80000,0x0000000779a80000,0x000000077aa00000)
 ParOldGen       total 113664K, used 12920K [0x00000006c6a00000, 0x00000006cd900000, 0x000000076ce00000)
  object space 113664K, 11% used [0x00000006c6a00000,0x00000006c769e2b0,0x00000006cd900000)
 Metaspace       used 34768K, capacity 35096K, committed 35320K, reserved 1079296K
  class space    used 4545K, capacity 4669K, committed 4736K, reserved 1048576K
}
Event: 5.391 GC heap before
{Heap before GC invocations=9 (full 2):
 PSYoungGen      total 147456K, used 12959K [0x000000076ce00000, 0x000000077aa00000, 0x00000007c0000000)
  eden space 132608K, 0% used [0x000000076ce00000,0x000000076ce00000,0x0000000774f80000)
  from space 14848K, 87% used [0x0000000774f80000,0x0000000775c27e50,0x0000000775e00000)
  to   space 15872K, 0% used [0x0000000779a80000,0x0000000779a80000,0x000000077aa00000)
 ParOldGen       total 113664K, used 12920K [0x00000006c6a00000, 0x00000006cd900000, 0x000000076ce00000)
  object space 113664K, 11% used [0x00000006c6a00000,0x00000006c769e2b0,0x00000006cd900000)
 Metaspace       used 34768K, capacity 35096K, committed 35320K, reserved 1079296K
  class space    used 4545K, capacity 4669K, committed 4736K, reserved 1048576K
Event: 5.466 GC heap after
Heap after GC invocations=9 (full 2):
 PSYoungGen      total 147456K, used 0K [0x000000076ce00000, 0x000000077aa00000, 0x00000007c0000000)
  eden space 132608K, 0% used [0x000000076ce00000,0x000000076ce00000,0x0000000774f80000)
  from space 14848K, 0% used [0x0000000774f80000,0x0000000774f80000,0x0000000775e00000)
  to   space 15872K, 0% used [0x0000000779a80000,0x0000000779a80000,0x000000077aa00000)
 ParOldGen       total 179712K, used 23592K [0x00000006c6a00000, 0x00000006d1980000, 0x000000076ce00000)
  object space 179712K, 13% used [0x00000006c6a00000,0x00000006c810a2c0,0x00000006d1980000)
 Metaspace       used 34768K, capacity 35096K, committed 35320K, reserved 1079296K
  class space    used 4545K, capacity 4669K, committed 4736K, reserved 1048576K
}
Event: 6.374 GC heap before
{Heap before GC invocations=10 (full 2):
 PSYoungGen      total 147456K, used 132608K [0x000000076ce00000, 0x000000077aa00000, 0x00000007c0000000)
  eden space 132608K, 100% used [0x000000076ce00000,0x0000000774f80000,0x0000000774f80000)
  from space 14848K, 0% used [0x0000000774f80000,0x0000000774f80000,0x0000000775e00000)
  to   space 15872K, 0% used [0x0000000779a80000,0x0000000779a80000,0x000000077aa00000)
 ParOldGen       total 179712K, used 23592K [0x00000006c6a00000, 0x00000006d1980000, 0x000000076ce00000)
  object space 179712K, 13% used [0x00000006c6a00000,0x00000006c810a2c0,0x00000006d1980000)
 Metaspace       used 39505K, capacity 40014K, committed 40192K, reserved 1083392K
  class space    used 5703K, capacity 5842K, committed 5888K, reserved 1048576K
Event: 6.382 GC heap after
Heap after GC invocations=10 (full 2):
 PSYoungGen      total 194048K, used 5916K [0x000000076ce00000, 0x000000077a300000, 0x00000007c0000000)
  eden space 185344K, 0% used [0x000000076ce00000,0x000000076ce00000,0x0000000778300000)
  from space 8704K, 67% used [0x0000000779a80000,0x000000077a0471f0,0x000000077a300000)
  to   space 16384K, 0% used [0x0000000778300000,0x0000000778300000,0x0000000779300000)
 ParOldGen       total 179712K, used 23600K [0x00000006c6a00000, 0x00000006d1980000, 0x000000076ce00000)
  object space 179712K, 13% used [0x00000006c6a00000,0x00000006c810c2c0,0x00000006d1980000)
 Metaspace       used 39505K, capacity 40014K, committed 40192K, reserved 1083392K
  class space    used 5703K, capacity 5842K, committed 5888K, reserved 1048576K
}
Event: 8.250 GC heap before
{Heap before GC invocations=11 (full 2):
 PSYoungGen      total 194048K, used 191260K [0x000000076ce00000, 0x000000077a300000, 0x00000007c0000000)
  eden space 185344K, 100% used [0x000000076ce00000,0x0000000778300000,0x0000000778300000)
  from space 8704K, 67% used [0x0000000779a80000,0x000000077a0471f0,0x000000077a300000)
  to   space 16384K, 0% used [0x0000000778300000,0x0000000778300000,0x0000000779300000)
 ParOldGen       total 179712K, used 23600K [0x00000006c6a00000, 0x00000006d1980000, 0x000000076ce00000)
  object space 179712K, 13% used [0x00000006c6a00000,0x00000006c810c2c0,0x00000006d1980000)
 Metaspace       used 48321K, capacity 48898K, committed 49152K, reserved 1091584K
  class space    used 6746K, capacity 6912K, committed 6912K, reserved 1048576K
Event: 8.262 GC heap after
Heap after GC invocations=11 (full 2):
 PSYoungGen      total 201728K, used 14377K [0x000000076ce00000, 0x000000077cc80000, 0x00000007c0000000)
  eden space 185344K, 0% used [0x000000076ce00000,0x000000076ce00000,0x0000000778300000)
  from space 16384K, 87% used [0x0000000778300000,0x000000077910a668,0x0000000779300000)
  to   space 17408K, 0% used [0x000000077bb80000,0x000000077bb80000,0x000000077cc80000)
 ParOldGen       total 179712K, used 23608K [0x00000006c6a00000, 0x00000006d1980000, 0x000000076ce00000)
  object space 179712K, 13% used [0x00000006c6a00000,0x00000006c810e2c0,0x00000006d1980000)
 Metaspace       used 48321K, capacity 48898K, committed 49152K, reserved 1091584K
  class space    used 6746K, capacity 6912K, committed 6912K, reserved 1048576K
}
Event: 24.369 GC heap before
{Heap before GC invocations=12 (full 2):
 PSYoungGen      total 201728K, used 199721K [0x000000076ce00000, 0x000000077cc80000, 0x00000007c0000000)
  eden space 185344K, 100% used [0x000000076ce00000,0x0000000778300000,0x0000000778300000)
  from space 16384K, 87% used [0x0000000778300000,0x000000077910a668,0x0000000779300000)
  to   space 17408K, 0% used [0x000000077bb80000,0x000000077bb80000,0x000000077cc80000)
 ParOldGen       total 179712K, used 23608K [0x00000006c6a00000, 0x00000006d1980000, 0x000000076ce00000)
  object space 179712K, 13% used [0x00000006c6a00000,0x00000006c810e2c0,0x00000006d1980000)
 Metaspace       used 53413K, capacity 54572K, committed 54912K, reserved 1095680K
  class space    used 7478K, capacity 7719K, committed 7808K, reserved 1048576K
Event: 24.385 GC heap after
Heap after GC invocations=12 (full 2):
 PSYoungGen      total 235520K, used 16338K [0x000000076ce00000, 0x000000077cb80000, 0x00000007c0000000)
  eden space 219136K, 0% used [0x000000076ce00000,0x000000076ce00000,0x000000077a400000)
  from space 16384K, 99% used [0x000000077bb80000,0x000000077cb748b8,0x000000077cb80000)
  to   space 18944K, 0% used [0x000000077a680000,0x000000077a680000,0x000000077b900000)
 ParOldGen       total 179712K, used 23616K [0x00000006c6a00000, 0x00000006d1980000, 0x000000076ce00000)
  object space 179712K, 13% used [0x00000006c6a00000,0x00000006c81102c0,0x00000006d1980000)
 Metaspace       used 53413K, capacity 54572K, committed 54912K, reserved 1095680K
  class space    used 7478K, capacity 7719K, committed 7808K, reserved 1048576K
}

Deoptimization events (10 events):
Event: 183.195 Thread 0x00007f8d3000d000 Uncommon trap: reason=class_check action=maybe_recompile pc=0x00007f8d21c1d850 method=org.hsqldb.index.IndexAVL.unlinkNodes(Lorg/hsqldb/index/NodeAVL;)V @ 4
Event: 183.196 Thread 0x00007f8d3000d000 Uncommon trap: reason=unreached action=reinterpret pc=0x00007f8d21af1080 method=org.hsqldb.store.BaseHashMap.clearElementArrays(II)V @ 185
Event: 183.198 Thread 0x00007f8c607b6000 Uncommon trap: reason=unreached action=reinterpret pc=0x00007f8d22439e78 method=org.hsqldb.lib.HsqlTimer$TaskQueue.peekTask()Lorg/hsqldb/lib/HsqlTimer$Task; @ 6
Event: 183.309 Thread 0x00007f8d3000d000 Uncommon trap: reason=bimorphic action=maybe_recompile pc=0x00007f8d21f738bc method=java.io.ObjectOutputStream$BlockDataOutputStream.drain()V @ 36
Event: 183.309 Thread 0x00007f8d3000d000 Uncommon trap: reason=bimorphic action=maybe_recompile pc=0x00007f8d21f738bc method=java.io.ObjectOutputStream$BlockDataOutputStream.drain()V @ 36
Event: 183.309 Thread 0x00007f8d3000d000 Uncommon trap: reason=bimorphic action=maybe_recompile pc=0x00007f8d2200bcdc method=java.io.ObjectOutputStream$BlockDataOutputStream.drain()V @ 36
Event: 183.309 Thread 0x00007f8d3000d000 Uncommon trap: reason=class_check action=maybe_recompile pc=0x00007f8d2210b468 method=java.io.ObjectOutputStream$BlockDataOutputStream.write([BIIZ)V @ 23
Event: 183.311 Thread 0x00007f8d3000d000 Uncommon trap: reason=class_check action=maybe_recompile pc=0x00007f8d2210b468 method=java.io.ObjectOutputStream$BlockDataOutputStream.write([BIIZ)V @ 23
Event: 183.312 Thread 0x00007f8d3000d000 Uncommon trap: reason=class_check action=maybe_recompile pc=0x00007f8d2210b468 method=java.io.ObjectOutputStream$BlockDataOutputStream.write([BIIZ)V @ 23
Event: 183.313 Thread 0x00007f8d3000d000 Uncommon trap: reason=class_check action=maybe_recompile pc=0x00007f8d2210b468 method=java.io.ObjectOutputStream$BlockDataOutputStream.write([BIIZ)V @ 23

Internal exceptions (10 events):
Event: 183.186 Thread 0x00007f8d3000d000 Exception <a 'java/security/PrivilegedActionException'> (0x00000007705c8190) thrown at [/HUDSON/workspace/8-2-build-linux-amd64/jdk8u20/526.nc/hotspot/src/share/vm/prims/jvm.cpp, line 1258]
Event: 183.187 Thread 0x00007f8d3000d000 Exception <a 'java/security/PrivilegedActionException'> (0x00000007705da528) thrown at [/HUDSON/workspace/8-2-build-linux-amd64/jdk8u20/526.nc/hotspot/src/share/vm/prims/jvm.cpp, line 1258]
Event: 183.187 Thread 0x00007f8d3000d000 Exception <a 'java/security/PrivilegedActionException'> (0x00000007705db0c8) thrown at [/HUDSON/workspace/8-2-build-linux-amd64/jdk8u20/526.nc/hotspot/src/share/vm/prims/jvm.cpp, line 1258]
Event: 183.188 Thread 0x00007f8d3000d000 Exception <a 'java/lang/NullPointerException'> (0x00000007705e3b18) thrown at [/HUDSON/workspace/8-2-build-linux-amd64/jdk8u20/526.nc/hotspot/src/share/vm/interpreter/linkResolver.cpp, line 1268]
Event: 183.313 Thread 0x00007f8d3000d000 Exception <a 'java/security/PrivilegedActionException'> (0x00000007706060e0) thrown at [/HUDSON/workspace/8-2-build-linux-amd64/jdk8u20/526.nc/hotspot/src/share/vm/prims/jvm.cpp, line 1258]
Event: 183.313 Thread 0x00007f8d3000d000 Exception <a 'java/security/PrivilegedActionException'> (0x00000007706070c0) thrown at [/HUDSON/workspace/8-2-build-linux-amd64/jdk8u20/526.nc/hotspot/src/share/vm/prims/jvm.cpp, line 1258]
Event: 183.314 Thread 0x00007f8d3000d000 Exception <a 'java/security/PrivilegedActionException'> (0x00000007706226b8) thrown at [/HUDSON/workspace/8-2-build-linux-amd64/jdk8u20/526.nc/hotspot/src/share/vm/prims/jvm.cpp, line 1258]
Event: 183.314 Thread 0x00007f8d3000d000 Exception <a 'java/security/PrivilegedActionException'> (0x0000000770623728) thrown at [/HUDSON/workspace/8-2-build-linux-amd64/jdk8u20/526.nc/hotspot/src/share/vm/prims/jvm.cpp, line 1258]
Event: 183.314 Thread 0x00007f8d3000d000 Exception <a 'java/security/PrivilegedActionException'> (0x0000000770633a58) thrown at [/HUDSON/workspace/8-2-build-linux-amd64/jdk8u20/526.nc/hotspot/src/share/vm/prims/jvm.cpp, line 1258]
Event: 183.314 Thread 0x00007f8d3000d000 Exception <a 'java/security/PrivilegedActionException'> (0x0000000770634a78) thrown at [/HUDSON/workspace/8-2-build-linux-amd64/jdk8u20/526.nc/hotspot/src/share/vm/prims/jvm.cpp, line 1258]

Events (10 events):
Event: 183.316 Thread 0x00007f8d3000d000 DEOPT PACKING pc=0x00007f8d21f458cc sp=0x00007f8d39819d80
Event: 183.316 Thread 0x00007f8d3000d000 DEOPT UNPACKING pc=0x00007f8d2104741a sp=0x00007f8d39819b48 mode 1
Event: 183.316 Thread 0x00007f8d3000d000 DEOPT PACKING pc=0x00007f8d21f10a64 sp=0x00007f8d39819cf0
Event: 183.316 Thread 0x00007f8d3000d000 DEOPT UNPACKING pc=0x00007f8d2104741a sp=0x00007f8d39819ac8 mode 1
Event: 183.316 Thread 0x00007f8d3000d000 DEOPT PACKING pc=0x00007f8d21f10a64 sp=0x00007f8d39819cb0
Event: 183.316 Thread 0x00007f8d3000d000 DEOPT UNPACKING pc=0x00007f8d2104741a sp=0x00007f8d39819a70 mode 1
Event: 183.316 Thread 0x00007f8d3000d000 DEOPT PACKING pc=0x00007f8d21f458cc sp=0x00007f8d39819d80
Event: 183.316 Thread 0x00007f8d3000d000 DEOPT UNPACKING pc=0x00007f8d2104741a sp=0x00007f8d39819b48 mode 1
Event: 183.316 Thread 0x00007f8d3000d000 DEOPT PACKING pc=0x00007f8d21f10a64 sp=0x00007f8d39819cf0
Event: 183.316 Thread 0x00007f8d3000d000 DEOPT UNPACKING pc=0x00007f8d2104741a sp=0x00007f8d39819ac8 mode 1


Dynamic libraries:
00400000-00401000 r-xp 00000000 08:06 19938758                           /usr/lib/jvm/jdk1.8.0_20/bin/java
00600000-00601000 rw-p 00000000 08:06 19938758                           /usr/lib/jvm/jdk1.8.0_20/bin/java
00c9c000-00cbd000 rw-p 00000000 00:00 0                                  [heap]
6c6a00000-6d1980000 rw-p 00000000 00:00 0 
6d1980000-76ce00000 ---p 00000000 00:00 0 
76ce00000-77cb80000 rw-p 00000000 00:00 0 
77cb80000-7c0000000 ---p 00000000 00:00 0 
7c0000000-7c07a0000 rw-p 00000000 00:00 0 
7c07a0000-800000000 ---p 00000000 00:00 0 
7f8c14000000-7f8c14021000 rw-p 00000000 00:00 0 
7f8c14021000-7f8c18000000 ---p 00000000 00:00 0 
7f8c18000000-7f8c18021000 rw-p 00000000 00:00 0 
7f8c18021000-7f8c1c000000 ---p 00000000 00:00 0 
7f8c1c000000-7f8c1c021000 rw-p 00000000 00:00 0 
7f8c1c021000-7f8c20000000 ---p 00000000 00:00 0 
7f8c20000000-7f8c20021000 rw-p 00000000 00:00 0 
7f8c20021000-7f8c24000000 ---p 00000000 00:00 0 
7f8c24000000-7f8c2427b000 rw-p 00000000 00:00 0 
7f8c2427b000-7f8c28000000 ---p 00000000 00:00 0 
7f8c28000000-7f8c280e2000 rw-p 00000000 00:00 0 
7f8c280e2000-7f8c2c000000 ---p 00000000 00:00 0 
7f8c2c000000-7f8c2c021000 rw-p 00000000 00:00 0 
7f8c2c021000-7f8c30000000 ---p 00000000 00:00 0 
7f8c30000000-7f8c30040000 rw-p 00000000 00:00 0 
7f8c30040000-7f8c34000000 ---p 00000000 00:00 0 
7f8c34000000-7f8c34021000 rw-p 00000000 00:00 0 
7f8c34021000-7f8c38000000 ---p 00000000 00:00 0 
7f8c38000000-7f8c38021000 rw-p 00000000 00:00 0 
7f8c38021000-7f8c3c000000 ---p 00000000 00:00 0 
7f8c3c000000-7f8c3c021000 rw-p 00000000 00:00 0 
7f8c3c021000-7f8c40000000 ---p 00000000 00:00 0 
7f8c40000000-7f8c40021000 rw-p 00000000 00:00 0 
7f8c40021000-7f8c44000000 ---p 00000000 00:00 0 
7f8c44000000-7f8c44021000 rw-p 00000000 00:00 0 
7f8c44021000-7f8c48000000 ---p 00000000 00:00 0 
7f8c48000000-7f8c4802e000 rw-p 00000000 00:00 0 
7f8c4802e000-7f8c4c000000 ---p 00000000 00:00 0 
7f8c4c000000-7f8c4c021000 rw-p 00000000 00:00 0 
7f8c4c021000-7f8c50000000 ---p 00000000 00:00 0 
7f8c50000000-7f8c50100000 rw-p 00000000 00:00 0 
7f8c50100000-7f8c54000000 ---p 00000000 00:00 0 
7f8c551c2000-7f8c551c5000 ---p 00000000 00:00 0 
7f8c551c5000-7f8c55343000 rw-p 00000000 00:00 0 
7f8c55343000-7f8c554c6000 ---p 00000000 00:00 0 
7f8c554c6000-7f8c557c4000 rw-p 00000000 00:00 0 
7f8c557c4000-7f8c557c7000 ---p 00000000 00:00 0 
7f8c557c7000-7f8c558c5000 rw-p 00000000 00:00 0 
7f8c558c5000-7f8c558c8000 ---p 00000000 00:00 0 
7f8c558c8000-7f8c55bc6000 rw-p 00000000 00:00 0                          [stack:9395]
7f8c55bc6000-7f8c55bdd000 r-xp 00000000 08:06 15602148                   /lib/x86_64-linux-gnu/libresolv-2.19.so
7f8c55bdd000-7f8c55ddd000 ---p 00017000 08:06 15602148                   /lib/x86_64-linux-gnu/libresolv-2.19.so
7f8c55ddd000-7f8c55dde000 r--p 00017000 08:06 15602148                   /lib/x86_64-linux-gnu/libresolv-2.19.so
7f8c55dde000-7f8c55ddf000 rw-p 00018000 08:06 15602148                   /lib/x86_64-linux-gnu/libresolv-2.19.so
7f8c55ddf000-7f8c55de1000 rw-p 00000000 00:00 0 
7f8c55de1000-7f8c55de6000 r-xp 00000000 08:06 15602324                   /lib/x86_64-linux-gnu/libnss_dns-2.19.so
7f8c55de6000-7f8c55fe5000 ---p 00005000 08:06 15602324                   /lib/x86_64-linux-gnu/libnss_dns-2.19.so
7f8c55fe5000-7f8c55fe6000 r--p 00004000 08:06 15602324                   /lib/x86_64-linux-gnu/libnss_dns-2.19.so
7f8c55fe6000-7f8c55fe7000 rw-p 00005000 08:06 15602324                   /lib/x86_64-linux-gnu/libnss_dns-2.19.so
7f8c55fe7000-7f8c55fe9000 r-xp 00000000 08:06 15601607                   /lib/x86_64-linux-gnu/libnss_mdns4_minimal.so.2
7f8c55fe9000-7f8c561e8000 ---p 00002000 08:06 15601607                   /lib/x86_64-linux-gnu/libnss_mdns4_minimal.so.2
7f8c561e8000-7f8c561e9000 r--p 00001000 08:06 15601607                   /lib/x86_64-linux-gnu/libnss_mdns4_minimal.so.2
7f8c561e9000-7f8c561ea000 rw-p 00002000 08:06 15601607                   /lib/x86_64-linux-gnu/libnss_mdns4_minimal.so.2
7f8c561ea000-7f8c563ea000 rw-p 00000000 00:00 0 
7f8c563ea000-7f8c563ed000 ---p 00000000 00:00 0 
7f8c563ed000-7f8c564eb000 rw-p 00000000 00:00 0                          [stack:9322]
7f8c564eb000-7f8c564ee000 ---p 00000000 00:00 0 
7f8c564ee000-7f8c565ec000 rw-p 00000000 00:00 0                          [stack:9321]
7f8c565ec000-7f8c565ef000 ---p 00000000 00:00 0 
7f8c565ef000-7f8c566ed000 rw-p 00000000 00:00 0                          [stack:9320]
7f8c566ed000-7f8c566f0000 ---p 00000000 00:00 0 
7f8c566f0000-7f8c567ee000 rw-p 00000000 00:00 0                          [stack:9319]
7f8c567ee000-7f8c567f1000 ---p 00000000 00:00 0 
7f8c567f1000-7f8c568ef000 rw-p 00000000 00:00 0                          [stack:9318]
7f8c568ef000-7f8c568f2000 ---p 00000000 00:00 0 
7f8c568f2000-7f8c569f0000 rw-p 00000000 00:00 0                          [stack:9317]
7f8c569f0000-7f8c569f3000 ---p 00000000 00:00 0 
7f8c569f3000-7f8c56af1000 rw-p 00000000 00:00 0                          [stack:9316]
7f8c56af1000-7f8c56af4000 ---p 00000000 00:00 0 
7f8c56af4000-7f8c56bf2000 rw-p 00000000 00:00 0                          [stack:9315]
7f8c56bf2000-7f8c56bf5000 ---p 00000000 00:00 0 
7f8c56bf5000-7f8c56cf3000 rw-p 00000000 00:00 0                          [stack:9314]
7f8c56cf3000-7f8c56cf6000 ---p 00000000 00:00 0 
7f8c56cf6000-7f8c56df4000 rw-p 00000000 00:00 0 
7f8c56df4000-7f8c56df7000 ---p 00000000 00:00 0 
7f8c56df7000-7f8c56ef5000 rw-p 00000000 00:00 0 
7f8c56ef5000-7f8c56ef8000 ---p 00000000 00:00 0 
7f8c56ef8000-7f8c571f6000 rw-p 00000000 00:00 0                          [stack:9396]
7f8c571f6000-7f8c573f6000 rw-p 00000000 00:00 0 
7f8c573f6000-7f8c573f9000 ---p 00000000 00:00 0 
7f8c573f9000-7f8c574f7000 rw-p 00000000 00:00 0 
7f8c574f7000-7f8c574fa000 ---p 00000000 00:00 0 
7f8c574fa000-7f8c575f8000 rw-p 00000000 00:00 0 
7f8c575f8000-7f8c575fb000 ---p 00000000 00:00 0 
7f8c575fb000-7f8c576f9000 rw-p 00000000 00:00 0                          [stack:9307]
7f8c576f9000-7f8c576fc000 ---p 00000000 00:00 0 
7f8c576fc000-7f8c577fa000 rw-p 00000000 00:00 0 
7f8c577fa000-7f8c577fd000 ---p 00000000 00:00 0 
7f8c577fd000-7f8c57afb000 rw-p 00000000 00:00 0 
7f8c57afb000-7f8c57afe000 ---p 00000000 00:00 0 
7f8c57afe000-7f8c57bfc000 rw-p 00000000 00:00 0 
7f8c57bfc000-7f8c57bff000 ---p 00000000 00:00 0 
7f8c57bff000-7f8c57cfd000 rw-p 00000000 00:00 0 
7f8c57cfd000-7f8c57d00000 ---p 00000000 00:00 0 
7f8c57d00000-7f8c57dfe000 rw-p 00000000 00:00 0 
7f8c57dfe000-7f8c57e01000 ---p 00000000 00:00 0 
7f8c57e01000-7f8c57eff000 rw-p 00000000 00:00 0 
7f8c57eff000-7f8c57f02000 ---p 00000000 00:00 0 
7f8c57f02000-7f8c58000000 rw-p 00000000 00:00 0 
7f8c58000000-7f8c58021000 rw-p 00000000 00:00 0 
7f8c58021000-7f8c5c000000 ---p 00000000 00:00 0 
7f8c5c000000-7f8c5c021000 rw-p 00000000 00:00 0 
7f8c5c021000-7f8c60000000 ---p 00000000 00:00 0 
7f8c60000000-7f8c6116b000 rw-p 00000000 00:00 0 
7f8c6116b000-7f8c64000000 ---p 00000000 00:00 0 
7f8c64000000-7f8c64021000 rw-p 00000000 00:00 0 
7f8c64021000-7f8c68000000 ---p 00000000 00:00 0 
7f8c68000000-7f8c6802b000 rw-p 00000000 00:00 0 
7f8c6802b000-7f8c6c000000 ---p 00000000 00:00 0 
7f8c6c000000-7f8c6c021000 rw-p 00000000 00:00 0 
7f8c6c021000-7f8c70000000 ---p 00000000 00:00 0 
7f8c70000000-7f8c70472000 rw-p 00000000 00:00 0 
7f8c70472000-7f8c74000000 ---p 00000000 00:00 0 
7f8c74000000-7f8c74021000 rw-p 00000000 00:00 0 
7f8c74021000-7f8c78000000 ---p 00000000 00:00 0 
7f8c78000000-7f8c78021000 rw-p 00000000 00:00 0 
7f8c78021000-7f8c7c000000 ---p 00000000 00:00 0 
7f8c7c000000-7f8c7c021000 rw-p 00000000 00:00 0 
7f8c7c021000-7f8c80000000 ---p 00000000 00:00 0 
7f8c80000000-7f8c80021000 rw-p 00000000 00:00 0 
7f8c80021000-7f8c84000000 ---p 00000000 00:00 0 
7f8c84000000-7f8c8407d000 rw-p 00000000 00:00 0 
7f8c8407d000-7f8c88000000 ---p 00000000 00:00 0 
7f8c88000000-7f8c88021000 rw-p 00000000 00:00 0 
7f8c88021000-7f8c8c000000 ---p 00000000 00:00 0 
7f8c8c000000-7f8c8c021000 rw-p 00000000 00:00 0 
7f8c8c021000-7f8c90000000 ---p 00000000 00:00 0 
7f8c90000000-7f8c9013c000 rw-p 00000000 00:00 0 
7f8c9013c000-7f8c94000000 ---p 00000000 00:00 0 
7f8c94000000-7f8c94021000 rw-p 00000000 00:00 0 
7f8c94021000-7f8c98000000 ---p 00000000 00:00 0 
7f8c98000000-7f8c984cd000 rw-p 00000000 00:00 0 
7f8c984cd000-7f8c9c000000 ---p 00000000 00:00 0 
7f8c9c000000-7f8c9c021000 rw-p 00000000 00:00 0 
7f8c9c021000-7f8ca0000000 ---p 00000000 00:00 0 
7f8ca0000000-7f8ca0021000 rw-p 00000000 00:00 0 
7f8ca0021000-7f8ca4000000 ---p 00000000 00:00 0 
7f8ca4000000-7f8ca4021000 rw-p 00000000 00:00 0 
7f8ca4021000-7f8ca8000000 ---p 00000000 00:00 0 
7f8ca8000000-7f8ca8021000 rw-p 00000000 00:00 0 
7f8ca8021000-7f8cac000000 ---p 00000000 00:00 0 
7f8cac000000-7f8cac021000 rw-p 00000000 00:00 0 
7f8cac021000-7f8cb0000000 ---p 00000000 00:00 0 
7f8cb0000000-7f8cb0021000 rw-p 00000000 00:00 0 
7f8cb0021000-7f8cb4000000 ---p 00000000 00:00 0 
7f8cb4000000-7f8cb4021000 rw-p 00000000 00:00 0 
7f8cb4021000-7f8cb8000000 ---p 00000000 00:00 0 
7f8cb8000000-7f8cb8021000 rw-p 00000000 00:00 0 
7f8cb8021000-7f8cbc000000 ---p 00000000 00:00 0 
7f8cbc000000-7f8cbc021000 rw-p 00000000 00:00 0 
7f8cbc021000-7f8cc0000000 ---p 00000000 00:00 0 
7f8cc0000000-7f8cc09cb000 rw-p 00000000 00:00 0 
7f8cc09cb000-7f8cc4000000 ---p 00000000 00:00 0 
7f8cc4000000-7f8cc4021000 rw-p 00000000 00:00 0 
7f8cc4021000-7f8cc8000000 ---p 00000000 00:00 0 
7f8cc8000000-7f8cc93f2000 rw-p 00000000 00:00 0 
7f8cc93f2000-7f8ccc000000 ---p 00000000 00:00 0 
7f8ccc000000-7f8cce433000 rw-p 00000000 00:00 0 
7f8cce433000-7f8cd0000000 ---p 00000000 00:00 0 
7f8cd0000000-7f8cd0021000 rw-p 00000000 00:00 0 
7f8cd0021000-7f8cd4000000 ---p 00000000 00:00 0 
7f8cd4000000-7f8cd628a000 rw-p 00000000 00:00 0 
7f8cd628a000-7f8cd8000000 ---p 00000000 00:00 0 
7f8cd8000000-7f8cd8021000 rw-p 00000000 00:00 0 
7f8cd8021000-7f8cdc000000 ---p 00000000 00:00 0 
7f8cdc000000-7f8cdc0b5000 rw-p 00000000 00:00 0 
7f8cdc0b5000-7f8ce0000000 ---p 00000000 00:00 0 
7f8ce0000000-7f8ce0021000 rw-p 00000000 00:00 0 
7f8ce0021000-7f8ce4000000 ---p 00000000 00:00 0 
7f8ce4000000-7f8ce4021000 rw-p 00000000 00:00 0 
7f8ce4021000-7f8ce8000000 ---p 00000000 00:00 0 
7f8ce8000000-7f8ce8021000 rw-p 00000000 00:00 0 
7f8ce8021000-7f8cec000000 ---p 00000000 00:00 0 
7f8cec04d000-7f8cec050000 ---p 00000000 00:00 0 
7f8cec050000-7f8cec14e000 rw-p 00000000 00:00 0 
7f8cec14e000-7f8cec151000 ---p 00000000 00:00 0 
7f8cec151000-7f8cec24f000 rw-p 00000000 00:00 0 
7f8cec24f000-7f8cec252000 ---p 00000000 00:00 0 
7f8cec252000-7f8cf4000000 rw-p 00000000 00:00 0 
7f8cf4000000-7f8cf4021000 rw-p 00000000 00:00 0 
7f8cf4021000-7f8cf8000000 ---p 00000000 00:00 0 
7f8cf8000000-7f8cf810a000 rw-p 00000000 00:00 0 
7f8cf810a000-7f8cfc000000 ---p 00000000 00:00 0 
7f8cfc000000-7f8cfc021000 rw-p 00000000 00:00 0 
7f8cfc021000-7f8d00000000 ---p 00000000 00:00 0 
7f8d00093000-7f8d00293000 rw-p 00000000 00:00 0 
7f8d00293000-7f8d00493000 rw-p 00000000 00:00 0 
7f8d00493000-7f8d0049a000 r--s 00000000 08:06 15863595                   /usr/lib/x86_64-linux-gnu/gconv/gconv-modules.cache
7f8d005a8000-7f8d007a8000 rw-p 00000000 00:00 0 
7f8d007a8000-7f8d009a8000 rw-p 00000000 00:00 0 
7f8d009a8000-7f8d009ab000 ---p 00000000 00:00 0 
7f8d009ab000-7f8d00ca9000 rw-p 00000000 00:00 0 
7f8d00ca9000-7f8d00ea9000 rw-p 00000000 00:00 0 
7f8d00ea9000-7f8d010a9000 rw-p 00000000 00:00 0 
7f8d010a9000-7f8d010ab000 r--s 00003000 08:06 659380                     /usr/local/development/dev-7-7/Ignition/IgnitionWebApp/src/main/home/temp/sfc-gateway-api7289095256835709268.jar
7f8d010ab000-7f8d010ae000 r--s 00019000 08:06 659379                     /usr/local/development/dev-7-7/Ignition/IgnitionWebApp/src/main/home/temp/sfc-gateway348322752849073024.jar
7f8d010ae000-7f8d010b1000 r--s 00016000 08:06 659378                     /usr/local/development/dev-7-7/Ignition/IgnitionWebApp/src/main/home/temp/sfc-common1068692635651782682.jar
7f8d010b1000-7f8d010b5000 r--s 000be000 08:06 658862                     /usr/local/development/dev-7-7/Ignition/IgnitionWebApp/src/main/home/temp/vis-gateway3163214597440829217.jar
7f8d010b5000-7f8d010bd000 r--s 0009e000 08:06 657755                     /usr/local/development/dev-7-7/Ignition/IgnitionWebApp/src/main/home/temp/secsgem-gateway3614983184539256954.jar
7f8d012bf000-7f8d014bf000 rw-p 00000000 00:00 0 
7f8d014bf000-7f8d014c2000 ---p 00000000 00:00 0 
7f8d014c2000-7f8d015c0000 rw-p 00000000 00:00 0 
7f8d015c0000-7f8d015c3000 ---p 00000000 00:00 0 
7f8d015c3000-7f8d016c1000 rw-p 00000000 00:00 0 
7f8d016c1000-7f8d016c4000 ---p 00000000 00:00 0 
7f8d016c4000-7f8d017c2000 rw-p 00000000 00:00 0 
7f8d017c2000-7f8d017d5000 r--s 00345000 08:06 20582253                   /usr/lib/jvm/jdk1.8.0_20/jre/lib/resources.jar
7f8d017d5000-7f8d017d8000 ---p 00000000 00:00 0 
7f8d017d8000-7f8d01ad6000 rw-p 00000000 00:00 0 
7f8d01ad6000-7f8d01cd6000 rw-p 00000000 00:00 0 
7f8d01cd6000-7f8d01cd9000 ---p 00000000 00:00 0 
7f8d01cd9000-7f8d01dd8000 rw-p 00000000 00:00 0                          [stack:9287]
7f8d01dd8000-7f8d01dd9000 r--s 00002000 08:06 658869                     /usr/local/development/dev-7-7/Ignition/IgnitionWebApp/src/main/home/temp/vis-common8027557926158562312.jar
7f8d01dd9000-7f8d01dda000 r--s 00004000 08:06 658858                     /usr/local/development/dev-7-7/Ignition/IgnitionWebApp/src/main/home/temp/secsgem-shared7580168746333148781.jar
7f8d01dda000-7f8d01ddb000 r--s 00000000 08:06 2365020                    /usr/local/development/dev-7-7/Ignition/IgnitionWebApp/target/ignition-webapp-7.7/WEB-INF/lib/xopc-common-2.7.2-20141104.213412-19.jar
7f8d01ddb000-7f8d01df3000 r--s 000f7000 08:06 2365016                    /usr/local/development/dev-7-7/Ignition/IgnitionWebApp/target/ignition-webapp-7.7/WEB-INF/lib/xopc-2.7.2-20141104.213433-19.jar
7f8d01df3000-7f8d01e00000 r--s 000a0000 08:06 2365222                    /usr/local/development/dev-7-7/Ignition/IgnitionWebApp/target/ignition-webapp-7.7/WEB-INF/lib/winpack-3.8.3.jar
7f8d01e00000-7f8d01e0a000 r--s 0005c000 08:06 2364945                    /usr/local/development/dev-7-7/Ignition/IgnitionWebApp/target/ignition-webapp-7.7/WEB-INF/lib/wicket-util-6.1.1.jar
7f8d01e0a000-7f8d01e0d000 r--s 00012000 08:06 2364946                    /usr/local/development/dev-7-7/Ignition/IgnitionWebApp/target/ignition-webapp-7.7/WEB-INF/lib/wicket-request-6.1.1.jar
7f8d01e0d000-7f8d01e1f000 r--s 00138000 08:06 2364948                    /usr/local/development/dev-7-7/Ignition/IgnitionWebApp/target/ignition-webapp-7.7/WEB-INF/lib/wicket-extensions-6.1.1.jar
7f8d01e1f000-7f8d01e22000 r--s 00038000 08:06 2364947                    /usr/local/development/dev-7-7/Ignition/IgnitionWebApp/target/ignition-webapp-7.7/WEB-INF/lib/wicket-datetime-6.1.1.jar
7f8d01e22000-7f8d01e45000 r--s 001a3000 08:06 2364944                    /usr/local/development/dev-7-7/Ignition/IgnitionWebApp/target/ignition-webapp-7.7/WEB-INF/lib/wicket-core-6.1.1.jar
7f8d01e45000-7f8d01e47000 r--s 0012e000 08:06 2365207                    /usr/local/development/dev-7-7/Ignition/IgnitionWebApp/target/ignition-webapp-7.7/WEB-INF/lib/voice-cmu-slt-hsmm-5.0.jar
7f8d01e47000-7f8d01e48000 r--s 00006000 08:06 2365022                    /usr/local/development/dev-7-7/Ignition/IgnitionWebApp/target/ignition-webapp-7.7/WEB-INF/lib/user-manual-module-1.7.0-20131026.004611-6.jar
7f8d01e48000-7f8d01e49000 r--s 00268000 08:06 2365208                    /usr/local/development/dev-7-7/Ignition/IgnitionWebApp/target/ignition-webapp-7.7/WEB-INF/lib/ttsengine-ivona-2.7.2-20141104.214148-19.jar
7f8d01e49000-7f8d01e4c000 r--s 00017000 08:06 2365002                    /usr/local/development/dev-7-7/Ignition/IgnitionWebApp/target/ignition-webapp-7.7/WEB-INF/lib/timingframework-1.0.jar
7f8d01e4c000-7f8d01e4e000 r--s 00001000 08:06 2364734                    /usr/local/development/dev-7-7/Ignition/IgnitionWebApp/target/ignition-webapp-7.7/WEB-INF/lib/slf4j-log4j12-1.7.5.jar
7f8d01e4e000-7f8d01e50000 r--s 00005000 08:06 2364733                    /usr/local/development/dev-7-7/Ignition/IgnitionWebApp/target/ignition-webapp-7.7/WEB-INF/lib/slf4j-api-1.7.5.jar
7f8d01e50000-7f8d01e5a000 r--s 00061000 08:06 2365204                    /usr/local/development/dev-7-7/Ignition/IgnitionWebApp/target/ignition-webapp-7.7/WEB-INF/lib/sip-notification-2.7.2-20141104.214142-19.jar
7f8d01e5a000-7f8d01e5d000 r--s 0001f000 08:06 4198129                    /usr/local/development/dev-7-7/Ignition/IgnitionWebApp/target/ignition-webapp-7.7/WEB-INF/lib/simple-orm-7.7.2-SNAPSHOT.jar
7f8d01e5d000-7f8d01e5f000 r--s 00003000 08:06 2365213                    /usr/local/development/dev-7-7/Ignition/IgnitionWebApp/target/ignition-webapp-7.7/WEB-INF/lib/sfc-gateway-api-1.7.1-SNAPSHOT.jar
7f8d01e5f000-7f8d01e62000 r--s 00019000 08:06 2365212                    /usr/local/development/dev-7-7/Ignition/IgnitionWebApp/target/ignition-webapp-7.7/WEB-INF/lib/sfc-gateway-1.7.1-SNAPSHOT.jar
7f8d01e62000-7f8d01e65000 r--s 00016000 08:06 2365214                    /usr/local/development/dev-7-7/Ignition/IgnitionWebApp/target/ignition-webapp-7.7/WEB-INF/lib/sfc-common-1.7.1-SNAPSHOT.jar
7f8d01e65000-7f8d01e67000 r--s 0000f000 08:06 2365217                    /usr/local/development/dev-7-7/Ignition/IgnitionWebApp/target/ignition-webapp-7.7/WEB-INF/lib/serialio-8.7.0.jar
7f8d01e67000-7f8d01e69000 r--s 00028000 08:06 2365215                    /usr/local/development/dev-7-7/Ignition/IgnitionWebApp/target/ignition-webapp-7.7/WEB-INF/lib/serial-support-gateway-2.7.2-20141104.214033-19.jar
7f8d01e69000-7f8d01e6b000 r--s 00002000 08:06 2365216                    /usr/local/development/dev-7-7/Ignition/IgnitionWebApp/target/ignition-webapp-7.7/WEB-INF/lib/serial-support-common-2.7.2-20141104.214027-19.jar
7f8d01e6b000-7f8d01e70000 r--s 0003e000 08:06 2364955                    /usr/local/development/dev-7-7/Ignition/IgnitionWebApp/target/ignition-webapp-7.7/WEB-INF/lib/saaj-impl-1.3.jar
7f8d01e70000-7f8d01e72000 r--s 00003000 08:06 2364956                    /usr/local/development/dev-7-7/Ignition/IgnitionWebApp/target/ignition-webapp-7.7/WEB-INF/lib/saaj-api-1.3.jar
7f8d01e72000-7f8d01e7c000 r--s 0005c000 08:06 2365219                    /usr/local/development/dev-7-7/Ignition/IgnitionWebApp/target/ignition-webapp-7.7/WEB-INF/lib/opccom-gateway-2.7.2-20141104.213642-1.jar
7f8d01e7c000-7f8d01e7d000 r--s 00001000 08:06 2365218                    /usr/local/development/dev-7-7/Ignition/IgnitionWebApp/target/ignition-webapp-7.7/WEB-INF/lib/opccom-common-2.7.2-20141104.213635-1.jar
7f8d01e7d000-7f8d01e82000 r--s 00086000 08:06 2365210                    /usr/local/development/dev-7-7/Ignition/IgnitionWebApp/target/ignition-webapp-7.7/WEB-INF/lib/mobile-gateway-2.7.2-20141104.213623-19.jar
7f8d01e82000-7f8d01e84000 r--s 00002000 08:06 2365211                    /usr/local/development/dev-7-7/Ignition/IgnitionWebApp/target/ignition-webapp-7.7/WEB-INF/lib/mobile-common-2.7.2-20141104.213605-19.jar
7f8d01e84000-7f8d01e85000 r--s 00003000 08:06 2365006                    /usr/local/development/dev-7-7/Ignition/IgnitionWebApp/target/ignition-webapp-7.7/WEB-INF/lib/miglayout-swing-4.2.jar
7f8d01e85000-7f8d01e87000 r--s 0000f000 08:06 2365007                    /usr/local/development/dev-7-7/Ignition/IgnitionWebApp/target/ignition-webapp-7.7/WEB-INF/lib/miglayout-core-4.2.jar
7f8d01e87000-7f8d01e8a000 r--s 00012000 08:06 2364935                    /usr/local/development/dev-7-7/Ignition/IgnitionWebApp/target/ignition-webapp-7.7/WEB-INF/lib/metrics-core-3.0.1.jar
7f8d01e8a000-7f8d01ef9000 r--s 007bb000 08:06 2365205                    /usr/local/development/dev-7-7/Ignition/IgnitionWebApp/target/ignition-webapp-7.7/WEB-INF/lib/marytts-server-5.0.jar
7f8d01ef9000-7f8d01efc000 r--s 0069c000 08:06 2365206                    /usr/local/development/dev-7-7/Ignition/IgnitionWebApp/target/ignition-webapp-7.7/WEB-INF/lib/marytts-lang-en-5.0.jar
7f8d01efc000-7f8d01f04000 r--s 00075000 08:06 2364951                    /usr/local/development/dev-7-7/Ignition/IgnitionWebApp/target/ignition-webapp-7.7/WEB-INF/lib/mail-1.4.5.jar
7f8d01f04000-7f8d01f0b000 r--s 00059000 08:06 2364732                    /usr/local/development/dev-7-7/Ignition/IgnitionWebApp/target/ignition-webapp-7.7/WEB-INF/lib/log4j-1.2.15.jar
7f8d01f0b000-7f8d01fa8000 r--s 0082e000 08:06 2364728                    /usr/local/development/dev-7-7/Ignition/IgnitionWebApp/target/ignition-webapp-7.7/WEB-INF/lib/jython-2.5.3-guava-upgrade.jar
7f8d01fa8000-7f8d01fa9000 r--s 00001000 08:06 2364765                    /usr/local/development/dev-7-7/Ignition/IgnitionWebApp/target/ignition-webapp-7.7/WEB-INF/lib/jul-to-slf4j-1.7.5.jar
7f8d01fa9000-7f8d01faf000 r--s 00036000 08:06 2364949                    /usr/local/development/dev-7-7/Ignition/IgnitionWebApp/target/ignition-webapp-7.7/WEB-INF/lib/jquery-ui-core-6.1.0.jar
7f8d01faf000-7f8d01fbe000 r--s 0007c000 08:06 2364936                    /usr/local/development/dev-7-7/Ignition/IgnitionWebApp/target/ignition-webapp-7.7/WEB-INF/lib/joda-time-2.0.jar
7f8d01fbe000-7f8d01fc2000 r--s 00037000 08:06 2365221                    /usr/local/development/dev-7-7/Ignition/IgnitionWebApp/target/ignition-webapp-7.7/WEB-INF/lib/jniwrap-3.8.3.jar
7f8d01fc2000-7f8d01fc4000 r--s 00011000 08:06 2365015                    /usr/local/development/dev-7-7/Ignition/IgnitionWebApp/target/ignition-webapp-7.7/WEB-INF/lib/jide-shortcut-3.5.13.jar
7f8d01fc4000-7f8d01fc8000 r--s 00022000 08:06 2365010                    /usr/local/development/dev-7-7/Ignition/IgnitionWebApp/target/ignition-webapp-7.7/WEB-INF/lib/jide-plaf-3.5.13.jar
7f8d01fc8000-7f8d01fee000 r--s 001da000 08:06 2365009                    /usr/local/development/dev-7-7/Ignition/IgnitionWebApp/target/ignition-webapp-7.7/WEB-INF/lib/jide-grids-3.5.13.jar
7f8d01fee000-7f8d01ff8000 r--s 00061000 08:06 2365014                    /usr/local/development/dev-7-7/Ignition/IgnitionWebApp/target/ignition-webapp-7.7/WEB-INF/lib/jide-editor-3.5.13.jar
7f8d01ff8000-7f8d01ffe000 r--s 0004f000 08:06 2365013                    /usr/local/development/dev-7-7/Ignition/IgnitionWebApp/target/ignition-webapp-7.7/WEB-INF/lib/jide-dock-3.5.13.jar
7f8d01ffe000-7f8d02000000 r--s 0000c000 08:06 2365012                    /usr/local/development/dev-7-7/Ignition/IgnitionWebApp/target/ignition-webapp-7.7/WEB-INF/lib/jide-dialogs-3.5.13.jar
7f8d02000000-7f8d02008000 r--s 00055000 08:06 2365008                    /usr/local/development/dev-7-7/Ignition/IgnitionWebApp/target/ignition-webapp-7.7/WEB-INF/lib/jide-components-3.5.13.jar
7f8d02008000-7f8d02025000 r--s 00155000 08:06 2364766                    /usr/local/development/dev-7-7/Ignition/IgnitionWebApp/target/ignition-webapp-7.7/WEB-INF/lib/jide-common-3.5.13.jar
7f8d02025000-7f8d0202a000 r--s 0002f000 08:06 2365011                    /usr/local/development/dev-7-7/Ignition/IgnitionWebApp/target/ignition-webapp-7.7/WEB-INF/lib/jide-action-3.5.13.jar
7f8d0202a000-7f8d0203e000 r--s 0017c000 08:06 2365004                    /usr/local/development/dev-7-7/Ignition/IgnitionWebApp/target/ignition-webapp-7.7/WEB-INF/lib/jfreechart-min-1.0.0.jar
7f8d0203e000-7f8d02040000 r--s 00004000 08:06 2364991                    /usr/local/development/dev-7-7/Ignition/IgnitionWebApp/target/ignition-webapp-7.7/WEB-INF/lib/jaxrpc-spi-1.1.3_01.jar
7f8d02040000-7f8d0205d000 r--s 001ea000 08:06 2364953                    /usr/local/development/dev-7-7/Ignition/IgnitionWebApp/target/ignition-webapp-7.7/WEB-INF/lib/jaxrpc-impl-1.1.3_01.jar
7f8d0205d000-7f8d0205f000 r--s 00005000 08:06 2364954                    /usr/local/development/dev-7-7/Ignition/IgnitionWebApp/target/ignition-webapp-7.7/WEB-INF/lib/jaxrpc-api-1.1.jar
7f8d0205f000-7f8d02061000 r--s 00013000 08:06 2364730                    /usr/local/development/dev-7-7/Ignition/IgnitionWebApp/target/ignition-webapp-7.7/WEB-INF/lib/java-cup-10k.jar
7f8d02061000-7f8d02062000 r--s 00003000 08:06 2365209                    /usr/local/development/dev-7-7/Ignition/IgnitionWebApp/target/ignition-webapp-7.7/WEB-INF/lib/ivonatts-1.0.0.jar
7f8d02062000-7f8d02064000 r--s 00001000 08:06 2365019                    /usr/local/development/dev-7-7/Ignition/IgnitionWebApp/target/ignition-webapp-7.7/WEB-INF/lib/io-session-3.0.0-20130122.214435-9.jar
7f8d02064000-7f8d0206f000 r--s 00073000 08:06 2365018                    /usr/local/development/dev-7-7/Ignition/IgnitionWebApp/target/ignition-webapp-7.7/WEB-INF/lib/ia-opcua-2.7.2-20141104.213404-19.jar
7f8d0206f000-7f8d0207d000 r--s 0014e000 08:06 2364950                    /usr/local/development/dev-7-7/Ignition/IgnitionWebApp/target/ignition-webapp-7.7/WEB-INF/lib/hsqldb-2.2.9.jar
7f8d0207d000-7f8d0207e000 r--s 00001000 08:06 2365000                    /usr/local/development/dev-7-7/Ignition/IgnitionWebApp/target/ignition-webapp-7.7/WEB-INF/lib/hasp-srm-api-1.0.0.jar
7f8d0207e000-7f8d020a2000 r--s 001aa000 08:06 2364726                    /usr/local/development/dev-7-7/Ignition/IgnitionWebApp/target/ignition-webapp-7.7/WEB-INF/lib/guava-13.0.1.jar
7f8d020a2000-7f8d020c7000 r--s 00155000 08:06 4198528                    /usr/local/development/dev-7-7/Ignition/IgnitionWebApp/target/ignition-webapp-7.7/WEB-INF/lib/gateway-api-7.7.2-SNAPSHOT.jar
7f8d020c7000-7f8d020fc000 r--s 00273000 08:06 4198535                    /usr/local/development/dev-7-7/Ignition/IgnitionWebApp/target/ignition-webapp-7.7/WEB-INF/lib/gateway-7.7.2-SNAPSHOT.jar
7f8d020fc000-7f8d02100000 r--s 00016000 08:06 2365023                    /usr/local/development/dev-7-7/Ignition/IgnitionWebApp/target/ignition-webapp-7.7/WEB-INF/lib/fsql-common-6.7.2-20141104.213458-19.jar
7f8d02100000-7f8d02108000 r--s 001ca000 08:06 2365024                    /usr/local/development/dev-7-7/Ignition/IgnitionWebApp/target/ignition-webapp-7.7/WEB-INF/lib/fsql-6.7.2-20141104.213508-19.jar
7f8d02108000-7f8d0210c000 r--s 000be000 08:06 4198527                    /usr/local/development/dev-7-7/Ignition/IgnitionWebApp/target/ignition-webapp-7.7/WEB-INF/lib/fpmi-gateway-7.7.2-SNAPSHOT.jar
7f8d0210c000-7f8d0210d000 r--s 00001000 08:06 4198522                    /usr/local/development/dev-7-7/Ignition/IgnitionWebApp/target/ignition-webapp-7.7/WEB-INF/lib/fpmi-common-7.7.2-SNAPSHOT.jar
7f8d0210d000-7f8d02110000 r--s 00013000 08:06 2365003                    /usr/local/development/dev-7-7/Ignition/IgnitionWebApp/target/ignition-webapp-7.7/WEB-INF/lib/forms-1.0.7.jar
7f8d02110000-7f8d02112000 r--s 00003000 08:06 2365021                    /usr/local/development/dev-7-7/Ignition/IgnitionWebApp/target/ignition-webapp-7.7/WEB-INF/lib/drivers-common-2.7.2-20141104.213438-19.jar
7f8d02112000-7f8d02119000 r--s 0002f000 08:06 2365017                    /usr/local/development/dev-7-7/Ignition/IgnitionWebApp/target/ignition-webapp-7.7/WEB-INF/lib/driver-api-2.7.2-20141104.213410-19.jar
7f8d02119000-7f8d0216f000 r--s 00512000 08:06 4198523                    /usr/local/development/dev-7-7/Ignition/IgnitionWebApp/target/ignition-webapp-7.7/WEB-INF/lib/designer-7.7.2-SNAPSHOT.jar
7f8d0216f000-7f8d02171000 r--s 00007000 08:06 2364731                    /usr/local/development/dev-7-7/Ignition/IgnitionWebApp/target/ignition-webapp-7.7/WEB-INF/lib/cron4j-2.2.3.jar
7f8d02171000-7f8d02178000 r--s 00054000 08:06 2364729                    /usr/local/development/dev-7-7/Ignition/IgnitionWebApp/target/ignition-webapp-7.7/WEB-INF/lib/core-1.7.jar
7f8d02178000-7f8d0217b000 r--s 00013000 08:06 2364999                    /usr/local/development/dev-7-7/Ignition/IgnitionWebApp/target/ignition-webapp-7.7/WEB-INF/lib/commons-pool-1.4.jar
7f8d0217b000-7f8d0217d000 r--s 0000d000 08:06 2364941                    /usr/local/development/dev-7-7/Ignition/IgnitionWebApp/target/ignition-webapp-7.7/WEB-INF/lib/commons-logging-1.1.1.jar
7f8d0217d000-7f8d02183000 r--s 00048000 08:06 2364723                    /usr/local/development/dev-7-7/Ignition/IgnitionWebApp/target/ignition-webapp-7.7/WEB-INF/lib/commons-lang3-3.1.jar
7f8d02183000-7f8d02185000 r--s 0000e000 08:06 2364942                    /usr/local/development/dev-7-7/Ignition/IgnitionWebApp/target/ignition-webapp-7.7/WEB-INF/lib/commons-lang-1.0.jar
7f8d02185000-7f8d02188000 r--s 00025000 08:06 2364722                    /usr/local/development/dev-7-7/Ignition/IgnitionWebApp/target/ignition-webapp-7.7/WEB-INF/lib/commons-io-2.1.jar
7f8d02188000-7f8d0218b000 r--s 0000f000 08:06 2364997                    /usr/local/development/dev-7-7/Ignition/IgnitionWebApp/target/ignition-webapp-7.7/WEB-INF/lib/commons-discovery-0.2.jar
7f8d0218b000-7f8d0218d000 r--s 0001c000 08:06 2364998                    /usr/local/development/dev-7-7/Ignition/IgnitionWebApp/target/ignition-webapp-7.7/WEB-INF/lib/commons-dbcp-1.2.2.jar
7f8d0218d000-7f8d021be000 r--s 001ea000 08:06 4198525                    /usr/local/development/dev-7-7/Ignition/IgnitionWebApp/target/ignition-webapp-7.7/WEB-INF/lib/common-7.7.2-SNAPSHOT.jar
7f8d021be000-7f8d021cb000 r--s 00084000 08:06 2365220                    /usr/local/development/dev-7-7/Ignition/IgnitionWebApp/target/ignition-webapp-7.7/WEB-INF/lib/comfyj-2.9.jar
7f8d021cb000-7f8d021d0000 r--s 00030000 08:06 4198524                    /usr/local/development/dev-7-7/Ignition/IgnitionWebApp/target/ignition-webapp-7.7/WEB-INF/lib/client-bootstrap-7.7.2-SNAPSHOT.jar
7f8d021d0000-7f8d021f6000 r--s 001be000 08:06 4198529                    /usr/local/development/dev-7-7/Ignition/IgnitionWebApp/target/ignition-webapp-7.7/WEB-INF/lib/client-api-7.7.2-SNAPSHOT.jar
7f8d021f6000-7f8d0221e000 r--s 00196000 08:06 2364727                    /usr/local/development/dev-7-7/Ignition/IgnitionWebApp/target/ignition-webapp-7.7/WEB-INF/lib/bcprov-jdk16-unsigned-1.46-unsigned.jar
7f8d0221e000-7f8d02232000 r--s 00173000 08:06 2364993                    /usr/local/development/dev-7-7/Ignition/IgnitionWebApp/target/ignition-webapp-7.7/WEB-INF/lib/axis-1.4.jar
7f8d02232000-7f8d02235000 ---p 00000000 00:00 0 
7f8d02235000-7f8d02533000 rw-p 00000000 00:00 0 
7f8d02533000-7f8d02536000 ---p 00000000 00:00 0 
7f8d02536000-7f8d02634000 rw-p 00000000 00:00 0                          [stack:9280]
7f8d02634000-7f8d02637000 ---p 00000000 00:00 0 
7f8d02637000-7f8d02735000 rw-p 00000000 00:00 0                          [stack:9279]
7f8d02735000-7f8d02738000 ---p 00000000 00:00 0 
7f8d02738000-7f8d02836000 rw-p 00000000 00:00 0                          [stack:9278]
7f8d02836000-7f8d02839000 ---p 00000000 00:00 0 
7f8d02839000-7f8d02937000 rw-p 00000000 00:00 0                          [stack:9277]
7f8d02937000-7f8d0293a000 ---p 00000000 00:00 0 
7f8d0293a000-7f8d02a38000 rw-p 00000000 00:00 0                          [stack:9276]
7f8d02a38000-7f8d02a3b000 ---p 00000000 00:00 0 
7f8d02a3b000-7f8d02b39000 rw-p 00000000 00:00 0                          [stack:9275]
7f8d02b39000-7f8d02b3c000 ---p 00000000 00:00 0 
7f8d02b3c000-7f8d02c3a000 rw-p 00000000 00:00 0 
7f8d02c3a000-7f8d02c50000 r-xp 00000000 08:06 15602357                   /lib/x86_64-linux-gnu/libgcc_s.so.1
7f8d02c50000-7f8d02e4f000 ---p 00016000 08:06 15602357                   /lib/x86_64-linux-gnu/libgcc_s.so.1
7f8d02e4f000-7f8d02e50000 rw-p 00015000 08:06 15602357                   /lib/x86_64-linux-gnu/libgcc_s.so.1
7f8d02e50000-7f8d02e52000 r--s 00006000 08:06 2364940                    /usr/local/development/dev-7-7/Ignition/IgnitionWebApp/target/ignition-webapp-7.7/WEB-INF/lib/commons-cli-1.0.jar
7f8d02e52000-7f8d02e53000 r--s 00004000 08:06 4198536                    /usr/local/development/dev-7-7/Ignition/IgnitionWebApp/target/ignition-webapp-7.7/WEB-INF/lib/bootstrap-7.7.2-SNAPSHOT-classes.jar
7f8d02e53000-7f8d02e58000 r--s 0003e000 08:06 2364938                    /usr/local/development/dev-7-7/Ignition/IgnitionWebApp/target/ignition-webapp-7.7/WEB-INF/lib/barcode4j-2.1.jar
7f8d02e58000-7f8d02e5b000 r--s 0001c000 08:06 2364996                    /usr/local/development/dev-7-7/Ignition/IgnitionWebApp/target/ignition-webapp-7.7/WEB-INF/lib/axis-wsdl4j-1.5.1.jar
7f8d02e5b000-7f8d02e5d000 r--s 00006000 08:06 2364994                    /usr/local/development/dev-7-7/Ignition/IgnitionWebApp/target/ignition-webapp-7.7/WEB-INF/lib/axis-jaxrpc-1.4.jar
7f8d02e5d000-7f8d02e5f000 r--s 0000d000 08:06 2364939                    /usr/local/development/dev-7-7/Ignition/IgnitionWebApp/target/ignition-webapp-7.7/WEB-INF/lib/avalon-framework-impl-4.2.0.jar
7f8d02e5f000-7f8d02e67000 r--s 00049000 08:06 2365005                    /usr/local/development/dev-7-7/Ignition/IgnitionWebApp/target/ignition-webapp-7.7/WEB-INF/lib/alloy-1.4.4.ia1.jar
7f8d02e67000-7f8d02e69000 r--s 00003000 08:06 2365026                    /usr/local/development/dev-7-7/Ignition/IgnitionWebApp/target/ignition-webapp-7.7/WEB-INF/lib/alarm-notification-gateway-api-2.7.2-20141104.214105-19.jar
7f8d02e69000-7f8d02e6f000 r--s 00032000 08:06 2365025                    /usr/local/development/dev-7-7/Ignition/IgnitionWebApp/target/ignition-webapp-7.7/WEB-INF/lib/alarm-notification-gateway-2.7.2-20141104.214111-19.jar
7f8d02e6f000-7f8d02ea1000 r-xp 00000000 08:06 20582265                   /usr/lib/jvm/jdk1.8.0_20/jre/lib/amd64/libsunec.so
7f8d02ea1000-7f8d030a0000 ---p 00032000 08:06 20582265                   /usr/lib/jvm/jdk1.8.0_20/jre/lib/amd64/libsunec.so
7f8d030a0000-7f8d030a6000 rw-p 00031000 08:06 20582265                   /usr/lib/jvm/jdk1.8.0_20/jre/lib/amd64/libsunec.so
7f8d030a6000-7f8d032b6000 rw-p 00000000 00:00 0 
7f8d032b6000-7f8d032b9000 ---p 00000000 00:00 0 
7f8d032b9000-7f8d033b7000 rw-p 00000000 00:00 0                          [stack:9273]
7f8d033b7000-7f8d033bc000 r-xp 00000000 08:06 15211194                   /usr/lib/x86_64-linux-gnu/libXdmcp.so.6.0.0
7f8d033bc000-7f8d035bb000 ---p 00005000 08:06 15211194                   /usr/lib/x86_64-linux-gnu/libXdmcp.so.6.0.0
7f8d035bb000-7f8d035bc000 r--p 00004000 08:06 15211194                   /usr/lib/x86_64-linux-gnu/libXdmcp.so.6.0.0
7f8d035bc000-7f8d035bd000 rw-p 00005000 08:06 15211194                   /usr/lib/x86_64-linux-gnu/libXdmcp.so.6.0.0
7f8d035bd000-7f8d035bf000 r-xp 00000000 08:06 15211183                   /usr/lib/x86_64-linux-gnu/libXau.so.6.0.0
7f8d035bf000-7f8d037bf000 ---p 00002000 08:06 15211183                   /usr/lib/x86_64-linux-gnu/libXau.so.6.0.0
7f8d037bf000-7f8d037c0000 r--p 00002000 08:06 15211183                   /usr/lib/x86_64-linux-gnu/libXau.so.6.0.0
7f8d037c0000-7f8d037c1000 rw-p 00003000 08:06 15211183                   /usr/lib/x86_64-linux-gnu/libXau.so.6.0.0
7f8d037c1000-7f8d037de000 r-xp 00000000 08:06 15212358                   /usr/lib/x86_64-linux-gnu/libxcb.so.1.1.0
7f8d037de000-7f8d039de000 ---p 0001d000 08:06 15212358                   /usr/lib/x86_64-linux-gnu/libxcb.so.1.1.0
7f8d039de000-7f8d039df000 r--p 0001d000 08:06 15212358                   /usr/lib/x86_64-linux-gnu/libxcb.so.1.1.0
7f8d039df000-7f8d039e0000 rw-p 0001e000 08:06 15212358                   /usr/lib/x86_64-linux-gnu/libxcb.so.1.1.0
7f8d039e0000-7f8d039ef000 r-xp 00000000 08:06 15211204                   /usr/lib/x86_64-linux-gnu/libXi.so.6.1.0
7f8d039ef000-7f8d03bee000 ---p 0000f000 08:06 15211204                   /usr/lib/x86_64-linux-gnu/libXi.so.6.1.0
7f8d03bee000-7f8d03bef000 r--p 0000e000 08:06 15211204                   /usr/lib/x86_64-linux-gnu/libXi.so.6.1.0
7f8d03bef000-7f8d03bf0000 rw-p 0000f000 08:06 15211204                   /usr/lib/x86_64-linux-gnu/libXi.so.6.1.0
7f8d03bf0000-7f8d03bf5000 r-xp 00000000 08:06 15211222                   /usr/lib/x86_64-linux-gnu/libXtst.so.6.1.0
7f8d03bf5000-7f8d03df4000 ---p 00005000 08:06 15211222                   /usr/lib/x86_64-linux-gnu/libXtst.so.6.1.0
7f8d03df4000-7f8d03df5000 r--p 00004000 08:06 15211222                   /usr/lib/x86_64-linux-gnu/libXtst.so.6.1.0
7f8d03df5000-7f8d03df6000 rw-p 00005000 08:06 15211222                   /usr/lib/x86_64-linux-gnu/libXtst.so.6.1.0
7f8d03df6000-7f8d03dff000 r-xp 00000000 08:06 15211216                   /usr/lib/x86_64-linux-gnu/libXrender.so.1.3.0
7f8d03dff000-7f8d03ffe000 ---p 00009000 08:06 15211216                   /usr/lib/x86_64-linux-gnu/libXrender.so.1.3.0
7f8d03ffe000-7f8d03fff000 r--p 00008000 08:06 15211216                   /usr/lib/x86_64-linux-gnu/libXrender.so.1.3.0
7f8d03fff000-7f8d04000000 rw-p 00009000 08:06 15211216                   /usr/lib/x86_64-linux-gnu/libXrender.so.1.3.0
7f8d04000000-7f8d04021000 rw-p 00000000 00:00 0 
7f8d04021000-7f8d08000000 ---p 00000000 00:00 0 
7f8d08000000-7f8d08021000 rw-p 00000000 00:00 0 
7f8d08021000-7f8d0c000000 ---p 00000000 00:00 0 
7f8d0c000000-7f8d0c021000 rw-p 00000000 00:00 0 
7f8d0c021000-7f8d10000000 ---p 00000000 00:00 0 
7f8d10000000-7f8d10021000 rw-p 00000000 00:00 0 
7f8d10021000-7f8d14000000 ---p 00000000 00:00 0 
7f8d14000000-7f8d14021000 rw-p 00000000 00:00 0 
7f8d14021000-7f8d18000000 ---p 00000000 00:00 0 
7f8d18000000-7f8d18002000 r--s 00004000 08:06 2365027                    /usr/local/development/dev-7-7/Ignition/IgnitionWebApp/target/ignition-webapp-7.7/WEB-INF/lib/alarm-notification-common-2.7.2-20141104.214053-19.jar
7f8d18002000-7f8d1800c000 r--s 00036000 08:06 2365203                    /usr/local/development/dev-7-7/Ignition/IgnitionWebApp/target/ignition-webapp-7.7/WEB-INF/lib/airlink-sms-notification-2.7.2-20141104.214125-19.jar
7f8d1800c000-7f8d1800e000 r--s 0000d000 08:06 2365001                    /usr/local/development/dev-7-7/Ignition/IgnitionWebApp/target/ignition-webapp-7.7/WEB-INF/lib/activation-ws-1.0.0.jar
7f8d1800e000-7f8d18010000 r--s 0000e000 08:06 2364952                    /usr/local/development/dev-7-7/Ignition/IgnitionWebApp/target/ignition-webapp-7.7/WEB-INF/lib/activation-1.1.jar
7f8d18010000-7f8d18140000 r-xp 00000000 08:06 15211179                   /usr/lib/x86_64-linux-gnu/libX11.so.6.3.0
7f8d18140000-7f8d18340000 ---p 00130000 08:06 15211179                   /usr/lib/x86_64-linux-gnu/libX11.so.6.3.0
7f8d18340000-7f8d18341000 r--p 00130000 08:06 15211179                   /usr/lib/x86_64-linux-gnu/libX11.so.6.3.0
7f8d18341000-7f8d18345000 rw-p 00131000 08:06 15211179                   /usr/lib/x86_64-linux-gnu/libX11.so.6.3.0
7f8d18345000-7f8d18356000 r-xp 00000000 08:06 15211196                   /usr/lib/x86_64-linux-gnu/libXext.so.6.4.0
7f8d18356000-7f8d18555000 ---p 00011000 08:06 15211196                   /usr/lib/x86_64-linux-gnu/libXext.so.6.4.0
7f8d18555000-7f8d18556000 r--p 00010000 08:06 15211196                   /usr/lib/x86_64-linux-gnu/libXext.so.6.4.0
7f8d18556000-7f8d18557000 rw-p 00011000 08:06 15211196                   /usr/lib/x86_64-linux-gnu/libXext.so.6.4.0
7f8d18557000-7f8d18558000 r--s 00004000 08:06 2364995                    /usr/local/development/dev-7-7/Ignition/IgnitionWebApp/target/ignition-webapp-7.7/WEB-INF/lib/axis-saaj-1.4.jar
7f8d18558000-7f8d18561000 r--s 00069000 08:06 2365223                    /usr/local/development/dev-7-7/Ignition/IgnitionWebApp/target/ignition-webapp-7.7/WEB-INF/lib/ab-drivers-1.7.0-20131026.004154-8.jar
7f8d18561000-7f8d18566000 r--s 0003c000 08:06 2364992                    /usr/local/development/dev-7-7/Ignition/IgnitionWebApp/target/ignition-webapp-7.7/WEB-INF/lib/FastInfoset-1.0.2.jar
7f8d18566000-7f8d1856b000 r--s 002f8000 08:06 20582247                   /usr/lib/jvm/jdk1.8.0_20/jre/lib/charsets.jar
7f8d1856b000-7f8d18570000 r--s 0003f000 08:06 1185790                    /usr/lib/jvm/jdk1.8.0_20/jre/lib/ext/sunjce_provider.jar
7f8d18570000-7f8d18573000 r--s 0003a000 08:06 1185787                    /usr/lib/jvm/jdk1.8.0_20/jre/lib/ext/sunpkcs11.jar
7f8d18573000-7f8d18574000 r--s 00009000 08:06 1185781                    /usr/lib/jvm/jdk1.8.0_20/jre/lib/ext/sunec.jar
7f8d18574000-7f8d18576000 r--s 0001a000 08:06 20582317                   /usr/lib/jvm/jdk1.8.0_20/jre/lib/jce.jar
7f8d18576000-7f8d185ca000 r-xp 00000000 08:06 20582307                   /usr/lib/jvm/jdk1.8.0_20/jre/lib/amd64/libawt_xawt.so
7f8d185ca000-7f8d187ca000 ---p 00054000 08:06 20582307                   /usr/lib/jvm/jdk1.8.0_20/jre/lib/amd64/libawt_xawt.so
7f8d187ca000-7f8d187ce000 rw-p 00054000 08:06 20582307                   /usr/lib/jvm/jdk1.8.0_20/jre/lib/amd64/libawt_xawt.so
7f8d187ce000-7f8d187cf000 rw-p 00000000 00:00 0 
7f8d187cf000-7f8d18871000 r-xp 00000000 08:06 20582293                   /usr/lib/jvm/jdk1.8.0_20/jre/lib/amd64/libawt.so
7f8d18871000-7f8d18a71000 ---p 000a2000 08:06 20582293                   /usr/lib/jvm/jdk1.8.0_20/jre/lib/amd64/libawt.so
7f8d18a71000-7f8d18a7d000 rw-p 000a2000 08:06 20582293                   /usr/lib/jvm/jdk1.8.0_20/jre/lib/amd64/libawt.so
7f8d18a7d000-7f8d18aa1000 rw-p 00000000 00:00 0 
7f8d18aa1000-7f8d18aa4000 ---p 00000000 00:00 0 
7f8d18aa4000-7f8d18ba2000 rw-p 00000000 00:00 0 
7f8d18ba2000-7f8d18ba5000 ---p 00000000 00:00 0 
7f8d18ba5000-7f8d18ca3000 rw-p 00000000 00:00 0                          [stack:9272]
7f8d18ca3000-7f8d18ca6000 ---p 00000000 00:00 0 
7f8d18ca6000-7f8d18da4000 rw-p 00000000 00:00 0                          [stack:9268]
7f8d18da4000-7f8d18da7000 ---p 00000000 00:00 0 
7f8d18da7000-7f8d18ea5000 rw-p 00000000 00:00 0 
7f8d18ea5000-7f8d18ea8000 ---p 00000000 00:00 0 
7f8d18ea8000-7f8d18fa6000 rw-p 00000000 00:00 0 
7f8d18fa6000-7f8d18fb0000 r--s 00116000 08:06 1185789                    /usr/lib/jvm/jdk1.8.0_20/jre/lib/ext/localedata.jar
7f8d18fb0000-7f8d18fcc000 r--s 00393000 08:06 1185783                    /usr/lib/jvm/jdk1.8.0_20/jre/lib/ext/cldrdata.jar
7f8d18fcc000-7f8d191cc000 rw-p 00000000 00:00 0 
7f8d191cc000-7f8d191cf000 r--s 0000f000 08:06 19532219                   /usr/local/development/dev-7-6/Ignition/Servers/apache-tomcat-6.0.36/lib/tomcat-i18n-es.jar
7f8d191cf000-7f8d191d1000 r--s 0000b000 08:06 19532220                   /usr/local/development/dev-7-6/Ignition/Servers/apache-tomcat-6.0.36/lib/tomcat-i18n-fr.jar
7f8d191d1000-7f8d191e1000 r--s 0019c000 08:06 19532210                   /usr/local/development/dev-7-6/Ignition/Servers/apache-tomcat-6.0.36/lib/ecj-3.7.2.jar
7f8d191e1000-7f8d191f1000 r--s 00120000 08:06 19532209                   /usr/local/development/dev-7-6/Ignition/Servers/apache-tomcat-6.0.36/lib/catalina.jar
7f8d191f1000-7f8d191f2000 ---p 00000000 00:00 0 
7f8d191f2000-7f8d192f2000 rw-p 00000000 00:00 0                          [stack:9263]
7f8d192f2000-7f8d192f5000 ---p 00000000 00:00 0 
7f8d192f5000-7f8d193f3000 rw-p 00000000 00:00 0                          [stack:9262]
7f8d193f3000-7f8d193f6000 ---p 00000000 00:00 0 
7f8d193f6000-7f8d194f4000 rw-p 00000000 00:00 0                          [stack:9261]
7f8d194f4000-7f8d194f7000 ---p 00000000 00:00 0 
7f8d194f7000-7f8d195f5000 rw-p 00000000 00:00 0                          [stack:9260]
7f8d195f5000-7f8d19606000 r-xp 00000000 08:06 20582303                   /usr/lib/jvm/jdk1.8.0_20/jre/lib/amd64/libnio.so
7f8d19606000-7f8d19805000 ---p 00011000 08:06 20582303                   /usr/lib/jvm/jdk1.8.0_20/jre/lib/amd64/libnio.so
7f8d19805000-7f8d19806000 rw-p 00010000 08:06 20582303                   /usr/lib/jvm/jdk1.8.0_20/jre/lib/amd64/libnio.so
7f8d19806000-7f8d19837000 rw-p 00000000 00:00 0 
7f8d19837000-7f8d1984d000 r-xp 00000000 08:06 20582300                   /usr/lib/jvm/jdk1.8.0_20/jre/lib/amd64/libnet.so
7f8d1984d000-7f8d19a4d000 ---p 00016000 08:06 20582300                   /usr/lib/jvm/jdk1.8.0_20/jre/lib/amd64/libnet.so
7f8d19a4d000-7f8d19a4e000 rw-p 00016000 08:06 20582300                   /usr/lib/jvm/jdk1.8.0_20/jre/lib/amd64/libnet.so
7f8d19a4e000-7f8d19a56000 r-xp 00000000 08:06 20582308                   /usr/lib/jvm/jdk1.8.0_20/jre/lib/amd64/libmanagement.so
7f8d19a56000-7f8d19c56000 ---p 00008000 08:06 20582308                   /usr/lib/jvm/jdk1.8.0_20/jre/lib/amd64/libmanagement.so
7f8d19c56000-7f8d19c57000 rw-p 00008000 08:06 20582308                   /usr/lib/jvm/jdk1.8.0_20/jre/lib/amd64/libmanagement.so
7f8d19c57000-7f8d19c5a000 ---p 00000000 00:00 0 
7f8d19c5a000-7f8d19d58000 rw-p 00000000 00:00 0                          [stack:9259]
7f8d19d58000-7f8d19d5b000 ---p 00000000 00:00 0 
7f8d19d5b000-7f8d19e59000 rw-p 00000000 00:00 0                          [stack:9258]
7f8d19e59000-7f8d19e5c000 ---p 00000000 00:00 0 
7f8d19e5c000-7f8d19f5a000 rw-p 00000000 00:00 0                          [stack:9257]
7f8d19f5a000-7f8d19f5d000 ---p 00000000 00:00 0 
7f8d19f5d000-7f8d1a05b000 rw-p 00000000 00:00 0                          [stack:9256]
7f8d1a05b000-7f8d1a05e000 ---p 00000000 00:00 0 
7f8d1a05e000-7f8d1a15c000 rw-p 00000000 00:00 0                          [stack:9255]
7f8d1a15c000-7f8d1a15f000 ---p 00000000 00:00 0 
7f8d1a15f000-7f8d1a25d000 rw-p 00000000 00:00 0 
7f8d1a25d000-7f8d1a260000 ---p 00000000 00:00 0 
7f8d1a260000-7f8d1a35e000 rw-p 00000000 00:00 0                          [stack:9253]
7f8d1a35e000-7f8d1a361000 ---p 00000000 00:00 0 
7f8d1a361000-7f8d1a45f000 rw-p 00000000 00:00 0 
7f8d1a45f000-7f8d1a463000 r-xp 00000000 08:06 20582275                   /usr/lib/jvm/jdk1.8.0_20/jre/lib/amd64/libdt_socket.so
7f8d1a463000-7f8d1a662000 ---p 00004000 08:06 20582275                   /usr/lib/jvm/jdk1.8.0_20/jre/lib/amd64/libdt_socket.so
7f8d1a662000-7f8d1a663000 rw-p 00003000 08:06 20582275                   /usr/lib/jvm/jdk1.8.0_20/jre/lib/amd64/libdt_socket.so
7f8d1a663000-7f8d1a666000 ---p 00000000 00:00 0 
7f8d1a666000-7f8d1a764000 rw-p 00000000 00:00 0                          [stack:9249]
7f8d1a764000-7f8d1a767000 ---p 00000000 00:00 0 
7f8d1a767000-7f8d1a865000 rw-p 00000000 00:00 0                          [stack:9248]
7f8d1a865000-7f8d1a868000 ---p 00000000 00:00 0 
7f8d1a868000-7f8d1a966000 rw-p 00000000 00:00 0                          [stack:9247]
7f8d1a966000-7f8d1a967000 ---p 00000000 00:00 0 
7f8d1a967000-7f8d1c000000 rw-p 00000000 00:00 0                          [stack:9246]
7f8d1c000000-7f8d1c021000 rw-p 00000000 00:00 0 
7f8d1c021000-7f8d20000000 ---p 00000000 00:00 0 
7f8d20000000-7f8d20004000 r--s 0003a000 08:06 19532218                   /usr/local/development/dev-7-6/Ignition/Servers/apache-tomcat-6.0.36/lib/tomcat-dbcp.jar
7f8d20004000-7f8d2062b000 rw-p 00000000 00:00 0 
7f8d2062b000-7f8d20800000 r--s 03ca3000 08:06 20582249                   /usr/lib/jvm/jdk1.8.0_20/jre/lib/rt.jar
7f8d20800000-7f8d21000000 rw-p 00000000 00:00 0 
7f8d21000000-7f8d224b0000 rwxp 00000000 00:00 0 
7f8d224b0000-7f8d30000000 ---p 00000000 00:00 0 
7f8d30000000-7f8d30825000 rw-p 00000000 00:00 0 
7f8d30825000-7f8d34000000 ---p 00000000 00:00 0 
7f8d34000000-7f8d34007000 r--s 000c7000 08:06 19532215                   /usr/local/development/dev-7-6/Ignition/Servers/apache-tomcat-6.0.36/lib/mysql-connector-java-5.1.23-bin.jar
7f8d34007000-7f8d3400a000 r--s 0001e000 08:06 19532207                   /usr/local/development/dev-7-6/Ignition/Servers/apache-tomcat-6.0.36/lib/catalina-ha.jar
7f8d3400a000-7f8d3400e000 r--s 00036000 08:06 19532208                   /usr/local/development/dev-7-6/Ignition/Servers/apache-tomcat-6.0.36/lib/catalina-tribes.jar
7f8d3400e000-7f8d34015000 r--s 0007a000 08:06 19532213                   /usr/local/development/dev-7-6/Ignition/Servers/apache-tomcat-6.0.36/lib/jasper.jar
7f8d34015000-7f8d3401f000 r--s 000b3000 08:06 19532217                   /usr/local/development/dev-7-6/Ignition/Servers/apache-tomcat-6.0.36/lib/tomcat-coyote.jar
7f8d3401f000-7f8d34933000 rw-p 00000000 00:00 0 
7f8d34933000-7f8d34934000 ---p 00000000 00:00 0 
7f8d34934000-7f8d34a34000 rw-p 00000000 00:00 0                          [stack:9245]
7f8d34a34000-7f8d34a35000 ---p 00000000 00:00 0 
7f8d34a35000-7f8d34b35000 rw-p 00000000 00:00 0                          [stack:9244]
7f8d34b35000-7f8d34b36000 ---p 00000000 00:00 0 
7f8d34b36000-7f8d34c36000 rw-p 00000000 00:00 0                          [stack:9243]
7f8d34c36000-7f8d34c37000 ---p 00000000 00:00 0 
7f8d34c37000-7f8d34d37000 rw-p 00000000 00:00 0                          [stack:9242]
7f8d34d37000-7f8d34d38000 ---p 00000000 00:00 0 
7f8d34d38000-7f8d34e38000 rw-p 00000000 00:00 0                          [stack:9241]
7f8d34e38000-7f8d34e39000 ---p 00000000 00:00 0 
7f8d34e39000-7f8d34f39000 rw-p 00000000 00:00 0                          [stack:9240]
7f8d34f39000-7f8d34f3a000 ---p 00000000 00:00 0 
7f8d34f3a000-7f8d3503a000 rw-p 00000000 00:00 0                          [stack:9239]
7f8d3503a000-7f8d3503b000 ---p 00000000 00:00 0 
7f8d3503b000-7f8d35193000 rw-p 00000000 00:00 0                          [stack:9238]
7f8d35193000-7f8d3566d000 ---p 00000000 00:00 0 
7f8d3566d000-7f8d356c5000 rw-p 00000000 00:00 0 
7f8d356c5000-7f8d35b9f000 ---p 00000000 00:00 0 
7f8d35b9f000-7f8d35c1e000 rw-p 00000000 00:00 0 
7f8d35c1e000-7f8d35e38000 ---p 00000000 00:00 0 
7f8d35e38000-7f8d35e8c000 rw-p 00000000 00:00 0 
7f8d35e8c000-7f8d361f9000 ---p 00000000 00:00 0 
7f8d361f9000-7f8d36215000 r-xp 00000000 08:06 20582296                   /usr/lib/jvm/jdk1.8.0_20/jre/lib/amd64/libzip.so
7f8d36215000-7f8d36414000 ---p 0001c000 08:06 20582296                   /usr/lib/jvm/jdk1.8.0_20/jre/lib/amd64/libzip.so
7f8d36414000-7f8d36415000 rw-p 0001b000 08:06 20582296                   /usr/lib/jvm/jdk1.8.0_20/jre/lib/amd64/libzip.so
7f8d36415000-7f8d36420000 r-xp 00000000 08:06 15602342                   /lib/x86_64-linux-gnu/libnss_files-2.19.so
7f8d36420000-7f8d3661f000 ---p 0000b000 08:06 15602342                   /lib/x86_64-linux-gnu/libnss_files-2.19.so
7f8d3661f000-7f8d36620000 r--p 0000a000 08:06 15602342                   /lib/x86_64-linux-gnu/libnss_files-2.19.so
7f8d36620000-7f8d36621000 rw-p 0000b000 08:06 15602342                   /lib/x86_64-linux-gnu/libnss_files-2.19.so
7f8d36621000-7f8d3662c000 r-xp 00000000 08:06 15602345                   /lib/x86_64-linux-gnu/libnss_nis-2.19.so
7f8d3662c000-7f8d3682b000 ---p 0000b000 08:06 15602345                   /lib/x86_64-linux-gnu/libnss_nis-2.19.so
7f8d3682b000-7f8d3682c000 r--p 0000a000 08:06 15602345                   /lib/x86_64-linux-gnu/libnss_nis-2.19.so
7f8d3682c000-7f8d3682d000 rw-p 0000b000 08:06 15602345                   /lib/x86_64-linux-gnu/libnss_nis-2.19.so
7f8d3682d000-7f8d36844000 r-xp 00000000 08:06 15602152                   /lib/x86_64-linux-gnu/libnsl-2.19.so
7f8d36844000-7f8d36a43000 ---p 00017000 08:06 15602152                   /lib/x86_64-linux-gnu/libnsl-2.19.so
7f8d36a43000-7f8d36a44000 r--p 00016000 08:06 15602152                   /lib/x86_64-linux-gnu/libnsl-2.19.so
7f8d36a44000-7f8d36a45000 rw-p 00017000 08:06 15602152                   /lib/x86_64-linux-gnu/libnsl-2.19.so
7f8d36a45000-7f8d36a47000 rw-p 00000000 00:00 0 
7f8d36a47000-7f8d36a50000 r-xp 00000000 08:06 15601662                   /lib/x86_64-linux-gnu/libnss_compat-2.19.so
7f8d36a50000-7f8d36c4f000 ---p 00009000 08:06 15601662                   /lib/x86_64-linux-gnu/libnss_compat-2.19.so
7f8d36c4f000-7f8d36c50000 r--p 00008000 08:06 15601662                   /lib/x86_64-linux-gnu/libnss_compat-2.19.so
7f8d36c50000-7f8d36c51000 rw-p 00009000 08:06 15601662                   /lib/x86_64-linux-gnu/libnss_compat-2.19.so
7f8d36c51000-7f8d36f1a000 r--p 00000000 08:06 15209877                   /usr/lib/locale/locale-archive
7f8d36f1a000-7f8d36f1c000 r-xp 00000000 08:06 20582276                   /usr/lib/jvm/jdk1.8.0_20/jre/lib/amd64/libnpt.so
7f8d36f1c000-7f8d3711c000 ---p 00002000 08:06 20582276                   /usr/lib/jvm/jdk1.8.0_20/jre/lib/amd64/libnpt.so
7f8d3711c000-7f8d3711d000 rw-p 00002000 08:06 20582276                   /usr/lib/jvm/jdk1.8.0_20/jre/lib/amd64/libnpt.so
7f8d3711d000-7f8d37156000 r-xp 00000000 08:06 20582287                   /usr/lib/jvm/jdk1.8.0_20/jre/lib/amd64/libjdwp.so
7f8d37156000-7f8d37355000 ---p 00039000 08:06 20582287                   /usr/lib/jvm/jdk1.8.0_20/jre/lib/amd64/libjdwp.so
7f8d37355000-7f8d37357000 rw-p 00038000 08:06 20582287                   /usr/lib/jvm/jdk1.8.0_20/jre/lib/amd64/libjdwp.so
7f8d37357000-7f8d37381000 r-xp 00000000 08:06 20582291                   /usr/lib/jvm/jdk1.8.0_20/jre/lib/amd64/libjava.so
7f8d37381000-7f8d37581000 ---p 0002a000 08:06 20582291                   /usr/lib/jvm/jdk1.8.0_20/jre/lib/amd64/libjava.so
7f8d37581000-7f8d37583000 rw-p 0002a000 08:06 20582291                   /usr/lib/jvm/jdk1.8.0_20/jre/lib/amd64/libjava.so
7f8d37583000-7f8d37590000 r-xp 00000000 08:06 20582295                   /usr/lib/jvm/jdk1.8.0_20/jre/lib/amd64/libverify.so
7f8d37590000-7f8d37790000 ---p 0000d000 08:06 20582295                   /usr/lib/jvm/jdk1.8.0_20/jre/lib/amd64/libverify.so
7f8d37790000-7f8d37792000 rw-p 0000d000 08:06 20582295                   /usr/lib/jvm/jdk1.8.0_20/jre/lib/amd64/libverify.so
7f8d37792000-7f8d37799000 r-xp 00000000 08:06 15602320                   /lib/x86_64-linux-gnu/librt-2.19.so
7f8d37799000-7f8d37998000 ---p 00007000 08:06 15602320                   /lib/x86_64-linux-gnu/librt-2.19.so
7f8d37998000-7f8d37999000 r--p 00006000 08:06 15602320                   /lib/x86_64-linux-gnu/librt-2.19.so
7f8d37999000-7f8d3799a000 rw-p 00007000 08:06 15602320                   /lib/x86_64-linux-gnu/librt-2.19.so
7f8d3799a000-7f8d37a9f000 r-xp 00000000 08:06 15602334                   /lib/x86_64-linux-gnu/libm-2.19.so
7f8d37a9f000-7f8d37c9e000 ---p 00105000 08:06 15602334                   /lib/x86_64-linux-gnu/libm-2.19.so
7f8d37c9e000-7f8d37c9f000 r--p 00104000 08:06 15602334                   /lib/x86_64-linux-gnu/libm-2.19.so
7f8d37c9f000-7f8d37ca0000 rw-p 00105000 08:06 15602334                   /lib/x86_64-linux-gnu/libm-2.19.so
7f8d37ca0000-7f8d3890a000 r-xp 00000000 08:06 20845908                   /usr/lib/jvm/jdk1.8.0_20/jre/lib/amd64/server/libjvm.so
7f8d3890a000-7f8d38b0a000 ---p 00c6a000 08:06 20845908                   /usr/lib/jvm/jdk1.8.0_20/jre/lib/amd64/server/libjvm.so
7f8d38b0a000-7f8d38be0000 rw-p 00c6a000 08:06 20845908                   /usr/lib/jvm/jdk1.8.0_20/jre/lib/amd64/server/libjvm.so
7f8d38be0000-7f8d38c22000 rw-p 00000000 00:00 0 
7f8d38c22000-7f8d38ddd000 r-xp 00000000 08:06 15602328                   /lib/x86_64-linux-gnu/libc-2.19.so
7f8d38ddd000-7f8d38fdd000 ---p 001bb000 08:06 15602328                   /lib/x86_64-linux-gnu/libc-2.19.so
7f8d38fdd000-7f8d38fe1000 r--p 001bb000 08:06 15602328                   /lib/x86_64-linux-gnu/libc-2.19.so
7f8d38fe1000-7f8d38fe3000 rw-p 001bf000 08:06 15602328                   /lib/x86_64-linux-gnu/libc-2.19.so
7f8d38fe3000-7f8d38fe8000 rw-p 00000000 00:00 0 
7f8d38fe8000-7f8d38feb000 r-xp 00000000 08:06 15602352                   /lib/x86_64-linux-gnu/libdl-2.19.so
7f8d38feb000-7f8d391ea000 ---p 00003000 08:06 15602352                   /lib/x86_64-linux-gnu/libdl-2.19.so
7f8d391ea000-7f8d391eb000 r--p 00002000 08:06 15602352                   /lib/x86_64-linux-gnu/libdl-2.19.so
7f8d391eb000-7f8d391ec000 rw-p 00003000 08:06 15602352                   /lib/x86_64-linux-gnu/libdl-2.19.so
7f8d391ec000-7f8d39203000 r-xp 00000000 08:06 20061287                   /usr/lib/jvm/jdk1.8.0_20/lib/amd64/jli/libjli.so
7f8d39203000-7f8d39402000 ---p 00017000 08:06 20061287                   /usr/lib/jvm/jdk1.8.0_20/lib/amd64/jli/libjli.so
7f8d39402000-7f8d39403000 rw-p 00016000 08:06 20061287                   /usr/lib/jvm/jdk1.8.0_20/lib/amd64/jli/libjli.so
7f8d39403000-7f8d3941c000 r-xp 00000000 08:06 15602353                   /lib/x86_64-linux-gnu/libpthread-2.19.so
7f8d3941c000-7f8d3961b000 ---p 00019000 08:06 15602353                   /lib/x86_64-linux-gnu/libpthread-2.19.so
7f8d3961b000-7f8d3961c000 r--p 00018000 08:06 15602353                   /lib/x86_64-linux-gnu/libpthread-2.19.so
7f8d3961c000-7f8d3961d000 rw-p 00019000 08:06 15602353                   /lib/x86_64-linux-gnu/libpthread-2.19.so
7f8d3961d000-7f8d39621000 rw-p 00000000 00:00 0 
7f8d39621000-7f8d39644000 r-xp 00000000 08:06 15602330                   /lib/x86_64-linux-gnu/ld-2.19.so
7f8d39644000-7f8d39646000 r--s 0000c000 08:06 19532221                   /usr/local/development/dev-7-6/Ignition/Servers/apache-tomcat-6.0.36/lib/tomcat-i18n-ja.jar
7f8d39646000-7f8d39648000 r--s 00011000 08:06 19532214                   /usr/local/development/dev-7-6/Ignition/Servers/apache-tomcat-6.0.36/lib/jsp-api.jar
7f8d39648000-7f8d3964a000 r--s 00014000 08:06 19532216                   /usr/local/development/dev-7-6/Ignition/Servers/apache-tomcat-6.0.36/lib/servlet-api.jar
7f8d3964a000-7f8d3964c000 r--s 0000c000 08:06 19532206                   /usr/local/development/dev-7-6/Ignition/Servers/apache-tomcat-6.0.36/lib/catalina-ant.jar
7f8d3964c000-7f8d3971d000 rw-p 00000000 00:00 0 
7f8d3971d000-7f8d39720000 ---p 00000000 00:00 0 
7f8d39720000-7f8d39822000 rw-p 00000000 00:00 0                          [stack:9237]
7f8d39822000-7f8d39824000 r--s 00007000 08:06 19532211                   /usr/local/development/dev-7-6/Ignition/Servers/apache-tomcat-6.0.36/lib/el-api.jar
7f8d39824000-7f8d39825000 r--s 00003000 08:06 19532205                   /usr/local/development/dev-7-6/Ignition/Servers/apache-tomcat-6.0.36/lib/annotations-api.jar
7f8d39825000-7f8d39828000 r--s 00019000 08:06 19532212                   /usr/local/development/dev-7-6/Ignition/Servers/apache-tomcat-6.0.36/lib/jasper-el.jar
7f8d39828000-7f8d3982d000 r--s 00092000 08:06 20582254                   /usr/lib/jvm/jdk1.8.0_20/jre/lib/jsse.jar
7f8d3982d000-7f8d3982e000 r--s 00007000 08:06 19533431                   /usr/local/development/dev-7-6/Ignition/Servers/apache-tomcat-6.0.36/bin/tomcat-juli.jar
7f8d3982e000-7f8d3982f000 r--s 00005000 08:06 19533430                   /usr/local/development/dev-7-6/Ignition/Servers/apache-tomcat-6.0.36/bin/commons-daemon.jar
7f8d3982f000-7f8d39830000 r--s 00005000 08:06 19533429                   /usr/local/development/dev-7-6/Ignition/Servers/apache-tomcat-6.0.36/bin/bootstrap.jar
7f8d39830000-7f8d39837000 r--s 000c7000 08:06 1179649                    /usr/lib/jvm/jdk1.8.0_20/jre/lib/ext/mysql-connector-java-5.1.23-bin.jar
7f8d39837000-7f8d3983f000 rw-s 00000000 08:06 6164350                    /tmp/hsperfdata_mattg/9232
7f8d3983f000-7f8d39840000 rw-p 00000000 00:00 0 
7f8d39840000-7f8d39841000 r--p 00000000 00:00 0 
7f8d39841000-7f8d39843000 rw-p 00000000 00:00 0 
7f8d39843000-7f8d39844000 r--p 00022000 08:06 15602330                   /lib/x86_64-linux-gnu/ld-2.19.so
7f8d39844000-7f8d39845000 rw-p 00023000 08:06 15602330                   /lib/x86_64-linux-gnu/ld-2.19.so
7f8d39845000-7f8d39846000 rw-p 00000000 00:00 0 
7fffa410c000-7fffa412d000 rw-p 00000000 00:00 0                          [stack]
7fffa41fe000-7fffa4200000 r-xp 00000000 00:00 0                          [vdso]
ffffffffff600000-ffffffffff601000 r-xp 00000000 00:00 0                  [vsyscall]

VM Arguments:
jvm_args: -Djava.util.logging.config.file=/home/mattg/.IntelliJIdea13/system/tomcat/Unnamed_77-Ignition/conf/logging.properties -Xdebug -Xrunjdwp:transport=dt_socket,address=127.0.0.1:51670,suspend=y,server=n -Dcom.sun.management.jmxremote= -Dcom.sun.management.jmxremote.port=1099 -Dcom.sun.management.jmxremote.ssl=false -Dcom.sun.management.jmxremote.authenticate=false -Djava.rmi.server.hostname=127.0.0.1 -Djava.util.logging.manager=org.apache.juli.ClassLoaderLogManager -Djava.endorsed.dirs=/usr/local/development/dev-7-6/Ignition/Servers/apache-tomcat-6.0.36/endorsed -Dcatalina.base=/home/mattg/.IntelliJIdea13/system/tomcat/Unnamed_77-Ignition -Dcatalina.home=/usr/local/development/dev-7-6/Ignition/Servers/apache-tomcat-6.0.36 -Djava.io.tmpdir=/usr/local/development/dev-7-6/Ignition/Servers/apache-tomcat-6.0.36/temp 
java_command: org.apache.catalina.startup.Bootstrap start
java_class_path (initial): /usr/local/development/dev-7-6/Ignition/Servers/apache-tomcat-6.0.36/bin/bootstrap.jar
Launcher Type: SUN_STANDARD

Environment Variables:
JAVA_HOME=/usr/lib/jvm/jdk1.8.0_20
CLASSPATH=/usr/local/development/dev-7-6/Ignition/Servers/apache-tomcat-6.0.36/bin/bootstrap.jar
PATH=/usr/local/sbin:/usr/local/bin:/usr/sbin:/usr/bin:/sbin:/bin:/usr/games:/usr/local/games:/usr/local/development/gradle-1.12/bin
USERNAME=mattg
LD_LIBRARY_PATH=/usr/local/development/idea-IU-135.909/bin:
SHELL=/bin/bash
DISPLAY=:0

Signal Handlers:
SIGSEGV: [libjvm.so+0xa76cd0], sa_mask[0]=11111111011111111101111111111110, sa_flags=SA_RESTART|SA_SIGINFO
SIGBUS: [libjvm.so+0xa76cd0], sa_mask[0]=11111111011111111101111111111110, sa_flags=SA_RESTART|SA_SIGINFO
SIGFPE: [libjvm.so+0x8e0d80], sa_mask[0]=11111111011111111101111111111110, sa_flags=SA_RESTART|SA_SIGINFO
SIGPIPE: [libjvm.so+0x8e0d80], sa_mask[0]=11111111011111111101111111111110, sa_flags=SA_RESTART|SA_SIGINFO
SIGXFSZ: [libjvm.so+0x8e0d80], sa_mask[0]=11111111011111111101111111111110, sa_flags=SA_RESTART|SA_SIGINFO
SIGILL: [libjvm.so+0x8e0d80], sa_mask[0]=11111111011111111101111111111110, sa_flags=SA_RESTART|SA_SIGINFO
SIGUSR1: SIG_DFL, sa_mask[0]=00000000000000000000000000000000, sa_flags=none
SIGUSR2: [libjvm.so+0x8e25b0], sa_mask[0]=00100000000000000000000000000000, sa_flags=SA_RESTART|SA_SIGINFO
SIGHUP: [libjvm.so+0x8e3970], sa_mask[0]=11111111011111111101111111111110, sa_flags=SA_RESTART|SA_SIGINFO
SIGINT: [libjvm.so+0x8e3970], sa_mask[0]=11111111011111111101111111111110, sa_flags=SA_RESTART|SA_SIGINFO
SIGTERM: [libjvm.so+0x8e3970], sa_mask[0]=11111111011111111101111111111110, sa_flags=SA_RESTART|SA_SIGINFO
SIGQUIT: [libjvm.so+0x8e3970], sa_mask[0]=11111111011111111101111111111110, sa_flags=SA_RESTART|SA_SIGINFO


---------------  S Y S T E M  ---------------

OS:DISTRIB_ID=LinuxMint
DISTRIB_RELEASE=17
DISTRIB_CODENAME=qiana
DISTRIB_DESCRIPTION="Linux Mint 17 Qiana"

uname:Linux 3.13.0-24-generic #46-Ubuntu SMP Thu Apr 10 19:11:08 UTC 2014 x86_64
libc:glibc 2.19 NPTL 2.19 
rlimit: STACK 8192k, CORE 0k, NPROC 127375, NOFILE 4096, AS infinity
load average:1.83 1.32 1.11

/proc/meminfo:
MemTotal:       16335088 kB
MemFree:         7245956 kB
Buffers:          377276 kB
Cached:          2706420 kB
SwapCached:            0 kB
Active:          4490868 kB
Inactive:        1853956 kB
Active(anon):    3300468 kB
Inactive(anon):   549472 kB
Active(file):    1190400 kB
Inactive(file):  1304484 kB
Unevictable:         776 kB
Mlocked:             776 kB
SwapTotal:      16676860 kB
SwapFree:       16676860 kB
Dirty:               232 kB
Writeback:             0 kB
AnonPages:       3261660 kB
Mapped:          2770300 kB
Shmem:            588804 kB
Slab:             287180 kB
SReclaimable:     220392 kB
SUnreclaim:        66788 kB
KernelStack:        6544 kB
PageTables:        53764 kB
NFS_Unstable:          0 kB
Bounce:                0 kB
WritebackTmp:          0 kB
CommitLimit:    24844404 kB
Committed_AS:    9928944 kB
VmallocTotal:   34359738367 kB
VmallocUsed:      446916 kB
VmallocChunk:   34359286724 kB
HardwareCorrupted:     0 kB
AnonHugePages:   1734656 kB
HugePages_Total:       0
HugePages_Free:        0
HugePages_Rsvd:        0
HugePages_Surp:        0
Hugepagesize:       2048 kB
DirectMap4k:       91592 kB
DirectMap2M:     2955264 kB
DirectMap1G:    13631488 kB


CPU:total 8 (4 cores per cpu, 2 threads per core) family 6 model 60 stepping 3, cmov, cx8, fxsr, mmx, sse, sse2, sse3, ssse3, sse4.1, sse4.2, popcnt, avx, avx2, aes, clmul, erms, lzcnt, ht, tsc, tscinvbit, bmi1, bmi2

/proc/cpuinfo:
processor	: 0
vendor_id	: GenuineIntel
cpu family	: 6
model		: 60
model name	: Intel(R) Core(TM) i7-4702HQ CPU @ 2.20GHz
stepping	: 3
microcode	: 0x17
cpu MHz		: 1300.000
cache size	: 6144 KB
physical id	: 0
siblings	: 8
core id		: 0
cpu cores	: 4
apicid		: 0
initial apicid	: 0
fpu		: yes
fpu_exception	: yes
cpuid level	: 13
wp		: yes
flags		: fpu vme de pse tsc msr pae mce cx8 apic sep mtrr pge mca cmov pat pse36 clflush dts acpi mmx fxsr sse sse2 ss ht tm pbe syscall nx pdpe1gb rdtscp lm constant_tsc arch_perfmon pebs bts rep_good nopl xtopology nonstop_tsc aperfmperf eagerfpu pni pclmulqdq dtes64 monitor ds_cpl vmx est tm2 ssse3 fma cx16 xtpr pdcm pcid sse4_1 sse4_2 x2apic movbe popcnt tsc_deadline_timer aes xsave avx f16c rdrand lahf_lm abm ida arat epb xsaveopt pln pts dtherm tpr_shadow vnmi flexpriority ept vpid fsgsbase tsc_adjust bmi1 avx2 smep bmi2 erms invpcid
bogomips	: 4390.24
clflush size	: 64
cache_alignment	: 64
address sizes	: 39 bits physical, 48 bits virtual
power management:

processor	: 1
vendor_id	: GenuineIntel
cpu family	: 6
model		: 60
model name	: Intel(R) Core(TM) i7-4702HQ CPU @ 2.20GHz
stepping	: 3
microcode	: 0x17
cpu MHz		: 1800.000
cache size	: 6144 KB
physical id	: 0
siblings	: 8
core id		: 1
cpu cores	: 4
apicid		: 2
initial apicid	: 2
fpu		: yes
fpu_exception	: yes
cpuid level	: 13
wp		: yes
flags		: fpu vme de pse tsc msr pae mce cx8 apic sep mtrr pge mca cmov pat pse36 clflush dts acpi mmx fxsr sse sse2 ss ht tm pbe syscall nx pdpe1gb rdtscp lm constant_tsc arch_perfmon pebs bts rep_good nopl xtopology nonstop_tsc aperfmperf eagerfpu pni pclmulqdq dtes64 monitor ds_cpl vmx est tm2 ssse3 fma cx16 xtpr pdcm pcid sse4_1 sse4_2 x2apic movbe popcnt tsc_deadline_timer aes xsave avx f16c rdrand lahf_lm abm ida arat epb xsaveopt pln pts dtherm tpr_shadow vnmi flexpriority ept vpid fsgsbase tsc_adjust bmi1 avx2 smep bmi2 erms invpcid
bogomips	: 4390.24
clflush size	: 64
cache_alignment	: 64
address sizes	: 39 bits physical, 48 bits virtual
power management:

processor	: 2
vendor_id	: GenuineIntel
cpu family	: 6
model		: 60
model name	: Intel(R) Core(TM) i7-4702HQ CPU @ 2.20GHz
stepping	: 3
microcode	: 0x17
cpu MHz		: 1800.000
cache size	: 6144 KB
physical id	: 0
siblings	: 8
core id		: 2
cpu cores	: 4
apicid		: 4
initial apicid	: 4
fpu		: yes
fpu_exception	: yes
cpuid level	: 13
wp		: yes
flags		: fpu vme de pse tsc msr pae mce cx8 apic sep mtrr pge mca cmov pat pse36 clflush dts acpi mmx fxsr sse sse2 ss ht tm pbe syscall nx pdpe1gb rdtscp lm constant_tsc arch_perfmon pebs bts rep_good nopl xtopology nonstop_tsc aperfmperf eagerfpu pni pclmulqdq dtes64 monitor ds_cpl vmx est tm2 ssse3 fma cx16 xtpr pdcm pcid sse4_1 sse4_2 x2apic movbe popcnt tsc_deadline_timer aes xsave avx f16c rdrand lahf_lm abm ida arat epb xsaveopt pln pts dtherm tpr_shadow vnmi flexpriority ept vpid fsgsbase tsc_adjust bmi1 avx2 smep bmi2 erms invpcid
bogomips	: 4390.24
clflush size	: 64
cache_alignment	: 64
address sizes	: 39 bits physical, 48 bits virtual
power management:

processor	: 3
vendor_id	: GenuineIntel
cpu family	: 6
model		: 60
model name	: Intel(R) Core(TM) i7-4702HQ CPU @ 2.20GHz
stepping	: 3
microcode	: 0x17
cpu MHz		: 800.000
cache size	: 6144 KB
physical id	: 0
siblings	: 8
core id		: 3
cpu cores	: 4
apicid		: 6
initial apicid	: 6
fpu		: yes
fpu_exception	: yes
cpuid level	: 13
wp		: yes
flags		: fpu vme de pse tsc msr pae mce cx8 apic sep mtrr pge mca cmov pat pse36 clflush dts acpi mmx fxsr sse sse2 ss ht tm pbe syscall nx pdpe1gb rdtscp lm constant_tsc arch_perfmon pebs bts rep_good nopl xtopology nonstop_tsc aperfmperf eagerfpu pni pclmulqdq dtes64 monitor ds_cpl vmx est tm2 ssse3 fma cx16 xtpr pdcm pcid sse4_1 sse4_2 x2apic movbe popcnt tsc_deadline_timer aes xsave avx f16c rdrand lahf_lm abm ida arat epb xsaveopt pln pts dtherm tpr_shadow vnmi flexpriority ept vpid fsgsbase tsc_adjust bmi1 avx2 smep bmi2 erms invpcid
bogomips	: 4390.24
clflush size	: 64
cache_alignment	: 64
address sizes	: 39 bits physical, 48 bits virtual
power management:

processor	: 4
vendor_id	: GenuineIntel
cpu family	: 6
model		: 60
model name	: Intel(R) Core(TM) i7-4702HQ CPU @ 2.20GHz
stepping	: 3
microcode	: 0x17
cpu MHz		: 2201.000
cache size	: 6144 KB
physical id	: 0
siblings	: 8
core id		: 0
cpu cores	: 4
apicid		: 1
initial apicid	: 1
fpu		: yes
fpu_exception	: yes
cpuid level	: 13
wp		: yes
flags		: fpu vme de pse tsc msr pae mce cx8 apic sep mtrr pge mca cmov pat pse36 clflush dts acpi mmx fxsr sse sse2 ss ht tm pbe syscall nx pdpe1gb rdtscp lm constant_tsc arch_perfmon pebs bts rep_good nopl xtopology nonstop_tsc aperfmperf eagerfpu pni pclmulqdq dtes64 monitor ds_cpl vmx est tm2 ssse3 fma cx16 xtpr pdcm pcid sse4_1 sse4_2 x2apic movbe popcnt tsc_deadline_timer aes xsave avx f16c rdrand lahf_lm abm ida arat epb xsaveopt pln pts dtherm tpr_shadow vnmi flexpriority ept vpid fsgsbase tsc_adjust bmi1 avx2 smep bmi2 erms invpcid
bogomips	: 4390.24
clflush size	: 64
cache_alignment	: 64
address sizes	: 39 bits physical, 48 bits virtual
power management:

processor	: 5
vendor_id	: GenuineIntel
cpu family	: 6
model		: 60
model name	: Intel(R) Core(TM) i7-4702HQ CPU @ 2.20GHz
stepping	: 3
microcode	: 0x17
cpu MHz		: 800.000
cache size	: 6144 KB
physical id	: 0
siblings	: 8
core id		: 1
cpu cores	: 4
apicid		: 3
initial apicid	: 3
fpu		: yes
fpu_exception	: yes
cpuid level	: 13
wp		: yes
flags		: fpu vme de pse tsc msr pae mce cx8 apic sep mtrr pge mca cmov pat pse36 clflush dts acpi mmx fxsr sse sse2 ss ht tm pbe syscall nx pdpe1gb rdtscp lm constant_tsc arch_perfmon pebs bts rep_good nopl xtopology nonstop_tsc aperfmperf eagerfpu pni pclmulqdq dtes64 monitor ds_cpl vmx est tm2 ssse3 fma cx16 xtpr pdcm pcid sse4_1 sse4_2 x2apic movbe popcnt tsc_deadline_timer aes xsave avx f16c rdrand lahf_lm abm ida arat epb xsaveopt pln pts dtherm tpr_shadow vnmi flexpriority ept vpid fsgsbase tsc_adjust bmi1 avx2 smep bmi2 erms invpcid
bogomips	: 4390.24
clflush size	: 64
cache_alignment	: 64
address sizes	: 39 bits physical, 48 bits virtual
power management:

processor	: 6
vendor_id	: GenuineIntel
cpu family	: 6
model		: 60
model name	: Intel(R) Core(TM) i7-4702HQ CPU @ 2.20GHz
stepping	: 3
microcode	: 0x17
cpu MHz		: 800.000
cache size	: 6144 KB
physical id	: 0
siblings	: 8
core id		: 2
cpu cores	: 4
apicid		: 5
initial apicid	: 5
fpu		: yes
fpu_exception	: yes
cpuid level	: 13
wp		: yes
flags		: fpu vme de pse tsc msr pae mce cx8 apic sep mtrr pge mca cmov pat pse36 clflush dts acpi mmx fxsr sse sse2 ss ht tm pbe syscall nx pdpe1gb rdtscp lm constant_tsc arch_perfmon pebs bts rep_good nopl xtopology nonstop_tsc aperfmperf eagerfpu pni pclmulqdq dtes64 monitor ds_cpl vmx est tm2 ssse3 fma cx16 xtpr pdcm pcid sse4_1 sse4_2 x2apic movbe popcnt tsc_deadline_timer aes xsave avx f16c rdrand lahf_lm abm ida arat epb xsaveopt pln pts dtherm tpr_shadow vnmi flexpriority ept vpid fsgsbase tsc_adjust bmi1 avx2 smep bmi2 erms invpcid
bogomips	: 4390.24
clflush size	: 64
cache_alignment	: 64
address sizes	: 39 bits physical, 48 bits virtual
power management:

processor	: 7
vendor_id	: GenuineIntel
cpu family	: 6
model		: 60
model name	: Intel(R) Core(TM) i7-4702HQ CPU @ 2.20GHz
stepping	: 3
microcode	: 0x17
cpu MHz		: 1300.000
cache size	: 6144 KB
physical id	: 0
siblings	: 8
core id		: 3
cpu cores	: 4
apicid		: 7
initial apicid	: 7
fpu		: yes
fpu_exception	: yes
cpuid level	: 13
wp		: yes
flags		: fpu vme de pse tsc msr pae mce cx8 apic sep mtrr pge mca cmov pat pse36 clflush dts acpi mmx fxsr sse sse2 ss ht tm pbe syscall nx pdpe1gb rdtscp lm constant_tsc arch_perfmon pebs bts rep_good nopl xtopology nonstop_tsc aperfmperf eagerfpu pni pclmulqdq dtes64 monitor ds_cpl vmx est tm2 ssse3 fma cx16 xtpr pdcm pcid sse4_1 sse4_2 x2apic movbe popcnt tsc_deadline_timer aes xsave avx f16c rdrand lahf_lm abm ida arat epb xsaveopt pln pts dtherm tpr_shadow vnmi flexpriority ept vpid fsgsbase tsc_adjust bmi1 avx2 smep bmi2 erms invpcid
bogomips	: 4390.24
clflush size	: 64
cache_alignment	: 64
address sizes	: 39 bits physical, 48 bits virtual
power management:



Memory: 4k page, physical 16335088k(7245956k free), swap 16676860k(16676860k free)

vm_info: Java HotSpot(TM) 64-Bit Server VM (25.20-b17) for linux-amd64 JRE (1.8.0_20-ea-b17), built on Jun  4 2014 00:04:06 by "java_re" with gcc 4.3.0 20080428 (Red Hat 4.3.0-8)

time: Thu Nov 20 11:13:11 2014
elapsed time: 183 seconds (0d 0h 3m 3s)

