#
# A fatal error has been detected by the Java Runtime Environment:
#
#  SIGSEGV (0xb) at pc=0x00007f04356a6f7e, pid=6618, tid=139656054806272
#
# JRE version: Java(TM) SE Runtime Environment (8.0_20-b17) (build 1.8.0_20-ea-b17)
# Java VM: Java HotSpot(TM) 64-Bit Server VM (25.20-b17 mixed mode linux-amd64 compressed oops)
# Problematic frame:
# C  [ld-linux-x86-64.so.2+0x9f7e]
#
# Failed to write core dump. Core dumps have been disabled. To enable core dumping, try "ulimit -c unlimited" before starting Java again
#
# If you would like to submit a bug report, please visit:
#   http://bugreport.sun.com/bugreport/crash.jsp
# The crash happened outside the Java Virtual Machine in native code.
# See problematic frame for where to report the bug.
#

---------------  T H R E A D  ---------------

Current thread (0x00007f042c00d000):  JavaThread "main" [_thread_in_native, id=6623, stack(0x00007f0435799000,0x00007f043589a000)]

siginfo: si_signo: 11 (SIGSEGV), si_code: 1 (SEGV_MAPERR), si_addr: 0x0000000000000068

Registers:
RAX=0x0000000000000040, RBX=0x000000004c8d3d65, RCX=0x0000000000000025, RDX=0x00000000000003f3
RSP=0x00007f0435896a30, RBP=0x0000000000000002, RSI=0x00007f0434ca1d28, RDI=0x00007f043589d9e8
R8 =0x00000000013234f5, R9 =0x00007f0435896a70, R10=0x0000000006020400, R11=0x00007f0435896b70
R12=0x0000000000000003, R13=0x00007f035824c7b0, R14=0x0000000000000000, R15=0x0000000000000025
RIP=0x00007f04356a6f7e, EFLAGS=0x0000000000010202, CSGSFS=0x0000000000000033, ERR=0x0000000000000004
  TRAPNO=0x000000000000000e

Top of Stack: (sp=0x00007f0435896a30)
0x00007f0435896a30:   00007f0435896ba0 00007f043437ef75
0x00007f0435896a40:   00007f0400000002 00007f0435896b80
0x00007f0435896a50:   00007f0435896c10 00007f0435896de0
0x00007f0435896a60:   00007f041d046960 018905ac0000000c
0x00007f0435896a70:   0000000000000000 0000000000000000
0x00007f0435896a80:   00007f043589d9e8 00007f042c44e0e0
0x00007f0435896a90:   00007f0434caed78 0000000000000000
0x00007f0435896aa0:   0000000200000000 0000000000000000
0x00007f0435896ab0:   00007f042c00d000 00007f0435896c60
0x00007f0435896ac0:   00007f0435896c10 0000000000000000
0x00007f0435896ad0:   0000000000000000 00007f035824cc18
0x00007f0435896ae0:   00007f035824c890 00007f04356a7991
0x00007f0435896af0:   0000000000000000 0000000000000000
0x00007f0435896b00:   0000006d00000002 0000000000000000
0x00007f0435896b10:   00007f0400000000 00007f035824c890
0x00007f0435896b20:   00007f0435896b90 00007f04344d5447
0x00007f0435896b30:   00007f042c00a518 00007f042c00a510
0x00007f0435896b40:   00007f041c804440 00007f035824cc18
0x00007f0435896b50:   00007f0435896b80 00007f0435896b70
0x00007f0435896b60:   000000004c8d3d65 00007f042c44e0e0
0x00007f0435896b70:   00000000ffffffff 00007f042c00a5d0
0x00007f0435896b80:   0000000000000000 0000000000000000
0x00007f0435896b90:   00007f042c00a470 00007f042c00d000
0x00007f0435896ba0:   00007f0435896d30 00007f04343c5467
0x00007f0435896bb0:   000000b135897910 00007f0435897380
0x00007f0435896bc0:   00007f0435896c10 00007f0435896c90
0x00007f0435896bd0:   00007f0435896d60 00007f0435896de0
0x00007f0435896be0:   00007f042c00d1e8 00000000015d54b0
0x00007f0435896bf0:   00007f04358bfcc0 00007f042c44e0e0
0x00007f0435896c00:   0000000000000000 00007f035824c890
0x00007f0435896c10:   00007f0435896cf0 00007f0434dd4f56
0x00007f0435896c20:   0000000600000002 0000000000000000 

Instructions: (pc=0x00007f04356a6f7e)
0x00007f04356a6f5e:   06 41 83 e7 3f 0f 1f 44 00 00 49 8b 44 ed 00 c7
0x00007f04356a6f6e:   44 24 70 00 00 00 00 48 c7 44 24 40 00 00 00 00
0x00007f04356a6f7e:   48 8b 78 28 4c 39 f7 48 89 7c 24 50 0f 84 f0 00
0x00007f04356a6f8e:   00 00 f6 44 24 7c 02 74 0d f6 87 14 03 00 00 03 

Register to memory mapping:

RAX=0x0000000000000040 is an unknown value
RBX=0x000000004c8d3d65 is an unknown value
RCX=0x0000000000000025 is an unknown value
RDX=0x00000000000003f3 is an unknown value
RSP=0x00007f0435896a30 is pointing into the stack for thread: 0x00007f042c00d000
RBP=0x0000000000000002 is an unknown value
RSI=0x00007f0434ca1d28: <offset 0x3d28> in /lib/x86_64-linux-gnu/libc.so.6 at 0x00007f0434c9e000
RDI=0x00007f043589d9e8 is an unknown value
R8 =0x00000000013234f5 is an unknown value
R9 =0x00007f0435896a70 is pointing into the stack for thread: 0x00007f042c00d000
R10=0x0000000006020400 is an unknown value
R11=0x00007f0435896b70 is pointing into the stack for thread: 0x00007f042c00d000
R12=0x0000000000000003 is an unknown value
R13=0x00007f035824c7b0 is an unknown value
R14=0x0000000000000000 is an unknown value
R15=0x0000000000000025 is an unknown value


Stack: [0x00007f0435799000,0x00007f043589a000],  sp=0x00007f0435896a30,  free space=1014k
Native frames: (J=compiled Java code, j=interpreted, Vv=VM code, C=native code)
C  [ld-linux-x86-64.so.2+0x9f7e]

Java frames: (J=compiled Java code, j=interpreted, Vv=VM code)
j  java.lang.ClassLoader$NativeLibrary.unload(Ljava/lang/String;Z)V+0
j  java.lang.ClassLoader$NativeLibrary.finalize()V+87
v  ~StubRoutines::call_stub
J 1132  sun.reflect.NativeMethodAccessorImpl.invoke0(Ljava/lang/reflect/Method;Ljava/lang/Object;[Ljava/lang/Object;)Ljava/lang/Object; (0 bytes) @ 0x00007f041d4486b7 [0x00007f041d448640+0x77]
J 1131 C1 sun.reflect.NativeMethodAccessorImpl.invoke(Ljava/lang/Object;[Ljava/lang/Object;)Ljava/lang/Object; (104 bytes) @ 0x00007f041d4478cc [0x00007f041d4466c0+0x120c]
J 5547 C2 java.lang.reflect.Method.invoke(Ljava/lang/Object;[Ljava/lang/Object;)Ljava/lang/Object; (62 bytes) @ 0x00007f041e125360 [0x00007f041e1252a0+0xc0]
j  com.inductiveautomation.ignition.gateway.bootstrap.SRFilter.destroy()V+89
j  org.apache.catalina.core.ApplicationFilterConfig.release()V+61
j  org.apache.catalina.core.StandardContext.filterStop()Z+124
j  org.apache.catalina.core.StandardContext.stop()V+142
j  org.apache.catalina.core.ContainerBase.removeChild(Lorg/apache/catalina/Container;)V+90
j  org.apache.catalina.startup.HostConfig.undeployApps()V+77
j  org.apache.catalina.startup.HostConfig.stop()V+28
j  org.apache.catalina.startup.HostConfig.lifecycleEvent(Lorg/apache/catalina/LifecycleEvent;)V+151
J 5817 C1 org.apache.catalina.util.LifecycleSupport.fireLifecycleEvent(Ljava/lang/String;Ljava/lang/Object;)V (190 bytes) @ 0x00007f041e1f41cc [0x00007f041e1f36e0+0xaec]
j  org.apache.catalina.core.ContainerBase.stop()V+60
j  org.apache.catalina.core.ContainerBase.stop()V+118
j  org.apache.catalina.core.StandardEngine.stop()V+1
j  org.apache.catalina.core.StandardService.stop()V+177
j  org.apache.catalina.core.StandardServer.stop()V+65
j  org.apache.catalina.startup.Catalina.stop()V+58
j  org.apache.catalina.startup.Catalina.start()V+198
v  ~StubRoutines::call_stub
j  sun.reflect.NativeMethodAccessorImpl.invoke0(Ljava/lang/reflect/Method;Ljava/lang/Object;[Ljava/lang/Object;)Ljava/lang/Object;+0
j  sun.reflect.NativeMethodAccessorImpl.invoke(Ljava/lang/Object;[Ljava/lang/Object;)Ljava/lang/Object;+100
J 498 C1 sun.reflect.DelegatingMethodAccessorImpl.invoke(Ljava/lang/Object;[Ljava/lang/Object;)Ljava/lang/Object; (10 bytes) @ 0x00007f041d24bf6c [0x00007f041d24be40+0x12c]
J 497 C1 java.lang.reflect.Method.invoke(Ljava/lang/Object;[Ljava/lang/Object;)Ljava/lang/Object; (62 bytes) @ 0x00007f041d223204 [0x00007f041d222de0+0x424]
j  org.apache.catalina.startup.Bootstrap.start()V+37
j  org.apache.catalina.startup.Bootstrap.main([Ljava/lang/String;)V+131
v  ~StubRoutines::call_stub

---------------  P R O C E S S  ---------------

Java Threads: ( => current thread )
  0x00007f042c532800 JavaThread "pool-1-thread-1" [_thread_blocked, id=6878, stack(0x00007f040f2b6000,0x00007f040f3b7000)]
  0x00007f042c526800 JavaThread "Thread-20" daemon [_thread_blocked, id=6877, stack(0x00007f04063af000,0x00007f04064b0000)]
  0x00007f0380005800 JavaThread "http-8088-2" daemon [_thread_blocked, id=6875, stack(0x00007f04163db000,0x00007f04164dc000)]
  0x00007f0380004800 JavaThread "http-8088-1" daemon [_thread_in_native, id=6698, stack(0x00007f040d91d000,0x00007f040da1e000)]
  0x00007f035940e800 JavaThread "ClockDriftDetector" daemon [_thread_blocked, id=6696, stack(0x00007f0406ff4000,0x00007f04070f5000)]
  0x00007f035940c000 JavaThread "PyLib_ScriptWatcher" daemon [_thread_blocked, id=6695, stack(0x00007f04070f5000,0x00007f04071f6000)]
  0x00007f03593fb800 JavaThread "PyFile_ChangeNotifier" daemon [_thread_blocked, id=6694, stack(0x00007f04071f6000,0x00007f04072f7000)]
  0x00007f03593f9800 JavaThread "Thread-16" daemon [_thread_in_native, id=6693, stack(0x00007f04072f7000,0x00007f04073f8000)]
  0x00007f042c5e7000 JavaThread "TP-Monitor" daemon [_thread_blocked, id=6665, stack(0x00007f040e653000,0x00007f040e754000)]
  0x00007f042c5e5000 JavaThread "TP-Processor4" daemon [_thread_blocked, id=6664, stack(0x00007f040e754000,0x00007f040e855000)]
  0x00007f042c5e4000 JavaThread "TP-Processor3" daemon [_thread_blocked, id=6663, stack(0x00007f040e855000,0x00007f040e956000)]
  0x00007f042c5ca000 JavaThread "TP-Processor2" daemon [_thread_blocked, id=6662, stack(0x00007f040e956000,0x00007f040ea57000)]
  0x00007f042c5c9800 JavaThread "TP-Processor1" daemon [_thread_blocked, id=6661, stack(0x00007f040ea57000,0x00007f040eb58000)]
  0x00007f042c5d4800 JavaThread "http-8088-Acceptor-0" daemon [_thread_blocked, id=6660, stack(0x00007f040eb58000,0x00007f040ec59000)]
  0x00007f042c517000 JavaThread "GC Daemon" daemon [_thread_blocked, id=6656, stack(0x00007f041408b000,0x00007f041418c000)]
  0x00007f0398026800 JavaThread "RMI Scheduler(0)" daemon [_thread_blocked, id=6653, stack(0x00007f0414d1e000,0x00007f0414e1f000)]
  0x00007f042c53e800 JavaThread "Abandoned connection cleanup thread" daemon [_thread_blocked, id=6652, stack(0x00007f0414e1f000,0x00007f0414f20000)]
  0x00007f042c24f000 JavaThread "RMI TCP Accept-0" daemon [_thread_in_native, id=6648, stack(0x00007f041536f000,0x00007f0415470000)]
  0x00007f042c245800 JavaThread "RMI TCP Accept-1099" daemon [_thread_in_native, id=6647, stack(0x00007f0415470000,0x00007f0415571000)]
  0x00007f042c234800 JavaThread "RMI TCP Accept-0" daemon [_thread_in_native, id=6646, stack(0x00007f0415571000,0x00007f0415672000)]
  0x00007f042c0ed000 JavaThread "Service Thread" daemon [_thread_blocked, id=6645, stack(0x00007f0415cd4000,0x00007f0415dd5000)]
  0x00007f042c0cf800 JavaThread "C1 CompilerThread3" daemon [_thread_blocked, id=6644, stack(0x00007f0415dd5000,0x00007f0415ed6000)]
  0x00007f042c0cd000 JavaThread "C2 CompilerThread2" daemon [_thread_in_native, id=6643, stack(0x00007f0415ed6000,0x00007f0415fd7000)]
  0x00007f042c0cb800 JavaThread "C2 CompilerThread1" daemon [_thread_in_native, id=6642, stack(0x00007f0415fd7000,0x00007f04160d8000)]
  0x00007f042c0c8800 JavaThread "C2 CompilerThread0" daemon [_thread_in_native, id=6641, stack(0x00007f04160d8000,0x00007f04161d9000)]
  0x00007f042c0c6800 JavaThread "JDWP Event Helper Thread" daemon [_thread_blocked, id=6638, stack(0x00007f04162da000,0x00007f04163db000)]
  0x00007f042c0b6000 JavaThread "Signal Dispatcher" daemon [_thread_blocked, id=6635, stack(0x00007f04166e0000,0x00007f04167e1000)]
  0x00007f042c087800 JavaThread "Finalizer" daemon [_thread_blocked, id=6634, stack(0x00007f04167e1000,0x00007f04168e2000)]
  0x00007f042c085800 JavaThread "Reference Handler" daemon [_thread_blocked, id=6633, stack(0x00007f04168e2000,0x00007f04169e3000)]
=>0x00007f042c00d000 JavaThread "main" [_thread_in_native, id=6623, stack(0x00007f0435799000,0x00007f043589a000)]

Other Threads:
  0x00007f042c07e800 VMThread [stack: 0x00007f04169e3000,0x00007f0416ae4000] [id=6632]
  0x00007f042c259000 WatcherThread [stack: 0x00007f041526e000,0x00007f041536f000] [id=6649]

VM state:not at safepoint (normal execution)

VM Mutex/Monitor currently owned by a thread: None

Heap:
 PSYoungGen      total 399872K, used 70533K [0x000000076ce00000, 0x0000000787680000, 0x00000007c0000000)
  eden space 387584K, 15% used [0x000000076ce00000,0x000000077074d410,0x0000000784880000)
  from space 12288K, 96% used [0x0000000786a80000,0x00000007876140b0,0x0000000787680000)
  to   space 15360K, 0% used [0x0000000785880000,0x0000000785880000,0x0000000786780000)
 ParOldGen       total 168448K, used 23647K [0x00000006c6a00000, 0x00000006d0e80000, 0x000000076ce00000)
  object space 168448K, 14% used [0x00000006c6a00000,0x00000006c8117c70,0x00000006d0e80000)
 Metaspace       used 50672K, capacity 51752K, committed 52096K, reserved 1093632K
  class space    used 7164K, capacity 7425K, committed 7552K, reserved 1048576K

Card table byte_map: [0x00007f04316e9000,0x00007f0431eb5000] byte_map_base: 0x00007f042e0b4000

Marking Bits: (ParMarkBitMap*) 0x00007f0434c73c20
 Begin Bits: [0x00007f03dc350000, 0x00007f03e01a8000)
 End Bits:   [0x00007f03e01a8000, 0x00007f03e4000000)

Polling page: 0x00007f04358bc000

CodeCache: size=245760Kb used=18369Kb max_used=18408Kb free=227390Kb
 bounds [0x00007f041d000000, 0x00007f041e230000, 0x00007f042c000000]
 total_blobs=5548 nmethods=4991 adapters=478
 compilation: enabled

Compilation events (10 events):
Event: 472.013 Thread 0x00007f042c0cf800 nmethod 6085 0x00007f041df68d10 code [0x00007f041df68e60, 0x00007f041df68f70]
Event: 472.014 Thread 0x00007f042c0cf800 6087       3       sun.nio.cs.StreamEncoder::implFlushBuffer (15 bytes)
Event: 472.014 Thread 0x00007f042c0cf800 nmethod 6087 0x00007f041d19f510 code [0x00007f041d19f680, 0x00007f041d19f8e8]
Event: 472.015 Thread 0x00007f042c0cf800 6088       3       java.io.Writer::write (11 bytes)
Event: 472.015 Thread 0x00007f042c0cf800 nmethod 6088 0x00007f041d35ef90 code [0x00007f041d35f100, 0x00007f041d35f428]
Event: 472.016 Thread 0x00007f042c0cd000 nmethod 6082% 0x00007f041df3be10 code [0x00007f041df3bfa0, 0x00007f041df3c2f8]
Event: 472.016 Thread 0x00007f042c0cf800 6089       3       java.io.ObjectStreamClass::getDefaultSerialFields (93 bytes)
Event: 472.017 Thread 0x00007f042c0cf800 nmethod 6089 0x00007f041d1cf990 code [0x00007f041d1cfbe0, 0x00007f041d1d0b08]
Event: 472.018 Thread 0x00007f042c0cd000 6090       4       java.io.ObjectStreamClass::getObjFieldValues (10 bytes)
Event: 472.019 Thread 0x00007f042c0cf800 6093       3       java.io.ObjectOutputStream$BlockDataOutputStream::drain (45 bytes)

GC Heap History (10 events):
Event: 4.412 GC heap before
{Heap before GC invocations=6 (full 1):
 PSYoungGen      total 206336K, used 205865K [0x000000076ce00000, 0x000000077dd00000, 0x00000007c0000000)
  eden space 197120K, 100% used [0x000000076ce00000,0x0000000778e80000,0x0000000778e80000)
  from space 9216K, 94% used [0x000000077d400000,0x000000077dc8a468,0x000000077dd00000)
  to   space 10240K, 0% used [0x000000077c900000,0x000000077c900000,0x000000077d300000)
 ParOldGen       total 107520K, used 12786K [0x00000006c6a00000, 0x00000006cd300000, 0x000000076ce00000)
  object space 107520K, 11% used [0x00000006c6a00000,0x00000006c767c860,0x00000006cd300000)
 Metaspace       used 29068K, capacity 29528K, committed 29824K, reserved 1075200K
  class space    used 3251K, capacity 3389K, committed 3456K, reserved 1048576K
Event: 4.418 GC heap after
Heap after GC invocations=6 (full 1):
 PSYoungGen      total 267264K, used 5893K [0x000000076ce00000, 0x0000000780900000, 0x00000007c0000000)
  eden space 257024K, 0% used [0x000000076ce00000,0x000000076ce00000,0x000000077c900000)
  from space 10240K, 57% used [0x000000077c900000,0x000000077cec15e0,0x000000077d300000)
  to   space 14848K, 0% used [0x000000077fa80000,0x000000077fa80000,0x0000000780900000)
 ParOldGen       total 107520K, used 12794K [0x00000006c6a00000, 0x00000006cd300000, 0x000000076ce00000)
  object space 107520K, 11% used [0x00000006c6a00000,0x00000006c767e860,0x00000006cd300000)
 Metaspace       used 29068K, capacity 29528K, committed 29824K, reserved 1075200K
  class space    used 3251K, capacity 3389K, committed 3456K, reserved 1048576K
}
Event: 5.060 GC heap before
{Heap before GC invocations=7 (full 1):
 PSYoungGen      total 267264K, used 93562K [0x000000076ce00000, 0x0000000780900000, 0x00000007c0000000)
  eden space 257024K, 34% used [0x000000076ce00000,0x000000077239d5a0,0x000000077c900000)
  from space 10240K, 57% used [0x000000077c900000,0x000000077cec15e0,0x000000077d300000)
  to   space 14848K, 0% used [0x000000077fa80000,0x000000077fa80000,0x0000000780900000)
 ParOldGen       total 107520K, used 12794K [0x00000006c6a00000, 0x00000006cd300000, 0x000000076ce00000)
  object space 107520K, 11% used [0x00000006c6a00000,0x00000006c767e860,0x00000006cd300000)
 Metaspace       used 34656K, capacity 35082K, committed 35320K, reserved 1079296K
  class space    used 4596K, capacity 4705K, committed 4736K, reserved 1048576K
Event: 5.072 GC heap after
Heap after GC invocations=7 (full 1):
 PSYoungGen      total 306688K, used 13133K [0x000000076ce00000, 0x0000000786180000, 0x00000007c0000000)
  eden space 291840K, 0% used [0x000000076ce00000,0x000000076ce00000,0x000000077eb00000)
  from space 14848K, 88% used [0x000000077fa80000,0x00000007807536d8,0x0000000780900000)
  to   space 15872K, 0% used [0x000000077eb00000,0x000000077eb00000,0x000000077fa80000)
 ParOldGen       total 107520K, used 12802K [0x00000006c6a00000, 0x00000006cd300000, 0x000000076ce00000)
  object space 107520K, 11% used [0x00000006c6a00000,0x00000006c7680860,0x00000006cd300000)
 Metaspace       used 34656K, capacity 35082K, committed 35320K, reserved 1079296K
  class space    used 4596K, capacity 4705K, committed 4736K, reserved 1048576K
}
Event: 5.072 GC heap before
{Heap before GC invocations=8 (full 2):
 PSYoungGen      total 306688K, used 13133K [0x000000076ce00000, 0x0000000786180000, 0x00000007c0000000)
  eden space 291840K, 0% used [0x000000076ce00000,0x000000076ce00000,0x000000077eb00000)
  from space 14848K, 88% used [0x000000077fa80000,0x00000007807536d8,0x0000000780900000)
  to   space 15872K, 0% used [0x000000077eb00000,0x000000077eb00000,0x000000077fa80000)
 ParOldGen       total 107520K, used 12802K [0x00000006c6a00000, 0x00000006cd300000, 0x000000076ce00000)
  object space 107520K, 11% used [0x00000006c6a00000,0x00000006c7680860,0x00000006cd300000)
 Metaspace       used 34656K, capacity 35082K, committed 35320K, reserved 1079296K
  class space    used 4596K, capacity 4705K, committed 4736K, reserved 1048576K
Event: 5.138 GC heap after
Heap after GC invocations=8 (full 2):
 PSYoungGen      total 306688K, used 0K [0x000000076ce00000, 0x0000000786180000, 0x00000007c0000000)
  eden space 291840K, 0% used [0x000000076ce00000,0x000000076ce00000,0x000000077eb00000)
  from space 14848K, 0% used [0x000000077fa80000,0x000000077fa80000,0x0000000780900000)
  to   space 15872K, 0% used [0x000000077eb00000,0x000000077eb00000,0x000000077fa80000)
 ParOldGen       total 168448K, used 23631K [0x00000006c6a00000, 0x00000006d0e80000, 0x000000076ce00000)
  object space 168448K, 14% used [0x00000006c6a00000,0x00000006c8113c70,0x00000006d0e80000)
 Metaspace       used 34656K, capacity 35082K, committed 35320K, reserved 1079296K
  class space    used 4596K, capacity 4705K, committed 4736K, reserved 1048576K
}
Event: 10.797 GC heap before
{Heap before GC invocations=9 (full 2):
 PSYoungGen      total 306688K, used 291840K [0x000000076ce00000, 0x0000000786180000, 0x00000007c0000000)
  eden space 291840K, 100% used [0x000000076ce00000,0x000000077eb00000,0x000000077eb00000)
  from space 14848K, 0% used [0x000000077fa80000,0x000000077fa80000,0x0000000780900000)
  to   space 15872K, 0% used [0x000000077eb00000,0x000000077eb00000,0x000000077fa80000)
 ParOldGen       total 168448K, used 23631K [0x00000006c6a00000, 0x00000006d0e80000, 0x000000076ce00000)
  object space 168448K, 14% used [0x00000006c6a00000,0x00000006c8113c70,0x00000006d0e80000)
 Metaspace       used 45249K, capacity 45872K, committed 46336K, reserved 1089536K
  class space    used 6448K, capacity 6589K, committed 6656K, reserved 1048576K
Event: 10.807 GC heap after
Heap after GC invocations=9 (full 2):
 PSYoungGen      total 307712K, used 10910K [0x000000076ce00000, 0x0000000787980000, 0x00000007c0000000)
  eden space 291840K, 0% used [0x000000076ce00000,0x000000076ce00000,0x000000077eb00000)
  from space 15872K, 68% used [0x000000077eb00000,0x000000077f5a7950,0x000000077fa80000)
  to   space 15360K, 0% used [0x0000000786a80000,0x0000000786a80000,0x0000000787980000)
 ParOldGen       total 168448K, used 23639K [0x00000006c6a00000, 0x00000006d0e80000, 0x000000076ce00000)
  object space 168448K, 14% used [0x00000006c6a00000,0x00000006c8115c70,0x00000006d0e80000)
 Metaspace       used 45249K, capacity 45872K, committed 46336K, reserved 1089536K
  class space    used 6448K, capacity 6589K, committed 6656K, reserved 1048576K
}
Event: 436.668 GC heap before
{Heap before GC invocations=10 (full 2):
 PSYoungGen      total 307712K, used 302750K [0x000000076ce00000, 0x0000000787980000, 0x00000007c0000000)
  eden space 291840K, 100% used [0x000000076ce00000,0x000000077eb00000,0x000000077eb00000)
  from space 15872K, 68% used [0x000000077eb00000,0x000000077f5a7950,0x000000077fa80000)
  to   space 15360K, 0% used [0x0000000786a80000,0x0000000786a80000,0x0000000787980000)
 ParOldGen       total 168448K, used 23639K [0x00000006c6a00000, 0x00000006d0e80000, 0x000000076ce00000)
  object space 168448K, 14% used [0x00000006c6a00000,0x00000006c8115c70,0x00000006d0e80000)
 Metaspace       used 50419K, capacity 51504K, committed 51712K, reserved 1093632K
  class space    used 7140K, capacity 7389K, committed 7424K, reserved 1048576K
Event: 436.679 GC heap after
Heap after GC invocations=10 (full 2):
 PSYoungGen      total 399872K, used 11856K [0x000000076ce00000, 0x0000000787680000, 0x00000007c0000000)
  eden space 387584K, 0% used [0x000000076ce00000,0x000000076ce00000,0x0000000784880000)
  from space 12288K, 96% used [0x0000000786a80000,0x00000007876140b0,0x0000000787680000)
  to   space 15360K, 0% used [0x0000000785880000,0x0000000785880000,0x0000000786780000)
 ParOldGen       total 168448K, used 23647K [0x00000006c6a00000, 0x00000006d0e80000, 0x000000076ce00000)
  object space 168448K, 14% used [0x00000006c6a00000,0x00000006c8117c70,0x00000006d0e80000)
 Metaspace       used 50419K, capacity 51504K, committed 51712K, reserved 1093632K
  class space    used 7140K, capacity 7389K, committed 7424K, reserved 1048576K
}

Deoptimization events (10 events):
Event: 471.907 Thread 0x00007f035886d800 Uncommon trap: reason=unreached action=reinterpret pc=0x00007f041e10c0c0 method=org.hsqldb.lib.HsqlTimer$TaskQueue.peekTask()Lorg/hsqldb/lib/HsqlTimer$Task; @ 6
Event: 472.013 Thread 0x00007f042c00d000 Uncommon trap: reason=bimorphic action=maybe_recompile pc=0x00007f041df3041c method=java.io.ObjectOutputStream$BlockDataOutputStream.drain()V @ 36
Event: 472.013 Thread 0x00007f042c00d000 Uncommon trap: reason=bimorphic action=maybe_recompile pc=0x00007f041df3041c method=java.io.ObjectOutputStream$BlockDataOutputStream.drain()V @ 36
Event: 472.013 Thread 0x00007f042c00d000 Uncommon trap: reason=class_check action=maybe_recompile pc=0x00007f041e015650 method=java.io.ObjectOutputStream$BlockDataOutputStream.write([BIIZ)V @ 23
Event: 472.013 Thread 0x00007f042c00d000 Uncommon trap: reason=bimorphic action=maybe_recompile pc=0x00007f041da53948 method=java.io.ObjectOutputStream$BlockDataOutputStream.drain()V @ 36
Event: 472.015 Thread 0x00007f042c00d000 Uncommon trap: reason=class_check action=maybe_recompile pc=0x00007f041e015650 method=java.io.ObjectOutputStream$BlockDataOutputStream.write([BIIZ)V @ 23
Event: 472.015 Thread 0x00007f042c00d000 Uncommon trap: reason=class_check action=maybe_recompile pc=0x00007f041e015650 method=java.io.ObjectOutputStream$BlockDataOutputStream.write([BIIZ)V @ 23
Event: 472.016 Thread 0x00007f042c00d000 Uncommon trap: reason=class_check action=maybe_recompile pc=0x00007f041e015650 method=java.io.ObjectOutputStream$BlockDataOutputStream.write([BIIZ)V @ 23
Event: 472.018 Thread 0x00007f042c00d000 Uncommon trap: reason=class_check action=maybe_recompile pc=0x00007f041e00f428 method=java.io.ObjectOutputStream$BlockDataOutputStream.write([BIIZ)V @ 23
Event: 472.019 Thread 0x00007f042c00d000 Uncommon trap: reason=bimorphic action=maybe_recompile pc=0x00007f041da54704 method=java.io.ObjectOutputStream$BlockDataOutputStream.drain()V @ 36

Internal exceptions (10 events):
Event: 472.008 Thread 0x00007f042c00d000 Exception <a 'java/security/PrivilegedActionException'> (0x000000076f3846a8) thrown at [/HUDSON/workspace/8-2-build-linux-amd64/jdk8u20/526.nc/hotspot/src/share/vm/prims/jvm.cpp, line 1258]
Event: 472.008 Thread 0x00007f042c00d000 Exception <a 'java/security/PrivilegedActionException'> (0x000000076f3850e0) thrown at [/HUDSON/workspace/8-2-build-linux-amd64/jdk8u20/526.nc/hotspot/src/share/vm/prims/jvm.cpp, line 1258]
Event: 472.009 Thread 0x00007f042c00d000 Exception <a 'java/security/PrivilegedActionException'> (0x000000076f397568) thrown at [/HUDSON/workspace/8-2-build-linux-amd64/jdk8u20/526.nc/hotspot/src/share/vm/prims/jvm.cpp, line 1258]
Event: 472.009 Thread 0x00007f042c00d000 Exception <a 'java/security/PrivilegedActionException'> (0x000000076f398108) thrown at [/HUDSON/workspace/8-2-build-linux-amd64/jdk8u20/526.nc/hotspot/src/share/vm/prims/jvm.cpp, line 1258]
Event: 472.016 Thread 0x00007f042c00d000 Exception <a 'java/security/PrivilegedActionException'> (0x000000076f3bed50) thrown at [/HUDSON/workspace/8-2-build-linux-amd64/jdk8u20/526.nc/hotspot/src/share/vm/prims/jvm.cpp, line 1258]
Event: 472.016 Thread 0x00007f042c00d000 Exception <a 'java/security/PrivilegedActionException'> (0x000000076f3bfd30) thrown at [/HUDSON/workspace/8-2-build-linux-amd64/jdk8u20/526.nc/hotspot/src/share/vm/prims/jvm.cpp, line 1258]
Event: 472.017 Thread 0x00007f042c00d000 Exception <a 'java/security/PrivilegedActionException'> (0x000000076f3db668) thrown at [/HUDSON/workspace/8-2-build-linux-amd64/jdk8u20/526.nc/hotspot/src/share/vm/prims/jvm.cpp, line 1258]
Event: 472.017 Thread 0x00007f042c00d000 Exception <a 'java/security/PrivilegedActionException'> (0x000000076f3dc6d8) thrown at [/HUDSON/workspace/8-2-build-linux-amd64/jdk8u20/526.nc/hotspot/src/share/vm/prims/jvm.cpp, line 1258]
Event: 472.018 Thread 0x00007f042c00d000 Exception <a 'java/security/PrivilegedActionException'> (0x000000076f3ecd98) thrown at [/HUDSON/workspace/8-2-build-linux-amd64/jdk8u20/526.nc/hotspot/src/share/vm/prims/jvm.cpp, line 1258]
Event: 472.018 Thread 0x00007f042c00d000 Exception <a 'java/security/PrivilegedActionException'> (0x000000076f3eddb8) thrown at [/HUDSON/workspace/8-2-build-linux-amd64/jdk8u20/526.nc/hotspot/src/share/vm/prims/jvm.cpp, line 1258]

Events (10 events):
Event: 472.019 Thread 0x00007f042c00d000 DEOPT UNPACKING pc=0x00007f041d04741a sp=0x00007f0435895808 mode 1
Event: 472.019 Thread 0x00007f042c00d000 DEOPT PACKING pc=0x00007f041d68dfe4 sp=0x00007f04358959f0
Event: 472.019 Thread 0x00007f042c00d000 DEOPT UNPACKING pc=0x00007f041d04741a sp=0x00007f04358957b0 mode 1
Event: 472.019 Thread 0x00007f042c00d000 DEOPT PACKING pc=0x00007f041dd0b40c sp=0x00007f0435895ac0
Event: 472.019 Thread 0x00007f042c00d000 DEOPT UNPACKING pc=0x00007f041d04741a sp=0x00007f0435895888 mode 1
Event: 472.019 Thread 0x00007f042c00d000 DEOPT PACKING pc=0x00007f041d68dfe4 sp=0x00007f0435895a30
Event: 472.019 Thread 0x00007f042c00d000 DEOPT UNPACKING pc=0x00007f041d04741a sp=0x00007f0435895808 mode 1
Event: 472.019 Thread 0x00007f042c00d000 Uncommon trap: trap_request=0xffffffc6 fr.pc=0x00007f041da54704
Event: 472.019 Thread 0x00007f042c00d000 DEOPT PACKING pc=0x00007f041da54704 sp=0x00007f0435897470
Event: 472.019 Thread 0x00007f042c00d000 DEOPT UNPACKING pc=0x00007f041d047650 sp=0x00007f04358973b8 mode 2


Dynamic libraries:
00400000-00401000 r-xp 00000000 08:06 19938758                           /usr/lib/jvm/jdk1.8.0_20/bin/java
00600000-00601000 rw-p 00000000 08:06 19938758                           /usr/lib/jvm/jdk1.8.0_20/bin/java
015d5000-015f6000 rw-p 00000000 00:00 0                                  [heap]
6c6a00000-6d0e80000 rw-p 00000000 00:00 0 
6d0e80000-76ce00000 ---p 00000000 00:00 0 
76ce00000-787680000 rw-p 00000000 00:00 0 
787680000-7c0000000 ---p 00000000 00:00 0 
7c0000000-7c0760000 rw-p 00000000 00:00 0 
7c0760000-800000000 ---p 00000000 00:00 0 
7f0310000000-7f0310021000 rw-p 00000000 00:00 0 
7f0310021000-7f0314000000 ---p 00000000 00:00 0 
7f0314000000-7f0314021000 rw-p 00000000 00:00 0 
7f0314021000-7f0318000000 ---p 00000000 00:00 0 
7f0318000000-7f031827a000 rw-p 00000000 00:00 0 
7f031827a000-7f031c000000 ---p 00000000 00:00 0 
7f031c000000-7f031c022000 rw-p 00000000 00:00 0 
7f031c022000-7f0320000000 ---p 00000000 00:00 0 
7f0320000000-7f0320021000 rw-p 00000000 00:00 0 
7f0320021000-7f0324000000 ---p 00000000 00:00 0 
7f0324000000-7f0324021000 rw-p 00000000 00:00 0 
7f0324021000-7f0328000000 ---p 00000000 00:00 0 
7f0328000000-7f0328021000 rw-p 00000000 00:00 0 
7f0328021000-7f032c000000 ---p 00000000 00:00 0 
7f032c000000-7f032c021000 rw-p 00000000 00:00 0 
7f032c021000-7f0330000000 ---p 00000000 00:00 0 
7f0330000000-7f0330021000 rw-p 00000000 00:00 0 
7f0330021000-7f0334000000 ---p 00000000 00:00 0 
7f0334000000-7f0334021000 rw-p 00000000 00:00 0 
7f0334021000-7f0338000000 ---p 00000000 00:00 0 
7f0338000000-7f0338021000 rw-p 00000000 00:00 0 
7f0338021000-7f033c000000 ---p 00000000 00:00 0 
7f033c000000-7f033c0e7000 rw-p 00000000 00:00 0 
7f033c0e7000-7f0340000000 ---p 00000000 00:00 0 
7f0340000000-7f0340021000 rw-p 00000000 00:00 0 
7f0340021000-7f0344000000 ---p 00000000 00:00 0 
7f0344000000-7f0344021000 rw-p 00000000 00:00 0 
7f0344021000-7f0348000000 ---p 00000000 00:00 0 
7f0348000000-7f0348021000 rw-p 00000000 00:00 0 
7f0348021000-7f034c000000 ---p 00000000 00:00 0 
7f034c000000-7f034c021000 rw-p 00000000 00:00 0 
7f034c021000-7f0350000000 ---p 00000000 00:00 0 
7f0350000000-7f0350021000 rw-p 00000000 00:00 0 
7f0350021000-7f0354000000 ---p 00000000 00:00 0 
7f0354000000-7f0354021000 rw-p 00000000 00:00 0 
7f0354021000-7f0358000000 ---p 00000000 00:00 0 
7f0358000000-7f0359424000 rw-p 00000000 00:00 0 
7f0359424000-7f035c000000 ---p 00000000 00:00 0 
7f035c000000-7f035c021000 rw-p 00000000 00:00 0 
7f035c021000-7f0360000000 ---p 00000000 00:00 0 
7f0360000000-7f0360407000 rw-p 00000000 00:00 0 
7f0360407000-7f0364000000 ---p 00000000 00:00 0 
7f0364000000-7f0364021000 rw-p 00000000 00:00 0 
7f0364021000-7f0368000000 ---p 00000000 00:00 0 
7f0368000000-7f0368021000 rw-p 00000000 00:00 0 
7f0368021000-7f036c000000 ---p 00000000 00:00 0 
7f036c000000-7f036c021000 rw-p 00000000 00:00 0 
7f036c021000-7f0370000000 ---p 00000000 00:00 0 
7f0370000000-7f037005d000 rw-p 00000000 00:00 0 
7f037005d000-7f0374000000 ---p 00000000 00:00 0 
7f0374000000-7f0374021000 rw-p 00000000 00:00 0 
7f0374021000-7f0378000000 ---p 00000000 00:00 0 
7f0378000000-7f0378021000 rw-p 00000000 00:00 0 
7f0378021000-7f037c000000 ---p 00000000 00:00 0 
7f037c000000-7f037c021000 rw-p 00000000 00:00 0 
7f037c021000-7f0380000000 ---p 00000000 00:00 0 
7f0380000000-7f0380021000 rw-p 00000000 00:00 0 
7f0380021000-7f0384000000 ---p 00000000 00:00 0 
7f0384000000-7f0384021000 rw-p 00000000 00:00 0 
7f0384021000-7f0388000000 ---p 00000000 00:00 0 
7f0388000000-7f0388021000 rw-p 00000000 00:00 0 
7f0388021000-7f038c000000 ---p 00000000 00:00 0 
7f038c000000-7f038c150000 rw-p 00000000 00:00 0 
7f038c150000-7f0390000000 ---p 00000000 00:00 0 
7f0390000000-7f0390021000 rw-p 00000000 00:00 0 
7f0390021000-7f0394000000 ---p 00000000 00:00 0 
7f0394000000-7f039450b000 rw-p 00000000 00:00 0 
7f039450b000-7f0398000000 ---p 00000000 00:00 0 
7f0398000000-7f0398028000 rw-p 00000000 00:00 0 
7f0398028000-7f039c000000 ---p 00000000 00:00 0 
7f039c000000-7f039c021000 rw-p 00000000 00:00 0 
7f039c021000-7f03a0000000 ---p 00000000 00:00 0 
7f03a0000000-7f03a0021000 rw-p 00000000 00:00 0 
7f03a0021000-7f03a4000000 ---p 00000000 00:00 0 
7f03a4000000-7f03a4021000 rw-p 00000000 00:00 0 
7f03a4021000-7f03a8000000 ---p 00000000 00:00 0 
7f03a8000000-7f03a8021000 rw-p 00000000 00:00 0 
7f03a8021000-7f03ac000000 ---p 00000000 00:00 0 
7f03ac000000-7f03ac021000 rw-p 00000000 00:00 0 
7f03ac021000-7f03b0000000 ---p 00000000 00:00 0 
7f03b0000000-7f03b0ca9000 rw-p 00000000 00:00 0 
7f03b0ca9000-7f03b4000000 ---p 00000000 00:00 0 
7f03b4000000-7f03b4021000 rw-p 00000000 00:00 0 
7f03b4021000-7f03b8000000 ---p 00000000 00:00 0 
7f03b8000000-7f03b9fe4000 rw-p 00000000 00:00 0 
7f03b9fe4000-7f03bc000000 ---p 00000000 00:00 0 
7f03bc000000-7f03bddf5000 rw-p 00000000 00:00 0 
7f03bddf5000-7f03c0000000 ---p 00000000 00:00 0 
7f03c0000000-7f03c0034000 rw-p 00000000 00:00 0 
7f03c0034000-7f03c4000000 ---p 00000000 00:00 0 
7f03c4000000-7f03c5d6c000 rw-p 00000000 00:00 0 
7f03c5d6c000-7f03c8000000 ---p 00000000 00:00 0 
7f03c8000000-7f03c8021000 rw-p 00000000 00:00 0 
7f03c8021000-7f03cc000000 ---p 00000000 00:00 0 
7f03cc000000-7f03cc0b1000 rw-p 00000000 00:00 0 
7f03cc0b1000-7f03d0000000 ---p 00000000 00:00 0 
7f03d0000000-7f03d0021000 rw-p 00000000 00:00 0 
7f03d0021000-7f03d4000000 ---p 00000000 00:00 0 
7f03d4000000-7f03d4021000 rw-p 00000000 00:00 0 
7f03d4021000-7f03d8000000 ---p 00000000 00:00 0 
7f03d8000000-7f03d8021000 rw-p 00000000 00:00 0 
7f03d8021000-7f03dc000000 ---p 00000000 00:00 0 
7f03dc350000-7f03e4000000 rw-p 00000000 00:00 0 
7f03e4000000-7f03e4021000 rw-p 00000000 00:00 0 
7f03e4021000-7f03e8000000 ---p 00000000 00:00 0 
7f03e8000000-7f03e811a000 rw-p 00000000 00:00 0 
7f03e811a000-7f03ec000000 ---p 00000000 00:00 0 
7f03ec000000-7f03ec021000 rw-p 00000000 00:00 0 
7f03ec021000-7f03f0000000 ---p 00000000 00:00 0 
7f03f4000000-7f03f4021000 rw-p 00000000 00:00 0 
7f03f4021000-7f03f8000000 ---p 00000000 00:00 0 
7f03fc000000-7f03fc021000 rw-p 00000000 00:00 0 
7f03fc021000-7f0400000000 ---p 00000000 00:00 0 
7f0400000000-7f0400021000 rw-p 00000000 00:00 0 
7f0400021000-7f0404000000 ---p 00000000 00:00 0 
7f04060ae000-7f04060b1000 ---p 00000000 00:00 0 
7f04060b1000-7f040632f000 rw-p 00000000 00:00 0 
7f040632f000-7f04063af000 ---p 00000000 00:00 0 
7f04063af000-7f04063b2000 ---p 00000000 00:00 0 
7f04063b2000-7f04066b0000 rw-p 00000000 00:00 0                          [stack:6877]
7f04066b0000-7f04066b3000 ---p 00000000 00:00 0 
7f04066b3000-7f04067b1000 rw-p 00000000 00:00 0 
7f04067b1000-7f04067c8000 r-xp 00000000 08:06 15602148                   /lib/x86_64-linux-gnu/libresolv-2.19.so
7f04067c8000-7f04069c8000 ---p 00017000 08:06 15602148                   /lib/x86_64-linux-gnu/libresolv-2.19.so
7f04069c8000-7f04069c9000 r--p 00017000 08:06 15602148                   /lib/x86_64-linux-gnu/libresolv-2.19.so
7f04069c9000-7f04069ca000 rw-p 00018000 08:06 15602148                   /lib/x86_64-linux-gnu/libresolv-2.19.so
7f04069ca000-7f04069cc000 rw-p 00000000 00:00 0 
7f04069cc000-7f04069d1000 r-xp 00000000 08:06 15602324                   /lib/x86_64-linux-gnu/libnss_dns-2.19.so
7f04069d1000-7f0406bd0000 ---p 00005000 08:06 15602324                   /lib/x86_64-linux-gnu/libnss_dns-2.19.so
7f0406bd0000-7f0406bd1000 r--p 00004000 08:06 15602324                   /lib/x86_64-linux-gnu/libnss_dns-2.19.so
7f0406bd1000-7f0406bd2000 rw-p 00005000 08:06 15602324                   /lib/x86_64-linux-gnu/libnss_dns-2.19.so
7f0406bd2000-7f0406bd4000 r-xp 00000000 08:06 15601607                   /lib/x86_64-linux-gnu/libnss_mdns4_minimal.so.2
7f0406bd4000-7f0406dd3000 ---p 00002000 08:06 15601607                   /lib/x86_64-linux-gnu/libnss_mdns4_minimal.so.2
7f0406dd3000-7f0406dd4000 r--p 00001000 08:06 15601607                   /lib/x86_64-linux-gnu/libnss_mdns4_minimal.so.2
7f0406dd4000-7f0406dd5000 rw-p 00002000 08:06 15601607                   /lib/x86_64-linux-gnu/libnss_mdns4_minimal.so.2
7f0406df4000-7f0406ff4000 rw-p 00000000 00:00 0 
7f0406ff4000-7f0406ff7000 ---p 00000000 00:00 0 
7f0406ff7000-7f04070f5000 rw-p 00000000 00:00 0                          [stack:6696]
7f04070f5000-7f04070f8000 ---p 00000000 00:00 0 
7f04070f8000-7f04071f6000 rw-p 00000000 00:00 0                          [stack:6695]
7f04071f6000-7f04071f9000 ---p 00000000 00:00 0 
7f04071f9000-7f04072f7000 rw-p 00000000 00:00 0                          [stack:6694]
7f04072f7000-7f04072fa000 ---p 00000000 00:00 0 
7f04072fa000-7f04075f8000 rw-p 00000000 00:00 0                          [stack:6693]
7f04075f8000-7f04075fb000 ---p 00000000 00:00 0 
7f04075fb000-7f04076f9000 rw-p 00000000 00:00 0 
7f04076f9000-7f04076fc000 ---p 00000000 00:00 0 
7f04076fc000-7f04079fa000 rw-p 00000000 00:00 0 
7f04079fa000-7f04079fd000 ---p 00000000 00:00 0 
7f04079fd000-7f0407afb000 rw-p 00000000 00:00 0 
7f0407afb000-7f0407afe000 ---p 00000000 00:00 0 
7f0407afe000-7f0407bfc000 rw-p 00000000 00:00 0 
7f0407bfc000-7f0407bff000 ---p 00000000 00:00 0 
7f0407bff000-7f0407cfd000 rw-p 00000000 00:00 0 
7f0407cfd000-7f0407d00000 ---p 00000000 00:00 0 
7f0407d00000-7f0407dfe000 rw-p 00000000 00:00 0 
7f0407dfe000-7f0407e01000 ---p 00000000 00:00 0 
7f0407e01000-7f0407eff000 rw-p 00000000 00:00 0 
7f0407eff000-7f0407f02000 ---p 00000000 00:00 0 
7f0407f02000-7f0408000000 rw-p 00000000 00:00 0 
7f0408000000-7f0408021000 rw-p 00000000 00:00 0 
7f0408021000-7f040c003000 ---p 00000000 00:00 0 
7f040c003000-7f040c101000 rw-p 00000000 00:00 0 
7f040c101000-7f040c104000 ---p 00000000 00:00 0 
7f040c104000-7f040c202000 rw-p 00000000 00:00 0 
7f040c202000-7f040c205000 ---p 00000000 00:00 0 
7f040c205000-7f040c503000 rw-p 00000000 00:00 0 
7f040c503000-7f040c703000 rw-p 00000000 00:00 0 
7f040c703000-7f040c70a000 r--s 00000000 08:06 15863595                   /usr/lib/x86_64-linux-gnu/gconv/gconv-modules.cache
7f040c818000-7f040ca18000 rw-p 00000000 00:00 0 
7f040ca18000-7f040cc18000 rw-p 00000000 00:00 0 
7f040cc18000-7f040ce18000 rw-p 00000000 00:00 0 
7f040ce18000-7f040ce1b000 ---p 00000000 00:00 0 
7f040ce1b000-7f040d119000 rw-p 00000000 00:00 0 
7f040d119000-7f040d319000 rw-p 00000000 00:00 0 
7f040d319000-7f040d519000 rw-p 00000000 00:00 0 
7f040d71b000-7f040d71e000 ---p 00000000 00:00 0 
7f040d71e000-7f040d81c000 rw-p 00000000 00:00 0 
7f040d81c000-7f040d81f000 ---p 00000000 00:00 0 
7f040d81f000-7f040d91d000 rw-p 00000000 00:00 0 
7f040d91d000-7f040d920000 ---p 00000000 00:00 0 
7f040d920000-7f040da1e000 rw-p 00000000 00:00 0                          [stack:6698]
7f040da1e000-7f040da21000 ---p 00000000 00:00 0 
7f040da21000-7f040db1f000 rw-p 00000000 00:00 0 
7f040db24000-7f040db26000 r--s 00003000 08:06 659381                     /usr/local/development/dev-7-7/Ignition/IgnitionWebApp/src/main/home/temp/sfc-gateway-api6885770787025870204.jar
7f040db26000-7f040db29000 r--s 00019000 08:06 659380                     /usr/local/development/dev-7-7/Ignition/IgnitionWebApp/src/main/home/temp/sfc-gateway1025888214495808157.jar
7f040db29000-7f040db2c000 r--s 00016000 08:06 659379                     /usr/local/development/dev-7-7/Ignition/IgnitionWebApp/src/main/home/temp/sfc-common753292043633287325.jar
7f040db2c000-7f040db30000 r--s 000be000 08:06 658865                     /usr/local/development/dev-7-7/Ignition/IgnitionWebApp/src/main/home/temp/vis-gateway4390515565468330983.jar
7f040db30000-7f040db38000 r--s 0009e000 08:06 657830                     /usr/local/development/dev-7-7/Ignition/IgnitionWebApp/src/main/home/temp/secsgem-gateway8606435105380737159.jar
7f040db38000-7f040dd38000 rw-p 00000000 00:00 0 
7f040dd38000-7f040dd4b000 r--s 00345000 08:06 20582253                   /usr/lib/jvm/jdk1.8.0_20/jre/lib/resources.jar
7f040dd4b000-7f040df4c000 rw-p 00000000 00:00 0 
7f040df4c000-7f040df4d000 r--s 00002000 08:06 658870                     /usr/local/development/dev-7-7/Ignition/IgnitionWebApp/src/main/home/temp/vis-common1183632016213501026.jar
7f040df4d000-7f040df4e000 r--s 00004000 08:06 658859                     /usr/local/development/dev-7-7/Ignition/IgnitionWebApp/src/main/home/temp/secsgem-shared8622940612818284428.jar
7f040df4e000-7f040df4f000 r--s 00000000 08:06 2374863                    /usr/local/development/dev-7-7/Ignition/IgnitionWebApp/target/ignition-webapp-7.7/WEB-INF/lib/xopc-common-2.7.2-SNAPSHOT.jar
7f040df4f000-7f040df67000 r--s 000f6000 08:06 2374859                    /usr/local/development/dev-7-7/Ignition/IgnitionWebApp/target/ignition-webapp-7.7/WEB-INF/lib/xopc-2.7.2-SNAPSHOT.jar
7f040df67000-7f040df74000 r--s 000a0000 08:06 2374890                    /usr/local/development/dev-7-7/Ignition/IgnitionWebApp/target/ignition-webapp-7.7/WEB-INF/lib/winpack-3.8.3.jar
7f040df74000-7f040df7e000 r--s 0005c000 08:06 2365026                    /usr/local/development/dev-7-7/Ignition/IgnitionWebApp/target/ignition-webapp-7.7/WEB-INF/lib/wicket-util-6.1.1.jar
7f040df7e000-7f040df81000 r--s 00012000 08:06 2365027                    /usr/local/development/dev-7-7/Ignition/IgnitionWebApp/target/ignition-webapp-7.7/WEB-INF/lib/wicket-request-6.1.1.jar
7f040df81000-7f040df93000 r--s 00138000 08:06 2374825                    /usr/local/development/dev-7-7/Ignition/IgnitionWebApp/target/ignition-webapp-7.7/WEB-INF/lib/wicket-extensions-6.1.1.jar
7f040df93000-7f040df96000 r--s 00038000 08:06 2374824                    /usr/local/development/dev-7-7/Ignition/IgnitionWebApp/target/ignition-webapp-7.7/WEB-INF/lib/wicket-datetime-6.1.1.jar
7f040df96000-7f040dfb9000 r--s 001a3000 08:06 2365025                    /usr/local/development/dev-7-7/Ignition/IgnitionWebApp/target/ignition-webapp-7.7/WEB-INF/lib/wicket-core-6.1.1.jar
7f040dfb9000-7f040dfbb000 r--s 0012e000 08:06 2374875                    /usr/local/development/dev-7-7/Ignition/IgnitionWebApp/target/ignition-webapp-7.7/WEB-INF/lib/voice-cmu-slt-hsmm-5.0.jar
7f040dfbb000-7f040dfbc000 r--s 00006000 08:06 2374865                    /usr/local/development/dev-7-7/Ignition/IgnitionWebApp/target/ignition-webapp-7.7/WEB-INF/lib/user-manual-module-1.7.0-20131026.004611-6.jar
7f040dfbc000-7f040dfbd000 r--s 00268000 08:06 2374876                    /usr/local/development/dev-7-7/Ignition/IgnitionWebApp/target/ignition-webapp-7.7/WEB-INF/lib/ttsengine-ivona-2.7.2-SNAPSHOT.jar
7f040dfbd000-7f040dfc0000 r--s 00017000 08:06 2374845                    /usr/local/development/dev-7-7/Ignition/IgnitionWebApp/target/ignition-webapp-7.7/WEB-INF/lib/timingframework-1.0.jar
7f040dfc0000-7f040dfc2000 r--s 00001000 08:06 2365014                    /usr/local/development/dev-7-7/Ignition/IgnitionWebApp/target/ignition-webapp-7.7/WEB-INF/lib/slf4j-log4j12-1.7.5.jar
7f040dfc2000-7f040dfc4000 r--s 00005000 08:06 2365013                    /usr/local/development/dev-7-7/Ignition/IgnitionWebApp/target/ignition-webapp-7.7/WEB-INF/lib/slf4j-api-1.7.5.jar
7f040dfc4000-7f040dfce000 r--s 00061000 08:06 2374872                    /usr/local/development/dev-7-7/Ignition/IgnitionWebApp/target/ignition-webapp-7.7/WEB-INF/lib/sip-notification-2.7.2-SNAPSHOT.jar
7f040dfce000-7f040dfd1000 r--s 0001f000 08:06 4198523                    /usr/local/development/dev-7-7/Ignition/IgnitionWebApp/target/ignition-webapp-7.7/WEB-INF/lib/simple-orm-7.7.2-SNAPSHOT.jar
7f040dfd1000-7f040dfd3000 r--s 00003000 08:06 2374881                    /usr/local/development/dev-7-7/Ignition/IgnitionWebApp/target/ignition-webapp-7.7/WEB-INF/lib/sfc-gateway-api-1.7.1-SNAPSHOT.jar
7f040dfd3000-7f040dfd6000 r--s 00019000 08:06 2374880                    /usr/local/development/dev-7-7/Ignition/IgnitionWebApp/target/ignition-webapp-7.7/WEB-INF/lib/sfc-gateway-1.7.1-SNAPSHOT.jar
7f040dfd6000-7f040dfd9000 r--s 00016000 08:06 2374882                    /usr/local/development/dev-7-7/Ignition/IgnitionWebApp/target/ignition-webapp-7.7/WEB-INF/lib/sfc-common-1.7.1-SNAPSHOT.jar
7f040dfd9000-7f040dfdb000 r--s 0000f000 08:06 2374885                    /usr/local/development/dev-7-7/Ignition/IgnitionWebApp/target/ignition-webapp-7.7/WEB-INF/lib/serialio-8.7.0.jar
7f040dfdb000-7f040dfdd000 r--s 00028000 08:06 2374883                    /usr/local/development/dev-7-7/Ignition/IgnitionWebApp/target/ignition-webapp-7.7/WEB-INF/lib/serial-support-gateway-2.7.2-SNAPSHOT.jar
7f040dfdd000-7f040dfdf000 r--s 00002000 08:06 2374884                    /usr/local/development/dev-7-7/Ignition/IgnitionWebApp/target/ignition-webapp-7.7/WEB-INF/lib/serial-support-common-2.7.2-SNAPSHOT.jar
7f040dfdf000-7f040dfe4000 r--s 0003e000 08:06 2374832                    /usr/local/development/dev-7-7/Ignition/IgnitionWebApp/target/ignition-webapp-7.7/WEB-INF/lib/saaj-impl-1.3.jar
7f040dfe4000-7f040dfe6000 r--s 00003000 08:06 2374833                    /usr/local/development/dev-7-7/Ignition/IgnitionWebApp/target/ignition-webapp-7.7/WEB-INF/lib/saaj-api-1.3.jar
7f040dfe6000-7f040dff0000 r--s 0005c000 08:06 2374887                    /usr/local/development/dev-7-7/Ignition/IgnitionWebApp/target/ignition-webapp-7.7/WEB-INF/lib/opccom-gateway-2.7.2-SNAPSHOT.jar
7f040dff0000-7f040dff1000 r--s 00001000 08:06 2374886                    /usr/local/development/dev-7-7/Ignition/IgnitionWebApp/target/ignition-webapp-7.7/WEB-INF/lib/opccom-common-2.7.2-SNAPSHOT.jar
7f040dff1000-7f040dff6000 r--s 00086000 08:06 2374878                    /usr/local/development/dev-7-7/Ignition/IgnitionWebApp/target/ignition-webapp-7.7/WEB-INF/lib/mobile-gateway-2.7.2-SNAPSHOT.jar
7f040dff6000-7f040dff8000 r--s 00002000 08:06 2374879                    /usr/local/development/dev-7-7/Ignition/IgnitionWebApp/target/ignition-webapp-7.7/WEB-INF/lib/mobile-common-2.7.2-SNAPSHOT.jar
7f040dff8000-7f040dff9000 r--s 00003000 08:06 2374849                    /usr/local/development/dev-7-7/Ignition/IgnitionWebApp/target/ignition-webapp-7.7/WEB-INF/lib/miglayout-swing-4.2.jar
7f040dff9000-7f040dffb000 r--s 0000f000 08:06 2374850                    /usr/local/development/dev-7-7/Ignition/IgnitionWebApp/target/ignition-webapp-7.7/WEB-INF/lib/miglayout-core-4.2.jar
7f040dffb000-7f040dffe000 r--s 00012000 08:06 2365017                    /usr/local/development/dev-7-7/Ignition/IgnitionWebApp/target/ignition-webapp-7.7/WEB-INF/lib/metrics-core-3.0.1.jar
7f040dffe000-7f040e06d000 r--s 007bb000 08:06 2374873                    /usr/local/development/dev-7-7/Ignition/IgnitionWebApp/target/ignition-webapp-7.7/WEB-INF/lib/marytts-server-5.0.jar
7f040e06d000-7f040e070000 r--s 0069c000 08:06 2374874                    /usr/local/development/dev-7-7/Ignition/IgnitionWebApp/target/ignition-webapp-7.7/WEB-INF/lib/marytts-lang-en-5.0.jar
7f040e070000-7f040e078000 r--s 00075000 08:06 2374828                    /usr/local/development/dev-7-7/Ignition/IgnitionWebApp/target/ignition-webapp-7.7/WEB-INF/lib/mail-1.4.5.jar
7f040e078000-7f040e081000 r--s 0006f000 08:06 2374892                    /usr/local/development/dev-7-7/Ignition/IgnitionWebApp/target/ignition-webapp-7.7/WEB-INF/lib/log4j-1.2.17.jar
7f040e081000-7f040e088000 r--s 00059000 08:06 2365012                    /usr/local/development/dev-7-7/Ignition/IgnitionWebApp/target/ignition-webapp-7.7/WEB-INF/lib/log4j-1.2.15.jar
7f040e088000-7f040e125000 r--s 0082e000 08:06 2365008                    /usr/local/development/dev-7-7/Ignition/IgnitionWebApp/target/ignition-webapp-7.7/WEB-INF/lib/jython-2.5.3-guava-upgrade.jar
7f040e125000-7f040e126000 r--s 00001000 08:06 2365015                    /usr/local/development/dev-7-7/Ignition/IgnitionWebApp/target/ignition-webapp-7.7/WEB-INF/lib/jul-to-slf4j-1.7.5.jar
7f040e126000-7f040e12c000 r--s 00036000 08:06 2374826                    /usr/local/development/dev-7-7/Ignition/IgnitionWebApp/target/ignition-webapp-7.7/WEB-INF/lib/jquery-ui-core-6.1.0.jar
7f040e12c000-7f040e13b000 r--s 0007c000 08:06 2365018                    /usr/local/development/dev-7-7/Ignition/IgnitionWebApp/target/ignition-webapp-7.7/WEB-INF/lib/joda-time-2.0.jar
7f040e13b000-7f040e13f000 r--s 00037000 08:06 2374889                    /usr/local/development/dev-7-7/Ignition/IgnitionWebApp/target/ignition-webapp-7.7/WEB-INF/lib/jniwrap-3.8.3.jar
7f040e13f000-7f040e141000 r--s 00011000 08:06 2374858                    /usr/local/development/dev-7-7/Ignition/IgnitionWebApp/target/ignition-webapp-7.7/WEB-INF/lib/jide-shortcut-3.5.13.jar
7f040e141000-7f040e145000 r--s 00022000 08:06 2374853                    /usr/local/development/dev-7-7/Ignition/IgnitionWebApp/target/ignition-webapp-7.7/WEB-INF/lib/jide-plaf-3.5.13.jar
7f040e145000-7f040e16b000 r--s 001da000 08:06 2374852                    /usr/local/development/dev-7-7/Ignition/IgnitionWebApp/target/ignition-webapp-7.7/WEB-INF/lib/jide-grids-3.5.13.jar
7f040e16b000-7f040e175000 r--s 00061000 08:06 2374857                    /usr/local/development/dev-7-7/Ignition/IgnitionWebApp/target/ignition-webapp-7.7/WEB-INF/lib/jide-editor-3.5.13.jar
7f040e175000-7f040e17b000 r--s 0004f000 08:06 2374856                    /usr/local/development/dev-7-7/Ignition/IgnitionWebApp/target/ignition-webapp-7.7/WEB-INF/lib/jide-dock-3.5.13.jar
7f040e17b000-7f040e17d000 r--s 0000c000 08:06 2374855                    /usr/local/development/dev-7-7/Ignition/IgnitionWebApp/target/ignition-webapp-7.7/WEB-INF/lib/jide-dialogs-3.5.13.jar
7f040e17d000-7f040e185000 r--s 00055000 08:06 2374851                    /usr/local/development/dev-7-7/Ignition/IgnitionWebApp/target/ignition-webapp-7.7/WEB-INF/lib/jide-components-3.5.13.jar
7f040e185000-7f040e1a2000 r--s 00155000 08:06 2365016                    /usr/local/development/dev-7-7/Ignition/IgnitionWebApp/target/ignition-webapp-7.7/WEB-INF/lib/jide-common-3.5.13.jar
7f040e1a2000-7f040e1a7000 r--s 0002f000 08:06 2374854                    /usr/local/development/dev-7-7/Ignition/IgnitionWebApp/target/ignition-webapp-7.7/WEB-INF/lib/jide-action-3.5.13.jar
7f040e1a7000-7f040e1bb000 r--s 0017c000 08:06 2374847                    /usr/local/development/dev-7-7/Ignition/IgnitionWebApp/target/ignition-webapp-7.7/WEB-INF/lib/jfreechart-min-1.0.0.jar
7f040e1bb000-7f040e1bd000 r--s 00004000 08:06 2374834                    /usr/local/development/dev-7-7/Ignition/IgnitionWebApp/target/ignition-webapp-7.7/WEB-INF/lib/jaxrpc-spi-1.1.3_01.jar
7f040e1bd000-7f040e1da000 r--s 001ea000 08:06 2374830                    /usr/local/development/dev-7-7/Ignition/IgnitionWebApp/target/ignition-webapp-7.7/WEB-INF/lib/jaxrpc-impl-1.1.3_01.jar
7f040e1da000-7f040e1dc000 r--s 00005000 08:06 2374831                    /usr/local/development/dev-7-7/Ignition/IgnitionWebApp/target/ignition-webapp-7.7/WEB-INF/lib/jaxrpc-api-1.1.jar
7f040e1dc000-7f040e1de000 r--s 00013000 08:06 2365010                    /usr/local/development/dev-7-7/Ignition/IgnitionWebApp/target/ignition-webapp-7.7/WEB-INF/lib/java-cup-10k.jar
7f040e1de000-7f040e1df000 r--s 00003000 08:06 2374877                    /usr/local/development/dev-7-7/Ignition/IgnitionWebApp/target/ignition-webapp-7.7/WEB-INF/lib/ivonatts-1.0.0.jar
7f040e1df000-7f040e1e1000 r--s 00001000 08:06 2374862                    /usr/local/development/dev-7-7/Ignition/IgnitionWebApp/target/ignition-webapp-7.7/WEB-INF/lib/io-session-3.0.0-20130122.214435-9.jar
7f040e1e1000-7f040e1ec000 r--s 00073000 08:06 2374861                    /usr/local/development/dev-7-7/Ignition/IgnitionWebApp/target/ignition-webapp-7.7/WEB-INF/lib/ia-opcua-2.7.2-SNAPSHOT.jar
7f040e1ec000-7f040e1fa000 r--s 0014e000 08:06 2374827                    /usr/local/development/dev-7-7/Ignition/IgnitionWebApp/target/ignition-webapp-7.7/WEB-INF/lib/hsqldb-2.2.9.jar
7f040e1fa000-7f040e1fb000 r--s 00001000 08:06 2374843                    /usr/local/development/dev-7-7/Ignition/IgnitionWebApp/target/ignition-webapp-7.7/WEB-INF/lib/hasp-srm-api-1.0.0.jar
7f040e1fb000-7f040e21f000 r--s 001aa000 08:06 2365006                    /usr/local/development/dev-7-7/Ignition/IgnitionWebApp/target/ignition-webapp-7.7/WEB-INF/lib/guava-13.0.1.jar
7f040e21f000-7f040e244000 r--s 00155000 08:06 4198524                    /usr/local/development/dev-7-7/Ignition/IgnitionWebApp/target/ignition-webapp-7.7/WEB-INF/lib/gateway-api-7.7.2-SNAPSHOT.jar
7f040e244000-7f040e279000 r--s 00273000 08:06 4198548                    /usr/local/development/dev-7-7/Ignition/IgnitionWebApp/target/ignition-webapp-7.7/WEB-INF/lib/gateway-7.7.2-SNAPSHOT.jar
7f040e279000-7f040e27d000 r--s 00016000 08:06 2374866                    /usr/local/development/dev-7-7/Ignition/IgnitionWebApp/target/ignition-webapp-7.7/WEB-INF/lib/fsql-common-6.7.2-SNAPSHOT.jar
7f040e27d000-7f040e285000 r--s 001ca000 08:06 2374867                    /usr/local/development/dev-7-7/Ignition/IgnitionWebApp/target/ignition-webapp-7.7/WEB-INF/lib/fsql-6.7.2-SNAPSHOT.jar
7f040e285000-7f040e289000 r--s 000be000 08:06 4198549                    /usr/local/development/dev-7-7/Ignition/IgnitionWebApp/target/ignition-webapp-7.7/WEB-INF/lib/fpmi-gateway-7.7.2-SNAPSHOT.jar
7f040e289000-7f040e28a000 r--s 00001000 08:06 4198528                    /usr/local/development/dev-7-7/Ignition/IgnitionWebApp/target/ignition-webapp-7.7/WEB-INF/lib/fpmi-common-7.7.2-SNAPSHOT.jar
7f040e28a000-7f040e28d000 r--s 00013000 08:06 2374846                    /usr/local/development/dev-7-7/Ignition/IgnitionWebApp/target/ignition-webapp-7.7/WEB-INF/lib/forms-1.0.7.jar
7f040e28d000-7f040e28f000 r--s 00003000 08:06 2374864                    /usr/local/development/dev-7-7/Ignition/IgnitionWebApp/target/ignition-webapp-7.7/WEB-INF/lib/drivers-common-2.7.2-SNAPSHOT.jar
7f040e28f000-7f040e296000 r--s 0002f000 08:06 2374860                    /usr/local/development/dev-7-7/Ignition/IgnitionWebApp/target/ignition-webapp-7.7/WEB-INF/lib/driver-api-2.7.2-SNAPSHOT.jar
7f040e296000-7f040e2ec000 r--s 00512000 08:06 4198527                    /usr/local/development/dev-7-7/Ignition/IgnitionWebApp/target/ignition-webapp-7.7/WEB-INF/lib/designer-7.7.2-SNAPSHOT.jar
7f040e2ec000-7f040e2ee000 r--s 00007000 08:06 2365011                    /usr/local/development/dev-7-7/Ignition/IgnitionWebApp/target/ignition-webapp-7.7/WEB-INF/lib/cron4j-2.2.3.jar
7f040e2ee000-7f040e2f5000 r--s 00054000 08:06 2365009                    /usr/local/development/dev-7-7/Ignition/IgnitionWebApp/target/ignition-webapp-7.7/WEB-INF/lib/core-1.7.jar
7f040e2f5000-7f040e2f8000 r--s 00013000 08:06 2374842                    /usr/local/development/dev-7-7/Ignition/IgnitionWebApp/target/ignition-webapp-7.7/WEB-INF/lib/commons-pool-1.4.jar
7f040e2f8000-7f040e2fa000 r--s 0000d000 08:06 2365022                    /usr/local/development/dev-7-7/Ignition/IgnitionWebApp/target/ignition-webapp-7.7/WEB-INF/lib/commons-logging-1.1.1.jar
7f040e2fa000-7f040e2fb000 r--s 00005000 08:06 2374893                    /usr/local/development/dev-7-7/Ignition/IgnitionWebApp/target/ignition-webapp-7.7/WEB-INF/lib/commons-logging-1.0.jar
7f040e2fb000-7f040e32c000 r--s 001ea000 08:06 4198529                    /usr/local/development/dev-7-7/Ignition/IgnitionWebApp/target/ignition-webapp-7.7/WEB-INF/lib/common-7.7.2-SNAPSHOT.jar
7f040e32c000-7f040e352000 r--s 001be000 08:06 4198550                    /usr/local/development/dev-7-7/Ignition/IgnitionWebApp/target/ignition-webapp-7.7/WEB-INF/lib/client-api-7.7.2-SNAPSHOT.jar
7f040e352000-7f040e355000 ---p 00000000 00:00 0 
7f040e355000-7f040e653000 rw-p 00000000 00:00 0 
7f040e653000-7f040e656000 ---p 00000000 00:00 0 
7f040e656000-7f040e754000 rw-p 00000000 00:00 0                          [stack:6665]
7f040e754000-7f040e757000 ---p 00000000 00:00 0 
7f040e757000-7f040e855000 rw-p 00000000 00:00 0                          [stack:6664]
7f040e855000-7f040e858000 ---p 00000000 00:00 0 
7f040e858000-7f040e956000 rw-p 00000000 00:00 0                          [stack:6663]
7f040e956000-7f040e959000 ---p 00000000 00:00 0 
7f040e959000-7f040ea57000 rw-p 00000000 00:00 0                          [stack:6662]
7f040ea57000-7f040ea5a000 ---p 00000000 00:00 0 
7f040ea5a000-7f040eb58000 rw-p 00000000 00:00 0                          [stack:6661]
7f040eb58000-7f040eb5b000 ---p 00000000 00:00 0 
7f040eb5b000-7f040ec59000 rw-p 00000000 00:00 0                          [stack:6660]
7f040ec59000-7f040ec6f000 r-xp 00000000 08:06 15602357                   /lib/x86_64-linux-gnu/libgcc_s.so.1
7f040ec6f000-7f040ee6e000 ---p 00016000 08:06 15602357                   /lib/x86_64-linux-gnu/libgcc_s.so.1
7f040ee6e000-7f040ee6f000 rw-p 00015000 08:06 15602357                   /lib/x86_64-linux-gnu/libgcc_s.so.1
7f040ee6f000-7f040eea1000 r-xp 00000000 08:06 20582265                   /usr/lib/jvm/jdk1.8.0_20/jre/lib/amd64/libsunec.so
7f040eea1000-7f040f0a0000 ---p 00032000 08:06 20582265                   /usr/lib/jvm/jdk1.8.0_20/jre/lib/amd64/libsunec.so
7f040f0a0000-7f040f0a6000 rw-p 00031000 08:06 20582265                   /usr/lib/jvm/jdk1.8.0_20/jre/lib/amd64/libsunec.so
7f040f0a6000-7f040f2b6000 rw-p 00000000 00:00 0 
7f040f2b6000-7f040f2b9000 ---p 00000000 00:00 0 
7f040f2b9000-7f040f3b7000 rw-p 00000000 00:00 0                          [stack:6878]
7f040f3b7000-7f040f3bc000 r-xp 00000000 08:06 15211194                   /usr/lib/x86_64-linux-gnu/libXdmcp.so.6.0.0
7f040f3bc000-7f040f5bb000 ---p 00005000 08:06 15211194                   /usr/lib/x86_64-linux-gnu/libXdmcp.so.6.0.0
7f040f5bb000-7f040f5bc000 r--p 00004000 08:06 15211194                   /usr/lib/x86_64-linux-gnu/libXdmcp.so.6.0.0
7f040f5bc000-7f040f5bd000 rw-p 00005000 08:06 15211194                   /usr/lib/x86_64-linux-gnu/libXdmcp.so.6.0.0
7f040f5bd000-7f040f5bf000 r-xp 00000000 08:06 15211183                   /usr/lib/x86_64-linux-gnu/libXau.so.6.0.0
7f040f5bf000-7f040f7bf000 ---p 00002000 08:06 15211183                   /usr/lib/x86_64-linux-gnu/libXau.so.6.0.0
7f040f7bf000-7f040f7c0000 r--p 00002000 08:06 15211183                   /usr/lib/x86_64-linux-gnu/libXau.so.6.0.0
7f040f7c0000-7f040f7c1000 rw-p 00003000 08:06 15211183                   /usr/lib/x86_64-linux-gnu/libXau.so.6.0.0
7f040f7c1000-7f040f7de000 r-xp 00000000 08:06 15212358                   /usr/lib/x86_64-linux-gnu/libxcb.so.1.1.0
7f040f7de000-7f040f9de000 ---p 0001d000 08:06 15212358                   /usr/lib/x86_64-linux-gnu/libxcb.so.1.1.0
7f040f9de000-7f040f9df000 r--p 0001d000 08:06 15212358                   /usr/lib/x86_64-linux-gnu/libxcb.so.1.1.0
7f040f9df000-7f040f9e0000 rw-p 0001e000 08:06 15212358                   /usr/lib/x86_64-linux-gnu/libxcb.so.1.1.0
7f040f9e0000-7f040f9ef000 r-xp 00000000 08:06 15211204                   /usr/lib/x86_64-linux-gnu/libXi.so.6.1.0
7f040f9ef000-7f040fbee000 ---p 0000f000 08:06 15211204                   /usr/lib/x86_64-linux-gnu/libXi.so.6.1.0
7f040fbee000-7f040fbef000 r--p 0000e000 08:06 15211204                   /usr/lib/x86_64-linux-gnu/libXi.so.6.1.0
7f040fbef000-7f040fbf0000 rw-p 0000f000 08:06 15211204                   /usr/lib/x86_64-linux-gnu/libXi.so.6.1.0
7f040fbf0000-7f040fbf5000 r-xp 00000000 08:06 15211222                   /usr/lib/x86_64-linux-gnu/libXtst.so.6.1.0
7f040fbf5000-7f040fdf4000 ---p 00005000 08:06 15211222                   /usr/lib/x86_64-linux-gnu/libXtst.so.6.1.0
7f040fdf4000-7f040fdf5000 r--p 00004000 08:06 15211222                   /usr/lib/x86_64-linux-gnu/libXtst.so.6.1.0
7f040fdf5000-7f040fdf6000 rw-p 00005000 08:06 15211222                   /usr/lib/x86_64-linux-gnu/libXtst.so.6.1.0
7f040fdf6000-7f040fdff000 r-xp 00000000 08:06 15211216                   /usr/lib/x86_64-linux-gnu/libXrender.so.1.3.0
7f040fdff000-7f040fffe000 ---p 00009000 08:06 15211216                   /usr/lib/x86_64-linux-gnu/libXrender.so.1.3.0
7f040fffe000-7f040ffff000 r--p 00008000 08:06 15211216                   /usr/lib/x86_64-linux-gnu/libXrender.so.1.3.0
7f040ffff000-7f0410000000 rw-p 00009000 08:06 15211216                   /usr/lib/x86_64-linux-gnu/libXrender.so.1.3.0
7f0410000000-7f0410021000 rw-p 00000000 00:00 0 
7f0410021000-7f0414000000 ---p 00000000 00:00 0 
7f0414000000-7f0414006000 r--s 00048000 08:06 2365005                    /usr/local/development/dev-7-7/Ignition/IgnitionWebApp/target/ignition-webapp-7.7/WEB-INF/lib/commons-lang3-3.1.jar
7f0414006000-7f0414008000 r--s 0000e000 08:06 2365023                    /usr/local/development/dev-7-7/Ignition/IgnitionWebApp/target/ignition-webapp-7.7/WEB-INF/lib/commons-lang-1.0.jar
7f0414008000-7f041400b000 r--s 00025000 08:06 2365004                    /usr/local/development/dev-7-7/Ignition/IgnitionWebApp/target/ignition-webapp-7.7/WEB-INF/lib/commons-io-2.1.jar
7f041400b000-7f041400e000 r--s 0000f000 08:06 2374840                    /usr/local/development/dev-7-7/Ignition/IgnitionWebApp/target/ignition-webapp-7.7/WEB-INF/lib/commons-discovery-0.2.jar
7f041400e000-7f0414010000 r--s 0001c000 08:06 2374841                    /usr/local/development/dev-7-7/Ignition/IgnitionWebApp/target/ignition-webapp-7.7/WEB-INF/lib/commons-dbcp-1.2.2.jar
7f0414010000-7f0414012000 r--s 00006000 08:06 2365021                    /usr/local/development/dev-7-7/Ignition/IgnitionWebApp/target/ignition-webapp-7.7/WEB-INF/lib/commons-cli-1.0.jar
7f0414012000-7f041401f000 r--s 00084000 08:06 2374888                    /usr/local/development/dev-7-7/Ignition/IgnitionWebApp/target/ignition-webapp-7.7/WEB-INF/lib/comfyj-2.9.jar
7f041401f000-7f0414024000 r--s 00030000 08:06 4198538                    /usr/local/development/dev-7-7/Ignition/IgnitionWebApp/target/ignition-webapp-7.7/WEB-INF/lib/client-bootstrap-7.7.2-SNAPSHOT.jar
7f0414024000-7f0414025000 r--s 00004000 08:06 4198525                    /usr/local/development/dev-7-7/Ignition/IgnitionWebApp/target/ignition-webapp-7.7/WEB-INF/lib/bootstrap-7.7.2-SNAPSHOT-classes.jar
7f0414025000-7f041404d000 r--s 00196000 08:06 2365007                    /usr/local/development/dev-7-7/Ignition/IgnitionWebApp/target/ignition-webapp-7.7/WEB-INF/lib/bcprov-jdk16-unsigned-1.46-unsigned.jar
7f041404d000-7f0414052000 r--s 0003e000 08:06 2365019                    /usr/local/development/dev-7-7/Ignition/IgnitionWebApp/target/ignition-webapp-7.7/WEB-INF/lib/barcode4j-2.1.jar
7f0414052000-7f0414055000 r--s 0001c000 08:06 2374839                    /usr/local/development/dev-7-7/Ignition/IgnitionWebApp/target/ignition-webapp-7.7/WEB-INF/lib/axis-wsdl4j-1.5.1.jar
7f0414055000-7f0414056000 r--s 00004000 08:06 2374838                    /usr/local/development/dev-7-7/Ignition/IgnitionWebApp/target/ignition-webapp-7.7/WEB-INF/lib/axis-saaj-1.4.jar
7f0414056000-7f0414058000 r--s 00006000 08:06 2374837                    /usr/local/development/dev-7-7/Ignition/IgnitionWebApp/target/ignition-webapp-7.7/WEB-INF/lib/axis-jaxrpc-1.4.jar
7f0414058000-7f041406c000 r--s 00173000 08:06 2374836                    /usr/local/development/dev-7-7/Ignition/IgnitionWebApp/target/ignition-webapp-7.7/WEB-INF/lib/axis-1.4.jar
7f041406c000-7f041406e000 r--s 0000d000 08:06 2365020                    /usr/local/development/dev-7-7/Ignition/IgnitionWebApp/target/ignition-webapp-7.7/WEB-INF/lib/avalon-framework-impl-4.2.0.jar
7f041406e000-7f0414076000 r--s 00049000 08:06 2374848                    /usr/local/development/dev-7-7/Ignition/IgnitionWebApp/target/ignition-webapp-7.7/WEB-INF/lib/alloy-1.4.4.ia1.jar
7f0414076000-7f0414078000 r--s 00003000 08:06 2374869                    /usr/local/development/dev-7-7/Ignition/IgnitionWebApp/target/ignition-webapp-7.7/WEB-INF/lib/alarm-notification-gateway-api-2.7.2-SNAPSHOT.jar
7f0414078000-7f041407e000 r--s 00032000 08:06 2374868                    /usr/local/development/dev-7-7/Ignition/IgnitionWebApp/target/ignition-webapp-7.7/WEB-INF/lib/alarm-notification-gateway-2.7.2-SNAPSHOT.jar
7f041407e000-7f041407f000 r--s 00004000 08:06 2374870                    /usr/local/development/dev-7-7/Ignition/IgnitionWebApp/target/ignition-webapp-7.7/WEB-INF/lib/alarm-notification-common-2.7.2-SNAPSHOT.jar
7f041407f000-7f0414089000 r--s 00036000 08:06 2374871                    /usr/local/development/dev-7-7/Ignition/IgnitionWebApp/target/ignition-webapp-7.7/WEB-INF/lib/airlink-sms-notification-2.7.2-SNAPSHOT.jar
7f0414089000-7f041408b000 r--s 0000d000 08:06 2374844                    /usr/local/development/dev-7-7/Ignition/IgnitionWebApp/target/ignition-webapp-7.7/WEB-INF/lib/activation-ws-1.0.0.jar
7f041408b000-7f041408e000 ---p 00000000 00:00 0 
7f041408e000-7f041418c000 rw-p 00000000 00:00 0                          [stack:6656]
7f041418c000-7f04142bc000 r-xp 00000000 08:06 15211179                   /usr/lib/x86_64-linux-gnu/libX11.so.6.3.0
7f04142bc000-7f04144bc000 ---p 00130000 08:06 15211179                   /usr/lib/x86_64-linux-gnu/libX11.so.6.3.0
7f04144bc000-7f04144bd000 r--p 00130000 08:06 15211179                   /usr/lib/x86_64-linux-gnu/libX11.so.6.3.0
7f04144bd000-7f04144c1000 rw-p 00131000 08:06 15211179                   /usr/lib/x86_64-linux-gnu/libX11.so.6.3.0
7f04144c1000-7f04144d2000 r-xp 00000000 08:06 15211196                   /usr/lib/x86_64-linux-gnu/libXext.so.6.4.0
7f04144d2000-7f04146d1000 ---p 00011000 08:06 15211196                   /usr/lib/x86_64-linux-gnu/libXext.so.6.4.0
7f04146d1000-7f04146d2000 r--p 00010000 08:06 15211196                   /usr/lib/x86_64-linux-gnu/libXext.so.6.4.0
7f04146d2000-7f04146d3000 rw-p 00011000 08:06 15211196                   /usr/lib/x86_64-linux-gnu/libXext.so.6.4.0
7f04146d3000-7f04146d5000 r--s 0000e000 08:06 2374829                    /usr/local/development/dev-7-7/Ignition/IgnitionWebApp/target/ignition-webapp-7.7/WEB-INF/lib/activation-1.1.jar
7f04146d5000-7f04146de000 r--s 00069000 08:06 2374891                    /usr/local/development/dev-7-7/Ignition/IgnitionWebApp/target/ignition-webapp-7.7/WEB-INF/lib/ab-drivers-1.7.0-20131026.004154-8.jar
7f04146de000-7f04146e3000 r--s 0003c000 08:06 2374835                    /usr/local/development/dev-7-7/Ignition/IgnitionWebApp/target/ignition-webapp-7.7/WEB-INF/lib/FastInfoset-1.0.2.jar
7f04146e3000-7f04146e8000 r--s 002f8000 08:06 20582247                   /usr/lib/jvm/jdk1.8.0_20/jre/lib/charsets.jar
7f04146e8000-7f04146ed000 r--s 0003f000 08:06 1185790                    /usr/lib/jvm/jdk1.8.0_20/jre/lib/ext/sunjce_provider.jar
7f04146ed000-7f04146f0000 r--s 0003a000 08:06 1185787                    /usr/lib/jvm/jdk1.8.0_20/jre/lib/ext/sunpkcs11.jar
7f04146f0000-7f04146f2000 r--s 0001a000 08:06 20582317                   /usr/lib/jvm/jdk1.8.0_20/jre/lib/jce.jar
7f04146f2000-7f0414746000 r-xp 00000000 08:06 20582307                   /usr/lib/jvm/jdk1.8.0_20/jre/lib/amd64/libawt_xawt.so
7f0414746000-7f0414946000 ---p 00054000 08:06 20582307                   /usr/lib/jvm/jdk1.8.0_20/jre/lib/amd64/libawt_xawt.so
7f0414946000-7f041494a000 rw-p 00054000 08:06 20582307                   /usr/lib/jvm/jdk1.8.0_20/jre/lib/amd64/libawt_xawt.so
7f041494a000-7f041494b000 rw-p 00000000 00:00 0 
7f041494b000-7f041494e000 ---p 00000000 00:00 0 
7f041494e000-7f0414a4c000 rw-p 00000000 00:00 0 
7f0414a4c000-7f0414aee000 r-xp 00000000 08:06 20582293                   /usr/lib/jvm/jdk1.8.0_20/jre/lib/amd64/libawt.so
7f0414aee000-7f0414cee000 ---p 000a2000 08:06 20582293                   /usr/lib/jvm/jdk1.8.0_20/jre/lib/amd64/libawt.so
7f0414cee000-7f0414cfa000 rw-p 000a2000 08:06 20582293                   /usr/lib/jvm/jdk1.8.0_20/jre/lib/amd64/libawt.so
7f0414cfa000-7f0414d1e000 rw-p 00000000 00:00 0 
7f0414d1e000-7f0414d21000 ---p 00000000 00:00 0 
7f0414d21000-7f0414e1f000 rw-p 00000000 00:00 0                          [stack:6653]
7f0414e1f000-7f0414e22000 ---p 00000000 00:00 0 
7f0414e22000-7f0414f20000 rw-p 00000000 00:00 0                          [stack:6652]
7f0414f20000-7f0414f23000 ---p 00000000 00:00 0 
7f0414f23000-7f0415021000 rw-p 00000000 00:00 0 
7f0415021000-7f041502b000 r--s 00116000 08:06 1185789                    /usr/lib/jvm/jdk1.8.0_20/jre/lib/ext/localedata.jar
7f041502b000-7f0415047000 r--s 00393000 08:06 1185783                    /usr/lib/jvm/jdk1.8.0_20/jre/lib/ext/cldrdata.jar
7f0415047000-7f0415247000 rw-p 00000000 00:00 0 
7f0415247000-7f0415257000 r--s 0019c000 08:06 19532210                   /usr/local/development/dev-7-6/Ignition/Servers/apache-tomcat-6.0.36/lib/ecj-3.7.2.jar
7f0415257000-7f041525e000 r--s 000c7000 08:06 19532215                   /usr/local/development/dev-7-6/Ignition/Servers/apache-tomcat-6.0.36/lib/mysql-connector-java-5.1.23-bin.jar
7f041525e000-7f041526e000 r--s 00120000 08:06 19532209                   /usr/local/development/dev-7-6/Ignition/Servers/apache-tomcat-6.0.36/lib/catalina.jar
7f041526e000-7f041526f000 ---p 00000000 00:00 0 
7f041526f000-7f041536f000 rw-p 00000000 00:00 0                          [stack:6649]
7f041536f000-7f0415372000 ---p 00000000 00:00 0 
7f0415372000-7f0415470000 rw-p 00000000 00:00 0                          [stack:6648]
7f0415470000-7f0415473000 ---p 00000000 00:00 0 
7f0415473000-7f0415571000 rw-p 00000000 00:00 0                          [stack:6647]
7f0415571000-7f0415574000 ---p 00000000 00:00 0 
7f0415574000-7f0415672000 rw-p 00000000 00:00 0                          [stack:6646]
7f0415672000-7f0415683000 r-xp 00000000 08:06 20582303                   /usr/lib/jvm/jdk1.8.0_20/jre/lib/amd64/libnio.so
7f0415683000-7f0415882000 ---p 00011000 08:06 20582303                   /usr/lib/jvm/jdk1.8.0_20/jre/lib/amd64/libnio.so
7f0415882000-7f0415883000 rw-p 00010000 08:06 20582303                   /usr/lib/jvm/jdk1.8.0_20/jre/lib/amd64/libnio.so
7f0415883000-7f04158b4000 rw-p 00000000 00:00 0 
7f04158b4000-7f04158ca000 r-xp 00000000 08:06 20582300                   /usr/lib/jvm/jdk1.8.0_20/jre/lib/amd64/libnet.so
7f04158ca000-7f0415aca000 ---p 00016000 08:06 20582300                   /usr/lib/jvm/jdk1.8.0_20/jre/lib/amd64/libnet.so
7f0415aca000-7f0415acb000 rw-p 00016000 08:06 20582300                   /usr/lib/jvm/jdk1.8.0_20/jre/lib/amd64/libnet.so
7f0415acb000-7f0415ad3000 r-xp 00000000 08:06 20582308                   /usr/lib/jvm/jdk1.8.0_20/jre/lib/amd64/libmanagement.so
7f0415ad3000-7f0415cd3000 ---p 00008000 08:06 20582308                   /usr/lib/jvm/jdk1.8.0_20/jre/lib/amd64/libmanagement.so
7f0415cd3000-7f0415cd4000 rw-p 00008000 08:06 20582308                   /usr/lib/jvm/jdk1.8.0_20/jre/lib/amd64/libmanagement.so
7f0415cd4000-7f0415cd7000 ---p 00000000 00:00 0 
7f0415cd7000-7f0415dd5000 rw-p 00000000 00:00 0                          [stack:6645]
7f0415dd5000-7f0415dd8000 ---p 00000000 00:00 0 
7f0415dd8000-7f0415ed6000 rw-p 00000000 00:00 0                          [stack:6644]
7f0415ed6000-7f0415ed9000 ---p 00000000 00:00 0 
7f0415ed9000-7f0415fd7000 rw-p 00000000 00:00 0                          [stack:6643]
7f0415fd7000-7f0415fda000 ---p 00000000 00:00 0 
7f0415fda000-7f04160d8000 rw-p 00000000 00:00 0                          [stack:6642]
7f04160d8000-7f04160db000 ---p 00000000 00:00 0 
7f04160db000-7f04161d9000 rw-p 00000000 00:00 0                          [stack:6641]
7f04161d9000-7f04161dc000 ---p 00000000 00:00 0 
7f04161dc000-7f04162da000 rw-p 00000000 00:00 0 
7f04162da000-7f04162dd000 ---p 00000000 00:00 0 
7f04162dd000-7f04163db000 rw-p 00000000 00:00 0                          [stack:6638]
7f04163db000-7f04163de000 ---p 00000000 00:00 0 
7f04163de000-7f04164dc000 rw-p 00000000 00:00 0                          [stack:6875]
7f04164dc000-7f04164e0000 r-xp 00000000 08:06 20582275                   /usr/lib/jvm/jdk1.8.0_20/jre/lib/amd64/libdt_socket.so
7f04164e0000-7f04166df000 ---p 00004000 08:06 20582275                   /usr/lib/jvm/jdk1.8.0_20/jre/lib/amd64/libdt_socket.so
7f04166df000-7f04166e0000 rw-p 00003000 08:06 20582275                   /usr/lib/jvm/jdk1.8.0_20/jre/lib/amd64/libdt_socket.so
7f04166e0000-7f04166e3000 ---p 00000000 00:00 0 
7f04166e3000-7f04167e1000 rw-p 00000000 00:00 0                          [stack:6635]
7f04167e1000-7f04167e4000 ---p 00000000 00:00 0 
7f04167e4000-7f04168e2000 rw-p 00000000 00:00 0                          [stack:6634]
7f04168e2000-7f04168e5000 ---p 00000000 00:00 0 
7f04168e5000-7f04169e3000 rw-p 00000000 00:00 0                          [stack:6633]
7f04169e3000-7f04169e4000 ---p 00000000 00:00 0 
7f04169e4000-7f0418000000 rw-p 00000000 00:00 0                          [stack:6632]
7f0418000000-7f0418021000 rw-p 00000000 00:00 0 
7f0418021000-7f041c000000 ---p 00000000 00:00 0 
7f041c000000-7f041c001000 r--s 00009000 08:06 1185781                    /usr/lib/jvm/jdk1.8.0_20/jre/lib/ext/sunec.jar
7f041c001000-7f041c004000 r--s 0000f000 08:06 19532219                   /usr/local/development/dev-7-6/Ignition/Servers/apache-tomcat-6.0.36/lib/tomcat-i18n-es.jar
7f041c004000-7f041c62b000 rw-p 00000000 00:00 0 
7f041c62b000-7f041c800000 r--s 03ca3000 08:06 20582249                   /usr/lib/jvm/jdk1.8.0_20/jre/lib/rt.jar
7f041c800000-7f041d000000 rw-p 00000000 00:00 0 
7f041d000000-7f041e230000 rwxp 00000000 00:00 0 
7f041e230000-7f042c000000 ---p 00000000 00:00 0 
7f042c000000-7f042c868000 rw-p 00000000 00:00 0 
7f042c868000-7f0430000000 ---p 00000000 00:00 0 
7f0430000000-7f0430002000 r--s 0000b000 08:06 19532220                   /usr/local/development/dev-7-6/Ignition/Servers/apache-tomcat-6.0.36/lib/tomcat-i18n-fr.jar
7f0430002000-7f0430006000 r--s 0003a000 08:06 19532218                   /usr/local/development/dev-7-6/Ignition/Servers/apache-tomcat-6.0.36/lib/tomcat-dbcp.jar
7f0430006000-7f0430009000 r--s 0001e000 08:06 19532207                   /usr/local/development/dev-7-6/Ignition/Servers/apache-tomcat-6.0.36/lib/catalina-ha.jar
7f0430009000-7f043000d000 r--s 00036000 08:06 19532208                   /usr/local/development/dev-7-6/Ignition/Servers/apache-tomcat-6.0.36/lib/catalina-tribes.jar
7f043000d000-7f0430014000 r--s 0007a000 08:06 19532213                   /usr/local/development/dev-7-6/Ignition/Servers/apache-tomcat-6.0.36/lib/jasper.jar
7f0430014000-7f043001e000 r--s 000b3000 08:06 19532217                   /usr/local/development/dev-7-6/Ignition/Servers/apache-tomcat-6.0.36/lib/tomcat-coyote.jar
7f043001e000-7f04309af000 rw-p 00000000 00:00 0 
7f04309af000-7f04309b0000 ---p 00000000 00:00 0 
7f04309b0000-7f0430ab0000 rw-p 00000000 00:00 0                          [stack:6631]
7f0430ab0000-7f0430ab1000 ---p 00000000 00:00 0 
7f0430ab1000-7f0430bb1000 rw-p 00000000 00:00 0                          [stack:6630]
7f0430bb1000-7f0430bb2000 ---p 00000000 00:00 0 
7f0430bb2000-7f0430cb2000 rw-p 00000000 00:00 0                          [stack:6629]
7f0430cb2000-7f0430cb3000 ---p 00000000 00:00 0 
7f0430cb3000-7f0430db3000 rw-p 00000000 00:00 0                          [stack:6628]
7f0430db3000-7f0430db4000 ---p 00000000 00:00 0 
7f0430db4000-7f0430eb4000 rw-p 00000000 00:00 0                          [stack:6627]
7f0430eb4000-7f0430eb5000 ---p 00000000 00:00 0 
7f0430eb5000-7f0430fb5000 rw-p 00000000 00:00 0                          [stack:6626]
7f0430fb5000-7f0430fb6000 ---p 00000000 00:00 0 
7f0430fb6000-7f04310b6000 rw-p 00000000 00:00 0                          [stack:6625]
7f04310b6000-7f04310b7000 ---p 00000000 00:00 0 
7f04310b7000-7f043120a000 rw-p 00000000 00:00 0                          [stack:6624]
7f043120a000-7f04316e9000 ---p 00000000 00:00 0 
7f04316e9000-7f043173c000 rw-p 00000000 00:00 0 
7f043173c000-7f0431c1b000 ---p 00000000 00:00 0 
7f0431c1b000-7f0431cf0000 rw-p 00000000 00:00 0 
7f0431cf0000-7f0431eb4000 ---p 00000000 00:00 0 
7f0431eb4000-7f0431efe000 rw-p 00000000 00:00 0 
7f0431efe000-7f0432275000 ---p 00000000 00:00 0 
7f0432275000-7f0432291000 r-xp 00000000 08:06 20582296                   /usr/lib/jvm/jdk1.8.0_20/jre/lib/amd64/libzip.so
7f0432291000-7f0432490000 ---p 0001c000 08:06 20582296                   /usr/lib/jvm/jdk1.8.0_20/jre/lib/amd64/libzip.so
7f0432490000-7f0432491000 rw-p 0001b000 08:06 20582296                   /usr/lib/jvm/jdk1.8.0_20/jre/lib/amd64/libzip.so
7f0432491000-7f043249c000 r-xp 00000000 08:06 15602342                   /lib/x86_64-linux-gnu/libnss_files-2.19.so
7f043249c000-7f043269b000 ---p 0000b000 08:06 15602342                   /lib/x86_64-linux-gnu/libnss_files-2.19.so
7f043269b000-7f043269c000 r--p 0000a000 08:06 15602342                   /lib/x86_64-linux-gnu/libnss_files-2.19.so
7f043269c000-7f043269d000 rw-p 0000b000 08:06 15602342                   /lib/x86_64-linux-gnu/libnss_files-2.19.so
7f043269d000-7f04326a8000 r-xp 00000000 08:06 15602345                   /lib/x86_64-linux-gnu/libnss_nis-2.19.so
7f04326a8000-7f04328a7000 ---p 0000b000 08:06 15602345                   /lib/x86_64-linux-gnu/libnss_nis-2.19.so
7f04328a7000-7f04328a8000 r--p 0000a000 08:06 15602345                   /lib/x86_64-linux-gnu/libnss_nis-2.19.so
7f04328a8000-7f04328a9000 rw-p 0000b000 08:06 15602345                   /lib/x86_64-linux-gnu/libnss_nis-2.19.so
7f04328a9000-7f04328c0000 r-xp 00000000 08:06 15602152                   /lib/x86_64-linux-gnu/libnsl-2.19.so
7f04328c0000-7f0432abf000 ---p 00017000 08:06 15602152                   /lib/x86_64-linux-gnu/libnsl-2.19.so
7f0432abf000-7f0432ac0000 r--p 00016000 08:06 15602152                   /lib/x86_64-linux-gnu/libnsl-2.19.so
7f0432ac0000-7f0432ac1000 rw-p 00017000 08:06 15602152                   /lib/x86_64-linux-gnu/libnsl-2.19.so
7f0432ac1000-7f0432ac3000 rw-p 00000000 00:00 0 
7f0432ac3000-7f0432acc000 r-xp 00000000 08:06 15601662                   /lib/x86_64-linux-gnu/libnss_compat-2.19.so
7f0432acc000-7f0432ccb000 ---p 00009000 08:06 15601662                   /lib/x86_64-linux-gnu/libnss_compat-2.19.so
7f0432ccb000-7f0432ccc000 r--p 00008000 08:06 15601662                   /lib/x86_64-linux-gnu/libnss_compat-2.19.so
7f0432ccc000-7f0432ccd000 rw-p 00009000 08:06 15601662                   /lib/x86_64-linux-gnu/libnss_compat-2.19.so
7f0432ccd000-7f0432f96000 r--p 00000000 08:06 15209877                   /usr/lib/locale/locale-archive
7f0432f96000-7f0432f98000 r-xp 00000000 08:06 20582276                   /usr/lib/jvm/jdk1.8.0_20/jre/lib/amd64/libnpt.so
7f0432f98000-7f0433198000 ---p 00002000 08:06 20582276                   /usr/lib/jvm/jdk1.8.0_20/jre/lib/amd64/libnpt.so
7f0433198000-7f0433199000 rw-p 00002000 08:06 20582276                   /usr/lib/jvm/jdk1.8.0_20/jre/lib/amd64/libnpt.so
7f0433199000-7f04331d2000 r-xp 00000000 08:06 20582287                   /usr/lib/jvm/jdk1.8.0_20/jre/lib/amd64/libjdwp.so
7f04331d2000-7f04333d1000 ---p 00039000 08:06 20582287                   /usr/lib/jvm/jdk1.8.0_20/jre/lib/amd64/libjdwp.so
7f04333d1000-7f04333d3000 rw-p 00038000 08:06 20582287                   /usr/lib/jvm/jdk1.8.0_20/jre/lib/amd64/libjdwp.so
7f04333d3000-7f04333fd000 r-xp 00000000 08:06 20582291                   /usr/lib/jvm/jdk1.8.0_20/jre/lib/amd64/libjava.so
7f04333fd000-7f04335fd000 ---p 0002a000 08:06 20582291                   /usr/lib/jvm/jdk1.8.0_20/jre/lib/amd64/libjava.so
7f04335fd000-7f04335ff000 rw-p 0002a000 08:06 20582291                   /usr/lib/jvm/jdk1.8.0_20/jre/lib/amd64/libjava.so
7f04335ff000-7f043360c000 r-xp 00000000 08:06 20582295                   /usr/lib/jvm/jdk1.8.0_20/jre/lib/amd64/libverify.so
7f043360c000-7f043380c000 ---p 0000d000 08:06 20582295                   /usr/lib/jvm/jdk1.8.0_20/jre/lib/amd64/libverify.so
7f043380c000-7f043380e000 rw-p 0000d000 08:06 20582295                   /usr/lib/jvm/jdk1.8.0_20/jre/lib/amd64/libverify.so
7f043380e000-7f0433815000 r-xp 00000000 08:06 15602320                   /lib/x86_64-linux-gnu/librt-2.19.so
7f0433815000-7f0433a14000 ---p 00007000 08:06 15602320                   /lib/x86_64-linux-gnu/librt-2.19.so
7f0433a14000-7f0433a15000 r--p 00006000 08:06 15602320                   /lib/x86_64-linux-gnu/librt-2.19.so
7f0433a15000-7f0433a16000 rw-p 00007000 08:06 15602320                   /lib/x86_64-linux-gnu/librt-2.19.so
7f0433a16000-7f0433b1b000 r-xp 00000000 08:06 15602334                   /lib/x86_64-linux-gnu/libm-2.19.so
7f0433b1b000-7f0433d1a000 ---p 00105000 08:06 15602334                   /lib/x86_64-linux-gnu/libm-2.19.so
7f0433d1a000-7f0433d1b000 r--p 00104000 08:06 15602334                   /lib/x86_64-linux-gnu/libm-2.19.so
7f0433d1b000-7f0433d1c000 rw-p 00105000 08:06 15602334                   /lib/x86_64-linux-gnu/libm-2.19.so
7f0433d1c000-7f0434986000 r-xp 00000000 08:06 20845908                   /usr/lib/jvm/jdk1.8.0_20/jre/lib/amd64/server/libjvm.so
7f0434986000-7f0434b86000 ---p 00c6a000 08:06 20845908                   /usr/lib/jvm/jdk1.8.0_20/jre/lib/amd64/server/libjvm.so
7f0434b86000-7f0434c5c000 rw-p 00c6a000 08:06 20845908                   /usr/lib/jvm/jdk1.8.0_20/jre/lib/amd64/server/libjvm.so
7f0434c5c000-7f0434c9e000 rw-p 00000000 00:00 0 
7f0434c9e000-7f0434e59000 r-xp 00000000 08:06 15602328                   /lib/x86_64-linux-gnu/libc-2.19.so
7f0434e59000-7f0435059000 ---p 001bb000 08:06 15602328                   /lib/x86_64-linux-gnu/libc-2.19.so
7f0435059000-7f043505d000 r--p 001bb000 08:06 15602328                   /lib/x86_64-linux-gnu/libc-2.19.so
7f043505d000-7f043505f000 rw-p 001bf000 08:06 15602328                   /lib/x86_64-linux-gnu/libc-2.19.so
7f043505f000-7f0435064000 rw-p 00000000 00:00 0 
7f0435064000-7f0435067000 r-xp 00000000 08:06 15602352                   /lib/x86_64-linux-gnu/libdl-2.19.so
7f0435067000-7f0435266000 ---p 00003000 08:06 15602352                   /lib/x86_64-linux-gnu/libdl-2.19.so
7f0435266000-7f0435267000 r--p 00002000 08:06 15602352                   /lib/x86_64-linux-gnu/libdl-2.19.so
7f0435267000-7f0435268000 rw-p 00003000 08:06 15602352                   /lib/x86_64-linux-gnu/libdl-2.19.so
7f0435268000-7f043527f000 r-xp 00000000 08:06 20061287                   /usr/lib/jvm/jdk1.8.0_20/lib/amd64/jli/libjli.so
7f043527f000-7f043547e000 ---p 00017000 08:06 20061287                   /usr/lib/jvm/jdk1.8.0_20/lib/amd64/jli/libjli.so
7f043547e000-7f043547f000 rw-p 00016000 08:06 20061287                   /usr/lib/jvm/jdk1.8.0_20/lib/amd64/jli/libjli.so
7f043547f000-7f0435498000 r-xp 00000000 08:06 15602353                   /lib/x86_64-linux-gnu/libpthread-2.19.so
7f0435498000-7f0435697000 ---p 00019000 08:06 15602353                   /lib/x86_64-linux-gnu/libpthread-2.19.so
7f0435697000-7f0435698000 r--p 00018000 08:06 15602353                   /lib/x86_64-linux-gnu/libpthread-2.19.so
7f0435698000-7f0435699000 rw-p 00019000 08:06 15602353                   /lib/x86_64-linux-gnu/libpthread-2.19.so
7f0435699000-7f043569d000 rw-p 00000000 00:00 0 
7f043569d000-7f04356c0000 r-xp 00000000 08:06 15602330                   /lib/x86_64-linux-gnu/ld-2.19.so
7f04356c0000-7f04356c2000 r--s 0000c000 08:06 19532221                   /usr/local/development/dev-7-6/Ignition/Servers/apache-tomcat-6.0.36/lib/tomcat-i18n-ja.jar
7f04356c2000-7f04356c4000 r--s 00011000 08:06 19532214                   /usr/local/development/dev-7-6/Ignition/Servers/apache-tomcat-6.0.36/lib/jsp-api.jar
7f04356c4000-7f04356c6000 r--s 00014000 08:06 19532216                   /usr/local/development/dev-7-6/Ignition/Servers/apache-tomcat-6.0.36/lib/servlet-api.jar
7f04356c6000-7f04356c8000 r--s 0000c000 08:06 19532206                   /usr/local/development/dev-7-6/Ignition/Servers/apache-tomcat-6.0.36/lib/catalina-ant.jar
7f04356c8000-7f0435799000 rw-p 00000000 00:00 0 
7f0435799000-7f043579c000 ---p 00000000 00:00 0 
7f043579c000-7f043589e000 rw-p 00000000 00:00 0                          [stack:6623]
7f043589e000-7f04358a0000 r--s 00007000 08:06 19532211                   /usr/local/development/dev-7-6/Ignition/Servers/apache-tomcat-6.0.36/lib/el-api.jar
7f04358a0000-7f04358a1000 r--s 00003000 08:06 19532205                   /usr/local/development/dev-7-6/Ignition/Servers/apache-tomcat-6.0.36/lib/annotations-api.jar
7f04358a1000-7f04358a4000 r--s 00019000 08:06 19532212                   /usr/local/development/dev-7-6/Ignition/Servers/apache-tomcat-6.0.36/lib/jasper-el.jar
7f04358a4000-7f04358a9000 r--s 00092000 08:06 20582254                   /usr/lib/jvm/jdk1.8.0_20/jre/lib/jsse.jar
7f04358a9000-7f04358aa000 r--s 00007000 08:06 19533431                   /usr/local/development/dev-7-6/Ignition/Servers/apache-tomcat-6.0.36/bin/tomcat-juli.jar
7f04358aa000-7f04358ab000 r--s 00005000 08:06 19533430                   /usr/local/development/dev-7-6/Ignition/Servers/apache-tomcat-6.0.36/bin/commons-daemon.jar
7f04358ab000-7f04358ac000 r--s 00005000 08:06 19533429                   /usr/local/development/dev-7-6/Ignition/Servers/apache-tomcat-6.0.36/bin/bootstrap.jar
7f04358ac000-7f04358b3000 r--s 000c7000 08:06 1179649                    /usr/lib/jvm/jdk1.8.0_20/jre/lib/ext/mysql-connector-java-5.1.23-bin.jar
7f04358b3000-7f04358bb000 rw-s 00000000 08:06 6164360                    /tmp/hsperfdata_mattg/6618
7f04358bb000-7f04358bc000 rw-p 00000000 00:00 0 
7f04358bc000-7f04358bd000 r--p 00000000 00:00 0 
7f04358bd000-7f04358bf000 rw-p 00000000 00:00 0 
7f04358bf000-7f04358c0000 r--p 00022000 08:06 15602330                   /lib/x86_64-linux-gnu/ld-2.19.so
7f04358c0000-7f04358c1000 rw-p 00023000 08:06 15602330                   /lib/x86_64-linux-gnu/ld-2.19.so
7f04358c1000-7f04358c2000 rw-p 00000000 00:00 0 
7fff249c6000-7fff249e7000 rw-p 00000000 00:00 0                          [stack]
7fff249fe000-7fff24a00000 r-xp 00000000 00:00 0                          [vdso]
ffffffffff600000-ffffffffff601000 r-xp 00000000 00:00 0                  [vsyscall]

VM Arguments:
jvm_args: -Djava.util.logging.config.file=/home/mattg/.IntelliJIdea13/system/tomcat/Unnamed_77-Ignition/conf/logging.properties -Xdebug -Xrunjdwp:transport=dt_socket,address=127.0.0.1:51670,suspend=y,server=n -Dcom.sun.management.jmxremote= -Dcom.sun.management.jmxremote.port=1099 -Dcom.sun.management.jmxremote.ssl=false -Dcom.sun.management.jmxremote.authenticate=false -Djava.rmi.server.hostname=127.0.0.1 -Djava.util.logging.manager=org.apache.juli.ClassLoaderLogManager -Djava.endorsed.dirs=/usr/local/development/dev-7-6/Ignition/Servers/apache-tomcat-6.0.36/endorsed -Dcatalina.base=/home/mattg/.IntelliJIdea13/system/tomcat/Unnamed_77-Ignition -Dcatalina.home=/usr/local/development/dev-7-6/Ignition/Servers/apache-tomcat-6.0.36 -Djava.io.tmpdir=/usr/local/development/dev-7-6/Ignition/Servers/apache-tomcat-6.0.36/temp 
java_command: org.apache.catalina.startup.Bootstrap start
java_class_path (initial): /usr/local/development/dev-7-6/Ignition/Servers/apache-tomcat-6.0.36/bin/bootstrap.jar
Launcher Type: SUN_STANDARD

Environment Variables:
JAVA_HOME=/usr/lib/jvm/jdk1.8.0_20
CLASSPATH=/usr/local/development/dev-7-6/Ignition/Servers/apache-tomcat-6.0.36/bin/bootstrap.jar
PATH=/usr/local/sbin:/usr/local/bin:/usr/sbin:/usr/bin:/sbin:/bin:/usr/games:/usr/local/games:/usr/local/development/gradle-1.12/bin
USERNAME=mattg
LD_LIBRARY_PATH=/usr/local/development/idea-IU-135.909/bin:
SHELL=/bin/bash
DISPLAY=:0

Signal Handlers:
SIGSEGV: [libjvm.so+0xa76cd0], sa_mask[0]=11111111011111111101111111111110, sa_flags=SA_RESTART|SA_SIGINFO
SIGBUS: [libjvm.so+0xa76cd0], sa_mask[0]=11111111011111111101111111111110, sa_flags=SA_RESTART|SA_SIGINFO
SIGFPE: [libjvm.so+0x8e0d80], sa_mask[0]=11111111011111111101111111111110, sa_flags=SA_RESTART|SA_SIGINFO
SIGPIPE: [libjvm.so+0x8e0d80], sa_mask[0]=11111111011111111101111111111110, sa_flags=SA_RESTART|SA_SIGINFO
SIGXFSZ: [libjvm.so+0x8e0d80], sa_mask[0]=11111111011111111101111111111110, sa_flags=SA_RESTART|SA_SIGINFO
SIGILL: [libjvm.so+0x8e0d80], sa_mask[0]=11111111011111111101111111111110, sa_flags=SA_RESTART|SA_SIGINFO
SIGUSR1: SIG_DFL, sa_mask[0]=00000000000000000000000000000000, sa_flags=none
SIGUSR2: [libjvm.so+0x8e25b0], sa_mask[0]=00100000000000000000000000000000, sa_flags=SA_RESTART|SA_SIGINFO
SIGHUP: [libjvm.so+0x8e3970], sa_mask[0]=11111111011111111101111111111110, sa_flags=SA_RESTART|SA_SIGINFO
SIGINT: [libjvm.so+0x8e3970], sa_mask[0]=11111111011111111101111111111110, sa_flags=SA_RESTART|SA_SIGINFO
SIGTERM: [libjvm.so+0x8e3970], sa_mask[0]=11111111011111111101111111111110, sa_flags=SA_RESTART|SA_SIGINFO
SIGQUIT: [libjvm.so+0x8e3970], sa_mask[0]=11111111011111111101111111111110, sa_flags=SA_RESTART|SA_SIGINFO


---------------  S Y S T E M  ---------------

OS:DISTRIB_ID=LinuxMint
DISTRIB_RELEASE=17
DISTRIB_CODENAME=qiana
DISTRIB_DESCRIPTION="Linux Mint 17 Qiana"

uname:Linux 3.13.0-24-generic #46-Ubuntu SMP Thu Apr 10 19:11:08 UTC 2014 x86_64
libc:glibc 2.19 NPTL 2.19 
rlimit: STACK 8192k, CORE 0k, NPROC 127375, NOFILE 4096, AS infinity
load average:0.35 0.45 0.46

/proc/meminfo:
MemTotal:       16335088 kB
MemFree:         9060692 kB
Buffers:          335252 kB
Cached:          2902844 kB
SwapCached:            0 kB
Active:          4747796 kB
Inactive:        2057716 kB
Active(anon):    3579236 kB
Inactive(anon):   536120 kB
Active(file):    1168560 kB
Inactive(file):  1521596 kB
Unevictable:        1488 kB
Mlocked:            1488 kB
SwapTotal:      16676860 kB
SwapFree:       16676860 kB
Dirty:             36556 kB
Writeback:             0 kB
AnonPages:       3568964 kB
Mapped:           439996 kB
Shmem:            547944 kB
Slab:             262724 kB
SReclaimable:     214620 kB
SUnreclaim:        48104 kB
KernelStack:        6128 kB
PageTables:        48052 kB
NFS_Unstable:          0 kB
Bounce:                0 kB
WritebackTmp:          0 kB
CommitLimit:    24844404 kB
Committed_AS:    8011844 kB
VmallocTotal:   34359738367 kB
VmallocUsed:      444884 kB
VmallocChunk:   34359289148 kB
HardwareCorrupted:     0 kB
AnonHugePages:   2277376 kB
HugePages_Total:       0
HugePages_Free:        0
HugePages_Rsvd:        0
HugePages_Surp:        0
Hugepagesize:       2048 kB
DirectMap4k:       97736 kB
DirectMap2M:     2949120 kB
DirectMap1G:    13631488 kB


CPU:total 8 (4 cores per cpu, 2 threads per core) family 6 model 60 stepping 3, cmov, cx8, fxsr, mmx, sse, sse2, sse3, ssse3, sse4.1, sse4.2, popcnt, avx, avx2, aes, clmul, erms, lzcnt, ht, tsc, tscinvbit, bmi1, bmi2

/proc/cpuinfo:
processor	: 0
vendor_id	: GenuineIntel
cpu family	: 6
model		: 60
model name	: Intel(R) Core(TM) i7-4702HQ CPU @ 2.20GHz
stepping	: 3
microcode	: 0x17
cpu MHz		: 800.000
cache size	: 6144 KB
physical id	: 0
siblings	: 8
core id		: 0
cpu cores	: 4
apicid		: 0
initial apicid	: 0
fpu		: yes
fpu_exception	: yes
cpuid level	: 13
wp		: yes
flags		: fpu vme de pse tsc msr pae mce cx8 apic sep mtrr pge mca cmov pat pse36 clflush dts acpi mmx fxsr sse sse2 ss ht tm pbe syscall nx pdpe1gb rdtscp lm constant_tsc arch_perfmon pebs bts rep_good nopl xtopology nonstop_tsc aperfmperf eagerfpu pni pclmulqdq dtes64 monitor ds_cpl vmx est tm2 ssse3 fma cx16 xtpr pdcm pcid sse4_1 sse4_2 x2apic movbe popcnt tsc_deadline_timer aes xsave avx f16c rdrand lahf_lm abm ida arat epb xsaveopt pln pts dtherm tpr_shadow vnmi flexpriority ept vpid fsgsbase tsc_adjust bmi1 avx2 smep bmi2 erms invpcid
bogomips	: 4389.87
clflush size	: 64
cache_alignment	: 64
address sizes	: 39 bits physical, 48 bits virtual
power management:

processor	: 1
vendor_id	: GenuineIntel
cpu family	: 6
model		: 60
model name	: Intel(R) Core(TM) i7-4702HQ CPU @ 2.20GHz
stepping	: 3
microcode	: 0x17
cpu MHz		: 2201.000
cache size	: 6144 KB
physical id	: 0
siblings	: 8
core id		: 1
cpu cores	: 4
apicid		: 2
initial apicid	: 2
fpu		: yes
fpu_exception	: yes
cpuid level	: 13
wp		: yes
flags		: fpu vme de pse tsc msr pae mce cx8 apic sep mtrr pge mca cmov pat pse36 clflush dts acpi mmx fxsr sse sse2 ss ht tm pbe syscall nx pdpe1gb rdtscp lm constant_tsc arch_perfmon pebs bts rep_good nopl xtopology nonstop_tsc aperfmperf eagerfpu pni pclmulqdq dtes64 monitor ds_cpl vmx est tm2 ssse3 fma cx16 xtpr pdcm pcid sse4_1 sse4_2 x2apic movbe popcnt tsc_deadline_timer aes xsave avx f16c rdrand lahf_lm abm ida arat epb xsaveopt pln pts dtherm tpr_shadow vnmi flexpriority ept vpid fsgsbase tsc_adjust bmi1 avx2 smep bmi2 erms invpcid
bogomips	: 4389.87
clflush size	: 64
cache_alignment	: 64
address sizes	: 39 bits physical, 48 bits virtual
power management:

processor	: 2
vendor_id	: GenuineIntel
cpu family	: 6
model		: 60
model name	: Intel(R) Core(TM) i7-4702HQ CPU @ 2.20GHz
stepping	: 3
microcode	: 0x17
cpu MHz		: 800.000
cache size	: 6144 KB
physical id	: 0
siblings	: 8
core id		: 2
cpu cores	: 4
apicid		: 4
initial apicid	: 4
fpu		: yes
fpu_exception	: yes
cpuid level	: 13
wp		: yes
flags		: fpu vme de pse tsc msr pae mce cx8 apic sep mtrr pge mca cmov pat pse36 clflush dts acpi mmx fxsr sse sse2 ss ht tm pbe syscall nx pdpe1gb rdtscp lm constant_tsc arch_perfmon pebs bts rep_good nopl xtopology nonstop_tsc aperfmperf eagerfpu pni pclmulqdq dtes64 monitor ds_cpl vmx est tm2 ssse3 fma cx16 xtpr pdcm pcid sse4_1 sse4_2 x2apic movbe popcnt tsc_deadline_timer aes xsave avx f16c rdrand lahf_lm abm ida arat epb xsaveopt pln pts dtherm tpr_shadow vnmi flexpriority ept vpid fsgsbase tsc_adjust bmi1 avx2 smep bmi2 erms invpcid
bogomips	: 4389.87
clflush size	: 64
cache_alignment	: 64
address sizes	: 39 bits physical, 48 bits virtual
power management:

processor	: 3
vendor_id	: GenuineIntel
cpu family	: 6
model		: 60
model name	: Intel(R) Core(TM) i7-4702HQ CPU @ 2.20GHz
stepping	: 3
microcode	: 0x17
cpu MHz		: 1900.000
cache size	: 6144 KB
physical id	: 0
siblings	: 8
core id		: 3
cpu cores	: 4
apicid		: 6
initial apicid	: 6
fpu		: yes
fpu_exception	: yes
cpuid level	: 13
wp		: yes
flags		: fpu vme de pse tsc msr pae mce cx8 apic sep mtrr pge mca cmov pat pse36 clflush dts acpi mmx fxsr sse sse2 ss ht tm pbe syscall nx pdpe1gb rdtscp lm constant_tsc arch_perfmon pebs bts rep_good nopl xtopology nonstop_tsc aperfmperf eagerfpu pni pclmulqdq dtes64 monitor ds_cpl vmx est tm2 ssse3 fma cx16 xtpr pdcm pcid sse4_1 sse4_2 x2apic movbe popcnt tsc_deadline_timer aes xsave avx f16c rdrand lahf_lm abm ida arat epb xsaveopt pln pts dtherm tpr_shadow vnmi flexpriority ept vpid fsgsbase tsc_adjust bmi1 avx2 smep bmi2 erms invpcid
bogomips	: 4389.87
clflush size	: 64
cache_alignment	: 64
address sizes	: 39 bits physical, 48 bits virtual
power management:

processor	: 4
vendor_id	: GenuineIntel
cpu family	: 6
model		: 60
model name	: Intel(R) Core(TM) i7-4702HQ CPU @ 2.20GHz
stepping	: 3
microcode	: 0x17
cpu MHz		: 1700.000
cache size	: 6144 KB
physical id	: 0
siblings	: 8
core id		: 0
cpu cores	: 4
apicid		: 1
initial apicid	: 1
fpu		: yes
fpu_exception	: yes
cpuid level	: 13
wp		: yes
flags		: fpu vme de pse tsc msr pae mce cx8 apic sep mtrr pge mca cmov pat pse36 clflush dts acpi mmx fxsr sse sse2 ss ht tm pbe syscall nx pdpe1gb rdtscp lm constant_tsc arch_perfmon pebs bts rep_good nopl xtopology nonstop_tsc aperfmperf eagerfpu pni pclmulqdq dtes64 monitor ds_cpl vmx est tm2 ssse3 fma cx16 xtpr pdcm pcid sse4_1 sse4_2 x2apic movbe popcnt tsc_deadline_timer aes xsave avx f16c rdrand lahf_lm abm ida arat epb xsaveopt pln pts dtherm tpr_shadow vnmi flexpriority ept vpid fsgsbase tsc_adjust bmi1 avx2 smep bmi2 erms invpcid
bogomips	: 4389.87
clflush size	: 64
cache_alignment	: 64
address sizes	: 39 bits physical, 48 bits virtual
power management:

processor	: 5
vendor_id	: GenuineIntel
cpu family	: 6
model		: 60
model name	: Intel(R) Core(TM) i7-4702HQ CPU @ 2.20GHz
stepping	: 3
microcode	: 0x17
cpu MHz		: 1600.000
cache size	: 6144 KB
physical id	: 0
siblings	: 8
core id		: 1
cpu cores	: 4
apicid		: 3
initial apicid	: 3
fpu		: yes
fpu_exception	: yes
cpuid level	: 13
wp		: yes
flags		: fpu vme de pse tsc msr pae mce cx8 apic sep mtrr pge mca cmov pat pse36 clflush dts acpi mmx fxsr sse sse2 ss ht tm pbe syscall nx pdpe1gb rdtscp lm constant_tsc arch_perfmon pebs bts rep_good nopl xtopology nonstop_tsc aperfmperf eagerfpu pni pclmulqdq dtes64 monitor ds_cpl vmx est tm2 ssse3 fma cx16 xtpr pdcm pcid sse4_1 sse4_2 x2apic movbe popcnt tsc_deadline_timer aes xsave avx f16c rdrand lahf_lm abm ida arat epb xsaveopt pln pts dtherm tpr_shadow vnmi flexpriority ept vpid fsgsbase tsc_adjust bmi1 avx2 smep bmi2 erms invpcid
bogomips	: 4389.87
clflush size	: 64
cache_alignment	: 64
address sizes	: 39 bits physical, 48 bits virtual
power management:

processor	: 6
vendor_id	: GenuineIntel
cpu family	: 6
model		: 60
model name	: Intel(R) Core(TM) i7-4702HQ CPU @ 2.20GHz
stepping	: 3
microcode	: 0x17
cpu MHz		: 2201.000
cache size	: 6144 KB
physical id	: 0
siblings	: 8
core id		: 2
cpu cores	: 4
apicid		: 5
initial apicid	: 5
fpu		: yes
fpu_exception	: yes
cpuid level	: 13
wp		: yes
flags		: fpu vme de pse tsc msr pae mce cx8 apic sep mtrr pge mca cmov pat pse36 clflush dts acpi mmx fxsr sse sse2 ss ht tm pbe syscall nx pdpe1gb rdtscp lm constant_tsc arch_perfmon pebs bts rep_good nopl xtopology nonstop_tsc aperfmperf eagerfpu pni pclmulqdq dtes64 monitor ds_cpl vmx est tm2 ssse3 fma cx16 xtpr pdcm pcid sse4_1 sse4_2 x2apic movbe popcnt tsc_deadline_timer aes xsave avx f16c rdrand lahf_lm abm ida arat epb xsaveopt pln pts dtherm tpr_shadow vnmi flexpriority ept vpid fsgsbase tsc_adjust bmi1 avx2 smep bmi2 erms invpcid
bogomips	: 4389.87
clflush size	: 64
cache_alignment	: 64
address sizes	: 39 bits physical, 48 bits virtual
power management:

processor	: 7
vendor_id	: GenuineIntel
cpu family	: 6
model		: 60
model name	: Intel(R) Core(TM) i7-4702HQ CPU @ 2.20GHz
stepping	: 3
microcode	: 0x17
cpu MHz		: 2201.000
cache size	: 6144 KB
physical id	: 0
siblings	: 8
core id		: 3
cpu cores	: 4
apicid		: 7
initial apicid	: 7
fpu		: yes
fpu_exception	: yes
cpuid level	: 13
wp		: yes
flags		: fpu vme de pse tsc msr pae mce cx8 apic sep mtrr pge mca cmov pat pse36 clflush dts acpi mmx fxsr sse sse2 ss ht tm pbe syscall nx pdpe1gb rdtscp lm constant_tsc arch_perfmon pebs bts rep_good nopl xtopology nonstop_tsc aperfmperf eagerfpu pni pclmulqdq dtes64 monitor ds_cpl vmx est tm2 ssse3 fma cx16 xtpr pdcm pcid sse4_1 sse4_2 x2apic movbe popcnt tsc_deadline_timer aes xsave avx f16c rdrand lahf_lm abm ida arat epb xsaveopt pln pts dtherm tpr_shadow vnmi flexpriority ept vpid fsgsbase tsc_adjust bmi1 avx2 smep bmi2 erms invpcid
bogomips	: 4389.87
clflush size	: 64
cache_alignment	: 64
address sizes	: 39 bits physical, 48 bits virtual
power management:



Memory: 4k page, physical 16335088k(9060692k free), swap 16676860k(16676860k free)

vm_info: Java HotSpot(TM) 64-Bit Server VM (25.20-b17) for linux-amd64 JRE (1.8.0_20-ea-b17), built on Jun  4 2014 00:04:06 by "java_re" with gcc 4.3.0 20080428 (Red Hat 4.3.0-8)

time: Tue Nov 18 08:40:31 2014
elapsed time: 472 seconds (0d 0h 7m 52s)

