#
# A fatal error has been detected by the Java Runtime Environment:
#
#  SIGSEGV (0xb) at pc=0x00007f2a5d88ef7e, pid=6366, tid=139819936651008
#
# JRE version: Java(TM) SE Runtime Environment (8.0_20-b17) (build 1.8.0_20-ea-b17)
# Java VM: Java HotSpot(TM) 64-Bit Server VM (25.20-b17 mixed mode linux-amd64 compressed oops)
# Problematic frame:
# C  [ld-linux-x86-64.so.2+0x9f7e]
#
# Failed to write core dump. Core dumps have been disabled. To enable core dumping, try "ulimit -c unlimited" before starting Java again
#
# If you would like to submit a bug report, please visit:
#   http://bugreport.sun.com/bugreport/crash.jsp
# The crash happened outside the Java Virtual Machine in native code.
# See problematic frame for where to report the bug.
#

---------------  T H R E A D  ---------------

Current thread (0x00007f2a5400d000):  JavaThread "main" [_thread_in_native, id=6371, stack(0x00007f2a5d981000,0x00007f2a5da82000)]

siginfo: si_signo: 11 (SIGSEGV), si_code: 1 (SEGV_MAPERR), si_addr: 0x0000000000000068

Registers:
RAX=0x0000000000000040, RBX=0x000000004c8d3d65, RCX=0x0000000000000025, RDX=0x00000000000003f3
RSP=0x00007f2a5da7ea80, RBP=0x0000000000000002, RSI=0x00007f2a5ce89d28, RDI=0x00007f2a5da859e8
R8 =0x00000000013234f5, R9 =0x00007f2a5da7eac0, R10=0x0000000006020400, R11=0x00007f2a5da7ebc0
R12=0x0000000000000003, R13=0x00007f2994155a60, R14=0x0000000000000000, R15=0x0000000000000025
RIP=0x00007f2a5d88ef7e, EFLAGS=0x0000000000010202, CSGSFS=0x0000000000000033, ERR=0x0000000000000004
  TRAPNO=0x000000000000000e

Top of Stack: (sp=0x00007f2a5da7ea80)
0x00007f2a5da7ea80:   00007f2a5da7ebf0 00007f2a5c566f75
0x00007f2a5da7ea90:   0000000700000002 00007f2a5da7ebd0
0x00007f2a5da7eaa0:   00007f2a5da7ec60 00007f2a5da7ee30
0x00007f2a5da7eab0:   00007f2a45046960 010000000000000c
0x00007f2a5da7eac0:   0000000000000000 0000000000000000
0x00007f2a5da7ead0:   00007f2a5da859e8 00007f2a540b99c0
0x00007f2a5da7eae0:   00007f2a5ce96d78 0000000000000000
0x00007f2a5da7eaf0:   0000000200000000 0000000000000000
0x00007f2a5da7eb00:   00007f2a5400d000 00007f2a5da7ecb0
0x00007f2a5da7eb10:   00007f2a5da7ec60 0000000000000000
0x00007f2a5da7eb20:   0000000000000000 00007f2994155ea8
0x00007f2a5da7eb30:   00007f2994155b20 00007f2a5d88f991
0x00007f2a5da7eb40:   0000000000000000 0000000000000000
0x00007f2a5da7eb50:   00007f2a00000002 0000000000000000
0x00007f2a5da7eb60:   00007f2a00000000 00007f2994155b20
0x00007f2a5da7eb70:   00007f2a5da7f2a0 00000006c6d9ed38
0x00007f2a5da7eb80:   00000007c0008600 00000000000000b1
0x00007f2a5da7eb90:   00007f2a44804440 00007f2994155ea8
0x00007f2a5da7eba0:   00007f2a5da7ebd0 00007f2a5da7ebc0
0x00007f2a5da7ebb0:   000000004c8d3d65 00007f2a540b99c0
0x00007f2a5da7ebc0:   00000000ffffffff 00007f2a5400a5d0
0x00007f2a5da7ebd0:   0000000000000000 0000000000000000
0x00007f2a5da7ebe0:   00007f2a5400a470 00007f2a5400d000
0x00007f2a5da7ebf0:   00007f2a5da7ed80 00007f2a5c5ad467
0x00007f2a5da7ec00:   00007f2a44814f60 00007f2a5400d000
0x00007f2a5da7ec10:   00007f2a5da7ec60 00007f2a5da7ece0
0x00007f2a5da7ec20:   00007f2a5da7edb0 00007f2a5da7ee30
0x00007f2a5da7ec30:   00007f2a5400d1e8 00000000022214b0
0x00007f2a5da7ec40:   00007f2a5daa7cc0 00007f2a540b99c0
0x00007f2a5da7ec50:   0000000000000000 00007f2994155b20
0x00007f2a5da7ec60:   00007f2a5da7ed40 00007f2a5cfbcf56
0x00007f2a5da7ec70:   0000000600000002 0000000000000000 

Instructions: (pc=0x00007f2a5d88ef7e)
0x00007f2a5d88ef5e:   06 41 83 e7 3f 0f 1f 44 00 00 49 8b 44 ed 00 c7
0x00007f2a5d88ef6e:   44 24 70 00 00 00 00 48 c7 44 24 40 00 00 00 00
0x00007f2a5d88ef7e:   48 8b 78 28 4c 39 f7 48 89 7c 24 50 0f 84 f0 00
0x00007f2a5d88ef8e:   00 00 f6 44 24 7c 02 74 0d f6 87 14 03 00 00 03 

Register to memory mapping:

RAX=0x0000000000000040 is an unknown value
RBX=0x000000004c8d3d65 is an unknown value
RCX=0x0000000000000025 is an unknown value
RDX=0x00000000000003f3 is an unknown value
RSP=0x00007f2a5da7ea80 is pointing into the stack for thread: 0x00007f2a5400d000
RBP=0x0000000000000002 is an unknown value
RSI=0x00007f2a5ce89d28: <offset 0x3d28> in /lib/x86_64-linux-gnu/libc.so.6 at 0x00007f2a5ce86000
RDI=0x00007f2a5da859e8 is an unknown value
R8 =0x00000000013234f5 is an unknown value
R9 =0x00007f2a5da7eac0 is pointing into the stack for thread: 0x00007f2a5400d000
R10=0x0000000006020400 is an unknown value
R11=0x00007f2a5da7ebc0 is pointing into the stack for thread: 0x00007f2a5400d000
R12=0x0000000000000003 is an unknown value
R13=0x00007f2994155a60 is an unknown value
R14=0x0000000000000000 is an unknown value
R15=0x0000000000000025 is an unknown value


Stack: [0x00007f2a5d981000,0x00007f2a5da82000],  sp=0x00007f2a5da7ea80,  free space=1014k
Native frames: (J=compiled Java code, j=interpreted, Vv=VM code, C=native code)
C  [ld-linux-x86-64.so.2+0x9f7e]

Java frames: (J=compiled Java code, j=interpreted, Vv=VM code)
j  java.lang.ClassLoader$NativeLibrary.unload(Ljava/lang/String;Z)V+0
j  java.lang.ClassLoader$NativeLibrary.finalize()V+87
v  ~StubRoutines::call_stub
J 1136  sun.reflect.NativeMethodAccessorImpl.invoke0(Ljava/lang/reflect/Method;Ljava/lang/Object;[Ljava/lang/Object;)Ljava/lang/Object; (0 bytes) @ 0x00007f2a4544ec37 [0x00007f2a4544ebc0+0x77]
j  sun.reflect.NativeMethodAccessorImpl.invoke(Ljava/lang/Object;[Ljava/lang/Object;)Ljava/lang/Object;+100
J 500 C1 sun.reflect.DelegatingMethodAccessorImpl.invoke(Ljava/lang/Object;[Ljava/lang/Object;)Ljava/lang/Object; (10 bytes) @ 0x00007f2a45226c6c [0x00007f2a45226b40+0x12c]
j  java.lang.reflect.Method.invoke(Ljava/lang/Object;[Ljava/lang/Object;)Ljava/lang/Object;+56
j  com.inductiveautomation.ignition.gateway.bootstrap.SRFilter.destroy()V+89
j  org.apache.catalina.core.ApplicationFilterConfig.release()V+61
j  org.apache.catalina.core.StandardContext.filterStop()Z+124
j  org.apache.catalina.core.StandardContext.stop()V+142
j  org.apache.catalina.core.ContainerBase.removeChild(Lorg/apache/catalina/Container;)V+90
j  org.apache.catalina.startup.HostConfig.undeployApps()V+77
j  org.apache.catalina.startup.HostConfig.stop()V+28
j  org.apache.catalina.startup.HostConfig.lifecycleEvent(Lorg/apache/catalina/LifecycleEvent;)V+151
J 8373 C1 org.apache.catalina.util.LifecycleSupport.fireLifecycleEvent(Ljava/lang/String;Ljava/lang/Object;)V (190 bytes) @ 0x00007f2a45ea634c [0x00007f2a45ea5860+0xaec]
j  org.apache.catalina.core.ContainerBase.stop()V+60
j  org.apache.catalina.core.ContainerBase.stop()V+118
j  org.apache.catalina.core.StandardEngine.stop()V+1
j  org.apache.catalina.core.StandardService.stop()V+177
j  org.apache.catalina.core.StandardServer.stop()V+65
j  org.apache.catalina.startup.Catalina.stop()V+58
j  org.apache.catalina.startup.Catalina.start()V+198
v  ~StubRoutines::call_stub
j  sun.reflect.NativeMethodAccessorImpl.invoke0(Ljava/lang/reflect/Method;Ljava/lang/Object;[Ljava/lang/Object;)Ljava/lang/Object;+0
j  sun.reflect.NativeMethodAccessorImpl.invoke(Ljava/lang/Object;[Ljava/lang/Object;)Ljava/lang/Object;+100
J 500 C1 sun.reflect.DelegatingMethodAccessorImpl.invoke(Ljava/lang/Object;[Ljava/lang/Object;)Ljava/lang/Object; (10 bytes) @ 0x00007f2a45226c6c [0x00007f2a45226b40+0x12c]
J 496 C1 java.lang.reflect.Method.invoke(Ljava/lang/Object;[Ljava/lang/Object;)Ljava/lang/Object; (62 bytes) @ 0x00007f2a452277c4 [0x00007f2a452273a0+0x424]
j  org.apache.catalina.startup.Bootstrap.start()V+37
j  org.apache.catalina.startup.Bootstrap.main([Ljava/lang/String;)V+131
v  ~StubRoutines::call_stub

---------------  P R O C E S S  ---------------

Java Threads: ( => current thread )
  0x00007f2a54568000 JavaThread "Thread-31" daemon [_thread_blocked, id=6585, stack(0x00007f296e0cd000,0x00007f296e1ce000)]
  0x00007f29bc008800 JavaThread "http-8088-6" daemon [_thread_blocked, id=6498, stack(0x00007f296d9ca000,0x00007f296dacb000)]
  0x00007f29bc007800 JavaThread "http-8088-5" daemon [_thread_blocked, id=6497, stack(0x00007f2a19679000,0x00007f2a1977a000)]
  0x00007f29bc007000 JavaThread "http-8088-4" daemon [_thread_blocked, id=6496, stack(0x00007f2a19277000,0x00007f2a19378000)]
  0x00007f29bc002800 JavaThread "http-8088-3" daemon [_thread_blocked, id=6468, stack(0x00007f296dacb000,0x00007f296dbcc000)]
  0x00007f29bc001800 JavaThread "http-8088-2" daemon [_thread_in_native, id=6462, stack(0x00007f296e4cf000,0x00007f296e5d0000)]
  0x00007f29bc004800 JavaThread "http-8088-1" daemon [_thread_in_native, id=6461, stack(0x00007f296e5d0000,0x00007f296e6d1000)]
  0x00007f2994f07800 JavaThread "ClockDriftDetector" daemon [_thread_blocked, id=6455, stack(0x00007f296eff6000,0x00007f296f0f7000)]
  0x00007f2994f05000 JavaThread "PyLib_ScriptWatcher" daemon [_thread_blocked, id=6454, stack(0x00007f296f0f7000,0x00007f296f1f8000)]
  0x00007f2994f31000 JavaThread "PyFile_ChangeNotifier" daemon [_thread_blocked, id=6453, stack(0x00007f296f1f8000,0x00007f296f2f9000)]
  0x00007f2994f2f000 JavaThread "Thread-17" daemon [_thread_in_native, id=6452, stack(0x00007f296f2f9000,0x00007f296f3fa000)]
  0x00007f2a54595800 JavaThread "TP-Monitor" daemon [_thread_blocked, id=6419, stack(0x00007f29cab72000,0x00007f29cac73000)]
  0x00007f2a54593800 JavaThread "TP-Processor4" daemon [_thread_blocked, id=6418, stack(0x00007f29cac73000,0x00007f29cad74000)]
  0x00007f2a54591000 JavaThread "TP-Processor3" daemon [_thread_blocked, id=6417, stack(0x00007f29cad74000,0x00007f29cae75000)]
  0x00007f2a5458f800 JavaThread "TP-Processor2" daemon [_thread_blocked, id=6416, stack(0x00007f29cae75000,0x00007f29caf76000)]
  0x00007f2a5458f000 JavaThread "TP-Processor1" daemon [_thread_blocked, id=6415, stack(0x00007f29caf76000,0x00007f29cb077000)]
  0x00007f2a54576000 JavaThread "http-8088-Acceptor-0" daemon [_thread_blocked, id=6414, stack(0x00007f29cb077000,0x00007f29cb178000)]
  0x00007f2a544e9800 JavaThread "GC Daemon" daemon [_thread_blocked, id=6412, stack(0x00007f29cb8d6000,0x00007f29cb9d7000)]
  0x00007f2a544f3800 JavaThread "Abandoned connection cleanup thread" daemon [_thread_blocked, id=6411, stack(0x00007f2a19176000,0x00007f2a19277000)]
  0x00007f29d8006800 JavaThread "RMI Scheduler(0)" daemon [_thread_blocked, id=6406, stack(0x00007f2a19378000,0x00007f2a19479000)]
  0x00007f2a5423e000 JavaThread "RMI TCP Accept-0" daemon [_thread_in_native, id=6402, stack(0x00007f2a1987b000,0x00007f2a1997c000)]
  0x00007f2a5422d000 JavaThread "RMI TCP Accept-1099" daemon [_thread_in_native, id=6401, stack(0x00007f2a1997c000,0x00007f2a19a7d000)]
  0x00007f2a5421b800 JavaThread "RMI TCP Accept-0" daemon [_thread_in_native, id=6400, stack(0x00007f2a19a7d000,0x00007f2a19b7e000)]
  0x00007f2a540d4800 JavaThread "Service Thread" daemon [_thread_blocked, id=6398, stack(0x00007f2a1a1e0000,0x00007f2a1a2e1000)]
  0x00007f2a540cf000 JavaThread "C1 CompilerThread3" daemon [_thread_in_native, id=6397, stack(0x00007f2a1a2e1000,0x00007f2a1a3e2000)]
  0x00007f2a540cd000 JavaThread "C2 CompilerThread2" daemon [_thread_in_vm, id=6396, stack(0x00007f2a1a3e2000,0x00007f2a1a4e3000)]
  0x00007f2a540cb800 JavaThread "C2 CompilerThread1" daemon [_thread_in_native, id=6395, stack(0x00007f2a1a4e3000,0x00007f2a1a5e4000)]
  0x00007f2a540c8800 JavaThread "C2 CompilerThread0" daemon [_thread_in_vm, id=6394, stack(0x00007f2a1a5e4000,0x00007f2a1a6e5000)]
  0x00007f2a540c6800 JavaThread "JDWP Event Helper Thread" daemon [_thread_blocked, id=6386, stack(0x00007f2a1a7e6000,0x00007f2a1a8e7000)]
  0x00007f2a540b6000 JavaThread "Signal Dispatcher" daemon [_thread_blocked, id=6384, stack(0x00007f2a1abec000,0x00007f2a1aced000)]
  0x00007f2a54087800 JavaThread "Finalizer" daemon [_thread_blocked, id=6382, stack(0x00007f2a1aced000,0x00007f2a1adee000)]
  0x00007f2a54085800 JavaThread "Reference Handler" daemon [_thread_blocked, id=6381, stack(0x00007f2a1adee000,0x00007f2a1aeef000)]
=>0x00007f2a5400d000 JavaThread "main" [_thread_in_native, id=6371, stack(0x00007f2a5d981000,0x00007f2a5da82000)]

Other Threads:
  0x00007f2a5407e800 VMThread [stack: 0x00007f2a1aeef000,0x00007f2a1aff0000] [id=6380]
  0x00007f2a54240800 WatcherThread [stack: 0x00007f2a1977a000,0x00007f2a1987b000] [id=6403]

VM state:not at safepoint (normal execution)

VM Mutex/Monitor currently owned by a thread:  ([mutex/lock_event])
[0x00007f2a54009990] CompiledIC_lock - owner thread: 0x00007f2a540c8800

Heap:
 PSYoungGen      total 264704K, used 83027K [0x000000076ce00000, 0x0000000780000000, 0x00000007c0000000)
  eden space 249344K, 27% used [0x000000076ce00000,0x0000000771021630,0x000000077c180000)
  from space 15360K, 99% used [0x000000077e580000,0x000000077f4737b0,0x000000077f480000)
  to   space 11776K, 0% used [0x000000077f480000,0x000000077f480000,0x0000000780000000)
 ParOldGen       total 172544K, used 23749K [0x00000006c6a00000, 0x00000006d1280000, 0x000000076ce00000)
  object space 172544K, 13% used [0x00000006c6a00000,0x00000006c81317d0,0x00000006d1280000)
 Metaspace       used 56487K, capacity 58080K, committed 58368K, reserved 1099776K
  class space    used 7807K, capacity 8165K, committed 8192K, reserved 1048576K

Card table byte_map: [0x00007f2a598d1000,0x00007f2a5a09d000] byte_map_base: 0x00007f2a5629c000

Marking Bits: (ParMarkBitMap*) 0x00007f2a5ce5bc20
 Begin Bits: [0x00007f2a20350000, 0x00007f2a241a8000)
 End Bits:   [0x00007f2a241a8000, 0x00007f2a28000000)

Polling page: 0x00007f2a5daa4000

CodeCache: size=245760Kb used=26593Kb max_used=26688Kb free=219166Kb
 bounds [0x00007f2a45000000, 0x00007f2a46a50000, 0x00007f2a54000000]
 total_blobs=7461 nmethods=6868 adapters=513
 compilation: enabled

Compilation events (10 events):
Event: 415.340 Thread 0x00007f2a540cd000 8456 %     4       org.hsqldb.store.BaseHashMap::clearElementArrays @ 76 (236 bytes)
Event: 415.340 Thread 0x00007f2a540c8800 8457 %     4       org.hsqldb.store.HashIndex::clear @ 11 (30 bytes)
Event: 415.344 Thread 0x00007f2a540cf000 8458   !   3       java.io.BufferedWriter::write (117 bytes)
Event: 415.345 Thread 0x00007f2a540cf000 nmethod 8458 0x00007f2a4669e510 code [0x00007f2a4669e6e0, 0x00007f2a4669ee88]
Event: 415.346 Thread 0x00007f2a540c8800 nmethod 8457% 0x00007f2a454c59d0 code [0x00007f2a454c5b60, 0x00007f2a454c5ef8]
Event: 415.351 Thread 0x00007f2a540cf000 8459       3       java.io.BufferedWriter::min (9 bytes)
Event: 415.351 Thread 0x00007f2a540cf000 nmethod 8459 0x00007f2a4589ed10 code [0x00007f2a4589ee80, 0x00007f2a4589f010]
Event: 415.351 Thread 0x00007f2a540cb800 8460       4       java.io.ObjectOutputStream$BlockDataOutputStream::drain (45 bytes)
Event: 415.351 Thread 0x00007f2a540c8800 8462       4       java.io.ObjectOutputStream$ReplaceTable::lookup (24 bytes)
Event: 415.353 Thread 0x00007f2a540cf000 8461   !   3       java.io.ObjectOutputStream::writeObject0 (619 bytes)

GC Heap History (10 events):
Event: 52.294 GC heap before
{Heap before GC invocations=13 (full 2):
 PSYoungGen      total 250368K, used 250309K [0x000000076ce00000, 0x000000077d900000, 0x00000007c0000000)
  eden space 235520K, 100% used [0x000000076ce00000,0x000000077b400000,0x000000077b400000)
  from space 14848K, 99% used [0x000000077ca80000,0x000000077d8f1750,0x000000077d900000)
  to   space 18432K, 0% used [0x000000077b500000,0x000000077b500000,0x000000077c700000)
 ParOldGen       total 172544K, used 23709K [0x00000006c6a00000, 0x00000006d1280000, 0x000000076ce00000)
  object space 172544K, 13% used [0x00000006c6a00000,0x00000006c81277d0,0x00000006d1280000)
 Metaspace       used 54397K, capacity 55628K, committed 55936K, reserved 1097728K
  class space    used 7685K, capacity 7991K, committed 8064K, reserved 1048576K
Event: 52.309 GC heap after
Heap after GC invocations=13 (full 2):
 PSYoungGen      total 254976K, used 14455K [0x000000076ce00000, 0x000000077fb80000, 0x00000007c0000000)
  eden space 236544K, 0% used [0x000000076ce00000,0x000000076ce00000,0x000000077b500000)
  from space 18432K, 78% used [0x000000077b500000,0x000000077c31dc18,0x000000077c700000)
  to   space 18944K, 0% used [0x000000077e900000,0x000000077e900000,0x000000077fb80000)
 ParOldGen       total 172544K, used 23717K [0x00000006c6a00000, 0x00000006d1280000, 0x000000076ce00000)
  object space 172544K, 13% used [0x00000006c6a00000,0x00000006c81297d0,0x00000006d1280000)
 Metaspace       used 54397K, capacity 55628K, committed 55936K, reserved 1097728K
  class space    used 7685K, capacity 7991K, committed 8064K, reserved 1048576K
}
Event: 73.355 GC heap before
{Heap before GC invocations=14 (full 2):
 PSYoungGen      total 254976K, used 250999K [0x000000076ce00000, 0x000000077fb80000, 0x00000007c0000000)
  eden space 236544K, 100% used [0x000000076ce00000,0x000000077b500000,0x000000077b500000)
  from space 18432K, 78% used [0x000000077b500000,0x000000077c31dc18,0x000000077c700000)
  to   space 18944K, 0% used [0x000000077e900000,0x000000077e900000,0x000000077fb80000)
 ParOldGen       total 172544K, used 23717K [0x00000006c6a00000, 0x00000006d1280000, 0x000000076ce00000)
  object space 172544K, 13% used [0x00000006c6a00000,0x00000006c81297d0,0x00000006d1280000)
 Metaspace       used 55106K, capacity 56570K, committed 56832K, reserved 1097728K
  class space    used 7740K, capacity 8084K, committed 8192K, reserved 1048576K
Event: 73.372 GC heap after
Heap after GC invocations=14 (full 2):
 PSYoungGen      total 281600K, used 14746K [0x000000076ce00000, 0x000000077f880000, 0x00000007c0000000)
  eden space 265728K, 0% used [0x000000076ce00000,0x000000076ce00000,0x000000077d180000)
  from space 15872K, 92% used [0x000000077e900000,0x000000077f766b50,0x000000077f880000)
  to   space 19968K, 0% used [0x000000077d180000,0x000000077d180000,0x000000077e500000)
 ParOldGen       total 172544K, used 23725K [0x00000006c6a00000, 0x00000006d1280000, 0x000000076ce00000)
  object space 172544K, 13% used [0x00000006c6a00000,0x00000006c812b7d0,0x00000006d1280000)
 Metaspace       used 55106K, capacity 56570K, committed 56832K, reserved 1097728K
  class space    used 7740K, capacity 8084K, committed 8192K, reserved 1048576K
}
Event: 97.358 GC heap before
{Heap before GC invocations=15 (full 2):
 PSYoungGen      total 281600K, used 280474K [0x000000076ce00000, 0x000000077f880000, 0x00000007c0000000)
  eden space 265728K, 100% used [0x000000076ce00000,0x000000077d180000,0x000000077d180000)
  from space 15872K, 92% used [0x000000077e900000,0x000000077f766b50,0x000000077f880000)
  to   space 19968K, 0% used [0x000000077d180000,0x000000077d180000,0x000000077e500000)
 ParOldGen       total 172544K, used 23725K [0x00000006c6a00000, 0x00000006d1280000, 0x000000076ce00000)
  object space 172544K, 13% used [0x00000006c6a00000,0x00000006c812b7d0,0x00000006d1280000)
 Metaspace       used 55276K, capacity 56826K, committed 57088K, reserved 1097728K
  class space    used 7741K, capacity 8084K, committed 8192K, reserved 1048576K
Event: 97.373 GC heap after
Heap after GC invocations=15 (full 2):
 PSYoungGen      total 285696K, used 14794K [0x000000076ce00000, 0x0000000781380000, 0x00000007c0000000)
  eden space 265728K, 0% used [0x000000076ce00000,0x000000076ce00000,0x000000077d180000)
  from space 19968K, 74% used [0x000000077d180000,0x000000077dff2ba0,0x000000077e500000)
  to   space 20480K, 0% used [0x000000077ff80000,0x000000077ff80000,0x0000000781380000)
 ParOldGen       total 172544K, used 23733K [0x00000006c6a00000, 0x00000006d1280000, 0x000000076ce00000)
  object space 172544K, 13% used [0x00000006c6a00000,0x00000006c812d7d0,0x00000006d1280000)
 Metaspace       used 55276K, capacity 56826K, committed 57088K, reserved 1097728K
  class space    used 7741K, capacity 8084K, committed 8192K, reserved 1048576K
}
Event: 122.223 GC heap before
{Heap before GC invocations=16 (full 2):
 PSYoungGen      total 285696K, used 280522K [0x000000076ce00000, 0x0000000781380000, 0x00000007c0000000)
  eden space 265728K, 100% used [0x000000076ce00000,0x000000077d180000,0x000000077d180000)
  from space 19968K, 74% used [0x000000077d180000,0x000000077dff2ba0,0x000000077e500000)
  to   space 20480K, 0% used [0x000000077ff80000,0x000000077ff80000,0x0000000781380000)
 ParOldGen       total 172544K, used 23733K [0x00000006c6a00000, 0x00000006d1280000, 0x000000076ce00000)
  object space 172544K, 13% used [0x00000006c6a00000,0x00000006c812d7d0,0x00000006d1280000)
 Metaspace       used 55484K, capacity 57024K, committed 57344K, reserved 1097728K
  class space    used 7742K, capacity 8085K, committed 8192K, reserved 1048576K
Event: 122.239 GC heap after
Heap after GC invocations=16 (full 2):
 PSYoungGen      total 272896K, used 15160K [0x000000076ce00000, 0x0000000780e80000, 0x00000007c0000000)
  eden space 257536K, 0% used [0x000000076ce00000,0x000000076ce00000,0x000000077c980000)
  from space 15360K, 98% used [0x000000077ff80000,0x0000000780e4e0c0,0x0000000780e80000)
  to   space 20992K, 0% used [0x000000077e580000,0x000000077e580000,0x000000077fa00000)
 ParOldGen       total 172544K, used 23741K [0x00000006c6a00000, 0x00000006d1280000, 0x000000076ce00000)
  object space 172544K, 13% used [0x00000006c6a00000,0x00000006c812f7d0,0x00000006d1280000)
 Metaspace       used 55484K, capacity 57024K, committed 57344K, reserved 1097728K
  class space    used 7742K, capacity 8085K, committed 8192K, reserved 1048576K
}
Event: 227.525 GC heap before
{Heap before GC invocations=17 (full 2):
 PSYoungGen      total 272896K, used 272696K [0x000000076ce00000, 0x0000000780e80000, 0x00000007c0000000)
  eden space 257536K, 100% used [0x000000076ce00000,0x000000077c980000,0x000000077c980000)
  from space 15360K, 98% used [0x000000077ff80000,0x0000000780e4e0c0,0x0000000780e80000)
  to   space 20992K, 0% used [0x000000077e580000,0x000000077e580000,0x000000077fa00000)
 ParOldGen       total 172544K, used 23741K [0x00000006c6a00000, 0x00000006d1280000, 0x000000076ce00000)
  object space 172544K, 13% used [0x00000006c6a00000,0x00000006c812f7d0,0x00000006d1280000)
 Metaspace       used 55971K, capacity 57474K, committed 57856K, reserved 1099776K
  class space    used 7767K, capacity 8096K, committed 8192K, reserved 1048576K
Event: 227.546 GC heap after
Heap after GC invocations=17 (full 2):
 PSYoungGen      total 264704K, used 15309K [0x000000076ce00000, 0x0000000780000000, 0x00000007c0000000)
  eden space 249344K, 0% used [0x000000076ce00000,0x000000076ce00000,0x000000077c180000)
  from space 15360K, 99% used [0x000000077e580000,0x000000077f4737b0,0x000000077f480000)
  to   space 11776K, 0% used [0x000000077f480000,0x000000077f480000,0x0000000780000000)
 ParOldGen       total 172544K, used 23749K [0x00000006c6a00000, 0x00000006d1280000, 0x000000076ce00000)
  object space 172544K, 13% used [0x00000006c6a00000,0x00000006c81317d0,0x00000006d1280000)
 Metaspace       used 55971K, capacity 57474K, committed 57856K, reserved 1099776K
  class space    used 7767K, capacity 8096K, committed 8192K, reserved 1048576K
}

Deoptimization events (10 events):
Event: 415.344 Thread 0x00007f2a5400d000 Uncommon trap: reason=bimorphic action=maybe_recompile pc=0x00007f2a460113dc method=java.io.ObjectOutputStream$BlockDataOutputStream.drain()V @ 36
Event: 415.344 Thread 0x00007f2a5400d000 Uncommon trap: reason=bimorphic action=maybe_recompile pc=0x00007f2a460113dc method=java.io.ObjectOutputStream$BlockDataOutputStream.drain()V @ 36
Event: 415.344 Thread 0x00007f2a5400d000 Uncommon trap: reason=class_check action=maybe_recompile pc=0x00007f2a463f830c method=java.io.ObjectOutputStream$BlockDataOutputStream.write([BIIZ)V @ 23
Event: 415.344 Thread 0x00007f2a5400d000 Uncommon trap: reason=bimorphic action=maybe_recompile pc=0x00007f2a465f1524 method=java.io.ObjectOutputStream$BlockDataOutputStream.writeBlockHeader(I)V @ 33
Event: 415.345 Thread 0x00007f2a5400d000 Uncommon trap: reason=class_check action=maybe_recompile pc=0x00007f2a460aa3cc method=java.io.ObjectOutputStream$BlockDataOutputStream.write([BIIZ)V @ 23
Event: 415.345 Thread 0x00007f2a5400d000 Uncommon trap: reason=class_check action=maybe_recompile pc=0x00007f2a460aa3cc method=java.io.ObjectOutputStream$BlockDataOutputStream.write([BIIZ)V @ 23
Event: 415.346 Thread 0x00007f2a5400d000 Uncommon trap: reason=class_check action=maybe_recompile pc=0x00007f2a463f830c method=java.io.ObjectOutputStream$BlockDataOutputStream.write([BIIZ)V @ 23
Event: 415.350 Thread 0x00007f2a5400d000 Uncommon trap: reason=bimorphic action=maybe_recompile pc=0x00007f2a465f1524 method=java.io.ObjectOutputStream$BlockDataOutputStream.writeBlockHeader(I)V @ 33
Event: 415.350 Thread 0x00007f2a5400d000 Uncommon trap: reason=class_check action=maybe_recompile pc=0x00007f2a460aa3cc method=java.io.ObjectOutputStream$BlockDataOutputStream.write([BIIZ)V @ 23
Event: 415.351 Thread 0x00007f2a5400d000 Uncommon trap: reason=bimorphic action=maybe_recompile pc=0x00007f2a465f1524 method=java.io.ObjectOutputStream$BlockDataOutputStream.writeBlockHeader(I)V @ 33

Internal exceptions (10 events):
Event: 415.224 Thread 0x00007f2a5400d000 Exception <a 'java/security/PrivilegedActionException'> (0x000000077053e7f8) thrown at [/HUDSON/workspace/8-2-build-linux-amd64/jdk8u20/526.nc/hotspot/src/share/vm/prims/jvm.cpp, line 1258]
Event: 415.225 Thread 0x00007f2a5400d000 Exception <a 'java/security/PrivilegedActionException'> (0x0000000770550b90) thrown at [/HUDSON/workspace/8-2-build-linux-amd64/jdk8u20/526.nc/hotspot/src/share/vm/prims/jvm.cpp, line 1258]
Event: 415.225 Thread 0x00007f2a5400d000 Exception <a 'java/security/PrivilegedActionException'> (0x0000000770551730) thrown at [/HUDSON/workspace/8-2-build-linux-amd64/jdk8u20/526.nc/hotspot/src/share/vm/prims/jvm.cpp, line 1258]
Event: 415.226 Thread 0x00007f2a5400d000 Exception <a 'java/lang/NullPointerException'> (0x000000077055a180) thrown at [/HUDSON/workspace/8-2-build-linux-amd64/jdk8u20/526.nc/hotspot/src/share/vm/interpreter/linkResolver.cpp, line 1268]
Event: 415.346 Thread 0x00007f2a5400d000 Exception <a 'java/security/PrivilegedActionException'> (0x000000077057c8f0) thrown at [/HUDSON/workspace/8-2-build-linux-amd64/jdk8u20/526.nc/hotspot/src/share/vm/prims/jvm.cpp, line 1258]
Event: 415.346 Thread 0x00007f2a5400d000 Exception <a 'java/security/PrivilegedActionException'> (0x000000077057d8d0) thrown at [/HUDSON/workspace/8-2-build-linux-amd64/jdk8u20/526.nc/hotspot/src/share/vm/prims/jvm.cpp, line 1258]
Event: 415.348 Thread 0x00007f2a5400d000 Exception <a 'java/security/PrivilegedActionException'> (0x000000077058d720) thrown at [/HUDSON/workspace/8-2-build-linux-amd64/jdk8u20/526.nc/hotspot/src/share/vm/prims/jvm.cpp, line 1258]
Event: 415.348 Thread 0x00007f2a5400d000 Exception <a 'java/security/PrivilegedActionException'> (0x000000077058e790) thrown at [/HUDSON/workspace/8-2-build-linux-amd64/jdk8u20/526.nc/hotspot/src/share/vm/prims/jvm.cpp, line 1258]
Event: 415.349 Thread 0x00007f2a5400d000 Exception <a 'java/security/PrivilegedActionException'> (0x000000077059eac0) thrown at [/HUDSON/workspace/8-2-build-linux-amd64/jdk8u20/526.nc/hotspot/src/share/vm/prims/jvm.cpp, line 1258]
Event: 415.349 Thread 0x00007f2a5400d000 Exception <a 'java/security/PrivilegedActionException'> (0x000000077059fae0) thrown at [/HUDSON/workspace/8-2-build-linux-amd64/jdk8u20/526.nc/hotspot/src/share/vm/prims/jvm.cpp, line 1258]

Events (10 events):
Event: 415.352 Thread 0x00007f2a5400d000 DEOPT PACKING pc=0x00007f2a4560c384 sp=0x00007f2a5da7dc80
Event: 415.352 Thread 0x00007f2a5400d000 DEOPT UNPACKING pc=0x00007f2a4504741a sp=0x00007f2a5da7d9f0 mode 1
Event: 415.352 Thread 0x00007f2a5400d000 DEOPT PACKING pc=0x00007f2a4560c384 sp=0x00007f2a5da7dc80
Event: 415.352 Thread 0x00007f2a5400d000 DEOPT UNPACKING pc=0x00007f2a4504741a sp=0x00007f2a5da7d9f0 mode 1
Event: 415.352 Thread 0x00007f2a5400d000 DEOPT PACKING pc=0x00007f2a4560c384 sp=0x00007f2a5da7dc80
Event: 415.352 Thread 0x00007f2a5400d000 DEOPT UNPACKING pc=0x00007f2a4504741a sp=0x00007f2a5da7d9f0 mode 1
Event: 415.352 Thread 0x00007f2a5400d000 DEOPT PACKING pc=0x00007f2a45feff0c sp=0x00007f2a5da7dc20
Event: 415.352 Thread 0x00007f2a5400d000 DEOPT UNPACKING pc=0x00007f2a4504741a sp=0x00007f2a5da7d9e8 mode 1
Event: 415.352 Thread 0x00007f2a5400d000 DEOPT PACKING pc=0x00007f2a45feff0c sp=0x00007f2a5da7dc20
Event: 415.352 Thread 0x00007f2a5400d000 DEOPT UNPACKING pc=0x00007f2a4504741a sp=0x00007f2a5da7d9e8 mode 1


Dynamic libraries:
00400000-00401000 r-xp 00000000 08:06 19938758                           /usr/lib/jvm/jdk1.8.0_20/bin/java
00600000-00601000 rw-p 00000000 08:06 19938758                           /usr/lib/jvm/jdk1.8.0_20/bin/java
02221000-02263000 rw-p 00000000 00:00 0                                  [heap]
6c6a00000-6d1280000 rw-p 00000000 00:00 0 
6d1280000-76ce00000 ---p 00000000 00:00 0 
76ce00000-780000000 rw-p 00000000 00:00 0 
780000000-7c0000000 ---p 00000000 00:00 0 
7c0000000-7c0800000 rw-p 00000000 00:00 0 
7c0800000-800000000 ---p 00000000 00:00 0 
7f2938000000-7f29385cb000 rw-p 00000000 00:00 0 
7f29385cb000-7f293c000000 ---p 00000000 00:00 0 
7f293c000000-7f293c337000 rw-p 00000000 00:00 0 
7f293c337000-7f2940000000 ---p 00000000 00:00 0 
7f2940000000-7f294027a000 rw-p 00000000 00:00 0 
7f294027a000-7f2944000000 ---p 00000000 00:00 0 
7f2944000000-7f294411f000 rw-p 00000000 00:00 0 
7f294411f000-7f2948000000 ---p 00000000 00:00 0 
7f2948000000-7f2948021000 rw-p 00000000 00:00 0 
7f2948021000-7f294c000000 ---p 00000000 00:00 0 
7f294c000000-7f294c02a000 rw-p 00000000 00:00 0 
7f294c02a000-7f2950000000 ---p 00000000 00:00 0 
7f2950000000-7f2950021000 rw-p 00000000 00:00 0 
7f2950021000-7f2954000000 ---p 00000000 00:00 0 
7f2954000000-7f2954021000 rw-p 00000000 00:00 0 
7f2954021000-7f2958000000 ---p 00000000 00:00 0 
7f2958000000-7f295802f000 rw-p 00000000 00:00 0 
7f295802f000-7f295c000000 ---p 00000000 00:00 0 
7f295c000000-7f295c021000 rw-p 00000000 00:00 0 
7f295c021000-7f2960000000 ---p 00000000 00:00 0 
7f2960000000-7f2960021000 rw-p 00000000 00:00 0 
7f2960021000-7f2964000000 ---p 00000000 00:00 0 
7f2964000000-7f2964021000 rw-p 00000000 00:00 0 
7f2964021000-7f2968000000 ---p 00000000 00:00 0 
7f2968000000-7f2968021000 rw-p 00000000 00:00 0 
7f2968021000-7f296c000000 ---p 00000000 00:00 0 
7f296d5c8000-7f296d5cb000 ---p 00000000 00:00 0 
7f296d5cb000-7f296d6c9000 rw-p 00000000 00:00 0 
7f296d6c9000-7f296d6cc000 ---p 00000000 00:00 0 
7f296d6cc000-7f296d8ca000 rw-p 00000000 00:00 0 
7f296d8ca000-7f296d9ca000 ---p 00000000 00:00 0 
7f296d9ca000-7f296d9cd000 ---p 00000000 00:00 0 
7f296d9cd000-7f296dacb000 rw-p 00000000 00:00 0                          [stack:6498]
7f296dacb000-7f296dace000 ---p 00000000 00:00 0 
7f296dace000-7f296ddcc000 rw-p 00000000 00:00 0                          [stack:6468]
7f296ddcc000-7f296ddcf000 ---p 00000000 00:00 0 
7f296ddcf000-7f296e0cd000 rw-p 00000000 00:00 0 
7f296e0cd000-7f296e0d0000 ---p 00000000 00:00 0 
7f296e0d0000-7f296e3ce000 rw-p 00000000 00:00 0                          [stack:6585]
7f296e3ce000-7f296e3d1000 ---p 00000000 00:00 0 
7f296e3d1000-7f296e4cf000 rw-p 00000000 00:00 0 
7f296e4cf000-7f296e4d2000 ---p 00000000 00:00 0 
7f296e4d2000-7f296e5d0000 rw-p 00000000 00:00 0                          [stack:6462]
7f296e5d0000-7f296e5d3000 ---p 00000000 00:00 0 
7f296e5d3000-7f296e6d1000 rw-p 00000000 00:00 0                          [stack:6461]
7f296e6d1000-7f296e6d4000 ---p 00000000 00:00 0 
7f296e6d4000-7f296e7d2000 rw-p 00000000 00:00 0 
7f296e7d2000-7f296e7e9000 r-xp 00000000 08:06 15602148                   /lib/x86_64-linux-gnu/libresolv-2.19.so
7f296e7e9000-7f296e9e9000 ---p 00017000 08:06 15602148                   /lib/x86_64-linux-gnu/libresolv-2.19.so
7f296e9e9000-7f296e9ea000 r--p 00017000 08:06 15602148                   /lib/x86_64-linux-gnu/libresolv-2.19.so
7f296e9ea000-7f296e9eb000 rw-p 00018000 08:06 15602148                   /lib/x86_64-linux-gnu/libresolv-2.19.so
7f296e9eb000-7f296e9ed000 rw-p 00000000 00:00 0 
7f296e9ed000-7f296e9f2000 r-xp 00000000 08:06 15602324                   /lib/x86_64-linux-gnu/libnss_dns-2.19.so
7f296e9f2000-7f296ebf1000 ---p 00005000 08:06 15602324                   /lib/x86_64-linux-gnu/libnss_dns-2.19.so
7f296ebf1000-7f296ebf2000 r--p 00004000 08:06 15602324                   /lib/x86_64-linux-gnu/libnss_dns-2.19.so
7f296ebf2000-7f296ebf3000 rw-p 00005000 08:06 15602324                   /lib/x86_64-linux-gnu/libnss_dns-2.19.so
7f296ebf3000-7f296ebf5000 r-xp 00000000 08:06 15601607                   /lib/x86_64-linux-gnu/libnss_mdns4_minimal.so.2
7f296ebf5000-7f296edf4000 ---p 00002000 08:06 15601607                   /lib/x86_64-linux-gnu/libnss_mdns4_minimal.so.2
7f296edf4000-7f296edf5000 r--p 00001000 08:06 15601607                   /lib/x86_64-linux-gnu/libnss_mdns4_minimal.so.2
7f296edf5000-7f296edf6000 rw-p 00002000 08:06 15601607                   /lib/x86_64-linux-gnu/libnss_mdns4_minimal.so.2
7f296edf6000-7f296eff6000 rw-p 00000000 00:00 0 
7f296eff6000-7f296eff9000 ---p 00000000 00:00 0 
7f296eff9000-7f296f0f7000 rw-p 00000000 00:00 0                          [stack:6455]
7f296f0f7000-7f296f0fa000 ---p 00000000 00:00 0 
7f296f0fa000-7f296f1f8000 rw-p 00000000 00:00 0                          [stack:6454]
7f296f1f8000-7f296f1fb000 ---p 00000000 00:00 0 
7f296f1fb000-7f296f2f9000 rw-p 00000000 00:00 0                          [stack:6453]
7f296f2f9000-7f296f2fc000 ---p 00000000 00:00 0 
7f296f2fc000-7f296f5fa000 rw-p 00000000 00:00 0                          [stack:6452]
7f296f5fa000-7f296f5fd000 ---p 00000000 00:00 0 
7f296f5fd000-7f296f8fb000 rw-p 00000000 00:00 0 
7f296f8fb000-7f296f8fe000 ---p 00000000 00:00 0 
7f296f8fe000-7f296f9fc000 rw-p 00000000 00:00 0 
7f296f9fc000-7f296f9ff000 ---p 00000000 00:00 0 
7f296f9ff000-7f296fafd000 rw-p 00000000 00:00 0 
7f296fafd000-7f296fb00000 ---p 00000000 00:00 0 
7f296fb00000-7f296fdfe000 rw-p 00000000 00:00 0 
7f296fdfe000-7f296fe01000 ---p 00000000 00:00 0 
7f296fe01000-7f296feff000 rw-p 00000000 00:00 0 
7f296feff000-7f296ff02000 ---p 00000000 00:00 0 
7f296ff02000-7f2970000000 rw-p 00000000 00:00 0 
7f2970000000-7f2970092000 rw-p 00000000 00:00 0 
7f2970092000-7f2974000000 ---p 00000000 00:00 0 
7f2974000000-7f2974021000 rw-p 00000000 00:00 0 
7f2974021000-7f2978000000 ---p 00000000 00:00 0 
7f2978000000-7f2978021000 rw-p 00000000 00:00 0 
7f2978021000-7f297c000000 ---p 00000000 00:00 0 
7f297c000000-7f297c021000 rw-p 00000000 00:00 0 
7f297c021000-7f2980000000 ---p 00000000 00:00 0 
7f2980000000-7f29800e7000 rw-p 00000000 00:00 0 
7f29800e7000-7f2984000000 ---p 00000000 00:00 0 
7f2984000000-7f2984021000 rw-p 00000000 00:00 0 
7f2984021000-7f2988000000 ---p 00000000 00:00 0 
7f2988000000-7f2988021000 rw-p 00000000 00:00 0 
7f2988021000-7f298c000000 ---p 00000000 00:00 0 
7f298c000000-7f298c021000 rw-p 00000000 00:00 0 
7f298c021000-7f2990000000 ---p 00000000 00:00 0 
7f2990000000-7f299009e000 rw-p 00000000 00:00 0 
7f299009e000-7f2994000000 ---p 00000000 00:00 0 
7f2994000000-7f299501c000 rw-p 00000000 00:00 0 
7f299501c000-7f2998000000 ---p 00000000 00:00 0 
7f2998000000-7f2998021000 rw-p 00000000 00:00 0 
7f2998021000-7f299c000000 ---p 00000000 00:00 0 
7f299c000000-7f299c026000 rw-p 00000000 00:00 0 
7f299c026000-7f29a0000000 ---p 00000000 00:00 0 
7f29a0000000-7f29a0021000 rw-p 00000000 00:00 0 
7f29a0021000-7f29a4000000 ---p 00000000 00:00 0 
7f29a4000000-7f29a4021000 rw-p 00000000 00:00 0 
7f29a4021000-7f29a8000000 ---p 00000000 00:00 0 
7f29a8000000-7f29a8021000 rw-p 00000000 00:00 0 
7f29a8021000-7f29ac000000 ---p 00000000 00:00 0 
7f29ac000000-7f29ac05d000 rw-p 00000000 00:00 0 
7f29ac05d000-7f29b0000000 ---p 00000000 00:00 0 
7f29b0000000-7f29b0021000 rw-p 00000000 00:00 0 
7f29b0021000-7f29b4000000 ---p 00000000 00:00 0 
7f29b4000000-7f29b4021000 rw-p 00000000 00:00 0 
7f29b4021000-7f29b8000000 ---p 00000000 00:00 0 
7f29b8000000-7f29b80bd000 rw-p 00000000 00:00 0 
7f29b80bd000-7f29bc000000 ---p 00000000 00:00 0 
7f29bc000000-7f29bc021000 rw-p 00000000 00:00 0 
7f29bc021000-7f29c0000000 ---p 00000000 00:00 0 
7f29c0000000-7f29c0021000 rw-p 00000000 00:00 0 
7f29c0021000-7f29c4000000 ---p 00000000 00:00 0 
7f29c4000000-7f29c4021000 rw-p 00000000 00:00 0 
7f29c4021000-7f29c8000000 ---p 00000000 00:00 0 
7f29c80b3000-7f29c80b6000 ---p 00000000 00:00 0 
7f29c80b6000-7f29c81b4000 rw-p 00000000 00:00 0 
7f29c81b4000-7f29c81b7000 ---p 00000000 00:00 0 
7f29c81b7000-7f29c82b5000 rw-p 00000000 00:00 0 
7f29c82b5000-7f29c82b8000 ---p 00000000 00:00 0 
7f29c82b8000-7f29c83b6000 rw-p 00000000 00:00 0 
7f29c83b6000-7f29c83b9000 ---p 00000000 00:00 0 
7f29c83b9000-7f29c84b7000 rw-p 00000000 00:00 0 
7f29c8546000-7f29c8549000 ---p 00000000 00:00 0 
7f29c8549000-7f29c8647000 rw-p 00000000 00:00 0 
7f29c8647000-7f29c864a000 ---p 00000000 00:00 0 
7f29c864a000-7f29c8748000 rw-p 00000000 00:00 0 
7f29c8748000-7f29c874b000 ---p 00000000 00:00 0 
7f29c874b000-7f29c8a49000 rw-p 00000000 00:00 0 
7f29c8a49000-7f29c8c49000 rw-p 00000000 00:00 0 
7f29c8c49000-7f29c8c50000 r--s 00000000 08:06 15863595                   /usr/lib/x86_64-linux-gnu/gconv/gconv-modules.cache
7f29c8d5e000-7f29c8f5e000 rw-p 00000000 00:00 0 
7f29c8f5e000-7f29c915e000 rw-p 00000000 00:00 0 
7f29c915e000-7f29c935e000 rw-p 00000000 00:00 0 
7f29c935e000-7f29c9361000 ---p 00000000 00:00 0 
7f29c9361000-7f29c965f000 rw-p 00000000 00:00 0 
7f29c965f000-7f29c985f000 rw-p 00000000 00:00 0 
7f29c985f000-7f29c9861000 r--s 00003000 08:06 659381                     /usr/local/development/dev-7-7/Ignition/IgnitionWebApp/src/main/home/temp/sfc-gateway-api2453340736198442460.jar
7f29c9861000-7f29c9864000 r--s 00019000 08:06 659380                     /usr/local/development/dev-7-7/Ignition/IgnitionWebApp/src/main/home/temp/sfc-gateway8600960916633121469.jar
7f29c9864000-7f29c9867000 r--s 00016000 08:06 659379                     /usr/local/development/dev-7-7/Ignition/IgnitionWebApp/src/main/home/temp/sfc-common7588379281509629451.jar
7f29c9867000-7f29c986b000 r--s 000be000 08:06 658865                     /usr/local/development/dev-7-7/Ignition/IgnitionWebApp/src/main/home/temp/vis-gateway1364127044764050306.jar
7f29c986b000-7f29c9873000 r--s 0009e000 08:06 657830                     /usr/local/development/dev-7-7/Ignition/IgnitionWebApp/src/main/home/temp/secsgem-gateway3780235651706040741.jar
7f29c9873000-7f29c9a73000 rw-p 00000000 00:00 0 
7f29c9c75000-7f29c9c78000 ---p 00000000 00:00 0 
7f29c9c78000-7f29c9d76000 rw-p 00000000 00:00 0 
7f29c9d76000-7f29c9d79000 ---p 00000000 00:00 0 
7f29c9d79000-7f29c9e77000 rw-p 00000000 00:00 0 
7f29c9e77000-7f29c9e7a000 ---p 00000000 00:00 0 
7f29c9e7a000-7f29ca178000 rw-p 00000000 00:00 0 
7f29ca178000-7f29ca18b000 r--s 00345000 08:06 20582253                   /usr/lib/jvm/jdk1.8.0_20/jre/lib/resources.jar
7f29ca18b000-7f29ca18e000 ---p 00000000 00:00 0 
7f29ca18e000-7f29ca48d000 rw-p 00000000 00:00 0 
7f29ca48d000-7f29ca48e000 r--s 00002000 08:06 658870                     /usr/local/development/dev-7-7/Ignition/IgnitionWebApp/src/main/home/temp/vis-common3844547971409243815.jar
7f29ca48e000-7f29ca48f000 r--s 00004000 08:06 658859                     /usr/local/development/dev-7-7/Ignition/IgnitionWebApp/src/main/home/temp/secsgem-shared5201542275301479640.jar
7f29ca48f000-7f29ca490000 r--s 00000000 08:06 2365020                    /usr/local/development/dev-7-7/Ignition/IgnitionWebApp/target/ignition-webapp-7.7/WEB-INF/lib/xopc-common-2.7.2-20141104.213412-19.jar
7f29ca490000-7f29ca4a8000 r--s 000f7000 08:06 2365016                    /usr/local/development/dev-7-7/Ignition/IgnitionWebApp/target/ignition-webapp-7.7/WEB-INF/lib/xopc-2.7.2-20141104.213433-19.jar
7f29ca4a8000-7f29ca4b5000 r--s 000a0000 08:06 2365222                    /usr/local/development/dev-7-7/Ignition/IgnitionWebApp/target/ignition-webapp-7.7/WEB-INF/lib/winpack-3.8.3.jar
7f29ca4b5000-7f29ca4bf000 r--s 0005c000 08:06 2364945                    /usr/local/development/dev-7-7/Ignition/IgnitionWebApp/target/ignition-webapp-7.7/WEB-INF/lib/wicket-util-6.1.1.jar
7f29ca4bf000-7f29ca4c2000 r--s 00012000 08:06 2364946                    /usr/local/development/dev-7-7/Ignition/IgnitionWebApp/target/ignition-webapp-7.7/WEB-INF/lib/wicket-request-6.1.1.jar
7f29ca4c2000-7f29ca4d4000 r--s 00138000 08:06 2364948                    /usr/local/development/dev-7-7/Ignition/IgnitionWebApp/target/ignition-webapp-7.7/WEB-INF/lib/wicket-extensions-6.1.1.jar
7f29ca4d4000-7f29ca4d7000 r--s 00038000 08:06 2364947                    /usr/local/development/dev-7-7/Ignition/IgnitionWebApp/target/ignition-webapp-7.7/WEB-INF/lib/wicket-datetime-6.1.1.jar
7f29ca4d7000-7f29ca4fa000 r--s 001a3000 08:06 2364944                    /usr/local/development/dev-7-7/Ignition/IgnitionWebApp/target/ignition-webapp-7.7/WEB-INF/lib/wicket-core-6.1.1.jar
7f29ca4fa000-7f29ca4fc000 r--s 0012e000 08:06 2365207                    /usr/local/development/dev-7-7/Ignition/IgnitionWebApp/target/ignition-webapp-7.7/WEB-INF/lib/voice-cmu-slt-hsmm-5.0.jar
7f29ca4fc000-7f29ca4fd000 r--s 00006000 08:06 2365022                    /usr/local/development/dev-7-7/Ignition/IgnitionWebApp/target/ignition-webapp-7.7/WEB-INF/lib/user-manual-module-1.7.0-20131026.004611-6.jar
7f29ca4fd000-7f29ca4fe000 r--s 00268000 08:06 2365208                    /usr/local/development/dev-7-7/Ignition/IgnitionWebApp/target/ignition-webapp-7.7/WEB-INF/lib/ttsengine-ivona-2.7.2-20141104.214148-19.jar
7f29ca4fe000-7f29ca501000 r--s 00017000 08:06 2365002                    /usr/local/development/dev-7-7/Ignition/IgnitionWebApp/target/ignition-webapp-7.7/WEB-INF/lib/timingframework-1.0.jar
7f29ca501000-7f29ca503000 r--s 00001000 08:06 2364734                    /usr/local/development/dev-7-7/Ignition/IgnitionWebApp/target/ignition-webapp-7.7/WEB-INF/lib/slf4j-log4j12-1.7.5.jar
7f29ca503000-7f29ca505000 r--s 00005000 08:06 2364733                    /usr/local/development/dev-7-7/Ignition/IgnitionWebApp/target/ignition-webapp-7.7/WEB-INF/lib/slf4j-api-1.7.5.jar
7f29ca505000-7f29ca50f000 r--s 00061000 08:06 2365204                    /usr/local/development/dev-7-7/Ignition/IgnitionWebApp/target/ignition-webapp-7.7/WEB-INF/lib/sip-notification-2.7.2-20141104.214142-19.jar
7f29ca50f000-7f29ca512000 r--s 0001f000 08:06 4198523                    /usr/local/development/dev-7-7/Ignition/IgnitionWebApp/target/ignition-webapp-7.7/WEB-INF/lib/simple-orm-7.7.2-SNAPSHOT.jar
7f29ca512000-7f29ca514000 r--s 00003000 08:06 2365213                    /usr/local/development/dev-7-7/Ignition/IgnitionWebApp/target/ignition-webapp-7.7/WEB-INF/lib/sfc-gateway-api-1.7.1-SNAPSHOT.jar
7f29ca514000-7f29ca517000 r--s 00019000 08:06 2365212                    /usr/local/development/dev-7-7/Ignition/IgnitionWebApp/target/ignition-webapp-7.7/WEB-INF/lib/sfc-gateway-1.7.1-SNAPSHOT.jar
7f29ca517000-7f29ca51a000 r--s 00016000 08:06 2365214                    /usr/local/development/dev-7-7/Ignition/IgnitionWebApp/target/ignition-webapp-7.7/WEB-INF/lib/sfc-common-1.7.1-SNAPSHOT.jar
7f29ca51a000-7f29ca51c000 r--s 0000f000 08:06 2365217                    /usr/local/development/dev-7-7/Ignition/IgnitionWebApp/target/ignition-webapp-7.7/WEB-INF/lib/serialio-8.7.0.jar
7f29ca51c000-7f29ca51e000 r--s 00028000 08:06 2365215                    /usr/local/development/dev-7-7/Ignition/IgnitionWebApp/target/ignition-webapp-7.7/WEB-INF/lib/serial-support-gateway-2.7.2-20141104.214033-19.jar
7f29ca51e000-7f29ca520000 r--s 00002000 08:06 2365216                    /usr/local/development/dev-7-7/Ignition/IgnitionWebApp/target/ignition-webapp-7.7/WEB-INF/lib/serial-support-common-2.7.2-20141104.214027-19.jar
7f29ca520000-7f29ca525000 r--s 0003e000 08:06 2364955                    /usr/local/development/dev-7-7/Ignition/IgnitionWebApp/target/ignition-webapp-7.7/WEB-INF/lib/saaj-impl-1.3.jar
7f29ca525000-7f29ca527000 r--s 00003000 08:06 2364956                    /usr/local/development/dev-7-7/Ignition/IgnitionWebApp/target/ignition-webapp-7.7/WEB-INF/lib/saaj-api-1.3.jar
7f29ca527000-7f29ca531000 r--s 0005c000 08:06 2365219                    /usr/local/development/dev-7-7/Ignition/IgnitionWebApp/target/ignition-webapp-7.7/WEB-INF/lib/opccom-gateway-2.7.2-20141104.213642-1.jar
7f29ca531000-7f29ca532000 r--s 00001000 08:06 2365218                    /usr/local/development/dev-7-7/Ignition/IgnitionWebApp/target/ignition-webapp-7.7/WEB-INF/lib/opccom-common-2.7.2-20141104.213635-1.jar
7f29ca532000-7f29ca537000 r--s 00086000 08:06 2365210                    /usr/local/development/dev-7-7/Ignition/IgnitionWebApp/target/ignition-webapp-7.7/WEB-INF/lib/mobile-gateway-2.7.2-20141104.213623-19.jar
7f29ca537000-7f29ca539000 r--s 00002000 08:06 2365211                    /usr/local/development/dev-7-7/Ignition/IgnitionWebApp/target/ignition-webapp-7.7/WEB-INF/lib/mobile-common-2.7.2-20141104.213605-19.jar
7f29ca539000-7f29ca53a000 r--s 00003000 08:06 2365006                    /usr/local/development/dev-7-7/Ignition/IgnitionWebApp/target/ignition-webapp-7.7/WEB-INF/lib/miglayout-swing-4.2.jar
7f29ca53a000-7f29ca53c000 r--s 0000f000 08:06 2365007                    /usr/local/development/dev-7-7/Ignition/IgnitionWebApp/target/ignition-webapp-7.7/WEB-INF/lib/miglayout-core-4.2.jar
7f29ca53c000-7f29ca53f000 r--s 00012000 08:06 2364935                    /usr/local/development/dev-7-7/Ignition/IgnitionWebApp/target/ignition-webapp-7.7/WEB-INF/lib/metrics-core-3.0.1.jar
7f29ca53f000-7f29ca5ae000 r--s 007bb000 08:06 2365205                    /usr/local/development/dev-7-7/Ignition/IgnitionWebApp/target/ignition-webapp-7.7/WEB-INF/lib/marytts-server-5.0.jar
7f29ca5ae000-7f29ca5b1000 r--s 0069c000 08:06 2365206                    /usr/local/development/dev-7-7/Ignition/IgnitionWebApp/target/ignition-webapp-7.7/WEB-INF/lib/marytts-lang-en-5.0.jar
7f29ca5b1000-7f29ca5b9000 r--s 00075000 08:06 2364951                    /usr/local/development/dev-7-7/Ignition/IgnitionWebApp/target/ignition-webapp-7.7/WEB-INF/lib/mail-1.4.5.jar
7f29ca5b9000-7f29ca5c0000 r--s 00059000 08:06 2364732                    /usr/local/development/dev-7-7/Ignition/IgnitionWebApp/target/ignition-webapp-7.7/WEB-INF/lib/log4j-1.2.15.jar
7f29ca5c0000-7f29ca65d000 r--s 0082e000 08:06 2364728                    /usr/local/development/dev-7-7/Ignition/IgnitionWebApp/target/ignition-webapp-7.7/WEB-INF/lib/jython-2.5.3-guava-upgrade.jar
7f29ca65d000-7f29ca65e000 r--s 00001000 08:06 2364765                    /usr/local/development/dev-7-7/Ignition/IgnitionWebApp/target/ignition-webapp-7.7/WEB-INF/lib/jul-to-slf4j-1.7.5.jar
7f29ca65e000-7f29ca664000 r--s 00036000 08:06 2364949                    /usr/local/development/dev-7-7/Ignition/IgnitionWebApp/target/ignition-webapp-7.7/WEB-INF/lib/jquery-ui-core-6.1.0.jar
7f29ca664000-7f29ca673000 r--s 0007c000 08:06 2364936                    /usr/local/development/dev-7-7/Ignition/IgnitionWebApp/target/ignition-webapp-7.7/WEB-INF/lib/joda-time-2.0.jar
7f29ca673000-7f29ca677000 r--s 00037000 08:06 2365221                    /usr/local/development/dev-7-7/Ignition/IgnitionWebApp/target/ignition-webapp-7.7/WEB-INF/lib/jniwrap-3.8.3.jar
7f29ca677000-7f29ca679000 r--s 00011000 08:06 2365015                    /usr/local/development/dev-7-7/Ignition/IgnitionWebApp/target/ignition-webapp-7.7/WEB-INF/lib/jide-shortcut-3.5.13.jar
7f29ca679000-7f29ca67d000 r--s 00022000 08:06 2365010                    /usr/local/development/dev-7-7/Ignition/IgnitionWebApp/target/ignition-webapp-7.7/WEB-INF/lib/jide-plaf-3.5.13.jar
7f29ca67d000-7f29ca6a3000 r--s 001da000 08:06 2365009                    /usr/local/development/dev-7-7/Ignition/IgnitionWebApp/target/ignition-webapp-7.7/WEB-INF/lib/jide-grids-3.5.13.jar
7f29ca6a3000-7f29ca6ad000 r--s 00061000 08:06 2365014                    /usr/local/development/dev-7-7/Ignition/IgnitionWebApp/target/ignition-webapp-7.7/WEB-INF/lib/jide-editor-3.5.13.jar
7f29ca6ad000-7f29ca6b3000 r--s 0004f000 08:06 2365013                    /usr/local/development/dev-7-7/Ignition/IgnitionWebApp/target/ignition-webapp-7.7/WEB-INF/lib/jide-dock-3.5.13.jar
7f29ca6b3000-7f29ca6b5000 r--s 0000c000 08:06 2365012                    /usr/local/development/dev-7-7/Ignition/IgnitionWebApp/target/ignition-webapp-7.7/WEB-INF/lib/jide-dialogs-3.5.13.jar
7f29ca6b5000-7f29ca6bd000 r--s 00055000 08:06 2365008                    /usr/local/development/dev-7-7/Ignition/IgnitionWebApp/target/ignition-webapp-7.7/WEB-INF/lib/jide-components-3.5.13.jar
7f29ca6bd000-7f29ca6da000 r--s 00155000 08:06 2364766                    /usr/local/development/dev-7-7/Ignition/IgnitionWebApp/target/ignition-webapp-7.7/WEB-INF/lib/jide-common-3.5.13.jar
7f29ca6da000-7f29ca6df000 r--s 0002f000 08:06 2365011                    /usr/local/development/dev-7-7/Ignition/IgnitionWebApp/target/ignition-webapp-7.7/WEB-INF/lib/jide-action-3.5.13.jar
7f29ca6df000-7f29ca6f3000 r--s 0017c000 08:06 2365004                    /usr/local/development/dev-7-7/Ignition/IgnitionWebApp/target/ignition-webapp-7.7/WEB-INF/lib/jfreechart-min-1.0.0.jar
7f29ca6f3000-7f29ca6f5000 r--s 00004000 08:06 2364991                    /usr/local/development/dev-7-7/Ignition/IgnitionWebApp/target/ignition-webapp-7.7/WEB-INF/lib/jaxrpc-spi-1.1.3_01.jar
7f29ca6f5000-7f29ca712000 r--s 001ea000 08:06 2364953                    /usr/local/development/dev-7-7/Ignition/IgnitionWebApp/target/ignition-webapp-7.7/WEB-INF/lib/jaxrpc-impl-1.1.3_01.jar
7f29ca712000-7f29ca714000 r--s 00005000 08:06 2364954                    /usr/local/development/dev-7-7/Ignition/IgnitionWebApp/target/ignition-webapp-7.7/WEB-INF/lib/jaxrpc-api-1.1.jar
7f29ca714000-7f29ca716000 r--s 00013000 08:06 2364730                    /usr/local/development/dev-7-7/Ignition/IgnitionWebApp/target/ignition-webapp-7.7/WEB-INF/lib/java-cup-10k.jar
7f29ca716000-7f29ca717000 r--s 00003000 08:06 2365209                    /usr/local/development/dev-7-7/Ignition/IgnitionWebApp/target/ignition-webapp-7.7/WEB-INF/lib/ivonatts-1.0.0.jar
7f29ca717000-7f29ca719000 r--s 00001000 08:06 2365019                    /usr/local/development/dev-7-7/Ignition/IgnitionWebApp/target/ignition-webapp-7.7/WEB-INF/lib/io-session-3.0.0-20130122.214435-9.jar
7f29ca719000-7f29ca724000 r--s 00073000 08:06 2365018                    /usr/local/development/dev-7-7/Ignition/IgnitionWebApp/target/ignition-webapp-7.7/WEB-INF/lib/ia-opcua-2.7.2-20141104.213404-19.jar
7f29ca724000-7f29ca732000 r--s 0014e000 08:06 2364950                    /usr/local/development/dev-7-7/Ignition/IgnitionWebApp/target/ignition-webapp-7.7/WEB-INF/lib/hsqldb-2.2.9.jar
7f29ca732000-7f29ca733000 r--s 00001000 08:06 2365000                    /usr/local/development/dev-7-7/Ignition/IgnitionWebApp/target/ignition-webapp-7.7/WEB-INF/lib/hasp-srm-api-1.0.0.jar
7f29ca733000-7f29ca757000 r--s 001aa000 08:06 2364726                    /usr/local/development/dev-7-7/Ignition/IgnitionWebApp/target/ignition-webapp-7.7/WEB-INF/lib/guava-13.0.1.jar
7f29ca757000-7f29ca77c000 r--s 00155000 08:06 4198538                    /usr/local/development/dev-7-7/Ignition/IgnitionWebApp/target/ignition-webapp-7.7/WEB-INF/lib/gateway-api-7.7.2-SNAPSHOT.jar
7f29ca77c000-7f29ca7b1000 r--s 00273000 08:06 4198524                    /usr/local/development/dev-7-7/Ignition/IgnitionWebApp/target/ignition-webapp-7.7/WEB-INF/lib/gateway-7.7.2-SNAPSHOT.jar
7f29ca7b1000-7f29ca7b5000 r--s 00016000 08:06 2365023                    /usr/local/development/dev-7-7/Ignition/IgnitionWebApp/target/ignition-webapp-7.7/WEB-INF/lib/fsql-common-6.7.2-20141104.213458-19.jar
7f29ca7b5000-7f29ca7bd000 r--s 001ca000 08:06 2365024                    /usr/local/development/dev-7-7/Ignition/IgnitionWebApp/target/ignition-webapp-7.7/WEB-INF/lib/fsql-6.7.2-20141104.213508-19.jar
7f29ca7bd000-7f29ca7c1000 r--s 000be000 08:06 4198129                    /usr/local/development/dev-7-7/Ignition/IgnitionWebApp/target/ignition-webapp-7.7/WEB-INF/lib/fpmi-gateway-7.7.2-SNAPSHOT.jar
7f29ca7c1000-7f29ca7c2000 r--s 00001000 08:06 4198528                    /usr/local/development/dev-7-7/Ignition/IgnitionWebApp/target/ignition-webapp-7.7/WEB-INF/lib/fpmi-common-7.7.2-SNAPSHOT.jar
7f29ca7c2000-7f29ca7c5000 r--s 00013000 08:06 2365003                    /usr/local/development/dev-7-7/Ignition/IgnitionWebApp/target/ignition-webapp-7.7/WEB-INF/lib/forms-1.0.7.jar
7f29ca7c5000-7f29ca7c7000 r--s 00003000 08:06 2365021                    /usr/local/development/dev-7-7/Ignition/IgnitionWebApp/target/ignition-webapp-7.7/WEB-INF/lib/drivers-common-2.7.2-20141104.213438-19.jar
7f29ca7c7000-7f29ca7ce000 r--s 0002f000 08:06 2365017                    /usr/local/development/dev-7-7/Ignition/IgnitionWebApp/target/ignition-webapp-7.7/WEB-INF/lib/driver-api-2.7.2-20141104.213410-19.jar
7f29ca7ce000-7f29ca824000 r--s 00512000 08:06 4198539                    /usr/local/development/dev-7-7/Ignition/IgnitionWebApp/target/ignition-webapp-7.7/WEB-INF/lib/designer-7.7.2-SNAPSHOT.jar
7f29ca824000-7f29ca826000 r--s 00007000 08:06 2364731                    /usr/local/development/dev-7-7/Ignition/IgnitionWebApp/target/ignition-webapp-7.7/WEB-INF/lib/cron4j-2.2.3.jar
7f29ca826000-7f29ca82d000 r--s 00054000 08:06 2364729                    /usr/local/development/dev-7-7/Ignition/IgnitionWebApp/target/ignition-webapp-7.7/WEB-INF/lib/core-1.7.jar
7f29ca82d000-7f29ca830000 r--s 00013000 08:06 2364999                    /usr/local/development/dev-7-7/Ignition/IgnitionWebApp/target/ignition-webapp-7.7/WEB-INF/lib/commons-pool-1.4.jar
7f29ca830000-7f29ca832000 r--s 0000d000 08:06 2364941                    /usr/local/development/dev-7-7/Ignition/IgnitionWebApp/target/ignition-webapp-7.7/WEB-INF/lib/commons-logging-1.1.1.jar
7f29ca832000-7f29ca838000 r--s 00048000 08:06 2364723                    /usr/local/development/dev-7-7/Ignition/IgnitionWebApp/target/ignition-webapp-7.7/WEB-INF/lib/commons-lang3-3.1.jar
7f29ca838000-7f29ca83a000 r--s 0000e000 08:06 2364942                    /usr/local/development/dev-7-7/Ignition/IgnitionWebApp/target/ignition-webapp-7.7/WEB-INF/lib/commons-lang-1.0.jar
7f29ca83a000-7f29ca83d000 r--s 00025000 08:06 2364722                    /usr/local/development/dev-7-7/Ignition/IgnitionWebApp/target/ignition-webapp-7.7/WEB-INF/lib/commons-io-2.1.jar
7f29ca83d000-7f29ca840000 r--s 0000f000 08:06 2364997                    /usr/local/development/dev-7-7/Ignition/IgnitionWebApp/target/ignition-webapp-7.7/WEB-INF/lib/commons-discovery-0.2.jar
7f29ca840000-7f29ca871000 r--s 001ea000 08:06 4198540                    /usr/local/development/dev-7-7/Ignition/IgnitionWebApp/target/ignition-webapp-7.7/WEB-INF/lib/common-7.7.2-SNAPSHOT.jar
7f29ca871000-7f29ca874000 ---p 00000000 00:00 0 
7f29ca874000-7f29cab72000 rw-p 00000000 00:00 0 
7f29cab72000-7f29cab75000 ---p 00000000 00:00 0 
7f29cab75000-7f29cac73000 rw-p 00000000 00:00 0                          [stack:6419]
7f29cac73000-7f29cac76000 ---p 00000000 00:00 0 
7f29cac76000-7f29cad74000 rw-p 00000000 00:00 0                          [stack:6418]
7f29cad74000-7f29cad77000 ---p 00000000 00:00 0 
7f29cad77000-7f29cae75000 rw-p 00000000 00:00 0                          [stack:6417]
7f29cae75000-7f29cae78000 ---p 00000000 00:00 0 
7f29cae78000-7f29caf76000 rw-p 00000000 00:00 0                          [stack:6416]
7f29caf76000-7f29caf79000 ---p 00000000 00:00 0 
7f29caf79000-7f29cb077000 rw-p 00000000 00:00 0                          [stack:6415]
7f29cb077000-7f29cb07a000 ---p 00000000 00:00 0 
7f29cb07a000-7f29cb178000 rw-p 00000000 00:00 0                          [stack:6414]
7f29cb178000-7f29cb17b000 ---p 00000000 00:00 0 
7f29cb17b000-7f29cb279000 rw-p 00000000 00:00 0 
7f29cb279000-7f29cb28f000 r-xp 00000000 08:06 15602357                   /lib/x86_64-linux-gnu/libgcc_s.so.1
7f29cb28f000-7f29cb48e000 ---p 00016000 08:06 15602357                   /lib/x86_64-linux-gnu/libgcc_s.so.1
7f29cb48e000-7f29cb48f000 rw-p 00015000 08:06 15602357                   /lib/x86_64-linux-gnu/libgcc_s.so.1
7f29cb48f000-7f29cb4c1000 r-xp 00000000 08:06 20582265                   /usr/lib/jvm/jdk1.8.0_20/jre/lib/amd64/libsunec.so
7f29cb4c1000-7f29cb6c0000 ---p 00032000 08:06 20582265                   /usr/lib/jvm/jdk1.8.0_20/jre/lib/amd64/libsunec.so
7f29cb6c0000-7f29cb6c6000 rw-p 00031000 08:06 20582265                   /usr/lib/jvm/jdk1.8.0_20/jre/lib/amd64/libsunec.so
7f29cb6c6000-7f29cb8d6000 rw-p 00000000 00:00 0 
7f29cb8d6000-7f29cb8d9000 ---p 00000000 00:00 0 
7f29cb8d9000-7f29cb9d7000 rw-p 00000000 00:00 0                          [stack:6412]
7f29cb9d7000-7f29cb9dc000 r-xp 00000000 08:06 15211194                   /usr/lib/x86_64-linux-gnu/libXdmcp.so.6.0.0
7f29cb9dc000-7f29cbbdb000 ---p 00005000 08:06 15211194                   /usr/lib/x86_64-linux-gnu/libXdmcp.so.6.0.0
7f29cbbdb000-7f29cbbdc000 r--p 00004000 08:06 15211194                   /usr/lib/x86_64-linux-gnu/libXdmcp.so.6.0.0
7f29cbbdc000-7f29cbbdd000 rw-p 00005000 08:06 15211194                   /usr/lib/x86_64-linux-gnu/libXdmcp.so.6.0.0
7f29cbbdd000-7f29cbbdf000 r-xp 00000000 08:06 15211183                   /usr/lib/x86_64-linux-gnu/libXau.so.6.0.0
7f29cbbdf000-7f29cbddf000 ---p 00002000 08:06 15211183                   /usr/lib/x86_64-linux-gnu/libXau.so.6.0.0
7f29cbddf000-7f29cbde0000 r--p 00002000 08:06 15211183                   /usr/lib/x86_64-linux-gnu/libXau.so.6.0.0
7f29cbde0000-7f29cbde1000 rw-p 00003000 08:06 15211183                   /usr/lib/x86_64-linux-gnu/libXau.so.6.0.0
7f29cbde1000-7f29cbdfe000 r-xp 00000000 08:06 15212358                   /usr/lib/x86_64-linux-gnu/libxcb.so.1.1.0
7f29cbdfe000-7f29cbffe000 ---p 0001d000 08:06 15212358                   /usr/lib/x86_64-linux-gnu/libxcb.so.1.1.0
7f29cbffe000-7f29cbfff000 r--p 0001d000 08:06 15212358                   /usr/lib/x86_64-linux-gnu/libxcb.so.1.1.0
7f29cbfff000-7f29cc000000 rw-p 0001e000 08:06 15212358                   /usr/lib/x86_64-linux-gnu/libxcb.so.1.1.0
7f29cc000000-7f29cc021000 rw-p 00000000 00:00 0 
7f29cc021000-7f29d0000000 ---p 00000000 00:00 0 
7f29d0000000-7f29d052b000 rw-p 00000000 00:00 0 
7f29d052b000-7f29d4000000 ---p 00000000 00:00 0 
7f29d4000000-7f29d4021000 rw-p 00000000 00:00 0 
7f29d4021000-7f29d8000000 ---p 00000000 00:00 0 
7f29d8000000-7f29d8047000 rw-p 00000000 00:00 0 
7f29d8047000-7f29dc000000 ---p 00000000 00:00 0 
7f29dc000000-7f29dc021000 rw-p 00000000 00:00 0 
7f29dc021000-7f29e0000000 ---p 00000000 00:00 0 
7f29e0000000-7f29e0021000 rw-p 00000000 00:00 0 
7f29e0021000-7f29e4000000 ---p 00000000 00:00 0 
7f29e4000000-7f29e4021000 rw-p 00000000 00:00 0 
7f29e4021000-7f29e8000000 ---p 00000000 00:00 0 
7f29e8000000-7f29e8021000 rw-p 00000000 00:00 0 
7f29e8021000-7f29ec000000 ---p 00000000 00:00 0 
7f29ec000000-7f29ecaae000 rw-p 00000000 00:00 0 
7f29ecaae000-7f29f0000000 ---p 00000000 00:00 0 
7f29f0000000-7f29f1eec000 rw-p 00000000 00:00 0 
7f29f1eec000-7f29f4000000 ---p 00000000 00:00 0 
7f29f4000000-7f29f61e0000 rw-p 00000000 00:00 0 
7f29f61e0000-7f29f8000000 ---p 00000000 00:00 0 
7f29f8000000-7f29f9a56000 rw-p 00000000 00:00 0 
7f29f9a56000-7f29fc000000 ---p 00000000 00:00 0 
7f29fc000000-7f29fc105000 rw-p 00000000 00:00 0 
7f29fc105000-7f2a00000000 ---p 00000000 00:00 0 
7f2a00000000-7f2a00021000 rw-p 00000000 00:00 0 
7f2a00021000-7f2a04000000 ---p 00000000 00:00 0 
7f2a04000000-7f2a04021000 rw-p 00000000 00:00 0 
7f2a04021000-7f2a08000000 ---p 00000000 00:00 0 
7f2a08000000-7f2a08021000 rw-p 00000000 00:00 0 
7f2a08021000-7f2a0c000000 ---p 00000000 00:00 0 
7f2a0c000000-7f2a0c021000 rw-p 00000000 00:00 0 
7f2a0c021000-7f2a10000000 ---p 00000000 00:00 0 
7f2a10000000-7f2a10021000 rw-p 00000000 00:00 0 
7f2a10021000-7f2a14000000 ---p 00000000 00:00 0 
7f2a14000000-7f2a1413a000 rw-p 00000000 00:00 0 
7f2a1413a000-7f2a18000000 ---p 00000000 00:00 0 
7f2a18000000-7f2a18002000 r--s 0001c000 08:06 2364998                    /usr/local/development/dev-7-7/Ignition/IgnitionWebApp/target/ignition-webapp-7.7/WEB-INF/lib/commons-dbcp-1.2.2.jar
7f2a18002000-7f2a18004000 r--s 00006000 08:06 2364940                    /usr/local/development/dev-7-7/Ignition/IgnitionWebApp/target/ignition-webapp-7.7/WEB-INF/lib/commons-cli-1.0.jar
7f2a18004000-7f2a18011000 r--s 00084000 08:06 2365220                    /usr/local/development/dev-7-7/Ignition/IgnitionWebApp/target/ignition-webapp-7.7/WEB-INF/lib/comfyj-2.9.jar
7f2a18011000-7f2a18016000 r--s 00030000 08:06 4198529                    /usr/local/development/dev-7-7/Ignition/IgnitionWebApp/target/ignition-webapp-7.7/WEB-INF/lib/client-bootstrap-7.7.2-SNAPSHOT.jar
7f2a18016000-7f2a1803c000 r--s 001be000 08:06 4198525                    /usr/local/development/dev-7-7/Ignition/IgnitionWebApp/target/ignition-webapp-7.7/WEB-INF/lib/client-api-7.7.2-SNAPSHOT.jar
7f2a1803c000-7f2a1803d000 r--s 00004000 08:06 4198527                    /usr/local/development/dev-7-7/Ignition/IgnitionWebApp/target/ignition-webapp-7.7/WEB-INF/lib/bootstrap-7.7.2-SNAPSHOT-classes.jar
7f2a1803d000-7f2a18065000 r--s 00196000 08:06 2364727                    /usr/local/development/dev-7-7/Ignition/IgnitionWebApp/target/ignition-webapp-7.7/WEB-INF/lib/bcprov-jdk16-unsigned-1.46-unsigned.jar
7f2a18065000-7f2a1806a000 r--s 0003e000 08:06 2364938                    /usr/local/development/dev-7-7/Ignition/IgnitionWebApp/target/ignition-webapp-7.7/WEB-INF/lib/barcode4j-2.1.jar
7f2a1806a000-7f2a1806d000 r--s 0001c000 08:06 2364996                    /usr/local/development/dev-7-7/Ignition/IgnitionWebApp/target/ignition-webapp-7.7/WEB-INF/lib/axis-wsdl4j-1.5.1.jar
7f2a1806d000-7f2a1806f000 r--s 00006000 08:06 2364994                    /usr/local/development/dev-7-7/Ignition/IgnitionWebApp/target/ignition-webapp-7.7/WEB-INF/lib/axis-jaxrpc-1.4.jar
7f2a1806f000-7f2a18083000 r--s 00173000 08:06 2364993                    /usr/local/development/dev-7-7/Ignition/IgnitionWebApp/target/ignition-webapp-7.7/WEB-INF/lib/axis-1.4.jar
7f2a18083000-7f2a18085000 r--s 0000d000 08:06 2364939                    /usr/local/development/dev-7-7/Ignition/IgnitionWebApp/target/ignition-webapp-7.7/WEB-INF/lib/avalon-framework-impl-4.2.0.jar
7f2a18085000-7f2a1808d000 r--s 00049000 08:06 2365005                    /usr/local/development/dev-7-7/Ignition/IgnitionWebApp/target/ignition-webapp-7.7/WEB-INF/lib/alloy-1.4.4.ia1.jar
7f2a1808d000-7f2a1808f000 r--s 00003000 08:06 2365026                    /usr/local/development/dev-7-7/Ignition/IgnitionWebApp/target/ignition-webapp-7.7/WEB-INF/lib/alarm-notification-gateway-api-2.7.2-20141104.214105-19.jar
7f2a1808f000-7f2a18095000 r--s 00032000 08:06 2365025                    /usr/local/development/dev-7-7/Ignition/IgnitionWebApp/target/ignition-webapp-7.7/WEB-INF/lib/alarm-notification-gateway-2.7.2-20141104.214111-19.jar
7f2a18095000-7f2a1809f000 r--s 00036000 08:06 2365203                    /usr/local/development/dev-7-7/Ignition/IgnitionWebApp/target/ignition-webapp-7.7/WEB-INF/lib/airlink-sms-notification-2.7.2-20141104.214125-19.jar
7f2a1809f000-7f2a180ae000 r-xp 00000000 08:06 15211204                   /usr/lib/x86_64-linux-gnu/libXi.so.6.1.0
7f2a180ae000-7f2a182ad000 ---p 0000f000 08:06 15211204                   /usr/lib/x86_64-linux-gnu/libXi.so.6.1.0
7f2a182ad000-7f2a182ae000 r--p 0000e000 08:06 15211204                   /usr/lib/x86_64-linux-gnu/libXi.so.6.1.0
7f2a182ae000-7f2a182af000 rw-p 0000f000 08:06 15211204                   /usr/lib/x86_64-linux-gnu/libXi.so.6.1.0
7f2a182af000-7f2a182b4000 r-xp 00000000 08:06 15211222                   /usr/lib/x86_64-linux-gnu/libXtst.so.6.1.0
7f2a182b4000-7f2a184b3000 ---p 00005000 08:06 15211222                   /usr/lib/x86_64-linux-gnu/libXtst.so.6.1.0
7f2a184b3000-7f2a184b4000 r--p 00004000 08:06 15211222                   /usr/lib/x86_64-linux-gnu/libXtst.so.6.1.0
7f2a184b4000-7f2a184b5000 rw-p 00005000 08:06 15211222                   /usr/lib/x86_64-linux-gnu/libXtst.so.6.1.0
7f2a184b5000-7f2a184be000 r-xp 00000000 08:06 15211216                   /usr/lib/x86_64-linux-gnu/libXrender.so.1.3.0
7f2a184be000-7f2a186bd000 ---p 00009000 08:06 15211216                   /usr/lib/x86_64-linux-gnu/libXrender.so.1.3.0
7f2a186bd000-7f2a186be000 r--p 00008000 08:06 15211216                   /usr/lib/x86_64-linux-gnu/libXrender.so.1.3.0
7f2a186be000-7f2a186bf000 rw-p 00009000 08:06 15211216                   /usr/lib/x86_64-linux-gnu/libXrender.so.1.3.0
7f2a186bf000-7f2a187ef000 r-xp 00000000 08:06 15211179                   /usr/lib/x86_64-linux-gnu/libX11.so.6.3.0
7f2a187ef000-7f2a189ef000 ---p 00130000 08:06 15211179                   /usr/lib/x86_64-linux-gnu/libX11.so.6.3.0
7f2a189ef000-7f2a189f0000 r--p 00130000 08:06 15211179                   /usr/lib/x86_64-linux-gnu/libX11.so.6.3.0
7f2a189f0000-7f2a189f4000 rw-p 00131000 08:06 15211179                   /usr/lib/x86_64-linux-gnu/libX11.so.6.3.0
7f2a189f4000-7f2a18a05000 r-xp 00000000 08:06 15211196                   /usr/lib/x86_64-linux-gnu/libXext.so.6.4.0
7f2a18a05000-7f2a18c04000 ---p 00011000 08:06 15211196                   /usr/lib/x86_64-linux-gnu/libXext.so.6.4.0
7f2a18c04000-7f2a18c05000 r--p 00010000 08:06 15211196                   /usr/lib/x86_64-linux-gnu/libXext.so.6.4.0
7f2a18c05000-7f2a18c06000 rw-p 00011000 08:06 15211196                   /usr/lib/x86_64-linux-gnu/libXext.so.6.4.0
7f2a18c06000-7f2a18c07000 r--s 00004000 08:06 2364995                    /usr/local/development/dev-7-7/Ignition/IgnitionWebApp/target/ignition-webapp-7.7/WEB-INF/lib/axis-saaj-1.4.jar
7f2a18c07000-7f2a18c09000 r--s 00004000 08:06 2365027                    /usr/local/development/dev-7-7/Ignition/IgnitionWebApp/target/ignition-webapp-7.7/WEB-INF/lib/alarm-notification-common-2.7.2-20141104.214053-19.jar
7f2a18c09000-7f2a18c0b000 r--s 0000d000 08:06 2365001                    /usr/local/development/dev-7-7/Ignition/IgnitionWebApp/target/ignition-webapp-7.7/WEB-INF/lib/activation-ws-1.0.0.jar
7f2a18c0b000-7f2a18c0d000 r--s 0000e000 08:06 2364952                    /usr/local/development/dev-7-7/Ignition/IgnitionWebApp/target/ignition-webapp-7.7/WEB-INF/lib/activation-1.1.jar
7f2a18c0d000-7f2a18c16000 r--s 00069000 08:06 2365223                    /usr/local/development/dev-7-7/Ignition/IgnitionWebApp/target/ignition-webapp-7.7/WEB-INF/lib/ab-drivers-1.7.0-20131026.004154-8.jar
7f2a18c16000-7f2a18c1b000 r--s 0003c000 08:06 2364992                    /usr/local/development/dev-7-7/Ignition/IgnitionWebApp/target/ignition-webapp-7.7/WEB-INF/lib/FastInfoset-1.0.2.jar
7f2a18c1b000-7f2a18c20000 r--s 002f8000 08:06 20582247                   /usr/lib/jvm/jdk1.8.0_20/jre/lib/charsets.jar
7f2a18c20000-7f2a18c25000 r--s 0003f000 08:06 1185790                    /usr/lib/jvm/jdk1.8.0_20/jre/lib/ext/sunjce_provider.jar
7f2a18c25000-7f2a18c79000 r-xp 00000000 08:06 20582307                   /usr/lib/jvm/jdk1.8.0_20/jre/lib/amd64/libawt_xawt.so
7f2a18c79000-7f2a18e79000 ---p 00054000 08:06 20582307                   /usr/lib/jvm/jdk1.8.0_20/jre/lib/amd64/libawt_xawt.so
7f2a18e79000-7f2a18e7d000 rw-p 00054000 08:06 20582307                   /usr/lib/jvm/jdk1.8.0_20/jre/lib/amd64/libawt_xawt.so
7f2a18e7d000-7f2a18e7e000 rw-p 00000000 00:00 0 
7f2a18e7e000-7f2a18f20000 r-xp 00000000 08:06 20582293                   /usr/lib/jvm/jdk1.8.0_20/jre/lib/amd64/libawt.so
7f2a18f20000-7f2a19120000 ---p 000a2000 08:06 20582293                   /usr/lib/jvm/jdk1.8.0_20/jre/lib/amd64/libawt.so
7f2a19120000-7f2a1912c000 rw-p 000a2000 08:06 20582293                   /usr/lib/jvm/jdk1.8.0_20/jre/lib/amd64/libawt.so
7f2a1912c000-7f2a19150000 rw-p 00000000 00:00 0 
7f2a19150000-7f2a1915a000 r--s 00116000 08:06 1185789                    /usr/lib/jvm/jdk1.8.0_20/jre/lib/ext/localedata.jar
7f2a1915a000-7f2a19176000 r--s 00393000 08:06 1185783                    /usr/lib/jvm/jdk1.8.0_20/jre/lib/ext/cldrdata.jar
7f2a19176000-7f2a19179000 ---p 00000000 00:00 0 
7f2a19179000-7f2a19277000 rw-p 00000000 00:00 0                          [stack:6411]
7f2a19277000-7f2a1927a000 ---p 00000000 00:00 0 
7f2a1927a000-7f2a19378000 rw-p 00000000 00:00 0                          [stack:6496]
7f2a19378000-7f2a1937b000 ---p 00000000 00:00 0 
7f2a1937b000-7f2a19679000 rw-p 00000000 00:00 0                          [stack:6406]
7f2a19679000-7f2a1967c000 ---p 00000000 00:00 0 
7f2a1967c000-7f2a1977a000 rw-p 00000000 00:00 0                          [stack:6497]
7f2a1977a000-7f2a1977b000 ---p 00000000 00:00 0 
7f2a1977b000-7f2a1987b000 rw-p 00000000 00:00 0                          [stack:6403]
7f2a1987b000-7f2a1987e000 ---p 00000000 00:00 0 
7f2a1987e000-7f2a1997c000 rw-p 00000000 00:00 0                          [stack:6402]
7f2a1997c000-7f2a1997f000 ---p 00000000 00:00 0 
7f2a1997f000-7f2a19a7d000 rw-p 00000000 00:00 0                          [stack:6401]
7f2a19a7d000-7f2a19a80000 ---p 00000000 00:00 0 
7f2a19a80000-7f2a19b7e000 rw-p 00000000 00:00 0                          [stack:6400]
7f2a19b7e000-7f2a19b8f000 r-xp 00000000 08:06 20582303                   /usr/lib/jvm/jdk1.8.0_20/jre/lib/amd64/libnio.so
7f2a19b8f000-7f2a19d8e000 ---p 00011000 08:06 20582303                   /usr/lib/jvm/jdk1.8.0_20/jre/lib/amd64/libnio.so
7f2a19d8e000-7f2a19d8f000 rw-p 00010000 08:06 20582303                   /usr/lib/jvm/jdk1.8.0_20/jre/lib/amd64/libnio.so
7f2a19d8f000-7f2a19dc0000 rw-p 00000000 00:00 0 
7f2a19dc0000-7f2a19dd6000 r-xp 00000000 08:06 20582300                   /usr/lib/jvm/jdk1.8.0_20/jre/lib/amd64/libnet.so
7f2a19dd6000-7f2a19fd6000 ---p 00016000 08:06 20582300                   /usr/lib/jvm/jdk1.8.0_20/jre/lib/amd64/libnet.so
7f2a19fd6000-7f2a19fd7000 rw-p 00016000 08:06 20582300                   /usr/lib/jvm/jdk1.8.0_20/jre/lib/amd64/libnet.so
7f2a19fd7000-7f2a19fdf000 r-xp 00000000 08:06 20582308                   /usr/lib/jvm/jdk1.8.0_20/jre/lib/amd64/libmanagement.so
7f2a19fdf000-7f2a1a1df000 ---p 00008000 08:06 20582308                   /usr/lib/jvm/jdk1.8.0_20/jre/lib/amd64/libmanagement.so
7f2a1a1df000-7f2a1a1e0000 rw-p 00008000 08:06 20582308                   /usr/lib/jvm/jdk1.8.0_20/jre/lib/amd64/libmanagement.so
7f2a1a1e0000-7f2a1a1e3000 ---p 00000000 00:00 0 
7f2a1a1e3000-7f2a1a2e1000 rw-p 00000000 00:00 0                          [stack:6398]
7f2a1a2e1000-7f2a1a2e4000 ---p 00000000 00:00 0 
7f2a1a2e4000-7f2a1a3e2000 rw-p 00000000 00:00 0                          [stack:6397]
7f2a1a3e2000-7f2a1a3e5000 ---p 00000000 00:00 0 
7f2a1a3e5000-7f2a1a4e3000 rw-p 00000000 00:00 0                          [stack:6396]
7f2a1a4e3000-7f2a1a4e6000 ---p 00000000 00:00 0 
7f2a1a4e6000-7f2a1a5e4000 rw-p 00000000 00:00 0                          [stack:6395]
7f2a1a5e4000-7f2a1a5e7000 ---p 00000000 00:00 0 
7f2a1a5e7000-7f2a1a6e5000 rw-p 00000000 00:00 0                          [stack:6394]
7f2a1a6e5000-7f2a1a6e8000 ---p 00000000 00:00 0 
7f2a1a6e8000-7f2a1a7e6000 rw-p 00000000 00:00 0 
7f2a1a7e6000-7f2a1a7e9000 ---p 00000000 00:00 0 
7f2a1a7e9000-7f2a1a8e7000 rw-p 00000000 00:00 0                          [stack:6386]
7f2a1a8e7000-7f2a1a8ea000 ---p 00000000 00:00 0 
7f2a1a8ea000-7f2a1a9e8000 rw-p 00000000 00:00 0 
7f2a1a9e8000-7f2a1a9ec000 r-xp 00000000 08:06 20582275                   /usr/lib/jvm/jdk1.8.0_20/jre/lib/amd64/libdt_socket.so
7f2a1a9ec000-7f2a1abeb000 ---p 00004000 08:06 20582275                   /usr/lib/jvm/jdk1.8.0_20/jre/lib/amd64/libdt_socket.so
7f2a1abeb000-7f2a1abec000 rw-p 00003000 08:06 20582275                   /usr/lib/jvm/jdk1.8.0_20/jre/lib/amd64/libdt_socket.so
7f2a1abec000-7f2a1abef000 ---p 00000000 00:00 0 
7f2a1abef000-7f2a1aced000 rw-p 00000000 00:00 0                          [stack:6384]
7f2a1aced000-7f2a1acf0000 ---p 00000000 00:00 0 
7f2a1acf0000-7f2a1adee000 rw-p 00000000 00:00 0                          [stack:6382]
7f2a1adee000-7f2a1adf1000 ---p 00000000 00:00 0 
7f2a1adf1000-7f2a1aeef000 rw-p 00000000 00:00 0                          [stack:6381]
7f2a1aeef000-7f2a1aef0000 ---p 00000000 00:00 0 
7f2a1aef0000-7f2a1c000000 rw-p 00000000 00:00 0                          [stack:6380]
7f2a1c000000-7f2a1c021000 rw-p 00000000 00:00 0 
7f2a1c021000-7f2a20000000 ---p 00000000 00:00 0 
7f2a20000000-7f2a20003000 r--s 0003a000 08:06 1185787                    /usr/lib/jvm/jdk1.8.0_20/jre/lib/ext/sunpkcs11.jar
7f2a20003000-7f2a20005000 r--s 0001a000 08:06 20582317                   /usr/lib/jvm/jdk1.8.0_20/jre/lib/jce.jar
7f2a20005000-7f2a20008000 r--s 0000f000 08:06 19532219                   /usr/local/development/dev-7-6/Ignition/Servers/apache-tomcat-6.0.36/lib/tomcat-i18n-es.jar
7f2a20008000-7f2a2000c000 r--s 0003a000 08:06 19532218                   /usr/local/development/dev-7-6/Ignition/Servers/apache-tomcat-6.0.36/lib/tomcat-dbcp.jar
7f2a2000c000-7f2a2001c000 r--s 0019c000 08:06 19532210                   /usr/local/development/dev-7-6/Ignition/Servers/apache-tomcat-6.0.36/lib/ecj-3.7.2.jar
7f2a2001c000-7f2a2002c000 r--s 00120000 08:06 19532209                   /usr/local/development/dev-7-6/Ignition/Servers/apache-tomcat-6.0.36/lib/catalina.jar
7f2a2002c000-7f2a28000000 rw-p 00000000 00:00 0 
7f2a28000000-7f2a28021000 rw-p 00000000 00:00 0 
7f2a28021000-7f2a2c000000 ---p 00000000 00:00 0 
7f2a2c000000-7f2a2c021000 rw-p 00000000 00:00 0 
7f2a2c021000-7f2a30000000 ---p 00000000 00:00 0 
7f2a30000000-7f2a30021000 rw-p 00000000 00:00 0 
7f2a30021000-7f2a34000000 ---p 00000000 00:00 0 
7f2a34000000-7f2a34021000 rw-p 00000000 00:00 0 
7f2a34021000-7f2a38000000 ---p 00000000 00:00 0 
7f2a38000000-7f2a38021000 rw-p 00000000 00:00 0 
7f2a38021000-7f2a3c000000 ---p 00000000 00:00 0 
7f2a3c000000-7f2a3c021000 rw-p 00000000 00:00 0 
7f2a3c021000-7f2a40000000 ---p 00000000 00:00 0 
7f2a40000000-7f2a40021000 rw-p 00000000 00:00 0 
7f2a40021000-7f2a44000000 ---p 00000000 00:00 0 
7f2a44000000-7f2a44001000 r--s 00009000 08:06 1185781                    /usr/lib/jvm/jdk1.8.0_20/jre/lib/ext/sunec.jar
7f2a44001000-7f2a44008000 r--s 000c7000 08:06 19532215                   /usr/local/development/dev-7-6/Ignition/Servers/apache-tomcat-6.0.36/lib/mysql-connector-java-5.1.23-bin.jar
7f2a44008000-7f2a4400b000 r--s 0001e000 08:06 19532207                   /usr/local/development/dev-7-6/Ignition/Servers/apache-tomcat-6.0.36/lib/catalina-ha.jar
7f2a4400b000-7f2a44012000 r--s 0007a000 08:06 19532213                   /usr/local/development/dev-7-6/Ignition/Servers/apache-tomcat-6.0.36/lib/jasper.jar
7f2a44012000-7f2a45000000 rw-p 00000000 00:00 0 
7f2a45000000-7f2a46a50000 rwxp 00000000 00:00 0 
7f2a46a50000-7f2a54000000 ---p 00000000 00:00 0 
7f2a54000000-7f2a547f5000 rw-p 00000000 00:00 0 
7f2a547f5000-7f2a58000000 ---p 00000000 00:00 0 
7f2a58000000-7f2a58002000 r--s 0000b000 08:06 19532220                   /usr/local/development/dev-7-6/Ignition/Servers/apache-tomcat-6.0.36/lib/tomcat-i18n-fr.jar
7f2a58002000-7f2a58006000 r--s 00036000 08:06 19532208                   /usr/local/development/dev-7-6/Ignition/Servers/apache-tomcat-6.0.36/lib/catalina-tribes.jar
7f2a58006000-7f2a58010000 r--s 000b3000 08:06 19532217                   /usr/local/development/dev-7-6/Ignition/Servers/apache-tomcat-6.0.36/lib/tomcat-coyote.jar
7f2a58010000-7f2a58181000 rw-p 00000000 00:00 0 
7f2a58181000-7f2a58356000 r--s 03ca3000 08:06 20582249                   /usr/lib/jvm/jdk1.8.0_20/jre/lib/rt.jar
7f2a58356000-7f2a58b97000 rw-p 00000000 00:00 0 
7f2a58b97000-7f2a58b98000 ---p 00000000 00:00 0 
7f2a58b98000-7f2a58c98000 rw-p 00000000 00:00 0                          [stack:6379]
7f2a58c98000-7f2a58c99000 ---p 00000000 00:00 0 
7f2a58c99000-7f2a58d99000 rw-p 00000000 00:00 0                          [stack:6378]
7f2a58d99000-7f2a58d9a000 ---p 00000000 00:00 0 
7f2a58d9a000-7f2a58e9a000 rw-p 00000000 00:00 0                          [stack:6377]
7f2a58e9a000-7f2a58e9b000 ---p 00000000 00:00 0 
7f2a58e9b000-7f2a58f9b000 rw-p 00000000 00:00 0                          [stack:6376]
7f2a58f9b000-7f2a58f9c000 ---p 00000000 00:00 0 
7f2a58f9c000-7f2a5909c000 rw-p 00000000 00:00 0                          [stack:6375]
7f2a5909c000-7f2a5909d000 ---p 00000000 00:00 0 
7f2a5909d000-7f2a5919d000 rw-p 00000000 00:00 0                          [stack:6374]
7f2a5919d000-7f2a5919e000 ---p 00000000 00:00 0 
7f2a5919e000-7f2a5929e000 rw-p 00000000 00:00 0                          [stack:6373]
7f2a5929e000-7f2a5929f000 ---p 00000000 00:00 0 
7f2a5929f000-7f2a593f4000 rw-p 00000000 00:00 0                          [stack:6372]
7f2a593f4000-7f2a598d1000 ---p 00000000 00:00 0 
7f2a598d1000-7f2a59926000 rw-p 00000000 00:00 0 
7f2a59926000-7f2a59e03000 ---p 00000000 00:00 0 
7f2a59e03000-7f2a59e9c000 rw-p 00000000 00:00 0 
7f2a59e9c000-7f2a5a09c000 ---p 00000000 00:00 0 
7f2a5a09c000-7f2a5a107000 rw-p 00000000 00:00 0 
7f2a5a107000-7f2a5a45d000 ---p 00000000 00:00 0 
7f2a5a45d000-7f2a5a479000 r-xp 00000000 08:06 20582296                   /usr/lib/jvm/jdk1.8.0_20/jre/lib/amd64/libzip.so
7f2a5a479000-7f2a5a678000 ---p 0001c000 08:06 20582296                   /usr/lib/jvm/jdk1.8.0_20/jre/lib/amd64/libzip.so
7f2a5a678000-7f2a5a679000 rw-p 0001b000 08:06 20582296                   /usr/lib/jvm/jdk1.8.0_20/jre/lib/amd64/libzip.so
7f2a5a679000-7f2a5a684000 r-xp 00000000 08:06 15602342                   /lib/x86_64-linux-gnu/libnss_files-2.19.so
7f2a5a684000-7f2a5a883000 ---p 0000b000 08:06 15602342                   /lib/x86_64-linux-gnu/libnss_files-2.19.so
7f2a5a883000-7f2a5a884000 r--p 0000a000 08:06 15602342                   /lib/x86_64-linux-gnu/libnss_files-2.19.so
7f2a5a884000-7f2a5a885000 rw-p 0000b000 08:06 15602342                   /lib/x86_64-linux-gnu/libnss_files-2.19.so
7f2a5a885000-7f2a5a890000 r-xp 00000000 08:06 15602345                   /lib/x86_64-linux-gnu/libnss_nis-2.19.so
7f2a5a890000-7f2a5aa8f000 ---p 0000b000 08:06 15602345                   /lib/x86_64-linux-gnu/libnss_nis-2.19.so
7f2a5aa8f000-7f2a5aa90000 r--p 0000a000 08:06 15602345                   /lib/x86_64-linux-gnu/libnss_nis-2.19.so
7f2a5aa90000-7f2a5aa91000 rw-p 0000b000 08:06 15602345                   /lib/x86_64-linux-gnu/libnss_nis-2.19.so
7f2a5aa91000-7f2a5aaa8000 r-xp 00000000 08:06 15602152                   /lib/x86_64-linux-gnu/libnsl-2.19.so
7f2a5aaa8000-7f2a5aca7000 ---p 00017000 08:06 15602152                   /lib/x86_64-linux-gnu/libnsl-2.19.so
7f2a5aca7000-7f2a5aca8000 r--p 00016000 08:06 15602152                   /lib/x86_64-linux-gnu/libnsl-2.19.so
7f2a5aca8000-7f2a5aca9000 rw-p 00017000 08:06 15602152                   /lib/x86_64-linux-gnu/libnsl-2.19.so
7f2a5aca9000-7f2a5acab000 rw-p 00000000 00:00 0 
7f2a5acab000-7f2a5acb4000 r-xp 00000000 08:06 15601662                   /lib/x86_64-linux-gnu/libnss_compat-2.19.so
7f2a5acb4000-7f2a5aeb3000 ---p 00009000 08:06 15601662                   /lib/x86_64-linux-gnu/libnss_compat-2.19.so
7f2a5aeb3000-7f2a5aeb4000 r--p 00008000 08:06 15601662                   /lib/x86_64-linux-gnu/libnss_compat-2.19.so
7f2a5aeb4000-7f2a5aeb5000 rw-p 00009000 08:06 15601662                   /lib/x86_64-linux-gnu/libnss_compat-2.19.so
7f2a5aeb5000-7f2a5b17e000 r--p 00000000 08:06 15209877                   /usr/lib/locale/locale-archive
7f2a5b17e000-7f2a5b180000 r-xp 00000000 08:06 20582276                   /usr/lib/jvm/jdk1.8.0_20/jre/lib/amd64/libnpt.so
7f2a5b180000-7f2a5b380000 ---p 00002000 08:06 20582276                   /usr/lib/jvm/jdk1.8.0_20/jre/lib/amd64/libnpt.so
7f2a5b380000-7f2a5b381000 rw-p 00002000 08:06 20582276                   /usr/lib/jvm/jdk1.8.0_20/jre/lib/amd64/libnpt.so
7f2a5b381000-7f2a5b3ba000 r-xp 00000000 08:06 20582287                   /usr/lib/jvm/jdk1.8.0_20/jre/lib/amd64/libjdwp.so
7f2a5b3ba000-7f2a5b5b9000 ---p 00039000 08:06 20582287                   /usr/lib/jvm/jdk1.8.0_20/jre/lib/amd64/libjdwp.so
7f2a5b5b9000-7f2a5b5bb000 rw-p 00038000 08:06 20582287                   /usr/lib/jvm/jdk1.8.0_20/jre/lib/amd64/libjdwp.so
7f2a5b5bb000-7f2a5b5e5000 r-xp 00000000 08:06 20582291                   /usr/lib/jvm/jdk1.8.0_20/jre/lib/amd64/libjava.so
7f2a5b5e5000-7f2a5b7e5000 ---p 0002a000 08:06 20582291                   /usr/lib/jvm/jdk1.8.0_20/jre/lib/amd64/libjava.so
7f2a5b7e5000-7f2a5b7e7000 rw-p 0002a000 08:06 20582291                   /usr/lib/jvm/jdk1.8.0_20/jre/lib/amd64/libjava.so
7f2a5b7e7000-7f2a5b7f4000 r-xp 00000000 08:06 20582295                   /usr/lib/jvm/jdk1.8.0_20/jre/lib/amd64/libverify.so
7f2a5b7f4000-7f2a5b9f4000 ---p 0000d000 08:06 20582295                   /usr/lib/jvm/jdk1.8.0_20/jre/lib/amd64/libverify.so
7f2a5b9f4000-7f2a5b9f6000 rw-p 0000d000 08:06 20582295                   /usr/lib/jvm/jdk1.8.0_20/jre/lib/amd64/libverify.so
7f2a5b9f6000-7f2a5b9fd000 r-xp 00000000 08:06 15602320                   /lib/x86_64-linux-gnu/librt-2.19.so
7f2a5b9fd000-7f2a5bbfc000 ---p 00007000 08:06 15602320                   /lib/x86_64-linux-gnu/librt-2.19.so
7f2a5bbfc000-7f2a5bbfd000 r--p 00006000 08:06 15602320                   /lib/x86_64-linux-gnu/librt-2.19.so
7f2a5bbfd000-7f2a5bbfe000 rw-p 00007000 08:06 15602320                   /lib/x86_64-linux-gnu/librt-2.19.so
7f2a5bbfe000-7f2a5bd03000 r-xp 00000000 08:06 15602334                   /lib/x86_64-linux-gnu/libm-2.19.so
7f2a5bd03000-7f2a5bf02000 ---p 00105000 08:06 15602334                   /lib/x86_64-linux-gnu/libm-2.19.so
7f2a5bf02000-7f2a5bf03000 r--p 00104000 08:06 15602334                   /lib/x86_64-linux-gnu/libm-2.19.so
7f2a5bf03000-7f2a5bf04000 rw-p 00105000 08:06 15602334                   /lib/x86_64-linux-gnu/libm-2.19.so
7f2a5bf04000-7f2a5cb6e000 r-xp 00000000 08:06 20845908                   /usr/lib/jvm/jdk1.8.0_20/jre/lib/amd64/server/libjvm.so
7f2a5cb6e000-7f2a5cd6e000 ---p 00c6a000 08:06 20845908                   /usr/lib/jvm/jdk1.8.0_20/jre/lib/amd64/server/libjvm.so
7f2a5cd6e000-7f2a5ce44000 rw-p 00c6a000 08:06 20845908                   /usr/lib/jvm/jdk1.8.0_20/jre/lib/amd64/server/libjvm.so
7f2a5ce44000-7f2a5ce86000 rw-p 00000000 00:00 0 
7f2a5ce86000-7f2a5d041000 r-xp 00000000 08:06 15602328                   /lib/x86_64-linux-gnu/libc-2.19.so
7f2a5d041000-7f2a5d241000 ---p 001bb000 08:06 15602328                   /lib/x86_64-linux-gnu/libc-2.19.so
7f2a5d241000-7f2a5d245000 r--p 001bb000 08:06 15602328                   /lib/x86_64-linux-gnu/libc-2.19.so
7f2a5d245000-7f2a5d247000 rw-p 001bf000 08:06 15602328                   /lib/x86_64-linux-gnu/libc-2.19.so
7f2a5d247000-7f2a5d24c000 rw-p 00000000 00:00 0 
7f2a5d24c000-7f2a5d24f000 r-xp 00000000 08:06 15602352                   /lib/x86_64-linux-gnu/libdl-2.19.so
7f2a5d24f000-7f2a5d44e000 ---p 00003000 08:06 15602352                   /lib/x86_64-linux-gnu/libdl-2.19.so
7f2a5d44e000-7f2a5d44f000 r--p 00002000 08:06 15602352                   /lib/x86_64-linux-gnu/libdl-2.19.so
7f2a5d44f000-7f2a5d450000 rw-p 00003000 08:06 15602352                   /lib/x86_64-linux-gnu/libdl-2.19.so
7f2a5d450000-7f2a5d467000 r-xp 00000000 08:06 20061287                   /usr/lib/jvm/jdk1.8.0_20/lib/amd64/jli/libjli.so
7f2a5d467000-7f2a5d666000 ---p 00017000 08:06 20061287                   /usr/lib/jvm/jdk1.8.0_20/lib/amd64/jli/libjli.so
7f2a5d666000-7f2a5d667000 rw-p 00016000 08:06 20061287                   /usr/lib/jvm/jdk1.8.0_20/lib/amd64/jli/libjli.so
7f2a5d667000-7f2a5d680000 r-xp 00000000 08:06 15602353                   /lib/x86_64-linux-gnu/libpthread-2.19.so
7f2a5d680000-7f2a5d87f000 ---p 00019000 08:06 15602353                   /lib/x86_64-linux-gnu/libpthread-2.19.so
7f2a5d87f000-7f2a5d880000 r--p 00018000 08:06 15602353                   /lib/x86_64-linux-gnu/libpthread-2.19.so
7f2a5d880000-7f2a5d881000 rw-p 00019000 08:06 15602353                   /lib/x86_64-linux-gnu/libpthread-2.19.so
7f2a5d881000-7f2a5d885000 rw-p 00000000 00:00 0 
7f2a5d885000-7f2a5d8a8000 r-xp 00000000 08:06 15602330                   /lib/x86_64-linux-gnu/ld-2.19.so
7f2a5d8a8000-7f2a5d8aa000 r--s 0000c000 08:06 19532221                   /usr/local/development/dev-7-6/Ignition/Servers/apache-tomcat-6.0.36/lib/tomcat-i18n-ja.jar
7f2a5d8aa000-7f2a5d8ac000 r--s 00011000 08:06 19532214                   /usr/local/development/dev-7-6/Ignition/Servers/apache-tomcat-6.0.36/lib/jsp-api.jar
7f2a5d8ac000-7f2a5d8ae000 r--s 00014000 08:06 19532216                   /usr/local/development/dev-7-6/Ignition/Servers/apache-tomcat-6.0.36/lib/servlet-api.jar
7f2a5d8ae000-7f2a5d8b0000 r--s 0000c000 08:06 19532206                   /usr/local/development/dev-7-6/Ignition/Servers/apache-tomcat-6.0.36/lib/catalina-ant.jar
7f2a5d8b0000-7f2a5d981000 rw-p 00000000 00:00 0 
7f2a5d981000-7f2a5d984000 ---p 00000000 00:00 0 
7f2a5d984000-7f2a5da86000 rw-p 00000000 00:00 0                          [stack:6371]
7f2a5da86000-7f2a5da88000 r--s 00007000 08:06 19532211                   /usr/local/development/dev-7-6/Ignition/Servers/apache-tomcat-6.0.36/lib/el-api.jar
7f2a5da88000-7f2a5da89000 r--s 00003000 08:06 19532205                   /usr/local/development/dev-7-6/Ignition/Servers/apache-tomcat-6.0.36/lib/annotations-api.jar
7f2a5da89000-7f2a5da8c000 r--s 00019000 08:06 19532212                   /usr/local/development/dev-7-6/Ignition/Servers/apache-tomcat-6.0.36/lib/jasper-el.jar
7f2a5da8c000-7f2a5da91000 r--s 00092000 08:06 20582254                   /usr/lib/jvm/jdk1.8.0_20/jre/lib/jsse.jar
7f2a5da91000-7f2a5da92000 r--s 00007000 08:06 19533431                   /usr/local/development/dev-7-6/Ignition/Servers/apache-tomcat-6.0.36/bin/tomcat-juli.jar
7f2a5da92000-7f2a5da93000 r--s 00005000 08:06 19533430                   /usr/local/development/dev-7-6/Ignition/Servers/apache-tomcat-6.0.36/bin/commons-daemon.jar
7f2a5da93000-7f2a5da94000 r--s 00005000 08:06 19533429                   /usr/local/development/dev-7-6/Ignition/Servers/apache-tomcat-6.0.36/bin/bootstrap.jar
7f2a5da94000-7f2a5da9b000 r--s 000c7000 08:06 1179649                    /usr/lib/jvm/jdk1.8.0_20/jre/lib/ext/mysql-connector-java-5.1.23-bin.jar
7f2a5da9b000-7f2a5daa3000 rw-s 00000000 08:06 6164363                    /tmp/hsperfdata_mattg/6366
7f2a5daa3000-7f2a5daa4000 rw-p 00000000 00:00 0 
7f2a5daa4000-7f2a5daa5000 r--p 00000000 00:00 0 
7f2a5daa5000-7f2a5daa7000 rw-p 00000000 00:00 0 
7f2a5daa7000-7f2a5daa8000 r--p 00022000 08:06 15602330                   /lib/x86_64-linux-gnu/ld-2.19.so
7f2a5daa8000-7f2a5daa9000 rw-p 00023000 08:06 15602330                   /lib/x86_64-linux-gnu/ld-2.19.so
7f2a5daa9000-7f2a5daaa000 rw-p 00000000 00:00 0 
7fffb0728000-7fffb0749000 rw-p 00000000 00:00 0                          [stack]
7fffb07fe000-7fffb0800000 r-xp 00000000 00:00 0                          [vdso]
ffffffffff600000-ffffffffff601000 r-xp 00000000 00:00 0                  [vsyscall]

VM Arguments:
jvm_args: -Djava.util.logging.config.file=/home/mattg/.IntelliJIdea13/system/tomcat/Unnamed_77-Ignition/conf/logging.properties -Xdebug -Xrunjdwp:transport=dt_socket,address=127.0.0.1:51670,suspend=y,server=n -Dcom.sun.management.jmxremote= -Dcom.sun.management.jmxremote.port=1099 -Dcom.sun.management.jmxremote.ssl=false -Dcom.sun.management.jmxremote.authenticate=false -Djava.rmi.server.hostname=127.0.0.1 -Djava.util.logging.manager=org.apache.juli.ClassLoaderLogManager -Djava.endorsed.dirs=/usr/local/development/dev-7-6/Ignition/Servers/apache-tomcat-6.0.36/endorsed -Dcatalina.base=/home/mattg/.IntelliJIdea13/system/tomcat/Unnamed_77-Ignition -Dcatalina.home=/usr/local/development/dev-7-6/Ignition/Servers/apache-tomcat-6.0.36 -Djava.io.tmpdir=/usr/local/development/dev-7-6/Ignition/Servers/apache-tomcat-6.0.36/temp 
java_command: org.apache.catalina.startup.Bootstrap start
java_class_path (initial): /usr/local/development/dev-7-6/Ignition/Servers/apache-tomcat-6.0.36/bin/bootstrap.jar
Launcher Type: SUN_STANDARD

Environment Variables:
JAVA_HOME=/usr/lib/jvm/jdk1.8.0_20
CLASSPATH=/usr/local/development/dev-7-6/Ignition/Servers/apache-tomcat-6.0.36/bin/bootstrap.jar
PATH=/usr/local/sbin:/usr/local/bin:/usr/sbin:/usr/bin:/sbin:/bin:/usr/games:/usr/local/games:/usr/local/development/gradle-1.12/bin
USERNAME=mattg
LD_LIBRARY_PATH=/usr/local/development/idea-IU-135.909/bin:
SHELL=/bin/bash
DISPLAY=:0

Signal Handlers:
SIGSEGV: [libjvm.so+0xa76cd0], sa_mask[0]=11111111011111111101111111111110, sa_flags=SA_RESTART|SA_SIGINFO
SIGBUS: [libjvm.so+0xa76cd0], sa_mask[0]=11111111011111111101111111111110, sa_flags=SA_RESTART|SA_SIGINFO
SIGFPE: [libjvm.so+0x8e0d80], sa_mask[0]=11111111011111111101111111111110, sa_flags=SA_RESTART|SA_SIGINFO
SIGPIPE: [libjvm.so+0x8e0d80], sa_mask[0]=11111111011111111101111111111110, sa_flags=SA_RESTART|SA_SIGINFO
SIGXFSZ: [libjvm.so+0x8e0d80], sa_mask[0]=11111111011111111101111111111110, sa_flags=SA_RESTART|SA_SIGINFO
SIGILL: [libjvm.so+0x8e0d80], sa_mask[0]=11111111011111111101111111111110, sa_flags=SA_RESTART|SA_SIGINFO
SIGUSR1: SIG_DFL, sa_mask[0]=00000000000000000000000000000000, sa_flags=none
SIGUSR2: [libjvm.so+0x8e25b0], sa_mask[0]=00100000000000000000000000000000, sa_flags=SA_RESTART|SA_SIGINFO
SIGHUP: [libjvm.so+0x8e3970], sa_mask[0]=11111111011111111101111111111110, sa_flags=SA_RESTART|SA_SIGINFO
SIGINT: [libjvm.so+0x8e3970], sa_mask[0]=11111111011111111101111111111110, sa_flags=SA_RESTART|SA_SIGINFO
SIGTERM: [libjvm.so+0x8e3970], sa_mask[0]=11111111011111111101111111111110, sa_flags=SA_RESTART|SA_SIGINFO
SIGQUIT: [libjvm.so+0x8e3970], sa_mask[0]=11111111011111111101111111111110, sa_flags=SA_RESTART|SA_SIGINFO


---------------  S Y S T E M  ---------------

OS:DISTRIB_ID=LinuxMint
DISTRIB_RELEASE=17
DISTRIB_CODENAME=qiana
DISTRIB_DESCRIPTION="Linux Mint 17 Qiana"

uname:Linux 3.13.0-24-generic #46-Ubuntu SMP Thu Apr 10 19:11:08 UTC 2014 x86_64
libc:glibc 2.19 NPTL 2.19 
rlimit: STACK 8192k, CORE 0k, NPROC 127375, NOFILE 4096, AS infinity
load average:0.80 1.10 1.11

/proc/meminfo:
MemTotal:       16335088 kB
MemFree:         7440204 kB
Buffers:          358444 kB
Cached:          2310612 kB
SwapCached:            0 kB
Active:          4527276 kB
Inactive:        1657068 kB
Active(anon):    3525536 kB
Inactive(anon):   500188 kB
Active(file):    1001740 kB
Inactive(file):  1156880 kB
Unevictable:         568 kB
Mlocked:             568 kB
SwapTotal:      16676860 kB
SwapFree:       16676860 kB
Dirty:               500 kB
Writeback:             0 kB
AnonPages:       3515884 kB
Mapped:          2702592 kB
Shmem:            510436 kB
Slab:             257032 kB
SReclaimable:     191784 kB
SUnreclaim:        65248 kB
KernelStack:        6296 kB
PageTables:        51768 kB
NFS_Unstable:          0 kB
Bounce:                0 kB
WritebackTmp:          0 kB
CommitLimit:    24844404 kB
Committed_AS:    9899744 kB
VmallocTotal:   34359738367 kB
VmallocUsed:      446916 kB
VmallocChunk:   34359286724 kB
HardwareCorrupted:     0 kB
AnonHugePages:   2312192 kB
HugePages_Total:       0
HugePages_Free:        0
HugePages_Rsvd:        0
HugePages_Surp:        0
Hugepagesize:       2048 kB
DirectMap4k:       91592 kB
DirectMap2M:     2955264 kB
DirectMap1G:    13631488 kB


CPU:total 8 (4 cores per cpu, 2 threads per core) family 6 model 60 stepping 3, cmov, cx8, fxsr, mmx, sse, sse2, sse3, ssse3, sse4.1, sse4.2, popcnt, avx, avx2, aes, clmul, erms, lzcnt, ht, tsc, tscinvbit, bmi1, bmi2

/proc/cpuinfo:
processor	: 0
vendor_id	: GenuineIntel
cpu family	: 6
model		: 60
model name	: Intel(R) Core(TM) i7-4702HQ CPU @ 2.20GHz
stepping	: 3
microcode	: 0x17
cpu MHz		: 800.000
cache size	: 6144 KB
physical id	: 0
siblings	: 8
core id		: 0
cpu cores	: 4
apicid		: 0
initial apicid	: 0
fpu		: yes
fpu_exception	: yes
cpuid level	: 13
wp		: yes
flags		: fpu vme de pse tsc msr pae mce cx8 apic sep mtrr pge mca cmov pat pse36 clflush dts acpi mmx fxsr sse sse2 ss ht tm pbe syscall nx pdpe1gb rdtscp lm constant_tsc arch_perfmon pebs bts rep_good nopl xtopology nonstop_tsc aperfmperf eagerfpu pni pclmulqdq dtes64 monitor ds_cpl vmx est tm2 ssse3 fma cx16 xtpr pdcm pcid sse4_1 sse4_2 x2apic movbe popcnt tsc_deadline_timer aes xsave avx f16c rdrand lahf_lm abm ida arat epb xsaveopt pln pts dtherm tpr_shadow vnmi flexpriority ept vpid fsgsbase tsc_adjust bmi1 avx2 smep bmi2 erms invpcid
bogomips	: 4390.24
clflush size	: 64
cache_alignment	: 64
address sizes	: 39 bits physical, 48 bits virtual
power management:

processor	: 1
vendor_id	: GenuineIntel
cpu family	: 6
model		: 60
model name	: Intel(R) Core(TM) i7-4702HQ CPU @ 2.20GHz
stepping	: 3
microcode	: 0x17
cpu MHz		: 1200.000
cache size	: 6144 KB
physical id	: 0
siblings	: 8
core id		: 1
cpu cores	: 4
apicid		: 2
initial apicid	: 2
fpu		: yes
fpu_exception	: yes
cpuid level	: 13
wp		: yes
flags		: fpu vme de pse tsc msr pae mce cx8 apic sep mtrr pge mca cmov pat pse36 clflush dts acpi mmx fxsr sse sse2 ss ht tm pbe syscall nx pdpe1gb rdtscp lm constant_tsc arch_perfmon pebs bts rep_good nopl xtopology nonstop_tsc aperfmperf eagerfpu pni pclmulqdq dtes64 monitor ds_cpl vmx est tm2 ssse3 fma cx16 xtpr pdcm pcid sse4_1 sse4_2 x2apic movbe popcnt tsc_deadline_timer aes xsave avx f16c rdrand lahf_lm abm ida arat epb xsaveopt pln pts dtherm tpr_shadow vnmi flexpriority ept vpid fsgsbase tsc_adjust bmi1 avx2 smep bmi2 erms invpcid
bogomips	: 4390.24
clflush size	: 64
cache_alignment	: 64
address sizes	: 39 bits physical, 48 bits virtual
power management:

processor	: 2
vendor_id	: GenuineIntel
cpu family	: 6
model		: 60
model name	: Intel(R) Core(TM) i7-4702HQ CPU @ 2.20GHz
stepping	: 3
microcode	: 0x17
cpu MHz		: 2201.000
cache size	: 6144 KB
physical id	: 0
siblings	: 8
core id		: 2
cpu cores	: 4
apicid		: 4
initial apicid	: 4
fpu		: yes
fpu_exception	: yes
cpuid level	: 13
wp		: yes
flags		: fpu vme de pse tsc msr pae mce cx8 apic sep mtrr pge mca cmov pat pse36 clflush dts acpi mmx fxsr sse sse2 ss ht tm pbe syscall nx pdpe1gb rdtscp lm constant_tsc arch_perfmon pebs bts rep_good nopl xtopology nonstop_tsc aperfmperf eagerfpu pni pclmulqdq dtes64 monitor ds_cpl vmx est tm2 ssse3 fma cx16 xtpr pdcm pcid sse4_1 sse4_2 x2apic movbe popcnt tsc_deadline_timer aes xsave avx f16c rdrand lahf_lm abm ida arat epb xsaveopt pln pts dtherm tpr_shadow vnmi flexpriority ept vpid fsgsbase tsc_adjust bmi1 avx2 smep bmi2 erms invpcid
bogomips	: 4390.24
clflush size	: 64
cache_alignment	: 64
address sizes	: 39 bits physical, 48 bits virtual
power management:

processor	: 3
vendor_id	: GenuineIntel
cpu family	: 6
model		: 60
model name	: Intel(R) Core(TM) i7-4702HQ CPU @ 2.20GHz
stepping	: 3
microcode	: 0x17
cpu MHz		: 800.000
cache size	: 6144 KB
physical id	: 0
siblings	: 8
core id		: 3
cpu cores	: 4
apicid		: 6
initial apicid	: 6
fpu		: yes
fpu_exception	: yes
cpuid level	: 13
wp		: yes
flags		: fpu vme de pse tsc msr pae mce cx8 apic sep mtrr pge mca cmov pat pse36 clflush dts acpi mmx fxsr sse sse2 ss ht tm pbe syscall nx pdpe1gb rdtscp lm constant_tsc arch_perfmon pebs bts rep_good nopl xtopology nonstop_tsc aperfmperf eagerfpu pni pclmulqdq dtes64 monitor ds_cpl vmx est tm2 ssse3 fma cx16 xtpr pdcm pcid sse4_1 sse4_2 x2apic movbe popcnt tsc_deadline_timer aes xsave avx f16c rdrand lahf_lm abm ida arat epb xsaveopt pln pts dtherm tpr_shadow vnmi flexpriority ept vpid fsgsbase tsc_adjust bmi1 avx2 smep bmi2 erms invpcid
bogomips	: 4390.24
clflush size	: 64
cache_alignment	: 64
address sizes	: 39 bits physical, 48 bits virtual
power management:

processor	: 4
vendor_id	: GenuineIntel
cpu family	: 6
model		: 60
model name	: Intel(R) Core(TM) i7-4702HQ CPU @ 2.20GHz
stepping	: 3
microcode	: 0x17
cpu MHz		: 2000.000
cache size	: 6144 KB
physical id	: 0
siblings	: 8
core id		: 0
cpu cores	: 4
apicid		: 1
initial apicid	: 1
fpu		: yes
fpu_exception	: yes
cpuid level	: 13
wp		: yes
flags		: fpu vme de pse tsc msr pae mce cx8 apic sep mtrr pge mca cmov pat pse36 clflush dts acpi mmx fxsr sse sse2 ss ht tm pbe syscall nx pdpe1gb rdtscp lm constant_tsc arch_perfmon pebs bts rep_good nopl xtopology nonstop_tsc aperfmperf eagerfpu pni pclmulqdq dtes64 monitor ds_cpl vmx est tm2 ssse3 fma cx16 xtpr pdcm pcid sse4_1 sse4_2 x2apic movbe popcnt tsc_deadline_timer aes xsave avx f16c rdrand lahf_lm abm ida arat epb xsaveopt pln pts dtherm tpr_shadow vnmi flexpriority ept vpid fsgsbase tsc_adjust bmi1 avx2 smep bmi2 erms invpcid
bogomips	: 4390.24
clflush size	: 64
cache_alignment	: 64
address sizes	: 39 bits physical, 48 bits virtual
power management:

processor	: 5
vendor_id	: GenuineIntel
cpu family	: 6
model		: 60
model name	: Intel(R) Core(TM) i7-4702HQ CPU @ 2.20GHz
stepping	: 3
microcode	: 0x17
cpu MHz		: 800.000
cache size	: 6144 KB
physical id	: 0
siblings	: 8
core id		: 1
cpu cores	: 4
apicid		: 3
initial apicid	: 3
fpu		: yes
fpu_exception	: yes
cpuid level	: 13
wp		: yes
flags		: fpu vme de pse tsc msr pae mce cx8 apic sep mtrr pge mca cmov pat pse36 clflush dts acpi mmx fxsr sse sse2 ss ht tm pbe syscall nx pdpe1gb rdtscp lm constant_tsc arch_perfmon pebs bts rep_good nopl xtopology nonstop_tsc aperfmperf eagerfpu pni pclmulqdq dtes64 monitor ds_cpl vmx est tm2 ssse3 fma cx16 xtpr pdcm pcid sse4_1 sse4_2 x2apic movbe popcnt tsc_deadline_timer aes xsave avx f16c rdrand lahf_lm abm ida arat epb xsaveopt pln pts dtherm tpr_shadow vnmi flexpriority ept vpid fsgsbase tsc_adjust bmi1 avx2 smep bmi2 erms invpcid
bogomips	: 4390.24
clflush size	: 64
cache_alignment	: 64
address sizes	: 39 bits physical, 48 bits virtual
power management:

processor	: 6
vendor_id	: GenuineIntel
cpu family	: 6
model		: 60
model name	: Intel(R) Core(TM) i7-4702HQ CPU @ 2.20GHz
stepping	: 3
microcode	: 0x17
cpu MHz		: 1300.000
cache size	: 6144 KB
physical id	: 0
siblings	: 8
core id		: 2
cpu cores	: 4
apicid		: 5
initial apicid	: 5
fpu		: yes
fpu_exception	: yes
cpuid level	: 13
wp		: yes
flags		: fpu vme de pse tsc msr pae mce cx8 apic sep mtrr pge mca cmov pat pse36 clflush dts acpi mmx fxsr sse sse2 ss ht tm pbe syscall nx pdpe1gb rdtscp lm constant_tsc arch_perfmon pebs bts rep_good nopl xtopology nonstop_tsc aperfmperf eagerfpu pni pclmulqdq dtes64 monitor ds_cpl vmx est tm2 ssse3 fma cx16 xtpr pdcm pcid sse4_1 sse4_2 x2apic movbe popcnt tsc_deadline_timer aes xsave avx f16c rdrand lahf_lm abm ida arat epb xsaveopt pln pts dtherm tpr_shadow vnmi flexpriority ept vpid fsgsbase tsc_adjust bmi1 avx2 smep bmi2 erms invpcid
bogomips	: 4390.24
clflush size	: 64
cache_alignment	: 64
address sizes	: 39 bits physical, 48 bits virtual
power management:

processor	: 7
vendor_id	: GenuineIntel
cpu family	: 6
model		: 60
model name	: Intel(R) Core(TM) i7-4702HQ CPU @ 2.20GHz
stepping	: 3
microcode	: 0x17
cpu MHz		: 2201.000
cache size	: 6144 KB
physical id	: 0
siblings	: 8
core id		: 3
cpu cores	: 4
apicid		: 7
initial apicid	: 7
fpu		: yes
fpu_exception	: yes
cpuid level	: 13
wp		: yes
flags		: fpu vme de pse tsc msr pae mce cx8 apic sep mtrr pge mca cmov pat pse36 clflush dts acpi mmx fxsr sse sse2 ss ht tm pbe syscall nx pdpe1gb rdtscp lm constant_tsc arch_perfmon pebs bts rep_good nopl xtopology nonstop_tsc aperfmperf eagerfpu pni pclmulqdq dtes64 monitor ds_cpl vmx est tm2 ssse3 fma cx16 xtpr pdcm pcid sse4_1 sse4_2 x2apic movbe popcnt tsc_deadline_timer aes xsave avx f16c rdrand lahf_lm abm ida arat epb xsaveopt pln pts dtherm tpr_shadow vnmi flexpriority ept vpid fsgsbase tsc_adjust bmi1 avx2 smep bmi2 erms invpcid
bogomips	: 4390.24
clflush size	: 64
cache_alignment	: 64
address sizes	: 39 bits physical, 48 bits virtual
power management:



Memory: 4k page, physical 16335088k(7440204k free), swap 16676860k(16676860k free)

vm_info: Java HotSpot(TM) 64-Bit Server VM (25.20-b17) for linux-amd64 JRE (1.8.0_20-ea-b17), built on Jun  4 2014 00:04:06 by "java_re" with gcc 4.3.0 20080428 (Red Hat 4.3.0-8)

time: Thu Nov 20 10:01:57 2014
elapsed time: 415 seconds (0d 0h 6m 55s)

