#
# A fatal error has been detected by the Java Runtime Environment:
#
#  SIGSEGV (0xb) at pc=0x00007f7e5cbaff7e, pid=18033, tid=140180700407552
#
# JRE version: Java(TM) SE Runtime Environment (8.0_20-b17) (build 1.8.0_20-ea-b17)
# Java VM: Java HotSpot(TM) 64-Bit Server VM (25.20-b17 mixed mode linux-amd64 compressed oops)
# Problematic frame:
# C  [ld-linux-x86-64.so.2+0x9f7e]
#
# Failed to write core dump. Core dumps have been disabled. To enable core dumping, try "ulimit -c unlimited" before starting Java again
#
# If you would like to submit a bug report, please visit:
#   http://bugreport.sun.com/bugreport/crash.jsp
# The crash happened outside the Java Virtual Machine in native code.
# See problematic frame for where to report the bug.
#

---------------  T H R E A D  ---------------

Current thread (0x00007f7e5400d000):  JavaThread "main" [_thread_in_native, id=18038, stack(0x00007f7e5cca2000,0x00007f7e5cda3000)]

siginfo: si_signo: 11 (SIGSEGV), si_code: 1 (SEGV_MAPERR), si_addr: 0x0000000000000068

Registers:
RAX=0x0000000000000040, RBX=0x000000004c8d3d65, RCX=0x0000000000000025, RDX=0x00000000000003f3
RSP=0x00007f7e5cd9f990, RBP=0x0000000000000002, RSI=0x00007f7e5c1aad28, RDI=0x00007f7e5cda69e8
R8 =0x00000000013234f5, R9 =0x00007f7e5cd9f9d0, R10=0x0000000006020400, R11=0x00007f7e5cd9fad0
R12=0x0000000000000003, R13=0x00007f7d942d8030, R14=0x0000000000000000, R15=0x0000000000000025
RIP=0x00007f7e5cbaff7e, EFLAGS=0x0000000000010202, CSGSFS=0x0000000000000033, ERR=0x0000000000000004
  TRAPNO=0x000000000000000e

Top of Stack: (sp=0x00007f7e5cd9f990)
0x00007f7e5cd9f990:   00007f7e5cd9fb00 00007f7e5b887f75
0x00007f7e5cd9f9a0:   00007f7e00000002 00007f7e5cd9fae0
0x00007f7e5cd9f9b0:   00007f7e5cd9fb70 00007f7e5cd9fd40
0x00007f7e5cd9f9c0:   00007f7e45046960 01007f7e0000000c
0x00007f7e5cd9f9d0:   0000000000000000 0000000000000000
0x00007f7e5cd9f9e0:   00007f7e5cda69e8 00007f7e541abfb0
0x00007f7e5cd9f9f0:   00007f7e5c1b7d78 0000000000000000
0x00007f7e5cd9fa00:   0000000200000000 0000000000000000
0x00007f7e5cd9fa10:   00007f7e5400d000 00007f7e5cd9fbc0
0x00007f7e5cd9fa20:   00007f7e5cd9fb70 0000000000000000
0x00007f7e5cd9fa30:   0000000000000000 00007f7d942d8478
0x00007f7e5cd9fa40:   00007f7d942d80f0 00007f7e5cbb0991
0x00007f7e5cd9fa50:   0000000000000000 0000000000000000
0x00007f7e5cd9fa60:   00007f7e00000002 0000000000000000
0x00007f7e5cd9fa70:   00007f7e00000000 00007f7d942d80f0
0x00007f7e5cd9fa80:   00007f7e5400a518 00007f7e5cbd1530
0x00007f7e5cd9fa90:   00007f7e54008a90 299223c4451fc2f4
0x00007f7e5cd9faa0:   00007f7e27804440 00007f7d942d8478
0x00007f7e5cd9fab0:   00007f7e5cd9fae0 00007f7e5cd9fad0
0x00007f7e5cd9fac0:   000000004c8d3d65 00007f7e541abfb0
0x00007f7e5cd9fad0:   00000000ffffffff 00007f7e5400a5d0
0x00007f7e5cd9fae0:   0000000000000000 0000000000000000
0x00007f7e5cd9faf0:   00007f7e5400a470 00007f7e5400d000
0x00007f7e5cd9fb00:   00007f7e5cd9fc90 00007f7e5b8ce467
0x00007f7e5cd9fb10:   00007f7e5400d000 00007f7e5400a520
0x00007f7e5cd9fb20:   00007f7e5cd9fb70 00007f7e5cd9fbf0
0x00007f7e5cd9fb30:   00007f7e5cd9fcc0 00007f7e5cd9fd40
0x00007f7e5cd9fb40:   00007f7e5400d1e8 00000000006644b0
0x00007f7e5cd9fb50:   00007f7e5cdc8cc0 00007f7e541abfb0
0x00007f7e5cd9fb60:   0000000000000000 00007f7d942d80f0
0x00007f7e5cd9fb70:   00007f7e5cd9fc50 00007f7e5c2ddf56
0x00007f7e5cd9fb80:   0000000600000002 0000000000000000 

Instructions: (pc=0x00007f7e5cbaff7e)
0x00007f7e5cbaff5e:   06 41 83 e7 3f 0f 1f 44 00 00 49 8b 44 ed 00 c7
0x00007f7e5cbaff6e:   44 24 70 00 00 00 00 48 c7 44 24 40 00 00 00 00
0x00007f7e5cbaff7e:   48 8b 78 28 4c 39 f7 48 89 7c 24 50 0f 84 f0 00
0x00007f7e5cbaff8e:   00 00 f6 44 24 7c 02 74 0d f6 87 14 03 00 00 03 

Register to memory mapping:

RAX=0x0000000000000040 is an unknown value
RBX=0x000000004c8d3d65 is an unknown value
RCX=0x0000000000000025 is an unknown value
RDX=0x00000000000003f3 is an unknown value
RSP=0x00007f7e5cd9f990 is pointing into the stack for thread: 0x00007f7e5400d000
RBP=0x0000000000000002 is an unknown value
RSI=0x00007f7e5c1aad28: <offset 0x3d28> in /lib/x86_64-linux-gnu/libc.so.6 at 0x00007f7e5c1a7000
RDI=0x00007f7e5cda69e8 is an unknown value
R8 =0x00000000013234f5 is an unknown value
R9 =0x00007f7e5cd9f9d0 is pointing into the stack for thread: 0x00007f7e5400d000
R10=0x0000000006020400 is an unknown value
R11=0x00007f7e5cd9fad0 is pointing into the stack for thread: 0x00007f7e5400d000
R12=0x0000000000000003 is an unknown value
R13=0x00007f7d942d8030 is an unknown value
R14=0x0000000000000000 is an unknown value
R15=0x0000000000000025 is an unknown value


Stack: [0x00007f7e5cca2000,0x00007f7e5cda3000],  sp=0x00007f7e5cd9f990,  free space=1014k
Native frames: (J=compiled Java code, j=interpreted, Vv=VM code, C=native code)
C  [ld-linux-x86-64.so.2+0x9f7e]

Java frames: (J=compiled Java code, j=interpreted, Vv=VM code)
j  java.lang.ClassLoader$NativeLibrary.unload(Ljava/lang/String;Z)V+0
j  java.lang.ClassLoader$NativeLibrary.finalize()V+87
v  ~StubRoutines::call_stub
J 1125  sun.reflect.NativeMethodAccessorImpl.invoke0(Ljava/lang/reflect/Method;Ljava/lang/Object;[Ljava/lang/Object;)Ljava/lang/Object; (0 bytes) @ 0x00007f7e454356f7 [0x00007f7e45435680+0x77]
J 1124 C1 sun.reflect.NativeMethodAccessorImpl.invoke(Ljava/lang/Object;[Ljava/lang/Object;)Ljava/lang/Object; (104 bytes) @ 0x00007f7e45436d4c [0x00007f7e45435b40+0x120c]
J 498 C1 sun.reflect.DelegatingMethodAccessorImpl.invoke(Ljava/lang/Object;[Ljava/lang/Object;)Ljava/lang/Object; (10 bytes) @ 0x00007f7e4521b6ac [0x00007f7e4521b580+0x12c]
J 497 C1 java.lang.reflect.Method.invoke(Ljava/lang/Object;[Ljava/lang/Object;)Ljava/lang/Object; (62 bytes) @ 0x00007f7e45220584 [0x00007f7e45220160+0x424]
j  com.inductiveautomation.ignition.gateway.bootstrap.SRFilter.destroy()V+89
j  org.apache.catalina.core.ApplicationFilterConfig.release()V+61
j  org.apache.catalina.core.StandardContext.filterStop()Z+124
j  org.apache.catalina.core.StandardContext.stop()V+142
j  org.apache.catalina.core.ContainerBase.removeChild(Lorg/apache/catalina/Container;)V+90
j  org.apache.catalina.startup.HostConfig.undeployApps()V+77
j  org.apache.catalina.startup.HostConfig.stop()V+28
j  org.apache.catalina.startup.HostConfig.lifecycleEvent(Lorg/apache/catalina/LifecycleEvent;)V+151
j  org.apache.catalina.util.LifecycleSupport.fireLifecycleEvent(Ljava/lang/String;Ljava/lang/Object;)V+178
j  org.apache.catalina.core.ContainerBase.stop()V+60
j  org.apache.catalina.core.ContainerBase.stop()V+118
j  org.apache.catalina.core.StandardEngine.stop()V+1
j  org.apache.catalina.core.StandardService.stop()V+177
j  org.apache.catalina.core.StandardServer.stop()V+65
j  org.apache.catalina.startup.Catalina.stop()V+58
j  org.apache.catalina.startup.Catalina.start()V+198
v  ~StubRoutines::call_stub
j  sun.reflect.NativeMethodAccessorImpl.invoke0(Ljava/lang/reflect/Method;Ljava/lang/Object;[Ljava/lang/Object;)Ljava/lang/Object;+0
j  sun.reflect.NativeMethodAccessorImpl.invoke(Ljava/lang/Object;[Ljava/lang/Object;)Ljava/lang/Object;+100
J 498 C1 sun.reflect.DelegatingMethodAccessorImpl.invoke(Ljava/lang/Object;[Ljava/lang/Object;)Ljava/lang/Object; (10 bytes) @ 0x00007f7e4521b6ac [0x00007f7e4521b580+0x12c]
J 497 C1 java.lang.reflect.Method.invoke(Ljava/lang/Object;[Ljava/lang/Object;)Ljava/lang/Object; (62 bytes) @ 0x00007f7e45220584 [0x00007f7e45220160+0x424]
j  org.apache.catalina.startup.Bootstrap.start()V+37
j  org.apache.catalina.startup.Bootstrap.main([Ljava/lang/String;)V+131
v  ~StubRoutines::call_stub

---------------  P R O C E S S  ---------------

Java Threads: ( => current thread )
  0x00007f7e54461800 JavaThread "pool-1-thread-3" [_thread_blocked, id=18178, stack(0x00007f7d8e6e4000,0x00007f7d8e7e5000)]
  0x00007f7e54575800 JavaThread "Thread-22" daemon [_thread_blocked, id=18177, stack(0x00007f7d8cfb3000,0x00007f7d8d0b4000)]
  0x00007f7dbc004800 JavaThread "http-8088-1" daemon [_thread_blocked, id=18132, stack(0x00007f7e24429000,0x00007f7e2452a000)]
  0x00007f7de8001800 JavaThread "RMI TCP Connection(idle)" daemon [_thread_blocked, id=18131, stack(0x00007f7e24227000,0x00007f7e24328000)]
  0x00007f7d94d37000 JavaThread "ClockDriftDetector" daemon [_thread_blocked, id=18121, stack(0x00007f7d8dbd9000,0x00007f7d8dcda000)]
  0x00007f7d94d42000 JavaThread "PyLib_ScriptWatcher" daemon [_thread_blocked, id=18120, stack(0x00007f7d8dcda000,0x00007f7d8dddb000)]
  0x00007f7d94d35800 JavaThread "PyFile_ChangeNotifier" daemon [_thread_blocked, id=18119, stack(0x00007f7d8dddb000,0x00007f7d8dedc000)]
  0x00007f7d94d33800 JavaThread "Thread-17" daemon [_thread_in_native, id=18118, stack(0x00007f7d8dedc000,0x00007f7d8dfdd000)]
  0x00007f7d4c008800 JavaThread "pool-2-thread-3" [_thread_blocked, id=18117, stack(0x00007f7d8dfdd000,0x00007f7d8e0de000)]
  0x00007f7d54017000 JavaThread "pool-1-thread-2" [_thread_blocked, id=18116, stack(0x00007f7d8e0de000,0x00007f7d8e1df000)]
  0x00007f7d4c007000 JavaThread "pool-2-thread-2" [_thread_blocked, id=18115, stack(0x00007f7d8e1df000,0x00007f7d8e2e0000)]
  0x00007f7d4c003800 JavaThread "pool-2-thread-1" [_thread_blocked, id=18114, stack(0x00007f7d8e2e0000,0x00007f7d8e3e1000)]
  0x00007f7d54005800 JavaThread "pool-1-thread-1" [_thread_blocked, id=18113, stack(0x00007f7d8e3e1000,0x00007f7d8e4e2000)]
  0x00007f7e54579000 JavaThread "TP-Monitor" daemon [_thread_blocked, id=18080, stack(0x00007f7dc9eb3000,0x00007f7dc9fb4000)]
  0x00007f7e5455b000 JavaThread "TP-Processor4" daemon [_thread_blocked, id=18079, stack(0x00007f7dc9fb4000,0x00007f7dca0b5000)]
  0x00007f7e54561000 JavaThread "TP-Processor3" daemon [_thread_blocked, id=18078, stack(0x00007f7dca0b5000,0x00007f7dca1b6000)]
  0x00007f7e54565800 JavaThread "TP-Processor2" daemon [_thread_blocked, id=18077, stack(0x00007f7dca1b6000,0x00007f7dca2b7000)]
  0x00007f7e5455d800 JavaThread "TP-Processor1" daemon [_thread_blocked, id=18076, stack(0x00007f7dca2b7000,0x00007f7dca3b8000)]
  0x00007f7e54572800 JavaThread "http-8088-Acceptor-0" daemon [_thread_blocked, id=18075, stack(0x00007f7dca3b8000,0x00007f7dca4b9000)]
  0x00007f7e544d7000 JavaThread "GC Daemon" daemon [_thread_blocked, id=18073, stack(0x00007f7e24126000,0x00007f7e24227000)]
  0x00007f7e544dd800 JavaThread "Abandoned connection cleanup thread" daemon [_thread_blocked, id=18072, stack(0x00007f7e24025000,0x00007f7e24126000)]
  0x00007f7dd8008000 JavaThread "RMI Scheduler(0)" daemon [_thread_blocked, id=18068, stack(0x00007f7e24328000,0x00007f7e24429000)]
  0x00007f7e5424e800 JavaThread "RMI TCP Accept-0" daemon [_thread_in_native, id=18063, stack(0x00007f7e2488d000,0x00007f7e2498e000)]
  0x00007f7e54245800 JavaThread "RMI TCP Accept-1099" daemon [_thread_in_native, id=18062, stack(0x00007f7e2498e000,0x00007f7e24a8f000)]
  0x00007f7e54234000 JavaThread "RMI TCP Accept-0" daemon [_thread_in_native, id=18061, stack(0x00007f7e24a8f000,0x00007f7e24b90000)]
  0x00007f7e540e5000 JavaThread "Service Thread" daemon [_thread_blocked, id=18060, stack(0x00007f7e251f2000,0x00007f7e252f3000)]
  0x00007f7e540cf800 JavaThread "C1 CompilerThread3" daemon [_thread_in_native, id=18059, stack(0x00007f7e252f3000,0x00007f7e253f4000)]
  0x00007f7e540cd000 JavaThread "C2 CompilerThread2" daemon [_thread_blocked, id=18058, stack(0x00007f7e253f4000,0x00007f7e254f5000)]
  0x00007f7e540cb800 JavaThread "C2 CompilerThread1" daemon [_thread_blocked, id=18057, stack(0x00007f7e254f5000,0x00007f7e255f6000)]
  0x00007f7e540c8800 JavaThread "C2 CompilerThread0" daemon [_thread_in_native, id=18056, stack(0x00007f7e255f6000,0x00007f7e256f7000)]
  0x00007f7e540c6800 JavaThread "JDWP Event Helper Thread" daemon [_thread_blocked, id=18054, stack(0x00007f7e257f8000,0x00007f7e258f9000)]
  0x00007f7e540b6000 JavaThread "Signal Dispatcher" daemon [_thread_blocked, id=18050, stack(0x00007f7e25bfe000,0x00007f7e25cff000)]
  0x00007f7e54087800 JavaThread "Finalizer" daemon [_thread_blocked, id=18049, stack(0x00007f7e25cff000,0x00007f7e25e00000)]
  0x00007f7e54085800 JavaThread "Reference Handler" daemon [_thread_blocked, id=18048, stack(0x00007f7e25e00000,0x00007f7e25f01000)]
=>0x00007f7e5400d000 JavaThread "main" [_thread_in_native, id=18038, stack(0x00007f7e5cca2000,0x00007f7e5cda3000)]

Other Threads:
  0x00007f7e5407e800 VMThread [stack: 0x00007f7e25f01000,0x00007f7e26002000] [id=18047]
  0x00007f7e54259000 WatcherThread [stack: 0x00007f7e2478c000,0x00007f7e2488d000] [id=18064]

VM state:not at safepoint (normal execution)

VM Mutex/Monitor currently owned by a thread: None

Heap:
 PSYoungGen      total 331264K, used 111613K [0x000000076ce00000, 0x0000000782f00000, 0x00000007c0000000)
  eden space 315904K, 30% used [0x000000076ce00000,0x0000000772bffd90,0x0000000780280000)
  from space 15360K, 99% used [0x0000000782000000,0x0000000782eff950,0x0000000782f00000)
  to   space 18944K, 0% used [0x0000000780a00000,0x0000000780a00000,0x0000000781c80000)
 ParOldGen       total 190976K, used 28123K [0x00000006c6a00000, 0x00000006d2480000, 0x000000076ce00000)
  object space 190976K, 14% used [0x00000006c6a00000,0x00000006c8576da0,0x00000006d2480000)
 Metaspace       used 54085K, capacity 55282K, committed 55424K, reserved 1097728K
  class space    used 7515K, capacity 7794K, committed 7808K, reserved 1048576K

Card table byte_map: [0x00007f7e58bf2000,0x00007f7e593be000] byte_map_base: 0x00007f7e555bd000

Marking Bits: (ParMarkBitMap*) 0x00007f7e5c17cc20
 Begin Bits: [0x00007f7e18350000, 0x00007f7e1c1a8000)
 End Bits:   [0x00007f7e1c1a8000, 0x00007f7e20000000)

Polling page: 0x00007f7e5cdc5000

CodeCache: size=245760Kb used=20462Kb max_used=20514Kb free=225297Kb
 bounds [0x00007f7e45000000, 0x00007f7e46430000, 0x00007f7e54000000]
 total_blobs=5974 nmethods=5376 adapters=519
 compilation: enabled

Compilation events (10 events):
Event: 127.892 Thread 0x00007f7e540cf800 nmethod 6404 0x00007f7e45e98350 code [0x00007f7e45e984a0, 0x00007f7e45e98610]
Event: 127.892 Thread 0x00007f7e540cf800 6405       3       sun.nio.cs.StreamEncoder::writeBytes (132 bytes)
Event: 127.893 Thread 0x00007f7e540cf800 nmethod 6405 0x00007f7e455b7990 code [0x00007f7e455b7bc0, 0x00007f7e455b8858]
Event: 127.893 Thread 0x00007f7e540cf800 6406       3       java.lang.reflect.Modifier::isVolatile (13 bytes)
Event: 127.893 Thread 0x00007f7e540cf800 nmethod 6406 0x00007f7e46418010 code [0x00007f7e46418180, 0x00007f7e46418310]
Event: 127.893 Thread 0x00007f7e540cf800 6407       1       com.inductiveautomation.ignition.common.util.logging.BinaryAppender::access$400 (5 bytes)
Event: 127.893 Thread 0x00007f7e540cf800 nmethod 6407 0x00007f7e45601810 code [0x00007f7e45601960, 0x00007f7e45601a50]
Event: 127.896 Thread 0x00007f7e540cf800 6409       3       java.io.ObjectOutputStream$BlockDataOutputStream::drain (45 bytes)
Event: 127.897 Thread 0x00007f7e540cf800 nmethod 6409 0x00007f7e455738d0 code [0x00007f7e45573a60, 0x00007f7e45573d58]
Event: 127.897 Thread 0x00007f7e540cf800 6410   !   3       java.io.ObjectOutputStream::writeObject0 (619 bytes)

GC Heap History (10 events):
Event: 4.375 GC heap before
{Heap before GC invocations=6 (full 1):
 PSYoungGen      total 189440K, used 189286K [0x000000076ce00000, 0x000000077dd00000, 0x00000007c0000000)
  eden space 180224K, 100% used [0x000000076ce00000,0x0000000777e00000,0x0000000777e00000)
  from space 9216K, 98% used [0x000000077d400000,0x000000077dcd9898,0x000000077dd00000)
  to   space 10240K, 0% used [0x000000077c900000,0x000000077c900000,0x000000077d300000)
 ParOldGen       total 117248K, used 13421K [0x00000006c6a00000, 0x00000006cdc80000, 0x000000076ce00000)
  object space 117248K, 11% used [0x00000006c6a00000,0x00000006c771b678,0x00000006cdc80000)
 Metaspace       used 29226K, capacity 29656K, committed 29824K, reserved 1075200K
  class space    used 3246K, capacity 3389K, committed 3456K, reserved 1048576K
Event: 4.382 GC heap after
Heap after GC invocations=6 (full 1):
 PSYoungGen      total 255488K, used 5877K [0x000000076ce00000, 0x000000077df80000, 0x00000007c0000000)
  eden space 249344K, 0% used [0x000000076ce00000,0x000000076ce00000,0x000000077c180000)
  from space 6144K, 95% used [0x000000077c900000,0x000000077cebd5f0,0x000000077cf00000)
  to   space 15360K, 0% used [0x000000077d080000,0x000000077d080000,0x000000077df80000)
 ParOldGen       total 117248K, used 13429K [0x00000006c6a00000, 0x00000006cdc80000, 0x000000076ce00000)
  object space 117248K, 11% used [0x00000006c6a00000,0x00000006c771d678,0x00000006cdc80000)
 Metaspace       used 29226K, capacity 29656K, committed 29824K, reserved 1075200K
  class space    used 3246K, capacity 3389K, committed 3456K, reserved 1048576K
}
Event: 4.973 GC heap before
{Heap before GC invocations=7 (full 1):
 PSYoungGen      total 255488K, used 103768K [0x000000076ce00000, 0x000000077df80000, 0x00000007c0000000)
  eden space 249344K, 39% used [0x000000076ce00000,0x0000000772d98a38,0x000000077c180000)
  from space 6144K, 95% used [0x000000077c900000,0x000000077cebd5f0,0x000000077cf00000)
  to   space 15360K, 0% used [0x000000077d080000,0x000000077d080000,0x000000077df80000)
 ParOldGen       total 117248K, used 13429K [0x00000006c6a00000, 0x00000006cdc80000, 0x000000076ce00000)
  object space 117248K, 11% used [0x00000006c6a00000,0x00000006c771d678,0x00000006cdc80000)
 Metaspace       used 34694K, capacity 35114K, committed 35320K, reserved 1079296K
  class space    used 4555K, capacity 4673K, committed 4736K, reserved 1048576K
Event: 4.981 GC heap after
Heap after GC invocations=7 (full 1):
 PSYoungGen      total 263680K, used 13050K [0x000000076ce00000, 0x0000000783e00000, 0x00000007c0000000)
  eden space 248320K, 0% used [0x000000076ce00000,0x000000076ce00000,0x000000077c080000)
  from space 15360K, 84% used [0x000000077d080000,0x000000077dd3eb20,0x000000077df80000)
  to   space 16384K, 0% used [0x000000077c080000,0x000000077c080000,0x000000077d080000)
 ParOldGen       total 117248K, used 13437K [0x00000006c6a00000, 0x00000006cdc80000, 0x000000076ce00000)
  object space 117248K, 11% used [0x00000006c6a00000,0x00000006c771f678,0x00000006cdc80000)
 Metaspace       used 34694K, capacity 35114K, committed 35320K, reserved 1079296K
  class space    used 4555K, capacity 4673K, committed 4736K, reserved 1048576K
}
Event: 4.981 GC heap before
{Heap before GC invocations=8 (full 2):
 PSYoungGen      total 263680K, used 13050K [0x000000076ce00000, 0x0000000783e00000, 0x00000007c0000000)
  eden space 248320K, 0% used [0x000000076ce00000,0x000000076ce00000,0x000000077c080000)
  from space 15360K, 84% used [0x000000077d080000,0x000000077dd3eb20,0x000000077df80000)
  to   space 16384K, 0% used [0x000000077c080000,0x000000077c080000,0x000000077d080000)
 ParOldGen       total 117248K, used 13437K [0x00000006c6a00000, 0x00000006cdc80000, 0x000000076ce00000)
  object space 117248K, 11% used [0x00000006c6a00000,0x00000006c771f678,0x00000006cdc80000)
 Metaspace       used 34694K, capacity 35114K, committed 35320K, reserved 1079296K
  class space    used 4555K, capacity 4673K, committed 4736K, reserved 1048576K
Event: 5.053 GC heap after
Heap after GC invocations=8 (full 2):
 PSYoungGen      total 263680K, used 0K [0x000000076ce00000, 0x0000000783e00000, 0x00000007c0000000)
  eden space 248320K, 0% used [0x000000076ce00000,0x000000076ce00000,0x000000077c080000)
  from space 15360K, 0% used [0x000000077d080000,0x000000077d080000,0x000000077df80000)
  to   space 16384K, 0% used [0x000000077c080000,0x000000077c080000,0x000000077d080000)
 ParOldGen       total 190976K, used 23628K [0x00000006c6a00000, 0x00000006d2480000, 0x000000076ce00000)
  object space 190976K, 12% used [0x00000006c6a00000,0x00000006c8113018,0x00000006d2480000)
 Metaspace       used 34694K, capacity 35114K, committed 35320K, reserved 1079296K
  class space    used 4555K, capacity 4673K, committed 4736K, reserved 1048576K
}
Event: 6.685 GC heap before
{Heap before GC invocations=9 (full 2):
 PSYoungGen      total 263680K, used 248320K [0x000000076ce00000, 0x0000000783e00000, 0x00000007c0000000)
  eden space 248320K, 100% used [0x000000076ce00000,0x000000077c080000,0x000000077c080000)
  from space 15360K, 0% used [0x000000077d080000,0x000000077d080000,0x000000077df80000)
  to   space 16384K, 0% used [0x000000077c080000,0x000000077c080000,0x000000077d080000)
 ParOldGen       total 190976K, used 23628K [0x00000006c6a00000, 0x00000006d2480000, 0x000000076ce00000)
  object space 190976K, 12% used [0x00000006c6a00000,0x00000006c8113018,0x00000006d2480000)
 Metaspace       used 40985K, capacity 41486K, committed 41728K, reserved 1085440K
  class space    used 5911K, capacity 6034K, committed 6144K, reserved 1048576K
Event: 6.695 GC heap after
Heap after GC invocations=9 (full 2):
 PSYoungGen      total 264704K, used 9838K [0x000000076ce00000, 0x0000000782f00000, 0x00000007c0000000)
  eden space 248320K, 0% used [0x000000076ce00000,0x000000076ce00000,0x000000077c080000)
  from space 16384K, 60% used [0x000000077c080000,0x000000077ca1ba20,0x000000077d080000)
  to   space 15360K, 0% used [0x0000000782000000,0x0000000782000000,0x0000000782f00000)
 ParOldGen       total 190976K, used 23636K [0x00000006c6a00000, 0x00000006d2480000, 0x000000076ce00000)
  object space 190976K, 12% used [0x00000006c6a00000,0x00000006c8115018,0x00000006d2480000)
 Metaspace       used 40985K, capacity 41486K, committed 41728K, reserved 1085440K
  class space    used 5911K, capacity 6034K, committed 6144K, reserved 1048576K
}
Event: 96.841 GC heap before
{Heap before GC invocations=10 (full 2):
 PSYoungGen      total 264704K, used 258158K [0x000000076ce00000, 0x0000000782f00000, 0x00000007c0000000)
  eden space 248320K, 100% used [0x000000076ce00000,0x000000077c080000,0x000000077c080000)
  from space 16384K, 60% used [0x000000077c080000,0x000000077ca1ba20,0x000000077d080000)
  to   space 15360K, 0% used [0x0000000782000000,0x0000000782000000,0x0000000782f00000)
 ParOldGen       total 190976K, used 23636K [0x00000006c6a00000, 0x00000006d2480000, 0x000000076ce00000)
  object space 190976K, 12% used [0x00000006c6a00000,0x00000006c8115018,0x00000006d2480000)
 Metaspace       used 53351K, capacity 54440K, committed 54528K, reserved 1095680K
  class space    used 7438K, capacity 7659K, committed 7680K, reserved 1048576K
Event: 96.860 GC heap after
Heap after GC invocations=10 (full 2):
 PSYoungGen      total 331264K, used 15358K [0x000000076ce00000, 0x0000000782f00000, 0x00000007c0000000)
  eden space 315904K, 0% used [0x000000076ce00000,0x000000076ce00000,0x0000000780280000)
  from space 15360K, 99% used [0x0000000782000000,0x0000000782eff950,0x0000000782f00000)
  to   space 18944K, 0% used [0x0000000780a00000,0x0000000780a00000,0x0000000781c80000)
 ParOldGen       total 190976K, used 28123K [0x00000006c6a00000, 0x00000006d2480000, 0x000000076ce00000)
  object space 190976K, 14% used [0x00000006c6a00000,0x00000006c8576da0,0x00000006d2480000)
 Metaspace       used 53351K, capacity 54440K, committed 54528K, reserved 1095680K
  class space    used 7438K, capacity 7659K, committed 7680K, reserved 1048576K
}

Deoptimization events (10 events):
Event: 127.781 Thread 0x00007f7e5400d000 Uncommon trap: reason=unreached action=reinterpret pc=0x00007f7e45ba132c method=org.hsqldb.store.BaseHashMap.clearElementArrays(II)V @ 185
Event: 127.784 Thread 0x00007f7d94bd0800 Uncommon trap: reason=unreached action=reinterpret pc=0x00007f7e463ef578 method=org.hsqldb.lib.HsqlTimer$TaskQueue.peekTask()Lorg/hsqldb/lib/HsqlTimer$Task; @ 6
Event: 127.889 Thread 0x00007f7e5400d000 Uncommon trap: reason=bimorphic action=maybe_recompile pc=0x00007f7e46145f68 method=java.io.ObjectOutputStream$BlockDataOutputStream.drain()V @ 36
Event: 127.889 Thread 0x00007f7e5400d000 Uncommon trap: reason=bimorphic action=maybe_recompile pc=0x00007f7e46145f68 method=java.io.ObjectOutputStream$BlockDataOutputStream.drain()V @ 36
Event: 127.890 Thread 0x00007f7e5400d000 Uncommon trap: reason=class_check action=maybe_recompile pc=0x00007f7e4623ad68 method=java.io.ObjectOutputStream$BlockDataOutputStream.write([BIIZ)V @ 23
Event: 127.890 Thread 0x00007f7e5400d000 Uncommon trap: reason=bimorphic action=maybe_recompile pc=0x00007f7e46157190 method=java.io.ObjectOutputStream$BlockDataOutputStream.drain()V @ 36
Event: 127.892 Thread 0x00007f7e5400d000 Uncommon trap: reason=class_check action=maybe_recompile pc=0x00007f7e4623ad68 method=java.io.ObjectOutputStream$BlockDataOutputStream.write([BIIZ)V @ 23
Event: 127.893 Thread 0x00007f7e5400d000 Uncommon trap: reason=class_check action=maybe_recompile pc=0x00007f7e4623ad68 method=java.io.ObjectOutputStream$BlockDataOutputStream.write([BIIZ)V @ 23
Event: 127.894 Thread 0x00007f7e5400d000 Uncommon trap: reason=class_check action=maybe_recompile pc=0x00007f7e4623ad68 method=java.io.ObjectOutputStream$BlockDataOutputStream.write([BIIZ)V @ 23
Event: 127.897 Thread 0x00007f7e5400d000 Uncommon trap: reason=bimorphic action=maybe_recompile pc=0x00007f7e46157fdc method=java.io.ObjectOutputStream$BlockDataOutputStream.drain()V @ 36

Internal exceptions (10 events):
Event: 127.767 Thread 0x00007f7e5400d000 Exception <a 'java/security/PrivilegedActionException'> (0x00000007717b3320) thrown at [/HUDSON/workspace/8-2-build-linux-amd64/jdk8u20/526.nc/hotspot/src/share/vm/prims/jvm.cpp, line 1258]
Event: 127.768 Thread 0x00007f7e5400d000 Exception <a 'java/security/PrivilegedActionException'> (0x00000007717c56b8) thrown at [/HUDSON/workspace/8-2-build-linux-amd64/jdk8u20/526.nc/hotspot/src/share/vm/prims/jvm.cpp, line 1258]
Event: 127.768 Thread 0x00007f7e5400d000 Exception <a 'java/security/PrivilegedActionException'> (0x00000007717c6258) thrown at [/HUDSON/workspace/8-2-build-linux-amd64/jdk8u20/526.nc/hotspot/src/share/vm/prims/jvm.cpp, line 1258]
Event: 127.769 Thread 0x00007f7e5400d000 Exception <a 'java/lang/NullPointerException'> (0x00000007717ceca8) thrown at [/HUDSON/workspace/8-2-build-linux-amd64/jdk8u20/526.nc/hotspot/src/share/vm/interpreter/linkResolver.cpp, line 1268]
Event: 127.894 Thread 0x00007f7e5400d000 Exception <a 'java/security/PrivilegedActionException'> (0x00000007717f11b0) thrown at [/HUDSON/workspace/8-2-build-linux-amd64/jdk8u20/526.nc/hotspot/src/share/vm/prims/jvm.cpp, line 1258]
Event: 127.894 Thread 0x00007f7e5400d000 Exception <a 'java/security/PrivilegedActionException'> (0x00000007717f2190) thrown at [/HUDSON/workspace/8-2-build-linux-amd64/jdk8u20/526.nc/hotspot/src/share/vm/prims/jvm.cpp, line 1258]
Event: 127.895 Thread 0x00007f7e5400d000 Exception <a 'java/security/PrivilegedActionException'> (0x0000000771801fe0) thrown at [/HUDSON/workspace/8-2-build-linux-amd64/jdk8u20/526.nc/hotspot/src/share/vm/prims/jvm.cpp, line 1258]
Event: 127.895 Thread 0x00007f7e5400d000 Exception <a 'java/security/PrivilegedActionException'> (0x0000000771803050) thrown at [/HUDSON/workspace/8-2-build-linux-amd64/jdk8u20/526.nc/hotspot/src/share/vm/prims/jvm.cpp, line 1258]
Event: 127.895 Thread 0x00007f7e5400d000 Exception <a 'java/security/PrivilegedActionException'> (0x0000000771813380) thrown at [/HUDSON/workspace/8-2-build-linux-amd64/jdk8u20/526.nc/hotspot/src/share/vm/prims/jvm.cpp, line 1258]
Event: 127.895 Thread 0x00007f7e5400d000 Exception <a 'java/security/PrivilegedActionException'> (0x00000007718143a0) thrown at [/HUDSON/workspace/8-2-build-linux-amd64/jdk8u20/526.nc/hotspot/src/share/vm/prims/jvm.cpp, line 1258]

Events (10 events):
Event: 127.897 Thread 0x00007f7e5400d000 DEOPT UNPACKING pc=0x00007f7e4504741a sp=0x00007f7e5cd9e658 mode 1
Event: 127.897 Thread 0x00007f7e5400d000 DEOPT PACKING pc=0x00007f7e46039ae4 sp=0x00007f7e5cd9e840
Event: 127.897 Thread 0x00007f7e5400d000 DEOPT UNPACKING pc=0x00007f7e4504741a sp=0x00007f7e5cd9e600 mode 1
Event: 127.897 Thread 0x00007f7e5400d000 DEOPT PACKING pc=0x00007f7e4606ba0c sp=0x00007f7e5cd9e910
Event: 127.897 Thread 0x00007f7e5400d000 DEOPT UNPACKING pc=0x00007f7e4504741a sp=0x00007f7e5cd9e6d8 mode 1
Event: 127.897 Thread 0x00007f7e5400d000 DEOPT PACKING pc=0x00007f7e46039ae4 sp=0x00007f7e5cd9e880
Event: 127.897 Thread 0x00007f7e5400d000 DEOPT UNPACKING pc=0x00007f7e4504741a sp=0x00007f7e5cd9e658 mode 1
Event: 127.897 Thread 0x00007f7e5400d000 Uncommon trap: trap_request=0xffffffc6 fr.pc=0x00007f7e46157fdc
Event: 127.897 Thread 0x00007f7e5400d000 DEOPT PACKING pc=0x00007f7e46157fdc sp=0x00007f7e5cda0490
Event: 127.897 Thread 0x00007f7e5400d000 DEOPT UNPACKING pc=0x00007f7e45047650 sp=0x00007f7e5cda03d8 mode 2


Dynamic libraries:
00400000-00401000 r-xp 00000000 08:06 19938758                           /usr/lib/jvm/jdk1.8.0_20/bin/java
00600000-00601000 rw-p 00000000 08:06 19938758                           /usr/lib/jvm/jdk1.8.0_20/bin/java
00664000-00685000 rw-p 00000000 00:00 0                                  [heap]
6c6a00000-6d2480000 rw-p 00000000 00:00 0 
6d2480000-76ce00000 ---p 00000000 00:00 0 
76ce00000-782f00000 rw-p 00000000 00:00 0 
782f00000-7c0000000 ---p 00000000 00:00 0 
7c0000000-7c07a0000 rw-p 00000000 00:00 0 
7c07a0000-800000000 ---p 00000000 00:00 0 
7f7d34000000-7f7d34021000 rw-p 00000000 00:00 0 
7f7d34021000-7f7d38000000 ---p 00000000 00:00 0 
7f7d3c000000-7f7d3c021000 rw-p 00000000 00:00 0 
7f7d3c021000-7f7d40000000 ---p 00000000 00:00 0 
7f7d40000000-7f7d40021000 rw-p 00000000 00:00 0 
7f7d40021000-7f7d44000000 ---p 00000000 00:00 0 
7f7d44000000-7f7d44021000 rw-p 00000000 00:00 0 
7f7d44021000-7f7d48000000 ---p 00000000 00:00 0 
7f7d48000000-7f7d48021000 rw-p 00000000 00:00 0 
7f7d48021000-7f7d4c000000 ---p 00000000 00:00 0 
7f7d4c000000-7f7d4c0e2000 rw-p 00000000 00:00 0 
7f7d4c0e2000-7f7d50000000 ---p 00000000 00:00 0 
7f7d50000000-7f7d50026000 rw-p 00000000 00:00 0 
7f7d50026000-7f7d54000000 ---p 00000000 00:00 0 
7f7d54000000-7f7d5403b000 rw-p 00000000 00:00 0 
7f7d5403b000-7f7d58000000 ---p 00000000 00:00 0 
7f7d58000000-7f7d58021000 rw-p 00000000 00:00 0 
7f7d58021000-7f7d5c000000 ---p 00000000 00:00 0 
7f7d5c000000-7f7d5c021000 rw-p 00000000 00:00 0 
7f7d5c021000-7f7d60000000 ---p 00000000 00:00 0 
7f7d60000000-7f7d6027c000 rw-p 00000000 00:00 0 
7f7d6027c000-7f7d64000000 ---p 00000000 00:00 0 
7f7d64000000-7f7d64021000 rw-p 00000000 00:00 0 
7f7d64021000-7f7d68000000 ---p 00000000 00:00 0 
7f7d68000000-7f7d68021000 rw-p 00000000 00:00 0 
7f7d68021000-7f7d6c000000 ---p 00000000 00:00 0 
7f7d6c000000-7f7d6c021000 rw-p 00000000 00:00 0 
7f7d6c021000-7f7d70000000 ---p 00000000 00:00 0 
7f7d70000000-7f7d70021000 rw-p 00000000 00:00 0 
7f7d70021000-7f7d74000000 ---p 00000000 00:00 0 
7f7d74000000-7f7d74021000 rw-p 00000000 00:00 0 
7f7d74021000-7f7d78000000 ---p 00000000 00:00 0 
7f7d78000000-7f7d78021000 rw-p 00000000 00:00 0 
7f7d78021000-7f7d7c000000 ---p 00000000 00:00 0 
7f7d7c000000-7f7d7c021000 rw-p 00000000 00:00 0 
7f7d7c021000-7f7d80000000 ---p 00000000 00:00 0 
7f7d80000000-7f7d800f3000 rw-p 00000000 00:00 0 
7f7d800f3000-7f7d84000000 ---p 00000000 00:00 0 
7f7d84000000-7f7d84021000 rw-p 00000000 00:00 0 
7f7d84021000-7f7d88000000 ---p 00000000 00:00 0 
7f7d88000000-7f7d88021000 rw-p 00000000 00:00 0 
7f7d88021000-7f7d8c000000 ---p 00000000 00:00 0 
7f7d8cab2000-7f7d8cb32000 rw-p 00000000 00:00 0 
7f7d8cb32000-7f7d8ccb5000 ---p 00000000 00:00 0 
7f7d8ccb5000-7f7d8cfb3000 rw-p 00000000 00:00 0 
7f7d8cfb3000-7f7d8cfb6000 ---p 00000000 00:00 0 
7f7d8cfb6000-7f7d8d2b4000 rw-p 00000000 00:00 0                          [stack:18177]
7f7d8d2b4000-7f7d8d2b7000 ---p 00000000 00:00 0 
7f7d8d2b7000-7f7d8d3b5000 rw-p 00000000 00:00 0 
7f7d8d3b5000-7f7d8d3cc000 r-xp 00000000 08:06 15602148                   /lib/x86_64-linux-gnu/libresolv-2.19.so
7f7d8d3cc000-7f7d8d5cc000 ---p 00017000 08:06 15602148                   /lib/x86_64-linux-gnu/libresolv-2.19.so
7f7d8d5cc000-7f7d8d5cd000 r--p 00017000 08:06 15602148                   /lib/x86_64-linux-gnu/libresolv-2.19.so
7f7d8d5cd000-7f7d8d5ce000 rw-p 00018000 08:06 15602148                   /lib/x86_64-linux-gnu/libresolv-2.19.so
7f7d8d5ce000-7f7d8d5d0000 rw-p 00000000 00:00 0 
7f7d8d5d0000-7f7d8d5d5000 r-xp 00000000 08:06 15602324                   /lib/x86_64-linux-gnu/libnss_dns-2.19.so
7f7d8d5d5000-7f7d8d7d4000 ---p 00005000 08:06 15602324                   /lib/x86_64-linux-gnu/libnss_dns-2.19.so
7f7d8d7d4000-7f7d8d7d5000 r--p 00004000 08:06 15602324                   /lib/x86_64-linux-gnu/libnss_dns-2.19.so
7f7d8d7d5000-7f7d8d7d6000 rw-p 00005000 08:06 15602324                   /lib/x86_64-linux-gnu/libnss_dns-2.19.so
7f7d8d7d6000-7f7d8d7d8000 r-xp 00000000 08:06 15601607                   /lib/x86_64-linux-gnu/libnss_mdns4_minimal.so.2
7f7d8d7d8000-7f7d8d9d7000 ---p 00002000 08:06 15601607                   /lib/x86_64-linux-gnu/libnss_mdns4_minimal.so.2
7f7d8d9d7000-7f7d8d9d8000 r--p 00001000 08:06 15601607                   /lib/x86_64-linux-gnu/libnss_mdns4_minimal.so.2
7f7d8d9d8000-7f7d8d9d9000 rw-p 00002000 08:06 15601607                   /lib/x86_64-linux-gnu/libnss_mdns4_minimal.so.2
7f7d8d9d9000-7f7d8dbd9000 rw-p 00000000 00:00 0 
7f7d8dbd9000-7f7d8dbdc000 ---p 00000000 00:00 0 
7f7d8dbdc000-7f7d8dcda000 rw-p 00000000 00:00 0                          [stack:18121]
7f7d8dcda000-7f7d8dcdd000 ---p 00000000 00:00 0 
7f7d8dcdd000-7f7d8dddb000 rw-p 00000000 00:00 0                          [stack:18120]
7f7d8dddb000-7f7d8ddde000 ---p 00000000 00:00 0 
7f7d8ddde000-7f7d8dedc000 rw-p 00000000 00:00 0                          [stack:18119]
7f7d8dedc000-7f7d8dedf000 ---p 00000000 00:00 0 
7f7d8dedf000-7f7d8dfdd000 rw-p 00000000 00:00 0                          [stack:18118]
7f7d8dfdd000-7f7d8dfe0000 ---p 00000000 00:00 0 
7f7d8dfe0000-7f7d8e0de000 rw-p 00000000 00:00 0                          [stack:18117]
7f7d8e0de000-7f7d8e0e1000 ---p 00000000 00:00 0 
7f7d8e0e1000-7f7d8e1df000 rw-p 00000000 00:00 0                          [stack:18116]
7f7d8e1df000-7f7d8e1e2000 ---p 00000000 00:00 0 
7f7d8e1e2000-7f7d8e2e0000 rw-p 00000000 00:00 0                          [stack:18115]
7f7d8e2e0000-7f7d8e2e3000 ---p 00000000 00:00 0 
7f7d8e2e3000-7f7d8e3e1000 rw-p 00000000 00:00 0                          [stack:18114]
7f7d8e3e1000-7f7d8e3e4000 ---p 00000000 00:00 0 
7f7d8e3e4000-7f7d8e4e2000 rw-p 00000000 00:00 0                          [stack:18113]
7f7d8e4e2000-7f7d8e4e5000 ---p 00000000 00:00 0 
7f7d8e4e5000-7f7d8e5e3000 rw-p 00000000 00:00 0 
7f7d8e5e3000-7f7d8e5e6000 ---p 00000000 00:00 0 
7f7d8e5e6000-7f7d8e6e4000 rw-p 00000000 00:00 0 
7f7d8e6e4000-7f7d8e6e7000 ---p 00000000 00:00 0 
7f7d8e6e7000-7f7d8e9e5000 rw-p 00000000 00:00 0                          [stack:18178]
7f7d8e9e5000-7f7d8ebe5000 rw-p 00000000 00:00 0 
7f7d8ebe5000-7f7d8ebe8000 ---p 00000000 00:00 0 
7f7d8ebe8000-7f7d8ece6000 rw-p 00000000 00:00 0 
7f7d8ece6000-7f7d8ece9000 ---p 00000000 00:00 0 
7f7d8ece9000-7f7d8ede7000 rw-p 00000000 00:00 0 
7f7d8ede7000-7f7d8edea000 ---p 00000000 00:00 0 
7f7d8edea000-7f7d8f0e8000 rw-p 00000000 00:00 0 
7f7d8f0e8000-7f7d8f0eb000 ---p 00000000 00:00 0 
7f7d8f0eb000-7f7d8f1e9000 rw-p 00000000 00:00 0 
7f7d8f1e9000-7f7d8f1ec000 ---p 00000000 00:00 0 
7f7d8f1ec000-7f7d8f2ea000 rw-p 00000000 00:00 0 
7f7d8f2ea000-7f7d8f2ed000 ---p 00000000 00:00 0 
7f7d8f2ed000-7f7d8f3eb000 rw-p 00000000 00:00 0 
7f7d8f3eb000-7f7d8f3ee000 ---p 00000000 00:00 0 
7f7d8f3ee000-7f7d8f4ec000 rw-p 00000000 00:00 0 
7f7d8f4ec000-7f7d8f4ef000 ---p 00000000 00:00 0 
7f7d8f4ef000-7f7d8f5ed000 rw-p 00000000 00:00 0 
7f7d8f5ed000-7f7d8f5f0000 ---p 00000000 00:00 0 
7f7d8f5f0000-7f7d8f6ee000 rw-p 00000000 00:00 0 
7f7d8f6ee000-7f7d8f6f1000 ---p 00000000 00:00 0 
7f7d8f6f1000-7f7d8f7ef000 rw-p 00000000 00:00 0 
7f7d8f7ef000-7f7d8f7f2000 ---p 00000000 00:00 0 
7f7d8f7f2000-7f7d8f8f0000 rw-p 00000000 00:00 0 
7f7d8f8f0000-7f7d8f8f3000 ---p 00000000 00:00 0 
7f7d8f8f3000-7f7d8f9f1000 rw-p 00000000 00:00 0 
7f7d8f9f1000-7f7d8f9f4000 ---p 00000000 00:00 0 
7f7d8f9f4000-7f7d8fcf2000 rw-p 00000000 00:00 0 
7f7d8fcf2000-7f7d8fef2000 rw-p 00000000 00:00 0 
7f7d90000000-7f7d90021000 rw-p 00000000 00:00 0 
7f7d90021000-7f7d94000000 ---p 00000000 00:00 0 
7f7d94000000-7f7d94e18000 rw-p 00000000 00:00 0 
7f7d94e18000-7f7d98000000 ---p 00000000 00:00 0 
7f7d98000000-7f7d98021000 rw-p 00000000 00:00 0 
7f7d98021000-7f7d9c000000 ---p 00000000 00:00 0 
7f7d9c000000-7f7d9c022000 rw-p 00000000 00:00 0 
7f7d9c022000-7f7da0000000 ---p 00000000 00:00 0 
7f7da0000000-7f7da0021000 rw-p 00000000 00:00 0 
7f7da0021000-7f7da4000000 ---p 00000000 00:00 0 
7f7da4000000-7f7da4021000 rw-p 00000000 00:00 0 
7f7da4021000-7f7da8000000 ---p 00000000 00:00 0 
7f7da8000000-7f7da8021000 rw-p 00000000 00:00 0 
7f7da8021000-7f7dac000000 ---p 00000000 00:00 0 
7f7dac000000-7f7dac062000 rw-p 00000000 00:00 0 
7f7dac062000-7f7db0000000 ---p 00000000 00:00 0 
7f7db0000000-7f7db0021000 rw-p 00000000 00:00 0 
7f7db0021000-7f7db4000000 ---p 00000000 00:00 0 
7f7db4000000-7f7db4021000 rw-p 00000000 00:00 0 
7f7db4021000-7f7db8000000 ---p 00000000 00:00 0 
7f7db8000000-7f7db80e4000 rw-p 00000000 00:00 0 
7f7db80e4000-7f7dbc000000 ---p 00000000 00:00 0 
7f7dbc000000-7f7dbc021000 rw-p 00000000 00:00 0 
7f7dbc021000-7f7dc0000000 ---p 00000000 00:00 0 
7f7dc0000000-7f7dc0021000 rw-p 00000000 00:00 0 
7f7dc0021000-7f7dc4000000 ---p 00000000 00:00 0 
7f7dc4000000-7f7dc4021000 rw-p 00000000 00:00 0 
7f7dc4021000-7f7dc8000000 ---p 00000000 00:00 0 
7f7dc8007000-7f7dc8207000 rw-p 00000000 00:00 0 
7f7dc8207000-7f7dc8407000 rw-p 00000000 00:00 0 
7f7dc8407000-7f7dc8607000 rw-p 00000000 00:00 0 
7f7dc8678000-7f7dc867f000 r--s 00000000 08:06 15863595                   /usr/lib/x86_64-linux-gnu/gconv/gconv-modules.cache
7f7dc867f000-7f7dc887f000 rw-p 00000000 00:00 0 
7f7dc887f000-7f7dc8882000 ---p 00000000 00:00 0 
7f7dc8882000-7f7dc8b80000 rw-p 00000000 00:00 0 
7f7dc8b80000-7f7dc8b82000 r--s 00003000 08:06 659381                     /usr/local/development/dev-7-7/Ignition/IgnitionWebApp/src/main/home/temp/sfc-gateway-api6596261673360072154.jar
7f7dc8b82000-7f7dc8b85000 r--s 00019000 08:06 659380                     /usr/local/development/dev-7-7/Ignition/IgnitionWebApp/src/main/home/temp/sfc-gateway2021285761115240536.jar
7f7dc8b85000-7f7dc8b88000 r--s 00016000 08:06 659379                     /usr/local/development/dev-7-7/Ignition/IgnitionWebApp/src/main/home/temp/sfc-common6464114711872004741.jar
7f7dc8b88000-7f7dc8b8c000 r--s 000be000 08:06 658865                     /usr/local/development/dev-7-7/Ignition/IgnitionWebApp/src/main/home/temp/vis-gateway5368676180860267666.jar
7f7dc8b8c000-7f7dc8b94000 r--s 0009e000 08:06 657830                     /usr/local/development/dev-7-7/Ignition/IgnitionWebApp/src/main/home/temp/secsgem-gateway8693661835919494680.jar
7f7dc8b94000-7f7dc8d94000 rw-p 00000000 00:00 0 
7f7dc8f96000-7f7dc8f99000 ---p 00000000 00:00 0 
7f7dc8f99000-7f7dc9097000 rw-p 00000000 00:00 0 
7f7dc9097000-7f7dc909a000 ---p 00000000 00:00 0 
7f7dc909a000-7f7dc9198000 rw-p 00000000 00:00 0 
7f7dc9198000-7f7dc919b000 ---p 00000000 00:00 0 
7f7dc919b000-7f7dc9499000 rw-p 00000000 00:00 0 
7f7dc9499000-7f7dc94ac000 r--s 00345000 08:06 20582253                   /usr/lib/jvm/jdk1.8.0_20/jre/lib/resources.jar
7f7dc94ac000-7f7dc94af000 ---p 00000000 00:00 0 
7f7dc94af000-7f7dc97ae000 rw-p 00000000 00:00 0 
7f7dc97ae000-7f7dc97af000 r--s 00002000 08:06 658870                     /usr/local/development/dev-7-7/Ignition/IgnitionWebApp/src/main/home/temp/vis-common6246547391122979638.jar
7f7dc97af000-7f7dc97b0000 r--s 00004000 08:06 658859                     /usr/local/development/dev-7-7/Ignition/IgnitionWebApp/src/main/home/temp/secsgem-shared3769628009041331956.jar
7f7dc97b0000-7f7dc97b1000 r--s 00000000 08:06 2365020                    /usr/local/development/dev-7-7/Ignition/IgnitionWebApp/target/ignition-webapp-7.7/WEB-INF/lib/xopc-common-2.7.2-20141104.213412-19.jar
7f7dc97b1000-7f7dc97c9000 r--s 000f7000 08:06 2365016                    /usr/local/development/dev-7-7/Ignition/IgnitionWebApp/target/ignition-webapp-7.7/WEB-INF/lib/xopc-2.7.2-20141104.213433-19.jar
7f7dc97c9000-7f7dc97d6000 r--s 000a0000 08:06 2365222                    /usr/local/development/dev-7-7/Ignition/IgnitionWebApp/target/ignition-webapp-7.7/WEB-INF/lib/winpack-3.8.3.jar
7f7dc97d6000-7f7dc97e0000 r--s 0005c000 08:06 2364945                    /usr/local/development/dev-7-7/Ignition/IgnitionWebApp/target/ignition-webapp-7.7/WEB-INF/lib/wicket-util-6.1.1.jar
7f7dc97e0000-7f7dc97e3000 r--s 00012000 08:06 2364946                    /usr/local/development/dev-7-7/Ignition/IgnitionWebApp/target/ignition-webapp-7.7/WEB-INF/lib/wicket-request-6.1.1.jar
7f7dc97e3000-7f7dc97f5000 r--s 00138000 08:06 2364948                    /usr/local/development/dev-7-7/Ignition/IgnitionWebApp/target/ignition-webapp-7.7/WEB-INF/lib/wicket-extensions-6.1.1.jar
7f7dc97f5000-7f7dc97f8000 r--s 00038000 08:06 2364947                    /usr/local/development/dev-7-7/Ignition/IgnitionWebApp/target/ignition-webapp-7.7/WEB-INF/lib/wicket-datetime-6.1.1.jar
7f7dc97f8000-7f7dc981b000 r--s 001a3000 08:06 2364944                    /usr/local/development/dev-7-7/Ignition/IgnitionWebApp/target/ignition-webapp-7.7/WEB-INF/lib/wicket-core-6.1.1.jar
7f7dc981b000-7f7dc981d000 r--s 0012e000 08:06 2365207                    /usr/local/development/dev-7-7/Ignition/IgnitionWebApp/target/ignition-webapp-7.7/WEB-INF/lib/voice-cmu-slt-hsmm-5.0.jar
7f7dc981d000-7f7dc981e000 r--s 00006000 08:06 2365022                    /usr/local/development/dev-7-7/Ignition/IgnitionWebApp/target/ignition-webapp-7.7/WEB-INF/lib/user-manual-module-1.7.0-20131026.004611-6.jar
7f7dc981e000-7f7dc981f000 r--s 00268000 08:06 2365208                    /usr/local/development/dev-7-7/Ignition/IgnitionWebApp/target/ignition-webapp-7.7/WEB-INF/lib/ttsengine-ivona-2.7.2-20141104.214148-19.jar
7f7dc981f000-7f7dc9822000 r--s 00017000 08:06 2365002                    /usr/local/development/dev-7-7/Ignition/IgnitionWebApp/target/ignition-webapp-7.7/WEB-INF/lib/timingframework-1.0.jar
7f7dc9822000-7f7dc9824000 r--s 00001000 08:06 2364734                    /usr/local/development/dev-7-7/Ignition/IgnitionWebApp/target/ignition-webapp-7.7/WEB-INF/lib/slf4j-log4j12-1.7.5.jar
7f7dc9824000-7f7dc9826000 r--s 00005000 08:06 2364733                    /usr/local/development/dev-7-7/Ignition/IgnitionWebApp/target/ignition-webapp-7.7/WEB-INF/lib/slf4j-api-1.7.5.jar
7f7dc9826000-7f7dc9830000 r--s 00061000 08:06 2365204                    /usr/local/development/dev-7-7/Ignition/IgnitionWebApp/target/ignition-webapp-7.7/WEB-INF/lib/sip-notification-2.7.2-20141104.214142-19.jar
7f7dc9830000-7f7dc9833000 r--s 0001f000 08:06 4198523                    /usr/local/development/dev-7-7/Ignition/IgnitionWebApp/target/ignition-webapp-7.7/WEB-INF/lib/simple-orm-7.7.2-SNAPSHOT.jar
7f7dc9833000-7f7dc9835000 r--s 00003000 08:06 2365213                    /usr/local/development/dev-7-7/Ignition/IgnitionWebApp/target/ignition-webapp-7.7/WEB-INF/lib/sfc-gateway-api-1.7.1-SNAPSHOT.jar
7f7dc9835000-7f7dc9838000 r--s 00019000 08:06 2365212                    /usr/local/development/dev-7-7/Ignition/IgnitionWebApp/target/ignition-webapp-7.7/WEB-INF/lib/sfc-gateway-1.7.1-SNAPSHOT.jar
7f7dc9838000-7f7dc983b000 r--s 00016000 08:06 2365214                    /usr/local/development/dev-7-7/Ignition/IgnitionWebApp/target/ignition-webapp-7.7/WEB-INF/lib/sfc-common-1.7.1-SNAPSHOT.jar
7f7dc983b000-7f7dc983d000 r--s 0000f000 08:06 2365217                    /usr/local/development/dev-7-7/Ignition/IgnitionWebApp/target/ignition-webapp-7.7/WEB-INF/lib/serialio-8.7.0.jar
7f7dc983d000-7f7dc983f000 r--s 00028000 08:06 2365215                    /usr/local/development/dev-7-7/Ignition/IgnitionWebApp/target/ignition-webapp-7.7/WEB-INF/lib/serial-support-gateway-2.7.2-20141104.214033-19.jar
7f7dc983f000-7f7dc9841000 r--s 00002000 08:06 2365216                    /usr/local/development/dev-7-7/Ignition/IgnitionWebApp/target/ignition-webapp-7.7/WEB-INF/lib/serial-support-common-2.7.2-20141104.214027-19.jar
7f7dc9841000-7f7dc9846000 r--s 0003e000 08:06 2364955                    /usr/local/development/dev-7-7/Ignition/IgnitionWebApp/target/ignition-webapp-7.7/WEB-INF/lib/saaj-impl-1.3.jar
7f7dc9846000-7f7dc9848000 r--s 00003000 08:06 2364956                    /usr/local/development/dev-7-7/Ignition/IgnitionWebApp/target/ignition-webapp-7.7/WEB-INF/lib/saaj-api-1.3.jar
7f7dc9848000-7f7dc9852000 r--s 0005c000 08:06 2365219                    /usr/local/development/dev-7-7/Ignition/IgnitionWebApp/target/ignition-webapp-7.7/WEB-INF/lib/opccom-gateway-2.7.2-20141104.213642-1.jar
7f7dc9852000-7f7dc9853000 r--s 00001000 08:06 2365218                    /usr/local/development/dev-7-7/Ignition/IgnitionWebApp/target/ignition-webapp-7.7/WEB-INF/lib/opccom-common-2.7.2-20141104.213635-1.jar
7f7dc9853000-7f7dc9858000 r--s 00086000 08:06 2365210                    /usr/local/development/dev-7-7/Ignition/IgnitionWebApp/target/ignition-webapp-7.7/WEB-INF/lib/mobile-gateway-2.7.2-20141104.213623-19.jar
7f7dc9858000-7f7dc985a000 r--s 00002000 08:06 2365211                    /usr/local/development/dev-7-7/Ignition/IgnitionWebApp/target/ignition-webapp-7.7/WEB-INF/lib/mobile-common-2.7.2-20141104.213605-19.jar
7f7dc985a000-7f7dc985b000 r--s 00003000 08:06 2365006                    /usr/local/development/dev-7-7/Ignition/IgnitionWebApp/target/ignition-webapp-7.7/WEB-INF/lib/miglayout-swing-4.2.jar
7f7dc985b000-7f7dc985d000 r--s 0000f000 08:06 2365007                    /usr/local/development/dev-7-7/Ignition/IgnitionWebApp/target/ignition-webapp-7.7/WEB-INF/lib/miglayout-core-4.2.jar
7f7dc985d000-7f7dc9860000 r--s 00012000 08:06 2364935                    /usr/local/development/dev-7-7/Ignition/IgnitionWebApp/target/ignition-webapp-7.7/WEB-INF/lib/metrics-core-3.0.1.jar
7f7dc9860000-7f7dc98cf000 r--s 007bb000 08:06 2365205                    /usr/local/development/dev-7-7/Ignition/IgnitionWebApp/target/ignition-webapp-7.7/WEB-INF/lib/marytts-server-5.0.jar
7f7dc98cf000-7f7dc98d2000 r--s 0069c000 08:06 2365206                    /usr/local/development/dev-7-7/Ignition/IgnitionWebApp/target/ignition-webapp-7.7/WEB-INF/lib/marytts-lang-en-5.0.jar
7f7dc98d2000-7f7dc98da000 r--s 00075000 08:06 2364951                    /usr/local/development/dev-7-7/Ignition/IgnitionWebApp/target/ignition-webapp-7.7/WEB-INF/lib/mail-1.4.5.jar
7f7dc98da000-7f7dc98e1000 r--s 00059000 08:06 2364732                    /usr/local/development/dev-7-7/Ignition/IgnitionWebApp/target/ignition-webapp-7.7/WEB-INF/lib/log4j-1.2.15.jar
7f7dc98e1000-7f7dc997e000 r--s 0082e000 08:06 2364728                    /usr/local/development/dev-7-7/Ignition/IgnitionWebApp/target/ignition-webapp-7.7/WEB-INF/lib/jython-2.5.3-guava-upgrade.jar
7f7dc997e000-7f7dc997f000 r--s 00001000 08:06 2364765                    /usr/local/development/dev-7-7/Ignition/IgnitionWebApp/target/ignition-webapp-7.7/WEB-INF/lib/jul-to-slf4j-1.7.5.jar
7f7dc997f000-7f7dc9985000 r--s 00036000 08:06 2364949                    /usr/local/development/dev-7-7/Ignition/IgnitionWebApp/target/ignition-webapp-7.7/WEB-INF/lib/jquery-ui-core-6.1.0.jar
7f7dc9985000-7f7dc9994000 r--s 0007c000 08:06 2364936                    /usr/local/development/dev-7-7/Ignition/IgnitionWebApp/target/ignition-webapp-7.7/WEB-INF/lib/joda-time-2.0.jar
7f7dc9994000-7f7dc9998000 r--s 00037000 08:06 2365221                    /usr/local/development/dev-7-7/Ignition/IgnitionWebApp/target/ignition-webapp-7.7/WEB-INF/lib/jniwrap-3.8.3.jar
7f7dc9998000-7f7dc999a000 r--s 00011000 08:06 2365015                    /usr/local/development/dev-7-7/Ignition/IgnitionWebApp/target/ignition-webapp-7.7/WEB-INF/lib/jide-shortcut-3.5.13.jar
7f7dc999a000-7f7dc999e000 r--s 00022000 08:06 2365010                    /usr/local/development/dev-7-7/Ignition/IgnitionWebApp/target/ignition-webapp-7.7/WEB-INF/lib/jide-plaf-3.5.13.jar
7f7dc999e000-7f7dc99c4000 r--s 001da000 08:06 2365009                    /usr/local/development/dev-7-7/Ignition/IgnitionWebApp/target/ignition-webapp-7.7/WEB-INF/lib/jide-grids-3.5.13.jar
7f7dc99c4000-7f7dc99ce000 r--s 00061000 08:06 2365014                    /usr/local/development/dev-7-7/Ignition/IgnitionWebApp/target/ignition-webapp-7.7/WEB-INF/lib/jide-editor-3.5.13.jar
7f7dc99ce000-7f7dc99d4000 r--s 0004f000 08:06 2365013                    /usr/local/development/dev-7-7/Ignition/IgnitionWebApp/target/ignition-webapp-7.7/WEB-INF/lib/jide-dock-3.5.13.jar
7f7dc99d4000-7f7dc99d6000 r--s 0000c000 08:06 2365012                    /usr/local/development/dev-7-7/Ignition/IgnitionWebApp/target/ignition-webapp-7.7/WEB-INF/lib/jide-dialogs-3.5.13.jar
7f7dc99d6000-7f7dc99de000 r--s 00055000 08:06 2365008                    /usr/local/development/dev-7-7/Ignition/IgnitionWebApp/target/ignition-webapp-7.7/WEB-INF/lib/jide-components-3.5.13.jar
7f7dc99de000-7f7dc99fb000 r--s 00155000 08:06 2364766                    /usr/local/development/dev-7-7/Ignition/IgnitionWebApp/target/ignition-webapp-7.7/WEB-INF/lib/jide-common-3.5.13.jar
7f7dc99fb000-7f7dc9a00000 r--s 0002f000 08:06 2365011                    /usr/local/development/dev-7-7/Ignition/IgnitionWebApp/target/ignition-webapp-7.7/WEB-INF/lib/jide-action-3.5.13.jar
7f7dc9a00000-7f7dc9a14000 r--s 0017c000 08:06 2365004                    /usr/local/development/dev-7-7/Ignition/IgnitionWebApp/target/ignition-webapp-7.7/WEB-INF/lib/jfreechart-min-1.0.0.jar
7f7dc9a14000-7f7dc9a16000 r--s 00004000 08:06 2364991                    /usr/local/development/dev-7-7/Ignition/IgnitionWebApp/target/ignition-webapp-7.7/WEB-INF/lib/jaxrpc-spi-1.1.3_01.jar
7f7dc9a16000-7f7dc9a33000 r--s 001ea000 08:06 2364953                    /usr/local/development/dev-7-7/Ignition/IgnitionWebApp/target/ignition-webapp-7.7/WEB-INF/lib/jaxrpc-impl-1.1.3_01.jar
7f7dc9a33000-7f7dc9a35000 r--s 00005000 08:06 2364954                    /usr/local/development/dev-7-7/Ignition/IgnitionWebApp/target/ignition-webapp-7.7/WEB-INF/lib/jaxrpc-api-1.1.jar
7f7dc9a35000-7f7dc9a37000 r--s 00013000 08:06 2364730                    /usr/local/development/dev-7-7/Ignition/IgnitionWebApp/target/ignition-webapp-7.7/WEB-INF/lib/java-cup-10k.jar
7f7dc9a37000-7f7dc9a38000 r--s 00003000 08:06 2365209                    /usr/local/development/dev-7-7/Ignition/IgnitionWebApp/target/ignition-webapp-7.7/WEB-INF/lib/ivonatts-1.0.0.jar
7f7dc9a38000-7f7dc9a3a000 r--s 00001000 08:06 2365019                    /usr/local/development/dev-7-7/Ignition/IgnitionWebApp/target/ignition-webapp-7.7/WEB-INF/lib/io-session-3.0.0-20130122.214435-9.jar
7f7dc9a3a000-7f7dc9a45000 r--s 00073000 08:06 2365018                    /usr/local/development/dev-7-7/Ignition/IgnitionWebApp/target/ignition-webapp-7.7/WEB-INF/lib/ia-opcua-2.7.2-20141104.213404-19.jar
7f7dc9a45000-7f7dc9a53000 r--s 0014e000 08:06 2364950                    /usr/local/development/dev-7-7/Ignition/IgnitionWebApp/target/ignition-webapp-7.7/WEB-INF/lib/hsqldb-2.2.9.jar
7f7dc9a53000-7f7dc9a54000 r--s 00001000 08:06 2365000                    /usr/local/development/dev-7-7/Ignition/IgnitionWebApp/target/ignition-webapp-7.7/WEB-INF/lib/hasp-srm-api-1.0.0.jar
7f7dc9a54000-7f7dc9a78000 r--s 001aa000 08:06 2364726                    /usr/local/development/dev-7-7/Ignition/IgnitionWebApp/target/ignition-webapp-7.7/WEB-INF/lib/guava-13.0.1.jar
7f7dc9a78000-7f7dc9a9d000 r--s 00155000 08:06 4198538                    /usr/local/development/dev-7-7/Ignition/IgnitionWebApp/target/ignition-webapp-7.7/WEB-INF/lib/gateway-api-7.7.2-SNAPSHOT.jar
7f7dc9a9d000-7f7dc9ad2000 r--s 00273000 08:06 4198524                    /usr/local/development/dev-7-7/Ignition/IgnitionWebApp/target/ignition-webapp-7.7/WEB-INF/lib/gateway-7.7.2-SNAPSHOT.jar
7f7dc9ad2000-7f7dc9ad6000 r--s 00016000 08:06 2365023                    /usr/local/development/dev-7-7/Ignition/IgnitionWebApp/target/ignition-webapp-7.7/WEB-INF/lib/fsql-common-6.7.2-20141104.213458-19.jar
7f7dc9ad6000-7f7dc9ade000 r--s 001ca000 08:06 2365024                    /usr/local/development/dev-7-7/Ignition/IgnitionWebApp/target/ignition-webapp-7.7/WEB-INF/lib/fsql-6.7.2-20141104.213508-19.jar
7f7dc9ade000-7f7dc9ae2000 r--s 000be000 08:06 4198129                    /usr/local/development/dev-7-7/Ignition/IgnitionWebApp/target/ignition-webapp-7.7/WEB-INF/lib/fpmi-gateway-7.7.2-SNAPSHOT.jar
7f7dc9ae2000-7f7dc9ae3000 r--s 00001000 08:06 4198528                    /usr/local/development/dev-7-7/Ignition/IgnitionWebApp/target/ignition-webapp-7.7/WEB-INF/lib/fpmi-common-7.7.2-SNAPSHOT.jar
7f7dc9ae3000-7f7dc9ae6000 r--s 00013000 08:06 2365003                    /usr/local/development/dev-7-7/Ignition/IgnitionWebApp/target/ignition-webapp-7.7/WEB-INF/lib/forms-1.0.7.jar
7f7dc9ae6000-7f7dc9ae8000 r--s 00003000 08:06 2365021                    /usr/local/development/dev-7-7/Ignition/IgnitionWebApp/target/ignition-webapp-7.7/WEB-INF/lib/drivers-common-2.7.2-20141104.213438-19.jar
7f7dc9ae8000-7f7dc9aef000 r--s 0002f000 08:06 2365017                    /usr/local/development/dev-7-7/Ignition/IgnitionWebApp/target/ignition-webapp-7.7/WEB-INF/lib/driver-api-2.7.2-20141104.213410-19.jar
7f7dc9aef000-7f7dc9b45000 r--s 00512000 08:06 4198539                    /usr/local/development/dev-7-7/Ignition/IgnitionWebApp/target/ignition-webapp-7.7/WEB-INF/lib/designer-7.7.2-SNAPSHOT.jar
7f7dc9b45000-7f7dc9b47000 r--s 00007000 08:06 2364731                    /usr/local/development/dev-7-7/Ignition/IgnitionWebApp/target/ignition-webapp-7.7/WEB-INF/lib/cron4j-2.2.3.jar
7f7dc9b47000-7f7dc9b4e000 r--s 00054000 08:06 2364729                    /usr/local/development/dev-7-7/Ignition/IgnitionWebApp/target/ignition-webapp-7.7/WEB-INF/lib/core-1.7.jar
7f7dc9b4e000-7f7dc9b51000 r--s 00013000 08:06 2364999                    /usr/local/development/dev-7-7/Ignition/IgnitionWebApp/target/ignition-webapp-7.7/WEB-INF/lib/commons-pool-1.4.jar
7f7dc9b51000-7f7dc9b53000 r--s 0000d000 08:06 2364941                    /usr/local/development/dev-7-7/Ignition/IgnitionWebApp/target/ignition-webapp-7.7/WEB-INF/lib/commons-logging-1.1.1.jar
7f7dc9b53000-7f7dc9b59000 r--s 00048000 08:06 2364723                    /usr/local/development/dev-7-7/Ignition/IgnitionWebApp/target/ignition-webapp-7.7/WEB-INF/lib/commons-lang3-3.1.jar
7f7dc9b59000-7f7dc9b5b000 r--s 0000e000 08:06 2364942                    /usr/local/development/dev-7-7/Ignition/IgnitionWebApp/target/ignition-webapp-7.7/WEB-INF/lib/commons-lang-1.0.jar
7f7dc9b5b000-7f7dc9b8c000 r--s 001ea000 08:06 4198540                    /usr/local/development/dev-7-7/Ignition/IgnitionWebApp/target/ignition-webapp-7.7/WEB-INF/lib/common-7.7.2-SNAPSHOT.jar
7f7dc9b8c000-7f7dc9bb2000 r--s 001be000 08:06 4198525                    /usr/local/development/dev-7-7/Ignition/IgnitionWebApp/target/ignition-webapp-7.7/WEB-INF/lib/client-api-7.7.2-SNAPSHOT.jar
7f7dc9bb2000-7f7dc9bb5000 ---p 00000000 00:00 0 
7f7dc9bb5000-7f7dc9eb3000 rw-p 00000000 00:00 0 
7f7dc9eb3000-7f7dc9eb6000 ---p 00000000 00:00 0 
7f7dc9eb6000-7f7dc9fb4000 rw-p 00000000 00:00 0                          [stack:18080]
7f7dc9fb4000-7f7dc9fb7000 ---p 00000000 00:00 0 
7f7dc9fb7000-7f7dca0b5000 rw-p 00000000 00:00 0                          [stack:18079]
7f7dca0b5000-7f7dca0b8000 ---p 00000000 00:00 0 
7f7dca0b8000-7f7dca1b6000 rw-p 00000000 00:00 0                          [stack:18078]
7f7dca1b6000-7f7dca1b9000 ---p 00000000 00:00 0 
7f7dca1b9000-7f7dca2b7000 rw-p 00000000 00:00 0                          [stack:18077]
7f7dca2b7000-7f7dca2ba000 ---p 00000000 00:00 0 
7f7dca2ba000-7f7dca3b8000 rw-p 00000000 00:00 0                          [stack:18076]
7f7dca3b8000-7f7dca3bb000 ---p 00000000 00:00 0 
7f7dca3bb000-7f7dca4b9000 rw-p 00000000 00:00 0                          [stack:18075]
7f7dca4b9000-7f7dca4bc000 ---p 00000000 00:00 0 
7f7dca4bc000-7f7dca5ba000 rw-p 00000000 00:00 0 
7f7dca5ba000-7f7dca5d0000 r-xp 00000000 08:06 15602357                   /lib/x86_64-linux-gnu/libgcc_s.so.1
7f7dca5d0000-7f7dca7cf000 ---p 00016000 08:06 15602357                   /lib/x86_64-linux-gnu/libgcc_s.so.1
7f7dca7cf000-7f7dca7d0000 rw-p 00015000 08:06 15602357                   /lib/x86_64-linux-gnu/libgcc_s.so.1
7f7dca7d0000-7f7dca802000 r-xp 00000000 08:06 20582265                   /usr/lib/jvm/jdk1.8.0_20/jre/lib/amd64/libsunec.so
7f7dca802000-7f7dcaa01000 ---p 00032000 08:06 20582265                   /usr/lib/jvm/jdk1.8.0_20/jre/lib/amd64/libsunec.so
7f7dcaa01000-7f7dcaa07000 rw-p 00031000 08:06 20582265                   /usr/lib/jvm/jdk1.8.0_20/jre/lib/amd64/libsunec.so
7f7dcaa07000-7f7dcac17000 rw-p 00000000 00:00 0 
7f7dcac17000-7f7dcac1c000 r-xp 00000000 08:06 15211194                   /usr/lib/x86_64-linux-gnu/libXdmcp.so.6.0.0
7f7dcac1c000-7f7dcae1b000 ---p 00005000 08:06 15211194                   /usr/lib/x86_64-linux-gnu/libXdmcp.so.6.0.0
7f7dcae1b000-7f7dcae1c000 r--p 00004000 08:06 15211194                   /usr/lib/x86_64-linux-gnu/libXdmcp.so.6.0.0
7f7dcae1c000-7f7dcae1d000 rw-p 00005000 08:06 15211194                   /usr/lib/x86_64-linux-gnu/libXdmcp.so.6.0.0
7f7dcae1d000-7f7dcae1f000 r-xp 00000000 08:06 15211183                   /usr/lib/x86_64-linux-gnu/libXau.so.6.0.0
7f7dcae1f000-7f7dcb01f000 ---p 00002000 08:06 15211183                   /usr/lib/x86_64-linux-gnu/libXau.so.6.0.0
7f7dcb01f000-7f7dcb020000 r--p 00002000 08:06 15211183                   /usr/lib/x86_64-linux-gnu/libXau.so.6.0.0
7f7dcb020000-7f7dcb021000 rw-p 00003000 08:06 15211183                   /usr/lib/x86_64-linux-gnu/libXau.so.6.0.0
7f7dcb021000-7f7dcb03e000 r-xp 00000000 08:06 15212358                   /usr/lib/x86_64-linux-gnu/libxcb.so.1.1.0
7f7dcb03e000-7f7dcb23e000 ---p 0001d000 08:06 15212358                   /usr/lib/x86_64-linux-gnu/libxcb.so.1.1.0
7f7dcb23e000-7f7dcb23f000 r--p 0001d000 08:06 15212358                   /usr/lib/x86_64-linux-gnu/libxcb.so.1.1.0
7f7dcb23f000-7f7dcb240000 rw-p 0001e000 08:06 15212358                   /usr/lib/x86_64-linux-gnu/libxcb.so.1.1.0
7f7dcb240000-7f7dcb24f000 r-xp 00000000 08:06 15211204                   /usr/lib/x86_64-linux-gnu/libXi.so.6.1.0
7f7dcb24f000-7f7dcb44e000 ---p 0000f000 08:06 15211204                   /usr/lib/x86_64-linux-gnu/libXi.so.6.1.0
7f7dcb44e000-7f7dcb44f000 r--p 0000e000 08:06 15211204                   /usr/lib/x86_64-linux-gnu/libXi.so.6.1.0
7f7dcb44f000-7f7dcb450000 rw-p 0000f000 08:06 15211204                   /usr/lib/x86_64-linux-gnu/libXi.so.6.1.0
7f7dcb450000-7f7dcb455000 r-xp 00000000 08:06 15211222                   /usr/lib/x86_64-linux-gnu/libXtst.so.6.1.0
7f7dcb455000-7f7dcb654000 ---p 00005000 08:06 15211222                   /usr/lib/x86_64-linux-gnu/libXtst.so.6.1.0
7f7dcb654000-7f7dcb655000 r--p 00004000 08:06 15211222                   /usr/lib/x86_64-linux-gnu/libXtst.so.6.1.0
7f7dcb655000-7f7dcb656000 rw-p 00005000 08:06 15211222                   /usr/lib/x86_64-linux-gnu/libXtst.so.6.1.0
7f7dcb656000-7f7dcb65f000 r-xp 00000000 08:06 15211216                   /usr/lib/x86_64-linux-gnu/libXrender.so.1.3.0
7f7dcb65f000-7f7dcb85e000 ---p 00009000 08:06 15211216                   /usr/lib/x86_64-linux-gnu/libXrender.so.1.3.0
7f7dcb85e000-7f7dcb85f000 r--p 00008000 08:06 15211216                   /usr/lib/x86_64-linux-gnu/libXrender.so.1.3.0
7f7dcb85f000-7f7dcb860000 rw-p 00009000 08:06 15211216                   /usr/lib/x86_64-linux-gnu/libXrender.so.1.3.0
7f7dcb860000-7f7dcb990000 r-xp 00000000 08:06 15211179                   /usr/lib/x86_64-linux-gnu/libX11.so.6.3.0
7f7dcb990000-7f7dcbb90000 ---p 00130000 08:06 15211179                   /usr/lib/x86_64-linux-gnu/libX11.so.6.3.0
7f7dcbb90000-7f7dcbb91000 r--p 00130000 08:06 15211179                   /usr/lib/x86_64-linux-gnu/libX11.so.6.3.0
7f7dcbb91000-7f7dcbb95000 rw-p 00131000 08:06 15211179                   /usr/lib/x86_64-linux-gnu/libX11.so.6.3.0
7f7dcbb95000-7f7dcbba6000 r-xp 00000000 08:06 15211196                   /usr/lib/x86_64-linux-gnu/libXext.so.6.4.0
7f7dcbba6000-7f7dcbda5000 ---p 00011000 08:06 15211196                   /usr/lib/x86_64-linux-gnu/libXext.so.6.4.0
7f7dcbda5000-7f7dcbda6000 r--p 00010000 08:06 15211196                   /usr/lib/x86_64-linux-gnu/libXext.so.6.4.0
7f7dcbda6000-7f7dcbda7000 rw-p 00011000 08:06 15211196                   /usr/lib/x86_64-linux-gnu/libXext.so.6.4.0
7f7dcbda7000-7f7dcbdfb000 r-xp 00000000 08:06 20582307                   /usr/lib/jvm/jdk1.8.0_20/jre/lib/amd64/libawt_xawt.so
7f7dcbdfb000-7f7dcbffb000 ---p 00054000 08:06 20582307                   /usr/lib/jvm/jdk1.8.0_20/jre/lib/amd64/libawt_xawt.so
7f7dcbffb000-7f7dcbfff000 rw-p 00054000 08:06 20582307                   /usr/lib/jvm/jdk1.8.0_20/jre/lib/amd64/libawt_xawt.so
7f7dcbfff000-7f7dcc000000 rw-p 00000000 00:00 0 
7f7dcc000000-7f7dcc021000 rw-p 00000000 00:00 0 
7f7dcc021000-7f7dd0000000 ---p 00000000 00:00 0 
7f7dd0000000-7f7dd0569000 rw-p 00000000 00:00 0 
7f7dd0569000-7f7dd4000000 ---p 00000000 00:00 0 
7f7dd4000000-7f7dd4021000 rw-p 00000000 00:00 0 
7f7dd4021000-7f7dd8000000 ---p 00000000 00:00 0 
7f7dd8000000-7f7dd8566000 rw-p 00000000 00:00 0 
7f7dd8566000-7f7ddc000000 ---p 00000000 00:00 0 
7f7ddc000000-7f7ddc021000 rw-p 00000000 00:00 0 
7f7ddc021000-7f7de0000000 ---p 00000000 00:00 0 
7f7de0000000-7f7de0021000 rw-p 00000000 00:00 0 
7f7de0021000-7f7de4000000 ---p 00000000 00:00 0 
7f7de4000000-7f7de4021000 rw-p 00000000 00:00 0 
7f7de4021000-7f7de8000000 ---p 00000000 00:00 0 
7f7de8000000-7f7de8021000 rw-p 00000000 00:00 0 
7f7de8021000-7f7dec000000 ---p 00000000 00:00 0 
7f7dec000000-7f7deda77000 rw-p 00000000 00:00 0 
7f7deda77000-7f7df0000000 ---p 00000000 00:00 0 
7f7df0000000-7f7df0901000 rw-p 00000000 00:00 0 
7f7df0901000-7f7df4000000 ---p 00000000 00:00 0 
7f7df4000000-7f7df5e30000 rw-p 00000000 00:00 0 
7f7df5e30000-7f7df8000000 ---p 00000000 00:00 0 
7f7df8000000-7f7df9fd8000 rw-p 00000000 00:00 0 
7f7df9fd8000-7f7dfc000000 ---p 00000000 00:00 0 
7f7dfc000000-7f7dfc0b9000 rw-p 00000000 00:00 0 
7f7dfc0b9000-7f7e00000000 ---p 00000000 00:00 0 
7f7e00000000-7f7e00021000 rw-p 00000000 00:00 0 
7f7e00021000-7f7e04000000 ---p 00000000 00:00 0 
7f7e04000000-7f7e04021000 rw-p 00000000 00:00 0 
7f7e04021000-7f7e08000000 ---p 00000000 00:00 0 
7f7e08000000-7f7e08021000 rw-p 00000000 00:00 0 
7f7e08021000-7f7e0c000000 ---p 00000000 00:00 0 
7f7e0c000000-7f7e0c021000 rw-p 00000000 00:00 0 
7f7e0c021000-7f7e10000000 ---p 00000000 00:00 0 
7f7e10000000-7f7e1003d000 rw-p 00000000 00:00 0 
7f7e1003d000-7f7e14000000 ---p 00000000 00:00 0 
7f7e14000000-7f7e140fa000 rw-p 00000000 00:00 0 
7f7e140fa000-7f7e18000000 ---p 00000000 00:00 0 
7f7e18000000-7f7e18003000 r--s 00025000 08:06 2364722                    /usr/local/development/dev-7-7/Ignition/IgnitionWebApp/target/ignition-webapp-7.7/WEB-INF/lib/commons-io-2.1.jar
7f7e18003000-7f7e18006000 r--s 0000f000 08:06 2364997                    /usr/local/development/dev-7-7/Ignition/IgnitionWebApp/target/ignition-webapp-7.7/WEB-INF/lib/commons-discovery-0.2.jar
7f7e18006000-7f7e18008000 r--s 0001c000 08:06 2364998                    /usr/local/development/dev-7-7/Ignition/IgnitionWebApp/target/ignition-webapp-7.7/WEB-INF/lib/commons-dbcp-1.2.2.jar
7f7e18008000-7f7e1800a000 r--s 00006000 08:06 2364940                    /usr/local/development/dev-7-7/Ignition/IgnitionWebApp/target/ignition-webapp-7.7/WEB-INF/lib/commons-cli-1.0.jar
7f7e1800a000-7f7e18017000 r--s 00084000 08:06 2365220                    /usr/local/development/dev-7-7/Ignition/IgnitionWebApp/target/ignition-webapp-7.7/WEB-INF/lib/comfyj-2.9.jar
7f7e18017000-7f7e1801c000 r--s 00030000 08:06 4198529                    /usr/local/development/dev-7-7/Ignition/IgnitionWebApp/target/ignition-webapp-7.7/WEB-INF/lib/client-bootstrap-7.7.2-SNAPSHOT.jar
7f7e1801c000-7f7e1801d000 r--s 00004000 08:06 4198527                    /usr/local/development/dev-7-7/Ignition/IgnitionWebApp/target/ignition-webapp-7.7/WEB-INF/lib/bootstrap-7.7.2-SNAPSHOT-classes.jar
7f7e1801d000-7f7e18045000 r--s 00196000 08:06 2364727                    /usr/local/development/dev-7-7/Ignition/IgnitionWebApp/target/ignition-webapp-7.7/WEB-INF/lib/bcprov-jdk16-unsigned-1.46-unsigned.jar
7f7e18045000-7f7e1804a000 r--s 0003e000 08:06 2364938                    /usr/local/development/dev-7-7/Ignition/IgnitionWebApp/target/ignition-webapp-7.7/WEB-INF/lib/barcode4j-2.1.jar
7f7e1804a000-7f7e1804d000 r--s 0001c000 08:06 2364996                    /usr/local/development/dev-7-7/Ignition/IgnitionWebApp/target/ignition-webapp-7.7/WEB-INF/lib/axis-wsdl4j-1.5.1.jar
7f7e1804d000-7f7e1804e000 r--s 00004000 08:06 2364995                    /usr/local/development/dev-7-7/Ignition/IgnitionWebApp/target/ignition-webapp-7.7/WEB-INF/lib/axis-saaj-1.4.jar
7f7e1804e000-7f7e18050000 r--s 00006000 08:06 2364994                    /usr/local/development/dev-7-7/Ignition/IgnitionWebApp/target/ignition-webapp-7.7/WEB-INF/lib/axis-jaxrpc-1.4.jar
7f7e18050000-7f7e18064000 r--s 00173000 08:06 2364993                    /usr/local/development/dev-7-7/Ignition/IgnitionWebApp/target/ignition-webapp-7.7/WEB-INF/lib/axis-1.4.jar
7f7e18064000-7f7e18066000 r--s 0000d000 08:06 2364939                    /usr/local/development/dev-7-7/Ignition/IgnitionWebApp/target/ignition-webapp-7.7/WEB-INF/lib/avalon-framework-impl-4.2.0.jar
7f7e18066000-7f7e1806e000 r--s 00049000 08:06 2365005                    /usr/local/development/dev-7-7/Ignition/IgnitionWebApp/target/ignition-webapp-7.7/WEB-INF/lib/alloy-1.4.4.ia1.jar
7f7e1806e000-7f7e18074000 r--s 00032000 08:06 2365025                    /usr/local/development/dev-7-7/Ignition/IgnitionWebApp/target/ignition-webapp-7.7/WEB-INF/lib/alarm-notification-gateway-2.7.2-20141104.214111-19.jar
7f7e18074000-7f7e1807e000 r--s 00036000 08:06 2365203                    /usr/local/development/dev-7-7/Ignition/IgnitionWebApp/target/ignition-webapp-7.7/WEB-INF/lib/airlink-sms-notification-2.7.2-20141104.214125-19.jar
7f7e1807e000-7f7e18120000 r-xp 00000000 08:06 20582293                   /usr/lib/jvm/jdk1.8.0_20/jre/lib/amd64/libawt.so
7f7e18120000-7f7e18320000 ---p 000a2000 08:06 20582293                   /usr/lib/jvm/jdk1.8.0_20/jre/lib/amd64/libawt.so
7f7e18320000-7f7e1832c000 rw-p 000a2000 08:06 20582293                   /usr/lib/jvm/jdk1.8.0_20/jre/lib/amd64/libawt.so
7f7e1832c000-7f7e20000000 rw-p 00000000 00:00 0 
7f7e20000000-7f7e20021000 rw-p 00000000 00:00 0 
7f7e20021000-7f7e24000000 ---p 00000000 00:00 0 
7f7e24000000-7f7e24002000 r--s 00003000 08:06 2365026                    /usr/local/development/dev-7-7/Ignition/IgnitionWebApp/target/ignition-webapp-7.7/WEB-INF/lib/alarm-notification-gateway-api-2.7.2-20141104.214105-19.jar
7f7e24002000-7f7e24004000 r--s 00004000 08:06 2365027                    /usr/local/development/dev-7-7/Ignition/IgnitionWebApp/target/ignition-webapp-7.7/WEB-INF/lib/alarm-notification-common-2.7.2-20141104.214053-19.jar
7f7e24004000-7f7e24006000 r--s 0000d000 08:06 2365001                    /usr/local/development/dev-7-7/Ignition/IgnitionWebApp/target/ignition-webapp-7.7/WEB-INF/lib/activation-ws-1.0.0.jar
7f7e24006000-7f7e24008000 r--s 0000e000 08:06 2364952                    /usr/local/development/dev-7-7/Ignition/IgnitionWebApp/target/ignition-webapp-7.7/WEB-INF/lib/activation-1.1.jar
7f7e24008000-7f7e24011000 r--s 00069000 08:06 2365223                    /usr/local/development/dev-7-7/Ignition/IgnitionWebApp/target/ignition-webapp-7.7/WEB-INF/lib/ab-drivers-1.7.0-20131026.004154-8.jar
7f7e24011000-7f7e24016000 r--s 0003c000 08:06 2364992                    /usr/local/development/dev-7-7/Ignition/IgnitionWebApp/target/ignition-webapp-7.7/WEB-INF/lib/FastInfoset-1.0.2.jar
7f7e24016000-7f7e2401b000 r--s 002f8000 08:06 20582247                   /usr/lib/jvm/jdk1.8.0_20/jre/lib/charsets.jar
7f7e2401b000-7f7e24020000 r--s 0003f000 08:06 1185790                    /usr/lib/jvm/jdk1.8.0_20/jre/lib/ext/sunjce_provider.jar
7f7e24020000-7f7e24023000 r--s 0003a000 08:06 1185787                    /usr/lib/jvm/jdk1.8.0_20/jre/lib/ext/sunpkcs11.jar
7f7e24023000-7f7e24025000 r--s 0001a000 08:06 20582317                   /usr/lib/jvm/jdk1.8.0_20/jre/lib/jce.jar
7f7e24025000-7f7e24028000 ---p 00000000 00:00 0 
7f7e24028000-7f7e24126000 rw-p 00000000 00:00 0                          [stack:18072]
7f7e24126000-7f7e24129000 ---p 00000000 00:00 0 
7f7e24129000-7f7e24227000 rw-p 00000000 00:00 0                          [stack:18073]
7f7e24227000-7f7e2422a000 ---p 00000000 00:00 0 
7f7e2422a000-7f7e24328000 rw-p 00000000 00:00 0                          [stack:18131]
7f7e24328000-7f7e2432b000 ---p 00000000 00:00 0 
7f7e2432b000-7f7e24429000 rw-p 00000000 00:00 0                          [stack:18068]
7f7e24429000-7f7e2442c000 ---p 00000000 00:00 0 
7f7e2442c000-7f7e2452a000 rw-p 00000000 00:00 0                          [stack:18132]
7f7e2452a000-7f7e24534000 r--s 00116000 08:06 1185789                    /usr/lib/jvm/jdk1.8.0_20/jre/lib/ext/localedata.jar
7f7e24534000-7f7e24550000 r--s 00393000 08:06 1185783                    /usr/lib/jvm/jdk1.8.0_20/jre/lib/ext/cldrdata.jar
7f7e24550000-7f7e24750000 rw-p 00000000 00:00 0 
7f7e24750000-7f7e24753000 r--s 0000f000 08:06 19532219                   /usr/local/development/dev-7-6/Ignition/Servers/apache-tomcat-6.0.36/lib/tomcat-i18n-es.jar
7f7e24753000-7f7e24757000 r--s 0003a000 08:06 19532218                   /usr/local/development/dev-7-6/Ignition/Servers/apache-tomcat-6.0.36/lib/tomcat-dbcp.jar
7f7e24757000-7f7e24767000 r--s 0019c000 08:06 19532210                   /usr/local/development/dev-7-6/Ignition/Servers/apache-tomcat-6.0.36/lib/ecj-3.7.2.jar
7f7e24767000-7f7e2476e000 r--s 000c7000 08:06 19532215                   /usr/local/development/dev-7-6/Ignition/Servers/apache-tomcat-6.0.36/lib/mysql-connector-java-5.1.23-bin.jar
7f7e2476e000-7f7e2477e000 r--s 00120000 08:06 19532209                   /usr/local/development/dev-7-6/Ignition/Servers/apache-tomcat-6.0.36/lib/catalina.jar
7f7e2477e000-7f7e24781000 r--s 0001e000 08:06 19532207                   /usr/local/development/dev-7-6/Ignition/Servers/apache-tomcat-6.0.36/lib/catalina-ha.jar
7f7e24781000-7f7e24785000 r--s 00036000 08:06 19532208                   /usr/local/development/dev-7-6/Ignition/Servers/apache-tomcat-6.0.36/lib/catalina-tribes.jar
7f7e24785000-7f7e2478c000 r--s 0007a000 08:06 19532213                   /usr/local/development/dev-7-6/Ignition/Servers/apache-tomcat-6.0.36/lib/jasper.jar
7f7e2478c000-7f7e2478d000 ---p 00000000 00:00 0 
7f7e2478d000-7f7e2488d000 rw-p 00000000 00:00 0                          [stack:18064]
7f7e2488d000-7f7e24890000 ---p 00000000 00:00 0 
7f7e24890000-7f7e2498e000 rw-p 00000000 00:00 0                          [stack:18063]
7f7e2498e000-7f7e24991000 ---p 00000000 00:00 0 
7f7e24991000-7f7e24a8f000 rw-p 00000000 00:00 0                          [stack:18062]
7f7e24a8f000-7f7e24a92000 ---p 00000000 00:00 0 
7f7e24a92000-7f7e24b90000 rw-p 00000000 00:00 0                          [stack:18061]
7f7e24b90000-7f7e24ba1000 r-xp 00000000 08:06 20582303                   /usr/lib/jvm/jdk1.8.0_20/jre/lib/amd64/libnio.so
7f7e24ba1000-7f7e24da0000 ---p 00011000 08:06 20582303                   /usr/lib/jvm/jdk1.8.0_20/jre/lib/amd64/libnio.so
7f7e24da0000-7f7e24da1000 rw-p 00010000 08:06 20582303                   /usr/lib/jvm/jdk1.8.0_20/jre/lib/amd64/libnio.so
7f7e24da1000-7f7e24dd2000 rw-p 00000000 00:00 0 
7f7e24dd2000-7f7e24de8000 r-xp 00000000 08:06 20582300                   /usr/lib/jvm/jdk1.8.0_20/jre/lib/amd64/libnet.so
7f7e24de8000-7f7e24fe8000 ---p 00016000 08:06 20582300                   /usr/lib/jvm/jdk1.8.0_20/jre/lib/amd64/libnet.so
7f7e24fe8000-7f7e24fe9000 rw-p 00016000 08:06 20582300                   /usr/lib/jvm/jdk1.8.0_20/jre/lib/amd64/libnet.so
7f7e24fe9000-7f7e24ff1000 r-xp 00000000 08:06 20582308                   /usr/lib/jvm/jdk1.8.0_20/jre/lib/amd64/libmanagement.so
7f7e24ff1000-7f7e251f1000 ---p 00008000 08:06 20582308                   /usr/lib/jvm/jdk1.8.0_20/jre/lib/amd64/libmanagement.so
7f7e251f1000-7f7e251f2000 rw-p 00008000 08:06 20582308                   /usr/lib/jvm/jdk1.8.0_20/jre/lib/amd64/libmanagement.so
7f7e251f2000-7f7e251f5000 ---p 00000000 00:00 0 
7f7e251f5000-7f7e252f3000 rw-p 00000000 00:00 0                          [stack:18060]
7f7e252f3000-7f7e252f6000 ---p 00000000 00:00 0 
7f7e252f6000-7f7e253f4000 rw-p 00000000 00:00 0                          [stack:18059]
7f7e253f4000-7f7e253f7000 ---p 00000000 00:00 0 
7f7e253f7000-7f7e254f5000 rw-p 00000000 00:00 0                          [stack:18058]
7f7e254f5000-7f7e254f8000 ---p 00000000 00:00 0 
7f7e254f8000-7f7e255f6000 rw-p 00000000 00:00 0                          [stack:18057]
7f7e255f6000-7f7e255f9000 ---p 00000000 00:00 0 
7f7e255f9000-7f7e256f7000 rw-p 00000000 00:00 0                          [stack:18056]
7f7e256f7000-7f7e256fa000 ---p 00000000 00:00 0 
7f7e256fa000-7f7e257f8000 rw-p 00000000 00:00 0 
7f7e257f8000-7f7e257fb000 ---p 00000000 00:00 0 
7f7e257fb000-7f7e258f9000 rw-p 00000000 00:00 0                          [stack:18054]
7f7e258f9000-7f7e258fc000 ---p 00000000 00:00 0 
7f7e258fc000-7f7e259fa000 rw-p 00000000 00:00 0 
7f7e259fa000-7f7e259fe000 r-xp 00000000 08:06 20582275                   /usr/lib/jvm/jdk1.8.0_20/jre/lib/amd64/libdt_socket.so
7f7e259fe000-7f7e25bfd000 ---p 00004000 08:06 20582275                   /usr/lib/jvm/jdk1.8.0_20/jre/lib/amd64/libdt_socket.so
7f7e25bfd000-7f7e25bfe000 rw-p 00003000 08:06 20582275                   /usr/lib/jvm/jdk1.8.0_20/jre/lib/amd64/libdt_socket.so
7f7e25bfe000-7f7e25c01000 ---p 00000000 00:00 0 
7f7e25c01000-7f7e25cff000 rw-p 00000000 00:00 0                          [stack:18050]
7f7e25cff000-7f7e25d02000 ---p 00000000 00:00 0 
7f7e25d02000-7f7e25e00000 rw-p 00000000 00:00 0                          [stack:18049]
7f7e25e00000-7f7e25e03000 ---p 00000000 00:00 0 
7f7e25e03000-7f7e25f01000 rw-p 00000000 00:00 0                          [stack:18048]
7f7e25f01000-7f7e25f02000 ---p 00000000 00:00 0 
7f7e25f02000-7f7e28000000 rw-p 00000000 00:00 0                          [stack:18047]
7f7e28000000-7f7e28021000 rw-p 00000000 00:00 0 
7f7e28021000-7f7e2c000000 ---p 00000000 00:00 0 
7f7e2c000000-7f7e2c021000 rw-p 00000000 00:00 0 
7f7e2c021000-7f7e30000000 ---p 00000000 00:00 0 
7f7e30000000-7f7e30021000 rw-p 00000000 00:00 0 
7f7e30021000-7f7e34000000 ---p 00000000 00:00 0 
7f7e34000000-7f7e34021000 rw-p 00000000 00:00 0 
7f7e34021000-7f7e38000000 ---p 00000000 00:00 0 
7f7e38000000-7f7e38021000 rw-p 00000000 00:00 0 
7f7e38021000-7f7e3c000000 ---p 00000000 00:00 0 
7f7e3c000000-7f7e3c021000 rw-p 00000000 00:00 0 
7f7e3c021000-7f7e40000000 ---p 00000000 00:00 0 
7f7e40000000-7f7e40021000 rw-p 00000000 00:00 0 
7f7e40021000-7f7e44000000 ---p 00000000 00:00 0 
7f7e44000000-7f7e44001000 r--s 00009000 08:06 1185781                    /usr/lib/jvm/jdk1.8.0_20/jre/lib/ext/sunec.jar
7f7e44001000-7f7e4400b000 r--s 000b3000 08:06 19532217                   /usr/local/development/dev-7-6/Ignition/Servers/apache-tomcat-6.0.36/lib/tomcat-coyote.jar
7f7e4400b000-7f7e4445e000 rw-p 00000000 00:00 0 
7f7e4445e000-7f7e44633000 r--s 03ca3000 08:06 20582249                   /usr/lib/jvm/jdk1.8.0_20/jre/lib/rt.jar
7f7e44633000-7f7e44dfe000 rw-p 00000000 00:00 0 
7f7e44dfe000-7f7e44dff000 ---p 00000000 00:00 0 
7f7e44dff000-7f7e44eff000 rw-p 00000000 00:00 0                          [stack:18046]
7f7e44eff000-7f7e44f00000 ---p 00000000 00:00 0 
7f7e44f00000-7f7e45000000 rw-p 00000000 00:00 0                          [stack:18045]
7f7e45000000-7f7e46430000 rwxp 00000000 00:00 0 
7f7e46430000-7f7e54000000 ---p 00000000 00:00 0 
7f7e54000000-7f7e54594000 rw-p 00000000 00:00 0 
7f7e54594000-7f7e58000000 ---p 00000000 00:00 0 
7f7e58000000-7f7e58002000 r--s 0000b000 08:06 19532220                   /usr/local/development/dev-7-6/Ignition/Servers/apache-tomcat-6.0.36/lib/tomcat-i18n-fr.jar
7f7e58002000-7f7e580ba000 rw-p 00000000 00:00 0 
7f7e580ba000-7f7e580bb000 ---p 00000000 00:00 0 
7f7e580bb000-7f7e581bb000 rw-p 00000000 00:00 0                          [stack:18044]
7f7e581bb000-7f7e581bc000 ---p 00000000 00:00 0 
7f7e581bc000-7f7e582bc000 rw-p 00000000 00:00 0                          [stack:18043]
7f7e582bc000-7f7e582bd000 ---p 00000000 00:00 0 
7f7e582bd000-7f7e583bd000 rw-p 00000000 00:00 0                          [stack:18042]
7f7e583bd000-7f7e583be000 ---p 00000000 00:00 0 
7f7e583be000-7f7e584be000 rw-p 00000000 00:00 0                          [stack:18041]
7f7e584be000-7f7e584bf000 ---p 00000000 00:00 0 
7f7e584bf000-7f7e585bf000 rw-p 00000000 00:00 0                          [stack:18040]
7f7e585bf000-7f7e585c0000 ---p 00000000 00:00 0 
7f7e585c0000-7f7e5871e000 rw-p 00000000 00:00 0                          [stack:18039]
7f7e5871e000-7f7e58bf2000 ---p 00000000 00:00 0 
7f7e58bf2000-7f7e58c50000 rw-p 00000000 00:00 0 
7f7e58c50000-7f7e59124000 ---p 00000000 00:00 0 
7f7e59124000-7f7e591d5000 rw-p 00000000 00:00 0 
7f7e591d5000-7f7e593bd000 ---p 00000000 00:00 0 
7f7e593bd000-7f7e5940f000 rw-p 00000000 00:00 0 
7f7e5940f000-7f7e5977e000 ---p 00000000 00:00 0 
7f7e5977e000-7f7e5979a000 r-xp 00000000 08:06 20582296                   /usr/lib/jvm/jdk1.8.0_20/jre/lib/amd64/libzip.so
7f7e5979a000-7f7e59999000 ---p 0001c000 08:06 20582296                   /usr/lib/jvm/jdk1.8.0_20/jre/lib/amd64/libzip.so
7f7e59999000-7f7e5999a000 rw-p 0001b000 08:06 20582296                   /usr/lib/jvm/jdk1.8.0_20/jre/lib/amd64/libzip.so
7f7e5999a000-7f7e599a5000 r-xp 00000000 08:06 15602342                   /lib/x86_64-linux-gnu/libnss_files-2.19.so
7f7e599a5000-7f7e59ba4000 ---p 0000b000 08:06 15602342                   /lib/x86_64-linux-gnu/libnss_files-2.19.so
7f7e59ba4000-7f7e59ba5000 r--p 0000a000 08:06 15602342                   /lib/x86_64-linux-gnu/libnss_files-2.19.so
7f7e59ba5000-7f7e59ba6000 rw-p 0000b000 08:06 15602342                   /lib/x86_64-linux-gnu/libnss_files-2.19.so
7f7e59ba6000-7f7e59bb1000 r-xp 00000000 08:06 15602345                   /lib/x86_64-linux-gnu/libnss_nis-2.19.so
7f7e59bb1000-7f7e59db0000 ---p 0000b000 08:06 15602345                   /lib/x86_64-linux-gnu/libnss_nis-2.19.so
7f7e59db0000-7f7e59db1000 r--p 0000a000 08:06 15602345                   /lib/x86_64-linux-gnu/libnss_nis-2.19.so
7f7e59db1000-7f7e59db2000 rw-p 0000b000 08:06 15602345                   /lib/x86_64-linux-gnu/libnss_nis-2.19.so
7f7e59db2000-7f7e59dc9000 r-xp 00000000 08:06 15602152                   /lib/x86_64-linux-gnu/libnsl-2.19.so
7f7e59dc9000-7f7e59fc8000 ---p 00017000 08:06 15602152                   /lib/x86_64-linux-gnu/libnsl-2.19.so
7f7e59fc8000-7f7e59fc9000 r--p 00016000 08:06 15602152                   /lib/x86_64-linux-gnu/libnsl-2.19.so
7f7e59fc9000-7f7e59fca000 rw-p 00017000 08:06 15602152                   /lib/x86_64-linux-gnu/libnsl-2.19.so
7f7e59fca000-7f7e59fcc000 rw-p 00000000 00:00 0 
7f7e59fcc000-7f7e59fd5000 r-xp 00000000 08:06 15601662                   /lib/x86_64-linux-gnu/libnss_compat-2.19.so
7f7e59fd5000-7f7e5a1d4000 ---p 00009000 08:06 15601662                   /lib/x86_64-linux-gnu/libnss_compat-2.19.so
7f7e5a1d4000-7f7e5a1d5000 r--p 00008000 08:06 15601662                   /lib/x86_64-linux-gnu/libnss_compat-2.19.so
7f7e5a1d5000-7f7e5a1d6000 rw-p 00009000 08:06 15601662                   /lib/x86_64-linux-gnu/libnss_compat-2.19.so
7f7e5a1d6000-7f7e5a49f000 r--p 00000000 08:06 15209877                   /usr/lib/locale/locale-archive
7f7e5a49f000-7f7e5a4a1000 r-xp 00000000 08:06 20582276                   /usr/lib/jvm/jdk1.8.0_20/jre/lib/amd64/libnpt.so
7f7e5a4a1000-7f7e5a6a1000 ---p 00002000 08:06 20582276                   /usr/lib/jvm/jdk1.8.0_20/jre/lib/amd64/libnpt.so
7f7e5a6a1000-7f7e5a6a2000 rw-p 00002000 08:06 20582276                   /usr/lib/jvm/jdk1.8.0_20/jre/lib/amd64/libnpt.so
7f7e5a6a2000-7f7e5a6db000 r-xp 00000000 08:06 20582287                   /usr/lib/jvm/jdk1.8.0_20/jre/lib/amd64/libjdwp.so
7f7e5a6db000-7f7e5a8da000 ---p 00039000 08:06 20582287                   /usr/lib/jvm/jdk1.8.0_20/jre/lib/amd64/libjdwp.so
7f7e5a8da000-7f7e5a8dc000 rw-p 00038000 08:06 20582287                   /usr/lib/jvm/jdk1.8.0_20/jre/lib/amd64/libjdwp.so
7f7e5a8dc000-7f7e5a906000 r-xp 00000000 08:06 20582291                   /usr/lib/jvm/jdk1.8.0_20/jre/lib/amd64/libjava.so
7f7e5a906000-7f7e5ab06000 ---p 0002a000 08:06 20582291                   /usr/lib/jvm/jdk1.8.0_20/jre/lib/amd64/libjava.so
7f7e5ab06000-7f7e5ab08000 rw-p 0002a000 08:06 20582291                   /usr/lib/jvm/jdk1.8.0_20/jre/lib/amd64/libjava.so
7f7e5ab08000-7f7e5ab15000 r-xp 00000000 08:06 20582295                   /usr/lib/jvm/jdk1.8.0_20/jre/lib/amd64/libverify.so
7f7e5ab15000-7f7e5ad15000 ---p 0000d000 08:06 20582295                   /usr/lib/jvm/jdk1.8.0_20/jre/lib/amd64/libverify.so
7f7e5ad15000-7f7e5ad17000 rw-p 0000d000 08:06 20582295                   /usr/lib/jvm/jdk1.8.0_20/jre/lib/amd64/libverify.so
7f7e5ad17000-7f7e5ad1e000 r-xp 00000000 08:06 15602320                   /lib/x86_64-linux-gnu/librt-2.19.so
7f7e5ad1e000-7f7e5af1d000 ---p 00007000 08:06 15602320                   /lib/x86_64-linux-gnu/librt-2.19.so
7f7e5af1d000-7f7e5af1e000 r--p 00006000 08:06 15602320                   /lib/x86_64-linux-gnu/librt-2.19.so
7f7e5af1e000-7f7e5af1f000 rw-p 00007000 08:06 15602320                   /lib/x86_64-linux-gnu/librt-2.19.so
7f7e5af1f000-7f7e5b024000 r-xp 00000000 08:06 15602334                   /lib/x86_64-linux-gnu/libm-2.19.so
7f7e5b024000-7f7e5b223000 ---p 00105000 08:06 15602334                   /lib/x86_64-linux-gnu/libm-2.19.so
7f7e5b223000-7f7e5b224000 r--p 00104000 08:06 15602334                   /lib/x86_64-linux-gnu/libm-2.19.so
7f7e5b224000-7f7e5b225000 rw-p 00105000 08:06 15602334                   /lib/x86_64-linux-gnu/libm-2.19.so
7f7e5b225000-7f7e5be8f000 r-xp 00000000 08:06 20845908                   /usr/lib/jvm/jdk1.8.0_20/jre/lib/amd64/server/libjvm.so
7f7e5be8f000-7f7e5c08f000 ---p 00c6a000 08:06 20845908                   /usr/lib/jvm/jdk1.8.0_20/jre/lib/amd64/server/libjvm.so
7f7e5c08f000-7f7e5c165000 rw-p 00c6a000 08:06 20845908                   /usr/lib/jvm/jdk1.8.0_20/jre/lib/amd64/server/libjvm.so
7f7e5c165000-7f7e5c1a7000 rw-p 00000000 00:00 0 
7f7e5c1a7000-7f7e5c362000 r-xp 00000000 08:06 15602328                   /lib/x86_64-linux-gnu/libc-2.19.so
7f7e5c362000-7f7e5c562000 ---p 001bb000 08:06 15602328                   /lib/x86_64-linux-gnu/libc-2.19.so
7f7e5c562000-7f7e5c566000 r--p 001bb000 08:06 15602328                   /lib/x86_64-linux-gnu/libc-2.19.so
7f7e5c566000-7f7e5c568000 rw-p 001bf000 08:06 15602328                   /lib/x86_64-linux-gnu/libc-2.19.so
7f7e5c568000-7f7e5c56d000 rw-p 00000000 00:00 0 
7f7e5c56d000-7f7e5c570000 r-xp 00000000 08:06 15602352                   /lib/x86_64-linux-gnu/libdl-2.19.so
7f7e5c570000-7f7e5c76f000 ---p 00003000 08:06 15602352                   /lib/x86_64-linux-gnu/libdl-2.19.so
7f7e5c76f000-7f7e5c770000 r--p 00002000 08:06 15602352                   /lib/x86_64-linux-gnu/libdl-2.19.so
7f7e5c770000-7f7e5c771000 rw-p 00003000 08:06 15602352                   /lib/x86_64-linux-gnu/libdl-2.19.so
7f7e5c771000-7f7e5c788000 r-xp 00000000 08:06 20061287                   /usr/lib/jvm/jdk1.8.0_20/lib/amd64/jli/libjli.so
7f7e5c788000-7f7e5c987000 ---p 00017000 08:06 20061287                   /usr/lib/jvm/jdk1.8.0_20/lib/amd64/jli/libjli.so
7f7e5c987000-7f7e5c988000 rw-p 00016000 08:06 20061287                   /usr/lib/jvm/jdk1.8.0_20/lib/amd64/jli/libjli.so
7f7e5c988000-7f7e5c9a1000 r-xp 00000000 08:06 15602353                   /lib/x86_64-linux-gnu/libpthread-2.19.so
7f7e5c9a1000-7f7e5cba0000 ---p 00019000 08:06 15602353                   /lib/x86_64-linux-gnu/libpthread-2.19.so
7f7e5cba0000-7f7e5cba1000 r--p 00018000 08:06 15602353                   /lib/x86_64-linux-gnu/libpthread-2.19.so
7f7e5cba1000-7f7e5cba2000 rw-p 00019000 08:06 15602353                   /lib/x86_64-linux-gnu/libpthread-2.19.so
7f7e5cba2000-7f7e5cba6000 rw-p 00000000 00:00 0 
7f7e5cba6000-7f7e5cbc9000 r-xp 00000000 08:06 15602330                   /lib/x86_64-linux-gnu/ld-2.19.so
7f7e5cbc9000-7f7e5cbcb000 r--s 0000c000 08:06 19532221                   /usr/local/development/dev-7-6/Ignition/Servers/apache-tomcat-6.0.36/lib/tomcat-i18n-ja.jar
7f7e5cbcb000-7f7e5cbcd000 r--s 00011000 08:06 19532214                   /usr/local/development/dev-7-6/Ignition/Servers/apache-tomcat-6.0.36/lib/jsp-api.jar
7f7e5cbcd000-7f7e5cbcf000 r--s 00014000 08:06 19532216                   /usr/local/development/dev-7-6/Ignition/Servers/apache-tomcat-6.0.36/lib/servlet-api.jar
7f7e5cbcf000-7f7e5cbd1000 r--s 0000c000 08:06 19532206                   /usr/local/development/dev-7-6/Ignition/Servers/apache-tomcat-6.0.36/lib/catalina-ant.jar
7f7e5cbd1000-7f7e5cca2000 rw-p 00000000 00:00 0 
7f7e5cca2000-7f7e5cca5000 ---p 00000000 00:00 0 
7f7e5cca5000-7f7e5cda7000 rw-p 00000000 00:00 0                          [stack:18038]
7f7e5cda7000-7f7e5cda9000 r--s 00007000 08:06 19532211                   /usr/local/development/dev-7-6/Ignition/Servers/apache-tomcat-6.0.36/lib/el-api.jar
7f7e5cda9000-7f7e5cdaa000 r--s 00003000 08:06 19532205                   /usr/local/development/dev-7-6/Ignition/Servers/apache-tomcat-6.0.36/lib/annotations-api.jar
7f7e5cdaa000-7f7e5cdad000 r--s 00019000 08:06 19532212                   /usr/local/development/dev-7-6/Ignition/Servers/apache-tomcat-6.0.36/lib/jasper-el.jar
7f7e5cdad000-7f7e5cdb2000 r--s 00092000 08:06 20582254                   /usr/lib/jvm/jdk1.8.0_20/jre/lib/jsse.jar
7f7e5cdb2000-7f7e5cdb3000 r--s 00007000 08:06 19533431                   /usr/local/development/dev-7-6/Ignition/Servers/apache-tomcat-6.0.36/bin/tomcat-juli.jar
7f7e5cdb3000-7f7e5cdb4000 r--s 00005000 08:06 19533430                   /usr/local/development/dev-7-6/Ignition/Servers/apache-tomcat-6.0.36/bin/commons-daemon.jar
7f7e5cdb4000-7f7e5cdb5000 r--s 00005000 08:06 19533429                   /usr/local/development/dev-7-6/Ignition/Servers/apache-tomcat-6.0.36/bin/bootstrap.jar
7f7e5cdb5000-7f7e5cdbc000 r--s 000c7000 08:06 1179649                    /usr/lib/jvm/jdk1.8.0_20/jre/lib/ext/mysql-connector-java-5.1.23-bin.jar
7f7e5cdbc000-7f7e5cdc4000 rw-s 00000000 08:06 6164360                    /tmp/hsperfdata_mattg/18033
7f7e5cdc4000-7f7e5cdc5000 rw-p 00000000 00:00 0 
7f7e5cdc5000-7f7e5cdc6000 r--p 00000000 00:00 0 
7f7e5cdc6000-7f7e5cdc8000 rw-p 00000000 00:00 0 
7f7e5cdc8000-7f7e5cdc9000 r--p 00022000 08:06 15602330                   /lib/x86_64-linux-gnu/ld-2.19.so
7f7e5cdc9000-7f7e5cdca000 rw-p 00023000 08:06 15602330                   /lib/x86_64-linux-gnu/ld-2.19.so
7f7e5cdca000-7f7e5cdcb000 rw-p 00000000 00:00 0 
7fff68f79000-7fff68f9a000 rw-p 00000000 00:00 0                          [stack]
7fff68fde000-7fff68fe0000 r-xp 00000000 00:00 0                          [vdso]
ffffffffff600000-ffffffffff601000 r-xp 00000000 00:00 0                  [vsyscall]

VM Arguments:
jvm_args: -Djava.util.logging.config.file=/home/mattg/.IntelliJIdea13/system/tomcat/Unnamed_77-Ignition/conf/logging.properties -Xdebug -Xrunjdwp:transport=dt_socket,address=127.0.0.1:51670,suspend=y,server=n -Dcom.sun.management.jmxremote= -Dcom.sun.management.jmxremote.port=1099 -Dcom.sun.management.jmxremote.ssl=false -Dcom.sun.management.jmxremote.authenticate=false -Djava.rmi.server.hostname=127.0.0.1 -Djava.util.logging.manager=org.apache.juli.ClassLoaderLogManager -Djava.endorsed.dirs=/usr/local/development/dev-7-6/Ignition/Servers/apache-tomcat-6.0.36/endorsed -Dcatalina.base=/home/mattg/.IntelliJIdea13/system/tomcat/Unnamed_77-Ignition -Dcatalina.home=/usr/local/development/dev-7-6/Ignition/Servers/apache-tomcat-6.0.36 -Djava.io.tmpdir=/usr/local/development/dev-7-6/Ignition/Servers/apache-tomcat-6.0.36/temp 
java_command: org.apache.catalina.startup.Bootstrap start
java_class_path (initial): /usr/local/development/dev-7-6/Ignition/Servers/apache-tomcat-6.0.36/bin/bootstrap.jar
Launcher Type: SUN_STANDARD

Environment Variables:
JAVA_HOME=/usr/lib/jvm/jdk1.8.0_20
CLASSPATH=/usr/local/development/dev-7-6/Ignition/Servers/apache-tomcat-6.0.36/bin/bootstrap.jar
PATH=/usr/local/sbin:/usr/local/bin:/usr/sbin:/usr/bin:/sbin:/bin:/usr/games:/usr/local/games:/usr/local/development/gradle-1.12/bin
USERNAME=mattg
LD_LIBRARY_PATH=/usr/local/development/idea-IU-135.909/bin:
SHELL=/bin/bash
DISPLAY=:0

Signal Handlers:
SIGSEGV: [libjvm.so+0xa76cd0], sa_mask[0]=11111111011111111101111111111110, sa_flags=SA_RESTART|SA_SIGINFO
SIGBUS: [libjvm.so+0xa76cd0], sa_mask[0]=11111111011111111101111111111110, sa_flags=SA_RESTART|SA_SIGINFO
SIGFPE: [libjvm.so+0x8e0d80], sa_mask[0]=11111111011111111101111111111110, sa_flags=SA_RESTART|SA_SIGINFO
SIGPIPE: [libjvm.so+0x8e0d80], sa_mask[0]=11111111011111111101111111111110, sa_flags=SA_RESTART|SA_SIGINFO
SIGXFSZ: [libjvm.so+0x8e0d80], sa_mask[0]=11111111011111111101111111111110, sa_flags=SA_RESTART|SA_SIGINFO
SIGILL: [libjvm.so+0x8e0d80], sa_mask[0]=11111111011111111101111111111110, sa_flags=SA_RESTART|SA_SIGINFO
SIGUSR1: SIG_DFL, sa_mask[0]=00000000000000000000000000000000, sa_flags=none
SIGUSR2: [libjvm.so+0x8e25b0], sa_mask[0]=00100000000000000000000000000000, sa_flags=SA_RESTART|SA_SIGINFO
SIGHUP: [libjvm.so+0x8e3970], sa_mask[0]=11111111011111111101111111111110, sa_flags=SA_RESTART|SA_SIGINFO
SIGINT: [libjvm.so+0x8e3970], sa_mask[0]=11111111011111111101111111111110, sa_flags=SA_RESTART|SA_SIGINFO
SIGTERM: [libjvm.so+0x8e3970], sa_mask[0]=11111111011111111101111111111110, sa_flags=SA_RESTART|SA_SIGINFO
SIGQUIT: [libjvm.so+0x8e3970], sa_mask[0]=11111111011111111101111111111110, sa_flags=SA_RESTART|SA_SIGINFO


---------------  S Y S T E M  ---------------

OS:DISTRIB_ID=LinuxMint
DISTRIB_RELEASE=17
DISTRIB_CODENAME=qiana
DISTRIB_DESCRIPTION="Linux Mint 17 Qiana"

uname:Linux 3.13.0-24-generic #46-Ubuntu SMP Thu Apr 10 19:11:08 UTC 2014 x86_64
libc:glibc 2.19 NPTL 2.19 
rlimit: STACK 8192k, CORE 0k, NPROC 127375, NOFILE 4096, AS infinity
load average:0.27 0.58 0.55

/proc/meminfo:
MemTotal:       16335088 kB
MemFree:         8298512 kB
Buffers:          397584 kB
Cached:          3411796 kB
SwapCached:            0 kB
Active:          5129928 kB
Inactive:        2410052 kB
Active(anon):    3737788 kB
Inactive(anon):   636084 kB
Active(file):    1392140 kB
Inactive(file):  1773968 kB
Unevictable:        1488 kB
Mlocked:            1488 kB
SwapTotal:      16676860 kB
SwapFree:       16676860 kB
Dirty:             52868 kB
Writeback:            16 kB
AnonPages:       3731664 kB
Mapped:           527888 kB
Shmem:            643276 kB
Slab:             289352 kB
SReclaimable:     239032 kB
SUnreclaim:        50320 kB
KernelStack:        6296 kB
PageTables:        48888 kB
NFS_Unstable:          0 kB
Bounce:                0 kB
WritebackTmp:          0 kB
CommitLimit:    24844404 kB
Committed_AS:    8311224 kB
VmallocTotal:   34359738367 kB
VmallocUsed:      444884 kB
VmallocChunk:   34359289148 kB
HardwareCorrupted:     0 kB
AnonHugePages:   2367488 kB
HugePages_Total:       0
HugePages_Free:        0
HugePages_Rsvd:        0
HugePages_Surp:        0
Hugepagesize:       2048 kB
DirectMap4k:       97736 kB
DirectMap2M:     2949120 kB
DirectMap1G:    13631488 kB


CPU:total 8 (4 cores per cpu, 2 threads per core) family 6 model 60 stepping 3, cmov, cx8, fxsr, mmx, sse, sse2, sse3, ssse3, sse4.1, sse4.2, popcnt, avx, avx2, aes, clmul, erms, lzcnt, ht, tsc, tscinvbit, bmi1, bmi2

/proc/cpuinfo:
processor	: 0
vendor_id	: GenuineIntel
cpu family	: 6
model		: 60
model name	: Intel(R) Core(TM) i7-4702HQ CPU @ 2.20GHz
stepping	: 3
microcode	: 0x17
cpu MHz		: 1200.000
cache size	: 6144 KB
physical id	: 0
siblings	: 8
core id		: 0
cpu cores	: 4
apicid		: 0
initial apicid	: 0
fpu		: yes
fpu_exception	: yes
cpuid level	: 13
wp		: yes
flags		: fpu vme de pse tsc msr pae mce cx8 apic sep mtrr pge mca cmov pat pse36 clflush dts acpi mmx fxsr sse sse2 ss ht tm pbe syscall nx pdpe1gb rdtscp lm constant_tsc arch_perfmon pebs bts rep_good nopl xtopology nonstop_tsc aperfmperf eagerfpu pni pclmulqdq dtes64 monitor ds_cpl vmx est tm2 ssse3 fma cx16 xtpr pdcm pcid sse4_1 sse4_2 x2apic movbe popcnt tsc_deadline_timer aes xsave avx f16c rdrand lahf_lm abm ida arat epb xsaveopt pln pts dtherm tpr_shadow vnmi flexpriority ept vpid fsgsbase tsc_adjust bmi1 avx2 smep bmi2 erms invpcid
bogomips	: 4389.87
clflush size	: 64
cache_alignment	: 64
address sizes	: 39 bits physical, 48 bits virtual
power management:

processor	: 1
vendor_id	: GenuineIntel
cpu family	: 6
model		: 60
model name	: Intel(R) Core(TM) i7-4702HQ CPU @ 2.20GHz
stepping	: 3
microcode	: 0x17
cpu MHz		: 800.000
cache size	: 6144 KB
physical id	: 0
siblings	: 8
core id		: 1
cpu cores	: 4
apicid		: 2
initial apicid	: 2
fpu		: yes
fpu_exception	: yes
cpuid level	: 13
wp		: yes
flags		: fpu vme de pse tsc msr pae mce cx8 apic sep mtrr pge mca cmov pat pse36 clflush dts acpi mmx fxsr sse sse2 ss ht tm pbe syscall nx pdpe1gb rdtscp lm constant_tsc arch_perfmon pebs bts rep_good nopl xtopology nonstop_tsc aperfmperf eagerfpu pni pclmulqdq dtes64 monitor ds_cpl vmx est tm2 ssse3 fma cx16 xtpr pdcm pcid sse4_1 sse4_2 x2apic movbe popcnt tsc_deadline_timer aes xsave avx f16c rdrand lahf_lm abm ida arat epb xsaveopt pln pts dtherm tpr_shadow vnmi flexpriority ept vpid fsgsbase tsc_adjust bmi1 avx2 smep bmi2 erms invpcid
bogomips	: 4389.87
clflush size	: 64
cache_alignment	: 64
address sizes	: 39 bits physical, 48 bits virtual
power management:

processor	: 2
vendor_id	: GenuineIntel
cpu family	: 6
model		: 60
model name	: Intel(R) Core(TM) i7-4702HQ CPU @ 2.20GHz
stepping	: 3
microcode	: 0x17
cpu MHz		: 2201.000
cache size	: 6144 KB
physical id	: 0
siblings	: 8
core id		: 2
cpu cores	: 4
apicid		: 4
initial apicid	: 4
fpu		: yes
fpu_exception	: yes
cpuid level	: 13
wp		: yes
flags		: fpu vme de pse tsc msr pae mce cx8 apic sep mtrr pge mca cmov pat pse36 clflush dts acpi mmx fxsr sse sse2 ss ht tm pbe syscall nx pdpe1gb rdtscp lm constant_tsc arch_perfmon pebs bts rep_good nopl xtopology nonstop_tsc aperfmperf eagerfpu pni pclmulqdq dtes64 monitor ds_cpl vmx est tm2 ssse3 fma cx16 xtpr pdcm pcid sse4_1 sse4_2 x2apic movbe popcnt tsc_deadline_timer aes xsave avx f16c rdrand lahf_lm abm ida arat epb xsaveopt pln pts dtherm tpr_shadow vnmi flexpriority ept vpid fsgsbase tsc_adjust bmi1 avx2 smep bmi2 erms invpcid
bogomips	: 4389.87
clflush size	: 64
cache_alignment	: 64
address sizes	: 39 bits physical, 48 bits virtual
power management:

processor	: 3
vendor_id	: GenuineIntel
cpu family	: 6
model		: 60
model name	: Intel(R) Core(TM) i7-4702HQ CPU @ 2.20GHz
stepping	: 3
microcode	: 0x17
cpu MHz		: 1700.000
cache size	: 6144 KB
physical id	: 0
siblings	: 8
core id		: 3
cpu cores	: 4
apicid		: 6
initial apicid	: 6
fpu		: yes
fpu_exception	: yes
cpuid level	: 13
wp		: yes
flags		: fpu vme de pse tsc msr pae mce cx8 apic sep mtrr pge mca cmov pat pse36 clflush dts acpi mmx fxsr sse sse2 ss ht tm pbe syscall nx pdpe1gb rdtscp lm constant_tsc arch_perfmon pebs bts rep_good nopl xtopology nonstop_tsc aperfmperf eagerfpu pni pclmulqdq dtes64 monitor ds_cpl vmx est tm2 ssse3 fma cx16 xtpr pdcm pcid sse4_1 sse4_2 x2apic movbe popcnt tsc_deadline_timer aes xsave avx f16c rdrand lahf_lm abm ida arat epb xsaveopt pln pts dtherm tpr_shadow vnmi flexpriority ept vpid fsgsbase tsc_adjust bmi1 avx2 smep bmi2 erms invpcid
bogomips	: 4389.87
clflush size	: 64
cache_alignment	: 64
address sizes	: 39 bits physical, 48 bits virtual
power management:

processor	: 4
vendor_id	: GenuineIntel
cpu family	: 6
model		: 60
model name	: Intel(R) Core(TM) i7-4702HQ CPU @ 2.20GHz
stepping	: 3
microcode	: 0x17
cpu MHz		: 1700.000
cache size	: 6144 KB
physical id	: 0
siblings	: 8
core id		: 0
cpu cores	: 4
apicid		: 1
initial apicid	: 1
fpu		: yes
fpu_exception	: yes
cpuid level	: 13
wp		: yes
flags		: fpu vme de pse tsc msr pae mce cx8 apic sep mtrr pge mca cmov pat pse36 clflush dts acpi mmx fxsr sse sse2 ss ht tm pbe syscall nx pdpe1gb rdtscp lm constant_tsc arch_perfmon pebs bts rep_good nopl xtopology nonstop_tsc aperfmperf eagerfpu pni pclmulqdq dtes64 monitor ds_cpl vmx est tm2 ssse3 fma cx16 xtpr pdcm pcid sse4_1 sse4_2 x2apic movbe popcnt tsc_deadline_timer aes xsave avx f16c rdrand lahf_lm abm ida arat epb xsaveopt pln pts dtherm tpr_shadow vnmi flexpriority ept vpid fsgsbase tsc_adjust bmi1 avx2 smep bmi2 erms invpcid
bogomips	: 4389.87
clflush size	: 64
cache_alignment	: 64
address sizes	: 39 bits physical, 48 bits virtual
power management:

processor	: 5
vendor_id	: GenuineIntel
cpu family	: 6
model		: 60
model name	: Intel(R) Core(TM) i7-4702HQ CPU @ 2.20GHz
stepping	: 3
microcode	: 0x17
cpu MHz		: 2201.000
cache size	: 6144 KB
physical id	: 0
siblings	: 8
core id		: 1
cpu cores	: 4
apicid		: 3
initial apicid	: 3
fpu		: yes
fpu_exception	: yes
cpuid level	: 13
wp		: yes
flags		: fpu vme de pse tsc msr pae mce cx8 apic sep mtrr pge mca cmov pat pse36 clflush dts acpi mmx fxsr sse sse2 ss ht tm pbe syscall nx pdpe1gb rdtscp lm constant_tsc arch_perfmon pebs bts rep_good nopl xtopology nonstop_tsc aperfmperf eagerfpu pni pclmulqdq dtes64 monitor ds_cpl vmx est tm2 ssse3 fma cx16 xtpr pdcm pcid sse4_1 sse4_2 x2apic movbe popcnt tsc_deadline_timer aes xsave avx f16c rdrand lahf_lm abm ida arat epb xsaveopt pln pts dtherm tpr_shadow vnmi flexpriority ept vpid fsgsbase tsc_adjust bmi1 avx2 smep bmi2 erms invpcid
bogomips	: 4389.87
clflush size	: 64
cache_alignment	: 64
address sizes	: 39 bits physical, 48 bits virtual
power management:

processor	: 6
vendor_id	: GenuineIntel
cpu family	: 6
model		: 60
model name	: Intel(R) Core(TM) i7-4702HQ CPU @ 2.20GHz
stepping	: 3
microcode	: 0x17
cpu MHz		: 2201.000
cache size	: 6144 KB
physical id	: 0
siblings	: 8
core id		: 2
cpu cores	: 4
apicid		: 5
initial apicid	: 5
fpu		: yes
fpu_exception	: yes
cpuid level	: 13
wp		: yes
flags		: fpu vme de pse tsc msr pae mce cx8 apic sep mtrr pge mca cmov pat pse36 clflush dts acpi mmx fxsr sse sse2 ss ht tm pbe syscall nx pdpe1gb rdtscp lm constant_tsc arch_perfmon pebs bts rep_good nopl xtopology nonstop_tsc aperfmperf eagerfpu pni pclmulqdq dtes64 monitor ds_cpl vmx est tm2 ssse3 fma cx16 xtpr pdcm pcid sse4_1 sse4_2 x2apic movbe popcnt tsc_deadline_timer aes xsave avx f16c rdrand lahf_lm abm ida arat epb xsaveopt pln pts dtherm tpr_shadow vnmi flexpriority ept vpid fsgsbase tsc_adjust bmi1 avx2 smep bmi2 erms invpcid
bogomips	: 4389.87
clflush size	: 64
cache_alignment	: 64
address sizes	: 39 bits physical, 48 bits virtual
power management:

processor	: 7
vendor_id	: GenuineIntel
cpu family	: 6
model		: 60
model name	: Intel(R) Core(TM) i7-4702HQ CPU @ 2.20GHz
stepping	: 3
microcode	: 0x17
cpu MHz		: 800.000
cache size	: 6144 KB
physical id	: 0
siblings	: 8
core id		: 3
cpu cores	: 4
apicid		: 7
initial apicid	: 7
fpu		: yes
fpu_exception	: yes
cpuid level	: 13
wp		: yes
flags		: fpu vme de pse tsc msr pae mce cx8 apic sep mtrr pge mca cmov pat pse36 clflush dts acpi mmx fxsr sse sse2 ss ht tm pbe syscall nx pdpe1gb rdtscp lm constant_tsc arch_perfmon pebs bts rep_good nopl xtopology nonstop_tsc aperfmperf eagerfpu pni pclmulqdq dtes64 monitor ds_cpl vmx est tm2 ssse3 fma cx16 xtpr pdcm pcid sse4_1 sse4_2 x2apic movbe popcnt tsc_deadline_timer aes xsave avx f16c rdrand lahf_lm abm ida arat epb xsaveopt pln pts dtherm tpr_shadow vnmi flexpriority ept vpid fsgsbase tsc_adjust bmi1 avx2 smep bmi2 erms invpcid
bogomips	: 4389.87
clflush size	: 64
cache_alignment	: 64
address sizes	: 39 bits physical, 48 bits virtual
power management:



Memory: 4k page, physical 16335088k(8298772k free), swap 16676860k(16676860k free)

vm_info: Java HotSpot(TM) 64-Bit Server VM (25.20-b17) for linux-amd64 JRE (1.8.0_20-ea-b17), built on Jun  4 2014 00:04:06 by "java_re" with gcc 4.3.0 20080428 (Red Hat 4.3.0-8)

time: Tue Nov 18 15:35:27 2014
elapsed time: 127 seconds (0d 0h 2m 7s)

