#
# A fatal error has been detected by the Java Runtime Environment:
#
#  SIGSEGV (0xb) at pc=0x00007f050b934f7e, pid=8049, tid=139659647809280
#
# JRE version: Java(TM) SE Runtime Environment (8.0_20-b17) (build 1.8.0_20-ea-b17)
# Java VM: Java HotSpot(TM) 64-Bit Server VM (25.20-b17 mixed mode linux-amd64 compressed oops)
# Problematic frame:
# C  [ld-linux-x86-64.so.2+0x9f7e]
#
# Failed to write core dump. Core dumps have been disabled. To enable core dumping, try "ulimit -c unlimited" before starting Java again
#
# If you would like to submit a bug report, please visit:
#   http://bugreport.sun.com/bugreport/crash.jsp
# The crash happened outside the Java Virtual Machine in native code.
# See problematic frame for where to report the bug.
#

---------------  T H R E A D  ---------------

Current thread (0x00007f050400d000):  JavaThread "main" [_thread_in_native, id=8054, stack(0x00007f050ba27000,0x00007f050bb28000)]

siginfo: si_signo: 11 (SIGSEGV), si_code: 1 (SEGV_MAPERR), si_addr: 0x0000000000000068

Registers:
RAX=0x0000000000000040, RBX=0x000000004c8d3d65, RCX=0x0000000000000025, RDX=0x00000000000003f3
RSP=0x00007f050bb24a50, RBP=0x0000000000000002, RSI=0x00007f050af2fd28, RDI=0x00007f050bb2b9e8
R8 =0x00000000013234f5, R9 =0x00007f050bb24a90, R10=0x0000000006020400, R11=0x00007f050bb24b90
R12=0x0000000000000003, R13=0x00007f04302a33e0, R14=0x0000000000000000, R15=0x0000000000000025
RIP=0x00007f050b934f7e, EFLAGS=0x0000000000010202, CSGSFS=0x0000000000000033, ERR=0x0000000000000004
  TRAPNO=0x000000000000000e

Top of Stack: (sp=0x00007f050bb24a50)
0x00007f050bb24a50:   00007f050bb24bc0 00007f050a60cf75
0x00007f050bb24a60:   00007f0500000002 00007f050bb24ba0
0x00007f050bb24a70:   00007f050bb24c30 00007f050bb24e00
0x00007f050bb24a80:   00007f04f5046960 01007f050000000c
0x00007f050bb24a90:   0000000000000000 0000000000000000
0x00007f050bb24aa0:   00007f050bb2b9e8 00007f05041ac6f0
0x00007f050bb24ab0:   00007f050af3cd78 0000000000000000
0x00007f050bb24ac0:   0000000200000000 0000000000000000
0x00007f050bb24ad0:   00007f050400d000 00007f050bb24c80
0x00007f050bb24ae0:   00007f050bb24c30 0000000000000000
0x00007f050bb24af0:   0000000000000000 00007f0430259cc8
0x00007f050bb24b00:   00007f0430259940 00007f050b935991
0x00007f050bb24b10:   0000000000000000 0000000000000000
0x00007f050bb24b20:   0000000000000002 0000000000000000
0x00007f050bb24b30:   00007f0400000000 00007f0430259940
0x00007f050bb24b40:   00000007c0008600 00007f050400d000
0x00007f050bb24b50:   00007f050bb24bc0 00007f050a763447
0x00007f050bb24b60:   00007f04f2c34440 00007f0430259cc8
0x00007f050bb24b70:   00007f050bb24ba0 00007f050bb24b90
0x00007f050bb24b80:   000000004c8d3d65 00007f05041ac6f0
0x00007f050bb24b90:   00000000ffffffff 00007f050400a5d0
0x00007f050bb24ba0:   0000000000000000 0000000000000000
0x00007f050bb24bb0:   00007f050400a470 00007f050400d000
0x00007f050bb24bc0:   00007f050bb24d50 00007f050a653467
0x00007f050bb24bd0:   000000b10bb25938 00007f050bb253a0
0x00007f050bb24be0:   00007f050bb24c30 00007f050bb24cb0
0x00007f050bb24bf0:   00007f050bb24d80 00007f050bb24e00
0x00007f050bb24c00:   00007f050400d1e8 00000000013004b0
0x00007f050bb24c10:   00007f050bb4dcc0 00007f05041ac6f0
0x00007f050bb24c20:   0000000000000000 00007f0430259940
0x00007f050bb24c30:   00007f050bb24d10 00007f050b062f56
0x00007f050bb24c40:   0000000600000002 0000000000000000 

Instructions: (pc=0x00007f050b934f7e)
0x00007f050b934f5e:   06 41 83 e7 3f 0f 1f 44 00 00 49 8b 44 ed 00 c7
0x00007f050b934f6e:   44 24 70 00 00 00 00 48 c7 44 24 40 00 00 00 00
0x00007f050b934f7e:   48 8b 78 28 4c 39 f7 48 89 7c 24 50 0f 84 f0 00
0x00007f050b934f8e:   00 00 f6 44 24 7c 02 74 0d f6 87 14 03 00 00 03 

Register to memory mapping:

RAX=0x0000000000000040 is an unknown value
RBX=0x000000004c8d3d65 is an unknown value
RCX=0x0000000000000025 is an unknown value
RDX=0x00000000000003f3 is an unknown value
RSP=0x00007f050bb24a50 is pointing into the stack for thread: 0x00007f050400d000
RBP=0x0000000000000002 is an unknown value
RSI=0x00007f050af2fd28: <offset 0x3d28> in /lib/x86_64-linux-gnu/libc.so.6 at 0x00007f050af2c000
RDI=0x00007f050bb2b9e8 is an unknown value
R8 =0x00000000013234f5 is an unknown value
R9 =0x00007f050bb24a90 is pointing into the stack for thread: 0x00007f050400d000
R10=0x0000000006020400 is an unknown value
R11=0x00007f050bb24b90 is pointing into the stack for thread: 0x00007f050400d000
R12=0x0000000000000003 is an unknown value
R13=0x00007f04302a33e0 is an unknown value
R14=0x0000000000000000 is an unknown value
R15=0x0000000000000025 is an unknown value


Stack: [0x00007f050ba27000,0x00007f050bb28000],  sp=0x00007f050bb24a50,  free space=1014k
Native frames: (J=compiled Java code, j=interpreted, Vv=VM code, C=native code)
C  [ld-linux-x86-64.so.2+0x9f7e]

Java frames: (J=compiled Java code, j=interpreted, Vv=VM code)
j  java.lang.ClassLoader$NativeLibrary.unload(Ljava/lang/String;Z)V+0
j  java.lang.ClassLoader$NativeLibrary.finalize()V+87
v  ~StubRoutines::call_stub
J 1121  sun.reflect.NativeMethodAccessorImpl.invoke0(Ljava/lang/reflect/Method;Ljava/lang/Object;[Ljava/lang/Object;)Ljava/lang/Object; (0 bytes) @ 0x00007f04f54212f7 [0x00007f04f5421280+0x77]
J 1120 C1 sun.reflect.NativeMethodAccessorImpl.invoke(Ljava/lang/Object;[Ljava/lang/Object;)Ljava/lang/Object; (104 bytes) @ 0x00007f04f54241cc [0x00007f04f5422fc0+0x120c]
J 6559 C2 java.lang.reflect.Method.invoke(Ljava/lang/Object;[Ljava/lang/Object;)Ljava/lang/Object; (62 bytes) @ 0x00007f04f51ccca0 [0x00007f04f51ccbe0+0xc0]
j  com.inductiveautomation.ignition.gateway.bootstrap.SRFilter.destroy()V+89
j  org.apache.catalina.core.ApplicationFilterConfig.release()V+61
j  org.apache.catalina.core.StandardContext.filterStop()Z+124
j  org.apache.catalina.core.StandardContext.stop()V+142
j  org.apache.catalina.core.ContainerBase.removeChild(Lorg/apache/catalina/Container;)V+90
j  org.apache.catalina.startup.HostConfig.undeployApps()V+77
j  org.apache.catalina.startup.HostConfig.stop()V+28
j  org.apache.catalina.startup.HostConfig.lifecycleEvent(Lorg/apache/catalina/LifecycleEvent;)V+151
j  org.apache.catalina.util.LifecycleSupport.fireLifecycleEvent(Ljava/lang/String;Ljava/lang/Object;)V+178
j  org.apache.catalina.core.ContainerBase.stop()V+60
j  org.apache.catalina.core.ContainerBase.stop()V+118
j  org.apache.catalina.core.StandardEngine.stop()V+1
j  org.apache.catalina.core.StandardService.stop()V+177
j  org.apache.catalina.core.StandardServer.stop()V+65
j  org.apache.catalina.startup.Catalina.stop()V+58
j  org.apache.catalina.startup.Catalina.start()V+198
v  ~StubRoutines::call_stub
j  sun.reflect.NativeMethodAccessorImpl.invoke0(Ljava/lang/reflect/Method;Ljava/lang/Object;[Ljava/lang/Object;)Ljava/lang/Object;+0
j  sun.reflect.NativeMethodAccessorImpl.invoke(Ljava/lang/Object;[Ljava/lang/Object;)Ljava/lang/Object;+100
J 502 C1 sun.reflect.DelegatingMethodAccessorImpl.invoke(Ljava/lang/Object;[Ljava/lang/Object;)Ljava/lang/Object; (10 bytes) @ 0x00007f04f522d62c [0x00007f04f522d500+0x12c]
J 477 C1 java.lang.reflect.Method.invoke(Ljava/lang/Object;[Ljava/lang/Object;)Ljava/lang/Object; (62 bytes) @ 0x00007f04f5226404 [0x00007f04f5225fe0+0x424]
j  org.apache.catalina.startup.Bootstrap.start()V+37
j  org.apache.catalina.startup.Bootstrap.main([Ljava/lang/String;)V+131
v  ~StubRoutines::call_stub

---------------  P R O C E S S  ---------------

Java Threads: ( => current thread )
  0x00007f050450f000 JavaThread "pool-1-thread-3" [_thread_blocked, id=8205, stack(0x00007f04e055e000,0x00007f04e065f000)]
  0x00007f05040c3000 JavaThread "Thread-22" daemon [_thread_blocked, id=8204, stack(0x00007f04e0f64000,0x00007f04e1065000)]
  0x00007f0458001800 JavaThread "http-8088-2" daemon [_thread_blocked, id=8202, stack(0x00007f04f068b000,0x00007f04f078c000)]
  0x00007f0430f06000 JavaThread "ClockDriftDetector" daemon [_thread_blocked, id=8143, stack(0x00007f04db7fa000,0x00007f04db8fb000)]
  0x00007f0430f03800 JavaThread "PyLib_ScriptWatcher" daemon [_thread_blocked, id=8142, stack(0x00007f04db8fb000,0x00007f04db9fc000)]
  0x00007f0430efe000 JavaThread "PyFile_ChangeNotifier" daemon [_thread_blocked, id=8141, stack(0x00007f04db9fc000,0x00007f04dbafd000)]
  0x00007f0430fb4000 JavaThread "Thread-18" daemon [_thread_in_native, id=8140, stack(0x00007f04dbafd000,0x00007f04dbbfe000)]
  0x00007f03e4009000 JavaThread "pool-2-thread-3" [_thread_blocked, id=8139, stack(0x00007f04dbdfe000,0x00007f04dbeff000)]
  0x00007f03e4007000 JavaThread "pool-2-thread-2" [_thread_blocked, id=8138, stack(0x00007f04dbeff000,0x00007f04dc000000)]
  0x00007f03ec017000 JavaThread "pool-1-thread-2" [_thread_blocked, id=8137, stack(0x00007f04e0059000,0x00007f04e015a000)]
  0x00007f03e4004800 JavaThread "pool-2-thread-1" [_thread_blocked, id=8136, stack(0x00007f04e015a000,0x00007f04e025b000)]
  0x00007f03ec006000 JavaThread "pool-1-thread-1" [_thread_blocked, id=8135, stack(0x00007f04e025b000,0x00007f04e035c000)]
  0x00007f0430d2b800 JavaThread "StoreAndForward.local_mysql.MultiStageStore.ForwardThread" [_thread_blocked, id=8128, stack(0x00007f04e0a61000,0x00007f04e0b62000)]
  0x00007f0458004800 JavaThread "http-8088-1" daemon [_thread_blocked, id=8123, stack(0x00007f04e1b0c000,0x00007f04e1c0d000)]
  0x00007f05045c3000 JavaThread "TP-Monitor" daemon [_thread_blocked, id=8096, stack(0x00007f04e894c000,0x00007f04e8a4d000)]
  0x00007f05045c1000 JavaThread "TP-Processor4" daemon [_thread_blocked, id=8095, stack(0x00007f04e8a4d000,0x00007f04e8b4e000)]
  0x00007f05045cd000 JavaThread "TP-Processor3" daemon [_thread_blocked, id=8094, stack(0x00007f04e8b4e000,0x00007f04e8c4f000)]
  0x00007f05045b6000 JavaThread "TP-Processor2" daemon [_thread_blocked, id=8093, stack(0x00007f04e8c4f000,0x00007f04e8d50000)]
  0x00007f05045cb800 JavaThread "TP-Processor1" daemon [_thread_blocked, id=8092, stack(0x00007f04e8d50000,0x00007f04e8e51000)]
  0x00007f05045b2000 JavaThread "http-8088-Acceptor-0" daemon [_thread_blocked, id=8091, stack(0x00007f04e8e51000,0x00007f04e8f52000)]
  0x00007f0468008000 JavaThread "RMI Scheduler(0)" daemon [_thread_blocked, id=8085, stack(0x00007f04e9154000,0x00007f04e9255000)]
  0x00007f0504522800 JavaThread "GC Daemon" daemon [_thread_blocked, id=8082, stack(0x00007f04e99d2000,0x00007f04e9ad3000)]
  0x00007f050450d000 JavaThread "Abandoned connection cleanup thread" daemon [_thread_blocked, id=8081, stack(0x00007f04eb1ad000,0x00007f04eb2ae000)]
  0x00007f0504256800 JavaThread "RMI TCP Accept-0" daemon [_thread_in_native, id=8079, stack(0x00007f04eb5cb000,0x00007f04eb6cc000)]
  0x00007f050424d800 JavaThread "RMI TCP Accept-1099" daemon [_thread_in_native, id=8078, stack(0x00007f04eb6cc000,0x00007f04eb7cd000)]
  0x00007f050423c000 JavaThread "RMI TCP Accept-0" daemon [_thread_in_native, id=8077, stack(0x00007f04eb7cd000,0x00007f04eb8ce000)]
  0x00007f05040ed000 JavaThread "Service Thread" daemon [_thread_blocked, id=8076, stack(0x00007f04ebeff000,0x00007f04ec000000)]
  0x00007f05040cf800 JavaThread "C1 CompilerThread3" daemon [_thread_blocked, id=8075, stack(0x00007f04f0085000,0x00007f04f0186000)]
  0x00007f05040cd000 JavaThread "C2 CompilerThread2" daemon [_thread_in_native, id=8074, stack(0x00007f04f0186000,0x00007f04f0287000)]
  0x00007f05040cb800 JavaThread "C2 CompilerThread1" daemon [_thread_blocked, id=8073, stack(0x00007f04f0287000,0x00007f04f0388000)]
  0x00007f05040c8800 JavaThread "C2 CompilerThread0" daemon [_thread_blocked, id=8072, stack(0x00007f04f0388000,0x00007f04f0489000)]
  0x00007f05040c6800 JavaThread "JDWP Event Helper Thread" daemon [_thread_blocked, id=8069, stack(0x00007f04f058a000,0x00007f04f068b000)]
  0x00007f05040b6000 JavaThread "Signal Dispatcher" daemon [_thread_blocked, id=8066, stack(0x00007f04f0990000,0x00007f04f0a91000)]
  0x00007f0504087800 JavaThread "Finalizer" daemon [_thread_blocked, id=8065, stack(0x00007f04f0a91000,0x00007f04f0b92000)]
  0x00007f0504085800 JavaThread "Reference Handler" daemon [_thread_blocked, id=8064, stack(0x00007f04f0b92000,0x00007f04f0c93000)]
=>0x00007f050400d000 JavaThread "main" [_thread_in_native, id=8054, stack(0x00007f050ba27000,0x00007f050bb28000)]

Other Threads:
  0x00007f050407e800 VMThread [stack: 0x00007f04f0c93000,0x00007f04f0d94000] [id=8063]
  0x00007f0504261000 WatcherThread [stack: 0x00007f04eb4ca000,0x00007f04eb5cb000] [id=8080]

VM state:not at safepoint (normal execution)

VM Mutex/Monitor currently owned by a thread: None

Heap:
 PSYoungGen      total 246784K, used 162597K [0x000000076ce00000, 0x000000077fd80000, 0x00000007c0000000)
  eden space 227840K, 71% used [0x000000076ce00000,0x0000000776cc94b8,0x000000077ac80000)
  from space 18944K, 0% used [0x000000077ac80000,0x000000077ac80000,0x000000077bf00000)
  to   space 19968K, 0% used [0x000000077ea00000,0x000000077ea00000,0x000000077fd80000)
 ParOldGen       total 251392K, used 34880K [0x00000006c6a00000, 0x00000006d5f80000, 0x000000076ce00000)
  object space 251392K, 13% used [0x00000006c6a00000,0x00000006c8c10348,0x00000006d5f80000)
 Metaspace       used 58225K, capacity 59506K, committed 59676K, reserved 1099776K
  class space    used 8292K, capacity 8588K, committed 8704K, reserved 1048576K

Card table byte_map: [0x00007f04f4834000,0x00007f04f5000000] byte_map_base: 0x00007f04f11ff000

Marking Bits: (ParMarkBitMap*) 0x00007f050af01c20
 Begin Bits: [0x00007f04b4350000, 0x00007f04b81a8000)
 End Bits:   [0x00007f04b81a8000, 0x00007f04bc000000)

Polling page: 0x00007f050bb4a000

CodeCache: size=245760Kb used=22917Kb max_used=23066Kb free=222843Kb
 bounds [0x00007f04f5000000, 0x00007f04f66b0000, 0x00007f0504000000]
 total_blobs=6497 nmethods=5894 adapters=524
 compilation: enabled

Compilation events (10 events):
Event: 110.415 Thread 0x00007f05040cf800 7192       3       org.apache.log4j.spi.LoggingEvent::getRenderedMessage (94 bytes)
Event: 110.415 Thread 0x00007f05040cf800 nmethod 7192 0x00007f04f62f3e90 code [0x00007f04f62f4080, 0x00007f04f62f4c68]
Event: 110.415 Thread 0x00007f05040cf800 7193       1       org.apache.log4j.spi.LoggingEvent::getThrowableInformation (5 bytes)
Event: 110.415 Thread 0x00007f05040cf800 nmethod 7193 0x00007f04f5a0c110 code [0x00007f04f5a0c260, 0x00007f04f5a0c370]
Event: 110.415 Thread 0x00007f05040cf800 7195       1       com.inductiveautomation.ignition.common.util.logging.BinaryAppender::access$400 (5 bytes)
Event: 110.416 Thread 0x00007f05040cf800 nmethod 7195 0x00007f04f6192490 code [0x00007f04f61925e0, 0x00007f04f61926d0]
Event: 110.416 Thread 0x00007f05040cf800 7196       1       org.apache.log4j.Priority::toInt (5 bytes)
Event: 110.416 Thread 0x00007f05040cf800 nmethod 7196 0x00007f04f612ab10 code [0x00007f04f612ac60, 0x00007f04f612ad70]
Event: 110.416 Thread 0x00007f05040cf800 7197       1       com.inductiveautomation.ignition.common.util.RAFCircularBuffer::access$300 (5 bytes)
Event: 110.416 Thread 0x00007f05040cf800 nmethod 7197 0x00007f04f6393390 code [0x00007f04f63934e0, 0x00007f04f63935d0]

GC Heap History (10 events):
Event: 5.677 GC heap before
{Heap before GC invocations=10 (full 2):
 PSYoungGen      total 148480K, used 133632K [0x000000076ce00000, 0x000000077aa80000, 0x00000007c0000000)
  eden space 133632K, 100% used [0x000000076ce00000,0x0000000775080000,0x0000000775080000)
  from space 14848K, 0% used [0x0000000775080000,0x0000000775080000,0x0000000775f00000)
  to   space 15872K, 0% used [0x0000000779b00000,0x0000000779b00000,0x000000077aa80000)
 ParOldGen       total 180736K, used 23576K [0x00000006c6a00000, 0x00000006d1a80000, 0x000000076ce00000)
  object space 180736K, 13% used [0x00000006c6a00000,0x00000006c8106070,0x00000006d1a80000)
 Metaspace       used 39162K, capacity 39726K, committed 39936K, reserved 1083392K
  class space    used 5670K, capacity 5810K, committed 5888K, reserved 1048576K
Event: 5.684 GC heap after
Heap after GC invocations=10 (full 2):
 PSYoungGen      total 194560K, used 5634K [0x000000076ce00000, 0x000000077a380000, 0x00000007c0000000)
  eden space 185856K, 0% used [0x000000076ce00000,0x000000076ce00000,0x0000000778380000)
  from space 8704K, 64% used [0x0000000779b00000,0x000000077a080b78,0x000000077a380000)
  to   space 16384K, 0% used [0x0000000778380000,0x0000000778380000,0x0000000779380000)
 ParOldGen       total 180736K, used 23584K [0x00000006c6a00000, 0x00000006d1a80000, 0x000000076ce00000)
  object space 180736K, 13% used [0x00000006c6a00000,0x00000006c8108070,0x00000006d1a80000)
 Metaspace       used 39162K, capacity 39726K, committed 39936K, reserved 1083392K
  class space    used 5670K, capacity 5810K, committed 5888K, reserved 1048576K
}
Event: 6.637 GC heap before
{Heap before GC invocations=11 (full 2):
 PSYoungGen      total 194560K, used 191490K [0x000000076ce00000, 0x000000077a380000, 0x00000007c0000000)
  eden space 185856K, 100% used [0x000000076ce00000,0x0000000778380000,0x0000000778380000)
  from space 8704K, 64% used [0x0000000779b00000,0x000000077a080b78,0x000000077a380000)
  to   space 16384K, 0% used [0x0000000778380000,0x0000000778380000,0x0000000779380000)
 ParOldGen       total 180736K, used 23584K [0x00000006c6a00000, 0x00000006d1a80000, 0x000000076ce00000)
  object space 180736K, 13% used [0x00000006c6a00000,0x00000006c8108070,0x00000006d1a80000)
 Metaspace       used 47145K, capacity 48000K, committed 48256K, reserved 1089536K
  class space    used 7012K, capacity 7205K, committed 7296K, reserved 1048576K
Event: 6.660 GC heap after
Heap after GC invocations=11 (full 2):
 PSYoungGen      total 202240K, used 10773K [0x000000076ce00000, 0x000000077d180000, 0x00000007c0000000)
  eden space 185856K, 0% used [0x000000076ce00000,0x000000076ce00000,0x0000000778380000)
  from space 16384K, 65% used [0x0000000778380000,0x0000000778e05530,0x0000000779380000)
  to   space 15872K, 0% used [0x000000077c200000,0x000000077c200000,0x000000077d180000)
 ParOldGen       total 180736K, used 23592K [0x00000006c6a00000, 0x00000006d1a80000, 0x000000076ce00000)
  object space 180736K, 13% used [0x00000006c6a00000,0x00000006c810a070,0x00000006d1a80000)
 Metaspace       used 47145K, capacity 48000K, committed 48256K, reserved 1089536K
  class space    used 7012K, capacity 7205K, committed 7296K, reserved 1048576K
}
Event: 21.096 GC heap before
{Heap before GC invocations=12 (full 2):
 PSYoungGen      total 202240K, used 196629K [0x000000076ce00000, 0x000000077d180000, 0x00000007c0000000)
  eden space 185856K, 100% used [0x000000076ce00000,0x0000000778380000,0x0000000778380000)
  from space 16384K, 65% used [0x0000000778380000,0x0000000778e05530,0x0000000779380000)
  to   space 15872K, 0% used [0x000000077c200000,0x000000077c200000,0x000000077d180000)
 ParOldGen       total 180736K, used 23592K [0x00000006c6a00000, 0x00000006d1a80000, 0x000000076ce00000)
  object space 180736K, 13% used [0x00000006c6a00000,0x00000006c810a070,0x00000006d1a80000)
 Metaspace       used 56047K, capacity 57012K, committed 57216K, reserved 1097728K
  class space    used 8033K, capacity 8291K, committed 8320K, reserved 1048576K
Event: 21.118 GC heap after
Heap after GC invocations=12 (full 2):
 PSYoungGen      total 242688K, used 15864K [0x000000076ce00000, 0x000000077d180000, 0x00000007c0000000)
  eden space 226816K, 0% used [0x000000076ce00000,0x000000076ce00000,0x000000077ab80000)
  from space 15872K, 99% used [0x000000077c200000,0x000000077d17e198,0x000000077d180000)
  to   space 18944K, 0% used [0x000000077ac80000,0x000000077ac80000,0x000000077bf00000)
 ParOldGen       total 180736K, used 26781K [0x00000006c6a00000, 0x00000006d1a80000, 0x000000076ce00000)
  object space 180736K, 14% used [0x00000006c6a00000,0x00000006c8427550,0x00000006d1a80000)
 Metaspace       used 56047K, capacity 57012K, committed 57216K, reserved 1097728K
  class space    used 8033K, capacity 8291K, committed 8320K, reserved 1048576K
}
Event: 26.279 GC heap before
{Heap before GC invocations=13 (full 2):
 PSYoungGen      total 242688K, used 100002K [0x000000076ce00000, 0x000000077d180000, 0x00000007c0000000)
  eden space 226816K, 37% used [0x000000076ce00000,0x000000077202a908,0x000000077ab80000)
  from space 15872K, 99% used [0x000000077c200000,0x000000077d17e198,0x000000077d180000)
  to   space 18944K, 0% used [0x000000077ac80000,0x000000077ac80000,0x000000077bf00000)
 ParOldGen       total 180736K, used 26781K [0x00000006c6a00000, 0x00000006d1a80000, 0x000000076ce00000)
  object space 180736K, 14% used [0x00000006c6a00000,0x00000006c8427550,0x00000006d1a80000)
 Metaspace       used 57260K, capacity 58434K, committed 58524K, reserved 1099776K
  class space    used 8213K, capacity 8486K, committed 8576K, reserved 1048576K
Event: 26.297 GC heap after
Heap after GC invocations=13 (full 2):
 PSYoungGen      total 246784K, used 15321K [0x000000076ce00000, 0x000000077fd80000, 0x00000007c0000000)
  eden space 227840K, 0% used [0x000000076ce00000,0x000000076ce00000,0x000000077ac80000)
  from space 18944K, 80% used [0x000000077ac80000,0x000000077bb76790,0x000000077bf00000)
  to   space 19968K, 0% used [0x000000077ea00000,0x000000077ea00000,0x000000077fd80000)
 ParOldGen       total 180736K, used 26789K [0x00000006c6a00000, 0x00000006d1a80000, 0x000000076ce00000)
  object space 180736K, 14% used [0x00000006c6a00000,0x00000006c8429550,0x00000006d1a80000)
 Metaspace       used 57260K, capacity 58434K, committed 58524K, reserved 1099776K
  class space    used 8213K, capacity 8486K, committed 8576K, reserved 1048576K
}
Event: 26.297 GC heap before
{Heap before GC invocations=14 (full 3):
 PSYoungGen      total 246784K, used 15321K [0x000000076ce00000, 0x000000077fd80000, 0x00000007c0000000)
  eden space 227840K, 0% used [0x000000076ce00000,0x000000076ce00000,0x000000077ac80000)
  from space 18944K, 80% used [0x000000077ac80000,0x000000077bb76790,0x000000077bf00000)
  to   space 19968K, 0% used [0x000000077ea00000,0x000000077ea00000,0x000000077fd80000)
 ParOldGen       total 180736K, used 26789K [0x00000006c6a00000, 0x00000006d1a80000, 0x000000076ce00000)
  object space 180736K, 14% used [0x00000006c6a00000,0x00000006c8429550,0x00000006d1a80000)
 Metaspace       used 57260K, capacity 58434K, committed 58524K, reserved 1099776K
  class space    used 8213K, capacity 8486K, committed 8576K, reserved 1048576K
Event: 26.497 GC heap after
Heap after GC invocations=14 (full 3):
 PSYoungGen      total 246784K, used 0K [0x000000076ce00000, 0x000000077fd80000, 0x00000007c0000000)
  eden space 227840K, 0% used [0x000000076ce00000,0x000000076ce00000,0x000000077ac80000)
  from space 18944K, 0% used [0x000000077ac80000,0x000000077ac80000,0x000000077bf00000)
  to   space 19968K, 0% used [0x000000077ea00000,0x000000077ea00000,0x000000077fd80000)
 ParOldGen       total 251392K, used 34880K [0x00000006c6a00000, 0x00000006d5f80000, 0x000000076ce00000)
  object space 251392K, 13% used [0x00000006c6a00000,0x00000006c8c10348,0x00000006d5f80000)
 Metaspace       used 57200K, capacity 58350K, committed 58524K, reserved 1099776K
  class space    used 8212K, capacity 8482K, committed 8576K, reserved 1048576K
}

Deoptimization events (10 events):
Event: 110.185 Thread 0x00007f050400d000 Uncommon trap: reason=class_check action=maybe_recompile pc=0x00007f04f5c25510 method=org.hsqldb.index.IndexAVL.unlinkNodes(Lorg/hsqldb/index/NodeAVL;)V @ 4
Event: 110.185 Thread 0x00007f050400d000 Uncommon trap: reason=class_check action=maybe_recompile pc=0x00007f04f5c25510 method=org.hsqldb.index.IndexAVL.unlinkNodes(Lorg/hsqldb/index/NodeAVL;)V @ 4
Event: 110.185 Thread 0x00007f050400d000 Uncommon trap: reason=class_check action=maybe_recompile pc=0x00007f04f5c25510 method=org.hsqldb.index.IndexAVL.unlinkNodes(Lorg/hsqldb/index/NodeAVL;)V @ 4
Event: 110.305 Thread 0x00007f050400d000 Uncommon trap: reason=class_check action=maybe_recompile pc=0x00007f04f5c25510 method=org.hsqldb.index.IndexAVL.unlinkNodes(Lorg/hsqldb/index/NodeAVL;)V @ 4
Event: 110.305 Thread 0x00007f050400d000 Uncommon trap: reason=unreached action=reinterpret pc=0x00007f04f5ae4640 method=org.hsqldb.store.BaseHashMap.clearElementArrays(II)V @ 185
Event: 110.307 Thread 0x00007f0430788000 Uncommon trap: reason=unreached action=reinterpret pc=0x00007f04f66a1238 method=org.hsqldb.lib.HsqlTimer$TaskQueue.peekTask()Lorg/hsqldb/lib/HsqlTimer$Task; @ 6
Event: 110.413 Thread 0x00007f050400d000 Uncommon trap: reason=bimorphic action=maybe_recompile pc=0x00007f04f60599b4 method=java.io.ObjectOutputStream$BlockDataOutputStream.write([BIIZ)V @ 23
Event: 110.414 Thread 0x00007f050400d000 Uncommon trap: reason=bimorphic action=maybe_recompile pc=0x00007f04f60599b4 method=java.io.ObjectOutputStream$BlockDataOutputStream.write([BIIZ)V @ 23
Event: 110.414 Thread 0x00007f050400d000 Uncommon trap: reason=bimorphic action=maybe_recompile pc=0x00007f04f60599b4 method=java.io.ObjectOutputStream$BlockDataOutputStream.write([BIIZ)V @ 23
Event: 110.415 Thread 0x00007f050400d000 Uncommon trap: reason=bimorphic action=maybe_recompile pc=0x00007f04f60599b4 method=java.io.ObjectOutputStream$BlockDataOutputStream.write([BIIZ)V @ 23

Internal exceptions (10 events):
Event: 110.287 Thread 0x00007f050400d000 Exception <a 'java/security/PrivilegedActionException'> (0x0000000775da6e60) thrown at [/HUDSON/workspace/8-2-build-linux-amd64/jdk8u20/526.nc/hotspot/src/share/vm/prims/jvm.cpp, line 1258]
Event: 110.289 Thread 0x00007f050400d000 Exception <a 'java/security/PrivilegedActionException'> (0x0000000775db9158) thrown at [/HUDSON/workspace/8-2-build-linux-amd64/jdk8u20/526.nc/hotspot/src/share/vm/prims/jvm.cpp, line 1258]
Event: 110.289 Thread 0x00007f050400d000 Exception <a 'java/security/PrivilegedActionException'> (0x0000000775db9cf8) thrown at [/HUDSON/workspace/8-2-build-linux-amd64/jdk8u20/526.nc/hotspot/src/share/vm/prims/jvm.cpp, line 1258]
Event: 110.292 Thread 0x00007f050400d000 Exception <a 'java/lang/NullPointerException'> (0x0000000775dc25d8) thrown at [/HUDSON/workspace/8-2-build-linux-amd64/jdk8u20/526.nc/hotspot/src/share/vm/interpreter/linkResolver.cpp, line 1268]
Event: 110.415 Thread 0x00007f050400d000 Exception <a 'java/security/PrivilegedActionException'> (0x0000000775de4c08) thrown at [/HUDSON/workspace/8-2-build-linux-amd64/jdk8u20/526.nc/hotspot/src/share/vm/prims/jvm.cpp, line 1258]
Event: 110.415 Thread 0x00007f050400d000 Exception <a 'java/security/PrivilegedActionException'> (0x0000000775de5be8) thrown at [/HUDSON/workspace/8-2-build-linux-amd64/jdk8u20/526.nc/hotspot/src/share/vm/prims/jvm.cpp, line 1258]
Event: 110.416 Thread 0x00007f050400d000 Exception <a 'java/security/PrivilegedActionException'> (0x0000000775df5880) thrown at [/HUDSON/workspace/8-2-build-linux-amd64/jdk8u20/526.nc/hotspot/src/share/vm/prims/jvm.cpp, line 1258]
Event: 110.416 Thread 0x00007f050400d000 Exception <a 'java/security/PrivilegedActionException'> (0x0000000775df68f0) thrown at [/HUDSON/workspace/8-2-build-linux-amd64/jdk8u20/526.nc/hotspot/src/share/vm/prims/jvm.cpp, line 1258]
Event: 110.416 Thread 0x00007f050400d000 Exception <a 'java/security/PrivilegedActionException'> (0x0000000775e06a50) thrown at [/HUDSON/workspace/8-2-build-linux-amd64/jdk8u20/526.nc/hotspot/src/share/vm/prims/jvm.cpp, line 1258]
Event: 110.416 Thread 0x00007f050400d000 Exception <a 'java/security/PrivilegedActionException'> (0x0000000775e07a70) thrown at [/HUDSON/workspace/8-2-build-linux-amd64/jdk8u20/526.nc/hotspot/src/share/vm/prims/jvm.cpp, line 1258]

Events (10 events):
Event: 110.417 Thread 0x00007f050400d000 DEOPT PACKING pc=0x00007f04f546530c sp=0x00007f050bb23ce0
Event: 110.417 Thread 0x00007f050400d000 DEOPT UNPACKING pc=0x00007f04f504741a sp=0x00007f050bb23aa8 mode 1
Event: 110.417 Thread 0x00007f050400d000 DEOPT PACKING pc=0x00007f04f5a97024 sp=0x00007f050bb23c50
Event: 110.417 Thread 0x00007f050400d000 DEOPT UNPACKING pc=0x00007f04f504741a sp=0x00007f050bb23a28 mode 1
Event: 110.417 Thread 0x00007f050400d000 DEOPT PACKING pc=0x00007f04f5a97024 sp=0x00007f050bb23c10
Event: 110.417 Thread 0x00007f050400d000 DEOPT UNPACKING pc=0x00007f04f504741a sp=0x00007f050bb239d0 mode 1
Event: 110.417 Thread 0x00007f050400d000 DEOPT PACKING pc=0x00007f04f546530c sp=0x00007f050bb23ce0
Event: 110.417 Thread 0x00007f050400d000 DEOPT UNPACKING pc=0x00007f04f504741a sp=0x00007f050bb23aa8 mode 1
Event: 110.417 Thread 0x00007f050400d000 DEOPT PACKING pc=0x00007f04f5a97024 sp=0x00007f050bb23c50
Event: 110.417 Thread 0x00007f050400d000 DEOPT UNPACKING pc=0x00007f04f504741a sp=0x00007f050bb23a28 mode 1


Dynamic libraries:
00400000-00401000 r-xp 00000000 08:06 19938758                           /usr/lib/jvm/jdk1.8.0_20/bin/java
00600000-00601000 rw-p 00000000 08:06 19938758                           /usr/lib/jvm/jdk1.8.0_20/bin/java
01300000-01321000 rw-p 00000000 00:00 0                                  [heap]
6c6a00000-6d5f80000 rw-p 00000000 00:00 0 
6d5f80000-76ce00000 ---p 00000000 00:00 0 
76ce00000-77fd80000 rw-p 00000000 00:00 0 
77fd80000-7c0000000 ---p 00000000 00:00 0 
7c0000000-7c0880000 rw-p 00000000 00:00 0 
7c0880000-800000000 ---p 00000000 00:00 0 
7f03e0000000-7f03e027b000 rw-p 00000000 00:00 0 
7f03e027b000-7f03e4000000 ---p 00000000 00:00 0 
7f03e4000000-7f03e40e3000 rw-p 00000000 00:00 0 
7f03e40e3000-7f03e8000000 ---p 00000000 00:00 0 
7f03e8000000-7f03e8021000 rw-p 00000000 00:00 0 
7f03e8021000-7f03ec000000 ---p 00000000 00:00 0 
7f03ec000000-7f03ec039000 rw-p 00000000 00:00 0 
7f03ec039000-7f03f0000000 ---p 00000000 00:00 0 
7f03f0000000-7f03f0021000 rw-p 00000000 00:00 0 
7f03f0021000-7f03f4000000 ---p 00000000 00:00 0 
7f03f4000000-7f03f4021000 rw-p 00000000 00:00 0 
7f03f4021000-7f03f8000000 ---p 00000000 00:00 0 
7f03f8000000-7f03f8021000 rw-p 00000000 00:00 0 
7f03f8021000-7f03fc000000 ---p 00000000 00:00 0 
7f03fc000000-7f03fc021000 rw-p 00000000 00:00 0 
7f03fc021000-7f0400000000 ---p 00000000 00:00 0 
7f0400000000-7f0400021000 rw-p 00000000 00:00 0 
7f0400021000-7f0404000000 ---p 00000000 00:00 0 
7f0404000000-7f0404590000 rw-p 00000000 00:00 0 
7f0404590000-7f0408000000 ---p 00000000 00:00 0 
7f0408000000-7f0408021000 rw-p 00000000 00:00 0 
7f0408021000-7f040c000000 ---p 00000000 00:00 0 
7f040c000000-7f040c021000 rw-p 00000000 00:00 0 
7f040c021000-7f0410000000 ---p 00000000 00:00 0 
7f0410000000-7f041002e000 rw-p 00000000 00:00 0 
7f041002e000-7f0414000000 ---p 00000000 00:00 0 
7f0414000000-7f04140ed000 rw-p 00000000 00:00 0 
7f04140ed000-7f0418000000 ---p 00000000 00:00 0 
7f0418000000-7f0418021000 rw-p 00000000 00:00 0 
7f0418021000-7f041c000000 ---p 00000000 00:00 0 
7f041c000000-7f041c021000 rw-p 00000000 00:00 0 
7f041c021000-7f0420000000 ---p 00000000 00:00 0 
7f0420000000-7f0420021000 rw-p 00000000 00:00 0 
7f0420021000-7f0424000000 ---p 00000000 00:00 0 
7f0424000000-7f0424021000 rw-p 00000000 00:00 0 
7f0424021000-7f0428000000 ---p 00000000 00:00 0 
7f0428000000-7f0428021000 rw-p 00000000 00:00 0 
7f0428021000-7f042c000000 ---p 00000000 00:00 0 
7f042c000000-7f042c021000 rw-p 00000000 00:00 0 
7f042c021000-7f0430000000 ---p 00000000 00:00 0 
7f0430000000-7f0431000000 rw-p 00000000 00:00 0 
7f0431000000-7f0434000000 ---p 00000000 00:00 0 
7f0434000000-7f0434021000 rw-p 00000000 00:00 0 
7f0434021000-7f0438000000 ---p 00000000 00:00 0 
7f0438000000-7f0438021000 rw-p 00000000 00:00 0 
7f0438021000-7f043c000000 ---p 00000000 00:00 0 
7f043c000000-7f043c021000 rw-p 00000000 00:00 0 
7f043c021000-7f0440000000 ---p 00000000 00:00 0 
7f0440000000-7f0440021000 rw-p 00000000 00:00 0 
7f0440021000-7f0444000000 ---p 00000000 00:00 0 
7f0444000000-7f0444021000 rw-p 00000000 00:00 0 
7f0444021000-7f0448000000 ---p 00000000 00:00 0 
7f0448000000-7f044805d000 rw-p 00000000 00:00 0 
7f044805d000-7f044c000000 ---p 00000000 00:00 0 
7f044c000000-7f044c021000 rw-p 00000000 00:00 0 
7f044c021000-7f0450000000 ---p 00000000 00:00 0 
7f0450000000-7f0450021000 rw-p 00000000 00:00 0 
7f0450021000-7f0454000000 ---p 00000000 00:00 0 
7f0454000000-7f0454021000 rw-p 00000000 00:00 0 
7f0454021000-7f0458000000 ---p 00000000 00:00 0 
7f0458000000-7f0458021000 rw-p 00000000 00:00 0 
7f0458021000-7f045c000000 ---p 00000000 00:00 0 
7f045c000000-7f045c021000 rw-p 00000000 00:00 0 
7f045c021000-7f0460000000 ---p 00000000 00:00 0 
7f0460000000-7f0460605000 rw-p 00000000 00:00 0 
7f0460605000-7f0464000000 ---p 00000000 00:00 0 
7f0464000000-7f04640f0000 rw-p 00000000 00:00 0 
7f04640f0000-7f0468000000 ---p 00000000 00:00 0 
7f0468000000-7f0468021000 rw-p 00000000 00:00 0 
7f0468021000-7f046c000000 ---p 00000000 00:00 0 
7f046c000000-7f046c021000 rw-p 00000000 00:00 0 
7f046c021000-7f0470000000 ---p 00000000 00:00 0 
7f0470000000-7f0470021000 rw-p 00000000 00:00 0 
7f0470021000-7f0474000000 ---p 00000000 00:00 0 
7f0474000000-7f0474021000 rw-p 00000000 00:00 0 
7f0474021000-7f0478000000 ---p 00000000 00:00 0 
7f0478000000-7f0478021000 rw-p 00000000 00:00 0 
7f0478021000-7f047c000000 ---p 00000000 00:00 0 
7f047c000000-7f047c021000 rw-p 00000000 00:00 0 
7f047c021000-7f0480000000 ---p 00000000 00:00 0 
7f0480000000-7f0480021000 rw-p 00000000 00:00 0 
7f0480021000-7f0484000000 ---p 00000000 00:00 0 
7f0484000000-7f0484021000 rw-p 00000000 00:00 0 
7f0484021000-7f0488000000 ---p 00000000 00:00 0 
7f0488000000-7f0488c45000 rw-p 00000000 00:00 0 
7f0488c45000-7f048c000000 ---p 00000000 00:00 0 
7f048c000000-7f048c021000 rw-p 00000000 00:00 0 
7f048c021000-7f0490000000 ---p 00000000 00:00 0 
7f0490000000-7f04915c5000 rw-p 00000000 00:00 0 
7f04915c5000-7f0494000000 ---p 00000000 00:00 0 
7f0494000000-7f0496576000 rw-p 00000000 00:00 0 
7f0496576000-7f0498000000 ---p 00000000 00:00 0 
7f0498000000-7f0498021000 rw-p 00000000 00:00 0 
7f0498021000-7f049c000000 ---p 00000000 00:00 0 
7f049c000000-7f049e6e1000 rw-p 00000000 00:00 0 
7f049e6e1000-7f04a0000000 ---p 00000000 00:00 0 
7f04a0000000-7f04a0021000 rw-p 00000000 00:00 0 
7f04a0021000-7f04a4000000 ---p 00000000 00:00 0 
7f04a4000000-7f04a40c2000 rw-p 00000000 00:00 0 
7f04a40c2000-7f04a8000000 ---p 00000000 00:00 0 
7f04a8000000-7f04a8021000 rw-p 00000000 00:00 0 
7f04a8021000-7f04ac000000 ---p 00000000 00:00 0 
7f04ac000000-7f04ac021000 rw-p 00000000 00:00 0 
7f04ac021000-7f04b0000000 ---p 00000000 00:00 0 
7f04b0000000-7f04b0021000 rw-p 00000000 00:00 0 
7f04b0021000-7f04b4000000 ---p 00000000 00:00 0 
7f04b4350000-7f04bc000000 rw-p 00000000 00:00 0 
7f04bc000000-7f04bc021000 rw-p 00000000 00:00 0 
7f04bc021000-7f04c0000000 ---p 00000000 00:00 0 
7f04c0000000-7f04c0214000 rw-p 00000000 00:00 0 
7f04c0214000-7f04c4000000 ---p 00000000 00:00 0 
7f04c4000000-7f04c4021000 rw-p 00000000 00:00 0 
7f04c4021000-7f04c8000000 ---p 00000000 00:00 0 
7f04cc000000-7f04cc021000 rw-p 00000000 00:00 0 
7f04cc021000-7f04d0000000 ---p 00000000 00:00 0 
7f04d0000000-7f04d0021000 rw-p 00000000 00:00 0 
7f04d0021000-7f04d4000000 ---p 00000000 00:00 0 
7f04d4000000-7f04d4021000 rw-p 00000000 00:00 0 
7f04d4021000-7f04d8000000 ---p 00000000 00:00 0 
7f04dacd5000-7f04dae9c000 rw-p 00000000 00:00 0 
7f04dae9c000-7f04daed8000 ---p 00000000 00:00 0 
7f04daed8000-7f04dafd6000 rw-p 00000000 00:00 0 
7f04dafd6000-7f04dafed000 r-xp 00000000 08:06 15602148                   /lib/x86_64-linux-gnu/libresolv-2.19.so
7f04dafed000-7f04db1ed000 ---p 00017000 08:06 15602148                   /lib/x86_64-linux-gnu/libresolv-2.19.so
7f04db1ed000-7f04db1ee000 r--p 00017000 08:06 15602148                   /lib/x86_64-linux-gnu/libresolv-2.19.so
7f04db1ee000-7f04db1ef000 rw-p 00018000 08:06 15602148                   /lib/x86_64-linux-gnu/libresolv-2.19.so
7f04db1ef000-7f04db1f1000 rw-p 00000000 00:00 0 
7f04db1f1000-7f04db1f6000 r-xp 00000000 08:06 15602324                   /lib/x86_64-linux-gnu/libnss_dns-2.19.so
7f04db1f6000-7f04db3f5000 ---p 00005000 08:06 15602324                   /lib/x86_64-linux-gnu/libnss_dns-2.19.so
7f04db3f5000-7f04db3f6000 r--p 00004000 08:06 15602324                   /lib/x86_64-linux-gnu/libnss_dns-2.19.so
7f04db3f6000-7f04db3f7000 rw-p 00005000 08:06 15602324                   /lib/x86_64-linux-gnu/libnss_dns-2.19.so
7f04db3f7000-7f04db3f9000 r-xp 00000000 08:06 15601607                   /lib/x86_64-linux-gnu/libnss_mdns4_minimal.so.2
7f04db3f9000-7f04db5f8000 ---p 00002000 08:06 15601607                   /lib/x86_64-linux-gnu/libnss_mdns4_minimal.so.2
7f04db5f8000-7f04db5f9000 r--p 00001000 08:06 15601607                   /lib/x86_64-linux-gnu/libnss_mdns4_minimal.so.2
7f04db5f9000-7f04db5fa000 rw-p 00002000 08:06 15601607                   /lib/x86_64-linux-gnu/libnss_mdns4_minimal.so.2
7f04db5fa000-7f04db7fa000 rw-p 00000000 00:00 0 
7f04db7fa000-7f04db7fd000 ---p 00000000 00:00 0 
7f04db7fd000-7f04db8fb000 rw-p 00000000 00:00 0                          [stack:8143]
7f04db8fb000-7f04db8fe000 ---p 00000000 00:00 0 
7f04db8fe000-7f04db9fc000 rw-p 00000000 00:00 0                          [stack:8142]
7f04db9fc000-7f04db9ff000 ---p 00000000 00:00 0 
7f04db9ff000-7f04dbafd000 rw-p 00000000 00:00 0                          [stack:8141]
7f04dbafd000-7f04dbb00000 ---p 00000000 00:00 0 
7f04dbb00000-7f04dbdfe000 rw-p 00000000 00:00 0                          [stack:8140]
7f04dbdfe000-7f04dbe01000 ---p 00000000 00:00 0 
7f04dbe01000-7f04dbeff000 rw-p 00000000 00:00 0                          [stack:8139]
7f04dbeff000-7f04dbf02000 ---p 00000000 00:00 0 
7f04dbf02000-7f04dc000000 rw-p 00000000 00:00 0                          [stack:8138]
7f04dc000000-7f04dc021000 rw-p 00000000 00:00 0 
7f04dc021000-7f04e0000000 ---p 00000000 00:00 0 
7f04e0059000-7f04e005c000 ---p 00000000 00:00 0 
7f04e005c000-7f04e015a000 rw-p 00000000 00:00 0                          [stack:8137]
7f04e015a000-7f04e015d000 ---p 00000000 00:00 0 
7f04e015d000-7f04e025b000 rw-p 00000000 00:00 0                          [stack:8136]
7f04e025b000-7f04e025e000 ---p 00000000 00:00 0 
7f04e025e000-7f04e035c000 rw-p 00000000 00:00 0                          [stack:8135]
7f04e035c000-7f04e035f000 ---p 00000000 00:00 0 
7f04e035f000-7f04e045d000 rw-p 00000000 00:00 0 
7f04e045d000-7f04e0460000 ---p 00000000 00:00 0 
7f04e0460000-7f04e055e000 rw-p 00000000 00:00 0 
7f04e055e000-7f04e0561000 ---p 00000000 00:00 0 
7f04e0561000-7f04e085f000 rw-p 00000000 00:00 0                          [stack:8205]
7f04e085f000-7f04e0862000 ---p 00000000 00:00 0 
7f04e0862000-7f04e0960000 rw-p 00000000 00:00 0 
7f04e0960000-7f04e0963000 ---p 00000000 00:00 0 
7f04e0963000-7f04e0a61000 rw-p 00000000 00:00 0 
7f04e0a61000-7f04e0a64000 ---p 00000000 00:00 0 
7f04e0a64000-7f04e0d62000 rw-p 00000000 00:00 0                          [stack:8128]
7f04e0d62000-7f04e0d65000 ---p 00000000 00:00 0 
7f04e0d65000-7f04e0e63000 rw-p 00000000 00:00 0 
7f04e0e63000-7f04e0e66000 ---p 00000000 00:00 0 
7f04e0e66000-7f04e0f64000 rw-p 00000000 00:00 0 
7f04e0f64000-7f04e0f67000 ---p 00000000 00:00 0 
7f04e0f67000-7f04e1265000 rw-p 00000000 00:00 0                          [stack:8204]
7f04e1265000-7f04e1465000 rw-p 00000000 00:00 0 
7f04e1465000-7f04e1468000 ---p 00000000 00:00 0 
7f04e1468000-7f04e1766000 rw-p 00000000 00:00 0 
7f04e1766000-7f04e1769000 ---p 00000000 00:00 0 
7f04e1769000-7f04e1867000 rw-p 00000000 00:00 0 
7f04e1867000-7f04e186a000 ---p 00000000 00:00 0 
7f04e186a000-7f04e1968000 rw-p 00000000 00:00 0 
7f04e1968000-7f04e196b000 ---p 00000000 00:00 0 
7f04e196b000-7f04e1a69000 rw-p 00000000 00:00 0 
7f04e1b0c000-7f04e1b0f000 ---p 00000000 00:00 0 
7f04e1b0f000-7f04e1c0d000 rw-p 00000000 00:00 0                          [stack:8123]
7f04e1c0d000-7f04e1c10000 ---p 00000000 00:00 0 
7f04e1c10000-7f04e1d0e000 rw-p 00000000 00:00 0 
7f04e1d0e000-7f04e1d11000 ---p 00000000 00:00 0 
7f04e1d11000-7f04e1e0f000 rw-p 00000000 00:00 0 
7f04e1e0f000-7f04e1e12000 ---p 00000000 00:00 0 
7f04e1e12000-7f04e1f10000 rw-p 00000000 00:00 0 
7f04e1f10000-7f04e1f13000 ---p 00000000 00:00 0 
7f04e1f13000-7f04e2011000 rw-p 00000000 00:00 0 
7f04e2011000-7f04e2014000 ---p 00000000 00:00 0 
7f04e2014000-7f04e2112000 rw-p 00000000 00:00 0 
7f04e21e9000-7f04e21ec000 ---p 00000000 00:00 0 
7f04e21ec000-7f04e22ea000 rw-p 00000000 00:00 0 
7f04e22ea000-7f04e22ed000 ---p 00000000 00:00 0 
7f04e22ed000-7f04e25eb000 rw-p 00000000 00:00 0 
7f04e25eb000-7f04e25ee000 ---p 00000000 00:00 0 
7f04e25ee000-7f04e28ec000 rw-p 00000000 00:00 0 
7f04e29fa000-7f04e2bfa000 rw-p 00000000 00:00 0 
7f04e2bfa000-7f04e2dfa000 rw-p 00000000 00:00 0 
7f04e2dfa000-7f04e2ffa000 rw-p 00000000 00:00 0 
7f04e2ffa000-7f04e2ffd000 ---p 00000000 00:00 0 
7f04e2ffd000-7f04e32fb000 rw-p 00000000 00:00 0 
7f04e32fb000-7f04e34fb000 rw-p 00000000 00:00 0 
7f04e34fb000-7f04e36fb000 rw-p 00000000 00:00 0 
7f04e38fd000-7f04e3900000 ---p 00000000 00:00 0 
7f04e3900000-7f04e39fe000 rw-p 00000000 00:00 0 
7f04e39fe000-7f04e3a01000 ---p 00000000 00:00 0 
7f04e3a01000-7f04e3aff000 rw-p 00000000 00:00 0 
7f04e3aff000-7f04e3b02000 ---p 00000000 00:00 0 
7f04e3b02000-7f04e3e00000 rw-p 00000000 00:00 0 
7f04e3e00000-7f04e4000000 rw-p 00000000 00:00 0 
7f04e4000000-7f04e4021000 rw-p 00000000 00:00 0 
7f04e4021000-7f04e8000000 ---p 00000000 00:00 0 
7f04e80b3000-7f04e80ba000 r--s 00000000 08:06 15863595                   /usr/lib/x86_64-linux-gnu/gconv/gconv-modules.cache
7f04e80ba000-7f04e80bc000 r--s 00003000 08:06 659380                     /usr/local/development/dev-7-7/Ignition/IgnitionWebApp/src/main/home/temp/sfc-gateway-api3158937727277891825.jar
7f04e80bc000-7f04e80bf000 r--s 00019000 08:06 659379                     /usr/local/development/dev-7-7/Ignition/IgnitionWebApp/src/main/home/temp/sfc-gateway999917011470892294.jar
7f04e80bf000-7f04e80c2000 r--s 00016000 08:06 659378                     /usr/local/development/dev-7-7/Ignition/IgnitionWebApp/src/main/home/temp/sfc-common7767815451315576564.jar
7f04e80c2000-7f04e80c6000 r--s 000be000 08:06 658862                     /usr/local/development/dev-7-7/Ignition/IgnitionWebApp/src/main/home/temp/vis-gateway5768271582881762105.jar
7f04e80c6000-7f04e80ce000 r--s 0009e000 08:06 657755                     /usr/local/development/dev-7-7/Ignition/IgnitionWebApp/src/main/home/temp/secsgem-gateway5964620169239052231.jar
7f04e80ce000-7f04e80e1000 r--s 00345000 08:06 20582253                   /usr/lib/jvm/jdk1.8.0_20/jre/lib/resources.jar
7f04e80e1000-7f04e80e4000 ---p 00000000 00:00 0 
7f04e80e4000-7f04e81e3000 rw-p 00000000 00:00 0 
7f04e81e3000-7f04e81e4000 r--s 00002000 08:06 658869                     /usr/local/development/dev-7-7/Ignition/IgnitionWebApp/src/main/home/temp/vis-common2939152815805309747.jar
7f04e81e4000-7f04e81e5000 r--s 00004000 08:06 658858                     /usr/local/development/dev-7-7/Ignition/IgnitionWebApp/src/main/home/temp/secsgem-shared1410933912110043366.jar
7f04e81e5000-7f04e81e6000 r--s 00000000 08:06 2365020                    /usr/local/development/dev-7-7/Ignition/IgnitionWebApp/target/ignition-webapp-7.7/WEB-INF/lib/xopc-common-2.7.2-20141104.213412-19.jar
7f04e81e6000-7f04e81fe000 r--s 000f7000 08:06 2365016                    /usr/local/development/dev-7-7/Ignition/IgnitionWebApp/target/ignition-webapp-7.7/WEB-INF/lib/xopc-2.7.2-20141104.213433-19.jar
7f04e81fe000-7f04e820b000 r--s 000a0000 08:06 2365222                    /usr/local/development/dev-7-7/Ignition/IgnitionWebApp/target/ignition-webapp-7.7/WEB-INF/lib/winpack-3.8.3.jar
7f04e820b000-7f04e8215000 r--s 0005c000 08:06 2364945                    /usr/local/development/dev-7-7/Ignition/IgnitionWebApp/target/ignition-webapp-7.7/WEB-INF/lib/wicket-util-6.1.1.jar
7f04e8215000-7f04e8218000 r--s 00012000 08:06 2364946                    /usr/local/development/dev-7-7/Ignition/IgnitionWebApp/target/ignition-webapp-7.7/WEB-INF/lib/wicket-request-6.1.1.jar
7f04e8218000-7f04e822a000 r--s 00138000 08:06 2364948                    /usr/local/development/dev-7-7/Ignition/IgnitionWebApp/target/ignition-webapp-7.7/WEB-INF/lib/wicket-extensions-6.1.1.jar
7f04e822a000-7f04e822d000 r--s 00038000 08:06 2364947                    /usr/local/development/dev-7-7/Ignition/IgnitionWebApp/target/ignition-webapp-7.7/WEB-INF/lib/wicket-datetime-6.1.1.jar
7f04e822d000-7f04e8250000 r--s 001a3000 08:06 2364944                    /usr/local/development/dev-7-7/Ignition/IgnitionWebApp/target/ignition-webapp-7.7/WEB-INF/lib/wicket-core-6.1.1.jar
7f04e8250000-7f04e8252000 r--s 0012e000 08:06 2365207                    /usr/local/development/dev-7-7/Ignition/IgnitionWebApp/target/ignition-webapp-7.7/WEB-INF/lib/voice-cmu-slt-hsmm-5.0.jar
7f04e8252000-7f04e8253000 r--s 00006000 08:06 2365022                    /usr/local/development/dev-7-7/Ignition/IgnitionWebApp/target/ignition-webapp-7.7/WEB-INF/lib/user-manual-module-1.7.0-20131026.004611-6.jar
7f04e8253000-7f04e8254000 r--s 00268000 08:06 2365208                    /usr/local/development/dev-7-7/Ignition/IgnitionWebApp/target/ignition-webapp-7.7/WEB-INF/lib/ttsengine-ivona-2.7.2-20141104.214148-19.jar
7f04e8254000-7f04e8257000 r--s 00017000 08:06 2365002                    /usr/local/development/dev-7-7/Ignition/IgnitionWebApp/target/ignition-webapp-7.7/WEB-INF/lib/timingframework-1.0.jar
7f04e8257000-7f04e8259000 r--s 00001000 08:06 2364734                    /usr/local/development/dev-7-7/Ignition/IgnitionWebApp/target/ignition-webapp-7.7/WEB-INF/lib/slf4j-log4j12-1.7.5.jar
7f04e8259000-7f04e825b000 r--s 00005000 08:06 2364733                    /usr/local/development/dev-7-7/Ignition/IgnitionWebApp/target/ignition-webapp-7.7/WEB-INF/lib/slf4j-api-1.7.5.jar
7f04e825b000-7f04e8265000 r--s 00061000 08:06 2365204                    /usr/local/development/dev-7-7/Ignition/IgnitionWebApp/target/ignition-webapp-7.7/WEB-INF/lib/sip-notification-2.7.2-20141104.214142-19.jar
7f04e8265000-7f04e8268000 r--s 0001f000 08:06 4198129                    /usr/local/development/dev-7-7/Ignition/IgnitionWebApp/target/ignition-webapp-7.7/WEB-INF/lib/simple-orm-7.7.2-SNAPSHOT.jar
7f04e8268000-7f04e826a000 r--s 00003000 08:06 2365213                    /usr/local/development/dev-7-7/Ignition/IgnitionWebApp/target/ignition-webapp-7.7/WEB-INF/lib/sfc-gateway-api-1.7.1-SNAPSHOT.jar
7f04e826a000-7f04e826d000 r--s 00019000 08:06 2365212                    /usr/local/development/dev-7-7/Ignition/IgnitionWebApp/target/ignition-webapp-7.7/WEB-INF/lib/sfc-gateway-1.7.1-SNAPSHOT.jar
7f04e826d000-7f04e8270000 r--s 00016000 08:06 2365214                    /usr/local/development/dev-7-7/Ignition/IgnitionWebApp/target/ignition-webapp-7.7/WEB-INF/lib/sfc-common-1.7.1-SNAPSHOT.jar
7f04e8270000-7f04e8272000 r--s 0000f000 08:06 2365217                    /usr/local/development/dev-7-7/Ignition/IgnitionWebApp/target/ignition-webapp-7.7/WEB-INF/lib/serialio-8.7.0.jar
7f04e8272000-7f04e8274000 r--s 00028000 08:06 2365215                    /usr/local/development/dev-7-7/Ignition/IgnitionWebApp/target/ignition-webapp-7.7/WEB-INF/lib/serial-support-gateway-2.7.2-20141104.214033-19.jar
7f04e8274000-7f04e8276000 r--s 00002000 08:06 2365216                    /usr/local/development/dev-7-7/Ignition/IgnitionWebApp/target/ignition-webapp-7.7/WEB-INF/lib/serial-support-common-2.7.2-20141104.214027-19.jar
7f04e8276000-7f04e827b000 r--s 0003e000 08:06 2364955                    /usr/local/development/dev-7-7/Ignition/IgnitionWebApp/target/ignition-webapp-7.7/WEB-INF/lib/saaj-impl-1.3.jar
7f04e827b000-7f04e827d000 r--s 00003000 08:06 2364956                    /usr/local/development/dev-7-7/Ignition/IgnitionWebApp/target/ignition-webapp-7.7/WEB-INF/lib/saaj-api-1.3.jar
7f04e827d000-7f04e8287000 r--s 0005c000 08:06 2365219                    /usr/local/development/dev-7-7/Ignition/IgnitionWebApp/target/ignition-webapp-7.7/WEB-INF/lib/opccom-gateway-2.7.2-20141104.213642-1.jar
7f04e8287000-7f04e8288000 r--s 00001000 08:06 2365218                    /usr/local/development/dev-7-7/Ignition/IgnitionWebApp/target/ignition-webapp-7.7/WEB-INF/lib/opccom-common-2.7.2-20141104.213635-1.jar
7f04e8288000-7f04e828d000 r--s 00086000 08:06 2365210                    /usr/local/development/dev-7-7/Ignition/IgnitionWebApp/target/ignition-webapp-7.7/WEB-INF/lib/mobile-gateway-2.7.2-20141104.213623-19.jar
7f04e828d000-7f04e828f000 r--s 00002000 08:06 2365211                    /usr/local/development/dev-7-7/Ignition/IgnitionWebApp/target/ignition-webapp-7.7/WEB-INF/lib/mobile-common-2.7.2-20141104.213605-19.jar
7f04e828f000-7f04e8290000 r--s 00003000 08:06 2365006                    /usr/local/development/dev-7-7/Ignition/IgnitionWebApp/target/ignition-webapp-7.7/WEB-INF/lib/miglayout-swing-4.2.jar
7f04e8290000-7f04e8292000 r--s 0000f000 08:06 2365007                    /usr/local/development/dev-7-7/Ignition/IgnitionWebApp/target/ignition-webapp-7.7/WEB-INF/lib/miglayout-core-4.2.jar
7f04e8292000-7f04e8295000 r--s 00012000 08:06 2364935                    /usr/local/development/dev-7-7/Ignition/IgnitionWebApp/target/ignition-webapp-7.7/WEB-INF/lib/metrics-core-3.0.1.jar
7f04e8295000-7f04e8304000 r--s 007bb000 08:06 2365205                    /usr/local/development/dev-7-7/Ignition/IgnitionWebApp/target/ignition-webapp-7.7/WEB-INF/lib/marytts-server-5.0.jar
7f04e8304000-7f04e8307000 r--s 0069c000 08:06 2365206                    /usr/local/development/dev-7-7/Ignition/IgnitionWebApp/target/ignition-webapp-7.7/WEB-INF/lib/marytts-lang-en-5.0.jar
7f04e8307000-7f04e830f000 r--s 00075000 08:06 2364951                    /usr/local/development/dev-7-7/Ignition/IgnitionWebApp/target/ignition-webapp-7.7/WEB-INF/lib/mail-1.4.5.jar
7f04e830f000-7f04e8316000 r--s 00059000 08:06 2364732                    /usr/local/development/dev-7-7/Ignition/IgnitionWebApp/target/ignition-webapp-7.7/WEB-INF/lib/log4j-1.2.15.jar
7f04e8316000-7f04e83b3000 r--s 0082e000 08:06 2364728                    /usr/local/development/dev-7-7/Ignition/IgnitionWebApp/target/ignition-webapp-7.7/WEB-INF/lib/jython-2.5.3-guava-upgrade.jar
7f04e83b3000-7f04e83b4000 r--s 00001000 08:06 2364765                    /usr/local/development/dev-7-7/Ignition/IgnitionWebApp/target/ignition-webapp-7.7/WEB-INF/lib/jul-to-slf4j-1.7.5.jar
7f04e83b4000-7f04e83ba000 r--s 00036000 08:06 2364949                    /usr/local/development/dev-7-7/Ignition/IgnitionWebApp/target/ignition-webapp-7.7/WEB-INF/lib/jquery-ui-core-6.1.0.jar
7f04e83ba000-7f04e83c9000 r--s 0007c000 08:06 2364936                    /usr/local/development/dev-7-7/Ignition/IgnitionWebApp/target/ignition-webapp-7.7/WEB-INF/lib/joda-time-2.0.jar
7f04e83c9000-7f04e83cd000 r--s 00037000 08:06 2365221                    /usr/local/development/dev-7-7/Ignition/IgnitionWebApp/target/ignition-webapp-7.7/WEB-INF/lib/jniwrap-3.8.3.jar
7f04e83cd000-7f04e83cf000 r--s 00011000 08:06 2365015                    /usr/local/development/dev-7-7/Ignition/IgnitionWebApp/target/ignition-webapp-7.7/WEB-INF/lib/jide-shortcut-3.5.13.jar
7f04e83cf000-7f04e83d3000 r--s 00022000 08:06 2365010                    /usr/local/development/dev-7-7/Ignition/IgnitionWebApp/target/ignition-webapp-7.7/WEB-INF/lib/jide-plaf-3.5.13.jar
7f04e83d3000-7f04e83f9000 r--s 001da000 08:06 2365009                    /usr/local/development/dev-7-7/Ignition/IgnitionWebApp/target/ignition-webapp-7.7/WEB-INF/lib/jide-grids-3.5.13.jar
7f04e83f9000-7f04e8403000 r--s 00061000 08:06 2365014                    /usr/local/development/dev-7-7/Ignition/IgnitionWebApp/target/ignition-webapp-7.7/WEB-INF/lib/jide-editor-3.5.13.jar
7f04e8403000-7f04e8409000 r--s 0004f000 08:06 2365013                    /usr/local/development/dev-7-7/Ignition/IgnitionWebApp/target/ignition-webapp-7.7/WEB-INF/lib/jide-dock-3.5.13.jar
7f04e8409000-7f04e840b000 r--s 0000c000 08:06 2365012                    /usr/local/development/dev-7-7/Ignition/IgnitionWebApp/target/ignition-webapp-7.7/WEB-INF/lib/jide-dialogs-3.5.13.jar
7f04e840b000-7f04e8413000 r--s 00055000 08:06 2365008                    /usr/local/development/dev-7-7/Ignition/IgnitionWebApp/target/ignition-webapp-7.7/WEB-INF/lib/jide-components-3.5.13.jar
7f04e8413000-7f04e8430000 r--s 00155000 08:06 2364766                    /usr/local/development/dev-7-7/Ignition/IgnitionWebApp/target/ignition-webapp-7.7/WEB-INF/lib/jide-common-3.5.13.jar
7f04e8430000-7f04e8435000 r--s 0002f000 08:06 2365011                    /usr/local/development/dev-7-7/Ignition/IgnitionWebApp/target/ignition-webapp-7.7/WEB-INF/lib/jide-action-3.5.13.jar
7f04e8435000-7f04e8449000 r--s 0017c000 08:06 2365004                    /usr/local/development/dev-7-7/Ignition/IgnitionWebApp/target/ignition-webapp-7.7/WEB-INF/lib/jfreechart-min-1.0.0.jar
7f04e8449000-7f04e844b000 r--s 00004000 08:06 2364991                    /usr/local/development/dev-7-7/Ignition/IgnitionWebApp/target/ignition-webapp-7.7/WEB-INF/lib/jaxrpc-spi-1.1.3_01.jar
7f04e844b000-7f04e8468000 r--s 001ea000 08:06 2364953                    /usr/local/development/dev-7-7/Ignition/IgnitionWebApp/target/ignition-webapp-7.7/WEB-INF/lib/jaxrpc-impl-1.1.3_01.jar
7f04e8468000-7f04e846a000 r--s 00005000 08:06 2364954                    /usr/local/development/dev-7-7/Ignition/IgnitionWebApp/target/ignition-webapp-7.7/WEB-INF/lib/jaxrpc-api-1.1.jar
7f04e846a000-7f04e846c000 r--s 00013000 08:06 2364730                    /usr/local/development/dev-7-7/Ignition/IgnitionWebApp/target/ignition-webapp-7.7/WEB-INF/lib/java-cup-10k.jar
7f04e846c000-7f04e846d000 r--s 00003000 08:06 2365209                    /usr/local/development/dev-7-7/Ignition/IgnitionWebApp/target/ignition-webapp-7.7/WEB-INF/lib/ivonatts-1.0.0.jar
7f04e846d000-7f04e846f000 r--s 00001000 08:06 2365019                    /usr/local/development/dev-7-7/Ignition/IgnitionWebApp/target/ignition-webapp-7.7/WEB-INF/lib/io-session-3.0.0-20130122.214435-9.jar
7f04e846f000-7f04e847a000 r--s 00073000 08:06 2365018                    /usr/local/development/dev-7-7/Ignition/IgnitionWebApp/target/ignition-webapp-7.7/WEB-INF/lib/ia-opcua-2.7.2-20141104.213404-19.jar
7f04e847a000-7f04e8488000 r--s 0014e000 08:06 2364950                    /usr/local/development/dev-7-7/Ignition/IgnitionWebApp/target/ignition-webapp-7.7/WEB-INF/lib/hsqldb-2.2.9.jar
7f04e8488000-7f04e8489000 r--s 00001000 08:06 2365000                    /usr/local/development/dev-7-7/Ignition/IgnitionWebApp/target/ignition-webapp-7.7/WEB-INF/lib/hasp-srm-api-1.0.0.jar
7f04e8489000-7f04e84ad000 r--s 001aa000 08:06 2364726                    /usr/local/development/dev-7-7/Ignition/IgnitionWebApp/target/ignition-webapp-7.7/WEB-INF/lib/guava-13.0.1.jar
7f04e84ad000-7f04e84d2000 r--s 00155000 08:06 4198528                    /usr/local/development/dev-7-7/Ignition/IgnitionWebApp/target/ignition-webapp-7.7/WEB-INF/lib/gateway-api-7.7.2-SNAPSHOT.jar
7f04e84d2000-7f04e8507000 r--s 00273000 08:06 4198535                    /usr/local/development/dev-7-7/Ignition/IgnitionWebApp/target/ignition-webapp-7.7/WEB-INF/lib/gateway-7.7.2-SNAPSHOT.jar
7f04e8507000-7f04e850b000 r--s 00016000 08:06 2365023                    /usr/local/development/dev-7-7/Ignition/IgnitionWebApp/target/ignition-webapp-7.7/WEB-INF/lib/fsql-common-6.7.2-20141104.213458-19.jar
7f04e850b000-7f04e8513000 r--s 001ca000 08:06 2365024                    /usr/local/development/dev-7-7/Ignition/IgnitionWebApp/target/ignition-webapp-7.7/WEB-INF/lib/fsql-6.7.2-20141104.213508-19.jar
7f04e8513000-7f04e8517000 r--s 000be000 08:06 4198527                    /usr/local/development/dev-7-7/Ignition/IgnitionWebApp/target/ignition-webapp-7.7/WEB-INF/lib/fpmi-gateway-7.7.2-SNAPSHOT.jar
7f04e8517000-7f04e8518000 r--s 00001000 08:06 4198522                    /usr/local/development/dev-7-7/Ignition/IgnitionWebApp/target/ignition-webapp-7.7/WEB-INF/lib/fpmi-common-7.7.2-SNAPSHOT.jar
7f04e8518000-7f04e851b000 r--s 00013000 08:06 2365003                    /usr/local/development/dev-7-7/Ignition/IgnitionWebApp/target/ignition-webapp-7.7/WEB-INF/lib/forms-1.0.7.jar
7f04e851b000-7f04e851d000 r--s 00003000 08:06 2365021                    /usr/local/development/dev-7-7/Ignition/IgnitionWebApp/target/ignition-webapp-7.7/WEB-INF/lib/drivers-common-2.7.2-20141104.213438-19.jar
7f04e851d000-7f04e8524000 r--s 0002f000 08:06 2365017                    /usr/local/development/dev-7-7/Ignition/IgnitionWebApp/target/ignition-webapp-7.7/WEB-INF/lib/driver-api-2.7.2-20141104.213410-19.jar
7f04e8524000-7f04e857a000 r--s 00512000 08:06 4198523                    /usr/local/development/dev-7-7/Ignition/IgnitionWebApp/target/ignition-webapp-7.7/WEB-INF/lib/designer-7.7.2-SNAPSHOT.jar
7f04e857a000-7f04e857c000 r--s 00007000 08:06 2364731                    /usr/local/development/dev-7-7/Ignition/IgnitionWebApp/target/ignition-webapp-7.7/WEB-INF/lib/cron4j-2.2.3.jar
7f04e857c000-7f04e8583000 r--s 00054000 08:06 2364729                    /usr/local/development/dev-7-7/Ignition/IgnitionWebApp/target/ignition-webapp-7.7/WEB-INF/lib/core-1.7.jar
7f04e8583000-7f04e8586000 r--s 00013000 08:06 2364999                    /usr/local/development/dev-7-7/Ignition/IgnitionWebApp/target/ignition-webapp-7.7/WEB-INF/lib/commons-pool-1.4.jar
7f04e8586000-7f04e8588000 r--s 0000d000 08:06 2364941                    /usr/local/development/dev-7-7/Ignition/IgnitionWebApp/target/ignition-webapp-7.7/WEB-INF/lib/commons-logging-1.1.1.jar
7f04e8588000-7f04e858e000 r--s 00048000 08:06 2364723                    /usr/local/development/dev-7-7/Ignition/IgnitionWebApp/target/ignition-webapp-7.7/WEB-INF/lib/commons-lang3-3.1.jar
7f04e858e000-7f04e8590000 r--s 0000e000 08:06 2364942                    /usr/local/development/dev-7-7/Ignition/IgnitionWebApp/target/ignition-webapp-7.7/WEB-INF/lib/commons-lang-1.0.jar
7f04e8590000-7f04e8593000 r--s 00025000 08:06 2364722                    /usr/local/development/dev-7-7/Ignition/IgnitionWebApp/target/ignition-webapp-7.7/WEB-INF/lib/commons-io-2.1.jar
7f04e8593000-7f04e8596000 r--s 0000f000 08:06 2364997                    /usr/local/development/dev-7-7/Ignition/IgnitionWebApp/target/ignition-webapp-7.7/WEB-INF/lib/commons-discovery-0.2.jar
7f04e8596000-7f04e8598000 r--s 0001c000 08:06 2364998                    /usr/local/development/dev-7-7/Ignition/IgnitionWebApp/target/ignition-webapp-7.7/WEB-INF/lib/commons-dbcp-1.2.2.jar
7f04e8598000-7f04e859a000 r--s 00006000 08:06 2364940                    /usr/local/development/dev-7-7/Ignition/IgnitionWebApp/target/ignition-webapp-7.7/WEB-INF/lib/commons-cli-1.0.jar
7f04e859a000-7f04e85cb000 r--s 001ea000 08:06 4198525                    /usr/local/development/dev-7-7/Ignition/IgnitionWebApp/target/ignition-webapp-7.7/WEB-INF/lib/common-7.7.2-SNAPSHOT.jar
7f04e85cb000-7f04e85d8000 r--s 00084000 08:06 2365220                    /usr/local/development/dev-7-7/Ignition/IgnitionWebApp/target/ignition-webapp-7.7/WEB-INF/lib/comfyj-2.9.jar
7f04e85d8000-7f04e85dd000 r--s 00030000 08:06 4198524                    /usr/local/development/dev-7-7/Ignition/IgnitionWebApp/target/ignition-webapp-7.7/WEB-INF/lib/client-bootstrap-7.7.2-SNAPSHOT.jar
7f04e85dd000-7f04e8603000 r--s 001be000 08:06 4198529                    /usr/local/development/dev-7-7/Ignition/IgnitionWebApp/target/ignition-webapp-7.7/WEB-INF/lib/client-api-7.7.2-SNAPSHOT.jar
7f04e8603000-7f04e862b000 r--s 00196000 08:06 2364727                    /usr/local/development/dev-7-7/Ignition/IgnitionWebApp/target/ignition-webapp-7.7/WEB-INF/lib/bcprov-jdk16-unsigned-1.46-unsigned.jar
7f04e862b000-7f04e8630000 r--s 0003e000 08:06 2364938                    /usr/local/development/dev-7-7/Ignition/IgnitionWebApp/target/ignition-webapp-7.7/WEB-INF/lib/barcode4j-2.1.jar
7f04e8630000-7f04e8633000 r--s 0001c000 08:06 2364996                    /usr/local/development/dev-7-7/Ignition/IgnitionWebApp/target/ignition-webapp-7.7/WEB-INF/lib/axis-wsdl4j-1.5.1.jar
7f04e8633000-7f04e8635000 r--s 00006000 08:06 2364994                    /usr/local/development/dev-7-7/Ignition/IgnitionWebApp/target/ignition-webapp-7.7/WEB-INF/lib/axis-jaxrpc-1.4.jar
7f04e8635000-7f04e8649000 r--s 00173000 08:06 2364993                    /usr/local/development/dev-7-7/Ignition/IgnitionWebApp/target/ignition-webapp-7.7/WEB-INF/lib/axis-1.4.jar
7f04e8649000-7f04e864b000 r--s 0000d000 08:06 2364939                    /usr/local/development/dev-7-7/Ignition/IgnitionWebApp/target/ignition-webapp-7.7/WEB-INF/lib/avalon-framework-impl-4.2.0.jar
7f04e864b000-7f04e864e000 ---p 00000000 00:00 0 
7f04e864e000-7f04e894c000 rw-p 00000000 00:00 0 
7f04e894c000-7f04e894f000 ---p 00000000 00:00 0 
7f04e894f000-7f04e8a4d000 rw-p 00000000 00:00 0                          [stack:8096]
7f04e8a4d000-7f04e8a50000 ---p 00000000 00:00 0 
7f04e8a50000-7f04e8b4e000 rw-p 00000000 00:00 0                          [stack:8095]
7f04e8b4e000-7f04e8b51000 ---p 00000000 00:00 0 
7f04e8b51000-7f04e8c4f000 rw-p 00000000 00:00 0                          [stack:8094]
7f04e8c4f000-7f04e8c52000 ---p 00000000 00:00 0 
7f04e8c52000-7f04e8d50000 rw-p 00000000 00:00 0                          [stack:8093]
7f04e8d50000-7f04e8d53000 ---p 00000000 00:00 0 
7f04e8d53000-7f04e8e51000 rw-p 00000000 00:00 0                          [stack:8092]
7f04e8e51000-7f04e8e54000 ---p 00000000 00:00 0 
7f04e8e54000-7f04e8f52000 rw-p 00000000 00:00 0                          [stack:8091]
7f04e8f52000-7f04e8f55000 ---p 00000000 00:00 0 
7f04e8f55000-7f04e9053000 rw-p 00000000 00:00 0 
7f04e9053000-7f04e9056000 ---p 00000000 00:00 0 
7f04e9056000-7f04e9154000 rw-p 00000000 00:00 0 
7f04e9154000-7f04e9157000 ---p 00000000 00:00 0 
7f04e9157000-7f04e9255000 rw-p 00000000 00:00 0                          [stack:8085]
7f04e9255000-7f04e9258000 ---p 00000000 00:00 0 
7f04e9258000-7f04e9356000 rw-p 00000000 00:00 0 
7f04e9356000-7f04e936c000 r-xp 00000000 08:06 15602357                   /lib/x86_64-linux-gnu/libgcc_s.so.1
7f04e936c000-7f04e956b000 ---p 00016000 08:06 15602357                   /lib/x86_64-linux-gnu/libgcc_s.so.1
7f04e956b000-7f04e956c000 rw-p 00015000 08:06 15602357                   /lib/x86_64-linux-gnu/libgcc_s.so.1
7f04e956c000-7f04e956d000 r--s 00004000 08:06 4198536                    /usr/local/development/dev-7-7/Ignition/IgnitionWebApp/target/ignition-webapp-7.7/WEB-INF/lib/bootstrap-7.7.2-SNAPSHOT-classes.jar
7f04e956d000-7f04e9575000 r--s 00049000 08:06 2365005                    /usr/local/development/dev-7-7/Ignition/IgnitionWebApp/target/ignition-webapp-7.7/WEB-INF/lib/alloy-1.4.4.ia1.jar
7f04e9575000-7f04e9577000 r--s 00003000 08:06 2365026                    /usr/local/development/dev-7-7/Ignition/IgnitionWebApp/target/ignition-webapp-7.7/WEB-INF/lib/alarm-notification-gateway-api-2.7.2-20141104.214105-19.jar
7f04e9577000-7f04e957d000 r--s 00032000 08:06 2365025                    /usr/local/development/dev-7-7/Ignition/IgnitionWebApp/target/ignition-webapp-7.7/WEB-INF/lib/alarm-notification-gateway-2.7.2-20141104.214111-19.jar
7f04e957d000-7f04e957f000 r--s 00004000 08:06 2365027                    /usr/local/development/dev-7-7/Ignition/IgnitionWebApp/target/ignition-webapp-7.7/WEB-INF/lib/alarm-notification-common-2.7.2-20141104.214053-19.jar
7f04e957f000-7f04e9589000 r--s 00036000 08:06 2365203                    /usr/local/development/dev-7-7/Ignition/IgnitionWebApp/target/ignition-webapp-7.7/WEB-INF/lib/airlink-sms-notification-2.7.2-20141104.214125-19.jar
7f04e9589000-7f04e958b000 r--s 0000d000 08:06 2365001                    /usr/local/development/dev-7-7/Ignition/IgnitionWebApp/target/ignition-webapp-7.7/WEB-INF/lib/activation-ws-1.0.0.jar
7f04e958b000-7f04e95bd000 r-xp 00000000 08:06 20582265                   /usr/lib/jvm/jdk1.8.0_20/jre/lib/amd64/libsunec.so
7f04e95bd000-7f04e97bc000 ---p 00032000 08:06 20582265                   /usr/lib/jvm/jdk1.8.0_20/jre/lib/amd64/libsunec.so
7f04e97bc000-7f04e97c2000 rw-p 00031000 08:06 20582265                   /usr/lib/jvm/jdk1.8.0_20/jre/lib/amd64/libsunec.so
7f04e97c2000-7f04e99d2000 rw-p 00000000 00:00 0 
7f04e99d2000-7f04e99d5000 ---p 00000000 00:00 0 
7f04e99d5000-7f04e9ad3000 rw-p 00000000 00:00 0                          [stack:8082]
7f04e9ad3000-7f04e9ad8000 r-xp 00000000 08:06 15211194                   /usr/lib/x86_64-linux-gnu/libXdmcp.so.6.0.0
7f04e9ad8000-7f04e9cd7000 ---p 00005000 08:06 15211194                   /usr/lib/x86_64-linux-gnu/libXdmcp.so.6.0.0
7f04e9cd7000-7f04e9cd8000 r--p 00004000 08:06 15211194                   /usr/lib/x86_64-linux-gnu/libXdmcp.so.6.0.0
7f04e9cd8000-7f04e9cd9000 rw-p 00005000 08:06 15211194                   /usr/lib/x86_64-linux-gnu/libXdmcp.so.6.0.0
7f04e9cd9000-7f04e9cdb000 r-xp 00000000 08:06 15211183                   /usr/lib/x86_64-linux-gnu/libXau.so.6.0.0
7f04e9cdb000-7f04e9edb000 ---p 00002000 08:06 15211183                   /usr/lib/x86_64-linux-gnu/libXau.so.6.0.0
7f04e9edb000-7f04e9edc000 r--p 00002000 08:06 15211183                   /usr/lib/x86_64-linux-gnu/libXau.so.6.0.0
7f04e9edc000-7f04e9edd000 rw-p 00003000 08:06 15211183                   /usr/lib/x86_64-linux-gnu/libXau.so.6.0.0
7f04e9edd000-7f04e9efa000 r-xp 00000000 08:06 15212358                   /usr/lib/x86_64-linux-gnu/libxcb.so.1.1.0
7f04e9efa000-7f04ea0fa000 ---p 0001d000 08:06 15212358                   /usr/lib/x86_64-linux-gnu/libxcb.so.1.1.0
7f04ea0fa000-7f04ea0fb000 r--p 0001d000 08:06 15212358                   /usr/lib/x86_64-linux-gnu/libxcb.so.1.1.0
7f04ea0fb000-7f04ea0fc000 rw-p 0001e000 08:06 15212358                   /usr/lib/x86_64-linux-gnu/libxcb.so.1.1.0
7f04ea0fc000-7f04ea10b000 r-xp 00000000 08:06 15211204                   /usr/lib/x86_64-linux-gnu/libXi.so.6.1.0
7f04ea10b000-7f04ea30a000 ---p 0000f000 08:06 15211204                   /usr/lib/x86_64-linux-gnu/libXi.so.6.1.0
7f04ea30a000-7f04ea30b000 r--p 0000e000 08:06 15211204                   /usr/lib/x86_64-linux-gnu/libXi.so.6.1.0
7f04ea30b000-7f04ea30c000 rw-p 0000f000 08:06 15211204                   /usr/lib/x86_64-linux-gnu/libXi.so.6.1.0
7f04ea30c000-7f04ea311000 r-xp 00000000 08:06 15211222                   /usr/lib/x86_64-linux-gnu/libXtst.so.6.1.0
7f04ea311000-7f04ea510000 ---p 00005000 08:06 15211222                   /usr/lib/x86_64-linux-gnu/libXtst.so.6.1.0
7f04ea510000-7f04ea511000 r--p 00004000 08:06 15211222                   /usr/lib/x86_64-linux-gnu/libXtst.so.6.1.0
7f04ea511000-7f04ea512000 rw-p 00005000 08:06 15211222                   /usr/lib/x86_64-linux-gnu/libXtst.so.6.1.0
7f04ea512000-7f04ea51b000 r-xp 00000000 08:06 15211216                   /usr/lib/x86_64-linux-gnu/libXrender.so.1.3.0
7f04ea51b000-7f04ea71a000 ---p 00009000 08:06 15211216                   /usr/lib/x86_64-linux-gnu/libXrender.so.1.3.0
7f04ea71a000-7f04ea71b000 r--p 00008000 08:06 15211216                   /usr/lib/x86_64-linux-gnu/libXrender.so.1.3.0
7f04ea71b000-7f04ea71c000 rw-p 00009000 08:06 15211216                   /usr/lib/x86_64-linux-gnu/libXrender.so.1.3.0
7f04ea71c000-7f04ea84c000 r-xp 00000000 08:06 15211179                   /usr/lib/x86_64-linux-gnu/libX11.so.6.3.0
7f04ea84c000-7f04eaa4c000 ---p 00130000 08:06 15211179                   /usr/lib/x86_64-linux-gnu/libX11.so.6.3.0
7f04eaa4c000-7f04eaa4d000 r--p 00130000 08:06 15211179                   /usr/lib/x86_64-linux-gnu/libX11.so.6.3.0
7f04eaa4d000-7f04eaa51000 rw-p 00131000 08:06 15211179                   /usr/lib/x86_64-linux-gnu/libX11.so.6.3.0
7f04eaa51000-7f04eaa62000 r-xp 00000000 08:06 15211196                   /usr/lib/x86_64-linux-gnu/libXext.so.6.4.0
7f04eaa62000-7f04eac61000 ---p 00011000 08:06 15211196                   /usr/lib/x86_64-linux-gnu/libXext.so.6.4.0
7f04eac61000-7f04eac62000 r--p 00010000 08:06 15211196                   /usr/lib/x86_64-linux-gnu/libXext.so.6.4.0
7f04eac62000-7f04eac63000 rw-p 00011000 08:06 15211196                   /usr/lib/x86_64-linux-gnu/libXext.so.6.4.0
7f04eac63000-7f04eac64000 r--s 00004000 08:06 2364995                    /usr/local/development/dev-7-7/Ignition/IgnitionWebApp/target/ignition-webapp-7.7/WEB-INF/lib/axis-saaj-1.4.jar
7f04eac64000-7f04eac66000 r--s 0000e000 08:06 2364952                    /usr/local/development/dev-7-7/Ignition/IgnitionWebApp/target/ignition-webapp-7.7/WEB-INF/lib/activation-1.1.jar
7f04eac66000-7f04eac6f000 r--s 00069000 08:06 2365223                    /usr/local/development/dev-7-7/Ignition/IgnitionWebApp/target/ignition-webapp-7.7/WEB-INF/lib/ab-drivers-1.7.0-20131026.004154-8.jar
7f04eac6f000-7f04eac74000 r--s 0003c000 08:06 2364992                    /usr/local/development/dev-7-7/Ignition/IgnitionWebApp/target/ignition-webapp-7.7/WEB-INF/lib/FastInfoset-1.0.2.jar
7f04eac74000-7f04eac79000 r--s 002f8000 08:06 20582247                   /usr/lib/jvm/jdk1.8.0_20/jre/lib/charsets.jar
7f04eac79000-7f04eac7e000 r--s 0003f000 08:06 1185790                    /usr/lib/jvm/jdk1.8.0_20/jre/lib/ext/sunjce_provider.jar
7f04eac7e000-7f04eac81000 r--s 0003a000 08:06 1185787                    /usr/lib/jvm/jdk1.8.0_20/jre/lib/ext/sunpkcs11.jar
7f04eac81000-7f04eac82000 r--s 00009000 08:06 1185781                    /usr/lib/jvm/jdk1.8.0_20/jre/lib/ext/sunec.jar
7f04eac82000-7f04eacd6000 r-xp 00000000 08:06 20582307                   /usr/lib/jvm/jdk1.8.0_20/jre/lib/amd64/libawt_xawt.so
7f04eacd6000-7f04eaed6000 ---p 00054000 08:06 20582307                   /usr/lib/jvm/jdk1.8.0_20/jre/lib/amd64/libawt_xawt.so
7f04eaed6000-7f04eaeda000 rw-p 00054000 08:06 20582307                   /usr/lib/jvm/jdk1.8.0_20/jre/lib/amd64/libawt_xawt.so
7f04eaeda000-7f04eaedb000 rw-p 00000000 00:00 0 
7f04eaedb000-7f04eaf7d000 r-xp 00000000 08:06 20582293                   /usr/lib/jvm/jdk1.8.0_20/jre/lib/amd64/libawt.so
7f04eaf7d000-7f04eb17d000 ---p 000a2000 08:06 20582293                   /usr/lib/jvm/jdk1.8.0_20/jre/lib/amd64/libawt.so
7f04eb17d000-7f04eb189000 rw-p 000a2000 08:06 20582293                   /usr/lib/jvm/jdk1.8.0_20/jre/lib/amd64/libawt.so
7f04eb189000-7f04eb1ad000 rw-p 00000000 00:00 0 
7f04eb1ad000-7f04eb1b0000 ---p 00000000 00:00 0 
7f04eb1b0000-7f04eb2ae000 rw-p 00000000 00:00 0                          [stack:8081]
7f04eb2ae000-7f04eb2ca000 r--s 00393000 08:06 1185783                    /usr/lib/jvm/jdk1.8.0_20/jre/lib/ext/cldrdata.jar
7f04eb2ca000-7f04eb4ca000 rw-p 00000000 00:00 0 
7f04eb4ca000-7f04eb4cb000 ---p 00000000 00:00 0 
7f04eb4cb000-7f04eb5cb000 rw-p 00000000 00:00 0                          [stack:8080]
7f04eb5cb000-7f04eb5ce000 ---p 00000000 00:00 0 
7f04eb5ce000-7f04eb6cc000 rw-p 00000000 00:00 0                          [stack:8079]
7f04eb6cc000-7f04eb6cf000 ---p 00000000 00:00 0 
7f04eb6cf000-7f04eb7cd000 rw-p 00000000 00:00 0                          [stack:8078]
7f04eb7cd000-7f04eb7d0000 ---p 00000000 00:00 0 
7f04eb7d0000-7f04eb8ce000 rw-p 00000000 00:00 0                          [stack:8077]
7f04eb8ce000-7f04eb8df000 r-xp 00000000 08:06 20582303                   /usr/lib/jvm/jdk1.8.0_20/jre/lib/amd64/libnio.so
7f04eb8df000-7f04ebade000 ---p 00011000 08:06 20582303                   /usr/lib/jvm/jdk1.8.0_20/jre/lib/amd64/libnio.so
7f04ebade000-7f04ebadf000 rw-p 00010000 08:06 20582303                   /usr/lib/jvm/jdk1.8.0_20/jre/lib/amd64/libnio.so
7f04ebadf000-7f04ebaf5000 r-xp 00000000 08:06 20582300                   /usr/lib/jvm/jdk1.8.0_20/jre/lib/amd64/libnet.so
7f04ebaf5000-7f04ebcf5000 ---p 00016000 08:06 20582300                   /usr/lib/jvm/jdk1.8.0_20/jre/lib/amd64/libnet.so
7f04ebcf5000-7f04ebcf6000 rw-p 00016000 08:06 20582300                   /usr/lib/jvm/jdk1.8.0_20/jre/lib/amd64/libnet.so
7f04ebcf6000-7f04ebcfe000 r-xp 00000000 08:06 20582308                   /usr/lib/jvm/jdk1.8.0_20/jre/lib/amd64/libmanagement.so
7f04ebcfe000-7f04ebefe000 ---p 00008000 08:06 20582308                   /usr/lib/jvm/jdk1.8.0_20/jre/lib/amd64/libmanagement.so
7f04ebefe000-7f04ebeff000 rw-p 00008000 08:06 20582308                   /usr/lib/jvm/jdk1.8.0_20/jre/lib/amd64/libmanagement.so
7f04ebeff000-7f04ebf02000 ---p 00000000 00:00 0 
7f04ebf02000-7f04ec000000 rw-p 00000000 00:00 0                          [stack:8076]
7f04ec000000-7f04ec021000 rw-p 00000000 00:00 0 
7f04ec021000-7f04f0000000 ---p 00000000 00:00 0 
7f04f0000000-7f04f0002000 r--s 0001a000 08:06 20582317                   /usr/lib/jvm/jdk1.8.0_20/jre/lib/jce.jar
7f04f0002000-7f04f000c000 r--s 00116000 08:06 1185789                    /usr/lib/jvm/jdk1.8.0_20/jre/lib/ext/localedata.jar
7f04f000c000-7f04f000f000 r--s 0000f000 08:06 19532219                   /usr/local/development/dev-7-6/Ignition/Servers/apache-tomcat-6.0.36/lib/tomcat-i18n-es.jar
7f04f000f000-7f04f0011000 r--s 0000b000 08:06 19532220                   /usr/local/development/dev-7-6/Ignition/Servers/apache-tomcat-6.0.36/lib/tomcat-i18n-fr.jar
7f04f0011000-7f04f0015000 r--s 0003a000 08:06 19532218                   /usr/local/development/dev-7-6/Ignition/Servers/apache-tomcat-6.0.36/lib/tomcat-dbcp.jar
7f04f0015000-7f04f0025000 r--s 0019c000 08:06 19532210                   /usr/local/development/dev-7-6/Ignition/Servers/apache-tomcat-6.0.36/lib/ecj-3.7.2.jar
7f04f0025000-7f04f002c000 r--s 000c7000 08:06 19532215                   /usr/local/development/dev-7-6/Ignition/Servers/apache-tomcat-6.0.36/lib/mysql-connector-java-5.1.23-bin.jar
7f04f002c000-7f04f003c000 r--s 00120000 08:06 19532209                   /usr/local/development/dev-7-6/Ignition/Servers/apache-tomcat-6.0.36/lib/catalina.jar
7f04f003c000-7f04f003f000 r--s 0001e000 08:06 19532207                   /usr/local/development/dev-7-6/Ignition/Servers/apache-tomcat-6.0.36/lib/catalina-ha.jar
7f04f003f000-7f04f0043000 r--s 00036000 08:06 19532208                   /usr/local/development/dev-7-6/Ignition/Servers/apache-tomcat-6.0.36/lib/catalina-tribes.jar
7f04f0043000-7f04f004a000 r--s 0007a000 08:06 19532213                   /usr/local/development/dev-7-6/Ignition/Servers/apache-tomcat-6.0.36/lib/jasper.jar
7f04f004a000-7f04f0054000 r--s 000b3000 08:06 19532217                   /usr/local/development/dev-7-6/Ignition/Servers/apache-tomcat-6.0.36/lib/tomcat-coyote.jar
7f04f0054000-7f04f0085000 rw-p 00000000 00:00 0 
7f04f0085000-7f04f0088000 ---p 00000000 00:00 0 
7f04f0088000-7f04f0186000 rw-p 00000000 00:00 0                          [stack:8075]
7f04f0186000-7f04f0189000 ---p 00000000 00:00 0 
7f04f0189000-7f04f0287000 rw-p 00000000 00:00 0                          [stack:8074]
7f04f0287000-7f04f028a000 ---p 00000000 00:00 0 
7f04f028a000-7f04f0388000 rw-p 00000000 00:00 0                          [stack:8073]
7f04f0388000-7f04f038b000 ---p 00000000 00:00 0 
7f04f038b000-7f04f0489000 rw-p 00000000 00:00 0                          [stack:8072]
7f04f0489000-7f04f048c000 ---p 00000000 00:00 0 
7f04f048c000-7f04f058a000 rw-p 00000000 00:00 0 
7f04f058a000-7f04f058d000 ---p 00000000 00:00 0 
7f04f058d000-7f04f068b000 rw-p 00000000 00:00 0                          [stack:8069]
7f04f068b000-7f04f068e000 ---p 00000000 00:00 0 
7f04f068e000-7f04f078c000 rw-p 00000000 00:00 0                          [stack:8202]
7f04f078c000-7f04f0790000 r-xp 00000000 08:06 20582275                   /usr/lib/jvm/jdk1.8.0_20/jre/lib/amd64/libdt_socket.so
7f04f0790000-7f04f098f000 ---p 00004000 08:06 20582275                   /usr/lib/jvm/jdk1.8.0_20/jre/lib/amd64/libdt_socket.so
7f04f098f000-7f04f0990000 rw-p 00003000 08:06 20582275                   /usr/lib/jvm/jdk1.8.0_20/jre/lib/amd64/libdt_socket.so
7f04f0990000-7f04f0993000 ---p 00000000 00:00 0 
7f04f0993000-7f04f0a91000 rw-p 00000000 00:00 0                          [stack:8066]
7f04f0a91000-7f04f0a94000 ---p 00000000 00:00 0 
7f04f0a94000-7f04f0b92000 rw-p 00000000 00:00 0                          [stack:8065]
7f04f0b92000-7f04f0b95000 ---p 00000000 00:00 0 
7f04f0b95000-7f04f0c93000 rw-p 00000000 00:00 0                          [stack:8064]
7f04f0c93000-7f04f0c94000 ---p 00000000 00:00 0 
7f04f0c94000-7f04f29e5000 rw-p 00000000 00:00 0                          [stack:8063]
7f04f29e5000-7f04f2bba000 r--s 03ca3000 08:06 20582249                   /usr/lib/jvm/jdk1.8.0_20/jre/lib/rt.jar
7f04f2bba000-7f04f3bfb000 rw-p 00000000 00:00 0 
7f04f3bfb000-7f04f3bfc000 ---p 00000000 00:00 0 
7f04f3bfc000-7f04f3cfc000 rw-p 00000000 00:00 0                          [stack:8062]
7f04f3cfc000-7f04f3cfd000 ---p 00000000 00:00 0 
7f04f3cfd000-7f04f3dfd000 rw-p 00000000 00:00 0                          [stack:8061]
7f04f3dfd000-7f04f3dfe000 ---p 00000000 00:00 0 
7f04f3dfe000-7f04f3efe000 rw-p 00000000 00:00 0                          [stack:8060]
7f04f3efe000-7f04f3eff000 ---p 00000000 00:00 0 
7f04f3eff000-7f04f3fff000 rw-p 00000000 00:00 0                          [stack:8059]
7f04f3fff000-7f04f4000000 ---p 00000000 00:00 0 
7f04f4000000-7f04f4100000 rw-p 00000000 00:00 0                          [stack:8058]
7f04f4100000-7f04f4101000 ---p 00000000 00:00 0 
7f04f4101000-7f04f4201000 rw-p 00000000 00:00 0                          [stack:8057]
7f04f4201000-7f04f4202000 ---p 00000000 00:00 0 
7f04f4202000-7f04f437d000 rw-p 00000000 00:00 0                          [stack:8056]
7f04f437d000-7f04f4834000 ---p 00000000 00:00 0 
7f04f4834000-7f04f48af000 rw-p 00000000 00:00 0 
7f04f48af000-7f04f4d66000 ---p 00000000 00:00 0 
7f04f4d66000-7f04f4dfe000 rw-p 00000000 00:00 0 
7f04f4dfe000-7f04f4fff000 ---p 00000000 00:00 0 
7f04f4fff000-7f04f5000000 rw-p 00000000 00:00 0 
7f04f5000000-7f04f66b0000 rwxp 00000000 00:00 0 
7f04f66b0000-7f0504000000 ---p 00000000 00:00 0 
7f0504000000-7f050484b000 rw-p 00000000 00:00 0 
7f050484b000-7f0508000000 ---p 00000000 00:00 0 
7f0508000000-7f0508042000 rw-p 00000000 00:00 0 
7f0508042000-7f0508043000 ---p 00000000 00:00 0 
7f0508043000-7f050819e000 rw-p 00000000 00:00 0                          [stack:8055]
7f050819e000-7f0508503000 ---p 00000000 00:00 0 
7f0508503000-7f050851f000 r-xp 00000000 08:06 20582296                   /usr/lib/jvm/jdk1.8.0_20/jre/lib/amd64/libzip.so
7f050851f000-7f050871e000 ---p 0001c000 08:06 20582296                   /usr/lib/jvm/jdk1.8.0_20/jre/lib/amd64/libzip.so
7f050871e000-7f050871f000 rw-p 0001b000 08:06 20582296                   /usr/lib/jvm/jdk1.8.0_20/jre/lib/amd64/libzip.so
7f050871f000-7f050872a000 r-xp 00000000 08:06 15602342                   /lib/x86_64-linux-gnu/libnss_files-2.19.so
7f050872a000-7f0508929000 ---p 0000b000 08:06 15602342                   /lib/x86_64-linux-gnu/libnss_files-2.19.so
7f0508929000-7f050892a000 r--p 0000a000 08:06 15602342                   /lib/x86_64-linux-gnu/libnss_files-2.19.so
7f050892a000-7f050892b000 rw-p 0000b000 08:06 15602342                   /lib/x86_64-linux-gnu/libnss_files-2.19.so
7f050892b000-7f0508936000 r-xp 00000000 08:06 15602345                   /lib/x86_64-linux-gnu/libnss_nis-2.19.so
7f0508936000-7f0508b35000 ---p 0000b000 08:06 15602345                   /lib/x86_64-linux-gnu/libnss_nis-2.19.so
7f0508b35000-7f0508b36000 r--p 0000a000 08:06 15602345                   /lib/x86_64-linux-gnu/libnss_nis-2.19.so
7f0508b36000-7f0508b37000 rw-p 0000b000 08:06 15602345                   /lib/x86_64-linux-gnu/libnss_nis-2.19.so
7f0508b37000-7f0508b4e000 r-xp 00000000 08:06 15602152                   /lib/x86_64-linux-gnu/libnsl-2.19.so
7f0508b4e000-7f0508d4d000 ---p 00017000 08:06 15602152                   /lib/x86_64-linux-gnu/libnsl-2.19.so
7f0508d4d000-7f0508d4e000 r--p 00016000 08:06 15602152                   /lib/x86_64-linux-gnu/libnsl-2.19.so
7f0508d4e000-7f0508d4f000 rw-p 00017000 08:06 15602152                   /lib/x86_64-linux-gnu/libnsl-2.19.so
7f0508d4f000-7f0508d51000 rw-p 00000000 00:00 0 
7f0508d51000-7f0508d5a000 r-xp 00000000 08:06 15601662                   /lib/x86_64-linux-gnu/libnss_compat-2.19.so
7f0508d5a000-7f0508f59000 ---p 00009000 08:06 15601662                   /lib/x86_64-linux-gnu/libnss_compat-2.19.so
7f0508f59000-7f0508f5a000 r--p 00008000 08:06 15601662                   /lib/x86_64-linux-gnu/libnss_compat-2.19.so
7f0508f5a000-7f0508f5b000 rw-p 00009000 08:06 15601662                   /lib/x86_64-linux-gnu/libnss_compat-2.19.so
7f0508f5b000-7f0509224000 r--p 00000000 08:06 15209877                   /usr/lib/locale/locale-archive
7f0509224000-7f0509226000 r-xp 00000000 08:06 20582276                   /usr/lib/jvm/jdk1.8.0_20/jre/lib/amd64/libnpt.so
7f0509226000-7f0509426000 ---p 00002000 08:06 20582276                   /usr/lib/jvm/jdk1.8.0_20/jre/lib/amd64/libnpt.so
7f0509426000-7f0509427000 rw-p 00002000 08:06 20582276                   /usr/lib/jvm/jdk1.8.0_20/jre/lib/amd64/libnpt.so
7f0509427000-7f0509460000 r-xp 00000000 08:06 20582287                   /usr/lib/jvm/jdk1.8.0_20/jre/lib/amd64/libjdwp.so
7f0509460000-7f050965f000 ---p 00039000 08:06 20582287                   /usr/lib/jvm/jdk1.8.0_20/jre/lib/amd64/libjdwp.so
7f050965f000-7f0509661000 rw-p 00038000 08:06 20582287                   /usr/lib/jvm/jdk1.8.0_20/jre/lib/amd64/libjdwp.so
7f0509661000-7f050968b000 r-xp 00000000 08:06 20582291                   /usr/lib/jvm/jdk1.8.0_20/jre/lib/amd64/libjava.so
7f050968b000-7f050988b000 ---p 0002a000 08:06 20582291                   /usr/lib/jvm/jdk1.8.0_20/jre/lib/amd64/libjava.so
7f050988b000-7f050988d000 rw-p 0002a000 08:06 20582291                   /usr/lib/jvm/jdk1.8.0_20/jre/lib/amd64/libjava.so
7f050988d000-7f050989a000 r-xp 00000000 08:06 20582295                   /usr/lib/jvm/jdk1.8.0_20/jre/lib/amd64/libverify.so
7f050989a000-7f0509a9a000 ---p 0000d000 08:06 20582295                   /usr/lib/jvm/jdk1.8.0_20/jre/lib/amd64/libverify.so
7f0509a9a000-7f0509a9c000 rw-p 0000d000 08:06 20582295                   /usr/lib/jvm/jdk1.8.0_20/jre/lib/amd64/libverify.so
7f0509a9c000-7f0509aa3000 r-xp 00000000 08:06 15602320                   /lib/x86_64-linux-gnu/librt-2.19.so
7f0509aa3000-7f0509ca2000 ---p 00007000 08:06 15602320                   /lib/x86_64-linux-gnu/librt-2.19.so
7f0509ca2000-7f0509ca3000 r--p 00006000 08:06 15602320                   /lib/x86_64-linux-gnu/librt-2.19.so
7f0509ca3000-7f0509ca4000 rw-p 00007000 08:06 15602320                   /lib/x86_64-linux-gnu/librt-2.19.so
7f0509ca4000-7f0509da9000 r-xp 00000000 08:06 15602334                   /lib/x86_64-linux-gnu/libm-2.19.so
7f0509da9000-7f0509fa8000 ---p 00105000 08:06 15602334                   /lib/x86_64-linux-gnu/libm-2.19.so
7f0509fa8000-7f0509fa9000 r--p 00104000 08:06 15602334                   /lib/x86_64-linux-gnu/libm-2.19.so
7f0509fa9000-7f0509faa000 rw-p 00105000 08:06 15602334                   /lib/x86_64-linux-gnu/libm-2.19.so
7f0509faa000-7f050ac14000 r-xp 00000000 08:06 20845908                   /usr/lib/jvm/jdk1.8.0_20/jre/lib/amd64/server/libjvm.so
7f050ac14000-7f050ae14000 ---p 00c6a000 08:06 20845908                   /usr/lib/jvm/jdk1.8.0_20/jre/lib/amd64/server/libjvm.so
7f050ae14000-7f050aeea000 rw-p 00c6a000 08:06 20845908                   /usr/lib/jvm/jdk1.8.0_20/jre/lib/amd64/server/libjvm.so
7f050aeea000-7f050af2c000 rw-p 00000000 00:00 0 
7f050af2c000-7f050b0e7000 r-xp 00000000 08:06 15602328                   /lib/x86_64-linux-gnu/libc-2.19.so
7f050b0e7000-7f050b2e7000 ---p 001bb000 08:06 15602328                   /lib/x86_64-linux-gnu/libc-2.19.so
7f050b2e7000-7f050b2eb000 r--p 001bb000 08:06 15602328                   /lib/x86_64-linux-gnu/libc-2.19.so
7f050b2eb000-7f050b2ed000 rw-p 001bf000 08:06 15602328                   /lib/x86_64-linux-gnu/libc-2.19.so
7f050b2ed000-7f050b2f2000 rw-p 00000000 00:00 0 
7f050b2f2000-7f050b2f5000 r-xp 00000000 08:06 15602352                   /lib/x86_64-linux-gnu/libdl-2.19.so
7f050b2f5000-7f050b4f4000 ---p 00003000 08:06 15602352                   /lib/x86_64-linux-gnu/libdl-2.19.so
7f050b4f4000-7f050b4f5000 r--p 00002000 08:06 15602352                   /lib/x86_64-linux-gnu/libdl-2.19.so
7f050b4f5000-7f050b4f6000 rw-p 00003000 08:06 15602352                   /lib/x86_64-linux-gnu/libdl-2.19.so
7f050b4f6000-7f050b50d000 r-xp 00000000 08:06 20061287                   /usr/lib/jvm/jdk1.8.0_20/lib/amd64/jli/libjli.so
7f050b50d000-7f050b70c000 ---p 00017000 08:06 20061287                   /usr/lib/jvm/jdk1.8.0_20/lib/amd64/jli/libjli.so
7f050b70c000-7f050b70d000 rw-p 00016000 08:06 20061287                   /usr/lib/jvm/jdk1.8.0_20/lib/amd64/jli/libjli.so
7f050b70d000-7f050b726000 r-xp 00000000 08:06 15602353                   /lib/x86_64-linux-gnu/libpthread-2.19.so
7f050b726000-7f050b925000 ---p 00019000 08:06 15602353                   /lib/x86_64-linux-gnu/libpthread-2.19.so
7f050b925000-7f050b926000 r--p 00018000 08:06 15602353                   /lib/x86_64-linux-gnu/libpthread-2.19.so
7f050b926000-7f050b927000 rw-p 00019000 08:06 15602353                   /lib/x86_64-linux-gnu/libpthread-2.19.so
7f050b927000-7f050b92b000 rw-p 00000000 00:00 0 
7f050b92b000-7f050b94e000 r-xp 00000000 08:06 15602330                   /lib/x86_64-linux-gnu/ld-2.19.so
7f050b94e000-7f050b950000 r--s 0000c000 08:06 19532221                   /usr/local/development/dev-7-6/Ignition/Servers/apache-tomcat-6.0.36/lib/tomcat-i18n-ja.jar
7f050b950000-7f050b952000 r--s 00011000 08:06 19532214                   /usr/local/development/dev-7-6/Ignition/Servers/apache-tomcat-6.0.36/lib/jsp-api.jar
7f050b952000-7f050b954000 r--s 00014000 08:06 19532216                   /usr/local/development/dev-7-6/Ignition/Servers/apache-tomcat-6.0.36/lib/servlet-api.jar
7f050b954000-7f050b956000 r--s 0000c000 08:06 19532206                   /usr/local/development/dev-7-6/Ignition/Servers/apache-tomcat-6.0.36/lib/catalina-ant.jar
7f050b956000-7f050ba27000 rw-p 00000000 00:00 0 
7f050ba27000-7f050ba2a000 ---p 00000000 00:00 0 
7f050ba2a000-7f050bb2c000 rw-p 00000000 00:00 0                          [stack:8054]
7f050bb2c000-7f050bb2e000 r--s 00007000 08:06 19532211                   /usr/local/development/dev-7-6/Ignition/Servers/apache-tomcat-6.0.36/lib/el-api.jar
7f050bb2e000-7f050bb2f000 r--s 00003000 08:06 19532205                   /usr/local/development/dev-7-6/Ignition/Servers/apache-tomcat-6.0.36/lib/annotations-api.jar
7f050bb2f000-7f050bb32000 r--s 00019000 08:06 19532212                   /usr/local/development/dev-7-6/Ignition/Servers/apache-tomcat-6.0.36/lib/jasper-el.jar
7f050bb32000-7f050bb37000 r--s 00092000 08:06 20582254                   /usr/lib/jvm/jdk1.8.0_20/jre/lib/jsse.jar
7f050bb37000-7f050bb38000 r--s 00007000 08:06 19533431                   /usr/local/development/dev-7-6/Ignition/Servers/apache-tomcat-6.0.36/bin/tomcat-juli.jar
7f050bb38000-7f050bb39000 r--s 00005000 08:06 19533430                   /usr/local/development/dev-7-6/Ignition/Servers/apache-tomcat-6.0.36/bin/commons-daemon.jar
7f050bb39000-7f050bb3a000 r--s 00005000 08:06 19533429                   /usr/local/development/dev-7-6/Ignition/Servers/apache-tomcat-6.0.36/bin/bootstrap.jar
7f050bb3a000-7f050bb41000 r--s 000c7000 08:06 1179649                    /usr/lib/jvm/jdk1.8.0_20/jre/lib/ext/mysql-connector-java-5.1.23-bin.jar
7f050bb41000-7f050bb49000 rw-s 00000000 08:06 6164364                    /tmp/hsperfdata_mattg/8049
7f050bb49000-7f050bb4a000 rw-p 00000000 00:00 0 
7f050bb4a000-7f050bb4b000 r--p 00000000 00:00 0 
7f050bb4b000-7f050bb4d000 rw-p 00000000 00:00 0 
7f050bb4d000-7f050bb4e000 r--p 00022000 08:06 15602330                   /lib/x86_64-linux-gnu/ld-2.19.so
7f050bb4e000-7f050bb4f000 rw-p 00023000 08:06 15602330                   /lib/x86_64-linux-gnu/ld-2.19.so
7f050bb4f000-7f050bb50000 rw-p 00000000 00:00 0 
7fff87d10000-7fff87d31000 rw-p 00000000 00:00 0                          [stack]
7fff87dfe000-7fff87e00000 r-xp 00000000 00:00 0                          [vdso]
ffffffffff600000-ffffffffff601000 r-xp 00000000 00:00 0                  [vsyscall]

VM Arguments:
jvm_args: -Djava.util.logging.config.file=/home/mattg/.IntelliJIdea13/system/tomcat/Unnamed_77-Ignition/conf/logging.properties -Xdebug -Xrunjdwp:transport=dt_socket,address=127.0.0.1:51670,suspend=y,server=n -Dcom.sun.management.jmxremote= -Dcom.sun.management.jmxremote.port=1099 -Dcom.sun.management.jmxremote.ssl=false -Dcom.sun.management.jmxremote.authenticate=false -Djava.rmi.server.hostname=127.0.0.1 -Djava.util.logging.manager=org.apache.juli.ClassLoaderLogManager -Djava.endorsed.dirs=/usr/local/development/dev-7-6/Ignition/Servers/apache-tomcat-6.0.36/endorsed -Dcatalina.base=/home/mattg/.IntelliJIdea13/system/tomcat/Unnamed_77-Ignition -Dcatalina.home=/usr/local/development/dev-7-6/Ignition/Servers/apache-tomcat-6.0.36 -Djava.io.tmpdir=/usr/local/development/dev-7-6/Ignition/Servers/apache-tomcat-6.0.36/temp 
java_command: org.apache.catalina.startup.Bootstrap start
java_class_path (initial): /usr/local/development/dev-7-6/Ignition/Servers/apache-tomcat-6.0.36/bin/bootstrap.jar
Launcher Type: SUN_STANDARD

Environment Variables:
JAVA_HOME=/usr/lib/jvm/jdk1.8.0_20
CLASSPATH=/usr/local/development/dev-7-6/Ignition/Servers/apache-tomcat-6.0.36/bin/bootstrap.jar
PATH=/usr/local/sbin:/usr/local/bin:/usr/sbin:/usr/bin:/sbin:/bin:/usr/games:/usr/local/games:/usr/local/development/gradle-1.12/bin
USERNAME=mattg
LD_LIBRARY_PATH=/usr/local/development/idea-IU-135.909/bin:
SHELL=/bin/bash
DISPLAY=:0

Signal Handlers:
SIGSEGV: [libjvm.so+0xa76cd0], sa_mask[0]=11111111011111111101111111111110, sa_flags=SA_RESTART|SA_SIGINFO
SIGBUS: [libjvm.so+0xa76cd0], sa_mask[0]=11111111011111111101111111111110, sa_flags=SA_RESTART|SA_SIGINFO
SIGFPE: [libjvm.so+0x8e0d80], sa_mask[0]=11111111011111111101111111111110, sa_flags=SA_RESTART|SA_SIGINFO
SIGPIPE: [libjvm.so+0x8e0d80], sa_mask[0]=11111111011111111101111111111110, sa_flags=SA_RESTART|SA_SIGINFO
SIGXFSZ: [libjvm.so+0x8e0d80], sa_mask[0]=11111111011111111101111111111110, sa_flags=SA_RESTART|SA_SIGINFO
SIGILL: [libjvm.so+0x8e0d80], sa_mask[0]=11111111011111111101111111111110, sa_flags=SA_RESTART|SA_SIGINFO
SIGUSR1: SIG_DFL, sa_mask[0]=00000000000000000000000000000000, sa_flags=none
SIGUSR2: [libjvm.so+0x8e25b0], sa_mask[0]=00100000000000000000000000000000, sa_flags=SA_RESTART|SA_SIGINFO
SIGHUP: [libjvm.so+0x8e3970], sa_mask[0]=11111111011111111101111111111110, sa_flags=SA_RESTART|SA_SIGINFO
SIGINT: [libjvm.so+0x8e3970], sa_mask[0]=11111111011111111101111111111110, sa_flags=SA_RESTART|SA_SIGINFO
SIGTERM: [libjvm.so+0x8e3970], sa_mask[0]=11111111011111111101111111111110, sa_flags=SA_RESTART|SA_SIGINFO
SIGQUIT: [libjvm.so+0x8e3970], sa_mask[0]=11111111011111111101111111111110, sa_flags=SA_RESTART|SA_SIGINFO


---------------  S Y S T E M  ---------------

OS:DISTRIB_ID=LinuxMint
DISTRIB_RELEASE=17
DISTRIB_CODENAME=qiana
DISTRIB_DESCRIPTION="Linux Mint 17 Qiana"

uname:Linux 3.13.0-24-generic #46-Ubuntu SMP Thu Apr 10 19:11:08 UTC 2014 x86_64
libc:glibc 2.19 NPTL 2.19 
rlimit: STACK 8192k, CORE 0k, NPROC 127375, NOFILE 4096, AS infinity
load average:0.92 0.85 0.59

/proc/meminfo:
MemTotal:       16335088 kB
MemFree:        10008556 kB
Buffers:          357968 kB
Cached:          2213728 kB
SwapCached:            0 kB
Active:          4242192 kB
Inactive:        1644588 kB
Active(anon):    3324644 kB
Inactive(anon):   515860 kB
Active(file):     917548 kB
Inactive(file):  1128728 kB
Unevictable:         752 kB
Mlocked:             752 kB
SwapTotal:      16676860 kB
SwapFree:       16676860 kB
Dirty:             21388 kB
Writeback:             0 kB
AnonPages:       3315856 kB
Mapped:           433496 kB
Shmem:            525420 kB
Slab:             242900 kB
SReclaimable:     198792 kB
SUnreclaim:        44108 kB
KernelStack:        6112 kB
PageTables:        46672 kB
NFS_Unstable:          0 kB
Bounce:                0 kB
WritebackTmp:          0 kB
CommitLimit:    24844404 kB
Committed_AS:    7736476 kB
VmallocTotal:   34359738367 kB
VmallocUsed:      444884 kB
VmallocChunk:   34359289084 kB
HardwareCorrupted:     0 kB
AnonHugePages:   1964032 kB
HugePages_Total:       0
HugePages_Free:        0
HugePages_Rsvd:        0
HugePages_Surp:        0
Hugepagesize:       2048 kB
DirectMap4k:       91592 kB
DirectMap2M:     2955264 kB
DirectMap1G:    13631488 kB


CPU:total 8 (4 cores per cpu, 2 threads per core) family 6 model 60 stepping 3, cmov, cx8, fxsr, mmx, sse, sse2, sse3, ssse3, sse4.1, sse4.2, popcnt, avx, avx2, aes, clmul, erms, lzcnt, ht, tsc, tscinvbit, bmi1, bmi2

/proc/cpuinfo:
processor	: 0
vendor_id	: GenuineIntel
cpu family	: 6
model		: 60
model name	: Intel(R) Core(TM) i7-4702HQ CPU @ 2.20GHz
stepping	: 3
microcode	: 0x17
cpu MHz		: 800.000
cache size	: 6144 KB
physical id	: 0
siblings	: 8
core id		: 0
cpu cores	: 4
apicid		: 0
initial apicid	: 0
fpu		: yes
fpu_exception	: yes
cpuid level	: 13
wp		: yes
flags		: fpu vme de pse tsc msr pae mce cx8 apic sep mtrr pge mca cmov pat pse36 clflush dts acpi mmx fxsr sse sse2 ss ht tm pbe syscall nx pdpe1gb rdtscp lm constant_tsc arch_perfmon pebs bts rep_good nopl xtopology nonstop_tsc aperfmperf eagerfpu pni pclmulqdq dtes64 monitor ds_cpl vmx est tm2 ssse3 fma cx16 xtpr pdcm pcid sse4_1 sse4_2 x2apic movbe popcnt tsc_deadline_timer aes xsave avx f16c rdrand lahf_lm abm ida arat epb xsaveopt pln pts dtherm tpr_shadow vnmi flexpriority ept vpid fsgsbase tsc_adjust bmi1 avx2 smep bmi2 erms invpcid
bogomips	: 4389.80
clflush size	: 64
cache_alignment	: 64
address sizes	: 39 bits physical, 48 bits virtual
power management:

processor	: 1
vendor_id	: GenuineIntel
cpu family	: 6
model		: 60
model name	: Intel(R) Core(TM) i7-4702HQ CPU @ 2.20GHz
stepping	: 3
microcode	: 0x17
cpu MHz		: 1400.000
cache size	: 6144 KB
physical id	: 0
siblings	: 8
core id		: 1
cpu cores	: 4
apicid		: 2
initial apicid	: 2
fpu		: yes
fpu_exception	: yes
cpuid level	: 13
wp		: yes
flags		: fpu vme de pse tsc msr pae mce cx8 apic sep mtrr pge mca cmov pat pse36 clflush dts acpi mmx fxsr sse sse2 ss ht tm pbe syscall nx pdpe1gb rdtscp lm constant_tsc arch_perfmon pebs bts rep_good nopl xtopology nonstop_tsc aperfmperf eagerfpu pni pclmulqdq dtes64 monitor ds_cpl vmx est tm2 ssse3 fma cx16 xtpr pdcm pcid sse4_1 sse4_2 x2apic movbe popcnt tsc_deadline_timer aes xsave avx f16c rdrand lahf_lm abm ida arat epb xsaveopt pln pts dtherm tpr_shadow vnmi flexpriority ept vpid fsgsbase tsc_adjust bmi1 avx2 smep bmi2 erms invpcid
bogomips	: 4389.80
clflush size	: 64
cache_alignment	: 64
address sizes	: 39 bits physical, 48 bits virtual
power management:

processor	: 2
vendor_id	: GenuineIntel
cpu family	: 6
model		: 60
model name	: Intel(R) Core(TM) i7-4702HQ CPU @ 2.20GHz
stepping	: 3
microcode	: 0x17
cpu MHz		: 2201.000
cache size	: 6144 KB
physical id	: 0
siblings	: 8
core id		: 2
cpu cores	: 4
apicid		: 4
initial apicid	: 4
fpu		: yes
fpu_exception	: yes
cpuid level	: 13
wp		: yes
flags		: fpu vme de pse tsc msr pae mce cx8 apic sep mtrr pge mca cmov pat pse36 clflush dts acpi mmx fxsr sse sse2 ss ht tm pbe syscall nx pdpe1gb rdtscp lm constant_tsc arch_perfmon pebs bts rep_good nopl xtopology nonstop_tsc aperfmperf eagerfpu pni pclmulqdq dtes64 monitor ds_cpl vmx est tm2 ssse3 fma cx16 xtpr pdcm pcid sse4_1 sse4_2 x2apic movbe popcnt tsc_deadline_timer aes xsave avx f16c rdrand lahf_lm abm ida arat epb xsaveopt pln pts dtherm tpr_shadow vnmi flexpriority ept vpid fsgsbase tsc_adjust bmi1 avx2 smep bmi2 erms invpcid
bogomips	: 4389.80
clflush size	: 64
cache_alignment	: 64
address sizes	: 39 bits physical, 48 bits virtual
power management:

processor	: 3
vendor_id	: GenuineIntel
cpu family	: 6
model		: 60
model name	: Intel(R) Core(TM) i7-4702HQ CPU @ 2.20GHz
stepping	: 3
microcode	: 0x17
cpu MHz		: 800.000
cache size	: 6144 KB
physical id	: 0
siblings	: 8
core id		: 3
cpu cores	: 4
apicid		: 6
initial apicid	: 6
fpu		: yes
fpu_exception	: yes
cpuid level	: 13
wp		: yes
flags		: fpu vme de pse tsc msr pae mce cx8 apic sep mtrr pge mca cmov pat pse36 clflush dts acpi mmx fxsr sse sse2 ss ht tm pbe syscall nx pdpe1gb rdtscp lm constant_tsc arch_perfmon pebs bts rep_good nopl xtopology nonstop_tsc aperfmperf eagerfpu pni pclmulqdq dtes64 monitor ds_cpl vmx est tm2 ssse3 fma cx16 xtpr pdcm pcid sse4_1 sse4_2 x2apic movbe popcnt tsc_deadline_timer aes xsave avx f16c rdrand lahf_lm abm ida arat epb xsaveopt pln pts dtherm tpr_shadow vnmi flexpriority ept vpid fsgsbase tsc_adjust bmi1 avx2 smep bmi2 erms invpcid
bogomips	: 4389.80
clflush size	: 64
cache_alignment	: 64
address sizes	: 39 bits physical, 48 bits virtual
power management:

processor	: 4
vendor_id	: GenuineIntel
cpu family	: 6
model		: 60
model name	: Intel(R) Core(TM) i7-4702HQ CPU @ 2.20GHz
stepping	: 3
microcode	: 0x17
cpu MHz		: 2201.000
cache size	: 6144 KB
physical id	: 0
siblings	: 8
core id		: 0
cpu cores	: 4
apicid		: 1
initial apicid	: 1
fpu		: yes
fpu_exception	: yes
cpuid level	: 13
wp		: yes
flags		: fpu vme de pse tsc msr pae mce cx8 apic sep mtrr pge mca cmov pat pse36 clflush dts acpi mmx fxsr sse sse2 ss ht tm pbe syscall nx pdpe1gb rdtscp lm constant_tsc arch_perfmon pebs bts rep_good nopl xtopology nonstop_tsc aperfmperf eagerfpu pni pclmulqdq dtes64 monitor ds_cpl vmx est tm2 ssse3 fma cx16 xtpr pdcm pcid sse4_1 sse4_2 x2apic movbe popcnt tsc_deadline_timer aes xsave avx f16c rdrand lahf_lm abm ida arat epb xsaveopt pln pts dtherm tpr_shadow vnmi flexpriority ept vpid fsgsbase tsc_adjust bmi1 avx2 smep bmi2 erms invpcid
bogomips	: 4389.80
clflush size	: 64
cache_alignment	: 64
address sizes	: 39 bits physical, 48 bits virtual
power management:

processor	: 5
vendor_id	: GenuineIntel
cpu family	: 6
model		: 60
model name	: Intel(R) Core(TM) i7-4702HQ CPU @ 2.20GHz
stepping	: 3
microcode	: 0x17
cpu MHz		: 800.000
cache size	: 6144 KB
physical id	: 0
siblings	: 8
core id		: 1
cpu cores	: 4
apicid		: 3
initial apicid	: 3
fpu		: yes
fpu_exception	: yes
cpuid level	: 13
wp		: yes
flags		: fpu vme de pse tsc msr pae mce cx8 apic sep mtrr pge mca cmov pat pse36 clflush dts acpi mmx fxsr sse sse2 ss ht tm pbe syscall nx pdpe1gb rdtscp lm constant_tsc arch_perfmon pebs bts rep_good nopl xtopology nonstop_tsc aperfmperf eagerfpu pni pclmulqdq dtes64 monitor ds_cpl vmx est tm2 ssse3 fma cx16 xtpr pdcm pcid sse4_1 sse4_2 x2apic movbe popcnt tsc_deadline_timer aes xsave avx f16c rdrand lahf_lm abm ida arat epb xsaveopt pln pts dtherm tpr_shadow vnmi flexpriority ept vpid fsgsbase tsc_adjust bmi1 avx2 smep bmi2 erms invpcid
bogomips	: 4389.80
clflush size	: 64
cache_alignment	: 64
address sizes	: 39 bits physical, 48 bits virtual
power management:

processor	: 6
vendor_id	: GenuineIntel
cpu family	: 6
model		: 60
model name	: Intel(R) Core(TM) i7-4702HQ CPU @ 2.20GHz
stepping	: 3
microcode	: 0x17
cpu MHz		: 800.000
cache size	: 6144 KB
physical id	: 0
siblings	: 8
core id		: 2
cpu cores	: 4
apicid		: 5
initial apicid	: 5
fpu		: yes
fpu_exception	: yes
cpuid level	: 13
wp		: yes
flags		: fpu vme de pse tsc msr pae mce cx8 apic sep mtrr pge mca cmov pat pse36 clflush dts acpi mmx fxsr sse sse2 ss ht tm pbe syscall nx pdpe1gb rdtscp lm constant_tsc arch_perfmon pebs bts rep_good nopl xtopology nonstop_tsc aperfmperf eagerfpu pni pclmulqdq dtes64 monitor ds_cpl vmx est tm2 ssse3 fma cx16 xtpr pdcm pcid sse4_1 sse4_2 x2apic movbe popcnt tsc_deadline_timer aes xsave avx f16c rdrand lahf_lm abm ida arat epb xsaveopt pln pts dtherm tpr_shadow vnmi flexpriority ept vpid fsgsbase tsc_adjust bmi1 avx2 smep bmi2 erms invpcid
bogomips	: 4389.80
clflush size	: 64
cache_alignment	: 64
address sizes	: 39 bits physical, 48 bits virtual
power management:

processor	: 7
vendor_id	: GenuineIntel
cpu family	: 6
model		: 60
model name	: Intel(R) Core(TM) i7-4702HQ CPU @ 2.20GHz
stepping	: 3
microcode	: 0x17
cpu MHz		: 800.000
cache size	: 6144 KB
physical id	: 0
siblings	: 8
core id		: 3
cpu cores	: 4
apicid		: 7
initial apicid	: 7
fpu		: yes
fpu_exception	: yes
cpuid level	: 13
wp		: yes
flags		: fpu vme de pse tsc msr pae mce cx8 apic sep mtrr pge mca cmov pat pse36 clflush dts acpi mmx fxsr sse sse2 ss ht tm pbe syscall nx pdpe1gb rdtscp lm constant_tsc arch_perfmon pebs bts rep_good nopl xtopology nonstop_tsc aperfmperf eagerfpu pni pclmulqdq dtes64 monitor ds_cpl vmx est tm2 ssse3 fma cx16 xtpr pdcm pcid sse4_1 sse4_2 x2apic movbe popcnt tsc_deadline_timer aes xsave avx f16c rdrand lahf_lm abm ida arat epb xsaveopt pln pts dtherm tpr_shadow vnmi flexpriority ept vpid fsgsbase tsc_adjust bmi1 avx2 smep bmi2 erms invpcid
bogomips	: 4389.80
clflush size	: 64
cache_alignment	: 64
address sizes	: 39 bits physical, 48 bits virtual
power management:



Memory: 4k page, physical 16335088k(10008556k free), swap 16676860k(16676860k free)

vm_info: Java HotSpot(TM) 64-Bit Server VM (25.20-b17) for linux-amd64 JRE (1.8.0_20-ea-b17), built on Jun  4 2014 00:04:06 by "java_re" with gcc 4.3.0 20080428 (Red Hat 4.3.0-8)

time: Tue Nov 25 10:14:06 2014
elapsed time: 110 seconds (0d 0h 1m 50s)

