#
# A fatal error has been detected by the Java Runtime Environment:
#
#  SIGSEGV (0xb) at pc=0x00007f6ebea97f7e, pid=10400, tid=140113623951104
#
# JRE version: Java(TM) SE Runtime Environment (8.0_20-b17) (build 1.8.0_20-ea-b17)
# Java VM: Java HotSpot(TM) 64-Bit Server VM (25.20-b17 mixed mode linux-amd64 compressed oops)
# Problematic frame:
# C  [ld-linux-x86-64.so.2+0x9f7e]
#
# Failed to write core dump. Core dumps have been disabled. To enable core dumping, try "ulimit -c unlimited" before starting Java again
#
# If you would like to submit a bug report, please visit:
#   http://bugreport.sun.com/bugreport/crash.jsp
# The crash happened outside the Java Virtual Machine in native code.
# See problematic frame for where to report the bug.
#

---------------  T H R E A D  ---------------

Current thread (0x00007f6eb800d000):  JavaThread "main" [_thread_in_native, id=10405, stack(0x00007f6ebeb8a000,0x00007f6ebec8b000)]

siginfo: si_signo: 11 (SIGSEGV), si_code: 1 (SEGV_MAPERR), si_addr: 0x0000000000000068

Registers:
RAX=0x0000000000000040, RBX=0x000000004c8d3d65, RCX=0x0000000000000025, RDX=0x00000000000003f3
RSP=0x00007f6ebec87a50, RBP=0x0000000000000002, RSI=0x00007f6ebe092d28, RDI=0x00007f6ebec8e9e8
R8 =0x00000000013234f5, R9 =0x00007f6ebec87a90, R10=0x0000000006020400, R11=0x00007f6ebec87b90
R12=0x0000000000000003, R13=0x00007f6de8324210, R14=0x0000000000000000, R15=0x0000000000000025
RIP=0x00007f6ebea97f7e, EFLAGS=0x0000000000010202, CSGSFS=0x0000000000000033, ERR=0x0000000000000004
  TRAPNO=0x000000000000000e

Top of Stack: (sp=0x00007f6ebec87a50)
0x00007f6ebec87a50:   00007f6ebec87bc0 00007f6ebd76ff75
0x00007f6ebec87a60:   00007f6e00000002 00007f6ebec87ba0
0x00007f6ebec87a70:   00007f6ebec87c30 00007f6ebec87e00
0x00007f6ebec87a80:   00007f6ea85ee960 01007f6e0000000c
0x00007f6ebec87a90:   0000000000000000 0000000000000000
0x00007f6ebec87aa0:   00007f6ebec8e9e8 00007f6eb816c330
0x00007f6ebec87ab0:   00007f6ebe09fd78 0000000000000000
0x00007f6ebec87ac0:   0000000200000000 0000000000000000
0x00007f6ebec87ad0:   00007f6eb800d000 00007f6ebec87c80
0x00007f6ebec87ae0:   00007f6ebec87c30 0000000000000000
0x00007f6ebec87af0:   0000000000000000 00007f6de8324658
0x00007f6ebec87b00:   00007f6de83242d0 00007f6ebea98991
0x00007f6ebec87b10:   0000000000000000 0000000000000000
0x00007f6ebec87b20:   0000000300000002 0000000000000000
0x00007f6ebec87b30:   00007f6e00000000 00007f6de83242d0
0x00007f6ebec87b40:   00000007c0008600 00007f6eb800d000
0x00007f6ebec87b50:   00007f6ebec87bc0 00007f6ebd8c6447
0x00007f6ebec87b60:   00007f6ea5d1b440 00007f6de8324658
0x00007f6ebec87b70:   00007f6ebec87ba0 00007f6ebec87b90
0x00007f6ebec87b80:   000000004c8d3d65 00007f6eb816c330
0x00007f6ebec87b90:   00000000ffffffff 00007f6eb800a5d0
0x00007f6ebec87ba0:   0000000000000000 0000000000000000
0x00007f6ebec87bb0:   00007f6eb800a470 00007f6eb800d000
0x00007f6ebec87bc0:   00007f6ebec87d50 00007f6ebd7b6467
0x00007f6ebec87bd0:   000000b1bec88938 00007f6ebec883a0
0x00007f6ebec87be0:   00007f6ebec87c30 00007f6ebec87cb0
0x00007f6ebec87bf0:   00007f6ebec87d80 00007f6ebec87e00
0x00007f6ebec87c00:   00007f6eb800d1e8 00000000025884b0
0x00007f6ebec87c10:   00007f6ebecb0cc0 00007f6eb816c330
0x00007f6ebec87c20:   0000000000000000 00007f6de83242d0
0x00007f6ebec87c30:   00007f6ebec87d10 00007f6ebe1c5f56
0x00007f6ebec87c40:   0000000600000002 0000000000000000 

Instructions: (pc=0x00007f6ebea97f7e)
0x00007f6ebea97f5e:   06 41 83 e7 3f 0f 1f 44 00 00 49 8b 44 ed 00 c7
0x00007f6ebea97f6e:   44 24 70 00 00 00 00 48 c7 44 24 40 00 00 00 00
0x00007f6ebea97f7e:   48 8b 78 28 4c 39 f7 48 89 7c 24 50 0f 84 f0 00
0x00007f6ebea97f8e:   00 00 f6 44 24 7c 02 74 0d f6 87 14 03 00 00 03 

Register to memory mapping:

RAX=0x0000000000000040 is an unknown value
RBX=0x000000004c8d3d65 is an unknown value
RCX=0x0000000000000025 is an unknown value
RDX=0x00000000000003f3 is an unknown value
RSP=0x00007f6ebec87a50 is pointing into the stack for thread: 0x00007f6eb800d000
RBP=0x0000000000000002 is an unknown value
RSI=0x00007f6ebe092d28: <offset 0x3d28> in /lib/x86_64-linux-gnu/libc.so.6 at 0x00007f6ebe08f000
RDI=0x00007f6ebec8e9e8 is an unknown value
R8 =0x00000000013234f5 is an unknown value
R9 =0x00007f6ebec87a90 is pointing into the stack for thread: 0x00007f6eb800d000
R10=0x0000000006020400 is an unknown value
R11=0x00007f6ebec87b90 is pointing into the stack for thread: 0x00007f6eb800d000
R12=0x0000000000000003 is an unknown value
R13=0x00007f6de8324210 is an unknown value
R14=0x0000000000000000 is an unknown value
R15=0x0000000000000025 is an unknown value


Stack: [0x00007f6ebeb8a000,0x00007f6ebec8b000],  sp=0x00007f6ebec87a50,  free space=1014k
Native frames: (J=compiled Java code, j=interpreted, Vv=VM code, C=native code)
C  [ld-linux-x86-64.so.2+0x9f7e]

Java frames: (J=compiled Java code, j=interpreted, Vv=VM code)
j  java.lang.ClassLoader$NativeLibrary.unload(Ljava/lang/String;Z)V+0
j  java.lang.ClassLoader$NativeLibrary.finalize()V+87
v  ~StubRoutines::call_stub
J 1116  sun.reflect.NativeMethodAccessorImpl.invoke0(Ljava/lang/reflect/Method;Ljava/lang/Object;[Ljava/lang/Object;)Ljava/lang/Object; (0 bytes) @ 0x00007f6ea89dd2b7 [0x00007f6ea89dd240+0x77]
J 1115 C1 sun.reflect.NativeMethodAccessorImpl.invoke(Ljava/lang/Object;[Ljava/lang/Object;)Ljava/lang/Object; (104 bytes) @ 0x00007f6ea89e218c [0x00007f6ea89e0f80+0x120c]
J 6552 C2 java.lang.reflect.Method.invoke(Ljava/lang/Object;[Ljava/lang/Object;)Ljava/lang/Object; (62 bytes) @ 0x00007f6ea95a72a0 [0x00007f6ea95a71e0+0xc0]
j  com.inductiveautomation.ignition.gateway.bootstrap.SRFilter.destroy()V+89
j  org.apache.catalina.core.ApplicationFilterConfig.release()V+61
j  org.apache.catalina.core.StandardContext.filterStop()Z+124
j  org.apache.catalina.core.StandardContext.stop()V+142
j  org.apache.catalina.core.ContainerBase.removeChild(Lorg/apache/catalina/Container;)V+90
j  org.apache.catalina.startup.HostConfig.undeployApps()V+77
j  org.apache.catalina.startup.HostConfig.stop()V+28
j  org.apache.catalina.startup.HostConfig.lifecycleEvent(Lorg/apache/catalina/LifecycleEvent;)V+151
j  org.apache.catalina.util.LifecycleSupport.fireLifecycleEvent(Ljava/lang/String;Ljava/lang/Object;)V+178
j  org.apache.catalina.core.ContainerBase.stop()V+60
j  org.apache.catalina.core.ContainerBase.stop()V+118
j  org.apache.catalina.core.StandardEngine.stop()V+1
j  org.apache.catalina.core.StandardService.stop()V+177
j  org.apache.catalina.core.StandardServer.stop()V+65
j  org.apache.catalina.startup.Catalina.stop()V+58
j  org.apache.catalina.startup.Catalina.start()V+198
v  ~StubRoutines::call_stub
j  sun.reflect.NativeMethodAccessorImpl.invoke0(Ljava/lang/reflect/Method;Ljava/lang/Object;[Ljava/lang/Object;)Ljava/lang/Object;+0
j  sun.reflect.NativeMethodAccessorImpl.invoke(Ljava/lang/Object;[Ljava/lang/Object;)Ljava/lang/Object;+100
J 488 C1 sun.reflect.DelegatingMethodAccessorImpl.invoke(Ljava/lang/Object;[Ljava/lang/Object;)Ljava/lang/Object; (10 bytes) @ 0x00007f6ea87ce66c [0x00007f6ea87ce540+0x12c]
J 471 C1 java.lang.reflect.Method.invoke(Ljava/lang/Object;[Ljava/lang/Object;)Ljava/lang/Object; (62 bytes) @ 0x00007f6ea87cacc4 [0x00007f6ea87ca8a0+0x424]
j  org.apache.catalina.startup.Bootstrap.start()V+37
j  org.apache.catalina.startup.Bootstrap.main([Ljava/lang/String;)V+131
v  ~StubRoutines::call_stub

---------------  P R O C E S S  ---------------

Java Threads: ( => current thread )
  0x00007f6eb80c2800 JavaThread "pool-1-thread-3" [_thread_blocked, id=10547, stack(0x00007f6e8c030000,0x00007f6e8c131000)]
  0x00007f6eb854c800 JavaThread "Thread-21" daemon [_thread_blocked, id=10546, stack(0x00007f6e864cf000,0x00007f6e865d0000)]
  0x00007f6de8e79000 JavaThread "ClockDriftDetector" daemon [_thread_blocked, id=10491, stack(0x00007f6e86ef5000,0x00007f6e86ff6000)]
  0x00007f6de8e76800 JavaThread "PyLib_ScriptWatcher" daemon [_thread_blocked, id=10490, stack(0x00007f6e86ff6000,0x00007f6e870f7000)]
  0x00007f6de8dd7800 JavaThread "PyFile_ChangeNotifier" daemon [_thread_blocked, id=10489, stack(0x00007f6e872f7000,0x00007f6e873f8000)]
  0x00007f6de8dd5800 JavaThread "Thread-18" daemon [_thread_in_native, id=10488, stack(0x00007f6e873f8000,0x00007f6e874f9000)]
  0x00007f6d9c006800 JavaThread "pool-2-thread-3" [_thread_blocked, id=10487, stack(0x00007f6e874f9000,0x00007f6e875fa000)]
  0x00007f6da4016000 JavaThread "pool-1-thread-2" [_thread_blocked, id=10486, stack(0x00007f6e875fa000,0x00007f6e876fb000)]
  0x00007f6d9c00a000 JavaThread "pool-2-thread-2" [_thread_blocked, id=10485, stack(0x00007f6e876fb000,0x00007f6e877fc000)]
  0x00007f6d9c005800 JavaThread "pool-2-thread-1" [_thread_blocked, id=10484, stack(0x00007f6e877fc000,0x00007f6e878fd000)]
  0x00007f6da4005800 JavaThread "pool-1-thread-1" [_thread_blocked, id=10483, stack(0x00007f6e878fd000,0x00007f6e879fe000)]
  0x00007f6e0c004800 JavaThread "http-8088-1" daemon [_thread_blocked, id=10454, stack(0x00007f6e8f244000,0x00007f6e8f345000)]
  0x00007f6eb854a000 JavaThread "TP-Monitor" daemon [_thread_blocked, id=10447, stack(0x00007f6e8f9fa000,0x00007f6e8fafb000)]
  0x00007f6eb8548000 JavaThread "TP-Processor4" daemon [_thread_blocked, id=10446, stack(0x00007f6e8fafb000,0x00007f6e8fbfc000)]
  0x00007f6eb8546800 JavaThread "TP-Processor3" daemon [_thread_blocked, id=10445, stack(0x00007f6e8fbfc000,0x00007f6e8fcfd000)]
  0x00007f6eb8544000 JavaThread "TP-Processor2" daemon [_thread_blocked, id=10444, stack(0x00007f6e8fcfd000,0x00007f6e8fdfe000)]
  0x00007f6eb8537800 JavaThread "TP-Processor1" daemon [_thread_blocked, id=10443, stack(0x00007f6e8fdfe000,0x00007f6e8feff000)]
  0x00007f6eb854d800 JavaThread "http-8088-Acceptor-0" daemon [_thread_blocked, id=10442, stack(0x00007f6e8feff000,0x00007f6e90000000)]
  0x00007f6eb84d5000 JavaThread "GC Daemon" daemon [_thread_blocked, id=10440, stack(0x00007f6e95fb5000,0x00007f6e960b6000)]
  0x00007f6eb841d000 JavaThread "Abandoned connection cleanup thread" daemon [_thread_blocked, id=10438, stack(0x00007f6e95eb4000,0x00007f6e95fb5000)]
  0x00007f6e34001800 JavaThread "RMI TCP Connection(idle)" daemon [_thread_blocked, id=10436, stack(0x00007f6e960b6000,0x00007f6e961b7000)]
  0x00007f6e24028000 JavaThread "RMI Scheduler(0)" daemon [_thread_blocked, id=10434, stack(0x00007f6e961b7000,0x00007f6e962b8000)]
  0x00007f6eb8217000 JavaThread "RMI TCP Accept-0" daemon [_thread_in_native, id=10430, stack(0x00007f6e966ba000,0x00007f6e967bb000)]
  0x00007f6eb8205800 JavaThread "RMI TCP Accept-1099" daemon [_thread_in_native, id=10429, stack(0x00007f6e967bb000,0x00007f6e968bc000)]
  0x00007f6eb81f4800 JavaThread "RMI TCP Accept-0" daemon [_thread_in_native, id=10428, stack(0x00007f6e968bc000,0x00007f6e969bd000)]
  0x00007f6eb80dd000 JavaThread "Service Thread" daemon [_thread_blocked, id=10427, stack(0x00007f6e96fee000,0x00007f6e970ef000)]
  0x00007f6eb80cf000 JavaThread "C1 CompilerThread3" daemon [_thread_in_vm, id=10426, stack(0x00007f6e970ef000,0x00007f6e971f0000)]
  0x00007f6eb80cd000 JavaThread "C2 CompilerThread2" daemon [_thread_in_native, id=10425, stack(0x00007f6e971f0000,0x00007f6e972f1000)]
  0x00007f6eb80cb000 JavaThread "C2 CompilerThread1" daemon [_thread_blocked, id=10424, stack(0x00007f6e972f1000,0x00007f6e973f2000)]
  0x00007f6eb80c8800 JavaThread "C2 CompilerThread0" daemon [_thread_blocked, id=10423, stack(0x00007f6e973f2000,0x00007f6e974f3000)]
  0x00007f6eb80c6000 JavaThread "JDWP Event Helper Thread" daemon [_thread_blocked, id=10421, stack(0x00007f6e975f4000,0x00007f6e976f5000)]
  0x00007f6eb80b5800 JavaThread "Signal Dispatcher" daemon [_thread_blocked, id=10417, stack(0x00007f6e979fa000,0x00007f6e97afb000)]
  0x00007f6eb8087800 JavaThread "Finalizer" daemon [_thread_blocked, id=10416, stack(0x00007f6e97afb000,0x00007f6e97bfc000)]
  0x00007f6eb8085800 JavaThread "Reference Handler" daemon [_thread_blocked, id=10415, stack(0x00007f6e97bfc000,0x00007f6e97cfd000)]
=>0x00007f6eb800d000 JavaThread "main" [_thread_in_native, id=10405, stack(0x00007f6ebeb8a000,0x00007f6ebec8b000)]

Other Threads:
  0x00007f6eb807e800 VMThread [stack: 0x00007f6e97cfd000,0x00007f6e97dfe000] [id=10414]
  0x00007f6eb8219800 WatcherThread [stack: 0x00007f6e965b9000,0x00007f6e966ba000] [id=10431]

VM state:not at safepoint (normal execution)

VM Mutex/Monitor currently owned by a thread: None

Heap:
 PSYoungGen      total 238592K, used 41223K [0x000000076ce00000, 0x000000077ef00000, 0x00000007c0000000)
  eden space 216576K, 19% used [0x000000076ce00000,0x000000076f641cb0,0x000000077a180000)
  from space 22016K, 0% used [0x000000077a180000,0x000000077a180000,0x000000077b700000)
  to   space 22528K, 0% used [0x000000077d900000,0x000000077d900000,0x000000077ef00000)
 ParOldGen       total 258048K, used 34815K [0x00000006c6a00000, 0x00000006d6600000, 0x000000076ce00000)
  object space 258048K, 13% used [0x00000006c6a00000,0x00000006c8bffe88,0x00000006d6600000)
 Metaspace       used 57479K, capacity 58672K, committed 58908K, reserved 1099776K
  class space    used 8204K, capacity 8481K, committed 8576K, reserved 1048576K

Card table byte_map: [0x00007f6ea7a1c000,0x00007f6ea81e8000] byte_map_base: 0x00007f6ea43e7000

Marking Bits: (ParMarkBitMap*) 0x00007f6ebe064c20
 Begin Bits: [0x00007f6e68350000, 0x00007f6e6c1a8000)
 End Bits:   [0x00007f6e6c1a8000, 0x00007f6e70000000)

Polling page: 0x00007f6ebecad000

CodeCache: size=245760Kb used=21295Kb max_used=21752Kb free=224464Kb
 bounds [0x00007f6ea85a8000, 0x00007f6ea9b08000, 0x00007f6eb75a8000]
 total_blobs=5991 nmethods=5385 adapters=524
 compilation: enabled

Compilation events (10 events):
Event: 100.125 Thread 0x00007f6eb80cf000 6585       3       java.io.ObjectOutputStream$BlockDataOutputStream::drain (45 bytes)
Event: 100.125 Thread 0x00007f6eb80cd000 nmethod 6578% 0x00007f6ea956aa90 code [0x00007f6ea956ac20, 0x00007f6ea956afb8]
Event: 100.126 Thread 0x00007f6eb80cf000 nmethod 6585 0x00007f6ea8b7d610 code [0x00007f6ea8b7d7a0, 0x00007f6ea8b7da98]
Event: 100.126 Thread 0x00007f6eb80cf000 6586       3       sun.reflect.UnsafeFieldAccessorImpl::<init> (56 bytes)
Event: 100.126 Thread 0x00007f6eb80c8800 6588       4       sun.reflect.ClassFileAssembler::emitConstantPoolClass (23 bytes)
Event: 100.126 Thread 0x00007f6eb80cf000 nmethod 6586 0x00007f6ea9572250 code [0x00007f6ea9572400, 0x00007f6ea9572b18]
Event: 100.126 Thread 0x00007f6eb80cf000 6587       3       sun.reflect.FieldAccessorImpl::<init> (5 bytes)
Event: 100.127 Thread 0x00007f6eb80cf000 nmethod 6587 0x00007f6ea95a7e10 code [0x00007f6ea95a7f80, 0x00007f6ea95a8190]
Event: 100.129 Thread 0x00007f6eb80cd000 6589       4       java.io.ObjectOutputStream$ReplaceTable::lookup (24 bytes)
Event: 100.129 Thread 0x00007f6eb80cf000 6590   !   3       java.io.ObjectOutputStream::writeObject0 (619 bytes)

GC Heap History (10 events):
Event: 5.673 GC heap before
{Heap before GC invocations=10 (full 2):
 PSYoungGen      total 147968K, used 133120K [0x000000076ce00000, 0x000000077a500000, 0x00000007c0000000)
  eden space 133120K, 100% used [0x000000076ce00000,0x0000000775000000,0x0000000775000000)
  from space 14848K, 0% used [0x0000000775000000,0x0000000775000000,0x0000000775e80000)
  to   space 15872K, 0% used [0x0000000779580000,0x0000000779580000,0x000000077a500000)
 ParOldGen       total 181760K, used 23666K [0x00000006c6a00000, 0x00000006d1b80000, 0x000000076ce00000)
  object space 181760K, 13% used [0x00000006c6a00000,0x00000006c811c868,0x00000006d1b80000)
 Metaspace       used 39497K, capacity 39950K, committed 40192K, reserved 1083392K
  class space    used 5705K, capacity 5842K, committed 5888K, reserved 1048576K
Event: 5.681 GC heap after
Heap after GC invocations=10 (full 2):
 PSYoungGen      total 194048K, used 6019K [0x000000076ce00000, 0x000000077a000000, 0x00000007c0000000)
  eden space 183296K, 0% used [0x000000076ce00000,0x000000076ce00000,0x0000000778100000)
  from space 10752K, 55% used [0x0000000779580000,0x0000000779b60c18,0x000000077a000000)
  to   space 15872K, 0% used [0x0000000778100000,0x0000000778100000,0x0000000779080000)
 ParOldGen       total 181760K, used 23674K [0x00000006c6a00000, 0x00000006d1b80000, 0x000000076ce00000)
  object space 181760K, 13% used [0x00000006c6a00000,0x00000006c811e868,0x00000006d1b80000)
 Metaspace       used 39497K, capacity 39950K, committed 40192K, reserved 1083392K
  class space    used 5705K, capacity 5842K, committed 5888K, reserved 1048576K
}
Event: 6.960 GC heap before
{Heap before GC invocations=11 (full 2):
 PSYoungGen      total 194048K, used 189315K [0x000000076ce00000, 0x000000077a000000, 0x00000007c0000000)
  eden space 183296K, 100% used [0x000000076ce00000,0x0000000778100000,0x0000000778100000)
  from space 10752K, 55% used [0x0000000779580000,0x0000000779b60c18,0x000000077a000000)
  to   space 15872K, 0% used [0x0000000778100000,0x0000000778100000,0x0000000779080000)
 ParOldGen       total 181760K, used 23674K [0x00000006c6a00000, 0x00000006d1b80000, 0x000000076ce00000)
  object space 181760K, 13% used [0x00000006c6a00000,0x00000006c811e888,0x00000006d1b80000)
 Metaspace       used 45006K, capacity 45522K, committed 45696K, reserved 1087488K
  class space    used 6648K, capacity 6776K, committed 6784K, reserved 1048576K
Event: 6.974 GC heap after
Heap after GC invocations=11 (full 2):
 PSYoungGen      total 199168K, used 15853K [0x000000076ce00000, 0x000000077cc80000, 0x00000007c0000000)
  eden space 183296K, 0% used [0x000000076ce00000,0x000000076ce00000,0x0000000778100000)
  from space 15872K, 99% used [0x0000000778100000,0x000000077907b538,0x0000000779080000)
  to   space 18944K, 0% used [0x000000077ba00000,0x000000077ba00000,0x000000077cc80000)
 ParOldGen       total 181760K, used 26154K [0x00000006c6a00000, 0x00000006d1b80000, 0x000000076ce00000)
  object space 181760K, 14% used [0x00000006c6a00000,0x00000006c838a9f8,0x00000006d1b80000)
 Metaspace       used 45006K, capacity 45522K, committed 45696K, reserved 1087488K
  class space    used 6648K, capacity 6776K, committed 6784K, reserved 1048576K
}
Event: 24.299 GC heap before
{Heap before GC invocations=12 (full 2):
 PSYoungGen      total 199168K, used 199149K [0x000000076ce00000, 0x000000077cc80000, 0x00000007c0000000)
  eden space 183296K, 100% used [0x000000076ce00000,0x0000000778100000,0x0000000778100000)
  from space 15872K, 99% used [0x0000000778100000,0x000000077907b538,0x0000000779080000)
  to   space 18944K, 0% used [0x000000077ba00000,0x000000077ba00000,0x000000077cc80000)
 ParOldGen       total 181760K, used 26163K [0x00000006c6a00000, 0x00000006d1b80000, 0x000000076ce00000)
  object space 181760K, 14% used [0x00000006c6a00000,0x00000006c838cf38,0x00000006d1b80000)
 Metaspace       used 56491K, capacity 57608K, committed 57856K, reserved 1099776K
  class space    used 8110K, capacity 8369K, committed 8448K, reserved 1048576K
Event: 24.316 GC heap after
Heap after GC invocations=12 (full 2):
 PSYoungGen      total 235520K, used 18915K [0x000000076ce00000, 0x000000077cc80000, 0x00000007c0000000)
  eden space 216576K, 0% used [0x000000076ce00000,0x000000076ce00000,0x000000077a180000)
  from space 18944K, 99% used [0x000000077ba00000,0x000000077cc78de0,0x000000077cc80000)
  to   space 22016K, 0% used [0x000000077a180000,0x000000077a180000,0x000000077b700000)
 ParOldGen       total 181760K, used 27919K [0x00000006c6a00000, 0x00000006d1b80000, 0x000000076ce00000)
  object space 181760K, 15% used [0x00000006c6a00000,0x00000006c8543e30,0x00000006d1b80000)
 Metaspace       used 56491K, capacity 57608K, committed 57856K, reserved 1099776K
  class space    used 8110K, capacity 8369K, committed 8448K, reserved 1048576K
}
Event: 30.187 GC heap before
{Heap before GC invocations=13 (full 2):
 PSYoungGen      total 235520K, used 93405K [0x000000076ce00000, 0x000000077cc80000, 0x00000007c0000000)
  eden space 216576K, 34% used [0x000000076ce00000,0x00000007716be7d0,0x000000077a180000)
  from space 18944K, 99% used [0x000000077ba00000,0x000000077cc78de0,0x000000077cc80000)
  to   space 22016K, 0% used [0x000000077a180000,0x000000077a180000,0x000000077b700000)
 ParOldGen       total 181760K, used 27919K [0x00000006c6a00000, 0x00000006d1b80000, 0x000000076ce00000)
  object space 181760K, 15% used [0x00000006c6a00000,0x00000006c8543e30,0x00000006d1b80000)
 Metaspace       used 57189K, capacity 58428K, committed 58524K, reserved 1099776K
  class space    used 8180K, capacity 8447K, committed 8448K, reserved 1048576K
Event: 30.206 GC heap after
Heap after GC invocations=13 (full 2):
 PSYoungGen      total 238592K, used 15148K [0x000000076ce00000, 0x000000077ef00000, 0x00000007c0000000)
  eden space 216576K, 0% used [0x000000076ce00000,0x000000076ce00000,0x000000077a180000)
  from space 22016K, 68% used [0x000000077a180000,0x000000077b04b330,0x000000077b700000)
  to   space 22528K, 0% used [0x000000077d900000,0x000000077d900000,0x000000077ef00000)
 ParOldGen       total 181760K, used 27927K [0x00000006c6a00000, 0x00000006d1b80000, 0x000000076ce00000)
  object space 181760K, 15% used [0x00000006c6a00000,0x00000006c8545e30,0x00000006d1b80000)
 Metaspace       used 57189K, capacity 58428K, committed 58524K, reserved 1099776K
  class space    used 8180K, capacity 8447K, committed 8448K, reserved 1048576K
}
Event: 30.206 GC heap before
{Heap before GC invocations=14 (full 3):
 PSYoungGen      total 238592K, used 15148K [0x000000076ce00000, 0x000000077ef00000, 0x00000007c0000000)
  eden space 216576K, 0% used [0x000000076ce00000,0x000000076ce00000,0x000000077a180000)
  from space 22016K, 68% used [0x000000077a180000,0x000000077b04b330,0x000000077b700000)
  to   space 22528K, 0% used [0x000000077d900000,0x000000077d900000,0x000000077ef00000)
 ParOldGen       total 181760K, used 27927K [0x00000006c6a00000, 0x00000006d1b80000, 0x000000076ce00000)
  object space 181760K, 15% used [0x00000006c6a00000,0x00000006c8545e30,0x00000006d1b80000)
 Metaspace       used 57189K, capacity 58428K, committed 58524K, reserved 1099776K
  class space    used 8180K, capacity 8447K, committed 8448K, reserved 1048576K
Event: 30.419 GC heap after
Heap after GC invocations=14 (full 3):
 PSYoungGen      total 238592K, used 0K [0x000000076ce00000, 0x000000077ef00000, 0x00000007c0000000)
  eden space 216576K, 0% used [0x000000076ce00000,0x000000076ce00000,0x000000077a180000)
  from space 22016K, 0% used [0x000000077a180000,0x000000077a180000,0x000000077b700000)
  to   space 22528K, 0% used [0x000000077d900000,0x000000077d900000,0x000000077ef00000)
 ParOldGen       total 258048K, used 34815K [0x00000006c6a00000, 0x00000006d6600000, 0x000000076ce00000)
  object space 258048K, 13% used [0x00000006c6a00000,0x00000006c8bffe88,0x00000006d6600000)
 Metaspace       used 57129K, capacity 58344K, committed 58524K, reserved 1099776K
  class space    used 8179K, capacity 8443K, committed 8448K, reserved 1048576K
}

Deoptimization events (10 events):
Event: 100.015 Thread 0x00007f6eb800d000 Uncommon trap: reason=unreached action=reinterpret pc=0x00007f6ea9086d20 method=org.hsqldb.store.BaseHashMap.clearElementArrays(II)V @ 185
Event: 100.019 Thread 0x00007f6de871c800 Uncommon trap: reason=unreached action=reinterpret pc=0x00007f6ea9ada0ac method=org.hsqldb.lib.HsqlTimer$TaskQueue.peekTask()Lorg/hsqldb/lib/HsqlTimer$Task; @ 6
Event: 100.124 Thread 0x00007f6eb800d000 Uncommon trap: reason=bimorphic action=maybe_recompile pc=0x00007f6ea96e75cc method=java.io.ObjectOutputStream$BlockDataOutputStream.drain()V @ 36
Event: 100.124 Thread 0x00007f6eb800d000 Uncommon trap: reason=bimorphic action=maybe_recompile pc=0x00007f6ea96e75cc method=java.io.ObjectOutputStream$BlockDataOutputStream.drain()V @ 36
Event: 100.124 Thread 0x00007f6eb800d000 Uncommon trap: reason=class_check action=maybe_recompile pc=0x00007f6ea980edc8 method=java.io.ObjectOutputStream$BlockDataOutputStream.write([BIIZ)V @ 23
Event: 100.124 Thread 0x00007f6eb800d000 Uncommon trap: reason=bimorphic action=maybe_recompile pc=0x00007f6ea96fbe70 method=java.io.ObjectOutputStream$BlockDataOutputStream.drain()V @ 36
Event: 100.125 Thread 0x00007f6eb800d000 Uncommon trap: reason=class_check action=maybe_recompile pc=0x00007f6ea980edc8 method=java.io.ObjectOutputStream$BlockDataOutputStream.write([BIIZ)V @ 23
Event: 100.126 Thread 0x00007f6eb800d000 Uncommon trap: reason=class_check action=maybe_recompile pc=0x00007f6ea980edc8 method=java.io.ObjectOutputStream$BlockDataOutputStream.write([BIIZ)V @ 23
Event: 100.127 Thread 0x00007f6eb800d000 Uncommon trap: reason=class_check action=maybe_recompile pc=0x00007f6ea980edc8 method=java.io.ObjectOutputStream$BlockDataOutputStream.write([BIIZ)V @ 23
Event: 100.130 Thread 0x00007f6eb800d000 Uncommon trap: reason=bimorphic action=maybe_recompile pc=0x00007f6ea96fcc70 method=java.io.ObjectOutputStream$BlockDataOutputStream.drain()V @ 36

Internal exceptions (10 events):
Event: 99.999 Thread 0x00007f6eb800d000 Exception <a 'java/security/PrivilegedActionException'> (0x000000076e9dece8) thrown at [/HUDSON/workspace/8-2-build-linux-amd64/jdk8u20/526.nc/hotspot/src/share/vm/prims/jvm.cpp, line 1258]
Event: 100.000 Thread 0x00007f6eb800d000 Exception <a 'java/security/PrivilegedActionException'> (0x000000076e9f0fe0) thrown at [/HUDSON/workspace/8-2-build-linux-amd64/jdk8u20/526.nc/hotspot/src/share/vm/prims/jvm.cpp, line 1258]
Event: 100.000 Thread 0x00007f6eb800d000 Exception <a 'java/security/PrivilegedActionException'> (0x000000076e9f1b80) thrown at [/HUDSON/workspace/8-2-build-linux-amd64/jdk8u20/526.nc/hotspot/src/share/vm/prims/jvm.cpp, line 1258]
Event: 100.001 Thread 0x00007f6eb800d000 Exception <a 'java/lang/NullPointerException'> (0x000000076e9fa460) thrown at [/HUDSON/workspace/8-2-build-linux-amd64/jdk8u20/526.nc/hotspot/src/share/vm/interpreter/linkResolver.cpp, line 1268]
Event: 100.127 Thread 0x00007f6eb800d000 Exception <a 'java/security/PrivilegedActionException'> (0x000000076ea1ca48) thrown at [/HUDSON/workspace/8-2-build-linux-amd64/jdk8u20/526.nc/hotspot/src/share/vm/prims/jvm.cpp, line 1258]
Event: 100.127 Thread 0x00007f6eb800d000 Exception <a 'java/security/PrivilegedActionException'> (0x000000076ea1da28) thrown at [/HUDSON/workspace/8-2-build-linux-amd64/jdk8u20/526.nc/hotspot/src/share/vm/prims/jvm.cpp, line 1258]
Event: 100.128 Thread 0x00007f6eb800d000 Exception <a 'java/security/PrivilegedActionException'> (0x000000076ea2d6c0) thrown at [/HUDSON/workspace/8-2-build-linux-amd64/jdk8u20/526.nc/hotspot/src/share/vm/prims/jvm.cpp, line 1258]
Event: 100.128 Thread 0x00007f6eb800d000 Exception <a 'java/security/PrivilegedActionException'> (0x000000076ea2e730) thrown at [/HUDSON/workspace/8-2-build-linux-amd64/jdk8u20/526.nc/hotspot/src/share/vm/prims/jvm.cpp, line 1258]
Event: 100.128 Thread 0x00007f6eb800d000 Exception <a 'java/security/PrivilegedActionException'> (0x000000076ea3e890) thrown at [/HUDSON/workspace/8-2-build-linux-amd64/jdk8u20/526.nc/hotspot/src/share/vm/prims/jvm.cpp, line 1258]
Event: 100.128 Thread 0x00007f6eb800d000 Exception <a 'java/security/PrivilegedActionException'> (0x000000076ea3f8b0) thrown at [/HUDSON/workspace/8-2-build-linux-amd64/jdk8u20/526.nc/hotspot/src/share/vm/prims/jvm.cpp, line 1258]

Events (10 events):
Event: 100.130 Thread 0x00007f6eb800d000 DEOPT UNPACKING pc=0x00007f6ea85ef41a sp=0x00007f6ebec867f8 mode 1
Event: 100.130 Thread 0x00007f6eb800d000 DEOPT PACKING pc=0x00007f6ea95cf8e4 sp=0x00007f6ebec869e0
Event: 100.130 Thread 0x00007f6eb800d000 DEOPT UNPACKING pc=0x00007f6ea85ef41a sp=0x00007f6ebec867a0 mode 1
Event: 100.130 Thread 0x00007f6eb800d000 DEOPT PACKING pc=0x00007f6ea95f9acc sp=0x00007f6ebec86ab0
Event: 100.130 Thread 0x00007f6eb800d000 DEOPT UNPACKING pc=0x00007f6ea85ef41a sp=0x00007f6ebec86878 mode 1
Event: 100.130 Thread 0x00007f6eb800d000 DEOPT PACKING pc=0x00007f6ea95cf8e4 sp=0x00007f6ebec86a20
Event: 100.130 Thread 0x00007f6eb800d000 DEOPT UNPACKING pc=0x00007f6ea85ef41a sp=0x00007f6ebec867f8 mode 1
Event: 100.130 Thread 0x00007f6eb800d000 Uncommon trap: trap_request=0xffffffc6 fr.pc=0x00007f6ea96fcc70
Event: 100.130 Thread 0x00007f6eb800d000 DEOPT PACKING pc=0x00007f6ea96fcc70 sp=0x00007f6ebec884a0
Event: 100.130 Thread 0x00007f6eb800d000 DEOPT UNPACKING pc=0x00007f6ea85ef650 sp=0x00007f6ebec883d8 mode 2


Dynamic libraries:
00400000-00401000 r-xp 00000000 08:06 19938758                           /usr/lib/jvm/jdk1.8.0_20/bin/java
00600000-00601000 rw-p 00000000 08:06 19938758                           /usr/lib/jvm/jdk1.8.0_20/bin/java
02588000-025a9000 rw-p 00000000 00:00 0                                  [heap]
6c6a00000-6d6600000 rw-p 00000000 00:00 0 
6d6600000-76ce00000 ---p 00000000 00:00 0 
76ce00000-77ef00000 rw-p 00000000 00:00 0 
77ef00000-7c0000000 ---p 00000000 00:00 0 
7c0000000-7c0860000 rw-p 00000000 00:00 0 
7c0860000-800000000 ---p 00000000 00:00 0 
7f6d94000000-7f6d94021000 rw-p 00000000 00:00 0 
7f6d94021000-7f6d98000000 ---p 00000000 00:00 0 
7f6d98000000-7f6d98021000 rw-p 00000000 00:00 0 
7f6d98021000-7f6d9c000000 ---p 00000000 00:00 0 
7f6d9c000000-7f6d9c0e4000 rw-p 00000000 00:00 0 
7f6d9c0e4000-7f6da0000000 ---p 00000000 00:00 0 
7f6da0000000-7f6da0021000 rw-p 00000000 00:00 0 
7f6da0021000-7f6da4000000 ---p 00000000 00:00 0 
7f6da4000000-7f6da4038000 rw-p 00000000 00:00 0 
7f6da4038000-7f6da8000000 ---p 00000000 00:00 0 
7f6da8000000-7f6da827b000 rw-p 00000000 00:00 0 
7f6da827b000-7f6dac000000 ---p 00000000 00:00 0 
7f6dac000000-7f6dac021000 rw-p 00000000 00:00 0 
7f6dac021000-7f6db0000000 ---p 00000000 00:00 0 
7f6db0000000-7f6db0021000 rw-p 00000000 00:00 0 
7f6db0021000-7f6db4000000 ---p 00000000 00:00 0 
7f6db4000000-7f6db4021000 rw-p 00000000 00:00 0 
7f6db4021000-7f6db8000000 ---p 00000000 00:00 0 
7f6db8000000-7f6db8021000 rw-p 00000000 00:00 0 
7f6db8021000-7f6dbc000000 ---p 00000000 00:00 0 
7f6dbc000000-7f6dbc021000 rw-p 00000000 00:00 0 
7f6dbc021000-7f6dc0000000 ---p 00000000 00:00 0 
7f6dc0000000-7f6dc00fe000 rw-p 00000000 00:00 0 
7f6dc00fe000-7f6dc4000000 ---p 00000000 00:00 0 
7f6dc4000000-7f6dc4021000 rw-p 00000000 00:00 0 
7f6dc4021000-7f6dc8000000 ---p 00000000 00:00 0 
7f6dc8000000-7f6dc8021000 rw-p 00000000 00:00 0 
7f6dc8021000-7f6dcc000000 ---p 00000000 00:00 0 
7f6dcc000000-7f6dcc021000 rw-p 00000000 00:00 0 
7f6dcc021000-7f6dd0000000 ---p 00000000 00:00 0 
7f6dd0000000-7f6dd0021000 rw-p 00000000 00:00 0 
7f6dd0021000-7f6dd4000000 ---p 00000000 00:00 0 
7f6dd4000000-7f6dd4021000 rw-p 00000000 00:00 0 
7f6dd4021000-7f6dd8000000 ---p 00000000 00:00 0 
7f6dd8000000-7f6dd8021000 rw-p 00000000 00:00 0 
7f6dd8021000-7f6ddc000000 ---p 00000000 00:00 0 
7f6ddc000000-7f6ddc021000 rw-p 00000000 00:00 0 
7f6ddc021000-7f6de0000000 ---p 00000000 00:00 0 
7f6de0000000-7f6de0021000 rw-p 00000000 00:00 0 
7f6de0021000-7f6de4000000 ---p 00000000 00:00 0 
7f6de4000000-7f6de4021000 rw-p 00000000 00:00 0 
7f6de4021000-7f6de8000000 ---p 00000000 00:00 0 
7f6de8000000-7f6de8ed4000 rw-p 00000000 00:00 0 
7f6de8ed4000-7f6dec000000 ---p 00000000 00:00 0 
7f6dec000000-7f6dec021000 rw-p 00000000 00:00 0 
7f6dec021000-7f6df0000000 ---p 00000000 00:00 0 
7f6df0000000-7f6df003c000 rw-p 00000000 00:00 0 
7f6df003c000-7f6df4000000 ---p 00000000 00:00 0 
7f6df4000000-7f6df4021000 rw-p 00000000 00:00 0 
7f6df4021000-7f6df8000000 ---p 00000000 00:00 0 
7f6df8000000-7f6df84dd000 rw-p 00000000 00:00 0 
7f6df84dd000-7f6dfc000000 ---p 00000000 00:00 0 
7f6dfc000000-7f6dfc05d000 rw-p 00000000 00:00 0 
7f6dfc05d000-7f6e00000000 ---p 00000000 00:00 0 
7f6e00000000-7f6e00021000 rw-p 00000000 00:00 0 
7f6e00021000-7f6e04000000 ---p 00000000 00:00 0 
7f6e04000000-7f6e04021000 rw-p 00000000 00:00 0 
7f6e04021000-7f6e08000000 ---p 00000000 00:00 0 
7f6e08000000-7f6e08021000 rw-p 00000000 00:00 0 
7f6e08021000-7f6e0c000000 ---p 00000000 00:00 0 
7f6e0c000000-7f6e0c021000 rw-p 00000000 00:00 0 
7f6e0c021000-7f6e10000000 ---p 00000000 00:00 0 
7f6e10000000-7f6e10021000 rw-p 00000000 00:00 0 
7f6e10021000-7f6e14000000 ---p 00000000 00:00 0 
7f6e14000000-7f6e14021000 rw-p 00000000 00:00 0 
7f6e14021000-7f6e18000000 ---p 00000000 00:00 0 
7f6e18000000-7f6e18123000 rw-p 00000000 00:00 0 
7f6e18123000-7f6e1c000000 ---p 00000000 00:00 0 
7f6e1c000000-7f6e1c60e000 rw-p 00000000 00:00 0 
7f6e1c60e000-7f6e20000000 ---p 00000000 00:00 0 
7f6e20000000-7f6e20021000 rw-p 00000000 00:00 0 
7f6e20021000-7f6e24000000 ---p 00000000 00:00 0 
7f6e24000000-7f6e2402a000 rw-p 00000000 00:00 0 
7f6e2402a000-7f6e28000000 ---p 00000000 00:00 0 
7f6e28000000-7f6e28021000 rw-p 00000000 00:00 0 
7f6e28021000-7f6e2c000000 ---p 00000000 00:00 0 
7f6e2c000000-7f6e2c021000 rw-p 00000000 00:00 0 
7f6e2c021000-7f6e30000000 ---p 00000000 00:00 0 
7f6e30000000-7f6e30021000 rw-p 00000000 00:00 0 
7f6e30021000-7f6e34000000 ---p 00000000 00:00 0 
7f6e34000000-7f6e34021000 rw-p 00000000 00:00 0 
7f6e34021000-7f6e38000000 ---p 00000000 00:00 0 
7f6e38000000-7f6e38021000 rw-p 00000000 00:00 0 
7f6e38021000-7f6e3c000000 ---p 00000000 00:00 0 
7f6e3c000000-7f6e3cbf4000 rw-p 00000000 00:00 0 
7f6e3cbf4000-7f6e40000000 ---p 00000000 00:00 0 
7f6e40000000-7f6e40021000 rw-p 00000000 00:00 0 
7f6e40021000-7f6e44000000 ---p 00000000 00:00 0 
7f6e44000000-7f6e454b1000 rw-p 00000000 00:00 0 
7f6e454b1000-7f6e48000000 ---p 00000000 00:00 0 
7f6e48000000-7f6e4a618000 rw-p 00000000 00:00 0 
7f6e4a618000-7f6e4c000000 ---p 00000000 00:00 0 
7f6e4c000000-7f6e4c021000 rw-p 00000000 00:00 0 
7f6e4c021000-7f6e50000000 ---p 00000000 00:00 0 
7f6e50000000-7f6e511b6000 rw-p 00000000 00:00 0 
7f6e511b6000-7f6e54000000 ---p 00000000 00:00 0 
7f6e54000000-7f6e54021000 rw-p 00000000 00:00 0 
7f6e54021000-7f6e58000000 ---p 00000000 00:00 0 
7f6e58000000-7f6e580c6000 rw-p 00000000 00:00 0 
7f6e580c6000-7f6e5c000000 ---p 00000000 00:00 0 
7f6e5c000000-7f6e5c021000 rw-p 00000000 00:00 0 
7f6e5c021000-7f6e60000000 ---p 00000000 00:00 0 
7f6e60000000-7f6e60021000 rw-p 00000000 00:00 0 
7f6e60021000-7f6e64000000 ---p 00000000 00:00 0 
7f6e64000000-7f6e64021000 rw-p 00000000 00:00 0 
7f6e64021000-7f6e68000000 ---p 00000000 00:00 0 
7f6e68350000-7f6e70000000 rw-p 00000000 00:00 0 
7f6e70000000-7f6e70021000 rw-p 00000000 00:00 0 
7f6e70021000-7f6e74000000 ---p 00000000 00:00 0 
7f6e74000000-7f6e741f4000 rw-p 00000000 00:00 0 
7f6e741f4000-7f6e78000000 ---p 00000000 00:00 0 
7f6e78000000-7f6e78021000 rw-p 00000000 00:00 0 
7f6e78021000-7f6e7c000000 ---p 00000000 00:00 0 
7f6e80000000-7f6e80021000 rw-p 00000000 00:00 0 
7f6e80021000-7f6e84000000 ---p 00000000 00:00 0 
7f6e85fce000-7f6e85fd1000 ---p 00000000 00:00 0 
7f6e85fd1000-7f6e861f6000 rw-p 00000000 00:00 0 
7f6e861f6000-7f6e862cf000 ---p 00000000 00:00 0 
7f6e862cf000-7f6e864cf000 rw-p 00000000 00:00 0 
7f6e864cf000-7f6e864d2000 ---p 00000000 00:00 0 
7f6e864d2000-7f6e865d0000 rw-p 00000000 00:00 0                          [stack:10546]
7f6e865d0000-7f6e865d3000 ---p 00000000 00:00 0 
7f6e865d3000-7f6e866d1000 rw-p 00000000 00:00 0 
7f6e866d1000-7f6e866e8000 r-xp 00000000 08:06 15602148                   /lib/x86_64-linux-gnu/libresolv-2.19.so
7f6e866e8000-7f6e868e8000 ---p 00017000 08:06 15602148                   /lib/x86_64-linux-gnu/libresolv-2.19.so
7f6e868e8000-7f6e868e9000 r--p 00017000 08:06 15602148                   /lib/x86_64-linux-gnu/libresolv-2.19.so
7f6e868e9000-7f6e868ea000 rw-p 00018000 08:06 15602148                   /lib/x86_64-linux-gnu/libresolv-2.19.so
7f6e868ea000-7f6e868ec000 rw-p 00000000 00:00 0 
7f6e868ec000-7f6e868f1000 r-xp 00000000 08:06 15602324                   /lib/x86_64-linux-gnu/libnss_dns-2.19.so
7f6e868f1000-7f6e86af0000 ---p 00005000 08:06 15602324                   /lib/x86_64-linux-gnu/libnss_dns-2.19.so
7f6e86af0000-7f6e86af1000 r--p 00004000 08:06 15602324                   /lib/x86_64-linux-gnu/libnss_dns-2.19.so
7f6e86af1000-7f6e86af2000 rw-p 00005000 08:06 15602324                   /lib/x86_64-linux-gnu/libnss_dns-2.19.so
7f6e86af2000-7f6e86af4000 r-xp 00000000 08:06 15601607                   /lib/x86_64-linux-gnu/libnss_mdns4_minimal.so.2
7f6e86af4000-7f6e86cf3000 ---p 00002000 08:06 15601607                   /lib/x86_64-linux-gnu/libnss_mdns4_minimal.so.2
7f6e86cf3000-7f6e86cf4000 r--p 00001000 08:06 15601607                   /lib/x86_64-linux-gnu/libnss_mdns4_minimal.so.2
7f6e86cf4000-7f6e86cf5000 rw-p 00002000 08:06 15601607                   /lib/x86_64-linux-gnu/libnss_mdns4_minimal.so.2
7f6e86cf5000-7f6e86ef5000 rw-p 00000000 00:00 0 
7f6e86ef5000-7f6e86ef8000 ---p 00000000 00:00 0 
7f6e86ef8000-7f6e86ff6000 rw-p 00000000 00:00 0                          [stack:10491]
7f6e86ff6000-7f6e86ff9000 ---p 00000000 00:00 0 
7f6e86ff9000-7f6e872f7000 rw-p 00000000 00:00 0                          [stack:10490]
7f6e872f7000-7f6e872fa000 ---p 00000000 00:00 0 
7f6e872fa000-7f6e873f8000 rw-p 00000000 00:00 0                          [stack:10489]
7f6e873f8000-7f6e873fb000 ---p 00000000 00:00 0 
7f6e873fb000-7f6e874f9000 rw-p 00000000 00:00 0                          [stack:10488]
7f6e874f9000-7f6e874fc000 ---p 00000000 00:00 0 
7f6e874fc000-7f6e875fa000 rw-p 00000000 00:00 0                          [stack:10487]
7f6e875fa000-7f6e875fd000 ---p 00000000 00:00 0 
7f6e875fd000-7f6e876fb000 rw-p 00000000 00:00 0                          [stack:10486]
7f6e876fb000-7f6e876fe000 ---p 00000000 00:00 0 
7f6e876fe000-7f6e877fc000 rw-p 00000000 00:00 0                          [stack:10485]
7f6e877fc000-7f6e877ff000 ---p 00000000 00:00 0 
7f6e877ff000-7f6e878fd000 rw-p 00000000 00:00 0                          [stack:10484]
7f6e878fd000-7f6e87900000 ---p 00000000 00:00 0 
7f6e87900000-7f6e879fe000 rw-p 00000000 00:00 0                          [stack:10483]
7f6e879fe000-7f6e87a01000 ---p 00000000 00:00 0 
7f6e87a01000-7f6e87aff000 rw-p 00000000 00:00 0 
7f6e87aff000-7f6e87b02000 ---p 00000000 00:00 0 
7f6e87b02000-7f6e87e00000 rw-p 00000000 00:00 0 
7f6e87e00000-7f6e88000000 rw-p 00000000 00:00 0 
7f6e88000000-7f6e88021000 rw-p 00000000 00:00 0 
7f6e88021000-7f6e8c000000 ---p 00000000 00:00 0 
7f6e8c030000-7f6e8c033000 ---p 00000000 00:00 0 
7f6e8c033000-7f6e8c131000 rw-p 00000000 00:00 0                          [stack:10547]
7f6e8c131000-7f6e8c134000 ---p 00000000 00:00 0 
7f6e8c134000-7f6e8c232000 rw-p 00000000 00:00 0 
7f6e8c232000-7f6e8c235000 ---p 00000000 00:00 0 
7f6e8c235000-7f6e8c333000 rw-p 00000000 00:00 0 
7f6e8c333000-7f6e8c336000 ---p 00000000 00:00 0 
7f6e8c336000-7f6e8c434000 rw-p 00000000 00:00 0 
7f6e8c434000-7f6e8c437000 ---p 00000000 00:00 0 
7f6e8c437000-7f6e8c535000 rw-p 00000000 00:00 0 
7f6e8c535000-7f6e8c538000 ---p 00000000 00:00 0 
7f6e8c538000-7f6e8c836000 rw-p 00000000 00:00 0 
7f6e8c836000-7f6e8c839000 ---p 00000000 00:00 0 
7f6e8c839000-7f6e8c937000 rw-p 00000000 00:00 0 
7f6e8c937000-7f6e8c93a000 ---p 00000000 00:00 0 
7f6e8c93a000-7f6e8ca38000 rw-p 00000000 00:00 0 
7f6e8ca38000-7f6e8ca3b000 ---p 00000000 00:00 0 
7f6e8ca3b000-7f6e8cb39000 rw-p 00000000 00:00 0 
7f6e8cc1b000-7f6e8cc1e000 ---p 00000000 00:00 0 
7f6e8cc1e000-7f6e8cf1c000 rw-p 00000000 00:00 0 
7f6e8cf1c000-7f6e8cf1f000 ---p 00000000 00:00 0 
7f6e8cf1f000-7f6e8d01d000 rw-p 00000000 00:00 0 
7f6e8d01d000-7f6e8d020000 ---p 00000000 00:00 0 
7f6e8d020000-7f6e8d11e000 rw-p 00000000 00:00 0 
7f6e8d11e000-7f6e8d121000 ---p 00000000 00:00 0 
7f6e8d121000-7f6e8d21f000 rw-p 00000000 00:00 0 
7f6e8d2fe000-7f6e8d301000 ---p 00000000 00:00 0 
7f6e8d301000-7f6e8d3ff000 rw-p 00000000 00:00 0 
7f6e8d3ff000-7f6e8d402000 ---p 00000000 00:00 0 
7f6e8d402000-7f6e8d500000 rw-p 00000000 00:00 0 
7f6e8d500000-7f6e8d503000 ---p 00000000 00:00 0 
7f6e8d503000-7f6e8d801000 rw-p 00000000 00:00 0 
7f6e8d801000-7f6e8da01000 rw-p 00000000 00:00 0 
7f6e8da01000-7f6e8da08000 r--s 00000000 08:06 15863595                   /usr/lib/x86_64-linux-gnu/gconv/gconv-modules.cache
7f6e8db16000-7f6e8dd16000 rw-p 00000000 00:00 0 
7f6e8dd16000-7f6e8df16000 rw-p 00000000 00:00 0 
7f6e8df16000-7f6e8e116000 rw-p 00000000 00:00 0 
7f6e8e116000-7f6e8e119000 ---p 00000000 00:00 0 
7f6e8e119000-7f6e8e417000 rw-p 00000000 00:00 0 
7f6e8e417000-7f6e8e617000 rw-p 00000000 00:00 0 
7f6e8e617000-7f6e8e619000 r--s 00003000 08:06 659380                     /usr/local/development/dev-7-7/Ignition/IgnitionWebApp/src/main/home/temp/sfc-gateway-api5219424455403039367.jar
7f6e8e619000-7f6e8e61c000 r--s 00019000 08:06 659379                     /usr/local/development/dev-7-7/Ignition/IgnitionWebApp/src/main/home/temp/sfc-gateway3653854654828464119.jar
7f6e8e61c000-7f6e8e61f000 r--s 00016000 08:06 659378                     /usr/local/development/dev-7-7/Ignition/IgnitionWebApp/src/main/home/temp/sfc-common8196118061306342963.jar
7f6e8e61f000-7f6e8e623000 r--s 000be000 08:06 658862                     /usr/local/development/dev-7-7/Ignition/IgnitionWebApp/src/main/home/temp/vis-gateway3298766015747980413.jar
7f6e8e623000-7f6e8e62b000 r--s 0009e000 08:06 657755                     /usr/local/development/dev-7-7/Ignition/IgnitionWebApp/src/main/home/temp/secsgem-gateway2723210521005639749.jar
7f6e8e82d000-7f6e8ea2d000 rw-p 00000000 00:00 0 
7f6e8ea2d000-7f6e8ea30000 ---p 00000000 00:00 0 
7f6e8ea30000-7f6e8eb2e000 rw-p 00000000 00:00 0 
7f6e8eb2e000-7f6e8eb31000 ---p 00000000 00:00 0 
7f6e8eb31000-7f6e8ec2f000 rw-p 00000000 00:00 0 
7f6e8ec2f000-7f6e8ec32000 ---p 00000000 00:00 0 
7f6e8ec32000-7f6e8ed30000 rw-p 00000000 00:00 0 
7f6e8ed30000-7f6e8ed43000 r--s 00345000 08:06 20582253                   /usr/lib/jvm/jdk1.8.0_20/jre/lib/resources.jar
7f6e8ed43000-7f6e8ed46000 ---p 00000000 00:00 0 
7f6e8ed46000-7f6e8f044000 rw-p 00000000 00:00 0 
7f6e8f044000-7f6e8f244000 rw-p 00000000 00:00 0 
7f6e8f244000-7f6e8f247000 ---p 00000000 00:00 0 
7f6e8f247000-7f6e8f346000 rw-p 00000000 00:00 0                          [stack:10454]
7f6e8f346000-7f6e8f347000 r--s 00002000 08:06 658869                     /usr/local/development/dev-7-7/Ignition/IgnitionWebApp/src/main/home/temp/vis-common4421127253831987242.jar
7f6e8f347000-7f6e8f348000 r--s 00004000 08:06 658858                     /usr/local/development/dev-7-7/Ignition/IgnitionWebApp/src/main/home/temp/secsgem-shared3845212662114487151.jar
7f6e8f348000-7f6e8f349000 r--s 00000000 08:06 2365020                    /usr/local/development/dev-7-7/Ignition/IgnitionWebApp/target/ignition-webapp-7.7/WEB-INF/lib/xopc-common-2.7.2-20141104.213412-19.jar
7f6e8f349000-7f6e8f361000 r--s 000f7000 08:06 2365016                    /usr/local/development/dev-7-7/Ignition/IgnitionWebApp/target/ignition-webapp-7.7/WEB-INF/lib/xopc-2.7.2-20141104.213433-19.jar
7f6e8f361000-7f6e8f36e000 r--s 000a0000 08:06 2365222                    /usr/local/development/dev-7-7/Ignition/IgnitionWebApp/target/ignition-webapp-7.7/WEB-INF/lib/winpack-3.8.3.jar
7f6e8f36e000-7f6e8f378000 r--s 0005c000 08:06 2364945                    /usr/local/development/dev-7-7/Ignition/IgnitionWebApp/target/ignition-webapp-7.7/WEB-INF/lib/wicket-util-6.1.1.jar
7f6e8f378000-7f6e8f37b000 r--s 00012000 08:06 2364946                    /usr/local/development/dev-7-7/Ignition/IgnitionWebApp/target/ignition-webapp-7.7/WEB-INF/lib/wicket-request-6.1.1.jar
7f6e8f37b000-7f6e8f38d000 r--s 00138000 08:06 2364948                    /usr/local/development/dev-7-7/Ignition/IgnitionWebApp/target/ignition-webapp-7.7/WEB-INF/lib/wicket-extensions-6.1.1.jar
7f6e8f38d000-7f6e8f390000 r--s 00038000 08:06 2364947                    /usr/local/development/dev-7-7/Ignition/IgnitionWebApp/target/ignition-webapp-7.7/WEB-INF/lib/wicket-datetime-6.1.1.jar
7f6e8f390000-7f6e8f3b3000 r--s 001a3000 08:06 2364944                    /usr/local/development/dev-7-7/Ignition/IgnitionWebApp/target/ignition-webapp-7.7/WEB-INF/lib/wicket-core-6.1.1.jar
7f6e8f3b3000-7f6e8f3b5000 r--s 0012e000 08:06 2365207                    /usr/local/development/dev-7-7/Ignition/IgnitionWebApp/target/ignition-webapp-7.7/WEB-INF/lib/voice-cmu-slt-hsmm-5.0.jar
7f6e8f3b5000-7f6e8f3b6000 r--s 00006000 08:06 2365022                    /usr/local/development/dev-7-7/Ignition/IgnitionWebApp/target/ignition-webapp-7.7/WEB-INF/lib/user-manual-module-1.7.0-20131026.004611-6.jar
7f6e8f3b6000-7f6e8f3b7000 r--s 00268000 08:06 2365208                    /usr/local/development/dev-7-7/Ignition/IgnitionWebApp/target/ignition-webapp-7.7/WEB-INF/lib/ttsengine-ivona-2.7.2-20141104.214148-19.jar
7f6e8f3b7000-7f6e8f3ba000 r--s 00017000 08:06 2365002                    /usr/local/development/dev-7-7/Ignition/IgnitionWebApp/target/ignition-webapp-7.7/WEB-INF/lib/timingframework-1.0.jar
7f6e8f3ba000-7f6e8f3bc000 r--s 00001000 08:06 2364734                    /usr/local/development/dev-7-7/Ignition/IgnitionWebApp/target/ignition-webapp-7.7/WEB-INF/lib/slf4j-log4j12-1.7.5.jar
7f6e8f3bc000-7f6e8f3be000 r--s 00005000 08:06 2364733                    /usr/local/development/dev-7-7/Ignition/IgnitionWebApp/target/ignition-webapp-7.7/WEB-INF/lib/slf4j-api-1.7.5.jar
7f6e8f3be000-7f6e8f3c8000 r--s 00061000 08:06 2365204                    /usr/local/development/dev-7-7/Ignition/IgnitionWebApp/target/ignition-webapp-7.7/WEB-INF/lib/sip-notification-2.7.2-20141104.214142-19.jar
7f6e8f3c8000-7f6e8f3cb000 r--s 0001f000 08:06 4198129                    /usr/local/development/dev-7-7/Ignition/IgnitionWebApp/target/ignition-webapp-7.7/WEB-INF/lib/simple-orm-7.7.2-SNAPSHOT.jar
7f6e8f3cb000-7f6e8f3cd000 r--s 00003000 08:06 2365213                    /usr/local/development/dev-7-7/Ignition/IgnitionWebApp/target/ignition-webapp-7.7/WEB-INF/lib/sfc-gateway-api-1.7.1-SNAPSHOT.jar
7f6e8f3cd000-7f6e8f3d0000 r--s 00019000 08:06 2365212                    /usr/local/development/dev-7-7/Ignition/IgnitionWebApp/target/ignition-webapp-7.7/WEB-INF/lib/sfc-gateway-1.7.1-SNAPSHOT.jar
7f6e8f3d0000-7f6e8f3d3000 r--s 00016000 08:06 2365214                    /usr/local/development/dev-7-7/Ignition/IgnitionWebApp/target/ignition-webapp-7.7/WEB-INF/lib/sfc-common-1.7.1-SNAPSHOT.jar
7f6e8f3d3000-7f6e8f3d5000 r--s 0000f000 08:06 2365217                    /usr/local/development/dev-7-7/Ignition/IgnitionWebApp/target/ignition-webapp-7.7/WEB-INF/lib/serialio-8.7.0.jar
7f6e8f3d5000-7f6e8f3d7000 r--s 00028000 08:06 2365215                    /usr/local/development/dev-7-7/Ignition/IgnitionWebApp/target/ignition-webapp-7.7/WEB-INF/lib/serial-support-gateway-2.7.2-20141104.214033-19.jar
7f6e8f3d7000-7f6e8f3d9000 r--s 00002000 08:06 2365216                    /usr/local/development/dev-7-7/Ignition/IgnitionWebApp/target/ignition-webapp-7.7/WEB-INF/lib/serial-support-common-2.7.2-20141104.214027-19.jar
7f6e8f3d9000-7f6e8f3de000 r--s 0003e000 08:06 2364955                    /usr/local/development/dev-7-7/Ignition/IgnitionWebApp/target/ignition-webapp-7.7/WEB-INF/lib/saaj-impl-1.3.jar
7f6e8f3de000-7f6e8f3e0000 r--s 00003000 08:06 2364956                    /usr/local/development/dev-7-7/Ignition/IgnitionWebApp/target/ignition-webapp-7.7/WEB-INF/lib/saaj-api-1.3.jar
7f6e8f3e0000-7f6e8f3ea000 r--s 0005c000 08:06 2365219                    /usr/local/development/dev-7-7/Ignition/IgnitionWebApp/target/ignition-webapp-7.7/WEB-INF/lib/opccom-gateway-2.7.2-20141104.213642-1.jar
7f6e8f3ea000-7f6e8f3eb000 r--s 00001000 08:06 2365218                    /usr/local/development/dev-7-7/Ignition/IgnitionWebApp/target/ignition-webapp-7.7/WEB-INF/lib/opccom-common-2.7.2-20141104.213635-1.jar
7f6e8f3eb000-7f6e8f3f0000 r--s 00086000 08:06 2365210                    /usr/local/development/dev-7-7/Ignition/IgnitionWebApp/target/ignition-webapp-7.7/WEB-INF/lib/mobile-gateway-2.7.2-20141104.213623-19.jar
7f6e8f3f0000-7f6e8f3f2000 r--s 00002000 08:06 2365211                    /usr/local/development/dev-7-7/Ignition/IgnitionWebApp/target/ignition-webapp-7.7/WEB-INF/lib/mobile-common-2.7.2-20141104.213605-19.jar
7f6e8f3f2000-7f6e8f3f3000 r--s 00003000 08:06 2365006                    /usr/local/development/dev-7-7/Ignition/IgnitionWebApp/target/ignition-webapp-7.7/WEB-INF/lib/miglayout-swing-4.2.jar
7f6e8f3f3000-7f6e8f3f5000 r--s 0000f000 08:06 2365007                    /usr/local/development/dev-7-7/Ignition/IgnitionWebApp/target/ignition-webapp-7.7/WEB-INF/lib/miglayout-core-4.2.jar
7f6e8f3f5000-7f6e8f3f8000 r--s 00012000 08:06 2364935                    /usr/local/development/dev-7-7/Ignition/IgnitionWebApp/target/ignition-webapp-7.7/WEB-INF/lib/metrics-core-3.0.1.jar
7f6e8f3f8000-7f6e8f467000 r--s 007bb000 08:06 2365205                    /usr/local/development/dev-7-7/Ignition/IgnitionWebApp/target/ignition-webapp-7.7/WEB-INF/lib/marytts-server-5.0.jar
7f6e8f467000-7f6e8f46a000 r--s 0069c000 08:06 2365206                    /usr/local/development/dev-7-7/Ignition/IgnitionWebApp/target/ignition-webapp-7.7/WEB-INF/lib/marytts-lang-en-5.0.jar
7f6e8f46a000-7f6e8f472000 r--s 00075000 08:06 2364951                    /usr/local/development/dev-7-7/Ignition/IgnitionWebApp/target/ignition-webapp-7.7/WEB-INF/lib/mail-1.4.5.jar
7f6e8f472000-7f6e8f479000 r--s 00059000 08:06 2364732                    /usr/local/development/dev-7-7/Ignition/IgnitionWebApp/target/ignition-webapp-7.7/WEB-INF/lib/log4j-1.2.15.jar
7f6e8f479000-7f6e8f516000 r--s 0082e000 08:06 2364728                    /usr/local/development/dev-7-7/Ignition/IgnitionWebApp/target/ignition-webapp-7.7/WEB-INF/lib/jython-2.5.3-guava-upgrade.jar
7f6e8f516000-7f6e8f517000 r--s 00001000 08:06 2364765                    /usr/local/development/dev-7-7/Ignition/IgnitionWebApp/target/ignition-webapp-7.7/WEB-INF/lib/jul-to-slf4j-1.7.5.jar
7f6e8f517000-7f6e8f51d000 r--s 00036000 08:06 2364949                    /usr/local/development/dev-7-7/Ignition/IgnitionWebApp/target/ignition-webapp-7.7/WEB-INF/lib/jquery-ui-core-6.1.0.jar
7f6e8f51d000-7f6e8f52c000 r--s 0007c000 08:06 2364936                    /usr/local/development/dev-7-7/Ignition/IgnitionWebApp/target/ignition-webapp-7.7/WEB-INF/lib/joda-time-2.0.jar
7f6e8f52c000-7f6e8f530000 r--s 00037000 08:06 2365221                    /usr/local/development/dev-7-7/Ignition/IgnitionWebApp/target/ignition-webapp-7.7/WEB-INF/lib/jniwrap-3.8.3.jar
7f6e8f530000-7f6e8f532000 r--s 00011000 08:06 2365015                    /usr/local/development/dev-7-7/Ignition/IgnitionWebApp/target/ignition-webapp-7.7/WEB-INF/lib/jide-shortcut-3.5.13.jar
7f6e8f532000-7f6e8f536000 r--s 00022000 08:06 2365010                    /usr/local/development/dev-7-7/Ignition/IgnitionWebApp/target/ignition-webapp-7.7/WEB-INF/lib/jide-plaf-3.5.13.jar
7f6e8f536000-7f6e8f55c000 r--s 001da000 08:06 2365009                    /usr/local/development/dev-7-7/Ignition/IgnitionWebApp/target/ignition-webapp-7.7/WEB-INF/lib/jide-grids-3.5.13.jar
7f6e8f55c000-7f6e8f566000 r--s 00061000 08:06 2365014                    /usr/local/development/dev-7-7/Ignition/IgnitionWebApp/target/ignition-webapp-7.7/WEB-INF/lib/jide-editor-3.5.13.jar
7f6e8f566000-7f6e8f56c000 r--s 0004f000 08:06 2365013                    /usr/local/development/dev-7-7/Ignition/IgnitionWebApp/target/ignition-webapp-7.7/WEB-INF/lib/jide-dock-3.5.13.jar
7f6e8f56c000-7f6e8f56e000 r--s 0000c000 08:06 2365012                    /usr/local/development/dev-7-7/Ignition/IgnitionWebApp/target/ignition-webapp-7.7/WEB-INF/lib/jide-dialogs-3.5.13.jar
7f6e8f56e000-7f6e8f576000 r--s 00055000 08:06 2365008                    /usr/local/development/dev-7-7/Ignition/IgnitionWebApp/target/ignition-webapp-7.7/WEB-INF/lib/jide-components-3.5.13.jar
7f6e8f576000-7f6e8f593000 r--s 00155000 08:06 2364766                    /usr/local/development/dev-7-7/Ignition/IgnitionWebApp/target/ignition-webapp-7.7/WEB-INF/lib/jide-common-3.5.13.jar
7f6e8f593000-7f6e8f598000 r--s 0002f000 08:06 2365011                    /usr/local/development/dev-7-7/Ignition/IgnitionWebApp/target/ignition-webapp-7.7/WEB-INF/lib/jide-action-3.5.13.jar
7f6e8f598000-7f6e8f5ac000 r--s 0017c000 08:06 2365004                    /usr/local/development/dev-7-7/Ignition/IgnitionWebApp/target/ignition-webapp-7.7/WEB-INF/lib/jfreechart-min-1.0.0.jar
7f6e8f5ac000-7f6e8f5ae000 r--s 00004000 08:06 2364991                    /usr/local/development/dev-7-7/Ignition/IgnitionWebApp/target/ignition-webapp-7.7/WEB-INF/lib/jaxrpc-spi-1.1.3_01.jar
7f6e8f5ae000-7f6e8f5cb000 r--s 001ea000 08:06 2364953                    /usr/local/development/dev-7-7/Ignition/IgnitionWebApp/target/ignition-webapp-7.7/WEB-INF/lib/jaxrpc-impl-1.1.3_01.jar
7f6e8f5cb000-7f6e8f5cd000 r--s 00005000 08:06 2364954                    /usr/local/development/dev-7-7/Ignition/IgnitionWebApp/target/ignition-webapp-7.7/WEB-INF/lib/jaxrpc-api-1.1.jar
7f6e8f5cd000-7f6e8f5cf000 r--s 00013000 08:06 2364730                    /usr/local/development/dev-7-7/Ignition/IgnitionWebApp/target/ignition-webapp-7.7/WEB-INF/lib/java-cup-10k.jar
7f6e8f5cf000-7f6e8f5d0000 r--s 00003000 08:06 2365209                    /usr/local/development/dev-7-7/Ignition/IgnitionWebApp/target/ignition-webapp-7.7/WEB-INF/lib/ivonatts-1.0.0.jar
7f6e8f5d0000-7f6e8f5d2000 r--s 00001000 08:06 2365019                    /usr/local/development/dev-7-7/Ignition/IgnitionWebApp/target/ignition-webapp-7.7/WEB-INF/lib/io-session-3.0.0-20130122.214435-9.jar
7f6e8f5d2000-7f6e8f5dd000 r--s 00073000 08:06 2365018                    /usr/local/development/dev-7-7/Ignition/IgnitionWebApp/target/ignition-webapp-7.7/WEB-INF/lib/ia-opcua-2.7.2-20141104.213404-19.jar
7f6e8f5dd000-7f6e8f5eb000 r--s 0014e000 08:06 2364950                    /usr/local/development/dev-7-7/Ignition/IgnitionWebApp/target/ignition-webapp-7.7/WEB-INF/lib/hsqldb-2.2.9.jar
7f6e8f5eb000-7f6e8f5ec000 r--s 00001000 08:06 2365000                    /usr/local/development/dev-7-7/Ignition/IgnitionWebApp/target/ignition-webapp-7.7/WEB-INF/lib/hasp-srm-api-1.0.0.jar
7f6e8f5ec000-7f6e8f610000 r--s 001aa000 08:06 2364726                    /usr/local/development/dev-7-7/Ignition/IgnitionWebApp/target/ignition-webapp-7.7/WEB-INF/lib/guava-13.0.1.jar
7f6e8f610000-7f6e8f635000 r--s 00155000 08:06 4198528                    /usr/local/development/dev-7-7/Ignition/IgnitionWebApp/target/ignition-webapp-7.7/WEB-INF/lib/gateway-api-7.7.2-SNAPSHOT.jar
7f6e8f635000-7f6e8f66a000 r--s 00273000 08:06 4198535                    /usr/local/development/dev-7-7/Ignition/IgnitionWebApp/target/ignition-webapp-7.7/WEB-INF/lib/gateway-7.7.2-SNAPSHOT.jar
7f6e8f66a000-7f6e8f66e000 r--s 00016000 08:06 2365023                    /usr/local/development/dev-7-7/Ignition/IgnitionWebApp/target/ignition-webapp-7.7/WEB-INF/lib/fsql-common-6.7.2-20141104.213458-19.jar
7f6e8f66e000-7f6e8f676000 r--s 001ca000 08:06 2365024                    /usr/local/development/dev-7-7/Ignition/IgnitionWebApp/target/ignition-webapp-7.7/WEB-INF/lib/fsql-6.7.2-20141104.213508-19.jar
7f6e8f676000-7f6e8f67a000 r--s 000be000 08:06 4198527                    /usr/local/development/dev-7-7/Ignition/IgnitionWebApp/target/ignition-webapp-7.7/WEB-INF/lib/fpmi-gateway-7.7.2-SNAPSHOT.jar
7f6e8f67a000-7f6e8f67b000 r--s 00001000 08:06 4198522                    /usr/local/development/dev-7-7/Ignition/IgnitionWebApp/target/ignition-webapp-7.7/WEB-INF/lib/fpmi-common-7.7.2-SNAPSHOT.jar
7f6e8f67b000-7f6e8f67e000 r--s 00013000 08:06 2365003                    /usr/local/development/dev-7-7/Ignition/IgnitionWebApp/target/ignition-webapp-7.7/WEB-INF/lib/forms-1.0.7.jar
7f6e8f67e000-7f6e8f680000 r--s 00003000 08:06 2365021                    /usr/local/development/dev-7-7/Ignition/IgnitionWebApp/target/ignition-webapp-7.7/WEB-INF/lib/drivers-common-2.7.2-20141104.213438-19.jar
7f6e8f680000-7f6e8f687000 r--s 0002f000 08:06 2365017                    /usr/local/development/dev-7-7/Ignition/IgnitionWebApp/target/ignition-webapp-7.7/WEB-INF/lib/driver-api-2.7.2-20141104.213410-19.jar
7f6e8f687000-7f6e8f6dd000 r--s 00512000 08:06 4198523                    /usr/local/development/dev-7-7/Ignition/IgnitionWebApp/target/ignition-webapp-7.7/WEB-INF/lib/designer-7.7.2-SNAPSHOT.jar
7f6e8f6dd000-7f6e8f6df000 r--s 00007000 08:06 2364731                    /usr/local/development/dev-7-7/Ignition/IgnitionWebApp/target/ignition-webapp-7.7/WEB-INF/lib/cron4j-2.2.3.jar
7f6e8f6df000-7f6e8f6e6000 r--s 00054000 08:06 2364729                    /usr/local/development/dev-7-7/Ignition/IgnitionWebApp/target/ignition-webapp-7.7/WEB-INF/lib/core-1.7.jar
7f6e8f6e6000-7f6e8f6e9000 r--s 00013000 08:06 2364999                    /usr/local/development/dev-7-7/Ignition/IgnitionWebApp/target/ignition-webapp-7.7/WEB-INF/lib/commons-pool-1.4.jar
7f6e8f6e9000-7f6e8f6eb000 r--s 0000d000 08:06 2364941                    /usr/local/development/dev-7-7/Ignition/IgnitionWebApp/target/ignition-webapp-7.7/WEB-INF/lib/commons-logging-1.1.1.jar
7f6e8f6eb000-7f6e8f6f1000 r--s 00048000 08:06 2364723                    /usr/local/development/dev-7-7/Ignition/IgnitionWebApp/target/ignition-webapp-7.7/WEB-INF/lib/commons-lang3-3.1.jar
7f6e8f6f1000-7f6e8f6f3000 r--s 0000e000 08:06 2364942                    /usr/local/development/dev-7-7/Ignition/IgnitionWebApp/target/ignition-webapp-7.7/WEB-INF/lib/commons-lang-1.0.jar
7f6e8f6f3000-7f6e8f6f6000 r--s 00025000 08:06 2364722                    /usr/local/development/dev-7-7/Ignition/IgnitionWebApp/target/ignition-webapp-7.7/WEB-INF/lib/commons-io-2.1.jar
7f6e8f6f6000-7f6e8f6f9000 r--s 0000f000 08:06 2364997                    /usr/local/development/dev-7-7/Ignition/IgnitionWebApp/target/ignition-webapp-7.7/WEB-INF/lib/commons-discovery-0.2.jar
7f6e8f6f9000-7f6e8f6fc000 ---p 00000000 00:00 0 
7f6e8f6fc000-7f6e8f9fa000 rw-p 00000000 00:00 0 
7f6e8f9fa000-7f6e8f9fd000 ---p 00000000 00:00 0 
7f6e8f9fd000-7f6e8fafb000 rw-p 00000000 00:00 0                          [stack:10447]
7f6e8fafb000-7f6e8fafe000 ---p 00000000 00:00 0 
7f6e8fafe000-7f6e8fbfc000 rw-p 00000000 00:00 0                          [stack:10446]
7f6e8fbfc000-7f6e8fbff000 ---p 00000000 00:00 0 
7f6e8fbff000-7f6e8fcfd000 rw-p 00000000 00:00 0                          [stack:10445]
7f6e8fcfd000-7f6e8fd00000 ---p 00000000 00:00 0 
7f6e8fd00000-7f6e8fdfe000 rw-p 00000000 00:00 0                          [stack:10444]
7f6e8fdfe000-7f6e8fe01000 ---p 00000000 00:00 0 
7f6e8fe01000-7f6e8feff000 rw-p 00000000 00:00 0                          [stack:10443]
7f6e8feff000-7f6e8ff02000 ---p 00000000 00:00 0 
7f6e8ff02000-7f6e90000000 rw-p 00000000 00:00 0                          [stack:10442]
7f6e90000000-7f6e90021000 rw-p 00000000 00:00 0 
7f6e90021000-7f6e94000000 ---p 00000000 00:00 0 
7f6e94000000-7f6e94002000 r--s 0001c000 08:06 2364998                    /usr/local/development/dev-7-7/Ignition/IgnitionWebApp/target/ignition-webapp-7.7/WEB-INF/lib/commons-dbcp-1.2.2.jar
7f6e94002000-7f6e94004000 r--s 00006000 08:06 2364940                    /usr/local/development/dev-7-7/Ignition/IgnitionWebApp/target/ignition-webapp-7.7/WEB-INF/lib/commons-cli-1.0.jar
7f6e94004000-7f6e94035000 r--s 001ea000 08:06 4198525                    /usr/local/development/dev-7-7/Ignition/IgnitionWebApp/target/ignition-webapp-7.7/WEB-INF/lib/common-7.7.2-SNAPSHOT.jar
7f6e94035000-7f6e94042000 r--s 00084000 08:06 2365220                    /usr/local/development/dev-7-7/Ignition/IgnitionWebApp/target/ignition-webapp-7.7/WEB-INF/lib/comfyj-2.9.jar
7f6e94042000-7f6e94047000 r--s 00030000 08:06 4198524                    /usr/local/development/dev-7-7/Ignition/IgnitionWebApp/target/ignition-webapp-7.7/WEB-INF/lib/client-bootstrap-7.7.2-SNAPSHOT.jar
7f6e94047000-7f6e9406d000 r--s 001be000 08:06 4198529                    /usr/local/development/dev-7-7/Ignition/IgnitionWebApp/target/ignition-webapp-7.7/WEB-INF/lib/client-api-7.7.2-SNAPSHOT.jar
7f6e9406d000-7f6e9406e000 r--s 00004000 08:06 4198536                    /usr/local/development/dev-7-7/Ignition/IgnitionWebApp/target/ignition-webapp-7.7/WEB-INF/lib/bootstrap-7.7.2-SNAPSHOT-classes.jar
7f6e9406e000-7f6e94096000 r--s 00196000 08:06 2364727                    /usr/local/development/dev-7-7/Ignition/IgnitionWebApp/target/ignition-webapp-7.7/WEB-INF/lib/bcprov-jdk16-unsigned-1.46-unsigned.jar
7f6e94096000-7f6e9409b000 r--s 0003e000 08:06 2364938                    /usr/local/development/dev-7-7/Ignition/IgnitionWebApp/target/ignition-webapp-7.7/WEB-INF/lib/barcode4j-2.1.jar
7f6e9409b000-7f6e9409e000 ---p 00000000 00:00 0 
7f6e9409e000-7f6e9419c000 rw-p 00000000 00:00 0 
7f6e9419c000-7f6e941b2000 r-xp 00000000 08:06 15602357                   /lib/x86_64-linux-gnu/libgcc_s.so.1
7f6e941b2000-7f6e943b1000 ---p 00016000 08:06 15602357                   /lib/x86_64-linux-gnu/libgcc_s.so.1
7f6e943b1000-7f6e943b2000 rw-p 00015000 08:06 15602357                   /lib/x86_64-linux-gnu/libgcc_s.so.1
7f6e943b2000-7f6e943e4000 r-xp 00000000 08:06 20582265                   /usr/lib/jvm/jdk1.8.0_20/jre/lib/amd64/libsunec.so
7f6e943e4000-7f6e945e3000 ---p 00032000 08:06 20582265                   /usr/lib/jvm/jdk1.8.0_20/jre/lib/amd64/libsunec.so
7f6e945e3000-7f6e945e9000 rw-p 00031000 08:06 20582265                   /usr/lib/jvm/jdk1.8.0_20/jre/lib/amd64/libsunec.so
7f6e945e9000-7f6e947f9000 rw-p 00000000 00:00 0 
7f6e947f9000-7f6e947fe000 r-xp 00000000 08:06 15211194                   /usr/lib/x86_64-linux-gnu/libXdmcp.so.6.0.0
7f6e947fe000-7f6e949fd000 ---p 00005000 08:06 15211194                   /usr/lib/x86_64-linux-gnu/libXdmcp.so.6.0.0
7f6e949fd000-7f6e949fe000 r--p 00004000 08:06 15211194                   /usr/lib/x86_64-linux-gnu/libXdmcp.so.6.0.0
7f6e949fe000-7f6e949ff000 rw-p 00005000 08:06 15211194                   /usr/lib/x86_64-linux-gnu/libXdmcp.so.6.0.0
7f6e949ff000-7f6e94a01000 r-xp 00000000 08:06 15211183                   /usr/lib/x86_64-linux-gnu/libXau.so.6.0.0
7f6e94a01000-7f6e94c01000 ---p 00002000 08:06 15211183                   /usr/lib/x86_64-linux-gnu/libXau.so.6.0.0
7f6e94c01000-7f6e94c02000 r--p 00002000 08:06 15211183                   /usr/lib/x86_64-linux-gnu/libXau.so.6.0.0
7f6e94c02000-7f6e94c03000 rw-p 00003000 08:06 15211183                   /usr/lib/x86_64-linux-gnu/libXau.so.6.0.0
7f6e94c03000-7f6e94c20000 r-xp 00000000 08:06 15212358                   /usr/lib/x86_64-linux-gnu/libxcb.so.1.1.0
7f6e94c20000-7f6e94e20000 ---p 0001d000 08:06 15212358                   /usr/lib/x86_64-linux-gnu/libxcb.so.1.1.0
7f6e94e20000-7f6e94e21000 r--p 0001d000 08:06 15212358                   /usr/lib/x86_64-linux-gnu/libxcb.so.1.1.0
7f6e94e21000-7f6e94e22000 rw-p 0001e000 08:06 15212358                   /usr/lib/x86_64-linux-gnu/libxcb.so.1.1.0
7f6e94e22000-7f6e94e31000 r-xp 00000000 08:06 15211204                   /usr/lib/x86_64-linux-gnu/libXi.so.6.1.0
7f6e94e31000-7f6e95030000 ---p 0000f000 08:06 15211204                   /usr/lib/x86_64-linux-gnu/libXi.so.6.1.0
7f6e95030000-7f6e95031000 r--p 0000e000 08:06 15211204                   /usr/lib/x86_64-linux-gnu/libXi.so.6.1.0
7f6e95031000-7f6e95032000 rw-p 0000f000 08:06 15211204                   /usr/lib/x86_64-linux-gnu/libXi.so.6.1.0
7f6e95032000-7f6e95037000 r-xp 00000000 08:06 15211222                   /usr/lib/x86_64-linux-gnu/libXtst.so.6.1.0
7f6e95037000-7f6e95236000 ---p 00005000 08:06 15211222                   /usr/lib/x86_64-linux-gnu/libXtst.so.6.1.0
7f6e95236000-7f6e95237000 r--p 00004000 08:06 15211222                   /usr/lib/x86_64-linux-gnu/libXtst.so.6.1.0
7f6e95237000-7f6e95238000 rw-p 00005000 08:06 15211222                   /usr/lib/x86_64-linux-gnu/libXtst.so.6.1.0
7f6e95238000-7f6e95241000 r-xp 00000000 08:06 15211216                   /usr/lib/x86_64-linux-gnu/libXrender.so.1.3.0
7f6e95241000-7f6e95440000 ---p 00009000 08:06 15211216                   /usr/lib/x86_64-linux-gnu/libXrender.so.1.3.0
7f6e95440000-7f6e95441000 r--p 00008000 08:06 15211216                   /usr/lib/x86_64-linux-gnu/libXrender.so.1.3.0
7f6e95441000-7f6e95442000 rw-p 00009000 08:06 15211216                   /usr/lib/x86_64-linux-gnu/libXrender.so.1.3.0
7f6e95442000-7f6e95572000 r-xp 00000000 08:06 15211179                   /usr/lib/x86_64-linux-gnu/libX11.so.6.3.0
7f6e95572000-7f6e95772000 ---p 00130000 08:06 15211179                   /usr/lib/x86_64-linux-gnu/libX11.so.6.3.0
7f6e95772000-7f6e95773000 r--p 00130000 08:06 15211179                   /usr/lib/x86_64-linux-gnu/libX11.so.6.3.0
7f6e95773000-7f6e95777000 rw-p 00131000 08:06 15211179                   /usr/lib/x86_64-linux-gnu/libX11.so.6.3.0
7f6e95777000-7f6e95788000 r-xp 00000000 08:06 15211196                   /usr/lib/x86_64-linux-gnu/libXext.so.6.4.0
7f6e95788000-7f6e95987000 ---p 00011000 08:06 15211196                   /usr/lib/x86_64-linux-gnu/libXext.so.6.4.0
7f6e95987000-7f6e95988000 r--p 00010000 08:06 15211196                   /usr/lib/x86_64-linux-gnu/libXext.so.6.4.0
7f6e95988000-7f6e95989000 rw-p 00011000 08:06 15211196                   /usr/lib/x86_64-linux-gnu/libXext.so.6.4.0
7f6e95989000-7f6e959dd000 r-xp 00000000 08:06 20582307                   /usr/lib/jvm/jdk1.8.0_20/jre/lib/amd64/libawt_xawt.so
7f6e959dd000-7f6e95bdd000 ---p 00054000 08:06 20582307                   /usr/lib/jvm/jdk1.8.0_20/jre/lib/amd64/libawt_xawt.so
7f6e95bdd000-7f6e95be1000 rw-p 00054000 08:06 20582307                   /usr/lib/jvm/jdk1.8.0_20/jre/lib/amd64/libawt_xawt.so
7f6e95be1000-7f6e95be2000 rw-p 00000000 00:00 0 
7f6e95be2000-7f6e95c84000 r-xp 00000000 08:06 20582293                   /usr/lib/jvm/jdk1.8.0_20/jre/lib/amd64/libawt.so
7f6e95c84000-7f6e95e84000 ---p 000a2000 08:06 20582293                   /usr/lib/jvm/jdk1.8.0_20/jre/lib/amd64/libawt.so
7f6e95e84000-7f6e95e90000 rw-p 000a2000 08:06 20582293                   /usr/lib/jvm/jdk1.8.0_20/jre/lib/amd64/libawt.so
7f6e95e90000-7f6e95eb4000 rw-p 00000000 00:00 0 
7f6e95eb4000-7f6e95eb7000 ---p 00000000 00:00 0 
7f6e95eb7000-7f6e95fb5000 rw-p 00000000 00:00 0                          [stack:10438]
7f6e95fb5000-7f6e95fb8000 ---p 00000000 00:00 0 
7f6e95fb8000-7f6e960b6000 rw-p 00000000 00:00 0                          [stack:10440]
7f6e960b6000-7f6e960b9000 ---p 00000000 00:00 0 
7f6e960b9000-7f6e961b7000 rw-p 00000000 00:00 0                          [stack:10436]
7f6e961b7000-7f6e961ba000 ---p 00000000 00:00 0 
7f6e961ba000-7f6e962b8000 rw-p 00000000 00:00 0                          [stack:10434]
7f6e962b8000-7f6e962bb000 ---p 00000000 00:00 0 
7f6e962bb000-7f6e965b9000 rw-p 00000000 00:00 0 
7f6e965b9000-7f6e965ba000 ---p 00000000 00:00 0 
7f6e965ba000-7f6e966ba000 rw-p 00000000 00:00 0                          [stack:10431]
7f6e966ba000-7f6e966bd000 ---p 00000000 00:00 0 
7f6e966bd000-7f6e967bb000 rw-p 00000000 00:00 0                          [stack:10430]
7f6e967bb000-7f6e967be000 ---p 00000000 00:00 0 
7f6e967be000-7f6e968bc000 rw-p 00000000 00:00 0                          [stack:10429]
7f6e968bc000-7f6e968bf000 ---p 00000000 00:00 0 
7f6e968bf000-7f6e969bd000 rw-p 00000000 00:00 0                          [stack:10428]
7f6e969bd000-7f6e969ce000 r-xp 00000000 08:06 20582303                   /usr/lib/jvm/jdk1.8.0_20/jre/lib/amd64/libnio.so
7f6e969ce000-7f6e96bcd000 ---p 00011000 08:06 20582303                   /usr/lib/jvm/jdk1.8.0_20/jre/lib/amd64/libnio.so
7f6e96bcd000-7f6e96bce000 rw-p 00010000 08:06 20582303                   /usr/lib/jvm/jdk1.8.0_20/jre/lib/amd64/libnio.so
7f6e96bce000-7f6e96be4000 r-xp 00000000 08:06 20582300                   /usr/lib/jvm/jdk1.8.0_20/jre/lib/amd64/libnet.so
7f6e96be4000-7f6e96de4000 ---p 00016000 08:06 20582300                   /usr/lib/jvm/jdk1.8.0_20/jre/lib/amd64/libnet.so
7f6e96de4000-7f6e96de5000 rw-p 00016000 08:06 20582300                   /usr/lib/jvm/jdk1.8.0_20/jre/lib/amd64/libnet.so
7f6e96de5000-7f6e96ded000 r-xp 00000000 08:06 20582308                   /usr/lib/jvm/jdk1.8.0_20/jre/lib/amd64/libmanagement.so
7f6e96ded000-7f6e96fed000 ---p 00008000 08:06 20582308                   /usr/lib/jvm/jdk1.8.0_20/jre/lib/amd64/libmanagement.so
7f6e96fed000-7f6e96fee000 rw-p 00008000 08:06 20582308                   /usr/lib/jvm/jdk1.8.0_20/jre/lib/amd64/libmanagement.so
7f6e96fee000-7f6e96ff1000 ---p 00000000 00:00 0 
7f6e96ff1000-7f6e970ef000 rw-p 00000000 00:00 0                          [stack:10427]
7f6e970ef000-7f6e970f2000 ---p 00000000 00:00 0 
7f6e970f2000-7f6e971f0000 rw-p 00000000 00:00 0                          [stack:10426]
7f6e971f0000-7f6e971f3000 ---p 00000000 00:00 0 
7f6e971f3000-7f6e972f1000 rw-p 00000000 00:00 0                          [stack:10425]
7f6e972f1000-7f6e972f4000 ---p 00000000 00:00 0 
7f6e972f4000-7f6e973f2000 rw-p 00000000 00:00 0                          [stack:10424]
7f6e973f2000-7f6e973f5000 ---p 00000000 00:00 0 
7f6e973f5000-7f6e974f3000 rw-p 00000000 00:00 0                          [stack:10423]
7f6e974f3000-7f6e974f6000 ---p 00000000 00:00 0 
7f6e974f6000-7f6e975f4000 rw-p 00000000 00:00 0 
7f6e975f4000-7f6e975f7000 ---p 00000000 00:00 0 
7f6e975f7000-7f6e976f5000 rw-p 00000000 00:00 0                          [stack:10421]
7f6e976f5000-7f6e976f8000 ---p 00000000 00:00 0 
7f6e976f8000-7f6e977f6000 rw-p 00000000 00:00 0 
7f6e977f6000-7f6e977fa000 r-xp 00000000 08:06 20582275                   /usr/lib/jvm/jdk1.8.0_20/jre/lib/amd64/libdt_socket.so
7f6e977fa000-7f6e979f9000 ---p 00004000 08:06 20582275                   /usr/lib/jvm/jdk1.8.0_20/jre/lib/amd64/libdt_socket.so
7f6e979f9000-7f6e979fa000 rw-p 00003000 08:06 20582275                   /usr/lib/jvm/jdk1.8.0_20/jre/lib/amd64/libdt_socket.so
7f6e979fa000-7f6e979fd000 ---p 00000000 00:00 0 
7f6e979fd000-7f6e97afb000 rw-p 00000000 00:00 0                          [stack:10417]
7f6e97afb000-7f6e97afe000 ---p 00000000 00:00 0 
7f6e97afe000-7f6e97bfc000 rw-p 00000000 00:00 0                          [stack:10416]
7f6e97bfc000-7f6e97bff000 ---p 00000000 00:00 0 
7f6e97bff000-7f6e97cfd000 rw-p 00000000 00:00 0                          [stack:10415]
7f6e97cfd000-7f6e97cfe000 ---p 00000000 00:00 0 
7f6e97cfe000-7f6e98000000 rw-p 00000000 00:00 0                          [stack:10414]
7f6e98000000-7f6e98021000 rw-p 00000000 00:00 0 
7f6e98021000-7f6e9c000000 ---p 00000000 00:00 0 
7f6e9c000000-7f6e9c021000 rw-p 00000000 00:00 0 
7f6e9c021000-7f6ea0000000 ---p 00000000 00:00 0 
7f6ea0000000-7f6ea0021000 rw-p 00000000 00:00 0 
7f6ea0021000-7f6ea4000000 ---p 00000000 00:00 0 
7f6ea4000000-7f6ea4003000 r--s 0001c000 08:06 2364996                    /usr/local/development/dev-7-7/Ignition/IgnitionWebApp/target/ignition-webapp-7.7/WEB-INF/lib/axis-wsdl4j-1.5.1.jar
7f6ea4003000-7f6ea4004000 r--s 00004000 08:06 2364995                    /usr/local/development/dev-7-7/Ignition/IgnitionWebApp/target/ignition-webapp-7.7/WEB-INF/lib/axis-saaj-1.4.jar
7f6ea4004000-7f6ea4006000 r--s 00006000 08:06 2364994                    /usr/local/development/dev-7-7/Ignition/IgnitionWebApp/target/ignition-webapp-7.7/WEB-INF/lib/axis-jaxrpc-1.4.jar
7f6ea4006000-7f6ea401a000 r--s 00173000 08:06 2364993                    /usr/local/development/dev-7-7/Ignition/IgnitionWebApp/target/ignition-webapp-7.7/WEB-INF/lib/axis-1.4.jar
7f6ea401a000-7f6ea401c000 r--s 0000d000 08:06 2364939                    /usr/local/development/dev-7-7/Ignition/IgnitionWebApp/target/ignition-webapp-7.7/WEB-INF/lib/avalon-framework-impl-4.2.0.jar
7f6ea401c000-7f6ea4024000 r--s 00049000 08:06 2365005                    /usr/local/development/dev-7-7/Ignition/IgnitionWebApp/target/ignition-webapp-7.7/WEB-INF/lib/alloy-1.4.4.ia1.jar
7f6ea4024000-7f6ea4026000 r--s 00003000 08:06 2365026                    /usr/local/development/dev-7-7/Ignition/IgnitionWebApp/target/ignition-webapp-7.7/WEB-INF/lib/alarm-notification-gateway-api-2.7.2-20141104.214105-19.jar
7f6ea4026000-7f6ea402c000 r--s 00032000 08:06 2365025                    /usr/local/development/dev-7-7/Ignition/IgnitionWebApp/target/ignition-webapp-7.7/WEB-INF/lib/alarm-notification-gateway-2.7.2-20141104.214111-19.jar
7f6ea402c000-7f6ea402e000 r--s 00004000 08:06 2365027                    /usr/local/development/dev-7-7/Ignition/IgnitionWebApp/target/ignition-webapp-7.7/WEB-INF/lib/alarm-notification-common-2.7.2-20141104.214053-19.jar
7f6ea402e000-7f6ea4038000 r--s 00036000 08:06 2365203                    /usr/local/development/dev-7-7/Ignition/IgnitionWebApp/target/ignition-webapp-7.7/WEB-INF/lib/airlink-sms-notification-2.7.2-20141104.214125-19.jar
7f6ea4038000-7f6ea403a000 r--s 0000d000 08:06 2365001                    /usr/local/development/dev-7-7/Ignition/IgnitionWebApp/target/ignition-webapp-7.7/WEB-INF/lib/activation-ws-1.0.0.jar
7f6ea403a000-7f6ea403c000 r--s 0000e000 08:06 2364952                    /usr/local/development/dev-7-7/Ignition/IgnitionWebApp/target/ignition-webapp-7.7/WEB-INF/lib/activation-1.1.jar
7f6ea403c000-7f6ea4045000 r--s 00069000 08:06 2365223                    /usr/local/development/dev-7-7/Ignition/IgnitionWebApp/target/ignition-webapp-7.7/WEB-INF/lib/ab-drivers-1.7.0-20131026.004154-8.jar
7f6ea4045000-7f6ea404a000 r--s 0003c000 08:06 2364992                    /usr/local/development/dev-7-7/Ignition/IgnitionWebApp/target/ignition-webapp-7.7/WEB-INF/lib/FastInfoset-1.0.2.jar
7f6ea404a000-7f6ea404f000 r--s 002f8000 08:06 20582247                   /usr/lib/jvm/jdk1.8.0_20/jre/lib/charsets.jar
7f6ea404f000-7f6ea4054000 r--s 0003f000 08:06 1185790                    /usr/lib/jvm/jdk1.8.0_20/jre/lib/ext/sunjce_provider.jar
7f6ea4054000-7f6ea4057000 r--s 0003a000 08:06 1185787                    /usr/lib/jvm/jdk1.8.0_20/jre/lib/ext/sunpkcs11.jar
7f6ea4057000-7f6ea4058000 r--s 00009000 08:06 1185781                    /usr/lib/jvm/jdk1.8.0_20/jre/lib/ext/sunec.jar
7f6ea4058000-7f6ea405a000 r--s 0001a000 08:06 20582317                   /usr/lib/jvm/jdk1.8.0_20/jre/lib/jce.jar
7f6ea405a000-7f6ea4064000 r--s 00116000 08:06 1185789                    /usr/lib/jvm/jdk1.8.0_20/jre/lib/ext/localedata.jar
7f6ea4064000-7f6ea4080000 r--s 00393000 08:06 1185783                    /usr/lib/jvm/jdk1.8.0_20/jre/lib/ext/cldrdata.jar
7f6ea4080000-7f6ea4083000 r--s 0000f000 08:06 19532219                   /usr/local/development/dev-7-6/Ignition/Servers/apache-tomcat-6.0.36/lib/tomcat-i18n-es.jar
7f6ea4083000-7f6ea4087000 r--s 0003a000 08:06 19532218                   /usr/local/development/dev-7-6/Ignition/Servers/apache-tomcat-6.0.36/lib/tomcat-dbcp.jar
7f6ea4087000-7f6ea4097000 r--s 0019c000 08:06 19532210                   /usr/local/development/dev-7-6/Ignition/Servers/apache-tomcat-6.0.36/lib/ecj-3.7.2.jar
7f6ea4097000-7f6ea409e000 r--s 000c7000 08:06 19532215                   /usr/local/development/dev-7-6/Ignition/Servers/apache-tomcat-6.0.36/lib/mysql-connector-java-5.1.23-bin.jar
7f6ea409e000-7f6ea40ae000 r--s 00120000 08:06 19532209                   /usr/local/development/dev-7-6/Ignition/Servers/apache-tomcat-6.0.36/lib/catalina.jar
7f6ea40ae000-7f6ea40b1000 r--s 0001e000 08:06 19532207                   /usr/local/development/dev-7-6/Ignition/Servers/apache-tomcat-6.0.36/lib/catalina-ha.jar
7f6ea40b1000-7f6ea40b8000 r--s 0007a000 08:06 19532213                   /usr/local/development/dev-7-6/Ignition/Servers/apache-tomcat-6.0.36/lib/jasper.jar
7f6ea40b8000-7f6ea40c2000 r--s 000b3000 08:06 19532217                   /usr/local/development/dev-7-6/Ignition/Servers/apache-tomcat-6.0.36/lib/tomcat-coyote.jar
7f6ea40c2000-7f6ea5b42000 rw-p 00000000 00:00 0 
7f6ea5b42000-7f6ea5d17000 r--s 03ca3000 08:06 20582249                   /usr/lib/jvm/jdk1.8.0_20/jre/lib/rt.jar
7f6ea5d17000-7f6ea6ce2000 rw-p 00000000 00:00 0 
7f6ea6ce2000-7f6ea6ce3000 ---p 00000000 00:00 0 
7f6ea6ce3000-7f6ea6de3000 rw-p 00000000 00:00 0                          [stack:10413]
7f6ea6de3000-7f6ea6de4000 ---p 00000000 00:00 0 
7f6ea6de4000-7f6ea6ee4000 rw-p 00000000 00:00 0                          [stack:10412]
7f6ea6ee4000-7f6ea6ee5000 ---p 00000000 00:00 0 
7f6ea6ee5000-7f6ea6fe5000 rw-p 00000000 00:00 0                          [stack:10411]
7f6ea6fe5000-7f6ea6fe6000 ---p 00000000 00:00 0 
7f6ea6fe6000-7f6ea70e6000 rw-p 00000000 00:00 0                          [stack:10410]
7f6ea70e6000-7f6ea70e7000 ---p 00000000 00:00 0 
7f6ea70e7000-7f6ea71e7000 rw-p 00000000 00:00 0                          [stack:10409]
7f6ea71e7000-7f6ea71e8000 ---p 00000000 00:00 0 
7f6ea71e8000-7f6ea72e8000 rw-p 00000000 00:00 0                          [stack:10408]
7f6ea72e8000-7f6ea72e9000 ---p 00000000 00:00 0 
7f6ea72e9000-7f6ea73e9000 rw-p 00000000 00:00 0                          [stack:10407]
7f6ea73e9000-7f6ea73ea000 ---p 00000000 00:00 0 
7f6ea73ea000-7f6ea7568000 rw-p 00000000 00:00 0                          [stack:10406]
7f6ea7568000-7f6ea7a1c000 ---p 00000000 00:00 0 
7f6ea7a1c000-7f6ea7a9a000 rw-p 00000000 00:00 0 
7f6ea7a9a000-7f6ea7f4e000 ---p 00000000 00:00 0 
7f6ea7f4e000-7f6ea7fdf000 rw-p 00000000 00:00 0 
7f6ea7fdf000-7f6ea81e7000 ---p 00000000 00:00 0 
7f6ea81e7000-7f6ea823e000 rw-p 00000000 00:00 0 
7f6ea823e000-7f6ea85a8000 ---p 00000000 00:00 0 
7f6ea85a8000-7f6ea9b08000 rwxp 00000000 00:00 0 
7f6ea9b08000-7f6eb75a8000 ---p 00000000 00:00 0 
7f6eb75a8000-7f6eb75c4000 r-xp 00000000 08:06 20582296                   /usr/lib/jvm/jdk1.8.0_20/jre/lib/amd64/libzip.so
7f6eb75c4000-7f6eb77c3000 ---p 0001c000 08:06 20582296                   /usr/lib/jvm/jdk1.8.0_20/jre/lib/amd64/libzip.so
7f6eb77c3000-7f6eb77c4000 rw-p 0001b000 08:06 20582296                   /usr/lib/jvm/jdk1.8.0_20/jre/lib/amd64/libzip.so
7f6eb77c4000-7f6eb77cf000 r-xp 00000000 08:06 15602342                   /lib/x86_64-linux-gnu/libnss_files-2.19.so
7f6eb77cf000-7f6eb79ce000 ---p 0000b000 08:06 15602342                   /lib/x86_64-linux-gnu/libnss_files-2.19.so
7f6eb79ce000-7f6eb79cf000 r--p 0000a000 08:06 15602342                   /lib/x86_64-linux-gnu/libnss_files-2.19.so
7f6eb79cf000-7f6eb79d0000 rw-p 0000b000 08:06 15602342                   /lib/x86_64-linux-gnu/libnss_files-2.19.so
7f6eb79d0000-7f6eb79db000 r-xp 00000000 08:06 15602345                   /lib/x86_64-linux-gnu/libnss_nis-2.19.so
7f6eb79db000-7f6eb7bda000 ---p 0000b000 08:06 15602345                   /lib/x86_64-linux-gnu/libnss_nis-2.19.so
7f6eb7bda000-7f6eb7bdb000 r--p 0000a000 08:06 15602345                   /lib/x86_64-linux-gnu/libnss_nis-2.19.so
7f6eb7bdb000-7f6eb7bdc000 rw-p 0000b000 08:06 15602345                   /lib/x86_64-linux-gnu/libnss_nis-2.19.so
7f6eb7bdc000-7f6eb7bf3000 r-xp 00000000 08:06 15602152                   /lib/x86_64-linux-gnu/libnsl-2.19.so
7f6eb7bf3000-7f6eb7df2000 ---p 00017000 08:06 15602152                   /lib/x86_64-linux-gnu/libnsl-2.19.so
7f6eb7df2000-7f6eb7df3000 r--p 00016000 08:06 15602152                   /lib/x86_64-linux-gnu/libnsl-2.19.so
7f6eb7df3000-7f6eb7df4000 rw-p 00017000 08:06 15602152                   /lib/x86_64-linux-gnu/libnsl-2.19.so
7f6eb7df4000-7f6eb7df6000 rw-p 00000000 00:00 0 
7f6eb7df6000-7f6eb7dff000 r-xp 00000000 08:06 15601662                   /lib/x86_64-linux-gnu/libnss_compat-2.19.so
7f6eb7dff000-7f6eb7ffe000 ---p 00009000 08:06 15601662                   /lib/x86_64-linux-gnu/libnss_compat-2.19.so
7f6eb7ffe000-7f6eb7fff000 r--p 00008000 08:06 15601662                   /lib/x86_64-linux-gnu/libnss_compat-2.19.so
7f6eb7fff000-7f6eb8000000 rw-p 00009000 08:06 15601662                   /lib/x86_64-linux-gnu/libnss_compat-2.19.so
7f6eb8000000-7f6eb87e5000 rw-p 00000000 00:00 0 
7f6eb87e5000-7f6ebc000000 ---p 00000000 00:00 0 
7f6ebc000000-7f6ebc002000 r--s 0000b000 08:06 19532220                   /usr/local/development/dev-7-6/Ignition/Servers/apache-tomcat-6.0.36/lib/tomcat-i18n-fr.jar
7f6ebc002000-7f6ebc006000 r--s 00036000 08:06 19532208                   /usr/local/development/dev-7-6/Ignition/Servers/apache-tomcat-6.0.36/lib/catalina-tribes.jar
7f6ebc006000-7f6ebc0be000 rw-p 00000000 00:00 0 
7f6ebc0be000-7f6ebc387000 r--p 00000000 08:06 15209877                   /usr/lib/locale/locale-archive
7f6ebc387000-7f6ebc389000 r-xp 00000000 08:06 20582276                   /usr/lib/jvm/jdk1.8.0_20/jre/lib/amd64/libnpt.so
7f6ebc389000-7f6ebc589000 ---p 00002000 08:06 20582276                   /usr/lib/jvm/jdk1.8.0_20/jre/lib/amd64/libnpt.so
7f6ebc589000-7f6ebc58a000 rw-p 00002000 08:06 20582276                   /usr/lib/jvm/jdk1.8.0_20/jre/lib/amd64/libnpt.so
7f6ebc58a000-7f6ebc5c3000 r-xp 00000000 08:06 20582287                   /usr/lib/jvm/jdk1.8.0_20/jre/lib/amd64/libjdwp.so
7f6ebc5c3000-7f6ebc7c2000 ---p 00039000 08:06 20582287                   /usr/lib/jvm/jdk1.8.0_20/jre/lib/amd64/libjdwp.so
7f6ebc7c2000-7f6ebc7c4000 rw-p 00038000 08:06 20582287                   /usr/lib/jvm/jdk1.8.0_20/jre/lib/amd64/libjdwp.so
7f6ebc7c4000-7f6ebc7ee000 r-xp 00000000 08:06 20582291                   /usr/lib/jvm/jdk1.8.0_20/jre/lib/amd64/libjava.so
7f6ebc7ee000-7f6ebc9ee000 ---p 0002a000 08:06 20582291                   /usr/lib/jvm/jdk1.8.0_20/jre/lib/amd64/libjava.so
7f6ebc9ee000-7f6ebc9f0000 rw-p 0002a000 08:06 20582291                   /usr/lib/jvm/jdk1.8.0_20/jre/lib/amd64/libjava.so
7f6ebc9f0000-7f6ebc9fd000 r-xp 00000000 08:06 20582295                   /usr/lib/jvm/jdk1.8.0_20/jre/lib/amd64/libverify.so
7f6ebc9fd000-7f6ebcbfd000 ---p 0000d000 08:06 20582295                   /usr/lib/jvm/jdk1.8.0_20/jre/lib/amd64/libverify.so
7f6ebcbfd000-7f6ebcbff000 rw-p 0000d000 08:06 20582295                   /usr/lib/jvm/jdk1.8.0_20/jre/lib/amd64/libverify.so
7f6ebcbff000-7f6ebcc06000 r-xp 00000000 08:06 15602320                   /lib/x86_64-linux-gnu/librt-2.19.so
7f6ebcc06000-7f6ebce05000 ---p 00007000 08:06 15602320                   /lib/x86_64-linux-gnu/librt-2.19.so
7f6ebce05000-7f6ebce06000 r--p 00006000 08:06 15602320                   /lib/x86_64-linux-gnu/librt-2.19.so
7f6ebce06000-7f6ebce07000 rw-p 00007000 08:06 15602320                   /lib/x86_64-linux-gnu/librt-2.19.so
7f6ebce07000-7f6ebcf0c000 r-xp 00000000 08:06 15602334                   /lib/x86_64-linux-gnu/libm-2.19.so
7f6ebcf0c000-7f6ebd10b000 ---p 00105000 08:06 15602334                   /lib/x86_64-linux-gnu/libm-2.19.so
7f6ebd10b000-7f6ebd10c000 r--p 00104000 08:06 15602334                   /lib/x86_64-linux-gnu/libm-2.19.so
7f6ebd10c000-7f6ebd10d000 rw-p 00105000 08:06 15602334                   /lib/x86_64-linux-gnu/libm-2.19.so
7f6ebd10d000-7f6ebdd77000 r-xp 00000000 08:06 20845908                   /usr/lib/jvm/jdk1.8.0_20/jre/lib/amd64/server/libjvm.so
7f6ebdd77000-7f6ebdf77000 ---p 00c6a000 08:06 20845908                   /usr/lib/jvm/jdk1.8.0_20/jre/lib/amd64/server/libjvm.so
7f6ebdf77000-7f6ebe04d000 rw-p 00c6a000 08:06 20845908                   /usr/lib/jvm/jdk1.8.0_20/jre/lib/amd64/server/libjvm.so
7f6ebe04d000-7f6ebe08f000 rw-p 00000000 00:00 0 
7f6ebe08f000-7f6ebe24a000 r-xp 00000000 08:06 15602328                   /lib/x86_64-linux-gnu/libc-2.19.so
7f6ebe24a000-7f6ebe44a000 ---p 001bb000 08:06 15602328                   /lib/x86_64-linux-gnu/libc-2.19.so
7f6ebe44a000-7f6ebe44e000 r--p 001bb000 08:06 15602328                   /lib/x86_64-linux-gnu/libc-2.19.so
7f6ebe44e000-7f6ebe450000 rw-p 001bf000 08:06 15602328                   /lib/x86_64-linux-gnu/libc-2.19.so
7f6ebe450000-7f6ebe455000 rw-p 00000000 00:00 0 
7f6ebe455000-7f6ebe458000 r-xp 00000000 08:06 15602352                   /lib/x86_64-linux-gnu/libdl-2.19.so
7f6ebe458000-7f6ebe657000 ---p 00003000 08:06 15602352                   /lib/x86_64-linux-gnu/libdl-2.19.so
7f6ebe657000-7f6ebe658000 r--p 00002000 08:06 15602352                   /lib/x86_64-linux-gnu/libdl-2.19.so
7f6ebe658000-7f6ebe659000 rw-p 00003000 08:06 15602352                   /lib/x86_64-linux-gnu/libdl-2.19.so
7f6ebe659000-7f6ebe670000 r-xp 00000000 08:06 20061287                   /usr/lib/jvm/jdk1.8.0_20/lib/amd64/jli/libjli.so
7f6ebe670000-7f6ebe86f000 ---p 00017000 08:06 20061287                   /usr/lib/jvm/jdk1.8.0_20/lib/amd64/jli/libjli.so
7f6ebe86f000-7f6ebe870000 rw-p 00016000 08:06 20061287                   /usr/lib/jvm/jdk1.8.0_20/lib/amd64/jli/libjli.so
7f6ebe870000-7f6ebe889000 r-xp 00000000 08:06 15602353                   /lib/x86_64-linux-gnu/libpthread-2.19.so
7f6ebe889000-7f6ebea88000 ---p 00019000 08:06 15602353                   /lib/x86_64-linux-gnu/libpthread-2.19.so
7f6ebea88000-7f6ebea89000 r--p 00018000 08:06 15602353                   /lib/x86_64-linux-gnu/libpthread-2.19.so
7f6ebea89000-7f6ebea8a000 rw-p 00019000 08:06 15602353                   /lib/x86_64-linux-gnu/libpthread-2.19.so
7f6ebea8a000-7f6ebea8e000 rw-p 00000000 00:00 0 
7f6ebea8e000-7f6ebeab1000 r-xp 00000000 08:06 15602330                   /lib/x86_64-linux-gnu/ld-2.19.so
7f6ebeab1000-7f6ebeab3000 r--s 0000c000 08:06 19532221                   /usr/local/development/dev-7-6/Ignition/Servers/apache-tomcat-6.0.36/lib/tomcat-i18n-ja.jar
7f6ebeab3000-7f6ebeab5000 r--s 00011000 08:06 19532214                   /usr/local/development/dev-7-6/Ignition/Servers/apache-tomcat-6.0.36/lib/jsp-api.jar
7f6ebeab5000-7f6ebeab7000 r--s 00014000 08:06 19532216                   /usr/local/development/dev-7-6/Ignition/Servers/apache-tomcat-6.0.36/lib/servlet-api.jar
7f6ebeab7000-7f6ebeab9000 r--s 0000c000 08:06 19532206                   /usr/local/development/dev-7-6/Ignition/Servers/apache-tomcat-6.0.36/lib/catalina-ant.jar
7f6ebeab9000-7f6ebeb8a000 rw-p 00000000 00:00 0 
7f6ebeb8a000-7f6ebeb8d000 ---p 00000000 00:00 0 
7f6ebeb8d000-7f6ebec8f000 rw-p 00000000 00:00 0                          [stack:10405]
7f6ebec8f000-7f6ebec91000 r--s 00007000 08:06 19532211                   /usr/local/development/dev-7-6/Ignition/Servers/apache-tomcat-6.0.36/lib/el-api.jar
7f6ebec91000-7f6ebec92000 r--s 00003000 08:06 19532205                   /usr/local/development/dev-7-6/Ignition/Servers/apache-tomcat-6.0.36/lib/annotations-api.jar
7f6ebec92000-7f6ebec95000 r--s 00019000 08:06 19532212                   /usr/local/development/dev-7-6/Ignition/Servers/apache-tomcat-6.0.36/lib/jasper-el.jar
7f6ebec95000-7f6ebec9a000 r--s 00092000 08:06 20582254                   /usr/lib/jvm/jdk1.8.0_20/jre/lib/jsse.jar
7f6ebec9a000-7f6ebec9b000 r--s 00007000 08:06 19533431                   /usr/local/development/dev-7-6/Ignition/Servers/apache-tomcat-6.0.36/bin/tomcat-juli.jar
7f6ebec9b000-7f6ebec9c000 r--s 00005000 08:06 19533430                   /usr/local/development/dev-7-6/Ignition/Servers/apache-tomcat-6.0.36/bin/commons-daemon.jar
7f6ebec9c000-7f6ebec9d000 r--s 00005000 08:06 19533429                   /usr/local/development/dev-7-6/Ignition/Servers/apache-tomcat-6.0.36/bin/bootstrap.jar
7f6ebec9d000-7f6ebeca4000 r--s 000c7000 08:06 1179649                    /usr/lib/jvm/jdk1.8.0_20/jre/lib/ext/mysql-connector-java-5.1.23-bin.jar
7f6ebeca4000-7f6ebecac000 rw-s 00000000 08:06 6164361                    /tmp/hsperfdata_mattg/10400
7f6ebecac000-7f6ebecad000 rw-p 00000000 00:00 0 
7f6ebecad000-7f6ebecae000 r--p 00000000 00:00 0 
7f6ebecae000-7f6ebecb0000 rw-p 00000000 00:00 0 
7f6ebecb0000-7f6ebecb1000 r--p 00022000 08:06 15602330                   /lib/x86_64-linux-gnu/ld-2.19.so
7f6ebecb1000-7f6ebecb2000 rw-p 00023000 08:06 15602330                   /lib/x86_64-linux-gnu/ld-2.19.so
7f6ebecb2000-7f6ebecb3000 rw-p 00000000 00:00 0 
7fff331dd000-7fff331fe000 rw-p 00000000 00:00 0                          [stack]
7fff331fe000-7fff33200000 r-xp 00000000 00:00 0                          [vdso]
ffffffffff600000-ffffffffff601000 r-xp 00000000 00:00 0                  [vsyscall]

VM Arguments:
jvm_args: -Djava.util.logging.config.file=/home/mattg/.IntelliJIdea13/system/tomcat/Unnamed_77-Ignition/conf/logging.properties -Xdebug -Xrunjdwp:transport=dt_socket,address=127.0.0.1:51670,suspend=y,server=n -Dcom.sun.management.jmxremote= -Dcom.sun.management.jmxremote.port=1099 -Dcom.sun.management.jmxremote.ssl=false -Dcom.sun.management.jmxremote.authenticate=false -Djava.rmi.server.hostname=127.0.0.1 -Djava.util.logging.manager=org.apache.juli.ClassLoaderLogManager -Djava.endorsed.dirs=/usr/local/development/dev-7-6/Ignition/Servers/apache-tomcat-6.0.36/endorsed -Dcatalina.base=/home/mattg/.IntelliJIdea13/system/tomcat/Unnamed_77-Ignition -Dcatalina.home=/usr/local/development/dev-7-6/Ignition/Servers/apache-tomcat-6.0.36 -Djava.io.tmpdir=/usr/local/development/dev-7-6/Ignition/Servers/apache-tomcat-6.0.36/temp 
java_command: org.apache.catalina.startup.Bootstrap start
java_class_path (initial): /usr/local/development/dev-7-6/Ignition/Servers/apache-tomcat-6.0.36/bin/bootstrap.jar
Launcher Type: SUN_STANDARD

Environment Variables:
JAVA_HOME=/usr/lib/jvm/jdk1.8.0_20
CLASSPATH=/usr/local/development/dev-7-6/Ignition/Servers/apache-tomcat-6.0.36/bin/bootstrap.jar
PATH=/usr/local/sbin:/usr/local/bin:/usr/sbin:/usr/bin:/sbin:/bin:/usr/games:/usr/local/games:/usr/local/development/gradle-1.12/bin
USERNAME=mattg
LD_LIBRARY_PATH=/usr/local/development/idea-IU-135.909/bin:
SHELL=/bin/bash
DISPLAY=:0

Signal Handlers:
SIGSEGV: [libjvm.so+0xa76cd0], sa_mask[0]=11111111011111111101111111111110, sa_flags=SA_RESTART|SA_SIGINFO
SIGBUS: [libjvm.so+0xa76cd0], sa_mask[0]=11111111011111111101111111111110, sa_flags=SA_RESTART|SA_SIGINFO
SIGFPE: [libjvm.so+0x8e0d80], sa_mask[0]=11111111011111111101111111111110, sa_flags=SA_RESTART|SA_SIGINFO
SIGPIPE: [libjvm.so+0x8e0d80], sa_mask[0]=11111111011111111101111111111110, sa_flags=SA_RESTART|SA_SIGINFO
SIGXFSZ: [libjvm.so+0x8e0d80], sa_mask[0]=11111111011111111101111111111110, sa_flags=SA_RESTART|SA_SIGINFO
SIGILL: [libjvm.so+0x8e0d80], sa_mask[0]=11111111011111111101111111111110, sa_flags=SA_RESTART|SA_SIGINFO
SIGUSR1: SIG_DFL, sa_mask[0]=00000000000000000000000000000000, sa_flags=none
SIGUSR2: [libjvm.so+0x8e25b0], sa_mask[0]=00100000000000000000000000000000, sa_flags=SA_RESTART|SA_SIGINFO
SIGHUP: [libjvm.so+0x8e3970], sa_mask[0]=11111111011111111101111111111110, sa_flags=SA_RESTART|SA_SIGINFO
SIGINT: [libjvm.so+0x8e3970], sa_mask[0]=11111111011111111101111111111110, sa_flags=SA_RESTART|SA_SIGINFO
SIGTERM: [libjvm.so+0x8e3970], sa_mask[0]=11111111011111111101111111111110, sa_flags=SA_RESTART|SA_SIGINFO
SIGQUIT: [libjvm.so+0x8e3970], sa_mask[0]=11111111011111111101111111111110, sa_flags=SA_RESTART|SA_SIGINFO


---------------  S Y S T E M  ---------------

OS:DISTRIB_ID=LinuxMint
DISTRIB_RELEASE=17
DISTRIB_CODENAME=qiana
DISTRIB_DESCRIPTION="Linux Mint 17 Qiana"

uname:Linux 3.13.0-24-generic #46-Ubuntu SMP Thu Apr 10 19:11:08 UTC 2014 x86_64
libc:glibc 2.19 NPTL 2.19 
rlimit: STACK 8192k, CORE 0k, NPROC 127375, NOFILE 4096, AS infinity
load average:0.49 0.63 0.57

/proc/meminfo:
MemTotal:       16335088 kB
MemFree:         9772760 kB
Buffers:          369320 kB
Cached:          2227868 kB
SwapCached:            0 kB
Active:          4484560 kB
Inactive:        1635708 kB
Active(anon):    3546696 kB
Inactive(anon):   495532 kB
Active(file):     937864 kB
Inactive(file):  1140176 kB
Unevictable:         752 kB
Mlocked:             752 kB
SwapTotal:      16676860 kB
SwapFree:       16676860 kB
Dirty:             11316 kB
Writeback:             0 kB
AnonPages:       3523836 kB
Mapped:           415452 kB
Shmem:            519152 kB
Slab:             244532 kB
SReclaimable:     200024 kB
SUnreclaim:        44508 kB
KernelStack:        5960 kB
PageTables:        46580 kB
NFS_Unstable:          0 kB
Bounce:                0 kB
WritebackTmp:          0 kB
CommitLimit:    24844404 kB
Committed_AS:    7865924 kB
VmallocTotal:   34359738367 kB
VmallocUsed:      444884 kB
VmallocChunk:   34359289084 kB
HardwareCorrupted:     0 kB
AnonHugePages:   2187264 kB
HugePages_Total:       0
HugePages_Free:        0
HugePages_Rsvd:        0
HugePages_Surp:        0
Hugepagesize:       2048 kB
DirectMap4k:       91592 kB
DirectMap2M:     2955264 kB
DirectMap1G:    13631488 kB


CPU:total 8 (4 cores per cpu, 2 threads per core) family 6 model 60 stepping 3, cmov, cx8, fxsr, mmx, sse, sse2, sse3, ssse3, sse4.1, sse4.2, popcnt, avx, avx2, aes, clmul, erms, lzcnt, ht, tsc, tscinvbit, bmi1, bmi2

/proc/cpuinfo:
processor	: 0
vendor_id	: GenuineIntel
cpu family	: 6
model		: 60
model name	: Intel(R) Core(TM) i7-4702HQ CPU @ 2.20GHz
stepping	: 3
microcode	: 0x17
cpu MHz		: 800.000
cache size	: 6144 KB
physical id	: 0
siblings	: 8
core id		: 0
cpu cores	: 4
apicid		: 0
initial apicid	: 0
fpu		: yes
fpu_exception	: yes
cpuid level	: 13
wp		: yes
flags		: fpu vme de pse tsc msr pae mce cx8 apic sep mtrr pge mca cmov pat pse36 clflush dts acpi mmx fxsr sse sse2 ss ht tm pbe syscall nx pdpe1gb rdtscp lm constant_tsc arch_perfmon pebs bts rep_good nopl xtopology nonstop_tsc aperfmperf eagerfpu pni pclmulqdq dtes64 monitor ds_cpl vmx est tm2 ssse3 fma cx16 xtpr pdcm pcid sse4_1 sse4_2 x2apic movbe popcnt tsc_deadline_timer aes xsave avx f16c rdrand lahf_lm abm ida arat epb xsaveopt pln pts dtherm tpr_shadow vnmi flexpriority ept vpid fsgsbase tsc_adjust bmi1 avx2 smep bmi2 erms invpcid
bogomips	: 4389.80
clflush size	: 64
cache_alignment	: 64
address sizes	: 39 bits physical, 48 bits virtual
power management:

processor	: 1
vendor_id	: GenuineIntel
cpu family	: 6
model		: 60
model name	: Intel(R) Core(TM) i7-4702HQ CPU @ 2.20GHz
stepping	: 3
microcode	: 0x17
cpu MHz		: 800.000
cache size	: 6144 KB
physical id	: 0
siblings	: 8
core id		: 1
cpu cores	: 4
apicid		: 2
initial apicid	: 2
fpu		: yes
fpu_exception	: yes
cpuid level	: 13
wp		: yes
flags		: fpu vme de pse tsc msr pae mce cx8 apic sep mtrr pge mca cmov pat pse36 clflush dts acpi mmx fxsr sse sse2 ss ht tm pbe syscall nx pdpe1gb rdtscp lm constant_tsc arch_perfmon pebs bts rep_good nopl xtopology nonstop_tsc aperfmperf eagerfpu pni pclmulqdq dtes64 monitor ds_cpl vmx est tm2 ssse3 fma cx16 xtpr pdcm pcid sse4_1 sse4_2 x2apic movbe popcnt tsc_deadline_timer aes xsave avx f16c rdrand lahf_lm abm ida arat epb xsaveopt pln pts dtherm tpr_shadow vnmi flexpriority ept vpid fsgsbase tsc_adjust bmi1 avx2 smep bmi2 erms invpcid
bogomips	: 4389.80
clflush size	: 64
cache_alignment	: 64
address sizes	: 39 bits physical, 48 bits virtual
power management:

processor	: 2
vendor_id	: GenuineIntel
cpu family	: 6
model		: 60
model name	: Intel(R) Core(TM) i7-4702HQ CPU @ 2.20GHz
stepping	: 3
microcode	: 0x17
cpu MHz		: 2201.000
cache size	: 6144 KB
physical id	: 0
siblings	: 8
core id		: 2
cpu cores	: 4
apicid		: 4
initial apicid	: 4
fpu		: yes
fpu_exception	: yes
cpuid level	: 13
wp		: yes
flags		: fpu vme de pse tsc msr pae mce cx8 apic sep mtrr pge mca cmov pat pse36 clflush dts acpi mmx fxsr sse sse2 ss ht tm pbe syscall nx pdpe1gb rdtscp lm constant_tsc arch_perfmon pebs bts rep_good nopl xtopology nonstop_tsc aperfmperf eagerfpu pni pclmulqdq dtes64 monitor ds_cpl vmx est tm2 ssse3 fma cx16 xtpr pdcm pcid sse4_1 sse4_2 x2apic movbe popcnt tsc_deadline_timer aes xsave avx f16c rdrand lahf_lm abm ida arat epb xsaveopt pln pts dtherm tpr_shadow vnmi flexpriority ept vpid fsgsbase tsc_adjust bmi1 avx2 smep bmi2 erms invpcid
bogomips	: 4389.80
clflush size	: 64
cache_alignment	: 64
address sizes	: 39 bits physical, 48 bits virtual
power management:

processor	: 3
vendor_id	: GenuineIntel
cpu family	: 6
model		: 60
model name	: Intel(R) Core(TM) i7-4702HQ CPU @ 2.20GHz
stepping	: 3
microcode	: 0x17
cpu MHz		: 800.000
cache size	: 6144 KB
physical id	: 0
siblings	: 8
core id		: 3
cpu cores	: 4
apicid		: 6
initial apicid	: 6
fpu		: yes
fpu_exception	: yes
cpuid level	: 13
wp		: yes
flags		: fpu vme de pse tsc msr pae mce cx8 apic sep mtrr pge mca cmov pat pse36 clflush dts acpi mmx fxsr sse sse2 ss ht tm pbe syscall nx pdpe1gb rdtscp lm constant_tsc arch_perfmon pebs bts rep_good nopl xtopology nonstop_tsc aperfmperf eagerfpu pni pclmulqdq dtes64 monitor ds_cpl vmx est tm2 ssse3 fma cx16 xtpr pdcm pcid sse4_1 sse4_2 x2apic movbe popcnt tsc_deadline_timer aes xsave avx f16c rdrand lahf_lm abm ida arat epb xsaveopt pln pts dtherm tpr_shadow vnmi flexpriority ept vpid fsgsbase tsc_adjust bmi1 avx2 smep bmi2 erms invpcid
bogomips	: 4389.80
clflush size	: 64
cache_alignment	: 64
address sizes	: 39 bits physical, 48 bits virtual
power management:

processor	: 4
vendor_id	: GenuineIntel
cpu family	: 6
model		: 60
model name	: Intel(R) Core(TM) i7-4702HQ CPU @ 2.20GHz
stepping	: 3
microcode	: 0x17
cpu MHz		: 2201.000
cache size	: 6144 KB
physical id	: 0
siblings	: 8
core id		: 0
cpu cores	: 4
apicid		: 1
initial apicid	: 1
fpu		: yes
fpu_exception	: yes
cpuid level	: 13
wp		: yes
flags		: fpu vme de pse tsc msr pae mce cx8 apic sep mtrr pge mca cmov pat pse36 clflush dts acpi mmx fxsr sse sse2 ss ht tm pbe syscall nx pdpe1gb rdtscp lm constant_tsc arch_perfmon pebs bts rep_good nopl xtopology nonstop_tsc aperfmperf eagerfpu pni pclmulqdq dtes64 monitor ds_cpl vmx est tm2 ssse3 fma cx16 xtpr pdcm pcid sse4_1 sse4_2 x2apic movbe popcnt tsc_deadline_timer aes xsave avx f16c rdrand lahf_lm abm ida arat epb xsaveopt pln pts dtherm tpr_shadow vnmi flexpriority ept vpid fsgsbase tsc_adjust bmi1 avx2 smep bmi2 erms invpcid
bogomips	: 4389.80
clflush size	: 64
cache_alignment	: 64
address sizes	: 39 bits physical, 48 bits virtual
power management:

processor	: 5
vendor_id	: GenuineIntel
cpu family	: 6
model		: 60
model name	: Intel(R) Core(TM) i7-4702HQ CPU @ 2.20GHz
stepping	: 3
microcode	: 0x17
cpu MHz		: 800.000
cache size	: 6144 KB
physical id	: 0
siblings	: 8
core id		: 1
cpu cores	: 4
apicid		: 3
initial apicid	: 3
fpu		: yes
fpu_exception	: yes
cpuid level	: 13
wp		: yes
flags		: fpu vme de pse tsc msr pae mce cx8 apic sep mtrr pge mca cmov pat pse36 clflush dts acpi mmx fxsr sse sse2 ss ht tm pbe syscall nx pdpe1gb rdtscp lm constant_tsc arch_perfmon pebs bts rep_good nopl xtopology nonstop_tsc aperfmperf eagerfpu pni pclmulqdq dtes64 monitor ds_cpl vmx est tm2 ssse3 fma cx16 xtpr pdcm pcid sse4_1 sse4_2 x2apic movbe popcnt tsc_deadline_timer aes xsave avx f16c rdrand lahf_lm abm ida arat epb xsaveopt pln pts dtherm tpr_shadow vnmi flexpriority ept vpid fsgsbase tsc_adjust bmi1 avx2 smep bmi2 erms invpcid
bogomips	: 4389.80
clflush size	: 64
cache_alignment	: 64
address sizes	: 39 bits physical, 48 bits virtual
power management:

processor	: 6
vendor_id	: GenuineIntel
cpu family	: 6
model		: 60
model name	: Intel(R) Core(TM) i7-4702HQ CPU @ 2.20GHz
stepping	: 3
microcode	: 0x17
cpu MHz		: 800.000
cache size	: 6144 KB
physical id	: 0
siblings	: 8
core id		: 2
cpu cores	: 4
apicid		: 5
initial apicid	: 5
fpu		: yes
fpu_exception	: yes
cpuid level	: 13
wp		: yes
flags		: fpu vme de pse tsc msr pae mce cx8 apic sep mtrr pge mca cmov pat pse36 clflush dts acpi mmx fxsr sse sse2 ss ht tm pbe syscall nx pdpe1gb rdtscp lm constant_tsc arch_perfmon pebs bts rep_good nopl xtopology nonstop_tsc aperfmperf eagerfpu pni pclmulqdq dtes64 monitor ds_cpl vmx est tm2 ssse3 fma cx16 xtpr pdcm pcid sse4_1 sse4_2 x2apic movbe popcnt tsc_deadline_timer aes xsave avx f16c rdrand lahf_lm abm ida arat epb xsaveopt pln pts dtherm tpr_shadow vnmi flexpriority ept vpid fsgsbase tsc_adjust bmi1 avx2 smep bmi2 erms invpcid
bogomips	: 4389.80
clflush size	: 64
cache_alignment	: 64
address sizes	: 39 bits physical, 48 bits virtual
power management:

processor	: 7
vendor_id	: GenuineIntel
cpu family	: 6
model		: 60
model name	: Intel(R) Core(TM) i7-4702HQ CPU @ 2.20GHz
stepping	: 3
microcode	: 0x17
cpu MHz		: 2201.000
cache size	: 6144 KB
physical id	: 0
siblings	: 8
core id		: 3
cpu cores	: 4
apicid		: 7
initial apicid	: 7
fpu		: yes
fpu_exception	: yes
cpuid level	: 13
wp		: yes
flags		: fpu vme de pse tsc msr pae mce cx8 apic sep mtrr pge mca cmov pat pse36 clflush dts acpi mmx fxsr sse sse2 ss ht tm pbe syscall nx pdpe1gb rdtscp lm constant_tsc arch_perfmon pebs bts rep_good nopl xtopology nonstop_tsc aperfmperf eagerfpu pni pclmulqdq dtes64 monitor ds_cpl vmx est tm2 ssse3 fma cx16 xtpr pdcm pcid sse4_1 sse4_2 x2apic movbe popcnt tsc_deadline_timer aes xsave avx f16c rdrand lahf_lm abm ida arat epb xsaveopt pln pts dtherm tpr_shadow vnmi flexpriority ept vpid fsgsbase tsc_adjust bmi1 avx2 smep bmi2 erms invpcid
bogomips	: 4389.80
clflush size	: 64
cache_alignment	: 64
address sizes	: 39 bits physical, 48 bits virtual
power management:



Memory: 4k page, physical 16335088k(9772760k free), swap 16676860k(16676860k free)

vm_info: Java HotSpot(TM) 64-Bit Server VM (25.20-b17) for linux-amd64 JRE (1.8.0_20-ea-b17), built on Jun  4 2014 00:04:06 by "java_re" with gcc 4.3.0 20080428 (Red Hat 4.3.0-8)

time: Tue Nov 25 11:38:31 2014
elapsed time: 100 seconds (0d 0h 1m 40s)

