#
# A fatal error has been detected by the Java Runtime Environment:
#
#  SIGSEGV (0xb) at pc=0x00007fdeec68bf7e, pid=7679, tid=140595427796736
#
# JRE version: Java(TM) SE Runtime Environment (8.0_20-b17) (build 1.8.0_20-ea-b17)
# Java VM: Java HotSpot(TM) 64-Bit Server VM (25.20-b17 mixed mode linux-amd64 compressed oops)
# Problematic frame:
# C  [ld-linux-x86-64.so.2+0x9f7e]
#
# Failed to write core dump. Core dumps have been disabled. To enable core dumping, try "ulimit -c unlimited" before starting Java again
#
# If you would like to submit a bug report, please visit:
#   http://bugreport.sun.com/bugreport/crash.jsp
# The crash happened outside the Java Virtual Machine in native code.
# See problematic frame for where to report the bug.
#

---------------  T H R E A D  ---------------

Current thread (0x00007fdee400d000):  JavaThread "main" [_thread_in_native, id=7684, stack(0x00007fdeec77e000,0x00007fdeec87f000)]

siginfo: si_signo: 11 (SIGSEGV), si_code: 1 (SEGV_MAPERR), si_addr: 0x0000000000000068

Registers:
RAX=0x0000000000000040, RBX=0x000000004c8d3d65, RCX=0x0000000000000025, RDX=0x00000000000003f3
RSP=0x00007fdeec87ba30, RBP=0x0000000000000002, RSI=0x00007fdeebc86d28, RDI=0x00007fdeec8829e8
R8 =0x00000000013234f5, R9 =0x00007fdeec87ba70, R10=0x0000000006020400, R11=0x00007fdeec87bb70
R12=0x0000000000000003, R13=0x00007fde241eddb0, R14=0x0000000000000000, R15=0x0000000000000025
RIP=0x00007fdeec68bf7e, EFLAGS=0x0000000000010202, CSGSFS=0x0000000000000033, ERR=0x0000000000000004
  TRAPNO=0x000000000000000e

Top of Stack: (sp=0x00007fdeec87ba30)
0x00007fdeec87ba30:   00007fdeec87bba0 00007fdeeb363f75
0x00007fdeec87ba40:   00007fde00000002 00007fdeec87bb80
0x00007fdeec87ba50:   00007fdeec87bc10 00007fdeec87bde0
0x00007fdeec87ba60:   00007fded5046960 01c892c90000000c
0x00007fdeec87ba70:   0000000000000000 0000000000000000
0x00007fdeec87ba80:   00007fdeec8829e8 00007fdee43348a0
0x00007fdeec87ba90:   00007fdeebc93d78 0000000000000000
0x00007fdeec87baa0:   0000000200000000 0000000000000000
0x00007fdeec87bab0:   00007fdee400d000 00007fdeec87bc60
0x00007fdeec87bac0:   00007fdeec87bc10 0000000000000000
0x00007fdeec87bad0:   0000000000000000 00007fde241ee1f8
0x00007fdeec87bae0:   00007fde241ede70 00007fdeec68c991
0x00007fdeec87baf0:   0000000000000000 0000000000000000
0x00007fdeec87bb00:   0000007200000002 0000000000000000
0x00007fdeec87bb10:   00007fde00000000 00007fde241ede70
0x00007fdeec87bb20:   00007fdeec87bb90 00007fdeeb4ba447
0x00007fdeec87bb30:   00007fdee400a518 00007fdee400a510
0x00007fdeec87bb40:   00007fdec7b54440 00007fde241ee1f8
0x00007fdeec87bb50:   00007fdeec87bb80 00007fdeec87bb70
0x00007fdeec87bb60:   000000004c8d3d65 00007fdee43348a0
0x00007fdeec87bb70:   00000000ffffffff 00007fdee400a5d0
0x00007fdeec87bb80:   0000000000000000 0000000000000000
0x00007fdeec87bb90:   00007fdee400a470 00007fdee400d000
0x00007fdeec87bba0:   00007fdeec87bd30 00007fdeeb3aa467
0x00007fdeec87bbb0:   000000b1ec87c910 00007fdeec87c380
0x00007fdeec87bbc0:   00007fdeec87bc10 00007fdeec87bc90
0x00007fdeec87bbd0:   00007fdeec87bd60 00007fdeec87bde0
0x00007fdeec87bbe0:   00007fdee400d1e8 0000000001ebb4b0
0x00007fdeec87bbf0:   00007fdeec8a4cc0 00007fdee43348a0
0x00007fdeec87bc00:   0000000000000000 00007fde241ede70
0x00007fdeec87bc10:   00007fdeec87bcf0 00007fdeebdb9f56
0x00007fdeec87bc20:   0000000600000002 0000000000000000 

Instructions: (pc=0x00007fdeec68bf7e)
0x00007fdeec68bf5e:   06 41 83 e7 3f 0f 1f 44 00 00 49 8b 44 ed 00 c7
0x00007fdeec68bf6e:   44 24 70 00 00 00 00 48 c7 44 24 40 00 00 00 00
0x00007fdeec68bf7e:   48 8b 78 28 4c 39 f7 48 89 7c 24 50 0f 84 f0 00
0x00007fdeec68bf8e:   00 00 f6 44 24 7c 02 74 0d f6 87 14 03 00 00 03 

Register to memory mapping:

RAX=0x0000000000000040 is an unknown value
RBX=0x000000004c8d3d65 is an unknown value
RCX=0x0000000000000025 is an unknown value
RDX=0x00000000000003f3 is an unknown value
RSP=0x00007fdeec87ba30 is pointing into the stack for thread: 0x00007fdee400d000
RBP=0x0000000000000002 is an unknown value
RSI=0x00007fdeebc86d28: <offset 0x3d28> in /lib/x86_64-linux-gnu/libc.so.6 at 0x00007fdeebc83000
RDI=0x00007fdeec8829e8 is an unknown value
R8 =0x00000000013234f5 is an unknown value
R9 =0x00007fdeec87ba70 is pointing into the stack for thread: 0x00007fdee400d000
R10=0x0000000006020400 is an unknown value
R11=0x00007fdeec87bb70 is pointing into the stack for thread: 0x00007fdee400d000
R12=0x0000000000000003 is an unknown value
R13=0x00007fde241eddb0 is an unknown value
R14=0x0000000000000000 is an unknown value
R15=0x0000000000000025 is an unknown value


Stack: [0x00007fdeec77e000,0x00007fdeec87f000],  sp=0x00007fdeec87ba30,  free space=1014k
Native frames: (J=compiled Java code, j=interpreted, Vv=VM code, C=native code)
C  [ld-linux-x86-64.so.2+0x9f7e]

Java frames: (J=compiled Java code, j=interpreted, Vv=VM code)
j  java.lang.ClassLoader$NativeLibrary.unload(Ljava/lang/String;Z)V+0
j  java.lang.ClassLoader$NativeLibrary.finalize()V+87
v  ~StubRoutines::call_stub
J 1124  sun.reflect.NativeMethodAccessorImpl.invoke0(Ljava/lang/reflect/Method;Ljava/lang/Object;[Ljava/lang/Object;)Ljava/lang/Object; (0 bytes) @ 0x00007fded5432b37 [0x00007fded5432ac0+0x77]
J 1123 C1 sun.reflect.NativeMethodAccessorImpl.invoke(Ljava/lang/Object;[Ljava/lang/Object;)Ljava/lang/Object; (104 bytes) @ 0x00007fded543418c [0x00007fded5432f80+0x120c]
J 5433 C2 java.lang.reflect.Method.invoke(Ljava/lang/Object;[Ljava/lang/Object;)Ljava/lang/Object; (62 bytes) @ 0x00007fded60eb560 [0x00007fded60eb4a0+0xc0]
j  com.inductiveautomation.ignition.gateway.bootstrap.SRFilter.destroy()V+89
j  org.apache.catalina.core.ApplicationFilterConfig.release()V+61
j  org.apache.catalina.core.StandardContext.filterStop()Z+124
j  org.apache.catalina.core.StandardContext.stop()V+142
j  org.apache.catalina.core.ContainerBase.removeChild(Lorg/apache/catalina/Container;)V+90
j  org.apache.catalina.startup.HostConfig.undeployApps()V+77
j  org.apache.catalina.startup.HostConfig.stop()V+28
j  org.apache.catalina.startup.HostConfig.lifecycleEvent(Lorg/apache/catalina/LifecycleEvent;)V+151
J 5954 C1 org.apache.catalina.util.LifecycleSupport.fireLifecycleEvent(Ljava/lang/String;Ljava/lang/Object;)V (190 bytes) @ 0x00007fded5aa750c [0x00007fded5aa6a20+0xaec]
j  org.apache.catalina.core.ContainerBase.stop()V+60
j  org.apache.catalina.core.ContainerBase.stop()V+118
j  org.apache.catalina.core.StandardEngine.stop()V+1
j  org.apache.catalina.core.StandardService.stop()V+177
j  org.apache.catalina.core.StandardServer.stop()V+65
j  org.apache.catalina.startup.Catalina.stop()V+58
j  org.apache.catalina.startup.Catalina.start()V+198
v  ~StubRoutines::call_stub
j  sun.reflect.NativeMethodAccessorImpl.invoke0(Ljava/lang/reflect/Method;Ljava/lang/Object;[Ljava/lang/Object;)Ljava/lang/Object;+0
j  sun.reflect.NativeMethodAccessorImpl.invoke(Ljava/lang/Object;[Ljava/lang/Object;)Ljava/lang/Object;+100
J 497 C1 sun.reflect.DelegatingMethodAccessorImpl.invoke(Ljava/lang/Object;[Ljava/lang/Object;)Ljava/lang/Object; (10 bytes) @ 0x00007fded524f26c [0x00007fded524f140+0x12c]
J 495 C1 java.lang.reflect.Method.invoke(Ljava/lang/Object;[Ljava/lang/Object;)Ljava/lang/Object; (62 bytes) @ 0x00007fded524ec84 [0x00007fded524e860+0x424]
j  org.apache.catalina.startup.Bootstrap.start()V+37
j  org.apache.catalina.startup.Bootstrap.main([Ljava/lang/String;)V+131
v  ~StubRoutines::call_stub

---------------  P R O C E S S  ---------------

Java Threads: ( => current thread )
  0x00007fdee4328000 JavaThread "pool-1-thread-1" [_thread_blocked, id=7855, stack(0x00007fdeb1ff5000,0x00007fdeb20f6000)]
  0x00007fdee447f000 JavaThread "Thread-20" daemon [_thread_blocked, id=7854, stack(0x00007fde1d7ca000,0x00007fde1d8cb000)]
  0x00007fde4c001800 JavaThread "http-8088-2" daemon [_thread_blocked, id=7852, stack(0x00007fdec5715000,0x00007fdec5816000)]
  0x00007fde4c004800 JavaThread "http-8088-1" daemon [_thread_in_native, id=7757, stack(0x00007fde1d9cc000,0x00007fde1dacd000)]
  0x00007fde250a6000 JavaThread "ClockDriftDetector" daemon [_thread_blocked, id=7756, stack(0x00007fde1e2f1000,0x00007fde1e3f2000)]
  0x00007fde250a3000 JavaThread "PyLib_ScriptWatcher" daemon [_thread_blocked, id=7755, stack(0x00007fde1e3f2000,0x00007fde1e4f3000)]
  0x00007fde25092800 JavaThread "PyFile_ChangeNotifier" daemon [_thread_blocked, id=7754, stack(0x00007fde1e4f3000,0x00007fde1e5f4000)]
  0x00007fde25090800 JavaThread "Thread-16" daemon [_thread_in_native, id=7753, stack(0x00007fde1e5f4000,0x00007fde1e6f5000)]
  0x00007fdee45c5800 JavaThread "TP-Monitor" daemon [_thread_blocked, id=7726, stack(0x00007fdeb19ef000,0x00007fdeb1af0000)]
  0x00007fdee45c3800 JavaThread "TP-Processor4" daemon [_thread_blocked, id=7725, stack(0x00007fdeb1af0000,0x00007fdeb1bf1000)]
  0x00007fdee45cf000 JavaThread "TP-Processor3" daemon [_thread_blocked, id=7724, stack(0x00007fdeb1bf1000,0x00007fdeb1cf2000)]
  0x00007fdee45ce800 JavaThread "TP-Processor2" daemon [_thread_blocked, id=7723, stack(0x00007fdeb1cf2000,0x00007fdeb1df3000)]
  0x00007fdee45a8000 JavaThread "TP-Processor1" daemon [_thread_blocked, id=7722, stack(0x00007fdeb1df3000,0x00007fdeb1ef4000)]
  0x00007fdee45b7000 JavaThread "http-8088-Acceptor-0" daemon [_thread_blocked, id=7721, stack(0x00007fdeb1ef4000,0x00007fdeb1ff5000)]
  0x00007fde5c006800 JavaThread "RMI Scheduler(0)" daemon [_thread_blocked, id=7717, stack(0x00007fdeb20f6000,0x00007fdeb21f7000)]
  0x00007fdee4536800 JavaThread "GC Daemon" daemon [_thread_blocked, id=7712, stack(0x00007fdeb2a56000,0x00007fdeb2b57000)]
  0x00007fdee44ed800 JavaThread "Abandoned connection cleanup thread" daemon [_thread_blocked, id=7711, stack(0x00007fdec4255000,0x00007fdec4356000)]
  0x00007fdee4236800 JavaThread "RMI TCP Accept-0" daemon [_thread_in_native, id=7709, stack(0x00007fdec46a9000,0x00007fdec47aa000)]
  0x00007fdee4225000 JavaThread "RMI TCP Accept-1099" daemon [_thread_in_native, id=7708, stack(0x00007fdec47aa000,0x00007fdec48ab000)]
  0x00007fdee4214000 JavaThread "RMI TCP Accept-0" daemon [_thread_in_native, id=7707, stack(0x00007fdec48ab000,0x00007fdec49ac000)]
  0x00007fdee40ec800 JavaThread "Service Thread" daemon [_thread_blocked, id=7706, stack(0x00007fdec500e000,0x00007fdec510f000)]
  0x00007fdee40cf000 JavaThread "C1 CompilerThread3" daemon [_thread_blocked, id=7705, stack(0x00007fdec510f000,0x00007fdec5210000)]
  0x00007fdee40cd000 JavaThread "C2 CompilerThread2" daemon [_thread_in_native, id=7704, stack(0x00007fdec5210000,0x00007fdec5311000)]
  0x00007fdee40cb000 JavaThread "C2 CompilerThread1" daemon [_thread_in_native, id=7703, stack(0x00007fdec5311000,0x00007fdec5412000)]
  0x00007fdee40c8000 JavaThread "C2 CompilerThread0" daemon [_thread_in_native, id=7702, stack(0x00007fdec5412000,0x00007fdec5513000)]
  0x00007fdee40c6000 JavaThread "JDWP Event Helper Thread" daemon [_thread_blocked, id=7699, stack(0x00007fdec5614000,0x00007fdec5715000)]
  0x00007fdee40b5800 JavaThread "Signal Dispatcher" daemon [_thread_blocked, id=7696, stack(0x00007fdec5a1a000,0x00007fdec5b1b000)]
  0x00007fdee4087800 JavaThread "Finalizer" daemon [_thread_blocked, id=7695, stack(0x00007fdec5b1b000,0x00007fdec5c1c000)]
  0x00007fdee4085800 JavaThread "Reference Handler" daemon [_thread_blocked, id=7694, stack(0x00007fdec5c1c000,0x00007fdec5d1d000)]
=>0x00007fdee400d000 JavaThread "main" [_thread_in_native, id=7684, stack(0x00007fdeec77e000,0x00007fdeec87f000)]

Other Threads:
  0x00007fdee407e800 VMThread [stack: 0x00007fdec5d1d000,0x00007fdec5e1e000] [id=7693]
  0x00007fdee4239000 WatcherThread [stack: 0x00007fdec45a8000,0x00007fdec46a9000] [id=7710]

VM state:not at safepoint (normal execution)

VM Mutex/Monitor currently owned by a thread: None

Heap:
 PSYoungGen      total 394752K, used 136820K [0x000000076ce00000, 0x0000000787100000, 0x00000007c0000000)
  eden space 381440K, 32% used [0x000000076ce00000,0x00000007746db5e8,0x0000000784280000)
  from space 13312K, 98% used [0x0000000786400000,0x00000007870c1be0,0x0000000787100000)
  to   space 15872K, 0% used [0x0000000785200000,0x0000000785200000,0x0000000786180000)
 ParOldGen       total 170496K, used 23636K [0x00000006c6a00000, 0x00000006d1080000, 0x000000076ce00000)
  object space 170496K, 13% used [0x00000006c6a00000,0x00000006c81152b0,0x00000006d1080000)
 Metaspace       used 50994K, capacity 52162K, committed 52352K, reserved 1093632K
  class space    used 7225K, capacity 7488K, committed 7552K, reserved 1048576K

Card table byte_map: [0x00007fdee86ce000,0x00007fdee8e9a000] byte_map_base: 0x00007fdee5099000

Marking Bits: (ParMarkBitMap*) 0x00007fdeebc58c20
 Begin Bits: [0x00007fdec8350000, 0x00007fdecc1a8000)
 End Bits:   [0x00007fdecc1a8000, 0x00007fded0000000)

Polling page: 0x00007fdeec8a1000

CodeCache: size=245760Kb used=18533Kb max_used=18563Kb free=227226Kb
 bounds [0x00007fded5000000, 0x00007fded6240000, 0x00007fdee4000000]
 total_blobs=5678 nmethods=5121 adapters=478
 compilation: enabled

Compilation events (10 events):
Event: 493.125 Thread 0x00007fdee40cf000 nmethod 6209 0x00007fded6136b50 code [0x00007fded6136ca0, 0x00007fded6136db0]
Event: 493.125 Thread 0x00007fdee40cf000 6210       1       java.text.NumberFormat::getMaximumFractionDigits (5 bytes)
Event: 493.125 Thread 0x00007fdee40cf000 nmethod 6210 0x00007fded5447bd0 code [0x00007fded5447d20, 0x00007fded5447e30]
Event: 493.125 Thread 0x00007fdee40cf000 6211       1       java.text.NumberFormat::getMinimumFractionDigits (5 bytes)
Event: 493.125 Thread 0x00007fdee40cf000 nmethod 6211 0x00007fded52cf4d0 code [0x00007fded52cf620, 0x00007fded52cf730]
Event: 493.126 Thread 0x00007fdee40cd000 nmethod 6202% 0x00007fded52ad5d0 code [0x00007fded52ad760, 0x00007fded52adaf8]
Event: 493.127 Thread 0x00007fdee40cb000 6213       4       sun.reflect.ClassFileAssembler::emitConstantPoolClass (23 bytes)
Event: 493.129 Thread 0x00007fdee40cd000 6214       4       java.io.ObjectOutputStream$BlockDataOutputStream::write (152 bytes)
Event: 493.130 Thread 0x00007fdee40cf000 6215       3       java.io.ObjectOutputStream$BlockDataOutputStream::drain (45 bytes)
Event: 493.130 Thread 0x00007fdee40cf000 nmethod 6215 0x00007fded52ad050 code [0x00007fded52ad1e0, 0x00007fded52ad4d8]

GC Heap History (10 events):
Event: 4.433 GC heap before
{Heap before GC invocations=6 (full 1):
 PSYoungGen      total 202752K, used 202467K [0x000000076ce00000, 0x000000077dd00000, 0x00000007c0000000)
  eden space 193536K, 100% used [0x000000076ce00000,0x0000000778b00000,0x0000000778b00000)
  from space 9216K, 96% used [0x000000077d400000,0x000000077dcb8d38,0x000000077dd00000)
  to   space 10240K, 0% used [0x000000077c900000,0x000000077c900000,0x000000077d300000)
 ParOldGen       total 109568K, used 12818K [0x00000006c6a00000, 0x00000006cd500000, 0x000000076ce00000)
  object space 109568K, 11% used [0x00000006c6a00000,0x00000006c7684af0,0x00000006cd500000)
 Metaspace       used 29221K, capacity 29656K, committed 29824K, reserved 1075200K
  class space    used 3251K, capacity 3389K, committed 3456K, reserved 1048576K
Event: 4.441 GC heap after
Heap after GC invocations=6 (full 1):
 PSYoungGen      total 267264K, used 6126K [0x000000076ce00000, 0x0000000780080000, 0x00000007c0000000)
  eden space 257024K, 0% used [0x000000076ce00000,0x000000076ce00000,0x000000077c900000)
  from space 10240K, 59% used [0x000000077c900000,0x000000077cefba80,0x000000077d300000)
  to   space 14848K, 0% used [0x000000077f200000,0x000000077f200000,0x0000000780080000)
 ParOldGen       total 109568K, used 12826K [0x00000006c6a00000, 0x00000006cd500000, 0x000000076ce00000)
  object space 109568K, 11% used [0x00000006c6a00000,0x00000006c7686af0,0x00000006cd500000)
 Metaspace       used 29221K, capacity 29656K, committed 29824K, reserved 1075200K
  class space    used 3251K, capacity 3389K, committed 3456K, reserved 1048576K
}
Event: 5.113 GC heap before
{Heap before GC invocations=7 (full 1):
 PSYoungGen      total 267264K, used 91065K [0x000000076ce00000, 0x0000000780080000, 0x00000007c0000000)
  eden space 257024K, 33% used [0x000000076ce00000,0x00000007720f2b90,0x000000077c900000)
  from space 10240K, 59% used [0x000000077c900000,0x000000077cefba80,0x000000077d300000)
  to   space 14848K, 0% used [0x000000077f200000,0x000000077f200000,0x0000000780080000)
 ParOldGen       total 109568K, used 12826K [0x00000006c6a00000, 0x00000006cd500000, 0x000000076ce00000)
  object space 109568K, 11% used [0x00000006c6a00000,0x00000006c7686af0,0x00000006cd500000)
 Metaspace       used 34714K, capacity 35146K, committed 35320K, reserved 1079296K
  class space    used 4568K, capacity 4705K, committed 4736K, reserved 1048576K
Event: 5.129 GC heap after
Heap after GC invocations=7 (full 1):
 PSYoungGen      total 297984K, used 13044K [0x000000076ce00000, 0x0000000786400000, 0x00000007c0000000)
  eden space 283136K, 0% used [0x000000076ce00000,0x000000076ce00000,0x000000077e280000)
  from space 14848K, 87% used [0x000000077f200000,0x000000077febd198,0x0000000780080000)
  to   space 15872K, 0% used [0x000000077e280000,0x000000077e280000,0x000000077f200000)
 ParOldGen       total 109568K, used 12834K [0x00000006c6a00000, 0x00000006cd500000, 0x000000076ce00000)
  object space 109568K, 11% used [0x00000006c6a00000,0x00000006c7688af0,0x00000006cd500000)
 Metaspace       used 34714K, capacity 35146K, committed 35320K, reserved 1079296K
  class space    used 4568K, capacity 4705K, committed 4736K, reserved 1048576K
}
Event: 5.129 GC heap before
{Heap before GC invocations=8 (full 2):
 PSYoungGen      total 297984K, used 13044K [0x000000076ce00000, 0x0000000786400000, 0x00000007c0000000)
  eden space 283136K, 0% used [0x000000076ce00000,0x000000076ce00000,0x000000077e280000)
  from space 14848K, 87% used [0x000000077f200000,0x000000077febd198,0x0000000780080000)
  to   space 15872K, 0% used [0x000000077e280000,0x000000077e280000,0x000000077f200000)
 ParOldGen       total 109568K, used 12834K [0x00000006c6a00000, 0x00000006cd500000, 0x000000076ce00000)
  object space 109568K, 11% used [0x00000006c6a00000,0x00000006c7688af0,0x00000006cd500000)
 Metaspace       used 34714K, capacity 35146K, committed 35320K, reserved 1079296K
  class space    used 4568K, capacity 4705K, committed 4736K, reserved 1048576K
Event: 5.194 GC heap after
Heap after GC invocations=8 (full 2):
 PSYoungGen      total 297984K, used 0K [0x000000076ce00000, 0x0000000786400000, 0x00000007c0000000)
  eden space 283136K, 0% used [0x000000076ce00000,0x000000076ce00000,0x000000077e280000)
  from space 14848K, 0% used [0x000000077f200000,0x000000077f200000,0x0000000780080000)
  to   space 15872K, 0% used [0x000000077e280000,0x000000077e280000,0x000000077f200000)
 ParOldGen       total 170496K, used 23620K [0x00000006c6a00000, 0x00000006d1080000, 0x000000076ce00000)
  object space 170496K, 13% used [0x00000006c6a00000,0x00000006c81112b0,0x00000006d1080000)
 Metaspace       used 34714K, capacity 35146K, committed 35320K, reserved 1079296K
  class space    used 4568K, capacity 4705K, committed 4736K, reserved 1048576K
}
Event: 7.209 GC heap before
{Heap before GC invocations=9 (full 2):
 PSYoungGen      total 297984K, used 283136K [0x000000076ce00000, 0x0000000786400000, 0x00000007c0000000)
  eden space 283136K, 100% used [0x000000076ce00000,0x000000077e280000,0x000000077e280000)
  from space 14848K, 0% used [0x000000077f200000,0x000000077f200000,0x0000000780080000)
  to   space 15872K, 0% used [0x000000077e280000,0x000000077e280000,0x000000077f200000)
 ParOldGen       total 170496K, used 23620K [0x00000006c6a00000, 0x00000006d1080000, 0x000000076ce00000)
  object space 170496K, 13% used [0x00000006c6a00000,0x00000006c81112b0,0x00000006d1080000)
 Metaspace       used 43989K, capacity 44650K, committed 44928K, reserved 1087488K
  class space    used 6292K, capacity 6460K, committed 6528K, reserved 1048576K
Event: 7.218 GC heap after
Heap after GC invocations=9 (full 2):
 PSYoungGen      total 299008K, used 9592K [0x000000076ce00000, 0x0000000787300000, 0x00000007c0000000)
  eden space 283136K, 0% used [0x000000076ce00000,0x000000076ce00000,0x000000077e280000)
  from space 15872K, 60% used [0x000000077e280000,0x000000077ebde1d8,0x000000077f200000)
  to   space 15360K, 0% used [0x0000000786400000,0x0000000786400000,0x0000000787300000)
 ParOldGen       total 170496K, used 23628K [0x00000006c6a00000, 0x00000006d1080000, 0x000000076ce00000)
  object space 170496K, 13% used [0x00000006c6a00000,0x00000006c81132b0,0x00000006d1080000)
 Metaspace       used 43989K, capacity 44650K, committed 44928K, reserved 1087488K
  class space    used 6292K, capacity 6460K, committed 6528K, reserved 1048576K
}
Event: 220.080 GC heap before
{Heap before GC invocations=10 (full 2):
 PSYoungGen      total 299008K, used 292728K [0x000000076ce00000, 0x0000000787300000, 0x00000007c0000000)
  eden space 283136K, 100% used [0x000000076ce00000,0x000000077e280000,0x000000077e280000)
  from space 15872K, 60% used [0x000000077e280000,0x000000077ebde1d8,0x000000077f200000)
  to   space 15360K, 0% used [0x0000000786400000,0x0000000786400000,0x0000000787300000)
 ParOldGen       total 170496K, used 23628K [0x00000006c6a00000, 0x00000006d1080000, 0x000000076ce00000)
  object space 170496K, 13% used [0x00000006c6a00000,0x00000006c81132b0,0x00000006d1080000)
 Metaspace       used 50618K, capacity 51748K, committed 51840K, reserved 1093632K
  class space    used 7200K, capacity 7483K, committed 7552K, reserved 1048576K
Event: 220.096 GC heap after
Heap after GC invocations=10 (full 2):
 PSYoungGen      total 394752K, used 13062K [0x000000076ce00000, 0x0000000787100000, 0x00000007c0000000)
  eden space 381440K, 0% used [0x000000076ce00000,0x000000076ce00000,0x0000000784280000)
  from space 13312K, 98% used [0x0000000786400000,0x00000007870c1be0,0x0000000787100000)
  to   space 15872K, 0% used [0x0000000785200000,0x0000000785200000,0x0000000786180000)
 ParOldGen       total 170496K, used 23636K [0x00000006c6a00000, 0x00000006d1080000, 0x000000076ce00000)
  object space 170496K, 13% used [0x00000006c6a00000,0x00000006c81152b0,0x00000006d1080000)
 Metaspace       used 50618K, capacity 51748K, committed 51840K, reserved 1093632K
  class space    used 7200K, capacity 7483K, committed 7552K, reserved 1048576K
}

Deoptimization events (10 events):
Event: 493.013 Thread 0x00007fde2463e000 Uncommon trap: reason=unreached action=reinterpret pc=0x00007fded6190f40 method=org.hsqldb.lib.HsqlTimer$TaskQueue.peekTask()Lorg/hsqldb/lib/HsqlTimer$Task; @ 6
Event: 493.125 Thread 0x00007fdee400d000 Uncommon trap: reason=bimorphic action=maybe_recompile pc=0x00007fded57e355c method=java.io.ObjectOutputStream$BlockDataOutputStream.drain()V @ 36
Event: 493.125 Thread 0x00007fdee400d000 Uncommon trap: reason=bimorphic action=maybe_recompile pc=0x00007fded57e355c method=java.io.ObjectOutputStream$BlockDataOutputStream.drain()V @ 36
Event: 493.125 Thread 0x00007fdee400d000 Uncommon trap: reason=class_check action=maybe_recompile pc=0x00007fded6009c08 method=java.io.ObjectOutputStream$BlockDataOutputStream.write([BIIZ)V @ 23
Event: 493.125 Thread 0x00007fdee400d000 Uncommon trap: reason=bimorphic action=maybe_recompile pc=0x00007fded59b31e4 method=java.io.ObjectOutputStream$BlockDataOutputStream.drain()V @ 36
Event: 493.126 Thread 0x00007fdee400d000 Uncommon trap: reason=class_check action=maybe_recompile pc=0x00007fded6009c08 method=java.io.ObjectOutputStream$BlockDataOutputStream.write([BIIZ)V @ 23
Event: 493.127 Thread 0x00007fdee400d000 Uncommon trap: reason=class_check action=maybe_recompile pc=0x00007fded6009c08 method=java.io.ObjectOutputStream$BlockDataOutputStream.write([BIIZ)V @ 23
Event: 493.128 Thread 0x00007fdee400d000 Uncommon trap: reason=class_check action=maybe_recompile pc=0x00007fded6009c08 method=java.io.ObjectOutputStream$BlockDataOutputStream.write([BIIZ)V @ 23
Event: 493.129 Thread 0x00007fdee400d000 Uncommon trap: reason=class_check action=maybe_recompile pc=0x00007fded6004688 method=java.io.ObjectOutputStream$BlockDataOutputStream.write([BIIZ)V @ 23
Event: 493.130 Thread 0x00007fdee400d000 Uncommon trap: reason=bimorphic action=maybe_recompile pc=0x00007fded59b3fb0 method=java.io.ObjectOutputStream$BlockDataOutputStream.drain()V @ 36

Internal exceptions (10 events):
Event: 493.114 Thread 0x00007fdee400d000 Exception <a 'java/security/PrivilegedActionException'> (0x0000000773333ef8) thrown at [/HUDSON/workspace/8-2-build-linux-amd64/jdk8u20/526.nc/hotspot/src/share/vm/prims/jvm.cpp, line 1258]
Event: 493.114 Thread 0x00007fdee400d000 Exception <a 'java/security/PrivilegedActionException'> (0x0000000773334930) thrown at [/HUDSON/workspace/8-2-build-linux-amd64/jdk8u20/526.nc/hotspot/src/share/vm/prims/jvm.cpp, line 1258]
Event: 493.115 Thread 0x00007fdee400d000 Exception <a 'java/security/PrivilegedActionException'> (0x0000000773346db8) thrown at [/HUDSON/workspace/8-2-build-linux-amd64/jdk8u20/526.nc/hotspot/src/share/vm/prims/jvm.cpp, line 1258]
Event: 493.115 Thread 0x00007fdee400d000 Exception <a 'java/security/PrivilegedActionException'> (0x0000000773347958) thrown at [/HUDSON/workspace/8-2-build-linux-amd64/jdk8u20/526.nc/hotspot/src/share/vm/prims/jvm.cpp, line 1258]
Event: 493.128 Thread 0x00007fdee400d000 Exception <a 'java/security/PrivilegedActionException'> (0x000000077336e5a8) thrown at [/HUDSON/workspace/8-2-build-linux-amd64/jdk8u20/526.nc/hotspot/src/share/vm/prims/jvm.cpp, line 1258]
Event: 493.128 Thread 0x00007fdee400d000 Exception <a 'java/security/PrivilegedActionException'> (0x000000077336f588) thrown at [/HUDSON/workspace/8-2-build-linux-amd64/jdk8u20/526.nc/hotspot/src/share/vm/prims/jvm.cpp, line 1258]
Event: 493.128 Thread 0x00007fdee400d000 Exception <a 'java/security/PrivilegedActionException'> (0x000000077338aec0) thrown at [/HUDSON/workspace/8-2-build-linux-amd64/jdk8u20/526.nc/hotspot/src/share/vm/prims/jvm.cpp, line 1258]
Event: 493.128 Thread 0x00007fdee400d000 Exception <a 'java/security/PrivilegedActionException'> (0x000000077338bf30) thrown at [/HUDSON/workspace/8-2-build-linux-amd64/jdk8u20/526.nc/hotspot/src/share/vm/prims/jvm.cpp, line 1258]
Event: 493.129 Thread 0x00007fdee400d000 Exception <a 'java/security/PrivilegedActionException'> (0x000000077339c5f0) thrown at [/HUDSON/workspace/8-2-build-linux-amd64/jdk8u20/526.nc/hotspot/src/share/vm/prims/jvm.cpp, line 1258]
Event: 493.129 Thread 0x00007fdee400d000 Exception <a 'java/security/PrivilegedActionException'> (0x000000077339d610) thrown at [/HUDSON/workspace/8-2-build-linux-amd64/jdk8u20/526.nc/hotspot/src/share/vm/prims/jvm.cpp, line 1258]

Events (10 events):
Event: 493.130 Thread 0x00007fdee400d000 DEOPT UNPACKING pc=0x00007fded504741a sp=0x00007fdeec87a808 mode 1
Event: 493.130 Thread 0x00007fdee400d000 DEOPT PACKING pc=0x00007fded546a3a4 sp=0x00007fdeec87a9f0
Event: 493.130 Thread 0x00007fdee400d000 DEOPT UNPACKING pc=0x00007fded504741a sp=0x00007fdeec87a7b0 mode 1
Event: 493.130 Thread 0x00007fdee400d000 DEOPT PACKING pc=0x00007fded555decc sp=0x00007fdeec87aac0
Event: 493.130 Thread 0x00007fdee400d000 DEOPT UNPACKING pc=0x00007fded504741a sp=0x00007fdeec87a888 mode 1
Event: 493.130 Thread 0x00007fdee400d000 DEOPT PACKING pc=0x00007fded546a3a4 sp=0x00007fdeec87aa30
Event: 493.130 Thread 0x00007fdee400d000 DEOPT UNPACKING pc=0x00007fded504741a sp=0x00007fdeec87a808 mode 1
Event: 493.130 Thread 0x00007fdee400d000 Uncommon trap: trap_request=0xffffffc6 fr.pc=0x00007fded59b3fb0
Event: 493.130 Thread 0x00007fdee400d000 DEOPT PACKING pc=0x00007fded59b3fb0 sp=0x00007fdeec87c470
Event: 493.130 Thread 0x00007fdee400d000 DEOPT UNPACKING pc=0x00007fded5047650 sp=0x00007fdeec87c3b8 mode 2


Dynamic libraries:
00400000-00401000 r-xp 00000000 08:06 19938758                           /usr/lib/jvm/jdk1.8.0_20/bin/java
00600000-00601000 rw-p 00000000 08:06 19938758                           /usr/lib/jvm/jdk1.8.0_20/bin/java
01ebb000-01edc000 rw-p 00000000 00:00 0                                  [heap]
6c6a00000-6d1080000 rw-p 00000000 00:00 0 
6d1080000-76ce00000 ---p 00000000 00:00 0 
76ce00000-787100000 rw-p 00000000 00:00 0 
787100000-7c0000000 ---p 00000000 00:00 0 
7c0000000-7c0760000 rw-p 00000000 00:00 0 
7c0760000-800000000 ---p 00000000 00:00 0 
7fddcc000000-7fddcc021000 rw-p 00000000 00:00 0 
7fddcc021000-7fddd0000000 ---p 00000000 00:00 0 
7fddd0000000-7fddd0021000 rw-p 00000000 00:00 0 
7fddd0021000-7fddd4000000 ---p 00000000 00:00 0 
7fddd4000000-7fddd45fb000 rw-p 00000000 00:00 0 
7fddd45fb000-7fddd8000000 ---p 00000000 00:00 0 
7fddd8000000-7fddd8023000 rw-p 00000000 00:00 0 
7fddd8023000-7fdddc000000 ---p 00000000 00:00 0 
7fdddc000000-7fdddc021000 rw-p 00000000 00:00 0 
7fdddc021000-7fdde0000000 ---p 00000000 00:00 0 
7fdde0000000-7fdde027a000 rw-p 00000000 00:00 0 
7fdde027a000-7fdde4000000 ---p 00000000 00:00 0 
7fdde4000000-7fdde4021000 rw-p 00000000 00:00 0 
7fdde4021000-7fdde8000000 ---p 00000000 00:00 0 
7fdde8000000-7fdde8021000 rw-p 00000000 00:00 0 
7fdde8021000-7fddec000000 ---p 00000000 00:00 0 
7fddec000000-7fddec021000 rw-p 00000000 00:00 0 
7fddec021000-7fddf0000000 ---p 00000000 00:00 0 
7fddf0000000-7fddf0021000 rw-p 00000000 00:00 0 
7fddf0021000-7fddf4000000 ---p 00000000 00:00 0 
7fddf4000000-7fddf4021000 rw-p 00000000 00:00 0 
7fddf4021000-7fddf8000000 ---p 00000000 00:00 0 
7fddf8000000-7fddf8021000 rw-p 00000000 00:00 0 
7fddf8021000-7fddfc000000 ---p 00000000 00:00 0 
7fddfc000000-7fddfc0ef000 rw-p 00000000 00:00 0 
7fddfc0ef000-7fde00000000 ---p 00000000 00:00 0 
7fde00000000-7fde00021000 rw-p 00000000 00:00 0 
7fde00021000-7fde04000000 ---p 00000000 00:00 0 
7fde04000000-7fde04021000 rw-p 00000000 00:00 0 
7fde04021000-7fde08000000 ---p 00000000 00:00 0 
7fde08000000-7fde08021000 rw-p 00000000 00:00 0 
7fde08021000-7fde0c000000 ---p 00000000 00:00 0 
7fde0c000000-7fde0c021000 rw-p 00000000 00:00 0 
7fde0c021000-7fde10000000 ---p 00000000 00:00 0 
7fde10000000-7fde10021000 rw-p 00000000 00:00 0 
7fde10021000-7fde14000000 ---p 00000000 00:00 0 
7fde14000000-7fde14021000 rw-p 00000000 00:00 0 
7fde14021000-7fde18000000 ---p 00000000 00:00 0 
7fde18000000-7fde18021000 rw-p 00000000 00:00 0 
7fde18021000-7fde1c000000 ---p 00000000 00:00 0 
7fde1d2c9000-7fde1d2cc000 ---p 00000000 00:00 0 
7fde1d2cc000-7fde1d58a000 rw-p 00000000 00:00 0 
7fde1d58a000-7fde1d5ca000 ---p 00000000 00:00 0 
7fde1d5ca000-7fde1d7ca000 rw-p 00000000 00:00 0 
7fde1d7ca000-7fde1d7cd000 ---p 00000000 00:00 0 
7fde1d7cd000-7fde1d8cb000 rw-p 00000000 00:00 0                          [stack:7854]
7fde1d8cb000-7fde1d8ce000 ---p 00000000 00:00 0 
7fde1d8ce000-7fde1d9cc000 rw-p 00000000 00:00 0 
7fde1d9cc000-7fde1d9cf000 ---p 00000000 00:00 0 
7fde1d9cf000-7fde1dacd000 rw-p 00000000 00:00 0                          [stack:7757]
7fde1dacd000-7fde1dae4000 r-xp 00000000 08:06 15602148                   /lib/x86_64-linux-gnu/libresolv-2.19.so
7fde1dae4000-7fde1dce4000 ---p 00017000 08:06 15602148                   /lib/x86_64-linux-gnu/libresolv-2.19.so
7fde1dce4000-7fde1dce5000 r--p 00017000 08:06 15602148                   /lib/x86_64-linux-gnu/libresolv-2.19.so
7fde1dce5000-7fde1dce6000 rw-p 00018000 08:06 15602148                   /lib/x86_64-linux-gnu/libresolv-2.19.so
7fde1dce6000-7fde1dce8000 rw-p 00000000 00:00 0 
7fde1dce8000-7fde1dced000 r-xp 00000000 08:06 15602324                   /lib/x86_64-linux-gnu/libnss_dns-2.19.so
7fde1dced000-7fde1deec000 ---p 00005000 08:06 15602324                   /lib/x86_64-linux-gnu/libnss_dns-2.19.so
7fde1deec000-7fde1deed000 r--p 00004000 08:06 15602324                   /lib/x86_64-linux-gnu/libnss_dns-2.19.so
7fde1deed000-7fde1deee000 rw-p 00005000 08:06 15602324                   /lib/x86_64-linux-gnu/libnss_dns-2.19.so
7fde1deee000-7fde1def0000 r-xp 00000000 08:06 15601607                   /lib/x86_64-linux-gnu/libnss_mdns4_minimal.so.2
7fde1def0000-7fde1e0ef000 ---p 00002000 08:06 15601607                   /lib/x86_64-linux-gnu/libnss_mdns4_minimal.so.2
7fde1e0ef000-7fde1e0f0000 r--p 00001000 08:06 15601607                   /lib/x86_64-linux-gnu/libnss_mdns4_minimal.so.2
7fde1e0f0000-7fde1e0f1000 rw-p 00002000 08:06 15601607                   /lib/x86_64-linux-gnu/libnss_mdns4_minimal.so.2
7fde1e0f1000-7fde1e2f1000 rw-p 00000000 00:00 0 
7fde1e2f1000-7fde1e2f4000 ---p 00000000 00:00 0 
7fde1e2f4000-7fde1e3f2000 rw-p 00000000 00:00 0                          [stack:7756]
7fde1e3f2000-7fde1e3f5000 ---p 00000000 00:00 0 
7fde1e3f5000-7fde1e4f3000 rw-p 00000000 00:00 0                          [stack:7755]
7fde1e4f3000-7fde1e4f6000 ---p 00000000 00:00 0 
7fde1e4f6000-7fde1e5f4000 rw-p 00000000 00:00 0                          [stack:7754]
7fde1e5f4000-7fde1e5f7000 ---p 00000000 00:00 0 
7fde1e5f7000-7fde1e8f5000 rw-p 00000000 00:00 0                          [stack:7753]
7fde1e8f5000-7fde1e8f8000 ---p 00000000 00:00 0 
7fde1e8f8000-7fde1e9f6000 rw-p 00000000 00:00 0 
7fde1e9f6000-7fde1e9f9000 ---p 00000000 00:00 0 
7fde1e9f9000-7fde1ecf7000 rw-p 00000000 00:00 0 
7fde1ecf7000-7fde1ecfa000 ---p 00000000 00:00 0 
7fde1ecfa000-7fde1edf8000 rw-p 00000000 00:00 0 
7fde1edf8000-7fde1edfb000 ---p 00000000 00:00 0 
7fde1edfb000-7fde1eef9000 rw-p 00000000 00:00 0 
7fde1eef9000-7fde1eefc000 ---p 00000000 00:00 0 
7fde1eefc000-7fde1effa000 rw-p 00000000 00:00 0 
7fde1effa000-7fde1effd000 ---p 00000000 00:00 0 
7fde1effd000-7fde1f0fb000 rw-p 00000000 00:00 0 
7fde1f0fb000-7fde1f0fe000 ---p 00000000 00:00 0 
7fde1f0fe000-7fde1f1fc000 rw-p 00000000 00:00 0 
7fde1f1fc000-7fde1f1ff000 ---p 00000000 00:00 0 
7fde1f1ff000-7fde1f2fd000 rw-p 00000000 00:00 0 
7fde1f2fd000-7fde1f300000 ---p 00000000 00:00 0 
7fde1f300000-7fde1f3fe000 rw-p 00000000 00:00 0 
7fde1f3fe000-7fde1f401000 ---p 00000000 00:00 0 
7fde1f401000-7fde1f4ff000 rw-p 00000000 00:00 0 
7fde1f4ff000-7fde1f502000 ---p 00000000 00:00 0 
7fde1f502000-7fde1f800000 rw-p 00000000 00:00 0 
7fde1f800000-7fde1fa00000 rw-p 00000000 00:00 0 
7fde1fa00000-7fde1fc00000 rw-p 00000000 00:00 0 
7fde1fc00000-7fde1fe00000 rw-p 00000000 00:00 0 
7fde1fe00000-7fde20000000 rw-p 00000000 00:00 0 
7fde20000000-7fde20021000 rw-p 00000000 00:00 0 
7fde20021000-7fde24000000 ---p 00000000 00:00 0 
7fde24000000-7fde250bb000 rw-p 00000000 00:00 0 
7fde250bb000-7fde28000000 ---p 00000000 00:00 0 
7fde28000000-7fde28021000 rw-p 00000000 00:00 0 
7fde28021000-7fde2c000000 ---p 00000000 00:00 0 
7fde2c000000-7fde2c036000 rw-p 00000000 00:00 0 
7fde2c036000-7fde30000000 ---p 00000000 00:00 0 
7fde30000000-7fde30021000 rw-p 00000000 00:00 0 
7fde30021000-7fde34000000 ---p 00000000 00:00 0 
7fde34000000-7fde34021000 rw-p 00000000 00:00 0 
7fde34021000-7fde38000000 ---p 00000000 00:00 0 
7fde38000000-7fde38021000 rw-p 00000000 00:00 0 
7fde38021000-7fde3c000000 ---p 00000000 00:00 0 
7fde3c000000-7fde3c05d000 rw-p 00000000 00:00 0 
7fde3c05d000-7fde40000000 ---p 00000000 00:00 0 
7fde40000000-7fde40021000 rw-p 00000000 00:00 0 
7fde40021000-7fde44000000 ---p 00000000 00:00 0 
7fde44000000-7fde44021000 rw-p 00000000 00:00 0 
7fde44021000-7fde48000000 ---p 00000000 00:00 0 
7fde48000000-7fde480e4000 rw-p 00000000 00:00 0 
7fde480e4000-7fde4c000000 ---p 00000000 00:00 0 
7fde4c000000-7fde4c021000 rw-p 00000000 00:00 0 
7fde4c021000-7fde50000000 ---p 00000000 00:00 0 
7fde50000000-7fde50593000 rw-p 00000000 00:00 0 
7fde50593000-7fde54000000 ---p 00000000 00:00 0 
7fde54000000-7fde54021000 rw-p 00000000 00:00 0 
7fde54021000-7fde58000000 ---p 00000000 00:00 0 
7fde58000000-7fde58021000 rw-p 00000000 00:00 0 
7fde58021000-7fde5c000000 ---p 00000000 00:00 0 
7fde5c000000-7fde5c021000 rw-p 00000000 00:00 0 
7fde5c021000-7fde60000000 ---p 00000000 00:00 0 
7fde60000000-7fde60021000 rw-p 00000000 00:00 0 
7fde60021000-7fde64000000 ---p 00000000 00:00 0 
7fde64000000-7fde64021000 rw-p 00000000 00:00 0 
7fde64021000-7fde68000000 ---p 00000000 00:00 0 
7fde68000000-7fde68021000 rw-p 00000000 00:00 0 
7fde68021000-7fde6c000000 ---p 00000000 00:00 0 
7fde6c000000-7fde6c021000 rw-p 00000000 00:00 0 
7fde6c021000-7fde70000000 ---p 00000000 00:00 0 
7fde70000000-7fde70021000 rw-p 00000000 00:00 0 
7fde70021000-7fde74000000 ---p 00000000 00:00 0 
7fde74000000-7fde74021000 rw-p 00000000 00:00 0 
7fde74021000-7fde78000000 ---p 00000000 00:00 0 
7fde78000000-7fde79664000 rw-p 00000000 00:00 0 
7fde79664000-7fde7c000000 ---p 00000000 00:00 0 
7fde7c000000-7fde7cd23000 rw-p 00000000 00:00 0 
7fde7cd23000-7fde80000000 ---p 00000000 00:00 0 
7fde80000000-7fde81a9a000 rw-p 00000000 00:00 0 
7fde81a9a000-7fde84000000 ---p 00000000 00:00 0 
7fde84000000-7fde8618e000 rw-p 00000000 00:00 0 
7fde8618e000-7fde88000000 ---p 00000000 00:00 0 
7fde88000000-7fde880b1000 rw-p 00000000 00:00 0 
7fde880b1000-7fde8c000000 ---p 00000000 00:00 0 
7fde8c000000-7fde8c021000 rw-p 00000000 00:00 0 
7fde8c021000-7fde90000000 ---p 00000000 00:00 0 
7fde90000000-7fde90021000 rw-p 00000000 00:00 0 
7fde90021000-7fde94000000 ---p 00000000 00:00 0 
7fde94000000-7fde94021000 rw-p 00000000 00:00 0 
7fde94021000-7fde98000000 ---p 00000000 00:00 0 
7fde98000000-7fde98021000 rw-p 00000000 00:00 0 
7fde98021000-7fde9c000000 ---p 00000000 00:00 0 
7fde9c000000-7fde9c021000 rw-p 00000000 00:00 0 
7fde9c021000-7fdea0000000 ---p 00000000 00:00 0 
7fdea0000000-7fdea0021000 rw-p 00000000 00:00 0 
7fdea0021000-7fdea4000000 ---p 00000000 00:00 0 
7fdea4000000-7fdea4102000 rw-p 00000000 00:00 0 
7fdea4102000-7fdea8000000 ---p 00000000 00:00 0 
7fdea8000000-7fdea8021000 rw-p 00000000 00:00 0 
7fdea8021000-7fdeac000000 ---p 00000000 00:00 0 
7fdeac000000-7fdeac021000 rw-p 00000000 00:00 0 
7fdeac021000-7fdeb0000000 ---p 00000000 00:00 0 
7fdeb003d000-7fdeb0044000 r--s 00000000 08:06 15863595                   /usr/lib/x86_64-linux-gnu/gconv/gconv-modules.cache
7fdeb0152000-7fdeb0155000 ---p 00000000 00:00 0 
7fdeb0155000-7fdeb0453000 rw-p 00000000 00:00 0 
7fdeb0453000-7fdeb0653000 rw-p 00000000 00:00 0 
7fdeb0653000-7fdeb0655000 r--s 00003000 08:06 659381                     /usr/local/development/dev-7-7/Ignition/IgnitionWebApp/src/main/home/temp/sfc-gateway-api3011992149159306924.jar
7fdeb0655000-7fdeb0658000 r--s 00019000 08:06 659380                     /usr/local/development/dev-7-7/Ignition/IgnitionWebApp/src/main/home/temp/sfc-gateway8151548512789504275.jar
7fdeb0658000-7fdeb065b000 r--s 00016000 08:06 659379                     /usr/local/development/dev-7-7/Ignition/IgnitionWebApp/src/main/home/temp/sfc-common7206052880424041079.jar
7fdeb065b000-7fdeb065f000 r--s 000be000 08:06 658865                     /usr/local/development/dev-7-7/Ignition/IgnitionWebApp/src/main/home/temp/vis-gateway3603058198493465420.jar
7fdeb065f000-7fdeb0667000 r--s 0009e000 08:06 657830                     /usr/local/development/dev-7-7/Ignition/IgnitionWebApp/src/main/home/temp/secsgem-gateway6804481320517106872.jar
7fdeb0667000-7fdeb0867000 rw-p 00000000 00:00 0 
7fdeb0a69000-7fdeb0a6c000 ---p 00000000 00:00 0 
7fdeb0a6c000-7fdeb0b6a000 rw-p 00000000 00:00 0 
7fdeb0b6a000-7fdeb0b6d000 ---p 00000000 00:00 0 
7fdeb0b6d000-7fdeb0c6b000 rw-p 00000000 00:00 0 
7fdeb0c6b000-7fdeb0c6e000 ---p 00000000 00:00 0 
7fdeb0c6e000-7fdeb0f6c000 rw-p 00000000 00:00 0 
7fdeb0f6c000-7fdeb0f7f000 r--s 00345000 08:06 20582253                   /usr/lib/jvm/jdk1.8.0_20/jre/lib/resources.jar
7fdeb0f7f000-7fdeb0f82000 ---p 00000000 00:00 0 
7fdeb0f82000-7fdeb1281000 rw-p 00000000 00:00 0 
7fdeb1281000-7fdeb1282000 r--s 00002000 08:06 658870                     /usr/local/development/dev-7-7/Ignition/IgnitionWebApp/src/main/home/temp/vis-common3434335886247124618.jar
7fdeb1282000-7fdeb1283000 r--s 00004000 08:06 658859                     /usr/local/development/dev-7-7/Ignition/IgnitionWebApp/src/main/home/temp/secsgem-shared2437055491005321134.jar
7fdeb1283000-7fdeb1284000 r--s 00000000 08:06 2374863                    /usr/local/development/dev-7-7/Ignition/IgnitionWebApp/target/ignition-webapp-7.7/WEB-INF/lib/xopc-common-2.7.2-SNAPSHOT.jar
7fdeb1284000-7fdeb129c000 r--s 000f6000 08:06 2374859                    /usr/local/development/dev-7-7/Ignition/IgnitionWebApp/target/ignition-webapp-7.7/WEB-INF/lib/xopc-2.7.2-SNAPSHOT.jar
7fdeb129c000-7fdeb12a9000 r--s 000a0000 08:06 2374890                    /usr/local/development/dev-7-7/Ignition/IgnitionWebApp/target/ignition-webapp-7.7/WEB-INF/lib/winpack-3.8.3.jar
7fdeb12a9000-7fdeb12b3000 r--s 0005c000 08:06 2365026                    /usr/local/development/dev-7-7/Ignition/IgnitionWebApp/target/ignition-webapp-7.7/WEB-INF/lib/wicket-util-6.1.1.jar
7fdeb12b3000-7fdeb12b6000 r--s 00012000 08:06 2365027                    /usr/local/development/dev-7-7/Ignition/IgnitionWebApp/target/ignition-webapp-7.7/WEB-INF/lib/wicket-request-6.1.1.jar
7fdeb12b6000-7fdeb12c8000 r--s 00138000 08:06 2374825                    /usr/local/development/dev-7-7/Ignition/IgnitionWebApp/target/ignition-webapp-7.7/WEB-INF/lib/wicket-extensions-6.1.1.jar
7fdeb12c8000-7fdeb12cb000 r--s 00038000 08:06 2374824                    /usr/local/development/dev-7-7/Ignition/IgnitionWebApp/target/ignition-webapp-7.7/WEB-INF/lib/wicket-datetime-6.1.1.jar
7fdeb12cb000-7fdeb12ee000 r--s 001a3000 08:06 2365025                    /usr/local/development/dev-7-7/Ignition/IgnitionWebApp/target/ignition-webapp-7.7/WEB-INF/lib/wicket-core-6.1.1.jar
7fdeb12ee000-7fdeb12f0000 r--s 0012e000 08:06 2374875                    /usr/local/development/dev-7-7/Ignition/IgnitionWebApp/target/ignition-webapp-7.7/WEB-INF/lib/voice-cmu-slt-hsmm-5.0.jar
7fdeb12f0000-7fdeb12f1000 r--s 00006000 08:06 2374865                    /usr/local/development/dev-7-7/Ignition/IgnitionWebApp/target/ignition-webapp-7.7/WEB-INF/lib/user-manual-module-1.7.0-20131026.004611-6.jar
7fdeb12f1000-7fdeb12f2000 r--s 00268000 08:06 2374876                    /usr/local/development/dev-7-7/Ignition/IgnitionWebApp/target/ignition-webapp-7.7/WEB-INF/lib/ttsengine-ivona-2.7.2-SNAPSHOT.jar
7fdeb12f2000-7fdeb12f5000 r--s 00017000 08:06 2374845                    /usr/local/development/dev-7-7/Ignition/IgnitionWebApp/target/ignition-webapp-7.7/WEB-INF/lib/timingframework-1.0.jar
7fdeb12f5000-7fdeb12f7000 r--s 00001000 08:06 2365014                    /usr/local/development/dev-7-7/Ignition/IgnitionWebApp/target/ignition-webapp-7.7/WEB-INF/lib/slf4j-log4j12-1.7.5.jar
7fdeb12f7000-7fdeb12f9000 r--s 00005000 08:06 2365013                    /usr/local/development/dev-7-7/Ignition/IgnitionWebApp/target/ignition-webapp-7.7/WEB-INF/lib/slf4j-api-1.7.5.jar
7fdeb12f9000-7fdeb1303000 r--s 00061000 08:06 2374872                    /usr/local/development/dev-7-7/Ignition/IgnitionWebApp/target/ignition-webapp-7.7/WEB-INF/lib/sip-notification-2.7.2-SNAPSHOT.jar
7fdeb1303000-7fdeb1306000 r--s 0001f000 08:06 4198523                    /usr/local/development/dev-7-7/Ignition/IgnitionWebApp/target/ignition-webapp-7.7/WEB-INF/lib/simple-orm-7.7.2-SNAPSHOT.jar
7fdeb1306000-7fdeb1308000 r--s 00003000 08:06 2374881                    /usr/local/development/dev-7-7/Ignition/IgnitionWebApp/target/ignition-webapp-7.7/WEB-INF/lib/sfc-gateway-api-1.7.1-SNAPSHOT.jar
7fdeb1308000-7fdeb130b000 r--s 00019000 08:06 2374880                    /usr/local/development/dev-7-7/Ignition/IgnitionWebApp/target/ignition-webapp-7.7/WEB-INF/lib/sfc-gateway-1.7.1-SNAPSHOT.jar
7fdeb130b000-7fdeb130e000 r--s 00016000 08:06 2374882                    /usr/local/development/dev-7-7/Ignition/IgnitionWebApp/target/ignition-webapp-7.7/WEB-INF/lib/sfc-common-1.7.1-SNAPSHOT.jar
7fdeb130e000-7fdeb1310000 r--s 0000f000 08:06 2374885                    /usr/local/development/dev-7-7/Ignition/IgnitionWebApp/target/ignition-webapp-7.7/WEB-INF/lib/serialio-8.7.0.jar
7fdeb1310000-7fdeb1312000 r--s 00028000 08:06 2374883                    /usr/local/development/dev-7-7/Ignition/IgnitionWebApp/target/ignition-webapp-7.7/WEB-INF/lib/serial-support-gateway-2.7.2-SNAPSHOT.jar
7fdeb1312000-7fdeb1314000 r--s 00002000 08:06 2374884                    /usr/local/development/dev-7-7/Ignition/IgnitionWebApp/target/ignition-webapp-7.7/WEB-INF/lib/serial-support-common-2.7.2-SNAPSHOT.jar
7fdeb1314000-7fdeb1319000 r--s 0003e000 08:06 2374832                    /usr/local/development/dev-7-7/Ignition/IgnitionWebApp/target/ignition-webapp-7.7/WEB-INF/lib/saaj-impl-1.3.jar
7fdeb1319000-7fdeb131b000 r--s 00003000 08:06 2374833                    /usr/local/development/dev-7-7/Ignition/IgnitionWebApp/target/ignition-webapp-7.7/WEB-INF/lib/saaj-api-1.3.jar
7fdeb131b000-7fdeb1325000 r--s 0005c000 08:06 2374887                    /usr/local/development/dev-7-7/Ignition/IgnitionWebApp/target/ignition-webapp-7.7/WEB-INF/lib/opccom-gateway-2.7.2-SNAPSHOT.jar
7fdeb1325000-7fdeb1326000 r--s 00001000 08:06 2374886                    /usr/local/development/dev-7-7/Ignition/IgnitionWebApp/target/ignition-webapp-7.7/WEB-INF/lib/opccom-common-2.7.2-SNAPSHOT.jar
7fdeb1326000-7fdeb132b000 r--s 00086000 08:06 2374878                    /usr/local/development/dev-7-7/Ignition/IgnitionWebApp/target/ignition-webapp-7.7/WEB-INF/lib/mobile-gateway-2.7.2-SNAPSHOT.jar
7fdeb132b000-7fdeb132d000 r--s 00002000 08:06 2374879                    /usr/local/development/dev-7-7/Ignition/IgnitionWebApp/target/ignition-webapp-7.7/WEB-INF/lib/mobile-common-2.7.2-SNAPSHOT.jar
7fdeb132d000-7fdeb132e000 r--s 00003000 08:06 2374849                    /usr/local/development/dev-7-7/Ignition/IgnitionWebApp/target/ignition-webapp-7.7/WEB-INF/lib/miglayout-swing-4.2.jar
7fdeb132e000-7fdeb1330000 r--s 0000f000 08:06 2374850                    /usr/local/development/dev-7-7/Ignition/IgnitionWebApp/target/ignition-webapp-7.7/WEB-INF/lib/miglayout-core-4.2.jar
7fdeb1330000-7fdeb1333000 r--s 00012000 08:06 2365017                    /usr/local/development/dev-7-7/Ignition/IgnitionWebApp/target/ignition-webapp-7.7/WEB-INF/lib/metrics-core-3.0.1.jar
7fdeb1333000-7fdeb13a2000 r--s 007bb000 08:06 2374873                    /usr/local/development/dev-7-7/Ignition/IgnitionWebApp/target/ignition-webapp-7.7/WEB-INF/lib/marytts-server-5.0.jar
7fdeb13a2000-7fdeb13a5000 r--s 0069c000 08:06 2374874                    /usr/local/development/dev-7-7/Ignition/IgnitionWebApp/target/ignition-webapp-7.7/WEB-INF/lib/marytts-lang-en-5.0.jar
7fdeb13a5000-7fdeb13ad000 r--s 00075000 08:06 2374828                    /usr/local/development/dev-7-7/Ignition/IgnitionWebApp/target/ignition-webapp-7.7/WEB-INF/lib/mail-1.4.5.jar
7fdeb13ad000-7fdeb13b6000 r--s 0006f000 08:06 2374892                    /usr/local/development/dev-7-7/Ignition/IgnitionWebApp/target/ignition-webapp-7.7/WEB-INF/lib/log4j-1.2.17.jar
7fdeb13b6000-7fdeb13bd000 r--s 00059000 08:06 2365012                    /usr/local/development/dev-7-7/Ignition/IgnitionWebApp/target/ignition-webapp-7.7/WEB-INF/lib/log4j-1.2.15.jar
7fdeb13bd000-7fdeb145a000 r--s 0082e000 08:06 2365008                    /usr/local/development/dev-7-7/Ignition/IgnitionWebApp/target/ignition-webapp-7.7/WEB-INF/lib/jython-2.5.3-guava-upgrade.jar
7fdeb145a000-7fdeb145b000 r--s 00001000 08:06 2365015                    /usr/local/development/dev-7-7/Ignition/IgnitionWebApp/target/ignition-webapp-7.7/WEB-INF/lib/jul-to-slf4j-1.7.5.jar
7fdeb145b000-7fdeb1461000 r--s 00036000 08:06 2374826                    /usr/local/development/dev-7-7/Ignition/IgnitionWebApp/target/ignition-webapp-7.7/WEB-INF/lib/jquery-ui-core-6.1.0.jar
7fdeb1461000-7fdeb1470000 r--s 0007c000 08:06 2365018                    /usr/local/development/dev-7-7/Ignition/IgnitionWebApp/target/ignition-webapp-7.7/WEB-INF/lib/joda-time-2.0.jar
7fdeb1470000-7fdeb1474000 r--s 00037000 08:06 2374889                    /usr/local/development/dev-7-7/Ignition/IgnitionWebApp/target/ignition-webapp-7.7/WEB-INF/lib/jniwrap-3.8.3.jar
7fdeb1474000-7fdeb1476000 r--s 00011000 08:06 2374858                    /usr/local/development/dev-7-7/Ignition/IgnitionWebApp/target/ignition-webapp-7.7/WEB-INF/lib/jide-shortcut-3.5.13.jar
7fdeb1476000-7fdeb147a000 r--s 00022000 08:06 2374853                    /usr/local/development/dev-7-7/Ignition/IgnitionWebApp/target/ignition-webapp-7.7/WEB-INF/lib/jide-plaf-3.5.13.jar
7fdeb147a000-7fdeb14a0000 r--s 001da000 08:06 2374852                    /usr/local/development/dev-7-7/Ignition/IgnitionWebApp/target/ignition-webapp-7.7/WEB-INF/lib/jide-grids-3.5.13.jar
7fdeb14a0000-7fdeb14aa000 r--s 00061000 08:06 2374857                    /usr/local/development/dev-7-7/Ignition/IgnitionWebApp/target/ignition-webapp-7.7/WEB-INF/lib/jide-editor-3.5.13.jar
7fdeb14aa000-7fdeb14b0000 r--s 0004f000 08:06 2374856                    /usr/local/development/dev-7-7/Ignition/IgnitionWebApp/target/ignition-webapp-7.7/WEB-INF/lib/jide-dock-3.5.13.jar
7fdeb14b0000-7fdeb14b2000 r--s 0000c000 08:06 2374855                    /usr/local/development/dev-7-7/Ignition/IgnitionWebApp/target/ignition-webapp-7.7/WEB-INF/lib/jide-dialogs-3.5.13.jar
7fdeb14b2000-7fdeb14ba000 r--s 00055000 08:06 2374851                    /usr/local/development/dev-7-7/Ignition/IgnitionWebApp/target/ignition-webapp-7.7/WEB-INF/lib/jide-components-3.5.13.jar
7fdeb14ba000-7fdeb14d7000 r--s 00155000 08:06 2365016                    /usr/local/development/dev-7-7/Ignition/IgnitionWebApp/target/ignition-webapp-7.7/WEB-INF/lib/jide-common-3.5.13.jar
7fdeb14d7000-7fdeb14dc000 r--s 0002f000 08:06 2374854                    /usr/local/development/dev-7-7/Ignition/IgnitionWebApp/target/ignition-webapp-7.7/WEB-INF/lib/jide-action-3.5.13.jar
7fdeb14dc000-7fdeb14f0000 r--s 0017c000 08:06 2374847                    /usr/local/development/dev-7-7/Ignition/IgnitionWebApp/target/ignition-webapp-7.7/WEB-INF/lib/jfreechart-min-1.0.0.jar
7fdeb14f0000-7fdeb14f2000 r--s 00004000 08:06 2374834                    /usr/local/development/dev-7-7/Ignition/IgnitionWebApp/target/ignition-webapp-7.7/WEB-INF/lib/jaxrpc-spi-1.1.3_01.jar
7fdeb14f2000-7fdeb150f000 r--s 001ea000 08:06 2374830                    /usr/local/development/dev-7-7/Ignition/IgnitionWebApp/target/ignition-webapp-7.7/WEB-INF/lib/jaxrpc-impl-1.1.3_01.jar
7fdeb150f000-7fdeb1511000 r--s 00005000 08:06 2374831                    /usr/local/development/dev-7-7/Ignition/IgnitionWebApp/target/ignition-webapp-7.7/WEB-INF/lib/jaxrpc-api-1.1.jar
7fdeb1511000-7fdeb1513000 r--s 00013000 08:06 2365010                    /usr/local/development/dev-7-7/Ignition/IgnitionWebApp/target/ignition-webapp-7.7/WEB-INF/lib/java-cup-10k.jar
7fdeb1513000-7fdeb1514000 r--s 00003000 08:06 2374877                    /usr/local/development/dev-7-7/Ignition/IgnitionWebApp/target/ignition-webapp-7.7/WEB-INF/lib/ivonatts-1.0.0.jar
7fdeb1514000-7fdeb1516000 r--s 00001000 08:06 2374862                    /usr/local/development/dev-7-7/Ignition/IgnitionWebApp/target/ignition-webapp-7.7/WEB-INF/lib/io-session-3.0.0-20130122.214435-9.jar
7fdeb1516000-7fdeb1521000 r--s 00073000 08:06 2374861                    /usr/local/development/dev-7-7/Ignition/IgnitionWebApp/target/ignition-webapp-7.7/WEB-INF/lib/ia-opcua-2.7.2-SNAPSHOT.jar
7fdeb1521000-7fdeb152f000 r--s 0014e000 08:06 2374827                    /usr/local/development/dev-7-7/Ignition/IgnitionWebApp/target/ignition-webapp-7.7/WEB-INF/lib/hsqldb-2.2.9.jar
7fdeb152f000-7fdeb1530000 r--s 00001000 08:06 2374843                    /usr/local/development/dev-7-7/Ignition/IgnitionWebApp/target/ignition-webapp-7.7/WEB-INF/lib/hasp-srm-api-1.0.0.jar
7fdeb1530000-7fdeb1554000 r--s 001aa000 08:06 2365006                    /usr/local/development/dev-7-7/Ignition/IgnitionWebApp/target/ignition-webapp-7.7/WEB-INF/lib/guava-13.0.1.jar
7fdeb1554000-7fdeb1579000 r--s 00155000 08:06 4198524                    /usr/local/development/dev-7-7/Ignition/IgnitionWebApp/target/ignition-webapp-7.7/WEB-INF/lib/gateway-api-7.7.2-SNAPSHOT.jar
7fdeb1579000-7fdeb15ae000 r--s 00273000 08:06 4198548                    /usr/local/development/dev-7-7/Ignition/IgnitionWebApp/target/ignition-webapp-7.7/WEB-INF/lib/gateway-7.7.2-SNAPSHOT.jar
7fdeb15ae000-7fdeb15b2000 r--s 00016000 08:06 2374866                    /usr/local/development/dev-7-7/Ignition/IgnitionWebApp/target/ignition-webapp-7.7/WEB-INF/lib/fsql-common-6.7.2-SNAPSHOT.jar
7fdeb15b2000-7fdeb15ba000 r--s 001ca000 08:06 2374867                    /usr/local/development/dev-7-7/Ignition/IgnitionWebApp/target/ignition-webapp-7.7/WEB-INF/lib/fsql-6.7.2-SNAPSHOT.jar
7fdeb15ba000-7fdeb15be000 r--s 000be000 08:06 4198549                    /usr/local/development/dev-7-7/Ignition/IgnitionWebApp/target/ignition-webapp-7.7/WEB-INF/lib/fpmi-gateway-7.7.2-SNAPSHOT.jar
7fdeb15be000-7fdeb15bf000 r--s 00001000 08:06 4198528                    /usr/local/development/dev-7-7/Ignition/IgnitionWebApp/target/ignition-webapp-7.7/WEB-INF/lib/fpmi-common-7.7.2-SNAPSHOT.jar
7fdeb15bf000-7fdeb15c2000 r--s 00013000 08:06 2374846                    /usr/local/development/dev-7-7/Ignition/IgnitionWebApp/target/ignition-webapp-7.7/WEB-INF/lib/forms-1.0.7.jar
7fdeb15c2000-7fdeb15c4000 r--s 00003000 08:06 2374864                    /usr/local/development/dev-7-7/Ignition/IgnitionWebApp/target/ignition-webapp-7.7/WEB-INF/lib/drivers-common-2.7.2-SNAPSHOT.jar
7fdeb15c4000-7fdeb15cb000 r--s 0002f000 08:06 2374860                    /usr/local/development/dev-7-7/Ignition/IgnitionWebApp/target/ignition-webapp-7.7/WEB-INF/lib/driver-api-2.7.2-SNAPSHOT.jar
7fdeb15cb000-7fdeb1621000 r--s 00512000 08:06 4198527                    /usr/local/development/dev-7-7/Ignition/IgnitionWebApp/target/ignition-webapp-7.7/WEB-INF/lib/designer-7.7.2-SNAPSHOT.jar
7fdeb1621000-7fdeb1623000 r--s 00007000 08:06 2365011                    /usr/local/development/dev-7-7/Ignition/IgnitionWebApp/target/ignition-webapp-7.7/WEB-INF/lib/cron4j-2.2.3.jar
7fdeb1623000-7fdeb162a000 r--s 00054000 08:06 2365009                    /usr/local/development/dev-7-7/Ignition/IgnitionWebApp/target/ignition-webapp-7.7/WEB-INF/lib/core-1.7.jar
7fdeb162a000-7fdeb162d000 r--s 00013000 08:06 2374842                    /usr/local/development/dev-7-7/Ignition/IgnitionWebApp/target/ignition-webapp-7.7/WEB-INF/lib/commons-pool-1.4.jar
7fdeb162d000-7fdeb162f000 r--s 0000d000 08:06 2365022                    /usr/local/development/dev-7-7/Ignition/IgnitionWebApp/target/ignition-webapp-7.7/WEB-INF/lib/commons-logging-1.1.1.jar
7fdeb162f000-7fdeb1635000 r--s 00048000 08:06 2365005                    /usr/local/development/dev-7-7/Ignition/IgnitionWebApp/target/ignition-webapp-7.7/WEB-INF/lib/commons-lang3-3.1.jar
7fdeb1635000-7fdeb1637000 r--s 0000e000 08:06 2365023                    /usr/local/development/dev-7-7/Ignition/IgnitionWebApp/target/ignition-webapp-7.7/WEB-INF/lib/commons-lang-1.0.jar
7fdeb1637000-7fdeb163a000 r--s 00025000 08:06 2365004                    /usr/local/development/dev-7-7/Ignition/IgnitionWebApp/target/ignition-webapp-7.7/WEB-INF/lib/commons-io-2.1.jar
7fdeb163a000-7fdeb163d000 r--s 0000f000 08:06 2374840                    /usr/local/development/dev-7-7/Ignition/IgnitionWebApp/target/ignition-webapp-7.7/WEB-INF/lib/commons-discovery-0.2.jar
7fdeb163d000-7fdeb163f000 r--s 0001c000 08:06 2374841                    /usr/local/development/dev-7-7/Ignition/IgnitionWebApp/target/ignition-webapp-7.7/WEB-INF/lib/commons-dbcp-1.2.2.jar
7fdeb163f000-7fdeb1641000 r--s 00006000 08:06 2365021                    /usr/local/development/dev-7-7/Ignition/IgnitionWebApp/target/ignition-webapp-7.7/WEB-INF/lib/commons-cli-1.0.jar
7fdeb1641000-7fdeb1672000 r--s 001ea000 08:06 4198529                    /usr/local/development/dev-7-7/Ignition/IgnitionWebApp/target/ignition-webapp-7.7/WEB-INF/lib/common-7.7.2-SNAPSHOT.jar
7fdeb1672000-7fdeb167f000 r--s 00084000 08:06 2374888                    /usr/local/development/dev-7-7/Ignition/IgnitionWebApp/target/ignition-webapp-7.7/WEB-INF/lib/comfyj-2.9.jar
7fdeb167f000-7fdeb1684000 r--s 00030000 08:06 4198538                    /usr/local/development/dev-7-7/Ignition/IgnitionWebApp/target/ignition-webapp-7.7/WEB-INF/lib/client-bootstrap-7.7.2-SNAPSHOT.jar
7fdeb1684000-7fdeb16aa000 r--s 001be000 08:06 4198550                    /usr/local/development/dev-7-7/Ignition/IgnitionWebApp/target/ignition-webapp-7.7/WEB-INF/lib/client-api-7.7.2-SNAPSHOT.jar
7fdeb16aa000-7fdeb16d2000 r--s 00196000 08:06 2365007                    /usr/local/development/dev-7-7/Ignition/IgnitionWebApp/target/ignition-webapp-7.7/WEB-INF/lib/bcprov-jdk16-unsigned-1.46-unsigned.jar
7fdeb16d2000-7fdeb16d7000 r--s 0003e000 08:06 2365019                    /usr/local/development/dev-7-7/Ignition/IgnitionWebApp/target/ignition-webapp-7.7/WEB-INF/lib/barcode4j-2.1.jar
7fdeb16d7000-7fdeb16da000 r--s 0001c000 08:06 2374839                    /usr/local/development/dev-7-7/Ignition/IgnitionWebApp/target/ignition-webapp-7.7/WEB-INF/lib/axis-wsdl4j-1.5.1.jar
7fdeb16da000-7fdeb16ee000 r--s 00173000 08:06 2374836                    /usr/local/development/dev-7-7/Ignition/IgnitionWebApp/target/ignition-webapp-7.7/WEB-INF/lib/axis-1.4.jar
7fdeb16ee000-7fdeb16f1000 ---p 00000000 00:00 0 
7fdeb16f1000-7fdeb19ef000 rw-p 00000000 00:00 0 
7fdeb19ef000-7fdeb19f2000 ---p 00000000 00:00 0 
7fdeb19f2000-7fdeb1af0000 rw-p 00000000 00:00 0                          [stack:7726]
7fdeb1af0000-7fdeb1af3000 ---p 00000000 00:00 0 
7fdeb1af3000-7fdeb1bf1000 rw-p 00000000 00:00 0                          [stack:7725]
7fdeb1bf1000-7fdeb1bf4000 ---p 00000000 00:00 0 
7fdeb1bf4000-7fdeb1cf2000 rw-p 00000000 00:00 0                          [stack:7724]
7fdeb1cf2000-7fdeb1cf5000 ---p 00000000 00:00 0 
7fdeb1cf5000-7fdeb1df3000 rw-p 00000000 00:00 0                          [stack:7723]
7fdeb1df3000-7fdeb1df6000 ---p 00000000 00:00 0 
7fdeb1df6000-7fdeb1ef4000 rw-p 00000000 00:00 0                          [stack:7722]
7fdeb1ef4000-7fdeb1ef7000 ---p 00000000 00:00 0 
7fdeb1ef7000-7fdeb1ff5000 rw-p 00000000 00:00 0                          [stack:7721]
7fdeb1ff5000-7fdeb1ff8000 ---p 00000000 00:00 0 
7fdeb1ff8000-7fdeb20f6000 rw-p 00000000 00:00 0                          [stack:7855]
7fdeb20f6000-7fdeb20f9000 ---p 00000000 00:00 0 
7fdeb20f9000-7fdeb21f7000 rw-p 00000000 00:00 0                          [stack:7717]
7fdeb21f7000-7fdeb21fa000 ---p 00000000 00:00 0 
7fdeb21fa000-7fdeb22f8000 rw-p 00000000 00:00 0 
7fdeb22f8000-7fdeb22fb000 ---p 00000000 00:00 0 
7fdeb22fb000-7fdeb23f9000 rw-p 00000000 00:00 0 
7fdeb23f9000-7fdeb240f000 r-xp 00000000 08:06 15602357                   /lib/x86_64-linux-gnu/libgcc_s.so.1
7fdeb240f000-7fdeb260e000 ---p 00016000 08:06 15602357                   /lib/x86_64-linux-gnu/libgcc_s.so.1
7fdeb260e000-7fdeb260f000 rw-p 00015000 08:06 15602357                   /lib/x86_64-linux-gnu/libgcc_s.so.1
7fdeb260f000-7fdeb2641000 r-xp 00000000 08:06 20582265                   /usr/lib/jvm/jdk1.8.0_20/jre/lib/amd64/libsunec.so
7fdeb2641000-7fdeb2840000 ---p 00032000 08:06 20582265                   /usr/lib/jvm/jdk1.8.0_20/jre/lib/amd64/libsunec.so
7fdeb2840000-7fdeb2846000 rw-p 00031000 08:06 20582265                   /usr/lib/jvm/jdk1.8.0_20/jre/lib/amd64/libsunec.so
7fdeb2846000-7fdeb2a56000 rw-p 00000000 00:00 0 
7fdeb2a56000-7fdeb2a59000 ---p 00000000 00:00 0 
7fdeb2a59000-7fdeb2b57000 rw-p 00000000 00:00 0                          [stack:7712]
7fdeb2b57000-7fdeb2b5c000 r-xp 00000000 08:06 15211194                   /usr/lib/x86_64-linux-gnu/libXdmcp.so.6.0.0
7fdeb2b5c000-7fdeb2d5b000 ---p 00005000 08:06 15211194                   /usr/lib/x86_64-linux-gnu/libXdmcp.so.6.0.0
7fdeb2d5b000-7fdeb2d5c000 r--p 00004000 08:06 15211194                   /usr/lib/x86_64-linux-gnu/libXdmcp.so.6.0.0
7fdeb2d5c000-7fdeb2d5d000 rw-p 00005000 08:06 15211194                   /usr/lib/x86_64-linux-gnu/libXdmcp.so.6.0.0
7fdeb2d5d000-7fdeb2d5f000 r-xp 00000000 08:06 15211183                   /usr/lib/x86_64-linux-gnu/libXau.so.6.0.0
7fdeb2d5f000-7fdeb2f5f000 ---p 00002000 08:06 15211183                   /usr/lib/x86_64-linux-gnu/libXau.so.6.0.0
7fdeb2f5f000-7fdeb2f60000 r--p 00002000 08:06 15211183                   /usr/lib/x86_64-linux-gnu/libXau.so.6.0.0
7fdeb2f60000-7fdeb2f61000 rw-p 00003000 08:06 15211183                   /usr/lib/x86_64-linux-gnu/libXau.so.6.0.0
7fdeb2f61000-7fdeb2f7e000 r-xp 00000000 08:06 15212358                   /usr/lib/x86_64-linux-gnu/libxcb.so.1.1.0
7fdeb2f7e000-7fdeb317e000 ---p 0001d000 08:06 15212358                   /usr/lib/x86_64-linux-gnu/libxcb.so.1.1.0
7fdeb317e000-7fdeb317f000 r--p 0001d000 08:06 15212358                   /usr/lib/x86_64-linux-gnu/libxcb.so.1.1.0
7fdeb317f000-7fdeb3180000 rw-p 0001e000 08:06 15212358                   /usr/lib/x86_64-linux-gnu/libxcb.so.1.1.0
7fdeb3180000-7fdeb318f000 r-xp 00000000 08:06 15211204                   /usr/lib/x86_64-linux-gnu/libXi.so.6.1.0
7fdeb318f000-7fdeb338e000 ---p 0000f000 08:06 15211204                   /usr/lib/x86_64-linux-gnu/libXi.so.6.1.0
7fdeb338e000-7fdeb338f000 r--p 0000e000 08:06 15211204                   /usr/lib/x86_64-linux-gnu/libXi.so.6.1.0
7fdeb338f000-7fdeb3390000 rw-p 0000f000 08:06 15211204                   /usr/lib/x86_64-linux-gnu/libXi.so.6.1.0
7fdeb3390000-7fdeb3395000 r-xp 00000000 08:06 15211222                   /usr/lib/x86_64-linux-gnu/libXtst.so.6.1.0
7fdeb3395000-7fdeb3594000 ---p 00005000 08:06 15211222                   /usr/lib/x86_64-linux-gnu/libXtst.so.6.1.0
7fdeb3594000-7fdeb3595000 r--p 00004000 08:06 15211222                   /usr/lib/x86_64-linux-gnu/libXtst.so.6.1.0
7fdeb3595000-7fdeb3596000 rw-p 00005000 08:06 15211222                   /usr/lib/x86_64-linux-gnu/libXtst.so.6.1.0
7fdeb3596000-7fdeb359f000 r-xp 00000000 08:06 15211216                   /usr/lib/x86_64-linux-gnu/libXrender.so.1.3.0
7fdeb359f000-7fdeb379e000 ---p 00009000 08:06 15211216                   /usr/lib/x86_64-linux-gnu/libXrender.so.1.3.0
7fdeb379e000-7fdeb379f000 r--p 00008000 08:06 15211216                   /usr/lib/x86_64-linux-gnu/libXrender.so.1.3.0
7fdeb379f000-7fdeb37a0000 rw-p 00009000 08:06 15211216                   /usr/lib/x86_64-linux-gnu/libXrender.so.1.3.0
7fdeb37a0000-7fdeb38d0000 r-xp 00000000 08:06 15211179                   /usr/lib/x86_64-linux-gnu/libX11.so.6.3.0
7fdeb38d0000-7fdeb3ad0000 ---p 00130000 08:06 15211179                   /usr/lib/x86_64-linux-gnu/libX11.so.6.3.0
7fdeb3ad0000-7fdeb3ad1000 r--p 00130000 08:06 15211179                   /usr/lib/x86_64-linux-gnu/libX11.so.6.3.0
7fdeb3ad1000-7fdeb3ad5000 rw-p 00131000 08:06 15211179                   /usr/lib/x86_64-linux-gnu/libX11.so.6.3.0
7fdeb3ad5000-7fdeb3b29000 r-xp 00000000 08:06 20582307                   /usr/lib/jvm/jdk1.8.0_20/jre/lib/amd64/libawt_xawt.so
7fdeb3b29000-7fdeb3d29000 ---p 00054000 08:06 20582307                   /usr/lib/jvm/jdk1.8.0_20/jre/lib/amd64/libawt_xawt.so
7fdeb3d29000-7fdeb3d2d000 rw-p 00054000 08:06 20582307                   /usr/lib/jvm/jdk1.8.0_20/jre/lib/amd64/libawt_xawt.so
7fdeb3d2d000-7fdeb3d2e000 rw-p 00000000 00:00 0 
7fdeb3d2e000-7fdeb3dd0000 r-xp 00000000 08:06 20582293                   /usr/lib/jvm/jdk1.8.0_20/jre/lib/amd64/libawt.so
7fdeb3dd0000-7fdeb3fd0000 ---p 000a2000 08:06 20582293                   /usr/lib/jvm/jdk1.8.0_20/jre/lib/amd64/libawt.so
7fdeb3fd0000-7fdeb3fdc000 rw-p 000a2000 08:06 20582293                   /usr/lib/jvm/jdk1.8.0_20/jre/lib/amd64/libawt.so
7fdeb3fdc000-7fdeb4000000 rw-p 00000000 00:00 0 
7fdeb4000000-7fdeb4021000 rw-p 00000000 00:00 0 
7fdeb4021000-7fdeb8000000 ---p 00000000 00:00 0 
7fdeb8000000-7fdeb8021000 rw-p 00000000 00:00 0 
7fdeb8021000-7fdebc000000 ---p 00000000 00:00 0 
7fdebc000000-7fdebc021000 rw-p 00000000 00:00 0 
7fdebc021000-7fdec0000000 ---p 00000000 00:00 0 
7fdec0000000-7fdec0021000 rw-p 00000000 00:00 0 
7fdec0021000-7fdec4000000 ---p 00000000 00:00 0 
7fdec4000000-7fdec4001000 r--s 00005000 08:06 2374893                    /usr/local/development/dev-7-7/Ignition/IgnitionWebApp/target/ignition-webapp-7.7/WEB-INF/lib/commons-logging-1.0.jar
7fdec4001000-7fdec4002000 r--s 00004000 08:06 4198525                    /usr/local/development/dev-7-7/Ignition/IgnitionWebApp/target/ignition-webapp-7.7/WEB-INF/lib/bootstrap-7.7.2-SNAPSHOT-classes.jar
7fdec4002000-7fdec4003000 r--s 00004000 08:06 2374838                    /usr/local/development/dev-7-7/Ignition/IgnitionWebApp/target/ignition-webapp-7.7/WEB-INF/lib/axis-saaj-1.4.jar
7fdec4003000-7fdec4005000 r--s 00006000 08:06 2374837                    /usr/local/development/dev-7-7/Ignition/IgnitionWebApp/target/ignition-webapp-7.7/WEB-INF/lib/axis-jaxrpc-1.4.jar
7fdec4005000-7fdec4007000 r--s 0000d000 08:06 2365020                    /usr/local/development/dev-7-7/Ignition/IgnitionWebApp/target/ignition-webapp-7.7/WEB-INF/lib/avalon-framework-impl-4.2.0.jar
7fdec4007000-7fdec400f000 r--s 00049000 08:06 2374848                    /usr/local/development/dev-7-7/Ignition/IgnitionWebApp/target/ignition-webapp-7.7/WEB-INF/lib/alloy-1.4.4.ia1.jar
7fdec400f000-7fdec4011000 r--s 00003000 08:06 2374869                    /usr/local/development/dev-7-7/Ignition/IgnitionWebApp/target/ignition-webapp-7.7/WEB-INF/lib/alarm-notification-gateway-api-2.7.2-SNAPSHOT.jar
7fdec4011000-7fdec4017000 r--s 00032000 08:06 2374868                    /usr/local/development/dev-7-7/Ignition/IgnitionWebApp/target/ignition-webapp-7.7/WEB-INF/lib/alarm-notification-gateway-2.7.2-SNAPSHOT.jar
7fdec4017000-7fdec4018000 r--s 00004000 08:06 2374870                    /usr/local/development/dev-7-7/Ignition/IgnitionWebApp/target/ignition-webapp-7.7/WEB-INF/lib/alarm-notification-common-2.7.2-SNAPSHOT.jar
7fdec4018000-7fdec4022000 r--s 00036000 08:06 2374871                    /usr/local/development/dev-7-7/Ignition/IgnitionWebApp/target/ignition-webapp-7.7/WEB-INF/lib/airlink-sms-notification-2.7.2-SNAPSHOT.jar
7fdec4022000-7fdec4024000 r--s 0000d000 08:06 2374844                    /usr/local/development/dev-7-7/Ignition/IgnitionWebApp/target/ignition-webapp-7.7/WEB-INF/lib/activation-ws-1.0.0.jar
7fdec4024000-7fdec4035000 r-xp 00000000 08:06 15211196                   /usr/lib/x86_64-linux-gnu/libXext.so.6.4.0
7fdec4035000-7fdec4234000 ---p 00011000 08:06 15211196                   /usr/lib/x86_64-linux-gnu/libXext.so.6.4.0
7fdec4234000-7fdec4235000 r--p 00010000 08:06 15211196                   /usr/lib/x86_64-linux-gnu/libXext.so.6.4.0
7fdec4235000-7fdec4236000 rw-p 00011000 08:06 15211196                   /usr/lib/x86_64-linux-gnu/libXext.so.6.4.0
7fdec4236000-7fdec4238000 r--s 0000e000 08:06 2374829                    /usr/local/development/dev-7-7/Ignition/IgnitionWebApp/target/ignition-webapp-7.7/WEB-INF/lib/activation-1.1.jar
7fdec4238000-7fdec4241000 r--s 00069000 08:06 2374891                    /usr/local/development/dev-7-7/Ignition/IgnitionWebApp/target/ignition-webapp-7.7/WEB-INF/lib/ab-drivers-1.7.0-20131026.004154-8.jar
7fdec4241000-7fdec4246000 r--s 0003c000 08:06 2374835                    /usr/local/development/dev-7-7/Ignition/IgnitionWebApp/target/ignition-webapp-7.7/WEB-INF/lib/FastInfoset-1.0.2.jar
7fdec4246000-7fdec424b000 r--s 002f8000 08:06 20582247                   /usr/lib/jvm/jdk1.8.0_20/jre/lib/charsets.jar
7fdec424b000-7fdec4250000 r--s 0003f000 08:06 1185790                    /usr/lib/jvm/jdk1.8.0_20/jre/lib/ext/sunjce_provider.jar
7fdec4250000-7fdec4253000 r--s 0003a000 08:06 1185787                    /usr/lib/jvm/jdk1.8.0_20/jre/lib/ext/sunpkcs11.jar
7fdec4253000-7fdec4255000 r--s 0001a000 08:06 20582317                   /usr/lib/jvm/jdk1.8.0_20/jre/lib/jce.jar
7fdec4255000-7fdec4258000 ---p 00000000 00:00 0 
7fdec4258000-7fdec4356000 rw-p 00000000 00:00 0                          [stack:7711]
7fdec4356000-7fdec4360000 r--s 00116000 08:06 1185789                    /usr/lib/jvm/jdk1.8.0_20/jre/lib/ext/localedata.jar
7fdec4360000-7fdec437c000 r--s 00393000 08:06 1185783                    /usr/lib/jvm/jdk1.8.0_20/jre/lib/ext/cldrdata.jar
7fdec437c000-7fdec457c000 rw-p 00000000 00:00 0 
7fdec457c000-7fdec457f000 r--s 0000f000 08:06 19532219                   /usr/local/development/dev-7-6/Ignition/Servers/apache-tomcat-6.0.36/lib/tomcat-i18n-es.jar
7fdec457f000-7fdec4581000 r--s 0000b000 08:06 19532220                   /usr/local/development/dev-7-6/Ignition/Servers/apache-tomcat-6.0.36/lib/tomcat-i18n-fr.jar
7fdec4581000-7fdec4591000 r--s 0019c000 08:06 19532210                   /usr/local/development/dev-7-6/Ignition/Servers/apache-tomcat-6.0.36/lib/ecj-3.7.2.jar
7fdec4591000-7fdec4598000 r--s 000c7000 08:06 19532215                   /usr/local/development/dev-7-6/Ignition/Servers/apache-tomcat-6.0.36/lib/mysql-connector-java-5.1.23-bin.jar
7fdec4598000-7fdec45a8000 r--s 00120000 08:06 19532209                   /usr/local/development/dev-7-6/Ignition/Servers/apache-tomcat-6.0.36/lib/catalina.jar
7fdec45a8000-7fdec45a9000 ---p 00000000 00:00 0 
7fdec45a9000-7fdec46a9000 rw-p 00000000 00:00 0                          [stack:7710]
7fdec46a9000-7fdec46ac000 ---p 00000000 00:00 0 
7fdec46ac000-7fdec47aa000 rw-p 00000000 00:00 0                          [stack:7709]
7fdec47aa000-7fdec47ad000 ---p 00000000 00:00 0 
7fdec47ad000-7fdec48ab000 rw-p 00000000 00:00 0                          [stack:7708]
7fdec48ab000-7fdec48ae000 ---p 00000000 00:00 0 
7fdec48ae000-7fdec49ac000 rw-p 00000000 00:00 0                          [stack:7707]
7fdec49ac000-7fdec49bd000 r-xp 00000000 08:06 20582303                   /usr/lib/jvm/jdk1.8.0_20/jre/lib/amd64/libnio.so
7fdec49bd000-7fdec4bbc000 ---p 00011000 08:06 20582303                   /usr/lib/jvm/jdk1.8.0_20/jre/lib/amd64/libnio.so
7fdec4bbc000-7fdec4bbd000 rw-p 00010000 08:06 20582303                   /usr/lib/jvm/jdk1.8.0_20/jre/lib/amd64/libnio.so
7fdec4bbd000-7fdec4bee000 rw-p 00000000 00:00 0 
7fdec4bee000-7fdec4c04000 r-xp 00000000 08:06 20582300                   /usr/lib/jvm/jdk1.8.0_20/jre/lib/amd64/libnet.so
7fdec4c04000-7fdec4e04000 ---p 00016000 08:06 20582300                   /usr/lib/jvm/jdk1.8.0_20/jre/lib/amd64/libnet.so
7fdec4e04000-7fdec4e05000 rw-p 00016000 08:06 20582300                   /usr/lib/jvm/jdk1.8.0_20/jre/lib/amd64/libnet.so
7fdec4e05000-7fdec4e0d000 r-xp 00000000 08:06 20582308                   /usr/lib/jvm/jdk1.8.0_20/jre/lib/amd64/libmanagement.so
7fdec4e0d000-7fdec500d000 ---p 00008000 08:06 20582308                   /usr/lib/jvm/jdk1.8.0_20/jre/lib/amd64/libmanagement.so
7fdec500d000-7fdec500e000 rw-p 00008000 08:06 20582308                   /usr/lib/jvm/jdk1.8.0_20/jre/lib/amd64/libmanagement.so
7fdec500e000-7fdec5011000 ---p 00000000 00:00 0 
7fdec5011000-7fdec510f000 rw-p 00000000 00:00 0                          [stack:7706]
7fdec510f000-7fdec5112000 ---p 00000000 00:00 0 
7fdec5112000-7fdec5210000 rw-p 00000000 00:00 0                          [stack:7705]
7fdec5210000-7fdec5213000 ---p 00000000 00:00 0 
7fdec5213000-7fdec5311000 rw-p 00000000 00:00 0                          [stack:7704]
7fdec5311000-7fdec5314000 ---p 00000000 00:00 0 
7fdec5314000-7fdec5412000 rw-p 00000000 00:00 0                          [stack:7703]
7fdec5412000-7fdec5415000 ---p 00000000 00:00 0 
7fdec5415000-7fdec5513000 rw-p 00000000 00:00 0                          [stack:7702]
7fdec5513000-7fdec5516000 ---p 00000000 00:00 0 
7fdec5516000-7fdec5614000 rw-p 00000000 00:00 0 
7fdec5614000-7fdec5617000 ---p 00000000 00:00 0 
7fdec5617000-7fdec5715000 rw-p 00000000 00:00 0                          [stack:7699]
7fdec5715000-7fdec5718000 ---p 00000000 00:00 0 
7fdec5718000-7fdec5816000 rw-p 00000000 00:00 0                          [stack:7852]
7fdec5816000-7fdec581a000 r-xp 00000000 08:06 20582275                   /usr/lib/jvm/jdk1.8.0_20/jre/lib/amd64/libdt_socket.so
7fdec581a000-7fdec5a19000 ---p 00004000 08:06 20582275                   /usr/lib/jvm/jdk1.8.0_20/jre/lib/amd64/libdt_socket.so
7fdec5a19000-7fdec5a1a000 rw-p 00003000 08:06 20582275                   /usr/lib/jvm/jdk1.8.0_20/jre/lib/amd64/libdt_socket.so
7fdec5a1a000-7fdec5a1d000 ---p 00000000 00:00 0 
7fdec5a1d000-7fdec5b1b000 rw-p 00000000 00:00 0                          [stack:7696]
7fdec5b1b000-7fdec5b1e000 ---p 00000000 00:00 0 
7fdec5b1e000-7fdec5c1c000 rw-p 00000000 00:00 0                          [stack:7695]
7fdec5c1c000-7fdec5c1f000 ---p 00000000 00:00 0 
7fdec5c1f000-7fdec5d1d000 rw-p 00000000 00:00 0                          [stack:7694]
7fdec5d1d000-7fdec5d1e000 ---p 00000000 00:00 0 
7fdec5d1e000-7fdec797b000 rw-p 00000000 00:00 0                          [stack:7693]
7fdec797b000-7fdec7b50000 r--s 03ca3000 08:06 20582249                   /usr/lib/jvm/jdk1.8.0_20/jre/lib/rt.jar
7fdec7b50000-7fded0000000 rw-p 00000000 00:00 0 
7fded0000000-7fded0021000 rw-p 00000000 00:00 0 
7fded0021000-7fded4000000 ---p 00000000 00:00 0 
7fded4000000-7fded4001000 r--s 00009000 08:06 1185781                    /usr/lib/jvm/jdk1.8.0_20/jre/lib/ext/sunec.jar
7fded4001000-7fded4005000 r--s 0003a000 08:06 19532218                   /usr/local/development/dev-7-6/Ignition/Servers/apache-tomcat-6.0.36/lib/tomcat-dbcp.jar
7fded4005000-7fded4008000 r--s 0001e000 08:06 19532207                   /usr/local/development/dev-7-6/Ignition/Servers/apache-tomcat-6.0.36/lib/catalina-ha.jar
7fded4008000-7fded400f000 r--s 0007a000 08:06 19532213                   /usr/local/development/dev-7-6/Ignition/Servers/apache-tomcat-6.0.36/lib/jasper.jar
7fded400f000-7fded4019000 r--s 000b3000 08:06 19532217                   /usr/local/development/dev-7-6/Ignition/Servers/apache-tomcat-6.0.36/lib/tomcat-coyote.jar
7fded4019000-7fded48f9000 rw-p 00000000 00:00 0 
7fded48f9000-7fded48fa000 ---p 00000000 00:00 0 
7fded48fa000-7fded49fa000 rw-p 00000000 00:00 0                          [stack:7692]
7fded49fa000-7fded49fb000 ---p 00000000 00:00 0 
7fded49fb000-7fded4afb000 rw-p 00000000 00:00 0                          [stack:7691]
7fded4afb000-7fded4afc000 ---p 00000000 00:00 0 
7fded4afc000-7fded4bfc000 rw-p 00000000 00:00 0                          [stack:7690]
7fded4bfc000-7fded4bfd000 ---p 00000000 00:00 0 
7fded4bfd000-7fded4cfd000 rw-p 00000000 00:00 0                          [stack:7689]
7fded4cfd000-7fded4cfe000 ---p 00000000 00:00 0 
7fded4cfe000-7fded4dfe000 rw-p 00000000 00:00 0                          [stack:7688]
7fded4dfe000-7fded4dff000 ---p 00000000 00:00 0 
7fded4dff000-7fded4eff000 rw-p 00000000 00:00 0                          [stack:7687]
7fded4eff000-7fded4f00000 ---p 00000000 00:00 0 
7fded4f00000-7fded5000000 rw-p 00000000 00:00 0                          [stack:7686]
7fded5000000-7fded6240000 rwxp 00000000 00:00 0 
7fded6240000-7fdee4000000 ---p 00000000 00:00 0 
7fdee4000000-7fdee4834000 rw-p 00000000 00:00 0 
7fdee4834000-7fdee8000000 ---p 00000000 00:00 0 
7fdee8000000-7fdee8004000 r--s 00036000 08:06 19532208                   /usr/local/development/dev-7-6/Ignition/Servers/apache-tomcat-6.0.36/lib/catalina-tribes.jar
7fdee8004000-7fdee809b000 rw-p 00000000 00:00 0 
7fdee809b000-7fdee809c000 ---p 00000000 00:00 0 
7fdee809c000-7fdee81f0000 rw-p 00000000 00:00 0                          [stack:7685]
7fdee81f0000-7fdee86ce000 ---p 00000000 00:00 0 
7fdee86ce000-7fdee8722000 rw-p 00000000 00:00 0 
7fdee8722000-7fdee8c00000 ---p 00000000 00:00 0 
7fdee8c00000-7fdee8cd2000 rw-p 00000000 00:00 0 
7fdee8cd2000-7fdee8e99000 ---p 00000000 00:00 0 
7fdee8e99000-7fdee8ee3000 rw-p 00000000 00:00 0 
7fdee8ee3000-7fdee925a000 ---p 00000000 00:00 0 
7fdee925a000-7fdee9276000 r-xp 00000000 08:06 20582296                   /usr/lib/jvm/jdk1.8.0_20/jre/lib/amd64/libzip.so
7fdee9276000-7fdee9475000 ---p 0001c000 08:06 20582296                   /usr/lib/jvm/jdk1.8.0_20/jre/lib/amd64/libzip.so
7fdee9475000-7fdee9476000 rw-p 0001b000 08:06 20582296                   /usr/lib/jvm/jdk1.8.0_20/jre/lib/amd64/libzip.so
7fdee9476000-7fdee9481000 r-xp 00000000 08:06 15602342                   /lib/x86_64-linux-gnu/libnss_files-2.19.so
7fdee9481000-7fdee9680000 ---p 0000b000 08:06 15602342                   /lib/x86_64-linux-gnu/libnss_files-2.19.so
7fdee9680000-7fdee9681000 r--p 0000a000 08:06 15602342                   /lib/x86_64-linux-gnu/libnss_files-2.19.so
7fdee9681000-7fdee9682000 rw-p 0000b000 08:06 15602342                   /lib/x86_64-linux-gnu/libnss_files-2.19.so
7fdee9682000-7fdee968d000 r-xp 00000000 08:06 15602345                   /lib/x86_64-linux-gnu/libnss_nis-2.19.so
7fdee968d000-7fdee988c000 ---p 0000b000 08:06 15602345                   /lib/x86_64-linux-gnu/libnss_nis-2.19.so
7fdee988c000-7fdee988d000 r--p 0000a000 08:06 15602345                   /lib/x86_64-linux-gnu/libnss_nis-2.19.so
7fdee988d000-7fdee988e000 rw-p 0000b000 08:06 15602345                   /lib/x86_64-linux-gnu/libnss_nis-2.19.so
7fdee988e000-7fdee98a5000 r-xp 00000000 08:06 15602152                   /lib/x86_64-linux-gnu/libnsl-2.19.so
7fdee98a5000-7fdee9aa4000 ---p 00017000 08:06 15602152                   /lib/x86_64-linux-gnu/libnsl-2.19.so
7fdee9aa4000-7fdee9aa5000 r--p 00016000 08:06 15602152                   /lib/x86_64-linux-gnu/libnsl-2.19.so
7fdee9aa5000-7fdee9aa6000 rw-p 00017000 08:06 15602152                   /lib/x86_64-linux-gnu/libnsl-2.19.so
7fdee9aa6000-7fdee9aa8000 rw-p 00000000 00:00 0 
7fdee9aa8000-7fdee9ab1000 r-xp 00000000 08:06 15601662                   /lib/x86_64-linux-gnu/libnss_compat-2.19.so
7fdee9ab1000-7fdee9cb0000 ---p 00009000 08:06 15601662                   /lib/x86_64-linux-gnu/libnss_compat-2.19.so
7fdee9cb0000-7fdee9cb1000 r--p 00008000 08:06 15601662                   /lib/x86_64-linux-gnu/libnss_compat-2.19.so
7fdee9cb1000-7fdee9cb2000 rw-p 00009000 08:06 15601662                   /lib/x86_64-linux-gnu/libnss_compat-2.19.so
7fdee9cb2000-7fdee9f7b000 r--p 00000000 08:06 15209877                   /usr/lib/locale/locale-archive
7fdee9f7b000-7fdee9f7d000 r-xp 00000000 08:06 20582276                   /usr/lib/jvm/jdk1.8.0_20/jre/lib/amd64/libnpt.so
7fdee9f7d000-7fdeea17d000 ---p 00002000 08:06 20582276                   /usr/lib/jvm/jdk1.8.0_20/jre/lib/amd64/libnpt.so
7fdeea17d000-7fdeea17e000 rw-p 00002000 08:06 20582276                   /usr/lib/jvm/jdk1.8.0_20/jre/lib/amd64/libnpt.so
7fdeea17e000-7fdeea1b7000 r-xp 00000000 08:06 20582287                   /usr/lib/jvm/jdk1.8.0_20/jre/lib/amd64/libjdwp.so
7fdeea1b7000-7fdeea3b6000 ---p 00039000 08:06 20582287                   /usr/lib/jvm/jdk1.8.0_20/jre/lib/amd64/libjdwp.so
7fdeea3b6000-7fdeea3b8000 rw-p 00038000 08:06 20582287                   /usr/lib/jvm/jdk1.8.0_20/jre/lib/amd64/libjdwp.so
7fdeea3b8000-7fdeea3e2000 r-xp 00000000 08:06 20582291                   /usr/lib/jvm/jdk1.8.0_20/jre/lib/amd64/libjava.so
7fdeea3e2000-7fdeea5e2000 ---p 0002a000 08:06 20582291                   /usr/lib/jvm/jdk1.8.0_20/jre/lib/amd64/libjava.so
7fdeea5e2000-7fdeea5e4000 rw-p 0002a000 08:06 20582291                   /usr/lib/jvm/jdk1.8.0_20/jre/lib/amd64/libjava.so
7fdeea5e4000-7fdeea5f1000 r-xp 00000000 08:06 20582295                   /usr/lib/jvm/jdk1.8.0_20/jre/lib/amd64/libverify.so
7fdeea5f1000-7fdeea7f1000 ---p 0000d000 08:06 20582295                   /usr/lib/jvm/jdk1.8.0_20/jre/lib/amd64/libverify.so
7fdeea7f1000-7fdeea7f3000 rw-p 0000d000 08:06 20582295                   /usr/lib/jvm/jdk1.8.0_20/jre/lib/amd64/libverify.so
7fdeea7f3000-7fdeea7fa000 r-xp 00000000 08:06 15602320                   /lib/x86_64-linux-gnu/librt-2.19.so
7fdeea7fa000-7fdeea9f9000 ---p 00007000 08:06 15602320                   /lib/x86_64-linux-gnu/librt-2.19.so
7fdeea9f9000-7fdeea9fa000 r--p 00006000 08:06 15602320                   /lib/x86_64-linux-gnu/librt-2.19.so
7fdeea9fa000-7fdeea9fb000 rw-p 00007000 08:06 15602320                   /lib/x86_64-linux-gnu/librt-2.19.so
7fdeea9fb000-7fdeeab00000 r-xp 00000000 08:06 15602334                   /lib/x86_64-linux-gnu/libm-2.19.so
7fdeeab00000-7fdeeacff000 ---p 00105000 08:06 15602334                   /lib/x86_64-linux-gnu/libm-2.19.so
7fdeeacff000-7fdeead00000 r--p 00104000 08:06 15602334                   /lib/x86_64-linux-gnu/libm-2.19.so
7fdeead00000-7fdeead01000 rw-p 00105000 08:06 15602334                   /lib/x86_64-linux-gnu/libm-2.19.so
7fdeead01000-7fdeeb96b000 r-xp 00000000 08:06 20845908                   /usr/lib/jvm/jdk1.8.0_20/jre/lib/amd64/server/libjvm.so
7fdeeb96b000-7fdeebb6b000 ---p 00c6a000 08:06 20845908                   /usr/lib/jvm/jdk1.8.0_20/jre/lib/amd64/server/libjvm.so
7fdeebb6b000-7fdeebc41000 rw-p 00c6a000 08:06 20845908                   /usr/lib/jvm/jdk1.8.0_20/jre/lib/amd64/server/libjvm.so
7fdeebc41000-7fdeebc83000 rw-p 00000000 00:00 0 
7fdeebc83000-7fdeebe3e000 r-xp 00000000 08:06 15602328                   /lib/x86_64-linux-gnu/libc-2.19.so
7fdeebe3e000-7fdeec03e000 ---p 001bb000 08:06 15602328                   /lib/x86_64-linux-gnu/libc-2.19.so
7fdeec03e000-7fdeec042000 r--p 001bb000 08:06 15602328                   /lib/x86_64-linux-gnu/libc-2.19.so
7fdeec042000-7fdeec044000 rw-p 001bf000 08:06 15602328                   /lib/x86_64-linux-gnu/libc-2.19.so
7fdeec044000-7fdeec049000 rw-p 00000000 00:00 0 
7fdeec049000-7fdeec04c000 r-xp 00000000 08:06 15602352                   /lib/x86_64-linux-gnu/libdl-2.19.so
7fdeec04c000-7fdeec24b000 ---p 00003000 08:06 15602352                   /lib/x86_64-linux-gnu/libdl-2.19.so
7fdeec24b000-7fdeec24c000 r--p 00002000 08:06 15602352                   /lib/x86_64-linux-gnu/libdl-2.19.so
7fdeec24c000-7fdeec24d000 rw-p 00003000 08:06 15602352                   /lib/x86_64-linux-gnu/libdl-2.19.so
7fdeec24d000-7fdeec264000 r-xp 00000000 08:06 20061287                   /usr/lib/jvm/jdk1.8.0_20/lib/amd64/jli/libjli.so
7fdeec264000-7fdeec463000 ---p 00017000 08:06 20061287                   /usr/lib/jvm/jdk1.8.0_20/lib/amd64/jli/libjli.so
7fdeec463000-7fdeec464000 rw-p 00016000 08:06 20061287                   /usr/lib/jvm/jdk1.8.0_20/lib/amd64/jli/libjli.so
7fdeec464000-7fdeec47d000 r-xp 00000000 08:06 15602353                   /lib/x86_64-linux-gnu/libpthread-2.19.so
7fdeec47d000-7fdeec67c000 ---p 00019000 08:06 15602353                   /lib/x86_64-linux-gnu/libpthread-2.19.so
7fdeec67c000-7fdeec67d000 r--p 00018000 08:06 15602353                   /lib/x86_64-linux-gnu/libpthread-2.19.so
7fdeec67d000-7fdeec67e000 rw-p 00019000 08:06 15602353                   /lib/x86_64-linux-gnu/libpthread-2.19.so
7fdeec67e000-7fdeec682000 rw-p 00000000 00:00 0 
7fdeec682000-7fdeec6a5000 r-xp 00000000 08:06 15602330                   /lib/x86_64-linux-gnu/ld-2.19.so
7fdeec6a5000-7fdeec6a7000 r--s 0000c000 08:06 19532221                   /usr/local/development/dev-7-6/Ignition/Servers/apache-tomcat-6.0.36/lib/tomcat-i18n-ja.jar
7fdeec6a7000-7fdeec6a9000 r--s 00011000 08:06 19532214                   /usr/local/development/dev-7-6/Ignition/Servers/apache-tomcat-6.0.36/lib/jsp-api.jar
7fdeec6a9000-7fdeec6ab000 r--s 00014000 08:06 19532216                   /usr/local/development/dev-7-6/Ignition/Servers/apache-tomcat-6.0.36/lib/servlet-api.jar
7fdeec6ab000-7fdeec6ad000 r--s 0000c000 08:06 19532206                   /usr/local/development/dev-7-6/Ignition/Servers/apache-tomcat-6.0.36/lib/catalina-ant.jar
7fdeec6ad000-7fdeec77e000 rw-p 00000000 00:00 0 
7fdeec77e000-7fdeec781000 ---p 00000000 00:00 0 
7fdeec781000-7fdeec883000 rw-p 00000000 00:00 0                          [stack:7684]
7fdeec883000-7fdeec885000 r--s 00007000 08:06 19532211                   /usr/local/development/dev-7-6/Ignition/Servers/apache-tomcat-6.0.36/lib/el-api.jar
7fdeec885000-7fdeec886000 r--s 00003000 08:06 19532205                   /usr/local/development/dev-7-6/Ignition/Servers/apache-tomcat-6.0.36/lib/annotations-api.jar
7fdeec886000-7fdeec889000 r--s 00019000 08:06 19532212                   /usr/local/development/dev-7-6/Ignition/Servers/apache-tomcat-6.0.36/lib/jasper-el.jar
7fdeec889000-7fdeec88e000 r--s 00092000 08:06 20582254                   /usr/lib/jvm/jdk1.8.0_20/jre/lib/jsse.jar
7fdeec88e000-7fdeec88f000 r--s 00007000 08:06 19533431                   /usr/local/development/dev-7-6/Ignition/Servers/apache-tomcat-6.0.36/bin/tomcat-juli.jar
7fdeec88f000-7fdeec890000 r--s 00005000 08:06 19533430                   /usr/local/development/dev-7-6/Ignition/Servers/apache-tomcat-6.0.36/bin/commons-daemon.jar
7fdeec890000-7fdeec891000 r--s 00005000 08:06 19533429                   /usr/local/development/dev-7-6/Ignition/Servers/apache-tomcat-6.0.36/bin/bootstrap.jar
7fdeec891000-7fdeec898000 r--s 000c7000 08:06 1179649                    /usr/lib/jvm/jdk1.8.0_20/jre/lib/ext/mysql-connector-java-5.1.23-bin.jar
7fdeec898000-7fdeec8a0000 rw-s 00000000 08:06 6164360                    /tmp/hsperfdata_mattg/7679
7fdeec8a0000-7fdeec8a1000 rw-p 00000000 00:00 0 
7fdeec8a1000-7fdeec8a2000 r--p 00000000 00:00 0 
7fdeec8a2000-7fdeec8a4000 rw-p 00000000 00:00 0 
7fdeec8a4000-7fdeec8a5000 r--p 00022000 08:06 15602330                   /lib/x86_64-linux-gnu/ld-2.19.so
7fdeec8a5000-7fdeec8a6000 rw-p 00023000 08:06 15602330                   /lib/x86_64-linux-gnu/ld-2.19.so
7fdeec8a6000-7fdeec8a7000 rw-p 00000000 00:00 0 
7fffb5936000-7fffb5957000 rw-p 00000000 00:00 0                          [stack]
7fffb59fe000-7fffb5a00000 r-xp 00000000 00:00 0                          [vdso]
ffffffffff600000-ffffffffff601000 r-xp 00000000 00:00 0                  [vsyscall]

VM Arguments:
jvm_args: -Djava.util.logging.config.file=/home/mattg/.IntelliJIdea13/system/tomcat/Unnamed_77-Ignition/conf/logging.properties -Xdebug -Xrunjdwp:transport=dt_socket,address=127.0.0.1:51670,suspend=y,server=n -Dcom.sun.management.jmxremote= -Dcom.sun.management.jmxremote.port=1099 -Dcom.sun.management.jmxremote.ssl=false -Dcom.sun.management.jmxremote.authenticate=false -Djava.rmi.server.hostname=127.0.0.1 -Djava.util.logging.manager=org.apache.juli.ClassLoaderLogManager -Djava.endorsed.dirs=/usr/local/development/dev-7-6/Ignition/Servers/apache-tomcat-6.0.36/endorsed -Dcatalina.base=/home/mattg/.IntelliJIdea13/system/tomcat/Unnamed_77-Ignition -Dcatalina.home=/usr/local/development/dev-7-6/Ignition/Servers/apache-tomcat-6.0.36 -Djava.io.tmpdir=/usr/local/development/dev-7-6/Ignition/Servers/apache-tomcat-6.0.36/temp 
java_command: org.apache.catalina.startup.Bootstrap start
java_class_path (initial): /usr/local/development/dev-7-6/Ignition/Servers/apache-tomcat-6.0.36/bin/bootstrap.jar
Launcher Type: SUN_STANDARD

Environment Variables:
JAVA_HOME=/usr/lib/jvm/jdk1.8.0_20
CLASSPATH=/usr/local/development/dev-7-6/Ignition/Servers/apache-tomcat-6.0.36/bin/bootstrap.jar
PATH=/usr/local/sbin:/usr/local/bin:/usr/sbin:/usr/bin:/sbin:/bin:/usr/games:/usr/local/games:/usr/local/development/gradle-1.12/bin
USERNAME=mattg
LD_LIBRARY_PATH=/usr/local/development/idea-IU-135.909/bin:
SHELL=/bin/bash
DISPLAY=:0

Signal Handlers:
SIGSEGV: [libjvm.so+0xa76cd0], sa_mask[0]=11111111011111111101111111111110, sa_flags=SA_RESTART|SA_SIGINFO
SIGBUS: [libjvm.so+0xa76cd0], sa_mask[0]=11111111011111111101111111111110, sa_flags=SA_RESTART|SA_SIGINFO
SIGFPE: [libjvm.so+0x8e0d80], sa_mask[0]=11111111011111111101111111111110, sa_flags=SA_RESTART|SA_SIGINFO
SIGPIPE: [libjvm.so+0x8e0d80], sa_mask[0]=11111111011111111101111111111110, sa_flags=SA_RESTART|SA_SIGINFO
SIGXFSZ: [libjvm.so+0x8e0d80], sa_mask[0]=11111111011111111101111111111110, sa_flags=SA_RESTART|SA_SIGINFO
SIGILL: [libjvm.so+0x8e0d80], sa_mask[0]=11111111011111111101111111111110, sa_flags=SA_RESTART|SA_SIGINFO
SIGUSR1: SIG_DFL, sa_mask[0]=00000000000000000000000000000000, sa_flags=none
SIGUSR2: [libjvm.so+0x8e25b0], sa_mask[0]=00100000000000000000000000000000, sa_flags=SA_RESTART|SA_SIGINFO
SIGHUP: [libjvm.so+0x8e3970], sa_mask[0]=11111111011111111101111111111110, sa_flags=SA_RESTART|SA_SIGINFO
SIGINT: [libjvm.so+0x8e3970], sa_mask[0]=11111111011111111101111111111110, sa_flags=SA_RESTART|SA_SIGINFO
SIGTERM: [libjvm.so+0x8e3970], sa_mask[0]=11111111011111111101111111111110, sa_flags=SA_RESTART|SA_SIGINFO
SIGQUIT: [libjvm.so+0x8e3970], sa_mask[0]=11111111011111111101111111111110, sa_flags=SA_RESTART|SA_SIGINFO


---------------  S Y S T E M  ---------------

OS:DISTRIB_ID=LinuxMint
DISTRIB_RELEASE=17
DISTRIB_CODENAME=qiana
DISTRIB_DESCRIPTION="Linux Mint 17 Qiana"

uname:Linux 3.13.0-24-generic #46-Ubuntu SMP Thu Apr 10 19:11:08 UTC 2014 x86_64
libc:glibc 2.19 NPTL 2.19 
rlimit: STACK 8192k, CORE 0k, NPROC 127375, NOFILE 4096, AS infinity
load average:0.47 0.41 0.56

/proc/meminfo:
MemTotal:       16335088 kB
MemFree:         9022840 kB
Buffers:          338616 kB
Cached:          2918944 kB
SwapCached:            0 kB
Active:          4771396 kB
Inactive:        2068344 kB
Active(anon):    3586844 kB
Inactive(anon):   536704 kB
Active(file):    1184552 kB
Inactive(file):  1531640 kB
Unevictable:        1488 kB
Mlocked:            1488 kB
SwapTotal:      16676860 kB
SwapFree:       16676860 kB
Dirty:              6252 kB
Writeback:             0 kB
AnonPages:       3583704 kB
Mapped:           442660 kB
Shmem:            541372 kB
Slab:             265096 kB
SReclaimable:     216220 kB
SUnreclaim:        48876 kB
KernelStack:        6096 kB
PageTables:        48176 kB
NFS_Unstable:          0 kB
Bounce:                0 kB
WritebackTmp:          0 kB
CommitLimit:    24844404 kB
Committed_AS:    8031256 kB
VmallocTotal:   34359738367 kB
VmallocUsed:      444884 kB
VmallocChunk:   34359289148 kB
HardwareCorrupted:     0 kB
AnonHugePages:   2361344 kB
HugePages_Total:       0
HugePages_Free:        0
HugePages_Rsvd:        0
HugePages_Surp:        0
Hugepagesize:       2048 kB
DirectMap4k:       97736 kB
DirectMap2M:     2949120 kB
DirectMap1G:    13631488 kB


CPU:total 8 (4 cores per cpu, 2 threads per core) family 6 model 60 stepping 3, cmov, cx8, fxsr, mmx, sse, sse2, sse3, ssse3, sse4.1, sse4.2, popcnt, avx, avx2, aes, clmul, erms, lzcnt, ht, tsc, tscinvbit, bmi1, bmi2

/proc/cpuinfo:
processor	: 0
vendor_id	: GenuineIntel
cpu family	: 6
model		: 60
model name	: Intel(R) Core(TM) i7-4702HQ CPU @ 2.20GHz
stepping	: 3
microcode	: 0x17
cpu MHz		: 1200.000
cache size	: 6144 KB
physical id	: 0
siblings	: 8
core id		: 0
cpu cores	: 4
apicid		: 0
initial apicid	: 0
fpu		: yes
fpu_exception	: yes
cpuid level	: 13
wp		: yes
flags		: fpu vme de pse tsc msr pae mce cx8 apic sep mtrr pge mca cmov pat pse36 clflush dts acpi mmx fxsr sse sse2 ss ht tm pbe syscall nx pdpe1gb rdtscp lm constant_tsc arch_perfmon pebs bts rep_good nopl xtopology nonstop_tsc aperfmperf eagerfpu pni pclmulqdq dtes64 monitor ds_cpl vmx est tm2 ssse3 fma cx16 xtpr pdcm pcid sse4_1 sse4_2 x2apic movbe popcnt tsc_deadline_timer aes xsave avx f16c rdrand lahf_lm abm ida arat epb xsaveopt pln pts dtherm tpr_shadow vnmi flexpriority ept vpid fsgsbase tsc_adjust bmi1 avx2 smep bmi2 erms invpcid
bogomips	: 4389.87
clflush size	: 64
cache_alignment	: 64
address sizes	: 39 bits physical, 48 bits virtual
power management:

processor	: 1
vendor_id	: GenuineIntel
cpu family	: 6
model		: 60
model name	: Intel(R) Core(TM) i7-4702HQ CPU @ 2.20GHz
stepping	: 3
microcode	: 0x17
cpu MHz		: 1300.000
cache size	: 6144 KB
physical id	: 0
siblings	: 8
core id		: 1
cpu cores	: 4
apicid		: 2
initial apicid	: 2
fpu		: yes
fpu_exception	: yes
cpuid level	: 13
wp		: yes
flags		: fpu vme de pse tsc msr pae mce cx8 apic sep mtrr pge mca cmov pat pse36 clflush dts acpi mmx fxsr sse sse2 ss ht tm pbe syscall nx pdpe1gb rdtscp lm constant_tsc arch_perfmon pebs bts rep_good nopl xtopology nonstop_tsc aperfmperf eagerfpu pni pclmulqdq dtes64 monitor ds_cpl vmx est tm2 ssse3 fma cx16 xtpr pdcm pcid sse4_1 sse4_2 x2apic movbe popcnt tsc_deadline_timer aes xsave avx f16c rdrand lahf_lm abm ida arat epb xsaveopt pln pts dtherm tpr_shadow vnmi flexpriority ept vpid fsgsbase tsc_adjust bmi1 avx2 smep bmi2 erms invpcid
bogomips	: 4389.87
clflush size	: 64
cache_alignment	: 64
address sizes	: 39 bits physical, 48 bits virtual
power management:

processor	: 2
vendor_id	: GenuineIntel
cpu family	: 6
model		: 60
model name	: Intel(R) Core(TM) i7-4702HQ CPU @ 2.20GHz
stepping	: 3
microcode	: 0x17
cpu MHz		: 2201.000
cache size	: 6144 KB
physical id	: 0
siblings	: 8
core id		: 2
cpu cores	: 4
apicid		: 4
initial apicid	: 4
fpu		: yes
fpu_exception	: yes
cpuid level	: 13
wp		: yes
flags		: fpu vme de pse tsc msr pae mce cx8 apic sep mtrr pge mca cmov pat pse36 clflush dts acpi mmx fxsr sse sse2 ss ht tm pbe syscall nx pdpe1gb rdtscp lm constant_tsc arch_perfmon pebs bts rep_good nopl xtopology nonstop_tsc aperfmperf eagerfpu pni pclmulqdq dtes64 monitor ds_cpl vmx est tm2 ssse3 fma cx16 xtpr pdcm pcid sse4_1 sse4_2 x2apic movbe popcnt tsc_deadline_timer aes xsave avx f16c rdrand lahf_lm abm ida arat epb xsaveopt pln pts dtherm tpr_shadow vnmi flexpriority ept vpid fsgsbase tsc_adjust bmi1 avx2 smep bmi2 erms invpcid
bogomips	: 4389.87
clflush size	: 64
cache_alignment	: 64
address sizes	: 39 bits physical, 48 bits virtual
power management:

processor	: 3
vendor_id	: GenuineIntel
cpu family	: 6
model		: 60
model name	: Intel(R) Core(TM) i7-4702HQ CPU @ 2.20GHz
stepping	: 3
microcode	: 0x17
cpu MHz		: 2201.000
cache size	: 6144 KB
physical id	: 0
siblings	: 8
core id		: 3
cpu cores	: 4
apicid		: 6
initial apicid	: 6
fpu		: yes
fpu_exception	: yes
cpuid level	: 13
wp		: yes
flags		: fpu vme de pse tsc msr pae mce cx8 apic sep mtrr pge mca cmov pat pse36 clflush dts acpi mmx fxsr sse sse2 ss ht tm pbe syscall nx pdpe1gb rdtscp lm constant_tsc arch_perfmon pebs bts rep_good nopl xtopology nonstop_tsc aperfmperf eagerfpu pni pclmulqdq dtes64 monitor ds_cpl vmx est tm2 ssse3 fma cx16 xtpr pdcm pcid sse4_1 sse4_2 x2apic movbe popcnt tsc_deadline_timer aes xsave avx f16c rdrand lahf_lm abm ida arat epb xsaveopt pln pts dtherm tpr_shadow vnmi flexpriority ept vpid fsgsbase tsc_adjust bmi1 avx2 smep bmi2 erms invpcid
bogomips	: 4389.87
clflush size	: 64
cache_alignment	: 64
address sizes	: 39 bits physical, 48 bits virtual
power management:

processor	: 4
vendor_id	: GenuineIntel
cpu family	: 6
model		: 60
model name	: Intel(R) Core(TM) i7-4702HQ CPU @ 2.20GHz
stepping	: 3
microcode	: 0x17
cpu MHz		: 1900.000
cache size	: 6144 KB
physical id	: 0
siblings	: 8
core id		: 0
cpu cores	: 4
apicid		: 1
initial apicid	: 1
fpu		: yes
fpu_exception	: yes
cpuid level	: 13
wp		: yes
flags		: fpu vme de pse tsc msr pae mce cx8 apic sep mtrr pge mca cmov pat pse36 clflush dts acpi mmx fxsr sse sse2 ss ht tm pbe syscall nx pdpe1gb rdtscp lm constant_tsc arch_perfmon pebs bts rep_good nopl xtopology nonstop_tsc aperfmperf eagerfpu pni pclmulqdq dtes64 monitor ds_cpl vmx est tm2 ssse3 fma cx16 xtpr pdcm pcid sse4_1 sse4_2 x2apic movbe popcnt tsc_deadline_timer aes xsave avx f16c rdrand lahf_lm abm ida arat epb xsaveopt pln pts dtherm tpr_shadow vnmi flexpriority ept vpid fsgsbase tsc_adjust bmi1 avx2 smep bmi2 erms invpcid
bogomips	: 4389.87
clflush size	: 64
cache_alignment	: 64
address sizes	: 39 bits physical, 48 bits virtual
power management:

processor	: 5
vendor_id	: GenuineIntel
cpu family	: 6
model		: 60
model name	: Intel(R) Core(TM) i7-4702HQ CPU @ 2.20GHz
stepping	: 3
microcode	: 0x17
cpu MHz		: 2201.000
cache size	: 6144 KB
physical id	: 0
siblings	: 8
core id		: 1
cpu cores	: 4
apicid		: 3
initial apicid	: 3
fpu		: yes
fpu_exception	: yes
cpuid level	: 13
wp		: yes
flags		: fpu vme de pse tsc msr pae mce cx8 apic sep mtrr pge mca cmov pat pse36 clflush dts acpi mmx fxsr sse sse2 ss ht tm pbe syscall nx pdpe1gb rdtscp lm constant_tsc arch_perfmon pebs bts rep_good nopl xtopology nonstop_tsc aperfmperf eagerfpu pni pclmulqdq dtes64 monitor ds_cpl vmx est tm2 ssse3 fma cx16 xtpr pdcm pcid sse4_1 sse4_2 x2apic movbe popcnt tsc_deadline_timer aes xsave avx f16c rdrand lahf_lm abm ida arat epb xsaveopt pln pts dtherm tpr_shadow vnmi flexpriority ept vpid fsgsbase tsc_adjust bmi1 avx2 smep bmi2 erms invpcid
bogomips	: 4389.87
clflush size	: 64
cache_alignment	: 64
address sizes	: 39 bits physical, 48 bits virtual
power management:

processor	: 6
vendor_id	: GenuineIntel
cpu family	: 6
model		: 60
model name	: Intel(R) Core(TM) i7-4702HQ CPU @ 2.20GHz
stepping	: 3
microcode	: 0x17
cpu MHz		: 1700.000
cache size	: 6144 KB
physical id	: 0
siblings	: 8
core id		: 2
cpu cores	: 4
apicid		: 5
initial apicid	: 5
fpu		: yes
fpu_exception	: yes
cpuid level	: 13
wp		: yes
flags		: fpu vme de pse tsc msr pae mce cx8 apic sep mtrr pge mca cmov pat pse36 clflush dts acpi mmx fxsr sse sse2 ss ht tm pbe syscall nx pdpe1gb rdtscp lm constant_tsc arch_perfmon pebs bts rep_good nopl xtopology nonstop_tsc aperfmperf eagerfpu pni pclmulqdq dtes64 monitor ds_cpl vmx est tm2 ssse3 fma cx16 xtpr pdcm pcid sse4_1 sse4_2 x2apic movbe popcnt tsc_deadline_timer aes xsave avx f16c rdrand lahf_lm abm ida arat epb xsaveopt pln pts dtherm tpr_shadow vnmi flexpriority ept vpid fsgsbase tsc_adjust bmi1 avx2 smep bmi2 erms invpcid
bogomips	: 4389.87
clflush size	: 64
cache_alignment	: 64
address sizes	: 39 bits physical, 48 bits virtual
power management:

processor	: 7
vendor_id	: GenuineIntel
cpu family	: 6
model		: 60
model name	: Intel(R) Core(TM) i7-4702HQ CPU @ 2.20GHz
stepping	: 3
microcode	: 0x17
cpu MHz		: 1100.000
cache size	: 6144 KB
physical id	: 0
siblings	: 8
core id		: 3
cpu cores	: 4
apicid		: 7
initial apicid	: 7
fpu		: yes
fpu_exception	: yes
cpuid level	: 13
wp		: yes
flags		: fpu vme de pse tsc msr pae mce cx8 apic sep mtrr pge mca cmov pat pse36 clflush dts acpi mmx fxsr sse sse2 ss ht tm pbe syscall nx pdpe1gb rdtscp lm constant_tsc arch_perfmon pebs bts rep_good nopl xtopology nonstop_tsc aperfmperf eagerfpu pni pclmulqdq dtes64 monitor ds_cpl vmx est tm2 ssse3 fma cx16 xtpr pdcm pcid sse4_1 sse4_2 x2apic movbe popcnt tsc_deadline_timer aes xsave avx f16c rdrand lahf_lm abm ida arat epb xsaveopt pln pts dtherm tpr_shadow vnmi flexpriority ept vpid fsgsbase tsc_adjust bmi1 avx2 smep bmi2 erms invpcid
bogomips	: 4389.87
clflush size	: 64
cache_alignment	: 64
address sizes	: 39 bits physical, 48 bits virtual
power management:



Memory: 4k page, physical 16335088k(9022840k free), swap 16676860k(16676860k free)

vm_info: Java HotSpot(TM) 64-Bit Server VM (25.20-b17) for linux-amd64 JRE (1.8.0_20-ea-b17), built on Jun  4 2014 00:04:06 by "java_re" with gcc 4.3.0 20080428 (Red Hat 4.3.0-8)

time: Tue Nov 18 09:00:35 2014
elapsed time: 493 seconds (0d 0h 8m 13s)

