#
# A fatal error has been detected by the Java Runtime Environment:
#
#  SIGSEGV (0xb) at pc=0x00007fb632329f7e, pid=13357, tid=140420504995584
#
# JRE version: Java(TM) SE Runtime Environment (8.0_20-b17) (build 1.8.0_20-ea-b17)
# Java VM: Java HotSpot(TM) 64-Bit Server VM (25.20-b17 mixed mode linux-amd64 compressed oops)
# Problematic frame:
# C  [ld-linux-x86-64.so.2+0x9f7e]
#
# Failed to write core dump. Core dumps have been disabled. To enable core dumping, try "ulimit -c unlimited" before starting Java again
#
# If you would like to submit a bug report, please visit:
#   http://bugreport.sun.com/bugreport/crash.jsp
# The crash happened outside the Java Virtual Machine in native code.
# See problematic frame for where to report the bug.
#

---------------  T H R E A D  ---------------

Current thread (0x00007fb62c00d000):  JavaThread "main" [_thread_in_native, id=13362, stack(0x00007fb63241c000,0x00007fb63251d000)]

siginfo: si_signo: 11 (SIGSEGV), si_code: 1 (SEGV_MAPERR), si_addr: 0x0000000000000068

Registers:
RAX=0x0000000000000040, RBX=0x000000004c8d3d65, RCX=0x0000000000000025, RDX=0x00000000000003f3
RSP=0x00007fb632519990, RBP=0x0000000000000002, RSI=0x00007fb631924d28, RDI=0x00007fb6325209e8
R8 =0x00000000013234f5, R9 =0x00007fb6325199d0, R10=0x0000000006020400, R11=0x00007fb632519ad0
R12=0x0000000000000003, R13=0x00007fb5602c7790, R14=0x0000000000000000, R15=0x0000000000000025
RIP=0x00007fb632329f7e, EFLAGS=0x0000000000010202, CSGSFS=0x0000000000000033, ERR=0x0000000000000004
  TRAPNO=0x000000000000000e

Top of Stack: (sp=0x00007fb632519990)
0x00007fb632519990:   00007fb632519b00 00007fb631001f75
0x00007fb6325199a0:   00007fb600000002 00007fb632519ae0
0x00007fb6325199b0:   00007fb632519b70 00007fb632519d40
0x00007fb6325199c0:   00007fb61bee8960 01007fb60000000c
0x00007fb6325199d0:   0000000000000000 0000000000000000
0x00007fb6325199e0:   00007fb6325209e8 00007fb62c130410
0x00007fb6325199f0:   00007fb631931d78 0000000000000000
0x00007fb632519a00:   0000000200000000 0000000000000000
0x00007fb632519a10:   00007fb62c00d000 00007fb632519bc0
0x00007fb632519a20:   00007fb632519b70 0000000000000000
0x00007fb632519a30:   0000000000000000 00007fb5602c7bd8
0x00007fb632519a40:   00007fb5602c7850 00007fb63232a991
0x00007fb632519a50:   0000000000000000 0000000000000000
0x00007fb632519a60:   00007fb600000002 0000000000000000
0x00007fb632519a70:   00007fb600000000 00007fb5602c7850
0x00007fb632519a80:   00007fb62c00a518 00007fb63234b530
0x00007fb632519a90:   00007fb62c008a90 5543b2c21bfbb674
0x00007fb632519aa0:   00007fb619615440 00007fb5602c7bd8
0x00007fb632519ab0:   00007fb632519ae0 00007fb632519ad0
0x00007fb632519ac0:   000000004c8d3d65 00007fb62c130410
0x00007fb632519ad0:   00000000ffffffff 00007fb62c00a5d0
0x00007fb632519ae0:   0000000000000000 0000000000000000
0x00007fb632519af0:   00007fb62c00a470 00007fb62c00d000
0x00007fb632519b00:   00007fb632519c90 00007fb631048467
0x00007fb632519b10:   00007fb62c00d000 00007fb62c00a520
0x00007fb632519b20:   00007fb632519b70 00007fb632519bf0
0x00007fb632519b30:   00007fb632519cc0 00007fb632519d40
0x00007fb632519b40:   00007fb62c00d1e8 00000000024554b0
0x00007fb632519b50:   00007fb632542cc0 00007fb62c130410
0x00007fb632519b60:   0000000000000000 00007fb5602c7850
0x00007fb632519b70:   00007fb632519c50 00007fb631a57f56
0x00007fb632519b80:   0000000600000002 0000000000000000 

Instructions: (pc=0x00007fb632329f7e)
0x00007fb632329f5e:   06 41 83 e7 3f 0f 1f 44 00 00 49 8b 44 ed 00 c7
0x00007fb632329f6e:   44 24 70 00 00 00 00 48 c7 44 24 40 00 00 00 00
0x00007fb632329f7e:   48 8b 78 28 4c 39 f7 48 89 7c 24 50 0f 84 f0 00
0x00007fb632329f8e:   00 00 f6 44 24 7c 02 74 0d f6 87 14 03 00 00 03 

Register to memory mapping:

RAX=0x0000000000000040 is an unknown value
RBX=0x000000004c8d3d65 is an unknown value
RCX=0x0000000000000025 is an unknown value
RDX=0x00000000000003f3 is an unknown value
RSP=0x00007fb632519990 is pointing into the stack for thread: 0x00007fb62c00d000
RBP=0x0000000000000002 is an unknown value
RSI=0x00007fb631924d28: <offset 0x3d28> in /lib/x86_64-linux-gnu/libc.so.6 at 0x00007fb631921000
RDI=0x00007fb6325209e8 is an unknown value
R8 =0x00000000013234f5 is an unknown value
R9 =0x00007fb6325199d0 is pointing into the stack for thread: 0x00007fb62c00d000
R10=0x0000000006020400 is an unknown value
R11=0x00007fb632519ad0 is pointing into the stack for thread: 0x00007fb62c00d000
R12=0x0000000000000003 is an unknown value
R13=0x00007fb5602c7790 is an unknown value
R14=0x0000000000000000 is an unknown value
R15=0x0000000000000025 is an unknown value


Stack: [0x00007fb63241c000,0x00007fb63251d000],  sp=0x00007fb632519990,  free space=1014k
Native frames: (J=compiled Java code, j=interpreted, Vv=VM code, C=native code)
C  [ld-linux-x86-64.so.2+0x9f7e]

Java frames: (J=compiled Java code, j=interpreted, Vv=VM code)
j  java.lang.ClassLoader$NativeLibrary.unload(Ljava/lang/String;Z)V+0
j  java.lang.ClassLoader$NativeLibrary.finalize()V+87
v  ~StubRoutines::call_stub
J 1115  sun.reflect.NativeMethodAccessorImpl.invoke0(Ljava/lang/reflect/Method;Ljava/lang/Object;[Ljava/lang/Object;)Ljava/lang/Object; (0 bytes) @ 0x00007fb61c2e6d37 [0x00007fb61c2e6cc0+0x77]
J 1114 C1 sun.reflect.NativeMethodAccessorImpl.invoke(Ljava/lang/Object;[Ljava/lang/Object;)Ljava/lang/Object; (104 bytes) @ 0x00007fb61c2e838c [0x00007fb61c2e7180+0x120c]
J 483 C1 sun.reflect.DelegatingMethodAccessorImpl.invoke(Ljava/lang/Object;[Ljava/lang/Object;)Ljava/lang/Object; (10 bytes) @ 0x00007fb61c0c302c [0x00007fb61c0c2f00+0x12c]
J 480 C1 java.lang.reflect.Method.invoke(Ljava/lang/Object;[Ljava/lang/Object;)Ljava/lang/Object; (62 bytes) @ 0x00007fb61c0c52c4 [0x00007fb61c0c4ea0+0x424]
j  com.inductiveautomation.ignition.gateway.bootstrap.SRFilter.destroy()V+89
j  org.apache.catalina.core.ApplicationFilterConfig.release()V+61
j  org.apache.catalina.core.StandardContext.filterStop()Z+124
j  org.apache.catalina.core.StandardContext.stop()V+142
j  org.apache.catalina.core.ContainerBase.removeChild(Lorg/apache/catalina/Container;)V+90
j  org.apache.catalina.startup.HostConfig.undeployApps()V+77
j  org.apache.catalina.startup.HostConfig.stop()V+28
j  org.apache.catalina.startup.HostConfig.lifecycleEvent(Lorg/apache/catalina/LifecycleEvent;)V+151
j  org.apache.catalina.util.LifecycleSupport.fireLifecycleEvent(Ljava/lang/String;Ljava/lang/Object;)V+178
j  org.apache.catalina.core.ContainerBase.stop()V+60
j  org.apache.catalina.core.ContainerBase.stop()V+118
j  org.apache.catalina.core.StandardEngine.stop()V+1
j  org.apache.catalina.core.StandardService.stop()V+177
j  org.apache.catalina.core.StandardServer.stop()V+65
j  org.apache.catalina.startup.Catalina.stop()V+58
j  org.apache.catalina.startup.Catalina.start()V+198
v  ~StubRoutines::call_stub
j  sun.reflect.NativeMethodAccessorImpl.invoke0(Ljava/lang/reflect/Method;Ljava/lang/Object;[Ljava/lang/Object;)Ljava/lang/Object;+0
j  sun.reflect.NativeMethodAccessorImpl.invoke(Ljava/lang/Object;[Ljava/lang/Object;)Ljava/lang/Object;+100
J 483 C1 sun.reflect.DelegatingMethodAccessorImpl.invoke(Ljava/lang/Object;[Ljava/lang/Object;)Ljava/lang/Object; (10 bytes) @ 0x00007fb61c0c302c [0x00007fb61c0c2f00+0x12c]
J 480 C1 java.lang.reflect.Method.invoke(Ljava/lang/Object;[Ljava/lang/Object;)Ljava/lang/Object; (62 bytes) @ 0x00007fb61c0c52c4 [0x00007fb61c0c4ea0+0x424]
j  org.apache.catalina.startup.Bootstrap.start()V+37
j  org.apache.catalina.startup.Bootstrap.main([Ljava/lang/String;)V+131
v  ~StubRoutines::call_stub

---------------  P R O C E S S  ---------------

Java Threads: ( => current thread )
  0x00007fb62c0b8000 JavaThread "pool-1-thread-1" [_thread_blocked, id=13491, stack(0x00007fb5ec0f4000,0x00007fb5ec1f5000)]
  0x00007fb62c548800 JavaThread "Thread-20" daemon [_thread_blocked, id=13490, stack(0x00007fb596912000,0x00007fb596a13000)]
  0x00007fb5bc003000 JavaThread "RMI TCP Connection(idle)" daemon [_thread_blocked, id=13449, stack(0x00007fb52edd6000,0x00007fb52eed7000)]
  0x00007fb588001800 JavaThread "http-8088-2" daemon [_thread_blocked, id=13448, stack(0x00007fb52eed7000,0x00007fb52efd8000)]
  0x00007fb588004800 JavaThread "http-8088-1" daemon [_thread_in_native, id=13438, stack(0x00007fb52f4d9000,0x00007fb52f5da000)]
  0x00007fb560658800 JavaThread "ClockDriftDetector" daemon [_thread_blocked, id=13434, stack(0x00007fb52fdfe000,0x00007fb52feff000)]
  0x00007fb560655800 JavaThread "PyLib_ScriptWatcher" daemon [_thread_blocked, id=13433, stack(0x00007fb52feff000,0x00007fb530000000)]
  0x00007fb56064f800 JavaThread "PyFile_ChangeNotifier" daemon [_thread_blocked, id=13432, stack(0x00007fb5940f4000,0x00007fb5941f5000)]
  0x00007fb56064d800 JavaThread "Thread-16" daemon [_thread_in_native, id=13431, stack(0x00007fb5941f5000,0x00007fb5942f6000)]
  0x00007fb62c579000 JavaThread "TP-Monitor" daemon [_thread_blocked, id=13404, stack(0x00007fb59759d000,0x00007fb59769e000)]
  0x00007fb62c577800 JavaThread "TP-Processor4" daemon [_thread_blocked, id=13403, stack(0x00007fb59769e000,0x00007fb59779f000)]
  0x00007fb62c556000 JavaThread "TP-Processor3" daemon [_thread_blocked, id=13402, stack(0x00007fb59779f000,0x00007fb5978a0000)]
  0x00007fb62c574000 JavaThread "TP-Processor2" daemon [_thread_blocked, id=13401, stack(0x00007fb5978a0000,0x00007fb5979a1000)]
  0x00007fb62c552000 JavaThread "TP-Processor1" daemon [_thread_blocked, id=13400, stack(0x00007fb5979a1000,0x00007fb597aa2000)]
  0x00007fb62c541800 JavaThread "http-8088-Acceptor-0" daemon [_thread_blocked, id=13399, stack(0x00007fb597aa2000,0x00007fb597ba3000)]
  0x00007fb62c4d5000 JavaThread "GC Daemon" daemon [_thread_blocked, id=13397, stack(0x00007fb5ec3f5000,0x00007fb5ec4f6000)]
  0x00007fb62c43d800 JavaThread "Abandoned connection cleanup thread" daemon [_thread_blocked, id=13396, stack(0x00007fb5edbb1000,0x00007fb5edcb2000)]
  0x00007fb5ac008000 JavaThread "RMI Scheduler(0)" daemon [_thread_blocked, id=13393, stack(0x00007fb5edcb2000,0x00007fb5eddb3000)]
  0x00007fb5b0001800 JavaThread "RMI TCP Connection(idle)" daemon [_thread_blocked, id=13390, stack(0x00007fb5edeb4000,0x00007fb5edfb5000)]
  0x00007fb62c236800 JavaThread "RMI TCP Accept-0" daemon [_thread_in_native, id=13387, stack(0x00007fb5ee2b6000,0x00007fb5ee3b7000)]
  0x00007fb62c22d800 JavaThread "RMI TCP Accept-1099" daemon [_thread_in_native, id=13386, stack(0x00007fb5ee3b7000,0x00007fb5ee4b8000)]
  0x00007fb62c21c000 JavaThread "RMI TCP Accept-0" daemon [_thread_in_native, id=13385, stack(0x00007fb5ee4b8000,0x00007fb5ee5b9000)]
  0x00007fb62c0e4800 JavaThread "Service Thread" daemon [_thread_blocked, id=13384, stack(0x00007fb5eebea000,0x00007fb5eeceb000)]
  0x00007fb62c0cf800 JavaThread "C1 CompilerThread3" daemon [_thread_blocked, id=13383, stack(0x00007fb5eeceb000,0x00007fb5eedec000)]
  0x00007fb62c0cd000 JavaThread "C2 CompilerThread2" daemon [_thread_in_native, id=13382, stack(0x00007fb5eedec000,0x00007fb5eeeed000)]
  0x00007fb62c0cb800 JavaThread "C2 CompilerThread1" daemon [_thread_in_native, id=13381, stack(0x00007fb5eeeed000,0x00007fb5eefee000)]
  0x00007fb62c0c8800 JavaThread "C2 CompilerThread0" daemon [_thread_in_native, id=13380, stack(0x00007fb5eefee000,0x00007fb5ef0ef000)]
  0x00007fb62c0c6800 JavaThread "JDWP Event Helper Thread" daemon [_thread_blocked, id=13377, stack(0x00007fb5ef1f0000,0x00007fb5ef2f1000)]
  0x00007fb62c0b6000 JavaThread "Signal Dispatcher" daemon [_thread_blocked, id=13374, stack(0x00007fb5ef5f6000,0x00007fb5ef6f7000)]
  0x00007fb62c087800 JavaThread "Finalizer" daemon [_thread_blocked, id=13373, stack(0x00007fb5ef6f7000,0x00007fb5ef7f8000)]
  0x00007fb62c085800 JavaThread "Reference Handler" daemon [_thread_blocked, id=13372, stack(0x00007fb5ef7f8000,0x00007fb5ef8f9000)]
=>0x00007fb62c00d000 JavaThread "main" [_thread_in_native, id=13362, stack(0x00007fb63241c000,0x00007fb63251d000)]

Other Threads:
  0x00007fb62c07e800 VMThread [stack: 0x00007fb5ef8f9000,0x00007fb5ef9fa000] [id=13371]
  0x00007fb62c241000 WatcherThread [stack: 0x00007fb5ee1b5000,0x00007fb5ee2b6000] [id=13388]

VM state:not at safepoint (normal execution)

VM Mutex/Monitor currently owned by a thread: None

Heap:
 PSYoungGen      total 325120K, used 71310K [0x000000076ce00000, 0x0000000782800000, 0x00000007c0000000)
  eden space 309760K, 18% used [0x000000076ce00000,0x0000000770500948,0x000000077fc80000)
  from space 15360K, 97% used [0x0000000781900000,0x00000007827a30a0,0x0000000782800000)
  to   space 17408K, 0% used [0x0000000780600000,0x0000000780600000,0x0000000781700000)
 ParOldGen       total 200192K, used 23602K [0x00000006c6a00000, 0x00000006d2d80000, 0x000000076ce00000)
  object space 200192K, 11% used [0x00000006c6a00000,0x00000006c810c8a8,0x00000006d2d80000)
 Metaspace       used 50752K, capacity 51868K, committed 52096K, reserved 1093632K
  class space    used 7218K, capacity 7471K, committed 7552K, reserved 1048576K

Card table byte_map: [0x00007fb61b316000,0x00007fb61bae2000] byte_map_base: 0x00007fb617ce1000

Marking Bits: (ParMarkBitMap*) 0x00007fb6318f6c20
 Begin Bits: [0x00007fb60c350000, 0x00007fb6101a8000)
 End Bits:   [0x00007fb6101a8000, 0x00007fb614000000)

Polling page: 0x00007fb63253f000

CodeCache: size=245760Kb used=17810Kb max_used=18199Kb free=227949Kb
 bounds [0x00007fb61bea2000, 0x00007fb61d082000, 0x00007fb62aea2000]
 total_blobs=5330 nmethods=4774 adapters=478
 compilation: enabled

Compilation events (10 events):
Event: 83.271 Thread 0x00007fb62c0cf800 5796       3       java.io.ObjectStreamClass::access$502 (7 bytes)
Event: 83.271 Thread 0x00007fb62c0cf800 nmethod 5796 0x00007fb61c6daa50 code [0x00007fb61c6daba0, 0x00007fb61c6dacf0]
Event: 83.272 Thread 0x00007fb62c0cf800 5797       3       java.lang.Class::getDeclaredConstructor (16 bytes)
Event: 83.272 Thread 0x00007fb62c0cf800 nmethod 5797 0x00007fb61c8ea950 code [0x00007fb61c8eaae0, 0x00007fb61c8eace8]
Event: 83.273 Thread 0x00007fb62c0cb800 5798       4       java.io.ObjectStreamClass::getObjFieldValues (10 bytes)
Event: 83.273 Thread 0x00007fb62c0c8800 5799   !   4       java.io.ObjectOutputStream::defaultWriteFields (270 bytes)
Event: 83.273 Thread 0x00007fb62c0cf800 5801       3       java.io.ObjectOutputStream$BlockDataOutputStream::drain (45 bytes)
Event: 83.273 Thread 0x00007fb62c0cf800 nmethod 5801 0x00007fb61c860cd0 code [0x00007fb61c860e60, 0x00007fb61c861158]
Event: 83.274 Thread 0x00007fb62c0cf800 5802       3       java.io.ObjectStreamClass::hasWriteReplaceMethod (13 bytes)
Event: 83.274 Thread 0x00007fb62c0cf800 nmethod 5802 0x00007fb61c8eb3d0 code [0x00007fb61c8eb540, 0x00007fb61c8eb6f0]

GC Heap History (10 events):
Event: 4.216 GC heap before
{Heap before GC invocations=6 (full 1):
 PSYoungGen      total 184832K, used 184612K [0x000000076ce00000, 0x000000077dd00000, 0x00000007c0000000)
  eden space 175616K, 100% used [0x000000076ce00000,0x0000000777980000,0x0000000777980000)
  from space 9216K, 97% used [0x000000077d400000,0x000000077dcc91d0,0x000000077dd00000)
  to   space 10240K, 0% used [0x000000077c900000,0x000000077c900000,0x000000077d300000)
 ParOldGen       total 118784K, used 12847K [0x00000006c6a00000, 0x00000006cde00000, 0x000000076ce00000)
  object space 118784K, 10% used [0x00000006c6a00000,0x00000006c768bdd8,0x00000006cde00000)
 Metaspace       used 29196K, capacity 29650K, committed 29824K, reserved 1075200K
  class space    used 3249K, capacity 3388K, committed 3456K, reserved 1048576K
Event: 4.222 GC heap after
Heap after GC invocations=6 (full 1):
 PSYoungGen      total 242176K, used 5758K [0x000000076ce00000, 0x000000077d480000, 0x00000007c0000000)
  eden space 236032K, 0% used [0x000000076ce00000,0x000000076ce00000,0x000000077b480000)
  from space 6144K, 93% used [0x000000077c900000,0x000000077ce9fa50,0x000000077cf00000)
  to   space 5632K, 0% used [0x000000077cf00000,0x000000077cf00000,0x000000077d480000)
 ParOldGen       total 118784K, used 12855K [0x00000006c6a00000, 0x00000006cde00000, 0x000000076ce00000)
  object space 118784K, 10% used [0x00000006c6a00000,0x00000006c768ddd8,0x00000006cde00000)
 Metaspace       used 29196K, capacity 29650K, committed 29824K, reserved 1075200K
  class space    used 3249K, capacity 3388K, committed 3456K, reserved 1048576K
}
Event: 4.823 GC heap before
{Heap before GC invocations=7 (full 1):
 PSYoungGen      total 242176K, used 110637K [0x000000076ce00000, 0x000000077d480000, 0x00000007c0000000)
  eden space 236032K, 44% used [0x000000076ce00000,0x000000077346bd20,0x000000077b480000)
  from space 6144K, 93% used [0x000000077c900000,0x000000077ce9fa50,0x000000077cf00000)
  to   space 5632K, 0% used [0x000000077cf00000,0x000000077cf00000,0x000000077d480000)
 ParOldGen       total 118784K, used 12855K [0x00000006c6a00000, 0x00000006cde00000, 0x000000076ce00000)
  object space 118784K, 10% used [0x00000006c6a00000,0x00000006c768ddd8,0x00000006cde00000)
 Metaspace       used 34710K, capacity 35108K, committed 35320K, reserved 1079296K
  class space    used 4562K, capacity 4672K, committed 4736K, reserved 1048576K
Event: 4.834 GC heap after
Heap after GC invocations=7 (full 1):
 PSYoungGen      total 252928K, used 5607K [0x000000076ce00000, 0x0000000782500000, 0x00000007c0000000)
  eden space 247296K, 0% used [0x000000076ce00000,0x000000076ce00000,0x000000077bf80000)
  from space 5632K, 99% used [0x000000077cf00000,0x000000077d479fd8,0x000000077d480000)
  to   space 15872K, 0% used [0x000000077bf80000,0x000000077bf80000,0x000000077cf00000)
 ParOldGen       total 118784K, used 20256K [0x00000006c6a00000, 0x00000006cde00000, 0x000000076ce00000)
  object space 118784K, 17% used [0x00000006c6a00000,0x00000006c7dc81d0,0x00000006cde00000)
 Metaspace       used 34710K, capacity 35108K, committed 35320K, reserved 1079296K
  class space    used 4562K, capacity 4672K, committed 4736K, reserved 1048576K
}
Event: 4.834 GC heap before
{Heap before GC invocations=8 (full 2):
 PSYoungGen      total 252928K, used 5607K [0x000000076ce00000, 0x0000000782500000, 0x00000007c0000000)
  eden space 247296K, 0% used [0x000000076ce00000,0x000000076ce00000,0x000000077bf80000)
  from space 5632K, 99% used [0x000000077cf00000,0x000000077d479fd8,0x000000077d480000)
  to   space 15872K, 0% used [0x000000077bf80000,0x000000077bf80000,0x000000077cf00000)
 ParOldGen       total 118784K, used 20256K [0x00000006c6a00000, 0x00000006cde00000, 0x000000076ce00000)
  object space 118784K, 17% used [0x00000006c6a00000,0x00000006c7dc81d0,0x00000006cde00000)
 Metaspace       used 34710K, capacity 35108K, committed 35320K, reserved 1079296K
  class space    used 4562K, capacity 4672K, committed 4736K, reserved 1048576K
Event: 4.910 GC heap after
Heap after GC invocations=8 (full 2):
 PSYoungGen      total 252928K, used 0K [0x000000076ce00000, 0x0000000782500000, 0x00000007c0000000)
  eden space 247296K, 0% used [0x000000076ce00000,0x000000076ce00000,0x000000077bf80000)
  from space 5632K, 0% used [0x000000077cf00000,0x000000077cf00000,0x000000077d480000)
  to   space 15872K, 0% used [0x000000077bf80000,0x000000077bf80000,0x000000077cf00000)
 ParOldGen       total 200192K, used 23586K [0x00000006c6a00000, 0x00000006d2d80000, 0x000000076ce00000)
  object space 200192K, 11% used [0x00000006c6a00000,0x00000006c81088a8,0x00000006d2d80000)
 Metaspace       used 34710K, capacity 35108K, committed 35320K, reserved 1079296K
  class space    used 4562K, capacity 4672K, committed 4736K, reserved 1048576K
}
Event: 6.394 GC heap before
{Heap before GC invocations=9 (full 2):
 PSYoungGen      total 252928K, used 247296K [0x000000076ce00000, 0x0000000782500000, 0x00000007c0000000)
  eden space 247296K, 100% used [0x000000076ce00000,0x000000077bf80000,0x000000077bf80000)
  from space 5632K, 0% used [0x000000077cf00000,0x000000077cf00000,0x000000077d480000)
  to   space 15872K, 0% used [0x000000077bf80000,0x000000077bf80000,0x000000077cf00000)
 ParOldGen       total 200192K, used 23586K [0x00000006c6a00000, 0x00000006d2d80000, 0x000000076ce00000)
  object space 200192K, 11% used [0x00000006c6a00000,0x00000006c81088a8,0x00000006d2d80000)
 Metaspace       used 40329K, capacity 40898K, committed 41088K, reserved 1085440K
  class space    used 5844K, capacity 5968K, committed 6016K, reserved 1048576K
Event: 6.400 GC heap after
Heap after GC invocations=9 (full 2):
 PSYoungGen      total 263168K, used 6379K [0x000000076ce00000, 0x0000000782880000, 0x00000007c0000000)
  eden space 247296K, 0% used [0x000000076ce00000,0x000000076ce00000,0x000000077bf80000)
  from space 15872K, 40% used [0x000000077bf80000,0x000000077c5bad50,0x000000077cf00000)
  to   space 15872K, 0% used [0x0000000781900000,0x0000000781900000,0x0000000782880000)
 ParOldGen       total 200192K, used 23594K [0x00000006c6a00000, 0x00000006d2d80000, 0x000000076ce00000)
  object space 200192K, 11% used [0x00000006c6a00000,0x00000006c810a8a8,0x00000006d2d80000)
 Metaspace       used 40329K, capacity 40898K, committed 41088K, reserved 1085440K
  class space    used 5844K, capacity 5968K, committed 6016K, reserved 1048576K
}
Event: 32.243 GC heap before
{Heap before GC invocations=10 (full 2):
 PSYoungGen      total 263168K, used 253675K [0x000000076ce00000, 0x0000000782880000, 0x00000007c0000000)
  eden space 247296K, 100% used [0x000000076ce00000,0x000000077bf80000,0x000000077bf80000)
  from space 15872K, 40% used [0x000000077bf80000,0x000000077c5bad50,0x000000077cf00000)
  to   space 15872K, 0% used [0x0000000781900000,0x0000000781900000,0x0000000782880000)
 ParOldGen       total 200192K, used 23594K [0x00000006c6a00000, 0x00000006d2d80000, 0x000000076ce00000)
  object space 200192K, 11% used [0x00000006c6a00000,0x00000006c810a8a8,0x00000006d2d80000)
 Metaspace       used 50484K, capacity 51646K, committed 51840K, reserved 1093632K
  class space    used 7194K, capacity 7466K, committed 7552K, reserved 1048576K
Event: 32.259 GC heap after
Heap after GC invocations=10 (full 2):
 PSYoungGen      total 325120K, used 14988K [0x000000076ce00000, 0x0000000782800000, 0x00000007c0000000)
  eden space 309760K, 0% used [0x000000076ce00000,0x000000076ce00000,0x000000077fc80000)
  from space 15360K, 97% used [0x0000000781900000,0x00000007827a30a0,0x0000000782800000)
  to   space 17408K, 0% used [0x0000000780600000,0x0000000780600000,0x0000000781700000)
 ParOldGen       total 200192K, used 23602K [0x00000006c6a00000, 0x00000006d2d80000, 0x000000076ce00000)
  object space 200192K, 11% used [0x00000006c6a00000,0x00000006c810c8a8,0x00000006d2d80000)
 Metaspace       used 50484K, capacity 51646K, committed 51840K, reserved 1093632K
  class space    used 7194K, capacity 7466K, committed 7552K, reserved 1048576K
}

Deoptimization events (10 events):
Event: 83.159 Thread 0x00007fb560a19000 Uncommon trap: reason=unreached action=reinterpret pc=0x00007fb61d058254 method=org.hsqldb.lib.HsqlTimer$TaskQueue.peekTask()Lorg/hsqldb/lib/HsqlTimer$Task; @ 6
Event: 83.268 Thread 0x00007fb62c00d000 Uncommon trap: reason=bimorphic action=maybe_recompile pc=0x00007fb61c9cbf1c method=java.io.ObjectOutputStream$BlockDataOutputStream.drain()V @ 36
Event: 83.269 Thread 0x00007fb62c00d000 Uncommon trap: reason=bimorphic action=maybe_recompile pc=0x00007fb61c9cbf1c method=java.io.ObjectOutputStream$BlockDataOutputStream.drain()V @ 36
Event: 83.269 Thread 0x00007fb62c00d000 Uncommon trap: reason=class_check action=maybe_recompile pc=0x00007fb61ce4e890 method=java.io.ObjectOutputStream$BlockDataOutputStream.write([BIIZ)V @ 23
Event: 83.269 Thread 0x00007fb62c00d000 Uncommon trap: reason=bimorphic action=maybe_recompile pc=0x00007fb61c9dd034 method=java.io.ObjectOutputStream$BlockDataOutputStream.drain()V @ 36
Event: 83.270 Thread 0x00007fb62c00d000 Uncommon trap: reason=class_check action=maybe_recompile pc=0x00007fb61ce4e890 method=java.io.ObjectOutputStream$BlockDataOutputStream.write([BIIZ)V @ 23
Event: 83.271 Thread 0x00007fb62c00d000 Uncommon trap: reason=class_check action=maybe_recompile pc=0x00007fb61ce4e890 method=java.io.ObjectOutputStream$BlockDataOutputStream.write([BIIZ)V @ 23
Event: 83.271 Thread 0x00007fb62c00d000 Uncommon trap: reason=class_check action=maybe_recompile pc=0x00007fb61ce4e890 method=java.io.ObjectOutputStream$BlockDataOutputStream.write([BIIZ)V @ 23
Event: 83.273 Thread 0x00007fb62c00d000 Uncommon trap: reason=class_check action=maybe_recompile pc=0x00007fb61ce48668 method=java.io.ObjectOutputStream$BlockDataOutputStream.write([BIIZ)V @ 23
Event: 83.274 Thread 0x00007fb62c00d000 Uncommon trap: reason=bimorphic action=maybe_recompile pc=0x00007fb61c9dddc8 method=java.io.ObjectOutputStream$BlockDataOutputStream.drain()V @ 36

Internal exceptions (10 events):
Event: 83.259 Thread 0x00007fb62c00d000 Exception <a 'java/security/PrivilegedActionException'> (0x000000076f466410) thrown at [/HUDSON/workspace/8-2-build-linux-amd64/jdk8u20/526.nc/hotspot/src/share/vm/prims/jvm.cpp, line 1258]
Event: 83.259 Thread 0x00007fb62c00d000 Exception <a 'java/security/PrivilegedActionException'> (0x000000076f466e48) thrown at [/HUDSON/workspace/8-2-build-linux-amd64/jdk8u20/526.nc/hotspot/src/share/vm/prims/jvm.cpp, line 1258]
Event: 83.261 Thread 0x00007fb62c00d000 Exception <a 'java/security/PrivilegedActionException'> (0x000000076f4791e0) thrown at [/HUDSON/workspace/8-2-build-linux-amd64/jdk8u20/526.nc/hotspot/src/share/vm/prims/jvm.cpp, line 1258]
Event: 83.261 Thread 0x00007fb62c00d000 Exception <a 'java/security/PrivilegedActionException'> (0x000000076f479d80) thrown at [/HUDSON/workspace/8-2-build-linux-amd64/jdk8u20/526.nc/hotspot/src/share/vm/prims/jvm.cpp, line 1258]
Event: 83.271 Thread 0x00007fb62c00d000 Exception <a 'java/security/PrivilegedActionException'> (0x000000076f4a0880) thrown at [/HUDSON/workspace/8-2-build-linux-amd64/jdk8u20/526.nc/hotspot/src/share/vm/prims/jvm.cpp, line 1258]
Event: 83.271 Thread 0x00007fb62c00d000 Exception <a 'java/security/PrivilegedActionException'> (0x000000076f4a1860) thrown at [/HUDSON/workspace/8-2-build-linux-amd64/jdk8u20/526.nc/hotspot/src/share/vm/prims/jvm.cpp, line 1258]
Event: 83.272 Thread 0x00007fb62c00d000 Exception <a 'java/security/PrivilegedActionException'> (0x000000076f4b16b0) thrown at [/HUDSON/workspace/8-2-build-linux-amd64/jdk8u20/526.nc/hotspot/src/share/vm/prims/jvm.cpp, line 1258]
Event: 83.272 Thread 0x00007fb62c00d000 Exception <a 'java/security/PrivilegedActionException'> (0x000000076f4b2720) thrown at [/HUDSON/workspace/8-2-build-linux-amd64/jdk8u20/526.nc/hotspot/src/share/vm/prims/jvm.cpp, line 1258]
Event: 83.272 Thread 0x00007fb62c00d000 Exception <a 'java/security/PrivilegedActionException'> (0x000000076f4c2a50) thrown at [/HUDSON/workspace/8-2-build-linux-amd64/jdk8u20/526.nc/hotspot/src/share/vm/prims/jvm.cpp, line 1258]
Event: 83.272 Thread 0x00007fb62c00d000 Exception <a 'java/security/PrivilegedActionException'> (0x000000076f4c3a70) thrown at [/HUDSON/workspace/8-2-build-linux-amd64/jdk8u20/526.nc/hotspot/src/share/vm/prims/jvm.cpp, line 1258]

Events (10 events):
Event: 83.274 Thread 0x00007fb62c00d000 DEOPT UNPACKING pc=0x00007fb61bee941a sp=0x00007fb632518678 mode 1
Event: 83.274 Thread 0x00007fb62c00d000 DEOPT PACKING pc=0x00007fb61cc06b64 sp=0x00007fb632518860
Event: 83.274 Thread 0x00007fb62c00d000 DEOPT UNPACKING pc=0x00007fb61bee941a sp=0x00007fb632518620 mode 1
Event: 83.274 Thread 0x00007fb62c00d000 DEOPT PACKING pc=0x00007fb61cd0154c sp=0x00007fb632518930
Event: 83.274 Thread 0x00007fb62c00d000 DEOPT UNPACKING pc=0x00007fb61bee941a sp=0x00007fb6325186f8 mode 1
Event: 83.274 Thread 0x00007fb62c00d000 DEOPT PACKING pc=0x00007fb61cc06b64 sp=0x00007fb6325188a0
Event: 83.274 Thread 0x00007fb62c00d000 DEOPT UNPACKING pc=0x00007fb61bee941a sp=0x00007fb632518678 mode 1
Event: 83.274 Thread 0x00007fb62c00d000 Uncommon trap: trap_request=0xffffffc6 fr.pc=0x00007fb61c9dddc8
Event: 83.274 Thread 0x00007fb62c00d000 DEOPT PACKING pc=0x00007fb61c9dddc8 sp=0x00007fb63251a490
Event: 83.274 Thread 0x00007fb62c00d000 DEOPT UNPACKING pc=0x00007fb61bee9650 sp=0x00007fb63251a3d8 mode 2


Dynamic libraries:
00400000-00401000 r-xp 00000000 08:06 19938758                           /usr/lib/jvm/jdk1.8.0_20/bin/java
00600000-00601000 rw-p 00000000 08:06 19938758                           /usr/lib/jvm/jdk1.8.0_20/bin/java
02455000-02476000 rw-p 00000000 00:00 0                                  [heap]
6c6a00000-6d2d80000 rw-p 00000000 00:00 0 
6d2d80000-76ce00000 ---p 00000000 00:00 0 
76ce00000-782800000 rw-p 00000000 00:00 0 
782800000-7c0000000 ---p 00000000 00:00 0 
7c0000000-7c0760000 rw-p 00000000 00:00 0 
7c0760000-800000000 ---p 00000000 00:00 0 
7fb50c000000-7fb50c021000 rw-p 00000000 00:00 0 
7fb50c021000-7fb510000000 ---p 00000000 00:00 0 
7fb510000000-7fb510021000 rw-p 00000000 00:00 0 
7fb510021000-7fb514000000 ---p 00000000 00:00 0 
7fb514000000-7fb514024000 rw-p 00000000 00:00 0 
7fb514024000-7fb518000000 ---p 00000000 00:00 0 
7fb518000000-7fb518021000 rw-p 00000000 00:00 0 
7fb518021000-7fb51c000000 ---p 00000000 00:00 0 
7fb51c000000-7fb51c021000 rw-p 00000000 00:00 0 
7fb51c021000-7fb520000000 ---p 00000000 00:00 0 
7fb520000000-7fb520220000 rw-p 00000000 00:00 0 
7fb520220000-7fb524000000 ---p 00000000 00:00 0 
7fb524000000-7fb524021000 rw-p 00000000 00:00 0 
7fb524021000-7fb528000000 ---p 00000000 00:00 0 
7fb528000000-7fb528021000 rw-p 00000000 00:00 0 
7fb528021000-7fb52c000000 ---p 00000000 00:00 0 
7fb52ecd5000-7fb52ecd8000 ---p 00000000 00:00 0 
7fb52ecd8000-7fb52edd6000 rw-p 00000000 00:00 0 
7fb52edd6000-7fb52edd9000 ---p 00000000 00:00 0 
7fb52edd9000-7fb52eed7000 rw-p 00000000 00:00 0                          [stack:13449]
7fb52eed7000-7fb52eeda000 ---p 00000000 00:00 0 
7fb52eeda000-7fb52f158000 rw-p 00000000 00:00 0                          [stack:13448]
7fb52f158000-7fb52f1d8000 ---p 00000000 00:00 0 
7fb52f1d8000-7fb52f3d8000 rw-p 00000000 00:00 0 
7fb52f3d8000-7fb52f3db000 ---p 00000000 00:00 0 
7fb52f3db000-7fb52f4d9000 rw-p 00000000 00:00 0 
7fb52f4d9000-7fb52f4dc000 ---p 00000000 00:00 0 
7fb52f4dc000-7fb52f5da000 rw-p 00000000 00:00 0                          [stack:13438]
7fb52f5da000-7fb52f5f1000 r-xp 00000000 08:06 15602148                   /lib/x86_64-linux-gnu/libresolv-2.19.so
7fb52f5f1000-7fb52f7f1000 ---p 00017000 08:06 15602148                   /lib/x86_64-linux-gnu/libresolv-2.19.so
7fb52f7f1000-7fb52f7f2000 r--p 00017000 08:06 15602148                   /lib/x86_64-linux-gnu/libresolv-2.19.so
7fb52f7f2000-7fb52f7f3000 rw-p 00018000 08:06 15602148                   /lib/x86_64-linux-gnu/libresolv-2.19.so
7fb52f7f3000-7fb52f7f5000 rw-p 00000000 00:00 0 
7fb52f7f5000-7fb52f7fa000 r-xp 00000000 08:06 15602324                   /lib/x86_64-linux-gnu/libnss_dns-2.19.so
7fb52f7fa000-7fb52f9f9000 ---p 00005000 08:06 15602324                   /lib/x86_64-linux-gnu/libnss_dns-2.19.so
7fb52f9f9000-7fb52f9fa000 r--p 00004000 08:06 15602324                   /lib/x86_64-linux-gnu/libnss_dns-2.19.so
7fb52f9fa000-7fb52f9fb000 rw-p 00005000 08:06 15602324                   /lib/x86_64-linux-gnu/libnss_dns-2.19.so
7fb52f9fb000-7fb52f9fd000 r-xp 00000000 08:06 15601607                   /lib/x86_64-linux-gnu/libnss_mdns4_minimal.so.2
7fb52f9fd000-7fb52fbfc000 ---p 00002000 08:06 15601607                   /lib/x86_64-linux-gnu/libnss_mdns4_minimal.so.2
7fb52fbfc000-7fb52fbfd000 r--p 00001000 08:06 15601607                   /lib/x86_64-linux-gnu/libnss_mdns4_minimal.so.2
7fb52fbfd000-7fb52fbfe000 rw-p 00002000 08:06 15601607                   /lib/x86_64-linux-gnu/libnss_mdns4_minimal.so.2
7fb52fbfe000-7fb52fdfe000 rw-p 00000000 00:00 0 
7fb52fdfe000-7fb52fe01000 ---p 00000000 00:00 0 
7fb52fe01000-7fb52feff000 rw-p 00000000 00:00 0                          [stack:13434]
7fb52feff000-7fb52ff02000 ---p 00000000 00:00 0 
7fb52ff02000-7fb530000000 rw-p 00000000 00:00 0                          [stack:13433]
7fb530000000-7fb530021000 rw-p 00000000 00:00 0 
7fb530021000-7fb534000000 ---p 00000000 00:00 0 
7fb534000000-7fb534021000 rw-p 00000000 00:00 0 
7fb534021000-7fb538000000 ---p 00000000 00:00 0 
7fb538000000-7fb538021000 rw-p 00000000 00:00 0 
7fb538021000-7fb53c000000 ---p 00000000 00:00 0 
7fb53c000000-7fb53c021000 rw-p 00000000 00:00 0 
7fb53c021000-7fb540000000 ---p 00000000 00:00 0 
7fb540000000-7fb540021000 rw-p 00000000 00:00 0 
7fb540021000-7fb544000000 ---p 00000000 00:00 0 
7fb544000000-7fb544021000 rw-p 00000000 00:00 0 
7fb544021000-7fb548000000 ---p 00000000 00:00 0 
7fb548000000-7fb548021000 rw-p 00000000 00:00 0 
7fb548021000-7fb54c000000 ---p 00000000 00:00 0 
7fb54c000000-7fb54c03e000 rw-p 00000000 00:00 0 
7fb54c03e000-7fb550000000 ---p 00000000 00:00 0 
7fb550000000-7fb550021000 rw-p 00000000 00:00 0 
7fb550021000-7fb554000000 ---p 00000000 00:00 0 
7fb554000000-7fb554021000 rw-p 00000000 00:00 0 
7fb554021000-7fb558000000 ---p 00000000 00:00 0 
7fb558000000-7fb5580f9000 rw-p 00000000 00:00 0 
7fb5580f9000-7fb55c000000 ---p 00000000 00:00 0 
7fb55c000000-7fb55c021000 rw-p 00000000 00:00 0 
7fb55c021000-7fb560000000 ---p 00000000 00:00 0 
7fb560000000-7fb56109e000 rw-p 00000000 00:00 0 
7fb56109e000-7fb564000000 ---p 00000000 00:00 0 
7fb564000000-7fb564021000 rw-p 00000000 00:00 0 
7fb564021000-7fb568000000 ---p 00000000 00:00 0 
7fb568000000-7fb568021000 rw-p 00000000 00:00 0 
7fb568021000-7fb56c000000 ---p 00000000 00:00 0 
7fb56c000000-7fb56c021000 rw-p 00000000 00:00 0 
7fb56c021000-7fb570000000 ---p 00000000 00:00 0 
7fb570000000-7fb570021000 rw-p 00000000 00:00 0 
7fb570021000-7fb574000000 ---p 00000000 00:00 0 
7fb574000000-7fb574021000 rw-p 00000000 00:00 0 
7fb574021000-7fb578000000 ---p 00000000 00:00 0 
7fb578000000-7fb578074000 rw-p 00000000 00:00 0 
7fb578074000-7fb57c000000 ---p 00000000 00:00 0 
7fb57c000000-7fb57c021000 rw-p 00000000 00:00 0 
7fb57c021000-7fb580000000 ---p 00000000 00:00 0 
7fb580000000-7fb580021000 rw-p 00000000 00:00 0 
7fb580021000-7fb584000000 ---p 00000000 00:00 0 
7fb584000000-7fb584021000 rw-p 00000000 00:00 0 
7fb584021000-7fb588000000 ---p 00000000 00:00 0 
7fb588000000-7fb588021000 rw-p 00000000 00:00 0 
7fb588021000-7fb58c000000 ---p 00000000 00:00 0 
7fb58c000000-7fb58c021000 rw-p 00000000 00:00 0 
7fb58c021000-7fb590000000 ---p 00000000 00:00 0 
7fb590000000-7fb5901a4000 rw-p 00000000 00:00 0 
7fb5901a4000-7fb594000000 ---p 00000000 00:00 0 
7fb5940f4000-7fb5940f7000 ---p 00000000 00:00 0 
7fb5940f7000-7fb5941f5000 rw-p 00000000 00:00 0                          [stack:13432]
7fb5941f5000-7fb5941f8000 ---p 00000000 00:00 0 
7fb5941f8000-7fb5944f6000 rw-p 00000000 00:00 0                          [stack:13431]
7fb5944f6000-7fb5944f9000 ---p 00000000 00:00 0 
7fb5944f9000-7fb5945f7000 rw-p 00000000 00:00 0 
7fb5945f7000-7fb5945fa000 ---p 00000000 00:00 0 
7fb5945fa000-7fb5946f8000 rw-p 00000000 00:00 0 
7fb5946f8000-7fb5946fb000 ---p 00000000 00:00 0 
7fb5946fb000-7fb5947f9000 rw-p 00000000 00:00 0 
7fb5948dc000-7fb5948df000 ---p 00000000 00:00 0 
7fb5948df000-7fb594bdd000 rw-p 00000000 00:00 0 
7fb594bdd000-7fb594be0000 ---p 00000000 00:00 0 
7fb594be0000-7fb594cde000 rw-p 00000000 00:00 0 
7fb594cde000-7fb594ce1000 ---p 00000000 00:00 0 
7fb594ce1000-7fb594ddf000 rw-p 00000000 00:00 0 
7fb594ddf000-7fb594de2000 ---p 00000000 00:00 0 
7fb594de2000-7fb594ee0000 rw-p 00000000 00:00 0 
7fb594ee0000-7fb594ee3000 ---p 00000000 00:00 0 
7fb594ee3000-7fb594fe1000 rw-p 00000000 00:00 0 
7fb594fe1000-7fb594fe4000 ---p 00000000 00:00 0 
7fb594fe4000-7fb5950e2000 rw-p 00000000 00:00 0 
7fb5950e2000-7fb5950e5000 ---p 00000000 00:00 0 
7fb5950e5000-7fb5951e3000 rw-p 00000000 00:00 0 
7fb5951e3000-7fb5951e6000 ---p 00000000 00:00 0 
7fb5951e6000-7fb5954e4000 rw-p 00000000 00:00 0 
7fb5954e4000-7fb5956e4000 rw-p 00000000 00:00 0 
7fb5956e4000-7fb5956eb000 r--s 00000000 08:06 15863595                   /usr/lib/x86_64-linux-gnu/gconv/gconv-modules.cache
7fb5957f9000-7fb5959f9000 rw-p 00000000 00:00 0 
7fb5959f9000-7fb595bf9000 rw-p 00000000 00:00 0 
7fb595bf9000-7fb595df9000 rw-p 00000000 00:00 0 
7fb595df9000-7fb595dfc000 ---p 00000000 00:00 0 
7fb595dfc000-7fb5960fa000 rw-p 00000000 00:00 0 
7fb5960fa000-7fb5962fa000 rw-p 00000000 00:00 0 
7fb5962fa000-7fb5962fc000 r--s 00003000 08:06 659381                     /usr/local/development/dev-7-7/Ignition/IgnitionWebApp/src/main/home/temp/sfc-gateway-api6780052317435381614.jar
7fb5962fc000-7fb5962ff000 r--s 00019000 08:06 659380                     /usr/local/development/dev-7-7/Ignition/IgnitionWebApp/src/main/home/temp/sfc-gateway3549570643061691182.jar
7fb5962ff000-7fb596302000 r--s 00016000 08:06 659379                     /usr/local/development/dev-7-7/Ignition/IgnitionWebApp/src/main/home/temp/sfc-common1906488410685641659.jar
7fb596302000-7fb596306000 r--s 000be000 08:06 658865                     /usr/local/development/dev-7-7/Ignition/IgnitionWebApp/src/main/home/temp/vis-gateway2688282566428825912.jar
7fb596306000-7fb59630e000 r--s 0009e000 08:06 657830                     /usr/local/development/dev-7-7/Ignition/IgnitionWebApp/src/main/home/temp/secsgem-gateway6428843916052574328.jar
7fb59630e000-7fb59650e000 rw-p 00000000 00:00 0 
7fb596710000-7fb596713000 ---p 00000000 00:00 0 
7fb596713000-7fb596811000 rw-p 00000000 00:00 0 
7fb596811000-7fb596814000 ---p 00000000 00:00 0 
7fb596814000-7fb596912000 rw-p 00000000 00:00 0 
7fb596912000-7fb596915000 ---p 00000000 00:00 0 
7fb596915000-7fb596c13000 rw-p 00000000 00:00 0                          [stack:13490]
7fb596c13000-7fb596c26000 r--s 00345000 08:06 20582253                   /usr/lib/jvm/jdk1.8.0_20/jre/lib/resources.jar
7fb596c26000-7fb596c29000 ---p 00000000 00:00 0 
7fb596c29000-7fb596f28000 rw-p 00000000 00:00 0 
7fb596f28000-7fb596f29000 r--s 00002000 08:06 658870                     /usr/local/development/dev-7-7/Ignition/IgnitionWebApp/src/main/home/temp/vis-common1038996915965280214.jar
7fb596f29000-7fb596f2a000 r--s 00004000 08:06 658859                     /usr/local/development/dev-7-7/Ignition/IgnitionWebApp/src/main/home/temp/secsgem-shared4246296320572477109.jar
7fb596f2a000-7fb596f2b000 r--s 00000000 08:06 2365020                    /usr/local/development/dev-7-7/Ignition/IgnitionWebApp/target/ignition-webapp-7.7/WEB-INF/lib/xopc-common-2.7.2-20141104.213412-19.jar
7fb596f2b000-7fb596f43000 r--s 000f7000 08:06 2365016                    /usr/local/development/dev-7-7/Ignition/IgnitionWebApp/target/ignition-webapp-7.7/WEB-INF/lib/xopc-2.7.2-20141104.213433-19.jar
7fb596f43000-7fb596f50000 r--s 000a0000 08:06 2365222                    /usr/local/development/dev-7-7/Ignition/IgnitionWebApp/target/ignition-webapp-7.7/WEB-INF/lib/winpack-3.8.3.jar
7fb596f50000-7fb596f5a000 r--s 0005c000 08:06 2364945                    /usr/local/development/dev-7-7/Ignition/IgnitionWebApp/target/ignition-webapp-7.7/WEB-INF/lib/wicket-util-6.1.1.jar
7fb596f5a000-7fb596f5d000 r--s 00012000 08:06 2364946                    /usr/local/development/dev-7-7/Ignition/IgnitionWebApp/target/ignition-webapp-7.7/WEB-INF/lib/wicket-request-6.1.1.jar
7fb596f5d000-7fb596f6f000 r--s 00138000 08:06 2364948                    /usr/local/development/dev-7-7/Ignition/IgnitionWebApp/target/ignition-webapp-7.7/WEB-INF/lib/wicket-extensions-6.1.1.jar
7fb596f6f000-7fb596f72000 r--s 00038000 08:06 2364947                    /usr/local/development/dev-7-7/Ignition/IgnitionWebApp/target/ignition-webapp-7.7/WEB-INF/lib/wicket-datetime-6.1.1.jar
7fb596f72000-7fb596f95000 r--s 001a3000 08:06 2364944                    /usr/local/development/dev-7-7/Ignition/IgnitionWebApp/target/ignition-webapp-7.7/WEB-INF/lib/wicket-core-6.1.1.jar
7fb596f95000-7fb596f97000 r--s 0012e000 08:06 2365207                    /usr/local/development/dev-7-7/Ignition/IgnitionWebApp/target/ignition-webapp-7.7/WEB-INF/lib/voice-cmu-slt-hsmm-5.0.jar
7fb596f97000-7fb596f98000 r--s 00006000 08:06 2365022                    /usr/local/development/dev-7-7/Ignition/IgnitionWebApp/target/ignition-webapp-7.7/WEB-INF/lib/user-manual-module-1.7.0-20131026.004611-6.jar
7fb596f98000-7fb596f99000 r--s 00268000 08:06 2365208                    /usr/local/development/dev-7-7/Ignition/IgnitionWebApp/target/ignition-webapp-7.7/WEB-INF/lib/ttsengine-ivona-2.7.2-20141104.214148-19.jar
7fb596f99000-7fb596f9c000 r--s 00017000 08:06 2365002                    /usr/local/development/dev-7-7/Ignition/IgnitionWebApp/target/ignition-webapp-7.7/WEB-INF/lib/timingframework-1.0.jar
7fb596f9c000-7fb596f9e000 r--s 00001000 08:06 2364734                    /usr/local/development/dev-7-7/Ignition/IgnitionWebApp/target/ignition-webapp-7.7/WEB-INF/lib/slf4j-log4j12-1.7.5.jar
7fb596f9e000-7fb596fa0000 r--s 00005000 08:06 2364733                    /usr/local/development/dev-7-7/Ignition/IgnitionWebApp/target/ignition-webapp-7.7/WEB-INF/lib/slf4j-api-1.7.5.jar
7fb596fa0000-7fb596faa000 r--s 00061000 08:06 2365204                    /usr/local/development/dev-7-7/Ignition/IgnitionWebApp/target/ignition-webapp-7.7/WEB-INF/lib/sip-notification-2.7.2-20141104.214142-19.jar
7fb596faa000-7fb596fad000 r--s 0001f000 08:06 4198523                    /usr/local/development/dev-7-7/Ignition/IgnitionWebApp/target/ignition-webapp-7.7/WEB-INF/lib/simple-orm-7.7.2-SNAPSHOT.jar
7fb596fad000-7fb596faf000 r--s 00003000 08:06 2365213                    /usr/local/development/dev-7-7/Ignition/IgnitionWebApp/target/ignition-webapp-7.7/WEB-INF/lib/sfc-gateway-api-1.7.1-SNAPSHOT.jar
7fb596faf000-7fb596fb2000 r--s 00019000 08:06 2365212                    /usr/local/development/dev-7-7/Ignition/IgnitionWebApp/target/ignition-webapp-7.7/WEB-INF/lib/sfc-gateway-1.7.1-SNAPSHOT.jar
7fb596fb2000-7fb596fb5000 r--s 00016000 08:06 2365214                    /usr/local/development/dev-7-7/Ignition/IgnitionWebApp/target/ignition-webapp-7.7/WEB-INF/lib/sfc-common-1.7.1-SNAPSHOT.jar
7fb596fb5000-7fb596fb7000 r--s 0000f000 08:06 2365217                    /usr/local/development/dev-7-7/Ignition/IgnitionWebApp/target/ignition-webapp-7.7/WEB-INF/lib/serialio-8.7.0.jar
7fb596fb7000-7fb596fb9000 r--s 00028000 08:06 2365215                    /usr/local/development/dev-7-7/Ignition/IgnitionWebApp/target/ignition-webapp-7.7/WEB-INF/lib/serial-support-gateway-2.7.2-20141104.214033-19.jar
7fb596fb9000-7fb596fbb000 r--s 00002000 08:06 2365216                    /usr/local/development/dev-7-7/Ignition/IgnitionWebApp/target/ignition-webapp-7.7/WEB-INF/lib/serial-support-common-2.7.2-20141104.214027-19.jar
7fb596fbb000-7fb596fc0000 r--s 0003e000 08:06 2364955                    /usr/local/development/dev-7-7/Ignition/IgnitionWebApp/target/ignition-webapp-7.7/WEB-INF/lib/saaj-impl-1.3.jar
7fb596fc0000-7fb596fc2000 r--s 00003000 08:06 2364956                    /usr/local/development/dev-7-7/Ignition/IgnitionWebApp/target/ignition-webapp-7.7/WEB-INF/lib/saaj-api-1.3.jar
7fb596fc2000-7fb596fcc000 r--s 0005c000 08:06 2365219                    /usr/local/development/dev-7-7/Ignition/IgnitionWebApp/target/ignition-webapp-7.7/WEB-INF/lib/opccom-gateway-2.7.2-20141104.213642-1.jar
7fb596fcc000-7fb596fcd000 r--s 00001000 08:06 2365218                    /usr/local/development/dev-7-7/Ignition/IgnitionWebApp/target/ignition-webapp-7.7/WEB-INF/lib/opccom-common-2.7.2-20141104.213635-1.jar
7fb596fcd000-7fb596fd2000 r--s 00086000 08:06 2365210                    /usr/local/development/dev-7-7/Ignition/IgnitionWebApp/target/ignition-webapp-7.7/WEB-INF/lib/mobile-gateway-2.7.2-20141104.213623-19.jar
7fb596fd2000-7fb596fd4000 r--s 00002000 08:06 2365211                    /usr/local/development/dev-7-7/Ignition/IgnitionWebApp/target/ignition-webapp-7.7/WEB-INF/lib/mobile-common-2.7.2-20141104.213605-19.jar
7fb596fd4000-7fb596fd5000 r--s 00003000 08:06 2365006                    /usr/local/development/dev-7-7/Ignition/IgnitionWebApp/target/ignition-webapp-7.7/WEB-INF/lib/miglayout-swing-4.2.jar
7fb596fd5000-7fb596fd7000 r--s 0000f000 08:06 2365007                    /usr/local/development/dev-7-7/Ignition/IgnitionWebApp/target/ignition-webapp-7.7/WEB-INF/lib/miglayout-core-4.2.jar
7fb596fd7000-7fb596fda000 r--s 00012000 08:06 2364935                    /usr/local/development/dev-7-7/Ignition/IgnitionWebApp/target/ignition-webapp-7.7/WEB-INF/lib/metrics-core-3.0.1.jar
7fb596fda000-7fb597049000 r--s 007bb000 08:06 2365205                    /usr/local/development/dev-7-7/Ignition/IgnitionWebApp/target/ignition-webapp-7.7/WEB-INF/lib/marytts-server-5.0.jar
7fb597049000-7fb59704c000 r--s 0069c000 08:06 2365206                    /usr/local/development/dev-7-7/Ignition/IgnitionWebApp/target/ignition-webapp-7.7/WEB-INF/lib/marytts-lang-en-5.0.jar
7fb59704c000-7fb597054000 r--s 00075000 08:06 2364951                    /usr/local/development/dev-7-7/Ignition/IgnitionWebApp/target/ignition-webapp-7.7/WEB-INF/lib/mail-1.4.5.jar
7fb597054000-7fb59705b000 r--s 00059000 08:06 2364732                    /usr/local/development/dev-7-7/Ignition/IgnitionWebApp/target/ignition-webapp-7.7/WEB-INF/lib/log4j-1.2.15.jar
7fb59705b000-7fb5970f8000 r--s 0082e000 08:06 2364728                    /usr/local/development/dev-7-7/Ignition/IgnitionWebApp/target/ignition-webapp-7.7/WEB-INF/lib/jython-2.5.3-guava-upgrade.jar
7fb5970f8000-7fb5970f9000 r--s 00001000 08:06 2364765                    /usr/local/development/dev-7-7/Ignition/IgnitionWebApp/target/ignition-webapp-7.7/WEB-INF/lib/jul-to-slf4j-1.7.5.jar
7fb5970f9000-7fb5970ff000 r--s 00036000 08:06 2364949                    /usr/local/development/dev-7-7/Ignition/IgnitionWebApp/target/ignition-webapp-7.7/WEB-INF/lib/jquery-ui-core-6.1.0.jar
7fb5970ff000-7fb59710e000 r--s 0007c000 08:06 2364936                    /usr/local/development/dev-7-7/Ignition/IgnitionWebApp/target/ignition-webapp-7.7/WEB-INF/lib/joda-time-2.0.jar
7fb59710e000-7fb597112000 r--s 00037000 08:06 2365221                    /usr/local/development/dev-7-7/Ignition/IgnitionWebApp/target/ignition-webapp-7.7/WEB-INF/lib/jniwrap-3.8.3.jar
7fb597112000-7fb597114000 r--s 00011000 08:06 2365015                    /usr/local/development/dev-7-7/Ignition/IgnitionWebApp/target/ignition-webapp-7.7/WEB-INF/lib/jide-shortcut-3.5.13.jar
7fb597114000-7fb597118000 r--s 00022000 08:06 2365010                    /usr/local/development/dev-7-7/Ignition/IgnitionWebApp/target/ignition-webapp-7.7/WEB-INF/lib/jide-plaf-3.5.13.jar
7fb597118000-7fb59713e000 r--s 001da000 08:06 2365009                    /usr/local/development/dev-7-7/Ignition/IgnitionWebApp/target/ignition-webapp-7.7/WEB-INF/lib/jide-grids-3.5.13.jar
7fb59713e000-7fb597148000 r--s 00061000 08:06 2365014                    /usr/local/development/dev-7-7/Ignition/IgnitionWebApp/target/ignition-webapp-7.7/WEB-INF/lib/jide-editor-3.5.13.jar
7fb597148000-7fb59714e000 r--s 0004f000 08:06 2365013                    /usr/local/development/dev-7-7/Ignition/IgnitionWebApp/target/ignition-webapp-7.7/WEB-INF/lib/jide-dock-3.5.13.jar
7fb59714e000-7fb597150000 r--s 0000c000 08:06 2365012                    /usr/local/development/dev-7-7/Ignition/IgnitionWebApp/target/ignition-webapp-7.7/WEB-INF/lib/jide-dialogs-3.5.13.jar
7fb597150000-7fb597158000 r--s 00055000 08:06 2365008                    /usr/local/development/dev-7-7/Ignition/IgnitionWebApp/target/ignition-webapp-7.7/WEB-INF/lib/jide-components-3.5.13.jar
7fb597158000-7fb597175000 r--s 00155000 08:06 2364766                    /usr/local/development/dev-7-7/Ignition/IgnitionWebApp/target/ignition-webapp-7.7/WEB-INF/lib/jide-common-3.5.13.jar
7fb597175000-7fb59717a000 r--s 0002f000 08:06 2365011                    /usr/local/development/dev-7-7/Ignition/IgnitionWebApp/target/ignition-webapp-7.7/WEB-INF/lib/jide-action-3.5.13.jar
7fb59717a000-7fb59718e000 r--s 0017c000 08:06 2365004                    /usr/local/development/dev-7-7/Ignition/IgnitionWebApp/target/ignition-webapp-7.7/WEB-INF/lib/jfreechart-min-1.0.0.jar
7fb59718e000-7fb597190000 r--s 00004000 08:06 2364991                    /usr/local/development/dev-7-7/Ignition/IgnitionWebApp/target/ignition-webapp-7.7/WEB-INF/lib/jaxrpc-spi-1.1.3_01.jar
7fb597190000-7fb5971ad000 r--s 001ea000 08:06 2364953                    /usr/local/development/dev-7-7/Ignition/IgnitionWebApp/target/ignition-webapp-7.7/WEB-INF/lib/jaxrpc-impl-1.1.3_01.jar
7fb5971ad000-7fb5971af000 r--s 00005000 08:06 2364954                    /usr/local/development/dev-7-7/Ignition/IgnitionWebApp/target/ignition-webapp-7.7/WEB-INF/lib/jaxrpc-api-1.1.jar
7fb5971af000-7fb5971ba000 r--s 00073000 08:06 2365018                    /usr/local/development/dev-7-7/Ignition/IgnitionWebApp/target/ignition-webapp-7.7/WEB-INF/lib/ia-opcua-2.7.2-20141104.213404-19.jar
7fb5971ba000-7fb5971c8000 r--s 0014e000 08:06 2364950                    /usr/local/development/dev-7-7/Ignition/IgnitionWebApp/target/ignition-webapp-7.7/WEB-INF/lib/hsqldb-2.2.9.jar
7fb5971c8000-7fb5971ec000 r--s 001aa000 08:06 2364726                    /usr/local/development/dev-7-7/Ignition/IgnitionWebApp/target/ignition-webapp-7.7/WEB-INF/lib/guava-13.0.1.jar
7fb5971ec000-7fb597211000 r--s 00155000 08:06 4198538                    /usr/local/development/dev-7-7/Ignition/IgnitionWebApp/target/ignition-webapp-7.7/WEB-INF/lib/gateway-api-7.7.2-SNAPSHOT.jar
7fb597211000-7fb597246000 r--s 00273000 08:06 4198524                    /usr/local/development/dev-7-7/Ignition/IgnitionWebApp/target/ignition-webapp-7.7/WEB-INF/lib/gateway-7.7.2-SNAPSHOT.jar
7fb597246000-7fb59729c000 r--s 00512000 08:06 4198539                    /usr/local/development/dev-7-7/Ignition/IgnitionWebApp/target/ignition-webapp-7.7/WEB-INF/lib/designer-7.7.2-SNAPSHOT.jar
7fb59729c000-7fb59729f000 ---p 00000000 00:00 0 
7fb59729f000-7fb59759d000 rw-p 00000000 00:00 0 
7fb59759d000-7fb5975a0000 ---p 00000000 00:00 0 
7fb5975a0000-7fb59769e000 rw-p 00000000 00:00 0                          [stack:13404]
7fb59769e000-7fb5976a1000 ---p 00000000 00:00 0 
7fb5976a1000-7fb59779f000 rw-p 00000000 00:00 0                          [stack:13403]
7fb59779f000-7fb5977a2000 ---p 00000000 00:00 0 
7fb5977a2000-7fb5978a0000 rw-p 00000000 00:00 0                          [stack:13402]
7fb5978a0000-7fb5978a3000 ---p 00000000 00:00 0 
7fb5978a3000-7fb5979a1000 rw-p 00000000 00:00 0                          [stack:13401]
7fb5979a1000-7fb5979a4000 ---p 00000000 00:00 0 
7fb5979a4000-7fb597aa2000 rw-p 00000000 00:00 0                          [stack:13400]
7fb597aa2000-7fb597aa5000 ---p 00000000 00:00 0 
7fb597aa5000-7fb597ba3000 rw-p 00000000 00:00 0                          [stack:13399]
7fb597ba3000-7fb597bb9000 r-xp 00000000 08:06 15602357                   /lib/x86_64-linux-gnu/libgcc_s.so.1
7fb597bb9000-7fb597db8000 ---p 00016000 08:06 15602357                   /lib/x86_64-linux-gnu/libgcc_s.so.1
7fb597db8000-7fb597db9000 rw-p 00015000 08:06 15602357                   /lib/x86_64-linux-gnu/libgcc_s.so.1
7fb597db9000-7fb597deb000 r-xp 00000000 08:06 20582265                   /usr/lib/jvm/jdk1.8.0_20/jre/lib/amd64/libsunec.so
7fb597deb000-7fb597fea000 ---p 00032000 08:06 20582265                   /usr/lib/jvm/jdk1.8.0_20/jre/lib/amd64/libsunec.so
7fb597fea000-7fb597ff0000 rw-p 00031000 08:06 20582265                   /usr/lib/jvm/jdk1.8.0_20/jre/lib/amd64/libsunec.so
7fb597ff0000-7fb598000000 rw-p 00000000 00:00 0 
7fb598000000-7fb598021000 rw-p 00000000 00:00 0 
7fb598021000-7fb59c000000 ---p 00000000 00:00 0 
7fb59c000000-7fb59c021000 rw-p 00000000 00:00 0 
7fb59c021000-7fb5a0000000 ---p 00000000 00:00 0 
7fb5a0000000-7fb5a064e000 rw-p 00000000 00:00 0 
7fb5a064e000-7fb5a4000000 ---p 00000000 00:00 0 
7fb5a4000000-7fb5a4021000 rw-p 00000000 00:00 0 
7fb5a4021000-7fb5a8000000 ---p 00000000 00:00 0 
7fb5a8000000-7fb5a8021000 rw-p 00000000 00:00 0 
7fb5a8021000-7fb5ac000000 ---p 00000000 00:00 0 
7fb5ac000000-7fb5ac021000 rw-p 00000000 00:00 0 
7fb5ac021000-7fb5b0000000 ---p 00000000 00:00 0 
7fb5b0000000-7fb5b0021000 rw-p 00000000 00:00 0 
7fb5b0021000-7fb5b4000000 ---p 00000000 00:00 0 
7fb5b4000000-7fb5b4021000 rw-p 00000000 00:00 0 
7fb5b4021000-7fb5b8000000 ---p 00000000 00:00 0 
7fb5b8000000-7fb5b8021000 rw-p 00000000 00:00 0 
7fb5b8021000-7fb5bc000000 ---p 00000000 00:00 0 
7fb5bc000000-7fb5bc021000 rw-p 00000000 00:00 0 
7fb5bc021000-7fb5c0000000 ---p 00000000 00:00 0 
7fb5c0000000-7fb5c152a000 rw-p 00000000 00:00 0 
7fb5c152a000-7fb5c4000000 ---p 00000000 00:00 0 
7fb5c4000000-7fb5c4bb1000 rw-p 00000000 00:00 0 
7fb5c4bb1000-7fb5c8000000 ---p 00000000 00:00 0 
7fb5c8000000-7fb5c978a000 rw-p 00000000 00:00 0 
7fb5c978a000-7fb5cc000000 ---p 00000000 00:00 0 
7fb5cc000000-7fb5ce82a000 rw-p 00000000 00:00 0 
7fb5ce82a000-7fb5d0000000 ---p 00000000 00:00 0 
7fb5d0000000-7fb5d00b3000 rw-p 00000000 00:00 0 
7fb5d00b3000-7fb5d4000000 ---p 00000000 00:00 0 
7fb5d4000000-7fb5d4021000 rw-p 00000000 00:00 0 
7fb5d4021000-7fb5d8000000 ---p 00000000 00:00 0 
7fb5d8000000-7fb5d8021000 rw-p 00000000 00:00 0 
7fb5d8021000-7fb5dc000000 ---p 00000000 00:00 0 
7fb5dc000000-7fb5dc021000 rw-p 00000000 00:00 0 
7fb5dc021000-7fb5e0000000 ---p 00000000 00:00 0 
7fb5e0000000-7fb5e0021000 rw-p 00000000 00:00 0 
7fb5e0021000-7fb5e4000000 ---p 00000000 00:00 0 
7fb5e4000000-7fb5e4021000 rw-p 00000000 00:00 0 
7fb5e4021000-7fb5e8000000 ---p 00000000 00:00 0 
7fb5e8000000-7fb5e80fa000 rw-p 00000000 00:00 0 
7fb5e80fa000-7fb5ec000000 ---p 00000000 00:00 0 
7fb5ec000000-7fb5ec002000 r--s 00013000 08:06 2364730                    /usr/local/development/dev-7-7/Ignition/IgnitionWebApp/target/ignition-webapp-7.7/WEB-INF/lib/java-cup-10k.jar
7fb5ec002000-7fb5ec003000 r--s 00003000 08:06 2365209                    /usr/local/development/dev-7-7/Ignition/IgnitionWebApp/target/ignition-webapp-7.7/WEB-INF/lib/ivonatts-1.0.0.jar
7fb5ec003000-7fb5ec005000 r--s 00001000 08:06 2365019                    /usr/local/development/dev-7-7/Ignition/IgnitionWebApp/target/ignition-webapp-7.7/WEB-INF/lib/io-session-3.0.0-20130122.214435-9.jar
7fb5ec005000-7fb5ec006000 r--s 00001000 08:06 2365000                    /usr/local/development/dev-7-7/Ignition/IgnitionWebApp/target/ignition-webapp-7.7/WEB-INF/lib/hasp-srm-api-1.0.0.jar
7fb5ec006000-7fb5ec00a000 r--s 00016000 08:06 2365023                    /usr/local/development/dev-7-7/Ignition/IgnitionWebApp/target/ignition-webapp-7.7/WEB-INF/lib/fsql-common-6.7.2-20141104.213458-19.jar
7fb5ec00a000-7fb5ec012000 r--s 001ca000 08:06 2365024                    /usr/local/development/dev-7-7/Ignition/IgnitionWebApp/target/ignition-webapp-7.7/WEB-INF/lib/fsql-6.7.2-20141104.213508-19.jar
7fb5ec012000-7fb5ec016000 r--s 000be000 08:06 4198129                    /usr/local/development/dev-7-7/Ignition/IgnitionWebApp/target/ignition-webapp-7.7/WEB-INF/lib/fpmi-gateway-7.7.2-SNAPSHOT.jar
7fb5ec016000-7fb5ec017000 r--s 00001000 08:06 4198528                    /usr/local/development/dev-7-7/Ignition/IgnitionWebApp/target/ignition-webapp-7.7/WEB-INF/lib/fpmi-common-7.7.2-SNAPSHOT.jar
7fb5ec017000-7fb5ec01a000 r--s 00013000 08:06 2365003                    /usr/local/development/dev-7-7/Ignition/IgnitionWebApp/target/ignition-webapp-7.7/WEB-INF/lib/forms-1.0.7.jar
7fb5ec01a000-7fb5ec01c000 r--s 00003000 08:06 2365021                    /usr/local/development/dev-7-7/Ignition/IgnitionWebApp/target/ignition-webapp-7.7/WEB-INF/lib/drivers-common-2.7.2-20141104.213438-19.jar
7fb5ec01c000-7fb5ec023000 r--s 0002f000 08:06 2365017                    /usr/local/development/dev-7-7/Ignition/IgnitionWebApp/target/ignition-webapp-7.7/WEB-INF/lib/driver-api-2.7.2-20141104.213410-19.jar
7fb5ec023000-7fb5ec025000 r--s 00007000 08:06 2364731                    /usr/local/development/dev-7-7/Ignition/IgnitionWebApp/target/ignition-webapp-7.7/WEB-INF/lib/cron4j-2.2.3.jar
7fb5ec025000-7fb5ec02c000 r--s 00054000 08:06 2364729                    /usr/local/development/dev-7-7/Ignition/IgnitionWebApp/target/ignition-webapp-7.7/WEB-INF/lib/core-1.7.jar
7fb5ec02c000-7fb5ec02f000 r--s 00013000 08:06 2364999                    /usr/local/development/dev-7-7/Ignition/IgnitionWebApp/target/ignition-webapp-7.7/WEB-INF/lib/commons-pool-1.4.jar
7fb5ec02f000-7fb5ec031000 r--s 0000d000 08:06 2364941                    /usr/local/development/dev-7-7/Ignition/IgnitionWebApp/target/ignition-webapp-7.7/WEB-INF/lib/commons-logging-1.1.1.jar
7fb5ec031000-7fb5ec037000 r--s 00048000 08:06 2364723                    /usr/local/development/dev-7-7/Ignition/IgnitionWebApp/target/ignition-webapp-7.7/WEB-INF/lib/commons-lang3-3.1.jar
7fb5ec037000-7fb5ec039000 r--s 0000e000 08:06 2364942                    /usr/local/development/dev-7-7/Ignition/IgnitionWebApp/target/ignition-webapp-7.7/WEB-INF/lib/commons-lang-1.0.jar
7fb5ec039000-7fb5ec03c000 r--s 00025000 08:06 2364722                    /usr/local/development/dev-7-7/Ignition/IgnitionWebApp/target/ignition-webapp-7.7/WEB-INF/lib/commons-io-2.1.jar
7fb5ec03c000-7fb5ec03f000 r--s 0000f000 08:06 2364997                    /usr/local/development/dev-7-7/Ignition/IgnitionWebApp/target/ignition-webapp-7.7/WEB-INF/lib/commons-discovery-0.2.jar
7fb5ec03f000-7fb5ec041000 r--s 0001c000 08:06 2364998                    /usr/local/development/dev-7-7/Ignition/IgnitionWebApp/target/ignition-webapp-7.7/WEB-INF/lib/commons-dbcp-1.2.2.jar
7fb5ec041000-7fb5ec043000 r--s 00006000 08:06 2364940                    /usr/local/development/dev-7-7/Ignition/IgnitionWebApp/target/ignition-webapp-7.7/WEB-INF/lib/commons-cli-1.0.jar
7fb5ec043000-7fb5ec074000 r--s 001ea000 08:06 4198540                    /usr/local/development/dev-7-7/Ignition/IgnitionWebApp/target/ignition-webapp-7.7/WEB-INF/lib/common-7.7.2-SNAPSHOT.jar
7fb5ec074000-7fb5ec081000 r--s 00084000 08:06 2365220                    /usr/local/development/dev-7-7/Ignition/IgnitionWebApp/target/ignition-webapp-7.7/WEB-INF/lib/comfyj-2.9.jar
7fb5ec081000-7fb5ec086000 r--s 00030000 08:06 4198529                    /usr/local/development/dev-7-7/Ignition/IgnitionWebApp/target/ignition-webapp-7.7/WEB-INF/lib/client-bootstrap-7.7.2-SNAPSHOT.jar
7fb5ec086000-7fb5ec0ac000 r--s 001be000 08:06 4198525                    /usr/local/development/dev-7-7/Ignition/IgnitionWebApp/target/ignition-webapp-7.7/WEB-INF/lib/client-api-7.7.2-SNAPSHOT.jar
7fb5ec0ac000-7fb5ec0ad000 r--s 00004000 08:06 4198527                    /usr/local/development/dev-7-7/Ignition/IgnitionWebApp/target/ignition-webapp-7.7/WEB-INF/lib/bootstrap-7.7.2-SNAPSHOT-classes.jar
7fb5ec0ad000-7fb5ec0d5000 r--s 00196000 08:06 2364727                    /usr/local/development/dev-7-7/Ignition/IgnitionWebApp/target/ignition-webapp-7.7/WEB-INF/lib/bcprov-jdk16-unsigned-1.46-unsigned.jar
7fb5ec0d5000-7fb5ec0da000 r--s 0003e000 08:06 2364938                    /usr/local/development/dev-7-7/Ignition/IgnitionWebApp/target/ignition-webapp-7.7/WEB-INF/lib/barcode4j-2.1.jar
7fb5ec0da000-7fb5ec0dd000 r--s 0001c000 08:06 2364996                    /usr/local/development/dev-7-7/Ignition/IgnitionWebApp/target/ignition-webapp-7.7/WEB-INF/lib/axis-wsdl4j-1.5.1.jar
7fb5ec0dd000-7fb5ec0de000 r--s 00004000 08:06 2364995                    /usr/local/development/dev-7-7/Ignition/IgnitionWebApp/target/ignition-webapp-7.7/WEB-INF/lib/axis-saaj-1.4.jar
7fb5ec0de000-7fb5ec0e0000 r--s 00006000 08:06 2364994                    /usr/local/development/dev-7-7/Ignition/IgnitionWebApp/target/ignition-webapp-7.7/WEB-INF/lib/axis-jaxrpc-1.4.jar
7fb5ec0e0000-7fb5ec0f4000 r--s 00173000 08:06 2364993                    /usr/local/development/dev-7-7/Ignition/IgnitionWebApp/target/ignition-webapp-7.7/WEB-INF/lib/axis-1.4.jar
7fb5ec0f4000-7fb5ec0f7000 ---p 00000000 00:00 0 
7fb5ec0f7000-7fb5ec3f5000 rw-p 00000000 00:00 0                          [stack:13491]
7fb5ec3f5000-7fb5ec3f8000 ---p 00000000 00:00 0 
7fb5ec3f8000-7fb5ec4f6000 rw-p 00000000 00:00 0                          [stack:13397]
7fb5ec4f6000-7fb5ec4fb000 r-xp 00000000 08:06 15211194                   /usr/lib/x86_64-linux-gnu/libXdmcp.so.6.0.0
7fb5ec4fb000-7fb5ec6fa000 ---p 00005000 08:06 15211194                   /usr/lib/x86_64-linux-gnu/libXdmcp.so.6.0.0
7fb5ec6fa000-7fb5ec6fb000 r--p 00004000 08:06 15211194                   /usr/lib/x86_64-linux-gnu/libXdmcp.so.6.0.0
7fb5ec6fb000-7fb5ec6fc000 rw-p 00005000 08:06 15211194                   /usr/lib/x86_64-linux-gnu/libXdmcp.so.6.0.0
7fb5ec6fc000-7fb5ec6fe000 r-xp 00000000 08:06 15211183                   /usr/lib/x86_64-linux-gnu/libXau.so.6.0.0
7fb5ec6fe000-7fb5ec8fe000 ---p 00002000 08:06 15211183                   /usr/lib/x86_64-linux-gnu/libXau.so.6.0.0
7fb5ec8fe000-7fb5ec8ff000 r--p 00002000 08:06 15211183                   /usr/lib/x86_64-linux-gnu/libXau.so.6.0.0
7fb5ec8ff000-7fb5ec900000 rw-p 00003000 08:06 15211183                   /usr/lib/x86_64-linux-gnu/libXau.so.6.0.0
7fb5ec900000-7fb5ec91d000 r-xp 00000000 08:06 15212358                   /usr/lib/x86_64-linux-gnu/libxcb.so.1.1.0
7fb5ec91d000-7fb5ecb1d000 ---p 0001d000 08:06 15212358                   /usr/lib/x86_64-linux-gnu/libxcb.so.1.1.0
7fb5ecb1d000-7fb5ecb1e000 r--p 0001d000 08:06 15212358                   /usr/lib/x86_64-linux-gnu/libxcb.so.1.1.0
7fb5ecb1e000-7fb5ecb1f000 rw-p 0001e000 08:06 15212358                   /usr/lib/x86_64-linux-gnu/libxcb.so.1.1.0
7fb5ecb1f000-7fb5ecb2e000 r-xp 00000000 08:06 15211204                   /usr/lib/x86_64-linux-gnu/libXi.so.6.1.0
7fb5ecb2e000-7fb5ecd2d000 ---p 0000f000 08:06 15211204                   /usr/lib/x86_64-linux-gnu/libXi.so.6.1.0
7fb5ecd2d000-7fb5ecd2e000 r--p 0000e000 08:06 15211204                   /usr/lib/x86_64-linux-gnu/libXi.so.6.1.0
7fb5ecd2e000-7fb5ecd2f000 rw-p 0000f000 08:06 15211204                   /usr/lib/x86_64-linux-gnu/libXi.so.6.1.0
7fb5ecd2f000-7fb5ecd34000 r-xp 00000000 08:06 15211222                   /usr/lib/x86_64-linux-gnu/libXtst.so.6.1.0
7fb5ecd34000-7fb5ecf33000 ---p 00005000 08:06 15211222                   /usr/lib/x86_64-linux-gnu/libXtst.so.6.1.0
7fb5ecf33000-7fb5ecf34000 r--p 00004000 08:06 15211222                   /usr/lib/x86_64-linux-gnu/libXtst.so.6.1.0
7fb5ecf34000-7fb5ecf35000 rw-p 00005000 08:06 15211222                   /usr/lib/x86_64-linux-gnu/libXtst.so.6.1.0
7fb5ecf35000-7fb5ecf3e000 r-xp 00000000 08:06 15211216                   /usr/lib/x86_64-linux-gnu/libXrender.so.1.3.0
7fb5ecf3e000-7fb5ed13d000 ---p 00009000 08:06 15211216                   /usr/lib/x86_64-linux-gnu/libXrender.so.1.3.0
7fb5ed13d000-7fb5ed13e000 r--p 00008000 08:06 15211216                   /usr/lib/x86_64-linux-gnu/libXrender.so.1.3.0
7fb5ed13e000-7fb5ed13f000 rw-p 00009000 08:06 15211216                   /usr/lib/x86_64-linux-gnu/libXrender.so.1.3.0
7fb5ed13f000-7fb5ed26f000 r-xp 00000000 08:06 15211179                   /usr/lib/x86_64-linux-gnu/libX11.so.6.3.0
7fb5ed26f000-7fb5ed46f000 ---p 00130000 08:06 15211179                   /usr/lib/x86_64-linux-gnu/libX11.so.6.3.0
7fb5ed46f000-7fb5ed470000 r--p 00130000 08:06 15211179                   /usr/lib/x86_64-linux-gnu/libX11.so.6.3.0
7fb5ed470000-7fb5ed474000 rw-p 00131000 08:06 15211179                   /usr/lib/x86_64-linux-gnu/libX11.so.6.3.0
7fb5ed474000-7fb5ed485000 r-xp 00000000 08:06 15211196                   /usr/lib/x86_64-linux-gnu/libXext.so.6.4.0
7fb5ed485000-7fb5ed684000 ---p 00011000 08:06 15211196                   /usr/lib/x86_64-linux-gnu/libXext.so.6.4.0
7fb5ed684000-7fb5ed685000 r--p 00010000 08:06 15211196                   /usr/lib/x86_64-linux-gnu/libXext.so.6.4.0
7fb5ed685000-7fb5ed686000 rw-p 00011000 08:06 15211196                   /usr/lib/x86_64-linux-gnu/libXext.so.6.4.0
7fb5ed686000-7fb5ed6da000 r-xp 00000000 08:06 20582307                   /usr/lib/jvm/jdk1.8.0_20/jre/lib/amd64/libawt_xawt.so
7fb5ed6da000-7fb5ed8da000 ---p 00054000 08:06 20582307                   /usr/lib/jvm/jdk1.8.0_20/jre/lib/amd64/libawt_xawt.so
7fb5ed8da000-7fb5ed8de000 rw-p 00054000 08:06 20582307                   /usr/lib/jvm/jdk1.8.0_20/jre/lib/amd64/libawt_xawt.so
7fb5ed8de000-7fb5ed8df000 rw-p 00000000 00:00 0 
7fb5ed8df000-7fb5ed981000 r-xp 00000000 08:06 20582293                   /usr/lib/jvm/jdk1.8.0_20/jre/lib/amd64/libawt.so
7fb5ed981000-7fb5edb81000 ---p 000a2000 08:06 20582293                   /usr/lib/jvm/jdk1.8.0_20/jre/lib/amd64/libawt.so
7fb5edb81000-7fb5edb8d000 rw-p 000a2000 08:06 20582293                   /usr/lib/jvm/jdk1.8.0_20/jre/lib/amd64/libawt.so
7fb5edb8d000-7fb5edbb1000 rw-p 00000000 00:00 0 
7fb5edbb1000-7fb5edbb4000 ---p 00000000 00:00 0 
7fb5edbb4000-7fb5edcb2000 rw-p 00000000 00:00 0                          [stack:13396]
7fb5edcb2000-7fb5edcb5000 ---p 00000000 00:00 0 
7fb5edcb5000-7fb5eddb3000 rw-p 00000000 00:00 0                          [stack:13393]
7fb5eddb3000-7fb5eddb6000 ---p 00000000 00:00 0 
7fb5eddb6000-7fb5edeb4000 rw-p 00000000 00:00 0 
7fb5edeb4000-7fb5edeb7000 ---p 00000000 00:00 0 
7fb5edeb7000-7fb5ee1b5000 rw-p 00000000 00:00 0                          [stack:13390]
7fb5ee1b5000-7fb5ee1b6000 ---p 00000000 00:00 0 
7fb5ee1b6000-7fb5ee2b6000 rw-p 00000000 00:00 0                          [stack:13388]
7fb5ee2b6000-7fb5ee2b9000 ---p 00000000 00:00 0 
7fb5ee2b9000-7fb5ee3b7000 rw-p 00000000 00:00 0                          [stack:13387]
7fb5ee3b7000-7fb5ee3ba000 ---p 00000000 00:00 0 
7fb5ee3ba000-7fb5ee4b8000 rw-p 00000000 00:00 0                          [stack:13386]
7fb5ee4b8000-7fb5ee4bb000 ---p 00000000 00:00 0 
7fb5ee4bb000-7fb5ee5b9000 rw-p 00000000 00:00 0                          [stack:13385]
7fb5ee5b9000-7fb5ee5ca000 r-xp 00000000 08:06 20582303                   /usr/lib/jvm/jdk1.8.0_20/jre/lib/amd64/libnio.so
7fb5ee5ca000-7fb5ee7c9000 ---p 00011000 08:06 20582303                   /usr/lib/jvm/jdk1.8.0_20/jre/lib/amd64/libnio.so
7fb5ee7c9000-7fb5ee7ca000 rw-p 00010000 08:06 20582303                   /usr/lib/jvm/jdk1.8.0_20/jre/lib/amd64/libnio.so
7fb5ee7ca000-7fb5ee7e0000 r-xp 00000000 08:06 20582300                   /usr/lib/jvm/jdk1.8.0_20/jre/lib/amd64/libnet.so
7fb5ee7e0000-7fb5ee9e0000 ---p 00016000 08:06 20582300                   /usr/lib/jvm/jdk1.8.0_20/jre/lib/amd64/libnet.so
7fb5ee9e0000-7fb5ee9e1000 rw-p 00016000 08:06 20582300                   /usr/lib/jvm/jdk1.8.0_20/jre/lib/amd64/libnet.so
7fb5ee9e1000-7fb5ee9e9000 r-xp 00000000 08:06 20582308                   /usr/lib/jvm/jdk1.8.0_20/jre/lib/amd64/libmanagement.so
7fb5ee9e9000-7fb5eebe9000 ---p 00008000 08:06 20582308                   /usr/lib/jvm/jdk1.8.0_20/jre/lib/amd64/libmanagement.so
7fb5eebe9000-7fb5eebea000 rw-p 00008000 08:06 20582308                   /usr/lib/jvm/jdk1.8.0_20/jre/lib/amd64/libmanagement.so
7fb5eebea000-7fb5eebed000 ---p 00000000 00:00 0 
7fb5eebed000-7fb5eeceb000 rw-p 00000000 00:00 0                          [stack:13384]
7fb5eeceb000-7fb5eecee000 ---p 00000000 00:00 0 
7fb5eecee000-7fb5eedec000 rw-p 00000000 00:00 0                          [stack:13383]
7fb5eedec000-7fb5eedef000 ---p 00000000 00:00 0 
7fb5eedef000-7fb5eeeed000 rw-p 00000000 00:00 0                          [stack:13382]
7fb5eeeed000-7fb5eeef0000 ---p 00000000 00:00 0 
7fb5eeef0000-7fb5eefee000 rw-p 00000000 00:00 0                          [stack:13381]
7fb5eefee000-7fb5eeff1000 ---p 00000000 00:00 0 
7fb5eeff1000-7fb5ef0ef000 rw-p 00000000 00:00 0                          [stack:13380]
7fb5ef0ef000-7fb5ef0f2000 ---p 00000000 00:00 0 
7fb5ef0f2000-7fb5ef1f0000 rw-p 00000000 00:00 0 
7fb5ef1f0000-7fb5ef1f3000 ---p 00000000 00:00 0 
7fb5ef1f3000-7fb5ef2f1000 rw-p 00000000 00:00 0                          [stack:13377]
7fb5ef2f1000-7fb5ef2f4000 ---p 00000000 00:00 0 
7fb5ef2f4000-7fb5ef3f2000 rw-p 00000000 00:00 0 
7fb5ef3f2000-7fb5ef3f6000 r-xp 00000000 08:06 20582275                   /usr/lib/jvm/jdk1.8.0_20/jre/lib/amd64/libdt_socket.so
7fb5ef3f6000-7fb5ef5f5000 ---p 00004000 08:06 20582275                   /usr/lib/jvm/jdk1.8.0_20/jre/lib/amd64/libdt_socket.so
7fb5ef5f5000-7fb5ef5f6000 rw-p 00003000 08:06 20582275                   /usr/lib/jvm/jdk1.8.0_20/jre/lib/amd64/libdt_socket.so
7fb5ef5f6000-7fb5ef5f9000 ---p 00000000 00:00 0 
7fb5ef5f9000-7fb5ef6f7000 rw-p 00000000 00:00 0                          [stack:13374]
7fb5ef6f7000-7fb5ef6fa000 ---p 00000000 00:00 0 
7fb5ef6fa000-7fb5ef7f8000 rw-p 00000000 00:00 0                          [stack:13373]
7fb5ef7f8000-7fb5ef7fb000 ---p 00000000 00:00 0 
7fb5ef7fb000-7fb5ef8f9000 rw-p 00000000 00:00 0                          [stack:13372]
7fb5ef8f9000-7fb5ef8fa000 ---p 00000000 00:00 0 
7fb5ef8fa000-7fb5f0000000 rw-p 00000000 00:00 0                          [stack:13371]
7fb5f0000000-7fb5f0021000 rw-p 00000000 00:00 0 
7fb5f0021000-7fb5f4000000 ---p 00000000 00:00 0 
7fb5f4000000-7fb5f4021000 rw-p 00000000 00:00 0 
7fb5f4021000-7fb5f8000000 ---p 00000000 00:00 0 
7fb5f8000000-7fb5f8021000 rw-p 00000000 00:00 0 
7fb5f8021000-7fb5fc000000 ---p 00000000 00:00 0 
7fb5fc000000-7fb5fc021000 rw-p 00000000 00:00 0 
7fb5fc021000-7fb600000000 ---p 00000000 00:00 0 
7fb600000000-7fb600021000 rw-p 00000000 00:00 0 
7fb600021000-7fb604000000 ---p 00000000 00:00 0 
7fb604000000-7fb604021000 rw-p 00000000 00:00 0 
7fb604021000-7fb608000000 ---p 00000000 00:00 0 
7fb608000000-7fb608021000 rw-p 00000000 00:00 0 
7fb608021000-7fb60c000000 ---p 00000000 00:00 0 
7fb60c000000-7fb60c002000 r--s 0000d000 08:06 2364939                    /usr/local/development/dev-7-7/Ignition/IgnitionWebApp/target/ignition-webapp-7.7/WEB-INF/lib/avalon-framework-impl-4.2.0.jar
7fb60c002000-7fb60c00a000 r--s 00049000 08:06 2365005                    /usr/local/development/dev-7-7/Ignition/IgnitionWebApp/target/ignition-webapp-7.7/WEB-INF/lib/alloy-1.4.4.ia1.jar
7fb60c00a000-7fb60c00c000 r--s 00003000 08:06 2365026                    /usr/local/development/dev-7-7/Ignition/IgnitionWebApp/target/ignition-webapp-7.7/WEB-INF/lib/alarm-notification-gateway-api-2.7.2-20141104.214105-19.jar
7fb60c00c000-7fb60c012000 r--s 00032000 08:06 2365025                    /usr/local/development/dev-7-7/Ignition/IgnitionWebApp/target/ignition-webapp-7.7/WEB-INF/lib/alarm-notification-gateway-2.7.2-20141104.214111-19.jar
7fb60c012000-7fb60c014000 r--s 00004000 08:06 2365027                    /usr/local/development/dev-7-7/Ignition/IgnitionWebApp/target/ignition-webapp-7.7/WEB-INF/lib/alarm-notification-common-2.7.2-20141104.214053-19.jar
7fb60c014000-7fb60c01e000 r--s 00036000 08:06 2365203                    /usr/local/development/dev-7-7/Ignition/IgnitionWebApp/target/ignition-webapp-7.7/WEB-INF/lib/airlink-sms-notification-2.7.2-20141104.214125-19.jar
7fb60c01e000-7fb60c027000 r--s 00069000 08:06 2365223                    /usr/local/development/dev-7-7/Ignition/IgnitionWebApp/target/ignition-webapp-7.7/WEB-INF/lib/ab-drivers-1.7.0-20131026.004154-8.jar
7fb60c027000-7fb60c02c000 r--s 0003c000 08:06 2364992                    /usr/local/development/dev-7-7/Ignition/IgnitionWebApp/target/ignition-webapp-7.7/WEB-INF/lib/FastInfoset-1.0.2.jar
7fb60c02c000-7fb60c031000 r--s 002f8000 08:06 20582247                   /usr/lib/jvm/jdk1.8.0_20/jre/lib/charsets.jar
7fb60c031000-7fb60c04d000 r--s 00393000 08:06 1185783                    /usr/lib/jvm/jdk1.8.0_20/jre/lib/ext/cldrdata.jar
7fb60c04d000-7fb614000000 rw-p 00000000 00:00 0 
7fb614000000-7fb614021000 rw-p 00000000 00:00 0 
7fb614021000-7fb618000000 ---p 00000000 00:00 0 
7fb618000000-7fb618002000 r--s 0000d000 08:06 2365001                    /usr/local/development/dev-7-7/Ignition/IgnitionWebApp/target/ignition-webapp-7.7/WEB-INF/lib/activation-ws-1.0.0.jar
7fb618002000-7fb618004000 r--s 0000e000 08:06 2364952                    /usr/local/development/dev-7-7/Ignition/IgnitionWebApp/target/ignition-webapp-7.7/WEB-INF/lib/activation-1.1.jar
7fb618004000-7fb618009000 r--s 0003f000 08:06 1185790                    /usr/lib/jvm/jdk1.8.0_20/jre/lib/ext/sunjce_provider.jar
7fb618009000-7fb61800c000 r--s 0003a000 08:06 1185787                    /usr/lib/jvm/jdk1.8.0_20/jre/lib/ext/sunpkcs11.jar
7fb61800c000-7fb61800d000 r--s 00009000 08:06 1185781                    /usr/lib/jvm/jdk1.8.0_20/jre/lib/ext/sunec.jar
7fb61800d000-7fb61800f000 r--s 0001a000 08:06 20582317                   /usr/lib/jvm/jdk1.8.0_20/jre/lib/jce.jar
7fb61800f000-7fb618019000 r--s 00116000 08:06 1185789                    /usr/lib/jvm/jdk1.8.0_20/jre/lib/ext/localedata.jar
7fb618019000-7fb61801c000 r--s 0000f000 08:06 19532219                   /usr/local/development/dev-7-6/Ignition/Servers/apache-tomcat-6.0.36/lib/tomcat-i18n-es.jar
7fb61801c000-7fb61801e000 r--s 0000b000 08:06 19532220                   /usr/local/development/dev-7-6/Ignition/Servers/apache-tomcat-6.0.36/lib/tomcat-i18n-fr.jar
7fb61801e000-7fb618022000 r--s 0003a000 08:06 19532218                   /usr/local/development/dev-7-6/Ignition/Servers/apache-tomcat-6.0.36/lib/tomcat-dbcp.jar
7fb618022000-7fb618032000 r--s 0019c000 08:06 19532210                   /usr/local/development/dev-7-6/Ignition/Servers/apache-tomcat-6.0.36/lib/ecj-3.7.2.jar
7fb618032000-7fb618039000 r--s 000c7000 08:06 19532215                   /usr/local/development/dev-7-6/Ignition/Servers/apache-tomcat-6.0.36/lib/mysql-connector-java-5.1.23-bin.jar
7fb618039000-7fb618049000 r--s 00120000 08:06 19532209                   /usr/local/development/dev-7-6/Ignition/Servers/apache-tomcat-6.0.36/lib/catalina.jar
7fb618049000-7fb61804c000 r--s 0001e000 08:06 19532207                   /usr/local/development/dev-7-6/Ignition/Servers/apache-tomcat-6.0.36/lib/catalina-ha.jar
7fb61804c000-7fb618050000 r--s 00036000 08:06 19532208                   /usr/local/development/dev-7-6/Ignition/Servers/apache-tomcat-6.0.36/lib/catalina-tribes.jar
7fb618050000-7fb61805a000 r--s 000b3000 08:06 19532217                   /usr/local/development/dev-7-6/Ignition/Servers/apache-tomcat-6.0.36/lib/tomcat-coyote.jar
7fb61805a000-7fb6193c6000 rw-p 00000000 00:00 0 
7fb6193c6000-7fb61959b000 r--s 03ca3000 08:06 20582249                   /usr/lib/jvm/jdk1.8.0_20/jre/lib/rt.jar
7fb61959b000-7fb61a5dc000 rw-p 00000000 00:00 0 
7fb61a5dc000-7fb61a5dd000 ---p 00000000 00:00 0 
7fb61a5dd000-7fb61a6dd000 rw-p 00000000 00:00 0                          [stack:13370]
7fb61a6dd000-7fb61a6de000 ---p 00000000 00:00 0 
7fb61a6de000-7fb61a7de000 rw-p 00000000 00:00 0                          [stack:13369]
7fb61a7de000-7fb61a7df000 ---p 00000000 00:00 0 
7fb61a7df000-7fb61a8df000 rw-p 00000000 00:00 0                          [stack:13368]
7fb61a8df000-7fb61a8e0000 ---p 00000000 00:00 0 
7fb61a8e0000-7fb61a9e0000 rw-p 00000000 00:00 0                          [stack:13367]
7fb61a9e0000-7fb61a9e1000 ---p 00000000 00:00 0 
7fb61a9e1000-7fb61aae1000 rw-p 00000000 00:00 0                          [stack:13366]
7fb61aae1000-7fb61aae2000 ---p 00000000 00:00 0 
7fb61aae2000-7fb61abe2000 rw-p 00000000 00:00 0                          [stack:13365]
7fb61abe2000-7fb61abe3000 ---p 00000000 00:00 0 
7fb61abe3000-7fb61ace3000 rw-p 00000000 00:00 0                          [stack:13364]
7fb61ace3000-7fb61ace4000 ---p 00000000 00:00 0 
7fb61ace4000-7fb61ae46000 rw-p 00000000 00:00 0                          [stack:13363]
7fb61ae46000-7fb61b316000 ---p 00000000 00:00 0 
7fb61b316000-7fb61b378000 rw-p 00000000 00:00 0 
7fb61b378000-7fb61b848000 ---p 00000000 00:00 0 
7fb61b848000-7fb61b8f5000 rw-p 00000000 00:00 0 
7fb61b8f5000-7fb61bae1000 ---p 00000000 00:00 0 
7fb61bae1000-7fb61bb2a000 rw-p 00000000 00:00 0 
7fb61bb2a000-7fb61bea2000 ---p 00000000 00:00 0 
7fb61bea2000-7fb61d082000 rwxp 00000000 00:00 0 
7fb61d082000-7fb62aea2000 ---p 00000000 00:00 0 
7fb62aea2000-7fb62aebe000 r-xp 00000000 08:06 20582296                   /usr/lib/jvm/jdk1.8.0_20/jre/lib/amd64/libzip.so
7fb62aebe000-7fb62b0bd000 ---p 0001c000 08:06 20582296                   /usr/lib/jvm/jdk1.8.0_20/jre/lib/amd64/libzip.so
7fb62b0bd000-7fb62b0be000 rw-p 0001b000 08:06 20582296                   /usr/lib/jvm/jdk1.8.0_20/jre/lib/amd64/libzip.so
7fb62b0be000-7fb62b0c9000 r-xp 00000000 08:06 15602342                   /lib/x86_64-linux-gnu/libnss_files-2.19.so
7fb62b0c9000-7fb62b2c8000 ---p 0000b000 08:06 15602342                   /lib/x86_64-linux-gnu/libnss_files-2.19.so
7fb62b2c8000-7fb62b2c9000 r--p 0000a000 08:06 15602342                   /lib/x86_64-linux-gnu/libnss_files-2.19.so
7fb62b2c9000-7fb62b2ca000 rw-p 0000b000 08:06 15602342                   /lib/x86_64-linux-gnu/libnss_files-2.19.so
7fb62b2ca000-7fb62b2d5000 r-xp 00000000 08:06 15602345                   /lib/x86_64-linux-gnu/libnss_nis-2.19.so
7fb62b2d5000-7fb62b4d4000 ---p 0000b000 08:06 15602345                   /lib/x86_64-linux-gnu/libnss_nis-2.19.so
7fb62b4d4000-7fb62b4d5000 r--p 0000a000 08:06 15602345                   /lib/x86_64-linux-gnu/libnss_nis-2.19.so
7fb62b4d5000-7fb62b4d6000 rw-p 0000b000 08:06 15602345                   /lib/x86_64-linux-gnu/libnss_nis-2.19.so
7fb62b4d6000-7fb62b4ed000 r-xp 00000000 08:06 15602152                   /lib/x86_64-linux-gnu/libnsl-2.19.so
7fb62b4ed000-7fb62b6ec000 ---p 00017000 08:06 15602152                   /lib/x86_64-linux-gnu/libnsl-2.19.so
7fb62b6ec000-7fb62b6ed000 r--p 00016000 08:06 15602152                   /lib/x86_64-linux-gnu/libnsl-2.19.so
7fb62b6ed000-7fb62b6ee000 rw-p 00017000 08:06 15602152                   /lib/x86_64-linux-gnu/libnsl-2.19.so
7fb62b6ee000-7fb62b6f0000 rw-p 00000000 00:00 0 
7fb62b6f0000-7fb62b6f9000 r-xp 00000000 08:06 15601662                   /lib/x86_64-linux-gnu/libnss_compat-2.19.so
7fb62b6f9000-7fb62b8f8000 ---p 00009000 08:06 15601662                   /lib/x86_64-linux-gnu/libnss_compat-2.19.so
7fb62b8f8000-7fb62b8f9000 r--p 00008000 08:06 15601662                   /lib/x86_64-linux-gnu/libnss_compat-2.19.so
7fb62b8f9000-7fb62b8fa000 rw-p 00009000 08:06 15601662                   /lib/x86_64-linux-gnu/libnss_compat-2.19.so
7fb62b8fa000-7fb62bbc3000 r--p 00000000 08:06 15209877                   /usr/lib/locale/locale-archive
7fb62bbc3000-7fb62bbc5000 r-xp 00000000 08:06 20582276                   /usr/lib/jvm/jdk1.8.0_20/jre/lib/amd64/libnpt.so
7fb62bbc5000-7fb62bdc5000 ---p 00002000 08:06 20582276                   /usr/lib/jvm/jdk1.8.0_20/jre/lib/amd64/libnpt.so
7fb62bdc5000-7fb62bdc6000 rw-p 00002000 08:06 20582276                   /usr/lib/jvm/jdk1.8.0_20/jre/lib/amd64/libnpt.so
7fb62bdc6000-7fb62bdff000 r-xp 00000000 08:06 20582287                   /usr/lib/jvm/jdk1.8.0_20/jre/lib/amd64/libjdwp.so
7fb62bdff000-7fb62bffe000 ---p 00039000 08:06 20582287                   /usr/lib/jvm/jdk1.8.0_20/jre/lib/amd64/libjdwp.so
7fb62bffe000-7fb62c000000 rw-p 00038000 08:06 20582287                   /usr/lib/jvm/jdk1.8.0_20/jre/lib/amd64/libjdwp.so
7fb62c000000-7fb62c7d4000 rw-p 00000000 00:00 0 
7fb62c7d4000-7fb630000000 ---p 00000000 00:00 0 
7fb630000000-7fb630007000 r--s 0007a000 08:06 19532213                   /usr/local/development/dev-7-6/Ignition/Servers/apache-tomcat-6.0.36/lib/jasper.jar
7fb630007000-7fb630056000 rw-p 00000000 00:00 0 
7fb630056000-7fb630080000 r-xp 00000000 08:06 20582291                   /usr/lib/jvm/jdk1.8.0_20/jre/lib/amd64/libjava.so
7fb630080000-7fb630280000 ---p 0002a000 08:06 20582291                   /usr/lib/jvm/jdk1.8.0_20/jre/lib/amd64/libjava.so
7fb630280000-7fb630282000 rw-p 0002a000 08:06 20582291                   /usr/lib/jvm/jdk1.8.0_20/jre/lib/amd64/libjava.so
7fb630282000-7fb63028f000 r-xp 00000000 08:06 20582295                   /usr/lib/jvm/jdk1.8.0_20/jre/lib/amd64/libverify.so
7fb63028f000-7fb63048f000 ---p 0000d000 08:06 20582295                   /usr/lib/jvm/jdk1.8.0_20/jre/lib/amd64/libverify.so
7fb63048f000-7fb630491000 rw-p 0000d000 08:06 20582295                   /usr/lib/jvm/jdk1.8.0_20/jre/lib/amd64/libverify.so
7fb630491000-7fb630498000 r-xp 00000000 08:06 15602320                   /lib/x86_64-linux-gnu/librt-2.19.so
7fb630498000-7fb630697000 ---p 00007000 08:06 15602320                   /lib/x86_64-linux-gnu/librt-2.19.so
7fb630697000-7fb630698000 r--p 00006000 08:06 15602320                   /lib/x86_64-linux-gnu/librt-2.19.so
7fb630698000-7fb630699000 rw-p 00007000 08:06 15602320                   /lib/x86_64-linux-gnu/librt-2.19.so
7fb630699000-7fb63079e000 r-xp 00000000 08:06 15602334                   /lib/x86_64-linux-gnu/libm-2.19.so
7fb63079e000-7fb63099d000 ---p 00105000 08:06 15602334                   /lib/x86_64-linux-gnu/libm-2.19.so
7fb63099d000-7fb63099e000 r--p 00104000 08:06 15602334                   /lib/x86_64-linux-gnu/libm-2.19.so
7fb63099e000-7fb63099f000 rw-p 00105000 08:06 15602334                   /lib/x86_64-linux-gnu/libm-2.19.so
7fb63099f000-7fb631609000 r-xp 00000000 08:06 20845908                   /usr/lib/jvm/jdk1.8.0_20/jre/lib/amd64/server/libjvm.so
7fb631609000-7fb631809000 ---p 00c6a000 08:06 20845908                   /usr/lib/jvm/jdk1.8.0_20/jre/lib/amd64/server/libjvm.so
7fb631809000-7fb6318df000 rw-p 00c6a000 08:06 20845908                   /usr/lib/jvm/jdk1.8.0_20/jre/lib/amd64/server/libjvm.so
7fb6318df000-7fb631921000 rw-p 00000000 00:00 0 
7fb631921000-7fb631adc000 r-xp 00000000 08:06 15602328                   /lib/x86_64-linux-gnu/libc-2.19.so
7fb631adc000-7fb631cdc000 ---p 001bb000 08:06 15602328                   /lib/x86_64-linux-gnu/libc-2.19.so
7fb631cdc000-7fb631ce0000 r--p 001bb000 08:06 15602328                   /lib/x86_64-linux-gnu/libc-2.19.so
7fb631ce0000-7fb631ce2000 rw-p 001bf000 08:06 15602328                   /lib/x86_64-linux-gnu/libc-2.19.so
7fb631ce2000-7fb631ce7000 rw-p 00000000 00:00 0 
7fb631ce7000-7fb631cea000 r-xp 00000000 08:06 15602352                   /lib/x86_64-linux-gnu/libdl-2.19.so
7fb631cea000-7fb631ee9000 ---p 00003000 08:06 15602352                   /lib/x86_64-linux-gnu/libdl-2.19.so
7fb631ee9000-7fb631eea000 r--p 00002000 08:06 15602352                   /lib/x86_64-linux-gnu/libdl-2.19.so
7fb631eea000-7fb631eeb000 rw-p 00003000 08:06 15602352                   /lib/x86_64-linux-gnu/libdl-2.19.so
7fb631eeb000-7fb631f02000 r-xp 00000000 08:06 20061287                   /usr/lib/jvm/jdk1.8.0_20/lib/amd64/jli/libjli.so
7fb631f02000-7fb632101000 ---p 00017000 08:06 20061287                   /usr/lib/jvm/jdk1.8.0_20/lib/amd64/jli/libjli.so
7fb632101000-7fb632102000 rw-p 00016000 08:06 20061287                   /usr/lib/jvm/jdk1.8.0_20/lib/amd64/jli/libjli.so
7fb632102000-7fb63211b000 r-xp 00000000 08:06 15602353                   /lib/x86_64-linux-gnu/libpthread-2.19.so
7fb63211b000-7fb63231a000 ---p 00019000 08:06 15602353                   /lib/x86_64-linux-gnu/libpthread-2.19.so
7fb63231a000-7fb63231b000 r--p 00018000 08:06 15602353                   /lib/x86_64-linux-gnu/libpthread-2.19.so
7fb63231b000-7fb63231c000 rw-p 00019000 08:06 15602353                   /lib/x86_64-linux-gnu/libpthread-2.19.so
7fb63231c000-7fb632320000 rw-p 00000000 00:00 0 
7fb632320000-7fb632343000 r-xp 00000000 08:06 15602330                   /lib/x86_64-linux-gnu/ld-2.19.so
7fb632343000-7fb632345000 r--s 0000c000 08:06 19532221                   /usr/local/development/dev-7-6/Ignition/Servers/apache-tomcat-6.0.36/lib/tomcat-i18n-ja.jar
7fb632345000-7fb632347000 r--s 00011000 08:06 19532214                   /usr/local/development/dev-7-6/Ignition/Servers/apache-tomcat-6.0.36/lib/jsp-api.jar
7fb632347000-7fb632349000 r--s 00014000 08:06 19532216                   /usr/local/development/dev-7-6/Ignition/Servers/apache-tomcat-6.0.36/lib/servlet-api.jar
7fb632349000-7fb63234b000 r--s 0000c000 08:06 19532206                   /usr/local/development/dev-7-6/Ignition/Servers/apache-tomcat-6.0.36/lib/catalina-ant.jar
7fb63234b000-7fb63241c000 rw-p 00000000 00:00 0 
7fb63241c000-7fb63241f000 ---p 00000000 00:00 0 
7fb63241f000-7fb632521000 rw-p 00000000 00:00 0                          [stack:13362]
7fb632521000-7fb632523000 r--s 00007000 08:06 19532211                   /usr/local/development/dev-7-6/Ignition/Servers/apache-tomcat-6.0.36/lib/el-api.jar
7fb632523000-7fb632524000 r--s 00003000 08:06 19532205                   /usr/local/development/dev-7-6/Ignition/Servers/apache-tomcat-6.0.36/lib/annotations-api.jar
7fb632524000-7fb632527000 r--s 00019000 08:06 19532212                   /usr/local/development/dev-7-6/Ignition/Servers/apache-tomcat-6.0.36/lib/jasper-el.jar
7fb632527000-7fb63252c000 r--s 00092000 08:06 20582254                   /usr/lib/jvm/jdk1.8.0_20/jre/lib/jsse.jar
7fb63252c000-7fb63252d000 r--s 00007000 08:06 19533431                   /usr/local/development/dev-7-6/Ignition/Servers/apache-tomcat-6.0.36/bin/tomcat-juli.jar
7fb63252d000-7fb63252e000 r--s 00005000 08:06 19533430                   /usr/local/development/dev-7-6/Ignition/Servers/apache-tomcat-6.0.36/bin/commons-daemon.jar
7fb63252e000-7fb63252f000 r--s 00005000 08:06 19533429                   /usr/local/development/dev-7-6/Ignition/Servers/apache-tomcat-6.0.36/bin/bootstrap.jar
7fb63252f000-7fb632536000 r--s 000c7000 08:06 1179649                    /usr/lib/jvm/jdk1.8.0_20/jre/lib/ext/mysql-connector-java-5.1.23-bin.jar
7fb632536000-7fb63253e000 rw-s 00000000 08:06 6164360                    /tmp/hsperfdata_mattg/13357
7fb63253e000-7fb63253f000 rw-p 00000000 00:00 0 
7fb63253f000-7fb632540000 r--p 00000000 00:00 0 
7fb632540000-7fb632542000 rw-p 00000000 00:00 0 
7fb632542000-7fb632543000 r--p 00022000 08:06 15602330                   /lib/x86_64-linux-gnu/ld-2.19.so
7fb632543000-7fb632544000 rw-p 00023000 08:06 15602330                   /lib/x86_64-linux-gnu/ld-2.19.so
7fb632544000-7fb632545000 rw-p 00000000 00:00 0 
7fffbed04000-7fffbed25000 rw-p 00000000 00:00 0                          [stack]
7fffbedfe000-7fffbee00000 r-xp 00000000 00:00 0                          [vdso]
ffffffffff600000-ffffffffff601000 r-xp 00000000 00:00 0                  [vsyscall]

VM Arguments:
jvm_args: -Djava.util.logging.config.file=/home/mattg/.IntelliJIdea13/system/tomcat/Unnamed_77-Ignition/conf/logging.properties -Xdebug -Xrunjdwp:transport=dt_socket,address=127.0.0.1:51670,suspend=y,server=n -Dcom.sun.management.jmxremote= -Dcom.sun.management.jmxremote.port=1099 -Dcom.sun.management.jmxremote.ssl=false -Dcom.sun.management.jmxremote.authenticate=false -Djava.rmi.server.hostname=127.0.0.1 -Djava.util.logging.manager=org.apache.juli.ClassLoaderLogManager -Djava.endorsed.dirs=/usr/local/development/dev-7-6/Ignition/Servers/apache-tomcat-6.0.36/endorsed -Dcatalina.base=/home/mattg/.IntelliJIdea13/system/tomcat/Unnamed_77-Ignition -Dcatalina.home=/usr/local/development/dev-7-6/Ignition/Servers/apache-tomcat-6.0.36 -Djava.io.tmpdir=/usr/local/development/dev-7-6/Ignition/Servers/apache-tomcat-6.0.36/temp 
java_command: org.apache.catalina.startup.Bootstrap start
java_class_path (initial): /usr/local/development/dev-7-6/Ignition/Servers/apache-tomcat-6.0.36/bin/bootstrap.jar
Launcher Type: SUN_STANDARD

Environment Variables:
JAVA_HOME=/usr/lib/jvm/jdk1.8.0_20
CLASSPATH=/usr/local/development/dev-7-6/Ignition/Servers/apache-tomcat-6.0.36/bin/bootstrap.jar
PATH=/usr/local/sbin:/usr/local/bin:/usr/sbin:/usr/bin:/sbin:/bin:/usr/games:/usr/local/games:/usr/local/development/gradle-1.12/bin
USERNAME=mattg
LD_LIBRARY_PATH=/usr/local/development/idea-IU-135.909/bin:
SHELL=/bin/bash
DISPLAY=:0

Signal Handlers:
SIGSEGV: [libjvm.so+0xa76cd0], sa_mask[0]=11111111011111111101111111111110, sa_flags=SA_RESTART|SA_SIGINFO
SIGBUS: [libjvm.so+0xa76cd0], sa_mask[0]=11111111011111111101111111111110, sa_flags=SA_RESTART|SA_SIGINFO
SIGFPE: [libjvm.so+0x8e0d80], sa_mask[0]=11111111011111111101111111111110, sa_flags=SA_RESTART|SA_SIGINFO
SIGPIPE: [libjvm.so+0x8e0d80], sa_mask[0]=11111111011111111101111111111110, sa_flags=SA_RESTART|SA_SIGINFO
SIGXFSZ: [libjvm.so+0x8e0d80], sa_mask[0]=11111111011111111101111111111110, sa_flags=SA_RESTART|SA_SIGINFO
SIGILL: [libjvm.so+0x8e0d80], sa_mask[0]=11111111011111111101111111111110, sa_flags=SA_RESTART|SA_SIGINFO
SIGUSR1: SIG_DFL, sa_mask[0]=00000000000000000000000000000000, sa_flags=none
SIGUSR2: [libjvm.so+0x8e25b0], sa_mask[0]=00100000000000000000000000000000, sa_flags=SA_RESTART|SA_SIGINFO
SIGHUP: [libjvm.so+0x8e3970], sa_mask[0]=11111111011111111101111111111110, sa_flags=SA_RESTART|SA_SIGINFO
SIGINT: [libjvm.so+0x8e3970], sa_mask[0]=11111111011111111101111111111110, sa_flags=SA_RESTART|SA_SIGINFO
SIGTERM: [libjvm.so+0x8e3970], sa_mask[0]=11111111011111111101111111111110, sa_flags=SA_RESTART|SA_SIGINFO
SIGQUIT: [libjvm.so+0x8e3970], sa_mask[0]=11111111011111111101111111111110, sa_flags=SA_RESTART|SA_SIGINFO


---------------  S Y S T E M  ---------------

OS:DISTRIB_ID=LinuxMint
DISTRIB_RELEASE=17
DISTRIB_CODENAME=qiana
DISTRIB_DESCRIPTION="Linux Mint 17 Qiana"

uname:Linux 3.13.0-24-generic #46-Ubuntu SMP Thu Apr 10 19:11:08 UTC 2014 x86_64
libc:glibc 2.19 NPTL 2.19 
rlimit: STACK 8192k, CORE 0k, NPROC 127375, NOFILE 4096, AS infinity
load average:1.87 1.15 1.04

/proc/meminfo:
MemTotal:       16335088 kB
MemFree:         8440988 kB
Buffers:          371704 kB
Cached:          3306584 kB
SwapCached:            0 kB
Active:          5087296 kB
Inactive:        2321360 kB
Active(anon):    3757192 kB
Inactive(anon):   575632 kB
Active(file):    1330104 kB
Inactive(file):  1745728 kB
Unevictable:        1488 kB
Mlocked:            1488 kB
SwapTotal:      16676860 kB
SwapFree:       16676860 kB
Dirty:             42280 kB
Writeback:             0 kB
AnonPages:       3731732 kB
Mapped:           478388 kB
Shmem:            602448 kB
Slab:             276920 kB
SReclaimable:     228208 kB
SUnreclaim:        48712 kB
KernelStack:        6224 kB
PageTables:        49264 kB
NFS_Unstable:          0 kB
Bounce:                0 kB
WritebackTmp:          0 kB
CommitLimit:    24844404 kB
Committed_AS:    8253772 kB
VmallocTotal:   34359738367 kB
VmallocUsed:      444884 kB
VmallocChunk:   34359289148 kB
HardwareCorrupted:     0 kB
AnonHugePages:   2375680 kB
HugePages_Total:       0
HugePages_Free:        0
HugePages_Rsvd:        0
HugePages_Surp:        0
Hugepagesize:       2048 kB
DirectMap4k:       97736 kB
DirectMap2M:     2949120 kB
DirectMap1G:    13631488 kB


CPU:total 8 (4 cores per cpu, 2 threads per core) family 6 model 60 stepping 3, cmov, cx8, fxsr, mmx, sse, sse2, sse3, ssse3, sse4.1, sse4.2, popcnt, avx, avx2, aes, clmul, erms, lzcnt, ht, tsc, tscinvbit, bmi1, bmi2

/proc/cpuinfo:
processor	: 0
vendor_id	: GenuineIntel
cpu family	: 6
model		: 60
model name	: Intel(R) Core(TM) i7-4702HQ CPU @ 2.20GHz
stepping	: 3
microcode	: 0x17
cpu MHz		: 1900.000
cache size	: 6144 KB
physical id	: 0
siblings	: 8
core id		: 0
cpu cores	: 4
apicid		: 0
initial apicid	: 0
fpu		: yes
fpu_exception	: yes
cpuid level	: 13
wp		: yes
flags		: fpu vme de pse tsc msr pae mce cx8 apic sep mtrr pge mca cmov pat pse36 clflush dts acpi mmx fxsr sse sse2 ss ht tm pbe syscall nx pdpe1gb rdtscp lm constant_tsc arch_perfmon pebs bts rep_good nopl xtopology nonstop_tsc aperfmperf eagerfpu pni pclmulqdq dtes64 monitor ds_cpl vmx est tm2 ssse3 fma cx16 xtpr pdcm pcid sse4_1 sse4_2 x2apic movbe popcnt tsc_deadline_timer aes xsave avx f16c rdrand lahf_lm abm ida arat epb xsaveopt pln pts dtherm tpr_shadow vnmi flexpriority ept vpid fsgsbase tsc_adjust bmi1 avx2 smep bmi2 erms invpcid
bogomips	: 4389.87
clflush size	: 64
cache_alignment	: 64
address sizes	: 39 bits physical, 48 bits virtual
power management:

processor	: 1
vendor_id	: GenuineIntel
cpu family	: 6
model		: 60
model name	: Intel(R) Core(TM) i7-4702HQ CPU @ 2.20GHz
stepping	: 3
microcode	: 0x17
cpu MHz		: 1900.000
cache size	: 6144 KB
physical id	: 0
siblings	: 8
core id		: 1
cpu cores	: 4
apicid		: 2
initial apicid	: 2
fpu		: yes
fpu_exception	: yes
cpuid level	: 13
wp		: yes
flags		: fpu vme de pse tsc msr pae mce cx8 apic sep mtrr pge mca cmov pat pse36 clflush dts acpi mmx fxsr sse sse2 ss ht tm pbe syscall nx pdpe1gb rdtscp lm constant_tsc arch_perfmon pebs bts rep_good nopl xtopology nonstop_tsc aperfmperf eagerfpu pni pclmulqdq dtes64 monitor ds_cpl vmx est tm2 ssse3 fma cx16 xtpr pdcm pcid sse4_1 sse4_2 x2apic movbe popcnt tsc_deadline_timer aes xsave avx f16c rdrand lahf_lm abm ida arat epb xsaveopt pln pts dtherm tpr_shadow vnmi flexpriority ept vpid fsgsbase tsc_adjust bmi1 avx2 smep bmi2 erms invpcid
bogomips	: 4389.87
clflush size	: 64
cache_alignment	: 64
address sizes	: 39 bits physical, 48 bits virtual
power management:

processor	: 2
vendor_id	: GenuineIntel
cpu family	: 6
model		: 60
model name	: Intel(R) Core(TM) i7-4702HQ CPU @ 2.20GHz
stepping	: 3
microcode	: 0x17
cpu MHz		: 1200.000
cache size	: 6144 KB
physical id	: 0
siblings	: 8
core id		: 2
cpu cores	: 4
apicid		: 4
initial apicid	: 4
fpu		: yes
fpu_exception	: yes
cpuid level	: 13
wp		: yes
flags		: fpu vme de pse tsc msr pae mce cx8 apic sep mtrr pge mca cmov pat pse36 clflush dts acpi mmx fxsr sse sse2 ss ht tm pbe syscall nx pdpe1gb rdtscp lm constant_tsc arch_perfmon pebs bts rep_good nopl xtopology nonstop_tsc aperfmperf eagerfpu pni pclmulqdq dtes64 monitor ds_cpl vmx est tm2 ssse3 fma cx16 xtpr pdcm pcid sse4_1 sse4_2 x2apic movbe popcnt tsc_deadline_timer aes xsave avx f16c rdrand lahf_lm abm ida arat epb xsaveopt pln pts dtherm tpr_shadow vnmi flexpriority ept vpid fsgsbase tsc_adjust bmi1 avx2 smep bmi2 erms invpcid
bogomips	: 4389.87
clflush size	: 64
cache_alignment	: 64
address sizes	: 39 bits physical, 48 bits virtual
power management:

processor	: 3
vendor_id	: GenuineIntel
cpu family	: 6
model		: 60
model name	: Intel(R) Core(TM) i7-4702HQ CPU @ 2.20GHz
stepping	: 3
microcode	: 0x17
cpu MHz		: 2201.000
cache size	: 6144 KB
physical id	: 0
siblings	: 8
core id		: 3
cpu cores	: 4
apicid		: 6
initial apicid	: 6
fpu		: yes
fpu_exception	: yes
cpuid level	: 13
wp		: yes
flags		: fpu vme de pse tsc msr pae mce cx8 apic sep mtrr pge mca cmov pat pse36 clflush dts acpi mmx fxsr sse sse2 ss ht tm pbe syscall nx pdpe1gb rdtscp lm constant_tsc arch_perfmon pebs bts rep_good nopl xtopology nonstop_tsc aperfmperf eagerfpu pni pclmulqdq dtes64 monitor ds_cpl vmx est tm2 ssse3 fma cx16 xtpr pdcm pcid sse4_1 sse4_2 x2apic movbe popcnt tsc_deadline_timer aes xsave avx f16c rdrand lahf_lm abm ida arat epb xsaveopt pln pts dtherm tpr_shadow vnmi flexpriority ept vpid fsgsbase tsc_adjust bmi1 avx2 smep bmi2 erms invpcid
bogomips	: 4389.87
clflush size	: 64
cache_alignment	: 64
address sizes	: 39 bits physical, 48 bits virtual
power management:

processor	: 4
vendor_id	: GenuineIntel
cpu family	: 6
model		: 60
model name	: Intel(R) Core(TM) i7-4702HQ CPU @ 2.20GHz
stepping	: 3
microcode	: 0x17
cpu MHz		: 2000.000
cache size	: 6144 KB
physical id	: 0
siblings	: 8
core id		: 0
cpu cores	: 4
apicid		: 1
initial apicid	: 1
fpu		: yes
fpu_exception	: yes
cpuid level	: 13
wp		: yes
flags		: fpu vme de pse tsc msr pae mce cx8 apic sep mtrr pge mca cmov pat pse36 clflush dts acpi mmx fxsr sse sse2 ss ht tm pbe syscall nx pdpe1gb rdtscp lm constant_tsc arch_perfmon pebs bts rep_good nopl xtopology nonstop_tsc aperfmperf eagerfpu pni pclmulqdq dtes64 monitor ds_cpl vmx est tm2 ssse3 fma cx16 xtpr pdcm pcid sse4_1 sse4_2 x2apic movbe popcnt tsc_deadline_timer aes xsave avx f16c rdrand lahf_lm abm ida arat epb xsaveopt pln pts dtherm tpr_shadow vnmi flexpriority ept vpid fsgsbase tsc_adjust bmi1 avx2 smep bmi2 erms invpcid
bogomips	: 4389.87
clflush size	: 64
cache_alignment	: 64
address sizes	: 39 bits physical, 48 bits virtual
power management:

processor	: 5
vendor_id	: GenuineIntel
cpu family	: 6
model		: 60
model name	: Intel(R) Core(TM) i7-4702HQ CPU @ 2.20GHz
stepping	: 3
microcode	: 0x17
cpu MHz		: 800.000
cache size	: 6144 KB
physical id	: 0
siblings	: 8
core id		: 1
cpu cores	: 4
apicid		: 3
initial apicid	: 3
fpu		: yes
fpu_exception	: yes
cpuid level	: 13
wp		: yes
flags		: fpu vme de pse tsc msr pae mce cx8 apic sep mtrr pge mca cmov pat pse36 clflush dts acpi mmx fxsr sse sse2 ss ht tm pbe syscall nx pdpe1gb rdtscp lm constant_tsc arch_perfmon pebs bts rep_good nopl xtopology nonstop_tsc aperfmperf eagerfpu pni pclmulqdq dtes64 monitor ds_cpl vmx est tm2 ssse3 fma cx16 xtpr pdcm pcid sse4_1 sse4_2 x2apic movbe popcnt tsc_deadline_timer aes xsave avx f16c rdrand lahf_lm abm ida arat epb xsaveopt pln pts dtherm tpr_shadow vnmi flexpriority ept vpid fsgsbase tsc_adjust bmi1 avx2 smep bmi2 erms invpcid
bogomips	: 4389.87
clflush size	: 64
cache_alignment	: 64
address sizes	: 39 bits physical, 48 bits virtual
power management:

processor	: 6
vendor_id	: GenuineIntel
cpu family	: 6
model		: 60
model name	: Intel(R) Core(TM) i7-4702HQ CPU @ 2.20GHz
stepping	: 3
microcode	: 0x17
cpu MHz		: 1900.000
cache size	: 6144 KB
physical id	: 0
siblings	: 8
core id		: 2
cpu cores	: 4
apicid		: 5
initial apicid	: 5
fpu		: yes
fpu_exception	: yes
cpuid level	: 13
wp		: yes
flags		: fpu vme de pse tsc msr pae mce cx8 apic sep mtrr pge mca cmov pat pse36 clflush dts acpi mmx fxsr sse sse2 ss ht tm pbe syscall nx pdpe1gb rdtscp lm constant_tsc arch_perfmon pebs bts rep_good nopl xtopology nonstop_tsc aperfmperf eagerfpu pni pclmulqdq dtes64 monitor ds_cpl vmx est tm2 ssse3 fma cx16 xtpr pdcm pcid sse4_1 sse4_2 x2apic movbe popcnt tsc_deadline_timer aes xsave avx f16c rdrand lahf_lm abm ida arat epb xsaveopt pln pts dtherm tpr_shadow vnmi flexpriority ept vpid fsgsbase tsc_adjust bmi1 avx2 smep bmi2 erms invpcid
bogomips	: 4389.87
clflush size	: 64
cache_alignment	: 64
address sizes	: 39 bits physical, 48 bits virtual
power management:

processor	: 7
vendor_id	: GenuineIntel
cpu family	: 6
model		: 60
model name	: Intel(R) Core(TM) i7-4702HQ CPU @ 2.20GHz
stepping	: 3
microcode	: 0x17
cpu MHz		: 800.000
cache size	: 6144 KB
physical id	: 0
siblings	: 8
core id		: 3
cpu cores	: 4
apicid		: 7
initial apicid	: 7
fpu		: yes
fpu_exception	: yes
cpuid level	: 13
wp		: yes
flags		: fpu vme de pse tsc msr pae mce cx8 apic sep mtrr pge mca cmov pat pse36 clflush dts acpi mmx fxsr sse sse2 ss ht tm pbe syscall nx pdpe1gb rdtscp lm constant_tsc arch_perfmon pebs bts rep_good nopl xtopology nonstop_tsc aperfmperf eagerfpu pni pclmulqdq dtes64 monitor ds_cpl vmx est tm2 ssse3 fma cx16 xtpr pdcm pcid sse4_1 sse4_2 x2apic movbe popcnt tsc_deadline_timer aes xsave avx f16c rdrand lahf_lm abm ida arat epb xsaveopt pln pts dtherm tpr_shadow vnmi flexpriority ept vpid fsgsbase tsc_adjust bmi1 avx2 smep bmi2 erms invpcid
bogomips	: 4389.87
clflush size	: 64
cache_alignment	: 64
address sizes	: 39 bits physical, 48 bits virtual
power management:



Memory: 4k page, physical 16335088k(8440988k free), swap 16676860k(16676860k free)

vm_info: Java HotSpot(TM) 64-Bit Server VM (25.20-b17) for linux-amd64 JRE (1.8.0_20-ea-b17), built on Jun  4 2014 00:04:06 by "java_re" with gcc 4.3.0 20080428 (Red Hat 4.3.0-8)

time: Tue Nov 18 11:27:07 2014
elapsed time: 83 seconds (0d 0h 1m 23s)

