Performance Statistics   2014-07-22 07:34:00 - 2014-07-22 07:35:00
Tag                                                  Avg(ms)         Min         Max     Std Dev       Count
AUTHENTICATE                                             3.0           3           3         0.0           1
CREATE_TICKET_GRANTING_TICKET                            9.0           9           9         0.0           1

Performance Statistics   2014-07-22 07:35:00 - 2014-07-22 07:36:00
Tag                                                  Avg(ms)         Min         Max     Std Dev       Count
AUTHENTICATE                                             0.0           0           0         0.0           1
CREATE_TICKET_GRANTING_TICKET                            0.0           0           0         0.0           1
GRANT_SERVICE_TICKET                                     1.0           1           1         0.0           1

Performance Statistics   2014-07-22 07:36:00 - 2014-07-22 07:37:00
Tag                                                  Avg(ms)         Min         Max     Std Dev       Count

Performance Statistics   2014-07-22 07:37:00 - 2014-07-22 07:38:00
Tag                                                  Avg(ms)         Min         Max     Std Dev       Count

Performance Statistics   2014-07-22 07:38:00 - 2014-07-22 07:39:00
Tag                                                  Avg(ms)         Min         Max     Std Dev       Count

Performance Statistics   2014-07-22 07:39:00 - 2014-07-22 07:40:00
Tag                                                  Avg(ms)         Min         Max     Std Dev       Count

Performance Statistics   2014-07-22 07:42:00 - 2014-07-22 07:43:00
Tag                                                  Avg(ms)         Min         Max     Std Dev       Count
AUTHENTICATE                                             3.0           3           3         0.0           1
CREATE_TICKET_GRANTING_TICKET                            9.0           9           9         0.0           1
GRANT_SERVICE_TICKET                                     1.0           1           1         0.0           1

Performance Statistics   2014-07-22 07:43:00 - 2014-07-22 07:44:00
Tag                                                  Avg(ms)         Min         Max     Std Dev       Count
AUTHENTICATE                                             0.0           0           0         0.0           1
CREATE_TICKET_GRANTING_TICKET                            1.0           1           1         0.0           1
GRANT_SERVICE_TICKET                                     0.0           0           0         0.0           1

Performance Statistics   2014-07-22 07:44:00 - 2014-07-22 07:45:00
Tag                                                  Avg(ms)         Min         Max     Std Dev       Count

Performance Statistics   2014-07-22 07:45:00 - 2014-07-22 07:46:00
Tag                                                  Avg(ms)         Min         Max     Std Dev       Count

Performance Statistics   2014-07-22 07:46:00 - 2014-07-22 07:47:00
Tag                                                  Avg(ms)         Min         Max     Std Dev       Count

Performance Statistics   2014-07-22 07:47:00 - 2014-07-22 07:48:00
Tag                                                  Avg(ms)         Min         Max     Std Dev       Count

Performance Statistics   2014-07-22 07:56:00 - 2014-07-22 07:57:00
Tag                                                  Avg(ms)         Min         Max     Std Dev       Count
AUTHENTICATE                                             3.0           3           3         0.0           1
CREATE_TICKET_GRANTING_TICKET                            8.0           8           8         0.0           1
GRANT_SERVICE_TICKET                                     0.0           0           0         0.0           1

Performance Statistics   2014-07-22 07:57:00 - 2014-07-22 07:58:00
Tag                                                  Avg(ms)         Min         Max     Std Dev       Count

Performance Statistics   2014-07-22 07:58:00 - 2014-07-22 07:59:00
Tag                                                  Avg(ms)         Min         Max     Std Dev       Count

Performance Statistics   2014-07-22 07:59:00 - 2014-07-22 08:00:00
Tag                                                  Avg(ms)         Min         Max     Std Dev       Count

Performance Statistics   2014-07-22 08:00:00 - 2014-07-22 08:01:00
Tag                                                  Avg(ms)         Min         Max     Std Dev       Count

Performance Statistics   2014-07-22 08:01:00 - 2014-07-22 08:02:00
Tag                                                  Avg(ms)         Min         Max     Std Dev       Count

Performance Statistics   2014-07-22 08:02:00 - 2014-07-22 08:03:00
Tag                                                  Avg(ms)         Min         Max     Std Dev       Count

Performance Statistics   2014-07-22 08:03:00 - 2014-07-22 08:04:00
Tag                                                  Avg(ms)         Min         Max     Std Dev       Count

Performance Statistics   2014-07-22 08:05:00 - 2014-07-22 08:06:00
Tag                                                  Avg(ms)         Min         Max     Std Dev       Count
AUTHENTICATE                                             2.0           2           2         0.0           1
CREATE_TICKET_GRANTING_TICKET                            6.0           6           6         0.0           1
GRANT_SERVICE_TICKET                                     1.0           1           1         0.0           1

Performance Statistics   2014-07-22 08:08:00 - 2014-07-22 08:09:00
Tag                                                  Avg(ms)         Min         Max     Std Dev       Count
AUTHENTICATE                                             3.0           3           3         0.0           1
CREATE_TICKET_GRANTING_TICKET                            9.0           9           9         0.0           1
GRANT_SERVICE_TICKET                                     1.0           1           1         0.0           1

Performance Statistics   2014-07-22 08:09:00 - 2014-07-22 08:10:00
Tag                                                  Avg(ms)         Min         Max     Std Dev       Count

Performance Statistics   2014-07-22 08:10:00 - 2014-07-22 08:11:00
Tag                                                  Avg(ms)         Min         Max     Std Dev       Count

Performance Statistics   2014-07-22 08:14:00 - 2014-07-22 08:15:00
Tag                                                  Avg(ms)         Min         Max     Std Dev       Count
AUTHENTICATE                                             3.0           3           3         0.0           1
CREATE_TICKET_GRANTING_TICKET                            7.0           7           7         0.0           1
GRANT_SERVICE_TICKET                                     1.0           1           1         0.0           1

Performance Statistics   2014-07-22 08:25:00 - 2014-07-22 08:26:00
Tag                                                  Avg(ms)         Min         Max     Std Dev       Count
AUTHENTICATE                                             3.0           3           3         0.0           1
CREATE_TICKET_GRANTING_TICKET                            9.0           9           9         0.0           1
GRANT_SERVICE_TICKET                                     1.0           1           1         0.0           1

Performance Statistics   2014-07-22 08:26:00 - 2014-07-22 08:27:00
Tag                                                  Avg(ms)         Min         Max     Std Dev       Count

Performance Statistics   2014-07-22 08:27:00 - 2014-07-22 08:28:00
Tag                                                  Avg(ms)         Min         Max     Std Dev       Count

Performance Statistics   2014-07-22 08:28:00 - 2014-07-22 08:29:00
Tag                                                  Avg(ms)         Min         Max     Std Dev       Count

Performance Statistics   2014-07-22 08:29:00 - 2014-07-22 08:30:00
Tag                                                  Avg(ms)         Min         Max     Std Dev       Count

Performance Statistics   2014-07-22 08:30:00 - 2014-07-22 08:31:00
Tag                                                  Avg(ms)         Min         Max     Std Dev       Count

Performance Statistics   2014-07-22 08:31:00 - 2014-07-22 08:32:00
Tag                                                  Avg(ms)         Min         Max     Std Dev       Count

Performance Statistics   2014-07-22 08:32:00 - 2014-07-22 08:33:00
Tag                                                  Avg(ms)         Min         Max     Std Dev       Count

Performance Statistics   2014-07-22 08:33:00 - 2014-07-22 08:34:00
Tag                                                  Avg(ms)         Min         Max     Std Dev       Count

Performance Statistics   2014-07-22 08:34:00 - 2014-07-22 08:35:00
Tag                                                  Avg(ms)         Min         Max     Std Dev       Count

Performance Statistics   2014-07-22 08:35:00 - 2014-07-22 08:36:00
Tag                                                  Avg(ms)         Min         Max     Std Dev       Count

Performance Statistics   2014-07-22 08:36:00 - 2014-07-22 08:37:00
Tag                                                  Avg(ms)         Min         Max     Std Dev       Count

Performance Statistics   2014-07-22 08:37:00 - 2014-07-22 08:38:00
Tag                                                  Avg(ms)         Min         Max     Std Dev       Count

Performance Statistics   2014-07-22 08:38:00 - 2014-07-22 08:39:00
Tag                                                  Avg(ms)         Min         Max     Std Dev       Count

Performance Statistics   2014-07-22 08:39:00 - 2014-07-22 08:40:00
Tag                                                  Avg(ms)         Min         Max     Std Dev       Count

Performance Statistics   2014-07-22 08:40:00 - 2014-07-22 08:41:00
Tag                                                  Avg(ms)         Min         Max     Std Dev       Count

Performance Statistics   2014-07-22 08:41:00 - 2014-07-22 08:42:00
Tag                                                  Avg(ms)         Min         Max     Std Dev       Count

Performance Statistics   2014-07-22 08:42:00 - 2014-07-22 08:43:00
Tag                                                  Avg(ms)         Min         Max     Std Dev       Count

Performance Statistics   2014-07-22 08:43:00 - 2014-07-22 08:44:00
Tag                                                  Avg(ms)         Min         Max     Std Dev       Count

Performance Statistics   2014-07-22 08:44:00 - 2014-07-22 08:45:00
Tag                                                  Avg(ms)         Min         Max     Std Dev       Count

Performance Statistics   2014-07-22 08:45:00 - 2014-07-22 08:46:00
Tag                                                  Avg(ms)         Min         Max     Std Dev       Count

Performance Statistics   2014-07-22 08:46:00 - 2014-07-22 08:47:00
Tag                                                  Avg(ms)         Min         Max     Std Dev       Count

Performance Statistics   2014-07-22 08:47:00 - 2014-07-22 08:48:00
Tag                                                  Avg(ms)         Min         Max     Std Dev       Count

Performance Statistics   2014-07-22 08:48:00 - 2014-07-22 08:49:00
Tag                                                  Avg(ms)         Min         Max     Std Dev       Count

Performance Statistics   2014-07-22 08:49:00 - 2014-07-22 08:50:00
Tag                                                  Avg(ms)         Min         Max     Std Dev       Count

Performance Statistics   2014-07-22 08:50:00 - 2014-07-22 08:51:00
Tag                                                  Avg(ms)         Min         Max     Std Dev       Count

Performance Statistics   2014-07-22 08:52:00 - 2014-07-22 08:53:00
Tag                                                  Avg(ms)         Min         Max     Std Dev       Count
AUTHENTICATE                                             3.0           3           3         0.0           1
CREATE_TICKET_GRANTING_TICKET                           10.0          10          10         0.0           1
GRANT_SERVICE_TICKET                                     1.0           1           1         0.0           1

Performance Statistics   2014-07-22 08:56:00 - 2014-07-22 08:57:00
Tag                                                  Avg(ms)         Min         Max     Std Dev       Count
AUTHENTICATE                                             3.0           3           3         0.0           1
CREATE_TICKET_GRANTING_TICKET                            9.0           9           9         0.0           1
GRANT_SERVICE_TICKET                                     1.0           1           1         0.0           1

Performance Statistics   2014-07-22 08:57:00 - 2014-07-22 08:58:00
Tag                                                  Avg(ms)         Min         Max     Std Dev       Count

Performance Statistics   2014-07-22 08:58:00 - 2014-07-22 08:59:00
Tag                                                  Avg(ms)         Min         Max     Std Dev       Count

Performance Statistics   2014-07-22 08:59:00 - 2014-07-22 09:00:00
Tag                                                  Avg(ms)         Min         Max     Std Dev       Count

Performance Statistics   2014-07-22 09:00:00 - 2014-07-22 09:01:00
Tag                                                  Avg(ms)         Min         Max     Std Dev       Count

Performance Statistics   2014-07-22 09:01:00 - 2014-07-22 09:02:00
Tag                                                  Avg(ms)         Min         Max     Std Dev       Count

Performance Statistics   2014-07-22 09:02:00 - 2014-07-22 09:03:00
Tag                                                  Avg(ms)         Min         Max     Std Dev       Count

Performance Statistics   2014-07-22 09:05:00 - 2014-07-22 09:06:00
Tag                                                  Avg(ms)         Min         Max     Std Dev       Count

Performance Statistics   2014-07-22 09:06:00 - 2014-07-22 09:07:00
Tag                                                  Avg(ms)         Min         Max     Std Dev       Count
AUTHENTICATE                                             3.0           3           3         0.0           1
CREATE_TICKET_GRANTING_TICKET                           10.0          10          10         0.0           1
GRANT_SERVICE_TICKET                                     1.0           1           1         0.0           1

Performance Statistics   2014-07-22 09:07:00 - 2014-07-22 09:08:00
Tag                                                  Avg(ms)         Min         Max     Std Dev       Count
AUTHENTICATE                                             0.0           0           0         0.0           1
CREATE_TICKET_GRANTING_TICKET                            0.0           0           0         0.0           1
GRANT_SERVICE_TICKET                                     0.0           0           0         0.0           1

Performance Statistics   2014-07-22 09:09:00 - 2014-07-22 09:10:00
Tag                                                  Avg(ms)         Min         Max     Std Dev       Count
AUTHENTICATE                                             4.0           4           4         0.0           1
CREATE_TICKET_GRANTING_TICKET                           11.0          11          11         0.0           1
GRANT_SERVICE_TICKET                                     1.0           1           1         0.0           1

Performance Statistics   2014-07-22 09:11:00 - 2014-07-22 09:12:00
Tag                                                  Avg(ms)         Min         Max     Std Dev       Count
AUTHENTICATE                                             0.0           0           0         0.0           1
CREATE_TICKET_GRANTING_TICKET                            0.0           0           0         0.0           1
GRANT_SERVICE_TICKET                                     0.0           0           0         0.0           1

Performance Statistics   2014-07-22 09:13:00 - 2014-07-22 09:14:00
Tag                                                  Avg(ms)         Min         Max     Std Dev       Count
AUTHENTICATE                                             6.0           6           6         0.0           1
CREATE_TICKET_GRANTING_TICKET                           15.0          15          15         0.0           1
GRANT_SERVICE_TICKET                                     1.0           1           1         0.0           1

Performance Statistics   2014-07-22 09:14:00 - 2014-07-22 09:15:00
Tag                                                  Avg(ms)         Min         Max     Std Dev       Count
AUTHENTICATE                                             4.0           4           4         0.0           1
CREATE_TICKET_GRANTING_TICKET                           11.0          11          11         0.0           1
GRANT_SERVICE_TICKET                                    11.0          11          11         0.0           1

Performance Statistics   2014-07-22 09:17:00 - 2014-07-22 09:18:00
Tag                                                  Avg(ms)         Min         Max     Std Dev       Count

Performance Statistics   2014-07-22 09:18:00 - 2014-07-22 09:19:00
Tag                                                  Avg(ms)         Min         Max     Std Dev       Count

Performance Statistics   2014-07-22 09:19:00 - 2014-07-22 09:20:00
Tag                                                  Avg(ms)         Min         Max     Std Dev       Count

Performance Statistics   2014-07-22 09:20:00 - 2014-07-22 09:21:00
Tag                                                  Avg(ms)         Min         Max     Std Dev       Count

Performance Statistics   2014-07-22 09:21:00 - 2014-07-22 09:22:00
Tag                                                  Avg(ms)         Min         Max     Std Dev       Count

Performance Statistics   2014-07-22 09:22:00 - 2014-07-22 09:23:00
Tag                                                  Avg(ms)         Min         Max     Std Dev       Count
AUTHENTICATE                                             3.0           3           3         0.0           1
CREATE_TICKET_GRANTING_TICKET                           11.0          11          11         0.0           1
GRANT_SERVICE_TICKET                                     2.0           2           2         0.0           1

Performance Statistics   2014-07-22 09:24:00 - 2014-07-22 09:25:00
Tag                                                  Avg(ms)         Min         Max     Std Dev       Count

Performance Statistics   2014-07-22 09:25:00 - 2014-07-22 09:26:00
Tag                                                  Avg(ms)         Min         Max     Std Dev       Count

Performance Statistics   2014-07-22 09:26:00 - 2014-07-22 09:27:00
Tag                                                  Avg(ms)         Min         Max     Std Dev       Count

Performance Statistics   2014-07-22 09:27:00 - 2014-07-22 09:28:00
Tag                                                  Avg(ms)         Min         Max     Std Dev       Count

Performance Statistics   2014-07-22 09:28:00 - 2014-07-22 09:29:00
Tag                                                  Avg(ms)         Min         Max     Std Dev       Count

Performance Statistics   2014-07-22 09:29:00 - 2014-07-22 09:30:00
Tag                                                  Avg(ms)         Min         Max     Std Dev       Count

Performance Statistics   2014-07-22 09:30:00 - 2014-07-22 09:31:00
Tag                                                  Avg(ms)         Min         Max     Std Dev       Count

Performance Statistics   2014-07-22 09:31:00 - 2014-07-22 09:32:00
Tag                                                  Avg(ms)         Min         Max     Std Dev       Count

Performance Statistics   2014-07-22 09:32:00 - 2014-07-22 09:33:00
Tag                                                  Avg(ms)         Min         Max     Std Dev       Count

Performance Statistics   2014-07-22 09:33:00 - 2014-07-22 09:34:00
Tag                                                  Avg(ms)         Min         Max     Std Dev       Count

Performance Statistics   2014-07-22 09:36:00 - 2014-07-22 09:37:00
Tag                                                  Avg(ms)         Min         Max     Std Dev       Count

Performance Statistics   2014-07-22 09:37:00 - 2014-07-22 09:38:00
Tag                                                  Avg(ms)         Min         Max     Std Dev       Count

Performance Statistics   2014-07-22 09:38:00 - 2014-07-22 09:39:00
Tag                                                  Avg(ms)         Min         Max     Std Dev       Count

Performance Statistics   2014-07-22 09:39:00 - 2014-07-22 09:40:00
Tag                                                  Avg(ms)         Min         Max     Std Dev       Count

Performance Statistics   2014-07-22 09:40:00 - 2014-07-22 09:41:00
Tag                                                  Avg(ms)         Min         Max     Std Dev       Count

Performance Statistics   2014-07-22 09:41:00 - 2014-07-22 09:42:00
Tag                                                  Avg(ms)         Min         Max     Std Dev       Count

Performance Statistics   2014-07-22 09:42:00 - 2014-07-22 09:43:00
Tag                                                  Avg(ms)         Min         Max     Std Dev       Count

Performance Statistics   2014-07-22 09:43:00 - 2014-07-22 09:44:00
Tag                                                  Avg(ms)         Min         Max     Std Dev       Count

Performance Statistics   2014-07-22 09:44:00 - 2014-07-22 09:45:00
Tag                                                  Avg(ms)         Min         Max     Std Dev       Count

Performance Statistics   2014-07-22 09:45:00 - 2014-07-22 09:46:00
Tag                                                  Avg(ms)         Min         Max     Std Dev       Count

Performance Statistics   2014-07-22 09:46:00 - 2014-07-22 09:47:00
Tag                                                  Avg(ms)         Min         Max     Std Dev       Count

Performance Statistics   2014-07-22 09:47:00 - 2014-07-22 09:48:00
Tag                                                  Avg(ms)         Min         Max     Std Dev       Count

Performance Statistics   2014-07-22 09:48:00 - 2014-07-22 09:49:00
Tag                                                  Avg(ms)         Min         Max     Std Dev       Count

Performance Statistics   2014-07-22 09:49:00 - 2014-07-22 09:50:00
Tag                                                  Avg(ms)         Min         Max     Std Dev       Count

Performance Statistics   2014-07-22 09:50:00 - 2014-07-22 09:51:00
Tag                                                  Avg(ms)         Min         Max     Std Dev       Count

Performance Statistics   2014-07-22 09:51:00 - 2014-07-22 09:52:00
Tag                                                  Avg(ms)         Min         Max     Std Dev       Count

Performance Statistics   2014-07-22 09:52:00 - 2014-07-22 09:53:00
Tag                                                  Avg(ms)         Min         Max     Std Dev       Count

Performance Statistics   2014-07-22 09:53:00 - 2014-07-22 09:54:00
Tag                                                  Avg(ms)         Min         Max     Std Dev       Count

